<?xml version="1.0" encoding="UTF-8"?>
<testsuite name="TestApplication" tests="1" skipped="0" failures="0" errors="0" timestamp="2022-10-30T08:50:51" hostname="Vickys-MacBook-Pro.local" time="0.599">
  <properties/>
  <testcase name="checkBoardingPass()" classname="TestApplication" time="0.599"/>
  <system-out><![CDATA[

---------------------------------------------------------------------------------------------------------------
scanning passport with passport id: 67GJED9UT
searching for ticket in fast bag drop database..............
Ticket found for Caleb Michael and Flight LH2121
----searching flight seat for Caleb Michael---------
Found a seat with ID 12A
Below details were found in database
------------------------------------------
Name: Caleb Michael
Flight ID: LH2121
Source: FRA
Destination: HKG
Gate No: A05
Boarding time: 22:00
Ticket ID: 5w216xa2mmcgwtg
Booking Class: P
------------------------------------------

Proceed with check-in for flight LH2121 ?
Type YES to CHECK-IN or NO to cancel CHECK-IN
Caleb Michael is deciding whether to check-in or to go back home and sleep............
YES CHECK-IN
Checking you in...............
baggage is on conveyor belt-------
---------baggage detected by sensor------------- 
Baggage weighs: 21.58 kg
Seat with ID: 12A has been reserved for you!

BOARDING PASS FOR CALEB MICHAEL
-----------------------------------------------------------------------------
LUFTHANSA                      5w216xa2mmcgwtg /  Caleb Michael
Caleb Michael                                     /  5w216xa2mmcgwtg
FRA   LH2121   P  30.Oct                       /  FRA
HKG                                            /  HKG
SEAT ID: 12A                                   /  LH2121 P 30.Oct
SEQ: 1                                      / GATE: A05   22:00
MAX 1  HANDLUGGAGE/ LUGGAGE
-----------------------------------------------------------------------------
printing AC DC Concert voucher for Caleb Michael

---------------------------------------------------------------------------------------------------------------
scanning passport with passport id: 5CJ4Q2B83
searching for ticket in fast bag drop database..............
Ticket found for Jean Jackson and Flight LH2121
----searching flight seat for Jean Jackson---------
Found a seat with ID 12C
Below details were found in database
------------------------------------------
Name: Jean Jackson
Flight ID: LH2121
Source: FRA
Destination: HKG
Gate No: A05
Boarding time: 22:00
Ticket ID: jn7gfq68upqrx05
Booking Class: P
------------------------------------------

Proceed with check-in for flight LH2121 ?
Type YES to CHECK-IN or NO to cancel CHECK-IN
Jean Jackson is deciding whether to check-in or to go back home and sleep............
YES CHECK-IN
Checking you in...............
baggage is on conveyor belt-------
---------baggage detected by sensor------------- 
Baggage weighs: 21.58 kg
baggage is on conveyor belt-------
---------baggage detected by sensor------------- 
Baggage weighs: 20.43 kg
Seat with ID: 12C has been reserved for you!

BOARDING PASS FOR JEAN JACKSON
-----------------------------------------------------------------------------
LUFTHANSA                      jn7gfq68upqrx05 /  Jean Jackson
Jean Jackson                                     /  jn7gfq68upqrx05
FRA   LH2121   P  30.Oct                       /  FRA
HKG                                            /  HKG
SEAT ID: 12C                                   /  LH2121 P 30.Oct
SEQ: 2                                      / GATE: A05   22:00
MAX 1  HANDLUGGAGE/ LUGGAGE
-----------------------------------------------------------------------------
printing AC DC Concert voucher for Jean Jackson

---------------------------------------------------------------------------------------------------------------
scanning passport with passport id: UB5RYEP9Q
searching for ticket in fast bag drop database..............
Ticket found for Chelsea Sims and Flight LH2121
----searching flight seat for Chelsea Sims---------
Found a seat with ID 12D
Below details were found in database
------------------------------------------
Name: Chelsea Sims
Flight ID: LH2121
Source: FRA
Destination: HKG
Gate No: A05
Boarding time: 22:00
Ticket ID: p4m1yanloes9tsz
Booking Class: P
------------------------------------------

Proceed with check-in for flight LH2121 ?
Type YES to CHECK-IN or NO to cancel CHECK-IN
Chelsea Sims is deciding whether to check-in or to go back home and sleep............
YES CHECK-IN
Checking you in...............
baggage is on conveyor belt-------
---------baggage detected by sensor------------- 
Baggage weighs: 21.58 kg
baggage is on conveyor belt-------
---------baggage detected by sensor------------- 
Baggage weighs: 20.43 kg
baggage is on conveyor belt-------
---------baggage detected by sensor------------- 
Baggage weighs: 18.47 kg
Seat with ID: 12D has been reserved for you!

BOARDING PASS FOR CHELSEA SIMS
-----------------------------------------------------------------------------
LUFTHANSA                      p4m1yanloes9tsz /  Chelsea Sims
Chelsea Sims                                     /  p4m1yanloes9tsz
FRA   LH2121   P  30.Oct                       /  FRA
HKG                                            /  HKG
SEAT ID: 12D                                   /  LH2121 P 30.Oct
SEQ: 3                                      / GATE: A05   22:00
MAX 1  HANDLUGGAGE/ LUGGAGE
-----------------------------------------------------------------------------
printing AC DC Concert voucher for Chelsea Sims

---------------------------------------------------------------------------------------------------------------
scanning passport with passport id: 71YPL8H5V
searching for ticket in fast bag drop database..............
Ticket found for Shauna Ortiz and Flight LH2121
----searching flight seat for Shauna Ortiz---------
Found a seat with ID 12E
Below details were found in database
------------------------------------------
Name: Shauna Ortiz
Flight ID: LH2121
Source: FRA
Destination: HKG
Gate No: A05
Boarding time: 22:00
Ticket ID: a66nm06cwkpran1
Booking Class: P
------------------------------------------

Proceed with check-in for flight LH2121 ?
Type YES to CHECK-IN or NO to cancel CHECK-IN
Shauna Ortiz is deciding whether to check-in or to go back home and sleep............
YES CHECK-IN
Checking you in...............
baggage is on conveyor belt-------
---------baggage detected by sensor------------- 
Baggage weighs: 21.58 kg
baggage is on conveyor belt-------
---------baggage detected by sensor------------- 
Baggage weighs: 20.43 kg
baggage is on conveyor belt-------
---------baggage detected by sensor------------- 
Baggage weighs: 18.47 kg
baggage is on conveyor belt-------
---------baggage detected by sensor------------- 
Baggage weighs: 17.86 kg
baggage is on conveyor belt-------
---------baggage detected by sensor------------- 
Baggage weighs: 18.65 kg
Seat with ID: 12E has been reserved for you!

BOARDING PASS FOR SHAUNA ORTIZ
-----------------------------------------------------------------------------
LUFTHANSA                      a66nm06cwkpran1 /  Shauna Ortiz
Shauna Ortiz                                     /  a66nm06cwkpran1
FRA   LH2121   P  30.Oct                       /  FRA
HKG                                            /  HKG
SEAT ID: 12E                                   /  LH2121 P 30.Oct
SEQ: 4                                      / GATE: A05   22:00
MAX 2  HANDLUGGAGE/ LUGGAGE
-----------------------------------------------------------------------------
printing AC DC Concert voucher for Shauna Ortiz

---------------------------------------------------------------------------------------------------------------
scanning passport with passport id: 7OYEP2K8Z
searching for ticket in fast bag drop database..............
Ticket found for Nancy Sherman and Flight LH2121
----searching flight seat for Nancy Sherman---------
Found a seat with ID 12G
Below details were found in database
------------------------------------------
Name: Nancy Sherman
Flight ID: LH2121
Source: FRA
Destination: HKG
Gate No: A05
Boarding time: 22:00
Ticket ID: ccjwf639o4twzc0
Booking Class: P
------------------------------------------

Proceed with check-in for flight LH2121 ?
Type YES to CHECK-IN or NO to cancel CHECK-IN
Nancy Sherman is deciding whether to check-in or to go back home and sleep............
YES CHECK-IN
Checking you in...............
baggage is on conveyor belt-------
---------baggage detected by sensor------------- 
Baggage weighs: 21.58 kg
baggage is on conveyor belt-------
---------baggage detected by sensor------------- 
Baggage weighs: 20.43 kg
baggage is on conveyor belt-------
---------baggage detected by sensor------------- 
Baggage weighs: 18.47 kg
baggage is on conveyor belt-------
---------baggage detected by sensor------------- 
Baggage weighs: 17.86 kg
baggage is on conveyor belt-------
---------baggage detected by sensor------------- 
Baggage weighs: 18.65 kg
baggage is on conveyor belt-------
---------baggage detected by sensor------------- 
Baggage weighs: 19.27 kg
baggage is on conveyor belt-------
---------baggage detected by sensor------------- 
Baggage weighs: 17.42 kg
Seat with ID: 12G has been reserved for you!

BOARDING PASS FOR NANCY SHERMAN
-----------------------------------------------------------------------------
LUFTHANSA                      ccjwf639o4twzc0 /  Nancy Sherman
Nancy Sherman                                     /  ccjwf639o4twzc0
FRA   LH2121   P  30.Oct                       /  FRA
HKG                                            /  HKG
SEAT ID: 12G                                   /  LH2121 P 30.Oct
SEQ: 5                                      / GATE: A05   22:00
MAX 2  HANDLUGGAGE/ LUGGAGE
-----------------------------------------------------------------------------
printing AC DC Concert voucher for Nancy Sherman

---------------------------------------------------------------------------------------------------------------
scanning passport with passport id: AAGK3CKG8
searching for ticket in fast bag drop database..............
Ticket found for Marjorie Bailey and Flight LH2121
----searching flight seat for Marjorie Bailey---------
Found a seat with ID 12H
Below details were found in database
------------------------------------------
Name: Marjorie Bailey
Flight ID: LH2121
Source: FRA
Destination: HKG
Gate No: A05
Boarding time: 22:00
Ticket ID: g942f99pbscgj3i
Booking Class: P
------------------------------------------

Proceed with check-in for flight LH2121 ?
Type YES to CHECK-IN or NO to cancel CHECK-IN
Marjorie Bailey is deciding whether to check-in or to go back home and sleep............
YES CHECK-IN
Checking you in...............
baggage is on conveyor belt-------
---------baggage detected by sensor------------- 
Baggage weighs: 21.58 kg
baggage is on conveyor belt-------
---------baggage detected by sensor------------- 
Baggage weighs: 20.43 kg
baggage is on conveyor belt-------
---------baggage detected by sensor------------- 
Baggage weighs: 18.47 kg
baggage is on conveyor belt-------
---------baggage detected by sensor------------- 
Baggage weighs: 17.86 kg
baggage is on conveyor belt-------
---------baggage detected by sensor------------- 
Baggage weighs: 18.65 kg
baggage is on conveyor belt-------
---------baggage detected by sensor------------- 
Baggage weighs: 19.27 kg
baggage is on conveyor belt-------
---------baggage detected by sensor------------- 
Baggage weighs: 17.42 kg
baggage is on conveyor belt-------
---------baggage detected by sensor------------- 
Baggage weighs: 19.16 kg
Seat with ID: 12H has been reserved for you!

BOARDING PASS FOR MARJORIE BAILEY
-----------------------------------------------------------------------------
LUFTHANSA                      g942f99pbscgj3i /  Marjorie Bailey
Marjorie Bailey                                     /  g942f99pbscgj3i
FRA   LH2121   P  30.Oct                       /  FRA
HKG                                            /  HKG
SEAT ID: 12H                                   /  LH2121 P 30.Oct
SEQ: 6                                      / GATE: A05   22:00
MAX 1  HANDLUGGAGE/ LUGGAGE
-----------------------------------------------------------------------------
printing AC DC Concert voucher for Marjorie Bailey

---------------------------------------------------------------------------------------------------------------
scanning passport with passport id: AJQ9D2J8J
searching for ticket in fast bag drop database..............
Ticket found for Marco Harper and Flight LH2121
----searching flight seat for Marco Harper---------
Found a seat with ID 12K
Below details were found in database
------------------------------------------
Name: Marco Harper
Flight ID: LH2121
Source: FRA
Destination: HKG
Gate No: A05
Boarding time: 22:00
Ticket ID: pny1195v2o671j6
Booking Class: P
------------------------------------------

Proceed with check-in for flight LH2121 ?
Type YES to CHECK-IN or NO to cancel CHECK-IN
Marco Harper is deciding whether to check-in or to go back home and sleep............
YES CHECK-IN
Checking you in...............
baggage is on conveyor belt-------
---------baggage detected by sensor------------- 
Baggage weighs: 21.58 kg
baggage is on conveyor belt-------
---------baggage detected by sensor------------- 
Baggage weighs: 20.43 kg
baggage is on conveyor belt-------
---------baggage detected by sensor------------- 
Baggage weighs: 18.47 kg
baggage is on conveyor belt-------
---------baggage detected by sensor------------- 
Baggage weighs: 17.86 kg
baggage is on conveyor belt-------
---------baggage detected by sensor------------- 
Baggage weighs: 18.65 kg
baggage is on conveyor belt-------
---------baggage detected by sensor------------- 
Baggage weighs: 19.27 kg
baggage is on conveyor belt-------
---------baggage detected by sensor------------- 
Baggage weighs: 17.42 kg
baggage is on conveyor belt-------
---------baggage detected by sensor------------- 
Baggage weighs: 19.16 kg
baggage is on conveyor belt-------
---------baggage detected by sensor------------- 
Baggage weighs: 19.52 kg
Seat with ID: 12K has been reserved for you!

BOARDING PASS FOR MARCO HARPER
-----------------------------------------------------------------------------
LUFTHANSA                      pny1195v2o671j6 /  Marco Harper
Marco Harper                                     /  pny1195v2o671j6
FRA   LH2121   P  30.Oct                       /  FRA
HKG                                            /  HKG
SEAT ID: 12K                                   /  LH2121 P 30.Oct
SEQ: 7                                      / GATE: A05   22:00
MAX 1  HANDLUGGAGE/ LUGGAGE
-----------------------------------------------------------------------------
printing AC DC Concert voucher for Marco Harper

---------------------------------------------------------------------------------------------------------------
scanning passport with passport id: 1SDFL0ASJ
searching for ticket in fast bag drop database..............
Ticket found for Sandra Wiggins and Flight LH2121
----searching flight seat for Sandra Wiggins---------
Found a seat with ID 14A
Below details were found in database
------------------------------------------
Name: Sandra Wiggins
Flight ID: LH2121
Source: FRA
Destination: HKG
Gate No: A05
Boarding time: 22:00
Ticket ID: ry97iva0jzi2138
Booking Class: P
------------------------------------------

Proceed with check-in for flight LH2121 ?
Type YES to CHECK-IN or NO to cancel CHECK-IN
Sandra Wiggins is deciding whether to check-in or to go back home and sleep............
YES CHECK-IN
Checking you in...............
baggage is on conveyor belt-------
---------baggage detected by sensor------------- 
Baggage weighs: 21.58 kg
baggage is on conveyor belt-------
---------baggage detected by sensor------------- 
Baggage weighs: 20.43 kg
baggage is on conveyor belt-------
---------baggage detected by sensor------------- 
Baggage weighs: 18.47 kg
baggage is on conveyor belt-------
---------baggage detected by sensor------------- 
Baggage weighs: 17.86 kg
baggage is on conveyor belt-------
---------baggage detected by sensor------------- 
Baggage weighs: 18.65 kg
baggage is on conveyor belt-------
---------baggage detected by sensor------------- 
Baggage weighs: 19.27 kg
baggage is on conveyor belt-------
---------baggage detected by sensor------------- 
Baggage weighs: 17.42 kg
baggage is on conveyor belt-------
---------baggage detected by sensor------------- 
Baggage weighs: 19.16 kg
baggage is on conveyor belt-------
---------baggage detected by sensor------------- 
Baggage weighs: 19.52 kg
baggage is on conveyor belt-------
---------baggage detected by sensor------------- 
Baggage weighs: 17.51 kg
Seat with ID: 14A has been reserved for you!

BOARDING PASS FOR SANDRA WIGGINS
-----------------------------------------------------------------------------
LUFTHANSA                      ry97iva0jzi2138 /  Sandra Wiggins
Sandra Wiggins                                     /  ry97iva0jzi2138
FRA   LH2121   P  30.Oct                       /  FRA
HKG                                            /  HKG
SEAT ID: 14A                                   /  LH2121 P 30.Oct
SEQ: 8                                      / GATE: A05   22:00
MAX 1  HANDLUGGAGE/ LUGGAGE
-----------------------------------------------------------------------------
printing AC DC Concert voucher for Sandra Wiggins

---------------------------------------------------------------------------------------------------------------
scanning passport with passport id: LMJYG18YQ
searching for ticket in fast bag drop database..............
Ticket found for Jared Bolton and Flight LH2121
----searching flight seat for Jared Bolton---------
Found a seat with ID 14C
Below details were found in database
------------------------------------------
Name: Jared Bolton
Flight ID: LH2121
Source: FRA
Destination: HKG
Gate No: A05
Boarding time: 22:00
Ticket ID: xmsweqvcf53ow4r
Booking Class: P
------------------------------------------

Proceed with check-in for flight LH2121 ?
Type YES to CHECK-IN or NO to cancel CHECK-IN
Jared Bolton is deciding whether to check-in or to go back home and sleep............
YES CHECK-IN
Checking you in...............
baggage is on conveyor belt-------
---------baggage detected by sensor------------- 
Baggage weighs: 21.58 kg
baggage is on conveyor belt-------
---------baggage detected by sensor------------- 
Baggage weighs: 20.43 kg
baggage is on conveyor belt-------
---------baggage detected by sensor------------- 
Baggage weighs: 18.47 kg
baggage is on conveyor belt-------
---------baggage detected by sensor------------- 
Baggage weighs: 17.86 kg
baggage is on conveyor belt-------
---------baggage detected by sensor------------- 
Baggage weighs: 18.65 kg
baggage is on conveyor belt-------
---------baggage detected by sensor------------- 
Baggage weighs: 19.27 kg
baggage is on conveyor belt-------
---------baggage detected by sensor------------- 
Baggage weighs: 17.42 kg
baggage is on conveyor belt-------
---------baggage detected by sensor------------- 
Baggage weighs: 19.16 kg
baggage is on conveyor belt-------
---------baggage detected by sensor------------- 
Baggage weighs: 19.52 kg
baggage is on conveyor belt-------
---------baggage detected by sensor------------- 
Baggage weighs: 17.51 kg
baggage is on conveyor belt-------
---------baggage detected by sensor------------- 
Baggage weighs: 17.38 kg
baggage is on conveyor belt-------
---------baggage detected by sensor------------- 
Baggage weighs: 18.67 kg
Seat with ID: 14C has been reserved for you!

BOARDING PASS FOR JARED BOLTON
-----------------------------------------------------------------------------
LUFTHANSA                      xmsweqvcf53ow4r /  Jared Bolton
Jared Bolton                                     /  xmsweqvcf53ow4r
FRA   LH2121   P  30.Oct                       /  FRA
HKG                                            /  HKG
SEAT ID: 14C                                   /  LH2121 P 30.Oct
SEQ: 9                                      / GATE: A05   22:00
MAX 2  HANDLUGGAGE/ LUGGAGE
-----------------------------------------------------------------------------
printing AC DC Concert voucher for Jared Bolton

---------------------------------------------------------------------------------------------------------------
scanning passport with passport id: XV41K7L7U
searching for ticket in fast bag drop database..............
Ticket found for Gilberto Shannon and Flight LH2121
----searching flight seat for Gilberto Shannon---------
Found a seat with ID 14D
Below details were found in database
------------------------------------------
Name: Gilberto Shannon
Flight ID: LH2121
Source: FRA
Destination: HKG
Gate No: A05
Boarding time: 22:00
Ticket ID: 7ag7ahxbnpsef8i
Booking Class: P
------------------------------------------

Proceed with check-in for flight LH2121 ?
Type YES to CHECK-IN or NO to cancel CHECK-IN
Gilberto Shannon is deciding whether to check-in or to go back home and sleep............
YES CHECK-IN
Checking you in...............
baggage is on conveyor belt-------
---------baggage detected by sensor------------- 
Baggage weighs: 21.58 kg
baggage is on conveyor belt-------
---------baggage detected by sensor------------- 
Baggage weighs: 20.43 kg
baggage is on conveyor belt-------
---------baggage detected by sensor------------- 
Baggage weighs: 18.47 kg
baggage is on conveyor belt-------
---------baggage detected by sensor------------- 
Baggage weighs: 17.86 kg
baggage is on conveyor belt-------
---------baggage detected by sensor------------- 
Baggage weighs: 18.65 kg
baggage is on conveyor belt-------
---------baggage detected by sensor------------- 
Baggage weighs: 19.27 kg
baggage is on conveyor belt-------
---------baggage detected by sensor------------- 
Baggage weighs: 17.42 kg
baggage is on conveyor belt-------
---------baggage detected by sensor------------- 
Baggage weighs: 19.16 kg
baggage is on conveyor belt-------
---------baggage detected by sensor------------- 
Baggage weighs: 19.52 kg
baggage is on conveyor belt-------
---------baggage detected by sensor------------- 
Baggage weighs: 17.51 kg
baggage is on conveyor belt-------
---------baggage detected by sensor------------- 
Baggage weighs: 17.38 kg
baggage is on conveyor belt-------
---------baggage detected by sensor------------- 
Baggage weighs: 18.67 kg
baggage is on conveyor belt-------
---------baggage detected by sensor------------- 
Baggage weighs: 16.98 kg
baggage is on conveyor belt-------
---------baggage detected by sensor------------- 
Baggage weighs: 21.26 kg
Seat with ID: 14D has been reserved for you!

BOARDING PASS FOR GILBERTO SHANNON
-----------------------------------------------------------------------------
LUFTHANSA                      7ag7ahxbnpsef8i /  Gilberto Shannon
Gilberto Shannon                                     /  7ag7ahxbnpsef8i
FRA   LH2121   P  30.Oct                       /  FRA
HKG                                            /  HKG
SEAT ID: 14D                                   /  LH2121 P 30.Oct
SEQ: 10                                      / GATE: A05   22:00
MAX 2  HANDLUGGAGE/ LUGGAGE
-----------------------------------------------------------------------------
printing AC DC Concert voucher for Gilberto Shannon

---------------------------------------------------------------------------------------------------------------
scanning passport with passport id: BQTSNCF6R
searching for ticket in fast bag drop database..............
Ticket found for Hilario Mcmahon and Flight LH2121
----searching flight seat for Hilario Mcmahon---------
Found a seat with ID 14E
Below details were found in database
------------------------------------------
Name: Hilario Mcmahon
Flight ID: LH2121
Source: FRA
Destination: HKG
Gate No: A05
Boarding time: 22:00
Ticket ID: 0w2y8p6sdl8tvbt
Booking Class: P
------------------------------------------

Proceed with check-in for flight LH2121 ?
Type YES to CHECK-IN or NO to cancel CHECK-IN
Hilario Mcmahon is deciding whether to check-in or to go back home and sleep............
YES CHECK-IN
Checking you in...............
baggage is on conveyor belt-------
---------baggage detected by sensor------------- 
Baggage weighs: 21.58 kg
baggage is on conveyor belt-------
---------baggage detected by sensor------------- 
Baggage weighs: 20.43 kg
baggage is on conveyor belt-------
---------baggage detected by sensor------------- 
Baggage weighs: 18.47 kg
baggage is on conveyor belt-------
---------baggage detected by sensor------------- 
Baggage weighs: 17.86 kg
baggage is on conveyor belt-------
---------baggage detected by sensor------------- 
Baggage weighs: 18.65 kg
baggage is on conveyor belt-------
---------baggage detected by sensor------------- 
Baggage weighs: 19.27 kg
baggage is on conveyor belt-------
---------baggage detected by sensor------------- 
Baggage weighs: 17.42 kg
baggage is on conveyor belt-------
---------baggage detected by sensor------------- 
Baggage weighs: 19.16 kg
baggage is on conveyor belt-------
---------baggage detected by sensor------------- 
Baggage weighs: 19.52 kg
baggage is on conveyor belt-------
---------baggage detected by sensor------------- 
Baggage weighs: 17.51 kg
baggage is on conveyor belt-------
---------baggage detected by sensor------------- 
Baggage weighs: 17.38 kg
baggage is on conveyor belt-------
---------baggage detected by sensor------------- 
Baggage weighs: 18.67 kg
baggage is on conveyor belt-------
---------baggage detected by sensor------------- 
Baggage weighs: 16.98 kg
baggage is on conveyor belt-------
---------baggage detected by sensor------------- 
Baggage weighs: 21.26 kg
baggage is on conveyor belt-------
---------baggage detected by sensor------------- 
Baggage weighs: 18.3 kg
baggage is on conveyor belt-------
---------baggage detected by sensor------------- 
Baggage weighs: 16.81 kg
Seat with ID: 14E has been reserved for you!

BOARDING PASS FOR HILARIO MCMAHON
-----------------------------------------------------------------------------
LUFTHANSA                      0w2y8p6sdl8tvbt /  Hilario Mcmahon
Hilario Mcmahon                                     /  0w2y8p6sdl8tvbt
FRA   LH2121   P  30.Oct                       /  FRA
HKG                                            /  HKG
SEAT ID: 14E                                   /  LH2121 P 30.Oct
SEQ: 11                                      / GATE: A05   22:00
MAX 2  HANDLUGGAGE/ LUGGAGE
-----------------------------------------------------------------------------
printing AC DC Concert voucher for Hilario Mcmahon

---------------------------------------------------------------------------------------------------------------
scanning passport with passport id: 0499AYZZ7
searching for ticket in fast bag drop database..............
Ticket found for Alison Santos and Flight LH2121
----searching flight seat for Alison Santos---------
Found a seat with ID 14G
Below details were found in database
------------------------------------------
Name: Alison Santos
Flight ID: LH2121
Source: FRA
Destination: HKG
Gate No: A05
Boarding time: 22:00
Ticket ID: ugomzqj6he0brhk
Booking Class: P
------------------------------------------

Proceed with check-in for flight LH2121 ?
Type YES to CHECK-IN or NO to cancel CHECK-IN
Alison Santos is deciding whether to check-in or to go back home and sleep............
YES CHECK-IN
Checking you in...............
baggage is on conveyor belt-------
---------baggage detected by sensor------------- 
Baggage weighs: 21.58 kg
baggage is on conveyor belt-------
---------baggage detected by sensor------------- 
Baggage weighs: 20.43 kg
baggage is on conveyor belt-------
---------baggage detected by sensor------------- 
Baggage weighs: 18.47 kg
baggage is on conveyor belt-------
---------baggage detected by sensor------------- 
Baggage weighs: 17.86 kg
baggage is on conveyor belt-------
---------baggage detected by sensor------------- 
Baggage weighs: 18.65 kg
baggage is on conveyor belt-------
---------baggage detected by sensor------------- 
Baggage weighs: 19.27 kg
baggage is on conveyor belt-------
---------baggage detected by sensor------------- 
Baggage weighs: 17.42 kg
baggage is on conveyor belt-------
---------baggage detected by sensor------------- 
Baggage weighs: 19.16 kg
baggage is on conveyor belt-------
---------baggage detected by sensor------------- 
Baggage weighs: 19.52 kg
baggage is on conveyor belt-------
---------baggage detected by sensor------------- 
Baggage weighs: 17.51 kg
baggage is on conveyor belt-------
---------baggage detected by sensor------------- 
Baggage weighs: 17.38 kg
baggage is on conveyor belt-------
---------baggage detected by sensor------------- 
Baggage weighs: 18.67 kg
baggage is on conveyor belt-------
---------baggage detected by sensor------------- 
Baggage weighs: 16.98 kg
baggage is on conveyor belt-------
---------baggage detected by sensor------------- 
Baggage weighs: 21.26 kg
baggage is on conveyor belt-------
---------baggage detected by sensor------------- 
Baggage weighs: 18.3 kg
baggage is on conveyor belt-------
---------baggage detected by sensor------------- 
Baggage weighs: 16.81 kg
baggage is on conveyor belt-------
---------baggage detected by sensor------------- 
Baggage weighs: 20.91 kg
baggage is on conveyor belt-------
---------baggage detected by sensor------------- 
Baggage weighs: 21.21 kg
Seat with ID: 14G has been reserved for you!

BOARDING PASS FOR ALISON SANTOS
-----------------------------------------------------------------------------
LUFTHANSA                      ugomzqj6he0brhk /  Alison Santos
Alison Santos                                     /  ugomzqj6he0brhk
FRA   LH2121   P  30.Oct                       /  FRA
HKG                                            /  HKG
SEAT ID: 14G                                   /  LH2121 P 30.Oct
SEQ: 12                                      / GATE: A05   22:00
MAX 2  HANDLUGGAGE/ LUGGAGE
-----------------------------------------------------------------------------
printing AC DC Concert voucher for Alison Santos

---------------------------------------------------------------------------------------------------------------
scanning passport with passport id: NDPU6C39I
searching for ticket in fast bag drop database..............
Ticket found for Reed Richards and Flight LH2121
----searching flight seat for Reed Richards---------
Found a seat with ID 14H
Below details were found in database
------------------------------------------
Name: Reed Richards
Flight ID: LH2121
Source: FRA
Destination: HKG
Gate No: A05
Boarding time: 22:00
Ticket ID: kbc6pd1ps1ophj5
Booking Class: P
------------------------------------------

Proceed with check-in for flight LH2121 ?
Type YES to CHECK-IN or NO to cancel CHECK-IN
Reed Richards is deciding whether to check-in or to go back home and sleep............
YES CHECK-IN
Checking you in...............
baggage is on conveyor belt-------
---------baggage detected by sensor------------- 
Baggage weighs: 21.58 kg
baggage is on conveyor belt-------
---------baggage detected by sensor------------- 
Baggage weighs: 20.43 kg
baggage is on conveyor belt-------
---------baggage detected by sensor------------- 
Baggage weighs: 18.47 kg
baggage is on conveyor belt-------
---------baggage detected by sensor------------- 
Baggage weighs: 17.86 kg
baggage is on conveyor belt-------
---------baggage detected by sensor------------- 
Baggage weighs: 18.65 kg
baggage is on conveyor belt-------
---------baggage detected by sensor------------- 
Baggage weighs: 19.27 kg
baggage is on conveyor belt-------
---------baggage detected by sensor------------- 
Baggage weighs: 17.42 kg
baggage is on conveyor belt-------
---------baggage detected by sensor------------- 
Baggage weighs: 19.16 kg
baggage is on conveyor belt-------
---------baggage detected by sensor------------- 
Baggage weighs: 19.52 kg
baggage is on conveyor belt-------
---------baggage detected by sensor------------- 
Baggage weighs: 17.51 kg
baggage is on conveyor belt-------
---------baggage detected by sensor------------- 
Baggage weighs: 17.38 kg
baggage is on conveyor belt-------
---------baggage detected by sensor------------- 
Baggage weighs: 18.67 kg
baggage is on conveyor belt-------
---------baggage detected by sensor------------- 
Baggage weighs: 16.98 kg
baggage is on conveyor belt-------
---------baggage detected by sensor------------- 
Baggage weighs: 21.26 kg
baggage is on conveyor belt-------
---------baggage detected by sensor------------- 
Baggage weighs: 18.3 kg
baggage is on conveyor belt-------
---------baggage detected by sensor------------- 
Baggage weighs: 16.81 kg
baggage is on conveyor belt-------
---------baggage detected by sensor------------- 
Baggage weighs: 20.91 kg
baggage is on conveyor belt-------
---------baggage detected by sensor------------- 
Baggage weighs: 21.21 kg
baggage is on conveyor belt-------
---------baggage detected by sensor------------- 
Baggage weighs: 19.69 kg
baggage is on conveyor belt-------
---------baggage detected by sensor------------- 
Baggage weighs: 18.67 kg
Seat with ID: 14H has been reserved for you!

BOARDING PASS FOR REED RICHARDS
-----------------------------------------------------------------------------
LUFTHANSA                      kbc6pd1ps1ophj5 /  Reed Richards
Reed Richards                                     /  kbc6pd1ps1ophj5
FRA   LH2121   P  30.Oct                       /  FRA
HKG                                            /  HKG
SEAT ID: 14H                                   /  LH2121 P 30.Oct
SEQ: 13                                      / GATE: A05   22:00
MAX 2  HANDLUGGAGE/ LUGGAGE
-----------------------------------------------------------------------------
printing AC DC Concert voucher for Reed Richards

---------------------------------------------------------------------------------------------------------------
scanning passport with passport id: J2FR59JOW
searching for ticket in fast bag drop database..............
Ticket found for Bennie Bray and Flight LH2121
----searching flight seat for Bennie Bray---------
Found a seat with ID 14K
Below details were found in database
------------------------------------------
Name: Bennie Bray
Flight ID: LH2121
Source: FRA
Destination: HKG
Gate No: A05
Boarding time: 22:00
Ticket ID: 9m4zqfwf4bqi8tu
Booking Class: P
------------------------------------------

Proceed with check-in for flight LH2121 ?
Type YES to CHECK-IN or NO to cancel CHECK-IN
Bennie Bray is deciding whether to check-in or to go back home and sleep............
YES CHECK-IN
Checking you in...............
baggage is on conveyor belt-------
---------baggage detected by sensor------------- 
Baggage weighs: 21.58 kg
baggage is on conveyor belt-------
---------baggage detected by sensor------------- 
Baggage weighs: 20.43 kg
baggage is on conveyor belt-------
---------baggage detected by sensor------------- 
Baggage weighs: 18.47 kg
baggage is on conveyor belt-------
---------baggage detected by sensor------------- 
Baggage weighs: 17.86 kg
baggage is on conveyor belt-------
---------baggage detected by sensor------------- 
Baggage weighs: 18.65 kg
baggage is on conveyor belt-------
---------baggage detected by sensor------------- 
Baggage weighs: 19.27 kg
baggage is on conveyor belt-------
---------baggage detected by sensor------------- 
Baggage weighs: 17.42 kg
baggage is on conveyor belt-------
---------baggage detected by sensor------------- 
Baggage weighs: 19.16 kg
baggage is on conveyor belt-------
---------baggage detected by sensor------------- 
Baggage weighs: 19.52 kg
baggage is on conveyor belt-------
---------baggage detected by sensor------------- 
Baggage weighs: 17.51 kg
baggage is on conveyor belt-------
---------baggage detected by sensor------------- 
Baggage weighs: 17.38 kg
baggage is on conveyor belt-------
---------baggage detected by sensor------------- 
Baggage weighs: 18.67 kg
baggage is on conveyor belt-------
---------baggage detected by sensor------------- 
Baggage weighs: 16.98 kg
baggage is on conveyor belt-------
---------baggage detected by sensor------------- 
Baggage weighs: 21.26 kg
baggage is on conveyor belt-------
---------baggage detected by sensor------------- 
Baggage weighs: 18.3 kg
baggage is on conveyor belt-------
---------baggage detected by sensor------------- 
Baggage weighs: 16.81 kg
baggage is on conveyor belt-------
---------baggage detected by sensor------------- 
Baggage weighs: 20.91 kg
baggage is on conveyor belt-------
---------baggage detected by sensor------------- 
Baggage weighs: 21.21 kg
baggage is on conveyor belt-------
---------baggage detected by sensor------------- 
Baggage weighs: 19.69 kg
baggage is on conveyor belt-------
---------baggage detected by sensor------------- 
Baggage weighs: 18.67 kg
baggage is on conveyor belt-------
---------baggage detected by sensor------------- 
Baggage weighs: 19.12 kg
Seat with ID: 14K has been reserved for you!

BOARDING PASS FOR BENNIE BRAY
-----------------------------------------------------------------------------
LUFTHANSA                      9m4zqfwf4bqi8tu /  Bennie Bray
Bennie Bray                                     /  9m4zqfwf4bqi8tu
FRA   LH2121   P  30.Oct                       /  FRA
HKG                                            /  HKG
SEAT ID: 14K                                   /  LH2121 P 30.Oct
SEQ: 14                                      / GATE: A05   22:00
MAX 1  HANDLUGGAGE/ LUGGAGE
-----------------------------------------------------------------------------
printing AC DC Concert voucher for Bennie Bray

---------------------------------------------------------------------------------------------------------------
scanning passport with passport id: D9IMQA6G5
searching for ticket in fast bag drop database..............
Ticket found for Angelina Nicholson and Flight LH2121
----searching flight seat for Angelina Nicholson---------
Found a seat with ID 15A
Below details were found in database
------------------------------------------
Name: Angelina Nicholson
Flight ID: LH2121
Source: FRA
Destination: HKG
Gate No: A05
Boarding time: 22:00
Ticket ID: mwxhn3mx7wejs1d
Booking Class: P
------------------------------------------

Proceed with check-in for flight LH2121 ?
Type YES to CHECK-IN or NO to cancel CHECK-IN
Angelina Nicholson is deciding whether to check-in or to go back home and sleep............
YES CHECK-IN
Checking you in...............
baggage is on conveyor belt-------
---------baggage detected by sensor------------- 
Baggage weighs: 21.58 kg
baggage is on conveyor belt-------
---------baggage detected by sensor------------- 
Baggage weighs: 20.43 kg
baggage is on conveyor belt-------
---------baggage detected by sensor------------- 
Baggage weighs: 18.47 kg
baggage is on conveyor belt-------
---------baggage detected by sensor------------- 
Baggage weighs: 17.86 kg
baggage is on conveyor belt-------
---------baggage detected by sensor------------- 
Baggage weighs: 18.65 kg
baggage is on conveyor belt-------
---------baggage detected by sensor------------- 
Baggage weighs: 19.27 kg
baggage is on conveyor belt-------
---------baggage detected by sensor------------- 
Baggage weighs: 17.42 kg
baggage is on conveyor belt-------
---------baggage detected by sensor------------- 
Baggage weighs: 19.16 kg
baggage is on conveyor belt-------
---------baggage detected by sensor------------- 
Baggage weighs: 19.52 kg
baggage is on conveyor belt-------
---------baggage detected by sensor------------- 
Baggage weighs: 17.51 kg
baggage is on conveyor belt-------
---------baggage detected by sensor------------- 
Baggage weighs: 17.38 kg
baggage is on conveyor belt-------
---------baggage detected by sensor------------- 
Baggage weighs: 18.67 kg
baggage is on conveyor belt-------
---------baggage detected by sensor------------- 
Baggage weighs: 16.98 kg
baggage is on conveyor belt-------
---------baggage detected by sensor------------- 
Baggage weighs: 21.26 kg
baggage is on conveyor belt-------
---------baggage detected by sensor------------- 
Baggage weighs: 18.3 kg
baggage is on conveyor belt-------
---------baggage detected by sensor------------- 
Baggage weighs: 16.81 kg
baggage is on conveyor belt-------
---------baggage detected by sensor------------- 
Baggage weighs: 20.91 kg
baggage is on conveyor belt-------
---------baggage detected by sensor------------- 
Baggage weighs: 21.21 kg
baggage is on conveyor belt-------
---------baggage detected by sensor------------- 
Baggage weighs: 19.69 kg
baggage is on conveyor belt-------
---------baggage detected by sensor------------- 
Baggage weighs: 18.67 kg
baggage is on conveyor belt-------
---------baggage detected by sensor------------- 
Baggage weighs: 19.12 kg
baggage is on conveyor belt-------
---------baggage detected by sensor------------- 
Baggage weighs: 16.42 kg
Seat with ID: 15A has been reserved for you!

BOARDING PASS FOR ANGELINA NICHOLSON
-----------------------------------------------------------------------------
LUFTHANSA                      mwxhn3mx7wejs1d /  Angelina Nicholson
Angelina Nicholson                                     /  mwxhn3mx7wejs1d
FRA   LH2121   P  30.Oct                       /  FRA
HKG                                            /  HKG
SEAT ID: 15A                                   /  LH2121 P 30.Oct
SEQ: 15                                      / GATE: A05   22:00
MAX 1  HANDLUGGAGE/ LUGGAGE
-----------------------------------------------------------------------------
printing AC DC Concert voucher for Angelina Nicholson

---------------------------------------------------------------------------------------------------------------
scanning passport with passport id: V0VYJR5LA
searching for ticket in fast bag drop database..............
Ticket found for Candy Clay and Flight LH2121
----searching flight seat for Candy Clay---------
Found a seat with ID 15C
Below details were found in database
------------------------------------------
Name: Candy Clay
Flight ID: LH2121
Source: FRA
Destination: HKG
Gate No: A05
Boarding time: 22:00
Ticket ID: hh55z89nrs4f1i7
Booking Class: P
------------------------------------------

Proceed with check-in for flight LH2121 ?
Type YES to CHECK-IN or NO to cancel CHECK-IN
Candy Clay is deciding whether to check-in or to go back home and sleep............
YES CHECK-IN
Checking you in...............
baggage is on conveyor belt-------
---------baggage detected by sensor------------- 
Baggage weighs: 21.58 kg
baggage is on conveyor belt-------
---------baggage detected by sensor------------- 
Baggage weighs: 20.43 kg
baggage is on conveyor belt-------
---------baggage detected by sensor------------- 
Baggage weighs: 18.47 kg
baggage is on conveyor belt-------
---------baggage detected by sensor------------- 
Baggage weighs: 17.86 kg
baggage is on conveyor belt-------
---------baggage detected by sensor------------- 
Baggage weighs: 18.65 kg
baggage is on conveyor belt-------
---------baggage detected by sensor------------- 
Baggage weighs: 19.27 kg
baggage is on conveyor belt-------
---------baggage detected by sensor------------- 
Baggage weighs: 17.42 kg
baggage is on conveyor belt-------
---------baggage detected by sensor------------- 
Baggage weighs: 19.16 kg
baggage is on conveyor belt-------
---------baggage detected by sensor------------- 
Baggage weighs: 19.52 kg
baggage is on conveyor belt-------
---------baggage detected by sensor------------- 
Baggage weighs: 17.51 kg
baggage is on conveyor belt-------
---------baggage detected by sensor------------- 
Baggage weighs: 17.38 kg
baggage is on conveyor belt-------
---------baggage detected by sensor------------- 
Baggage weighs: 18.67 kg
baggage is on conveyor belt-------
---------baggage detected by sensor------------- 
Baggage weighs: 16.98 kg
baggage is on conveyor belt-------
---------baggage detected by sensor------------- 
Baggage weighs: 21.26 kg
baggage is on conveyor belt-------
---------baggage detected by sensor------------- 
Baggage weighs: 18.3 kg
baggage is on conveyor belt-------
---------baggage detected by sensor------------- 
Baggage weighs: 16.81 kg
baggage is on conveyor belt-------
---------baggage detected by sensor------------- 
Baggage weighs: 20.91 kg
baggage is on conveyor belt-------
---------baggage detected by sensor------------- 
Baggage weighs: 21.21 kg
baggage is on conveyor belt-------
---------baggage detected by sensor------------- 
Baggage weighs: 19.69 kg
baggage is on conveyor belt-------
---------baggage detected by sensor------------- 
Baggage weighs: 18.67 kg
baggage is on conveyor belt-------
---------baggage detected by sensor------------- 
Baggage weighs: 19.12 kg
baggage is on conveyor belt-------
---------baggage detected by sensor------------- 
Baggage weighs: 16.42 kg
baggage is on conveyor belt-------
---------baggage detected by sensor------------- 
Baggage weighs: 19.17 kg
Seat with ID: 15C has been reserved for you!

BOARDING PASS FOR CANDY CLAY
-----------------------------------------------------------------------------
LUFTHANSA                      hh55z89nrs4f1i7 /  Candy Clay
Candy Clay                                     /  hh55z89nrs4f1i7
FRA   LH2121   P  30.Oct                       /  FRA
HKG                                            /  HKG
SEAT ID: 15C                                   /  LH2121 P 30.Oct
SEQ: 16                                      / GATE: A05   22:00
MAX 1  HANDLUGGAGE/ LUGGAGE
-----------------------------------------------------------------------------
printing AC DC Concert voucher for Candy Clay

---------------------------------------------------------------------------------------------------------------
scanning passport with passport id: UOEQVB6FU
searching for ticket in fast bag drop database..............
Ticket found for Santos Mccall and Flight LH2121
----searching flight seat for Santos Mccall---------
Found a seat with ID 15D
Below details were found in database
------------------------------------------
Name: Santos Mccall
Flight ID: LH2121
Source: FRA
Destination: HKG
Gate No: A05
Boarding time: 22:00
Ticket ID: zj4gmh3eb9kverp
Booking Class: P
------------------------------------------

Proceed with check-in for flight LH2121 ?
Type YES to CHECK-IN or NO to cancel CHECK-IN
Santos Mccall is deciding whether to check-in or to go back home and sleep............
YES CHECK-IN
Checking you in...............
baggage is on conveyor belt-------
---------baggage detected by sensor------------- 
Baggage weighs: 21.58 kg
baggage is on conveyor belt-------
---------baggage detected by sensor------------- 
Baggage weighs: 20.43 kg
baggage is on conveyor belt-------
---------baggage detected by sensor------------- 
Baggage weighs: 18.47 kg
baggage is on conveyor belt-------
---------baggage detected by sensor------------- 
Baggage weighs: 17.86 kg
baggage is on conveyor belt-------
---------baggage detected by sensor------------- 
Baggage weighs: 18.65 kg
baggage is on conveyor belt-------
---------baggage detected by sensor------------- 
Baggage weighs: 19.27 kg
baggage is on conveyor belt-------
---------baggage detected by sensor------------- 
Baggage weighs: 17.42 kg
baggage is on conveyor belt-------
---------baggage detected by sensor------------- 
Baggage weighs: 19.16 kg
baggage is on conveyor belt-------
---------baggage detected by sensor------------- 
Baggage weighs: 19.52 kg
baggage is on conveyor belt-------
---------baggage detected by sensor------------- 
Baggage weighs: 17.51 kg
baggage is on conveyor belt-------
---------baggage detected by sensor------------- 
Baggage weighs: 17.38 kg
baggage is on conveyor belt-------
---------baggage detected by sensor------------- 
Baggage weighs: 18.67 kg
baggage is on conveyor belt-------
---------baggage detected by sensor------------- 
Baggage weighs: 16.98 kg
baggage is on conveyor belt-------
---------baggage detected by sensor------------- 
Baggage weighs: 21.26 kg
baggage is on conveyor belt-------
---------baggage detected by sensor------------- 
Baggage weighs: 18.3 kg
baggage is on conveyor belt-------
---------baggage detected by sensor------------- 
Baggage weighs: 16.81 kg
baggage is on conveyor belt-------
---------baggage detected by sensor------------- 
Baggage weighs: 20.91 kg
baggage is on conveyor belt-------
---------baggage detected by sensor------------- 
Baggage weighs: 21.21 kg
baggage is on conveyor belt-------
---------baggage detected by sensor------------- 
Baggage weighs: 19.69 kg
baggage is on conveyor belt-------
---------baggage detected by sensor------------- 
Baggage weighs: 18.67 kg
baggage is on conveyor belt-------
---------baggage detected by sensor------------- 
Baggage weighs: 19.12 kg
baggage is on conveyor belt-------
---------baggage detected by sensor------------- 
Baggage weighs: 16.42 kg
baggage is on conveyor belt-------
---------baggage detected by sensor------------- 
Baggage weighs: 19.17 kg
baggage is on conveyor belt-------
---------baggage detected by sensor------------- 
Baggage weighs: 19.0 kg
Seat with ID: 15D has been reserved for you!

BOARDING PASS FOR SANTOS MCCALL
-----------------------------------------------------------------------------
LUFTHANSA                      zj4gmh3eb9kverp /  Santos Mccall
Santos Mccall                                     /  zj4gmh3eb9kverp
FRA   LH2121   P  30.Oct                       /  FRA
HKG                                            /  HKG
SEAT ID: 15D                                   /  LH2121 P 30.Oct
SEQ: 17                                      / GATE: A05   22:00
MAX 1  HANDLUGGAGE/ LUGGAGE
-----------------------------------------------------------------------------
printing AC DC Concert voucher for Santos Mccall

---------------------------------------------------------------------------------------------------------------
scanning passport with passport id: BLA514C25
searching for ticket in fast bag drop database..............
Ticket found for Tammie Saunders and Flight LH2121
----searching flight seat for Tammie Saunders---------
Found a seat with ID 15E
Below details were found in database
------------------------------------------
Name: Tammie Saunders
Flight ID: LH2121
Source: FRA
Destination: HKG
Gate No: A05
Boarding time: 22:00
Ticket ID: trwy5pev3y4x381
Booking Class: P
------------------------------------------

Proceed with check-in for flight LH2121 ?
Type YES to CHECK-IN or NO to cancel CHECK-IN
Tammie Saunders is deciding whether to check-in or to go back home and sleep............
YES CHECK-IN
Checking you in...............
baggage is on conveyor belt-------
---------baggage detected by sensor------------- 
Baggage weighs: 21.58 kg
baggage is on conveyor belt-------
---------baggage detected by sensor------------- 
Baggage weighs: 20.43 kg
baggage is on conveyor belt-------
---------baggage detected by sensor------------- 
Baggage weighs: 18.47 kg
baggage is on conveyor belt-------
---------baggage detected by sensor------------- 
Baggage weighs: 17.86 kg
baggage is on conveyor belt-------
---------baggage detected by sensor------------- 
Baggage weighs: 18.65 kg
baggage is on conveyor belt-------
---------baggage detected by sensor------------- 
Baggage weighs: 19.27 kg
baggage is on conveyor belt-------
---------baggage detected by sensor------------- 
Baggage weighs: 17.42 kg
baggage is on conveyor belt-------
---------baggage detected by sensor------------- 
Baggage weighs: 19.16 kg
baggage is on conveyor belt-------
---------baggage detected by sensor------------- 
Baggage weighs: 19.52 kg
baggage is on conveyor belt-------
---------baggage detected by sensor------------- 
Baggage weighs: 17.51 kg
baggage is on conveyor belt-------
---------baggage detected by sensor------------- 
Baggage weighs: 17.38 kg
baggage is on conveyor belt-------
---------baggage detected by sensor------------- 
Baggage weighs: 18.67 kg
baggage is on conveyor belt-------
---------baggage detected by sensor------------- 
Baggage weighs: 16.98 kg
baggage is on conveyor belt-------
---------baggage detected by sensor------------- 
Baggage weighs: 21.26 kg
baggage is on conveyor belt-------
---------baggage detected by sensor------------- 
Baggage weighs: 18.3 kg
baggage is on conveyor belt-------
---------baggage detected by sensor------------- 
Baggage weighs: 16.81 kg
baggage is on conveyor belt-------
---------baggage detected by sensor------------- 
Baggage weighs: 20.91 kg
baggage is on conveyor belt-------
---------baggage detected by sensor------------- 
Baggage weighs: 21.21 kg
baggage is on conveyor belt-------
---------baggage detected by sensor------------- 
Baggage weighs: 19.69 kg
baggage is on conveyor belt-------
---------baggage detected by sensor------------- 
Baggage weighs: 18.67 kg
baggage is on conveyor belt-------
---------baggage detected by sensor------------- 
Baggage weighs: 19.12 kg
baggage is on conveyor belt-------
---------baggage detected by sensor------------- 
Baggage weighs: 16.42 kg
baggage is on conveyor belt-------
---------baggage detected by sensor------------- 
Baggage weighs: 19.17 kg
baggage is on conveyor belt-------
---------baggage detected by sensor------------- 
Baggage weighs: 19.0 kg
baggage is on conveyor belt-------
---------baggage detected by sensor------------- 
Baggage weighs: 18.78 kg
baggage is on conveyor belt-------
---------baggage detected by sensor------------- 
Baggage weighs: 20.31 kg
Seat with ID: 15E has been reserved for you!

BOARDING PASS FOR TAMMIE SAUNDERS
-----------------------------------------------------------------------------
LUFTHANSA                      trwy5pev3y4x381 /  Tammie Saunders
Tammie Saunders                                     /  trwy5pev3y4x381
FRA   LH2121   P  30.Oct                       /  FRA
HKG                                            /  HKG
SEAT ID: 15E                                   /  LH2121 P 30.Oct
SEQ: 18                                      / GATE: A05   22:00
MAX 2  HANDLUGGAGE/ LUGGAGE
-----------------------------------------------------------------------------
printing AC DC Concert voucher for Tammie Saunders

---------------------------------------------------------------------------------------------------------------
scanning passport with passport id: 6G5M3L35H
searching for ticket in fast bag drop database..............
Ticket found for George Goodwin and Flight LH2121
----searching flight seat for George Goodwin---------
Found a seat with ID 15G
Below details were found in database
------------------------------------------
Name: George Goodwin
Flight ID: LH2121
Source: FRA
Destination: HKG
Gate No: A05
Boarding time: 22:00
Ticket ID: ce5km8yiq2hmryu
Booking Class: P
------------------------------------------

Proceed with check-in for flight LH2121 ?
Type YES to CHECK-IN or NO to cancel CHECK-IN
George Goodwin is deciding whether to check-in or to go back home and sleep............
YES CHECK-IN
Checking you in...............
baggage is on conveyor belt-------
---------baggage detected by sensor------------- 
Baggage weighs: 21.58 kg
baggage is on conveyor belt-------
---------baggage detected by sensor------------- 
Baggage weighs: 20.43 kg
baggage is on conveyor belt-------
---------baggage detected by sensor------------- 
Baggage weighs: 18.47 kg
baggage is on conveyor belt-------
---------baggage detected by sensor------------- 
Baggage weighs: 17.86 kg
baggage is on conveyor belt-------
---------baggage detected by sensor------------- 
Baggage weighs: 18.65 kg
baggage is on conveyor belt-------
---------baggage detected by sensor------------- 
Baggage weighs: 19.27 kg
baggage is on conveyor belt-------
---------baggage detected by sensor------------- 
Baggage weighs: 17.42 kg
baggage is on conveyor belt-------
---------baggage detected by sensor------------- 
Baggage weighs: 19.16 kg
baggage is on conveyor belt-------
---------baggage detected by sensor------------- 
Baggage weighs: 19.52 kg
baggage is on conveyor belt-------
---------baggage detected by sensor------------- 
Baggage weighs: 17.51 kg
baggage is on conveyor belt-------
---------baggage detected by sensor------------- 
Baggage weighs: 17.38 kg
baggage is on conveyor belt-------
---------baggage detected by sensor------------- 
Baggage weighs: 18.67 kg
baggage is on conveyor belt-------
---------baggage detected by sensor------------- 
Baggage weighs: 16.98 kg
baggage is on conveyor belt-------
---------baggage detected by sensor------------- 
Baggage weighs: 21.26 kg
baggage is on conveyor belt-------
---------baggage detected by sensor------------- 
Baggage weighs: 18.3 kg
baggage is on conveyor belt-------
---------baggage detected by sensor------------- 
Baggage weighs: 16.81 kg
baggage is on conveyor belt-------
---------baggage detected by sensor------------- 
Baggage weighs: 20.91 kg
baggage is on conveyor belt-------
---------baggage detected by sensor------------- 
Baggage weighs: 21.21 kg
baggage is on conveyor belt-------
---------baggage detected by sensor------------- 
Baggage weighs: 19.69 kg
baggage is on conveyor belt-------
---------baggage detected by sensor------------- 
Baggage weighs: 18.67 kg
baggage is on conveyor belt-------
---------baggage detected by sensor------------- 
Baggage weighs: 19.12 kg
baggage is on conveyor belt-------
---------baggage detected by sensor------------- 
Baggage weighs: 16.42 kg
baggage is on conveyor belt-------
---------baggage detected by sensor------------- 
Baggage weighs: 19.17 kg
baggage is on conveyor belt-------
---------baggage detected by sensor------------- 
Baggage weighs: 19.0 kg
baggage is on conveyor belt-------
---------baggage detected by sensor------------- 
Baggage weighs: 18.78 kg
baggage is on conveyor belt-------
---------baggage detected by sensor------------- 
Baggage weighs: 20.31 kg
baggage is on conveyor belt-------
---------baggage detected by sensor------------- 
Baggage weighs: 21.25 kg
Seat with ID: 15G has been reserved for you!

BOARDING PASS FOR GEORGE GOODWIN
-----------------------------------------------------------------------------
LUFTHANSA                      ce5km8yiq2hmryu /  George Goodwin
George Goodwin                                     /  ce5km8yiq2hmryu
FRA   LH2121   P  30.Oct                       /  FRA
HKG                                            /  HKG
SEAT ID: 15G                                   /  LH2121 P 30.Oct
SEQ: 19                                      / GATE: A05   22:00
MAX 1  HANDLUGGAGE/ LUGGAGE
-----------------------------------------------------------------------------
printing AC DC Concert voucher for George Goodwin

---------------------------------------------------------------------------------------------------------------
scanning passport with passport id: 9CBY6I97S
searching for ticket in fast bag drop database..............
Ticket found for Jules Molina and Flight LH2121
----searching flight seat for Jules Molina---------
Found a seat with ID 15H
Below details were found in database
------------------------------------------
Name: Jules Molina
Flight ID: LH2121
Source: FRA
Destination: HKG
Gate No: A05
Boarding time: 22:00
Ticket ID: 14363noeukllab7
Booking Class: P
------------------------------------------

Proceed with check-in for flight LH2121 ?
Type YES to CHECK-IN or NO to cancel CHECK-IN
Jules Molina is deciding whether to check-in or to go back home and sleep............
YES CHECK-IN
Checking you in...............
baggage is on conveyor belt-------
---------baggage detected by sensor------------- 
Baggage weighs: 21.58 kg
baggage is on conveyor belt-------
---------baggage detected by sensor------------- 
Baggage weighs: 20.43 kg
baggage is on conveyor belt-------
---------baggage detected by sensor------------- 
Baggage weighs: 18.47 kg
baggage is on conveyor belt-------
---------baggage detected by sensor------------- 
Baggage weighs: 17.86 kg
baggage is on conveyor belt-------
---------baggage detected by sensor------------- 
Baggage weighs: 18.65 kg
baggage is on conveyor belt-------
---------baggage detected by sensor------------- 
Baggage weighs: 19.27 kg
baggage is on conveyor belt-------
---------baggage detected by sensor------------- 
Baggage weighs: 17.42 kg
baggage is on conveyor belt-------
---------baggage detected by sensor------------- 
Baggage weighs: 19.16 kg
baggage is on conveyor belt-------
---------baggage detected by sensor------------- 
Baggage weighs: 19.52 kg
baggage is on conveyor belt-------
---------baggage detected by sensor------------- 
Baggage weighs: 17.51 kg
baggage is on conveyor belt-------
---------baggage detected by sensor------------- 
Baggage weighs: 17.38 kg
baggage is on conveyor belt-------
---------baggage detected by sensor------------- 
Baggage weighs: 18.67 kg
baggage is on conveyor belt-------
---------baggage detected by sensor------------- 
Baggage weighs: 16.98 kg
baggage is on conveyor belt-------
---------baggage detected by sensor------------- 
Baggage weighs: 21.26 kg
baggage is on conveyor belt-------
---------baggage detected by sensor------------- 
Baggage weighs: 18.3 kg
baggage is on conveyor belt-------
---------baggage detected by sensor------------- 
Baggage weighs: 16.81 kg
baggage is on conveyor belt-------
---------baggage detected by sensor------------- 
Baggage weighs: 20.91 kg
baggage is on conveyor belt-------
---------baggage detected by sensor------------- 
Baggage weighs: 21.21 kg
baggage is on conveyor belt-------
---------baggage detected by sensor------------- 
Baggage weighs: 19.69 kg
baggage is on conveyor belt-------
---------baggage detected by sensor------------- 
Baggage weighs: 18.67 kg
baggage is on conveyor belt-------
---------baggage detected by sensor------------- 
Baggage weighs: 19.12 kg
baggage is on conveyor belt-------
---------baggage detected by sensor------------- 
Baggage weighs: 16.42 kg
baggage is on conveyor belt-------
---------baggage detected by sensor------------- 
Baggage weighs: 19.17 kg
baggage is on conveyor belt-------
---------baggage detected by sensor------------- 
Baggage weighs: 19.0 kg
baggage is on conveyor belt-------
---------baggage detected by sensor------------- 
Baggage weighs: 18.78 kg
baggage is on conveyor belt-------
---------baggage detected by sensor------------- 
Baggage weighs: 20.31 kg
baggage is on conveyor belt-------
---------baggage detected by sensor------------- 
Baggage weighs: 21.25 kg
baggage is on conveyor belt-------
---------baggage detected by sensor------------- 
Baggage weighs: 18.87 kg
Seat with ID: 15H has been reserved for you!

BOARDING PASS FOR JULES MOLINA
-----------------------------------------------------------------------------
LUFTHANSA                      14363noeukllab7 /  Jules Molina
Jules Molina                                     /  14363noeukllab7
FRA   LH2121   P  30.Oct                       /  FRA
HKG                                            /  HKG
SEAT ID: 15H                                   /  LH2121 P 30.Oct
SEQ: 20                                      / GATE: A05   22:00
MAX 1  HANDLUGGAGE/ LUGGAGE
-----------------------------------------------------------------------------
printing AC DC Concert voucher for Jules Molina

---------------------------------------------------------------------------------------------------------------
scanning passport with passport id: 81D6BQ3QY
searching for ticket in fast bag drop database..............
Ticket found for Eddy Huffman and Flight LH2121
----searching flight seat for Eddy Huffman---------
Found a seat with ID 15K
Below details were found in database
------------------------------------------
Name: Eddy Huffman
Flight ID: LH2121
Source: FRA
Destination: HKG
Gate No: A05
Boarding time: 22:00
Ticket ID: farwq36g7jq3vxn
Booking Class: P
------------------------------------------

Proceed with check-in for flight LH2121 ?
Type YES to CHECK-IN or NO to cancel CHECK-IN
Eddy Huffman is deciding whether to check-in or to go back home and sleep............
YES CHECK-IN
Checking you in...............
baggage is on conveyor belt-------
---------baggage detected by sensor------------- 
Baggage weighs: 21.58 kg
baggage is on conveyor belt-------
---------baggage detected by sensor------------- 
Baggage weighs: 20.43 kg
baggage is on conveyor belt-------
---------baggage detected by sensor------------- 
Baggage weighs: 18.47 kg
baggage is on conveyor belt-------
---------baggage detected by sensor------------- 
Baggage weighs: 17.86 kg
baggage is on conveyor belt-------
---------baggage detected by sensor------------- 
Baggage weighs: 18.65 kg
baggage is on conveyor belt-------
---------baggage detected by sensor------------- 
Baggage weighs: 19.27 kg
baggage is on conveyor belt-------
---------baggage detected by sensor------------- 
Baggage weighs: 17.42 kg
baggage is on conveyor belt-------
---------baggage detected by sensor------------- 
Baggage weighs: 19.16 kg
baggage is on conveyor belt-------
---------baggage detected by sensor------------- 
Baggage weighs: 19.52 kg
baggage is on conveyor belt-------
---------baggage detected by sensor------------- 
Baggage weighs: 17.51 kg
baggage is on conveyor belt-------
---------baggage detected by sensor------------- 
Baggage weighs: 17.38 kg
baggage is on conveyor belt-------
---------baggage detected by sensor------------- 
Baggage weighs: 18.67 kg
baggage is on conveyor belt-------
---------baggage detected by sensor------------- 
Baggage weighs: 16.98 kg
baggage is on conveyor belt-------
---------baggage detected by sensor------------- 
Baggage weighs: 21.26 kg
baggage is on conveyor belt-------
---------baggage detected by sensor------------- 
Baggage weighs: 18.3 kg
baggage is on conveyor belt-------
---------baggage detected by sensor------------- 
Baggage weighs: 16.81 kg
baggage is on conveyor belt-------
---------baggage detected by sensor------------- 
Baggage weighs: 20.91 kg
baggage is on conveyor belt-------
---------baggage detected by sensor------------- 
Baggage weighs: 21.21 kg
baggage is on conveyor belt-------
---------baggage detected by sensor------------- 
Baggage weighs: 19.69 kg
baggage is on conveyor belt-------
---------baggage detected by sensor------------- 
Baggage weighs: 18.67 kg
baggage is on conveyor belt-------
---------baggage detected by sensor------------- 
Baggage weighs: 19.12 kg
baggage is on conveyor belt-------
---------baggage detected by sensor------------- 
Baggage weighs: 16.42 kg
baggage is on conveyor belt-------
---------baggage detected by sensor------------- 
Baggage weighs: 19.17 kg
baggage is on conveyor belt-------
---------baggage detected by sensor------------- 
Baggage weighs: 19.0 kg
baggage is on conveyor belt-------
---------baggage detected by sensor------------- 
Baggage weighs: 18.78 kg
baggage is on conveyor belt-------
---------baggage detected by sensor------------- 
Baggage weighs: 20.31 kg
baggage is on conveyor belt-------
---------baggage detected by sensor------------- 
Baggage weighs: 21.25 kg
baggage is on conveyor belt-------
---------baggage detected by sensor------------- 
Baggage weighs: 18.87 kg
baggage is on conveyor belt-------
---------baggage detected by sensor------------- 
Baggage weighs: 16.25 kg
baggage is on conveyor belt-------
---------baggage detected by sensor------------- 
Baggage weighs: 19.94 kg
Seat with ID: 15K has been reserved for you!

BOARDING PASS FOR EDDY HUFFMAN
-----------------------------------------------------------------------------
LUFTHANSA                      farwq36g7jq3vxn /  Eddy Huffman
Eddy Huffman                                     /  farwq36g7jq3vxn
FRA   LH2121   P  30.Oct                       /  FRA
HKG                                            /  HKG
SEAT ID: 15K                                   /  LH2121 P 30.Oct
SEQ: 21                                      / GATE: A05   22:00
MAX 2  HANDLUGGAGE/ LUGGAGE
-----------------------------------------------------------------------------
printing AC DC Concert voucher for Eddy Huffman

---------------------------------------------------------------------------------------------------------------
scanning passport with passport id: SAFFYRK53
searching for ticket in fast bag drop database..............
Ticket found for Issac Hampton and Flight LH2121
----searching flight seat for Issac Hampton---------
Found a seat with ID 16A
Below details were found in database
------------------------------------------
Name: Issac Hampton
Flight ID: LH2121
Source: FRA
Destination: HKG
Gate No: A05
Boarding time: 22:00
Ticket ID: zcidxxxcecnk0th
Booking Class: E
------------------------------------------

Proceed with check-in for flight LH2121 ?
Type YES to CHECK-IN or NO to cancel CHECK-IN
Issac Hampton is deciding whether to check-in or to go back home and sleep............
YES CHECK-IN
Checking you in...............
baggage is on conveyor belt-------
---------baggage detected by sensor------------- 
Baggage weighs: 21.58 kg
baggage is on conveyor belt-------
---------baggage detected by sensor------------- 
Baggage weighs: 20.43 kg
baggage is on conveyor belt-------
---------baggage detected by sensor------------- 
Baggage weighs: 18.47 kg
baggage is on conveyor belt-------
---------baggage detected by sensor------------- 
Baggage weighs: 17.86 kg
baggage is on conveyor belt-------
---------baggage detected by sensor------------- 
Baggage weighs: 18.65 kg
baggage is on conveyor belt-------
---------baggage detected by sensor------------- 
Baggage weighs: 19.27 kg
baggage is on conveyor belt-------
---------baggage detected by sensor------------- 
Baggage weighs: 17.42 kg
baggage is on conveyor belt-------
---------baggage detected by sensor------------- 
Baggage weighs: 19.16 kg
baggage is on conveyor belt-------
---------baggage detected by sensor------------- 
Baggage weighs: 19.52 kg
baggage is on conveyor belt-------
---------baggage detected by sensor------------- 
Baggage weighs: 17.51 kg
baggage is on conveyor belt-------
---------baggage detected by sensor------------- 
Baggage weighs: 17.38 kg
baggage is on conveyor belt-------
---------baggage detected by sensor------------- 
Baggage weighs: 18.67 kg
baggage is on conveyor belt-------
---------baggage detected by sensor------------- 
Baggage weighs: 16.98 kg
baggage is on conveyor belt-------
---------baggage detected by sensor------------- 
Baggage weighs: 21.26 kg
baggage is on conveyor belt-------
---------baggage detected by sensor------------- 
Baggage weighs: 18.3 kg
baggage is on conveyor belt-------
---------baggage detected by sensor------------- 
Baggage weighs: 16.81 kg
baggage is on conveyor belt-------
---------baggage detected by sensor------------- 
Baggage weighs: 20.91 kg
baggage is on conveyor belt-------
---------baggage detected by sensor------------- 
Baggage weighs: 21.21 kg
baggage is on conveyor belt-------
---------baggage detected by sensor------------- 
Baggage weighs: 19.69 kg
baggage is on conveyor belt-------
---------baggage detected by sensor------------- 
Baggage weighs: 18.67 kg
baggage is on conveyor belt-------
---------baggage detected by sensor------------- 
Baggage weighs: 19.12 kg
baggage is on conveyor belt-------
---------baggage detected by sensor------------- 
Baggage weighs: 16.42 kg
baggage is on conveyor belt-------
---------baggage detected by sensor------------- 
Baggage weighs: 19.17 kg
baggage is on conveyor belt-------
---------baggage detected by sensor------------- 
Baggage weighs: 19.0 kg
baggage is on conveyor belt-------
---------baggage detected by sensor------------- 
Baggage weighs: 18.78 kg
baggage is on conveyor belt-------
---------baggage detected by sensor------------- 
Baggage weighs: 20.31 kg
baggage is on conveyor belt-------
---------baggage detected by sensor------------- 
Baggage weighs: 21.25 kg
baggage is on conveyor belt-------
---------baggage detected by sensor------------- 
Baggage weighs: 18.87 kg
baggage is on conveyor belt-------
---------baggage detected by sensor------------- 
Baggage weighs: 16.25 kg
baggage is on conveyor belt-------
---------baggage detected by sensor------------- 
Baggage weighs: 19.94 kg
baggage is on conveyor belt-------
---------baggage detected by sensor------------- 
Baggage weighs: 16.88 kg
Seat with ID: 16A has been reserved for you!

BOARDING PASS FOR ISSAC HAMPTON
-----------------------------------------------------------------------------
LUFTHANSA                      zcidxxxcecnk0th /  Issac Hampton
Issac Hampton                                     /  zcidxxxcecnk0th
FRA   LH2121   E  30.Oct                       /  FRA
HKG                                            /  HKG
SEAT ID: 16A                                   /  LH2121 E 30.Oct
SEQ: 22                                      / GATE: A05   22:00
MAX 1  HANDLUGGAGE/ LUGGAGE
-----------------------------------------------------------------------------
sorry Issac Hampton we have no voucher for you! Have a nice day!

---------------------------------------------------------------------------------------------------------------
scanning passport with passport id: NO4QC4XJI
searching for ticket in fast bag drop database..............
Ticket found for Katina Ayala and Flight LH2121
----searching flight seat for Katina Ayala---------
Found a seat with ID 16B
Below details were found in database
------------------------------------------
Name: Katina Ayala
Flight ID: LH2121
Source: FRA
Destination: HKG
Gate No: A05
Boarding time: 22:00
Ticket ID: vh7mypopi6yid1q
Booking Class: E
------------------------------------------

Proceed with check-in for flight LH2121 ?
Type YES to CHECK-IN or NO to cancel CHECK-IN
Katina Ayala is deciding whether to check-in or to go back home and sleep............
YES CHECK-IN
Checking you in...............
baggage is on conveyor belt-------
---------baggage detected by sensor------------- 
Baggage weighs: 21.58 kg
baggage is on conveyor belt-------
---------baggage detected by sensor------------- 
Baggage weighs: 20.43 kg
baggage is on conveyor belt-------
---------baggage detected by sensor------------- 
Baggage weighs: 18.47 kg
baggage is on conveyor belt-------
---------baggage detected by sensor------------- 
Baggage weighs: 17.86 kg
baggage is on conveyor belt-------
---------baggage detected by sensor------------- 
Baggage weighs: 18.65 kg
baggage is on conveyor belt-------
---------baggage detected by sensor------------- 
Baggage weighs: 19.27 kg
baggage is on conveyor belt-------
---------baggage detected by sensor------------- 
Baggage weighs: 17.42 kg
baggage is on conveyor belt-------
---------baggage detected by sensor------------- 
Baggage weighs: 19.16 kg
baggage is on conveyor belt-------
---------baggage detected by sensor------------- 
Baggage weighs: 19.52 kg
baggage is on conveyor belt-------
---------baggage detected by sensor------------- 
Baggage weighs: 17.51 kg
baggage is on conveyor belt-------
---------baggage detected by sensor------------- 
Baggage weighs: 17.38 kg
baggage is on conveyor belt-------
---------baggage detected by sensor------------- 
Baggage weighs: 18.67 kg
baggage is on conveyor belt-------
---------baggage detected by sensor------------- 
Baggage weighs: 16.98 kg
baggage is on conveyor belt-------
---------baggage detected by sensor------------- 
Baggage weighs: 21.26 kg
baggage is on conveyor belt-------
---------baggage detected by sensor------------- 
Baggage weighs: 18.3 kg
baggage is on conveyor belt-------
---------baggage detected by sensor------------- 
Baggage weighs: 16.81 kg
baggage is on conveyor belt-------
---------baggage detected by sensor------------- 
Baggage weighs: 20.91 kg
baggage is on conveyor belt-------
---------baggage detected by sensor------------- 
Baggage weighs: 21.21 kg
baggage is on conveyor belt-------
---------baggage detected by sensor------------- 
Baggage weighs: 19.69 kg
baggage is on conveyor belt-------
---------baggage detected by sensor------------- 
Baggage weighs: 18.67 kg
baggage is on conveyor belt-------
---------baggage detected by sensor------------- 
Baggage weighs: 19.12 kg
baggage is on conveyor belt-------
---------baggage detected by sensor------------- 
Baggage weighs: 16.42 kg
baggage is on conveyor belt-------
---------baggage detected by sensor------------- 
Baggage weighs: 19.17 kg
baggage is on conveyor belt-------
---------baggage detected by sensor------------- 
Baggage weighs: 19.0 kg
baggage is on conveyor belt-------
---------baggage detected by sensor------------- 
Baggage weighs: 18.78 kg
baggage is on conveyor belt-------
---------baggage detected by sensor------------- 
Baggage weighs: 20.31 kg
baggage is on conveyor belt-------
---------baggage detected by sensor------------- 
Baggage weighs: 21.25 kg
baggage is on conveyor belt-------
---------baggage detected by sensor------------- 
Baggage weighs: 18.87 kg
baggage is on conveyor belt-------
---------baggage detected by sensor------------- 
Baggage weighs: 16.25 kg
baggage is on conveyor belt-------
---------baggage detected by sensor------------- 
Baggage weighs: 19.94 kg
baggage is on conveyor belt-------
---------baggage detected by sensor------------- 
Baggage weighs: 16.88 kg
baggage is on conveyor belt-------
---------baggage detected by sensor------------- 
Baggage weighs: 18.24 kg
Seat with ID: 16B has been reserved for you!

BOARDING PASS FOR KATINA AYALA
-----------------------------------------------------------------------------
LUFTHANSA                      vh7mypopi6yid1q /  Katina Ayala
Katina Ayala                                     /  vh7mypopi6yid1q
FRA   LH2121   E  30.Oct                       /  FRA
HKG                                            /  HKG
SEAT ID: 16B                                   /  LH2121 E 30.Oct
SEQ: 23                                      / GATE: A05   22:00
MAX 1  HANDLUGGAGE/ LUGGAGE
-----------------------------------------------------------------------------
sorry Katina Ayala we have no voucher for you! Have a nice day!

---------------------------------------------------------------------------------------------------------------
scanning passport with passport id: F21RBLQKM
searching for ticket in fast bag drop database..............
Ticket found for Ronnie Logan and Flight LH2121
----searching flight seat for Ronnie Logan---------
Found a seat with ID 16D
Below details were found in database
------------------------------------------
Name: Ronnie Logan
Flight ID: LH2121
Source: FRA
Destination: HKG
Gate No: A05
Boarding time: 22:00
Ticket ID: eoky6jqa4aw59rz
Booking Class: E
------------------------------------------

Proceed with check-in for flight LH2121 ?
Type YES to CHECK-IN or NO to cancel CHECK-IN
Ronnie Logan is deciding whether to check-in or to go back home and sleep............
YES CHECK-IN
Checking you in...............
baggage is on conveyor belt-------
---------baggage detected by sensor------------- 
Baggage weighs: 21.58 kg
baggage is on conveyor belt-------
---------baggage detected by sensor------------- 
Baggage weighs: 20.43 kg
baggage is on conveyor belt-------
---------baggage detected by sensor------------- 
Baggage weighs: 18.47 kg
baggage is on conveyor belt-------
---------baggage detected by sensor------------- 
Baggage weighs: 17.86 kg
baggage is on conveyor belt-------
---------baggage detected by sensor------------- 
Baggage weighs: 18.65 kg
baggage is on conveyor belt-------
---------baggage detected by sensor------------- 
Baggage weighs: 19.27 kg
baggage is on conveyor belt-------
---------baggage detected by sensor------------- 
Baggage weighs: 17.42 kg
baggage is on conveyor belt-------
---------baggage detected by sensor------------- 
Baggage weighs: 19.16 kg
baggage is on conveyor belt-------
---------baggage detected by sensor------------- 
Baggage weighs: 19.52 kg
baggage is on conveyor belt-------
---------baggage detected by sensor------------- 
Baggage weighs: 17.51 kg
baggage is on conveyor belt-------
---------baggage detected by sensor------------- 
Baggage weighs: 17.38 kg
baggage is on conveyor belt-------
---------baggage detected by sensor------------- 
Baggage weighs: 18.67 kg
baggage is on conveyor belt-------
---------baggage detected by sensor------------- 
Baggage weighs: 16.98 kg
baggage is on conveyor belt-------
---------baggage detected by sensor------------- 
Baggage weighs: 21.26 kg
baggage is on conveyor belt-------
---------baggage detected by sensor------------- 
Baggage weighs: 18.3 kg
baggage is on conveyor belt-------
---------baggage detected by sensor------------- 
Baggage weighs: 16.81 kg
baggage is on conveyor belt-------
---------baggage detected by sensor------------- 
Baggage weighs: 20.91 kg
baggage is on conveyor belt-------
---------baggage detected by sensor------------- 
Baggage weighs: 21.21 kg
baggage is on conveyor belt-------
---------baggage detected by sensor------------- 
Baggage weighs: 19.69 kg
baggage is on conveyor belt-------
---------baggage detected by sensor------------- 
Baggage weighs: 18.67 kg
baggage is on conveyor belt-------
---------baggage detected by sensor------------- 
Baggage weighs: 19.12 kg
baggage is on conveyor belt-------
---------baggage detected by sensor------------- 
Baggage weighs: 16.42 kg
baggage is on conveyor belt-------
---------baggage detected by sensor------------- 
Baggage weighs: 19.17 kg
baggage is on conveyor belt-------
---------baggage detected by sensor------------- 
Baggage weighs: 19.0 kg
baggage is on conveyor belt-------
---------baggage detected by sensor------------- 
Baggage weighs: 18.78 kg
baggage is on conveyor belt-------
---------baggage detected by sensor------------- 
Baggage weighs: 20.31 kg
baggage is on conveyor belt-------
---------baggage detected by sensor------------- 
Baggage weighs: 21.25 kg
baggage is on conveyor belt-------
---------baggage detected by sensor------------- 
Baggage weighs: 18.87 kg
baggage is on conveyor belt-------
---------baggage detected by sensor------------- 
Baggage weighs: 16.25 kg
baggage is on conveyor belt-------
---------baggage detected by sensor------------- 
Baggage weighs: 19.94 kg
baggage is on conveyor belt-------
---------baggage detected by sensor------------- 
Baggage weighs: 16.88 kg
baggage is on conveyor belt-------
---------baggage detected by sensor------------- 
Baggage weighs: 18.24 kg
baggage is on conveyor belt-------
---------baggage detected by sensor------------- 
Baggage weighs: 17.16 kg
Seat with ID: 16D has been reserved for you!

BOARDING PASS FOR RONNIE LOGAN
-----------------------------------------------------------------------------
LUFTHANSA                      eoky6jqa4aw59rz /  Ronnie Logan
Ronnie Logan                                     /  eoky6jqa4aw59rz
FRA   LH2121   E  30.Oct                       /  FRA
HKG                                            /  HKG
SEAT ID: 16D                                   /  LH2121 E 30.Oct
SEQ: 24                                      / GATE: A05   22:00
MAX 1  HANDLUGGAGE/ LUGGAGE
-----------------------------------------------------------------------------
sorry Ronnie Logan we have no voucher for you! Have a nice day!

---------------------------------------------------------------------------------------------------------------
scanning passport with passport id: X6T4V8S9V
searching for ticket in fast bag drop database..............
Ticket found for Aurelia Poole and Flight LH2121
----searching flight seat for Aurelia Poole---------
Found a seat with ID 16E
Below details were found in database
------------------------------------------
Name: Aurelia Poole
Flight ID: LH2121
Source: FRA
Destination: HKG
Gate No: A05
Boarding time: 22:00
Ticket ID: x63i3f2hbmdtlif
Booking Class: E
------------------------------------------

Proceed with check-in for flight LH2121 ?
Type YES to CHECK-IN or NO to cancel CHECK-IN
Aurelia Poole is deciding whether to check-in or to go back home and sleep............
YES CHECK-IN
Checking you in...............
baggage is on conveyor belt-------
---------baggage detected by sensor------------- 
Baggage weighs: 21.58 kg
baggage is on conveyor belt-------
---------baggage detected by sensor------------- 
Baggage weighs: 20.43 kg
baggage is on conveyor belt-------
---------baggage detected by sensor------------- 
Baggage weighs: 18.47 kg
baggage is on conveyor belt-------
---------baggage detected by sensor------------- 
Baggage weighs: 17.86 kg
baggage is on conveyor belt-------
---------baggage detected by sensor------------- 
Baggage weighs: 18.65 kg
baggage is on conveyor belt-------
---------baggage detected by sensor------------- 
Baggage weighs: 19.27 kg
baggage is on conveyor belt-------
---------baggage detected by sensor------------- 
Baggage weighs: 17.42 kg
baggage is on conveyor belt-------
---------baggage detected by sensor------------- 
Baggage weighs: 19.16 kg
baggage is on conveyor belt-------
---------baggage detected by sensor------------- 
Baggage weighs: 19.52 kg
baggage is on conveyor belt-------
---------baggage detected by sensor------------- 
Baggage weighs: 17.51 kg
baggage is on conveyor belt-------
---------baggage detected by sensor------------- 
Baggage weighs: 17.38 kg
baggage is on conveyor belt-------
---------baggage detected by sensor------------- 
Baggage weighs: 18.67 kg
baggage is on conveyor belt-------
---------baggage detected by sensor------------- 
Baggage weighs: 16.98 kg
baggage is on conveyor belt-------
---------baggage detected by sensor------------- 
Baggage weighs: 21.26 kg
baggage is on conveyor belt-------
---------baggage detected by sensor------------- 
Baggage weighs: 18.3 kg
baggage is on conveyor belt-------
---------baggage detected by sensor------------- 
Baggage weighs: 16.81 kg
baggage is on conveyor belt-------
---------baggage detected by sensor------------- 
Baggage weighs: 20.91 kg
baggage is on conveyor belt-------
---------baggage detected by sensor------------- 
Baggage weighs: 21.21 kg
baggage is on conveyor belt-------
---------baggage detected by sensor------------- 
Baggage weighs: 19.69 kg
baggage is on conveyor belt-------
---------baggage detected by sensor------------- 
Baggage weighs: 18.67 kg
baggage is on conveyor belt-------
---------baggage detected by sensor------------- 
Baggage weighs: 19.12 kg
baggage is on conveyor belt-------
---------baggage detected by sensor------------- 
Baggage weighs: 16.42 kg
baggage is on conveyor belt-------
---------baggage detected by sensor------------- 
Baggage weighs: 19.17 kg
baggage is on conveyor belt-------
---------baggage detected by sensor------------- 
Baggage weighs: 19.0 kg
baggage is on conveyor belt-------
---------baggage detected by sensor------------- 
Baggage weighs: 18.78 kg
baggage is on conveyor belt-------
---------baggage detected by sensor------------- 
Baggage weighs: 20.31 kg
baggage is on conveyor belt-------
---------baggage detected by sensor------------- 
Baggage weighs: 21.25 kg
baggage is on conveyor belt-------
---------baggage detected by sensor------------- 
Baggage weighs: 18.87 kg
baggage is on conveyor belt-------
---------baggage detected by sensor------------- 
Baggage weighs: 16.25 kg
baggage is on conveyor belt-------
---------baggage detected by sensor------------- 
Baggage weighs: 19.94 kg
baggage is on conveyor belt-------
---------baggage detected by sensor------------- 
Baggage weighs: 16.88 kg
baggage is on conveyor belt-------
---------baggage detected by sensor------------- 
Baggage weighs: 18.24 kg
baggage is on conveyor belt-------
---------baggage detected by sensor------------- 
Baggage weighs: 17.16 kg
baggage is on conveyor belt-------
---------baggage detected by sensor------------- 
Baggage weighs: 19.34 kg
Seat with ID: 16E has been reserved for you!

BOARDING PASS FOR AURELIA POOLE
-----------------------------------------------------------------------------
LUFTHANSA                      x63i3f2hbmdtlif /  Aurelia Poole
Aurelia Poole                                     /  x63i3f2hbmdtlif
FRA   LH2121   E  30.Oct                       /  FRA
HKG                                            /  HKG
SEAT ID: 16E                                   /  LH2121 E 30.Oct
SEQ: 25                                      / GATE: A05   22:00
MAX 1  HANDLUGGAGE/ LUGGAGE
-----------------------------------------------------------------------------
sorry Aurelia Poole we have no voucher for you! Have a nice day!

---------------------------------------------------------------------------------------------------------------
scanning passport with passport id: BQUXJ8O0O
searching for ticket in fast bag drop database..............
Ticket found for Cheryl Moon and Flight LH2121
----searching flight seat for Cheryl Moon---------
Found a seat with ID 16G
Below details were found in database
------------------------------------------
Name: Cheryl Moon
Flight ID: LH2121
Source: FRA
Destination: HKG
Gate No: A05
Boarding time: 22:00
Ticket ID: dgf7z3t8c71xcl0
Booking Class: E
------------------------------------------

Proceed with check-in for flight LH2121 ?
Type YES to CHECK-IN or NO to cancel CHECK-IN
Cheryl Moon is deciding whether to check-in or to go back home and sleep............
YES CHECK-IN
Checking you in...............
baggage is on conveyor belt-------
---------baggage detected by sensor------------- 
Baggage weighs: 21.58 kg
baggage is on conveyor belt-------
---------baggage detected by sensor------------- 
Baggage weighs: 20.43 kg
baggage is on conveyor belt-------
---------baggage detected by sensor------------- 
Baggage weighs: 18.47 kg
baggage is on conveyor belt-------
---------baggage detected by sensor------------- 
Baggage weighs: 17.86 kg
baggage is on conveyor belt-------
---------baggage detected by sensor------------- 
Baggage weighs: 18.65 kg
baggage is on conveyor belt-------
---------baggage detected by sensor------------- 
Baggage weighs: 19.27 kg
baggage is on conveyor belt-------
---------baggage detected by sensor------------- 
Baggage weighs: 17.42 kg
baggage is on conveyor belt-------
---------baggage detected by sensor------------- 
Baggage weighs: 19.16 kg
baggage is on conveyor belt-------
---------baggage detected by sensor------------- 
Baggage weighs: 19.52 kg
baggage is on conveyor belt-------
---------baggage detected by sensor------------- 
Baggage weighs: 17.51 kg
baggage is on conveyor belt-------
---------baggage detected by sensor------------- 
Baggage weighs: 17.38 kg
baggage is on conveyor belt-------
---------baggage detected by sensor------------- 
Baggage weighs: 18.67 kg
baggage is on conveyor belt-------
---------baggage detected by sensor------------- 
Baggage weighs: 16.98 kg
baggage is on conveyor belt-------
---------baggage detected by sensor------------- 
Baggage weighs: 21.26 kg
baggage is on conveyor belt-------
---------baggage detected by sensor------------- 
Baggage weighs: 18.3 kg
baggage is on conveyor belt-------
---------baggage detected by sensor------------- 
Baggage weighs: 16.81 kg
baggage is on conveyor belt-------
---------baggage detected by sensor------------- 
Baggage weighs: 20.91 kg
baggage is on conveyor belt-------
---------baggage detected by sensor------------- 
Baggage weighs: 21.21 kg
baggage is on conveyor belt-------
---------baggage detected by sensor------------- 
Baggage weighs: 19.69 kg
baggage is on conveyor belt-------
---------baggage detected by sensor------------- 
Baggage weighs: 18.67 kg
baggage is on conveyor belt-------
---------baggage detected by sensor------------- 
Baggage weighs: 19.12 kg
baggage is on conveyor belt-------
---------baggage detected by sensor------------- 
Baggage weighs: 16.42 kg
baggage is on conveyor belt-------
---------baggage detected by sensor------------- 
Baggage weighs: 19.17 kg
baggage is on conveyor belt-------
---------baggage detected by sensor------------- 
Baggage weighs: 19.0 kg
baggage is on conveyor belt-------
---------baggage detected by sensor------------- 
Baggage weighs: 18.78 kg
baggage is on conveyor belt-------
---------baggage detected by sensor------------- 
Baggage weighs: 20.31 kg
baggage is on conveyor belt-------
---------baggage detected by sensor------------- 
Baggage weighs: 21.25 kg
baggage is on conveyor belt-------
---------baggage detected by sensor------------- 
Baggage weighs: 18.87 kg
baggage is on conveyor belt-------
---------baggage detected by sensor------------- 
Baggage weighs: 16.25 kg
baggage is on conveyor belt-------
---------baggage detected by sensor------------- 
Baggage weighs: 19.94 kg
baggage is on conveyor belt-------
---------baggage detected by sensor------------- 
Baggage weighs: 16.88 kg
baggage is on conveyor belt-------
---------baggage detected by sensor------------- 
Baggage weighs: 18.24 kg
baggage is on conveyor belt-------
---------baggage detected by sensor------------- 
Baggage weighs: 17.16 kg
baggage is on conveyor belt-------
---------baggage detected by sensor------------- 
Baggage weighs: 19.34 kg
baggage is on conveyor belt-------
---------baggage detected by sensor------------- 
Baggage weighs: 22.41 kg
Seat with ID: 16G has been reserved for you!

BOARDING PASS FOR CHERYL MOON
-----------------------------------------------------------------------------
LUFTHANSA                      dgf7z3t8c71xcl0 /  Cheryl Moon
Cheryl Moon                                     /  dgf7z3t8c71xcl0
FRA   LH2121   E  30.Oct                       /  FRA
HKG                                            /  HKG
SEAT ID: 16G                                   /  LH2121 E 30.Oct
SEQ: 26                                      / GATE: A05   22:00
MAX 1  HANDLUGGAGE/ LUGGAGE
-----------------------------------------------------------------------------
sorry Cheryl Moon we have no voucher for you! Have a nice day!

---------------------------------------------------------------------------------------------------------------
scanning passport with passport id: XLX7AB8DJ
searching for ticket in fast bag drop database..............
Ticket found for Jamaal Schroeder and Flight LH2121
----searching flight seat for Jamaal Schroeder---------
Found a seat with ID 16J
Below details were found in database
------------------------------------------
Name: Jamaal Schroeder
Flight ID: LH2121
Source: FRA
Destination: HKG
Gate No: A05
Boarding time: 22:00
Ticket ID: oa5oley0k5dgkrc
Booking Class: E
------------------------------------------

Proceed with check-in for flight LH2121 ?
Type YES to CHECK-IN or NO to cancel CHECK-IN
Jamaal Schroeder is deciding whether to check-in or to go back home and sleep............
YES CHECK-IN
Checking you in...............
baggage is on conveyor belt-------
---------baggage detected by sensor------------- 
Baggage weighs: 21.58 kg
baggage is on conveyor belt-------
---------baggage detected by sensor------------- 
Baggage weighs: 20.43 kg
baggage is on conveyor belt-------
---------baggage detected by sensor------------- 
Baggage weighs: 18.47 kg
baggage is on conveyor belt-------
---------baggage detected by sensor------------- 
Baggage weighs: 17.86 kg
baggage is on conveyor belt-------
---------baggage detected by sensor------------- 
Baggage weighs: 18.65 kg
baggage is on conveyor belt-------
---------baggage detected by sensor------------- 
Baggage weighs: 19.27 kg
baggage is on conveyor belt-------
---------baggage detected by sensor------------- 
Baggage weighs: 17.42 kg
baggage is on conveyor belt-------
---------baggage detected by sensor------------- 
Baggage weighs: 19.16 kg
baggage is on conveyor belt-------
---------baggage detected by sensor------------- 
Baggage weighs: 19.52 kg
baggage is on conveyor belt-------
---------baggage detected by sensor------------- 
Baggage weighs: 17.51 kg
baggage is on conveyor belt-------
---------baggage detected by sensor------------- 
Baggage weighs: 17.38 kg
baggage is on conveyor belt-------
---------baggage detected by sensor------------- 
Baggage weighs: 18.67 kg
baggage is on conveyor belt-------
---------baggage detected by sensor------------- 
Baggage weighs: 16.98 kg
baggage is on conveyor belt-------
---------baggage detected by sensor------------- 
Baggage weighs: 21.26 kg
baggage is on conveyor belt-------
---------baggage detected by sensor------------- 
Baggage weighs: 18.3 kg
baggage is on conveyor belt-------
---------baggage detected by sensor------------- 
Baggage weighs: 16.81 kg
baggage is on conveyor belt-------
---------baggage detected by sensor------------- 
Baggage weighs: 20.91 kg
baggage is on conveyor belt-------
---------baggage detected by sensor------------- 
Baggage weighs: 21.21 kg
baggage is on conveyor belt-------
---------baggage detected by sensor------------- 
Baggage weighs: 19.69 kg
baggage is on conveyor belt-------
---------baggage detected by sensor------------- 
Baggage weighs: 18.67 kg
baggage is on conveyor belt-------
---------baggage detected by sensor------------- 
Baggage weighs: 19.12 kg
baggage is on conveyor belt-------
---------baggage detected by sensor------------- 
Baggage weighs: 16.42 kg
baggage is on conveyor belt-------
---------baggage detected by sensor------------- 
Baggage weighs: 19.17 kg
baggage is on conveyor belt-------
---------baggage detected by sensor------------- 
Baggage weighs: 19.0 kg
baggage is on conveyor belt-------
---------baggage detected by sensor------------- 
Baggage weighs: 18.78 kg
baggage is on conveyor belt-------
---------baggage detected by sensor------------- 
Baggage weighs: 20.31 kg
baggage is on conveyor belt-------
---------baggage detected by sensor------------- 
Baggage weighs: 21.25 kg
baggage is on conveyor belt-------
---------baggage detected by sensor------------- 
Baggage weighs: 18.87 kg
baggage is on conveyor belt-------
---------baggage detected by sensor------------- 
Baggage weighs: 16.25 kg
baggage is on conveyor belt-------
---------baggage detected by sensor------------- 
Baggage weighs: 19.94 kg
baggage is on conveyor belt-------
---------baggage detected by sensor------------- 
Baggage weighs: 16.88 kg
baggage is on conveyor belt-------
---------baggage detected by sensor------------- 
Baggage weighs: 18.24 kg
baggage is on conveyor belt-------
---------baggage detected by sensor------------- 
Baggage weighs: 17.16 kg
baggage is on conveyor belt-------
---------baggage detected by sensor------------- 
Baggage weighs: 19.34 kg
baggage is on conveyor belt-------
---------baggage detected by sensor------------- 
Baggage weighs: 22.41 kg
baggage is on conveyor belt-------
---------baggage detected by sensor------------- 
Baggage weighs: 20.47 kg
Seat with ID: 16J has been reserved for you!

BOARDING PASS FOR JAMAAL SCHROEDER
-----------------------------------------------------------------------------
LUFTHANSA                      oa5oley0k5dgkrc /  Jamaal Schroeder
Jamaal Schroeder                                     /  oa5oley0k5dgkrc
FRA   LH2121   E  30.Oct                       /  FRA
HKG                                            /  HKG
SEAT ID: 16J                                   /  LH2121 E 30.Oct
SEQ: 27                                      / GATE: A05   22:00
MAX 1  HANDLUGGAGE/ LUGGAGE
-----------------------------------------------------------------------------
sorry Jamaal Schroeder we have no voucher for you! Have a nice day!

---------------------------------------------------------------------------------------------------------------
scanning passport with passport id: QZMZNWARO
searching for ticket in fast bag drop database..............
Ticket found for Everette Krueger and Flight LH2121
----searching flight seat for Everette Krueger---------
Found a seat with ID 16K
Below details were found in database
------------------------------------------
Name: Everette Krueger
Flight ID: LH2121
Source: FRA
Destination: HKG
Gate No: A05
Boarding time: 22:00
Ticket ID: rnppo8bqr1o2oml
Booking Class: E
------------------------------------------

Proceed with check-in for flight LH2121 ?
Type YES to CHECK-IN or NO to cancel CHECK-IN
Everette Krueger is deciding whether to check-in or to go back home and sleep............
YES CHECK-IN
Checking you in...............
baggage is on conveyor belt-------
---------baggage detected by sensor------------- 
Baggage weighs: 21.58 kg
baggage is on conveyor belt-------
---------baggage detected by sensor------------- 
Baggage weighs: 20.43 kg
baggage is on conveyor belt-------
---------baggage detected by sensor------------- 
Baggage weighs: 18.47 kg
baggage is on conveyor belt-------
---------baggage detected by sensor------------- 
Baggage weighs: 17.86 kg
baggage is on conveyor belt-------
---------baggage detected by sensor------------- 
Baggage weighs: 18.65 kg
baggage is on conveyor belt-------
---------baggage detected by sensor------------- 
Baggage weighs: 19.27 kg
baggage is on conveyor belt-------
---------baggage detected by sensor------------- 
Baggage weighs: 17.42 kg
baggage is on conveyor belt-------
---------baggage detected by sensor------------- 
Baggage weighs: 19.16 kg
baggage is on conveyor belt-------
---------baggage detected by sensor------------- 
Baggage weighs: 19.52 kg
baggage is on conveyor belt-------
---------baggage detected by sensor------------- 
Baggage weighs: 17.51 kg
baggage is on conveyor belt-------
---------baggage detected by sensor------------- 
Baggage weighs: 17.38 kg
baggage is on conveyor belt-------
---------baggage detected by sensor------------- 
Baggage weighs: 18.67 kg
baggage is on conveyor belt-------
---------baggage detected by sensor------------- 
Baggage weighs: 16.98 kg
baggage is on conveyor belt-------
---------baggage detected by sensor------------- 
Baggage weighs: 21.26 kg
baggage is on conveyor belt-------
---------baggage detected by sensor------------- 
Baggage weighs: 18.3 kg
baggage is on conveyor belt-------
---------baggage detected by sensor------------- 
Baggage weighs: 16.81 kg
baggage is on conveyor belt-------
---------baggage detected by sensor------------- 
Baggage weighs: 20.91 kg
baggage is on conveyor belt-------
---------baggage detected by sensor------------- 
Baggage weighs: 21.21 kg
baggage is on conveyor belt-------
---------baggage detected by sensor------------- 
Baggage weighs: 19.69 kg
baggage is on conveyor belt-------
---------baggage detected by sensor------------- 
Baggage weighs: 18.67 kg
baggage is on conveyor belt-------
---------baggage detected by sensor------------- 
Baggage weighs: 19.12 kg
baggage is on conveyor belt-------
---------baggage detected by sensor------------- 
Baggage weighs: 16.42 kg
baggage is on conveyor belt-------
---------baggage detected by sensor------------- 
Baggage weighs: 19.17 kg
baggage is on conveyor belt-------
---------baggage detected by sensor------------- 
Baggage weighs: 19.0 kg
baggage is on conveyor belt-------
---------baggage detected by sensor------------- 
Baggage weighs: 18.78 kg
baggage is on conveyor belt-------
---------baggage detected by sensor------------- 
Baggage weighs: 20.31 kg
baggage is on conveyor belt-------
---------baggage detected by sensor------------- 
Baggage weighs: 21.25 kg
baggage is on conveyor belt-------
---------baggage detected by sensor------------- 
Baggage weighs: 18.87 kg
baggage is on conveyor belt-------
---------baggage detected by sensor------------- 
Baggage weighs: 16.25 kg
baggage is on conveyor belt-------
---------baggage detected by sensor------------- 
Baggage weighs: 19.94 kg
baggage is on conveyor belt-------
---------baggage detected by sensor------------- 
Baggage weighs: 16.88 kg
baggage is on conveyor belt-------
---------baggage detected by sensor------------- 
Baggage weighs: 18.24 kg
baggage is on conveyor belt-------
---------baggage detected by sensor------------- 
Baggage weighs: 17.16 kg
baggage is on conveyor belt-------
---------baggage detected by sensor------------- 
Baggage weighs: 19.34 kg
baggage is on conveyor belt-------
---------baggage detected by sensor------------- 
Baggage weighs: 22.41 kg
baggage is on conveyor belt-------
---------baggage detected by sensor------------- 
Baggage weighs: 20.47 kg
baggage is on conveyor belt-------
---------baggage detected by sensor------------- 
Baggage weighs: 18.81 kg
Seat with ID: 16K has been reserved for you!

BOARDING PASS FOR EVERETTE KRUEGER
-----------------------------------------------------------------------------
LUFTHANSA                      rnppo8bqr1o2oml /  Everette Krueger
Everette Krueger                                     /  rnppo8bqr1o2oml
FRA   LH2121   E  30.Oct                       /  FRA
HKG                                            /  HKG
SEAT ID: 16K                                   /  LH2121 E 30.Oct
SEQ: 28                                      / GATE: A05   22:00
MAX 1  HANDLUGGAGE/ LUGGAGE
-----------------------------------------------------------------------------
sorry Everette Krueger we have no voucher for you! Have a nice day!

---------------------------------------------------------------------------------------------------------------
scanning passport with passport id: EGAF9LCGG
searching for ticket in fast bag drop database..............
Ticket found for Guadalupe Simmons and Flight LH2121
----searching flight seat for Guadalupe Simmons---------
Found a seat with ID 18A
Below details were found in database
------------------------------------------
Name: Guadalupe Simmons
Flight ID: LH2121
Source: FRA
Destination: HKG
Gate No: A05
Boarding time: 22:00
Ticket ID: z518kp2x1ib9kw6
Booking Class: E
------------------------------------------

Proceed with check-in for flight LH2121 ?
Type YES to CHECK-IN or NO to cancel CHECK-IN
Guadalupe Simmons is deciding whether to check-in or to go back home and sleep............
YES CHECK-IN
Checking you in...............
baggage is on conveyor belt-------
---------baggage detected by sensor------------- 
Baggage weighs: 21.58 kg
baggage is on conveyor belt-------
---------baggage detected by sensor------------- 
Baggage weighs: 20.43 kg
baggage is on conveyor belt-------
---------baggage detected by sensor------------- 
Baggage weighs: 18.47 kg
baggage is on conveyor belt-------
---------baggage detected by sensor------------- 
Baggage weighs: 17.86 kg
baggage is on conveyor belt-------
---------baggage detected by sensor------------- 
Baggage weighs: 18.65 kg
baggage is on conveyor belt-------
---------baggage detected by sensor------------- 
Baggage weighs: 19.27 kg
baggage is on conveyor belt-------
---------baggage detected by sensor------------- 
Baggage weighs: 17.42 kg
baggage is on conveyor belt-------
---------baggage detected by sensor------------- 
Baggage weighs: 19.16 kg
baggage is on conveyor belt-------
---------baggage detected by sensor------------- 
Baggage weighs: 19.52 kg
baggage is on conveyor belt-------
---------baggage detected by sensor------------- 
Baggage weighs: 17.51 kg
baggage is on conveyor belt-------
---------baggage detected by sensor------------- 
Baggage weighs: 17.38 kg
baggage is on conveyor belt-------
---------baggage detected by sensor------------- 
Baggage weighs: 18.67 kg
baggage is on conveyor belt-------
---------baggage detected by sensor------------- 
Baggage weighs: 16.98 kg
baggage is on conveyor belt-------
---------baggage detected by sensor------------- 
Baggage weighs: 21.26 kg
baggage is on conveyor belt-------
---------baggage detected by sensor------------- 
Baggage weighs: 18.3 kg
baggage is on conveyor belt-------
---------baggage detected by sensor------------- 
Baggage weighs: 16.81 kg
baggage is on conveyor belt-------
---------baggage detected by sensor------------- 
Baggage weighs: 20.91 kg
baggage is on conveyor belt-------
---------baggage detected by sensor------------- 
Baggage weighs: 21.21 kg
baggage is on conveyor belt-------
---------baggage detected by sensor------------- 
Baggage weighs: 19.69 kg
baggage is on conveyor belt-------
---------baggage detected by sensor------------- 
Baggage weighs: 18.67 kg
baggage is on conveyor belt-------
---------baggage detected by sensor------------- 
Baggage weighs: 19.12 kg
baggage is on conveyor belt-------
---------baggage detected by sensor------------- 
Baggage weighs: 16.42 kg
baggage is on conveyor belt-------
---------baggage detected by sensor------------- 
Baggage weighs: 19.17 kg
baggage is on conveyor belt-------
---------baggage detected by sensor------------- 
Baggage weighs: 19.0 kg
baggage is on conveyor belt-------
---------baggage detected by sensor------------- 
Baggage weighs: 18.78 kg
baggage is on conveyor belt-------
---------baggage detected by sensor------------- 
Baggage weighs: 20.31 kg
baggage is on conveyor belt-------
---------baggage detected by sensor------------- 
Baggage weighs: 21.25 kg
baggage is on conveyor belt-------
---------baggage detected by sensor------------- 
Baggage weighs: 18.87 kg
baggage is on conveyor belt-------
---------baggage detected by sensor------------- 
Baggage weighs: 16.25 kg
baggage is on conveyor belt-------
---------baggage detected by sensor------------- 
Baggage weighs: 19.94 kg
baggage is on conveyor belt-------
---------baggage detected by sensor------------- 
Baggage weighs: 16.88 kg
baggage is on conveyor belt-------
---------baggage detected by sensor------------- 
Baggage weighs: 18.24 kg
baggage is on conveyor belt-------
---------baggage detected by sensor------------- 
Baggage weighs: 17.16 kg
baggage is on conveyor belt-------
---------baggage detected by sensor------------- 
Baggage weighs: 19.34 kg
baggage is on conveyor belt-------
---------baggage detected by sensor------------- 
Baggage weighs: 22.41 kg
baggage is on conveyor belt-------
---------baggage detected by sensor------------- 
Baggage weighs: 20.47 kg
baggage is on conveyor belt-------
---------baggage detected by sensor------------- 
Baggage weighs: 18.81 kg
baggage is on conveyor belt-------
---------baggage detected by sensor------------- 
Baggage weighs: 18.56 kg
Seat with ID: 18A has been reserved for you!

BOARDING PASS FOR GUADALUPE SIMMONS
-----------------------------------------------------------------------------
LUFTHANSA                      z518kp2x1ib9kw6 /  Guadalupe Simmons
Guadalupe Simmons                                     /  z518kp2x1ib9kw6
FRA   LH2121   E  30.Oct                       /  FRA
HKG                                            /  HKG
SEAT ID: 18A                                   /  LH2121 E 30.Oct
SEQ: 29                                      / GATE: A05   22:00
MAX 1  HANDLUGGAGE/ LUGGAGE
-----------------------------------------------------------------------------
sorry Guadalupe Simmons we have no voucher for you! Have a nice day!

---------------------------------------------------------------------------------------------------------------
scanning passport with passport id: 86K3F5PUB
searching for ticket in fast bag drop database..............
Ticket found for Damian Mays and Flight LH2121
----searching flight seat for Damian Mays---------
Found a seat with ID 18B
Below details were found in database
------------------------------------------
Name: Damian Mays
Flight ID: LH2121
Source: FRA
Destination: HKG
Gate No: A05
Boarding time: 22:00
Ticket ID: rddlhk14myg4nsk
Booking Class: E
------------------------------------------

Proceed with check-in for flight LH2121 ?
Type YES to CHECK-IN or NO to cancel CHECK-IN
Damian Mays is deciding whether to check-in or to go back home and sleep............
YES CHECK-IN
Checking you in...............
baggage is on conveyor belt-------
---------baggage detected by sensor------------- 
Baggage weighs: 21.58 kg
baggage is on conveyor belt-------
---------baggage detected by sensor------------- 
Baggage weighs: 20.43 kg
baggage is on conveyor belt-------
---------baggage detected by sensor------------- 
Baggage weighs: 18.47 kg
baggage is on conveyor belt-------
---------baggage detected by sensor------------- 
Baggage weighs: 17.86 kg
baggage is on conveyor belt-------
---------baggage detected by sensor------------- 
Baggage weighs: 18.65 kg
baggage is on conveyor belt-------
---------baggage detected by sensor------------- 
Baggage weighs: 19.27 kg
baggage is on conveyor belt-------
---------baggage detected by sensor------------- 
Baggage weighs: 17.42 kg
baggage is on conveyor belt-------
---------baggage detected by sensor------------- 
Baggage weighs: 19.16 kg
baggage is on conveyor belt-------
---------baggage detected by sensor------------- 
Baggage weighs: 19.52 kg
baggage is on conveyor belt-------
---------baggage detected by sensor------------- 
Baggage weighs: 17.51 kg
baggage is on conveyor belt-------
---------baggage detected by sensor------------- 
Baggage weighs: 17.38 kg
baggage is on conveyor belt-------
---------baggage detected by sensor------------- 
Baggage weighs: 18.67 kg
baggage is on conveyor belt-------
---------baggage detected by sensor------------- 
Baggage weighs: 16.98 kg
baggage is on conveyor belt-------
---------baggage detected by sensor------------- 
Baggage weighs: 21.26 kg
baggage is on conveyor belt-------
---------baggage detected by sensor------------- 
Baggage weighs: 18.3 kg
baggage is on conveyor belt-------
---------baggage detected by sensor------------- 
Baggage weighs: 16.81 kg
baggage is on conveyor belt-------
---------baggage detected by sensor------------- 
Baggage weighs: 20.91 kg
baggage is on conveyor belt-------
---------baggage detected by sensor------------- 
Baggage weighs: 21.21 kg
baggage is on conveyor belt-------
---------baggage detected by sensor------------- 
Baggage weighs: 19.69 kg
baggage is on conveyor belt-------
---------baggage detected by sensor------------- 
Baggage weighs: 18.67 kg
baggage is on conveyor belt-------
---------baggage detected by sensor------------- 
Baggage weighs: 19.12 kg
baggage is on conveyor belt-------
---------baggage detected by sensor------------- 
Baggage weighs: 16.42 kg
baggage is on conveyor belt-------
---------baggage detected by sensor------------- 
Baggage weighs: 19.17 kg
baggage is on conveyor belt-------
---------baggage detected by sensor------------- 
Baggage weighs: 19.0 kg
baggage is on conveyor belt-------
---------baggage detected by sensor------------- 
Baggage weighs: 18.78 kg
baggage is on conveyor belt-------
---------baggage detected by sensor------------- 
Baggage weighs: 20.31 kg
baggage is on conveyor belt-------
---------baggage detected by sensor------------- 
Baggage weighs: 21.25 kg
baggage is on conveyor belt-------
---------baggage detected by sensor------------- 
Baggage weighs: 18.87 kg
baggage is on conveyor belt-------
---------baggage detected by sensor------------- 
Baggage weighs: 16.25 kg
baggage is on conveyor belt-------
---------baggage detected by sensor------------- 
Baggage weighs: 19.94 kg
baggage is on conveyor belt-------
---------baggage detected by sensor------------- 
Baggage weighs: 16.88 kg
baggage is on conveyor belt-------
---------baggage detected by sensor------------- 
Baggage weighs: 18.24 kg
baggage is on conveyor belt-------
---------baggage detected by sensor------------- 
Baggage weighs: 17.16 kg
baggage is on conveyor belt-------
---------baggage detected by sensor------------- 
Baggage weighs: 19.34 kg
baggage is on conveyor belt-------
---------baggage detected by sensor------------- 
Baggage weighs: 22.41 kg
baggage is on conveyor belt-------
---------baggage detected by sensor------------- 
Baggage weighs: 20.47 kg
baggage is on conveyor belt-------
---------baggage detected by sensor------------- 
Baggage weighs: 18.81 kg
baggage is on conveyor belt-------
---------baggage detected by sensor------------- 
Baggage weighs: 18.56 kg
baggage is on conveyor belt-------
---------baggage detected by sensor------------- 
Baggage weighs: 17.77 kg
Seat with ID: 18B has been reserved for you!

BOARDING PASS FOR DAMIAN MAYS
-----------------------------------------------------------------------------
LUFTHANSA                      rddlhk14myg4nsk /  Damian Mays
Damian Mays                                     /  rddlhk14myg4nsk
FRA   LH2121   E  30.Oct                       /  FRA
HKG                                            /  HKG
SEAT ID: 18B                                   /  LH2121 E 30.Oct
SEQ: 30                                      / GATE: A05   22:00
MAX 1  HANDLUGGAGE/ LUGGAGE
-----------------------------------------------------------------------------
sorry Damian Mays we have no voucher for you! Have a nice day!

---------------------------------------------------------------------------------------------------------------
scanning passport with passport id: ORFGDECG3
searching for ticket in fast bag drop database..............
Ticket found for Rena Ray and Flight LH2121
----searching flight seat for Rena Ray---------
Found a seat with ID 18C
Below details were found in database
------------------------------------------
Name: Rena Ray
Flight ID: LH2121
Source: FRA
Destination: HKG
Gate No: A05
Boarding time: 22:00
Ticket ID: 6uawucgda8ktc5h
Booking Class: E
------------------------------------------

Proceed with check-in for flight LH2121 ?
Type YES to CHECK-IN or NO to cancel CHECK-IN
Rena Ray is deciding whether to check-in or to go back home and sleep............
YES CHECK-IN
Checking you in...............
baggage is on conveyor belt-------
---------baggage detected by sensor------------- 
Baggage weighs: 21.58 kg
baggage is on conveyor belt-------
---------baggage detected by sensor------------- 
Baggage weighs: 20.43 kg
baggage is on conveyor belt-------
---------baggage detected by sensor------------- 
Baggage weighs: 18.47 kg
baggage is on conveyor belt-------
---------baggage detected by sensor------------- 
Baggage weighs: 17.86 kg
baggage is on conveyor belt-------
---------baggage detected by sensor------------- 
Baggage weighs: 18.65 kg
baggage is on conveyor belt-------
---------baggage detected by sensor------------- 
Baggage weighs: 19.27 kg
baggage is on conveyor belt-------
---------baggage detected by sensor------------- 
Baggage weighs: 17.42 kg
baggage is on conveyor belt-------
---------baggage detected by sensor------------- 
Baggage weighs: 19.16 kg
baggage is on conveyor belt-------
---------baggage detected by sensor------------- 
Baggage weighs: 19.52 kg
baggage is on conveyor belt-------
---------baggage detected by sensor------------- 
Baggage weighs: 17.51 kg
baggage is on conveyor belt-------
---------baggage detected by sensor------------- 
Baggage weighs: 17.38 kg
baggage is on conveyor belt-------
---------baggage detected by sensor------------- 
Baggage weighs: 18.67 kg
baggage is on conveyor belt-------
---------baggage detected by sensor------------- 
Baggage weighs: 16.98 kg
baggage is on conveyor belt-------
---------baggage detected by sensor------------- 
Baggage weighs: 21.26 kg
baggage is on conveyor belt-------
---------baggage detected by sensor------------- 
Baggage weighs: 18.3 kg
baggage is on conveyor belt-------
---------baggage detected by sensor------------- 
Baggage weighs: 16.81 kg
baggage is on conveyor belt-------
---------baggage detected by sensor------------- 
Baggage weighs: 20.91 kg
baggage is on conveyor belt-------
---------baggage detected by sensor------------- 
Baggage weighs: 21.21 kg
baggage is on conveyor belt-------
---------baggage detected by sensor------------- 
Baggage weighs: 19.69 kg
baggage is on conveyor belt-------
---------baggage detected by sensor------------- 
Baggage weighs: 18.67 kg
baggage is on conveyor belt-------
---------baggage detected by sensor------------- 
Baggage weighs: 19.12 kg
baggage is on conveyor belt-------
---------baggage detected by sensor------------- 
Baggage weighs: 16.42 kg
baggage is on conveyor belt-------
---------baggage detected by sensor------------- 
Baggage weighs: 19.17 kg
baggage is on conveyor belt-------
---------baggage detected by sensor------------- 
Baggage weighs: 19.0 kg
baggage is on conveyor belt-------
---------baggage detected by sensor------------- 
Baggage weighs: 18.78 kg
baggage is on conveyor belt-------
---------baggage detected by sensor------------- 
Baggage weighs: 20.31 kg
baggage is on conveyor belt-------
---------baggage detected by sensor------------- 
Baggage weighs: 21.25 kg
baggage is on conveyor belt-------
---------baggage detected by sensor------------- 
Baggage weighs: 18.87 kg
baggage is on conveyor belt-------
---------baggage detected by sensor------------- 
Baggage weighs: 16.25 kg
baggage is on conveyor belt-------
---------baggage detected by sensor------------- 
Baggage weighs: 19.94 kg
baggage is on conveyor belt-------
---------baggage detected by sensor------------- 
Baggage weighs: 16.88 kg
baggage is on conveyor belt-------
---------baggage detected by sensor------------- 
Baggage weighs: 18.24 kg
baggage is on conveyor belt-------
---------baggage detected by sensor------------- 
Baggage weighs: 17.16 kg
baggage is on conveyor belt-------
---------baggage detected by sensor------------- 
Baggage weighs: 19.34 kg
baggage is on conveyor belt-------
---------baggage detected by sensor------------- 
Baggage weighs: 22.41 kg
baggage is on conveyor belt-------
---------baggage detected by sensor------------- 
Baggage weighs: 20.47 kg
baggage is on conveyor belt-------
---------baggage detected by sensor------------- 
Baggage weighs: 18.81 kg
baggage is on conveyor belt-------
---------baggage detected by sensor------------- 
Baggage weighs: 18.56 kg
baggage is on conveyor belt-------
---------baggage detected by sensor------------- 
Baggage weighs: 17.77 kg
baggage is on conveyor belt-------
---------baggage detected by sensor------------- 
Baggage weighs: 19.32 kg
Seat with ID: 18C has been reserved for you!

BOARDING PASS FOR RENA RAY
-----------------------------------------------------------------------------
LUFTHANSA                      6uawucgda8ktc5h /  Rena Ray
Rena Ray                                     /  6uawucgda8ktc5h
FRA   LH2121   E  30.Oct                       /  FRA
HKG                                            /  HKG
SEAT ID: 18C                                   /  LH2121 E 30.Oct
SEQ: 31                                      / GATE: A05   22:00
MAX 1  HANDLUGGAGE/ LUGGAGE
-----------------------------------------------------------------------------
sorry Rena Ray we have no voucher for you! Have a nice day!

---------------------------------------------------------------------------------------------------------------
scanning passport with passport id: 3D60OAJFH
searching for ticket in fast bag drop database..............
Ticket found for Murray Douglas and Flight LH2121
----searching flight seat for Murray Douglas---------
Found a seat with ID 18D
Below details were found in database
------------------------------------------
Name: Murray Douglas
Flight ID: LH2121
Source: FRA
Destination: HKG
Gate No: A05
Boarding time: 22:00
Ticket ID: m1uelkit60ohnsd
Booking Class: E
------------------------------------------

Proceed with check-in for flight LH2121 ?
Type YES to CHECK-IN or NO to cancel CHECK-IN
Murray Douglas is deciding whether to check-in or to go back home and sleep............
YES CHECK-IN
Checking you in...............
baggage is on conveyor belt-------
---------baggage detected by sensor------------- 
Baggage weighs: 21.58 kg
baggage is on conveyor belt-------
---------baggage detected by sensor------------- 
Baggage weighs: 20.43 kg
baggage is on conveyor belt-------
---------baggage detected by sensor------------- 
Baggage weighs: 18.47 kg
baggage is on conveyor belt-------
---------baggage detected by sensor------------- 
Baggage weighs: 17.86 kg
baggage is on conveyor belt-------
---------baggage detected by sensor------------- 
Baggage weighs: 18.65 kg
baggage is on conveyor belt-------
---------baggage detected by sensor------------- 
Baggage weighs: 19.27 kg
baggage is on conveyor belt-------
---------baggage detected by sensor------------- 
Baggage weighs: 17.42 kg
baggage is on conveyor belt-------
---------baggage detected by sensor------------- 
Baggage weighs: 19.16 kg
baggage is on conveyor belt-------
---------baggage detected by sensor------------- 
Baggage weighs: 19.52 kg
baggage is on conveyor belt-------
---------baggage detected by sensor------------- 
Baggage weighs: 17.51 kg
baggage is on conveyor belt-------
---------baggage detected by sensor------------- 
Baggage weighs: 17.38 kg
baggage is on conveyor belt-------
---------baggage detected by sensor------------- 
Baggage weighs: 18.67 kg
baggage is on conveyor belt-------
---------baggage detected by sensor------------- 
Baggage weighs: 16.98 kg
baggage is on conveyor belt-------
---------baggage detected by sensor------------- 
Baggage weighs: 21.26 kg
baggage is on conveyor belt-------
---------baggage detected by sensor------------- 
Baggage weighs: 18.3 kg
baggage is on conveyor belt-------
---------baggage detected by sensor------------- 
Baggage weighs: 16.81 kg
baggage is on conveyor belt-------
---------baggage detected by sensor------------- 
Baggage weighs: 20.91 kg
baggage is on conveyor belt-------
---------baggage detected by sensor------------- 
Baggage weighs: 21.21 kg
baggage is on conveyor belt-------
---------baggage detected by sensor------------- 
Baggage weighs: 19.69 kg
baggage is on conveyor belt-------
---------baggage detected by sensor------------- 
Baggage weighs: 18.67 kg
baggage is on conveyor belt-------
---------baggage detected by sensor------------- 
Baggage weighs: 19.12 kg
baggage is on conveyor belt-------
---------baggage detected by sensor------------- 
Baggage weighs: 16.42 kg
baggage is on conveyor belt-------
---------baggage detected by sensor------------- 
Baggage weighs: 19.17 kg
baggage is on conveyor belt-------
---------baggage detected by sensor------------- 
Baggage weighs: 19.0 kg
baggage is on conveyor belt-------
---------baggage detected by sensor------------- 
Baggage weighs: 18.78 kg
baggage is on conveyor belt-------
---------baggage detected by sensor------------- 
Baggage weighs: 20.31 kg
baggage is on conveyor belt-------
---------baggage detected by sensor------------- 
Baggage weighs: 21.25 kg
baggage is on conveyor belt-------
---------baggage detected by sensor------------- 
Baggage weighs: 18.87 kg
baggage is on conveyor belt-------
---------baggage detected by sensor------------- 
Baggage weighs: 16.25 kg
baggage is on conveyor belt-------
---------baggage detected by sensor------------- 
Baggage weighs: 19.94 kg
baggage is on conveyor belt-------
---------baggage detected by sensor------------- 
Baggage weighs: 16.88 kg
baggage is on conveyor belt-------
---------baggage detected by sensor------------- 
Baggage weighs: 18.24 kg
baggage is on conveyor belt-------
---------baggage detected by sensor------------- 
Baggage weighs: 17.16 kg
baggage is on conveyor belt-------
---------baggage detected by sensor------------- 
Baggage weighs: 19.34 kg
baggage is on conveyor belt-------
---------baggage detected by sensor------------- 
Baggage weighs: 22.41 kg
baggage is on conveyor belt-------
---------baggage detected by sensor------------- 
Baggage weighs: 20.47 kg
baggage is on conveyor belt-------
---------baggage detected by sensor------------- 
Baggage weighs: 18.81 kg
baggage is on conveyor belt-------
---------baggage detected by sensor------------- 
Baggage weighs: 18.56 kg
baggage is on conveyor belt-------
---------baggage detected by sensor------------- 
Baggage weighs: 17.77 kg
baggage is on conveyor belt-------
---------baggage detected by sensor------------- 
Baggage weighs: 19.32 kg
baggage is on conveyor belt-------
---------baggage detected by sensor------------- 
Baggage weighs: 19.21 kg
Seat with ID: 18D has been reserved for you!

BOARDING PASS FOR MURRAY DOUGLAS
-----------------------------------------------------------------------------
LUFTHANSA                      m1uelkit60ohnsd /  Murray Douglas
Murray Douglas                                     /  m1uelkit60ohnsd
FRA   LH2121   E  30.Oct                       /  FRA
HKG                                            /  HKG
SEAT ID: 18D                                   /  LH2121 E 30.Oct
SEQ: 32                                      / GATE: A05   22:00
MAX 1  HANDLUGGAGE/ LUGGAGE
-----------------------------------------------------------------------------
sorry Murray Douglas we have no voucher for you! Have a nice day!

---------------------------------------------------------------------------------------------------------------
scanning passport with passport id: UM3BTWMMM
searching for ticket in fast bag drop database..............
Ticket found for Molly Hoffman and Flight LH2121
----searching flight seat for Molly Hoffman---------
Found a seat with ID 18E
Below details were found in database
------------------------------------------
Name: Molly Hoffman
Flight ID: LH2121
Source: FRA
Destination: HKG
Gate No: A05
Boarding time: 22:00
Ticket ID: o69uxlxqj3ltbbn
Booking Class: E
------------------------------------------

Proceed with check-in for flight LH2121 ?
Type YES to CHECK-IN or NO to cancel CHECK-IN
Molly Hoffman is deciding whether to check-in or to go back home and sleep............
YES CHECK-IN
Checking you in...............
baggage is on conveyor belt-------
---------baggage detected by sensor------------- 
Baggage weighs: 21.58 kg
baggage is on conveyor belt-------
---------baggage detected by sensor------------- 
Baggage weighs: 20.43 kg
baggage is on conveyor belt-------
---------baggage detected by sensor------------- 
Baggage weighs: 18.47 kg
baggage is on conveyor belt-------
---------baggage detected by sensor------------- 
Baggage weighs: 17.86 kg
baggage is on conveyor belt-------
---------baggage detected by sensor------------- 
Baggage weighs: 18.65 kg
baggage is on conveyor belt-------
---------baggage detected by sensor------------- 
Baggage weighs: 19.27 kg
baggage is on conveyor belt-------
---------baggage detected by sensor------------- 
Baggage weighs: 17.42 kg
baggage is on conveyor belt-------
---------baggage detected by sensor------------- 
Baggage weighs: 19.16 kg
baggage is on conveyor belt-------
---------baggage detected by sensor------------- 
Baggage weighs: 19.52 kg
baggage is on conveyor belt-------
---------baggage detected by sensor------------- 
Baggage weighs: 17.51 kg
baggage is on conveyor belt-------
---------baggage detected by sensor------------- 
Baggage weighs: 17.38 kg
baggage is on conveyor belt-------
---------baggage detected by sensor------------- 
Baggage weighs: 18.67 kg
baggage is on conveyor belt-------
---------baggage detected by sensor------------- 
Baggage weighs: 16.98 kg
baggage is on conveyor belt-------
---------baggage detected by sensor------------- 
Baggage weighs: 21.26 kg
baggage is on conveyor belt-------
---------baggage detected by sensor------------- 
Baggage weighs: 18.3 kg
baggage is on conveyor belt-------
---------baggage detected by sensor------------- 
Baggage weighs: 16.81 kg
baggage is on conveyor belt-------
---------baggage detected by sensor------------- 
Baggage weighs: 20.91 kg
baggage is on conveyor belt-------
---------baggage detected by sensor------------- 
Baggage weighs: 21.21 kg
baggage is on conveyor belt-------
---------baggage detected by sensor------------- 
Baggage weighs: 19.69 kg
baggage is on conveyor belt-------
---------baggage detected by sensor------------- 
Baggage weighs: 18.67 kg
baggage is on conveyor belt-------
---------baggage detected by sensor------------- 
Baggage weighs: 19.12 kg
baggage is on conveyor belt-------
---------baggage detected by sensor------------- 
Baggage weighs: 16.42 kg
baggage is on conveyor belt-------
---------baggage detected by sensor------------- 
Baggage weighs: 19.17 kg
baggage is on conveyor belt-------
---------baggage detected by sensor------------- 
Baggage weighs: 19.0 kg
baggage is on conveyor belt-------
---------baggage detected by sensor------------- 
Baggage weighs: 18.78 kg
baggage is on conveyor belt-------
---------baggage detected by sensor------------- 
Baggage weighs: 20.31 kg
baggage is on conveyor belt-------
---------baggage detected by sensor------------- 
Baggage weighs: 21.25 kg
baggage is on conveyor belt-------
---------baggage detected by sensor------------- 
Baggage weighs: 18.87 kg
baggage is on conveyor belt-------
---------baggage detected by sensor------------- 
Baggage weighs: 16.25 kg
baggage is on conveyor belt-------
---------baggage detected by sensor------------- 
Baggage weighs: 19.94 kg
baggage is on conveyor belt-------
---------baggage detected by sensor------------- 
Baggage weighs: 16.88 kg
baggage is on conveyor belt-------
---------baggage detected by sensor------------- 
Baggage weighs: 18.24 kg
baggage is on conveyor belt-------
---------baggage detected by sensor------------- 
Baggage weighs: 17.16 kg
baggage is on conveyor belt-------
---------baggage detected by sensor------------- 
Baggage weighs: 19.34 kg
baggage is on conveyor belt-------
---------baggage detected by sensor------------- 
Baggage weighs: 22.41 kg
baggage is on conveyor belt-------
---------baggage detected by sensor------------- 
Baggage weighs: 20.47 kg
baggage is on conveyor belt-------
---------baggage detected by sensor------------- 
Baggage weighs: 18.81 kg
baggage is on conveyor belt-------
---------baggage detected by sensor------------- 
Baggage weighs: 18.56 kg
baggage is on conveyor belt-------
---------baggage detected by sensor------------- 
Baggage weighs: 17.77 kg
baggage is on conveyor belt-------
---------baggage detected by sensor------------- 
Baggage weighs: 19.32 kg
baggage is on conveyor belt-------
---------baggage detected by sensor------------- 
Baggage weighs: 19.21 kg
baggage is on conveyor belt-------
---------baggage detected by sensor------------- 
Baggage weighs: 19.13 kg
Seat with ID: 18E has been reserved for you!

BOARDING PASS FOR MOLLY HOFFMAN
-----------------------------------------------------------------------------
LUFTHANSA                      o69uxlxqj3ltbbn /  Molly Hoffman
Molly Hoffman                                     /  o69uxlxqj3ltbbn
FRA   LH2121   E  30.Oct                       /  FRA
HKG                                            /  HKG
SEAT ID: 18E                                   /  LH2121 E 30.Oct
SEQ: 33                                      / GATE: A05   22:00
MAX 1  HANDLUGGAGE/ LUGGAGE
-----------------------------------------------------------------------------
sorry Molly Hoffman we have no voucher for you! Have a nice day!

---------------------------------------------------------------------------------------------------------------
scanning passport with passport id: 69LREI68B
searching for ticket in fast bag drop database..............
Ticket found for Lilian Newton and Flight LH2121
----searching flight seat for Lilian Newton---------
Found a seat with ID 18G
Below details were found in database
------------------------------------------
Name: Lilian Newton
Flight ID: LH2121
Source: FRA
Destination: HKG
Gate No: A05
Boarding time: 22:00
Ticket ID: d7bygkqrore628y
Booking Class: E
------------------------------------------

Proceed with check-in for flight LH2121 ?
Type YES to CHECK-IN or NO to cancel CHECK-IN
Lilian Newton is deciding whether to check-in or to go back home and sleep............
YES CHECK-IN
Checking you in...............
baggage is on conveyor belt-------
---------baggage detected by sensor------------- 
Baggage weighs: 21.58 kg
baggage is on conveyor belt-------
---------baggage detected by sensor------------- 
Baggage weighs: 20.43 kg
baggage is on conveyor belt-------
---------baggage detected by sensor------------- 
Baggage weighs: 18.47 kg
baggage is on conveyor belt-------
---------baggage detected by sensor------------- 
Baggage weighs: 17.86 kg
baggage is on conveyor belt-------
---------baggage detected by sensor------------- 
Baggage weighs: 18.65 kg
baggage is on conveyor belt-------
---------baggage detected by sensor------------- 
Baggage weighs: 19.27 kg
baggage is on conveyor belt-------
---------baggage detected by sensor------------- 
Baggage weighs: 17.42 kg
baggage is on conveyor belt-------
---------baggage detected by sensor------------- 
Baggage weighs: 19.16 kg
baggage is on conveyor belt-------
---------baggage detected by sensor------------- 
Baggage weighs: 19.52 kg
baggage is on conveyor belt-------
---------baggage detected by sensor------------- 
Baggage weighs: 17.51 kg
baggage is on conveyor belt-------
---------baggage detected by sensor------------- 
Baggage weighs: 17.38 kg
baggage is on conveyor belt-------
---------baggage detected by sensor------------- 
Baggage weighs: 18.67 kg
baggage is on conveyor belt-------
---------baggage detected by sensor------------- 
Baggage weighs: 16.98 kg
baggage is on conveyor belt-------
---------baggage detected by sensor------------- 
Baggage weighs: 21.26 kg
baggage is on conveyor belt-------
---------baggage detected by sensor------------- 
Baggage weighs: 18.3 kg
baggage is on conveyor belt-------
---------baggage detected by sensor------------- 
Baggage weighs: 16.81 kg
baggage is on conveyor belt-------
---------baggage detected by sensor------------- 
Baggage weighs: 20.91 kg
baggage is on conveyor belt-------
---------baggage detected by sensor------------- 
Baggage weighs: 21.21 kg
baggage is on conveyor belt-------
---------baggage detected by sensor------------- 
Baggage weighs: 19.69 kg
baggage is on conveyor belt-------
---------baggage detected by sensor------------- 
Baggage weighs: 18.67 kg
baggage is on conveyor belt-------
---------baggage detected by sensor------------- 
Baggage weighs: 19.12 kg
baggage is on conveyor belt-------
---------baggage detected by sensor------------- 
Baggage weighs: 16.42 kg
baggage is on conveyor belt-------
---------baggage detected by sensor------------- 
Baggage weighs: 19.17 kg
baggage is on conveyor belt-------
---------baggage detected by sensor------------- 
Baggage weighs: 19.0 kg
baggage is on conveyor belt-------
---------baggage detected by sensor------------- 
Baggage weighs: 18.78 kg
baggage is on conveyor belt-------
---------baggage detected by sensor------------- 
Baggage weighs: 20.31 kg
baggage is on conveyor belt-------
---------baggage detected by sensor------------- 
Baggage weighs: 21.25 kg
baggage is on conveyor belt-------
---------baggage detected by sensor------------- 
Baggage weighs: 18.87 kg
baggage is on conveyor belt-------
---------baggage detected by sensor------------- 
Baggage weighs: 16.25 kg
baggage is on conveyor belt-------
---------baggage detected by sensor------------- 
Baggage weighs: 19.94 kg
baggage is on conveyor belt-------
---------baggage detected by sensor------------- 
Baggage weighs: 16.88 kg
baggage is on conveyor belt-------
---------baggage detected by sensor------------- 
Baggage weighs: 18.24 kg
baggage is on conveyor belt-------
---------baggage detected by sensor------------- 
Baggage weighs: 17.16 kg
baggage is on conveyor belt-------
---------baggage detected by sensor------------- 
Baggage weighs: 19.34 kg
baggage is on conveyor belt-------
---------baggage detected by sensor------------- 
Baggage weighs: 22.41 kg
baggage is on conveyor belt-------
---------baggage detected by sensor------------- 
Baggage weighs: 20.47 kg
baggage is on conveyor belt-------
---------baggage detected by sensor------------- 
Baggage weighs: 18.81 kg
baggage is on conveyor belt-------
---------baggage detected by sensor------------- 
Baggage weighs: 18.56 kg
baggage is on conveyor belt-------
---------baggage detected by sensor------------- 
Baggage weighs: 17.77 kg
baggage is on conveyor belt-------
---------baggage detected by sensor------------- 
Baggage weighs: 19.32 kg
baggage is on conveyor belt-------
---------baggage detected by sensor------------- 
Baggage weighs: 19.21 kg
baggage is on conveyor belt-------
---------baggage detected by sensor------------- 
Baggage weighs: 19.13 kg
baggage is on conveyor belt-------
---------baggage detected by sensor------------- 
Baggage weighs: 20.39 kg
Seat with ID: 18G has been reserved for you!

BOARDING PASS FOR LILIAN NEWTON
-----------------------------------------------------------------------------
LUFTHANSA                      d7bygkqrore628y /  Lilian Newton
Lilian Newton                                     /  d7bygkqrore628y
FRA   LH2121   E  30.Oct                       /  FRA
HKG                                            /  HKG
SEAT ID: 18G                                   /  LH2121 E 30.Oct
SEQ: 34                                      / GATE: A05   22:00
MAX 1  HANDLUGGAGE/ LUGGAGE
-----------------------------------------------------------------------------
sorry Lilian Newton we have no voucher for you! Have a nice day!

---------------------------------------------------------------------------------------------------------------
scanning passport with passport id: HDLABYWR9
searching for ticket in fast bag drop database..............
Ticket found for Zelma Tyler and Flight LH2121
----searching flight seat for Zelma Tyler---------
Found a seat with ID 18H
Below details were found in database
------------------------------------------
Name: Zelma Tyler
Flight ID: LH2121
Source: FRA
Destination: HKG
Gate No: A05
Boarding time: 22:00
Ticket ID: 5o4xts9kyjzlswa
Booking Class: E
------------------------------------------

Proceed with check-in for flight LH2121 ?
Type YES to CHECK-IN or NO to cancel CHECK-IN
Zelma Tyler is deciding whether to check-in or to go back home and sleep............
YES CHECK-IN
Checking you in...............
baggage is on conveyor belt-------
---------baggage detected by sensor------------- 
Baggage weighs: 21.58 kg
baggage is on conveyor belt-------
---------baggage detected by sensor------------- 
Baggage weighs: 20.43 kg
baggage is on conveyor belt-------
---------baggage detected by sensor------------- 
Baggage weighs: 18.47 kg
baggage is on conveyor belt-------
---------baggage detected by sensor------------- 
Baggage weighs: 17.86 kg
baggage is on conveyor belt-------
---------baggage detected by sensor------------- 
Baggage weighs: 18.65 kg
baggage is on conveyor belt-------
---------baggage detected by sensor------------- 
Baggage weighs: 19.27 kg
baggage is on conveyor belt-------
---------baggage detected by sensor------------- 
Baggage weighs: 17.42 kg
baggage is on conveyor belt-------
---------baggage detected by sensor------------- 
Baggage weighs: 19.16 kg
baggage is on conveyor belt-------
---------baggage detected by sensor------------- 
Baggage weighs: 19.52 kg
baggage is on conveyor belt-------
---------baggage detected by sensor------------- 
Baggage weighs: 17.51 kg
baggage is on conveyor belt-------
---------baggage detected by sensor------------- 
Baggage weighs: 17.38 kg
baggage is on conveyor belt-------
---------baggage detected by sensor------------- 
Baggage weighs: 18.67 kg
baggage is on conveyor belt-------
---------baggage detected by sensor------------- 
Baggage weighs: 16.98 kg
baggage is on conveyor belt-------
---------baggage detected by sensor------------- 
Baggage weighs: 21.26 kg
baggage is on conveyor belt-------
---------baggage detected by sensor------------- 
Baggage weighs: 18.3 kg
baggage is on conveyor belt-------
---------baggage detected by sensor------------- 
Baggage weighs: 16.81 kg
baggage is on conveyor belt-------
---------baggage detected by sensor------------- 
Baggage weighs: 20.91 kg
baggage is on conveyor belt-------
---------baggage detected by sensor------------- 
Baggage weighs: 21.21 kg
baggage is on conveyor belt-------
---------baggage detected by sensor------------- 
Baggage weighs: 19.69 kg
baggage is on conveyor belt-------
---------baggage detected by sensor------------- 
Baggage weighs: 18.67 kg
baggage is on conveyor belt-------
---------baggage detected by sensor------------- 
Baggage weighs: 19.12 kg
baggage is on conveyor belt-------
---------baggage detected by sensor------------- 
Baggage weighs: 16.42 kg
baggage is on conveyor belt-------
---------baggage detected by sensor------------- 
Baggage weighs: 19.17 kg
baggage is on conveyor belt-------
---------baggage detected by sensor------------- 
Baggage weighs: 19.0 kg
baggage is on conveyor belt-------
---------baggage detected by sensor------------- 
Baggage weighs: 18.78 kg
baggage is on conveyor belt-------
---------baggage detected by sensor------------- 
Baggage weighs: 20.31 kg
baggage is on conveyor belt-------
---------baggage detected by sensor------------- 
Baggage weighs: 21.25 kg
baggage is on conveyor belt-------
---------baggage detected by sensor------------- 
Baggage weighs: 18.87 kg
baggage is on conveyor belt-------
---------baggage detected by sensor------------- 
Baggage weighs: 16.25 kg
baggage is on conveyor belt-------
---------baggage detected by sensor------------- 
Baggage weighs: 19.94 kg
baggage is on conveyor belt-------
---------baggage detected by sensor------------- 
Baggage weighs: 16.88 kg
baggage is on conveyor belt-------
---------baggage detected by sensor------------- 
Baggage weighs: 18.24 kg
baggage is on conveyor belt-------
---------baggage detected by sensor------------- 
Baggage weighs: 17.16 kg
baggage is on conveyor belt-------
---------baggage detected by sensor------------- 
Baggage weighs: 19.34 kg
baggage is on conveyor belt-------
---------baggage detected by sensor------------- 
Baggage weighs: 22.41 kg
baggage is on conveyor belt-------
---------baggage detected by sensor------------- 
Baggage weighs: 20.47 kg
baggage is on conveyor belt-------
---------baggage detected by sensor------------- 
Baggage weighs: 18.81 kg
baggage is on conveyor belt-------
---------baggage detected by sensor------------- 
Baggage weighs: 18.56 kg
baggage is on conveyor belt-------
---------baggage detected by sensor------------- 
Baggage weighs: 17.77 kg
baggage is on conveyor belt-------
---------baggage detected by sensor------------- 
Baggage weighs: 19.32 kg
baggage is on conveyor belt-------
---------baggage detected by sensor------------- 
Baggage weighs: 19.21 kg
baggage is on conveyor belt-------
---------baggage detected by sensor------------- 
Baggage weighs: 19.13 kg
baggage is on conveyor belt-------
---------baggage detected by sensor------------- 
Baggage weighs: 20.39 kg
baggage is on conveyor belt-------
---------baggage detected by sensor------------- 
Baggage weighs: 21.03 kg
Seat with ID: 18H has been reserved for you!

BOARDING PASS FOR ZELMA TYLER
-----------------------------------------------------------------------------
LUFTHANSA                      5o4xts9kyjzlswa /  Zelma Tyler
Zelma Tyler                                     /  5o4xts9kyjzlswa
FRA   LH2121   E  30.Oct                       /  FRA
HKG                                            /  HKG
SEAT ID: 18H                                   /  LH2121 E 30.Oct
SEQ: 35                                      / GATE: A05   22:00
MAX 1  HANDLUGGAGE/ LUGGAGE
-----------------------------------------------------------------------------
sorry Zelma Tyler we have no voucher for you! Have a nice day!

---------------------------------------------------------------------------------------------------------------
scanning passport with passport id: B0PWGGMXR
searching for ticket in fast bag drop database..............
Ticket found for Lilia French and Flight LH2121
----searching flight seat for Lilia French---------
Found a seat with ID 18J
Below details were found in database
------------------------------------------
Name: Lilia French
Flight ID: LH2121
Source: FRA
Destination: HKG
Gate No: A05
Boarding time: 22:00
Ticket ID: vjpnqaijl40w6gk
Booking Class: E
------------------------------------------

Proceed with check-in for flight LH2121 ?
Type YES to CHECK-IN or NO to cancel CHECK-IN
Lilia French is deciding whether to check-in or to go back home and sleep............
YES CHECK-IN
Checking you in...............
baggage is on conveyor belt-------
---------baggage detected by sensor------------- 
Baggage weighs: 21.58 kg
baggage is on conveyor belt-------
---------baggage detected by sensor------------- 
Baggage weighs: 20.43 kg
baggage is on conveyor belt-------
---------baggage detected by sensor------------- 
Baggage weighs: 18.47 kg
baggage is on conveyor belt-------
---------baggage detected by sensor------------- 
Baggage weighs: 17.86 kg
baggage is on conveyor belt-------
---------baggage detected by sensor------------- 
Baggage weighs: 18.65 kg
baggage is on conveyor belt-------
---------baggage detected by sensor------------- 
Baggage weighs: 19.27 kg
baggage is on conveyor belt-------
---------baggage detected by sensor------------- 
Baggage weighs: 17.42 kg
baggage is on conveyor belt-------
---------baggage detected by sensor------------- 
Baggage weighs: 19.16 kg
baggage is on conveyor belt-------
---------baggage detected by sensor------------- 
Baggage weighs: 19.52 kg
baggage is on conveyor belt-------
---------baggage detected by sensor------------- 
Baggage weighs: 17.51 kg
baggage is on conveyor belt-------
---------baggage detected by sensor------------- 
Baggage weighs: 17.38 kg
baggage is on conveyor belt-------
---------baggage detected by sensor------------- 
Baggage weighs: 18.67 kg
baggage is on conveyor belt-------
---------baggage detected by sensor------------- 
Baggage weighs: 16.98 kg
baggage is on conveyor belt-------
---------baggage detected by sensor------------- 
Baggage weighs: 21.26 kg
baggage is on conveyor belt-------
---------baggage detected by sensor------------- 
Baggage weighs: 18.3 kg
baggage is on conveyor belt-------
---------baggage detected by sensor------------- 
Baggage weighs: 16.81 kg
baggage is on conveyor belt-------
---------baggage detected by sensor------------- 
Baggage weighs: 20.91 kg
baggage is on conveyor belt-------
---------baggage detected by sensor------------- 
Baggage weighs: 21.21 kg
baggage is on conveyor belt-------
---------baggage detected by sensor------------- 
Baggage weighs: 19.69 kg
baggage is on conveyor belt-------
---------baggage detected by sensor------------- 
Baggage weighs: 18.67 kg
baggage is on conveyor belt-------
---------baggage detected by sensor------------- 
Baggage weighs: 19.12 kg
baggage is on conveyor belt-------
---------baggage detected by sensor------------- 
Baggage weighs: 16.42 kg
baggage is on conveyor belt-------
---------baggage detected by sensor------------- 
Baggage weighs: 19.17 kg
baggage is on conveyor belt-------
---------baggage detected by sensor------------- 
Baggage weighs: 19.0 kg
baggage is on conveyor belt-------
---------baggage detected by sensor------------- 
Baggage weighs: 18.78 kg
baggage is on conveyor belt-------
---------baggage detected by sensor------------- 
Baggage weighs: 20.31 kg
baggage is on conveyor belt-------
---------baggage detected by sensor------------- 
Baggage weighs: 21.25 kg
baggage is on conveyor belt-------
---------baggage detected by sensor------------- 
Baggage weighs: 18.87 kg
baggage is on conveyor belt-------
---------baggage detected by sensor------------- 
Baggage weighs: 16.25 kg
baggage is on conveyor belt-------
---------baggage detected by sensor------------- 
Baggage weighs: 19.94 kg
baggage is on conveyor belt-------
---------baggage detected by sensor------------- 
Baggage weighs: 16.88 kg
baggage is on conveyor belt-------
---------baggage detected by sensor------------- 
Baggage weighs: 18.24 kg
baggage is on conveyor belt-------
---------baggage detected by sensor------------- 
Baggage weighs: 17.16 kg
baggage is on conveyor belt-------
---------baggage detected by sensor------------- 
Baggage weighs: 19.34 kg
baggage is on conveyor belt-------
---------baggage detected by sensor------------- 
Baggage weighs: 22.41 kg
baggage is on conveyor belt-------
---------baggage detected by sensor------------- 
Baggage weighs: 20.47 kg
baggage is on conveyor belt-------
---------baggage detected by sensor------------- 
Baggage weighs: 18.81 kg
baggage is on conveyor belt-------
---------baggage detected by sensor------------- 
Baggage weighs: 18.56 kg
baggage is on conveyor belt-------
---------baggage detected by sensor------------- 
Baggage weighs: 17.77 kg
baggage is on conveyor belt-------
---------baggage detected by sensor------------- 
Baggage weighs: 19.32 kg
baggage is on conveyor belt-------
---------baggage detected by sensor------------- 
Baggage weighs: 19.21 kg
baggage is on conveyor belt-------
---------baggage detected by sensor------------- 
Baggage weighs: 19.13 kg
baggage is on conveyor belt-------
---------baggage detected by sensor------------- 
Baggage weighs: 20.39 kg
baggage is on conveyor belt-------
---------baggage detected by sensor------------- 
Baggage weighs: 21.03 kg
baggage is on conveyor belt-------
---------baggage detected by sensor------------- 
Baggage weighs: 20.05 kg
Seat with ID: 18J has been reserved for you!

BOARDING PASS FOR LILIA FRENCH
-----------------------------------------------------------------------------
LUFTHANSA                      vjpnqaijl40w6gk /  Lilia French
Lilia French                                     /  vjpnqaijl40w6gk
FRA   LH2121   E  30.Oct                       /  FRA
HKG                                            /  HKG
SEAT ID: 18J                                   /  LH2121 E 30.Oct
SEQ: 36                                      / GATE: A05   22:00
MAX 1  HANDLUGGAGE/ LUGGAGE
-----------------------------------------------------------------------------
sorry Lilia French we have no voucher for you! Have a nice day!

---------------------------------------------------------------------------------------------------------------
scanning passport with passport id: 1G82HF4VR
searching for ticket in fast bag drop database..............
Ticket found for Britt Larsen and Flight LH2121
----searching flight seat for Britt Larsen---------
Found a seat with ID 18K
Below details were found in database
------------------------------------------
Name: Britt Larsen
Flight ID: LH2121
Source: FRA
Destination: HKG
Gate No: A05
Boarding time: 22:00
Ticket ID: hu4l2p88ow9qe7z
Booking Class: E
------------------------------------------

Proceed with check-in for flight LH2121 ?
Type YES to CHECK-IN or NO to cancel CHECK-IN
Britt Larsen is deciding whether to check-in or to go back home and sleep............
YES CHECK-IN
Checking you in...............
baggage is on conveyor belt-------
---------baggage detected by sensor------------- 
Baggage weighs: 21.58 kg
baggage is on conveyor belt-------
---------baggage detected by sensor------------- 
Baggage weighs: 20.43 kg
baggage is on conveyor belt-------
---------baggage detected by sensor------------- 
Baggage weighs: 18.47 kg
baggage is on conveyor belt-------
---------baggage detected by sensor------------- 
Baggage weighs: 17.86 kg
baggage is on conveyor belt-------
---------baggage detected by sensor------------- 
Baggage weighs: 18.65 kg
baggage is on conveyor belt-------
---------baggage detected by sensor------------- 
Baggage weighs: 19.27 kg
baggage is on conveyor belt-------
---------baggage detected by sensor------------- 
Baggage weighs: 17.42 kg
baggage is on conveyor belt-------
---------baggage detected by sensor------------- 
Baggage weighs: 19.16 kg
baggage is on conveyor belt-------
---------baggage detected by sensor------------- 
Baggage weighs: 19.52 kg
baggage is on conveyor belt-------
---------baggage detected by sensor------------- 
Baggage weighs: 17.51 kg
baggage is on conveyor belt-------
---------baggage detected by sensor------------- 
Baggage weighs: 17.38 kg
baggage is on conveyor belt-------
---------baggage detected by sensor------------- 
Baggage weighs: 18.67 kg
baggage is on conveyor belt-------
---------baggage detected by sensor------------- 
Baggage weighs: 16.98 kg
baggage is on conveyor belt-------
---------baggage detected by sensor------------- 
Baggage weighs: 21.26 kg
baggage is on conveyor belt-------
---------baggage detected by sensor------------- 
Baggage weighs: 18.3 kg
baggage is on conveyor belt-------
---------baggage detected by sensor------------- 
Baggage weighs: 16.81 kg
baggage is on conveyor belt-------
---------baggage detected by sensor------------- 
Baggage weighs: 20.91 kg
baggage is on conveyor belt-------
---------baggage detected by sensor------------- 
Baggage weighs: 21.21 kg
baggage is on conveyor belt-------
---------baggage detected by sensor------------- 
Baggage weighs: 19.69 kg
baggage is on conveyor belt-------
---------baggage detected by sensor------------- 
Baggage weighs: 18.67 kg
baggage is on conveyor belt-------
---------baggage detected by sensor------------- 
Baggage weighs: 19.12 kg
baggage is on conveyor belt-------
---------baggage detected by sensor------------- 
Baggage weighs: 16.42 kg
baggage is on conveyor belt-------
---------baggage detected by sensor------------- 
Baggage weighs: 19.17 kg
baggage is on conveyor belt-------
---------baggage detected by sensor------------- 
Baggage weighs: 19.0 kg
baggage is on conveyor belt-------
---------baggage detected by sensor------------- 
Baggage weighs: 18.78 kg
baggage is on conveyor belt-------
---------baggage detected by sensor------------- 
Baggage weighs: 20.31 kg
baggage is on conveyor belt-------
---------baggage detected by sensor------------- 
Baggage weighs: 21.25 kg
baggage is on conveyor belt-------
---------baggage detected by sensor------------- 
Baggage weighs: 18.87 kg
baggage is on conveyor belt-------
---------baggage detected by sensor------------- 
Baggage weighs: 16.25 kg
baggage is on conveyor belt-------
---------baggage detected by sensor------------- 
Baggage weighs: 19.94 kg
baggage is on conveyor belt-------
---------baggage detected by sensor------------- 
Baggage weighs: 16.88 kg
baggage is on conveyor belt-------
---------baggage detected by sensor------------- 
Baggage weighs: 18.24 kg
baggage is on conveyor belt-------
---------baggage detected by sensor------------- 
Baggage weighs: 17.16 kg
baggage is on conveyor belt-------
---------baggage detected by sensor------------- 
Baggage weighs: 19.34 kg
baggage is on conveyor belt-------
---------baggage detected by sensor------------- 
Baggage weighs: 22.41 kg
baggage is on conveyor belt-------
---------baggage detected by sensor------------- 
Baggage weighs: 20.47 kg
baggage is on conveyor belt-------
---------baggage detected by sensor------------- 
Baggage weighs: 18.81 kg
baggage is on conveyor belt-------
---------baggage detected by sensor------------- 
Baggage weighs: 18.56 kg
baggage is on conveyor belt-------
---------baggage detected by sensor------------- 
Baggage weighs: 17.77 kg
baggage is on conveyor belt-------
---------baggage detected by sensor------------- 
Baggage weighs: 19.32 kg
baggage is on conveyor belt-------
---------baggage detected by sensor------------- 
Baggage weighs: 19.21 kg
baggage is on conveyor belt-------
---------baggage detected by sensor------------- 
Baggage weighs: 19.13 kg
baggage is on conveyor belt-------
---------baggage detected by sensor------------- 
Baggage weighs: 20.39 kg
baggage is on conveyor belt-------
---------baggage detected by sensor------------- 
Baggage weighs: 21.03 kg
baggage is on conveyor belt-------
---------baggage detected by sensor------------- 
Baggage weighs: 20.05 kg
baggage is on conveyor belt-------
---------baggage detected by sensor------------- 
Baggage weighs: 21.92 kg
Seat with ID: 18K has been reserved for you!

BOARDING PASS FOR BRITT LARSEN
-----------------------------------------------------------------------------
LUFTHANSA                      hu4l2p88ow9qe7z /  Britt Larsen
Britt Larsen                                     /  hu4l2p88ow9qe7z
FRA   LH2121   E  30.Oct                       /  FRA
HKG                                            /  HKG
SEAT ID: 18K                                   /  LH2121 E 30.Oct
SEQ: 37                                      / GATE: A05   22:00
MAX 1  HANDLUGGAGE/ LUGGAGE
-----------------------------------------------------------------------------
sorry Britt Larsen we have no voucher for you! Have a nice day!

---------------------------------------------------------------------------------------------------------------
scanning passport with passport id: 1WDP0263B
searching for ticket in fast bag drop database..............
Ticket found for Cherie Morris and Flight LH2121
----searching flight seat for Cherie Morris---------
Found a seat with ID 19A
Below details were found in database
------------------------------------------
Name: Cherie Morris
Flight ID: LH2121
Source: FRA
Destination: HKG
Gate No: A05
Boarding time: 22:00
Ticket ID: s3rmh052dgryk5o
Booking Class: E
------------------------------------------

Proceed with check-in for flight LH2121 ?
Type YES to CHECK-IN or NO to cancel CHECK-IN
Cherie Morris is deciding whether to check-in or to go back home and sleep............
YES CHECK-IN
Checking you in...............
baggage is on conveyor belt-------
---------baggage detected by sensor------------- 
Baggage weighs: 21.58 kg
baggage is on conveyor belt-------
---------baggage detected by sensor------------- 
Baggage weighs: 20.43 kg
baggage is on conveyor belt-------
---------baggage detected by sensor------------- 
Baggage weighs: 18.47 kg
baggage is on conveyor belt-------
---------baggage detected by sensor------------- 
Baggage weighs: 17.86 kg
baggage is on conveyor belt-------
---------baggage detected by sensor------------- 
Baggage weighs: 18.65 kg
baggage is on conveyor belt-------
---------baggage detected by sensor------------- 
Baggage weighs: 19.27 kg
baggage is on conveyor belt-------
---------baggage detected by sensor------------- 
Baggage weighs: 17.42 kg
baggage is on conveyor belt-------
---------baggage detected by sensor------------- 
Baggage weighs: 19.16 kg
baggage is on conveyor belt-------
---------baggage detected by sensor------------- 
Baggage weighs: 19.52 kg
baggage is on conveyor belt-------
---------baggage detected by sensor------------- 
Baggage weighs: 17.51 kg
baggage is on conveyor belt-------
---------baggage detected by sensor------------- 
Baggage weighs: 17.38 kg
baggage is on conveyor belt-------
---------baggage detected by sensor------------- 
Baggage weighs: 18.67 kg
baggage is on conveyor belt-------
---------baggage detected by sensor------------- 
Baggage weighs: 16.98 kg
baggage is on conveyor belt-------
---------baggage detected by sensor------------- 
Baggage weighs: 21.26 kg
baggage is on conveyor belt-------
---------baggage detected by sensor------------- 
Baggage weighs: 18.3 kg
baggage is on conveyor belt-------
---------baggage detected by sensor------------- 
Baggage weighs: 16.81 kg
baggage is on conveyor belt-------
---------baggage detected by sensor------------- 
Baggage weighs: 20.91 kg
baggage is on conveyor belt-------
---------baggage detected by sensor------------- 
Baggage weighs: 21.21 kg
baggage is on conveyor belt-------
---------baggage detected by sensor------------- 
Baggage weighs: 19.69 kg
baggage is on conveyor belt-------
---------baggage detected by sensor------------- 
Baggage weighs: 18.67 kg
baggage is on conveyor belt-------
---------baggage detected by sensor------------- 
Baggage weighs: 19.12 kg
baggage is on conveyor belt-------
---------baggage detected by sensor------------- 
Baggage weighs: 16.42 kg
baggage is on conveyor belt-------
---------baggage detected by sensor------------- 
Baggage weighs: 19.17 kg
baggage is on conveyor belt-------
---------baggage detected by sensor------------- 
Baggage weighs: 19.0 kg
baggage is on conveyor belt-------
---------baggage detected by sensor------------- 
Baggage weighs: 18.78 kg
baggage is on conveyor belt-------
---------baggage detected by sensor------------- 
Baggage weighs: 20.31 kg
baggage is on conveyor belt-------
---------baggage detected by sensor------------- 
Baggage weighs: 21.25 kg
baggage is on conveyor belt-------
---------baggage detected by sensor------------- 
Baggage weighs: 18.87 kg
baggage is on conveyor belt-------
---------baggage detected by sensor------------- 
Baggage weighs: 16.25 kg
baggage is on conveyor belt-------
---------baggage detected by sensor------------- 
Baggage weighs: 19.94 kg
baggage is on conveyor belt-------
---------baggage detected by sensor------------- 
Baggage weighs: 16.88 kg
baggage is on conveyor belt-------
---------baggage detected by sensor------------- 
Baggage weighs: 18.24 kg
baggage is on conveyor belt-------
---------baggage detected by sensor------------- 
Baggage weighs: 17.16 kg
baggage is on conveyor belt-------
---------baggage detected by sensor------------- 
Baggage weighs: 19.34 kg
baggage is on conveyor belt-------
---------baggage detected by sensor------------- 
Baggage weighs: 22.41 kg
baggage is on conveyor belt-------
---------baggage detected by sensor------------- 
Baggage weighs: 20.47 kg
baggage is on conveyor belt-------
---------baggage detected by sensor------------- 
Baggage weighs: 18.81 kg
baggage is on conveyor belt-------
---------baggage detected by sensor------------- 
Baggage weighs: 18.56 kg
baggage is on conveyor belt-------
---------baggage detected by sensor------------- 
Baggage weighs: 17.77 kg
baggage is on conveyor belt-------
---------baggage detected by sensor------------- 
Baggage weighs: 19.32 kg
baggage is on conveyor belt-------
---------baggage detected by sensor------------- 
Baggage weighs: 19.21 kg
baggage is on conveyor belt-------
---------baggage detected by sensor------------- 
Baggage weighs: 19.13 kg
baggage is on conveyor belt-------
---------baggage detected by sensor------------- 
Baggage weighs: 20.39 kg
baggage is on conveyor belt-------
---------baggage detected by sensor------------- 
Baggage weighs: 21.03 kg
baggage is on conveyor belt-------
---------baggage detected by sensor------------- 
Baggage weighs: 20.05 kg
baggage is on conveyor belt-------
---------baggage detected by sensor------------- 
Baggage weighs: 21.92 kg
baggage is on conveyor belt-------
---------baggage detected by sensor------------- 
Baggage weighs: 19.37 kg
Seat with ID: 19A has been reserved for you!

BOARDING PASS FOR CHERIE MORRIS
-----------------------------------------------------------------------------
LUFTHANSA                      s3rmh052dgryk5o /  Cherie Morris
Cherie Morris                                     /  s3rmh052dgryk5o
FRA   LH2121   E  30.Oct                       /  FRA
HKG                                            /  HKG
SEAT ID: 19A                                   /  LH2121 E 30.Oct
SEQ: 38                                      / GATE: A05   22:00
MAX 1  HANDLUGGAGE/ LUGGAGE
-----------------------------------------------------------------------------
sorry Cherie Morris we have no voucher for you! Have a nice day!

---------------------------------------------------------------------------------------------------------------
scanning passport with passport id: H75XWUJBC
searching for ticket in fast bag drop database..............
Ticket found for Jefferey Nolan and Flight LH2121
----searching flight seat for Jefferey Nolan---------
Found a seat with ID 19B
Below details were found in database
------------------------------------------
Name: Jefferey Nolan
Flight ID: LH2121
Source: FRA
Destination: HKG
Gate No: A05
Boarding time: 22:00
Ticket ID: 2m7z9hek5lugo82
Booking Class: E
------------------------------------------

Proceed with check-in for flight LH2121 ?
Type YES to CHECK-IN or NO to cancel CHECK-IN
Jefferey Nolan is deciding whether to check-in or to go back home and sleep............
YES CHECK-IN
Checking you in...............
baggage is on conveyor belt-------
---------baggage detected by sensor------------- 
Baggage weighs: 21.58 kg
baggage is on conveyor belt-------
---------baggage detected by sensor------------- 
Baggage weighs: 20.43 kg
baggage is on conveyor belt-------
---------baggage detected by sensor------------- 
Baggage weighs: 18.47 kg
baggage is on conveyor belt-------
---------baggage detected by sensor------------- 
Baggage weighs: 17.86 kg
baggage is on conveyor belt-------
---------baggage detected by sensor------------- 
Baggage weighs: 18.65 kg
baggage is on conveyor belt-------
---------baggage detected by sensor------------- 
Baggage weighs: 19.27 kg
baggage is on conveyor belt-------
---------baggage detected by sensor------------- 
Baggage weighs: 17.42 kg
baggage is on conveyor belt-------
---------baggage detected by sensor------------- 
Baggage weighs: 19.16 kg
baggage is on conveyor belt-------
---------baggage detected by sensor------------- 
Baggage weighs: 19.52 kg
baggage is on conveyor belt-------
---------baggage detected by sensor------------- 
Baggage weighs: 17.51 kg
baggage is on conveyor belt-------
---------baggage detected by sensor------------- 
Baggage weighs: 17.38 kg
baggage is on conveyor belt-------
---------baggage detected by sensor------------- 
Baggage weighs: 18.67 kg
baggage is on conveyor belt-------
---------baggage detected by sensor------------- 
Baggage weighs: 16.98 kg
baggage is on conveyor belt-------
---------baggage detected by sensor------------- 
Baggage weighs: 21.26 kg
baggage is on conveyor belt-------
---------baggage detected by sensor------------- 
Baggage weighs: 18.3 kg
baggage is on conveyor belt-------
---------baggage detected by sensor------------- 
Baggage weighs: 16.81 kg
baggage is on conveyor belt-------
---------baggage detected by sensor------------- 
Baggage weighs: 20.91 kg
baggage is on conveyor belt-------
---------baggage detected by sensor------------- 
Baggage weighs: 21.21 kg
baggage is on conveyor belt-------
---------baggage detected by sensor------------- 
Baggage weighs: 19.69 kg
baggage is on conveyor belt-------
---------baggage detected by sensor------------- 
Baggage weighs: 18.67 kg
baggage is on conveyor belt-------
---------baggage detected by sensor------------- 
Baggage weighs: 19.12 kg
baggage is on conveyor belt-------
---------baggage detected by sensor------------- 
Baggage weighs: 16.42 kg
baggage is on conveyor belt-------
---------baggage detected by sensor------------- 
Baggage weighs: 19.17 kg
baggage is on conveyor belt-------
---------baggage detected by sensor------------- 
Baggage weighs: 19.0 kg
baggage is on conveyor belt-------
---------baggage detected by sensor------------- 
Baggage weighs: 18.78 kg
baggage is on conveyor belt-------
---------baggage detected by sensor------------- 
Baggage weighs: 20.31 kg
baggage is on conveyor belt-------
---------baggage detected by sensor------------- 
Baggage weighs: 21.25 kg
baggage is on conveyor belt-------
---------baggage detected by sensor------------- 
Baggage weighs: 18.87 kg
baggage is on conveyor belt-------
---------baggage detected by sensor------------- 
Baggage weighs: 16.25 kg
baggage is on conveyor belt-------
---------baggage detected by sensor------------- 
Baggage weighs: 19.94 kg
baggage is on conveyor belt-------
---------baggage detected by sensor------------- 
Baggage weighs: 16.88 kg
baggage is on conveyor belt-------
---------baggage detected by sensor------------- 
Baggage weighs: 18.24 kg
baggage is on conveyor belt-------
---------baggage detected by sensor------------- 
Baggage weighs: 17.16 kg
baggage is on conveyor belt-------
---------baggage detected by sensor------------- 
Baggage weighs: 19.34 kg
baggage is on conveyor belt-------
---------baggage detected by sensor------------- 
Baggage weighs: 22.41 kg
baggage is on conveyor belt-------
---------baggage detected by sensor------------- 
Baggage weighs: 20.47 kg
baggage is on conveyor belt-------
---------baggage detected by sensor------------- 
Baggage weighs: 18.81 kg
baggage is on conveyor belt-------
---------baggage detected by sensor------------- 
Baggage weighs: 18.56 kg
baggage is on conveyor belt-------
---------baggage detected by sensor------------- 
Baggage weighs: 17.77 kg
baggage is on conveyor belt-------
---------baggage detected by sensor------------- 
Baggage weighs: 19.32 kg
baggage is on conveyor belt-------
---------baggage detected by sensor------------- 
Baggage weighs: 19.21 kg
baggage is on conveyor belt-------
---------baggage detected by sensor------------- 
Baggage weighs: 19.13 kg
baggage is on conveyor belt-------
---------baggage detected by sensor------------- 
Baggage weighs: 20.39 kg
baggage is on conveyor belt-------
---------baggage detected by sensor------------- 
Baggage weighs: 21.03 kg
baggage is on conveyor belt-------
---------baggage detected by sensor------------- 
Baggage weighs: 20.05 kg
baggage is on conveyor belt-------
---------baggage detected by sensor------------- 
Baggage weighs: 21.92 kg
baggage is on conveyor belt-------
---------baggage detected by sensor------------- 
Baggage weighs: 19.37 kg
baggage is on conveyor belt-------
---------baggage detected by sensor------------- 
Baggage weighs: 20.35 kg
Seat with ID: 19B has been reserved for you!

BOARDING PASS FOR JEFFEREY NOLAN
-----------------------------------------------------------------------------
LUFTHANSA                      2m7z9hek5lugo82 /  Jefferey Nolan
Jefferey Nolan                                     /  2m7z9hek5lugo82
FRA   LH2121   E  30.Oct                       /  FRA
HKG                                            /  HKG
SEAT ID: 19B                                   /  LH2121 E 30.Oct
SEQ: 39                                      / GATE: A05   22:00
MAX 1  HANDLUGGAGE/ LUGGAGE
-----------------------------------------------------------------------------
sorry Jefferey Nolan we have no voucher for you! Have a nice day!

---------------------------------------------------------------------------------------------------------------
scanning passport with passport id: BF1JEI0SA
searching for ticket in fast bag drop database..............
Ticket found for Jess Whitney and Flight LH2121
----searching flight seat for Jess Whitney---------
Found a seat with ID 19C
Below details were found in database
------------------------------------------
Name: Jess Whitney
Flight ID: LH2121
Source: FRA
Destination: HKG
Gate No: A05
Boarding time: 22:00
Ticket ID: yxf9fbbegb3bdnw
Booking Class: E
------------------------------------------

Proceed with check-in for flight LH2121 ?
Type YES to CHECK-IN or NO to cancel CHECK-IN
Jess Whitney is deciding whether to check-in or to go back home and sleep............
YES CHECK-IN
Checking you in...............
baggage is on conveyor belt-------
---------baggage detected by sensor------------- 
Baggage weighs: 21.58 kg
baggage is on conveyor belt-------
---------baggage detected by sensor------------- 
Baggage weighs: 20.43 kg
baggage is on conveyor belt-------
---------baggage detected by sensor------------- 
Baggage weighs: 18.47 kg
baggage is on conveyor belt-------
---------baggage detected by sensor------------- 
Baggage weighs: 17.86 kg
baggage is on conveyor belt-------
---------baggage detected by sensor------------- 
Baggage weighs: 18.65 kg
baggage is on conveyor belt-------
---------baggage detected by sensor------------- 
Baggage weighs: 19.27 kg
baggage is on conveyor belt-------
---------baggage detected by sensor------------- 
Baggage weighs: 17.42 kg
baggage is on conveyor belt-------
---------baggage detected by sensor------------- 
Baggage weighs: 19.16 kg
baggage is on conveyor belt-------
---------baggage detected by sensor------------- 
Baggage weighs: 19.52 kg
baggage is on conveyor belt-------
---------baggage detected by sensor------------- 
Baggage weighs: 17.51 kg
baggage is on conveyor belt-------
---------baggage detected by sensor------------- 
Baggage weighs: 17.38 kg
baggage is on conveyor belt-------
---------baggage detected by sensor------------- 
Baggage weighs: 18.67 kg
baggage is on conveyor belt-------
---------baggage detected by sensor------------- 
Baggage weighs: 16.98 kg
baggage is on conveyor belt-------
---------baggage detected by sensor------------- 
Baggage weighs: 21.26 kg
baggage is on conveyor belt-------
---------baggage detected by sensor------------- 
Baggage weighs: 18.3 kg
baggage is on conveyor belt-------
---------baggage detected by sensor------------- 
Baggage weighs: 16.81 kg
baggage is on conveyor belt-------
---------baggage detected by sensor------------- 
Baggage weighs: 20.91 kg
baggage is on conveyor belt-------
---------baggage detected by sensor------------- 
Baggage weighs: 21.21 kg
baggage is on conveyor belt-------
---------baggage detected by sensor------------- 
Baggage weighs: 19.69 kg
baggage is on conveyor belt-------
---------baggage detected by sensor------------- 
Baggage weighs: 18.67 kg
baggage is on conveyor belt-------
---------baggage detected by sensor------------- 
Baggage weighs: 19.12 kg
baggage is on conveyor belt-------
---------baggage detected by sensor------------- 
Baggage weighs: 16.42 kg
baggage is on conveyor belt-------
---------baggage detected by sensor------------- 
Baggage weighs: 19.17 kg
baggage is on conveyor belt-------
---------baggage detected by sensor------------- 
Baggage weighs: 19.0 kg
baggage is on conveyor belt-------
---------baggage detected by sensor------------- 
Baggage weighs: 18.78 kg
baggage is on conveyor belt-------
---------baggage detected by sensor------------- 
Baggage weighs: 20.31 kg
baggage is on conveyor belt-------
---------baggage detected by sensor------------- 
Baggage weighs: 21.25 kg
baggage is on conveyor belt-------
---------baggage detected by sensor------------- 
Baggage weighs: 18.87 kg
baggage is on conveyor belt-------
---------baggage detected by sensor------------- 
Baggage weighs: 16.25 kg
baggage is on conveyor belt-------
---------baggage detected by sensor------------- 
Baggage weighs: 19.94 kg
baggage is on conveyor belt-------
---------baggage detected by sensor------------- 
Baggage weighs: 16.88 kg
baggage is on conveyor belt-------
---------baggage detected by sensor------------- 
Baggage weighs: 18.24 kg
baggage is on conveyor belt-------
---------baggage detected by sensor------------- 
Baggage weighs: 17.16 kg
baggage is on conveyor belt-------
---------baggage detected by sensor------------- 
Baggage weighs: 19.34 kg
baggage is on conveyor belt-------
---------baggage detected by sensor------------- 
Baggage weighs: 22.41 kg
baggage is on conveyor belt-------
---------baggage detected by sensor------------- 
Baggage weighs: 20.47 kg
baggage is on conveyor belt-------
---------baggage detected by sensor------------- 
Baggage weighs: 18.81 kg
baggage is on conveyor belt-------
---------baggage detected by sensor------------- 
Baggage weighs: 18.56 kg
baggage is on conveyor belt-------
---------baggage detected by sensor------------- 
Baggage weighs: 17.77 kg
baggage is on conveyor belt-------
---------baggage detected by sensor------------- 
Baggage weighs: 19.32 kg
baggage is on conveyor belt-------
---------baggage detected by sensor------------- 
Baggage weighs: 19.21 kg
baggage is on conveyor belt-------
---------baggage detected by sensor------------- 
Baggage weighs: 19.13 kg
baggage is on conveyor belt-------
---------baggage detected by sensor------------- 
Baggage weighs: 20.39 kg
baggage is on conveyor belt-------
---------baggage detected by sensor------------- 
Baggage weighs: 21.03 kg
baggage is on conveyor belt-------
---------baggage detected by sensor------------- 
Baggage weighs: 20.05 kg
baggage is on conveyor belt-------
---------baggage detected by sensor------------- 
Baggage weighs: 21.92 kg
baggage is on conveyor belt-------
---------baggage detected by sensor------------- 
Baggage weighs: 19.37 kg
baggage is on conveyor belt-------
---------baggage detected by sensor------------- 
Baggage weighs: 20.35 kg
baggage is on conveyor belt-------
---------baggage detected by sensor------------- 
Baggage weighs: 18.73 kg
Seat with ID: 19C has been reserved for you!

BOARDING PASS FOR JESS WHITNEY
-----------------------------------------------------------------------------
LUFTHANSA                      yxf9fbbegb3bdnw /  Jess Whitney
Jess Whitney                                     /  yxf9fbbegb3bdnw
FRA   LH2121   E  30.Oct                       /  FRA
HKG                                            /  HKG
SEAT ID: 19C                                   /  LH2121 E 30.Oct
SEQ: 40                                      / GATE: A05   22:00
MAX 1  HANDLUGGAGE/ LUGGAGE
-----------------------------------------------------------------------------
sorry Jess Whitney we have no voucher for you! Have a nice day!

---------------------------------------------------------------------------------------------------------------
scanning passport with passport id: RVLE0FNZY
searching for ticket in fast bag drop database..............
Ticket found for Helene Mack and Flight LH2121
----searching flight seat for Helene Mack---------
Found a seat with ID 19D
Below details were found in database
------------------------------------------
Name: Helene Mack
Flight ID: LH2121
Source: FRA
Destination: HKG
Gate No: A05
Boarding time: 22:00
Ticket ID: 6b8eun1p6b9lx33
Booking Class: E
------------------------------------------

Proceed with check-in for flight LH2121 ?
Type YES to CHECK-IN or NO to cancel CHECK-IN
Helene Mack is deciding whether to check-in or to go back home and sleep............
YES CHECK-IN
Checking you in...............
baggage is on conveyor belt-------
---------baggage detected by sensor------------- 
Baggage weighs: 21.58 kg
baggage is on conveyor belt-------
---------baggage detected by sensor------------- 
Baggage weighs: 20.43 kg
baggage is on conveyor belt-------
---------baggage detected by sensor------------- 
Baggage weighs: 18.47 kg
baggage is on conveyor belt-------
---------baggage detected by sensor------------- 
Baggage weighs: 17.86 kg
baggage is on conveyor belt-------
---------baggage detected by sensor------------- 
Baggage weighs: 18.65 kg
baggage is on conveyor belt-------
---------baggage detected by sensor------------- 
Baggage weighs: 19.27 kg
baggage is on conveyor belt-------
---------baggage detected by sensor------------- 
Baggage weighs: 17.42 kg
baggage is on conveyor belt-------
---------baggage detected by sensor------------- 
Baggage weighs: 19.16 kg
baggage is on conveyor belt-------
---------baggage detected by sensor------------- 
Baggage weighs: 19.52 kg
baggage is on conveyor belt-------
---------baggage detected by sensor------------- 
Baggage weighs: 17.51 kg
baggage is on conveyor belt-------
---------baggage detected by sensor------------- 
Baggage weighs: 17.38 kg
baggage is on conveyor belt-------
---------baggage detected by sensor------------- 
Baggage weighs: 18.67 kg
baggage is on conveyor belt-------
---------baggage detected by sensor------------- 
Baggage weighs: 16.98 kg
baggage is on conveyor belt-------
---------baggage detected by sensor------------- 
Baggage weighs: 21.26 kg
baggage is on conveyor belt-------
---------baggage detected by sensor------------- 
Baggage weighs: 18.3 kg
baggage is on conveyor belt-------
---------baggage detected by sensor------------- 
Baggage weighs: 16.81 kg
baggage is on conveyor belt-------
---------baggage detected by sensor------------- 
Baggage weighs: 20.91 kg
baggage is on conveyor belt-------
---------baggage detected by sensor------------- 
Baggage weighs: 21.21 kg
baggage is on conveyor belt-------
---------baggage detected by sensor------------- 
Baggage weighs: 19.69 kg
baggage is on conveyor belt-------
---------baggage detected by sensor------------- 
Baggage weighs: 18.67 kg
baggage is on conveyor belt-------
---------baggage detected by sensor------------- 
Baggage weighs: 19.12 kg
baggage is on conveyor belt-------
---------baggage detected by sensor------------- 
Baggage weighs: 16.42 kg
baggage is on conveyor belt-------
---------baggage detected by sensor------------- 
Baggage weighs: 19.17 kg
baggage is on conveyor belt-------
---------baggage detected by sensor------------- 
Baggage weighs: 19.0 kg
baggage is on conveyor belt-------
---------baggage detected by sensor------------- 
Baggage weighs: 18.78 kg
baggage is on conveyor belt-------
---------baggage detected by sensor------------- 
Baggage weighs: 20.31 kg
baggage is on conveyor belt-------
---------baggage detected by sensor------------- 
Baggage weighs: 21.25 kg
baggage is on conveyor belt-------
---------baggage detected by sensor------------- 
Baggage weighs: 18.87 kg
baggage is on conveyor belt-------
---------baggage detected by sensor------------- 
Baggage weighs: 16.25 kg
baggage is on conveyor belt-------
---------baggage detected by sensor------------- 
Baggage weighs: 19.94 kg
baggage is on conveyor belt-------
---------baggage detected by sensor------------- 
Baggage weighs: 16.88 kg
baggage is on conveyor belt-------
---------baggage detected by sensor------------- 
Baggage weighs: 18.24 kg
baggage is on conveyor belt-------
---------baggage detected by sensor------------- 
Baggage weighs: 17.16 kg
baggage is on conveyor belt-------
---------baggage detected by sensor------------- 
Baggage weighs: 19.34 kg
baggage is on conveyor belt-------
---------baggage detected by sensor------------- 
Baggage weighs: 22.41 kg
baggage is on conveyor belt-------
---------baggage detected by sensor------------- 
Baggage weighs: 20.47 kg
baggage is on conveyor belt-------
---------baggage detected by sensor------------- 
Baggage weighs: 18.81 kg
baggage is on conveyor belt-------
---------baggage detected by sensor------------- 
Baggage weighs: 18.56 kg
baggage is on conveyor belt-------
---------baggage detected by sensor------------- 
Baggage weighs: 17.77 kg
baggage is on conveyor belt-------
---------baggage detected by sensor------------- 
Baggage weighs: 19.32 kg
baggage is on conveyor belt-------
---------baggage detected by sensor------------- 
Baggage weighs: 19.21 kg
baggage is on conveyor belt-------
---------baggage detected by sensor------------- 
Baggage weighs: 19.13 kg
baggage is on conveyor belt-------
---------baggage detected by sensor------------- 
Baggage weighs: 20.39 kg
baggage is on conveyor belt-------
---------baggage detected by sensor------------- 
Baggage weighs: 21.03 kg
baggage is on conveyor belt-------
---------baggage detected by sensor------------- 
Baggage weighs: 20.05 kg
baggage is on conveyor belt-------
---------baggage detected by sensor------------- 
Baggage weighs: 21.92 kg
baggage is on conveyor belt-------
---------baggage detected by sensor------------- 
Baggage weighs: 19.37 kg
baggage is on conveyor belt-------
---------baggage detected by sensor------------- 
Baggage weighs: 20.35 kg
baggage is on conveyor belt-------
---------baggage detected by sensor------------- 
Baggage weighs: 18.73 kg
baggage is on conveyor belt-------
---------baggage detected by sensor------------- 
Baggage weighs: 20.33 kg
Seat with ID: 19D has been reserved for you!

BOARDING PASS FOR HELENE MACK
-----------------------------------------------------------------------------
LUFTHANSA                      6b8eun1p6b9lx33 /  Helene Mack
Helene Mack                                     /  6b8eun1p6b9lx33
FRA   LH2121   E  30.Oct                       /  FRA
HKG                                            /  HKG
SEAT ID: 19D                                   /  LH2121 E 30.Oct
SEQ: 41                                      / GATE: A05   22:00
MAX 1  HANDLUGGAGE/ LUGGAGE
-----------------------------------------------------------------------------
sorry Helene Mack we have no voucher for you! Have a nice day!

---------------------------------------------------------------------------------------------------------------
scanning passport with passport id: 36Y9PS2HW
searching for ticket in fast bag drop database..............
Ticket found for Taylor Day and Flight LH2121
----searching flight seat for Taylor Day---------
Found a seat with ID 19E
Below details were found in database
------------------------------------------
Name: Taylor Day
Flight ID: LH2121
Source: FRA
Destination: HKG
Gate No: A05
Boarding time: 22:00
Ticket ID: 7iym8976dho7fo3
Booking Class: E
------------------------------------------

Proceed with check-in for flight LH2121 ?
Type YES to CHECK-IN or NO to cancel CHECK-IN
Taylor Day is deciding whether to check-in or to go back home and sleep............
YES CHECK-IN
Checking you in...............
baggage is on conveyor belt-------
---------baggage detected by sensor------------- 
Baggage weighs: 21.58 kg
baggage is on conveyor belt-------
---------baggage detected by sensor------------- 
Baggage weighs: 20.43 kg
baggage is on conveyor belt-------
---------baggage detected by sensor------------- 
Baggage weighs: 18.47 kg
baggage is on conveyor belt-------
---------baggage detected by sensor------------- 
Baggage weighs: 17.86 kg
baggage is on conveyor belt-------
---------baggage detected by sensor------------- 
Baggage weighs: 18.65 kg
baggage is on conveyor belt-------
---------baggage detected by sensor------------- 
Baggage weighs: 19.27 kg
baggage is on conveyor belt-------
---------baggage detected by sensor------------- 
Baggage weighs: 17.42 kg
baggage is on conveyor belt-------
---------baggage detected by sensor------------- 
Baggage weighs: 19.16 kg
baggage is on conveyor belt-------
---------baggage detected by sensor------------- 
Baggage weighs: 19.52 kg
baggage is on conveyor belt-------
---------baggage detected by sensor------------- 
Baggage weighs: 17.51 kg
baggage is on conveyor belt-------
---------baggage detected by sensor------------- 
Baggage weighs: 17.38 kg
baggage is on conveyor belt-------
---------baggage detected by sensor------------- 
Baggage weighs: 18.67 kg
baggage is on conveyor belt-------
---------baggage detected by sensor------------- 
Baggage weighs: 16.98 kg
baggage is on conveyor belt-------
---------baggage detected by sensor------------- 
Baggage weighs: 21.26 kg
baggage is on conveyor belt-------
---------baggage detected by sensor------------- 
Baggage weighs: 18.3 kg
baggage is on conveyor belt-------
---------baggage detected by sensor------------- 
Baggage weighs: 16.81 kg
baggage is on conveyor belt-------
---------baggage detected by sensor------------- 
Baggage weighs: 20.91 kg
baggage is on conveyor belt-------
---------baggage detected by sensor------------- 
Baggage weighs: 21.21 kg
baggage is on conveyor belt-------
---------baggage detected by sensor------------- 
Baggage weighs: 19.69 kg
baggage is on conveyor belt-------
---------baggage detected by sensor------------- 
Baggage weighs: 18.67 kg
baggage is on conveyor belt-------
---------baggage detected by sensor------------- 
Baggage weighs: 19.12 kg
baggage is on conveyor belt-------
---------baggage detected by sensor------------- 
Baggage weighs: 16.42 kg
baggage is on conveyor belt-------
---------baggage detected by sensor------------- 
Baggage weighs: 19.17 kg
baggage is on conveyor belt-------
---------baggage detected by sensor------------- 
Baggage weighs: 19.0 kg
baggage is on conveyor belt-------
---------baggage detected by sensor------------- 
Baggage weighs: 18.78 kg
baggage is on conveyor belt-------
---------baggage detected by sensor------------- 
Baggage weighs: 20.31 kg
baggage is on conveyor belt-------
---------baggage detected by sensor------------- 
Baggage weighs: 21.25 kg
baggage is on conveyor belt-------
---------baggage detected by sensor------------- 
Baggage weighs: 18.87 kg
baggage is on conveyor belt-------
---------baggage detected by sensor------------- 
Baggage weighs: 16.25 kg
baggage is on conveyor belt-------
---------baggage detected by sensor------------- 
Baggage weighs: 19.94 kg
baggage is on conveyor belt-------
---------baggage detected by sensor------------- 
Baggage weighs: 16.88 kg
baggage is on conveyor belt-------
---------baggage detected by sensor------------- 
Baggage weighs: 18.24 kg
baggage is on conveyor belt-------
---------baggage detected by sensor------------- 
Baggage weighs: 17.16 kg
baggage is on conveyor belt-------
---------baggage detected by sensor------------- 
Baggage weighs: 19.34 kg
baggage is on conveyor belt-------
---------baggage detected by sensor------------- 
Baggage weighs: 22.41 kg
baggage is on conveyor belt-------
---------baggage detected by sensor------------- 
Baggage weighs: 20.47 kg
baggage is on conveyor belt-------
---------baggage detected by sensor------------- 
Baggage weighs: 18.81 kg
baggage is on conveyor belt-------
---------baggage detected by sensor------------- 
Baggage weighs: 18.56 kg
baggage is on conveyor belt-------
---------baggage detected by sensor------------- 
Baggage weighs: 17.77 kg
baggage is on conveyor belt-------
---------baggage detected by sensor------------- 
Baggage weighs: 19.32 kg
baggage is on conveyor belt-------
---------baggage detected by sensor------------- 
Baggage weighs: 19.21 kg
baggage is on conveyor belt-------
---------baggage detected by sensor------------- 
Baggage weighs: 19.13 kg
baggage is on conveyor belt-------
---------baggage detected by sensor------------- 
Baggage weighs: 20.39 kg
baggage is on conveyor belt-------
---------baggage detected by sensor------------- 
Baggage weighs: 21.03 kg
baggage is on conveyor belt-------
---------baggage detected by sensor------------- 
Baggage weighs: 20.05 kg
baggage is on conveyor belt-------
---------baggage detected by sensor------------- 
Baggage weighs: 21.92 kg
baggage is on conveyor belt-------
---------baggage detected by sensor------------- 
Baggage weighs: 19.37 kg
baggage is on conveyor belt-------
---------baggage detected by sensor------------- 
Baggage weighs: 20.35 kg
baggage is on conveyor belt-------
---------baggage detected by sensor------------- 
Baggage weighs: 18.73 kg
baggage is on conveyor belt-------
---------baggage detected by sensor------------- 
Baggage weighs: 20.33 kg
baggage is on conveyor belt-------
---------baggage detected by sensor------------- 
Baggage weighs: 22.01 kg
Seat with ID: 19E has been reserved for you!

BOARDING PASS FOR TAYLOR DAY
-----------------------------------------------------------------------------
LUFTHANSA                      7iym8976dho7fo3 /  Taylor Day
Taylor Day                                     /  7iym8976dho7fo3
FRA   LH2121   E  30.Oct                       /  FRA
HKG                                            /  HKG
SEAT ID: 19E                                   /  LH2121 E 30.Oct
SEQ: 42                                      / GATE: A05   22:00
MAX 1  HANDLUGGAGE/ LUGGAGE
-----------------------------------------------------------------------------
sorry Taylor Day we have no voucher for you! Have a nice day!

---------------------------------------------------------------------------------------------------------------
scanning passport with passport id: YJP1M1F8E
searching for ticket in fast bag drop database..............
Ticket found for Ricky Black and Flight LH2121
----searching flight seat for Ricky Black---------
Found a seat with ID 19G
Below details were found in database
------------------------------------------
Name: Ricky Black
Flight ID: LH2121
Source: FRA
Destination: HKG
Gate No: A05
Boarding time: 22:00
Ticket ID: 809ygbi6dmedmh5
Booking Class: E
------------------------------------------

Proceed with check-in for flight LH2121 ?
Type YES to CHECK-IN or NO to cancel CHECK-IN
Ricky Black is deciding whether to check-in or to go back home and sleep............
YES CHECK-IN
Checking you in...............
baggage is on conveyor belt-------
---------baggage detected by sensor------------- 
Baggage weighs: 21.58 kg
baggage is on conveyor belt-------
---------baggage detected by sensor------------- 
Baggage weighs: 20.43 kg
baggage is on conveyor belt-------
---------baggage detected by sensor------------- 
Baggage weighs: 18.47 kg
baggage is on conveyor belt-------
---------baggage detected by sensor------------- 
Baggage weighs: 17.86 kg
baggage is on conveyor belt-------
---------baggage detected by sensor------------- 
Baggage weighs: 18.65 kg
baggage is on conveyor belt-------
---------baggage detected by sensor------------- 
Baggage weighs: 19.27 kg
baggage is on conveyor belt-------
---------baggage detected by sensor------------- 
Baggage weighs: 17.42 kg
baggage is on conveyor belt-------
---------baggage detected by sensor------------- 
Baggage weighs: 19.16 kg
baggage is on conveyor belt-------
---------baggage detected by sensor------------- 
Baggage weighs: 19.52 kg
baggage is on conveyor belt-------
---------baggage detected by sensor------------- 
Baggage weighs: 17.51 kg
baggage is on conveyor belt-------
---------baggage detected by sensor------------- 
Baggage weighs: 17.38 kg
baggage is on conveyor belt-------
---------baggage detected by sensor------------- 
Baggage weighs: 18.67 kg
baggage is on conveyor belt-------
---------baggage detected by sensor------------- 
Baggage weighs: 16.98 kg
baggage is on conveyor belt-------
---------baggage detected by sensor------------- 
Baggage weighs: 21.26 kg
baggage is on conveyor belt-------
---------baggage detected by sensor------------- 
Baggage weighs: 18.3 kg
baggage is on conveyor belt-------
---------baggage detected by sensor------------- 
Baggage weighs: 16.81 kg
baggage is on conveyor belt-------
---------baggage detected by sensor------------- 
Baggage weighs: 20.91 kg
baggage is on conveyor belt-------
---------baggage detected by sensor------------- 
Baggage weighs: 21.21 kg
baggage is on conveyor belt-------
---------baggage detected by sensor------------- 
Baggage weighs: 19.69 kg
baggage is on conveyor belt-------
---------baggage detected by sensor------------- 
Baggage weighs: 18.67 kg
baggage is on conveyor belt-------
---------baggage detected by sensor------------- 
Baggage weighs: 19.12 kg
baggage is on conveyor belt-------
---------baggage detected by sensor------------- 
Baggage weighs: 16.42 kg
baggage is on conveyor belt-------
---------baggage detected by sensor------------- 
Baggage weighs: 19.17 kg
baggage is on conveyor belt-------
---------baggage detected by sensor------------- 
Baggage weighs: 19.0 kg
baggage is on conveyor belt-------
---------baggage detected by sensor------------- 
Baggage weighs: 18.78 kg
baggage is on conveyor belt-------
---------baggage detected by sensor------------- 
Baggage weighs: 20.31 kg
baggage is on conveyor belt-------
---------baggage detected by sensor------------- 
Baggage weighs: 21.25 kg
baggage is on conveyor belt-------
---------baggage detected by sensor------------- 
Baggage weighs: 18.87 kg
baggage is on conveyor belt-------
---------baggage detected by sensor------------- 
Baggage weighs: 16.25 kg
baggage is on conveyor belt-------
---------baggage detected by sensor------------- 
Baggage weighs: 19.94 kg
baggage is on conveyor belt-------
---------baggage detected by sensor------------- 
Baggage weighs: 16.88 kg
baggage is on conveyor belt-------
---------baggage detected by sensor------------- 
Baggage weighs: 18.24 kg
baggage is on conveyor belt-------
---------baggage detected by sensor------------- 
Baggage weighs: 17.16 kg
baggage is on conveyor belt-------
---------baggage detected by sensor------------- 
Baggage weighs: 19.34 kg
baggage is on conveyor belt-------
---------baggage detected by sensor------------- 
Baggage weighs: 22.41 kg
baggage is on conveyor belt-------
---------baggage detected by sensor------------- 
Baggage weighs: 20.47 kg
baggage is on conveyor belt-------
---------baggage detected by sensor------------- 
Baggage weighs: 18.81 kg
baggage is on conveyor belt-------
---------baggage detected by sensor------------- 
Baggage weighs: 18.56 kg
baggage is on conveyor belt-------
---------baggage detected by sensor------------- 
Baggage weighs: 17.77 kg
baggage is on conveyor belt-------
---------baggage detected by sensor------------- 
Baggage weighs: 19.32 kg
baggage is on conveyor belt-------
---------baggage detected by sensor------------- 
Baggage weighs: 19.21 kg
baggage is on conveyor belt-------
---------baggage detected by sensor------------- 
Baggage weighs: 19.13 kg
baggage is on conveyor belt-------
---------baggage detected by sensor------------- 
Baggage weighs: 20.39 kg
baggage is on conveyor belt-------
---------baggage detected by sensor------------- 
Baggage weighs: 21.03 kg
baggage is on conveyor belt-------
---------baggage detected by sensor------------- 
Baggage weighs: 20.05 kg
baggage is on conveyor belt-------
---------baggage detected by sensor------------- 
Baggage weighs: 21.92 kg
baggage is on conveyor belt-------
---------baggage detected by sensor------------- 
Baggage weighs: 19.37 kg
baggage is on conveyor belt-------
---------baggage detected by sensor------------- 
Baggage weighs: 20.35 kg
baggage is on conveyor belt-------
---------baggage detected by sensor------------- 
Baggage weighs: 18.73 kg
baggage is on conveyor belt-------
---------baggage detected by sensor------------- 
Baggage weighs: 20.33 kg
baggage is on conveyor belt-------
---------baggage detected by sensor------------- 
Baggage weighs: 22.01 kg
baggage is on conveyor belt-------
---------baggage detected by sensor------------- 
Baggage weighs: 19.27 kg
Seat with ID: 19G has been reserved for you!

BOARDING PASS FOR RICKY BLACK
-----------------------------------------------------------------------------
LUFTHANSA                      809ygbi6dmedmh5 /  Ricky Black
Ricky Black                                     /  809ygbi6dmedmh5
FRA   LH2121   E  30.Oct                       /  FRA
HKG                                            /  HKG
SEAT ID: 19G                                   /  LH2121 E 30.Oct
SEQ: 43                                      / GATE: A05   22:00
MAX 1  HANDLUGGAGE/ LUGGAGE
-----------------------------------------------------------------------------
sorry Ricky Black we have no voucher for you! Have a nice day!

---------------------------------------------------------------------------------------------------------------
scanning passport with passport id: 0D903FOJU
searching for ticket in fast bag drop database..............
Ticket found for Bridgette Mcdowell and Flight LH2121
----searching flight seat for Bridgette Mcdowell---------
Found a seat with ID 19H
Below details were found in database
------------------------------------------
Name: Bridgette Mcdowell
Flight ID: LH2121
Source: FRA
Destination: HKG
Gate No: A05
Boarding time: 22:00
Ticket ID: fkjef6djyurupdt
Booking Class: E
------------------------------------------

Proceed with check-in for flight LH2121 ?
Type YES to CHECK-IN or NO to cancel CHECK-IN
Bridgette Mcdowell is deciding whether to check-in or to go back home and sleep............
YES CHECK-IN
Checking you in...............
baggage is on conveyor belt-------
---------baggage detected by sensor------------- 
Baggage weighs: 21.58 kg
baggage is on conveyor belt-------
---------baggage detected by sensor------------- 
Baggage weighs: 20.43 kg
baggage is on conveyor belt-------
---------baggage detected by sensor------------- 
Baggage weighs: 18.47 kg
baggage is on conveyor belt-------
---------baggage detected by sensor------------- 
Baggage weighs: 17.86 kg
baggage is on conveyor belt-------
---------baggage detected by sensor------------- 
Baggage weighs: 18.65 kg
baggage is on conveyor belt-------
---------baggage detected by sensor------------- 
Baggage weighs: 19.27 kg
baggage is on conveyor belt-------
---------baggage detected by sensor------------- 
Baggage weighs: 17.42 kg
baggage is on conveyor belt-------
---------baggage detected by sensor------------- 
Baggage weighs: 19.16 kg
baggage is on conveyor belt-------
---------baggage detected by sensor------------- 
Baggage weighs: 19.52 kg
baggage is on conveyor belt-------
---------baggage detected by sensor------------- 
Baggage weighs: 17.51 kg
baggage is on conveyor belt-------
---------baggage detected by sensor------------- 
Baggage weighs: 17.38 kg
baggage is on conveyor belt-------
---------baggage detected by sensor------------- 
Baggage weighs: 18.67 kg
baggage is on conveyor belt-------
---------baggage detected by sensor------------- 
Baggage weighs: 16.98 kg
baggage is on conveyor belt-------
---------baggage detected by sensor------------- 
Baggage weighs: 21.26 kg
baggage is on conveyor belt-------
---------baggage detected by sensor------------- 
Baggage weighs: 18.3 kg
baggage is on conveyor belt-------
---------baggage detected by sensor------------- 
Baggage weighs: 16.81 kg
baggage is on conveyor belt-------
---------baggage detected by sensor------------- 
Baggage weighs: 20.91 kg
baggage is on conveyor belt-------
---------baggage detected by sensor------------- 
Baggage weighs: 21.21 kg
baggage is on conveyor belt-------
---------baggage detected by sensor------------- 
Baggage weighs: 19.69 kg
baggage is on conveyor belt-------
---------baggage detected by sensor------------- 
Baggage weighs: 18.67 kg
baggage is on conveyor belt-------
---------baggage detected by sensor------------- 
Baggage weighs: 19.12 kg
baggage is on conveyor belt-------
---------baggage detected by sensor------------- 
Baggage weighs: 16.42 kg
baggage is on conveyor belt-------
---------baggage detected by sensor------------- 
Baggage weighs: 19.17 kg
baggage is on conveyor belt-------
---------baggage detected by sensor------------- 
Baggage weighs: 19.0 kg
baggage is on conveyor belt-------
---------baggage detected by sensor------------- 
Baggage weighs: 18.78 kg
baggage is on conveyor belt-------
---------baggage detected by sensor------------- 
Baggage weighs: 20.31 kg
baggage is on conveyor belt-------
---------baggage detected by sensor------------- 
Baggage weighs: 21.25 kg
baggage is on conveyor belt-------
---------baggage detected by sensor------------- 
Baggage weighs: 18.87 kg
baggage is on conveyor belt-------
---------baggage detected by sensor------------- 
Baggage weighs: 16.25 kg
baggage is on conveyor belt-------
---------baggage detected by sensor------------- 
Baggage weighs: 19.94 kg
baggage is on conveyor belt-------
---------baggage detected by sensor------------- 
Baggage weighs: 16.88 kg
baggage is on conveyor belt-------
---------baggage detected by sensor------------- 
Baggage weighs: 18.24 kg
baggage is on conveyor belt-------
---------baggage detected by sensor------------- 
Baggage weighs: 17.16 kg
baggage is on conveyor belt-------
---------baggage detected by sensor------------- 
Baggage weighs: 19.34 kg
baggage is on conveyor belt-------
---------baggage detected by sensor------------- 
Baggage weighs: 22.41 kg
baggage is on conveyor belt-------
---------baggage detected by sensor------------- 
Baggage weighs: 20.47 kg
baggage is on conveyor belt-------
---------baggage detected by sensor------------- 
Baggage weighs: 18.81 kg
baggage is on conveyor belt-------
---------baggage detected by sensor------------- 
Baggage weighs: 18.56 kg
baggage is on conveyor belt-------
---------baggage detected by sensor------------- 
Baggage weighs: 17.77 kg
baggage is on conveyor belt-------
---------baggage detected by sensor------------- 
Baggage weighs: 19.32 kg
baggage is on conveyor belt-------
---------baggage detected by sensor------------- 
Baggage weighs: 19.21 kg
baggage is on conveyor belt-------
---------baggage detected by sensor------------- 
Baggage weighs: 19.13 kg
baggage is on conveyor belt-------
---------baggage detected by sensor------------- 
Baggage weighs: 20.39 kg
baggage is on conveyor belt-------
---------baggage detected by sensor------------- 
Baggage weighs: 21.03 kg
baggage is on conveyor belt-------
---------baggage detected by sensor------------- 
Baggage weighs: 20.05 kg
baggage is on conveyor belt-------
---------baggage detected by sensor------------- 
Baggage weighs: 21.92 kg
baggage is on conveyor belt-------
---------baggage detected by sensor------------- 
Baggage weighs: 19.37 kg
baggage is on conveyor belt-------
---------baggage detected by sensor------------- 
Baggage weighs: 20.35 kg
baggage is on conveyor belt-------
---------baggage detected by sensor------------- 
Baggage weighs: 18.73 kg
baggage is on conveyor belt-------
---------baggage detected by sensor------------- 
Baggage weighs: 20.33 kg
baggage is on conveyor belt-------
---------baggage detected by sensor------------- 
Baggage weighs: 22.01 kg
baggage is on conveyor belt-------
---------baggage detected by sensor------------- 
Baggage weighs: 19.27 kg
baggage is on conveyor belt-------
---------baggage detected by sensor------------- 
Baggage weighs: 21.18 kg
Seat with ID: 19H has been reserved for you!

BOARDING PASS FOR BRIDGETTE MCDOWELL
-----------------------------------------------------------------------------
LUFTHANSA                      fkjef6djyurupdt /  Bridgette Mcdowell
Bridgette Mcdowell                                     /  fkjef6djyurupdt
FRA   LH2121   E  30.Oct                       /  FRA
HKG                                            /  HKG
SEAT ID: 19H                                   /  LH2121 E 30.Oct
SEQ: 44                                      / GATE: A05   22:00
MAX 1  HANDLUGGAGE/ LUGGAGE
-----------------------------------------------------------------------------
sorry Bridgette Mcdowell we have no voucher for you! Have a nice day!

---------------------------------------------------------------------------------------------------------------
scanning passport with passport id: VNOC933OY
searching for ticket in fast bag drop database..............
Ticket found for Darwin Hill and Flight LH2121
----searching flight seat for Darwin Hill---------
Found a seat with ID 19J
Below details were found in database
------------------------------------------
Name: Darwin Hill
Flight ID: LH2121
Source: FRA
Destination: HKG
Gate No: A05
Boarding time: 22:00
Ticket ID: 0zdmpc61oev5jmk
Booking Class: E
------------------------------------------

Proceed with check-in for flight LH2121 ?
Type YES to CHECK-IN or NO to cancel CHECK-IN
Darwin Hill is deciding whether to check-in or to go back home and sleep............
YES CHECK-IN
Checking you in...............
baggage is on conveyor belt-------
---------baggage detected by sensor------------- 
Baggage weighs: 21.58 kg
baggage is on conveyor belt-------
---------baggage detected by sensor------------- 
Baggage weighs: 20.43 kg
baggage is on conveyor belt-------
---------baggage detected by sensor------------- 
Baggage weighs: 18.47 kg
baggage is on conveyor belt-------
---------baggage detected by sensor------------- 
Baggage weighs: 17.86 kg
baggage is on conveyor belt-------
---------baggage detected by sensor------------- 
Baggage weighs: 18.65 kg
baggage is on conveyor belt-------
---------baggage detected by sensor------------- 
Baggage weighs: 19.27 kg
baggage is on conveyor belt-------
---------baggage detected by sensor------------- 
Baggage weighs: 17.42 kg
baggage is on conveyor belt-------
---------baggage detected by sensor------------- 
Baggage weighs: 19.16 kg
baggage is on conveyor belt-------
---------baggage detected by sensor------------- 
Baggage weighs: 19.52 kg
baggage is on conveyor belt-------
---------baggage detected by sensor------------- 
Baggage weighs: 17.51 kg
baggage is on conveyor belt-------
---------baggage detected by sensor------------- 
Baggage weighs: 17.38 kg
baggage is on conveyor belt-------
---------baggage detected by sensor------------- 
Baggage weighs: 18.67 kg
baggage is on conveyor belt-------
---------baggage detected by sensor------------- 
Baggage weighs: 16.98 kg
baggage is on conveyor belt-------
---------baggage detected by sensor------------- 
Baggage weighs: 21.26 kg
baggage is on conveyor belt-------
---------baggage detected by sensor------------- 
Baggage weighs: 18.3 kg
baggage is on conveyor belt-------
---------baggage detected by sensor------------- 
Baggage weighs: 16.81 kg
baggage is on conveyor belt-------
---------baggage detected by sensor------------- 
Baggage weighs: 20.91 kg
baggage is on conveyor belt-------
---------baggage detected by sensor------------- 
Baggage weighs: 21.21 kg
baggage is on conveyor belt-------
---------baggage detected by sensor------------- 
Baggage weighs: 19.69 kg
baggage is on conveyor belt-------
---------baggage detected by sensor------------- 
Baggage weighs: 18.67 kg
baggage is on conveyor belt-------
---------baggage detected by sensor------------- 
Baggage weighs: 19.12 kg
baggage is on conveyor belt-------
---------baggage detected by sensor------------- 
Baggage weighs: 16.42 kg
baggage is on conveyor belt-------
---------baggage detected by sensor------------- 
Baggage weighs: 19.17 kg
baggage is on conveyor belt-------
---------baggage detected by sensor------------- 
Baggage weighs: 19.0 kg
baggage is on conveyor belt-------
---------baggage detected by sensor------------- 
Baggage weighs: 18.78 kg
baggage is on conveyor belt-------
---------baggage detected by sensor------------- 
Baggage weighs: 20.31 kg
baggage is on conveyor belt-------
---------baggage detected by sensor------------- 
Baggage weighs: 21.25 kg
baggage is on conveyor belt-------
---------baggage detected by sensor------------- 
Baggage weighs: 18.87 kg
baggage is on conveyor belt-------
---------baggage detected by sensor------------- 
Baggage weighs: 16.25 kg
baggage is on conveyor belt-------
---------baggage detected by sensor------------- 
Baggage weighs: 19.94 kg
baggage is on conveyor belt-------
---------baggage detected by sensor------------- 
Baggage weighs: 16.88 kg
baggage is on conveyor belt-------
---------baggage detected by sensor------------- 
Baggage weighs: 18.24 kg
baggage is on conveyor belt-------
---------baggage detected by sensor------------- 
Baggage weighs: 17.16 kg
baggage is on conveyor belt-------
---------baggage detected by sensor------------- 
Baggage weighs: 19.34 kg
baggage is on conveyor belt-------
---------baggage detected by sensor------------- 
Baggage weighs: 22.41 kg
baggage is on conveyor belt-------
---------baggage detected by sensor------------- 
Baggage weighs: 20.47 kg
baggage is on conveyor belt-------
---------baggage detected by sensor------------- 
Baggage weighs: 18.81 kg
baggage is on conveyor belt-------
---------baggage detected by sensor------------- 
Baggage weighs: 18.56 kg
baggage is on conveyor belt-------
---------baggage detected by sensor------------- 
Baggage weighs: 17.77 kg
baggage is on conveyor belt-------
---------baggage detected by sensor------------- 
Baggage weighs: 19.32 kg
baggage is on conveyor belt-------
---------baggage detected by sensor------------- 
Baggage weighs: 19.21 kg
baggage is on conveyor belt-------
---------baggage detected by sensor------------- 
Baggage weighs: 19.13 kg
baggage is on conveyor belt-------
---------baggage detected by sensor------------- 
Baggage weighs: 20.39 kg
baggage is on conveyor belt-------
---------baggage detected by sensor------------- 
Baggage weighs: 21.03 kg
baggage is on conveyor belt-------
---------baggage detected by sensor------------- 
Baggage weighs: 20.05 kg
baggage is on conveyor belt-------
---------baggage detected by sensor------------- 
Baggage weighs: 21.92 kg
baggage is on conveyor belt-------
---------baggage detected by sensor------------- 
Baggage weighs: 19.37 kg
baggage is on conveyor belt-------
---------baggage detected by sensor------------- 
Baggage weighs: 20.35 kg
baggage is on conveyor belt-------
---------baggage detected by sensor------------- 
Baggage weighs: 18.73 kg
baggage is on conveyor belt-------
---------baggage detected by sensor------------- 
Baggage weighs: 20.33 kg
baggage is on conveyor belt-------
---------baggage detected by sensor------------- 
Baggage weighs: 22.01 kg
baggage is on conveyor belt-------
---------baggage detected by sensor------------- 
Baggage weighs: 19.27 kg
baggage is on conveyor belt-------
---------baggage detected by sensor------------- 
Baggage weighs: 21.18 kg
baggage is on conveyor belt-------
---------baggage detected by sensor------------- 
Baggage weighs: 17.16 kg
Seat with ID: 19J has been reserved for you!

BOARDING PASS FOR DARWIN HILL
-----------------------------------------------------------------------------
LUFTHANSA                      0zdmpc61oev5jmk /  Darwin Hill
Darwin Hill                                     /  0zdmpc61oev5jmk
FRA   LH2121   E  30.Oct                       /  FRA
HKG                                            /  HKG
SEAT ID: 19J                                   /  LH2121 E 30.Oct
SEQ: 45                                      / GATE: A05   22:00
MAX 1  HANDLUGGAGE/ LUGGAGE
-----------------------------------------------------------------------------
sorry Darwin Hill we have no voucher for you! Have a nice day!

---------------------------------------------------------------------------------------------------------------
scanning passport with passport id: D6FO2CU1Y
searching for ticket in fast bag drop database..............
Ticket found for Minh Middleton and Flight LH2121
----searching flight seat for Minh Middleton---------
Found a seat with ID 19K
Below details were found in database
------------------------------------------
Name: Minh Middleton
Flight ID: LH2121
Source: FRA
Destination: HKG
Gate No: A05
Boarding time: 22:00
Ticket ID: quolereqt0qyc2i
Booking Class: E
------------------------------------------

Proceed with check-in for flight LH2121 ?
Type YES to CHECK-IN or NO to cancel CHECK-IN
Minh Middleton is deciding whether to check-in or to go back home and sleep............
YES CHECK-IN
Checking you in...............
baggage is on conveyor belt-------
---------baggage detected by sensor------------- 
Baggage weighs: 21.58 kg
baggage is on conveyor belt-------
---------baggage detected by sensor------------- 
Baggage weighs: 20.43 kg
baggage is on conveyor belt-------
---------baggage detected by sensor------------- 
Baggage weighs: 18.47 kg
baggage is on conveyor belt-------
---------baggage detected by sensor------------- 
Baggage weighs: 17.86 kg
baggage is on conveyor belt-------
---------baggage detected by sensor------------- 
Baggage weighs: 18.65 kg
baggage is on conveyor belt-------
---------baggage detected by sensor------------- 
Baggage weighs: 19.27 kg
baggage is on conveyor belt-------
---------baggage detected by sensor------------- 
Baggage weighs: 17.42 kg
baggage is on conveyor belt-------
---------baggage detected by sensor------------- 
Baggage weighs: 19.16 kg
baggage is on conveyor belt-------
---------baggage detected by sensor------------- 
Baggage weighs: 19.52 kg
baggage is on conveyor belt-------
---------baggage detected by sensor------------- 
Baggage weighs: 17.51 kg
baggage is on conveyor belt-------
---------baggage detected by sensor------------- 
Baggage weighs: 17.38 kg
baggage is on conveyor belt-------
---------baggage detected by sensor------------- 
Baggage weighs: 18.67 kg
baggage is on conveyor belt-------
---------baggage detected by sensor------------- 
Baggage weighs: 16.98 kg
baggage is on conveyor belt-------
---------baggage detected by sensor------------- 
Baggage weighs: 21.26 kg
baggage is on conveyor belt-------
---------baggage detected by sensor------------- 
Baggage weighs: 18.3 kg
baggage is on conveyor belt-------
---------baggage detected by sensor------------- 
Baggage weighs: 16.81 kg
baggage is on conveyor belt-------
---------baggage detected by sensor------------- 
Baggage weighs: 20.91 kg
baggage is on conveyor belt-------
---------baggage detected by sensor------------- 
Baggage weighs: 21.21 kg
baggage is on conveyor belt-------
---------baggage detected by sensor------------- 
Baggage weighs: 19.69 kg
baggage is on conveyor belt-------
---------baggage detected by sensor------------- 
Baggage weighs: 18.67 kg
baggage is on conveyor belt-------
---------baggage detected by sensor------------- 
Baggage weighs: 19.12 kg
baggage is on conveyor belt-------
---------baggage detected by sensor------------- 
Baggage weighs: 16.42 kg
baggage is on conveyor belt-------
---------baggage detected by sensor------------- 
Baggage weighs: 19.17 kg
baggage is on conveyor belt-------
---------baggage detected by sensor------------- 
Baggage weighs: 19.0 kg
baggage is on conveyor belt-------
---------baggage detected by sensor------------- 
Baggage weighs: 18.78 kg
baggage is on conveyor belt-------
---------baggage detected by sensor------------- 
Baggage weighs: 20.31 kg
baggage is on conveyor belt-------
---------baggage detected by sensor------------- 
Baggage weighs: 21.25 kg
baggage is on conveyor belt-------
---------baggage detected by sensor------------- 
Baggage weighs: 18.87 kg
baggage is on conveyor belt-------
---------baggage detected by sensor------------- 
Baggage weighs: 16.25 kg
baggage is on conveyor belt-------
---------baggage detected by sensor------------- 
Baggage weighs: 19.94 kg
baggage is on conveyor belt-------
---------baggage detected by sensor------------- 
Baggage weighs: 16.88 kg
baggage is on conveyor belt-------
---------baggage detected by sensor------------- 
Baggage weighs: 18.24 kg
baggage is on conveyor belt-------
---------baggage detected by sensor------------- 
Baggage weighs: 17.16 kg
baggage is on conveyor belt-------
---------baggage detected by sensor------------- 
Baggage weighs: 19.34 kg
baggage is on conveyor belt-------
---------baggage detected by sensor------------- 
Baggage weighs: 22.41 kg
baggage is on conveyor belt-------
---------baggage detected by sensor------------- 
Baggage weighs: 20.47 kg
baggage is on conveyor belt-------
---------baggage detected by sensor------------- 
Baggage weighs: 18.81 kg
baggage is on conveyor belt-------
---------baggage detected by sensor------------- 
Baggage weighs: 18.56 kg
baggage is on conveyor belt-------
---------baggage detected by sensor------------- 
Baggage weighs: 17.77 kg
baggage is on conveyor belt-------
---------baggage detected by sensor------------- 
Baggage weighs: 19.32 kg
baggage is on conveyor belt-------
---------baggage detected by sensor------------- 
Baggage weighs: 19.21 kg
baggage is on conveyor belt-------
---------baggage detected by sensor------------- 
Baggage weighs: 19.13 kg
baggage is on conveyor belt-------
---------baggage detected by sensor------------- 
Baggage weighs: 20.39 kg
baggage is on conveyor belt-------
---------baggage detected by sensor------------- 
Baggage weighs: 21.03 kg
baggage is on conveyor belt-------
---------baggage detected by sensor------------- 
Baggage weighs: 20.05 kg
baggage is on conveyor belt-------
---------baggage detected by sensor------------- 
Baggage weighs: 21.92 kg
baggage is on conveyor belt-------
---------baggage detected by sensor------------- 
Baggage weighs: 19.37 kg
baggage is on conveyor belt-------
---------baggage detected by sensor------------- 
Baggage weighs: 20.35 kg
baggage is on conveyor belt-------
---------baggage detected by sensor------------- 
Baggage weighs: 18.73 kg
baggage is on conveyor belt-------
---------baggage detected by sensor------------- 
Baggage weighs: 20.33 kg
baggage is on conveyor belt-------
---------baggage detected by sensor------------- 
Baggage weighs: 22.01 kg
baggage is on conveyor belt-------
---------baggage detected by sensor------------- 
Baggage weighs: 19.27 kg
baggage is on conveyor belt-------
---------baggage detected by sensor------------- 
Baggage weighs: 21.18 kg
baggage is on conveyor belt-------
---------baggage detected by sensor------------- 
Baggage weighs: 17.16 kg
baggage is on conveyor belt-------
---------baggage detected by sensor------------- 
Baggage weighs: 20.04 kg
Seat with ID: 19K has been reserved for you!

BOARDING PASS FOR MINH MIDDLETON
-----------------------------------------------------------------------------
LUFTHANSA                      quolereqt0qyc2i /  Minh Middleton
Minh Middleton                                     /  quolereqt0qyc2i
FRA   LH2121   E  30.Oct                       /  FRA
HKG                                            /  HKG
SEAT ID: 19K                                   /  LH2121 E 30.Oct
SEQ: 46                                      / GATE: A05   22:00
MAX 1  HANDLUGGAGE/ LUGGAGE
-----------------------------------------------------------------------------
sorry Minh Middleton we have no voucher for you! Have a nice day!

---------------------------------------------------------------------------------------------------------------
scanning passport with passport id: 204GGSJ4C
searching for ticket in fast bag drop database..............
Ticket found for Bettie Hendricks and Flight LH2121
----searching flight seat for Bettie Hendricks---------
Found a seat with ID 20A
Below details were found in database
------------------------------------------
Name: Bettie Hendricks
Flight ID: LH2121
Source: FRA
Destination: HKG
Gate No: A05
Boarding time: 22:00
Ticket ID: jxjsiclneg0q3em
Booking Class: E
------------------------------------------

Proceed with check-in for flight LH2121 ?
Type YES to CHECK-IN or NO to cancel CHECK-IN
Bettie Hendricks is deciding whether to check-in or to go back home and sleep............
YES CHECK-IN
Checking you in...............
baggage is on conveyor belt-------
---------baggage detected by sensor------------- 
Baggage weighs: 21.58 kg
baggage is on conveyor belt-------
---------baggage detected by sensor------------- 
Baggage weighs: 20.43 kg
baggage is on conveyor belt-------
---------baggage detected by sensor------------- 
Baggage weighs: 18.47 kg
baggage is on conveyor belt-------
---------baggage detected by sensor------------- 
Baggage weighs: 17.86 kg
baggage is on conveyor belt-------
---------baggage detected by sensor------------- 
Baggage weighs: 18.65 kg
baggage is on conveyor belt-------
---------baggage detected by sensor------------- 
Baggage weighs: 19.27 kg
baggage is on conveyor belt-------
---------baggage detected by sensor------------- 
Baggage weighs: 17.42 kg
baggage is on conveyor belt-------
---------baggage detected by sensor------------- 
Baggage weighs: 19.16 kg
baggage is on conveyor belt-------
---------baggage detected by sensor------------- 
Baggage weighs: 19.52 kg
baggage is on conveyor belt-------
---------baggage detected by sensor------------- 
Baggage weighs: 17.51 kg
baggage is on conveyor belt-------
---------baggage detected by sensor------------- 
Baggage weighs: 17.38 kg
baggage is on conveyor belt-------
---------baggage detected by sensor------------- 
Baggage weighs: 18.67 kg
baggage is on conveyor belt-------
---------baggage detected by sensor------------- 
Baggage weighs: 16.98 kg
baggage is on conveyor belt-------
---------baggage detected by sensor------------- 
Baggage weighs: 21.26 kg
baggage is on conveyor belt-------
---------baggage detected by sensor------------- 
Baggage weighs: 18.3 kg
baggage is on conveyor belt-------
---------baggage detected by sensor------------- 
Baggage weighs: 16.81 kg
baggage is on conveyor belt-------
---------baggage detected by sensor------------- 
Baggage weighs: 20.91 kg
baggage is on conveyor belt-------
---------baggage detected by sensor------------- 
Baggage weighs: 21.21 kg
baggage is on conveyor belt-------
---------baggage detected by sensor------------- 
Baggage weighs: 19.69 kg
baggage is on conveyor belt-------
---------baggage detected by sensor------------- 
Baggage weighs: 18.67 kg
baggage is on conveyor belt-------
---------baggage detected by sensor------------- 
Baggage weighs: 19.12 kg
baggage is on conveyor belt-------
---------baggage detected by sensor------------- 
Baggage weighs: 16.42 kg
baggage is on conveyor belt-------
---------baggage detected by sensor------------- 
Baggage weighs: 19.17 kg
baggage is on conveyor belt-------
---------baggage detected by sensor------------- 
Baggage weighs: 19.0 kg
baggage is on conveyor belt-------
---------baggage detected by sensor------------- 
Baggage weighs: 18.78 kg
baggage is on conveyor belt-------
---------baggage detected by sensor------------- 
Baggage weighs: 20.31 kg
baggage is on conveyor belt-------
---------baggage detected by sensor------------- 
Baggage weighs: 21.25 kg
baggage is on conveyor belt-------
---------baggage detected by sensor------------- 
Baggage weighs: 18.87 kg
baggage is on conveyor belt-------
---------baggage detected by sensor------------- 
Baggage weighs: 16.25 kg
baggage is on conveyor belt-------
---------baggage detected by sensor------------- 
Baggage weighs: 19.94 kg
baggage is on conveyor belt-------
---------baggage detected by sensor------------- 
Baggage weighs: 16.88 kg
baggage is on conveyor belt-------
---------baggage detected by sensor------------- 
Baggage weighs: 18.24 kg
baggage is on conveyor belt-------
---------baggage detected by sensor------------- 
Baggage weighs: 17.16 kg
baggage is on conveyor belt-------
---------baggage detected by sensor------------- 
Baggage weighs: 19.34 kg
baggage is on conveyor belt-------
---------baggage detected by sensor------------- 
Baggage weighs: 22.41 kg
baggage is on conveyor belt-------
---------baggage detected by sensor------------- 
Baggage weighs: 20.47 kg
baggage is on conveyor belt-------
---------baggage detected by sensor------------- 
Baggage weighs: 18.81 kg
baggage is on conveyor belt-------
---------baggage detected by sensor------------- 
Baggage weighs: 18.56 kg
baggage is on conveyor belt-------
---------baggage detected by sensor------------- 
Baggage weighs: 17.77 kg
baggage is on conveyor belt-------
---------baggage detected by sensor------------- 
Baggage weighs: 19.32 kg
baggage is on conveyor belt-------
---------baggage detected by sensor------------- 
Baggage weighs: 19.21 kg
baggage is on conveyor belt-------
---------baggage detected by sensor------------- 
Baggage weighs: 19.13 kg
baggage is on conveyor belt-------
---------baggage detected by sensor------------- 
Baggage weighs: 20.39 kg
baggage is on conveyor belt-------
---------baggage detected by sensor------------- 
Baggage weighs: 21.03 kg
baggage is on conveyor belt-------
---------baggage detected by sensor------------- 
Baggage weighs: 20.05 kg
baggage is on conveyor belt-------
---------baggage detected by sensor------------- 
Baggage weighs: 21.92 kg
baggage is on conveyor belt-------
---------baggage detected by sensor------------- 
Baggage weighs: 19.37 kg
baggage is on conveyor belt-------
---------baggage detected by sensor------------- 
Baggage weighs: 20.35 kg
baggage is on conveyor belt-------
---------baggage detected by sensor------------- 
Baggage weighs: 18.73 kg
baggage is on conveyor belt-------
---------baggage detected by sensor------------- 
Baggage weighs: 20.33 kg
baggage is on conveyor belt-------
---------baggage detected by sensor------------- 
Baggage weighs: 22.01 kg
baggage is on conveyor belt-------
---------baggage detected by sensor------------- 
Baggage weighs: 19.27 kg
baggage is on conveyor belt-------
---------baggage detected by sensor------------- 
Baggage weighs: 21.18 kg
baggage is on conveyor belt-------
---------baggage detected by sensor------------- 
Baggage weighs: 17.16 kg
baggage is on conveyor belt-------
---------baggage detected by sensor------------- 
Baggage weighs: 20.04 kg
baggage is on conveyor belt-------
---------baggage detected by sensor------------- 
Baggage weighs: 20.91 kg
Seat with ID: 20A has been reserved for you!

BOARDING PASS FOR BETTIE HENDRICKS
-----------------------------------------------------------------------------
LUFTHANSA                      jxjsiclneg0q3em /  Bettie Hendricks
Bettie Hendricks                                     /  jxjsiclneg0q3em
FRA   LH2121   E  30.Oct                       /  FRA
HKG                                            /  HKG
SEAT ID: 20A                                   /  LH2121 E 30.Oct
SEQ: 47                                      / GATE: A05   22:00
MAX 1  HANDLUGGAGE/ LUGGAGE
-----------------------------------------------------------------------------
sorry Bettie Hendricks we have no voucher for you! Have a nice day!

---------------------------------------------------------------------------------------------------------------
scanning passport with passport id: DNTYJRRJ9
searching for ticket in fast bag drop database..............
Ticket found for Ulysses Ford and Flight LH2121
----searching flight seat for Ulysses Ford---------
Found a seat with ID 20B
Below details were found in database
------------------------------------------
Name: Ulysses Ford
Flight ID: LH2121
Source: FRA
Destination: HKG
Gate No: A05
Boarding time: 22:00
Ticket ID: dd31z1aj7wwmi3j
Booking Class: E
------------------------------------------

Proceed with check-in for flight LH2121 ?
Type YES to CHECK-IN or NO to cancel CHECK-IN
Ulysses Ford is deciding whether to check-in or to go back home and sleep............
YES CHECK-IN
Checking you in...............
baggage is on conveyor belt-------
---------baggage detected by sensor------------- 
Baggage weighs: 21.58 kg
baggage is on conveyor belt-------
---------baggage detected by sensor------------- 
Baggage weighs: 20.43 kg
baggage is on conveyor belt-------
---------baggage detected by sensor------------- 
Baggage weighs: 18.47 kg
baggage is on conveyor belt-------
---------baggage detected by sensor------------- 
Baggage weighs: 17.86 kg
baggage is on conveyor belt-------
---------baggage detected by sensor------------- 
Baggage weighs: 18.65 kg
baggage is on conveyor belt-------
---------baggage detected by sensor------------- 
Baggage weighs: 19.27 kg
baggage is on conveyor belt-------
---------baggage detected by sensor------------- 
Baggage weighs: 17.42 kg
baggage is on conveyor belt-------
---------baggage detected by sensor------------- 
Baggage weighs: 19.16 kg
baggage is on conveyor belt-------
---------baggage detected by sensor------------- 
Baggage weighs: 19.52 kg
baggage is on conveyor belt-------
---------baggage detected by sensor------------- 
Baggage weighs: 17.51 kg
baggage is on conveyor belt-------
---------baggage detected by sensor------------- 
Baggage weighs: 17.38 kg
baggage is on conveyor belt-------
---------baggage detected by sensor------------- 
Baggage weighs: 18.67 kg
baggage is on conveyor belt-------
---------baggage detected by sensor------------- 
Baggage weighs: 16.98 kg
baggage is on conveyor belt-------
---------baggage detected by sensor------------- 
Baggage weighs: 21.26 kg
baggage is on conveyor belt-------
---------baggage detected by sensor------------- 
Baggage weighs: 18.3 kg
baggage is on conveyor belt-------
---------baggage detected by sensor------------- 
Baggage weighs: 16.81 kg
baggage is on conveyor belt-------
---------baggage detected by sensor------------- 
Baggage weighs: 20.91 kg
baggage is on conveyor belt-------
---------baggage detected by sensor------------- 
Baggage weighs: 21.21 kg
baggage is on conveyor belt-------
---------baggage detected by sensor------------- 
Baggage weighs: 19.69 kg
baggage is on conveyor belt-------
---------baggage detected by sensor------------- 
Baggage weighs: 18.67 kg
baggage is on conveyor belt-------
---------baggage detected by sensor------------- 
Baggage weighs: 19.12 kg
baggage is on conveyor belt-------
---------baggage detected by sensor------------- 
Baggage weighs: 16.42 kg
baggage is on conveyor belt-------
---------baggage detected by sensor------------- 
Baggage weighs: 19.17 kg
baggage is on conveyor belt-------
---------baggage detected by sensor------------- 
Baggage weighs: 19.0 kg
baggage is on conveyor belt-------
---------baggage detected by sensor------------- 
Baggage weighs: 18.78 kg
baggage is on conveyor belt-------
---------baggage detected by sensor------------- 
Baggage weighs: 20.31 kg
baggage is on conveyor belt-------
---------baggage detected by sensor------------- 
Baggage weighs: 21.25 kg
baggage is on conveyor belt-------
---------baggage detected by sensor------------- 
Baggage weighs: 18.87 kg
baggage is on conveyor belt-------
---------baggage detected by sensor------------- 
Baggage weighs: 16.25 kg
baggage is on conveyor belt-------
---------baggage detected by sensor------------- 
Baggage weighs: 19.94 kg
baggage is on conveyor belt-------
---------baggage detected by sensor------------- 
Baggage weighs: 16.88 kg
baggage is on conveyor belt-------
---------baggage detected by sensor------------- 
Baggage weighs: 18.24 kg
baggage is on conveyor belt-------
---------baggage detected by sensor------------- 
Baggage weighs: 17.16 kg
baggage is on conveyor belt-------
---------baggage detected by sensor------------- 
Baggage weighs: 19.34 kg
baggage is on conveyor belt-------
---------baggage detected by sensor------------- 
Baggage weighs: 22.41 kg
baggage is on conveyor belt-------
---------baggage detected by sensor------------- 
Baggage weighs: 20.47 kg
baggage is on conveyor belt-------
---------baggage detected by sensor------------- 
Baggage weighs: 18.81 kg
baggage is on conveyor belt-------
---------baggage detected by sensor------------- 
Baggage weighs: 18.56 kg
baggage is on conveyor belt-------
---------baggage detected by sensor------------- 
Baggage weighs: 17.77 kg
baggage is on conveyor belt-------
---------baggage detected by sensor------------- 
Baggage weighs: 19.32 kg
baggage is on conveyor belt-------
---------baggage detected by sensor------------- 
Baggage weighs: 19.21 kg
baggage is on conveyor belt-------
---------baggage detected by sensor------------- 
Baggage weighs: 19.13 kg
baggage is on conveyor belt-------
---------baggage detected by sensor------------- 
Baggage weighs: 20.39 kg
baggage is on conveyor belt-------
---------baggage detected by sensor------------- 
Baggage weighs: 21.03 kg
baggage is on conveyor belt-------
---------baggage detected by sensor------------- 
Baggage weighs: 20.05 kg
baggage is on conveyor belt-------
---------baggage detected by sensor------------- 
Baggage weighs: 21.92 kg
baggage is on conveyor belt-------
---------baggage detected by sensor------------- 
Baggage weighs: 19.37 kg
baggage is on conveyor belt-------
---------baggage detected by sensor------------- 
Baggage weighs: 20.35 kg
baggage is on conveyor belt-------
---------baggage detected by sensor------------- 
Baggage weighs: 18.73 kg
baggage is on conveyor belt-------
---------baggage detected by sensor------------- 
Baggage weighs: 20.33 kg
baggage is on conveyor belt-------
---------baggage detected by sensor------------- 
Baggage weighs: 22.01 kg
baggage is on conveyor belt-------
---------baggage detected by sensor------------- 
Baggage weighs: 19.27 kg
baggage is on conveyor belt-------
---------baggage detected by sensor------------- 
Baggage weighs: 21.18 kg
baggage is on conveyor belt-------
---------baggage detected by sensor------------- 
Baggage weighs: 17.16 kg
baggage is on conveyor belt-------
---------baggage detected by sensor------------- 
Baggage weighs: 20.04 kg
baggage is on conveyor belt-------
---------baggage detected by sensor------------- 
Baggage weighs: 20.91 kg
baggage is on conveyor belt-------
---------baggage detected by sensor------------- 
Baggage weighs: 20.3 kg
Seat with ID: 20B has been reserved for you!

BOARDING PASS FOR ULYSSES FORD
-----------------------------------------------------------------------------
LUFTHANSA                      dd31z1aj7wwmi3j /  Ulysses Ford
Ulysses Ford                                     /  dd31z1aj7wwmi3j
FRA   LH2121   E  30.Oct                       /  FRA
HKG                                            /  HKG
SEAT ID: 20B                                   /  LH2121 E 30.Oct
SEQ: 48                                      / GATE: A05   22:00
MAX 1  HANDLUGGAGE/ LUGGAGE
-----------------------------------------------------------------------------
sorry Ulysses Ford we have no voucher for you! Have a nice day!

---------------------------------------------------------------------------------------------------------------
scanning passport with passport id: R98I7T3A4
searching for ticket in fast bag drop database..............
Ticket found for Janine Barber and Flight LH2121
----searching flight seat for Janine Barber---------
Found a seat with ID 20C
Below details were found in database
------------------------------------------
Name: Janine Barber
Flight ID: LH2121
Source: FRA
Destination: HKG
Gate No: A05
Boarding time: 22:00
Ticket ID: xkowjvdkma58p30
Booking Class: E
------------------------------------------

Proceed with check-in for flight LH2121 ?
Type YES to CHECK-IN or NO to cancel CHECK-IN
Janine Barber is deciding whether to check-in or to go back home and sleep............
YES CHECK-IN
Checking you in...............
baggage is on conveyor belt-------
---------baggage detected by sensor------------- 
Baggage weighs: 21.58 kg
baggage is on conveyor belt-------
---------baggage detected by sensor------------- 
Baggage weighs: 20.43 kg
baggage is on conveyor belt-------
---------baggage detected by sensor------------- 
Baggage weighs: 18.47 kg
baggage is on conveyor belt-------
---------baggage detected by sensor------------- 
Baggage weighs: 17.86 kg
baggage is on conveyor belt-------
---------baggage detected by sensor------------- 
Baggage weighs: 18.65 kg
baggage is on conveyor belt-------
---------baggage detected by sensor------------- 
Baggage weighs: 19.27 kg
baggage is on conveyor belt-------
---------baggage detected by sensor------------- 
Baggage weighs: 17.42 kg
baggage is on conveyor belt-------
---------baggage detected by sensor------------- 
Baggage weighs: 19.16 kg
baggage is on conveyor belt-------
---------baggage detected by sensor------------- 
Baggage weighs: 19.52 kg
baggage is on conveyor belt-------
---------baggage detected by sensor------------- 
Baggage weighs: 17.51 kg
baggage is on conveyor belt-------
---------baggage detected by sensor------------- 
Baggage weighs: 17.38 kg
baggage is on conveyor belt-------
---------baggage detected by sensor------------- 
Baggage weighs: 18.67 kg
baggage is on conveyor belt-------
---------baggage detected by sensor------------- 
Baggage weighs: 16.98 kg
baggage is on conveyor belt-------
---------baggage detected by sensor------------- 
Baggage weighs: 21.26 kg
baggage is on conveyor belt-------
---------baggage detected by sensor------------- 
Baggage weighs: 18.3 kg
baggage is on conveyor belt-------
---------baggage detected by sensor------------- 
Baggage weighs: 16.81 kg
baggage is on conveyor belt-------
---------baggage detected by sensor------------- 
Baggage weighs: 20.91 kg
baggage is on conveyor belt-------
---------baggage detected by sensor------------- 
Baggage weighs: 21.21 kg
baggage is on conveyor belt-------
---------baggage detected by sensor------------- 
Baggage weighs: 19.69 kg
baggage is on conveyor belt-------
---------baggage detected by sensor------------- 
Baggage weighs: 18.67 kg
baggage is on conveyor belt-------
---------baggage detected by sensor------------- 
Baggage weighs: 19.12 kg
baggage is on conveyor belt-------
---------baggage detected by sensor------------- 
Baggage weighs: 16.42 kg
baggage is on conveyor belt-------
---------baggage detected by sensor------------- 
Baggage weighs: 19.17 kg
baggage is on conveyor belt-------
---------baggage detected by sensor------------- 
Baggage weighs: 19.0 kg
baggage is on conveyor belt-------
---------baggage detected by sensor------------- 
Baggage weighs: 18.78 kg
baggage is on conveyor belt-------
---------baggage detected by sensor------------- 
Baggage weighs: 20.31 kg
baggage is on conveyor belt-------
---------baggage detected by sensor------------- 
Baggage weighs: 21.25 kg
baggage is on conveyor belt-------
---------baggage detected by sensor------------- 
Baggage weighs: 18.87 kg
baggage is on conveyor belt-------
---------baggage detected by sensor------------- 
Baggage weighs: 16.25 kg
baggage is on conveyor belt-------
---------baggage detected by sensor------------- 
Baggage weighs: 19.94 kg
baggage is on conveyor belt-------
---------baggage detected by sensor------------- 
Baggage weighs: 16.88 kg
baggage is on conveyor belt-------
---------baggage detected by sensor------------- 
Baggage weighs: 18.24 kg
baggage is on conveyor belt-------
---------baggage detected by sensor------------- 
Baggage weighs: 17.16 kg
baggage is on conveyor belt-------
---------baggage detected by sensor------------- 
Baggage weighs: 19.34 kg
baggage is on conveyor belt-------
---------baggage detected by sensor------------- 
Baggage weighs: 22.41 kg
baggage is on conveyor belt-------
---------baggage detected by sensor------------- 
Baggage weighs: 20.47 kg
baggage is on conveyor belt-------
---------baggage detected by sensor------------- 
Baggage weighs: 18.81 kg
baggage is on conveyor belt-------
---------baggage detected by sensor------------- 
Baggage weighs: 18.56 kg
baggage is on conveyor belt-------
---------baggage detected by sensor------------- 
Baggage weighs: 17.77 kg
baggage is on conveyor belt-------
---------baggage detected by sensor------------- 
Baggage weighs: 19.32 kg
baggage is on conveyor belt-------
---------baggage detected by sensor------------- 
Baggage weighs: 19.21 kg
baggage is on conveyor belt-------
---------baggage detected by sensor------------- 
Baggage weighs: 19.13 kg
baggage is on conveyor belt-------
---------baggage detected by sensor------------- 
Baggage weighs: 20.39 kg
baggage is on conveyor belt-------
---------baggage detected by sensor------------- 
Baggage weighs: 21.03 kg
baggage is on conveyor belt-------
---------baggage detected by sensor------------- 
Baggage weighs: 20.05 kg
baggage is on conveyor belt-------
---------baggage detected by sensor------------- 
Baggage weighs: 21.92 kg
baggage is on conveyor belt-------
---------baggage detected by sensor------------- 
Baggage weighs: 19.37 kg
baggage is on conveyor belt-------
---------baggage detected by sensor------------- 
Baggage weighs: 20.35 kg
baggage is on conveyor belt-------
---------baggage detected by sensor------------- 
Baggage weighs: 18.73 kg
baggage is on conveyor belt-------
---------baggage detected by sensor------------- 
Baggage weighs: 20.33 kg
baggage is on conveyor belt-------
---------baggage detected by sensor------------- 
Baggage weighs: 22.01 kg
baggage is on conveyor belt-------
---------baggage detected by sensor------------- 
Baggage weighs: 19.27 kg
baggage is on conveyor belt-------
---------baggage detected by sensor------------- 
Baggage weighs: 21.18 kg
baggage is on conveyor belt-------
---------baggage detected by sensor------------- 
Baggage weighs: 17.16 kg
baggage is on conveyor belt-------
---------baggage detected by sensor------------- 
Baggage weighs: 20.04 kg
baggage is on conveyor belt-------
---------baggage detected by sensor------------- 
Baggage weighs: 20.91 kg
baggage is on conveyor belt-------
---------baggage detected by sensor------------- 
Baggage weighs: 20.3 kg
baggage is on conveyor belt-------
---------baggage detected by sensor------------- 
Baggage weighs: 20.38 kg
Seat with ID: 20C has been reserved for you!

BOARDING PASS FOR JANINE BARBER
-----------------------------------------------------------------------------
LUFTHANSA                      xkowjvdkma58p30 /  Janine Barber
Janine Barber                                     /  xkowjvdkma58p30
FRA   LH2121   E  30.Oct                       /  FRA
HKG                                            /  HKG
SEAT ID: 20C                                   /  LH2121 E 30.Oct
SEQ: 49                                      / GATE: A05   22:00
MAX 1  HANDLUGGAGE/ LUGGAGE
-----------------------------------------------------------------------------
sorry Janine Barber we have no voucher for you! Have a nice day!

---------------------------------------------------------------------------------------------------------------
scanning passport with passport id: EAKFB0VG8
searching for ticket in fast bag drop database..............
Ticket found for Myles Combs and Flight LH2121
----searching flight seat for Myles Combs---------
Found a seat with ID 20D
Below details were found in database
------------------------------------------
Name: Myles Combs
Flight ID: LH2121
Source: FRA
Destination: HKG
Gate No: A05
Boarding time: 22:00
Ticket ID: gvxh9nhg4f87eba
Booking Class: E
------------------------------------------

Proceed with check-in for flight LH2121 ?
Type YES to CHECK-IN or NO to cancel CHECK-IN
Myles Combs is deciding whether to check-in or to go back home and sleep............
YES CHECK-IN
Checking you in...............
baggage is on conveyor belt-------
---------baggage detected by sensor------------- 
Baggage weighs: 21.58 kg
baggage is on conveyor belt-------
---------baggage detected by sensor------------- 
Baggage weighs: 20.43 kg
baggage is on conveyor belt-------
---------baggage detected by sensor------------- 
Baggage weighs: 18.47 kg
baggage is on conveyor belt-------
---------baggage detected by sensor------------- 
Baggage weighs: 17.86 kg
baggage is on conveyor belt-------
---------baggage detected by sensor------------- 
Baggage weighs: 18.65 kg
baggage is on conveyor belt-------
---------baggage detected by sensor------------- 
Baggage weighs: 19.27 kg
baggage is on conveyor belt-------
---------baggage detected by sensor------------- 
Baggage weighs: 17.42 kg
baggage is on conveyor belt-------
---------baggage detected by sensor------------- 
Baggage weighs: 19.16 kg
baggage is on conveyor belt-------
---------baggage detected by sensor------------- 
Baggage weighs: 19.52 kg
baggage is on conveyor belt-------
---------baggage detected by sensor------------- 
Baggage weighs: 17.51 kg
baggage is on conveyor belt-------
---------baggage detected by sensor------------- 
Baggage weighs: 17.38 kg
baggage is on conveyor belt-------
---------baggage detected by sensor------------- 
Baggage weighs: 18.67 kg
baggage is on conveyor belt-------
---------baggage detected by sensor------------- 
Baggage weighs: 16.98 kg
baggage is on conveyor belt-------
---------baggage detected by sensor------------- 
Baggage weighs: 21.26 kg
baggage is on conveyor belt-------
---------baggage detected by sensor------------- 
Baggage weighs: 18.3 kg
baggage is on conveyor belt-------
---------baggage detected by sensor------------- 
Baggage weighs: 16.81 kg
baggage is on conveyor belt-------
---------baggage detected by sensor------------- 
Baggage weighs: 20.91 kg
baggage is on conveyor belt-------
---------baggage detected by sensor------------- 
Baggage weighs: 21.21 kg
baggage is on conveyor belt-------
---------baggage detected by sensor------------- 
Baggage weighs: 19.69 kg
baggage is on conveyor belt-------
---------baggage detected by sensor------------- 
Baggage weighs: 18.67 kg
baggage is on conveyor belt-------
---------baggage detected by sensor------------- 
Baggage weighs: 19.12 kg
baggage is on conveyor belt-------
---------baggage detected by sensor------------- 
Baggage weighs: 16.42 kg
baggage is on conveyor belt-------
---------baggage detected by sensor------------- 
Baggage weighs: 19.17 kg
baggage is on conveyor belt-------
---------baggage detected by sensor------------- 
Baggage weighs: 19.0 kg
baggage is on conveyor belt-------
---------baggage detected by sensor------------- 
Baggage weighs: 18.78 kg
baggage is on conveyor belt-------
---------baggage detected by sensor------------- 
Baggage weighs: 20.31 kg
baggage is on conveyor belt-------
---------baggage detected by sensor------------- 
Baggage weighs: 21.25 kg
baggage is on conveyor belt-------
---------baggage detected by sensor------------- 
Baggage weighs: 18.87 kg
baggage is on conveyor belt-------
---------baggage detected by sensor------------- 
Baggage weighs: 16.25 kg
baggage is on conveyor belt-------
---------baggage detected by sensor------------- 
Baggage weighs: 19.94 kg
baggage is on conveyor belt-------
---------baggage detected by sensor------------- 
Baggage weighs: 16.88 kg
baggage is on conveyor belt-------
---------baggage detected by sensor------------- 
Baggage weighs: 18.24 kg
baggage is on conveyor belt-------
---------baggage detected by sensor------------- 
Baggage weighs: 17.16 kg
baggage is on conveyor belt-------
---------baggage detected by sensor------------- 
Baggage weighs: 19.34 kg
baggage is on conveyor belt-------
---------baggage detected by sensor------------- 
Baggage weighs: 22.41 kg
baggage is on conveyor belt-------
---------baggage detected by sensor------------- 
Baggage weighs: 20.47 kg
baggage is on conveyor belt-------
---------baggage detected by sensor------------- 
Baggage weighs: 18.81 kg
baggage is on conveyor belt-------
---------baggage detected by sensor------------- 
Baggage weighs: 18.56 kg
baggage is on conveyor belt-------
---------baggage detected by sensor------------- 
Baggage weighs: 17.77 kg
baggage is on conveyor belt-------
---------baggage detected by sensor------------- 
Baggage weighs: 19.32 kg
baggage is on conveyor belt-------
---------baggage detected by sensor------------- 
Baggage weighs: 19.21 kg
baggage is on conveyor belt-------
---------baggage detected by sensor------------- 
Baggage weighs: 19.13 kg
baggage is on conveyor belt-------
---------baggage detected by sensor------------- 
Baggage weighs: 20.39 kg
baggage is on conveyor belt-------
---------baggage detected by sensor------------- 
Baggage weighs: 21.03 kg
baggage is on conveyor belt-------
---------baggage detected by sensor------------- 
Baggage weighs: 20.05 kg
baggage is on conveyor belt-------
---------baggage detected by sensor------------- 
Baggage weighs: 21.92 kg
baggage is on conveyor belt-------
---------baggage detected by sensor------------- 
Baggage weighs: 19.37 kg
baggage is on conveyor belt-------
---------baggage detected by sensor------------- 
Baggage weighs: 20.35 kg
baggage is on conveyor belt-------
---------baggage detected by sensor------------- 
Baggage weighs: 18.73 kg
baggage is on conveyor belt-------
---------baggage detected by sensor------------- 
Baggage weighs: 20.33 kg
baggage is on conveyor belt-------
---------baggage detected by sensor------------- 
Baggage weighs: 22.01 kg
baggage is on conveyor belt-------
---------baggage detected by sensor------------- 
Baggage weighs: 19.27 kg
baggage is on conveyor belt-------
---------baggage detected by sensor------------- 
Baggage weighs: 21.18 kg
baggage is on conveyor belt-------
---------baggage detected by sensor------------- 
Baggage weighs: 17.16 kg
baggage is on conveyor belt-------
---------baggage detected by sensor------------- 
Baggage weighs: 20.04 kg
baggage is on conveyor belt-------
---------baggage detected by sensor------------- 
Baggage weighs: 20.91 kg
baggage is on conveyor belt-------
---------baggage detected by sensor------------- 
Baggage weighs: 20.3 kg
baggage is on conveyor belt-------
---------baggage detected by sensor------------- 
Baggage weighs: 20.38 kg
baggage is on conveyor belt-------
---------baggage detected by sensor------------- 
Baggage weighs: 16.54 kg
Seat with ID: 20D has been reserved for you!

BOARDING PASS FOR MYLES COMBS
-----------------------------------------------------------------------------
LUFTHANSA                      gvxh9nhg4f87eba /  Myles Combs
Myles Combs                                     /  gvxh9nhg4f87eba
FRA   LH2121   E  30.Oct                       /  FRA
HKG                                            /  HKG
SEAT ID: 20D                                   /  LH2121 E 30.Oct
SEQ: 50                                      / GATE: A05   22:00
MAX 1  HANDLUGGAGE/ LUGGAGE
-----------------------------------------------------------------------------
sorry Myles Combs we have no voucher for you! Have a nice day!

---------------------------------------------------------------------------------------------------------------
scanning passport with passport id: C6H9JP6Q5
searching for ticket in fast bag drop database..............
Ticket found for Dawn Elliott and Flight LH2121
----searching flight seat for Dawn Elliott---------
Found a seat with ID 20E
Below details were found in database
------------------------------------------
Name: Dawn Elliott
Flight ID: LH2121
Source: FRA
Destination: HKG
Gate No: A05
Boarding time: 22:00
Ticket ID: fwxhofhwv9babeq
Booking Class: E
------------------------------------------

Proceed with check-in for flight LH2121 ?
Type YES to CHECK-IN or NO to cancel CHECK-IN
Dawn Elliott is deciding whether to check-in or to go back home and sleep............
YES CHECK-IN
Checking you in...............
baggage is on conveyor belt-------
---------baggage detected by sensor------------- 
Baggage weighs: 21.58 kg
baggage is on conveyor belt-------
---------baggage detected by sensor------------- 
Baggage weighs: 20.43 kg
baggage is on conveyor belt-------
---------baggage detected by sensor------------- 
Baggage weighs: 18.47 kg
baggage is on conveyor belt-------
---------baggage detected by sensor------------- 
Baggage weighs: 17.86 kg
baggage is on conveyor belt-------
---------baggage detected by sensor------------- 
Baggage weighs: 18.65 kg
baggage is on conveyor belt-------
---------baggage detected by sensor------------- 
Baggage weighs: 19.27 kg
baggage is on conveyor belt-------
---------baggage detected by sensor------------- 
Baggage weighs: 17.42 kg
baggage is on conveyor belt-------
---------baggage detected by sensor------------- 
Baggage weighs: 19.16 kg
baggage is on conveyor belt-------
---------baggage detected by sensor------------- 
Baggage weighs: 19.52 kg
baggage is on conveyor belt-------
---------baggage detected by sensor------------- 
Baggage weighs: 17.51 kg
baggage is on conveyor belt-------
---------baggage detected by sensor------------- 
Baggage weighs: 17.38 kg
baggage is on conveyor belt-------
---------baggage detected by sensor------------- 
Baggage weighs: 18.67 kg
baggage is on conveyor belt-------
---------baggage detected by sensor------------- 
Baggage weighs: 16.98 kg
baggage is on conveyor belt-------
---------baggage detected by sensor------------- 
Baggage weighs: 21.26 kg
baggage is on conveyor belt-------
---------baggage detected by sensor------------- 
Baggage weighs: 18.3 kg
baggage is on conveyor belt-------
---------baggage detected by sensor------------- 
Baggage weighs: 16.81 kg
baggage is on conveyor belt-------
---------baggage detected by sensor------------- 
Baggage weighs: 20.91 kg
baggage is on conveyor belt-------
---------baggage detected by sensor------------- 
Baggage weighs: 21.21 kg
baggage is on conveyor belt-------
---------baggage detected by sensor------------- 
Baggage weighs: 19.69 kg
baggage is on conveyor belt-------
---------baggage detected by sensor------------- 
Baggage weighs: 18.67 kg
baggage is on conveyor belt-------
---------baggage detected by sensor------------- 
Baggage weighs: 19.12 kg
baggage is on conveyor belt-------
---------baggage detected by sensor------------- 
Baggage weighs: 16.42 kg
baggage is on conveyor belt-------
---------baggage detected by sensor------------- 
Baggage weighs: 19.17 kg
baggage is on conveyor belt-------
---------baggage detected by sensor------------- 
Baggage weighs: 19.0 kg
baggage is on conveyor belt-------
---------baggage detected by sensor------------- 
Baggage weighs: 18.78 kg
baggage is on conveyor belt-------
---------baggage detected by sensor------------- 
Baggage weighs: 20.31 kg
baggage is on conveyor belt-------
---------baggage detected by sensor------------- 
Baggage weighs: 21.25 kg
baggage is on conveyor belt-------
---------baggage detected by sensor------------- 
Baggage weighs: 18.87 kg
baggage is on conveyor belt-------
---------baggage detected by sensor------------- 
Baggage weighs: 16.25 kg
baggage is on conveyor belt-------
---------baggage detected by sensor------------- 
Baggage weighs: 19.94 kg
baggage is on conveyor belt-------
---------baggage detected by sensor------------- 
Baggage weighs: 16.88 kg
baggage is on conveyor belt-------
---------baggage detected by sensor------------- 
Baggage weighs: 18.24 kg
baggage is on conveyor belt-------
---------baggage detected by sensor------------- 
Baggage weighs: 17.16 kg
baggage is on conveyor belt-------
---------baggage detected by sensor------------- 
Baggage weighs: 19.34 kg
baggage is on conveyor belt-------
---------baggage detected by sensor------------- 
Baggage weighs: 22.41 kg
baggage is on conveyor belt-------
---------baggage detected by sensor------------- 
Baggage weighs: 20.47 kg
baggage is on conveyor belt-------
---------baggage detected by sensor------------- 
Baggage weighs: 18.81 kg
baggage is on conveyor belt-------
---------baggage detected by sensor------------- 
Baggage weighs: 18.56 kg
baggage is on conveyor belt-------
---------baggage detected by sensor------------- 
Baggage weighs: 17.77 kg
baggage is on conveyor belt-------
---------baggage detected by sensor------------- 
Baggage weighs: 19.32 kg
baggage is on conveyor belt-------
---------baggage detected by sensor------------- 
Baggage weighs: 19.21 kg
baggage is on conveyor belt-------
---------baggage detected by sensor------------- 
Baggage weighs: 19.13 kg
baggage is on conveyor belt-------
---------baggage detected by sensor------------- 
Baggage weighs: 20.39 kg
baggage is on conveyor belt-------
---------baggage detected by sensor------------- 
Baggage weighs: 21.03 kg
baggage is on conveyor belt-------
---------baggage detected by sensor------------- 
Baggage weighs: 20.05 kg
baggage is on conveyor belt-------
---------baggage detected by sensor------------- 
Baggage weighs: 21.92 kg
baggage is on conveyor belt-------
---------baggage detected by sensor------------- 
Baggage weighs: 19.37 kg
baggage is on conveyor belt-------
---------baggage detected by sensor------------- 
Baggage weighs: 20.35 kg
baggage is on conveyor belt-------
---------baggage detected by sensor------------- 
Baggage weighs: 18.73 kg
baggage is on conveyor belt-------
---------baggage detected by sensor------------- 
Baggage weighs: 20.33 kg
baggage is on conveyor belt-------
---------baggage detected by sensor------------- 
Baggage weighs: 22.01 kg
baggage is on conveyor belt-------
---------baggage detected by sensor------------- 
Baggage weighs: 19.27 kg
baggage is on conveyor belt-------
---------baggage detected by sensor------------- 
Baggage weighs: 21.18 kg
baggage is on conveyor belt-------
---------baggage detected by sensor------------- 
Baggage weighs: 17.16 kg
baggage is on conveyor belt-------
---------baggage detected by sensor------------- 
Baggage weighs: 20.04 kg
baggage is on conveyor belt-------
---------baggage detected by sensor------------- 
Baggage weighs: 20.91 kg
baggage is on conveyor belt-------
---------baggage detected by sensor------------- 
Baggage weighs: 20.3 kg
baggage is on conveyor belt-------
---------baggage detected by sensor------------- 
Baggage weighs: 20.38 kg
baggage is on conveyor belt-------
---------baggage detected by sensor------------- 
Baggage weighs: 16.54 kg
baggage is on conveyor belt-------
---------baggage detected by sensor------------- 
Baggage weighs: 18.87 kg
Seat with ID: 20E has been reserved for you!

BOARDING PASS FOR DAWN ELLIOTT
-----------------------------------------------------------------------------
LUFTHANSA                      fwxhofhwv9babeq /  Dawn Elliott
Dawn Elliott                                     /  fwxhofhwv9babeq
FRA   LH2121   E  30.Oct                       /  FRA
HKG                                            /  HKG
SEAT ID: 20E                                   /  LH2121 E 30.Oct
SEQ: 51                                      / GATE: A05   22:00
MAX 1  HANDLUGGAGE/ LUGGAGE
-----------------------------------------------------------------------------
sorry Dawn Elliott we have no voucher for you! Have a nice day!

---------------------------------------------------------------------------------------------------------------
scanning passport with passport id: UV6V2OG2C
searching for ticket in fast bag drop database..............
Ticket found for Dante Washington and Flight LH2121
----searching flight seat for Dante Washington---------
Found a seat with ID 20G
Below details were found in database
------------------------------------------
Name: Dante Washington
Flight ID: LH2121
Source: FRA
Destination: HKG
Gate No: A05
Boarding time: 22:00
Ticket ID: di9bgjbv4dp4ew9
Booking Class: E
------------------------------------------

Proceed with check-in for flight LH2121 ?
Type YES to CHECK-IN or NO to cancel CHECK-IN
Dante Washington is deciding whether to check-in or to go back home and sleep............
YES CHECK-IN
Checking you in...............
baggage is on conveyor belt-------
---------baggage detected by sensor------------- 
Baggage weighs: 21.58 kg
baggage is on conveyor belt-------
---------baggage detected by sensor------------- 
Baggage weighs: 20.43 kg
baggage is on conveyor belt-------
---------baggage detected by sensor------------- 
Baggage weighs: 18.47 kg
baggage is on conveyor belt-------
---------baggage detected by sensor------------- 
Baggage weighs: 17.86 kg
baggage is on conveyor belt-------
---------baggage detected by sensor------------- 
Baggage weighs: 18.65 kg
baggage is on conveyor belt-------
---------baggage detected by sensor------------- 
Baggage weighs: 19.27 kg
baggage is on conveyor belt-------
---------baggage detected by sensor------------- 
Baggage weighs: 17.42 kg
baggage is on conveyor belt-------
---------baggage detected by sensor------------- 
Baggage weighs: 19.16 kg
baggage is on conveyor belt-------
---------baggage detected by sensor------------- 
Baggage weighs: 19.52 kg
baggage is on conveyor belt-------
---------baggage detected by sensor------------- 
Baggage weighs: 17.51 kg
baggage is on conveyor belt-------
---------baggage detected by sensor------------- 
Baggage weighs: 17.38 kg
baggage is on conveyor belt-------
---------baggage detected by sensor------------- 
Baggage weighs: 18.67 kg
baggage is on conveyor belt-------
---------baggage detected by sensor------------- 
Baggage weighs: 16.98 kg
baggage is on conveyor belt-------
---------baggage detected by sensor------------- 
Baggage weighs: 21.26 kg
baggage is on conveyor belt-------
---------baggage detected by sensor------------- 
Baggage weighs: 18.3 kg
baggage is on conveyor belt-------
---------baggage detected by sensor------------- 
Baggage weighs: 16.81 kg
baggage is on conveyor belt-------
---------baggage detected by sensor------------- 
Baggage weighs: 20.91 kg
baggage is on conveyor belt-------
---------baggage detected by sensor------------- 
Baggage weighs: 21.21 kg
baggage is on conveyor belt-------
---------baggage detected by sensor------------- 
Baggage weighs: 19.69 kg
baggage is on conveyor belt-------
---------baggage detected by sensor------------- 
Baggage weighs: 18.67 kg
baggage is on conveyor belt-------
---------baggage detected by sensor------------- 
Baggage weighs: 19.12 kg
baggage is on conveyor belt-------
---------baggage detected by sensor------------- 
Baggage weighs: 16.42 kg
baggage is on conveyor belt-------
---------baggage detected by sensor------------- 
Baggage weighs: 19.17 kg
baggage is on conveyor belt-------
---------baggage detected by sensor------------- 
Baggage weighs: 19.0 kg
baggage is on conveyor belt-------
---------baggage detected by sensor------------- 
Baggage weighs: 18.78 kg
baggage is on conveyor belt-------
---------baggage detected by sensor------------- 
Baggage weighs: 20.31 kg
baggage is on conveyor belt-------
---------baggage detected by sensor------------- 
Baggage weighs: 21.25 kg
baggage is on conveyor belt-------
---------baggage detected by sensor------------- 
Baggage weighs: 18.87 kg
baggage is on conveyor belt-------
---------baggage detected by sensor------------- 
Baggage weighs: 16.25 kg
baggage is on conveyor belt-------
---------baggage detected by sensor------------- 
Baggage weighs: 19.94 kg
baggage is on conveyor belt-------
---------baggage detected by sensor------------- 
Baggage weighs: 16.88 kg
baggage is on conveyor belt-------
---------baggage detected by sensor------------- 
Baggage weighs: 18.24 kg
baggage is on conveyor belt-------
---------baggage detected by sensor------------- 
Baggage weighs: 17.16 kg
baggage is on conveyor belt-------
---------baggage detected by sensor------------- 
Baggage weighs: 19.34 kg
baggage is on conveyor belt-------
---------baggage detected by sensor------------- 
Baggage weighs: 22.41 kg
baggage is on conveyor belt-------
---------baggage detected by sensor------------- 
Baggage weighs: 20.47 kg
baggage is on conveyor belt-------
---------baggage detected by sensor------------- 
Baggage weighs: 18.81 kg
baggage is on conveyor belt-------
---------baggage detected by sensor------------- 
Baggage weighs: 18.56 kg
baggage is on conveyor belt-------
---------baggage detected by sensor------------- 
Baggage weighs: 17.77 kg
baggage is on conveyor belt-------
---------baggage detected by sensor------------- 
Baggage weighs: 19.32 kg
baggage is on conveyor belt-------
---------baggage detected by sensor------------- 
Baggage weighs: 19.21 kg
baggage is on conveyor belt-------
---------baggage detected by sensor------------- 
Baggage weighs: 19.13 kg
baggage is on conveyor belt-------
---------baggage detected by sensor------------- 
Baggage weighs: 20.39 kg
baggage is on conveyor belt-------
---------baggage detected by sensor------------- 
Baggage weighs: 21.03 kg
baggage is on conveyor belt-------
---------baggage detected by sensor------------- 
Baggage weighs: 20.05 kg
baggage is on conveyor belt-------
---------baggage detected by sensor------------- 
Baggage weighs: 21.92 kg
baggage is on conveyor belt-------
---------baggage detected by sensor------------- 
Baggage weighs: 19.37 kg
baggage is on conveyor belt-------
---------baggage detected by sensor------------- 
Baggage weighs: 20.35 kg
baggage is on conveyor belt-------
---------baggage detected by sensor------------- 
Baggage weighs: 18.73 kg
baggage is on conveyor belt-------
---------baggage detected by sensor------------- 
Baggage weighs: 20.33 kg
baggage is on conveyor belt-------
---------baggage detected by sensor------------- 
Baggage weighs: 22.01 kg
baggage is on conveyor belt-------
---------baggage detected by sensor------------- 
Baggage weighs: 19.27 kg
baggage is on conveyor belt-------
---------baggage detected by sensor------------- 
Baggage weighs: 21.18 kg
baggage is on conveyor belt-------
---------baggage detected by sensor------------- 
Baggage weighs: 17.16 kg
baggage is on conveyor belt-------
---------baggage detected by sensor------------- 
Baggage weighs: 20.04 kg
baggage is on conveyor belt-------
---------baggage detected by sensor------------- 
Baggage weighs: 20.91 kg
baggage is on conveyor belt-------
---------baggage detected by sensor------------- 
Baggage weighs: 20.3 kg
baggage is on conveyor belt-------
---------baggage detected by sensor------------- 
Baggage weighs: 20.38 kg
baggage is on conveyor belt-------
---------baggage detected by sensor------------- 
Baggage weighs: 16.54 kg
baggage is on conveyor belt-------
---------baggage detected by sensor------------- 
Baggage weighs: 18.87 kg
baggage is on conveyor belt-------
---------baggage detected by sensor------------- 
Baggage weighs: 20.22 kg
Seat with ID: 20G has been reserved for you!

BOARDING PASS FOR DANTE WASHINGTON
-----------------------------------------------------------------------------
LUFTHANSA                      di9bgjbv4dp4ew9 /  Dante Washington
Dante Washington                                     /  di9bgjbv4dp4ew9
FRA   LH2121   E  30.Oct                       /  FRA
HKG                                            /  HKG
SEAT ID: 20G                                   /  LH2121 E 30.Oct
SEQ: 52                                      / GATE: A05   22:00
MAX 1  HANDLUGGAGE/ LUGGAGE
-----------------------------------------------------------------------------
sorry Dante Washington we have no voucher for you! Have a nice day!

---------------------------------------------------------------------------------------------------------------
scanning passport with passport id: VJ267OWOO
searching for ticket in fast bag drop database..............
Ticket found for Anibal Compton and Flight LH2121
----searching flight seat for Anibal Compton---------
Found a seat with ID 20H
Below details were found in database
------------------------------------------
Name: Anibal Compton
Flight ID: LH2121
Source: FRA
Destination: HKG
Gate No: A05
Boarding time: 22:00
Ticket ID: 6hfmadtnc8r4hjg
Booking Class: E
------------------------------------------

Proceed with check-in for flight LH2121 ?
Type YES to CHECK-IN or NO to cancel CHECK-IN
Anibal Compton is deciding whether to check-in or to go back home and sleep............
YES CHECK-IN
Checking you in...............
baggage is on conveyor belt-------
---------baggage detected by sensor------------- 
Baggage weighs: 21.58 kg
baggage is on conveyor belt-------
---------baggage detected by sensor------------- 
Baggage weighs: 20.43 kg
baggage is on conveyor belt-------
---------baggage detected by sensor------------- 
Baggage weighs: 18.47 kg
baggage is on conveyor belt-------
---------baggage detected by sensor------------- 
Baggage weighs: 17.86 kg
baggage is on conveyor belt-------
---------baggage detected by sensor------------- 
Baggage weighs: 18.65 kg
baggage is on conveyor belt-------
---------baggage detected by sensor------------- 
Baggage weighs: 19.27 kg
baggage is on conveyor belt-------
---------baggage detected by sensor------------- 
Baggage weighs: 17.42 kg
baggage is on conveyor belt-------
---------baggage detected by sensor------------- 
Baggage weighs: 19.16 kg
baggage is on conveyor belt-------
---------baggage detected by sensor------------- 
Baggage weighs: 19.52 kg
baggage is on conveyor belt-------
---------baggage detected by sensor------------- 
Baggage weighs: 17.51 kg
baggage is on conveyor belt-------
---------baggage detected by sensor------------- 
Baggage weighs: 17.38 kg
baggage is on conveyor belt-------
---------baggage detected by sensor------------- 
Baggage weighs: 18.67 kg
baggage is on conveyor belt-------
---------baggage detected by sensor------------- 
Baggage weighs: 16.98 kg
baggage is on conveyor belt-------
---------baggage detected by sensor------------- 
Baggage weighs: 21.26 kg
baggage is on conveyor belt-------
---------baggage detected by sensor------------- 
Baggage weighs: 18.3 kg
baggage is on conveyor belt-------
---------baggage detected by sensor------------- 
Baggage weighs: 16.81 kg
baggage is on conveyor belt-------
---------baggage detected by sensor------------- 
Baggage weighs: 20.91 kg
baggage is on conveyor belt-------
---------baggage detected by sensor------------- 
Baggage weighs: 21.21 kg
baggage is on conveyor belt-------
---------baggage detected by sensor------------- 
Baggage weighs: 19.69 kg
baggage is on conveyor belt-------
---------baggage detected by sensor------------- 
Baggage weighs: 18.67 kg
baggage is on conveyor belt-------
---------baggage detected by sensor------------- 
Baggage weighs: 19.12 kg
baggage is on conveyor belt-------
---------baggage detected by sensor------------- 
Baggage weighs: 16.42 kg
baggage is on conveyor belt-------
---------baggage detected by sensor------------- 
Baggage weighs: 19.17 kg
baggage is on conveyor belt-------
---------baggage detected by sensor------------- 
Baggage weighs: 19.0 kg
baggage is on conveyor belt-------
---------baggage detected by sensor------------- 
Baggage weighs: 18.78 kg
baggage is on conveyor belt-------
---------baggage detected by sensor------------- 
Baggage weighs: 20.31 kg
baggage is on conveyor belt-------
---------baggage detected by sensor------------- 
Baggage weighs: 21.25 kg
baggage is on conveyor belt-------
---------baggage detected by sensor------------- 
Baggage weighs: 18.87 kg
baggage is on conveyor belt-------
---------baggage detected by sensor------------- 
Baggage weighs: 16.25 kg
baggage is on conveyor belt-------
---------baggage detected by sensor------------- 
Baggage weighs: 19.94 kg
baggage is on conveyor belt-------
---------baggage detected by sensor------------- 
Baggage weighs: 16.88 kg
baggage is on conveyor belt-------
---------baggage detected by sensor------------- 
Baggage weighs: 18.24 kg
baggage is on conveyor belt-------
---------baggage detected by sensor------------- 
Baggage weighs: 17.16 kg
baggage is on conveyor belt-------
---------baggage detected by sensor------------- 
Baggage weighs: 19.34 kg
baggage is on conveyor belt-------
---------baggage detected by sensor------------- 
Baggage weighs: 22.41 kg
baggage is on conveyor belt-------
---------baggage detected by sensor------------- 
Baggage weighs: 20.47 kg
baggage is on conveyor belt-------
---------baggage detected by sensor------------- 
Baggage weighs: 18.81 kg
baggage is on conveyor belt-------
---------baggage detected by sensor------------- 
Baggage weighs: 18.56 kg
baggage is on conveyor belt-------
---------baggage detected by sensor------------- 
Baggage weighs: 17.77 kg
baggage is on conveyor belt-------
---------baggage detected by sensor------------- 
Baggage weighs: 19.32 kg
baggage is on conveyor belt-------
---------baggage detected by sensor------------- 
Baggage weighs: 19.21 kg
baggage is on conveyor belt-------
---------baggage detected by sensor------------- 
Baggage weighs: 19.13 kg
baggage is on conveyor belt-------
---------baggage detected by sensor------------- 
Baggage weighs: 20.39 kg
baggage is on conveyor belt-------
---------baggage detected by sensor------------- 
Baggage weighs: 21.03 kg
baggage is on conveyor belt-------
---------baggage detected by sensor------------- 
Baggage weighs: 20.05 kg
baggage is on conveyor belt-------
---------baggage detected by sensor------------- 
Baggage weighs: 21.92 kg
baggage is on conveyor belt-------
---------baggage detected by sensor------------- 
Baggage weighs: 19.37 kg
baggage is on conveyor belt-------
---------baggage detected by sensor------------- 
Baggage weighs: 20.35 kg
baggage is on conveyor belt-------
---------baggage detected by sensor------------- 
Baggage weighs: 18.73 kg
baggage is on conveyor belt-------
---------baggage detected by sensor------------- 
Baggage weighs: 20.33 kg
baggage is on conveyor belt-------
---------baggage detected by sensor------------- 
Baggage weighs: 22.01 kg
baggage is on conveyor belt-------
---------baggage detected by sensor------------- 
Baggage weighs: 19.27 kg
baggage is on conveyor belt-------
---------baggage detected by sensor------------- 
Baggage weighs: 21.18 kg
baggage is on conveyor belt-------
---------baggage detected by sensor------------- 
Baggage weighs: 17.16 kg
baggage is on conveyor belt-------
---------baggage detected by sensor------------- 
Baggage weighs: 20.04 kg
baggage is on conveyor belt-------
---------baggage detected by sensor------------- 
Baggage weighs: 20.91 kg
baggage is on conveyor belt-------
---------baggage detected by sensor------------- 
Baggage weighs: 20.3 kg
baggage is on conveyor belt-------
---------baggage detected by sensor------------- 
Baggage weighs: 20.38 kg
baggage is on conveyor belt-------
---------baggage detected by sensor------------- 
Baggage weighs: 16.54 kg
baggage is on conveyor belt-------
---------baggage detected by sensor------------- 
Baggage weighs: 18.87 kg
baggage is on conveyor belt-------
---------baggage detected by sensor------------- 
Baggage weighs: 20.22 kg
baggage is on conveyor belt-------
---------baggage detected by sensor------------- 
Baggage weighs: 20.75 kg
Seat with ID: 20H has been reserved for you!

BOARDING PASS FOR ANIBAL COMPTON
-----------------------------------------------------------------------------
LUFTHANSA                      6hfmadtnc8r4hjg /  Anibal Compton
Anibal Compton                                     /  6hfmadtnc8r4hjg
FRA   LH2121   E  30.Oct                       /  FRA
HKG                                            /  HKG
SEAT ID: 20H                                   /  LH2121 E 30.Oct
SEQ: 53                                      / GATE: A05   22:00
MAX 1  HANDLUGGAGE/ LUGGAGE
-----------------------------------------------------------------------------
sorry Anibal Compton we have no voucher for you! Have a nice day!

---------------------------------------------------------------------------------------------------------------
scanning passport with passport id: 9DV6JQ3B7
searching for ticket in fast bag drop database..............
Ticket found for Clifford Marshall and Flight LH2121
----searching flight seat for Clifford Marshall---------
Found a seat with ID 20J
Below details were found in database
------------------------------------------
Name: Clifford Marshall
Flight ID: LH2121
Source: FRA
Destination: HKG
Gate No: A05
Boarding time: 22:00
Ticket ID: m5bd0177dxcbi8a
Booking Class: E
------------------------------------------

Proceed with check-in for flight LH2121 ?
Type YES to CHECK-IN or NO to cancel CHECK-IN
Clifford Marshall is deciding whether to check-in or to go back home and sleep............
YES CHECK-IN
Checking you in...............
baggage is on conveyor belt-------
---------baggage detected by sensor------------- 
Baggage weighs: 21.58 kg
baggage is on conveyor belt-------
---------baggage detected by sensor------------- 
Baggage weighs: 20.43 kg
baggage is on conveyor belt-------
---------baggage detected by sensor------------- 
Baggage weighs: 18.47 kg
baggage is on conveyor belt-------
---------baggage detected by sensor------------- 
Baggage weighs: 17.86 kg
baggage is on conveyor belt-------
---------baggage detected by sensor------------- 
Baggage weighs: 18.65 kg
baggage is on conveyor belt-------
---------baggage detected by sensor------------- 
Baggage weighs: 19.27 kg
baggage is on conveyor belt-------
---------baggage detected by sensor------------- 
Baggage weighs: 17.42 kg
baggage is on conveyor belt-------
---------baggage detected by sensor------------- 
Baggage weighs: 19.16 kg
baggage is on conveyor belt-------
---------baggage detected by sensor------------- 
Baggage weighs: 19.52 kg
baggage is on conveyor belt-------
---------baggage detected by sensor------------- 
Baggage weighs: 17.51 kg
baggage is on conveyor belt-------
---------baggage detected by sensor------------- 
Baggage weighs: 17.38 kg
baggage is on conveyor belt-------
---------baggage detected by sensor------------- 
Baggage weighs: 18.67 kg
baggage is on conveyor belt-------
---------baggage detected by sensor------------- 
Baggage weighs: 16.98 kg
baggage is on conveyor belt-------
---------baggage detected by sensor------------- 
Baggage weighs: 21.26 kg
baggage is on conveyor belt-------
---------baggage detected by sensor------------- 
Baggage weighs: 18.3 kg
baggage is on conveyor belt-------
---------baggage detected by sensor------------- 
Baggage weighs: 16.81 kg
baggage is on conveyor belt-------
---------baggage detected by sensor------------- 
Baggage weighs: 20.91 kg
baggage is on conveyor belt-------
---------baggage detected by sensor------------- 
Baggage weighs: 21.21 kg
baggage is on conveyor belt-------
---------baggage detected by sensor------------- 
Baggage weighs: 19.69 kg
baggage is on conveyor belt-------
---------baggage detected by sensor------------- 
Baggage weighs: 18.67 kg
baggage is on conveyor belt-------
---------baggage detected by sensor------------- 
Baggage weighs: 19.12 kg
baggage is on conveyor belt-------
---------baggage detected by sensor------------- 
Baggage weighs: 16.42 kg
baggage is on conveyor belt-------
---------baggage detected by sensor------------- 
Baggage weighs: 19.17 kg
baggage is on conveyor belt-------
---------baggage detected by sensor------------- 
Baggage weighs: 19.0 kg
baggage is on conveyor belt-------
---------baggage detected by sensor------------- 
Baggage weighs: 18.78 kg
baggage is on conveyor belt-------
---------baggage detected by sensor------------- 
Baggage weighs: 20.31 kg
baggage is on conveyor belt-------
---------baggage detected by sensor------------- 
Baggage weighs: 21.25 kg
baggage is on conveyor belt-------
---------baggage detected by sensor------------- 
Baggage weighs: 18.87 kg
baggage is on conveyor belt-------
---------baggage detected by sensor------------- 
Baggage weighs: 16.25 kg
baggage is on conveyor belt-------
---------baggage detected by sensor------------- 
Baggage weighs: 19.94 kg
baggage is on conveyor belt-------
---------baggage detected by sensor------------- 
Baggage weighs: 16.88 kg
baggage is on conveyor belt-------
---------baggage detected by sensor------------- 
Baggage weighs: 18.24 kg
baggage is on conveyor belt-------
---------baggage detected by sensor------------- 
Baggage weighs: 17.16 kg
baggage is on conveyor belt-------
---------baggage detected by sensor------------- 
Baggage weighs: 19.34 kg
baggage is on conveyor belt-------
---------baggage detected by sensor------------- 
Baggage weighs: 22.41 kg
baggage is on conveyor belt-------
---------baggage detected by sensor------------- 
Baggage weighs: 20.47 kg
baggage is on conveyor belt-------
---------baggage detected by sensor------------- 
Baggage weighs: 18.81 kg
baggage is on conveyor belt-------
---------baggage detected by sensor------------- 
Baggage weighs: 18.56 kg
baggage is on conveyor belt-------
---------baggage detected by sensor------------- 
Baggage weighs: 17.77 kg
baggage is on conveyor belt-------
---------baggage detected by sensor------------- 
Baggage weighs: 19.32 kg
baggage is on conveyor belt-------
---------baggage detected by sensor------------- 
Baggage weighs: 19.21 kg
baggage is on conveyor belt-------
---------baggage detected by sensor------------- 
Baggage weighs: 19.13 kg
baggage is on conveyor belt-------
---------baggage detected by sensor------------- 
Baggage weighs: 20.39 kg
baggage is on conveyor belt-------
---------baggage detected by sensor------------- 
Baggage weighs: 21.03 kg
baggage is on conveyor belt-------
---------baggage detected by sensor------------- 
Baggage weighs: 20.05 kg
baggage is on conveyor belt-------
---------baggage detected by sensor------------- 
Baggage weighs: 21.92 kg
baggage is on conveyor belt-------
---------baggage detected by sensor------------- 
Baggage weighs: 19.37 kg
baggage is on conveyor belt-------
---------baggage detected by sensor------------- 
Baggage weighs: 20.35 kg
baggage is on conveyor belt-------
---------baggage detected by sensor------------- 
Baggage weighs: 18.73 kg
baggage is on conveyor belt-------
---------baggage detected by sensor------------- 
Baggage weighs: 20.33 kg
baggage is on conveyor belt-------
---------baggage detected by sensor------------- 
Baggage weighs: 22.01 kg
baggage is on conveyor belt-------
---------baggage detected by sensor------------- 
Baggage weighs: 19.27 kg
baggage is on conveyor belt-------
---------baggage detected by sensor------------- 
Baggage weighs: 21.18 kg
baggage is on conveyor belt-------
---------baggage detected by sensor------------- 
Baggage weighs: 17.16 kg
baggage is on conveyor belt-------
---------baggage detected by sensor------------- 
Baggage weighs: 20.04 kg
baggage is on conveyor belt-------
---------baggage detected by sensor------------- 
Baggage weighs: 20.91 kg
baggage is on conveyor belt-------
---------baggage detected by sensor------------- 
Baggage weighs: 20.3 kg
baggage is on conveyor belt-------
---------baggage detected by sensor------------- 
Baggage weighs: 20.38 kg
baggage is on conveyor belt-------
---------baggage detected by sensor------------- 
Baggage weighs: 16.54 kg
baggage is on conveyor belt-------
---------baggage detected by sensor------------- 
Baggage weighs: 18.87 kg
baggage is on conveyor belt-------
---------baggage detected by sensor------------- 
Baggage weighs: 20.22 kg
baggage is on conveyor belt-------
---------baggage detected by sensor------------- 
Baggage weighs: 20.75 kg
baggage is on conveyor belt-------
---------baggage detected by sensor------------- 
Baggage weighs: 17.4 kg
Seat with ID: 20J has been reserved for you!

BOARDING PASS FOR CLIFFORD MARSHALL
-----------------------------------------------------------------------------
LUFTHANSA                      m5bd0177dxcbi8a /  Clifford Marshall
Clifford Marshall                                     /  m5bd0177dxcbi8a
FRA   LH2121   E  30.Oct                       /  FRA
HKG                                            /  HKG
SEAT ID: 20J                                   /  LH2121 E 30.Oct
SEQ: 54                                      / GATE: A05   22:00
MAX 1  HANDLUGGAGE/ LUGGAGE
-----------------------------------------------------------------------------
sorry Clifford Marshall we have no voucher for you! Have a nice day!

---------------------------------------------------------------------------------------------------------------
scanning passport with passport id: U4LYB8XP2
searching for ticket in fast bag drop database..............
Ticket found for Herschel Powers and Flight LH2121
----searching flight seat for Herschel Powers---------
Found a seat with ID 20K
Below details were found in database
------------------------------------------
Name: Herschel Powers
Flight ID: LH2121
Source: FRA
Destination: HKG
Gate No: A05
Boarding time: 22:00
Ticket ID: po4y88ali0afw3u
Booking Class: E
------------------------------------------

Proceed with check-in for flight LH2121 ?
Type YES to CHECK-IN or NO to cancel CHECK-IN
Herschel Powers is deciding whether to check-in or to go back home and sleep............
YES CHECK-IN
Checking you in...............
baggage is on conveyor belt-------
---------baggage detected by sensor------------- 
Baggage weighs: 21.58 kg
baggage is on conveyor belt-------
---------baggage detected by sensor------------- 
Baggage weighs: 20.43 kg
baggage is on conveyor belt-------
---------baggage detected by sensor------------- 
Baggage weighs: 18.47 kg
baggage is on conveyor belt-------
---------baggage detected by sensor------------- 
Baggage weighs: 17.86 kg
baggage is on conveyor belt-------
---------baggage detected by sensor------------- 
Baggage weighs: 18.65 kg
baggage is on conveyor belt-------
---------baggage detected by sensor------------- 
Baggage weighs: 19.27 kg
baggage is on conveyor belt-------
---------baggage detected by sensor------------- 
Baggage weighs: 17.42 kg
baggage is on conveyor belt-------
---------baggage detected by sensor------------- 
Baggage weighs: 19.16 kg
baggage is on conveyor belt-------
---------baggage detected by sensor------------- 
Baggage weighs: 19.52 kg
baggage is on conveyor belt-------
---------baggage detected by sensor------------- 
Baggage weighs: 17.51 kg
baggage is on conveyor belt-------
---------baggage detected by sensor------------- 
Baggage weighs: 17.38 kg
baggage is on conveyor belt-------
---------baggage detected by sensor------------- 
Baggage weighs: 18.67 kg
baggage is on conveyor belt-------
---------baggage detected by sensor------------- 
Baggage weighs: 16.98 kg
baggage is on conveyor belt-------
---------baggage detected by sensor------------- 
Baggage weighs: 21.26 kg
baggage is on conveyor belt-------
---------baggage detected by sensor------------- 
Baggage weighs: 18.3 kg
baggage is on conveyor belt-------
---------baggage detected by sensor------------- 
Baggage weighs: 16.81 kg
baggage is on conveyor belt-------
---------baggage detected by sensor------------- 
Baggage weighs: 20.91 kg
baggage is on conveyor belt-------
---------baggage detected by sensor------------- 
Baggage weighs: 21.21 kg
baggage is on conveyor belt-------
---------baggage detected by sensor------------- 
Baggage weighs: 19.69 kg
baggage is on conveyor belt-------
---------baggage detected by sensor------------- 
Baggage weighs: 18.67 kg
baggage is on conveyor belt-------
---------baggage detected by sensor------------- 
Baggage weighs: 19.12 kg
baggage is on conveyor belt-------
---------baggage detected by sensor------------- 
Baggage weighs: 16.42 kg
baggage is on conveyor belt-------
---------baggage detected by sensor------------- 
Baggage weighs: 19.17 kg
baggage is on conveyor belt-------
---------baggage detected by sensor------------- 
Baggage weighs: 19.0 kg
baggage is on conveyor belt-------
---------baggage detected by sensor------------- 
Baggage weighs: 18.78 kg
baggage is on conveyor belt-------
---------baggage detected by sensor------------- 
Baggage weighs: 20.31 kg
baggage is on conveyor belt-------
---------baggage detected by sensor------------- 
Baggage weighs: 21.25 kg
baggage is on conveyor belt-------
---------baggage detected by sensor------------- 
Baggage weighs: 18.87 kg
baggage is on conveyor belt-------
---------baggage detected by sensor------------- 
Baggage weighs: 16.25 kg
baggage is on conveyor belt-------
---------baggage detected by sensor------------- 
Baggage weighs: 19.94 kg
baggage is on conveyor belt-------
---------baggage detected by sensor------------- 
Baggage weighs: 16.88 kg
baggage is on conveyor belt-------
---------baggage detected by sensor------------- 
Baggage weighs: 18.24 kg
baggage is on conveyor belt-------
---------baggage detected by sensor------------- 
Baggage weighs: 17.16 kg
baggage is on conveyor belt-------
---------baggage detected by sensor------------- 
Baggage weighs: 19.34 kg
baggage is on conveyor belt-------
---------baggage detected by sensor------------- 
Baggage weighs: 22.41 kg
baggage is on conveyor belt-------
---------baggage detected by sensor------------- 
Baggage weighs: 20.47 kg
baggage is on conveyor belt-------
---------baggage detected by sensor------------- 
Baggage weighs: 18.81 kg
baggage is on conveyor belt-------
---------baggage detected by sensor------------- 
Baggage weighs: 18.56 kg
baggage is on conveyor belt-------
---------baggage detected by sensor------------- 
Baggage weighs: 17.77 kg
baggage is on conveyor belt-------
---------baggage detected by sensor------------- 
Baggage weighs: 19.32 kg
baggage is on conveyor belt-------
---------baggage detected by sensor------------- 
Baggage weighs: 19.21 kg
baggage is on conveyor belt-------
---------baggage detected by sensor------------- 
Baggage weighs: 19.13 kg
baggage is on conveyor belt-------
---------baggage detected by sensor------------- 
Baggage weighs: 20.39 kg
baggage is on conveyor belt-------
---------baggage detected by sensor------------- 
Baggage weighs: 21.03 kg
baggage is on conveyor belt-------
---------baggage detected by sensor------------- 
Baggage weighs: 20.05 kg
baggage is on conveyor belt-------
---------baggage detected by sensor------------- 
Baggage weighs: 21.92 kg
baggage is on conveyor belt-------
---------baggage detected by sensor------------- 
Baggage weighs: 19.37 kg
baggage is on conveyor belt-------
---------baggage detected by sensor------------- 
Baggage weighs: 20.35 kg
baggage is on conveyor belt-------
---------baggage detected by sensor------------- 
Baggage weighs: 18.73 kg
baggage is on conveyor belt-------
---------baggage detected by sensor------------- 
Baggage weighs: 20.33 kg
baggage is on conveyor belt-------
---------baggage detected by sensor------------- 
Baggage weighs: 22.01 kg
baggage is on conveyor belt-------
---------baggage detected by sensor------------- 
Baggage weighs: 19.27 kg
baggage is on conveyor belt-------
---------baggage detected by sensor------------- 
Baggage weighs: 21.18 kg
baggage is on conveyor belt-------
---------baggage detected by sensor------------- 
Baggage weighs: 17.16 kg
baggage is on conveyor belt-------
---------baggage detected by sensor------------- 
Baggage weighs: 20.04 kg
baggage is on conveyor belt-------
---------baggage detected by sensor------------- 
Baggage weighs: 20.91 kg
baggage is on conveyor belt-------
---------baggage detected by sensor------------- 
Baggage weighs: 20.3 kg
baggage is on conveyor belt-------
---------baggage detected by sensor------------- 
Baggage weighs: 20.38 kg
baggage is on conveyor belt-------
---------baggage detected by sensor------------- 
Baggage weighs: 16.54 kg
baggage is on conveyor belt-------
---------baggage detected by sensor------------- 
Baggage weighs: 18.87 kg
baggage is on conveyor belt-------
---------baggage detected by sensor------------- 
Baggage weighs: 20.22 kg
baggage is on conveyor belt-------
---------baggage detected by sensor------------- 
Baggage weighs: 20.75 kg
baggage is on conveyor belt-------
---------baggage detected by sensor------------- 
Baggage weighs: 17.4 kg
baggage is on conveyor belt-------
---------baggage detected by sensor------------- 
Baggage weighs: 20.27 kg
Seat with ID: 20K has been reserved for you!

BOARDING PASS FOR HERSCHEL POWERS
-----------------------------------------------------------------------------
LUFTHANSA                      po4y88ali0afw3u /  Herschel Powers
Herschel Powers                                     /  po4y88ali0afw3u
FRA   LH2121   E  30.Oct                       /  FRA
HKG                                            /  HKG
SEAT ID: 20K                                   /  LH2121 E 30.Oct
SEQ: 55                                      / GATE: A05   22:00
MAX 1  HANDLUGGAGE/ LUGGAGE
-----------------------------------------------------------------------------
sorry Herschel Powers we have no voucher for you! Have a nice day!

---------------------------------------------------------------------------------------------------------------
scanning passport with passport id: 25B2HDDHX
searching for ticket in fast bag drop database..............
Ticket found for Celeste Austin and Flight LH2121
----searching flight seat for Celeste Austin---------
Found a seat with ID 21A
Below details were found in database
------------------------------------------
Name: Celeste Austin
Flight ID: LH2121
Source: FRA
Destination: HKG
Gate No: A05
Boarding time: 22:00
Ticket ID: rr0ggtyfmwncp7w
Booking Class: E
------------------------------------------

Proceed with check-in for flight LH2121 ?
Type YES to CHECK-IN or NO to cancel CHECK-IN
Celeste Austin is deciding whether to check-in or to go back home and sleep............
YES CHECK-IN
Checking you in...............
baggage is on conveyor belt-------
---------baggage detected by sensor------------- 
Baggage weighs: 21.58 kg
baggage is on conveyor belt-------
---------baggage detected by sensor------------- 
Baggage weighs: 20.43 kg
baggage is on conveyor belt-------
---------baggage detected by sensor------------- 
Baggage weighs: 18.47 kg
baggage is on conveyor belt-------
---------baggage detected by sensor------------- 
Baggage weighs: 17.86 kg
baggage is on conveyor belt-------
---------baggage detected by sensor------------- 
Baggage weighs: 18.65 kg
baggage is on conveyor belt-------
---------baggage detected by sensor------------- 
Baggage weighs: 19.27 kg
baggage is on conveyor belt-------
---------baggage detected by sensor------------- 
Baggage weighs: 17.42 kg
baggage is on conveyor belt-------
---------baggage detected by sensor------------- 
Baggage weighs: 19.16 kg
baggage is on conveyor belt-------
---------baggage detected by sensor------------- 
Baggage weighs: 19.52 kg
baggage is on conveyor belt-------
---------baggage detected by sensor------------- 
Baggage weighs: 17.51 kg
baggage is on conveyor belt-------
---------baggage detected by sensor------------- 
Baggage weighs: 17.38 kg
baggage is on conveyor belt-------
---------baggage detected by sensor------------- 
Baggage weighs: 18.67 kg
baggage is on conveyor belt-------
---------baggage detected by sensor------------- 
Baggage weighs: 16.98 kg
baggage is on conveyor belt-------
---------baggage detected by sensor------------- 
Baggage weighs: 21.26 kg
baggage is on conveyor belt-------
---------baggage detected by sensor------------- 
Baggage weighs: 18.3 kg
baggage is on conveyor belt-------
---------baggage detected by sensor------------- 
Baggage weighs: 16.81 kg
baggage is on conveyor belt-------
---------baggage detected by sensor------------- 
Baggage weighs: 20.91 kg
baggage is on conveyor belt-------
---------baggage detected by sensor------------- 
Baggage weighs: 21.21 kg
baggage is on conveyor belt-------
---------baggage detected by sensor------------- 
Baggage weighs: 19.69 kg
baggage is on conveyor belt-------
---------baggage detected by sensor------------- 
Baggage weighs: 18.67 kg
baggage is on conveyor belt-------
---------baggage detected by sensor------------- 
Baggage weighs: 19.12 kg
baggage is on conveyor belt-------
---------baggage detected by sensor------------- 
Baggage weighs: 16.42 kg
baggage is on conveyor belt-------
---------baggage detected by sensor------------- 
Baggage weighs: 19.17 kg
baggage is on conveyor belt-------
---------baggage detected by sensor------------- 
Baggage weighs: 19.0 kg
baggage is on conveyor belt-------
---------baggage detected by sensor------------- 
Baggage weighs: 18.78 kg
baggage is on conveyor belt-------
---------baggage detected by sensor------------- 
Baggage weighs: 20.31 kg
baggage is on conveyor belt-------
---------baggage detected by sensor------------- 
Baggage weighs: 21.25 kg
baggage is on conveyor belt-------
---------baggage detected by sensor------------- 
Baggage weighs: 18.87 kg
baggage is on conveyor belt-------
---------baggage detected by sensor------------- 
Baggage weighs: 16.25 kg
baggage is on conveyor belt-------
---------baggage detected by sensor------------- 
Baggage weighs: 19.94 kg
baggage is on conveyor belt-------
---------baggage detected by sensor------------- 
Baggage weighs: 16.88 kg
baggage is on conveyor belt-------
---------baggage detected by sensor------------- 
Baggage weighs: 18.24 kg
baggage is on conveyor belt-------
---------baggage detected by sensor------------- 
Baggage weighs: 17.16 kg
baggage is on conveyor belt-------
---------baggage detected by sensor------------- 
Baggage weighs: 19.34 kg
baggage is on conveyor belt-------
---------baggage detected by sensor------------- 
Baggage weighs: 22.41 kg
baggage is on conveyor belt-------
---------baggage detected by sensor------------- 
Baggage weighs: 20.47 kg
baggage is on conveyor belt-------
---------baggage detected by sensor------------- 
Baggage weighs: 18.81 kg
baggage is on conveyor belt-------
---------baggage detected by sensor------------- 
Baggage weighs: 18.56 kg
baggage is on conveyor belt-------
---------baggage detected by sensor------------- 
Baggage weighs: 17.77 kg
baggage is on conveyor belt-------
---------baggage detected by sensor------------- 
Baggage weighs: 19.32 kg
baggage is on conveyor belt-------
---------baggage detected by sensor------------- 
Baggage weighs: 19.21 kg
baggage is on conveyor belt-------
---------baggage detected by sensor------------- 
Baggage weighs: 19.13 kg
baggage is on conveyor belt-------
---------baggage detected by sensor------------- 
Baggage weighs: 20.39 kg
baggage is on conveyor belt-------
---------baggage detected by sensor------------- 
Baggage weighs: 21.03 kg
baggage is on conveyor belt-------
---------baggage detected by sensor------------- 
Baggage weighs: 20.05 kg
baggage is on conveyor belt-------
---------baggage detected by sensor------------- 
Baggage weighs: 21.92 kg
baggage is on conveyor belt-------
---------baggage detected by sensor------------- 
Baggage weighs: 19.37 kg
baggage is on conveyor belt-------
---------baggage detected by sensor------------- 
Baggage weighs: 20.35 kg
baggage is on conveyor belt-------
---------baggage detected by sensor------------- 
Baggage weighs: 18.73 kg
baggage is on conveyor belt-------
---------baggage detected by sensor------------- 
Baggage weighs: 20.33 kg
baggage is on conveyor belt-------
---------baggage detected by sensor------------- 
Baggage weighs: 22.01 kg
baggage is on conveyor belt-------
---------baggage detected by sensor------------- 
Baggage weighs: 19.27 kg
baggage is on conveyor belt-------
---------baggage detected by sensor------------- 
Baggage weighs: 21.18 kg
baggage is on conveyor belt-------
---------baggage detected by sensor------------- 
Baggage weighs: 17.16 kg
baggage is on conveyor belt-------
---------baggage detected by sensor------------- 
Baggage weighs: 20.04 kg
baggage is on conveyor belt-------
---------baggage detected by sensor------------- 
Baggage weighs: 20.91 kg
baggage is on conveyor belt-------
---------baggage detected by sensor------------- 
Baggage weighs: 20.3 kg
baggage is on conveyor belt-------
---------baggage detected by sensor------------- 
Baggage weighs: 20.38 kg
baggage is on conveyor belt-------
---------baggage detected by sensor------------- 
Baggage weighs: 16.54 kg
baggage is on conveyor belt-------
---------baggage detected by sensor------------- 
Baggage weighs: 18.87 kg
baggage is on conveyor belt-------
---------baggage detected by sensor------------- 
Baggage weighs: 20.22 kg
baggage is on conveyor belt-------
---------baggage detected by sensor------------- 
Baggage weighs: 20.75 kg
baggage is on conveyor belt-------
---------baggage detected by sensor------------- 
Baggage weighs: 17.4 kg
baggage is on conveyor belt-------
---------baggage detected by sensor------------- 
Baggage weighs: 20.27 kg
baggage is on conveyor belt-------
---------baggage detected by sensor------------- 
Baggage weighs: 17.04 kg
Seat with ID: 21A has been reserved for you!

BOARDING PASS FOR CELESTE AUSTIN
-----------------------------------------------------------------------------
LUFTHANSA                      rr0ggtyfmwncp7w /  Celeste Austin
Celeste Austin                                     /  rr0ggtyfmwncp7w
FRA   LH2121   E  30.Oct                       /  FRA
HKG                                            /  HKG
SEAT ID: 21A                                   /  LH2121 E 30.Oct
SEQ: 56                                      / GATE: A05   22:00
MAX 1  HANDLUGGAGE/ LUGGAGE
-----------------------------------------------------------------------------
sorry Celeste Austin we have no voucher for you! Have a nice day!

---------------------------------------------------------------------------------------------------------------
scanning passport with passport id: B9PWQRGT4
searching for ticket in fast bag drop database..............
Ticket found for Rolf Carlson and Flight LH2121
----searching flight seat for Rolf Carlson---------
Found a seat with ID 21B
Below details were found in database
------------------------------------------
Name: Rolf Carlson
Flight ID: LH2121
Source: FRA
Destination: HKG
Gate No: A05
Boarding time: 22:00
Ticket ID: 7lc5mb3hzzahvrz
Booking Class: E
------------------------------------------

Proceed with check-in for flight LH2121 ?
Type YES to CHECK-IN or NO to cancel CHECK-IN
Rolf Carlson is deciding whether to check-in or to go back home and sleep............
YES CHECK-IN
Checking you in...............
baggage is on conveyor belt-------
---------baggage detected by sensor------------- 
Baggage weighs: 21.58 kg
baggage is on conveyor belt-------
---------baggage detected by sensor------------- 
Baggage weighs: 20.43 kg
baggage is on conveyor belt-------
---------baggage detected by sensor------------- 
Baggage weighs: 18.47 kg
baggage is on conveyor belt-------
---------baggage detected by sensor------------- 
Baggage weighs: 17.86 kg
baggage is on conveyor belt-------
---------baggage detected by sensor------------- 
Baggage weighs: 18.65 kg
baggage is on conveyor belt-------
---------baggage detected by sensor------------- 
Baggage weighs: 19.27 kg
baggage is on conveyor belt-------
---------baggage detected by sensor------------- 
Baggage weighs: 17.42 kg
baggage is on conveyor belt-------
---------baggage detected by sensor------------- 
Baggage weighs: 19.16 kg
baggage is on conveyor belt-------
---------baggage detected by sensor------------- 
Baggage weighs: 19.52 kg
baggage is on conveyor belt-------
---------baggage detected by sensor------------- 
Baggage weighs: 17.51 kg
baggage is on conveyor belt-------
---------baggage detected by sensor------------- 
Baggage weighs: 17.38 kg
baggage is on conveyor belt-------
---------baggage detected by sensor------------- 
Baggage weighs: 18.67 kg
baggage is on conveyor belt-------
---------baggage detected by sensor------------- 
Baggage weighs: 16.98 kg
baggage is on conveyor belt-------
---------baggage detected by sensor------------- 
Baggage weighs: 21.26 kg
baggage is on conveyor belt-------
---------baggage detected by sensor------------- 
Baggage weighs: 18.3 kg
baggage is on conveyor belt-------
---------baggage detected by sensor------------- 
Baggage weighs: 16.81 kg
baggage is on conveyor belt-------
---------baggage detected by sensor------------- 
Baggage weighs: 20.91 kg
baggage is on conveyor belt-------
---------baggage detected by sensor------------- 
Baggage weighs: 21.21 kg
baggage is on conveyor belt-------
---------baggage detected by sensor------------- 
Baggage weighs: 19.69 kg
baggage is on conveyor belt-------
---------baggage detected by sensor------------- 
Baggage weighs: 18.67 kg
baggage is on conveyor belt-------
---------baggage detected by sensor------------- 
Baggage weighs: 19.12 kg
baggage is on conveyor belt-------
---------baggage detected by sensor------------- 
Baggage weighs: 16.42 kg
baggage is on conveyor belt-------
---------baggage detected by sensor------------- 
Baggage weighs: 19.17 kg
baggage is on conveyor belt-------
---------baggage detected by sensor------------- 
Baggage weighs: 19.0 kg
baggage is on conveyor belt-------
---------baggage detected by sensor------------- 
Baggage weighs: 18.78 kg
baggage is on conveyor belt-------
---------baggage detected by sensor------------- 
Baggage weighs: 20.31 kg
baggage is on conveyor belt-------
---------baggage detected by sensor------------- 
Baggage weighs: 21.25 kg
baggage is on conveyor belt-------
---------baggage detected by sensor------------- 
Baggage weighs: 18.87 kg
baggage is on conveyor belt-------
---------baggage detected by sensor------------- 
Baggage weighs: 16.25 kg
baggage is on conveyor belt-------
---------baggage detected by sensor------------- 
Baggage weighs: 19.94 kg
baggage is on conveyor belt-------
---------baggage detected by sensor------------- 
Baggage weighs: 16.88 kg
baggage is on conveyor belt-------
---------baggage detected by sensor------------- 
Baggage weighs: 18.24 kg
baggage is on conveyor belt-------
---------baggage detected by sensor------------- 
Baggage weighs: 17.16 kg
baggage is on conveyor belt-------
---------baggage detected by sensor------------- 
Baggage weighs: 19.34 kg
baggage is on conveyor belt-------
---------baggage detected by sensor------------- 
Baggage weighs: 22.41 kg
baggage is on conveyor belt-------
---------baggage detected by sensor------------- 
Baggage weighs: 20.47 kg
baggage is on conveyor belt-------
---------baggage detected by sensor------------- 
Baggage weighs: 18.81 kg
baggage is on conveyor belt-------
---------baggage detected by sensor------------- 
Baggage weighs: 18.56 kg
baggage is on conveyor belt-------
---------baggage detected by sensor------------- 
Baggage weighs: 17.77 kg
baggage is on conveyor belt-------
---------baggage detected by sensor------------- 
Baggage weighs: 19.32 kg
baggage is on conveyor belt-------
---------baggage detected by sensor------------- 
Baggage weighs: 19.21 kg
baggage is on conveyor belt-------
---------baggage detected by sensor------------- 
Baggage weighs: 19.13 kg
baggage is on conveyor belt-------
---------baggage detected by sensor------------- 
Baggage weighs: 20.39 kg
baggage is on conveyor belt-------
---------baggage detected by sensor------------- 
Baggage weighs: 21.03 kg
baggage is on conveyor belt-------
---------baggage detected by sensor------------- 
Baggage weighs: 20.05 kg
baggage is on conveyor belt-------
---------baggage detected by sensor------------- 
Baggage weighs: 21.92 kg
baggage is on conveyor belt-------
---------baggage detected by sensor------------- 
Baggage weighs: 19.37 kg
baggage is on conveyor belt-------
---------baggage detected by sensor------------- 
Baggage weighs: 20.35 kg
baggage is on conveyor belt-------
---------baggage detected by sensor------------- 
Baggage weighs: 18.73 kg
baggage is on conveyor belt-------
---------baggage detected by sensor------------- 
Baggage weighs: 20.33 kg
baggage is on conveyor belt-------
---------baggage detected by sensor------------- 
Baggage weighs: 22.01 kg
baggage is on conveyor belt-------
---------baggage detected by sensor------------- 
Baggage weighs: 19.27 kg
baggage is on conveyor belt-------
---------baggage detected by sensor------------- 
Baggage weighs: 21.18 kg
baggage is on conveyor belt-------
---------baggage detected by sensor------------- 
Baggage weighs: 17.16 kg
baggage is on conveyor belt-------
---------baggage detected by sensor------------- 
Baggage weighs: 20.04 kg
baggage is on conveyor belt-------
---------baggage detected by sensor------------- 
Baggage weighs: 20.91 kg
baggage is on conveyor belt-------
---------baggage detected by sensor------------- 
Baggage weighs: 20.3 kg
baggage is on conveyor belt-------
---------baggage detected by sensor------------- 
Baggage weighs: 20.38 kg
baggage is on conveyor belt-------
---------baggage detected by sensor------------- 
Baggage weighs: 16.54 kg
baggage is on conveyor belt-------
---------baggage detected by sensor------------- 
Baggage weighs: 18.87 kg
baggage is on conveyor belt-------
---------baggage detected by sensor------------- 
Baggage weighs: 20.22 kg
baggage is on conveyor belt-------
---------baggage detected by sensor------------- 
Baggage weighs: 20.75 kg
baggage is on conveyor belt-------
---------baggage detected by sensor------------- 
Baggage weighs: 17.4 kg
baggage is on conveyor belt-------
---------baggage detected by sensor------------- 
Baggage weighs: 20.27 kg
baggage is on conveyor belt-------
---------baggage detected by sensor------------- 
Baggage weighs: 17.04 kg
baggage is on conveyor belt-------
---------baggage detected by sensor------------- 
Baggage weighs: 19.84 kg
Seat with ID: 21B has been reserved for you!

BOARDING PASS FOR ROLF CARLSON
-----------------------------------------------------------------------------
LUFTHANSA                      7lc5mb3hzzahvrz /  Rolf Carlson
Rolf Carlson                                     /  7lc5mb3hzzahvrz
FRA   LH2121   E  30.Oct                       /  FRA
HKG                                            /  HKG
SEAT ID: 21B                                   /  LH2121 E 30.Oct
SEQ: 57                                      / GATE: A05   22:00
MAX 1  HANDLUGGAGE/ LUGGAGE
-----------------------------------------------------------------------------
sorry Rolf Carlson we have no voucher for you! Have a nice day!

---------------------------------------------------------------------------------------------------------------
scanning passport with passport id: DV61CWX7T
searching for ticket in fast bag drop database..............
Ticket found for Carly Macdonald and Flight LH2121
----searching flight seat for Carly Macdonald---------
Found a seat with ID 21C
Below details were found in database
------------------------------------------
Name: Carly Macdonald
Flight ID: LH2121
Source: FRA
Destination: HKG
Gate No: A05
Boarding time: 22:00
Ticket ID: u98wop2hynyack2
Booking Class: E
------------------------------------------

Proceed with check-in for flight LH2121 ?
Type YES to CHECK-IN or NO to cancel CHECK-IN
Carly Macdonald is deciding whether to check-in or to go back home and sleep............
YES CHECK-IN
Checking you in...............
baggage is on conveyor belt-------
---------baggage detected by sensor------------- 
Baggage weighs: 21.58 kg
baggage is on conveyor belt-------
---------baggage detected by sensor------------- 
Baggage weighs: 20.43 kg
baggage is on conveyor belt-------
---------baggage detected by sensor------------- 
Baggage weighs: 18.47 kg
baggage is on conveyor belt-------
---------baggage detected by sensor------------- 
Baggage weighs: 17.86 kg
baggage is on conveyor belt-------
---------baggage detected by sensor------------- 
Baggage weighs: 18.65 kg
baggage is on conveyor belt-------
---------baggage detected by sensor------------- 
Baggage weighs: 19.27 kg
baggage is on conveyor belt-------
---------baggage detected by sensor------------- 
Baggage weighs: 17.42 kg
baggage is on conveyor belt-------
---------baggage detected by sensor------------- 
Baggage weighs: 19.16 kg
baggage is on conveyor belt-------
---------baggage detected by sensor------------- 
Baggage weighs: 19.52 kg
baggage is on conveyor belt-------
---------baggage detected by sensor------------- 
Baggage weighs: 17.51 kg
baggage is on conveyor belt-------
---------baggage detected by sensor------------- 
Baggage weighs: 17.38 kg
baggage is on conveyor belt-------
---------baggage detected by sensor------------- 
Baggage weighs: 18.67 kg
baggage is on conveyor belt-------
---------baggage detected by sensor------------- 
Baggage weighs: 16.98 kg
baggage is on conveyor belt-------
---------baggage detected by sensor------------- 
Baggage weighs: 21.26 kg
baggage is on conveyor belt-------
---------baggage detected by sensor------------- 
Baggage weighs: 18.3 kg
baggage is on conveyor belt-------
---------baggage detected by sensor------------- 
Baggage weighs: 16.81 kg
baggage is on conveyor belt-------
---------baggage detected by sensor------------- 
Baggage weighs: 20.91 kg
baggage is on conveyor belt-------
---------baggage detected by sensor------------- 
Baggage weighs: 21.21 kg
baggage is on conveyor belt-------
---------baggage detected by sensor------------- 
Baggage weighs: 19.69 kg
baggage is on conveyor belt-------
---------baggage detected by sensor------------- 
Baggage weighs: 18.67 kg
baggage is on conveyor belt-------
---------baggage detected by sensor------------- 
Baggage weighs: 19.12 kg
baggage is on conveyor belt-------
---------baggage detected by sensor------------- 
Baggage weighs: 16.42 kg
baggage is on conveyor belt-------
---------baggage detected by sensor------------- 
Baggage weighs: 19.17 kg
baggage is on conveyor belt-------
---------baggage detected by sensor------------- 
Baggage weighs: 19.0 kg
baggage is on conveyor belt-------
---------baggage detected by sensor------------- 
Baggage weighs: 18.78 kg
baggage is on conveyor belt-------
---------baggage detected by sensor------------- 
Baggage weighs: 20.31 kg
baggage is on conveyor belt-------
---------baggage detected by sensor------------- 
Baggage weighs: 21.25 kg
baggage is on conveyor belt-------
---------baggage detected by sensor------------- 
Baggage weighs: 18.87 kg
baggage is on conveyor belt-------
---------baggage detected by sensor------------- 
Baggage weighs: 16.25 kg
baggage is on conveyor belt-------
---------baggage detected by sensor------------- 
Baggage weighs: 19.94 kg
baggage is on conveyor belt-------
---------baggage detected by sensor------------- 
Baggage weighs: 16.88 kg
baggage is on conveyor belt-------
---------baggage detected by sensor------------- 
Baggage weighs: 18.24 kg
baggage is on conveyor belt-------
---------baggage detected by sensor------------- 
Baggage weighs: 17.16 kg
baggage is on conveyor belt-------
---------baggage detected by sensor------------- 
Baggage weighs: 19.34 kg
baggage is on conveyor belt-------
---------baggage detected by sensor------------- 
Baggage weighs: 22.41 kg
baggage is on conveyor belt-------
---------baggage detected by sensor------------- 
Baggage weighs: 20.47 kg
baggage is on conveyor belt-------
---------baggage detected by sensor------------- 
Baggage weighs: 18.81 kg
baggage is on conveyor belt-------
---------baggage detected by sensor------------- 
Baggage weighs: 18.56 kg
baggage is on conveyor belt-------
---------baggage detected by sensor------------- 
Baggage weighs: 17.77 kg
baggage is on conveyor belt-------
---------baggage detected by sensor------------- 
Baggage weighs: 19.32 kg
baggage is on conveyor belt-------
---------baggage detected by sensor------------- 
Baggage weighs: 19.21 kg
baggage is on conveyor belt-------
---------baggage detected by sensor------------- 
Baggage weighs: 19.13 kg
baggage is on conveyor belt-------
---------baggage detected by sensor------------- 
Baggage weighs: 20.39 kg
baggage is on conveyor belt-------
---------baggage detected by sensor------------- 
Baggage weighs: 21.03 kg
baggage is on conveyor belt-------
---------baggage detected by sensor------------- 
Baggage weighs: 20.05 kg
baggage is on conveyor belt-------
---------baggage detected by sensor------------- 
Baggage weighs: 21.92 kg
baggage is on conveyor belt-------
---------baggage detected by sensor------------- 
Baggage weighs: 19.37 kg
baggage is on conveyor belt-------
---------baggage detected by sensor------------- 
Baggage weighs: 20.35 kg
baggage is on conveyor belt-------
---------baggage detected by sensor------------- 
Baggage weighs: 18.73 kg
baggage is on conveyor belt-------
---------baggage detected by sensor------------- 
Baggage weighs: 20.33 kg
baggage is on conveyor belt-------
---------baggage detected by sensor------------- 
Baggage weighs: 22.01 kg
baggage is on conveyor belt-------
---------baggage detected by sensor------------- 
Baggage weighs: 19.27 kg
baggage is on conveyor belt-------
---------baggage detected by sensor------------- 
Baggage weighs: 21.18 kg
baggage is on conveyor belt-------
---------baggage detected by sensor------------- 
Baggage weighs: 17.16 kg
baggage is on conveyor belt-------
---------baggage detected by sensor------------- 
Baggage weighs: 20.04 kg
baggage is on conveyor belt-------
---------baggage detected by sensor------------- 
Baggage weighs: 20.91 kg
baggage is on conveyor belt-------
---------baggage detected by sensor------------- 
Baggage weighs: 20.3 kg
baggage is on conveyor belt-------
---------baggage detected by sensor------------- 
Baggage weighs: 20.38 kg
baggage is on conveyor belt-------
---------baggage detected by sensor------------- 
Baggage weighs: 16.54 kg
baggage is on conveyor belt-------
---------baggage detected by sensor------------- 
Baggage weighs: 18.87 kg
baggage is on conveyor belt-------
---------baggage detected by sensor------------- 
Baggage weighs: 20.22 kg
baggage is on conveyor belt-------
---------baggage detected by sensor------------- 
Baggage weighs: 20.75 kg
baggage is on conveyor belt-------
---------baggage detected by sensor------------- 
Baggage weighs: 17.4 kg
baggage is on conveyor belt-------
---------baggage detected by sensor------------- 
Baggage weighs: 20.27 kg
baggage is on conveyor belt-------
---------baggage detected by sensor------------- 
Baggage weighs: 17.04 kg
baggage is on conveyor belt-------
---------baggage detected by sensor------------- 
Baggage weighs: 19.84 kg
baggage is on conveyor belt-------
---------baggage detected by sensor------------- 
Baggage weighs: 17.34 kg
Seat with ID: 21C has been reserved for you!

BOARDING PASS FOR CARLY MACDONALD
-----------------------------------------------------------------------------
LUFTHANSA                      u98wop2hynyack2 /  Carly Macdonald
Carly Macdonald                                     /  u98wop2hynyack2
FRA   LH2121   E  30.Oct                       /  FRA
HKG                                            /  HKG
SEAT ID: 21C                                   /  LH2121 E 30.Oct
SEQ: 58                                      / GATE: A05   22:00
MAX 1  HANDLUGGAGE/ LUGGAGE
-----------------------------------------------------------------------------
sorry Carly Macdonald we have no voucher for you! Have a nice day!

---------------------------------------------------------------------------------------------------------------
scanning passport with passport id: 4FMXDRQ77
searching for ticket in fast bag drop database..............
Ticket found for Mollie Lang and Flight LH2121
----searching flight seat for Mollie Lang---------
Found a seat with ID 21D
Below details were found in database
------------------------------------------
Name: Mollie Lang
Flight ID: LH2121
Source: FRA
Destination: HKG
Gate No: A05
Boarding time: 22:00
Ticket ID: 8c8gznpnvhj80w1
Booking Class: E
------------------------------------------

Proceed with check-in for flight LH2121 ?
Type YES to CHECK-IN or NO to cancel CHECK-IN
Mollie Lang is deciding whether to check-in or to go back home and sleep............
YES CHECK-IN
Checking you in...............
baggage is on conveyor belt-------
---------baggage detected by sensor------------- 
Baggage weighs: 21.58 kg
baggage is on conveyor belt-------
---------baggage detected by sensor------------- 
Baggage weighs: 20.43 kg
baggage is on conveyor belt-------
---------baggage detected by sensor------------- 
Baggage weighs: 18.47 kg
baggage is on conveyor belt-------
---------baggage detected by sensor------------- 
Baggage weighs: 17.86 kg
baggage is on conveyor belt-------
---------baggage detected by sensor------------- 
Baggage weighs: 18.65 kg
baggage is on conveyor belt-------
---------baggage detected by sensor------------- 
Baggage weighs: 19.27 kg
baggage is on conveyor belt-------
---------baggage detected by sensor------------- 
Baggage weighs: 17.42 kg
baggage is on conveyor belt-------
---------baggage detected by sensor------------- 
Baggage weighs: 19.16 kg
baggage is on conveyor belt-------
---------baggage detected by sensor------------- 
Baggage weighs: 19.52 kg
baggage is on conveyor belt-------
---------baggage detected by sensor------------- 
Baggage weighs: 17.51 kg
baggage is on conveyor belt-------
---------baggage detected by sensor------------- 
Baggage weighs: 17.38 kg
baggage is on conveyor belt-------
---------baggage detected by sensor------------- 
Baggage weighs: 18.67 kg
baggage is on conveyor belt-------
---------baggage detected by sensor------------- 
Baggage weighs: 16.98 kg
baggage is on conveyor belt-------
---------baggage detected by sensor------------- 
Baggage weighs: 21.26 kg
baggage is on conveyor belt-------
---------baggage detected by sensor------------- 
Baggage weighs: 18.3 kg
baggage is on conveyor belt-------
---------baggage detected by sensor------------- 
Baggage weighs: 16.81 kg
baggage is on conveyor belt-------
---------baggage detected by sensor------------- 
Baggage weighs: 20.91 kg
baggage is on conveyor belt-------
---------baggage detected by sensor------------- 
Baggage weighs: 21.21 kg
baggage is on conveyor belt-------
---------baggage detected by sensor------------- 
Baggage weighs: 19.69 kg
baggage is on conveyor belt-------
---------baggage detected by sensor------------- 
Baggage weighs: 18.67 kg
baggage is on conveyor belt-------
---------baggage detected by sensor------------- 
Baggage weighs: 19.12 kg
baggage is on conveyor belt-------
---------baggage detected by sensor------------- 
Baggage weighs: 16.42 kg
baggage is on conveyor belt-------
---------baggage detected by sensor------------- 
Baggage weighs: 19.17 kg
baggage is on conveyor belt-------
---------baggage detected by sensor------------- 
Baggage weighs: 19.0 kg
baggage is on conveyor belt-------
---------baggage detected by sensor------------- 
Baggage weighs: 18.78 kg
baggage is on conveyor belt-------
---------baggage detected by sensor------------- 
Baggage weighs: 20.31 kg
baggage is on conveyor belt-------
---------baggage detected by sensor------------- 
Baggage weighs: 21.25 kg
baggage is on conveyor belt-------
---------baggage detected by sensor------------- 
Baggage weighs: 18.87 kg
baggage is on conveyor belt-------
---------baggage detected by sensor------------- 
Baggage weighs: 16.25 kg
baggage is on conveyor belt-------
---------baggage detected by sensor------------- 
Baggage weighs: 19.94 kg
baggage is on conveyor belt-------
---------baggage detected by sensor------------- 
Baggage weighs: 16.88 kg
baggage is on conveyor belt-------
---------baggage detected by sensor------------- 
Baggage weighs: 18.24 kg
baggage is on conveyor belt-------
---------baggage detected by sensor------------- 
Baggage weighs: 17.16 kg
baggage is on conveyor belt-------
---------baggage detected by sensor------------- 
Baggage weighs: 19.34 kg
baggage is on conveyor belt-------
---------baggage detected by sensor------------- 
Baggage weighs: 22.41 kg
baggage is on conveyor belt-------
---------baggage detected by sensor------------- 
Baggage weighs: 20.47 kg
baggage is on conveyor belt-------
---------baggage detected by sensor------------- 
Baggage weighs: 18.81 kg
baggage is on conveyor belt-------
---------baggage detected by sensor------------- 
Baggage weighs: 18.56 kg
baggage is on conveyor belt-------
---------baggage detected by sensor------------- 
Baggage weighs: 17.77 kg
baggage is on conveyor belt-------
---------baggage detected by sensor------------- 
Baggage weighs: 19.32 kg
baggage is on conveyor belt-------
---------baggage detected by sensor------------- 
Baggage weighs: 19.21 kg
baggage is on conveyor belt-------
---------baggage detected by sensor------------- 
Baggage weighs: 19.13 kg
baggage is on conveyor belt-------
---------baggage detected by sensor------------- 
Baggage weighs: 20.39 kg
baggage is on conveyor belt-------
---------baggage detected by sensor------------- 
Baggage weighs: 21.03 kg
baggage is on conveyor belt-------
---------baggage detected by sensor------------- 
Baggage weighs: 20.05 kg
baggage is on conveyor belt-------
---------baggage detected by sensor------------- 
Baggage weighs: 21.92 kg
baggage is on conveyor belt-------
---------baggage detected by sensor------------- 
Baggage weighs: 19.37 kg
baggage is on conveyor belt-------
---------baggage detected by sensor------------- 
Baggage weighs: 20.35 kg
baggage is on conveyor belt-------
---------baggage detected by sensor------------- 
Baggage weighs: 18.73 kg
baggage is on conveyor belt-------
---------baggage detected by sensor------------- 
Baggage weighs: 20.33 kg
baggage is on conveyor belt-------
---------baggage detected by sensor------------- 
Baggage weighs: 22.01 kg
baggage is on conveyor belt-------
---------baggage detected by sensor------------- 
Baggage weighs: 19.27 kg
baggage is on conveyor belt-------
---------baggage detected by sensor------------- 
Baggage weighs: 21.18 kg
baggage is on conveyor belt-------
---------baggage detected by sensor------------- 
Baggage weighs: 17.16 kg
baggage is on conveyor belt-------
---------baggage detected by sensor------------- 
Baggage weighs: 20.04 kg
baggage is on conveyor belt-------
---------baggage detected by sensor------------- 
Baggage weighs: 20.91 kg
baggage is on conveyor belt-------
---------baggage detected by sensor------------- 
Baggage weighs: 20.3 kg
baggage is on conveyor belt-------
---------baggage detected by sensor------------- 
Baggage weighs: 20.38 kg
baggage is on conveyor belt-------
---------baggage detected by sensor------------- 
Baggage weighs: 16.54 kg
baggage is on conveyor belt-------
---------baggage detected by sensor------------- 
Baggage weighs: 18.87 kg
baggage is on conveyor belt-------
---------baggage detected by sensor------------- 
Baggage weighs: 20.22 kg
baggage is on conveyor belt-------
---------baggage detected by sensor------------- 
Baggage weighs: 20.75 kg
baggage is on conveyor belt-------
---------baggage detected by sensor------------- 
Baggage weighs: 17.4 kg
baggage is on conveyor belt-------
---------baggage detected by sensor------------- 
Baggage weighs: 20.27 kg
baggage is on conveyor belt-------
---------baggage detected by sensor------------- 
Baggage weighs: 17.04 kg
baggage is on conveyor belt-------
---------baggage detected by sensor------------- 
Baggage weighs: 19.84 kg
baggage is on conveyor belt-------
---------baggage detected by sensor------------- 
Baggage weighs: 17.34 kg
baggage is on conveyor belt-------
---------baggage detected by sensor------------- 
Baggage weighs: 18.75 kg
Seat with ID: 21D has been reserved for you!

BOARDING PASS FOR MOLLIE LANG
-----------------------------------------------------------------------------
LUFTHANSA                      8c8gznpnvhj80w1 /  Mollie Lang
Mollie Lang                                     /  8c8gznpnvhj80w1
FRA   LH2121   E  30.Oct                       /  FRA
HKG                                            /  HKG
SEAT ID: 21D                                   /  LH2121 E 30.Oct
SEQ: 59                                      / GATE: A05   22:00
MAX 1  HANDLUGGAGE/ LUGGAGE
-----------------------------------------------------------------------------
sorry Mollie Lang we have no voucher for you! Have a nice day!

---------------------------------------------------------------------------------------------------------------
scanning passport with passport id: 49UL0ATFC
searching for ticket in fast bag drop database..............
Ticket found for Allen Rowe and Flight LH2121
----searching flight seat for Allen Rowe---------
Found a seat with ID 21E
Below details were found in database
------------------------------------------
Name: Allen Rowe
Flight ID: LH2121
Source: FRA
Destination: HKG
Gate No: A05
Boarding time: 22:00
Ticket ID: nu4ipp8ms3s74cr
Booking Class: E
------------------------------------------

Proceed with check-in for flight LH2121 ?
Type YES to CHECK-IN or NO to cancel CHECK-IN
Allen Rowe is deciding whether to check-in or to go back home and sleep............
YES CHECK-IN
Checking you in...............
baggage is on conveyor belt-------
---------baggage detected by sensor------------- 
Baggage weighs: 21.58 kg
baggage is on conveyor belt-------
---------baggage detected by sensor------------- 
Baggage weighs: 20.43 kg
baggage is on conveyor belt-------
---------baggage detected by sensor------------- 
Baggage weighs: 18.47 kg
baggage is on conveyor belt-------
---------baggage detected by sensor------------- 
Baggage weighs: 17.86 kg
baggage is on conveyor belt-------
---------baggage detected by sensor------------- 
Baggage weighs: 18.65 kg
baggage is on conveyor belt-------
---------baggage detected by sensor------------- 
Baggage weighs: 19.27 kg
baggage is on conveyor belt-------
---------baggage detected by sensor------------- 
Baggage weighs: 17.42 kg
baggage is on conveyor belt-------
---------baggage detected by sensor------------- 
Baggage weighs: 19.16 kg
baggage is on conveyor belt-------
---------baggage detected by sensor------------- 
Baggage weighs: 19.52 kg
baggage is on conveyor belt-------
---------baggage detected by sensor------------- 
Baggage weighs: 17.51 kg
baggage is on conveyor belt-------
---------baggage detected by sensor------------- 
Baggage weighs: 17.38 kg
baggage is on conveyor belt-------
---------baggage detected by sensor------------- 
Baggage weighs: 18.67 kg
baggage is on conveyor belt-------
---------baggage detected by sensor------------- 
Baggage weighs: 16.98 kg
baggage is on conveyor belt-------
---------baggage detected by sensor------------- 
Baggage weighs: 21.26 kg
baggage is on conveyor belt-------
---------baggage detected by sensor------------- 
Baggage weighs: 18.3 kg
baggage is on conveyor belt-------
---------baggage detected by sensor------------- 
Baggage weighs: 16.81 kg
baggage is on conveyor belt-------
---------baggage detected by sensor------------- 
Baggage weighs: 20.91 kg
baggage is on conveyor belt-------
---------baggage detected by sensor------------- 
Baggage weighs: 21.21 kg
baggage is on conveyor belt-------
---------baggage detected by sensor------------- 
Baggage weighs: 19.69 kg
baggage is on conveyor belt-------
---------baggage detected by sensor------------- 
Baggage weighs: 18.67 kg
baggage is on conveyor belt-------
---------baggage detected by sensor------------- 
Baggage weighs: 19.12 kg
baggage is on conveyor belt-------
---------baggage detected by sensor------------- 
Baggage weighs: 16.42 kg
baggage is on conveyor belt-------
---------baggage detected by sensor------------- 
Baggage weighs: 19.17 kg
baggage is on conveyor belt-------
---------baggage detected by sensor------------- 
Baggage weighs: 19.0 kg
baggage is on conveyor belt-------
---------baggage detected by sensor------------- 
Baggage weighs: 18.78 kg
baggage is on conveyor belt-------
---------baggage detected by sensor------------- 
Baggage weighs: 20.31 kg
baggage is on conveyor belt-------
---------baggage detected by sensor------------- 
Baggage weighs: 21.25 kg
baggage is on conveyor belt-------
---------baggage detected by sensor------------- 
Baggage weighs: 18.87 kg
baggage is on conveyor belt-------
---------baggage detected by sensor------------- 
Baggage weighs: 16.25 kg
baggage is on conveyor belt-------
---------baggage detected by sensor------------- 
Baggage weighs: 19.94 kg
baggage is on conveyor belt-------
---------baggage detected by sensor------------- 
Baggage weighs: 16.88 kg
baggage is on conveyor belt-------
---------baggage detected by sensor------------- 
Baggage weighs: 18.24 kg
baggage is on conveyor belt-------
---------baggage detected by sensor------------- 
Baggage weighs: 17.16 kg
baggage is on conveyor belt-------
---------baggage detected by sensor------------- 
Baggage weighs: 19.34 kg
baggage is on conveyor belt-------
---------baggage detected by sensor------------- 
Baggage weighs: 22.41 kg
baggage is on conveyor belt-------
---------baggage detected by sensor------------- 
Baggage weighs: 20.47 kg
baggage is on conveyor belt-------
---------baggage detected by sensor------------- 
Baggage weighs: 18.81 kg
baggage is on conveyor belt-------
---------baggage detected by sensor------------- 
Baggage weighs: 18.56 kg
baggage is on conveyor belt-------
---------baggage detected by sensor------------- 
Baggage weighs: 17.77 kg
baggage is on conveyor belt-------
---------baggage detected by sensor------------- 
Baggage weighs: 19.32 kg
baggage is on conveyor belt-------
---------baggage detected by sensor------------- 
Baggage weighs: 19.21 kg
baggage is on conveyor belt-------
---------baggage detected by sensor------------- 
Baggage weighs: 19.13 kg
baggage is on conveyor belt-------
---------baggage detected by sensor------------- 
Baggage weighs: 20.39 kg
baggage is on conveyor belt-------
---------baggage detected by sensor------------- 
Baggage weighs: 21.03 kg
baggage is on conveyor belt-------
---------baggage detected by sensor------------- 
Baggage weighs: 20.05 kg
baggage is on conveyor belt-------
---------baggage detected by sensor------------- 
Baggage weighs: 21.92 kg
baggage is on conveyor belt-------
---------baggage detected by sensor------------- 
Baggage weighs: 19.37 kg
baggage is on conveyor belt-------
---------baggage detected by sensor------------- 
Baggage weighs: 20.35 kg
baggage is on conveyor belt-------
---------baggage detected by sensor------------- 
Baggage weighs: 18.73 kg
baggage is on conveyor belt-------
---------baggage detected by sensor------------- 
Baggage weighs: 20.33 kg
baggage is on conveyor belt-------
---------baggage detected by sensor------------- 
Baggage weighs: 22.01 kg
baggage is on conveyor belt-------
---------baggage detected by sensor------------- 
Baggage weighs: 19.27 kg
baggage is on conveyor belt-------
---------baggage detected by sensor------------- 
Baggage weighs: 21.18 kg
baggage is on conveyor belt-------
---------baggage detected by sensor------------- 
Baggage weighs: 17.16 kg
baggage is on conveyor belt-------
---------baggage detected by sensor------------- 
Baggage weighs: 20.04 kg
baggage is on conveyor belt-------
---------baggage detected by sensor------------- 
Baggage weighs: 20.91 kg
baggage is on conveyor belt-------
---------baggage detected by sensor------------- 
Baggage weighs: 20.3 kg
baggage is on conveyor belt-------
---------baggage detected by sensor------------- 
Baggage weighs: 20.38 kg
baggage is on conveyor belt-------
---------baggage detected by sensor------------- 
Baggage weighs: 16.54 kg
baggage is on conveyor belt-------
---------baggage detected by sensor------------- 
Baggage weighs: 18.87 kg
baggage is on conveyor belt-------
---------baggage detected by sensor------------- 
Baggage weighs: 20.22 kg
baggage is on conveyor belt-------
---------baggage detected by sensor------------- 
Baggage weighs: 20.75 kg
baggage is on conveyor belt-------
---------baggage detected by sensor------------- 
Baggage weighs: 17.4 kg
baggage is on conveyor belt-------
---------baggage detected by sensor------------- 
Baggage weighs: 20.27 kg
baggage is on conveyor belt-------
---------baggage detected by sensor------------- 
Baggage weighs: 17.04 kg
baggage is on conveyor belt-------
---------baggage detected by sensor------------- 
Baggage weighs: 19.84 kg
baggage is on conveyor belt-------
---------baggage detected by sensor------------- 
Baggage weighs: 17.34 kg
baggage is on conveyor belt-------
---------baggage detected by sensor------------- 
Baggage weighs: 18.75 kg
baggage is on conveyor belt-------
---------baggage detected by sensor------------- 
Baggage weighs: 19.12 kg
Seat with ID: 21E has been reserved for you!

BOARDING PASS FOR ALLEN ROWE
-----------------------------------------------------------------------------
LUFTHANSA                      nu4ipp8ms3s74cr /  Allen Rowe
Allen Rowe                                     /  nu4ipp8ms3s74cr
FRA   LH2121   E  30.Oct                       /  FRA
HKG                                            /  HKG
SEAT ID: 21E                                   /  LH2121 E 30.Oct
SEQ: 60                                      / GATE: A05   22:00
MAX 1  HANDLUGGAGE/ LUGGAGE
-----------------------------------------------------------------------------
sorry Allen Rowe we have no voucher for you! Have a nice day!

---------------------------------------------------------------------------------------------------------------
scanning passport with passport id: HWMAYZLK9
searching for ticket in fast bag drop database..............
Ticket found for Robt Silva and Flight LH2121
----searching flight seat for Robt Silva---------
Found a seat with ID 21G
Below details were found in database
------------------------------------------
Name: Robt Silva
Flight ID: LH2121
Source: FRA
Destination: HKG
Gate No: A05
Boarding time: 22:00
Ticket ID: qa78j7srjgocup4
Booking Class: E
------------------------------------------

Proceed with check-in for flight LH2121 ?
Type YES to CHECK-IN or NO to cancel CHECK-IN
Robt Silva is deciding whether to check-in or to go back home and sleep............
YES CHECK-IN
Checking you in...............
baggage is on conveyor belt-------
---------baggage detected by sensor------------- 
Baggage weighs: 21.58 kg
baggage is on conveyor belt-------
---------baggage detected by sensor------------- 
Baggage weighs: 20.43 kg
baggage is on conveyor belt-------
---------baggage detected by sensor------------- 
Baggage weighs: 18.47 kg
baggage is on conveyor belt-------
---------baggage detected by sensor------------- 
Baggage weighs: 17.86 kg
baggage is on conveyor belt-------
---------baggage detected by sensor------------- 
Baggage weighs: 18.65 kg
baggage is on conveyor belt-------
---------baggage detected by sensor------------- 
Baggage weighs: 19.27 kg
baggage is on conveyor belt-------
---------baggage detected by sensor------------- 
Baggage weighs: 17.42 kg
baggage is on conveyor belt-------
---------baggage detected by sensor------------- 
Baggage weighs: 19.16 kg
baggage is on conveyor belt-------
---------baggage detected by sensor------------- 
Baggage weighs: 19.52 kg
baggage is on conveyor belt-------
---------baggage detected by sensor------------- 
Baggage weighs: 17.51 kg
baggage is on conveyor belt-------
---------baggage detected by sensor------------- 
Baggage weighs: 17.38 kg
baggage is on conveyor belt-------
---------baggage detected by sensor------------- 
Baggage weighs: 18.67 kg
baggage is on conveyor belt-------
---------baggage detected by sensor------------- 
Baggage weighs: 16.98 kg
baggage is on conveyor belt-------
---------baggage detected by sensor------------- 
Baggage weighs: 21.26 kg
baggage is on conveyor belt-------
---------baggage detected by sensor------------- 
Baggage weighs: 18.3 kg
baggage is on conveyor belt-------
---------baggage detected by sensor------------- 
Baggage weighs: 16.81 kg
baggage is on conveyor belt-------
---------baggage detected by sensor------------- 
Baggage weighs: 20.91 kg
baggage is on conveyor belt-------
---------baggage detected by sensor------------- 
Baggage weighs: 21.21 kg
baggage is on conveyor belt-------
---------baggage detected by sensor------------- 
Baggage weighs: 19.69 kg
baggage is on conveyor belt-------
---------baggage detected by sensor------------- 
Baggage weighs: 18.67 kg
baggage is on conveyor belt-------
---------baggage detected by sensor------------- 
Baggage weighs: 19.12 kg
baggage is on conveyor belt-------
---------baggage detected by sensor------------- 
Baggage weighs: 16.42 kg
baggage is on conveyor belt-------
---------baggage detected by sensor------------- 
Baggage weighs: 19.17 kg
baggage is on conveyor belt-------
---------baggage detected by sensor------------- 
Baggage weighs: 19.0 kg
baggage is on conveyor belt-------
---------baggage detected by sensor------------- 
Baggage weighs: 18.78 kg
baggage is on conveyor belt-------
---------baggage detected by sensor------------- 
Baggage weighs: 20.31 kg
baggage is on conveyor belt-------
---------baggage detected by sensor------------- 
Baggage weighs: 21.25 kg
baggage is on conveyor belt-------
---------baggage detected by sensor------------- 
Baggage weighs: 18.87 kg
baggage is on conveyor belt-------
---------baggage detected by sensor------------- 
Baggage weighs: 16.25 kg
baggage is on conveyor belt-------
---------baggage detected by sensor------------- 
Baggage weighs: 19.94 kg
baggage is on conveyor belt-------
---------baggage detected by sensor------------- 
Baggage weighs: 16.88 kg
baggage is on conveyor belt-------
---------baggage detected by sensor------------- 
Baggage weighs: 18.24 kg
baggage is on conveyor belt-------
---------baggage detected by sensor------------- 
Baggage weighs: 17.16 kg
baggage is on conveyor belt-------
---------baggage detected by sensor------------- 
Baggage weighs: 19.34 kg
baggage is on conveyor belt-------
---------baggage detected by sensor------------- 
Baggage weighs: 22.41 kg
baggage is on conveyor belt-------
---------baggage detected by sensor------------- 
Baggage weighs: 20.47 kg
baggage is on conveyor belt-------
---------baggage detected by sensor------------- 
Baggage weighs: 18.81 kg
baggage is on conveyor belt-------
---------baggage detected by sensor------------- 
Baggage weighs: 18.56 kg
baggage is on conveyor belt-------
---------baggage detected by sensor------------- 
Baggage weighs: 17.77 kg
baggage is on conveyor belt-------
---------baggage detected by sensor------------- 
Baggage weighs: 19.32 kg
baggage is on conveyor belt-------
---------baggage detected by sensor------------- 
Baggage weighs: 19.21 kg
baggage is on conveyor belt-------
---------baggage detected by sensor------------- 
Baggage weighs: 19.13 kg
baggage is on conveyor belt-------
---------baggage detected by sensor------------- 
Baggage weighs: 20.39 kg
baggage is on conveyor belt-------
---------baggage detected by sensor------------- 
Baggage weighs: 21.03 kg
baggage is on conveyor belt-------
---------baggage detected by sensor------------- 
Baggage weighs: 20.05 kg
baggage is on conveyor belt-------
---------baggage detected by sensor------------- 
Baggage weighs: 21.92 kg
baggage is on conveyor belt-------
---------baggage detected by sensor------------- 
Baggage weighs: 19.37 kg
baggage is on conveyor belt-------
---------baggage detected by sensor------------- 
Baggage weighs: 20.35 kg
baggage is on conveyor belt-------
---------baggage detected by sensor------------- 
Baggage weighs: 18.73 kg
baggage is on conveyor belt-------
---------baggage detected by sensor------------- 
Baggage weighs: 20.33 kg
baggage is on conveyor belt-------
---------baggage detected by sensor------------- 
Baggage weighs: 22.01 kg
baggage is on conveyor belt-------
---------baggage detected by sensor------------- 
Baggage weighs: 19.27 kg
baggage is on conveyor belt-------
---------baggage detected by sensor------------- 
Baggage weighs: 21.18 kg
baggage is on conveyor belt-------
---------baggage detected by sensor------------- 
Baggage weighs: 17.16 kg
baggage is on conveyor belt-------
---------baggage detected by sensor------------- 
Baggage weighs: 20.04 kg
baggage is on conveyor belt-------
---------baggage detected by sensor------------- 
Baggage weighs: 20.91 kg
baggage is on conveyor belt-------
---------baggage detected by sensor------------- 
Baggage weighs: 20.3 kg
baggage is on conveyor belt-------
---------baggage detected by sensor------------- 
Baggage weighs: 20.38 kg
baggage is on conveyor belt-------
---------baggage detected by sensor------------- 
Baggage weighs: 16.54 kg
baggage is on conveyor belt-------
---------baggage detected by sensor------------- 
Baggage weighs: 18.87 kg
baggage is on conveyor belt-------
---------baggage detected by sensor------------- 
Baggage weighs: 20.22 kg
baggage is on conveyor belt-------
---------baggage detected by sensor------------- 
Baggage weighs: 20.75 kg
baggage is on conveyor belt-------
---------baggage detected by sensor------------- 
Baggage weighs: 17.4 kg
baggage is on conveyor belt-------
---------baggage detected by sensor------------- 
Baggage weighs: 20.27 kg
baggage is on conveyor belt-------
---------baggage detected by sensor------------- 
Baggage weighs: 17.04 kg
baggage is on conveyor belt-------
---------baggage detected by sensor------------- 
Baggage weighs: 19.84 kg
baggage is on conveyor belt-------
---------baggage detected by sensor------------- 
Baggage weighs: 17.34 kg
baggage is on conveyor belt-------
---------baggage detected by sensor------------- 
Baggage weighs: 18.75 kg
baggage is on conveyor belt-------
---------baggage detected by sensor------------- 
Baggage weighs: 19.12 kg
baggage is on conveyor belt-------
---------baggage detected by sensor------------- 
Baggage weighs: 18.29 kg
Seat with ID: 21G has been reserved for you!

BOARDING PASS FOR ROBT SILVA
-----------------------------------------------------------------------------
LUFTHANSA                      qa78j7srjgocup4 /  Robt Silva
Robt Silva                                     /  qa78j7srjgocup4
FRA   LH2121   E  30.Oct                       /  FRA
HKG                                            /  HKG
SEAT ID: 21G                                   /  LH2121 E 30.Oct
SEQ: 61                                      / GATE: A05   22:00
MAX 1  HANDLUGGAGE/ LUGGAGE
-----------------------------------------------------------------------------
sorry Robt Silva we have no voucher for you! Have a nice day!

---------------------------------------------------------------------------------------------------------------
scanning passport with passport id: 5ZV66O1AP
searching for ticket in fast bag drop database..............
Ticket found for Andre Knox and Flight LH2121
----searching flight seat for Andre Knox---------
Found a seat with ID 21H
Below details were found in database
------------------------------------------
Name: Andre Knox
Flight ID: LH2121
Source: FRA
Destination: HKG
Gate No: A05
Boarding time: 22:00
Ticket ID: xba9ydjx6fye1x1
Booking Class: E
------------------------------------------

Proceed with check-in for flight LH2121 ?
Type YES to CHECK-IN or NO to cancel CHECK-IN
Andre Knox is deciding whether to check-in or to go back home and sleep............
YES CHECK-IN
Checking you in...............
baggage is on conveyor belt-------
---------baggage detected by sensor------------- 
Baggage weighs: 21.58 kg
baggage is on conveyor belt-------
---------baggage detected by sensor------------- 
Baggage weighs: 20.43 kg
baggage is on conveyor belt-------
---------baggage detected by sensor------------- 
Baggage weighs: 18.47 kg
baggage is on conveyor belt-------
---------baggage detected by sensor------------- 
Baggage weighs: 17.86 kg
baggage is on conveyor belt-------
---------baggage detected by sensor------------- 
Baggage weighs: 18.65 kg
baggage is on conveyor belt-------
---------baggage detected by sensor------------- 
Baggage weighs: 19.27 kg
baggage is on conveyor belt-------
---------baggage detected by sensor------------- 
Baggage weighs: 17.42 kg
baggage is on conveyor belt-------
---------baggage detected by sensor------------- 
Baggage weighs: 19.16 kg
baggage is on conveyor belt-------
---------baggage detected by sensor------------- 
Baggage weighs: 19.52 kg
baggage is on conveyor belt-------
---------baggage detected by sensor------------- 
Baggage weighs: 17.51 kg
baggage is on conveyor belt-------
---------baggage detected by sensor------------- 
Baggage weighs: 17.38 kg
baggage is on conveyor belt-------
---------baggage detected by sensor------------- 
Baggage weighs: 18.67 kg
baggage is on conveyor belt-------
---------baggage detected by sensor------------- 
Baggage weighs: 16.98 kg
baggage is on conveyor belt-------
---------baggage detected by sensor------------- 
Baggage weighs: 21.26 kg
baggage is on conveyor belt-------
---------baggage detected by sensor------------- 
Baggage weighs: 18.3 kg
baggage is on conveyor belt-------
---------baggage detected by sensor------------- 
Baggage weighs: 16.81 kg
baggage is on conveyor belt-------
---------baggage detected by sensor------------- 
Baggage weighs: 20.91 kg
baggage is on conveyor belt-------
---------baggage detected by sensor------------- 
Baggage weighs: 21.21 kg
baggage is on conveyor belt-------
---------baggage detected by sensor------------- 
Baggage weighs: 19.69 kg
baggage is on conveyor belt-------
---------baggage detected by sensor------------- 
Baggage weighs: 18.67 kg
baggage is on conveyor belt-------
---------baggage detected by sensor------------- 
Baggage weighs: 19.12 kg
baggage is on conveyor belt-------
---------baggage detected by sensor------------- 
Baggage weighs: 16.42 kg
baggage is on conveyor belt-------
---------baggage detected by sensor------------- 
Baggage weighs: 19.17 kg
baggage is on conveyor belt-------
---------baggage detected by sensor------------- 
Baggage weighs: 19.0 kg
baggage is on conveyor belt-------
---------baggage detected by sensor------------- 
Baggage weighs: 18.78 kg
baggage is on conveyor belt-------
---------baggage detected by sensor------------- 
Baggage weighs: 20.31 kg
baggage is on conveyor belt-------
---------baggage detected by sensor------------- 
Baggage weighs: 21.25 kg
baggage is on conveyor belt-------
---------baggage detected by sensor------------- 
Baggage weighs: 18.87 kg
baggage is on conveyor belt-------
---------baggage detected by sensor------------- 
Baggage weighs: 16.25 kg
baggage is on conveyor belt-------
---------baggage detected by sensor------------- 
Baggage weighs: 19.94 kg
baggage is on conveyor belt-------
---------baggage detected by sensor------------- 
Baggage weighs: 16.88 kg
baggage is on conveyor belt-------
---------baggage detected by sensor------------- 
Baggage weighs: 18.24 kg
baggage is on conveyor belt-------
---------baggage detected by sensor------------- 
Baggage weighs: 17.16 kg
baggage is on conveyor belt-------
---------baggage detected by sensor------------- 
Baggage weighs: 19.34 kg
baggage is on conveyor belt-------
---------baggage detected by sensor------------- 
Baggage weighs: 22.41 kg
baggage is on conveyor belt-------
---------baggage detected by sensor------------- 
Baggage weighs: 20.47 kg
baggage is on conveyor belt-------
---------baggage detected by sensor------------- 
Baggage weighs: 18.81 kg
baggage is on conveyor belt-------
---------baggage detected by sensor------------- 
Baggage weighs: 18.56 kg
baggage is on conveyor belt-------
---------baggage detected by sensor------------- 
Baggage weighs: 17.77 kg
baggage is on conveyor belt-------
---------baggage detected by sensor------------- 
Baggage weighs: 19.32 kg
baggage is on conveyor belt-------
---------baggage detected by sensor------------- 
Baggage weighs: 19.21 kg
baggage is on conveyor belt-------
---------baggage detected by sensor------------- 
Baggage weighs: 19.13 kg
baggage is on conveyor belt-------
---------baggage detected by sensor------------- 
Baggage weighs: 20.39 kg
baggage is on conveyor belt-------
---------baggage detected by sensor------------- 
Baggage weighs: 21.03 kg
baggage is on conveyor belt-------
---------baggage detected by sensor------------- 
Baggage weighs: 20.05 kg
baggage is on conveyor belt-------
---------baggage detected by sensor------------- 
Baggage weighs: 21.92 kg
baggage is on conveyor belt-------
---------baggage detected by sensor------------- 
Baggage weighs: 19.37 kg
baggage is on conveyor belt-------
---------baggage detected by sensor------------- 
Baggage weighs: 20.35 kg
baggage is on conveyor belt-------
---------baggage detected by sensor------------- 
Baggage weighs: 18.73 kg
baggage is on conveyor belt-------
---------baggage detected by sensor------------- 
Baggage weighs: 20.33 kg
baggage is on conveyor belt-------
---------baggage detected by sensor------------- 
Baggage weighs: 22.01 kg
baggage is on conveyor belt-------
---------baggage detected by sensor------------- 
Baggage weighs: 19.27 kg
baggage is on conveyor belt-------
---------baggage detected by sensor------------- 
Baggage weighs: 21.18 kg
baggage is on conveyor belt-------
---------baggage detected by sensor------------- 
Baggage weighs: 17.16 kg
baggage is on conveyor belt-------
---------baggage detected by sensor------------- 
Baggage weighs: 20.04 kg
baggage is on conveyor belt-------
---------baggage detected by sensor------------- 
Baggage weighs: 20.91 kg
baggage is on conveyor belt-------
---------baggage detected by sensor------------- 
Baggage weighs: 20.3 kg
baggage is on conveyor belt-------
---------baggage detected by sensor------------- 
Baggage weighs: 20.38 kg
baggage is on conveyor belt-------
---------baggage detected by sensor------------- 
Baggage weighs: 16.54 kg
baggage is on conveyor belt-------
---------baggage detected by sensor------------- 
Baggage weighs: 18.87 kg
baggage is on conveyor belt-------
---------baggage detected by sensor------------- 
Baggage weighs: 20.22 kg
baggage is on conveyor belt-------
---------baggage detected by sensor------------- 
Baggage weighs: 20.75 kg
baggage is on conveyor belt-------
---------baggage detected by sensor------------- 
Baggage weighs: 17.4 kg
baggage is on conveyor belt-------
---------baggage detected by sensor------------- 
Baggage weighs: 20.27 kg
baggage is on conveyor belt-------
---------baggage detected by sensor------------- 
Baggage weighs: 17.04 kg
baggage is on conveyor belt-------
---------baggage detected by sensor------------- 
Baggage weighs: 19.84 kg
baggage is on conveyor belt-------
---------baggage detected by sensor------------- 
Baggage weighs: 17.34 kg
baggage is on conveyor belt-------
---------baggage detected by sensor------------- 
Baggage weighs: 18.75 kg
baggage is on conveyor belt-------
---------baggage detected by sensor------------- 
Baggage weighs: 19.12 kg
baggage is on conveyor belt-------
---------baggage detected by sensor------------- 
Baggage weighs: 18.29 kg
baggage is on conveyor belt-------
---------baggage detected by sensor------------- 
Baggage weighs: 17.94 kg
Seat with ID: 21H has been reserved for you!

BOARDING PASS FOR ANDRE KNOX
-----------------------------------------------------------------------------
LUFTHANSA                      xba9ydjx6fye1x1 /  Andre Knox
Andre Knox                                     /  xba9ydjx6fye1x1
FRA   LH2121   E  30.Oct                       /  FRA
HKG                                            /  HKG
SEAT ID: 21H                                   /  LH2121 E 30.Oct
SEQ: 62                                      / GATE: A05   22:00
MAX 1  HANDLUGGAGE/ LUGGAGE
-----------------------------------------------------------------------------
sorry Andre Knox we have no voucher for you! Have a nice day!

---------------------------------------------------------------------------------------------------------------
scanning passport with passport id: 7W11ZT1NP
searching for ticket in fast bag drop database..............
Ticket found for Harris Calhoun and Flight LH2121
----searching flight seat for Harris Calhoun---------
Found a seat with ID 21J
Below details were found in database
------------------------------------------
Name: Harris Calhoun
Flight ID: LH2121
Source: FRA
Destination: HKG
Gate No: A05
Boarding time: 22:00
Ticket ID: v8eue8sup6attux
Booking Class: E
------------------------------------------

Proceed with check-in for flight LH2121 ?
Type YES to CHECK-IN or NO to cancel CHECK-IN
Harris Calhoun is deciding whether to check-in or to go back home and sleep............
YES CHECK-IN
Checking you in...............
baggage is on conveyor belt-------
---------baggage detected by sensor------------- 
Baggage weighs: 21.58 kg
baggage is on conveyor belt-------
---------baggage detected by sensor------------- 
Baggage weighs: 20.43 kg
baggage is on conveyor belt-------
---------baggage detected by sensor------------- 
Baggage weighs: 18.47 kg
baggage is on conveyor belt-------
---------baggage detected by sensor------------- 
Baggage weighs: 17.86 kg
baggage is on conveyor belt-------
---------baggage detected by sensor------------- 
Baggage weighs: 18.65 kg
baggage is on conveyor belt-------
---------baggage detected by sensor------------- 
Baggage weighs: 19.27 kg
baggage is on conveyor belt-------
---------baggage detected by sensor------------- 
Baggage weighs: 17.42 kg
baggage is on conveyor belt-------
---------baggage detected by sensor------------- 
Baggage weighs: 19.16 kg
baggage is on conveyor belt-------
---------baggage detected by sensor------------- 
Baggage weighs: 19.52 kg
baggage is on conveyor belt-------
---------baggage detected by sensor------------- 
Baggage weighs: 17.51 kg
baggage is on conveyor belt-------
---------baggage detected by sensor------------- 
Baggage weighs: 17.38 kg
baggage is on conveyor belt-------
---------baggage detected by sensor------------- 
Baggage weighs: 18.67 kg
baggage is on conveyor belt-------
---------baggage detected by sensor------------- 
Baggage weighs: 16.98 kg
baggage is on conveyor belt-------
---------baggage detected by sensor------------- 
Baggage weighs: 21.26 kg
baggage is on conveyor belt-------
---------baggage detected by sensor------------- 
Baggage weighs: 18.3 kg
baggage is on conveyor belt-------
---------baggage detected by sensor------------- 
Baggage weighs: 16.81 kg
baggage is on conveyor belt-------
---------baggage detected by sensor------------- 
Baggage weighs: 20.91 kg
baggage is on conveyor belt-------
---------baggage detected by sensor------------- 
Baggage weighs: 21.21 kg
baggage is on conveyor belt-------
---------baggage detected by sensor------------- 
Baggage weighs: 19.69 kg
baggage is on conveyor belt-------
---------baggage detected by sensor------------- 
Baggage weighs: 18.67 kg
baggage is on conveyor belt-------
---------baggage detected by sensor------------- 
Baggage weighs: 19.12 kg
baggage is on conveyor belt-------
---------baggage detected by sensor------------- 
Baggage weighs: 16.42 kg
baggage is on conveyor belt-------
---------baggage detected by sensor------------- 
Baggage weighs: 19.17 kg
baggage is on conveyor belt-------
---------baggage detected by sensor------------- 
Baggage weighs: 19.0 kg
baggage is on conveyor belt-------
---------baggage detected by sensor------------- 
Baggage weighs: 18.78 kg
baggage is on conveyor belt-------
---------baggage detected by sensor------------- 
Baggage weighs: 20.31 kg
baggage is on conveyor belt-------
---------baggage detected by sensor------------- 
Baggage weighs: 21.25 kg
baggage is on conveyor belt-------
---------baggage detected by sensor------------- 
Baggage weighs: 18.87 kg
baggage is on conveyor belt-------
---------baggage detected by sensor------------- 
Baggage weighs: 16.25 kg
baggage is on conveyor belt-------
---------baggage detected by sensor------------- 
Baggage weighs: 19.94 kg
baggage is on conveyor belt-------
---------baggage detected by sensor------------- 
Baggage weighs: 16.88 kg
baggage is on conveyor belt-------
---------baggage detected by sensor------------- 
Baggage weighs: 18.24 kg
baggage is on conveyor belt-------
---------baggage detected by sensor------------- 
Baggage weighs: 17.16 kg
baggage is on conveyor belt-------
---------baggage detected by sensor------------- 
Baggage weighs: 19.34 kg
baggage is on conveyor belt-------
---------baggage detected by sensor------------- 
Baggage weighs: 22.41 kg
baggage is on conveyor belt-------
---------baggage detected by sensor------------- 
Baggage weighs: 20.47 kg
baggage is on conveyor belt-------
---------baggage detected by sensor------------- 
Baggage weighs: 18.81 kg
baggage is on conveyor belt-------
---------baggage detected by sensor------------- 
Baggage weighs: 18.56 kg
baggage is on conveyor belt-------
---------baggage detected by sensor------------- 
Baggage weighs: 17.77 kg
baggage is on conveyor belt-------
---------baggage detected by sensor------------- 
Baggage weighs: 19.32 kg
baggage is on conveyor belt-------
---------baggage detected by sensor------------- 
Baggage weighs: 19.21 kg
baggage is on conveyor belt-------
---------baggage detected by sensor------------- 
Baggage weighs: 19.13 kg
baggage is on conveyor belt-------
---------baggage detected by sensor------------- 
Baggage weighs: 20.39 kg
baggage is on conveyor belt-------
---------baggage detected by sensor------------- 
Baggage weighs: 21.03 kg
baggage is on conveyor belt-------
---------baggage detected by sensor------------- 
Baggage weighs: 20.05 kg
baggage is on conveyor belt-------
---------baggage detected by sensor------------- 
Baggage weighs: 21.92 kg
baggage is on conveyor belt-------
---------baggage detected by sensor------------- 
Baggage weighs: 19.37 kg
baggage is on conveyor belt-------
---------baggage detected by sensor------------- 
Baggage weighs: 20.35 kg
baggage is on conveyor belt-------
---------baggage detected by sensor------------- 
Baggage weighs: 18.73 kg
baggage is on conveyor belt-------
---------baggage detected by sensor------------- 
Baggage weighs: 20.33 kg
baggage is on conveyor belt-------
---------baggage detected by sensor------------- 
Baggage weighs: 22.01 kg
baggage is on conveyor belt-------
---------baggage detected by sensor------------- 
Baggage weighs: 19.27 kg
baggage is on conveyor belt-------
---------baggage detected by sensor------------- 
Baggage weighs: 21.18 kg
baggage is on conveyor belt-------
---------baggage detected by sensor------------- 
Baggage weighs: 17.16 kg
baggage is on conveyor belt-------
---------baggage detected by sensor------------- 
Baggage weighs: 20.04 kg
baggage is on conveyor belt-------
---------baggage detected by sensor------------- 
Baggage weighs: 20.91 kg
baggage is on conveyor belt-------
---------baggage detected by sensor------------- 
Baggage weighs: 20.3 kg
baggage is on conveyor belt-------
---------baggage detected by sensor------------- 
Baggage weighs: 20.38 kg
baggage is on conveyor belt-------
---------baggage detected by sensor------------- 
Baggage weighs: 16.54 kg
baggage is on conveyor belt-------
---------baggage detected by sensor------------- 
Baggage weighs: 18.87 kg
baggage is on conveyor belt-------
---------baggage detected by sensor------------- 
Baggage weighs: 20.22 kg
baggage is on conveyor belt-------
---------baggage detected by sensor------------- 
Baggage weighs: 20.75 kg
baggage is on conveyor belt-------
---------baggage detected by sensor------------- 
Baggage weighs: 17.4 kg
baggage is on conveyor belt-------
---------baggage detected by sensor------------- 
Baggage weighs: 20.27 kg
baggage is on conveyor belt-------
---------baggage detected by sensor------------- 
Baggage weighs: 17.04 kg
baggage is on conveyor belt-------
---------baggage detected by sensor------------- 
Baggage weighs: 19.84 kg
baggage is on conveyor belt-------
---------baggage detected by sensor------------- 
Baggage weighs: 17.34 kg
baggage is on conveyor belt-------
---------baggage detected by sensor------------- 
Baggage weighs: 18.75 kg
baggage is on conveyor belt-------
---------baggage detected by sensor------------- 
Baggage weighs: 19.12 kg
baggage is on conveyor belt-------
---------baggage detected by sensor------------- 
Baggage weighs: 18.29 kg
baggage is on conveyor belt-------
---------baggage detected by sensor------------- 
Baggage weighs: 17.94 kg
baggage is on conveyor belt-------
---------baggage detected by sensor------------- 
Baggage weighs: 19.09 kg
Seat with ID: 21J has been reserved for you!

BOARDING PASS FOR HARRIS CALHOUN
-----------------------------------------------------------------------------
LUFTHANSA                      v8eue8sup6attux /  Harris Calhoun
Harris Calhoun                                     /  v8eue8sup6attux
FRA   LH2121   E  30.Oct                       /  FRA
HKG                                            /  HKG
SEAT ID: 21J                                   /  LH2121 E 30.Oct
SEQ: 63                                      / GATE: A05   22:00
MAX 1  HANDLUGGAGE/ LUGGAGE
-----------------------------------------------------------------------------
sorry Harris Calhoun we have no voucher for you! Have a nice day!

---------------------------------------------------------------------------------------------------------------
scanning passport with passport id: M0KQVEK74
searching for ticket in fast bag drop database..............
Ticket found for Hollis Perkins and Flight LH2121
----searching flight seat for Hollis Perkins---------
Found a seat with ID 21K
Below details were found in database
------------------------------------------
Name: Hollis Perkins
Flight ID: LH2121
Source: FRA
Destination: HKG
Gate No: A05
Boarding time: 22:00
Ticket ID: vdu37zu86u0dvzw
Booking Class: E
------------------------------------------

Proceed with check-in for flight LH2121 ?
Type YES to CHECK-IN or NO to cancel CHECK-IN
Hollis Perkins is deciding whether to check-in or to go back home and sleep............
YES CHECK-IN
Checking you in...............
baggage is on conveyor belt-------
---------baggage detected by sensor------------- 
Baggage weighs: 21.58 kg
baggage is on conveyor belt-------
---------baggage detected by sensor------------- 
Baggage weighs: 20.43 kg
baggage is on conveyor belt-------
---------baggage detected by sensor------------- 
Baggage weighs: 18.47 kg
baggage is on conveyor belt-------
---------baggage detected by sensor------------- 
Baggage weighs: 17.86 kg
baggage is on conveyor belt-------
---------baggage detected by sensor------------- 
Baggage weighs: 18.65 kg
baggage is on conveyor belt-------
---------baggage detected by sensor------------- 
Baggage weighs: 19.27 kg
baggage is on conveyor belt-------
---------baggage detected by sensor------------- 
Baggage weighs: 17.42 kg
baggage is on conveyor belt-------
---------baggage detected by sensor------------- 
Baggage weighs: 19.16 kg
baggage is on conveyor belt-------
---------baggage detected by sensor------------- 
Baggage weighs: 19.52 kg
baggage is on conveyor belt-------
---------baggage detected by sensor------------- 
Baggage weighs: 17.51 kg
baggage is on conveyor belt-------
---------baggage detected by sensor------------- 
Baggage weighs: 17.38 kg
baggage is on conveyor belt-------
---------baggage detected by sensor------------- 
Baggage weighs: 18.67 kg
baggage is on conveyor belt-------
---------baggage detected by sensor------------- 
Baggage weighs: 16.98 kg
baggage is on conveyor belt-------
---------baggage detected by sensor------------- 
Baggage weighs: 21.26 kg
baggage is on conveyor belt-------
---------baggage detected by sensor------------- 
Baggage weighs: 18.3 kg
baggage is on conveyor belt-------
---------baggage detected by sensor------------- 
Baggage weighs: 16.81 kg
baggage is on conveyor belt-------
---------baggage detected by sensor------------- 
Baggage weighs: 20.91 kg
baggage is on conveyor belt-------
---------baggage detected by sensor------------- 
Baggage weighs: 21.21 kg
baggage is on conveyor belt-------
---------baggage detected by sensor------------- 
Baggage weighs: 19.69 kg
baggage is on conveyor belt-------
---------baggage detected by sensor------------- 
Baggage weighs: 18.67 kg
baggage is on conveyor belt-------
---------baggage detected by sensor------------- 
Baggage weighs: 19.12 kg
baggage is on conveyor belt-------
---------baggage detected by sensor------------- 
Baggage weighs: 16.42 kg
baggage is on conveyor belt-------
---------baggage detected by sensor------------- 
Baggage weighs: 19.17 kg
baggage is on conveyor belt-------
---------baggage detected by sensor------------- 
Baggage weighs: 19.0 kg
baggage is on conveyor belt-------
---------baggage detected by sensor------------- 
Baggage weighs: 18.78 kg
baggage is on conveyor belt-------
---------baggage detected by sensor------------- 
Baggage weighs: 20.31 kg
baggage is on conveyor belt-------
---------baggage detected by sensor------------- 
Baggage weighs: 21.25 kg
baggage is on conveyor belt-------
---------baggage detected by sensor------------- 
Baggage weighs: 18.87 kg
baggage is on conveyor belt-------
---------baggage detected by sensor------------- 
Baggage weighs: 16.25 kg
baggage is on conveyor belt-------
---------baggage detected by sensor------------- 
Baggage weighs: 19.94 kg
baggage is on conveyor belt-------
---------baggage detected by sensor------------- 
Baggage weighs: 16.88 kg
baggage is on conveyor belt-------
---------baggage detected by sensor------------- 
Baggage weighs: 18.24 kg
baggage is on conveyor belt-------
---------baggage detected by sensor------------- 
Baggage weighs: 17.16 kg
baggage is on conveyor belt-------
---------baggage detected by sensor------------- 
Baggage weighs: 19.34 kg
baggage is on conveyor belt-------
---------baggage detected by sensor------------- 
Baggage weighs: 22.41 kg
baggage is on conveyor belt-------
---------baggage detected by sensor------------- 
Baggage weighs: 20.47 kg
baggage is on conveyor belt-------
---------baggage detected by sensor------------- 
Baggage weighs: 18.81 kg
baggage is on conveyor belt-------
---------baggage detected by sensor------------- 
Baggage weighs: 18.56 kg
baggage is on conveyor belt-------
---------baggage detected by sensor------------- 
Baggage weighs: 17.77 kg
baggage is on conveyor belt-------
---------baggage detected by sensor------------- 
Baggage weighs: 19.32 kg
baggage is on conveyor belt-------
---------baggage detected by sensor------------- 
Baggage weighs: 19.21 kg
baggage is on conveyor belt-------
---------baggage detected by sensor------------- 
Baggage weighs: 19.13 kg
baggage is on conveyor belt-------
---------baggage detected by sensor------------- 
Baggage weighs: 20.39 kg
baggage is on conveyor belt-------
---------baggage detected by sensor------------- 
Baggage weighs: 21.03 kg
baggage is on conveyor belt-------
---------baggage detected by sensor------------- 
Baggage weighs: 20.05 kg
baggage is on conveyor belt-------
---------baggage detected by sensor------------- 
Baggage weighs: 21.92 kg
baggage is on conveyor belt-------
---------baggage detected by sensor------------- 
Baggage weighs: 19.37 kg
baggage is on conveyor belt-------
---------baggage detected by sensor------------- 
Baggage weighs: 20.35 kg
baggage is on conveyor belt-------
---------baggage detected by sensor------------- 
Baggage weighs: 18.73 kg
baggage is on conveyor belt-------
---------baggage detected by sensor------------- 
Baggage weighs: 20.33 kg
baggage is on conveyor belt-------
---------baggage detected by sensor------------- 
Baggage weighs: 22.01 kg
baggage is on conveyor belt-------
---------baggage detected by sensor------------- 
Baggage weighs: 19.27 kg
baggage is on conveyor belt-------
---------baggage detected by sensor------------- 
Baggage weighs: 21.18 kg
baggage is on conveyor belt-------
---------baggage detected by sensor------------- 
Baggage weighs: 17.16 kg
baggage is on conveyor belt-------
---------baggage detected by sensor------------- 
Baggage weighs: 20.04 kg
baggage is on conveyor belt-------
---------baggage detected by sensor------------- 
Baggage weighs: 20.91 kg
baggage is on conveyor belt-------
---------baggage detected by sensor------------- 
Baggage weighs: 20.3 kg
baggage is on conveyor belt-------
---------baggage detected by sensor------------- 
Baggage weighs: 20.38 kg
baggage is on conveyor belt-------
---------baggage detected by sensor------------- 
Baggage weighs: 16.54 kg
baggage is on conveyor belt-------
---------baggage detected by sensor------------- 
Baggage weighs: 18.87 kg
baggage is on conveyor belt-------
---------baggage detected by sensor------------- 
Baggage weighs: 20.22 kg
baggage is on conveyor belt-------
---------baggage detected by sensor------------- 
Baggage weighs: 20.75 kg
baggage is on conveyor belt-------
---------baggage detected by sensor------------- 
Baggage weighs: 17.4 kg
baggage is on conveyor belt-------
---------baggage detected by sensor------------- 
Baggage weighs: 20.27 kg
baggage is on conveyor belt-------
---------baggage detected by sensor------------- 
Baggage weighs: 17.04 kg
baggage is on conveyor belt-------
---------baggage detected by sensor------------- 
Baggage weighs: 19.84 kg
baggage is on conveyor belt-------
---------baggage detected by sensor------------- 
Baggage weighs: 17.34 kg
baggage is on conveyor belt-------
---------baggage detected by sensor------------- 
Baggage weighs: 18.75 kg
baggage is on conveyor belt-------
---------baggage detected by sensor------------- 
Baggage weighs: 19.12 kg
baggage is on conveyor belt-------
---------baggage detected by sensor------------- 
Baggage weighs: 18.29 kg
baggage is on conveyor belt-------
---------baggage detected by sensor------------- 
Baggage weighs: 17.94 kg
baggage is on conveyor belt-------
---------baggage detected by sensor------------- 
Baggage weighs: 19.09 kg
baggage is on conveyor belt-------
---------baggage detected by sensor------------- 
Baggage weighs: 22.39 kg
Seat with ID: 21K has been reserved for you!

BOARDING PASS FOR HOLLIS PERKINS
-----------------------------------------------------------------------------
LUFTHANSA                      vdu37zu86u0dvzw /  Hollis Perkins
Hollis Perkins                                     /  vdu37zu86u0dvzw
FRA   LH2121   E  30.Oct                       /  FRA
HKG                                            /  HKG
SEAT ID: 21K                                   /  LH2121 E 30.Oct
SEQ: 64                                      / GATE: A05   22:00
MAX 1  HANDLUGGAGE/ LUGGAGE
-----------------------------------------------------------------------------
sorry Hollis Perkins we have no voucher for you! Have a nice day!

---------------------------------------------------------------------------------------------------------------
scanning passport with passport id: 4GNX2H522
searching for ticket in fast bag drop database..............
Ticket found for Willie Porter and Flight LH2121
----searching flight seat for Willie Porter---------
Found a seat with ID 22A
Below details were found in database
------------------------------------------
Name: Willie Porter
Flight ID: LH2121
Source: FRA
Destination: HKG
Gate No: A05
Boarding time: 22:00
Ticket ID: fdq0tk19mf7fn8x
Booking Class: E
------------------------------------------

Proceed with check-in for flight LH2121 ?
Type YES to CHECK-IN or NO to cancel CHECK-IN
Willie Porter is deciding whether to check-in or to go back home and sleep............
YES CHECK-IN
Checking you in...............
baggage is on conveyor belt-------
---------baggage detected by sensor------------- 
Baggage weighs: 21.58 kg
baggage is on conveyor belt-------
---------baggage detected by sensor------------- 
Baggage weighs: 20.43 kg
baggage is on conveyor belt-------
---------baggage detected by sensor------------- 
Baggage weighs: 18.47 kg
baggage is on conveyor belt-------
---------baggage detected by sensor------------- 
Baggage weighs: 17.86 kg
baggage is on conveyor belt-------
---------baggage detected by sensor------------- 
Baggage weighs: 18.65 kg
baggage is on conveyor belt-------
---------baggage detected by sensor------------- 
Baggage weighs: 19.27 kg
baggage is on conveyor belt-------
---------baggage detected by sensor------------- 
Baggage weighs: 17.42 kg
baggage is on conveyor belt-------
---------baggage detected by sensor------------- 
Baggage weighs: 19.16 kg
baggage is on conveyor belt-------
---------baggage detected by sensor------------- 
Baggage weighs: 19.52 kg
baggage is on conveyor belt-------
---------baggage detected by sensor------------- 
Baggage weighs: 17.51 kg
baggage is on conveyor belt-------
---------baggage detected by sensor------------- 
Baggage weighs: 17.38 kg
baggage is on conveyor belt-------
---------baggage detected by sensor------------- 
Baggage weighs: 18.67 kg
baggage is on conveyor belt-------
---------baggage detected by sensor------------- 
Baggage weighs: 16.98 kg
baggage is on conveyor belt-------
---------baggage detected by sensor------------- 
Baggage weighs: 21.26 kg
baggage is on conveyor belt-------
---------baggage detected by sensor------------- 
Baggage weighs: 18.3 kg
baggage is on conveyor belt-------
---------baggage detected by sensor------------- 
Baggage weighs: 16.81 kg
baggage is on conveyor belt-------
---------baggage detected by sensor------------- 
Baggage weighs: 20.91 kg
baggage is on conveyor belt-------
---------baggage detected by sensor------------- 
Baggage weighs: 21.21 kg
baggage is on conveyor belt-------
---------baggage detected by sensor------------- 
Baggage weighs: 19.69 kg
baggage is on conveyor belt-------
---------baggage detected by sensor------------- 
Baggage weighs: 18.67 kg
baggage is on conveyor belt-------
---------baggage detected by sensor------------- 
Baggage weighs: 19.12 kg
baggage is on conveyor belt-------
---------baggage detected by sensor------------- 
Baggage weighs: 16.42 kg
baggage is on conveyor belt-------
---------baggage detected by sensor------------- 
Baggage weighs: 19.17 kg
baggage is on conveyor belt-------
---------baggage detected by sensor------------- 
Baggage weighs: 19.0 kg
baggage is on conveyor belt-------
---------baggage detected by sensor------------- 
Baggage weighs: 18.78 kg
baggage is on conveyor belt-------
---------baggage detected by sensor------------- 
Baggage weighs: 20.31 kg
baggage is on conveyor belt-------
---------baggage detected by sensor------------- 
Baggage weighs: 21.25 kg
baggage is on conveyor belt-------
---------baggage detected by sensor------------- 
Baggage weighs: 18.87 kg
baggage is on conveyor belt-------
---------baggage detected by sensor------------- 
Baggage weighs: 16.25 kg
baggage is on conveyor belt-------
---------baggage detected by sensor------------- 
Baggage weighs: 19.94 kg
baggage is on conveyor belt-------
---------baggage detected by sensor------------- 
Baggage weighs: 16.88 kg
baggage is on conveyor belt-------
---------baggage detected by sensor------------- 
Baggage weighs: 18.24 kg
baggage is on conveyor belt-------
---------baggage detected by sensor------------- 
Baggage weighs: 17.16 kg
baggage is on conveyor belt-------
---------baggage detected by sensor------------- 
Baggage weighs: 19.34 kg
baggage is on conveyor belt-------
---------baggage detected by sensor------------- 
Baggage weighs: 22.41 kg
baggage is on conveyor belt-------
---------baggage detected by sensor------------- 
Baggage weighs: 20.47 kg
baggage is on conveyor belt-------
---------baggage detected by sensor------------- 
Baggage weighs: 18.81 kg
baggage is on conveyor belt-------
---------baggage detected by sensor------------- 
Baggage weighs: 18.56 kg
baggage is on conveyor belt-------
---------baggage detected by sensor------------- 
Baggage weighs: 17.77 kg
baggage is on conveyor belt-------
---------baggage detected by sensor------------- 
Baggage weighs: 19.32 kg
baggage is on conveyor belt-------
---------baggage detected by sensor------------- 
Baggage weighs: 19.21 kg
baggage is on conveyor belt-------
---------baggage detected by sensor------------- 
Baggage weighs: 19.13 kg
baggage is on conveyor belt-------
---------baggage detected by sensor------------- 
Baggage weighs: 20.39 kg
baggage is on conveyor belt-------
---------baggage detected by sensor------------- 
Baggage weighs: 21.03 kg
baggage is on conveyor belt-------
---------baggage detected by sensor------------- 
Baggage weighs: 20.05 kg
baggage is on conveyor belt-------
---------baggage detected by sensor------------- 
Baggage weighs: 21.92 kg
baggage is on conveyor belt-------
---------baggage detected by sensor------------- 
Baggage weighs: 19.37 kg
baggage is on conveyor belt-------
---------baggage detected by sensor------------- 
Baggage weighs: 20.35 kg
baggage is on conveyor belt-------
---------baggage detected by sensor------------- 
Baggage weighs: 18.73 kg
baggage is on conveyor belt-------
---------baggage detected by sensor------------- 
Baggage weighs: 20.33 kg
baggage is on conveyor belt-------
---------baggage detected by sensor------------- 
Baggage weighs: 22.01 kg
baggage is on conveyor belt-------
---------baggage detected by sensor------------- 
Baggage weighs: 19.27 kg
baggage is on conveyor belt-------
---------baggage detected by sensor------------- 
Baggage weighs: 21.18 kg
baggage is on conveyor belt-------
---------baggage detected by sensor------------- 
Baggage weighs: 17.16 kg
baggage is on conveyor belt-------
---------baggage detected by sensor------------- 
Baggage weighs: 20.04 kg
baggage is on conveyor belt-------
---------baggage detected by sensor------------- 
Baggage weighs: 20.91 kg
baggage is on conveyor belt-------
---------baggage detected by sensor------------- 
Baggage weighs: 20.3 kg
baggage is on conveyor belt-------
---------baggage detected by sensor------------- 
Baggage weighs: 20.38 kg
baggage is on conveyor belt-------
---------baggage detected by sensor------------- 
Baggage weighs: 16.54 kg
baggage is on conveyor belt-------
---------baggage detected by sensor------------- 
Baggage weighs: 18.87 kg
baggage is on conveyor belt-------
---------baggage detected by sensor------------- 
Baggage weighs: 20.22 kg
baggage is on conveyor belt-------
---------baggage detected by sensor------------- 
Baggage weighs: 20.75 kg
baggage is on conveyor belt-------
---------baggage detected by sensor------------- 
Baggage weighs: 17.4 kg
baggage is on conveyor belt-------
---------baggage detected by sensor------------- 
Baggage weighs: 20.27 kg
baggage is on conveyor belt-------
---------baggage detected by sensor------------- 
Baggage weighs: 17.04 kg
baggage is on conveyor belt-------
---------baggage detected by sensor------------- 
Baggage weighs: 19.84 kg
baggage is on conveyor belt-------
---------baggage detected by sensor------------- 
Baggage weighs: 17.34 kg
baggage is on conveyor belt-------
---------baggage detected by sensor------------- 
Baggage weighs: 18.75 kg
baggage is on conveyor belt-------
---------baggage detected by sensor------------- 
Baggage weighs: 19.12 kg
baggage is on conveyor belt-------
---------baggage detected by sensor------------- 
Baggage weighs: 18.29 kg
baggage is on conveyor belt-------
---------baggage detected by sensor------------- 
Baggage weighs: 17.94 kg
baggage is on conveyor belt-------
---------baggage detected by sensor------------- 
Baggage weighs: 19.09 kg
baggage is on conveyor belt-------
---------baggage detected by sensor------------- 
Baggage weighs: 22.39 kg
baggage is on conveyor belt-------
---------baggage detected by sensor------------- 
Baggage weighs: 21.23 kg
Seat with ID: 22A has been reserved for you!

BOARDING PASS FOR WILLIE PORTER
-----------------------------------------------------------------------------
LUFTHANSA                      fdq0tk19mf7fn8x /  Willie Porter
Willie Porter                                     /  fdq0tk19mf7fn8x
FRA   LH2121   E  30.Oct                       /  FRA
HKG                                            /  HKG
SEAT ID: 22A                                   /  LH2121 E 30.Oct
SEQ: 65                                      / GATE: A05   22:00
MAX 1  HANDLUGGAGE/ LUGGAGE
-----------------------------------------------------------------------------
sorry Willie Porter we have no voucher for you! Have a nice day!

---------------------------------------------------------------------------------------------------------------
scanning passport with passport id: RI5CU0V75
searching for ticket in fast bag drop database..............
Ticket found for Elizabeth Riddle and Flight LH2121
----searching flight seat for Elizabeth Riddle---------
Found a seat with ID 22B
Below details were found in database
------------------------------------------
Name: Elizabeth Riddle
Flight ID: LH2121
Source: FRA
Destination: HKG
Gate No: A05
Boarding time: 22:00
Ticket ID: rmgurp9jb543lox
Booking Class: E
------------------------------------------

Proceed with check-in for flight LH2121 ?
Type YES to CHECK-IN or NO to cancel CHECK-IN
Elizabeth Riddle is deciding whether to check-in or to go back home and sleep............
YES CHECK-IN
Checking you in...............
baggage is on conveyor belt-------
---------baggage detected by sensor------------- 
Baggage weighs: 21.58 kg
baggage is on conveyor belt-------
---------baggage detected by sensor------------- 
Baggage weighs: 20.43 kg
baggage is on conveyor belt-------
---------baggage detected by sensor------------- 
Baggage weighs: 18.47 kg
baggage is on conveyor belt-------
---------baggage detected by sensor------------- 
Baggage weighs: 17.86 kg
baggage is on conveyor belt-------
---------baggage detected by sensor------------- 
Baggage weighs: 18.65 kg
baggage is on conveyor belt-------
---------baggage detected by sensor------------- 
Baggage weighs: 19.27 kg
baggage is on conveyor belt-------
---------baggage detected by sensor------------- 
Baggage weighs: 17.42 kg
baggage is on conveyor belt-------
---------baggage detected by sensor------------- 
Baggage weighs: 19.16 kg
baggage is on conveyor belt-------
---------baggage detected by sensor------------- 
Baggage weighs: 19.52 kg
baggage is on conveyor belt-------
---------baggage detected by sensor------------- 
Baggage weighs: 17.51 kg
baggage is on conveyor belt-------
---------baggage detected by sensor------------- 
Baggage weighs: 17.38 kg
baggage is on conveyor belt-------
---------baggage detected by sensor------------- 
Baggage weighs: 18.67 kg
baggage is on conveyor belt-------
---------baggage detected by sensor------------- 
Baggage weighs: 16.98 kg
baggage is on conveyor belt-------
---------baggage detected by sensor------------- 
Baggage weighs: 21.26 kg
baggage is on conveyor belt-------
---------baggage detected by sensor------------- 
Baggage weighs: 18.3 kg
baggage is on conveyor belt-------
---------baggage detected by sensor------------- 
Baggage weighs: 16.81 kg
baggage is on conveyor belt-------
---------baggage detected by sensor------------- 
Baggage weighs: 20.91 kg
baggage is on conveyor belt-------
---------baggage detected by sensor------------- 
Baggage weighs: 21.21 kg
baggage is on conveyor belt-------
---------baggage detected by sensor------------- 
Baggage weighs: 19.69 kg
baggage is on conveyor belt-------
---------baggage detected by sensor------------- 
Baggage weighs: 18.67 kg
baggage is on conveyor belt-------
---------baggage detected by sensor------------- 
Baggage weighs: 19.12 kg
baggage is on conveyor belt-------
---------baggage detected by sensor------------- 
Baggage weighs: 16.42 kg
baggage is on conveyor belt-------
---------baggage detected by sensor------------- 
Baggage weighs: 19.17 kg
baggage is on conveyor belt-------
---------baggage detected by sensor------------- 
Baggage weighs: 19.0 kg
baggage is on conveyor belt-------
---------baggage detected by sensor------------- 
Baggage weighs: 18.78 kg
baggage is on conveyor belt-------
---------baggage detected by sensor------------- 
Baggage weighs: 20.31 kg
baggage is on conveyor belt-------
---------baggage detected by sensor------------- 
Baggage weighs: 21.25 kg
baggage is on conveyor belt-------
---------baggage detected by sensor------------- 
Baggage weighs: 18.87 kg
baggage is on conveyor belt-------
---------baggage detected by sensor------------- 
Baggage weighs: 16.25 kg
baggage is on conveyor belt-------
---------baggage detected by sensor------------- 
Baggage weighs: 19.94 kg
baggage is on conveyor belt-------
---------baggage detected by sensor------------- 
Baggage weighs: 16.88 kg
baggage is on conveyor belt-------
---------baggage detected by sensor------------- 
Baggage weighs: 18.24 kg
baggage is on conveyor belt-------
---------baggage detected by sensor------------- 
Baggage weighs: 17.16 kg
baggage is on conveyor belt-------
---------baggage detected by sensor------------- 
Baggage weighs: 19.34 kg
baggage is on conveyor belt-------
---------baggage detected by sensor------------- 
Baggage weighs: 22.41 kg
baggage is on conveyor belt-------
---------baggage detected by sensor------------- 
Baggage weighs: 20.47 kg
baggage is on conveyor belt-------
---------baggage detected by sensor------------- 
Baggage weighs: 18.81 kg
baggage is on conveyor belt-------
---------baggage detected by sensor------------- 
Baggage weighs: 18.56 kg
baggage is on conveyor belt-------
---------baggage detected by sensor------------- 
Baggage weighs: 17.77 kg
baggage is on conveyor belt-------
---------baggage detected by sensor------------- 
Baggage weighs: 19.32 kg
baggage is on conveyor belt-------
---------baggage detected by sensor------------- 
Baggage weighs: 19.21 kg
baggage is on conveyor belt-------
---------baggage detected by sensor------------- 
Baggage weighs: 19.13 kg
baggage is on conveyor belt-------
---------baggage detected by sensor------------- 
Baggage weighs: 20.39 kg
baggage is on conveyor belt-------
---------baggage detected by sensor------------- 
Baggage weighs: 21.03 kg
baggage is on conveyor belt-------
---------baggage detected by sensor------------- 
Baggage weighs: 20.05 kg
baggage is on conveyor belt-------
---------baggage detected by sensor------------- 
Baggage weighs: 21.92 kg
baggage is on conveyor belt-------
---------baggage detected by sensor------------- 
Baggage weighs: 19.37 kg
baggage is on conveyor belt-------
---------baggage detected by sensor------------- 
Baggage weighs: 20.35 kg
baggage is on conveyor belt-------
---------baggage detected by sensor------------- 
Baggage weighs: 18.73 kg
baggage is on conveyor belt-------
---------baggage detected by sensor------------- 
Baggage weighs: 20.33 kg
baggage is on conveyor belt-------
---------baggage detected by sensor------------- 
Baggage weighs: 22.01 kg
baggage is on conveyor belt-------
---------baggage detected by sensor------------- 
Baggage weighs: 19.27 kg
baggage is on conveyor belt-------
---------baggage detected by sensor------------- 
Baggage weighs: 21.18 kg
baggage is on conveyor belt-------
---------baggage detected by sensor------------- 
Baggage weighs: 17.16 kg
baggage is on conveyor belt-------
---------baggage detected by sensor------------- 
Baggage weighs: 20.04 kg
baggage is on conveyor belt-------
---------baggage detected by sensor------------- 
Baggage weighs: 20.91 kg
baggage is on conveyor belt-------
---------baggage detected by sensor------------- 
Baggage weighs: 20.3 kg
baggage is on conveyor belt-------
---------baggage detected by sensor------------- 
Baggage weighs: 20.38 kg
baggage is on conveyor belt-------
---------baggage detected by sensor------------- 
Baggage weighs: 16.54 kg
baggage is on conveyor belt-------
---------baggage detected by sensor------------- 
Baggage weighs: 18.87 kg
baggage is on conveyor belt-------
---------baggage detected by sensor------------- 
Baggage weighs: 20.22 kg
baggage is on conveyor belt-------
---------baggage detected by sensor------------- 
Baggage weighs: 20.75 kg
baggage is on conveyor belt-------
---------baggage detected by sensor------------- 
Baggage weighs: 17.4 kg
baggage is on conveyor belt-------
---------baggage detected by sensor------------- 
Baggage weighs: 20.27 kg
baggage is on conveyor belt-------
---------baggage detected by sensor------------- 
Baggage weighs: 17.04 kg
baggage is on conveyor belt-------
---------baggage detected by sensor------------- 
Baggage weighs: 19.84 kg
baggage is on conveyor belt-------
---------baggage detected by sensor------------- 
Baggage weighs: 17.34 kg
baggage is on conveyor belt-------
---------baggage detected by sensor------------- 
Baggage weighs: 18.75 kg
baggage is on conveyor belt-------
---------baggage detected by sensor------------- 
Baggage weighs: 19.12 kg
baggage is on conveyor belt-------
---------baggage detected by sensor------------- 
Baggage weighs: 18.29 kg
baggage is on conveyor belt-------
---------baggage detected by sensor------------- 
Baggage weighs: 17.94 kg
baggage is on conveyor belt-------
---------baggage detected by sensor------------- 
Baggage weighs: 19.09 kg
baggage is on conveyor belt-------
---------baggage detected by sensor------------- 
Baggage weighs: 22.39 kg
baggage is on conveyor belt-------
---------baggage detected by sensor------------- 
Baggage weighs: 21.23 kg
baggage is on conveyor belt-------
---------baggage detected by sensor------------- 
Baggage weighs: 17.56 kg
Seat with ID: 22B has been reserved for you!

BOARDING PASS FOR ELIZABETH RIDDLE
-----------------------------------------------------------------------------
LUFTHANSA                      rmgurp9jb543lox /  Elizabeth Riddle
Elizabeth Riddle                                     /  rmgurp9jb543lox
FRA   LH2121   E  30.Oct                       /  FRA
HKG                                            /  HKG
SEAT ID: 22B                                   /  LH2121 E 30.Oct
SEQ: 66                                      / GATE: A05   22:00
MAX 1  HANDLUGGAGE/ LUGGAGE
-----------------------------------------------------------------------------
sorry Elizabeth Riddle we have no voucher for you! Have a nice day!

---------------------------------------------------------------------------------------------------------------
scanning passport with passport id: TML7FKFS7
searching for ticket in fast bag drop database..............
Ticket found for Joyce Haas and Flight LH2121
----searching flight seat for Joyce Haas---------
Found a seat with ID 22C
Below details were found in database
------------------------------------------
Name: Joyce Haas
Flight ID: LH2121
Source: FRA
Destination: HKG
Gate No: A05
Boarding time: 22:00
Ticket ID: d9skoojxrwyn571
Booking Class: E
------------------------------------------

Proceed with check-in for flight LH2121 ?
Type YES to CHECK-IN or NO to cancel CHECK-IN
Joyce Haas is deciding whether to check-in or to go back home and sleep............
YES CHECK-IN
Checking you in...............
baggage is on conveyor belt-------
---------baggage detected by sensor------------- 
Baggage weighs: 21.58 kg
baggage is on conveyor belt-------
---------baggage detected by sensor------------- 
Baggage weighs: 20.43 kg
baggage is on conveyor belt-------
---------baggage detected by sensor------------- 
Baggage weighs: 18.47 kg
baggage is on conveyor belt-------
---------baggage detected by sensor------------- 
Baggage weighs: 17.86 kg
baggage is on conveyor belt-------
---------baggage detected by sensor------------- 
Baggage weighs: 18.65 kg
baggage is on conveyor belt-------
---------baggage detected by sensor------------- 
Baggage weighs: 19.27 kg
baggage is on conveyor belt-------
---------baggage detected by sensor------------- 
Baggage weighs: 17.42 kg
baggage is on conveyor belt-------
---------baggage detected by sensor------------- 
Baggage weighs: 19.16 kg
baggage is on conveyor belt-------
---------baggage detected by sensor------------- 
Baggage weighs: 19.52 kg
baggage is on conveyor belt-------
---------baggage detected by sensor------------- 
Baggage weighs: 17.51 kg
baggage is on conveyor belt-------
---------baggage detected by sensor------------- 
Baggage weighs: 17.38 kg
baggage is on conveyor belt-------
---------baggage detected by sensor------------- 
Baggage weighs: 18.67 kg
baggage is on conveyor belt-------
---------baggage detected by sensor------------- 
Baggage weighs: 16.98 kg
baggage is on conveyor belt-------
---------baggage detected by sensor------------- 
Baggage weighs: 21.26 kg
baggage is on conveyor belt-------
---------baggage detected by sensor------------- 
Baggage weighs: 18.3 kg
baggage is on conveyor belt-------
---------baggage detected by sensor------------- 
Baggage weighs: 16.81 kg
baggage is on conveyor belt-------
---------baggage detected by sensor------------- 
Baggage weighs: 20.91 kg
baggage is on conveyor belt-------
---------baggage detected by sensor------------- 
Baggage weighs: 21.21 kg
baggage is on conveyor belt-------
---------baggage detected by sensor------------- 
Baggage weighs: 19.69 kg
baggage is on conveyor belt-------
---------baggage detected by sensor------------- 
Baggage weighs: 18.67 kg
baggage is on conveyor belt-------
---------baggage detected by sensor------------- 
Baggage weighs: 19.12 kg
baggage is on conveyor belt-------
---------baggage detected by sensor------------- 
Baggage weighs: 16.42 kg
baggage is on conveyor belt-------
---------baggage detected by sensor------------- 
Baggage weighs: 19.17 kg
baggage is on conveyor belt-------
---------baggage detected by sensor------------- 
Baggage weighs: 19.0 kg
baggage is on conveyor belt-------
---------baggage detected by sensor------------- 
Baggage weighs: 18.78 kg
baggage is on conveyor belt-------
---------baggage detected by sensor------------- 
Baggage weighs: 20.31 kg
baggage is on conveyor belt-------
---------baggage detected by sensor------------- 
Baggage weighs: 21.25 kg
baggage is on conveyor belt-------
---------baggage detected by sensor------------- 
Baggage weighs: 18.87 kg
baggage is on conveyor belt-------
---------baggage detected by sensor------------- 
Baggage weighs: 16.25 kg
baggage is on conveyor belt-------
---------baggage detected by sensor------------- 
Baggage weighs: 19.94 kg
baggage is on conveyor belt-------
---------baggage detected by sensor------------- 
Baggage weighs: 16.88 kg
baggage is on conveyor belt-------
---------baggage detected by sensor------------- 
Baggage weighs: 18.24 kg
baggage is on conveyor belt-------
---------baggage detected by sensor------------- 
Baggage weighs: 17.16 kg
baggage is on conveyor belt-------
---------baggage detected by sensor------------- 
Baggage weighs: 19.34 kg
baggage is on conveyor belt-------
---------baggage detected by sensor------------- 
Baggage weighs: 22.41 kg
baggage is on conveyor belt-------
---------baggage detected by sensor------------- 
Baggage weighs: 20.47 kg
baggage is on conveyor belt-------
---------baggage detected by sensor------------- 
Baggage weighs: 18.81 kg
baggage is on conveyor belt-------
---------baggage detected by sensor------------- 
Baggage weighs: 18.56 kg
baggage is on conveyor belt-------
---------baggage detected by sensor------------- 
Baggage weighs: 17.77 kg
baggage is on conveyor belt-------
---------baggage detected by sensor------------- 
Baggage weighs: 19.32 kg
baggage is on conveyor belt-------
---------baggage detected by sensor------------- 
Baggage weighs: 19.21 kg
baggage is on conveyor belt-------
---------baggage detected by sensor------------- 
Baggage weighs: 19.13 kg
baggage is on conveyor belt-------
---------baggage detected by sensor------------- 
Baggage weighs: 20.39 kg
baggage is on conveyor belt-------
---------baggage detected by sensor------------- 
Baggage weighs: 21.03 kg
baggage is on conveyor belt-------
---------baggage detected by sensor------------- 
Baggage weighs: 20.05 kg
baggage is on conveyor belt-------
---------baggage detected by sensor------------- 
Baggage weighs: 21.92 kg
baggage is on conveyor belt-------
---------baggage detected by sensor------------- 
Baggage weighs: 19.37 kg
baggage is on conveyor belt-------
---------baggage detected by sensor------------- 
Baggage weighs: 20.35 kg
baggage is on conveyor belt-------
---------baggage detected by sensor------------- 
Baggage weighs: 18.73 kg
baggage is on conveyor belt-------
---------baggage detected by sensor------------- 
Baggage weighs: 20.33 kg
baggage is on conveyor belt-------
---------baggage detected by sensor------------- 
Baggage weighs: 22.01 kg
baggage is on conveyor belt-------
---------baggage detected by sensor------------- 
Baggage weighs: 19.27 kg
baggage is on conveyor belt-------
---------baggage detected by sensor------------- 
Baggage weighs: 21.18 kg
baggage is on conveyor belt-------
---------baggage detected by sensor------------- 
Baggage weighs: 17.16 kg
baggage is on conveyor belt-------
---------baggage detected by sensor------------- 
Baggage weighs: 20.04 kg
baggage is on conveyor belt-------
---------baggage detected by sensor------------- 
Baggage weighs: 20.91 kg
baggage is on conveyor belt-------
---------baggage detected by sensor------------- 
Baggage weighs: 20.3 kg
baggage is on conveyor belt-------
---------baggage detected by sensor------------- 
Baggage weighs: 20.38 kg
baggage is on conveyor belt-------
---------baggage detected by sensor------------- 
Baggage weighs: 16.54 kg
baggage is on conveyor belt-------
---------baggage detected by sensor------------- 
Baggage weighs: 18.87 kg
baggage is on conveyor belt-------
---------baggage detected by sensor------------- 
Baggage weighs: 20.22 kg
baggage is on conveyor belt-------
---------baggage detected by sensor------------- 
Baggage weighs: 20.75 kg
baggage is on conveyor belt-------
---------baggage detected by sensor------------- 
Baggage weighs: 17.4 kg
baggage is on conveyor belt-------
---------baggage detected by sensor------------- 
Baggage weighs: 20.27 kg
baggage is on conveyor belt-------
---------baggage detected by sensor------------- 
Baggage weighs: 17.04 kg
baggage is on conveyor belt-------
---------baggage detected by sensor------------- 
Baggage weighs: 19.84 kg
baggage is on conveyor belt-------
---------baggage detected by sensor------------- 
Baggage weighs: 17.34 kg
baggage is on conveyor belt-------
---------baggage detected by sensor------------- 
Baggage weighs: 18.75 kg
baggage is on conveyor belt-------
---------baggage detected by sensor------------- 
Baggage weighs: 19.12 kg
baggage is on conveyor belt-------
---------baggage detected by sensor------------- 
Baggage weighs: 18.29 kg
baggage is on conveyor belt-------
---------baggage detected by sensor------------- 
Baggage weighs: 17.94 kg
baggage is on conveyor belt-------
---------baggage detected by sensor------------- 
Baggage weighs: 19.09 kg
baggage is on conveyor belt-------
---------baggage detected by sensor------------- 
Baggage weighs: 22.39 kg
baggage is on conveyor belt-------
---------baggage detected by sensor------------- 
Baggage weighs: 21.23 kg
baggage is on conveyor belt-------
---------baggage detected by sensor------------- 
Baggage weighs: 17.56 kg
baggage is on conveyor belt-------
---------baggage detected by sensor------------- 
Baggage weighs: 18.37 kg
Seat with ID: 22C has been reserved for you!

BOARDING PASS FOR JOYCE HAAS
-----------------------------------------------------------------------------
LUFTHANSA                      d9skoojxrwyn571 /  Joyce Haas
Joyce Haas                                     /  d9skoojxrwyn571
FRA   LH2121   E  30.Oct                       /  FRA
HKG                                            /  HKG
SEAT ID: 22C                                   /  LH2121 E 30.Oct
SEQ: 67                                      / GATE: A05   22:00
MAX 1  HANDLUGGAGE/ LUGGAGE
-----------------------------------------------------------------------------
sorry Joyce Haas we have no voucher for you! Have a nice day!

---------------------------------------------------------------------------------------------------------------
scanning passport with passport id: G2TR3KVKF
searching for ticket in fast bag drop database..............
Ticket found for Eli Benson and Flight LH2121
----searching flight seat for Eli Benson---------
Found a seat with ID 22D
Below details were found in database
------------------------------------------
Name: Eli Benson
Flight ID: LH2121
Source: FRA
Destination: HKG
Gate No: A05
Boarding time: 22:00
Ticket ID: mif4wuk5b7ja0z7
Booking Class: E
------------------------------------------

Proceed with check-in for flight LH2121 ?
Type YES to CHECK-IN or NO to cancel CHECK-IN
Eli Benson is deciding whether to check-in or to go back home and sleep............
YES CHECK-IN
Checking you in...............
baggage is on conveyor belt-------
---------baggage detected by sensor------------- 
Baggage weighs: 21.58 kg
baggage is on conveyor belt-------
---------baggage detected by sensor------------- 
Baggage weighs: 20.43 kg
baggage is on conveyor belt-------
---------baggage detected by sensor------------- 
Baggage weighs: 18.47 kg
baggage is on conveyor belt-------
---------baggage detected by sensor------------- 
Baggage weighs: 17.86 kg
baggage is on conveyor belt-------
---------baggage detected by sensor------------- 
Baggage weighs: 18.65 kg
baggage is on conveyor belt-------
---------baggage detected by sensor------------- 
Baggage weighs: 19.27 kg
baggage is on conveyor belt-------
---------baggage detected by sensor------------- 
Baggage weighs: 17.42 kg
baggage is on conveyor belt-------
---------baggage detected by sensor------------- 
Baggage weighs: 19.16 kg
baggage is on conveyor belt-------
---------baggage detected by sensor------------- 
Baggage weighs: 19.52 kg
baggage is on conveyor belt-------
---------baggage detected by sensor------------- 
Baggage weighs: 17.51 kg
baggage is on conveyor belt-------
---------baggage detected by sensor------------- 
Baggage weighs: 17.38 kg
baggage is on conveyor belt-------
---------baggage detected by sensor------------- 
Baggage weighs: 18.67 kg
baggage is on conveyor belt-------
---------baggage detected by sensor------------- 
Baggage weighs: 16.98 kg
baggage is on conveyor belt-------
---------baggage detected by sensor------------- 
Baggage weighs: 21.26 kg
baggage is on conveyor belt-------
---------baggage detected by sensor------------- 
Baggage weighs: 18.3 kg
baggage is on conveyor belt-------
---------baggage detected by sensor------------- 
Baggage weighs: 16.81 kg
baggage is on conveyor belt-------
---------baggage detected by sensor------------- 
Baggage weighs: 20.91 kg
baggage is on conveyor belt-------
---------baggage detected by sensor------------- 
Baggage weighs: 21.21 kg
baggage is on conveyor belt-------
---------baggage detected by sensor------------- 
Baggage weighs: 19.69 kg
baggage is on conveyor belt-------
---------baggage detected by sensor------------- 
Baggage weighs: 18.67 kg
baggage is on conveyor belt-------
---------baggage detected by sensor------------- 
Baggage weighs: 19.12 kg
baggage is on conveyor belt-------
---------baggage detected by sensor------------- 
Baggage weighs: 16.42 kg
baggage is on conveyor belt-------
---------baggage detected by sensor------------- 
Baggage weighs: 19.17 kg
baggage is on conveyor belt-------
---------baggage detected by sensor------------- 
Baggage weighs: 19.0 kg
baggage is on conveyor belt-------
---------baggage detected by sensor------------- 
Baggage weighs: 18.78 kg
baggage is on conveyor belt-------
---------baggage detected by sensor------------- 
Baggage weighs: 20.31 kg
baggage is on conveyor belt-------
---------baggage detected by sensor------------- 
Baggage weighs: 21.25 kg
baggage is on conveyor belt-------
---------baggage detected by sensor------------- 
Baggage weighs: 18.87 kg
baggage is on conveyor belt-------
---------baggage detected by sensor------------- 
Baggage weighs: 16.25 kg
baggage is on conveyor belt-------
---------baggage detected by sensor------------- 
Baggage weighs: 19.94 kg
baggage is on conveyor belt-------
---------baggage detected by sensor------------- 
Baggage weighs: 16.88 kg
baggage is on conveyor belt-------
---------baggage detected by sensor------------- 
Baggage weighs: 18.24 kg
baggage is on conveyor belt-------
---------baggage detected by sensor------------- 
Baggage weighs: 17.16 kg
baggage is on conveyor belt-------
---------baggage detected by sensor------------- 
Baggage weighs: 19.34 kg
baggage is on conveyor belt-------
---------baggage detected by sensor------------- 
Baggage weighs: 22.41 kg
baggage is on conveyor belt-------
---------baggage detected by sensor------------- 
Baggage weighs: 20.47 kg
baggage is on conveyor belt-------
---------baggage detected by sensor------------- 
Baggage weighs: 18.81 kg
baggage is on conveyor belt-------
---------baggage detected by sensor------------- 
Baggage weighs: 18.56 kg
baggage is on conveyor belt-------
---------baggage detected by sensor------------- 
Baggage weighs: 17.77 kg
baggage is on conveyor belt-------
---------baggage detected by sensor------------- 
Baggage weighs: 19.32 kg
baggage is on conveyor belt-------
---------baggage detected by sensor------------- 
Baggage weighs: 19.21 kg
baggage is on conveyor belt-------
---------baggage detected by sensor------------- 
Baggage weighs: 19.13 kg
baggage is on conveyor belt-------
---------baggage detected by sensor------------- 
Baggage weighs: 20.39 kg
baggage is on conveyor belt-------
---------baggage detected by sensor------------- 
Baggage weighs: 21.03 kg
baggage is on conveyor belt-------
---------baggage detected by sensor------------- 
Baggage weighs: 20.05 kg
baggage is on conveyor belt-------
---------baggage detected by sensor------------- 
Baggage weighs: 21.92 kg
baggage is on conveyor belt-------
---------baggage detected by sensor------------- 
Baggage weighs: 19.37 kg
baggage is on conveyor belt-------
---------baggage detected by sensor------------- 
Baggage weighs: 20.35 kg
baggage is on conveyor belt-------
---------baggage detected by sensor------------- 
Baggage weighs: 18.73 kg
baggage is on conveyor belt-------
---------baggage detected by sensor------------- 
Baggage weighs: 20.33 kg
baggage is on conveyor belt-------
---------baggage detected by sensor------------- 
Baggage weighs: 22.01 kg
baggage is on conveyor belt-------
---------baggage detected by sensor------------- 
Baggage weighs: 19.27 kg
baggage is on conveyor belt-------
---------baggage detected by sensor------------- 
Baggage weighs: 21.18 kg
baggage is on conveyor belt-------
---------baggage detected by sensor------------- 
Baggage weighs: 17.16 kg
baggage is on conveyor belt-------
---------baggage detected by sensor------------- 
Baggage weighs: 20.04 kg
baggage is on conveyor belt-------
---------baggage detected by sensor------------- 
Baggage weighs: 20.91 kg
baggage is on conveyor belt-------
---------baggage detected by sensor------------- 
Baggage weighs: 20.3 kg
baggage is on conveyor belt-------
---------baggage detected by sensor------------- 
Baggage weighs: 20.38 kg
baggage is on conveyor belt-------
---------baggage detected by sensor------------- 
Baggage weighs: 16.54 kg
baggage is on conveyor belt-------
---------baggage detected by sensor------------- 
Baggage weighs: 18.87 kg
baggage is on conveyor belt-------
---------baggage detected by sensor------------- 
Baggage weighs: 20.22 kg
baggage is on conveyor belt-------
---------baggage detected by sensor------------- 
Baggage weighs: 20.75 kg
baggage is on conveyor belt-------
---------baggage detected by sensor------------- 
Baggage weighs: 17.4 kg
baggage is on conveyor belt-------
---------baggage detected by sensor------------- 
Baggage weighs: 20.27 kg
baggage is on conveyor belt-------
---------baggage detected by sensor------------- 
Baggage weighs: 17.04 kg
baggage is on conveyor belt-------
---------baggage detected by sensor------------- 
Baggage weighs: 19.84 kg
baggage is on conveyor belt-------
---------baggage detected by sensor------------- 
Baggage weighs: 17.34 kg
baggage is on conveyor belt-------
---------baggage detected by sensor------------- 
Baggage weighs: 18.75 kg
baggage is on conveyor belt-------
---------baggage detected by sensor------------- 
Baggage weighs: 19.12 kg
baggage is on conveyor belt-------
---------baggage detected by sensor------------- 
Baggage weighs: 18.29 kg
baggage is on conveyor belt-------
---------baggage detected by sensor------------- 
Baggage weighs: 17.94 kg
baggage is on conveyor belt-------
---------baggage detected by sensor------------- 
Baggage weighs: 19.09 kg
baggage is on conveyor belt-------
---------baggage detected by sensor------------- 
Baggage weighs: 22.39 kg
baggage is on conveyor belt-------
---------baggage detected by sensor------------- 
Baggage weighs: 21.23 kg
baggage is on conveyor belt-------
---------baggage detected by sensor------------- 
Baggage weighs: 17.56 kg
baggage is on conveyor belt-------
---------baggage detected by sensor------------- 
Baggage weighs: 18.37 kg
baggage is on conveyor belt-------
---------baggage detected by sensor------------- 
Baggage weighs: 21.4 kg
Seat with ID: 22D has been reserved for you!

BOARDING PASS FOR ELI BENSON
-----------------------------------------------------------------------------
LUFTHANSA                      mif4wuk5b7ja0z7 /  Eli Benson
Eli Benson                                     /  mif4wuk5b7ja0z7
FRA   LH2121   E  30.Oct                       /  FRA
HKG                                            /  HKG
SEAT ID: 22D                                   /  LH2121 E 30.Oct
SEQ: 68                                      / GATE: A05   22:00
MAX 1  HANDLUGGAGE/ LUGGAGE
-----------------------------------------------------------------------------
sorry Eli Benson we have no voucher for you! Have a nice day!

---------------------------------------------------------------------------------------------------------------
scanning passport with passport id: JQUGC6W7A
searching for ticket in fast bag drop database..............
Ticket found for Kermit Randolph and Flight LH2121
----searching flight seat for Kermit Randolph---------
Found a seat with ID 22E
Below details were found in database
------------------------------------------
Name: Kermit Randolph
Flight ID: LH2121
Source: FRA
Destination: HKG
Gate No: A05
Boarding time: 22:00
Ticket ID: 3a2m635do82ty4k
Booking Class: E
------------------------------------------

Proceed with check-in for flight LH2121 ?
Type YES to CHECK-IN or NO to cancel CHECK-IN
Kermit Randolph is deciding whether to check-in or to go back home and sleep............
YES CHECK-IN
Checking you in...............
baggage is on conveyor belt-------
---------baggage detected by sensor------------- 
Baggage weighs: 21.58 kg
baggage is on conveyor belt-------
---------baggage detected by sensor------------- 
Baggage weighs: 20.43 kg
baggage is on conveyor belt-------
---------baggage detected by sensor------------- 
Baggage weighs: 18.47 kg
baggage is on conveyor belt-------
---------baggage detected by sensor------------- 
Baggage weighs: 17.86 kg
baggage is on conveyor belt-------
---------baggage detected by sensor------------- 
Baggage weighs: 18.65 kg
baggage is on conveyor belt-------
---------baggage detected by sensor------------- 
Baggage weighs: 19.27 kg
baggage is on conveyor belt-------
---------baggage detected by sensor------------- 
Baggage weighs: 17.42 kg
baggage is on conveyor belt-------
---------baggage detected by sensor------------- 
Baggage weighs: 19.16 kg
baggage is on conveyor belt-------
---------baggage detected by sensor------------- 
Baggage weighs: 19.52 kg
baggage is on conveyor belt-------
---------baggage detected by sensor------------- 
Baggage weighs: 17.51 kg
baggage is on conveyor belt-------
---------baggage detected by sensor------------- 
Baggage weighs: 17.38 kg
baggage is on conveyor belt-------
---------baggage detected by sensor------------- 
Baggage weighs: 18.67 kg
baggage is on conveyor belt-------
---------baggage detected by sensor------------- 
Baggage weighs: 16.98 kg
baggage is on conveyor belt-------
---------baggage detected by sensor------------- 
Baggage weighs: 21.26 kg
baggage is on conveyor belt-------
---------baggage detected by sensor------------- 
Baggage weighs: 18.3 kg
baggage is on conveyor belt-------
---------baggage detected by sensor------------- 
Baggage weighs: 16.81 kg
baggage is on conveyor belt-------
---------baggage detected by sensor------------- 
Baggage weighs: 20.91 kg
baggage is on conveyor belt-------
---------baggage detected by sensor------------- 
Baggage weighs: 21.21 kg
baggage is on conveyor belt-------
---------baggage detected by sensor------------- 
Baggage weighs: 19.69 kg
baggage is on conveyor belt-------
---------baggage detected by sensor------------- 
Baggage weighs: 18.67 kg
baggage is on conveyor belt-------
---------baggage detected by sensor------------- 
Baggage weighs: 19.12 kg
baggage is on conveyor belt-------
---------baggage detected by sensor------------- 
Baggage weighs: 16.42 kg
baggage is on conveyor belt-------
---------baggage detected by sensor------------- 
Baggage weighs: 19.17 kg
baggage is on conveyor belt-------
---------baggage detected by sensor------------- 
Baggage weighs: 19.0 kg
baggage is on conveyor belt-------
---------baggage detected by sensor------------- 
Baggage weighs: 18.78 kg
baggage is on conveyor belt-------
---------baggage detected by sensor------------- 
Baggage weighs: 20.31 kg
baggage is on conveyor belt-------
---------baggage detected by sensor------------- 
Baggage weighs: 21.25 kg
baggage is on conveyor belt-------
---------baggage detected by sensor------------- 
Baggage weighs: 18.87 kg
baggage is on conveyor belt-------
---------baggage detected by sensor------------- 
Baggage weighs: 16.25 kg
baggage is on conveyor belt-------
---------baggage detected by sensor------------- 
Baggage weighs: 19.94 kg
baggage is on conveyor belt-------
---------baggage detected by sensor------------- 
Baggage weighs: 16.88 kg
baggage is on conveyor belt-------
---------baggage detected by sensor------------- 
Baggage weighs: 18.24 kg
baggage is on conveyor belt-------
---------baggage detected by sensor------------- 
Baggage weighs: 17.16 kg
baggage is on conveyor belt-------
---------baggage detected by sensor------------- 
Baggage weighs: 19.34 kg
baggage is on conveyor belt-------
---------baggage detected by sensor------------- 
Baggage weighs: 22.41 kg
baggage is on conveyor belt-------
---------baggage detected by sensor------------- 
Baggage weighs: 20.47 kg
baggage is on conveyor belt-------
---------baggage detected by sensor------------- 
Baggage weighs: 18.81 kg
baggage is on conveyor belt-------
---------baggage detected by sensor------------- 
Baggage weighs: 18.56 kg
baggage is on conveyor belt-------
---------baggage detected by sensor------------- 
Baggage weighs: 17.77 kg
baggage is on conveyor belt-------
---------baggage detected by sensor------------- 
Baggage weighs: 19.32 kg
baggage is on conveyor belt-------
---------baggage detected by sensor------------- 
Baggage weighs: 19.21 kg
baggage is on conveyor belt-------
---------baggage detected by sensor------------- 
Baggage weighs: 19.13 kg
baggage is on conveyor belt-------
---------baggage detected by sensor------------- 
Baggage weighs: 20.39 kg
baggage is on conveyor belt-------
---------baggage detected by sensor------------- 
Baggage weighs: 21.03 kg
baggage is on conveyor belt-------
---------baggage detected by sensor------------- 
Baggage weighs: 20.05 kg
baggage is on conveyor belt-------
---------baggage detected by sensor------------- 
Baggage weighs: 21.92 kg
baggage is on conveyor belt-------
---------baggage detected by sensor------------- 
Baggage weighs: 19.37 kg
baggage is on conveyor belt-------
---------baggage detected by sensor------------- 
Baggage weighs: 20.35 kg
baggage is on conveyor belt-------
---------baggage detected by sensor------------- 
Baggage weighs: 18.73 kg
baggage is on conveyor belt-------
---------baggage detected by sensor------------- 
Baggage weighs: 20.33 kg
baggage is on conveyor belt-------
---------baggage detected by sensor------------- 
Baggage weighs: 22.01 kg
baggage is on conveyor belt-------
---------baggage detected by sensor------------- 
Baggage weighs: 19.27 kg
baggage is on conveyor belt-------
---------baggage detected by sensor------------- 
Baggage weighs: 21.18 kg
baggage is on conveyor belt-------
---------baggage detected by sensor------------- 
Baggage weighs: 17.16 kg
baggage is on conveyor belt-------
---------baggage detected by sensor------------- 
Baggage weighs: 20.04 kg
baggage is on conveyor belt-------
---------baggage detected by sensor------------- 
Baggage weighs: 20.91 kg
baggage is on conveyor belt-------
---------baggage detected by sensor------------- 
Baggage weighs: 20.3 kg
baggage is on conveyor belt-------
---------baggage detected by sensor------------- 
Baggage weighs: 20.38 kg
baggage is on conveyor belt-------
---------baggage detected by sensor------------- 
Baggage weighs: 16.54 kg
baggage is on conveyor belt-------
---------baggage detected by sensor------------- 
Baggage weighs: 18.87 kg
baggage is on conveyor belt-------
---------baggage detected by sensor------------- 
Baggage weighs: 20.22 kg
baggage is on conveyor belt-------
---------baggage detected by sensor------------- 
Baggage weighs: 20.75 kg
baggage is on conveyor belt-------
---------baggage detected by sensor------------- 
Baggage weighs: 17.4 kg
baggage is on conveyor belt-------
---------baggage detected by sensor------------- 
Baggage weighs: 20.27 kg
baggage is on conveyor belt-------
---------baggage detected by sensor------------- 
Baggage weighs: 17.04 kg
baggage is on conveyor belt-------
---------baggage detected by sensor------------- 
Baggage weighs: 19.84 kg
baggage is on conveyor belt-------
---------baggage detected by sensor------------- 
Baggage weighs: 17.34 kg
baggage is on conveyor belt-------
---------baggage detected by sensor------------- 
Baggage weighs: 18.75 kg
baggage is on conveyor belt-------
---------baggage detected by sensor------------- 
Baggage weighs: 19.12 kg
baggage is on conveyor belt-------
---------baggage detected by sensor------------- 
Baggage weighs: 18.29 kg
baggage is on conveyor belt-------
---------baggage detected by sensor------------- 
Baggage weighs: 17.94 kg
baggage is on conveyor belt-------
---------baggage detected by sensor------------- 
Baggage weighs: 19.09 kg
baggage is on conveyor belt-------
---------baggage detected by sensor------------- 
Baggage weighs: 22.39 kg
baggage is on conveyor belt-------
---------baggage detected by sensor------------- 
Baggage weighs: 21.23 kg
baggage is on conveyor belt-------
---------baggage detected by sensor------------- 
Baggage weighs: 17.56 kg
baggage is on conveyor belt-------
---------baggage detected by sensor------------- 
Baggage weighs: 18.37 kg
baggage is on conveyor belt-------
---------baggage detected by sensor------------- 
Baggage weighs: 21.4 kg
baggage is on conveyor belt-------
---------baggage detected by sensor------------- 
Baggage weighs: 20.25 kg
Seat with ID: 22E has been reserved for you!

BOARDING PASS FOR KERMIT RANDOLPH
-----------------------------------------------------------------------------
LUFTHANSA                      3a2m635do82ty4k /  Kermit Randolph
Kermit Randolph                                     /  3a2m635do82ty4k
FRA   LH2121   E  30.Oct                       /  FRA
HKG                                            /  HKG
SEAT ID: 22E                                   /  LH2121 E 30.Oct
SEQ: 69                                      / GATE: A05   22:00
MAX 1  HANDLUGGAGE/ LUGGAGE
-----------------------------------------------------------------------------
sorry Kermit Randolph we have no voucher for you! Have a nice day!

---------------------------------------------------------------------------------------------------------------
scanning passport with passport id: A6EI1F42S
searching for ticket in fast bag drop database..............
Ticket found for Antonia Hawkins and Flight LH2121
----searching flight seat for Antonia Hawkins---------
Found a seat with ID 22G
Below details were found in database
------------------------------------------
Name: Antonia Hawkins
Flight ID: LH2121
Source: FRA
Destination: HKG
Gate No: A05
Boarding time: 22:00
Ticket ID: a4nrrepzvfdtwnx
Booking Class: E
------------------------------------------

Proceed with check-in for flight LH2121 ?
Type YES to CHECK-IN or NO to cancel CHECK-IN
Antonia Hawkins is deciding whether to check-in or to go back home and sleep............
YES CHECK-IN
Checking you in...............
baggage is on conveyor belt-------
---------baggage detected by sensor------------- 
Baggage weighs: 21.58 kg
baggage is on conveyor belt-------
---------baggage detected by sensor------------- 
Baggage weighs: 20.43 kg
baggage is on conveyor belt-------
---------baggage detected by sensor------------- 
Baggage weighs: 18.47 kg
baggage is on conveyor belt-------
---------baggage detected by sensor------------- 
Baggage weighs: 17.86 kg
baggage is on conveyor belt-------
---------baggage detected by sensor------------- 
Baggage weighs: 18.65 kg
baggage is on conveyor belt-------
---------baggage detected by sensor------------- 
Baggage weighs: 19.27 kg
baggage is on conveyor belt-------
---------baggage detected by sensor------------- 
Baggage weighs: 17.42 kg
baggage is on conveyor belt-------
---------baggage detected by sensor------------- 
Baggage weighs: 19.16 kg
baggage is on conveyor belt-------
---------baggage detected by sensor------------- 
Baggage weighs: 19.52 kg
baggage is on conveyor belt-------
---------baggage detected by sensor------------- 
Baggage weighs: 17.51 kg
baggage is on conveyor belt-------
---------baggage detected by sensor------------- 
Baggage weighs: 17.38 kg
baggage is on conveyor belt-------
---------baggage detected by sensor------------- 
Baggage weighs: 18.67 kg
baggage is on conveyor belt-------
---------baggage detected by sensor------------- 
Baggage weighs: 16.98 kg
baggage is on conveyor belt-------
---------baggage detected by sensor------------- 
Baggage weighs: 21.26 kg
baggage is on conveyor belt-------
---------baggage detected by sensor------------- 
Baggage weighs: 18.3 kg
baggage is on conveyor belt-------
---------baggage detected by sensor------------- 
Baggage weighs: 16.81 kg
baggage is on conveyor belt-------
---------baggage detected by sensor------------- 
Baggage weighs: 20.91 kg
baggage is on conveyor belt-------
---------baggage detected by sensor------------- 
Baggage weighs: 21.21 kg
baggage is on conveyor belt-------
---------baggage detected by sensor------------- 
Baggage weighs: 19.69 kg
baggage is on conveyor belt-------
---------baggage detected by sensor------------- 
Baggage weighs: 18.67 kg
baggage is on conveyor belt-------
---------baggage detected by sensor------------- 
Baggage weighs: 19.12 kg
baggage is on conveyor belt-------
---------baggage detected by sensor------------- 
Baggage weighs: 16.42 kg
baggage is on conveyor belt-------
---------baggage detected by sensor------------- 
Baggage weighs: 19.17 kg
baggage is on conveyor belt-------
---------baggage detected by sensor------------- 
Baggage weighs: 19.0 kg
baggage is on conveyor belt-------
---------baggage detected by sensor------------- 
Baggage weighs: 18.78 kg
baggage is on conveyor belt-------
---------baggage detected by sensor------------- 
Baggage weighs: 20.31 kg
baggage is on conveyor belt-------
---------baggage detected by sensor------------- 
Baggage weighs: 21.25 kg
baggage is on conveyor belt-------
---------baggage detected by sensor------------- 
Baggage weighs: 18.87 kg
baggage is on conveyor belt-------
---------baggage detected by sensor------------- 
Baggage weighs: 16.25 kg
baggage is on conveyor belt-------
---------baggage detected by sensor------------- 
Baggage weighs: 19.94 kg
baggage is on conveyor belt-------
---------baggage detected by sensor------------- 
Baggage weighs: 16.88 kg
baggage is on conveyor belt-------
---------baggage detected by sensor------------- 
Baggage weighs: 18.24 kg
baggage is on conveyor belt-------
---------baggage detected by sensor------------- 
Baggage weighs: 17.16 kg
baggage is on conveyor belt-------
---------baggage detected by sensor------------- 
Baggage weighs: 19.34 kg
baggage is on conveyor belt-------
---------baggage detected by sensor------------- 
Baggage weighs: 22.41 kg
baggage is on conveyor belt-------
---------baggage detected by sensor------------- 
Baggage weighs: 20.47 kg
baggage is on conveyor belt-------
---------baggage detected by sensor------------- 
Baggage weighs: 18.81 kg
baggage is on conveyor belt-------
---------baggage detected by sensor------------- 
Baggage weighs: 18.56 kg
baggage is on conveyor belt-------
---------baggage detected by sensor------------- 
Baggage weighs: 17.77 kg
baggage is on conveyor belt-------
---------baggage detected by sensor------------- 
Baggage weighs: 19.32 kg
baggage is on conveyor belt-------
---------baggage detected by sensor------------- 
Baggage weighs: 19.21 kg
baggage is on conveyor belt-------
---------baggage detected by sensor------------- 
Baggage weighs: 19.13 kg
baggage is on conveyor belt-------
---------baggage detected by sensor------------- 
Baggage weighs: 20.39 kg
baggage is on conveyor belt-------
---------baggage detected by sensor------------- 
Baggage weighs: 21.03 kg
baggage is on conveyor belt-------
---------baggage detected by sensor------------- 
Baggage weighs: 20.05 kg
baggage is on conveyor belt-------
---------baggage detected by sensor------------- 
Baggage weighs: 21.92 kg
baggage is on conveyor belt-------
---------baggage detected by sensor------------- 
Baggage weighs: 19.37 kg
baggage is on conveyor belt-------
---------baggage detected by sensor------------- 
Baggage weighs: 20.35 kg
baggage is on conveyor belt-------
---------baggage detected by sensor------------- 
Baggage weighs: 18.73 kg
baggage is on conveyor belt-------
---------baggage detected by sensor------------- 
Baggage weighs: 20.33 kg
baggage is on conveyor belt-------
---------baggage detected by sensor------------- 
Baggage weighs: 22.01 kg
baggage is on conveyor belt-------
---------baggage detected by sensor------------- 
Baggage weighs: 19.27 kg
baggage is on conveyor belt-------
---------baggage detected by sensor------------- 
Baggage weighs: 21.18 kg
baggage is on conveyor belt-------
---------baggage detected by sensor------------- 
Baggage weighs: 17.16 kg
baggage is on conveyor belt-------
---------baggage detected by sensor------------- 
Baggage weighs: 20.04 kg
baggage is on conveyor belt-------
---------baggage detected by sensor------------- 
Baggage weighs: 20.91 kg
baggage is on conveyor belt-------
---------baggage detected by sensor------------- 
Baggage weighs: 20.3 kg
baggage is on conveyor belt-------
---------baggage detected by sensor------------- 
Baggage weighs: 20.38 kg
baggage is on conveyor belt-------
---------baggage detected by sensor------------- 
Baggage weighs: 16.54 kg
baggage is on conveyor belt-------
---------baggage detected by sensor------------- 
Baggage weighs: 18.87 kg
baggage is on conveyor belt-------
---------baggage detected by sensor------------- 
Baggage weighs: 20.22 kg
baggage is on conveyor belt-------
---------baggage detected by sensor------------- 
Baggage weighs: 20.75 kg
baggage is on conveyor belt-------
---------baggage detected by sensor------------- 
Baggage weighs: 17.4 kg
baggage is on conveyor belt-------
---------baggage detected by sensor------------- 
Baggage weighs: 20.27 kg
baggage is on conveyor belt-------
---------baggage detected by sensor------------- 
Baggage weighs: 17.04 kg
baggage is on conveyor belt-------
---------baggage detected by sensor------------- 
Baggage weighs: 19.84 kg
baggage is on conveyor belt-------
---------baggage detected by sensor------------- 
Baggage weighs: 17.34 kg
baggage is on conveyor belt-------
---------baggage detected by sensor------------- 
Baggage weighs: 18.75 kg
baggage is on conveyor belt-------
---------baggage detected by sensor------------- 
Baggage weighs: 19.12 kg
baggage is on conveyor belt-------
---------baggage detected by sensor------------- 
Baggage weighs: 18.29 kg
baggage is on conveyor belt-------
---------baggage detected by sensor------------- 
Baggage weighs: 17.94 kg
baggage is on conveyor belt-------
---------baggage detected by sensor------------- 
Baggage weighs: 19.09 kg
baggage is on conveyor belt-------
---------baggage detected by sensor------------- 
Baggage weighs: 22.39 kg
baggage is on conveyor belt-------
---------baggage detected by sensor------------- 
Baggage weighs: 21.23 kg
baggage is on conveyor belt-------
---------baggage detected by sensor------------- 
Baggage weighs: 17.56 kg
baggage is on conveyor belt-------
---------baggage detected by sensor------------- 
Baggage weighs: 18.37 kg
baggage is on conveyor belt-------
---------baggage detected by sensor------------- 
Baggage weighs: 21.4 kg
baggage is on conveyor belt-------
---------baggage detected by sensor------------- 
Baggage weighs: 20.25 kg
baggage is on conveyor belt-------
---------baggage detected by sensor------------- 
Baggage weighs: 23.0 kg
Seat with ID: 22G has been reserved for you!

BOARDING PASS FOR ANTONIA HAWKINS
-----------------------------------------------------------------------------
LUFTHANSA                      a4nrrepzvfdtwnx /  Antonia Hawkins
Antonia Hawkins                                     /  a4nrrepzvfdtwnx
FRA   LH2121   E  30.Oct                       /  FRA
HKG                                            /  HKG
SEAT ID: 22G                                   /  LH2121 E 30.Oct
SEQ: 70                                      / GATE: A05   22:00
MAX 1  HANDLUGGAGE/ LUGGAGE
-----------------------------------------------------------------------------
sorry Antonia Hawkins we have no voucher for you! Have a nice day!

---------------------------------------------------------------------------------------------------------------
scanning passport with passport id: WR3FP64X3
searching for ticket in fast bag drop database..............
Ticket found for Ward Suarez and Flight LH2121
----searching flight seat for Ward Suarez---------
Found a seat with ID 22H
Below details were found in database
------------------------------------------
Name: Ward Suarez
Flight ID: LH2121
Source: FRA
Destination: HKG
Gate No: A05
Boarding time: 22:00
Ticket ID: 1cdwaqjsckzfyik
Booking Class: E
------------------------------------------

Proceed with check-in for flight LH2121 ?
Type YES to CHECK-IN or NO to cancel CHECK-IN
Ward Suarez is deciding whether to check-in or to go back home and sleep............
YES CHECK-IN
Checking you in...............
baggage is on conveyor belt-------
---------baggage detected by sensor------------- 
Baggage weighs: 21.58 kg
baggage is on conveyor belt-------
---------baggage detected by sensor------------- 
Baggage weighs: 20.43 kg
baggage is on conveyor belt-------
---------baggage detected by sensor------------- 
Baggage weighs: 18.47 kg
baggage is on conveyor belt-------
---------baggage detected by sensor------------- 
Baggage weighs: 17.86 kg
baggage is on conveyor belt-------
---------baggage detected by sensor------------- 
Baggage weighs: 18.65 kg
baggage is on conveyor belt-------
---------baggage detected by sensor------------- 
Baggage weighs: 19.27 kg
baggage is on conveyor belt-------
---------baggage detected by sensor------------- 
Baggage weighs: 17.42 kg
baggage is on conveyor belt-------
---------baggage detected by sensor------------- 
Baggage weighs: 19.16 kg
baggage is on conveyor belt-------
---------baggage detected by sensor------------- 
Baggage weighs: 19.52 kg
baggage is on conveyor belt-------
---------baggage detected by sensor------------- 
Baggage weighs: 17.51 kg
baggage is on conveyor belt-------
---------baggage detected by sensor------------- 
Baggage weighs: 17.38 kg
baggage is on conveyor belt-------
---------baggage detected by sensor------------- 
Baggage weighs: 18.67 kg
baggage is on conveyor belt-------
---------baggage detected by sensor------------- 
Baggage weighs: 16.98 kg
baggage is on conveyor belt-------
---------baggage detected by sensor------------- 
Baggage weighs: 21.26 kg
baggage is on conveyor belt-------
---------baggage detected by sensor------------- 
Baggage weighs: 18.3 kg
baggage is on conveyor belt-------
---------baggage detected by sensor------------- 
Baggage weighs: 16.81 kg
baggage is on conveyor belt-------
---------baggage detected by sensor------------- 
Baggage weighs: 20.91 kg
baggage is on conveyor belt-------
---------baggage detected by sensor------------- 
Baggage weighs: 21.21 kg
baggage is on conveyor belt-------
---------baggage detected by sensor------------- 
Baggage weighs: 19.69 kg
baggage is on conveyor belt-------
---------baggage detected by sensor------------- 
Baggage weighs: 18.67 kg
baggage is on conveyor belt-------
---------baggage detected by sensor------------- 
Baggage weighs: 19.12 kg
baggage is on conveyor belt-------
---------baggage detected by sensor------------- 
Baggage weighs: 16.42 kg
baggage is on conveyor belt-------
---------baggage detected by sensor------------- 
Baggage weighs: 19.17 kg
baggage is on conveyor belt-------
---------baggage detected by sensor------------- 
Baggage weighs: 19.0 kg
baggage is on conveyor belt-------
---------baggage detected by sensor------------- 
Baggage weighs: 18.78 kg
baggage is on conveyor belt-------
---------baggage detected by sensor------------- 
Baggage weighs: 20.31 kg
baggage is on conveyor belt-------
---------baggage detected by sensor------------- 
Baggage weighs: 21.25 kg
baggage is on conveyor belt-------
---------baggage detected by sensor------------- 
Baggage weighs: 18.87 kg
baggage is on conveyor belt-------
---------baggage detected by sensor------------- 
Baggage weighs: 16.25 kg
baggage is on conveyor belt-------
---------baggage detected by sensor------------- 
Baggage weighs: 19.94 kg
baggage is on conveyor belt-------
---------baggage detected by sensor------------- 
Baggage weighs: 16.88 kg
baggage is on conveyor belt-------
---------baggage detected by sensor------------- 
Baggage weighs: 18.24 kg
baggage is on conveyor belt-------
---------baggage detected by sensor------------- 
Baggage weighs: 17.16 kg
baggage is on conveyor belt-------
---------baggage detected by sensor------------- 
Baggage weighs: 19.34 kg
baggage is on conveyor belt-------
---------baggage detected by sensor------------- 
Baggage weighs: 22.41 kg
baggage is on conveyor belt-------
---------baggage detected by sensor------------- 
Baggage weighs: 20.47 kg
baggage is on conveyor belt-------
---------baggage detected by sensor------------- 
Baggage weighs: 18.81 kg
baggage is on conveyor belt-------
---------baggage detected by sensor------------- 
Baggage weighs: 18.56 kg
baggage is on conveyor belt-------
---------baggage detected by sensor------------- 
Baggage weighs: 17.77 kg
baggage is on conveyor belt-------
---------baggage detected by sensor------------- 
Baggage weighs: 19.32 kg
baggage is on conveyor belt-------
---------baggage detected by sensor------------- 
Baggage weighs: 19.21 kg
baggage is on conveyor belt-------
---------baggage detected by sensor------------- 
Baggage weighs: 19.13 kg
baggage is on conveyor belt-------
---------baggage detected by sensor------------- 
Baggage weighs: 20.39 kg
baggage is on conveyor belt-------
---------baggage detected by sensor------------- 
Baggage weighs: 21.03 kg
baggage is on conveyor belt-------
---------baggage detected by sensor------------- 
Baggage weighs: 20.05 kg
baggage is on conveyor belt-------
---------baggage detected by sensor------------- 
Baggage weighs: 21.92 kg
baggage is on conveyor belt-------
---------baggage detected by sensor------------- 
Baggage weighs: 19.37 kg
baggage is on conveyor belt-------
---------baggage detected by sensor------------- 
Baggage weighs: 20.35 kg
baggage is on conveyor belt-------
---------baggage detected by sensor------------- 
Baggage weighs: 18.73 kg
baggage is on conveyor belt-------
---------baggage detected by sensor------------- 
Baggage weighs: 20.33 kg
baggage is on conveyor belt-------
---------baggage detected by sensor------------- 
Baggage weighs: 22.01 kg
baggage is on conveyor belt-------
---------baggage detected by sensor------------- 
Baggage weighs: 19.27 kg
baggage is on conveyor belt-------
---------baggage detected by sensor------------- 
Baggage weighs: 21.18 kg
baggage is on conveyor belt-------
---------baggage detected by sensor------------- 
Baggage weighs: 17.16 kg
baggage is on conveyor belt-------
---------baggage detected by sensor------------- 
Baggage weighs: 20.04 kg
baggage is on conveyor belt-------
---------baggage detected by sensor------------- 
Baggage weighs: 20.91 kg
baggage is on conveyor belt-------
---------baggage detected by sensor------------- 
Baggage weighs: 20.3 kg
baggage is on conveyor belt-------
---------baggage detected by sensor------------- 
Baggage weighs: 20.38 kg
baggage is on conveyor belt-------
---------baggage detected by sensor------------- 
Baggage weighs: 16.54 kg
baggage is on conveyor belt-------
---------baggage detected by sensor------------- 
Baggage weighs: 18.87 kg
baggage is on conveyor belt-------
---------baggage detected by sensor------------- 
Baggage weighs: 20.22 kg
baggage is on conveyor belt-------
---------baggage detected by sensor------------- 
Baggage weighs: 20.75 kg
baggage is on conveyor belt-------
---------baggage detected by sensor------------- 
Baggage weighs: 17.4 kg
baggage is on conveyor belt-------
---------baggage detected by sensor------------- 
Baggage weighs: 20.27 kg
baggage is on conveyor belt-------
---------baggage detected by sensor------------- 
Baggage weighs: 17.04 kg
baggage is on conveyor belt-------
---------baggage detected by sensor------------- 
Baggage weighs: 19.84 kg
baggage is on conveyor belt-------
---------baggage detected by sensor------------- 
Baggage weighs: 17.34 kg
baggage is on conveyor belt-------
---------baggage detected by sensor------------- 
Baggage weighs: 18.75 kg
baggage is on conveyor belt-------
---------baggage detected by sensor------------- 
Baggage weighs: 19.12 kg
baggage is on conveyor belt-------
---------baggage detected by sensor------------- 
Baggage weighs: 18.29 kg
baggage is on conveyor belt-------
---------baggage detected by sensor------------- 
Baggage weighs: 17.94 kg
baggage is on conveyor belt-------
---------baggage detected by sensor------------- 
Baggage weighs: 19.09 kg
baggage is on conveyor belt-------
---------baggage detected by sensor------------- 
Baggage weighs: 22.39 kg
baggage is on conveyor belt-------
---------baggage detected by sensor------------- 
Baggage weighs: 21.23 kg
baggage is on conveyor belt-------
---------baggage detected by sensor------------- 
Baggage weighs: 17.56 kg
baggage is on conveyor belt-------
---------baggage detected by sensor------------- 
Baggage weighs: 18.37 kg
baggage is on conveyor belt-------
---------baggage detected by sensor------------- 
Baggage weighs: 21.4 kg
baggage is on conveyor belt-------
---------baggage detected by sensor------------- 
Baggage weighs: 20.25 kg
baggage is on conveyor belt-------
---------baggage detected by sensor------------- 
Baggage weighs: 23.0 kg
baggage is on conveyor belt-------
---------baggage detected by sensor------------- 
Baggage weighs: 17.01 kg
Seat with ID: 22H has been reserved for you!

BOARDING PASS FOR WARD SUAREZ
-----------------------------------------------------------------------------
LUFTHANSA                      1cdwaqjsckzfyik /  Ward Suarez
Ward Suarez                                     /  1cdwaqjsckzfyik
FRA   LH2121   E  30.Oct                       /  FRA
HKG                                            /  HKG
SEAT ID: 22H                                   /  LH2121 E 30.Oct
SEQ: 71                                      / GATE: A05   22:00
MAX 1  HANDLUGGAGE/ LUGGAGE
-----------------------------------------------------------------------------
sorry Ward Suarez we have no voucher for you! Have a nice day!

---------------------------------------------------------------------------------------------------------------
scanning passport with passport id: WE5NQPXPU
searching for ticket in fast bag drop database..............
Ticket found for Colleen Cox and Flight LH2121
----searching flight seat for Colleen Cox---------
Found a seat with ID 22J
Below details were found in database
------------------------------------------
Name: Colleen Cox
Flight ID: LH2121
Source: FRA
Destination: HKG
Gate No: A05
Boarding time: 22:00
Ticket ID: iz1c51day6ichyw
Booking Class: E
------------------------------------------

Proceed with check-in for flight LH2121 ?
Type YES to CHECK-IN or NO to cancel CHECK-IN
Colleen Cox is deciding whether to check-in or to go back home and sleep............
YES CHECK-IN
Checking you in...............
baggage is on conveyor belt-------
---------baggage detected by sensor------------- 
Baggage weighs: 21.58 kg
baggage is on conveyor belt-------
---------baggage detected by sensor------------- 
Baggage weighs: 20.43 kg
baggage is on conveyor belt-------
---------baggage detected by sensor------------- 
Baggage weighs: 18.47 kg
baggage is on conveyor belt-------
---------baggage detected by sensor------------- 
Baggage weighs: 17.86 kg
baggage is on conveyor belt-------
---------baggage detected by sensor------------- 
Baggage weighs: 18.65 kg
baggage is on conveyor belt-------
---------baggage detected by sensor------------- 
Baggage weighs: 19.27 kg
baggage is on conveyor belt-------
---------baggage detected by sensor------------- 
Baggage weighs: 17.42 kg
baggage is on conveyor belt-------
---------baggage detected by sensor------------- 
Baggage weighs: 19.16 kg
baggage is on conveyor belt-------
---------baggage detected by sensor------------- 
Baggage weighs: 19.52 kg
baggage is on conveyor belt-------
---------baggage detected by sensor------------- 
Baggage weighs: 17.51 kg
baggage is on conveyor belt-------
---------baggage detected by sensor------------- 
Baggage weighs: 17.38 kg
baggage is on conveyor belt-------
---------baggage detected by sensor------------- 
Baggage weighs: 18.67 kg
baggage is on conveyor belt-------
---------baggage detected by sensor------------- 
Baggage weighs: 16.98 kg
baggage is on conveyor belt-------
---------baggage detected by sensor------------- 
Baggage weighs: 21.26 kg
baggage is on conveyor belt-------
---------baggage detected by sensor------------- 
Baggage weighs: 18.3 kg
baggage is on conveyor belt-------
---------baggage detected by sensor------------- 
Baggage weighs: 16.81 kg
baggage is on conveyor belt-------
---------baggage detected by sensor------------- 
Baggage weighs: 20.91 kg
baggage is on conveyor belt-------
---------baggage detected by sensor------------- 
Baggage weighs: 21.21 kg
baggage is on conveyor belt-------
---------baggage detected by sensor------------- 
Baggage weighs: 19.69 kg
baggage is on conveyor belt-------
---------baggage detected by sensor------------- 
Baggage weighs: 18.67 kg
baggage is on conveyor belt-------
---------baggage detected by sensor------------- 
Baggage weighs: 19.12 kg
baggage is on conveyor belt-------
---------baggage detected by sensor------------- 
Baggage weighs: 16.42 kg
baggage is on conveyor belt-------
---------baggage detected by sensor------------- 
Baggage weighs: 19.17 kg
baggage is on conveyor belt-------
---------baggage detected by sensor------------- 
Baggage weighs: 19.0 kg
baggage is on conveyor belt-------
---------baggage detected by sensor------------- 
Baggage weighs: 18.78 kg
baggage is on conveyor belt-------
---------baggage detected by sensor------------- 
Baggage weighs: 20.31 kg
baggage is on conveyor belt-------
---------baggage detected by sensor------------- 
Baggage weighs: 21.25 kg
baggage is on conveyor belt-------
---------baggage detected by sensor------------- 
Baggage weighs: 18.87 kg
baggage is on conveyor belt-------
---------baggage detected by sensor------------- 
Baggage weighs: 16.25 kg
baggage is on conveyor belt-------
---------baggage detected by sensor------------- 
Baggage weighs: 19.94 kg
baggage is on conveyor belt-------
---------baggage detected by sensor------------- 
Baggage weighs: 16.88 kg
baggage is on conveyor belt-------
---------baggage detected by sensor------------- 
Baggage weighs: 18.24 kg
baggage is on conveyor belt-------
---------baggage detected by sensor------------- 
Baggage weighs: 17.16 kg
baggage is on conveyor belt-------
---------baggage detected by sensor------------- 
Baggage weighs: 19.34 kg
baggage is on conveyor belt-------
---------baggage detected by sensor------------- 
Baggage weighs: 22.41 kg
baggage is on conveyor belt-------
---------baggage detected by sensor------------- 
Baggage weighs: 20.47 kg
baggage is on conveyor belt-------
---------baggage detected by sensor------------- 
Baggage weighs: 18.81 kg
baggage is on conveyor belt-------
---------baggage detected by sensor------------- 
Baggage weighs: 18.56 kg
baggage is on conveyor belt-------
---------baggage detected by sensor------------- 
Baggage weighs: 17.77 kg
baggage is on conveyor belt-------
---------baggage detected by sensor------------- 
Baggage weighs: 19.32 kg
baggage is on conveyor belt-------
---------baggage detected by sensor------------- 
Baggage weighs: 19.21 kg
baggage is on conveyor belt-------
---------baggage detected by sensor------------- 
Baggage weighs: 19.13 kg
baggage is on conveyor belt-------
---------baggage detected by sensor------------- 
Baggage weighs: 20.39 kg
baggage is on conveyor belt-------
---------baggage detected by sensor------------- 
Baggage weighs: 21.03 kg
baggage is on conveyor belt-------
---------baggage detected by sensor------------- 
Baggage weighs: 20.05 kg
baggage is on conveyor belt-------
---------baggage detected by sensor------------- 
Baggage weighs: 21.92 kg
baggage is on conveyor belt-------
---------baggage detected by sensor------------- 
Baggage weighs: 19.37 kg
baggage is on conveyor belt-------
---------baggage detected by sensor------------- 
Baggage weighs: 20.35 kg
baggage is on conveyor belt-------
---------baggage detected by sensor------------- 
Baggage weighs: 18.73 kg
baggage is on conveyor belt-------
---------baggage detected by sensor------------- 
Baggage weighs: 20.33 kg
baggage is on conveyor belt-------
---------baggage detected by sensor------------- 
Baggage weighs: 22.01 kg
baggage is on conveyor belt-------
---------baggage detected by sensor------------- 
Baggage weighs: 19.27 kg
baggage is on conveyor belt-------
---------baggage detected by sensor------------- 
Baggage weighs: 21.18 kg
baggage is on conveyor belt-------
---------baggage detected by sensor------------- 
Baggage weighs: 17.16 kg
baggage is on conveyor belt-------
---------baggage detected by sensor------------- 
Baggage weighs: 20.04 kg
baggage is on conveyor belt-------
---------baggage detected by sensor------------- 
Baggage weighs: 20.91 kg
baggage is on conveyor belt-------
---------baggage detected by sensor------------- 
Baggage weighs: 20.3 kg
baggage is on conveyor belt-------
---------baggage detected by sensor------------- 
Baggage weighs: 20.38 kg
baggage is on conveyor belt-------
---------baggage detected by sensor------------- 
Baggage weighs: 16.54 kg
baggage is on conveyor belt-------
---------baggage detected by sensor------------- 
Baggage weighs: 18.87 kg
baggage is on conveyor belt-------
---------baggage detected by sensor------------- 
Baggage weighs: 20.22 kg
baggage is on conveyor belt-------
---------baggage detected by sensor------------- 
Baggage weighs: 20.75 kg
baggage is on conveyor belt-------
---------baggage detected by sensor------------- 
Baggage weighs: 17.4 kg
baggage is on conveyor belt-------
---------baggage detected by sensor------------- 
Baggage weighs: 20.27 kg
baggage is on conveyor belt-------
---------baggage detected by sensor------------- 
Baggage weighs: 17.04 kg
baggage is on conveyor belt-------
---------baggage detected by sensor------------- 
Baggage weighs: 19.84 kg
baggage is on conveyor belt-------
---------baggage detected by sensor------------- 
Baggage weighs: 17.34 kg
baggage is on conveyor belt-------
---------baggage detected by sensor------------- 
Baggage weighs: 18.75 kg
baggage is on conveyor belt-------
---------baggage detected by sensor------------- 
Baggage weighs: 19.12 kg
baggage is on conveyor belt-------
---------baggage detected by sensor------------- 
Baggage weighs: 18.29 kg
baggage is on conveyor belt-------
---------baggage detected by sensor------------- 
Baggage weighs: 17.94 kg
baggage is on conveyor belt-------
---------baggage detected by sensor------------- 
Baggage weighs: 19.09 kg
baggage is on conveyor belt-------
---------baggage detected by sensor------------- 
Baggage weighs: 22.39 kg
baggage is on conveyor belt-------
---------baggage detected by sensor------------- 
Baggage weighs: 21.23 kg
baggage is on conveyor belt-------
---------baggage detected by sensor------------- 
Baggage weighs: 17.56 kg
baggage is on conveyor belt-------
---------baggage detected by sensor------------- 
Baggage weighs: 18.37 kg
baggage is on conveyor belt-------
---------baggage detected by sensor------------- 
Baggage weighs: 21.4 kg
baggage is on conveyor belt-------
---------baggage detected by sensor------------- 
Baggage weighs: 20.25 kg
baggage is on conveyor belt-------
---------baggage detected by sensor------------- 
Baggage weighs: 23.0 kg
baggage is on conveyor belt-------
---------baggage detected by sensor------------- 
Baggage weighs: 17.01 kg
baggage is on conveyor belt-------
---------baggage detected by sensor------------- 
Baggage weighs: 17.39 kg
Seat with ID: 22J has been reserved for you!

BOARDING PASS FOR COLLEEN COX
-----------------------------------------------------------------------------
LUFTHANSA                      iz1c51day6ichyw /  Colleen Cox
Colleen Cox                                     /  iz1c51day6ichyw
FRA   LH2121   E  30.Oct                       /  FRA
HKG                                            /  HKG
SEAT ID: 22J                                   /  LH2121 E 30.Oct
SEQ: 72                                      / GATE: A05   22:00
MAX 1  HANDLUGGAGE/ LUGGAGE
-----------------------------------------------------------------------------
sorry Colleen Cox we have no voucher for you! Have a nice day!

---------------------------------------------------------------------------------------------------------------
scanning passport with passport id: 93XD1FAAW
searching for ticket in fast bag drop database..............
Ticket found for Erika Munoz and Flight LH2121
----searching flight seat for Erika Munoz---------
Found a seat with ID 22K
Below details were found in database
------------------------------------------
Name: Erika Munoz
Flight ID: LH2121
Source: FRA
Destination: HKG
Gate No: A05
Boarding time: 22:00
Ticket ID: pdlfmthfk42gzir
Booking Class: E
------------------------------------------

Proceed with check-in for flight LH2121 ?
Type YES to CHECK-IN or NO to cancel CHECK-IN
Erika Munoz is deciding whether to check-in or to go back home and sleep............
YES CHECK-IN
Checking you in...............
baggage is on conveyor belt-------
---------baggage detected by sensor------------- 
Baggage weighs: 21.58 kg
baggage is on conveyor belt-------
---------baggage detected by sensor------------- 
Baggage weighs: 20.43 kg
baggage is on conveyor belt-------
---------baggage detected by sensor------------- 
Baggage weighs: 18.47 kg
baggage is on conveyor belt-------
---------baggage detected by sensor------------- 
Baggage weighs: 17.86 kg
baggage is on conveyor belt-------
---------baggage detected by sensor------------- 
Baggage weighs: 18.65 kg
baggage is on conveyor belt-------
---------baggage detected by sensor------------- 
Baggage weighs: 19.27 kg
baggage is on conveyor belt-------
---------baggage detected by sensor------------- 
Baggage weighs: 17.42 kg
baggage is on conveyor belt-------
---------baggage detected by sensor------------- 
Baggage weighs: 19.16 kg
baggage is on conveyor belt-------
---------baggage detected by sensor------------- 
Baggage weighs: 19.52 kg
baggage is on conveyor belt-------
---------baggage detected by sensor------------- 
Baggage weighs: 17.51 kg
baggage is on conveyor belt-------
---------baggage detected by sensor------------- 
Baggage weighs: 17.38 kg
baggage is on conveyor belt-------
---------baggage detected by sensor------------- 
Baggage weighs: 18.67 kg
baggage is on conveyor belt-------
---------baggage detected by sensor------------- 
Baggage weighs: 16.98 kg
baggage is on conveyor belt-------
---------baggage detected by sensor------------- 
Baggage weighs: 21.26 kg
baggage is on conveyor belt-------
---------baggage detected by sensor------------- 
Baggage weighs: 18.3 kg
baggage is on conveyor belt-------
---------baggage detected by sensor------------- 
Baggage weighs: 16.81 kg
baggage is on conveyor belt-------
---------baggage detected by sensor------------- 
Baggage weighs: 20.91 kg
baggage is on conveyor belt-------
---------baggage detected by sensor------------- 
Baggage weighs: 21.21 kg
baggage is on conveyor belt-------
---------baggage detected by sensor------------- 
Baggage weighs: 19.69 kg
baggage is on conveyor belt-------
---------baggage detected by sensor------------- 
Baggage weighs: 18.67 kg
baggage is on conveyor belt-------
---------baggage detected by sensor------------- 
Baggage weighs: 19.12 kg
baggage is on conveyor belt-------
---------baggage detected by sensor------------- 
Baggage weighs: 16.42 kg
baggage is on conveyor belt-------
---------baggage detected by sensor------------- 
Baggage weighs: 19.17 kg
baggage is on conveyor belt-------
---------baggage detected by sensor------------- 
Baggage weighs: 19.0 kg
baggage is on conveyor belt-------
---------baggage detected by sensor------------- 
Baggage weighs: 18.78 kg
baggage is on conveyor belt-------
---------baggage detected by sensor------------- 
Baggage weighs: 20.31 kg
baggage is on conveyor belt-------
---------baggage detected by sensor------------- 
Baggage weighs: 21.25 kg
baggage is on conveyor belt-------
---------baggage detected by sensor------------- 
Baggage weighs: 18.87 kg
baggage is on conveyor belt-------
---------baggage detected by sensor------------- 
Baggage weighs: 16.25 kg
baggage is on conveyor belt-------
---------baggage detected by sensor------------- 
Baggage weighs: 19.94 kg
baggage is on conveyor belt-------
---------baggage detected by sensor------------- 
Baggage weighs: 16.88 kg
baggage is on conveyor belt-------
---------baggage detected by sensor------------- 
Baggage weighs: 18.24 kg
baggage is on conveyor belt-------
---------baggage detected by sensor------------- 
Baggage weighs: 17.16 kg
baggage is on conveyor belt-------
---------baggage detected by sensor------------- 
Baggage weighs: 19.34 kg
baggage is on conveyor belt-------
---------baggage detected by sensor------------- 
Baggage weighs: 22.41 kg
baggage is on conveyor belt-------
---------baggage detected by sensor------------- 
Baggage weighs: 20.47 kg
baggage is on conveyor belt-------
---------baggage detected by sensor------------- 
Baggage weighs: 18.81 kg
baggage is on conveyor belt-------
---------baggage detected by sensor------------- 
Baggage weighs: 18.56 kg
baggage is on conveyor belt-------
---------baggage detected by sensor------------- 
Baggage weighs: 17.77 kg
baggage is on conveyor belt-------
---------baggage detected by sensor------------- 
Baggage weighs: 19.32 kg
baggage is on conveyor belt-------
---------baggage detected by sensor------------- 
Baggage weighs: 19.21 kg
baggage is on conveyor belt-------
---------baggage detected by sensor------------- 
Baggage weighs: 19.13 kg
baggage is on conveyor belt-------
---------baggage detected by sensor------------- 
Baggage weighs: 20.39 kg
baggage is on conveyor belt-------
---------baggage detected by sensor------------- 
Baggage weighs: 21.03 kg
baggage is on conveyor belt-------
---------baggage detected by sensor------------- 
Baggage weighs: 20.05 kg
baggage is on conveyor belt-------
---------baggage detected by sensor------------- 
Baggage weighs: 21.92 kg
baggage is on conveyor belt-------
---------baggage detected by sensor------------- 
Baggage weighs: 19.37 kg
baggage is on conveyor belt-------
---------baggage detected by sensor------------- 
Baggage weighs: 20.35 kg
baggage is on conveyor belt-------
---------baggage detected by sensor------------- 
Baggage weighs: 18.73 kg
baggage is on conveyor belt-------
---------baggage detected by sensor------------- 
Baggage weighs: 20.33 kg
baggage is on conveyor belt-------
---------baggage detected by sensor------------- 
Baggage weighs: 22.01 kg
baggage is on conveyor belt-------
---------baggage detected by sensor------------- 
Baggage weighs: 19.27 kg
baggage is on conveyor belt-------
---------baggage detected by sensor------------- 
Baggage weighs: 21.18 kg
baggage is on conveyor belt-------
---------baggage detected by sensor------------- 
Baggage weighs: 17.16 kg
baggage is on conveyor belt-------
---------baggage detected by sensor------------- 
Baggage weighs: 20.04 kg
baggage is on conveyor belt-------
---------baggage detected by sensor------------- 
Baggage weighs: 20.91 kg
baggage is on conveyor belt-------
---------baggage detected by sensor------------- 
Baggage weighs: 20.3 kg
baggage is on conveyor belt-------
---------baggage detected by sensor------------- 
Baggage weighs: 20.38 kg
baggage is on conveyor belt-------
---------baggage detected by sensor------------- 
Baggage weighs: 16.54 kg
baggage is on conveyor belt-------
---------baggage detected by sensor------------- 
Baggage weighs: 18.87 kg
baggage is on conveyor belt-------
---------baggage detected by sensor------------- 
Baggage weighs: 20.22 kg
baggage is on conveyor belt-------
---------baggage detected by sensor------------- 
Baggage weighs: 20.75 kg
baggage is on conveyor belt-------
---------baggage detected by sensor------------- 
Baggage weighs: 17.4 kg
baggage is on conveyor belt-------
---------baggage detected by sensor------------- 
Baggage weighs: 20.27 kg
baggage is on conveyor belt-------
---------baggage detected by sensor------------- 
Baggage weighs: 17.04 kg
baggage is on conveyor belt-------
---------baggage detected by sensor------------- 
Baggage weighs: 19.84 kg
baggage is on conveyor belt-------
---------baggage detected by sensor------------- 
Baggage weighs: 17.34 kg
baggage is on conveyor belt-------
---------baggage detected by sensor------------- 
Baggage weighs: 18.75 kg
baggage is on conveyor belt-------
---------baggage detected by sensor------------- 
Baggage weighs: 19.12 kg
baggage is on conveyor belt-------
---------baggage detected by sensor------------- 
Baggage weighs: 18.29 kg
baggage is on conveyor belt-------
---------baggage detected by sensor------------- 
Baggage weighs: 17.94 kg
baggage is on conveyor belt-------
---------baggage detected by sensor------------- 
Baggage weighs: 19.09 kg
baggage is on conveyor belt-------
---------baggage detected by sensor------------- 
Baggage weighs: 22.39 kg
baggage is on conveyor belt-------
---------baggage detected by sensor------------- 
Baggage weighs: 21.23 kg
baggage is on conveyor belt-------
---------baggage detected by sensor------------- 
Baggage weighs: 17.56 kg
baggage is on conveyor belt-------
---------baggage detected by sensor------------- 
Baggage weighs: 18.37 kg
baggage is on conveyor belt-------
---------baggage detected by sensor------------- 
Baggage weighs: 21.4 kg
baggage is on conveyor belt-------
---------baggage detected by sensor------------- 
Baggage weighs: 20.25 kg
baggage is on conveyor belt-------
---------baggage detected by sensor------------- 
Baggage weighs: 23.0 kg
baggage is on conveyor belt-------
---------baggage detected by sensor------------- 
Baggage weighs: 17.01 kg
baggage is on conveyor belt-------
---------baggage detected by sensor------------- 
Baggage weighs: 17.39 kg
baggage is on conveyor belt-------
---------baggage detected by sensor------------- 
Baggage weighs: 16.7 kg
Seat with ID: 22K has been reserved for you!

BOARDING PASS FOR ERIKA MUNOZ
-----------------------------------------------------------------------------
LUFTHANSA                      pdlfmthfk42gzir /  Erika Munoz
Erika Munoz                                     /  pdlfmthfk42gzir
FRA   LH2121   E  30.Oct                       /  FRA
HKG                                            /  HKG
SEAT ID: 22K                                   /  LH2121 E 30.Oct
SEQ: 73                                      / GATE: A05   22:00
MAX 1  HANDLUGGAGE/ LUGGAGE
-----------------------------------------------------------------------------
sorry Erika Munoz we have no voucher for you! Have a nice day!

---------------------------------------------------------------------------------------------------------------
scanning passport with passport id: QQS3LV3WT
searching for ticket in fast bag drop database..............
Ticket found for Allison Mccoy and Flight LH2121
----searching flight seat for Allison Mccoy---------
Found a seat with ID 23A
Below details were found in database
------------------------------------------
Name: Allison Mccoy
Flight ID: LH2121
Source: FRA
Destination: HKG
Gate No: A05
Boarding time: 22:00
Ticket ID: 34989hzakvoq3rz
Booking Class: E
------------------------------------------

Proceed with check-in for flight LH2121 ?
Type YES to CHECK-IN or NO to cancel CHECK-IN
Allison Mccoy is deciding whether to check-in or to go back home and sleep............
YES CHECK-IN
Checking you in...............
baggage is on conveyor belt-------
---------baggage detected by sensor------------- 
Baggage weighs: 21.58 kg
baggage is on conveyor belt-------
---------baggage detected by sensor------------- 
Baggage weighs: 20.43 kg
baggage is on conveyor belt-------
---------baggage detected by sensor------------- 
Baggage weighs: 18.47 kg
baggage is on conveyor belt-------
---------baggage detected by sensor------------- 
Baggage weighs: 17.86 kg
baggage is on conveyor belt-------
---------baggage detected by sensor------------- 
Baggage weighs: 18.65 kg
baggage is on conveyor belt-------
---------baggage detected by sensor------------- 
Baggage weighs: 19.27 kg
baggage is on conveyor belt-------
---------baggage detected by sensor------------- 
Baggage weighs: 17.42 kg
baggage is on conveyor belt-------
---------baggage detected by sensor------------- 
Baggage weighs: 19.16 kg
baggage is on conveyor belt-------
---------baggage detected by sensor------------- 
Baggage weighs: 19.52 kg
baggage is on conveyor belt-------
---------baggage detected by sensor------------- 
Baggage weighs: 17.51 kg
baggage is on conveyor belt-------
---------baggage detected by sensor------------- 
Baggage weighs: 17.38 kg
baggage is on conveyor belt-------
---------baggage detected by sensor------------- 
Baggage weighs: 18.67 kg
baggage is on conveyor belt-------
---------baggage detected by sensor------------- 
Baggage weighs: 16.98 kg
baggage is on conveyor belt-------
---------baggage detected by sensor------------- 
Baggage weighs: 21.26 kg
baggage is on conveyor belt-------
---------baggage detected by sensor------------- 
Baggage weighs: 18.3 kg
baggage is on conveyor belt-------
---------baggage detected by sensor------------- 
Baggage weighs: 16.81 kg
baggage is on conveyor belt-------
---------baggage detected by sensor------------- 
Baggage weighs: 20.91 kg
baggage is on conveyor belt-------
---------baggage detected by sensor------------- 
Baggage weighs: 21.21 kg
baggage is on conveyor belt-------
---------baggage detected by sensor------------- 
Baggage weighs: 19.69 kg
baggage is on conveyor belt-------
---------baggage detected by sensor------------- 
Baggage weighs: 18.67 kg
baggage is on conveyor belt-------
---------baggage detected by sensor------------- 
Baggage weighs: 19.12 kg
baggage is on conveyor belt-------
---------baggage detected by sensor------------- 
Baggage weighs: 16.42 kg
baggage is on conveyor belt-------
---------baggage detected by sensor------------- 
Baggage weighs: 19.17 kg
baggage is on conveyor belt-------
---------baggage detected by sensor------------- 
Baggage weighs: 19.0 kg
baggage is on conveyor belt-------
---------baggage detected by sensor------------- 
Baggage weighs: 18.78 kg
baggage is on conveyor belt-------
---------baggage detected by sensor------------- 
Baggage weighs: 20.31 kg
baggage is on conveyor belt-------
---------baggage detected by sensor------------- 
Baggage weighs: 21.25 kg
baggage is on conveyor belt-------
---------baggage detected by sensor------------- 
Baggage weighs: 18.87 kg
baggage is on conveyor belt-------
---------baggage detected by sensor------------- 
Baggage weighs: 16.25 kg
baggage is on conveyor belt-------
---------baggage detected by sensor------------- 
Baggage weighs: 19.94 kg
baggage is on conveyor belt-------
---------baggage detected by sensor------------- 
Baggage weighs: 16.88 kg
baggage is on conveyor belt-------
---------baggage detected by sensor------------- 
Baggage weighs: 18.24 kg
baggage is on conveyor belt-------
---------baggage detected by sensor------------- 
Baggage weighs: 17.16 kg
baggage is on conveyor belt-------
---------baggage detected by sensor------------- 
Baggage weighs: 19.34 kg
baggage is on conveyor belt-------
---------baggage detected by sensor------------- 
Baggage weighs: 22.41 kg
baggage is on conveyor belt-------
---------baggage detected by sensor------------- 
Baggage weighs: 20.47 kg
baggage is on conveyor belt-------
---------baggage detected by sensor------------- 
Baggage weighs: 18.81 kg
baggage is on conveyor belt-------
---------baggage detected by sensor------------- 
Baggage weighs: 18.56 kg
baggage is on conveyor belt-------
---------baggage detected by sensor------------- 
Baggage weighs: 17.77 kg
baggage is on conveyor belt-------
---------baggage detected by sensor------------- 
Baggage weighs: 19.32 kg
baggage is on conveyor belt-------
---------baggage detected by sensor------------- 
Baggage weighs: 19.21 kg
baggage is on conveyor belt-------
---------baggage detected by sensor------------- 
Baggage weighs: 19.13 kg
baggage is on conveyor belt-------
---------baggage detected by sensor------------- 
Baggage weighs: 20.39 kg
baggage is on conveyor belt-------
---------baggage detected by sensor------------- 
Baggage weighs: 21.03 kg
baggage is on conveyor belt-------
---------baggage detected by sensor------------- 
Baggage weighs: 20.05 kg
baggage is on conveyor belt-------
---------baggage detected by sensor------------- 
Baggage weighs: 21.92 kg
baggage is on conveyor belt-------
---------baggage detected by sensor------------- 
Baggage weighs: 19.37 kg
baggage is on conveyor belt-------
---------baggage detected by sensor------------- 
Baggage weighs: 20.35 kg
baggage is on conveyor belt-------
---------baggage detected by sensor------------- 
Baggage weighs: 18.73 kg
baggage is on conveyor belt-------
---------baggage detected by sensor------------- 
Baggage weighs: 20.33 kg
baggage is on conveyor belt-------
---------baggage detected by sensor------------- 
Baggage weighs: 22.01 kg
baggage is on conveyor belt-------
---------baggage detected by sensor------------- 
Baggage weighs: 19.27 kg
baggage is on conveyor belt-------
---------baggage detected by sensor------------- 
Baggage weighs: 21.18 kg
baggage is on conveyor belt-------
---------baggage detected by sensor------------- 
Baggage weighs: 17.16 kg
baggage is on conveyor belt-------
---------baggage detected by sensor------------- 
Baggage weighs: 20.04 kg
baggage is on conveyor belt-------
---------baggage detected by sensor------------- 
Baggage weighs: 20.91 kg
baggage is on conveyor belt-------
---------baggage detected by sensor------------- 
Baggage weighs: 20.3 kg
baggage is on conveyor belt-------
---------baggage detected by sensor------------- 
Baggage weighs: 20.38 kg
baggage is on conveyor belt-------
---------baggage detected by sensor------------- 
Baggage weighs: 16.54 kg
baggage is on conveyor belt-------
---------baggage detected by sensor------------- 
Baggage weighs: 18.87 kg
baggage is on conveyor belt-------
---------baggage detected by sensor------------- 
Baggage weighs: 20.22 kg
baggage is on conveyor belt-------
---------baggage detected by sensor------------- 
Baggage weighs: 20.75 kg
baggage is on conveyor belt-------
---------baggage detected by sensor------------- 
Baggage weighs: 17.4 kg
baggage is on conveyor belt-------
---------baggage detected by sensor------------- 
Baggage weighs: 20.27 kg
baggage is on conveyor belt-------
---------baggage detected by sensor------------- 
Baggage weighs: 17.04 kg
baggage is on conveyor belt-------
---------baggage detected by sensor------------- 
Baggage weighs: 19.84 kg
baggage is on conveyor belt-------
---------baggage detected by sensor------------- 
Baggage weighs: 17.34 kg
baggage is on conveyor belt-------
---------baggage detected by sensor------------- 
Baggage weighs: 18.75 kg
baggage is on conveyor belt-------
---------baggage detected by sensor------------- 
Baggage weighs: 19.12 kg
baggage is on conveyor belt-------
---------baggage detected by sensor------------- 
Baggage weighs: 18.29 kg
baggage is on conveyor belt-------
---------baggage detected by sensor------------- 
Baggage weighs: 17.94 kg
baggage is on conveyor belt-------
---------baggage detected by sensor------------- 
Baggage weighs: 19.09 kg
baggage is on conveyor belt-------
---------baggage detected by sensor------------- 
Baggage weighs: 22.39 kg
baggage is on conveyor belt-------
---------baggage detected by sensor------------- 
Baggage weighs: 21.23 kg
baggage is on conveyor belt-------
---------baggage detected by sensor------------- 
Baggage weighs: 17.56 kg
baggage is on conveyor belt-------
---------baggage detected by sensor------------- 
Baggage weighs: 18.37 kg
baggage is on conveyor belt-------
---------baggage detected by sensor------------- 
Baggage weighs: 21.4 kg
baggage is on conveyor belt-------
---------baggage detected by sensor------------- 
Baggage weighs: 20.25 kg
baggage is on conveyor belt-------
---------baggage detected by sensor------------- 
Baggage weighs: 23.0 kg
baggage is on conveyor belt-------
---------baggage detected by sensor------------- 
Baggage weighs: 17.01 kg
baggage is on conveyor belt-------
---------baggage detected by sensor------------- 
Baggage weighs: 17.39 kg
baggage is on conveyor belt-------
---------baggage detected by sensor------------- 
Baggage weighs: 16.7 kg
baggage is on conveyor belt-------
---------baggage detected by sensor------------- 
Baggage weighs: 16.23 kg
Seat with ID: 23A has been reserved for you!

BOARDING PASS FOR ALLISON MCCOY
-----------------------------------------------------------------------------
LUFTHANSA                      34989hzakvoq3rz /  Allison Mccoy
Allison Mccoy                                     /  34989hzakvoq3rz
FRA   LH2121   E  30.Oct                       /  FRA
HKG                                            /  HKG
SEAT ID: 23A                                   /  LH2121 E 30.Oct
SEQ: 74                                      / GATE: A05   22:00
MAX 1  HANDLUGGAGE/ LUGGAGE
-----------------------------------------------------------------------------
sorry Allison Mccoy we have no voucher for you! Have a nice day!

---------------------------------------------------------------------------------------------------------------
scanning passport with passport id: KYVUMUQD9
searching for ticket in fast bag drop database..............
Ticket found for Carey Hernandez and Flight LH2121
----searching flight seat for Carey Hernandez---------
Found a seat with ID 23B
Below details were found in database
------------------------------------------
Name: Carey Hernandez
Flight ID: LH2121
Source: FRA
Destination: HKG
Gate No: A05
Boarding time: 22:00
Ticket ID: zgofxcym1rmy8af
Booking Class: E
------------------------------------------

Proceed with check-in for flight LH2121 ?
Type YES to CHECK-IN or NO to cancel CHECK-IN
Carey Hernandez is deciding whether to check-in or to go back home and sleep............
YES CHECK-IN
Checking you in...............
baggage is on conveyor belt-------
---------baggage detected by sensor------------- 
Baggage weighs: 21.58 kg
baggage is on conveyor belt-------
---------baggage detected by sensor------------- 
Baggage weighs: 20.43 kg
baggage is on conveyor belt-------
---------baggage detected by sensor------------- 
Baggage weighs: 18.47 kg
baggage is on conveyor belt-------
---------baggage detected by sensor------------- 
Baggage weighs: 17.86 kg
baggage is on conveyor belt-------
---------baggage detected by sensor------------- 
Baggage weighs: 18.65 kg
baggage is on conveyor belt-------
---------baggage detected by sensor------------- 
Baggage weighs: 19.27 kg
baggage is on conveyor belt-------
---------baggage detected by sensor------------- 
Baggage weighs: 17.42 kg
baggage is on conveyor belt-------
---------baggage detected by sensor------------- 
Baggage weighs: 19.16 kg
baggage is on conveyor belt-------
---------baggage detected by sensor------------- 
Baggage weighs: 19.52 kg
baggage is on conveyor belt-------
---------baggage detected by sensor------------- 
Baggage weighs: 17.51 kg
baggage is on conveyor belt-------
---------baggage detected by sensor------------- 
Baggage weighs: 17.38 kg
baggage is on conveyor belt-------
---------baggage detected by sensor------------- 
Baggage weighs: 18.67 kg
baggage is on conveyor belt-------
---------baggage detected by sensor------------- 
Baggage weighs: 16.98 kg
baggage is on conveyor belt-------
---------baggage detected by sensor------------- 
Baggage weighs: 21.26 kg
baggage is on conveyor belt-------
---------baggage detected by sensor------------- 
Baggage weighs: 18.3 kg
baggage is on conveyor belt-------
---------baggage detected by sensor------------- 
Baggage weighs: 16.81 kg
baggage is on conveyor belt-------
---------baggage detected by sensor------------- 
Baggage weighs: 20.91 kg
baggage is on conveyor belt-------
---------baggage detected by sensor------------- 
Baggage weighs: 21.21 kg
baggage is on conveyor belt-------
---------baggage detected by sensor------------- 
Baggage weighs: 19.69 kg
baggage is on conveyor belt-------
---------baggage detected by sensor------------- 
Baggage weighs: 18.67 kg
baggage is on conveyor belt-------
---------baggage detected by sensor------------- 
Baggage weighs: 19.12 kg
baggage is on conveyor belt-------
---------baggage detected by sensor------------- 
Baggage weighs: 16.42 kg
baggage is on conveyor belt-------
---------baggage detected by sensor------------- 
Baggage weighs: 19.17 kg
baggage is on conveyor belt-------
---------baggage detected by sensor------------- 
Baggage weighs: 19.0 kg
baggage is on conveyor belt-------
---------baggage detected by sensor------------- 
Baggage weighs: 18.78 kg
baggage is on conveyor belt-------
---------baggage detected by sensor------------- 
Baggage weighs: 20.31 kg
baggage is on conveyor belt-------
---------baggage detected by sensor------------- 
Baggage weighs: 21.25 kg
baggage is on conveyor belt-------
---------baggage detected by sensor------------- 
Baggage weighs: 18.87 kg
baggage is on conveyor belt-------
---------baggage detected by sensor------------- 
Baggage weighs: 16.25 kg
baggage is on conveyor belt-------
---------baggage detected by sensor------------- 
Baggage weighs: 19.94 kg
baggage is on conveyor belt-------
---------baggage detected by sensor------------- 
Baggage weighs: 16.88 kg
baggage is on conveyor belt-------
---------baggage detected by sensor------------- 
Baggage weighs: 18.24 kg
baggage is on conveyor belt-------
---------baggage detected by sensor------------- 
Baggage weighs: 17.16 kg
baggage is on conveyor belt-------
---------baggage detected by sensor------------- 
Baggage weighs: 19.34 kg
baggage is on conveyor belt-------
---------baggage detected by sensor------------- 
Baggage weighs: 22.41 kg
baggage is on conveyor belt-------
---------baggage detected by sensor------------- 
Baggage weighs: 20.47 kg
baggage is on conveyor belt-------
---------baggage detected by sensor------------- 
Baggage weighs: 18.81 kg
baggage is on conveyor belt-------
---------baggage detected by sensor------------- 
Baggage weighs: 18.56 kg
baggage is on conveyor belt-------
---------baggage detected by sensor------------- 
Baggage weighs: 17.77 kg
baggage is on conveyor belt-------
---------baggage detected by sensor------------- 
Baggage weighs: 19.32 kg
baggage is on conveyor belt-------
---------baggage detected by sensor------------- 
Baggage weighs: 19.21 kg
baggage is on conveyor belt-------
---------baggage detected by sensor------------- 
Baggage weighs: 19.13 kg
baggage is on conveyor belt-------
---------baggage detected by sensor------------- 
Baggage weighs: 20.39 kg
baggage is on conveyor belt-------
---------baggage detected by sensor------------- 
Baggage weighs: 21.03 kg
baggage is on conveyor belt-------
---------baggage detected by sensor------------- 
Baggage weighs: 20.05 kg
baggage is on conveyor belt-------
---------baggage detected by sensor------------- 
Baggage weighs: 21.92 kg
baggage is on conveyor belt-------
---------baggage detected by sensor------------- 
Baggage weighs: 19.37 kg
baggage is on conveyor belt-------
---------baggage detected by sensor------------- 
Baggage weighs: 20.35 kg
baggage is on conveyor belt-------
---------baggage detected by sensor------------- 
Baggage weighs: 18.73 kg
baggage is on conveyor belt-------
---------baggage detected by sensor------------- 
Baggage weighs: 20.33 kg
baggage is on conveyor belt-------
---------baggage detected by sensor------------- 
Baggage weighs: 22.01 kg
baggage is on conveyor belt-------
---------baggage detected by sensor------------- 
Baggage weighs: 19.27 kg
baggage is on conveyor belt-------
---------baggage detected by sensor------------- 
Baggage weighs: 21.18 kg
baggage is on conveyor belt-------
---------baggage detected by sensor------------- 
Baggage weighs: 17.16 kg
baggage is on conveyor belt-------
---------baggage detected by sensor------------- 
Baggage weighs: 20.04 kg
baggage is on conveyor belt-------
---------baggage detected by sensor------------- 
Baggage weighs: 20.91 kg
baggage is on conveyor belt-------
---------baggage detected by sensor------------- 
Baggage weighs: 20.3 kg
baggage is on conveyor belt-------
---------baggage detected by sensor------------- 
Baggage weighs: 20.38 kg
baggage is on conveyor belt-------
---------baggage detected by sensor------------- 
Baggage weighs: 16.54 kg
baggage is on conveyor belt-------
---------baggage detected by sensor------------- 
Baggage weighs: 18.87 kg
baggage is on conveyor belt-------
---------baggage detected by sensor------------- 
Baggage weighs: 20.22 kg
baggage is on conveyor belt-------
---------baggage detected by sensor------------- 
Baggage weighs: 20.75 kg
baggage is on conveyor belt-------
---------baggage detected by sensor------------- 
Baggage weighs: 17.4 kg
baggage is on conveyor belt-------
---------baggage detected by sensor------------- 
Baggage weighs: 20.27 kg
baggage is on conveyor belt-------
---------baggage detected by sensor------------- 
Baggage weighs: 17.04 kg
baggage is on conveyor belt-------
---------baggage detected by sensor------------- 
Baggage weighs: 19.84 kg
baggage is on conveyor belt-------
---------baggage detected by sensor------------- 
Baggage weighs: 17.34 kg
baggage is on conveyor belt-------
---------baggage detected by sensor------------- 
Baggage weighs: 18.75 kg
baggage is on conveyor belt-------
---------baggage detected by sensor------------- 
Baggage weighs: 19.12 kg
baggage is on conveyor belt-------
---------baggage detected by sensor------------- 
Baggage weighs: 18.29 kg
baggage is on conveyor belt-------
---------baggage detected by sensor------------- 
Baggage weighs: 17.94 kg
baggage is on conveyor belt-------
---------baggage detected by sensor------------- 
Baggage weighs: 19.09 kg
baggage is on conveyor belt-------
---------baggage detected by sensor------------- 
Baggage weighs: 22.39 kg
baggage is on conveyor belt-------
---------baggage detected by sensor------------- 
Baggage weighs: 21.23 kg
baggage is on conveyor belt-------
---------baggage detected by sensor------------- 
Baggage weighs: 17.56 kg
baggage is on conveyor belt-------
---------baggage detected by sensor------------- 
Baggage weighs: 18.37 kg
baggage is on conveyor belt-------
---------baggage detected by sensor------------- 
Baggage weighs: 21.4 kg
baggage is on conveyor belt-------
---------baggage detected by sensor------------- 
Baggage weighs: 20.25 kg
baggage is on conveyor belt-------
---------baggage detected by sensor------------- 
Baggage weighs: 23.0 kg
baggage is on conveyor belt-------
---------baggage detected by sensor------------- 
Baggage weighs: 17.01 kg
baggage is on conveyor belt-------
---------baggage detected by sensor------------- 
Baggage weighs: 17.39 kg
baggage is on conveyor belt-------
---------baggage detected by sensor------------- 
Baggage weighs: 16.7 kg
baggage is on conveyor belt-------
---------baggage detected by sensor------------- 
Baggage weighs: 16.23 kg
baggage is on conveyor belt-------
---------baggage detected by sensor------------- 
Baggage weighs: 19.13 kg
Seat with ID: 23B has been reserved for you!

BOARDING PASS FOR CAREY HERNANDEZ
-----------------------------------------------------------------------------
LUFTHANSA                      zgofxcym1rmy8af /  Carey Hernandez
Carey Hernandez                                     /  zgofxcym1rmy8af
FRA   LH2121   E  30.Oct                       /  FRA
HKG                                            /  HKG
SEAT ID: 23B                                   /  LH2121 E 30.Oct
SEQ: 75                                      / GATE: A05   22:00
MAX 1  HANDLUGGAGE/ LUGGAGE
-----------------------------------------------------------------------------
sorry Carey Hernandez we have no voucher for you! Have a nice day!

---------------------------------------------------------------------------------------------------------------
scanning passport with passport id: N1R085D1C
searching for ticket in fast bag drop database..............
Ticket found for Brittney Snyder and Flight LH2121
----searching flight seat for Brittney Snyder---------
Found a seat with ID 23C
Below details were found in database
------------------------------------------
Name: Brittney Snyder
Flight ID: LH2121
Source: FRA
Destination: HKG
Gate No: A05
Boarding time: 22:00
Ticket ID: 2hl0idfemntvxga
Booking Class: E
------------------------------------------

Proceed with check-in for flight LH2121 ?
Type YES to CHECK-IN or NO to cancel CHECK-IN
Brittney Snyder is deciding whether to check-in or to go back home and sleep............
YES CHECK-IN
Checking you in...............
baggage is on conveyor belt-------
---------baggage detected by sensor------------- 
Baggage weighs: 21.58 kg
baggage is on conveyor belt-------
---------baggage detected by sensor------------- 
Baggage weighs: 20.43 kg
baggage is on conveyor belt-------
---------baggage detected by sensor------------- 
Baggage weighs: 18.47 kg
baggage is on conveyor belt-------
---------baggage detected by sensor------------- 
Baggage weighs: 17.86 kg
baggage is on conveyor belt-------
---------baggage detected by sensor------------- 
Baggage weighs: 18.65 kg
baggage is on conveyor belt-------
---------baggage detected by sensor------------- 
Baggage weighs: 19.27 kg
baggage is on conveyor belt-------
---------baggage detected by sensor------------- 
Baggage weighs: 17.42 kg
baggage is on conveyor belt-------
---------baggage detected by sensor------------- 
Baggage weighs: 19.16 kg
baggage is on conveyor belt-------
---------baggage detected by sensor------------- 
Baggage weighs: 19.52 kg
baggage is on conveyor belt-------
---------baggage detected by sensor------------- 
Baggage weighs: 17.51 kg
baggage is on conveyor belt-------
---------baggage detected by sensor------------- 
Baggage weighs: 17.38 kg
baggage is on conveyor belt-------
---------baggage detected by sensor------------- 
Baggage weighs: 18.67 kg
baggage is on conveyor belt-------
---------baggage detected by sensor------------- 
Baggage weighs: 16.98 kg
baggage is on conveyor belt-------
---------baggage detected by sensor------------- 
Baggage weighs: 21.26 kg
baggage is on conveyor belt-------
---------baggage detected by sensor------------- 
Baggage weighs: 18.3 kg
baggage is on conveyor belt-------
---------baggage detected by sensor------------- 
Baggage weighs: 16.81 kg
baggage is on conveyor belt-------
---------baggage detected by sensor------------- 
Baggage weighs: 20.91 kg
baggage is on conveyor belt-------
---------baggage detected by sensor------------- 
Baggage weighs: 21.21 kg
baggage is on conveyor belt-------
---------baggage detected by sensor------------- 
Baggage weighs: 19.69 kg
baggage is on conveyor belt-------
---------baggage detected by sensor------------- 
Baggage weighs: 18.67 kg
baggage is on conveyor belt-------
---------baggage detected by sensor------------- 
Baggage weighs: 19.12 kg
baggage is on conveyor belt-------
---------baggage detected by sensor------------- 
Baggage weighs: 16.42 kg
baggage is on conveyor belt-------
---------baggage detected by sensor------------- 
Baggage weighs: 19.17 kg
baggage is on conveyor belt-------
---------baggage detected by sensor------------- 
Baggage weighs: 19.0 kg
baggage is on conveyor belt-------
---------baggage detected by sensor------------- 
Baggage weighs: 18.78 kg
baggage is on conveyor belt-------
---------baggage detected by sensor------------- 
Baggage weighs: 20.31 kg
baggage is on conveyor belt-------
---------baggage detected by sensor------------- 
Baggage weighs: 21.25 kg
baggage is on conveyor belt-------
---------baggage detected by sensor------------- 
Baggage weighs: 18.87 kg
baggage is on conveyor belt-------
---------baggage detected by sensor------------- 
Baggage weighs: 16.25 kg
baggage is on conveyor belt-------
---------baggage detected by sensor------------- 
Baggage weighs: 19.94 kg
baggage is on conveyor belt-------
---------baggage detected by sensor------------- 
Baggage weighs: 16.88 kg
baggage is on conveyor belt-------
---------baggage detected by sensor------------- 
Baggage weighs: 18.24 kg
baggage is on conveyor belt-------
---------baggage detected by sensor------------- 
Baggage weighs: 17.16 kg
baggage is on conveyor belt-------
---------baggage detected by sensor------------- 
Baggage weighs: 19.34 kg
baggage is on conveyor belt-------
---------baggage detected by sensor------------- 
Baggage weighs: 22.41 kg
baggage is on conveyor belt-------
---------baggage detected by sensor------------- 
Baggage weighs: 20.47 kg
baggage is on conveyor belt-------
---------baggage detected by sensor------------- 
Baggage weighs: 18.81 kg
baggage is on conveyor belt-------
---------baggage detected by sensor------------- 
Baggage weighs: 18.56 kg
baggage is on conveyor belt-------
---------baggage detected by sensor------------- 
Baggage weighs: 17.77 kg
baggage is on conveyor belt-------
---------baggage detected by sensor------------- 
Baggage weighs: 19.32 kg
baggage is on conveyor belt-------
---------baggage detected by sensor------------- 
Baggage weighs: 19.21 kg
baggage is on conveyor belt-------
---------baggage detected by sensor------------- 
Baggage weighs: 19.13 kg
baggage is on conveyor belt-------
---------baggage detected by sensor------------- 
Baggage weighs: 20.39 kg
baggage is on conveyor belt-------
---------baggage detected by sensor------------- 
Baggage weighs: 21.03 kg
baggage is on conveyor belt-------
---------baggage detected by sensor------------- 
Baggage weighs: 20.05 kg
baggage is on conveyor belt-------
---------baggage detected by sensor------------- 
Baggage weighs: 21.92 kg
baggage is on conveyor belt-------
---------baggage detected by sensor------------- 
Baggage weighs: 19.37 kg
baggage is on conveyor belt-------
---------baggage detected by sensor------------- 
Baggage weighs: 20.35 kg
baggage is on conveyor belt-------
---------baggage detected by sensor------------- 
Baggage weighs: 18.73 kg
baggage is on conveyor belt-------
---------baggage detected by sensor------------- 
Baggage weighs: 20.33 kg
baggage is on conveyor belt-------
---------baggage detected by sensor------------- 
Baggage weighs: 22.01 kg
baggage is on conveyor belt-------
---------baggage detected by sensor------------- 
Baggage weighs: 19.27 kg
baggage is on conveyor belt-------
---------baggage detected by sensor------------- 
Baggage weighs: 21.18 kg
baggage is on conveyor belt-------
---------baggage detected by sensor------------- 
Baggage weighs: 17.16 kg
baggage is on conveyor belt-------
---------baggage detected by sensor------------- 
Baggage weighs: 20.04 kg
baggage is on conveyor belt-------
---------baggage detected by sensor------------- 
Baggage weighs: 20.91 kg
baggage is on conveyor belt-------
---------baggage detected by sensor------------- 
Baggage weighs: 20.3 kg
baggage is on conveyor belt-------
---------baggage detected by sensor------------- 
Baggage weighs: 20.38 kg
baggage is on conveyor belt-------
---------baggage detected by sensor------------- 
Baggage weighs: 16.54 kg
baggage is on conveyor belt-------
---------baggage detected by sensor------------- 
Baggage weighs: 18.87 kg
baggage is on conveyor belt-------
---------baggage detected by sensor------------- 
Baggage weighs: 20.22 kg
baggage is on conveyor belt-------
---------baggage detected by sensor------------- 
Baggage weighs: 20.75 kg
baggage is on conveyor belt-------
---------baggage detected by sensor------------- 
Baggage weighs: 17.4 kg
baggage is on conveyor belt-------
---------baggage detected by sensor------------- 
Baggage weighs: 20.27 kg
baggage is on conveyor belt-------
---------baggage detected by sensor------------- 
Baggage weighs: 17.04 kg
baggage is on conveyor belt-------
---------baggage detected by sensor------------- 
Baggage weighs: 19.84 kg
baggage is on conveyor belt-------
---------baggage detected by sensor------------- 
Baggage weighs: 17.34 kg
baggage is on conveyor belt-------
---------baggage detected by sensor------------- 
Baggage weighs: 18.75 kg
baggage is on conveyor belt-------
---------baggage detected by sensor------------- 
Baggage weighs: 19.12 kg
baggage is on conveyor belt-------
---------baggage detected by sensor------------- 
Baggage weighs: 18.29 kg
baggage is on conveyor belt-------
---------baggage detected by sensor------------- 
Baggage weighs: 17.94 kg
baggage is on conveyor belt-------
---------baggage detected by sensor------------- 
Baggage weighs: 19.09 kg
baggage is on conveyor belt-------
---------baggage detected by sensor------------- 
Baggage weighs: 22.39 kg
baggage is on conveyor belt-------
---------baggage detected by sensor------------- 
Baggage weighs: 21.23 kg
baggage is on conveyor belt-------
---------baggage detected by sensor------------- 
Baggage weighs: 17.56 kg
baggage is on conveyor belt-------
---------baggage detected by sensor------------- 
Baggage weighs: 18.37 kg
baggage is on conveyor belt-------
---------baggage detected by sensor------------- 
Baggage weighs: 21.4 kg
baggage is on conveyor belt-------
---------baggage detected by sensor------------- 
Baggage weighs: 20.25 kg
baggage is on conveyor belt-------
---------baggage detected by sensor------------- 
Baggage weighs: 23.0 kg
baggage is on conveyor belt-------
---------baggage detected by sensor------------- 
Baggage weighs: 17.01 kg
baggage is on conveyor belt-------
---------baggage detected by sensor------------- 
Baggage weighs: 17.39 kg
baggage is on conveyor belt-------
---------baggage detected by sensor------------- 
Baggage weighs: 16.7 kg
baggage is on conveyor belt-------
---------baggage detected by sensor------------- 
Baggage weighs: 16.23 kg
baggage is on conveyor belt-------
---------baggage detected by sensor------------- 
Baggage weighs: 19.13 kg
baggage is on conveyor belt-------
---------baggage detected by sensor------------- 
Baggage weighs: 21.07 kg
Seat with ID: 23C has been reserved for you!

BOARDING PASS FOR BRITTNEY SNYDER
-----------------------------------------------------------------------------
LUFTHANSA                      2hl0idfemntvxga /  Brittney Snyder
Brittney Snyder                                     /  2hl0idfemntvxga
FRA   LH2121   E  30.Oct                       /  FRA
HKG                                            /  HKG
SEAT ID: 23C                                   /  LH2121 E 30.Oct
SEQ: 76                                      / GATE: A05   22:00
MAX 1  HANDLUGGAGE/ LUGGAGE
-----------------------------------------------------------------------------
sorry Brittney Snyder we have no voucher for you! Have a nice day!

---------------------------------------------------------------------------------------------------------------
scanning passport with passport id: 1GID2C5BL
searching for ticket in fast bag drop database..............
Ticket found for Riley Powell and Flight LH2121
----searching flight seat for Riley Powell---------
Found a seat with ID 23D
Below details were found in database
------------------------------------------
Name: Riley Powell
Flight ID: LH2121
Source: FRA
Destination: HKG
Gate No: A05
Boarding time: 22:00
Ticket ID: rv6sg2kbxf8k8kn
Booking Class: E
------------------------------------------

Proceed with check-in for flight LH2121 ?
Type YES to CHECK-IN or NO to cancel CHECK-IN
Riley Powell is deciding whether to check-in or to go back home and sleep............
YES CHECK-IN
Checking you in...............
baggage is on conveyor belt-------
---------baggage detected by sensor------------- 
Baggage weighs: 21.58 kg
baggage is on conveyor belt-------
---------baggage detected by sensor------------- 
Baggage weighs: 20.43 kg
baggage is on conveyor belt-------
---------baggage detected by sensor------------- 
Baggage weighs: 18.47 kg
baggage is on conveyor belt-------
---------baggage detected by sensor------------- 
Baggage weighs: 17.86 kg
baggage is on conveyor belt-------
---------baggage detected by sensor------------- 
Baggage weighs: 18.65 kg
baggage is on conveyor belt-------
---------baggage detected by sensor------------- 
Baggage weighs: 19.27 kg
baggage is on conveyor belt-------
---------baggage detected by sensor------------- 
Baggage weighs: 17.42 kg
baggage is on conveyor belt-------
---------baggage detected by sensor------------- 
Baggage weighs: 19.16 kg
baggage is on conveyor belt-------
---------baggage detected by sensor------------- 
Baggage weighs: 19.52 kg
baggage is on conveyor belt-------
---------baggage detected by sensor------------- 
Baggage weighs: 17.51 kg
baggage is on conveyor belt-------
---------baggage detected by sensor------------- 
Baggage weighs: 17.38 kg
baggage is on conveyor belt-------
---------baggage detected by sensor------------- 
Baggage weighs: 18.67 kg
baggage is on conveyor belt-------
---------baggage detected by sensor------------- 
Baggage weighs: 16.98 kg
baggage is on conveyor belt-------
---------baggage detected by sensor------------- 
Baggage weighs: 21.26 kg
baggage is on conveyor belt-------
---------baggage detected by sensor------------- 
Baggage weighs: 18.3 kg
baggage is on conveyor belt-------
---------baggage detected by sensor------------- 
Baggage weighs: 16.81 kg
baggage is on conveyor belt-------
---------baggage detected by sensor------------- 
Baggage weighs: 20.91 kg
baggage is on conveyor belt-------
---------baggage detected by sensor------------- 
Baggage weighs: 21.21 kg
baggage is on conveyor belt-------
---------baggage detected by sensor------------- 
Baggage weighs: 19.69 kg
baggage is on conveyor belt-------
---------baggage detected by sensor------------- 
Baggage weighs: 18.67 kg
baggage is on conveyor belt-------
---------baggage detected by sensor------------- 
Baggage weighs: 19.12 kg
baggage is on conveyor belt-------
---------baggage detected by sensor------------- 
Baggage weighs: 16.42 kg
baggage is on conveyor belt-------
---------baggage detected by sensor------------- 
Baggage weighs: 19.17 kg
baggage is on conveyor belt-------
---------baggage detected by sensor------------- 
Baggage weighs: 19.0 kg
baggage is on conveyor belt-------
---------baggage detected by sensor------------- 
Baggage weighs: 18.78 kg
baggage is on conveyor belt-------
---------baggage detected by sensor------------- 
Baggage weighs: 20.31 kg
baggage is on conveyor belt-------
---------baggage detected by sensor------------- 
Baggage weighs: 21.25 kg
baggage is on conveyor belt-------
---------baggage detected by sensor------------- 
Baggage weighs: 18.87 kg
baggage is on conveyor belt-------
---------baggage detected by sensor------------- 
Baggage weighs: 16.25 kg
baggage is on conveyor belt-------
---------baggage detected by sensor------------- 
Baggage weighs: 19.94 kg
baggage is on conveyor belt-------
---------baggage detected by sensor------------- 
Baggage weighs: 16.88 kg
baggage is on conveyor belt-------
---------baggage detected by sensor------------- 
Baggage weighs: 18.24 kg
baggage is on conveyor belt-------
---------baggage detected by sensor------------- 
Baggage weighs: 17.16 kg
baggage is on conveyor belt-------
---------baggage detected by sensor------------- 
Baggage weighs: 19.34 kg
baggage is on conveyor belt-------
---------baggage detected by sensor------------- 
Baggage weighs: 22.41 kg
baggage is on conveyor belt-------
---------baggage detected by sensor------------- 
Baggage weighs: 20.47 kg
baggage is on conveyor belt-------
---------baggage detected by sensor------------- 
Baggage weighs: 18.81 kg
baggage is on conveyor belt-------
---------baggage detected by sensor------------- 
Baggage weighs: 18.56 kg
baggage is on conveyor belt-------
---------baggage detected by sensor------------- 
Baggage weighs: 17.77 kg
baggage is on conveyor belt-------
---------baggage detected by sensor------------- 
Baggage weighs: 19.32 kg
baggage is on conveyor belt-------
---------baggage detected by sensor------------- 
Baggage weighs: 19.21 kg
baggage is on conveyor belt-------
---------baggage detected by sensor------------- 
Baggage weighs: 19.13 kg
baggage is on conveyor belt-------
---------baggage detected by sensor------------- 
Baggage weighs: 20.39 kg
baggage is on conveyor belt-------
---------baggage detected by sensor------------- 
Baggage weighs: 21.03 kg
baggage is on conveyor belt-------
---------baggage detected by sensor------------- 
Baggage weighs: 20.05 kg
baggage is on conveyor belt-------
---------baggage detected by sensor------------- 
Baggage weighs: 21.92 kg
baggage is on conveyor belt-------
---------baggage detected by sensor------------- 
Baggage weighs: 19.37 kg
baggage is on conveyor belt-------
---------baggage detected by sensor------------- 
Baggage weighs: 20.35 kg
baggage is on conveyor belt-------
---------baggage detected by sensor------------- 
Baggage weighs: 18.73 kg
baggage is on conveyor belt-------
---------baggage detected by sensor------------- 
Baggage weighs: 20.33 kg
baggage is on conveyor belt-------
---------baggage detected by sensor------------- 
Baggage weighs: 22.01 kg
baggage is on conveyor belt-------
---------baggage detected by sensor------------- 
Baggage weighs: 19.27 kg
baggage is on conveyor belt-------
---------baggage detected by sensor------------- 
Baggage weighs: 21.18 kg
baggage is on conveyor belt-------
---------baggage detected by sensor------------- 
Baggage weighs: 17.16 kg
baggage is on conveyor belt-------
---------baggage detected by sensor------------- 
Baggage weighs: 20.04 kg
baggage is on conveyor belt-------
---------baggage detected by sensor------------- 
Baggage weighs: 20.91 kg
baggage is on conveyor belt-------
---------baggage detected by sensor------------- 
Baggage weighs: 20.3 kg
baggage is on conveyor belt-------
---------baggage detected by sensor------------- 
Baggage weighs: 20.38 kg
baggage is on conveyor belt-------
---------baggage detected by sensor------------- 
Baggage weighs: 16.54 kg
baggage is on conveyor belt-------
---------baggage detected by sensor------------- 
Baggage weighs: 18.87 kg
baggage is on conveyor belt-------
---------baggage detected by sensor------------- 
Baggage weighs: 20.22 kg
baggage is on conveyor belt-------
---------baggage detected by sensor------------- 
Baggage weighs: 20.75 kg
baggage is on conveyor belt-------
---------baggage detected by sensor------------- 
Baggage weighs: 17.4 kg
baggage is on conveyor belt-------
---------baggage detected by sensor------------- 
Baggage weighs: 20.27 kg
baggage is on conveyor belt-------
---------baggage detected by sensor------------- 
Baggage weighs: 17.04 kg
baggage is on conveyor belt-------
---------baggage detected by sensor------------- 
Baggage weighs: 19.84 kg
baggage is on conveyor belt-------
---------baggage detected by sensor------------- 
Baggage weighs: 17.34 kg
baggage is on conveyor belt-------
---------baggage detected by sensor------------- 
Baggage weighs: 18.75 kg
baggage is on conveyor belt-------
---------baggage detected by sensor------------- 
Baggage weighs: 19.12 kg
baggage is on conveyor belt-------
---------baggage detected by sensor------------- 
Baggage weighs: 18.29 kg
baggage is on conveyor belt-------
---------baggage detected by sensor------------- 
Baggage weighs: 17.94 kg
baggage is on conveyor belt-------
---------baggage detected by sensor------------- 
Baggage weighs: 19.09 kg
baggage is on conveyor belt-------
---------baggage detected by sensor------------- 
Baggage weighs: 22.39 kg
baggage is on conveyor belt-------
---------baggage detected by sensor------------- 
Baggage weighs: 21.23 kg
baggage is on conveyor belt-------
---------baggage detected by sensor------------- 
Baggage weighs: 17.56 kg
baggage is on conveyor belt-------
---------baggage detected by sensor------------- 
Baggage weighs: 18.37 kg
baggage is on conveyor belt-------
---------baggage detected by sensor------------- 
Baggage weighs: 21.4 kg
baggage is on conveyor belt-------
---------baggage detected by sensor------------- 
Baggage weighs: 20.25 kg
baggage is on conveyor belt-------
---------baggage detected by sensor------------- 
Baggage weighs: 23.0 kg
baggage is on conveyor belt-------
---------baggage detected by sensor------------- 
Baggage weighs: 17.01 kg
baggage is on conveyor belt-------
---------baggage detected by sensor------------- 
Baggage weighs: 17.39 kg
baggage is on conveyor belt-------
---------baggage detected by sensor------------- 
Baggage weighs: 16.7 kg
baggage is on conveyor belt-------
---------baggage detected by sensor------------- 
Baggage weighs: 16.23 kg
baggage is on conveyor belt-------
---------baggage detected by sensor------------- 
Baggage weighs: 19.13 kg
baggage is on conveyor belt-------
---------baggage detected by sensor------------- 
Baggage weighs: 21.07 kg
baggage is on conveyor belt-------
---------baggage detected by sensor------------- 
Baggage weighs: 17.87 kg
Seat with ID: 23D has been reserved for you!

BOARDING PASS FOR RILEY POWELL
-----------------------------------------------------------------------------
LUFTHANSA                      rv6sg2kbxf8k8kn /  Riley Powell
Riley Powell                                     /  rv6sg2kbxf8k8kn
FRA   LH2121   E  30.Oct                       /  FRA
HKG                                            /  HKG
SEAT ID: 23D                                   /  LH2121 E 30.Oct
SEQ: 77                                      / GATE: A05   22:00
MAX 1  HANDLUGGAGE/ LUGGAGE
-----------------------------------------------------------------------------
sorry Riley Powell we have no voucher for you! Have a nice day!

---------------------------------------------------------------------------------------------------------------
scanning passport with passport id: HE0M0J2DY
searching for ticket in fast bag drop database..............
Ticket found for Travis Kaiser and Flight LH2121
----searching flight seat for Travis Kaiser---------
Found a seat with ID 23E
Below details were found in database
------------------------------------------
Name: Travis Kaiser
Flight ID: LH2121
Source: FRA
Destination: HKG
Gate No: A05
Boarding time: 22:00
Ticket ID: 3ovvjqd15c0mx4o
Booking Class: E
------------------------------------------

Proceed with check-in for flight LH2121 ?
Type YES to CHECK-IN or NO to cancel CHECK-IN
Travis Kaiser is deciding whether to check-in or to go back home and sleep............
YES CHECK-IN
Checking you in...............
baggage is on conveyor belt-------
---------baggage detected by sensor------------- 
Baggage weighs: 21.58 kg
baggage is on conveyor belt-------
---------baggage detected by sensor------------- 
Baggage weighs: 20.43 kg
baggage is on conveyor belt-------
---------baggage detected by sensor------------- 
Baggage weighs: 18.47 kg
baggage is on conveyor belt-------
---------baggage detected by sensor------------- 
Baggage weighs: 17.86 kg
baggage is on conveyor belt-------
---------baggage detected by sensor------------- 
Baggage weighs: 18.65 kg
baggage is on conveyor belt-------
---------baggage detected by sensor------------- 
Baggage weighs: 19.27 kg
baggage is on conveyor belt-------
---------baggage detected by sensor------------- 
Baggage weighs: 17.42 kg
baggage is on conveyor belt-------
---------baggage detected by sensor------------- 
Baggage weighs: 19.16 kg
baggage is on conveyor belt-------
---------baggage detected by sensor------------- 
Baggage weighs: 19.52 kg
baggage is on conveyor belt-------
---------baggage detected by sensor------------- 
Baggage weighs: 17.51 kg
baggage is on conveyor belt-------
---------baggage detected by sensor------------- 
Baggage weighs: 17.38 kg
baggage is on conveyor belt-------
---------baggage detected by sensor------------- 
Baggage weighs: 18.67 kg
baggage is on conveyor belt-------
---------baggage detected by sensor------------- 
Baggage weighs: 16.98 kg
baggage is on conveyor belt-------
---------baggage detected by sensor------------- 
Baggage weighs: 21.26 kg
baggage is on conveyor belt-------
---------baggage detected by sensor------------- 
Baggage weighs: 18.3 kg
baggage is on conveyor belt-------
---------baggage detected by sensor------------- 
Baggage weighs: 16.81 kg
baggage is on conveyor belt-------
---------baggage detected by sensor------------- 
Baggage weighs: 20.91 kg
baggage is on conveyor belt-------
---------baggage detected by sensor------------- 
Baggage weighs: 21.21 kg
baggage is on conveyor belt-------
---------baggage detected by sensor------------- 
Baggage weighs: 19.69 kg
baggage is on conveyor belt-------
---------baggage detected by sensor------------- 
Baggage weighs: 18.67 kg
baggage is on conveyor belt-------
---------baggage detected by sensor------------- 
Baggage weighs: 19.12 kg
baggage is on conveyor belt-------
---------baggage detected by sensor------------- 
Baggage weighs: 16.42 kg
baggage is on conveyor belt-------
---------baggage detected by sensor------------- 
Baggage weighs: 19.17 kg
baggage is on conveyor belt-------
---------baggage detected by sensor------------- 
Baggage weighs: 19.0 kg
baggage is on conveyor belt-------
---------baggage detected by sensor------------- 
Baggage weighs: 18.78 kg
baggage is on conveyor belt-------
---------baggage detected by sensor------------- 
Baggage weighs: 20.31 kg
baggage is on conveyor belt-------
---------baggage detected by sensor------------- 
Baggage weighs: 21.25 kg
baggage is on conveyor belt-------
---------baggage detected by sensor------------- 
Baggage weighs: 18.87 kg
baggage is on conveyor belt-------
---------baggage detected by sensor------------- 
Baggage weighs: 16.25 kg
baggage is on conveyor belt-------
---------baggage detected by sensor------------- 
Baggage weighs: 19.94 kg
baggage is on conveyor belt-------
---------baggage detected by sensor------------- 
Baggage weighs: 16.88 kg
baggage is on conveyor belt-------
---------baggage detected by sensor------------- 
Baggage weighs: 18.24 kg
baggage is on conveyor belt-------
---------baggage detected by sensor------------- 
Baggage weighs: 17.16 kg
baggage is on conveyor belt-------
---------baggage detected by sensor------------- 
Baggage weighs: 19.34 kg
baggage is on conveyor belt-------
---------baggage detected by sensor------------- 
Baggage weighs: 22.41 kg
baggage is on conveyor belt-------
---------baggage detected by sensor------------- 
Baggage weighs: 20.47 kg
baggage is on conveyor belt-------
---------baggage detected by sensor------------- 
Baggage weighs: 18.81 kg
baggage is on conveyor belt-------
---------baggage detected by sensor------------- 
Baggage weighs: 18.56 kg
baggage is on conveyor belt-------
---------baggage detected by sensor------------- 
Baggage weighs: 17.77 kg
baggage is on conveyor belt-------
---------baggage detected by sensor------------- 
Baggage weighs: 19.32 kg
baggage is on conveyor belt-------
---------baggage detected by sensor------------- 
Baggage weighs: 19.21 kg
baggage is on conveyor belt-------
---------baggage detected by sensor------------- 
Baggage weighs: 19.13 kg
baggage is on conveyor belt-------
---------baggage detected by sensor------------- 
Baggage weighs: 20.39 kg
baggage is on conveyor belt-------
---------baggage detected by sensor------------- 
Baggage weighs: 21.03 kg
baggage is on conveyor belt-------
---------baggage detected by sensor------------- 
Baggage weighs: 20.05 kg
baggage is on conveyor belt-------
---------baggage detected by sensor------------- 
Baggage weighs: 21.92 kg
baggage is on conveyor belt-------
---------baggage detected by sensor------------- 
Baggage weighs: 19.37 kg
baggage is on conveyor belt-------
---------baggage detected by sensor------------- 
Baggage weighs: 20.35 kg
baggage is on conveyor belt-------
---------baggage detected by sensor------------- 
Baggage weighs: 18.73 kg
baggage is on conveyor belt-------
---------baggage detected by sensor------------- 
Baggage weighs: 20.33 kg
baggage is on conveyor belt-------
---------baggage detected by sensor------------- 
Baggage weighs: 22.01 kg
baggage is on conveyor belt-------
---------baggage detected by sensor------------- 
Baggage weighs: 19.27 kg
baggage is on conveyor belt-------
---------baggage detected by sensor------------- 
Baggage weighs: 21.18 kg
baggage is on conveyor belt-------
---------baggage detected by sensor------------- 
Baggage weighs: 17.16 kg
baggage is on conveyor belt-------
---------baggage detected by sensor------------- 
Baggage weighs: 20.04 kg
baggage is on conveyor belt-------
---------baggage detected by sensor------------- 
Baggage weighs: 20.91 kg
baggage is on conveyor belt-------
---------baggage detected by sensor------------- 
Baggage weighs: 20.3 kg
baggage is on conveyor belt-------
---------baggage detected by sensor------------- 
Baggage weighs: 20.38 kg
baggage is on conveyor belt-------
---------baggage detected by sensor------------- 
Baggage weighs: 16.54 kg
baggage is on conveyor belt-------
---------baggage detected by sensor------------- 
Baggage weighs: 18.87 kg
baggage is on conveyor belt-------
---------baggage detected by sensor------------- 
Baggage weighs: 20.22 kg
baggage is on conveyor belt-------
---------baggage detected by sensor------------- 
Baggage weighs: 20.75 kg
baggage is on conveyor belt-------
---------baggage detected by sensor------------- 
Baggage weighs: 17.4 kg
baggage is on conveyor belt-------
---------baggage detected by sensor------------- 
Baggage weighs: 20.27 kg
baggage is on conveyor belt-------
---------baggage detected by sensor------------- 
Baggage weighs: 17.04 kg
baggage is on conveyor belt-------
---------baggage detected by sensor------------- 
Baggage weighs: 19.84 kg
baggage is on conveyor belt-------
---------baggage detected by sensor------------- 
Baggage weighs: 17.34 kg
baggage is on conveyor belt-------
---------baggage detected by sensor------------- 
Baggage weighs: 18.75 kg
baggage is on conveyor belt-------
---------baggage detected by sensor------------- 
Baggage weighs: 19.12 kg
baggage is on conveyor belt-------
---------baggage detected by sensor------------- 
Baggage weighs: 18.29 kg
baggage is on conveyor belt-------
---------baggage detected by sensor------------- 
Baggage weighs: 17.94 kg
baggage is on conveyor belt-------
---------baggage detected by sensor------------- 
Baggage weighs: 19.09 kg
baggage is on conveyor belt-------
---------baggage detected by sensor------------- 
Baggage weighs: 22.39 kg
baggage is on conveyor belt-------
---------baggage detected by sensor------------- 
Baggage weighs: 21.23 kg
baggage is on conveyor belt-------
---------baggage detected by sensor------------- 
Baggage weighs: 17.56 kg
baggage is on conveyor belt-------
---------baggage detected by sensor------------- 
Baggage weighs: 18.37 kg
baggage is on conveyor belt-------
---------baggage detected by sensor------------- 
Baggage weighs: 21.4 kg
baggage is on conveyor belt-------
---------baggage detected by sensor------------- 
Baggage weighs: 20.25 kg
baggage is on conveyor belt-------
---------baggage detected by sensor------------- 
Baggage weighs: 23.0 kg
baggage is on conveyor belt-------
---------baggage detected by sensor------------- 
Baggage weighs: 17.01 kg
baggage is on conveyor belt-------
---------baggage detected by sensor------------- 
Baggage weighs: 17.39 kg
baggage is on conveyor belt-------
---------baggage detected by sensor------------- 
Baggage weighs: 16.7 kg
baggage is on conveyor belt-------
---------baggage detected by sensor------------- 
Baggage weighs: 16.23 kg
baggage is on conveyor belt-------
---------baggage detected by sensor------------- 
Baggage weighs: 19.13 kg
baggage is on conveyor belt-------
---------baggage detected by sensor------------- 
Baggage weighs: 21.07 kg
baggage is on conveyor belt-------
---------baggage detected by sensor------------- 
Baggage weighs: 17.87 kg
baggage is on conveyor belt-------
---------baggage detected by sensor------------- 
Baggage weighs: 19.92 kg
Seat with ID: 23E has been reserved for you!

BOARDING PASS FOR TRAVIS KAISER
-----------------------------------------------------------------------------
LUFTHANSA                      3ovvjqd15c0mx4o /  Travis Kaiser
Travis Kaiser                                     /  3ovvjqd15c0mx4o
FRA   LH2121   E  30.Oct                       /  FRA
HKG                                            /  HKG
SEAT ID: 23E                                   /  LH2121 E 30.Oct
SEQ: 78                                      / GATE: A05   22:00
MAX 1  HANDLUGGAGE/ LUGGAGE
-----------------------------------------------------------------------------
sorry Travis Kaiser we have no voucher for you! Have a nice day!

---------------------------------------------------------------------------------------------------------------
scanning passport with passport id: HOCBVOQ86
searching for ticket in fast bag drop database..............
Ticket found for Jewel Goodman and Flight LH2121
----searching flight seat for Jewel Goodman---------
Found a seat with ID 23G
Below details were found in database
------------------------------------------
Name: Jewel Goodman
Flight ID: LH2121
Source: FRA
Destination: HKG
Gate No: A05
Boarding time: 22:00
Ticket ID: 8w497rojsg1kv6w
Booking Class: E
------------------------------------------

Proceed with check-in for flight LH2121 ?
Type YES to CHECK-IN or NO to cancel CHECK-IN
Jewel Goodman is deciding whether to check-in or to go back home and sleep............
YES CHECK-IN
Checking you in...............
baggage is on conveyor belt-------
---------baggage detected by sensor------------- 
Baggage weighs: 21.58 kg
baggage is on conveyor belt-------
---------baggage detected by sensor------------- 
Baggage weighs: 20.43 kg
baggage is on conveyor belt-------
---------baggage detected by sensor------------- 
Baggage weighs: 18.47 kg
baggage is on conveyor belt-------
---------baggage detected by sensor------------- 
Baggage weighs: 17.86 kg
baggage is on conveyor belt-------
---------baggage detected by sensor------------- 
Baggage weighs: 18.65 kg
baggage is on conveyor belt-------
---------baggage detected by sensor------------- 
Baggage weighs: 19.27 kg
baggage is on conveyor belt-------
---------baggage detected by sensor------------- 
Baggage weighs: 17.42 kg
baggage is on conveyor belt-------
---------baggage detected by sensor------------- 
Baggage weighs: 19.16 kg
baggage is on conveyor belt-------
---------baggage detected by sensor------------- 
Baggage weighs: 19.52 kg
baggage is on conveyor belt-------
---------baggage detected by sensor------------- 
Baggage weighs: 17.51 kg
baggage is on conveyor belt-------
---------baggage detected by sensor------------- 
Baggage weighs: 17.38 kg
baggage is on conveyor belt-------
---------baggage detected by sensor------------- 
Baggage weighs: 18.67 kg
baggage is on conveyor belt-------
---------baggage detected by sensor------------- 
Baggage weighs: 16.98 kg
baggage is on conveyor belt-------
---------baggage detected by sensor------------- 
Baggage weighs: 21.26 kg
baggage is on conveyor belt-------
---------baggage detected by sensor------------- 
Baggage weighs: 18.3 kg
baggage is on conveyor belt-------
---------baggage detected by sensor------------- 
Baggage weighs: 16.81 kg
baggage is on conveyor belt-------
---------baggage detected by sensor------------- 
Baggage weighs: 20.91 kg
baggage is on conveyor belt-------
---------baggage detected by sensor------------- 
Baggage weighs: 21.21 kg
baggage is on conveyor belt-------
---------baggage detected by sensor------------- 
Baggage weighs: 19.69 kg
baggage is on conveyor belt-------
---------baggage detected by sensor------------- 
Baggage weighs: 18.67 kg
baggage is on conveyor belt-------
---------baggage detected by sensor------------- 
Baggage weighs: 19.12 kg
baggage is on conveyor belt-------
---------baggage detected by sensor------------- 
Baggage weighs: 16.42 kg
baggage is on conveyor belt-------
---------baggage detected by sensor------------- 
Baggage weighs: 19.17 kg
baggage is on conveyor belt-------
---------baggage detected by sensor------------- 
Baggage weighs: 19.0 kg
baggage is on conveyor belt-------
---------baggage detected by sensor------------- 
Baggage weighs: 18.78 kg
baggage is on conveyor belt-------
---------baggage detected by sensor------------- 
Baggage weighs: 20.31 kg
baggage is on conveyor belt-------
---------baggage detected by sensor------------- 
Baggage weighs: 21.25 kg
baggage is on conveyor belt-------
---------baggage detected by sensor------------- 
Baggage weighs: 18.87 kg
baggage is on conveyor belt-------
---------baggage detected by sensor------------- 
Baggage weighs: 16.25 kg
baggage is on conveyor belt-------
---------baggage detected by sensor------------- 
Baggage weighs: 19.94 kg
baggage is on conveyor belt-------
---------baggage detected by sensor------------- 
Baggage weighs: 16.88 kg
baggage is on conveyor belt-------
---------baggage detected by sensor------------- 
Baggage weighs: 18.24 kg
baggage is on conveyor belt-------
---------baggage detected by sensor------------- 
Baggage weighs: 17.16 kg
baggage is on conveyor belt-------
---------baggage detected by sensor------------- 
Baggage weighs: 19.34 kg
baggage is on conveyor belt-------
---------baggage detected by sensor------------- 
Baggage weighs: 22.41 kg
baggage is on conveyor belt-------
---------baggage detected by sensor------------- 
Baggage weighs: 20.47 kg
baggage is on conveyor belt-------
---------baggage detected by sensor------------- 
Baggage weighs: 18.81 kg
baggage is on conveyor belt-------
---------baggage detected by sensor------------- 
Baggage weighs: 18.56 kg
baggage is on conveyor belt-------
---------baggage detected by sensor------------- 
Baggage weighs: 17.77 kg
baggage is on conveyor belt-------
---------baggage detected by sensor------------- 
Baggage weighs: 19.32 kg
baggage is on conveyor belt-------
---------baggage detected by sensor------------- 
Baggage weighs: 19.21 kg
baggage is on conveyor belt-------
---------baggage detected by sensor------------- 
Baggage weighs: 19.13 kg
baggage is on conveyor belt-------
---------baggage detected by sensor------------- 
Baggage weighs: 20.39 kg
baggage is on conveyor belt-------
---------baggage detected by sensor------------- 
Baggage weighs: 21.03 kg
baggage is on conveyor belt-------
---------baggage detected by sensor------------- 
Baggage weighs: 20.05 kg
baggage is on conveyor belt-------
---------baggage detected by sensor------------- 
Baggage weighs: 21.92 kg
baggage is on conveyor belt-------
---------baggage detected by sensor------------- 
Baggage weighs: 19.37 kg
baggage is on conveyor belt-------
---------baggage detected by sensor------------- 
Baggage weighs: 20.35 kg
baggage is on conveyor belt-------
---------baggage detected by sensor------------- 
Baggage weighs: 18.73 kg
baggage is on conveyor belt-------
---------baggage detected by sensor------------- 
Baggage weighs: 20.33 kg
baggage is on conveyor belt-------
---------baggage detected by sensor------------- 
Baggage weighs: 22.01 kg
baggage is on conveyor belt-------
---------baggage detected by sensor------------- 
Baggage weighs: 19.27 kg
baggage is on conveyor belt-------
---------baggage detected by sensor------------- 
Baggage weighs: 21.18 kg
baggage is on conveyor belt-------
---------baggage detected by sensor------------- 
Baggage weighs: 17.16 kg
baggage is on conveyor belt-------
---------baggage detected by sensor------------- 
Baggage weighs: 20.04 kg
baggage is on conveyor belt-------
---------baggage detected by sensor------------- 
Baggage weighs: 20.91 kg
baggage is on conveyor belt-------
---------baggage detected by sensor------------- 
Baggage weighs: 20.3 kg
baggage is on conveyor belt-------
---------baggage detected by sensor------------- 
Baggage weighs: 20.38 kg
baggage is on conveyor belt-------
---------baggage detected by sensor------------- 
Baggage weighs: 16.54 kg
baggage is on conveyor belt-------
---------baggage detected by sensor------------- 
Baggage weighs: 18.87 kg
baggage is on conveyor belt-------
---------baggage detected by sensor------------- 
Baggage weighs: 20.22 kg
baggage is on conveyor belt-------
---------baggage detected by sensor------------- 
Baggage weighs: 20.75 kg
baggage is on conveyor belt-------
---------baggage detected by sensor------------- 
Baggage weighs: 17.4 kg
baggage is on conveyor belt-------
---------baggage detected by sensor------------- 
Baggage weighs: 20.27 kg
baggage is on conveyor belt-------
---------baggage detected by sensor------------- 
Baggage weighs: 17.04 kg
baggage is on conveyor belt-------
---------baggage detected by sensor------------- 
Baggage weighs: 19.84 kg
baggage is on conveyor belt-------
---------baggage detected by sensor------------- 
Baggage weighs: 17.34 kg
baggage is on conveyor belt-------
---------baggage detected by sensor------------- 
Baggage weighs: 18.75 kg
baggage is on conveyor belt-------
---------baggage detected by sensor------------- 
Baggage weighs: 19.12 kg
baggage is on conveyor belt-------
---------baggage detected by sensor------------- 
Baggage weighs: 18.29 kg
baggage is on conveyor belt-------
---------baggage detected by sensor------------- 
Baggage weighs: 17.94 kg
baggage is on conveyor belt-------
---------baggage detected by sensor------------- 
Baggage weighs: 19.09 kg
baggage is on conveyor belt-------
---------baggage detected by sensor------------- 
Baggage weighs: 22.39 kg
baggage is on conveyor belt-------
---------baggage detected by sensor------------- 
Baggage weighs: 21.23 kg
baggage is on conveyor belt-------
---------baggage detected by sensor------------- 
Baggage weighs: 17.56 kg
baggage is on conveyor belt-------
---------baggage detected by sensor------------- 
Baggage weighs: 18.37 kg
baggage is on conveyor belt-------
---------baggage detected by sensor------------- 
Baggage weighs: 21.4 kg
baggage is on conveyor belt-------
---------baggage detected by sensor------------- 
Baggage weighs: 20.25 kg
baggage is on conveyor belt-------
---------baggage detected by sensor------------- 
Baggage weighs: 23.0 kg
baggage is on conveyor belt-------
---------baggage detected by sensor------------- 
Baggage weighs: 17.01 kg
baggage is on conveyor belt-------
---------baggage detected by sensor------------- 
Baggage weighs: 17.39 kg
baggage is on conveyor belt-------
---------baggage detected by sensor------------- 
Baggage weighs: 16.7 kg
baggage is on conveyor belt-------
---------baggage detected by sensor------------- 
Baggage weighs: 16.23 kg
baggage is on conveyor belt-------
---------baggage detected by sensor------------- 
Baggage weighs: 19.13 kg
baggage is on conveyor belt-------
---------baggage detected by sensor------------- 
Baggage weighs: 21.07 kg
baggage is on conveyor belt-------
---------baggage detected by sensor------------- 
Baggage weighs: 17.87 kg
baggage is on conveyor belt-------
---------baggage detected by sensor------------- 
Baggage weighs: 19.92 kg
baggage is on conveyor belt-------
---------baggage detected by sensor------------- 
Baggage weighs: 19.22 kg
Seat with ID: 23G has been reserved for you!

BOARDING PASS FOR JEWEL GOODMAN
-----------------------------------------------------------------------------
LUFTHANSA                      8w497rojsg1kv6w /  Jewel Goodman
Jewel Goodman                                     /  8w497rojsg1kv6w
FRA   LH2121   E  30.Oct                       /  FRA
HKG                                            /  HKG
SEAT ID: 23G                                   /  LH2121 E 30.Oct
SEQ: 79                                      / GATE: A05   22:00
MAX 1  HANDLUGGAGE/ LUGGAGE
-----------------------------------------------------------------------------
sorry Jewel Goodman we have no voucher for you! Have a nice day!

---------------------------------------------------------------------------------------------------------------
scanning passport with passport id: PFRFKZBFH
searching for ticket in fast bag drop database..............
Ticket found for Russell Cobb and Flight LH2121
----searching flight seat for Russell Cobb---------
Found a seat with ID 23H
Below details were found in database
------------------------------------------
Name: Russell Cobb
Flight ID: LH2121
Source: FRA
Destination: HKG
Gate No: A05
Boarding time: 22:00
Ticket ID: 07ic1lgrx6lic1t
Booking Class: E
------------------------------------------

Proceed with check-in for flight LH2121 ?
Type YES to CHECK-IN or NO to cancel CHECK-IN
Russell Cobb is deciding whether to check-in or to go back home and sleep............
YES CHECK-IN
Checking you in...............
baggage is on conveyor belt-------
---------baggage detected by sensor------------- 
Baggage weighs: 21.58 kg
baggage is on conveyor belt-------
---------baggage detected by sensor------------- 
Baggage weighs: 20.43 kg
baggage is on conveyor belt-------
---------baggage detected by sensor------------- 
Baggage weighs: 18.47 kg
baggage is on conveyor belt-------
---------baggage detected by sensor------------- 
Baggage weighs: 17.86 kg
baggage is on conveyor belt-------
---------baggage detected by sensor------------- 
Baggage weighs: 18.65 kg
baggage is on conveyor belt-------
---------baggage detected by sensor------------- 
Baggage weighs: 19.27 kg
baggage is on conveyor belt-------
---------baggage detected by sensor------------- 
Baggage weighs: 17.42 kg
baggage is on conveyor belt-------
---------baggage detected by sensor------------- 
Baggage weighs: 19.16 kg
baggage is on conveyor belt-------
---------baggage detected by sensor------------- 
Baggage weighs: 19.52 kg
baggage is on conveyor belt-------
---------baggage detected by sensor------------- 
Baggage weighs: 17.51 kg
baggage is on conveyor belt-------
---------baggage detected by sensor------------- 
Baggage weighs: 17.38 kg
baggage is on conveyor belt-------
---------baggage detected by sensor------------- 
Baggage weighs: 18.67 kg
baggage is on conveyor belt-------
---------baggage detected by sensor------------- 
Baggage weighs: 16.98 kg
baggage is on conveyor belt-------
---------baggage detected by sensor------------- 
Baggage weighs: 21.26 kg
baggage is on conveyor belt-------
---------baggage detected by sensor------------- 
Baggage weighs: 18.3 kg
baggage is on conveyor belt-------
---------baggage detected by sensor------------- 
Baggage weighs: 16.81 kg
baggage is on conveyor belt-------
---------baggage detected by sensor------------- 
Baggage weighs: 20.91 kg
baggage is on conveyor belt-------
---------baggage detected by sensor------------- 
Baggage weighs: 21.21 kg
baggage is on conveyor belt-------
---------baggage detected by sensor------------- 
Baggage weighs: 19.69 kg
baggage is on conveyor belt-------
---------baggage detected by sensor------------- 
Baggage weighs: 18.67 kg
baggage is on conveyor belt-------
---------baggage detected by sensor------------- 
Baggage weighs: 19.12 kg
baggage is on conveyor belt-------
---------baggage detected by sensor------------- 
Baggage weighs: 16.42 kg
baggage is on conveyor belt-------
---------baggage detected by sensor------------- 
Baggage weighs: 19.17 kg
baggage is on conveyor belt-------
---------baggage detected by sensor------------- 
Baggage weighs: 19.0 kg
baggage is on conveyor belt-------
---------baggage detected by sensor------------- 
Baggage weighs: 18.78 kg
baggage is on conveyor belt-------
---------baggage detected by sensor------------- 
Baggage weighs: 20.31 kg
baggage is on conveyor belt-------
---------baggage detected by sensor------------- 
Baggage weighs: 21.25 kg
baggage is on conveyor belt-------
---------baggage detected by sensor------------- 
Baggage weighs: 18.87 kg
baggage is on conveyor belt-------
---------baggage detected by sensor------------- 
Baggage weighs: 16.25 kg
baggage is on conveyor belt-------
---------baggage detected by sensor------------- 
Baggage weighs: 19.94 kg
baggage is on conveyor belt-------
---------baggage detected by sensor------------- 
Baggage weighs: 16.88 kg
baggage is on conveyor belt-------
---------baggage detected by sensor------------- 
Baggage weighs: 18.24 kg
baggage is on conveyor belt-------
---------baggage detected by sensor------------- 
Baggage weighs: 17.16 kg
baggage is on conveyor belt-------
---------baggage detected by sensor------------- 
Baggage weighs: 19.34 kg
baggage is on conveyor belt-------
---------baggage detected by sensor------------- 
Baggage weighs: 22.41 kg
baggage is on conveyor belt-------
---------baggage detected by sensor------------- 
Baggage weighs: 20.47 kg
baggage is on conveyor belt-------
---------baggage detected by sensor------------- 
Baggage weighs: 18.81 kg
baggage is on conveyor belt-------
---------baggage detected by sensor------------- 
Baggage weighs: 18.56 kg
baggage is on conveyor belt-------
---------baggage detected by sensor------------- 
Baggage weighs: 17.77 kg
baggage is on conveyor belt-------
---------baggage detected by sensor------------- 
Baggage weighs: 19.32 kg
baggage is on conveyor belt-------
---------baggage detected by sensor------------- 
Baggage weighs: 19.21 kg
baggage is on conveyor belt-------
---------baggage detected by sensor------------- 
Baggage weighs: 19.13 kg
baggage is on conveyor belt-------
---------baggage detected by sensor------------- 
Baggage weighs: 20.39 kg
baggage is on conveyor belt-------
---------baggage detected by sensor------------- 
Baggage weighs: 21.03 kg
baggage is on conveyor belt-------
---------baggage detected by sensor------------- 
Baggage weighs: 20.05 kg
baggage is on conveyor belt-------
---------baggage detected by sensor------------- 
Baggage weighs: 21.92 kg
baggage is on conveyor belt-------
---------baggage detected by sensor------------- 
Baggage weighs: 19.37 kg
baggage is on conveyor belt-------
---------baggage detected by sensor------------- 
Baggage weighs: 20.35 kg
baggage is on conveyor belt-------
---------baggage detected by sensor------------- 
Baggage weighs: 18.73 kg
baggage is on conveyor belt-------
---------baggage detected by sensor------------- 
Baggage weighs: 20.33 kg
baggage is on conveyor belt-------
---------baggage detected by sensor------------- 
Baggage weighs: 22.01 kg
baggage is on conveyor belt-------
---------baggage detected by sensor------------- 
Baggage weighs: 19.27 kg
baggage is on conveyor belt-------
---------baggage detected by sensor------------- 
Baggage weighs: 21.18 kg
baggage is on conveyor belt-------
---------baggage detected by sensor------------- 
Baggage weighs: 17.16 kg
baggage is on conveyor belt-------
---------baggage detected by sensor------------- 
Baggage weighs: 20.04 kg
baggage is on conveyor belt-------
---------baggage detected by sensor------------- 
Baggage weighs: 20.91 kg
baggage is on conveyor belt-------
---------baggage detected by sensor------------- 
Baggage weighs: 20.3 kg
baggage is on conveyor belt-------
---------baggage detected by sensor------------- 
Baggage weighs: 20.38 kg
baggage is on conveyor belt-------
---------baggage detected by sensor------------- 
Baggage weighs: 16.54 kg
baggage is on conveyor belt-------
---------baggage detected by sensor------------- 
Baggage weighs: 18.87 kg
baggage is on conveyor belt-------
---------baggage detected by sensor------------- 
Baggage weighs: 20.22 kg
baggage is on conveyor belt-------
---------baggage detected by sensor------------- 
Baggage weighs: 20.75 kg
baggage is on conveyor belt-------
---------baggage detected by sensor------------- 
Baggage weighs: 17.4 kg
baggage is on conveyor belt-------
---------baggage detected by sensor------------- 
Baggage weighs: 20.27 kg
baggage is on conveyor belt-------
---------baggage detected by sensor------------- 
Baggage weighs: 17.04 kg
baggage is on conveyor belt-------
---------baggage detected by sensor------------- 
Baggage weighs: 19.84 kg
baggage is on conveyor belt-------
---------baggage detected by sensor------------- 
Baggage weighs: 17.34 kg
baggage is on conveyor belt-------
---------baggage detected by sensor------------- 
Baggage weighs: 18.75 kg
baggage is on conveyor belt-------
---------baggage detected by sensor------------- 
Baggage weighs: 19.12 kg
baggage is on conveyor belt-------
---------baggage detected by sensor------------- 
Baggage weighs: 18.29 kg
baggage is on conveyor belt-------
---------baggage detected by sensor------------- 
Baggage weighs: 17.94 kg
baggage is on conveyor belt-------
---------baggage detected by sensor------------- 
Baggage weighs: 19.09 kg
baggage is on conveyor belt-------
---------baggage detected by sensor------------- 
Baggage weighs: 22.39 kg
baggage is on conveyor belt-------
---------baggage detected by sensor------------- 
Baggage weighs: 21.23 kg
baggage is on conveyor belt-------
---------baggage detected by sensor------------- 
Baggage weighs: 17.56 kg
baggage is on conveyor belt-------
---------baggage detected by sensor------------- 
Baggage weighs: 18.37 kg
baggage is on conveyor belt-------
---------baggage detected by sensor------------- 
Baggage weighs: 21.4 kg
baggage is on conveyor belt-------
---------baggage detected by sensor------------- 
Baggage weighs: 20.25 kg
baggage is on conveyor belt-------
---------baggage detected by sensor------------- 
Baggage weighs: 23.0 kg
baggage is on conveyor belt-------
---------baggage detected by sensor------------- 
Baggage weighs: 17.01 kg
baggage is on conveyor belt-------
---------baggage detected by sensor------------- 
Baggage weighs: 17.39 kg
baggage is on conveyor belt-------
---------baggage detected by sensor------------- 
Baggage weighs: 16.7 kg
baggage is on conveyor belt-------
---------baggage detected by sensor------------- 
Baggage weighs: 16.23 kg
baggage is on conveyor belt-------
---------baggage detected by sensor------------- 
Baggage weighs: 19.13 kg
baggage is on conveyor belt-------
---------baggage detected by sensor------------- 
Baggage weighs: 21.07 kg
baggage is on conveyor belt-------
---------baggage detected by sensor------------- 
Baggage weighs: 17.87 kg
baggage is on conveyor belt-------
---------baggage detected by sensor------------- 
Baggage weighs: 19.92 kg
baggage is on conveyor belt-------
---------baggage detected by sensor------------- 
Baggage weighs: 19.22 kg
baggage is on conveyor belt-------
---------baggage detected by sensor------------- 
Baggage weighs: 21.53 kg
Seat with ID: 23H has been reserved for you!

BOARDING PASS FOR RUSSELL COBB
-----------------------------------------------------------------------------
LUFTHANSA                      07ic1lgrx6lic1t /  Russell Cobb
Russell Cobb                                     /  07ic1lgrx6lic1t
FRA   LH2121   E  30.Oct                       /  FRA
HKG                                            /  HKG
SEAT ID: 23H                                   /  LH2121 E 30.Oct
SEQ: 80                                      / GATE: A05   22:00
MAX 1  HANDLUGGAGE/ LUGGAGE
-----------------------------------------------------------------------------
sorry Russell Cobb we have no voucher for you! Have a nice day!

---------------------------------------------------------------------------------------------------------------
scanning passport with passport id: TW0ZR0PIR
searching for ticket in fast bag drop database..............
Ticket found for Georgina House and Flight LH2121
----searching flight seat for Georgina House---------
Found a seat with ID 23J
Below details were found in database
------------------------------------------
Name: Georgina House
Flight ID: LH2121
Source: FRA
Destination: HKG
Gate No: A05
Boarding time: 22:00
Ticket ID: 8ea6jx3txms467h
Booking Class: E
------------------------------------------

Proceed with check-in for flight LH2121 ?
Type YES to CHECK-IN or NO to cancel CHECK-IN
Georgina House is deciding whether to check-in or to go back home and sleep............
YES CHECK-IN
Checking you in...............
baggage is on conveyor belt-------
---------baggage detected by sensor------------- 
Baggage weighs: 21.58 kg
baggage is on conveyor belt-------
---------baggage detected by sensor------------- 
Baggage weighs: 20.43 kg
baggage is on conveyor belt-------
---------baggage detected by sensor------------- 
Baggage weighs: 18.47 kg
baggage is on conveyor belt-------
---------baggage detected by sensor------------- 
Baggage weighs: 17.86 kg
baggage is on conveyor belt-------
---------baggage detected by sensor------------- 
Baggage weighs: 18.65 kg
baggage is on conveyor belt-------
---------baggage detected by sensor------------- 
Baggage weighs: 19.27 kg
baggage is on conveyor belt-------
---------baggage detected by sensor------------- 
Baggage weighs: 17.42 kg
baggage is on conveyor belt-------
---------baggage detected by sensor------------- 
Baggage weighs: 19.16 kg
baggage is on conveyor belt-------
---------baggage detected by sensor------------- 
Baggage weighs: 19.52 kg
baggage is on conveyor belt-------
---------baggage detected by sensor------------- 
Baggage weighs: 17.51 kg
baggage is on conveyor belt-------
---------baggage detected by sensor------------- 
Baggage weighs: 17.38 kg
baggage is on conveyor belt-------
---------baggage detected by sensor------------- 
Baggage weighs: 18.67 kg
baggage is on conveyor belt-------
---------baggage detected by sensor------------- 
Baggage weighs: 16.98 kg
baggage is on conveyor belt-------
---------baggage detected by sensor------------- 
Baggage weighs: 21.26 kg
baggage is on conveyor belt-------
---------baggage detected by sensor------------- 
Baggage weighs: 18.3 kg
baggage is on conveyor belt-------
---------baggage detected by sensor------------- 
Baggage weighs: 16.81 kg
baggage is on conveyor belt-------
---------baggage detected by sensor------------- 
Baggage weighs: 20.91 kg
baggage is on conveyor belt-------
---------baggage detected by sensor------------- 
Baggage weighs: 21.21 kg
baggage is on conveyor belt-------
---------baggage detected by sensor------------- 
Baggage weighs: 19.69 kg
baggage is on conveyor belt-------
---------baggage detected by sensor------------- 
Baggage weighs: 18.67 kg
baggage is on conveyor belt-------
---------baggage detected by sensor------------- 
Baggage weighs: 19.12 kg
baggage is on conveyor belt-------
---------baggage detected by sensor------------- 
Baggage weighs: 16.42 kg
baggage is on conveyor belt-------
---------baggage detected by sensor------------- 
Baggage weighs: 19.17 kg
baggage is on conveyor belt-------
---------baggage detected by sensor------------- 
Baggage weighs: 19.0 kg
baggage is on conveyor belt-------
---------baggage detected by sensor------------- 
Baggage weighs: 18.78 kg
baggage is on conveyor belt-------
---------baggage detected by sensor------------- 
Baggage weighs: 20.31 kg
baggage is on conveyor belt-------
---------baggage detected by sensor------------- 
Baggage weighs: 21.25 kg
baggage is on conveyor belt-------
---------baggage detected by sensor------------- 
Baggage weighs: 18.87 kg
baggage is on conveyor belt-------
---------baggage detected by sensor------------- 
Baggage weighs: 16.25 kg
baggage is on conveyor belt-------
---------baggage detected by sensor------------- 
Baggage weighs: 19.94 kg
baggage is on conveyor belt-------
---------baggage detected by sensor------------- 
Baggage weighs: 16.88 kg
baggage is on conveyor belt-------
---------baggage detected by sensor------------- 
Baggage weighs: 18.24 kg
baggage is on conveyor belt-------
---------baggage detected by sensor------------- 
Baggage weighs: 17.16 kg
baggage is on conveyor belt-------
---------baggage detected by sensor------------- 
Baggage weighs: 19.34 kg
baggage is on conveyor belt-------
---------baggage detected by sensor------------- 
Baggage weighs: 22.41 kg
baggage is on conveyor belt-------
---------baggage detected by sensor------------- 
Baggage weighs: 20.47 kg
baggage is on conveyor belt-------
---------baggage detected by sensor------------- 
Baggage weighs: 18.81 kg
baggage is on conveyor belt-------
---------baggage detected by sensor------------- 
Baggage weighs: 18.56 kg
baggage is on conveyor belt-------
---------baggage detected by sensor------------- 
Baggage weighs: 17.77 kg
baggage is on conveyor belt-------
---------baggage detected by sensor------------- 
Baggage weighs: 19.32 kg
baggage is on conveyor belt-------
---------baggage detected by sensor------------- 
Baggage weighs: 19.21 kg
baggage is on conveyor belt-------
---------baggage detected by sensor------------- 
Baggage weighs: 19.13 kg
baggage is on conveyor belt-------
---------baggage detected by sensor------------- 
Baggage weighs: 20.39 kg
baggage is on conveyor belt-------
---------baggage detected by sensor------------- 
Baggage weighs: 21.03 kg
baggage is on conveyor belt-------
---------baggage detected by sensor------------- 
Baggage weighs: 20.05 kg
baggage is on conveyor belt-------
---------baggage detected by sensor------------- 
Baggage weighs: 21.92 kg
baggage is on conveyor belt-------
---------baggage detected by sensor------------- 
Baggage weighs: 19.37 kg
baggage is on conveyor belt-------
---------baggage detected by sensor------------- 
Baggage weighs: 20.35 kg
baggage is on conveyor belt-------
---------baggage detected by sensor------------- 
Baggage weighs: 18.73 kg
baggage is on conveyor belt-------
---------baggage detected by sensor------------- 
Baggage weighs: 20.33 kg
baggage is on conveyor belt-------
---------baggage detected by sensor------------- 
Baggage weighs: 22.01 kg
baggage is on conveyor belt-------
---------baggage detected by sensor------------- 
Baggage weighs: 19.27 kg
baggage is on conveyor belt-------
---------baggage detected by sensor------------- 
Baggage weighs: 21.18 kg
baggage is on conveyor belt-------
---------baggage detected by sensor------------- 
Baggage weighs: 17.16 kg
baggage is on conveyor belt-------
---------baggage detected by sensor------------- 
Baggage weighs: 20.04 kg
baggage is on conveyor belt-------
---------baggage detected by sensor------------- 
Baggage weighs: 20.91 kg
baggage is on conveyor belt-------
---------baggage detected by sensor------------- 
Baggage weighs: 20.3 kg
baggage is on conveyor belt-------
---------baggage detected by sensor------------- 
Baggage weighs: 20.38 kg
baggage is on conveyor belt-------
---------baggage detected by sensor------------- 
Baggage weighs: 16.54 kg
baggage is on conveyor belt-------
---------baggage detected by sensor------------- 
Baggage weighs: 18.87 kg
baggage is on conveyor belt-------
---------baggage detected by sensor------------- 
Baggage weighs: 20.22 kg
baggage is on conveyor belt-------
---------baggage detected by sensor------------- 
Baggage weighs: 20.75 kg
baggage is on conveyor belt-------
---------baggage detected by sensor------------- 
Baggage weighs: 17.4 kg
baggage is on conveyor belt-------
---------baggage detected by sensor------------- 
Baggage weighs: 20.27 kg
baggage is on conveyor belt-------
---------baggage detected by sensor------------- 
Baggage weighs: 17.04 kg
baggage is on conveyor belt-------
---------baggage detected by sensor------------- 
Baggage weighs: 19.84 kg
baggage is on conveyor belt-------
---------baggage detected by sensor------------- 
Baggage weighs: 17.34 kg
baggage is on conveyor belt-------
---------baggage detected by sensor------------- 
Baggage weighs: 18.75 kg
baggage is on conveyor belt-------
---------baggage detected by sensor------------- 
Baggage weighs: 19.12 kg
baggage is on conveyor belt-------
---------baggage detected by sensor------------- 
Baggage weighs: 18.29 kg
baggage is on conveyor belt-------
---------baggage detected by sensor------------- 
Baggage weighs: 17.94 kg
baggage is on conveyor belt-------
---------baggage detected by sensor------------- 
Baggage weighs: 19.09 kg
baggage is on conveyor belt-------
---------baggage detected by sensor------------- 
Baggage weighs: 22.39 kg
baggage is on conveyor belt-------
---------baggage detected by sensor------------- 
Baggage weighs: 21.23 kg
baggage is on conveyor belt-------
---------baggage detected by sensor------------- 
Baggage weighs: 17.56 kg
baggage is on conveyor belt-------
---------baggage detected by sensor------------- 
Baggage weighs: 18.37 kg
baggage is on conveyor belt-------
---------baggage detected by sensor------------- 
Baggage weighs: 21.4 kg
baggage is on conveyor belt-------
---------baggage detected by sensor------------- 
Baggage weighs: 20.25 kg
baggage is on conveyor belt-------
---------baggage detected by sensor------------- 
Baggage weighs: 23.0 kg
baggage is on conveyor belt-------
---------baggage detected by sensor------------- 
Baggage weighs: 17.01 kg
baggage is on conveyor belt-------
---------baggage detected by sensor------------- 
Baggage weighs: 17.39 kg
baggage is on conveyor belt-------
---------baggage detected by sensor------------- 
Baggage weighs: 16.7 kg
baggage is on conveyor belt-------
---------baggage detected by sensor------------- 
Baggage weighs: 16.23 kg
baggage is on conveyor belt-------
---------baggage detected by sensor------------- 
Baggage weighs: 19.13 kg
baggage is on conveyor belt-------
---------baggage detected by sensor------------- 
Baggage weighs: 21.07 kg
baggage is on conveyor belt-------
---------baggage detected by sensor------------- 
Baggage weighs: 17.87 kg
baggage is on conveyor belt-------
---------baggage detected by sensor------------- 
Baggage weighs: 19.92 kg
baggage is on conveyor belt-------
---------baggage detected by sensor------------- 
Baggage weighs: 19.22 kg
baggage is on conveyor belt-------
---------baggage detected by sensor------------- 
Baggage weighs: 21.53 kg
baggage is on conveyor belt-------
---------baggage detected by sensor------------- 
Baggage weighs: 20.29 kg
Seat with ID: 23J has been reserved for you!

BOARDING PASS FOR GEORGINA HOUSE
-----------------------------------------------------------------------------
LUFTHANSA                      8ea6jx3txms467h /  Georgina House
Georgina House                                     /  8ea6jx3txms467h
FRA   LH2121   E  30.Oct                       /  FRA
HKG                                            /  HKG
SEAT ID: 23J                                   /  LH2121 E 30.Oct
SEQ: 81                                      / GATE: A05   22:00
MAX 1  HANDLUGGAGE/ LUGGAGE
-----------------------------------------------------------------------------
sorry Georgina House we have no voucher for you! Have a nice day!

---------------------------------------------------------------------------------------------------------------
scanning passport with passport id: OXIGQ7ZK1
searching for ticket in fast bag drop database..............
Ticket found for Merrill Sandoval and Flight LH2121
----searching flight seat for Merrill Sandoval---------
Found a seat with ID 23K
Below details were found in database
------------------------------------------
Name: Merrill Sandoval
Flight ID: LH2121
Source: FRA
Destination: HKG
Gate No: A05
Boarding time: 22:00
Ticket ID: s85r98erxwq59pj
Booking Class: E
------------------------------------------

Proceed with check-in for flight LH2121 ?
Type YES to CHECK-IN or NO to cancel CHECK-IN
Merrill Sandoval is deciding whether to check-in or to go back home and sleep............
YES CHECK-IN
Checking you in...............
baggage is on conveyor belt-------
---------baggage detected by sensor------------- 
Baggage weighs: 21.58 kg
baggage is on conveyor belt-------
---------baggage detected by sensor------------- 
Baggage weighs: 20.43 kg
baggage is on conveyor belt-------
---------baggage detected by sensor------------- 
Baggage weighs: 18.47 kg
baggage is on conveyor belt-------
---------baggage detected by sensor------------- 
Baggage weighs: 17.86 kg
baggage is on conveyor belt-------
---------baggage detected by sensor------------- 
Baggage weighs: 18.65 kg
baggage is on conveyor belt-------
---------baggage detected by sensor------------- 
Baggage weighs: 19.27 kg
baggage is on conveyor belt-------
---------baggage detected by sensor------------- 
Baggage weighs: 17.42 kg
baggage is on conveyor belt-------
---------baggage detected by sensor------------- 
Baggage weighs: 19.16 kg
baggage is on conveyor belt-------
---------baggage detected by sensor------------- 
Baggage weighs: 19.52 kg
baggage is on conveyor belt-------
---------baggage detected by sensor------------- 
Baggage weighs: 17.51 kg
baggage is on conveyor belt-------
---------baggage detected by sensor------------- 
Baggage weighs: 17.38 kg
baggage is on conveyor belt-------
---------baggage detected by sensor------------- 
Baggage weighs: 18.67 kg
baggage is on conveyor belt-------
---------baggage detected by sensor------------- 
Baggage weighs: 16.98 kg
baggage is on conveyor belt-------
---------baggage detected by sensor------------- 
Baggage weighs: 21.26 kg
baggage is on conveyor belt-------
---------baggage detected by sensor------------- 
Baggage weighs: 18.3 kg
baggage is on conveyor belt-------
---------baggage detected by sensor------------- 
Baggage weighs: 16.81 kg
baggage is on conveyor belt-------
---------baggage detected by sensor------------- 
Baggage weighs: 20.91 kg
baggage is on conveyor belt-------
---------baggage detected by sensor------------- 
Baggage weighs: 21.21 kg
baggage is on conveyor belt-------
---------baggage detected by sensor------------- 
Baggage weighs: 19.69 kg
baggage is on conveyor belt-------
---------baggage detected by sensor------------- 
Baggage weighs: 18.67 kg
baggage is on conveyor belt-------
---------baggage detected by sensor------------- 
Baggage weighs: 19.12 kg
baggage is on conveyor belt-------
---------baggage detected by sensor------------- 
Baggage weighs: 16.42 kg
baggage is on conveyor belt-------
---------baggage detected by sensor------------- 
Baggage weighs: 19.17 kg
baggage is on conveyor belt-------
---------baggage detected by sensor------------- 
Baggage weighs: 19.0 kg
baggage is on conveyor belt-------
---------baggage detected by sensor------------- 
Baggage weighs: 18.78 kg
baggage is on conveyor belt-------
---------baggage detected by sensor------------- 
Baggage weighs: 20.31 kg
baggage is on conveyor belt-------
---------baggage detected by sensor------------- 
Baggage weighs: 21.25 kg
baggage is on conveyor belt-------
---------baggage detected by sensor------------- 
Baggage weighs: 18.87 kg
baggage is on conveyor belt-------
---------baggage detected by sensor------------- 
Baggage weighs: 16.25 kg
baggage is on conveyor belt-------
---------baggage detected by sensor------------- 
Baggage weighs: 19.94 kg
baggage is on conveyor belt-------
---------baggage detected by sensor------------- 
Baggage weighs: 16.88 kg
baggage is on conveyor belt-------
---------baggage detected by sensor------------- 
Baggage weighs: 18.24 kg
baggage is on conveyor belt-------
---------baggage detected by sensor------------- 
Baggage weighs: 17.16 kg
baggage is on conveyor belt-------
---------baggage detected by sensor------------- 
Baggage weighs: 19.34 kg
baggage is on conveyor belt-------
---------baggage detected by sensor------------- 
Baggage weighs: 22.41 kg
baggage is on conveyor belt-------
---------baggage detected by sensor------------- 
Baggage weighs: 20.47 kg
baggage is on conveyor belt-------
---------baggage detected by sensor------------- 
Baggage weighs: 18.81 kg
baggage is on conveyor belt-------
---------baggage detected by sensor------------- 
Baggage weighs: 18.56 kg
baggage is on conveyor belt-------
---------baggage detected by sensor------------- 
Baggage weighs: 17.77 kg
baggage is on conveyor belt-------
---------baggage detected by sensor------------- 
Baggage weighs: 19.32 kg
baggage is on conveyor belt-------
---------baggage detected by sensor------------- 
Baggage weighs: 19.21 kg
baggage is on conveyor belt-------
---------baggage detected by sensor------------- 
Baggage weighs: 19.13 kg
baggage is on conveyor belt-------
---------baggage detected by sensor------------- 
Baggage weighs: 20.39 kg
baggage is on conveyor belt-------
---------baggage detected by sensor------------- 
Baggage weighs: 21.03 kg
baggage is on conveyor belt-------
---------baggage detected by sensor------------- 
Baggage weighs: 20.05 kg
baggage is on conveyor belt-------
---------baggage detected by sensor------------- 
Baggage weighs: 21.92 kg
baggage is on conveyor belt-------
---------baggage detected by sensor------------- 
Baggage weighs: 19.37 kg
baggage is on conveyor belt-------
---------baggage detected by sensor------------- 
Baggage weighs: 20.35 kg
baggage is on conveyor belt-------
---------baggage detected by sensor------------- 
Baggage weighs: 18.73 kg
baggage is on conveyor belt-------
---------baggage detected by sensor------------- 
Baggage weighs: 20.33 kg
baggage is on conveyor belt-------
---------baggage detected by sensor------------- 
Baggage weighs: 22.01 kg
baggage is on conveyor belt-------
---------baggage detected by sensor------------- 
Baggage weighs: 19.27 kg
baggage is on conveyor belt-------
---------baggage detected by sensor------------- 
Baggage weighs: 21.18 kg
baggage is on conveyor belt-------
---------baggage detected by sensor------------- 
Baggage weighs: 17.16 kg
baggage is on conveyor belt-------
---------baggage detected by sensor------------- 
Baggage weighs: 20.04 kg
baggage is on conveyor belt-------
---------baggage detected by sensor------------- 
Baggage weighs: 20.91 kg
baggage is on conveyor belt-------
---------baggage detected by sensor------------- 
Baggage weighs: 20.3 kg
baggage is on conveyor belt-------
---------baggage detected by sensor------------- 
Baggage weighs: 20.38 kg
baggage is on conveyor belt-------
---------baggage detected by sensor------------- 
Baggage weighs: 16.54 kg
baggage is on conveyor belt-------
---------baggage detected by sensor------------- 
Baggage weighs: 18.87 kg
baggage is on conveyor belt-------
---------baggage detected by sensor------------- 
Baggage weighs: 20.22 kg
baggage is on conveyor belt-------
---------baggage detected by sensor------------- 
Baggage weighs: 20.75 kg
baggage is on conveyor belt-------
---------baggage detected by sensor------------- 
Baggage weighs: 17.4 kg
baggage is on conveyor belt-------
---------baggage detected by sensor------------- 
Baggage weighs: 20.27 kg
baggage is on conveyor belt-------
---------baggage detected by sensor------------- 
Baggage weighs: 17.04 kg
baggage is on conveyor belt-------
---------baggage detected by sensor------------- 
Baggage weighs: 19.84 kg
baggage is on conveyor belt-------
---------baggage detected by sensor------------- 
Baggage weighs: 17.34 kg
baggage is on conveyor belt-------
---------baggage detected by sensor------------- 
Baggage weighs: 18.75 kg
baggage is on conveyor belt-------
---------baggage detected by sensor------------- 
Baggage weighs: 19.12 kg
baggage is on conveyor belt-------
---------baggage detected by sensor------------- 
Baggage weighs: 18.29 kg
baggage is on conveyor belt-------
---------baggage detected by sensor------------- 
Baggage weighs: 17.94 kg
baggage is on conveyor belt-------
---------baggage detected by sensor------------- 
Baggage weighs: 19.09 kg
baggage is on conveyor belt-------
---------baggage detected by sensor------------- 
Baggage weighs: 22.39 kg
baggage is on conveyor belt-------
---------baggage detected by sensor------------- 
Baggage weighs: 21.23 kg
baggage is on conveyor belt-------
---------baggage detected by sensor------------- 
Baggage weighs: 17.56 kg
baggage is on conveyor belt-------
---------baggage detected by sensor------------- 
Baggage weighs: 18.37 kg
baggage is on conveyor belt-------
---------baggage detected by sensor------------- 
Baggage weighs: 21.4 kg
baggage is on conveyor belt-------
---------baggage detected by sensor------------- 
Baggage weighs: 20.25 kg
baggage is on conveyor belt-------
---------baggage detected by sensor------------- 
Baggage weighs: 23.0 kg
baggage is on conveyor belt-------
---------baggage detected by sensor------------- 
Baggage weighs: 17.01 kg
baggage is on conveyor belt-------
---------baggage detected by sensor------------- 
Baggage weighs: 17.39 kg
baggage is on conveyor belt-------
---------baggage detected by sensor------------- 
Baggage weighs: 16.7 kg
baggage is on conveyor belt-------
---------baggage detected by sensor------------- 
Baggage weighs: 16.23 kg
baggage is on conveyor belt-------
---------baggage detected by sensor------------- 
Baggage weighs: 19.13 kg
baggage is on conveyor belt-------
---------baggage detected by sensor------------- 
Baggage weighs: 21.07 kg
baggage is on conveyor belt-------
---------baggage detected by sensor------------- 
Baggage weighs: 17.87 kg
baggage is on conveyor belt-------
---------baggage detected by sensor------------- 
Baggage weighs: 19.92 kg
baggage is on conveyor belt-------
---------baggage detected by sensor------------- 
Baggage weighs: 19.22 kg
baggage is on conveyor belt-------
---------baggage detected by sensor------------- 
Baggage weighs: 21.53 kg
baggage is on conveyor belt-------
---------baggage detected by sensor------------- 
Baggage weighs: 20.29 kg
baggage is on conveyor belt-------
---------baggage detected by sensor------------- 
Baggage weighs: 19.32 kg
Seat with ID: 23K has been reserved for you!

BOARDING PASS FOR MERRILL SANDOVAL
-----------------------------------------------------------------------------
LUFTHANSA                      s85r98erxwq59pj /  Merrill Sandoval
Merrill Sandoval                                     /  s85r98erxwq59pj
FRA   LH2121   E  30.Oct                       /  FRA
HKG                                            /  HKG
SEAT ID: 23K                                   /  LH2121 E 30.Oct
SEQ: 82                                      / GATE: A05   22:00
MAX 1  HANDLUGGAGE/ LUGGAGE
-----------------------------------------------------------------------------
sorry Merrill Sandoval we have no voucher for you! Have a nice day!

---------------------------------------------------------------------------------------------------------------
scanning passport with passport id: 6ZAX1AZHL
searching for ticket in fast bag drop database..............
Ticket found for Earnestine Dodson and Flight LH2121
----searching flight seat for Earnestine Dodson---------
Found a seat with ID 24A
Below details were found in database
------------------------------------------
Name: Earnestine Dodson
Flight ID: LH2121
Source: FRA
Destination: HKG
Gate No: A05
Boarding time: 22:00
Ticket ID: m9z5z1q7746j5pa
Booking Class: E
------------------------------------------

Proceed with check-in for flight LH2121 ?
Type YES to CHECK-IN or NO to cancel CHECK-IN
Earnestine Dodson is deciding whether to check-in or to go back home and sleep............
YES CHECK-IN
Checking you in...............
baggage is on conveyor belt-------
---------baggage detected by sensor------------- 
Baggage weighs: 21.58 kg
baggage is on conveyor belt-------
---------baggage detected by sensor------------- 
Baggage weighs: 20.43 kg
baggage is on conveyor belt-------
---------baggage detected by sensor------------- 
Baggage weighs: 18.47 kg
baggage is on conveyor belt-------
---------baggage detected by sensor------------- 
Baggage weighs: 17.86 kg
baggage is on conveyor belt-------
---------baggage detected by sensor------------- 
Baggage weighs: 18.65 kg
baggage is on conveyor belt-------
---------baggage detected by sensor------------- 
Baggage weighs: 19.27 kg
baggage is on conveyor belt-------
---------baggage detected by sensor------------- 
Baggage weighs: 17.42 kg
baggage is on conveyor belt-------
---------baggage detected by sensor------------- 
Baggage weighs: 19.16 kg
baggage is on conveyor belt-------
---------baggage detected by sensor------------- 
Baggage weighs: 19.52 kg
baggage is on conveyor belt-------
---------baggage detected by sensor------------- 
Baggage weighs: 17.51 kg
baggage is on conveyor belt-------
---------baggage detected by sensor------------- 
Baggage weighs: 17.38 kg
baggage is on conveyor belt-------
---------baggage detected by sensor------------- 
Baggage weighs: 18.67 kg
baggage is on conveyor belt-------
---------baggage detected by sensor------------- 
Baggage weighs: 16.98 kg
baggage is on conveyor belt-------
---------baggage detected by sensor------------- 
Baggage weighs: 21.26 kg
baggage is on conveyor belt-------
---------baggage detected by sensor------------- 
Baggage weighs: 18.3 kg
baggage is on conveyor belt-------
---------baggage detected by sensor------------- 
Baggage weighs: 16.81 kg
baggage is on conveyor belt-------
---------baggage detected by sensor------------- 
Baggage weighs: 20.91 kg
baggage is on conveyor belt-------
---------baggage detected by sensor------------- 
Baggage weighs: 21.21 kg
baggage is on conveyor belt-------
---------baggage detected by sensor------------- 
Baggage weighs: 19.69 kg
baggage is on conveyor belt-------
---------baggage detected by sensor------------- 
Baggage weighs: 18.67 kg
baggage is on conveyor belt-------
---------baggage detected by sensor------------- 
Baggage weighs: 19.12 kg
baggage is on conveyor belt-------
---------baggage detected by sensor------------- 
Baggage weighs: 16.42 kg
baggage is on conveyor belt-------
---------baggage detected by sensor------------- 
Baggage weighs: 19.17 kg
baggage is on conveyor belt-------
---------baggage detected by sensor------------- 
Baggage weighs: 19.0 kg
baggage is on conveyor belt-------
---------baggage detected by sensor------------- 
Baggage weighs: 18.78 kg
baggage is on conveyor belt-------
---------baggage detected by sensor------------- 
Baggage weighs: 20.31 kg
baggage is on conveyor belt-------
---------baggage detected by sensor------------- 
Baggage weighs: 21.25 kg
baggage is on conveyor belt-------
---------baggage detected by sensor------------- 
Baggage weighs: 18.87 kg
baggage is on conveyor belt-------
---------baggage detected by sensor------------- 
Baggage weighs: 16.25 kg
baggage is on conveyor belt-------
---------baggage detected by sensor------------- 
Baggage weighs: 19.94 kg
baggage is on conveyor belt-------
---------baggage detected by sensor------------- 
Baggage weighs: 16.88 kg
baggage is on conveyor belt-------
---------baggage detected by sensor------------- 
Baggage weighs: 18.24 kg
baggage is on conveyor belt-------
---------baggage detected by sensor------------- 
Baggage weighs: 17.16 kg
baggage is on conveyor belt-------
---------baggage detected by sensor------------- 
Baggage weighs: 19.34 kg
baggage is on conveyor belt-------
---------baggage detected by sensor------------- 
Baggage weighs: 22.41 kg
baggage is on conveyor belt-------
---------baggage detected by sensor------------- 
Baggage weighs: 20.47 kg
baggage is on conveyor belt-------
---------baggage detected by sensor------------- 
Baggage weighs: 18.81 kg
baggage is on conveyor belt-------
---------baggage detected by sensor------------- 
Baggage weighs: 18.56 kg
baggage is on conveyor belt-------
---------baggage detected by sensor------------- 
Baggage weighs: 17.77 kg
baggage is on conveyor belt-------
---------baggage detected by sensor------------- 
Baggage weighs: 19.32 kg
baggage is on conveyor belt-------
---------baggage detected by sensor------------- 
Baggage weighs: 19.21 kg
baggage is on conveyor belt-------
---------baggage detected by sensor------------- 
Baggage weighs: 19.13 kg
baggage is on conveyor belt-------
---------baggage detected by sensor------------- 
Baggage weighs: 20.39 kg
baggage is on conveyor belt-------
---------baggage detected by sensor------------- 
Baggage weighs: 21.03 kg
baggage is on conveyor belt-------
---------baggage detected by sensor------------- 
Baggage weighs: 20.05 kg
baggage is on conveyor belt-------
---------baggage detected by sensor------------- 
Baggage weighs: 21.92 kg
baggage is on conveyor belt-------
---------baggage detected by sensor------------- 
Baggage weighs: 19.37 kg
baggage is on conveyor belt-------
---------baggage detected by sensor------------- 
Baggage weighs: 20.35 kg
baggage is on conveyor belt-------
---------baggage detected by sensor------------- 
Baggage weighs: 18.73 kg
baggage is on conveyor belt-------
---------baggage detected by sensor------------- 
Baggage weighs: 20.33 kg
baggage is on conveyor belt-------
---------baggage detected by sensor------------- 
Baggage weighs: 22.01 kg
baggage is on conveyor belt-------
---------baggage detected by sensor------------- 
Baggage weighs: 19.27 kg
baggage is on conveyor belt-------
---------baggage detected by sensor------------- 
Baggage weighs: 21.18 kg
baggage is on conveyor belt-------
---------baggage detected by sensor------------- 
Baggage weighs: 17.16 kg
baggage is on conveyor belt-------
---------baggage detected by sensor------------- 
Baggage weighs: 20.04 kg
baggage is on conveyor belt-------
---------baggage detected by sensor------------- 
Baggage weighs: 20.91 kg
baggage is on conveyor belt-------
---------baggage detected by sensor------------- 
Baggage weighs: 20.3 kg
baggage is on conveyor belt-------
---------baggage detected by sensor------------- 
Baggage weighs: 20.38 kg
baggage is on conveyor belt-------
---------baggage detected by sensor------------- 
Baggage weighs: 16.54 kg
baggage is on conveyor belt-------
---------baggage detected by sensor------------- 
Baggage weighs: 18.87 kg
baggage is on conveyor belt-------
---------baggage detected by sensor------------- 
Baggage weighs: 20.22 kg
baggage is on conveyor belt-------
---------baggage detected by sensor------------- 
Baggage weighs: 20.75 kg
baggage is on conveyor belt-------
---------baggage detected by sensor------------- 
Baggage weighs: 17.4 kg
baggage is on conveyor belt-------
---------baggage detected by sensor------------- 
Baggage weighs: 20.27 kg
baggage is on conveyor belt-------
---------baggage detected by sensor------------- 
Baggage weighs: 17.04 kg
baggage is on conveyor belt-------
---------baggage detected by sensor------------- 
Baggage weighs: 19.84 kg
baggage is on conveyor belt-------
---------baggage detected by sensor------------- 
Baggage weighs: 17.34 kg
baggage is on conveyor belt-------
---------baggage detected by sensor------------- 
Baggage weighs: 18.75 kg
baggage is on conveyor belt-------
---------baggage detected by sensor------------- 
Baggage weighs: 19.12 kg
baggage is on conveyor belt-------
---------baggage detected by sensor------------- 
Baggage weighs: 18.29 kg
baggage is on conveyor belt-------
---------baggage detected by sensor------------- 
Baggage weighs: 17.94 kg
baggage is on conveyor belt-------
---------baggage detected by sensor------------- 
Baggage weighs: 19.09 kg
baggage is on conveyor belt-------
---------baggage detected by sensor------------- 
Baggage weighs: 22.39 kg
baggage is on conveyor belt-------
---------baggage detected by sensor------------- 
Baggage weighs: 21.23 kg
baggage is on conveyor belt-------
---------baggage detected by sensor------------- 
Baggage weighs: 17.56 kg
baggage is on conveyor belt-------
---------baggage detected by sensor------------- 
Baggage weighs: 18.37 kg
baggage is on conveyor belt-------
---------baggage detected by sensor------------- 
Baggage weighs: 21.4 kg
baggage is on conveyor belt-------
---------baggage detected by sensor------------- 
Baggage weighs: 20.25 kg
baggage is on conveyor belt-------
---------baggage detected by sensor------------- 
Baggage weighs: 23.0 kg
baggage is on conveyor belt-------
---------baggage detected by sensor------------- 
Baggage weighs: 17.01 kg
baggage is on conveyor belt-------
---------baggage detected by sensor------------- 
Baggage weighs: 17.39 kg
baggage is on conveyor belt-------
---------baggage detected by sensor------------- 
Baggage weighs: 16.7 kg
baggage is on conveyor belt-------
---------baggage detected by sensor------------- 
Baggage weighs: 16.23 kg
baggage is on conveyor belt-------
---------baggage detected by sensor------------- 
Baggage weighs: 19.13 kg
baggage is on conveyor belt-------
---------baggage detected by sensor------------- 
Baggage weighs: 21.07 kg
baggage is on conveyor belt-------
---------baggage detected by sensor------------- 
Baggage weighs: 17.87 kg
baggage is on conveyor belt-------
---------baggage detected by sensor------------- 
Baggage weighs: 19.92 kg
baggage is on conveyor belt-------
---------baggage detected by sensor------------- 
Baggage weighs: 19.22 kg
baggage is on conveyor belt-------
---------baggage detected by sensor------------- 
Baggage weighs: 21.53 kg
baggage is on conveyor belt-------
---------baggage detected by sensor------------- 
Baggage weighs: 20.29 kg
baggage is on conveyor belt-------
---------baggage detected by sensor------------- 
Baggage weighs: 19.32 kg
baggage is on conveyor belt-------
---------baggage detected by sensor------------- 
Baggage weighs: 17.25 kg
Seat with ID: 24A has been reserved for you!

BOARDING PASS FOR EARNESTINE DODSON
-----------------------------------------------------------------------------
LUFTHANSA                      m9z5z1q7746j5pa /  Earnestine Dodson
Earnestine Dodson                                     /  m9z5z1q7746j5pa
FRA   LH2121   E  30.Oct                       /  FRA
HKG                                            /  HKG
SEAT ID: 24A                                   /  LH2121 E 30.Oct
SEQ: 83                                      / GATE: A05   22:00
MAX 1  HANDLUGGAGE/ LUGGAGE
-----------------------------------------------------------------------------
sorry Earnestine Dodson we have no voucher for you! Have a nice day!

---------------------------------------------------------------------------------------------------------------
scanning passport with passport id: BNS3VOQ5T
searching for ticket in fast bag drop database..............
Ticket found for Briana Ballard and Flight LH2121
----searching flight seat for Briana Ballard---------
Found a seat with ID 24B
Below details were found in database
------------------------------------------
Name: Briana Ballard
Flight ID: LH2121
Source: FRA
Destination: HKG
Gate No: A05
Boarding time: 22:00
Ticket ID: ay5l4ozcfli6n1g
Booking Class: E
------------------------------------------

Proceed with check-in for flight LH2121 ?
Type YES to CHECK-IN or NO to cancel CHECK-IN
Briana Ballard is deciding whether to check-in or to go back home and sleep............
YES CHECK-IN
Checking you in...............
baggage is on conveyor belt-------
---------baggage detected by sensor------------- 
Baggage weighs: 21.58 kg
baggage is on conveyor belt-------
---------baggage detected by sensor------------- 
Baggage weighs: 20.43 kg
baggage is on conveyor belt-------
---------baggage detected by sensor------------- 
Baggage weighs: 18.47 kg
baggage is on conveyor belt-------
---------baggage detected by sensor------------- 
Baggage weighs: 17.86 kg
baggage is on conveyor belt-------
---------baggage detected by sensor------------- 
Baggage weighs: 18.65 kg
baggage is on conveyor belt-------
---------baggage detected by sensor------------- 
Baggage weighs: 19.27 kg
baggage is on conveyor belt-------
---------baggage detected by sensor------------- 
Baggage weighs: 17.42 kg
baggage is on conveyor belt-------
---------baggage detected by sensor------------- 
Baggage weighs: 19.16 kg
baggage is on conveyor belt-------
---------baggage detected by sensor------------- 
Baggage weighs: 19.52 kg
baggage is on conveyor belt-------
---------baggage detected by sensor------------- 
Baggage weighs: 17.51 kg
baggage is on conveyor belt-------
---------baggage detected by sensor------------- 
Baggage weighs: 17.38 kg
baggage is on conveyor belt-------
---------baggage detected by sensor------------- 
Baggage weighs: 18.67 kg
baggage is on conveyor belt-------
---------baggage detected by sensor------------- 
Baggage weighs: 16.98 kg
baggage is on conveyor belt-------
---------baggage detected by sensor------------- 
Baggage weighs: 21.26 kg
baggage is on conveyor belt-------
---------baggage detected by sensor------------- 
Baggage weighs: 18.3 kg
baggage is on conveyor belt-------
---------baggage detected by sensor------------- 
Baggage weighs: 16.81 kg
baggage is on conveyor belt-------
---------baggage detected by sensor------------- 
Baggage weighs: 20.91 kg
baggage is on conveyor belt-------
---------baggage detected by sensor------------- 
Baggage weighs: 21.21 kg
baggage is on conveyor belt-------
---------baggage detected by sensor------------- 
Baggage weighs: 19.69 kg
baggage is on conveyor belt-------
---------baggage detected by sensor------------- 
Baggage weighs: 18.67 kg
baggage is on conveyor belt-------
---------baggage detected by sensor------------- 
Baggage weighs: 19.12 kg
baggage is on conveyor belt-------
---------baggage detected by sensor------------- 
Baggage weighs: 16.42 kg
baggage is on conveyor belt-------
---------baggage detected by sensor------------- 
Baggage weighs: 19.17 kg
baggage is on conveyor belt-------
---------baggage detected by sensor------------- 
Baggage weighs: 19.0 kg
baggage is on conveyor belt-------
---------baggage detected by sensor------------- 
Baggage weighs: 18.78 kg
baggage is on conveyor belt-------
---------baggage detected by sensor------------- 
Baggage weighs: 20.31 kg
baggage is on conveyor belt-------
---------baggage detected by sensor------------- 
Baggage weighs: 21.25 kg
baggage is on conveyor belt-------
---------baggage detected by sensor------------- 
Baggage weighs: 18.87 kg
baggage is on conveyor belt-------
---------baggage detected by sensor------------- 
Baggage weighs: 16.25 kg
baggage is on conveyor belt-------
---------baggage detected by sensor------------- 
Baggage weighs: 19.94 kg
baggage is on conveyor belt-------
---------baggage detected by sensor------------- 
Baggage weighs: 16.88 kg
baggage is on conveyor belt-------
---------baggage detected by sensor------------- 
Baggage weighs: 18.24 kg
baggage is on conveyor belt-------
---------baggage detected by sensor------------- 
Baggage weighs: 17.16 kg
baggage is on conveyor belt-------
---------baggage detected by sensor------------- 
Baggage weighs: 19.34 kg
baggage is on conveyor belt-------
---------baggage detected by sensor------------- 
Baggage weighs: 22.41 kg
baggage is on conveyor belt-------
---------baggage detected by sensor------------- 
Baggage weighs: 20.47 kg
baggage is on conveyor belt-------
---------baggage detected by sensor------------- 
Baggage weighs: 18.81 kg
baggage is on conveyor belt-------
---------baggage detected by sensor------------- 
Baggage weighs: 18.56 kg
baggage is on conveyor belt-------
---------baggage detected by sensor------------- 
Baggage weighs: 17.77 kg
baggage is on conveyor belt-------
---------baggage detected by sensor------------- 
Baggage weighs: 19.32 kg
baggage is on conveyor belt-------
---------baggage detected by sensor------------- 
Baggage weighs: 19.21 kg
baggage is on conveyor belt-------
---------baggage detected by sensor------------- 
Baggage weighs: 19.13 kg
baggage is on conveyor belt-------
---------baggage detected by sensor------------- 
Baggage weighs: 20.39 kg
baggage is on conveyor belt-------
---------baggage detected by sensor------------- 
Baggage weighs: 21.03 kg
baggage is on conveyor belt-------
---------baggage detected by sensor------------- 
Baggage weighs: 20.05 kg
baggage is on conveyor belt-------
---------baggage detected by sensor------------- 
Baggage weighs: 21.92 kg
baggage is on conveyor belt-------
---------baggage detected by sensor------------- 
Baggage weighs: 19.37 kg
baggage is on conveyor belt-------
---------baggage detected by sensor------------- 
Baggage weighs: 20.35 kg
baggage is on conveyor belt-------
---------baggage detected by sensor------------- 
Baggage weighs: 18.73 kg
baggage is on conveyor belt-------
---------baggage detected by sensor------------- 
Baggage weighs: 20.33 kg
baggage is on conveyor belt-------
---------baggage detected by sensor------------- 
Baggage weighs: 22.01 kg
baggage is on conveyor belt-------
---------baggage detected by sensor------------- 
Baggage weighs: 19.27 kg
baggage is on conveyor belt-------
---------baggage detected by sensor------------- 
Baggage weighs: 21.18 kg
baggage is on conveyor belt-------
---------baggage detected by sensor------------- 
Baggage weighs: 17.16 kg
baggage is on conveyor belt-------
---------baggage detected by sensor------------- 
Baggage weighs: 20.04 kg
baggage is on conveyor belt-------
---------baggage detected by sensor------------- 
Baggage weighs: 20.91 kg
baggage is on conveyor belt-------
---------baggage detected by sensor------------- 
Baggage weighs: 20.3 kg
baggage is on conveyor belt-------
---------baggage detected by sensor------------- 
Baggage weighs: 20.38 kg
baggage is on conveyor belt-------
---------baggage detected by sensor------------- 
Baggage weighs: 16.54 kg
baggage is on conveyor belt-------
---------baggage detected by sensor------------- 
Baggage weighs: 18.87 kg
baggage is on conveyor belt-------
---------baggage detected by sensor------------- 
Baggage weighs: 20.22 kg
baggage is on conveyor belt-------
---------baggage detected by sensor------------- 
Baggage weighs: 20.75 kg
baggage is on conveyor belt-------
---------baggage detected by sensor------------- 
Baggage weighs: 17.4 kg
baggage is on conveyor belt-------
---------baggage detected by sensor------------- 
Baggage weighs: 20.27 kg
baggage is on conveyor belt-------
---------baggage detected by sensor------------- 
Baggage weighs: 17.04 kg
baggage is on conveyor belt-------
---------baggage detected by sensor------------- 
Baggage weighs: 19.84 kg
baggage is on conveyor belt-------
---------baggage detected by sensor------------- 
Baggage weighs: 17.34 kg
baggage is on conveyor belt-------
---------baggage detected by sensor------------- 
Baggage weighs: 18.75 kg
baggage is on conveyor belt-------
---------baggage detected by sensor------------- 
Baggage weighs: 19.12 kg
baggage is on conveyor belt-------
---------baggage detected by sensor------------- 
Baggage weighs: 18.29 kg
baggage is on conveyor belt-------
---------baggage detected by sensor------------- 
Baggage weighs: 17.94 kg
baggage is on conveyor belt-------
---------baggage detected by sensor------------- 
Baggage weighs: 19.09 kg
baggage is on conveyor belt-------
---------baggage detected by sensor------------- 
Baggage weighs: 22.39 kg
baggage is on conveyor belt-------
---------baggage detected by sensor------------- 
Baggage weighs: 21.23 kg
baggage is on conveyor belt-------
---------baggage detected by sensor------------- 
Baggage weighs: 17.56 kg
baggage is on conveyor belt-------
---------baggage detected by sensor------------- 
Baggage weighs: 18.37 kg
baggage is on conveyor belt-------
---------baggage detected by sensor------------- 
Baggage weighs: 21.4 kg
baggage is on conveyor belt-------
---------baggage detected by sensor------------- 
Baggage weighs: 20.25 kg
baggage is on conveyor belt-------
---------baggage detected by sensor------------- 
Baggage weighs: 23.0 kg
baggage is on conveyor belt-------
---------baggage detected by sensor------------- 
Baggage weighs: 17.01 kg
baggage is on conveyor belt-------
---------baggage detected by sensor------------- 
Baggage weighs: 17.39 kg
baggage is on conveyor belt-------
---------baggage detected by sensor------------- 
Baggage weighs: 16.7 kg
baggage is on conveyor belt-------
---------baggage detected by sensor------------- 
Baggage weighs: 16.23 kg
baggage is on conveyor belt-------
---------baggage detected by sensor------------- 
Baggage weighs: 19.13 kg
baggage is on conveyor belt-------
---------baggage detected by sensor------------- 
Baggage weighs: 21.07 kg
baggage is on conveyor belt-------
---------baggage detected by sensor------------- 
Baggage weighs: 17.87 kg
baggage is on conveyor belt-------
---------baggage detected by sensor------------- 
Baggage weighs: 19.92 kg
baggage is on conveyor belt-------
---------baggage detected by sensor------------- 
Baggage weighs: 19.22 kg
baggage is on conveyor belt-------
---------baggage detected by sensor------------- 
Baggage weighs: 21.53 kg
baggage is on conveyor belt-------
---------baggage detected by sensor------------- 
Baggage weighs: 20.29 kg
baggage is on conveyor belt-------
---------baggage detected by sensor------------- 
Baggage weighs: 19.32 kg
baggage is on conveyor belt-------
---------baggage detected by sensor------------- 
Baggage weighs: 17.25 kg
baggage is on conveyor belt-------
---------baggage detected by sensor------------- 
Baggage weighs: 21.3 kg
Seat with ID: 24B has been reserved for you!

BOARDING PASS FOR BRIANA BALLARD
-----------------------------------------------------------------------------
LUFTHANSA                      ay5l4ozcfli6n1g /  Briana Ballard
Briana Ballard                                     /  ay5l4ozcfli6n1g
FRA   LH2121   E  30.Oct                       /  FRA
HKG                                            /  HKG
SEAT ID: 24B                                   /  LH2121 E 30.Oct
SEQ: 84                                      / GATE: A05   22:00
MAX 1  HANDLUGGAGE/ LUGGAGE
-----------------------------------------------------------------------------
sorry Briana Ballard we have no voucher for you! Have a nice day!

---------------------------------------------------------------------------------------------------------------
scanning passport with passport id: RT6VSJAWV
searching for ticket in fast bag drop database..............
Ticket found for Christina Cain and Flight LH2121
----searching flight seat for Christina Cain---------
Found a seat with ID 24C
Below details were found in database
------------------------------------------
Name: Christina Cain
Flight ID: LH2121
Source: FRA
Destination: HKG
Gate No: A05
Boarding time: 22:00
Ticket ID: 43uy4lnxs4oug15
Booking Class: E
------------------------------------------

Proceed with check-in for flight LH2121 ?
Type YES to CHECK-IN or NO to cancel CHECK-IN
Christina Cain is deciding whether to check-in or to go back home and sleep............
YES CHECK-IN
Checking you in...............
baggage is on conveyor belt-------
---------baggage detected by sensor------------- 
Baggage weighs: 21.58 kg
baggage is on conveyor belt-------
---------baggage detected by sensor------------- 
Baggage weighs: 20.43 kg
baggage is on conveyor belt-------
---------baggage detected by sensor------------- 
Baggage weighs: 18.47 kg
baggage is on conveyor belt-------
---------baggage detected by sensor------------- 
Baggage weighs: 17.86 kg
baggage is on conveyor belt-------
---------baggage detected by sensor------------- 
Baggage weighs: 18.65 kg
baggage is on conveyor belt-------
---------baggage detected by sensor------------- 
Baggage weighs: 19.27 kg
baggage is on conveyor belt-------
---------baggage detected by sensor------------- 
Baggage weighs: 17.42 kg
baggage is on conveyor belt-------
---------baggage detected by sensor------------- 
Baggage weighs: 19.16 kg
baggage is on conveyor belt-------
---------baggage detected by sensor------------- 
Baggage weighs: 19.52 kg
baggage is on conveyor belt-------
---------baggage detected by sensor------------- 
Baggage weighs: 17.51 kg
baggage is on conveyor belt-------
---------baggage detected by sensor------------- 
Baggage weighs: 17.38 kg
baggage is on conveyor belt-------
---------baggage detected by sensor------------- 
Baggage weighs: 18.67 kg
baggage is on conveyor belt-------
---------baggage detected by sensor------------- 
Baggage weighs: 16.98 kg
baggage is on conveyor belt-------
---------baggage detected by sensor------------- 
Baggage weighs: 21.26 kg
baggage is on conveyor belt-------
---------baggage detected by sensor------------- 
Baggage weighs: 18.3 kg
baggage is on conveyor belt-------
---------baggage detected by sensor------------- 
Baggage weighs: 16.81 kg
baggage is on conveyor belt-------
---------baggage detected by sensor------------- 
Baggage weighs: 20.91 kg
baggage is on conveyor belt-------
---------baggage detected by sensor------------- 
Baggage weighs: 21.21 kg
baggage is on conveyor belt-------
---------baggage detected by sensor------------- 
Baggage weighs: 19.69 kg
baggage is on conveyor belt-------
---------baggage detected by sensor------------- 
Baggage weighs: 18.67 kg
baggage is on conveyor belt-------
---------baggage detected by sensor------------- 
Baggage weighs: 19.12 kg
baggage is on conveyor belt-------
---------baggage detected by sensor------------- 
Baggage weighs: 16.42 kg
baggage is on conveyor belt-------
---------baggage detected by sensor------------- 
Baggage weighs: 19.17 kg
baggage is on conveyor belt-------
---------baggage detected by sensor------------- 
Baggage weighs: 19.0 kg
baggage is on conveyor belt-------
---------baggage detected by sensor------------- 
Baggage weighs: 18.78 kg
baggage is on conveyor belt-------
---------baggage detected by sensor------------- 
Baggage weighs: 20.31 kg
baggage is on conveyor belt-------
---------baggage detected by sensor------------- 
Baggage weighs: 21.25 kg
baggage is on conveyor belt-------
---------baggage detected by sensor------------- 
Baggage weighs: 18.87 kg
baggage is on conveyor belt-------
---------baggage detected by sensor------------- 
Baggage weighs: 16.25 kg
baggage is on conveyor belt-------
---------baggage detected by sensor------------- 
Baggage weighs: 19.94 kg
baggage is on conveyor belt-------
---------baggage detected by sensor------------- 
Baggage weighs: 16.88 kg
baggage is on conveyor belt-------
---------baggage detected by sensor------------- 
Baggage weighs: 18.24 kg
baggage is on conveyor belt-------
---------baggage detected by sensor------------- 
Baggage weighs: 17.16 kg
baggage is on conveyor belt-------
---------baggage detected by sensor------------- 
Baggage weighs: 19.34 kg
baggage is on conveyor belt-------
---------baggage detected by sensor------------- 
Baggage weighs: 22.41 kg
baggage is on conveyor belt-------
---------baggage detected by sensor------------- 
Baggage weighs: 20.47 kg
baggage is on conveyor belt-------
---------baggage detected by sensor------------- 
Baggage weighs: 18.81 kg
baggage is on conveyor belt-------
---------baggage detected by sensor------------- 
Baggage weighs: 18.56 kg
baggage is on conveyor belt-------
---------baggage detected by sensor------------- 
Baggage weighs: 17.77 kg
baggage is on conveyor belt-------
---------baggage detected by sensor------------- 
Baggage weighs: 19.32 kg
baggage is on conveyor belt-------
---------baggage detected by sensor------------- 
Baggage weighs: 19.21 kg
baggage is on conveyor belt-------
---------baggage detected by sensor------------- 
Baggage weighs: 19.13 kg
baggage is on conveyor belt-------
---------baggage detected by sensor------------- 
Baggage weighs: 20.39 kg
baggage is on conveyor belt-------
---------baggage detected by sensor------------- 
Baggage weighs: 21.03 kg
baggage is on conveyor belt-------
---------baggage detected by sensor------------- 
Baggage weighs: 20.05 kg
baggage is on conveyor belt-------
---------baggage detected by sensor------------- 
Baggage weighs: 21.92 kg
baggage is on conveyor belt-------
---------baggage detected by sensor------------- 
Baggage weighs: 19.37 kg
baggage is on conveyor belt-------
---------baggage detected by sensor------------- 
Baggage weighs: 20.35 kg
baggage is on conveyor belt-------
---------baggage detected by sensor------------- 
Baggage weighs: 18.73 kg
baggage is on conveyor belt-------
---------baggage detected by sensor------------- 
Baggage weighs: 20.33 kg
baggage is on conveyor belt-------
---------baggage detected by sensor------------- 
Baggage weighs: 22.01 kg
baggage is on conveyor belt-------
---------baggage detected by sensor------------- 
Baggage weighs: 19.27 kg
baggage is on conveyor belt-------
---------baggage detected by sensor------------- 
Baggage weighs: 21.18 kg
baggage is on conveyor belt-------
---------baggage detected by sensor------------- 
Baggage weighs: 17.16 kg
baggage is on conveyor belt-------
---------baggage detected by sensor------------- 
Baggage weighs: 20.04 kg
baggage is on conveyor belt-------
---------baggage detected by sensor------------- 
Baggage weighs: 20.91 kg
baggage is on conveyor belt-------
---------baggage detected by sensor------------- 
Baggage weighs: 20.3 kg
baggage is on conveyor belt-------
---------baggage detected by sensor------------- 
Baggage weighs: 20.38 kg
baggage is on conveyor belt-------
---------baggage detected by sensor------------- 
Baggage weighs: 16.54 kg
baggage is on conveyor belt-------
---------baggage detected by sensor------------- 
Baggage weighs: 18.87 kg
baggage is on conveyor belt-------
---------baggage detected by sensor------------- 
Baggage weighs: 20.22 kg
baggage is on conveyor belt-------
---------baggage detected by sensor------------- 
Baggage weighs: 20.75 kg
baggage is on conveyor belt-------
---------baggage detected by sensor------------- 
Baggage weighs: 17.4 kg
baggage is on conveyor belt-------
---------baggage detected by sensor------------- 
Baggage weighs: 20.27 kg
baggage is on conveyor belt-------
---------baggage detected by sensor------------- 
Baggage weighs: 17.04 kg
baggage is on conveyor belt-------
---------baggage detected by sensor------------- 
Baggage weighs: 19.84 kg
baggage is on conveyor belt-------
---------baggage detected by sensor------------- 
Baggage weighs: 17.34 kg
baggage is on conveyor belt-------
---------baggage detected by sensor------------- 
Baggage weighs: 18.75 kg
baggage is on conveyor belt-------
---------baggage detected by sensor------------- 
Baggage weighs: 19.12 kg
baggage is on conveyor belt-------
---------baggage detected by sensor------------- 
Baggage weighs: 18.29 kg
baggage is on conveyor belt-------
---------baggage detected by sensor------------- 
Baggage weighs: 17.94 kg
baggage is on conveyor belt-------
---------baggage detected by sensor------------- 
Baggage weighs: 19.09 kg
baggage is on conveyor belt-------
---------baggage detected by sensor------------- 
Baggage weighs: 22.39 kg
baggage is on conveyor belt-------
---------baggage detected by sensor------------- 
Baggage weighs: 21.23 kg
baggage is on conveyor belt-------
---------baggage detected by sensor------------- 
Baggage weighs: 17.56 kg
baggage is on conveyor belt-------
---------baggage detected by sensor------------- 
Baggage weighs: 18.37 kg
baggage is on conveyor belt-------
---------baggage detected by sensor------------- 
Baggage weighs: 21.4 kg
baggage is on conveyor belt-------
---------baggage detected by sensor------------- 
Baggage weighs: 20.25 kg
baggage is on conveyor belt-------
---------baggage detected by sensor------------- 
Baggage weighs: 23.0 kg
baggage is on conveyor belt-------
---------baggage detected by sensor------------- 
Baggage weighs: 17.01 kg
baggage is on conveyor belt-------
---------baggage detected by sensor------------- 
Baggage weighs: 17.39 kg
baggage is on conveyor belt-------
---------baggage detected by sensor------------- 
Baggage weighs: 16.7 kg
baggage is on conveyor belt-------
---------baggage detected by sensor------------- 
Baggage weighs: 16.23 kg
baggage is on conveyor belt-------
---------baggage detected by sensor------------- 
Baggage weighs: 19.13 kg
baggage is on conveyor belt-------
---------baggage detected by sensor------------- 
Baggage weighs: 21.07 kg
baggage is on conveyor belt-------
---------baggage detected by sensor------------- 
Baggage weighs: 17.87 kg
baggage is on conveyor belt-------
---------baggage detected by sensor------------- 
Baggage weighs: 19.92 kg
baggage is on conveyor belt-------
---------baggage detected by sensor------------- 
Baggage weighs: 19.22 kg
baggage is on conveyor belt-------
---------baggage detected by sensor------------- 
Baggage weighs: 21.53 kg
baggage is on conveyor belt-------
---------baggage detected by sensor------------- 
Baggage weighs: 20.29 kg
baggage is on conveyor belt-------
---------baggage detected by sensor------------- 
Baggage weighs: 19.32 kg
baggage is on conveyor belt-------
---------baggage detected by sensor------------- 
Baggage weighs: 17.25 kg
baggage is on conveyor belt-------
---------baggage detected by sensor------------- 
Baggage weighs: 21.3 kg
baggage is on conveyor belt-------
---------baggage detected by sensor------------- 
Baggage weighs: 16.79 kg
Seat with ID: 24C has been reserved for you!

BOARDING PASS FOR CHRISTINA CAIN
-----------------------------------------------------------------------------
LUFTHANSA                      43uy4lnxs4oug15 /  Christina Cain
Christina Cain                                     /  43uy4lnxs4oug15
FRA   LH2121   E  30.Oct                       /  FRA
HKG                                            /  HKG
SEAT ID: 24C                                   /  LH2121 E 30.Oct
SEQ: 85                                      / GATE: A05   22:00
MAX 1  HANDLUGGAGE/ LUGGAGE
-----------------------------------------------------------------------------
sorry Christina Cain we have no voucher for you! Have a nice day!

---------------------------------------------------------------------------------------------------------------
scanning passport with passport id: XD2ULFR9B
searching for ticket in fast bag drop database..............
Ticket found for Ina Cook and Flight LH2121
----searching flight seat for Ina Cook---------
Found a seat with ID 24D
Below details were found in database
------------------------------------------
Name: Ina Cook
Flight ID: LH2121
Source: FRA
Destination: HKG
Gate No: A05
Boarding time: 22:00
Ticket ID: alpd15iela28l3e
Booking Class: E
------------------------------------------

Proceed with check-in for flight LH2121 ?
Type YES to CHECK-IN or NO to cancel CHECK-IN
Ina Cook is deciding whether to check-in or to go back home and sleep............
YES CHECK-IN
Checking you in...............
baggage is on conveyor belt-------
---------baggage detected by sensor------------- 
Baggage weighs: 21.58 kg
baggage is on conveyor belt-------
---------baggage detected by sensor------------- 
Baggage weighs: 20.43 kg
baggage is on conveyor belt-------
---------baggage detected by sensor------------- 
Baggage weighs: 18.47 kg
baggage is on conveyor belt-------
---------baggage detected by sensor------------- 
Baggage weighs: 17.86 kg
baggage is on conveyor belt-------
---------baggage detected by sensor------------- 
Baggage weighs: 18.65 kg
baggage is on conveyor belt-------
---------baggage detected by sensor------------- 
Baggage weighs: 19.27 kg
baggage is on conveyor belt-------
---------baggage detected by sensor------------- 
Baggage weighs: 17.42 kg
baggage is on conveyor belt-------
---------baggage detected by sensor------------- 
Baggage weighs: 19.16 kg
baggage is on conveyor belt-------
---------baggage detected by sensor------------- 
Baggage weighs: 19.52 kg
baggage is on conveyor belt-------
---------baggage detected by sensor------------- 
Baggage weighs: 17.51 kg
baggage is on conveyor belt-------
---------baggage detected by sensor------------- 
Baggage weighs: 17.38 kg
baggage is on conveyor belt-------
---------baggage detected by sensor------------- 
Baggage weighs: 18.67 kg
baggage is on conveyor belt-------
---------baggage detected by sensor------------- 
Baggage weighs: 16.98 kg
baggage is on conveyor belt-------
---------baggage detected by sensor------------- 
Baggage weighs: 21.26 kg
baggage is on conveyor belt-------
---------baggage detected by sensor------------- 
Baggage weighs: 18.3 kg
baggage is on conveyor belt-------
---------baggage detected by sensor------------- 
Baggage weighs: 16.81 kg
baggage is on conveyor belt-------
---------baggage detected by sensor------------- 
Baggage weighs: 20.91 kg
baggage is on conveyor belt-------
---------baggage detected by sensor------------- 
Baggage weighs: 21.21 kg
baggage is on conveyor belt-------
---------baggage detected by sensor------------- 
Baggage weighs: 19.69 kg
baggage is on conveyor belt-------
---------baggage detected by sensor------------- 
Baggage weighs: 18.67 kg
baggage is on conveyor belt-------
---------baggage detected by sensor------------- 
Baggage weighs: 19.12 kg
baggage is on conveyor belt-------
---------baggage detected by sensor------------- 
Baggage weighs: 16.42 kg
baggage is on conveyor belt-------
---------baggage detected by sensor------------- 
Baggage weighs: 19.17 kg
baggage is on conveyor belt-------
---------baggage detected by sensor------------- 
Baggage weighs: 19.0 kg
baggage is on conveyor belt-------
---------baggage detected by sensor------------- 
Baggage weighs: 18.78 kg
baggage is on conveyor belt-------
---------baggage detected by sensor------------- 
Baggage weighs: 20.31 kg
baggage is on conveyor belt-------
---------baggage detected by sensor------------- 
Baggage weighs: 21.25 kg
baggage is on conveyor belt-------
---------baggage detected by sensor------------- 
Baggage weighs: 18.87 kg
baggage is on conveyor belt-------
---------baggage detected by sensor------------- 
Baggage weighs: 16.25 kg
baggage is on conveyor belt-------
---------baggage detected by sensor------------- 
Baggage weighs: 19.94 kg
baggage is on conveyor belt-------
---------baggage detected by sensor------------- 
Baggage weighs: 16.88 kg
baggage is on conveyor belt-------
---------baggage detected by sensor------------- 
Baggage weighs: 18.24 kg
baggage is on conveyor belt-------
---------baggage detected by sensor------------- 
Baggage weighs: 17.16 kg
baggage is on conveyor belt-------
---------baggage detected by sensor------------- 
Baggage weighs: 19.34 kg
baggage is on conveyor belt-------
---------baggage detected by sensor------------- 
Baggage weighs: 22.41 kg
baggage is on conveyor belt-------
---------baggage detected by sensor------------- 
Baggage weighs: 20.47 kg
baggage is on conveyor belt-------
---------baggage detected by sensor------------- 
Baggage weighs: 18.81 kg
baggage is on conveyor belt-------
---------baggage detected by sensor------------- 
Baggage weighs: 18.56 kg
baggage is on conveyor belt-------
---------baggage detected by sensor------------- 
Baggage weighs: 17.77 kg
baggage is on conveyor belt-------
---------baggage detected by sensor------------- 
Baggage weighs: 19.32 kg
baggage is on conveyor belt-------
---------baggage detected by sensor------------- 
Baggage weighs: 19.21 kg
baggage is on conveyor belt-------
---------baggage detected by sensor------------- 
Baggage weighs: 19.13 kg
baggage is on conveyor belt-------
---------baggage detected by sensor------------- 
Baggage weighs: 20.39 kg
baggage is on conveyor belt-------
---------baggage detected by sensor------------- 
Baggage weighs: 21.03 kg
baggage is on conveyor belt-------
---------baggage detected by sensor------------- 
Baggage weighs: 20.05 kg
baggage is on conveyor belt-------
---------baggage detected by sensor------------- 
Baggage weighs: 21.92 kg
baggage is on conveyor belt-------
---------baggage detected by sensor------------- 
Baggage weighs: 19.37 kg
baggage is on conveyor belt-------
---------baggage detected by sensor------------- 
Baggage weighs: 20.35 kg
baggage is on conveyor belt-------
---------baggage detected by sensor------------- 
Baggage weighs: 18.73 kg
baggage is on conveyor belt-------
---------baggage detected by sensor------------- 
Baggage weighs: 20.33 kg
baggage is on conveyor belt-------
---------baggage detected by sensor------------- 
Baggage weighs: 22.01 kg
baggage is on conveyor belt-------
---------baggage detected by sensor------------- 
Baggage weighs: 19.27 kg
baggage is on conveyor belt-------
---------baggage detected by sensor------------- 
Baggage weighs: 21.18 kg
baggage is on conveyor belt-------
---------baggage detected by sensor------------- 
Baggage weighs: 17.16 kg
baggage is on conveyor belt-------
---------baggage detected by sensor------------- 
Baggage weighs: 20.04 kg
baggage is on conveyor belt-------
---------baggage detected by sensor------------- 
Baggage weighs: 20.91 kg
baggage is on conveyor belt-------
---------baggage detected by sensor------------- 
Baggage weighs: 20.3 kg
baggage is on conveyor belt-------
---------baggage detected by sensor------------- 
Baggage weighs: 20.38 kg
baggage is on conveyor belt-------
---------baggage detected by sensor------------- 
Baggage weighs: 16.54 kg
baggage is on conveyor belt-------
---------baggage detected by sensor------------- 
Baggage weighs: 18.87 kg
baggage is on conveyor belt-------
---------baggage detected by sensor------------- 
Baggage weighs: 20.22 kg
baggage is on conveyor belt-------
---------baggage detected by sensor------------- 
Baggage weighs: 20.75 kg
baggage is on conveyor belt-------
---------baggage detected by sensor------------- 
Baggage weighs: 17.4 kg
baggage is on conveyor belt-------
---------baggage detected by sensor------------- 
Baggage weighs: 20.27 kg
baggage is on conveyor belt-------
---------baggage detected by sensor------------- 
Baggage weighs: 17.04 kg
baggage is on conveyor belt-------
---------baggage detected by sensor------------- 
Baggage weighs: 19.84 kg
baggage is on conveyor belt-------
---------baggage detected by sensor------------- 
Baggage weighs: 17.34 kg
baggage is on conveyor belt-------
---------baggage detected by sensor------------- 
Baggage weighs: 18.75 kg
baggage is on conveyor belt-------
---------baggage detected by sensor------------- 
Baggage weighs: 19.12 kg
baggage is on conveyor belt-------
---------baggage detected by sensor------------- 
Baggage weighs: 18.29 kg
baggage is on conveyor belt-------
---------baggage detected by sensor------------- 
Baggage weighs: 17.94 kg
baggage is on conveyor belt-------
---------baggage detected by sensor------------- 
Baggage weighs: 19.09 kg
baggage is on conveyor belt-------
---------baggage detected by sensor------------- 
Baggage weighs: 22.39 kg
baggage is on conveyor belt-------
---------baggage detected by sensor------------- 
Baggage weighs: 21.23 kg
baggage is on conveyor belt-------
---------baggage detected by sensor------------- 
Baggage weighs: 17.56 kg
baggage is on conveyor belt-------
---------baggage detected by sensor------------- 
Baggage weighs: 18.37 kg
baggage is on conveyor belt-------
---------baggage detected by sensor------------- 
Baggage weighs: 21.4 kg
baggage is on conveyor belt-------
---------baggage detected by sensor------------- 
Baggage weighs: 20.25 kg
baggage is on conveyor belt-------
---------baggage detected by sensor------------- 
Baggage weighs: 23.0 kg
baggage is on conveyor belt-------
---------baggage detected by sensor------------- 
Baggage weighs: 17.01 kg
baggage is on conveyor belt-------
---------baggage detected by sensor------------- 
Baggage weighs: 17.39 kg
baggage is on conveyor belt-------
---------baggage detected by sensor------------- 
Baggage weighs: 16.7 kg
baggage is on conveyor belt-------
---------baggage detected by sensor------------- 
Baggage weighs: 16.23 kg
baggage is on conveyor belt-------
---------baggage detected by sensor------------- 
Baggage weighs: 19.13 kg
baggage is on conveyor belt-------
---------baggage detected by sensor------------- 
Baggage weighs: 21.07 kg
baggage is on conveyor belt-------
---------baggage detected by sensor------------- 
Baggage weighs: 17.87 kg
baggage is on conveyor belt-------
---------baggage detected by sensor------------- 
Baggage weighs: 19.92 kg
baggage is on conveyor belt-------
---------baggage detected by sensor------------- 
Baggage weighs: 19.22 kg
baggage is on conveyor belt-------
---------baggage detected by sensor------------- 
Baggage weighs: 21.53 kg
baggage is on conveyor belt-------
---------baggage detected by sensor------------- 
Baggage weighs: 20.29 kg
baggage is on conveyor belt-------
---------baggage detected by sensor------------- 
Baggage weighs: 19.32 kg
baggage is on conveyor belt-------
---------baggage detected by sensor------------- 
Baggage weighs: 17.25 kg
baggage is on conveyor belt-------
---------baggage detected by sensor------------- 
Baggage weighs: 21.3 kg
baggage is on conveyor belt-------
---------baggage detected by sensor------------- 
Baggage weighs: 16.79 kg
baggage is on conveyor belt-------
---------baggage detected by sensor------------- 
Baggage weighs: 19.55 kg
Seat with ID: 24D has been reserved for you!

BOARDING PASS FOR INA COOK
-----------------------------------------------------------------------------
LUFTHANSA                      alpd15iela28l3e /  Ina Cook
Ina Cook                                     /  alpd15iela28l3e
FRA   LH2121   E  30.Oct                       /  FRA
HKG                                            /  HKG
SEAT ID: 24D                                   /  LH2121 E 30.Oct
SEQ: 86                                      / GATE: A05   22:00
MAX 1  HANDLUGGAGE/ LUGGAGE
-----------------------------------------------------------------------------
sorry Ina Cook we have no voucher for you! Have a nice day!

---------------------------------------------------------------------------------------------------------------
scanning passport with passport id: Z555H2262
searching for ticket in fast bag drop database..............
Ticket found for Sheree Solis and Flight LH2121
----searching flight seat for Sheree Solis---------
Found a seat with ID 24E
Below details were found in database
------------------------------------------
Name: Sheree Solis
Flight ID: LH2121
Source: FRA
Destination: HKG
Gate No: A05
Boarding time: 22:00
Ticket ID: hr0d1c862h22ma3
Booking Class: E
------------------------------------------

Proceed with check-in for flight LH2121 ?
Type YES to CHECK-IN or NO to cancel CHECK-IN
Sheree Solis is deciding whether to check-in or to go back home and sleep............
YES CHECK-IN
Checking you in...............
baggage is on conveyor belt-------
---------baggage detected by sensor------------- 
Baggage weighs: 21.58 kg
baggage is on conveyor belt-------
---------baggage detected by sensor------------- 
Baggage weighs: 20.43 kg
baggage is on conveyor belt-------
---------baggage detected by sensor------------- 
Baggage weighs: 18.47 kg
baggage is on conveyor belt-------
---------baggage detected by sensor------------- 
Baggage weighs: 17.86 kg
baggage is on conveyor belt-------
---------baggage detected by sensor------------- 
Baggage weighs: 18.65 kg
baggage is on conveyor belt-------
---------baggage detected by sensor------------- 
Baggage weighs: 19.27 kg
baggage is on conveyor belt-------
---------baggage detected by sensor------------- 
Baggage weighs: 17.42 kg
baggage is on conveyor belt-------
---------baggage detected by sensor------------- 
Baggage weighs: 19.16 kg
baggage is on conveyor belt-------
---------baggage detected by sensor------------- 
Baggage weighs: 19.52 kg
baggage is on conveyor belt-------
---------baggage detected by sensor------------- 
Baggage weighs: 17.51 kg
baggage is on conveyor belt-------
---------baggage detected by sensor------------- 
Baggage weighs: 17.38 kg
baggage is on conveyor belt-------
---------baggage detected by sensor------------- 
Baggage weighs: 18.67 kg
baggage is on conveyor belt-------
---------baggage detected by sensor------------- 
Baggage weighs: 16.98 kg
baggage is on conveyor belt-------
---------baggage detected by sensor------------- 
Baggage weighs: 21.26 kg
baggage is on conveyor belt-------
---------baggage detected by sensor------------- 
Baggage weighs: 18.3 kg
baggage is on conveyor belt-------
---------baggage detected by sensor------------- 
Baggage weighs: 16.81 kg
baggage is on conveyor belt-------
---------baggage detected by sensor------------- 
Baggage weighs: 20.91 kg
baggage is on conveyor belt-------
---------baggage detected by sensor------------- 
Baggage weighs: 21.21 kg
baggage is on conveyor belt-------
---------baggage detected by sensor------------- 
Baggage weighs: 19.69 kg
baggage is on conveyor belt-------
---------baggage detected by sensor------------- 
Baggage weighs: 18.67 kg
baggage is on conveyor belt-------
---------baggage detected by sensor------------- 
Baggage weighs: 19.12 kg
baggage is on conveyor belt-------
---------baggage detected by sensor------------- 
Baggage weighs: 16.42 kg
baggage is on conveyor belt-------
---------baggage detected by sensor------------- 
Baggage weighs: 19.17 kg
baggage is on conveyor belt-------
---------baggage detected by sensor------------- 
Baggage weighs: 19.0 kg
baggage is on conveyor belt-------
---------baggage detected by sensor------------- 
Baggage weighs: 18.78 kg
baggage is on conveyor belt-------
---------baggage detected by sensor------------- 
Baggage weighs: 20.31 kg
baggage is on conveyor belt-------
---------baggage detected by sensor------------- 
Baggage weighs: 21.25 kg
baggage is on conveyor belt-------
---------baggage detected by sensor------------- 
Baggage weighs: 18.87 kg
baggage is on conveyor belt-------
---------baggage detected by sensor------------- 
Baggage weighs: 16.25 kg
baggage is on conveyor belt-------
---------baggage detected by sensor------------- 
Baggage weighs: 19.94 kg
baggage is on conveyor belt-------
---------baggage detected by sensor------------- 
Baggage weighs: 16.88 kg
baggage is on conveyor belt-------
---------baggage detected by sensor------------- 
Baggage weighs: 18.24 kg
baggage is on conveyor belt-------
---------baggage detected by sensor------------- 
Baggage weighs: 17.16 kg
baggage is on conveyor belt-------
---------baggage detected by sensor------------- 
Baggage weighs: 19.34 kg
baggage is on conveyor belt-------
---------baggage detected by sensor------------- 
Baggage weighs: 22.41 kg
baggage is on conveyor belt-------
---------baggage detected by sensor------------- 
Baggage weighs: 20.47 kg
baggage is on conveyor belt-------
---------baggage detected by sensor------------- 
Baggage weighs: 18.81 kg
baggage is on conveyor belt-------
---------baggage detected by sensor------------- 
Baggage weighs: 18.56 kg
baggage is on conveyor belt-------
---------baggage detected by sensor------------- 
Baggage weighs: 17.77 kg
baggage is on conveyor belt-------
---------baggage detected by sensor------------- 
Baggage weighs: 19.32 kg
baggage is on conveyor belt-------
---------baggage detected by sensor------------- 
Baggage weighs: 19.21 kg
baggage is on conveyor belt-------
---------baggage detected by sensor------------- 
Baggage weighs: 19.13 kg
baggage is on conveyor belt-------
---------baggage detected by sensor------------- 
Baggage weighs: 20.39 kg
baggage is on conveyor belt-------
---------baggage detected by sensor------------- 
Baggage weighs: 21.03 kg
baggage is on conveyor belt-------
---------baggage detected by sensor------------- 
Baggage weighs: 20.05 kg
baggage is on conveyor belt-------
---------baggage detected by sensor------------- 
Baggage weighs: 21.92 kg
baggage is on conveyor belt-------
---------baggage detected by sensor------------- 
Baggage weighs: 19.37 kg
baggage is on conveyor belt-------
---------baggage detected by sensor------------- 
Baggage weighs: 20.35 kg
baggage is on conveyor belt-------
---------baggage detected by sensor------------- 
Baggage weighs: 18.73 kg
baggage is on conveyor belt-------
---------baggage detected by sensor------------- 
Baggage weighs: 20.33 kg
baggage is on conveyor belt-------
---------baggage detected by sensor------------- 
Baggage weighs: 22.01 kg
baggage is on conveyor belt-------
---------baggage detected by sensor------------- 
Baggage weighs: 19.27 kg
baggage is on conveyor belt-------
---------baggage detected by sensor------------- 
Baggage weighs: 21.18 kg
baggage is on conveyor belt-------
---------baggage detected by sensor------------- 
Baggage weighs: 17.16 kg
baggage is on conveyor belt-------
---------baggage detected by sensor------------- 
Baggage weighs: 20.04 kg
baggage is on conveyor belt-------
---------baggage detected by sensor------------- 
Baggage weighs: 20.91 kg
baggage is on conveyor belt-------
---------baggage detected by sensor------------- 
Baggage weighs: 20.3 kg
baggage is on conveyor belt-------
---------baggage detected by sensor------------- 
Baggage weighs: 20.38 kg
baggage is on conveyor belt-------
---------baggage detected by sensor------------- 
Baggage weighs: 16.54 kg
baggage is on conveyor belt-------
---------baggage detected by sensor------------- 
Baggage weighs: 18.87 kg
baggage is on conveyor belt-------
---------baggage detected by sensor------------- 
Baggage weighs: 20.22 kg
baggage is on conveyor belt-------
---------baggage detected by sensor------------- 
Baggage weighs: 20.75 kg
baggage is on conveyor belt-------
---------baggage detected by sensor------------- 
Baggage weighs: 17.4 kg
baggage is on conveyor belt-------
---------baggage detected by sensor------------- 
Baggage weighs: 20.27 kg
baggage is on conveyor belt-------
---------baggage detected by sensor------------- 
Baggage weighs: 17.04 kg
baggage is on conveyor belt-------
---------baggage detected by sensor------------- 
Baggage weighs: 19.84 kg
baggage is on conveyor belt-------
---------baggage detected by sensor------------- 
Baggage weighs: 17.34 kg
baggage is on conveyor belt-------
---------baggage detected by sensor------------- 
Baggage weighs: 18.75 kg
baggage is on conveyor belt-------
---------baggage detected by sensor------------- 
Baggage weighs: 19.12 kg
baggage is on conveyor belt-------
---------baggage detected by sensor------------- 
Baggage weighs: 18.29 kg
baggage is on conveyor belt-------
---------baggage detected by sensor------------- 
Baggage weighs: 17.94 kg
baggage is on conveyor belt-------
---------baggage detected by sensor------------- 
Baggage weighs: 19.09 kg
baggage is on conveyor belt-------
---------baggage detected by sensor------------- 
Baggage weighs: 22.39 kg
baggage is on conveyor belt-------
---------baggage detected by sensor------------- 
Baggage weighs: 21.23 kg
baggage is on conveyor belt-------
---------baggage detected by sensor------------- 
Baggage weighs: 17.56 kg
baggage is on conveyor belt-------
---------baggage detected by sensor------------- 
Baggage weighs: 18.37 kg
baggage is on conveyor belt-------
---------baggage detected by sensor------------- 
Baggage weighs: 21.4 kg
baggage is on conveyor belt-------
---------baggage detected by sensor------------- 
Baggage weighs: 20.25 kg
baggage is on conveyor belt-------
---------baggage detected by sensor------------- 
Baggage weighs: 23.0 kg
baggage is on conveyor belt-------
---------baggage detected by sensor------------- 
Baggage weighs: 17.01 kg
baggage is on conveyor belt-------
---------baggage detected by sensor------------- 
Baggage weighs: 17.39 kg
baggage is on conveyor belt-------
---------baggage detected by sensor------------- 
Baggage weighs: 16.7 kg
baggage is on conveyor belt-------
---------baggage detected by sensor------------- 
Baggage weighs: 16.23 kg
baggage is on conveyor belt-------
---------baggage detected by sensor------------- 
Baggage weighs: 19.13 kg
baggage is on conveyor belt-------
---------baggage detected by sensor------------- 
Baggage weighs: 21.07 kg
baggage is on conveyor belt-------
---------baggage detected by sensor------------- 
Baggage weighs: 17.87 kg
baggage is on conveyor belt-------
---------baggage detected by sensor------------- 
Baggage weighs: 19.92 kg
baggage is on conveyor belt-------
---------baggage detected by sensor------------- 
Baggage weighs: 19.22 kg
baggage is on conveyor belt-------
---------baggage detected by sensor------------- 
Baggage weighs: 21.53 kg
baggage is on conveyor belt-------
---------baggage detected by sensor------------- 
Baggage weighs: 20.29 kg
baggage is on conveyor belt-------
---------baggage detected by sensor------------- 
Baggage weighs: 19.32 kg
baggage is on conveyor belt-------
---------baggage detected by sensor------------- 
Baggage weighs: 17.25 kg
baggage is on conveyor belt-------
---------baggage detected by sensor------------- 
Baggage weighs: 21.3 kg
baggage is on conveyor belt-------
---------baggage detected by sensor------------- 
Baggage weighs: 16.79 kg
baggage is on conveyor belt-------
---------baggage detected by sensor------------- 
Baggage weighs: 19.55 kg
baggage is on conveyor belt-------
---------baggage detected by sensor------------- 
Baggage weighs: 18.88 kg
Seat with ID: 24E has been reserved for you!

BOARDING PASS FOR SHEREE SOLIS
-----------------------------------------------------------------------------
LUFTHANSA                      hr0d1c862h22ma3 /  Sheree Solis
Sheree Solis                                     /  hr0d1c862h22ma3
FRA   LH2121   E  30.Oct                       /  FRA
HKG                                            /  HKG
SEAT ID: 24E                                   /  LH2121 E 30.Oct
SEQ: 87                                      / GATE: A05   22:00
MAX 1  HANDLUGGAGE/ LUGGAGE
-----------------------------------------------------------------------------
sorry Sheree Solis we have no voucher for you! Have a nice day!

---------------------------------------------------------------------------------------------------------------
scanning passport with passport id: 6GAYV38QN
searching for ticket in fast bag drop database..............
Ticket found for Earline Gould and Flight LH2121
----searching flight seat for Earline Gould---------
Found a seat with ID 24G
Below details were found in database
------------------------------------------
Name: Earline Gould
Flight ID: LH2121
Source: FRA
Destination: HKG
Gate No: A05
Boarding time: 22:00
Ticket ID: vykwhdvtsyxfgaw
Booking Class: E
------------------------------------------

Proceed with check-in for flight LH2121 ?
Type YES to CHECK-IN or NO to cancel CHECK-IN
Earline Gould is deciding whether to check-in or to go back home and sleep............
YES CHECK-IN
Checking you in...............
baggage is on conveyor belt-------
---------baggage detected by sensor------------- 
Baggage weighs: 21.58 kg
baggage is on conveyor belt-------
---------baggage detected by sensor------------- 
Baggage weighs: 20.43 kg
baggage is on conveyor belt-------
---------baggage detected by sensor------------- 
Baggage weighs: 18.47 kg
baggage is on conveyor belt-------
---------baggage detected by sensor------------- 
Baggage weighs: 17.86 kg
baggage is on conveyor belt-------
---------baggage detected by sensor------------- 
Baggage weighs: 18.65 kg
baggage is on conveyor belt-------
---------baggage detected by sensor------------- 
Baggage weighs: 19.27 kg
baggage is on conveyor belt-------
---------baggage detected by sensor------------- 
Baggage weighs: 17.42 kg
baggage is on conveyor belt-------
---------baggage detected by sensor------------- 
Baggage weighs: 19.16 kg
baggage is on conveyor belt-------
---------baggage detected by sensor------------- 
Baggage weighs: 19.52 kg
baggage is on conveyor belt-------
---------baggage detected by sensor------------- 
Baggage weighs: 17.51 kg
baggage is on conveyor belt-------
---------baggage detected by sensor------------- 
Baggage weighs: 17.38 kg
baggage is on conveyor belt-------
---------baggage detected by sensor------------- 
Baggage weighs: 18.67 kg
baggage is on conveyor belt-------
---------baggage detected by sensor------------- 
Baggage weighs: 16.98 kg
baggage is on conveyor belt-------
---------baggage detected by sensor------------- 
Baggage weighs: 21.26 kg
baggage is on conveyor belt-------
---------baggage detected by sensor------------- 
Baggage weighs: 18.3 kg
baggage is on conveyor belt-------
---------baggage detected by sensor------------- 
Baggage weighs: 16.81 kg
baggage is on conveyor belt-------
---------baggage detected by sensor------------- 
Baggage weighs: 20.91 kg
baggage is on conveyor belt-------
---------baggage detected by sensor------------- 
Baggage weighs: 21.21 kg
baggage is on conveyor belt-------
---------baggage detected by sensor------------- 
Baggage weighs: 19.69 kg
baggage is on conveyor belt-------
---------baggage detected by sensor------------- 
Baggage weighs: 18.67 kg
baggage is on conveyor belt-------
---------baggage detected by sensor------------- 
Baggage weighs: 19.12 kg
baggage is on conveyor belt-------
---------baggage detected by sensor------------- 
Baggage weighs: 16.42 kg
baggage is on conveyor belt-------
---------baggage detected by sensor------------- 
Baggage weighs: 19.17 kg
baggage is on conveyor belt-------
---------baggage detected by sensor------------- 
Baggage weighs: 19.0 kg
baggage is on conveyor belt-------
---------baggage detected by sensor------------- 
Baggage weighs: 18.78 kg
baggage is on conveyor belt-------
---------baggage detected by sensor------------- 
Baggage weighs: 20.31 kg
baggage is on conveyor belt-------
---------baggage detected by sensor------------- 
Baggage weighs: 21.25 kg
baggage is on conveyor belt-------
---------baggage detected by sensor------------- 
Baggage weighs: 18.87 kg
baggage is on conveyor belt-------
---------baggage detected by sensor------------- 
Baggage weighs: 16.25 kg
baggage is on conveyor belt-------
---------baggage detected by sensor------------- 
Baggage weighs: 19.94 kg
baggage is on conveyor belt-------
---------baggage detected by sensor------------- 
Baggage weighs: 16.88 kg
baggage is on conveyor belt-------
---------baggage detected by sensor------------- 
Baggage weighs: 18.24 kg
baggage is on conveyor belt-------
---------baggage detected by sensor------------- 
Baggage weighs: 17.16 kg
baggage is on conveyor belt-------
---------baggage detected by sensor------------- 
Baggage weighs: 19.34 kg
baggage is on conveyor belt-------
---------baggage detected by sensor------------- 
Baggage weighs: 22.41 kg
baggage is on conveyor belt-------
---------baggage detected by sensor------------- 
Baggage weighs: 20.47 kg
baggage is on conveyor belt-------
---------baggage detected by sensor------------- 
Baggage weighs: 18.81 kg
baggage is on conveyor belt-------
---------baggage detected by sensor------------- 
Baggage weighs: 18.56 kg
baggage is on conveyor belt-------
---------baggage detected by sensor------------- 
Baggage weighs: 17.77 kg
baggage is on conveyor belt-------
---------baggage detected by sensor------------- 
Baggage weighs: 19.32 kg
baggage is on conveyor belt-------
---------baggage detected by sensor------------- 
Baggage weighs: 19.21 kg
baggage is on conveyor belt-------
---------baggage detected by sensor------------- 
Baggage weighs: 19.13 kg
baggage is on conveyor belt-------
---------baggage detected by sensor------------- 
Baggage weighs: 20.39 kg
baggage is on conveyor belt-------
---------baggage detected by sensor------------- 
Baggage weighs: 21.03 kg
baggage is on conveyor belt-------
---------baggage detected by sensor------------- 
Baggage weighs: 20.05 kg
baggage is on conveyor belt-------
---------baggage detected by sensor------------- 
Baggage weighs: 21.92 kg
baggage is on conveyor belt-------
---------baggage detected by sensor------------- 
Baggage weighs: 19.37 kg
baggage is on conveyor belt-------
---------baggage detected by sensor------------- 
Baggage weighs: 20.35 kg
baggage is on conveyor belt-------
---------baggage detected by sensor------------- 
Baggage weighs: 18.73 kg
baggage is on conveyor belt-------
---------baggage detected by sensor------------- 
Baggage weighs: 20.33 kg
baggage is on conveyor belt-------
---------baggage detected by sensor------------- 
Baggage weighs: 22.01 kg
baggage is on conveyor belt-------
---------baggage detected by sensor------------- 
Baggage weighs: 19.27 kg
baggage is on conveyor belt-------
---------baggage detected by sensor------------- 
Baggage weighs: 21.18 kg
baggage is on conveyor belt-------
---------baggage detected by sensor------------- 
Baggage weighs: 17.16 kg
baggage is on conveyor belt-------
---------baggage detected by sensor------------- 
Baggage weighs: 20.04 kg
baggage is on conveyor belt-------
---------baggage detected by sensor------------- 
Baggage weighs: 20.91 kg
baggage is on conveyor belt-------
---------baggage detected by sensor------------- 
Baggage weighs: 20.3 kg
baggage is on conveyor belt-------
---------baggage detected by sensor------------- 
Baggage weighs: 20.38 kg
baggage is on conveyor belt-------
---------baggage detected by sensor------------- 
Baggage weighs: 16.54 kg
baggage is on conveyor belt-------
---------baggage detected by sensor------------- 
Baggage weighs: 18.87 kg
baggage is on conveyor belt-------
---------baggage detected by sensor------------- 
Baggage weighs: 20.22 kg
baggage is on conveyor belt-------
---------baggage detected by sensor------------- 
Baggage weighs: 20.75 kg
baggage is on conveyor belt-------
---------baggage detected by sensor------------- 
Baggage weighs: 17.4 kg
baggage is on conveyor belt-------
---------baggage detected by sensor------------- 
Baggage weighs: 20.27 kg
baggage is on conveyor belt-------
---------baggage detected by sensor------------- 
Baggage weighs: 17.04 kg
baggage is on conveyor belt-------
---------baggage detected by sensor------------- 
Baggage weighs: 19.84 kg
baggage is on conveyor belt-------
---------baggage detected by sensor------------- 
Baggage weighs: 17.34 kg
baggage is on conveyor belt-------
---------baggage detected by sensor------------- 
Baggage weighs: 18.75 kg
baggage is on conveyor belt-------
---------baggage detected by sensor------------- 
Baggage weighs: 19.12 kg
baggage is on conveyor belt-------
---------baggage detected by sensor------------- 
Baggage weighs: 18.29 kg
baggage is on conveyor belt-------
---------baggage detected by sensor------------- 
Baggage weighs: 17.94 kg
baggage is on conveyor belt-------
---------baggage detected by sensor------------- 
Baggage weighs: 19.09 kg
baggage is on conveyor belt-------
---------baggage detected by sensor------------- 
Baggage weighs: 22.39 kg
baggage is on conveyor belt-------
---------baggage detected by sensor------------- 
Baggage weighs: 21.23 kg
baggage is on conveyor belt-------
---------baggage detected by sensor------------- 
Baggage weighs: 17.56 kg
baggage is on conveyor belt-------
---------baggage detected by sensor------------- 
Baggage weighs: 18.37 kg
baggage is on conveyor belt-------
---------baggage detected by sensor------------- 
Baggage weighs: 21.4 kg
baggage is on conveyor belt-------
---------baggage detected by sensor------------- 
Baggage weighs: 20.25 kg
baggage is on conveyor belt-------
---------baggage detected by sensor------------- 
Baggage weighs: 23.0 kg
baggage is on conveyor belt-------
---------baggage detected by sensor------------- 
Baggage weighs: 17.01 kg
baggage is on conveyor belt-------
---------baggage detected by sensor------------- 
Baggage weighs: 17.39 kg
baggage is on conveyor belt-------
---------baggage detected by sensor------------- 
Baggage weighs: 16.7 kg
baggage is on conveyor belt-------
---------baggage detected by sensor------------- 
Baggage weighs: 16.23 kg
baggage is on conveyor belt-------
---------baggage detected by sensor------------- 
Baggage weighs: 19.13 kg
baggage is on conveyor belt-------
---------baggage detected by sensor------------- 
Baggage weighs: 21.07 kg
baggage is on conveyor belt-------
---------baggage detected by sensor------------- 
Baggage weighs: 17.87 kg
baggage is on conveyor belt-------
---------baggage detected by sensor------------- 
Baggage weighs: 19.92 kg
baggage is on conveyor belt-------
---------baggage detected by sensor------------- 
Baggage weighs: 19.22 kg
baggage is on conveyor belt-------
---------baggage detected by sensor------------- 
Baggage weighs: 21.53 kg
baggage is on conveyor belt-------
---------baggage detected by sensor------------- 
Baggage weighs: 20.29 kg
baggage is on conveyor belt-------
---------baggage detected by sensor------------- 
Baggage weighs: 19.32 kg
baggage is on conveyor belt-------
---------baggage detected by sensor------------- 
Baggage weighs: 17.25 kg
baggage is on conveyor belt-------
---------baggage detected by sensor------------- 
Baggage weighs: 21.3 kg
baggage is on conveyor belt-------
---------baggage detected by sensor------------- 
Baggage weighs: 16.79 kg
baggage is on conveyor belt-------
---------baggage detected by sensor------------- 
Baggage weighs: 19.55 kg
baggage is on conveyor belt-------
---------baggage detected by sensor------------- 
Baggage weighs: 18.88 kg
baggage is on conveyor belt-------
---------baggage detected by sensor------------- 
Baggage weighs: 22.33 kg
Seat with ID: 24G has been reserved for you!

BOARDING PASS FOR EARLINE GOULD
-----------------------------------------------------------------------------
LUFTHANSA                      vykwhdvtsyxfgaw /  Earline Gould
Earline Gould                                     /  vykwhdvtsyxfgaw
FRA   LH2121   E  30.Oct                       /  FRA
HKG                                            /  HKG
SEAT ID: 24G                                   /  LH2121 E 30.Oct
SEQ: 88                                      / GATE: A05   22:00
MAX 1  HANDLUGGAGE/ LUGGAGE
-----------------------------------------------------------------------------
sorry Earline Gould we have no voucher for you! Have a nice day!

---------------------------------------------------------------------------------------------------------------
scanning passport with passport id: G3HXRXDVX
searching for ticket in fast bag drop database..............
Ticket found for Darius Padilla and Flight LH2121
----searching flight seat for Darius Padilla---------
Found a seat with ID 24H
Below details were found in database
------------------------------------------
Name: Darius Padilla
Flight ID: LH2121
Source: FRA
Destination: HKG
Gate No: A05
Boarding time: 22:00
Ticket ID: qryy040j8d5j3yo
Booking Class: E
------------------------------------------

Proceed with check-in for flight LH2121 ?
Type YES to CHECK-IN or NO to cancel CHECK-IN
Darius Padilla is deciding whether to check-in or to go back home and sleep............
YES CHECK-IN
Checking you in...............
baggage is on conveyor belt-------
---------baggage detected by sensor------------- 
Baggage weighs: 21.58 kg
baggage is on conveyor belt-------
---------baggage detected by sensor------------- 
Baggage weighs: 20.43 kg
baggage is on conveyor belt-------
---------baggage detected by sensor------------- 
Baggage weighs: 18.47 kg
baggage is on conveyor belt-------
---------baggage detected by sensor------------- 
Baggage weighs: 17.86 kg
baggage is on conveyor belt-------
---------baggage detected by sensor------------- 
Baggage weighs: 18.65 kg
baggage is on conveyor belt-------
---------baggage detected by sensor------------- 
Baggage weighs: 19.27 kg
baggage is on conveyor belt-------
---------baggage detected by sensor------------- 
Baggage weighs: 17.42 kg
baggage is on conveyor belt-------
---------baggage detected by sensor------------- 
Baggage weighs: 19.16 kg
baggage is on conveyor belt-------
---------baggage detected by sensor------------- 
Baggage weighs: 19.52 kg
baggage is on conveyor belt-------
---------baggage detected by sensor------------- 
Baggage weighs: 17.51 kg
baggage is on conveyor belt-------
---------baggage detected by sensor------------- 
Baggage weighs: 17.38 kg
baggage is on conveyor belt-------
---------baggage detected by sensor------------- 
Baggage weighs: 18.67 kg
baggage is on conveyor belt-------
---------baggage detected by sensor------------- 
Baggage weighs: 16.98 kg
baggage is on conveyor belt-------
---------baggage detected by sensor------------- 
Baggage weighs: 21.26 kg
baggage is on conveyor belt-------
---------baggage detected by sensor------------- 
Baggage weighs: 18.3 kg
baggage is on conveyor belt-------
---------baggage detected by sensor------------- 
Baggage weighs: 16.81 kg
baggage is on conveyor belt-------
---------baggage detected by sensor------------- 
Baggage weighs: 20.91 kg
baggage is on conveyor belt-------
---------baggage detected by sensor------------- 
Baggage weighs: 21.21 kg
baggage is on conveyor belt-------
---------baggage detected by sensor------------- 
Baggage weighs: 19.69 kg
baggage is on conveyor belt-------
---------baggage detected by sensor------------- 
Baggage weighs: 18.67 kg
baggage is on conveyor belt-------
---------baggage detected by sensor------------- 
Baggage weighs: 19.12 kg
baggage is on conveyor belt-------
---------baggage detected by sensor------------- 
Baggage weighs: 16.42 kg
baggage is on conveyor belt-------
---------baggage detected by sensor------------- 
Baggage weighs: 19.17 kg
baggage is on conveyor belt-------
---------baggage detected by sensor------------- 
Baggage weighs: 19.0 kg
baggage is on conveyor belt-------
---------baggage detected by sensor------------- 
Baggage weighs: 18.78 kg
baggage is on conveyor belt-------
---------baggage detected by sensor------------- 
Baggage weighs: 20.31 kg
baggage is on conveyor belt-------
---------baggage detected by sensor------------- 
Baggage weighs: 21.25 kg
baggage is on conveyor belt-------
---------baggage detected by sensor------------- 
Baggage weighs: 18.87 kg
baggage is on conveyor belt-------
---------baggage detected by sensor------------- 
Baggage weighs: 16.25 kg
baggage is on conveyor belt-------
---------baggage detected by sensor------------- 
Baggage weighs: 19.94 kg
baggage is on conveyor belt-------
---------baggage detected by sensor------------- 
Baggage weighs: 16.88 kg
baggage is on conveyor belt-------
---------baggage detected by sensor------------- 
Baggage weighs: 18.24 kg
baggage is on conveyor belt-------
---------baggage detected by sensor------------- 
Baggage weighs: 17.16 kg
baggage is on conveyor belt-------
---------baggage detected by sensor------------- 
Baggage weighs: 19.34 kg
baggage is on conveyor belt-------
---------baggage detected by sensor------------- 
Baggage weighs: 22.41 kg
baggage is on conveyor belt-------
---------baggage detected by sensor------------- 
Baggage weighs: 20.47 kg
baggage is on conveyor belt-------
---------baggage detected by sensor------------- 
Baggage weighs: 18.81 kg
baggage is on conveyor belt-------
---------baggage detected by sensor------------- 
Baggage weighs: 18.56 kg
baggage is on conveyor belt-------
---------baggage detected by sensor------------- 
Baggage weighs: 17.77 kg
baggage is on conveyor belt-------
---------baggage detected by sensor------------- 
Baggage weighs: 19.32 kg
baggage is on conveyor belt-------
---------baggage detected by sensor------------- 
Baggage weighs: 19.21 kg
baggage is on conveyor belt-------
---------baggage detected by sensor------------- 
Baggage weighs: 19.13 kg
baggage is on conveyor belt-------
---------baggage detected by sensor------------- 
Baggage weighs: 20.39 kg
baggage is on conveyor belt-------
---------baggage detected by sensor------------- 
Baggage weighs: 21.03 kg
baggage is on conveyor belt-------
---------baggage detected by sensor------------- 
Baggage weighs: 20.05 kg
baggage is on conveyor belt-------
---------baggage detected by sensor------------- 
Baggage weighs: 21.92 kg
baggage is on conveyor belt-------
---------baggage detected by sensor------------- 
Baggage weighs: 19.37 kg
baggage is on conveyor belt-------
---------baggage detected by sensor------------- 
Baggage weighs: 20.35 kg
baggage is on conveyor belt-------
---------baggage detected by sensor------------- 
Baggage weighs: 18.73 kg
baggage is on conveyor belt-------
---------baggage detected by sensor------------- 
Baggage weighs: 20.33 kg
baggage is on conveyor belt-------
---------baggage detected by sensor------------- 
Baggage weighs: 22.01 kg
baggage is on conveyor belt-------
---------baggage detected by sensor------------- 
Baggage weighs: 19.27 kg
baggage is on conveyor belt-------
---------baggage detected by sensor------------- 
Baggage weighs: 21.18 kg
baggage is on conveyor belt-------
---------baggage detected by sensor------------- 
Baggage weighs: 17.16 kg
baggage is on conveyor belt-------
---------baggage detected by sensor------------- 
Baggage weighs: 20.04 kg
baggage is on conveyor belt-------
---------baggage detected by sensor------------- 
Baggage weighs: 20.91 kg
baggage is on conveyor belt-------
---------baggage detected by sensor------------- 
Baggage weighs: 20.3 kg
baggage is on conveyor belt-------
---------baggage detected by sensor------------- 
Baggage weighs: 20.38 kg
baggage is on conveyor belt-------
---------baggage detected by sensor------------- 
Baggage weighs: 16.54 kg
baggage is on conveyor belt-------
---------baggage detected by sensor------------- 
Baggage weighs: 18.87 kg
baggage is on conveyor belt-------
---------baggage detected by sensor------------- 
Baggage weighs: 20.22 kg
baggage is on conveyor belt-------
---------baggage detected by sensor------------- 
Baggage weighs: 20.75 kg
baggage is on conveyor belt-------
---------baggage detected by sensor------------- 
Baggage weighs: 17.4 kg
baggage is on conveyor belt-------
---------baggage detected by sensor------------- 
Baggage weighs: 20.27 kg
baggage is on conveyor belt-------
---------baggage detected by sensor------------- 
Baggage weighs: 17.04 kg
baggage is on conveyor belt-------
---------baggage detected by sensor------------- 
Baggage weighs: 19.84 kg
baggage is on conveyor belt-------
---------baggage detected by sensor------------- 
Baggage weighs: 17.34 kg
baggage is on conveyor belt-------
---------baggage detected by sensor------------- 
Baggage weighs: 18.75 kg
baggage is on conveyor belt-------
---------baggage detected by sensor------------- 
Baggage weighs: 19.12 kg
baggage is on conveyor belt-------
---------baggage detected by sensor------------- 
Baggage weighs: 18.29 kg
baggage is on conveyor belt-------
---------baggage detected by sensor------------- 
Baggage weighs: 17.94 kg
baggage is on conveyor belt-------
---------baggage detected by sensor------------- 
Baggage weighs: 19.09 kg
baggage is on conveyor belt-------
---------baggage detected by sensor------------- 
Baggage weighs: 22.39 kg
baggage is on conveyor belt-------
---------baggage detected by sensor------------- 
Baggage weighs: 21.23 kg
baggage is on conveyor belt-------
---------baggage detected by sensor------------- 
Baggage weighs: 17.56 kg
baggage is on conveyor belt-------
---------baggage detected by sensor------------- 
Baggage weighs: 18.37 kg
baggage is on conveyor belt-------
---------baggage detected by sensor------------- 
Baggage weighs: 21.4 kg
baggage is on conveyor belt-------
---------baggage detected by sensor------------- 
Baggage weighs: 20.25 kg
baggage is on conveyor belt-------
---------baggage detected by sensor------------- 
Baggage weighs: 23.0 kg
baggage is on conveyor belt-------
---------baggage detected by sensor------------- 
Baggage weighs: 17.01 kg
baggage is on conveyor belt-------
---------baggage detected by sensor------------- 
Baggage weighs: 17.39 kg
baggage is on conveyor belt-------
---------baggage detected by sensor------------- 
Baggage weighs: 16.7 kg
baggage is on conveyor belt-------
---------baggage detected by sensor------------- 
Baggage weighs: 16.23 kg
baggage is on conveyor belt-------
---------baggage detected by sensor------------- 
Baggage weighs: 19.13 kg
baggage is on conveyor belt-------
---------baggage detected by sensor------------- 
Baggage weighs: 21.07 kg
baggage is on conveyor belt-------
---------baggage detected by sensor------------- 
Baggage weighs: 17.87 kg
baggage is on conveyor belt-------
---------baggage detected by sensor------------- 
Baggage weighs: 19.92 kg
baggage is on conveyor belt-------
---------baggage detected by sensor------------- 
Baggage weighs: 19.22 kg
baggage is on conveyor belt-------
---------baggage detected by sensor------------- 
Baggage weighs: 21.53 kg
baggage is on conveyor belt-------
---------baggage detected by sensor------------- 
Baggage weighs: 20.29 kg
baggage is on conveyor belt-------
---------baggage detected by sensor------------- 
Baggage weighs: 19.32 kg
baggage is on conveyor belt-------
---------baggage detected by sensor------------- 
Baggage weighs: 17.25 kg
baggage is on conveyor belt-------
---------baggage detected by sensor------------- 
Baggage weighs: 21.3 kg
baggage is on conveyor belt-------
---------baggage detected by sensor------------- 
Baggage weighs: 16.79 kg
baggage is on conveyor belt-------
---------baggage detected by sensor------------- 
Baggage weighs: 19.55 kg
baggage is on conveyor belt-------
---------baggage detected by sensor------------- 
Baggage weighs: 18.88 kg
baggage is on conveyor belt-------
---------baggage detected by sensor------------- 
Baggage weighs: 22.33 kg
baggage is on conveyor belt-------
---------baggage detected by sensor------------- 
Baggage weighs: 20.62 kg
Seat with ID: 24H has been reserved for you!

BOARDING PASS FOR DARIUS PADILLA
-----------------------------------------------------------------------------
LUFTHANSA                      qryy040j8d5j3yo /  Darius Padilla
Darius Padilla                                     /  qryy040j8d5j3yo
FRA   LH2121   E  30.Oct                       /  FRA
HKG                                            /  HKG
SEAT ID: 24H                                   /  LH2121 E 30.Oct
SEQ: 89                                      / GATE: A05   22:00
MAX 1  HANDLUGGAGE/ LUGGAGE
-----------------------------------------------------------------------------
sorry Darius Padilla we have no voucher for you! Have a nice day!

---------------------------------------------------------------------------------------------------------------
scanning passport with passport id: U837AB3CU
searching for ticket in fast bag drop database..............
Ticket found for Deirdre Valdez and Flight LH2121
----searching flight seat for Deirdre Valdez---------
Found a seat with ID 24J
Below details were found in database
------------------------------------------
Name: Deirdre Valdez
Flight ID: LH2121
Source: FRA
Destination: HKG
Gate No: A05
Boarding time: 22:00
Ticket ID: w0c9mpgb44pa22i
Booking Class: E
------------------------------------------

Proceed with check-in for flight LH2121 ?
Type YES to CHECK-IN or NO to cancel CHECK-IN
Deirdre Valdez is deciding whether to check-in or to go back home and sleep............
YES CHECK-IN
Checking you in...............
baggage is on conveyor belt-------
---------baggage detected by sensor------------- 
Baggage weighs: 21.58 kg
baggage is on conveyor belt-------
---------baggage detected by sensor------------- 
Baggage weighs: 20.43 kg
baggage is on conveyor belt-------
---------baggage detected by sensor------------- 
Baggage weighs: 18.47 kg
baggage is on conveyor belt-------
---------baggage detected by sensor------------- 
Baggage weighs: 17.86 kg
baggage is on conveyor belt-------
---------baggage detected by sensor------------- 
Baggage weighs: 18.65 kg
baggage is on conveyor belt-------
---------baggage detected by sensor------------- 
Baggage weighs: 19.27 kg
baggage is on conveyor belt-------
---------baggage detected by sensor------------- 
Baggage weighs: 17.42 kg
baggage is on conveyor belt-------
---------baggage detected by sensor------------- 
Baggage weighs: 19.16 kg
baggage is on conveyor belt-------
---------baggage detected by sensor------------- 
Baggage weighs: 19.52 kg
baggage is on conveyor belt-------
---------baggage detected by sensor------------- 
Baggage weighs: 17.51 kg
baggage is on conveyor belt-------
---------baggage detected by sensor------------- 
Baggage weighs: 17.38 kg
baggage is on conveyor belt-------
---------baggage detected by sensor------------- 
Baggage weighs: 18.67 kg
baggage is on conveyor belt-------
---------baggage detected by sensor------------- 
Baggage weighs: 16.98 kg
baggage is on conveyor belt-------
---------baggage detected by sensor------------- 
Baggage weighs: 21.26 kg
baggage is on conveyor belt-------
---------baggage detected by sensor------------- 
Baggage weighs: 18.3 kg
baggage is on conveyor belt-------
---------baggage detected by sensor------------- 
Baggage weighs: 16.81 kg
baggage is on conveyor belt-------
---------baggage detected by sensor------------- 
Baggage weighs: 20.91 kg
baggage is on conveyor belt-------
---------baggage detected by sensor------------- 
Baggage weighs: 21.21 kg
baggage is on conveyor belt-------
---------baggage detected by sensor------------- 
Baggage weighs: 19.69 kg
baggage is on conveyor belt-------
---------baggage detected by sensor------------- 
Baggage weighs: 18.67 kg
baggage is on conveyor belt-------
---------baggage detected by sensor------------- 
Baggage weighs: 19.12 kg
baggage is on conveyor belt-------
---------baggage detected by sensor------------- 
Baggage weighs: 16.42 kg
baggage is on conveyor belt-------
---------baggage detected by sensor------------- 
Baggage weighs: 19.17 kg
baggage is on conveyor belt-------
---------baggage detected by sensor------------- 
Baggage weighs: 19.0 kg
baggage is on conveyor belt-------
---------baggage detected by sensor------------- 
Baggage weighs: 18.78 kg
baggage is on conveyor belt-------
---------baggage detected by sensor------------- 
Baggage weighs: 20.31 kg
baggage is on conveyor belt-------
---------baggage detected by sensor------------- 
Baggage weighs: 21.25 kg
baggage is on conveyor belt-------
---------baggage detected by sensor------------- 
Baggage weighs: 18.87 kg
baggage is on conveyor belt-------
---------baggage detected by sensor------------- 
Baggage weighs: 16.25 kg
baggage is on conveyor belt-------
---------baggage detected by sensor------------- 
Baggage weighs: 19.94 kg
baggage is on conveyor belt-------
---------baggage detected by sensor------------- 
Baggage weighs: 16.88 kg
baggage is on conveyor belt-------
---------baggage detected by sensor------------- 
Baggage weighs: 18.24 kg
baggage is on conveyor belt-------
---------baggage detected by sensor------------- 
Baggage weighs: 17.16 kg
baggage is on conveyor belt-------
---------baggage detected by sensor------------- 
Baggage weighs: 19.34 kg
baggage is on conveyor belt-------
---------baggage detected by sensor------------- 
Baggage weighs: 22.41 kg
baggage is on conveyor belt-------
---------baggage detected by sensor------------- 
Baggage weighs: 20.47 kg
baggage is on conveyor belt-------
---------baggage detected by sensor------------- 
Baggage weighs: 18.81 kg
baggage is on conveyor belt-------
---------baggage detected by sensor------------- 
Baggage weighs: 18.56 kg
baggage is on conveyor belt-------
---------baggage detected by sensor------------- 
Baggage weighs: 17.77 kg
baggage is on conveyor belt-------
---------baggage detected by sensor------------- 
Baggage weighs: 19.32 kg
baggage is on conveyor belt-------
---------baggage detected by sensor------------- 
Baggage weighs: 19.21 kg
baggage is on conveyor belt-------
---------baggage detected by sensor------------- 
Baggage weighs: 19.13 kg
baggage is on conveyor belt-------
---------baggage detected by sensor------------- 
Baggage weighs: 20.39 kg
baggage is on conveyor belt-------
---------baggage detected by sensor------------- 
Baggage weighs: 21.03 kg
baggage is on conveyor belt-------
---------baggage detected by sensor------------- 
Baggage weighs: 20.05 kg
baggage is on conveyor belt-------
---------baggage detected by sensor------------- 
Baggage weighs: 21.92 kg
baggage is on conveyor belt-------
---------baggage detected by sensor------------- 
Baggage weighs: 19.37 kg
baggage is on conveyor belt-------
---------baggage detected by sensor------------- 
Baggage weighs: 20.35 kg
baggage is on conveyor belt-------
---------baggage detected by sensor------------- 
Baggage weighs: 18.73 kg
baggage is on conveyor belt-------
---------baggage detected by sensor------------- 
Baggage weighs: 20.33 kg
baggage is on conveyor belt-------
---------baggage detected by sensor------------- 
Baggage weighs: 22.01 kg
baggage is on conveyor belt-------
---------baggage detected by sensor------------- 
Baggage weighs: 19.27 kg
baggage is on conveyor belt-------
---------baggage detected by sensor------------- 
Baggage weighs: 21.18 kg
baggage is on conveyor belt-------
---------baggage detected by sensor------------- 
Baggage weighs: 17.16 kg
baggage is on conveyor belt-------
---------baggage detected by sensor------------- 
Baggage weighs: 20.04 kg
baggage is on conveyor belt-------
---------baggage detected by sensor------------- 
Baggage weighs: 20.91 kg
baggage is on conveyor belt-------
---------baggage detected by sensor------------- 
Baggage weighs: 20.3 kg
baggage is on conveyor belt-------
---------baggage detected by sensor------------- 
Baggage weighs: 20.38 kg
baggage is on conveyor belt-------
---------baggage detected by sensor------------- 
Baggage weighs: 16.54 kg
baggage is on conveyor belt-------
---------baggage detected by sensor------------- 
Baggage weighs: 18.87 kg
baggage is on conveyor belt-------
---------baggage detected by sensor------------- 
Baggage weighs: 20.22 kg
baggage is on conveyor belt-------
---------baggage detected by sensor------------- 
Baggage weighs: 20.75 kg
baggage is on conveyor belt-------
---------baggage detected by sensor------------- 
Baggage weighs: 17.4 kg
baggage is on conveyor belt-------
---------baggage detected by sensor------------- 
Baggage weighs: 20.27 kg
baggage is on conveyor belt-------
---------baggage detected by sensor------------- 
Baggage weighs: 17.04 kg
baggage is on conveyor belt-------
---------baggage detected by sensor------------- 
Baggage weighs: 19.84 kg
baggage is on conveyor belt-------
---------baggage detected by sensor------------- 
Baggage weighs: 17.34 kg
baggage is on conveyor belt-------
---------baggage detected by sensor------------- 
Baggage weighs: 18.75 kg
baggage is on conveyor belt-------
---------baggage detected by sensor------------- 
Baggage weighs: 19.12 kg
baggage is on conveyor belt-------
---------baggage detected by sensor------------- 
Baggage weighs: 18.29 kg
baggage is on conveyor belt-------
---------baggage detected by sensor------------- 
Baggage weighs: 17.94 kg
baggage is on conveyor belt-------
---------baggage detected by sensor------------- 
Baggage weighs: 19.09 kg
baggage is on conveyor belt-------
---------baggage detected by sensor------------- 
Baggage weighs: 22.39 kg
baggage is on conveyor belt-------
---------baggage detected by sensor------------- 
Baggage weighs: 21.23 kg
baggage is on conveyor belt-------
---------baggage detected by sensor------------- 
Baggage weighs: 17.56 kg
baggage is on conveyor belt-------
---------baggage detected by sensor------------- 
Baggage weighs: 18.37 kg
baggage is on conveyor belt-------
---------baggage detected by sensor------------- 
Baggage weighs: 21.4 kg
baggage is on conveyor belt-------
---------baggage detected by sensor------------- 
Baggage weighs: 20.25 kg
baggage is on conveyor belt-------
---------baggage detected by sensor------------- 
Baggage weighs: 23.0 kg
baggage is on conveyor belt-------
---------baggage detected by sensor------------- 
Baggage weighs: 17.01 kg
baggage is on conveyor belt-------
---------baggage detected by sensor------------- 
Baggage weighs: 17.39 kg
baggage is on conveyor belt-------
---------baggage detected by sensor------------- 
Baggage weighs: 16.7 kg
baggage is on conveyor belt-------
---------baggage detected by sensor------------- 
Baggage weighs: 16.23 kg
baggage is on conveyor belt-------
---------baggage detected by sensor------------- 
Baggage weighs: 19.13 kg
baggage is on conveyor belt-------
---------baggage detected by sensor------------- 
Baggage weighs: 21.07 kg
baggage is on conveyor belt-------
---------baggage detected by sensor------------- 
Baggage weighs: 17.87 kg
baggage is on conveyor belt-------
---------baggage detected by sensor------------- 
Baggage weighs: 19.92 kg
baggage is on conveyor belt-------
---------baggage detected by sensor------------- 
Baggage weighs: 19.22 kg
baggage is on conveyor belt-------
---------baggage detected by sensor------------- 
Baggage weighs: 21.53 kg
baggage is on conveyor belt-------
---------baggage detected by sensor------------- 
Baggage weighs: 20.29 kg
baggage is on conveyor belt-------
---------baggage detected by sensor------------- 
Baggage weighs: 19.32 kg
baggage is on conveyor belt-------
---------baggage detected by sensor------------- 
Baggage weighs: 17.25 kg
baggage is on conveyor belt-------
---------baggage detected by sensor------------- 
Baggage weighs: 21.3 kg
baggage is on conveyor belt-------
---------baggage detected by sensor------------- 
Baggage weighs: 16.79 kg
baggage is on conveyor belt-------
---------baggage detected by sensor------------- 
Baggage weighs: 19.55 kg
baggage is on conveyor belt-------
---------baggage detected by sensor------------- 
Baggage weighs: 18.88 kg
baggage is on conveyor belt-------
---------baggage detected by sensor------------- 
Baggage weighs: 22.33 kg
baggage is on conveyor belt-------
---------baggage detected by sensor------------- 
Baggage weighs: 20.62 kg
baggage is on conveyor belt-------
---------baggage detected by sensor------------- 
Baggage weighs: 19.42 kg
Seat with ID: 24J has been reserved for you!

BOARDING PASS FOR DEIRDRE VALDEZ
-----------------------------------------------------------------------------
LUFTHANSA                      w0c9mpgb44pa22i /  Deirdre Valdez
Deirdre Valdez                                     /  w0c9mpgb44pa22i
FRA   LH2121   E  30.Oct                       /  FRA
HKG                                            /  HKG
SEAT ID: 24J                                   /  LH2121 E 30.Oct
SEQ: 90                                      / GATE: A05   22:00
MAX 1  HANDLUGGAGE/ LUGGAGE
-----------------------------------------------------------------------------
sorry Deirdre Valdez we have no voucher for you! Have a nice day!

---------------------------------------------------------------------------------------------------------------
scanning passport with passport id: 8FZE5ZZW4
searching for ticket in fast bag drop database..............
Ticket found for Ana Hogan and Flight LH2121
----searching flight seat for Ana Hogan---------
Found a seat with ID 24K
Below details were found in database
------------------------------------------
Name: Ana Hogan
Flight ID: LH2121
Source: FRA
Destination: HKG
Gate No: A05
Boarding time: 22:00
Ticket ID: kuidjqn0b1tq5xu
Booking Class: E
------------------------------------------

Proceed with check-in for flight LH2121 ?
Type YES to CHECK-IN or NO to cancel CHECK-IN
Ana Hogan is deciding whether to check-in or to go back home and sleep............
YES CHECK-IN
Checking you in...............
baggage is on conveyor belt-------
---------baggage detected by sensor------------- 
Baggage weighs: 21.58 kg
baggage is on conveyor belt-------
---------baggage detected by sensor------------- 
Baggage weighs: 20.43 kg
baggage is on conveyor belt-------
---------baggage detected by sensor------------- 
Baggage weighs: 18.47 kg
baggage is on conveyor belt-------
---------baggage detected by sensor------------- 
Baggage weighs: 17.86 kg
baggage is on conveyor belt-------
---------baggage detected by sensor------------- 
Baggage weighs: 18.65 kg
baggage is on conveyor belt-------
---------baggage detected by sensor------------- 
Baggage weighs: 19.27 kg
baggage is on conveyor belt-------
---------baggage detected by sensor------------- 
Baggage weighs: 17.42 kg
baggage is on conveyor belt-------
---------baggage detected by sensor------------- 
Baggage weighs: 19.16 kg
baggage is on conveyor belt-------
---------baggage detected by sensor------------- 
Baggage weighs: 19.52 kg
baggage is on conveyor belt-------
---------baggage detected by sensor------------- 
Baggage weighs: 17.51 kg
baggage is on conveyor belt-------
---------baggage detected by sensor------------- 
Baggage weighs: 17.38 kg
baggage is on conveyor belt-------
---------baggage detected by sensor------------- 
Baggage weighs: 18.67 kg
baggage is on conveyor belt-------
---------baggage detected by sensor------------- 
Baggage weighs: 16.98 kg
baggage is on conveyor belt-------
---------baggage detected by sensor------------- 
Baggage weighs: 21.26 kg
baggage is on conveyor belt-------
---------baggage detected by sensor------------- 
Baggage weighs: 18.3 kg
baggage is on conveyor belt-------
---------baggage detected by sensor------------- 
Baggage weighs: 16.81 kg
baggage is on conveyor belt-------
---------baggage detected by sensor------------- 
Baggage weighs: 20.91 kg
baggage is on conveyor belt-------
---------baggage detected by sensor------------- 
Baggage weighs: 21.21 kg
baggage is on conveyor belt-------
---------baggage detected by sensor------------- 
Baggage weighs: 19.69 kg
baggage is on conveyor belt-------
---------baggage detected by sensor------------- 
Baggage weighs: 18.67 kg
baggage is on conveyor belt-------
---------baggage detected by sensor------------- 
Baggage weighs: 19.12 kg
baggage is on conveyor belt-------
---------baggage detected by sensor------------- 
Baggage weighs: 16.42 kg
baggage is on conveyor belt-------
---------baggage detected by sensor------------- 
Baggage weighs: 19.17 kg
baggage is on conveyor belt-------
---------baggage detected by sensor------------- 
Baggage weighs: 19.0 kg
baggage is on conveyor belt-------
---------baggage detected by sensor------------- 
Baggage weighs: 18.78 kg
baggage is on conveyor belt-------
---------baggage detected by sensor------------- 
Baggage weighs: 20.31 kg
baggage is on conveyor belt-------
---------baggage detected by sensor------------- 
Baggage weighs: 21.25 kg
baggage is on conveyor belt-------
---------baggage detected by sensor------------- 
Baggage weighs: 18.87 kg
baggage is on conveyor belt-------
---------baggage detected by sensor------------- 
Baggage weighs: 16.25 kg
baggage is on conveyor belt-------
---------baggage detected by sensor------------- 
Baggage weighs: 19.94 kg
baggage is on conveyor belt-------
---------baggage detected by sensor------------- 
Baggage weighs: 16.88 kg
baggage is on conveyor belt-------
---------baggage detected by sensor------------- 
Baggage weighs: 18.24 kg
baggage is on conveyor belt-------
---------baggage detected by sensor------------- 
Baggage weighs: 17.16 kg
baggage is on conveyor belt-------
---------baggage detected by sensor------------- 
Baggage weighs: 19.34 kg
baggage is on conveyor belt-------
---------baggage detected by sensor------------- 
Baggage weighs: 22.41 kg
baggage is on conveyor belt-------
---------baggage detected by sensor------------- 
Baggage weighs: 20.47 kg
baggage is on conveyor belt-------
---------baggage detected by sensor------------- 
Baggage weighs: 18.81 kg
baggage is on conveyor belt-------
---------baggage detected by sensor------------- 
Baggage weighs: 18.56 kg
baggage is on conveyor belt-------
---------baggage detected by sensor------------- 
Baggage weighs: 17.77 kg
baggage is on conveyor belt-------
---------baggage detected by sensor------------- 
Baggage weighs: 19.32 kg
baggage is on conveyor belt-------
---------baggage detected by sensor------------- 
Baggage weighs: 19.21 kg
baggage is on conveyor belt-------
---------baggage detected by sensor------------- 
Baggage weighs: 19.13 kg
baggage is on conveyor belt-------
---------baggage detected by sensor------------- 
Baggage weighs: 20.39 kg
baggage is on conveyor belt-------
---------baggage detected by sensor------------- 
Baggage weighs: 21.03 kg
baggage is on conveyor belt-------
---------baggage detected by sensor------------- 
Baggage weighs: 20.05 kg
baggage is on conveyor belt-------
---------baggage detected by sensor------------- 
Baggage weighs: 21.92 kg
baggage is on conveyor belt-------
---------baggage detected by sensor------------- 
Baggage weighs: 19.37 kg
baggage is on conveyor belt-------
---------baggage detected by sensor------------- 
Baggage weighs: 20.35 kg
baggage is on conveyor belt-------
---------baggage detected by sensor------------- 
Baggage weighs: 18.73 kg
baggage is on conveyor belt-------
---------baggage detected by sensor------------- 
Baggage weighs: 20.33 kg
baggage is on conveyor belt-------
---------baggage detected by sensor------------- 
Baggage weighs: 22.01 kg
baggage is on conveyor belt-------
---------baggage detected by sensor------------- 
Baggage weighs: 19.27 kg
baggage is on conveyor belt-------
---------baggage detected by sensor------------- 
Baggage weighs: 21.18 kg
baggage is on conveyor belt-------
---------baggage detected by sensor------------- 
Baggage weighs: 17.16 kg
baggage is on conveyor belt-------
---------baggage detected by sensor------------- 
Baggage weighs: 20.04 kg
baggage is on conveyor belt-------
---------baggage detected by sensor------------- 
Baggage weighs: 20.91 kg
baggage is on conveyor belt-------
---------baggage detected by sensor------------- 
Baggage weighs: 20.3 kg
baggage is on conveyor belt-------
---------baggage detected by sensor------------- 
Baggage weighs: 20.38 kg
baggage is on conveyor belt-------
---------baggage detected by sensor------------- 
Baggage weighs: 16.54 kg
baggage is on conveyor belt-------
---------baggage detected by sensor------------- 
Baggage weighs: 18.87 kg
baggage is on conveyor belt-------
---------baggage detected by sensor------------- 
Baggage weighs: 20.22 kg
baggage is on conveyor belt-------
---------baggage detected by sensor------------- 
Baggage weighs: 20.75 kg
baggage is on conveyor belt-------
---------baggage detected by sensor------------- 
Baggage weighs: 17.4 kg
baggage is on conveyor belt-------
---------baggage detected by sensor------------- 
Baggage weighs: 20.27 kg
baggage is on conveyor belt-------
---------baggage detected by sensor------------- 
Baggage weighs: 17.04 kg
baggage is on conveyor belt-------
---------baggage detected by sensor------------- 
Baggage weighs: 19.84 kg
baggage is on conveyor belt-------
---------baggage detected by sensor------------- 
Baggage weighs: 17.34 kg
baggage is on conveyor belt-------
---------baggage detected by sensor------------- 
Baggage weighs: 18.75 kg
baggage is on conveyor belt-------
---------baggage detected by sensor------------- 
Baggage weighs: 19.12 kg
baggage is on conveyor belt-------
---------baggage detected by sensor------------- 
Baggage weighs: 18.29 kg
baggage is on conveyor belt-------
---------baggage detected by sensor------------- 
Baggage weighs: 17.94 kg
baggage is on conveyor belt-------
---------baggage detected by sensor------------- 
Baggage weighs: 19.09 kg
baggage is on conveyor belt-------
---------baggage detected by sensor------------- 
Baggage weighs: 22.39 kg
baggage is on conveyor belt-------
---------baggage detected by sensor------------- 
Baggage weighs: 21.23 kg
baggage is on conveyor belt-------
---------baggage detected by sensor------------- 
Baggage weighs: 17.56 kg
baggage is on conveyor belt-------
---------baggage detected by sensor------------- 
Baggage weighs: 18.37 kg
baggage is on conveyor belt-------
---------baggage detected by sensor------------- 
Baggage weighs: 21.4 kg
baggage is on conveyor belt-------
---------baggage detected by sensor------------- 
Baggage weighs: 20.25 kg
baggage is on conveyor belt-------
---------baggage detected by sensor------------- 
Baggage weighs: 23.0 kg
baggage is on conveyor belt-------
---------baggage detected by sensor------------- 
Baggage weighs: 17.01 kg
baggage is on conveyor belt-------
---------baggage detected by sensor------------- 
Baggage weighs: 17.39 kg
baggage is on conveyor belt-------
---------baggage detected by sensor------------- 
Baggage weighs: 16.7 kg
baggage is on conveyor belt-------
---------baggage detected by sensor------------- 
Baggage weighs: 16.23 kg
baggage is on conveyor belt-------
---------baggage detected by sensor------------- 
Baggage weighs: 19.13 kg
baggage is on conveyor belt-------
---------baggage detected by sensor------------- 
Baggage weighs: 21.07 kg
baggage is on conveyor belt-------
---------baggage detected by sensor------------- 
Baggage weighs: 17.87 kg
baggage is on conveyor belt-------
---------baggage detected by sensor------------- 
Baggage weighs: 19.92 kg
baggage is on conveyor belt-------
---------baggage detected by sensor------------- 
Baggage weighs: 19.22 kg
baggage is on conveyor belt-------
---------baggage detected by sensor------------- 
Baggage weighs: 21.53 kg
baggage is on conveyor belt-------
---------baggage detected by sensor------------- 
Baggage weighs: 20.29 kg
baggage is on conveyor belt-------
---------baggage detected by sensor------------- 
Baggage weighs: 19.32 kg
baggage is on conveyor belt-------
---------baggage detected by sensor------------- 
Baggage weighs: 17.25 kg
baggage is on conveyor belt-------
---------baggage detected by sensor------------- 
Baggage weighs: 21.3 kg
baggage is on conveyor belt-------
---------baggage detected by sensor------------- 
Baggage weighs: 16.79 kg
baggage is on conveyor belt-------
---------baggage detected by sensor------------- 
Baggage weighs: 19.55 kg
baggage is on conveyor belt-------
---------baggage detected by sensor------------- 
Baggage weighs: 18.88 kg
baggage is on conveyor belt-------
---------baggage detected by sensor------------- 
Baggage weighs: 22.33 kg
baggage is on conveyor belt-------
---------baggage detected by sensor------------- 
Baggage weighs: 20.62 kg
baggage is on conveyor belt-------
---------baggage detected by sensor------------- 
Baggage weighs: 19.42 kg
baggage is on conveyor belt-------
---------baggage detected by sensor------------- 
Baggage weighs: 17.54 kg
Seat with ID: 24K has been reserved for you!

BOARDING PASS FOR ANA HOGAN
-----------------------------------------------------------------------------
LUFTHANSA                      kuidjqn0b1tq5xu /  Ana Hogan
Ana Hogan                                     /  kuidjqn0b1tq5xu
FRA   LH2121   E  30.Oct                       /  FRA
HKG                                            /  HKG
SEAT ID: 24K                                   /  LH2121 E 30.Oct
SEQ: 91                                      / GATE: A05   22:00
MAX 1  HANDLUGGAGE/ LUGGAGE
-----------------------------------------------------------------------------
sorry Ana Hogan we have no voucher for you! Have a nice day!

---------------------------------------------------------------------------------------------------------------
scanning passport with passport id: IS3CRLEYZ
searching for ticket in fast bag drop database..............
Ticket found for Aubrey Dunn and Flight LH2121
----searching flight seat for Aubrey Dunn---------
Found a seat with ID 25A
Below details were found in database
------------------------------------------
Name: Aubrey Dunn
Flight ID: LH2121
Source: FRA
Destination: HKG
Gate No: A05
Boarding time: 22:00
Ticket ID: fnat2qnr765pb28
Booking Class: E
------------------------------------------

Proceed with check-in for flight LH2121 ?
Type YES to CHECK-IN or NO to cancel CHECK-IN
Aubrey Dunn is deciding whether to check-in or to go back home and sleep............
YES CHECK-IN
Checking you in...............
baggage is on conveyor belt-------
---------baggage detected by sensor------------- 
Baggage weighs: 21.58 kg
baggage is on conveyor belt-------
---------baggage detected by sensor------------- 
Baggage weighs: 20.43 kg
baggage is on conveyor belt-------
---------baggage detected by sensor------------- 
Baggage weighs: 18.47 kg
baggage is on conveyor belt-------
---------baggage detected by sensor------------- 
Baggage weighs: 17.86 kg
baggage is on conveyor belt-------
---------baggage detected by sensor------------- 
Baggage weighs: 18.65 kg
baggage is on conveyor belt-------
---------baggage detected by sensor------------- 
Baggage weighs: 19.27 kg
baggage is on conveyor belt-------
---------baggage detected by sensor------------- 
Baggage weighs: 17.42 kg
baggage is on conveyor belt-------
---------baggage detected by sensor------------- 
Baggage weighs: 19.16 kg
baggage is on conveyor belt-------
---------baggage detected by sensor------------- 
Baggage weighs: 19.52 kg
baggage is on conveyor belt-------
---------baggage detected by sensor------------- 
Baggage weighs: 17.51 kg
baggage is on conveyor belt-------
---------baggage detected by sensor------------- 
Baggage weighs: 17.38 kg
baggage is on conveyor belt-------
---------baggage detected by sensor------------- 
Baggage weighs: 18.67 kg
baggage is on conveyor belt-------
---------baggage detected by sensor------------- 
Baggage weighs: 16.98 kg
baggage is on conveyor belt-------
---------baggage detected by sensor------------- 
Baggage weighs: 21.26 kg
baggage is on conveyor belt-------
---------baggage detected by sensor------------- 
Baggage weighs: 18.3 kg
baggage is on conveyor belt-------
---------baggage detected by sensor------------- 
Baggage weighs: 16.81 kg
baggage is on conveyor belt-------
---------baggage detected by sensor------------- 
Baggage weighs: 20.91 kg
baggage is on conveyor belt-------
---------baggage detected by sensor------------- 
Baggage weighs: 21.21 kg
baggage is on conveyor belt-------
---------baggage detected by sensor------------- 
Baggage weighs: 19.69 kg
baggage is on conveyor belt-------
---------baggage detected by sensor------------- 
Baggage weighs: 18.67 kg
baggage is on conveyor belt-------
---------baggage detected by sensor------------- 
Baggage weighs: 19.12 kg
baggage is on conveyor belt-------
---------baggage detected by sensor------------- 
Baggage weighs: 16.42 kg
baggage is on conveyor belt-------
---------baggage detected by sensor------------- 
Baggage weighs: 19.17 kg
baggage is on conveyor belt-------
---------baggage detected by sensor------------- 
Baggage weighs: 19.0 kg
baggage is on conveyor belt-------
---------baggage detected by sensor------------- 
Baggage weighs: 18.78 kg
baggage is on conveyor belt-------
---------baggage detected by sensor------------- 
Baggage weighs: 20.31 kg
baggage is on conveyor belt-------
---------baggage detected by sensor------------- 
Baggage weighs: 21.25 kg
baggage is on conveyor belt-------
---------baggage detected by sensor------------- 
Baggage weighs: 18.87 kg
baggage is on conveyor belt-------
---------baggage detected by sensor------------- 
Baggage weighs: 16.25 kg
baggage is on conveyor belt-------
---------baggage detected by sensor------------- 
Baggage weighs: 19.94 kg
baggage is on conveyor belt-------
---------baggage detected by sensor------------- 
Baggage weighs: 16.88 kg
baggage is on conveyor belt-------
---------baggage detected by sensor------------- 
Baggage weighs: 18.24 kg
baggage is on conveyor belt-------
---------baggage detected by sensor------------- 
Baggage weighs: 17.16 kg
baggage is on conveyor belt-------
---------baggage detected by sensor------------- 
Baggage weighs: 19.34 kg
baggage is on conveyor belt-------
---------baggage detected by sensor------------- 
Baggage weighs: 22.41 kg
baggage is on conveyor belt-------
---------baggage detected by sensor------------- 
Baggage weighs: 20.47 kg
baggage is on conveyor belt-------
---------baggage detected by sensor------------- 
Baggage weighs: 18.81 kg
baggage is on conveyor belt-------
---------baggage detected by sensor------------- 
Baggage weighs: 18.56 kg
baggage is on conveyor belt-------
---------baggage detected by sensor------------- 
Baggage weighs: 17.77 kg
baggage is on conveyor belt-------
---------baggage detected by sensor------------- 
Baggage weighs: 19.32 kg
baggage is on conveyor belt-------
---------baggage detected by sensor------------- 
Baggage weighs: 19.21 kg
baggage is on conveyor belt-------
---------baggage detected by sensor------------- 
Baggage weighs: 19.13 kg
baggage is on conveyor belt-------
---------baggage detected by sensor------------- 
Baggage weighs: 20.39 kg
baggage is on conveyor belt-------
---------baggage detected by sensor------------- 
Baggage weighs: 21.03 kg
baggage is on conveyor belt-------
---------baggage detected by sensor------------- 
Baggage weighs: 20.05 kg
baggage is on conveyor belt-------
---------baggage detected by sensor------------- 
Baggage weighs: 21.92 kg
baggage is on conveyor belt-------
---------baggage detected by sensor------------- 
Baggage weighs: 19.37 kg
baggage is on conveyor belt-------
---------baggage detected by sensor------------- 
Baggage weighs: 20.35 kg
baggage is on conveyor belt-------
---------baggage detected by sensor------------- 
Baggage weighs: 18.73 kg
baggage is on conveyor belt-------
---------baggage detected by sensor------------- 
Baggage weighs: 20.33 kg
baggage is on conveyor belt-------
---------baggage detected by sensor------------- 
Baggage weighs: 22.01 kg
baggage is on conveyor belt-------
---------baggage detected by sensor------------- 
Baggage weighs: 19.27 kg
baggage is on conveyor belt-------
---------baggage detected by sensor------------- 
Baggage weighs: 21.18 kg
baggage is on conveyor belt-------
---------baggage detected by sensor------------- 
Baggage weighs: 17.16 kg
baggage is on conveyor belt-------
---------baggage detected by sensor------------- 
Baggage weighs: 20.04 kg
baggage is on conveyor belt-------
---------baggage detected by sensor------------- 
Baggage weighs: 20.91 kg
baggage is on conveyor belt-------
---------baggage detected by sensor------------- 
Baggage weighs: 20.3 kg
baggage is on conveyor belt-------
---------baggage detected by sensor------------- 
Baggage weighs: 20.38 kg
baggage is on conveyor belt-------
---------baggage detected by sensor------------- 
Baggage weighs: 16.54 kg
baggage is on conveyor belt-------
---------baggage detected by sensor------------- 
Baggage weighs: 18.87 kg
baggage is on conveyor belt-------
---------baggage detected by sensor------------- 
Baggage weighs: 20.22 kg
baggage is on conveyor belt-------
---------baggage detected by sensor------------- 
Baggage weighs: 20.75 kg
baggage is on conveyor belt-------
---------baggage detected by sensor------------- 
Baggage weighs: 17.4 kg
baggage is on conveyor belt-------
---------baggage detected by sensor------------- 
Baggage weighs: 20.27 kg
baggage is on conveyor belt-------
---------baggage detected by sensor------------- 
Baggage weighs: 17.04 kg
baggage is on conveyor belt-------
---------baggage detected by sensor------------- 
Baggage weighs: 19.84 kg
baggage is on conveyor belt-------
---------baggage detected by sensor------------- 
Baggage weighs: 17.34 kg
baggage is on conveyor belt-------
---------baggage detected by sensor------------- 
Baggage weighs: 18.75 kg
baggage is on conveyor belt-------
---------baggage detected by sensor------------- 
Baggage weighs: 19.12 kg
baggage is on conveyor belt-------
---------baggage detected by sensor------------- 
Baggage weighs: 18.29 kg
baggage is on conveyor belt-------
---------baggage detected by sensor------------- 
Baggage weighs: 17.94 kg
baggage is on conveyor belt-------
---------baggage detected by sensor------------- 
Baggage weighs: 19.09 kg
baggage is on conveyor belt-------
---------baggage detected by sensor------------- 
Baggage weighs: 22.39 kg
baggage is on conveyor belt-------
---------baggage detected by sensor------------- 
Baggage weighs: 21.23 kg
baggage is on conveyor belt-------
---------baggage detected by sensor------------- 
Baggage weighs: 17.56 kg
baggage is on conveyor belt-------
---------baggage detected by sensor------------- 
Baggage weighs: 18.37 kg
baggage is on conveyor belt-------
---------baggage detected by sensor------------- 
Baggage weighs: 21.4 kg
baggage is on conveyor belt-------
---------baggage detected by sensor------------- 
Baggage weighs: 20.25 kg
baggage is on conveyor belt-------
---------baggage detected by sensor------------- 
Baggage weighs: 23.0 kg
baggage is on conveyor belt-------
---------baggage detected by sensor------------- 
Baggage weighs: 17.01 kg
baggage is on conveyor belt-------
---------baggage detected by sensor------------- 
Baggage weighs: 17.39 kg
baggage is on conveyor belt-------
---------baggage detected by sensor------------- 
Baggage weighs: 16.7 kg
baggage is on conveyor belt-------
---------baggage detected by sensor------------- 
Baggage weighs: 16.23 kg
baggage is on conveyor belt-------
---------baggage detected by sensor------------- 
Baggage weighs: 19.13 kg
baggage is on conveyor belt-------
---------baggage detected by sensor------------- 
Baggage weighs: 21.07 kg
baggage is on conveyor belt-------
---------baggage detected by sensor------------- 
Baggage weighs: 17.87 kg
baggage is on conveyor belt-------
---------baggage detected by sensor------------- 
Baggage weighs: 19.92 kg
baggage is on conveyor belt-------
---------baggage detected by sensor------------- 
Baggage weighs: 19.22 kg
baggage is on conveyor belt-------
---------baggage detected by sensor------------- 
Baggage weighs: 21.53 kg
baggage is on conveyor belt-------
---------baggage detected by sensor------------- 
Baggage weighs: 20.29 kg
baggage is on conveyor belt-------
---------baggage detected by sensor------------- 
Baggage weighs: 19.32 kg
baggage is on conveyor belt-------
---------baggage detected by sensor------------- 
Baggage weighs: 17.25 kg
baggage is on conveyor belt-------
---------baggage detected by sensor------------- 
Baggage weighs: 21.3 kg
baggage is on conveyor belt-------
---------baggage detected by sensor------------- 
Baggage weighs: 16.79 kg
baggage is on conveyor belt-------
---------baggage detected by sensor------------- 
Baggage weighs: 19.55 kg
baggage is on conveyor belt-------
---------baggage detected by sensor------------- 
Baggage weighs: 18.88 kg
baggage is on conveyor belt-------
---------baggage detected by sensor------------- 
Baggage weighs: 22.33 kg
baggage is on conveyor belt-------
---------baggage detected by sensor------------- 
Baggage weighs: 20.62 kg
baggage is on conveyor belt-------
---------baggage detected by sensor------------- 
Baggage weighs: 19.42 kg
baggage is on conveyor belt-------
---------baggage detected by sensor------------- 
Baggage weighs: 17.54 kg
baggage is on conveyor belt-------
---------baggage detected by sensor------------- 
Baggage weighs: 21.51 kg
Seat with ID: 25A has been reserved for you!

BOARDING PASS FOR AUBREY DUNN
-----------------------------------------------------------------------------
LUFTHANSA                      fnat2qnr765pb28 /  Aubrey Dunn
Aubrey Dunn                                     /  fnat2qnr765pb28
FRA   LH2121   E  30.Oct                       /  FRA
HKG                                            /  HKG
SEAT ID: 25A                                   /  LH2121 E 30.Oct
SEQ: 92                                      / GATE: A05   22:00
MAX 1  HANDLUGGAGE/ LUGGAGE
-----------------------------------------------------------------------------
sorry Aubrey Dunn we have no voucher for you! Have a nice day!

---------------------------------------------------------------------------------------------------------------
scanning passport with passport id: O24TE87P3
searching for ticket in fast bag drop database..............
Ticket found for Horace Barajas and Flight LH2121
----searching flight seat for Horace Barajas---------
Found a seat with ID 25B
Below details were found in database
------------------------------------------
Name: Horace Barajas
Flight ID: LH2121
Source: FRA
Destination: HKG
Gate No: A05
Boarding time: 22:00
Ticket ID: 06kkhk5ib2rh072
Booking Class: E
------------------------------------------

Proceed with check-in for flight LH2121 ?
Type YES to CHECK-IN or NO to cancel CHECK-IN
Horace Barajas is deciding whether to check-in or to go back home and sleep............
YES CHECK-IN
Checking you in...............
baggage is on conveyor belt-------
---------baggage detected by sensor------------- 
Baggage weighs: 21.58 kg
baggage is on conveyor belt-------
---------baggage detected by sensor------------- 
Baggage weighs: 20.43 kg
baggage is on conveyor belt-------
---------baggage detected by sensor------------- 
Baggage weighs: 18.47 kg
baggage is on conveyor belt-------
---------baggage detected by sensor------------- 
Baggage weighs: 17.86 kg
baggage is on conveyor belt-------
---------baggage detected by sensor------------- 
Baggage weighs: 18.65 kg
baggage is on conveyor belt-------
---------baggage detected by sensor------------- 
Baggage weighs: 19.27 kg
baggage is on conveyor belt-------
---------baggage detected by sensor------------- 
Baggage weighs: 17.42 kg
baggage is on conveyor belt-------
---------baggage detected by sensor------------- 
Baggage weighs: 19.16 kg
baggage is on conveyor belt-------
---------baggage detected by sensor------------- 
Baggage weighs: 19.52 kg
baggage is on conveyor belt-------
---------baggage detected by sensor------------- 
Baggage weighs: 17.51 kg
baggage is on conveyor belt-------
---------baggage detected by sensor------------- 
Baggage weighs: 17.38 kg
baggage is on conveyor belt-------
---------baggage detected by sensor------------- 
Baggage weighs: 18.67 kg
baggage is on conveyor belt-------
---------baggage detected by sensor------------- 
Baggage weighs: 16.98 kg
baggage is on conveyor belt-------
---------baggage detected by sensor------------- 
Baggage weighs: 21.26 kg
baggage is on conveyor belt-------
---------baggage detected by sensor------------- 
Baggage weighs: 18.3 kg
baggage is on conveyor belt-------
---------baggage detected by sensor------------- 
Baggage weighs: 16.81 kg
baggage is on conveyor belt-------
---------baggage detected by sensor------------- 
Baggage weighs: 20.91 kg
baggage is on conveyor belt-------
---------baggage detected by sensor------------- 
Baggage weighs: 21.21 kg
baggage is on conveyor belt-------
---------baggage detected by sensor------------- 
Baggage weighs: 19.69 kg
baggage is on conveyor belt-------
---------baggage detected by sensor------------- 
Baggage weighs: 18.67 kg
baggage is on conveyor belt-------
---------baggage detected by sensor------------- 
Baggage weighs: 19.12 kg
baggage is on conveyor belt-------
---------baggage detected by sensor------------- 
Baggage weighs: 16.42 kg
baggage is on conveyor belt-------
---------baggage detected by sensor------------- 
Baggage weighs: 19.17 kg
baggage is on conveyor belt-------
---------baggage detected by sensor------------- 
Baggage weighs: 19.0 kg
baggage is on conveyor belt-------
---------baggage detected by sensor------------- 
Baggage weighs: 18.78 kg
baggage is on conveyor belt-------
---------baggage detected by sensor------------- 
Baggage weighs: 20.31 kg
baggage is on conveyor belt-------
---------baggage detected by sensor------------- 
Baggage weighs: 21.25 kg
baggage is on conveyor belt-------
---------baggage detected by sensor------------- 
Baggage weighs: 18.87 kg
baggage is on conveyor belt-------
---------baggage detected by sensor------------- 
Baggage weighs: 16.25 kg
baggage is on conveyor belt-------
---------baggage detected by sensor------------- 
Baggage weighs: 19.94 kg
baggage is on conveyor belt-------
---------baggage detected by sensor------------- 
Baggage weighs: 16.88 kg
baggage is on conveyor belt-------
---------baggage detected by sensor------------- 
Baggage weighs: 18.24 kg
baggage is on conveyor belt-------
---------baggage detected by sensor------------- 
Baggage weighs: 17.16 kg
baggage is on conveyor belt-------
---------baggage detected by sensor------------- 
Baggage weighs: 19.34 kg
baggage is on conveyor belt-------
---------baggage detected by sensor------------- 
Baggage weighs: 22.41 kg
baggage is on conveyor belt-------
---------baggage detected by sensor------------- 
Baggage weighs: 20.47 kg
baggage is on conveyor belt-------
---------baggage detected by sensor------------- 
Baggage weighs: 18.81 kg
baggage is on conveyor belt-------
---------baggage detected by sensor------------- 
Baggage weighs: 18.56 kg
baggage is on conveyor belt-------
---------baggage detected by sensor------------- 
Baggage weighs: 17.77 kg
baggage is on conveyor belt-------
---------baggage detected by sensor------------- 
Baggage weighs: 19.32 kg
baggage is on conveyor belt-------
---------baggage detected by sensor------------- 
Baggage weighs: 19.21 kg
baggage is on conveyor belt-------
---------baggage detected by sensor------------- 
Baggage weighs: 19.13 kg
baggage is on conveyor belt-------
---------baggage detected by sensor------------- 
Baggage weighs: 20.39 kg
baggage is on conveyor belt-------
---------baggage detected by sensor------------- 
Baggage weighs: 21.03 kg
baggage is on conveyor belt-------
---------baggage detected by sensor------------- 
Baggage weighs: 20.05 kg
baggage is on conveyor belt-------
---------baggage detected by sensor------------- 
Baggage weighs: 21.92 kg
baggage is on conveyor belt-------
---------baggage detected by sensor------------- 
Baggage weighs: 19.37 kg
baggage is on conveyor belt-------
---------baggage detected by sensor------------- 
Baggage weighs: 20.35 kg
baggage is on conveyor belt-------
---------baggage detected by sensor------------- 
Baggage weighs: 18.73 kg
baggage is on conveyor belt-------
---------baggage detected by sensor------------- 
Baggage weighs: 20.33 kg
baggage is on conveyor belt-------
---------baggage detected by sensor------------- 
Baggage weighs: 22.01 kg
baggage is on conveyor belt-------
---------baggage detected by sensor------------- 
Baggage weighs: 19.27 kg
baggage is on conveyor belt-------
---------baggage detected by sensor------------- 
Baggage weighs: 21.18 kg
baggage is on conveyor belt-------
---------baggage detected by sensor------------- 
Baggage weighs: 17.16 kg
baggage is on conveyor belt-------
---------baggage detected by sensor------------- 
Baggage weighs: 20.04 kg
baggage is on conveyor belt-------
---------baggage detected by sensor------------- 
Baggage weighs: 20.91 kg
baggage is on conveyor belt-------
---------baggage detected by sensor------------- 
Baggage weighs: 20.3 kg
baggage is on conveyor belt-------
---------baggage detected by sensor------------- 
Baggage weighs: 20.38 kg
baggage is on conveyor belt-------
---------baggage detected by sensor------------- 
Baggage weighs: 16.54 kg
baggage is on conveyor belt-------
---------baggage detected by sensor------------- 
Baggage weighs: 18.87 kg
baggage is on conveyor belt-------
---------baggage detected by sensor------------- 
Baggage weighs: 20.22 kg
baggage is on conveyor belt-------
---------baggage detected by sensor------------- 
Baggage weighs: 20.75 kg
baggage is on conveyor belt-------
---------baggage detected by sensor------------- 
Baggage weighs: 17.4 kg
baggage is on conveyor belt-------
---------baggage detected by sensor------------- 
Baggage weighs: 20.27 kg
baggage is on conveyor belt-------
---------baggage detected by sensor------------- 
Baggage weighs: 17.04 kg
baggage is on conveyor belt-------
---------baggage detected by sensor------------- 
Baggage weighs: 19.84 kg
baggage is on conveyor belt-------
---------baggage detected by sensor------------- 
Baggage weighs: 17.34 kg
baggage is on conveyor belt-------
---------baggage detected by sensor------------- 
Baggage weighs: 18.75 kg
baggage is on conveyor belt-------
---------baggage detected by sensor------------- 
Baggage weighs: 19.12 kg
baggage is on conveyor belt-------
---------baggage detected by sensor------------- 
Baggage weighs: 18.29 kg
baggage is on conveyor belt-------
---------baggage detected by sensor------------- 
Baggage weighs: 17.94 kg
baggage is on conveyor belt-------
---------baggage detected by sensor------------- 
Baggage weighs: 19.09 kg
baggage is on conveyor belt-------
---------baggage detected by sensor------------- 
Baggage weighs: 22.39 kg
baggage is on conveyor belt-------
---------baggage detected by sensor------------- 
Baggage weighs: 21.23 kg
baggage is on conveyor belt-------
---------baggage detected by sensor------------- 
Baggage weighs: 17.56 kg
baggage is on conveyor belt-------
---------baggage detected by sensor------------- 
Baggage weighs: 18.37 kg
baggage is on conveyor belt-------
---------baggage detected by sensor------------- 
Baggage weighs: 21.4 kg
baggage is on conveyor belt-------
---------baggage detected by sensor------------- 
Baggage weighs: 20.25 kg
baggage is on conveyor belt-------
---------baggage detected by sensor------------- 
Baggage weighs: 23.0 kg
baggage is on conveyor belt-------
---------baggage detected by sensor------------- 
Baggage weighs: 17.01 kg
baggage is on conveyor belt-------
---------baggage detected by sensor------------- 
Baggage weighs: 17.39 kg
baggage is on conveyor belt-------
---------baggage detected by sensor------------- 
Baggage weighs: 16.7 kg
baggage is on conveyor belt-------
---------baggage detected by sensor------------- 
Baggage weighs: 16.23 kg
baggage is on conveyor belt-------
---------baggage detected by sensor------------- 
Baggage weighs: 19.13 kg
baggage is on conveyor belt-------
---------baggage detected by sensor------------- 
Baggage weighs: 21.07 kg
baggage is on conveyor belt-------
---------baggage detected by sensor------------- 
Baggage weighs: 17.87 kg
baggage is on conveyor belt-------
---------baggage detected by sensor------------- 
Baggage weighs: 19.92 kg
baggage is on conveyor belt-------
---------baggage detected by sensor------------- 
Baggage weighs: 19.22 kg
baggage is on conveyor belt-------
---------baggage detected by sensor------------- 
Baggage weighs: 21.53 kg
baggage is on conveyor belt-------
---------baggage detected by sensor------------- 
Baggage weighs: 20.29 kg
baggage is on conveyor belt-------
---------baggage detected by sensor------------- 
Baggage weighs: 19.32 kg
baggage is on conveyor belt-------
---------baggage detected by sensor------------- 
Baggage weighs: 17.25 kg
baggage is on conveyor belt-------
---------baggage detected by sensor------------- 
Baggage weighs: 21.3 kg
baggage is on conveyor belt-------
---------baggage detected by sensor------------- 
Baggage weighs: 16.79 kg
baggage is on conveyor belt-------
---------baggage detected by sensor------------- 
Baggage weighs: 19.55 kg
baggage is on conveyor belt-------
---------baggage detected by sensor------------- 
Baggage weighs: 18.88 kg
baggage is on conveyor belt-------
---------baggage detected by sensor------------- 
Baggage weighs: 22.33 kg
baggage is on conveyor belt-------
---------baggage detected by sensor------------- 
Baggage weighs: 20.62 kg
baggage is on conveyor belt-------
---------baggage detected by sensor------------- 
Baggage weighs: 19.42 kg
baggage is on conveyor belt-------
---------baggage detected by sensor------------- 
Baggage weighs: 17.54 kg
baggage is on conveyor belt-------
---------baggage detected by sensor------------- 
Baggage weighs: 21.51 kg
baggage is on conveyor belt-------
---------baggage detected by sensor------------- 
Baggage weighs: 19.46 kg
Seat with ID: 25B has been reserved for you!

BOARDING PASS FOR HORACE BARAJAS
-----------------------------------------------------------------------------
LUFTHANSA                      06kkhk5ib2rh072 /  Horace Barajas
Horace Barajas                                     /  06kkhk5ib2rh072
FRA   LH2121   E  30.Oct                       /  FRA
HKG                                            /  HKG
SEAT ID: 25B                                   /  LH2121 E 30.Oct
SEQ: 93                                      / GATE: A05   22:00
MAX 1  HANDLUGGAGE/ LUGGAGE
-----------------------------------------------------------------------------
sorry Horace Barajas we have no voucher for you! Have a nice day!

---------------------------------------------------------------------------------------------------------------
scanning passport with passport id: XFJBO3F3K
searching for ticket in fast bag drop database..............
Ticket found for Sue Holmes and Flight LH2121
----searching flight seat for Sue Holmes---------
Found a seat with ID 25C
Below details were found in database
------------------------------------------
Name: Sue Holmes
Flight ID: LH2121
Source: FRA
Destination: HKG
Gate No: A05
Boarding time: 22:00
Ticket ID: nepvrxjs167m72p
Booking Class: E
------------------------------------------

Proceed with check-in for flight LH2121 ?
Type YES to CHECK-IN or NO to cancel CHECK-IN
Sue Holmes is deciding whether to check-in or to go back home and sleep............
YES CHECK-IN
Checking you in...............
baggage is on conveyor belt-------
---------baggage detected by sensor------------- 
Baggage weighs: 21.58 kg
baggage is on conveyor belt-------
---------baggage detected by sensor------------- 
Baggage weighs: 20.43 kg
baggage is on conveyor belt-------
---------baggage detected by sensor------------- 
Baggage weighs: 18.47 kg
baggage is on conveyor belt-------
---------baggage detected by sensor------------- 
Baggage weighs: 17.86 kg
baggage is on conveyor belt-------
---------baggage detected by sensor------------- 
Baggage weighs: 18.65 kg
baggage is on conveyor belt-------
---------baggage detected by sensor------------- 
Baggage weighs: 19.27 kg
baggage is on conveyor belt-------
---------baggage detected by sensor------------- 
Baggage weighs: 17.42 kg
baggage is on conveyor belt-------
---------baggage detected by sensor------------- 
Baggage weighs: 19.16 kg
baggage is on conveyor belt-------
---------baggage detected by sensor------------- 
Baggage weighs: 19.52 kg
baggage is on conveyor belt-------
---------baggage detected by sensor------------- 
Baggage weighs: 17.51 kg
baggage is on conveyor belt-------
---------baggage detected by sensor------------- 
Baggage weighs: 17.38 kg
baggage is on conveyor belt-------
---------baggage detected by sensor------------- 
Baggage weighs: 18.67 kg
baggage is on conveyor belt-------
---------baggage detected by sensor------------- 
Baggage weighs: 16.98 kg
baggage is on conveyor belt-------
---------baggage detected by sensor------------- 
Baggage weighs: 21.26 kg
baggage is on conveyor belt-------
---------baggage detected by sensor------------- 
Baggage weighs: 18.3 kg
baggage is on conveyor belt-------
---------baggage detected by sensor------------- 
Baggage weighs: 16.81 kg
baggage is on conveyor belt-------
---------baggage detected by sensor------------- 
Baggage weighs: 20.91 kg
baggage is on conveyor belt-------
---------baggage detected by sensor------------- 
Baggage weighs: 21.21 kg
baggage is on conveyor belt-------
---------baggage detected by sensor------------- 
Baggage weighs: 19.69 kg
baggage is on conveyor belt-------
---------baggage detected by sensor------------- 
Baggage weighs: 18.67 kg
baggage is on conveyor belt-------
---------baggage detected by sensor------------- 
Baggage weighs: 19.12 kg
baggage is on conveyor belt-------
---------baggage detected by sensor------------- 
Baggage weighs: 16.42 kg
baggage is on conveyor belt-------
---------baggage detected by sensor------------- 
Baggage weighs: 19.17 kg
baggage is on conveyor belt-------
---------baggage detected by sensor------------- 
Baggage weighs: 19.0 kg
baggage is on conveyor belt-------
---------baggage detected by sensor------------- 
Baggage weighs: 18.78 kg
baggage is on conveyor belt-------
---------baggage detected by sensor------------- 
Baggage weighs: 20.31 kg
baggage is on conveyor belt-------
---------baggage detected by sensor------------- 
Baggage weighs: 21.25 kg
baggage is on conveyor belt-------
---------baggage detected by sensor------------- 
Baggage weighs: 18.87 kg
baggage is on conveyor belt-------
---------baggage detected by sensor------------- 
Baggage weighs: 16.25 kg
baggage is on conveyor belt-------
---------baggage detected by sensor------------- 
Baggage weighs: 19.94 kg
baggage is on conveyor belt-------
---------baggage detected by sensor------------- 
Baggage weighs: 16.88 kg
baggage is on conveyor belt-------
---------baggage detected by sensor------------- 
Baggage weighs: 18.24 kg
baggage is on conveyor belt-------
---------baggage detected by sensor------------- 
Baggage weighs: 17.16 kg
baggage is on conveyor belt-------
---------baggage detected by sensor------------- 
Baggage weighs: 19.34 kg
baggage is on conveyor belt-------
---------baggage detected by sensor------------- 
Baggage weighs: 22.41 kg
baggage is on conveyor belt-------
---------baggage detected by sensor------------- 
Baggage weighs: 20.47 kg
baggage is on conveyor belt-------
---------baggage detected by sensor------------- 
Baggage weighs: 18.81 kg
baggage is on conveyor belt-------
---------baggage detected by sensor------------- 
Baggage weighs: 18.56 kg
baggage is on conveyor belt-------
---------baggage detected by sensor------------- 
Baggage weighs: 17.77 kg
baggage is on conveyor belt-------
---------baggage detected by sensor------------- 
Baggage weighs: 19.32 kg
baggage is on conveyor belt-------
---------baggage detected by sensor------------- 
Baggage weighs: 19.21 kg
baggage is on conveyor belt-------
---------baggage detected by sensor------------- 
Baggage weighs: 19.13 kg
baggage is on conveyor belt-------
---------baggage detected by sensor------------- 
Baggage weighs: 20.39 kg
baggage is on conveyor belt-------
---------baggage detected by sensor------------- 
Baggage weighs: 21.03 kg
baggage is on conveyor belt-------
---------baggage detected by sensor------------- 
Baggage weighs: 20.05 kg
baggage is on conveyor belt-------
---------baggage detected by sensor------------- 
Baggage weighs: 21.92 kg
baggage is on conveyor belt-------
---------baggage detected by sensor------------- 
Baggage weighs: 19.37 kg
baggage is on conveyor belt-------
---------baggage detected by sensor------------- 
Baggage weighs: 20.35 kg
baggage is on conveyor belt-------
---------baggage detected by sensor------------- 
Baggage weighs: 18.73 kg
baggage is on conveyor belt-------
---------baggage detected by sensor------------- 
Baggage weighs: 20.33 kg
baggage is on conveyor belt-------
---------baggage detected by sensor------------- 
Baggage weighs: 22.01 kg
baggage is on conveyor belt-------
---------baggage detected by sensor------------- 
Baggage weighs: 19.27 kg
baggage is on conveyor belt-------
---------baggage detected by sensor------------- 
Baggage weighs: 21.18 kg
baggage is on conveyor belt-------
---------baggage detected by sensor------------- 
Baggage weighs: 17.16 kg
baggage is on conveyor belt-------
---------baggage detected by sensor------------- 
Baggage weighs: 20.04 kg
baggage is on conveyor belt-------
---------baggage detected by sensor------------- 
Baggage weighs: 20.91 kg
baggage is on conveyor belt-------
---------baggage detected by sensor------------- 
Baggage weighs: 20.3 kg
baggage is on conveyor belt-------
---------baggage detected by sensor------------- 
Baggage weighs: 20.38 kg
baggage is on conveyor belt-------
---------baggage detected by sensor------------- 
Baggage weighs: 16.54 kg
baggage is on conveyor belt-------
---------baggage detected by sensor------------- 
Baggage weighs: 18.87 kg
baggage is on conveyor belt-------
---------baggage detected by sensor------------- 
Baggage weighs: 20.22 kg
baggage is on conveyor belt-------
---------baggage detected by sensor------------- 
Baggage weighs: 20.75 kg
baggage is on conveyor belt-------
---------baggage detected by sensor------------- 
Baggage weighs: 17.4 kg
baggage is on conveyor belt-------
---------baggage detected by sensor------------- 
Baggage weighs: 20.27 kg
baggage is on conveyor belt-------
---------baggage detected by sensor------------- 
Baggage weighs: 17.04 kg
baggage is on conveyor belt-------
---------baggage detected by sensor------------- 
Baggage weighs: 19.84 kg
baggage is on conveyor belt-------
---------baggage detected by sensor------------- 
Baggage weighs: 17.34 kg
baggage is on conveyor belt-------
---------baggage detected by sensor------------- 
Baggage weighs: 18.75 kg
baggage is on conveyor belt-------
---------baggage detected by sensor------------- 
Baggage weighs: 19.12 kg
baggage is on conveyor belt-------
---------baggage detected by sensor------------- 
Baggage weighs: 18.29 kg
baggage is on conveyor belt-------
---------baggage detected by sensor------------- 
Baggage weighs: 17.94 kg
baggage is on conveyor belt-------
---------baggage detected by sensor------------- 
Baggage weighs: 19.09 kg
baggage is on conveyor belt-------
---------baggage detected by sensor------------- 
Baggage weighs: 22.39 kg
baggage is on conveyor belt-------
---------baggage detected by sensor------------- 
Baggage weighs: 21.23 kg
baggage is on conveyor belt-------
---------baggage detected by sensor------------- 
Baggage weighs: 17.56 kg
baggage is on conveyor belt-------
---------baggage detected by sensor------------- 
Baggage weighs: 18.37 kg
baggage is on conveyor belt-------
---------baggage detected by sensor------------- 
Baggage weighs: 21.4 kg
baggage is on conveyor belt-------
---------baggage detected by sensor------------- 
Baggage weighs: 20.25 kg
baggage is on conveyor belt-------
---------baggage detected by sensor------------- 
Baggage weighs: 23.0 kg
baggage is on conveyor belt-------
---------baggage detected by sensor------------- 
Baggage weighs: 17.01 kg
baggage is on conveyor belt-------
---------baggage detected by sensor------------- 
Baggage weighs: 17.39 kg
baggage is on conveyor belt-------
---------baggage detected by sensor------------- 
Baggage weighs: 16.7 kg
baggage is on conveyor belt-------
---------baggage detected by sensor------------- 
Baggage weighs: 16.23 kg
baggage is on conveyor belt-------
---------baggage detected by sensor------------- 
Baggage weighs: 19.13 kg
baggage is on conveyor belt-------
---------baggage detected by sensor------------- 
Baggage weighs: 21.07 kg
baggage is on conveyor belt-------
---------baggage detected by sensor------------- 
Baggage weighs: 17.87 kg
baggage is on conveyor belt-------
---------baggage detected by sensor------------- 
Baggage weighs: 19.92 kg
baggage is on conveyor belt-------
---------baggage detected by sensor------------- 
Baggage weighs: 19.22 kg
baggage is on conveyor belt-------
---------baggage detected by sensor------------- 
Baggage weighs: 21.53 kg
baggage is on conveyor belt-------
---------baggage detected by sensor------------- 
Baggage weighs: 20.29 kg
baggage is on conveyor belt-------
---------baggage detected by sensor------------- 
Baggage weighs: 19.32 kg
baggage is on conveyor belt-------
---------baggage detected by sensor------------- 
Baggage weighs: 17.25 kg
baggage is on conveyor belt-------
---------baggage detected by sensor------------- 
Baggage weighs: 21.3 kg
baggage is on conveyor belt-------
---------baggage detected by sensor------------- 
Baggage weighs: 16.79 kg
baggage is on conveyor belt-------
---------baggage detected by sensor------------- 
Baggage weighs: 19.55 kg
baggage is on conveyor belt-------
---------baggage detected by sensor------------- 
Baggage weighs: 18.88 kg
baggage is on conveyor belt-------
---------baggage detected by sensor------------- 
Baggage weighs: 22.33 kg
baggage is on conveyor belt-------
---------baggage detected by sensor------------- 
Baggage weighs: 20.62 kg
baggage is on conveyor belt-------
---------baggage detected by sensor------------- 
Baggage weighs: 19.42 kg
baggage is on conveyor belt-------
---------baggage detected by sensor------------- 
Baggage weighs: 17.54 kg
baggage is on conveyor belt-------
---------baggage detected by sensor------------- 
Baggage weighs: 21.51 kg
baggage is on conveyor belt-------
---------baggage detected by sensor------------- 
Baggage weighs: 19.46 kg
baggage is on conveyor belt-------
---------baggage detected by sensor------------- 
Baggage weighs: 17.83 kg
Seat with ID: 25C has been reserved for you!

BOARDING PASS FOR SUE HOLMES
-----------------------------------------------------------------------------
LUFTHANSA                      nepvrxjs167m72p /  Sue Holmes
Sue Holmes                                     /  nepvrxjs167m72p
FRA   LH2121   E  30.Oct                       /  FRA
HKG                                            /  HKG
SEAT ID: 25C                                   /  LH2121 E 30.Oct
SEQ: 94                                      / GATE: A05   22:00
MAX 1  HANDLUGGAGE/ LUGGAGE
-----------------------------------------------------------------------------
sorry Sue Holmes we have no voucher for you! Have a nice day!

---------------------------------------------------------------------------------------------------------------
scanning passport with passport id: CAO47P21P
searching for ticket in fast bag drop database..............
Ticket found for Billie Atkinson and Flight LH2121
----searching flight seat for Billie Atkinson---------
Found a seat with ID 25D
Below details were found in database
------------------------------------------
Name: Billie Atkinson
Flight ID: LH2121
Source: FRA
Destination: HKG
Gate No: A05
Boarding time: 22:00
Ticket ID: bk86dgxp56mi3b8
Booking Class: E
------------------------------------------

Proceed with check-in for flight LH2121 ?
Type YES to CHECK-IN or NO to cancel CHECK-IN
Billie Atkinson is deciding whether to check-in or to go back home and sleep............
YES CHECK-IN
Checking you in...............
baggage is on conveyor belt-------
---------baggage detected by sensor------------- 
Baggage weighs: 21.58 kg
baggage is on conveyor belt-------
---------baggage detected by sensor------------- 
Baggage weighs: 20.43 kg
baggage is on conveyor belt-------
---------baggage detected by sensor------------- 
Baggage weighs: 18.47 kg
baggage is on conveyor belt-------
---------baggage detected by sensor------------- 
Baggage weighs: 17.86 kg
baggage is on conveyor belt-------
---------baggage detected by sensor------------- 
Baggage weighs: 18.65 kg
baggage is on conveyor belt-------
---------baggage detected by sensor------------- 
Baggage weighs: 19.27 kg
baggage is on conveyor belt-------
---------baggage detected by sensor------------- 
Baggage weighs: 17.42 kg
baggage is on conveyor belt-------
---------baggage detected by sensor------------- 
Baggage weighs: 19.16 kg
baggage is on conveyor belt-------
---------baggage detected by sensor------------- 
Baggage weighs: 19.52 kg
baggage is on conveyor belt-------
---------baggage detected by sensor------------- 
Baggage weighs: 17.51 kg
baggage is on conveyor belt-------
---------baggage detected by sensor------------- 
Baggage weighs: 17.38 kg
baggage is on conveyor belt-------
---------baggage detected by sensor------------- 
Baggage weighs: 18.67 kg
baggage is on conveyor belt-------
---------baggage detected by sensor------------- 
Baggage weighs: 16.98 kg
baggage is on conveyor belt-------
---------baggage detected by sensor------------- 
Baggage weighs: 21.26 kg
baggage is on conveyor belt-------
---------baggage detected by sensor------------- 
Baggage weighs: 18.3 kg
baggage is on conveyor belt-------
---------baggage detected by sensor------------- 
Baggage weighs: 16.81 kg
baggage is on conveyor belt-------
---------baggage detected by sensor------------- 
Baggage weighs: 20.91 kg
baggage is on conveyor belt-------
---------baggage detected by sensor------------- 
Baggage weighs: 21.21 kg
baggage is on conveyor belt-------
---------baggage detected by sensor------------- 
Baggage weighs: 19.69 kg
baggage is on conveyor belt-------
---------baggage detected by sensor------------- 
Baggage weighs: 18.67 kg
baggage is on conveyor belt-------
---------baggage detected by sensor------------- 
Baggage weighs: 19.12 kg
baggage is on conveyor belt-------
---------baggage detected by sensor------------- 
Baggage weighs: 16.42 kg
baggage is on conveyor belt-------
---------baggage detected by sensor------------- 
Baggage weighs: 19.17 kg
baggage is on conveyor belt-------
---------baggage detected by sensor------------- 
Baggage weighs: 19.0 kg
baggage is on conveyor belt-------
---------baggage detected by sensor------------- 
Baggage weighs: 18.78 kg
baggage is on conveyor belt-------
---------baggage detected by sensor------------- 
Baggage weighs: 20.31 kg
baggage is on conveyor belt-------
---------baggage detected by sensor------------- 
Baggage weighs: 21.25 kg
baggage is on conveyor belt-------
---------baggage detected by sensor------------- 
Baggage weighs: 18.87 kg
baggage is on conveyor belt-------
---------baggage detected by sensor------------- 
Baggage weighs: 16.25 kg
baggage is on conveyor belt-------
---------baggage detected by sensor------------- 
Baggage weighs: 19.94 kg
baggage is on conveyor belt-------
---------baggage detected by sensor------------- 
Baggage weighs: 16.88 kg
baggage is on conveyor belt-------
---------baggage detected by sensor------------- 
Baggage weighs: 18.24 kg
baggage is on conveyor belt-------
---------baggage detected by sensor------------- 
Baggage weighs: 17.16 kg
baggage is on conveyor belt-------
---------baggage detected by sensor------------- 
Baggage weighs: 19.34 kg
baggage is on conveyor belt-------
---------baggage detected by sensor------------- 
Baggage weighs: 22.41 kg
baggage is on conveyor belt-------
---------baggage detected by sensor------------- 
Baggage weighs: 20.47 kg
baggage is on conveyor belt-------
---------baggage detected by sensor------------- 
Baggage weighs: 18.81 kg
baggage is on conveyor belt-------
---------baggage detected by sensor------------- 
Baggage weighs: 18.56 kg
baggage is on conveyor belt-------
---------baggage detected by sensor------------- 
Baggage weighs: 17.77 kg
baggage is on conveyor belt-------
---------baggage detected by sensor------------- 
Baggage weighs: 19.32 kg
baggage is on conveyor belt-------
---------baggage detected by sensor------------- 
Baggage weighs: 19.21 kg
baggage is on conveyor belt-------
---------baggage detected by sensor------------- 
Baggage weighs: 19.13 kg
baggage is on conveyor belt-------
---------baggage detected by sensor------------- 
Baggage weighs: 20.39 kg
baggage is on conveyor belt-------
---------baggage detected by sensor------------- 
Baggage weighs: 21.03 kg
baggage is on conveyor belt-------
---------baggage detected by sensor------------- 
Baggage weighs: 20.05 kg
baggage is on conveyor belt-------
---------baggage detected by sensor------------- 
Baggage weighs: 21.92 kg
baggage is on conveyor belt-------
---------baggage detected by sensor------------- 
Baggage weighs: 19.37 kg
baggage is on conveyor belt-------
---------baggage detected by sensor------------- 
Baggage weighs: 20.35 kg
baggage is on conveyor belt-------
---------baggage detected by sensor------------- 
Baggage weighs: 18.73 kg
baggage is on conveyor belt-------
---------baggage detected by sensor------------- 
Baggage weighs: 20.33 kg
baggage is on conveyor belt-------
---------baggage detected by sensor------------- 
Baggage weighs: 22.01 kg
baggage is on conveyor belt-------
---------baggage detected by sensor------------- 
Baggage weighs: 19.27 kg
baggage is on conveyor belt-------
---------baggage detected by sensor------------- 
Baggage weighs: 21.18 kg
baggage is on conveyor belt-------
---------baggage detected by sensor------------- 
Baggage weighs: 17.16 kg
baggage is on conveyor belt-------
---------baggage detected by sensor------------- 
Baggage weighs: 20.04 kg
baggage is on conveyor belt-------
---------baggage detected by sensor------------- 
Baggage weighs: 20.91 kg
baggage is on conveyor belt-------
---------baggage detected by sensor------------- 
Baggage weighs: 20.3 kg
baggage is on conveyor belt-------
---------baggage detected by sensor------------- 
Baggage weighs: 20.38 kg
baggage is on conveyor belt-------
---------baggage detected by sensor------------- 
Baggage weighs: 16.54 kg
baggage is on conveyor belt-------
---------baggage detected by sensor------------- 
Baggage weighs: 18.87 kg
baggage is on conveyor belt-------
---------baggage detected by sensor------------- 
Baggage weighs: 20.22 kg
baggage is on conveyor belt-------
---------baggage detected by sensor------------- 
Baggage weighs: 20.75 kg
baggage is on conveyor belt-------
---------baggage detected by sensor------------- 
Baggage weighs: 17.4 kg
baggage is on conveyor belt-------
---------baggage detected by sensor------------- 
Baggage weighs: 20.27 kg
baggage is on conveyor belt-------
---------baggage detected by sensor------------- 
Baggage weighs: 17.04 kg
baggage is on conveyor belt-------
---------baggage detected by sensor------------- 
Baggage weighs: 19.84 kg
baggage is on conveyor belt-------
---------baggage detected by sensor------------- 
Baggage weighs: 17.34 kg
baggage is on conveyor belt-------
---------baggage detected by sensor------------- 
Baggage weighs: 18.75 kg
baggage is on conveyor belt-------
---------baggage detected by sensor------------- 
Baggage weighs: 19.12 kg
baggage is on conveyor belt-------
---------baggage detected by sensor------------- 
Baggage weighs: 18.29 kg
baggage is on conveyor belt-------
---------baggage detected by sensor------------- 
Baggage weighs: 17.94 kg
baggage is on conveyor belt-------
---------baggage detected by sensor------------- 
Baggage weighs: 19.09 kg
baggage is on conveyor belt-------
---------baggage detected by sensor------------- 
Baggage weighs: 22.39 kg
baggage is on conveyor belt-------
---------baggage detected by sensor------------- 
Baggage weighs: 21.23 kg
baggage is on conveyor belt-------
---------baggage detected by sensor------------- 
Baggage weighs: 17.56 kg
baggage is on conveyor belt-------
---------baggage detected by sensor------------- 
Baggage weighs: 18.37 kg
baggage is on conveyor belt-------
---------baggage detected by sensor------------- 
Baggage weighs: 21.4 kg
baggage is on conveyor belt-------
---------baggage detected by sensor------------- 
Baggage weighs: 20.25 kg
baggage is on conveyor belt-------
---------baggage detected by sensor------------- 
Baggage weighs: 23.0 kg
baggage is on conveyor belt-------
---------baggage detected by sensor------------- 
Baggage weighs: 17.01 kg
baggage is on conveyor belt-------
---------baggage detected by sensor------------- 
Baggage weighs: 17.39 kg
baggage is on conveyor belt-------
---------baggage detected by sensor------------- 
Baggage weighs: 16.7 kg
baggage is on conveyor belt-------
---------baggage detected by sensor------------- 
Baggage weighs: 16.23 kg
baggage is on conveyor belt-------
---------baggage detected by sensor------------- 
Baggage weighs: 19.13 kg
baggage is on conveyor belt-------
---------baggage detected by sensor------------- 
Baggage weighs: 21.07 kg
baggage is on conveyor belt-------
---------baggage detected by sensor------------- 
Baggage weighs: 17.87 kg
baggage is on conveyor belt-------
---------baggage detected by sensor------------- 
Baggage weighs: 19.92 kg
baggage is on conveyor belt-------
---------baggage detected by sensor------------- 
Baggage weighs: 19.22 kg
baggage is on conveyor belt-------
---------baggage detected by sensor------------- 
Baggage weighs: 21.53 kg
baggage is on conveyor belt-------
---------baggage detected by sensor------------- 
Baggage weighs: 20.29 kg
baggage is on conveyor belt-------
---------baggage detected by sensor------------- 
Baggage weighs: 19.32 kg
baggage is on conveyor belt-------
---------baggage detected by sensor------------- 
Baggage weighs: 17.25 kg
baggage is on conveyor belt-------
---------baggage detected by sensor------------- 
Baggage weighs: 21.3 kg
baggage is on conveyor belt-------
---------baggage detected by sensor------------- 
Baggage weighs: 16.79 kg
baggage is on conveyor belt-------
---------baggage detected by sensor------------- 
Baggage weighs: 19.55 kg
baggage is on conveyor belt-------
---------baggage detected by sensor------------- 
Baggage weighs: 18.88 kg
baggage is on conveyor belt-------
---------baggage detected by sensor------------- 
Baggage weighs: 22.33 kg
baggage is on conveyor belt-------
---------baggage detected by sensor------------- 
Baggage weighs: 20.62 kg
baggage is on conveyor belt-------
---------baggage detected by sensor------------- 
Baggage weighs: 19.42 kg
baggage is on conveyor belt-------
---------baggage detected by sensor------------- 
Baggage weighs: 17.54 kg
baggage is on conveyor belt-------
---------baggage detected by sensor------------- 
Baggage weighs: 21.51 kg
baggage is on conveyor belt-------
---------baggage detected by sensor------------- 
Baggage weighs: 19.46 kg
baggage is on conveyor belt-------
---------baggage detected by sensor------------- 
Baggage weighs: 17.83 kg
baggage is on conveyor belt-------
---------baggage detected by sensor------------- 
Baggage weighs: 17.75 kg
Seat with ID: 25D has been reserved for you!

BOARDING PASS FOR BILLIE ATKINSON
-----------------------------------------------------------------------------
LUFTHANSA                      bk86dgxp56mi3b8 /  Billie Atkinson
Billie Atkinson                                     /  bk86dgxp56mi3b8
FRA   LH2121   E  30.Oct                       /  FRA
HKG                                            /  HKG
SEAT ID: 25D                                   /  LH2121 E 30.Oct
SEQ: 95                                      / GATE: A05   22:00
MAX 1  HANDLUGGAGE/ LUGGAGE
-----------------------------------------------------------------------------
sorry Billie Atkinson we have no voucher for you! Have a nice day!

---------------------------------------------------------------------------------------------------------------
scanning passport with passport id: 9PRTLTLBM
searching for ticket in fast bag drop database..............
Ticket found for Judith Compton and Flight LH2121
----searching flight seat for Judith Compton---------
Found a seat with ID 25E
Below details were found in database
------------------------------------------
Name: Judith Compton
Flight ID: LH2121
Source: FRA
Destination: HKG
Gate No: A05
Boarding time: 22:00
Ticket ID: brun3ekl5jl52d5
Booking Class: E
------------------------------------------

Proceed with check-in for flight LH2121 ?
Type YES to CHECK-IN or NO to cancel CHECK-IN
Judith Compton is deciding whether to check-in or to go back home and sleep............
YES CHECK-IN
Checking you in...............
baggage is on conveyor belt-------
---------baggage detected by sensor------------- 
Baggage weighs: 21.58 kg
baggage is on conveyor belt-------
---------baggage detected by sensor------------- 
Baggage weighs: 20.43 kg
baggage is on conveyor belt-------
---------baggage detected by sensor------------- 
Baggage weighs: 18.47 kg
baggage is on conveyor belt-------
---------baggage detected by sensor------------- 
Baggage weighs: 17.86 kg
baggage is on conveyor belt-------
---------baggage detected by sensor------------- 
Baggage weighs: 18.65 kg
baggage is on conveyor belt-------
---------baggage detected by sensor------------- 
Baggage weighs: 19.27 kg
baggage is on conveyor belt-------
---------baggage detected by sensor------------- 
Baggage weighs: 17.42 kg
baggage is on conveyor belt-------
---------baggage detected by sensor------------- 
Baggage weighs: 19.16 kg
baggage is on conveyor belt-------
---------baggage detected by sensor------------- 
Baggage weighs: 19.52 kg
baggage is on conveyor belt-------
---------baggage detected by sensor------------- 
Baggage weighs: 17.51 kg
baggage is on conveyor belt-------
---------baggage detected by sensor------------- 
Baggage weighs: 17.38 kg
baggage is on conveyor belt-------
---------baggage detected by sensor------------- 
Baggage weighs: 18.67 kg
baggage is on conveyor belt-------
---------baggage detected by sensor------------- 
Baggage weighs: 16.98 kg
baggage is on conveyor belt-------
---------baggage detected by sensor------------- 
Baggage weighs: 21.26 kg
baggage is on conveyor belt-------
---------baggage detected by sensor------------- 
Baggage weighs: 18.3 kg
baggage is on conveyor belt-------
---------baggage detected by sensor------------- 
Baggage weighs: 16.81 kg
baggage is on conveyor belt-------
---------baggage detected by sensor------------- 
Baggage weighs: 20.91 kg
baggage is on conveyor belt-------
---------baggage detected by sensor------------- 
Baggage weighs: 21.21 kg
baggage is on conveyor belt-------
---------baggage detected by sensor------------- 
Baggage weighs: 19.69 kg
baggage is on conveyor belt-------
---------baggage detected by sensor------------- 
Baggage weighs: 18.67 kg
baggage is on conveyor belt-------
---------baggage detected by sensor------------- 
Baggage weighs: 19.12 kg
baggage is on conveyor belt-------
---------baggage detected by sensor------------- 
Baggage weighs: 16.42 kg
baggage is on conveyor belt-------
---------baggage detected by sensor------------- 
Baggage weighs: 19.17 kg
baggage is on conveyor belt-------
---------baggage detected by sensor------------- 
Baggage weighs: 19.0 kg
baggage is on conveyor belt-------
---------baggage detected by sensor------------- 
Baggage weighs: 18.78 kg
baggage is on conveyor belt-------
---------baggage detected by sensor------------- 
Baggage weighs: 20.31 kg
baggage is on conveyor belt-------
---------baggage detected by sensor------------- 
Baggage weighs: 21.25 kg
baggage is on conveyor belt-------
---------baggage detected by sensor------------- 
Baggage weighs: 18.87 kg
baggage is on conveyor belt-------
---------baggage detected by sensor------------- 
Baggage weighs: 16.25 kg
baggage is on conveyor belt-------
---------baggage detected by sensor------------- 
Baggage weighs: 19.94 kg
baggage is on conveyor belt-------
---------baggage detected by sensor------------- 
Baggage weighs: 16.88 kg
baggage is on conveyor belt-------
---------baggage detected by sensor------------- 
Baggage weighs: 18.24 kg
baggage is on conveyor belt-------
---------baggage detected by sensor------------- 
Baggage weighs: 17.16 kg
baggage is on conveyor belt-------
---------baggage detected by sensor------------- 
Baggage weighs: 19.34 kg
baggage is on conveyor belt-------
---------baggage detected by sensor------------- 
Baggage weighs: 22.41 kg
baggage is on conveyor belt-------
---------baggage detected by sensor------------- 
Baggage weighs: 20.47 kg
baggage is on conveyor belt-------
---------baggage detected by sensor------------- 
Baggage weighs: 18.81 kg
baggage is on conveyor belt-------
---------baggage detected by sensor------------- 
Baggage weighs: 18.56 kg
baggage is on conveyor belt-------
---------baggage detected by sensor------------- 
Baggage weighs: 17.77 kg
baggage is on conveyor belt-------
---------baggage detected by sensor------------- 
Baggage weighs: 19.32 kg
baggage is on conveyor belt-------
---------baggage detected by sensor------------- 
Baggage weighs: 19.21 kg
baggage is on conveyor belt-------
---------baggage detected by sensor------------- 
Baggage weighs: 19.13 kg
baggage is on conveyor belt-------
---------baggage detected by sensor------------- 
Baggage weighs: 20.39 kg
baggage is on conveyor belt-------
---------baggage detected by sensor------------- 
Baggage weighs: 21.03 kg
baggage is on conveyor belt-------
---------baggage detected by sensor------------- 
Baggage weighs: 20.05 kg
baggage is on conveyor belt-------
---------baggage detected by sensor------------- 
Baggage weighs: 21.92 kg
baggage is on conveyor belt-------
---------baggage detected by sensor------------- 
Baggage weighs: 19.37 kg
baggage is on conveyor belt-------
---------baggage detected by sensor------------- 
Baggage weighs: 20.35 kg
baggage is on conveyor belt-------
---------baggage detected by sensor------------- 
Baggage weighs: 18.73 kg
baggage is on conveyor belt-------
---------baggage detected by sensor------------- 
Baggage weighs: 20.33 kg
baggage is on conveyor belt-------
---------baggage detected by sensor------------- 
Baggage weighs: 22.01 kg
baggage is on conveyor belt-------
---------baggage detected by sensor------------- 
Baggage weighs: 19.27 kg
baggage is on conveyor belt-------
---------baggage detected by sensor------------- 
Baggage weighs: 21.18 kg
baggage is on conveyor belt-------
---------baggage detected by sensor------------- 
Baggage weighs: 17.16 kg
baggage is on conveyor belt-------
---------baggage detected by sensor------------- 
Baggage weighs: 20.04 kg
baggage is on conveyor belt-------
---------baggage detected by sensor------------- 
Baggage weighs: 20.91 kg
baggage is on conveyor belt-------
---------baggage detected by sensor------------- 
Baggage weighs: 20.3 kg
baggage is on conveyor belt-------
---------baggage detected by sensor------------- 
Baggage weighs: 20.38 kg
baggage is on conveyor belt-------
---------baggage detected by sensor------------- 
Baggage weighs: 16.54 kg
baggage is on conveyor belt-------
---------baggage detected by sensor------------- 
Baggage weighs: 18.87 kg
baggage is on conveyor belt-------
---------baggage detected by sensor------------- 
Baggage weighs: 20.22 kg
baggage is on conveyor belt-------
---------baggage detected by sensor------------- 
Baggage weighs: 20.75 kg
baggage is on conveyor belt-------
---------baggage detected by sensor------------- 
Baggage weighs: 17.4 kg
baggage is on conveyor belt-------
---------baggage detected by sensor------------- 
Baggage weighs: 20.27 kg
baggage is on conveyor belt-------
---------baggage detected by sensor------------- 
Baggage weighs: 17.04 kg
baggage is on conveyor belt-------
---------baggage detected by sensor------------- 
Baggage weighs: 19.84 kg
baggage is on conveyor belt-------
---------baggage detected by sensor------------- 
Baggage weighs: 17.34 kg
baggage is on conveyor belt-------
---------baggage detected by sensor------------- 
Baggage weighs: 18.75 kg
baggage is on conveyor belt-------
---------baggage detected by sensor------------- 
Baggage weighs: 19.12 kg
baggage is on conveyor belt-------
---------baggage detected by sensor------------- 
Baggage weighs: 18.29 kg
baggage is on conveyor belt-------
---------baggage detected by sensor------------- 
Baggage weighs: 17.94 kg
baggage is on conveyor belt-------
---------baggage detected by sensor------------- 
Baggage weighs: 19.09 kg
baggage is on conveyor belt-------
---------baggage detected by sensor------------- 
Baggage weighs: 22.39 kg
baggage is on conveyor belt-------
---------baggage detected by sensor------------- 
Baggage weighs: 21.23 kg
baggage is on conveyor belt-------
---------baggage detected by sensor------------- 
Baggage weighs: 17.56 kg
baggage is on conveyor belt-------
---------baggage detected by sensor------------- 
Baggage weighs: 18.37 kg
baggage is on conveyor belt-------
---------baggage detected by sensor------------- 
Baggage weighs: 21.4 kg
baggage is on conveyor belt-------
---------baggage detected by sensor------------- 
Baggage weighs: 20.25 kg
baggage is on conveyor belt-------
---------baggage detected by sensor------------- 
Baggage weighs: 23.0 kg
baggage is on conveyor belt-------
---------baggage detected by sensor------------- 
Baggage weighs: 17.01 kg
baggage is on conveyor belt-------
---------baggage detected by sensor------------- 
Baggage weighs: 17.39 kg
baggage is on conveyor belt-------
---------baggage detected by sensor------------- 
Baggage weighs: 16.7 kg
baggage is on conveyor belt-------
---------baggage detected by sensor------------- 
Baggage weighs: 16.23 kg
baggage is on conveyor belt-------
---------baggage detected by sensor------------- 
Baggage weighs: 19.13 kg
baggage is on conveyor belt-------
---------baggage detected by sensor------------- 
Baggage weighs: 21.07 kg
baggage is on conveyor belt-------
---------baggage detected by sensor------------- 
Baggage weighs: 17.87 kg
baggage is on conveyor belt-------
---------baggage detected by sensor------------- 
Baggage weighs: 19.92 kg
baggage is on conveyor belt-------
---------baggage detected by sensor------------- 
Baggage weighs: 19.22 kg
baggage is on conveyor belt-------
---------baggage detected by sensor------------- 
Baggage weighs: 21.53 kg
baggage is on conveyor belt-------
---------baggage detected by sensor------------- 
Baggage weighs: 20.29 kg
baggage is on conveyor belt-------
---------baggage detected by sensor------------- 
Baggage weighs: 19.32 kg
baggage is on conveyor belt-------
---------baggage detected by sensor------------- 
Baggage weighs: 17.25 kg
baggage is on conveyor belt-------
---------baggage detected by sensor------------- 
Baggage weighs: 21.3 kg
baggage is on conveyor belt-------
---------baggage detected by sensor------------- 
Baggage weighs: 16.79 kg
baggage is on conveyor belt-------
---------baggage detected by sensor------------- 
Baggage weighs: 19.55 kg
baggage is on conveyor belt-------
---------baggage detected by sensor------------- 
Baggage weighs: 18.88 kg
baggage is on conveyor belt-------
---------baggage detected by sensor------------- 
Baggage weighs: 22.33 kg
baggage is on conveyor belt-------
---------baggage detected by sensor------------- 
Baggage weighs: 20.62 kg
baggage is on conveyor belt-------
---------baggage detected by sensor------------- 
Baggage weighs: 19.42 kg
baggage is on conveyor belt-------
---------baggage detected by sensor------------- 
Baggage weighs: 17.54 kg
baggage is on conveyor belt-------
---------baggage detected by sensor------------- 
Baggage weighs: 21.51 kg
baggage is on conveyor belt-------
---------baggage detected by sensor------------- 
Baggage weighs: 19.46 kg
baggage is on conveyor belt-------
---------baggage detected by sensor------------- 
Baggage weighs: 17.83 kg
baggage is on conveyor belt-------
---------baggage detected by sensor------------- 
Baggage weighs: 17.75 kg
baggage is on conveyor belt-------
---------baggage detected by sensor------------- 
Baggage weighs: 17.44 kg
Seat with ID: 25E has been reserved for you!

BOARDING PASS FOR JUDITH COMPTON
-----------------------------------------------------------------------------
LUFTHANSA                      brun3ekl5jl52d5 /  Judith Compton
Judith Compton                                     /  brun3ekl5jl52d5
FRA   LH2121   E  30.Oct                       /  FRA
HKG                                            /  HKG
SEAT ID: 25E                                   /  LH2121 E 30.Oct
SEQ: 96                                      / GATE: A05   22:00
MAX 1  HANDLUGGAGE/ LUGGAGE
-----------------------------------------------------------------------------
sorry Judith Compton we have no voucher for you! Have a nice day!

---------------------------------------------------------------------------------------------------------------
scanning passport with passport id: U9Y1CIK9D
searching for ticket in fast bag drop database..............
Ticket found for Tracy Cohen and Flight LH2121
----searching flight seat for Tracy Cohen---------
Found a seat with ID 25G
Below details were found in database
------------------------------------------
Name: Tracy Cohen
Flight ID: LH2121
Source: FRA
Destination: HKG
Gate No: A05
Boarding time: 22:00
Ticket ID: uddmzt3ks0z3gy4
Booking Class: E
------------------------------------------

Proceed with check-in for flight LH2121 ?
Type YES to CHECK-IN or NO to cancel CHECK-IN
Tracy Cohen is deciding whether to check-in or to go back home and sleep............
YES CHECK-IN
Checking you in...............
baggage is on conveyor belt-------
---------baggage detected by sensor------------- 
Baggage weighs: 21.58 kg
baggage is on conveyor belt-------
---------baggage detected by sensor------------- 
Baggage weighs: 20.43 kg
baggage is on conveyor belt-------
---------baggage detected by sensor------------- 
Baggage weighs: 18.47 kg
baggage is on conveyor belt-------
---------baggage detected by sensor------------- 
Baggage weighs: 17.86 kg
baggage is on conveyor belt-------
---------baggage detected by sensor------------- 
Baggage weighs: 18.65 kg
baggage is on conveyor belt-------
---------baggage detected by sensor------------- 
Baggage weighs: 19.27 kg
baggage is on conveyor belt-------
---------baggage detected by sensor------------- 
Baggage weighs: 17.42 kg
baggage is on conveyor belt-------
---------baggage detected by sensor------------- 
Baggage weighs: 19.16 kg
baggage is on conveyor belt-------
---------baggage detected by sensor------------- 
Baggage weighs: 19.52 kg
baggage is on conveyor belt-------
---------baggage detected by sensor------------- 
Baggage weighs: 17.51 kg
baggage is on conveyor belt-------
---------baggage detected by sensor------------- 
Baggage weighs: 17.38 kg
baggage is on conveyor belt-------
---------baggage detected by sensor------------- 
Baggage weighs: 18.67 kg
baggage is on conveyor belt-------
---------baggage detected by sensor------------- 
Baggage weighs: 16.98 kg
baggage is on conveyor belt-------
---------baggage detected by sensor------------- 
Baggage weighs: 21.26 kg
baggage is on conveyor belt-------
---------baggage detected by sensor------------- 
Baggage weighs: 18.3 kg
baggage is on conveyor belt-------
---------baggage detected by sensor------------- 
Baggage weighs: 16.81 kg
baggage is on conveyor belt-------
---------baggage detected by sensor------------- 
Baggage weighs: 20.91 kg
baggage is on conveyor belt-------
---------baggage detected by sensor------------- 
Baggage weighs: 21.21 kg
baggage is on conveyor belt-------
---------baggage detected by sensor------------- 
Baggage weighs: 19.69 kg
baggage is on conveyor belt-------
---------baggage detected by sensor------------- 
Baggage weighs: 18.67 kg
baggage is on conveyor belt-------
---------baggage detected by sensor------------- 
Baggage weighs: 19.12 kg
baggage is on conveyor belt-------
---------baggage detected by sensor------------- 
Baggage weighs: 16.42 kg
baggage is on conveyor belt-------
---------baggage detected by sensor------------- 
Baggage weighs: 19.17 kg
baggage is on conveyor belt-------
---------baggage detected by sensor------------- 
Baggage weighs: 19.0 kg
baggage is on conveyor belt-------
---------baggage detected by sensor------------- 
Baggage weighs: 18.78 kg
baggage is on conveyor belt-------
---------baggage detected by sensor------------- 
Baggage weighs: 20.31 kg
baggage is on conveyor belt-------
---------baggage detected by sensor------------- 
Baggage weighs: 21.25 kg
baggage is on conveyor belt-------
---------baggage detected by sensor------------- 
Baggage weighs: 18.87 kg
baggage is on conveyor belt-------
---------baggage detected by sensor------------- 
Baggage weighs: 16.25 kg
baggage is on conveyor belt-------
---------baggage detected by sensor------------- 
Baggage weighs: 19.94 kg
baggage is on conveyor belt-------
---------baggage detected by sensor------------- 
Baggage weighs: 16.88 kg
baggage is on conveyor belt-------
---------baggage detected by sensor------------- 
Baggage weighs: 18.24 kg
baggage is on conveyor belt-------
---------baggage detected by sensor------------- 
Baggage weighs: 17.16 kg
baggage is on conveyor belt-------
---------baggage detected by sensor------------- 
Baggage weighs: 19.34 kg
baggage is on conveyor belt-------
---------baggage detected by sensor------------- 
Baggage weighs: 22.41 kg
baggage is on conveyor belt-------
---------baggage detected by sensor------------- 
Baggage weighs: 20.47 kg
baggage is on conveyor belt-------
---------baggage detected by sensor------------- 
Baggage weighs: 18.81 kg
baggage is on conveyor belt-------
---------baggage detected by sensor------------- 
Baggage weighs: 18.56 kg
baggage is on conveyor belt-------
---------baggage detected by sensor------------- 
Baggage weighs: 17.77 kg
baggage is on conveyor belt-------
---------baggage detected by sensor------------- 
Baggage weighs: 19.32 kg
baggage is on conveyor belt-------
---------baggage detected by sensor------------- 
Baggage weighs: 19.21 kg
baggage is on conveyor belt-------
---------baggage detected by sensor------------- 
Baggage weighs: 19.13 kg
baggage is on conveyor belt-------
---------baggage detected by sensor------------- 
Baggage weighs: 20.39 kg
baggage is on conveyor belt-------
---------baggage detected by sensor------------- 
Baggage weighs: 21.03 kg
baggage is on conveyor belt-------
---------baggage detected by sensor------------- 
Baggage weighs: 20.05 kg
baggage is on conveyor belt-------
---------baggage detected by sensor------------- 
Baggage weighs: 21.92 kg
baggage is on conveyor belt-------
---------baggage detected by sensor------------- 
Baggage weighs: 19.37 kg
baggage is on conveyor belt-------
---------baggage detected by sensor------------- 
Baggage weighs: 20.35 kg
baggage is on conveyor belt-------
---------baggage detected by sensor------------- 
Baggage weighs: 18.73 kg
baggage is on conveyor belt-------
---------baggage detected by sensor------------- 
Baggage weighs: 20.33 kg
baggage is on conveyor belt-------
---------baggage detected by sensor------------- 
Baggage weighs: 22.01 kg
baggage is on conveyor belt-------
---------baggage detected by sensor------------- 
Baggage weighs: 19.27 kg
baggage is on conveyor belt-------
---------baggage detected by sensor------------- 
Baggage weighs: 21.18 kg
baggage is on conveyor belt-------
---------baggage detected by sensor------------- 
Baggage weighs: 17.16 kg
baggage is on conveyor belt-------
---------baggage detected by sensor------------- 
Baggage weighs: 20.04 kg
baggage is on conveyor belt-------
---------baggage detected by sensor------------- 
Baggage weighs: 20.91 kg
baggage is on conveyor belt-------
---------baggage detected by sensor------------- 
Baggage weighs: 20.3 kg
baggage is on conveyor belt-------
---------baggage detected by sensor------------- 
Baggage weighs: 20.38 kg
baggage is on conveyor belt-------
---------baggage detected by sensor------------- 
Baggage weighs: 16.54 kg
baggage is on conveyor belt-------
---------baggage detected by sensor------------- 
Baggage weighs: 18.87 kg
baggage is on conveyor belt-------
---------baggage detected by sensor------------- 
Baggage weighs: 20.22 kg
baggage is on conveyor belt-------
---------baggage detected by sensor------------- 
Baggage weighs: 20.75 kg
baggage is on conveyor belt-------
---------baggage detected by sensor------------- 
Baggage weighs: 17.4 kg
baggage is on conveyor belt-------
---------baggage detected by sensor------------- 
Baggage weighs: 20.27 kg
baggage is on conveyor belt-------
---------baggage detected by sensor------------- 
Baggage weighs: 17.04 kg
baggage is on conveyor belt-------
---------baggage detected by sensor------------- 
Baggage weighs: 19.84 kg
baggage is on conveyor belt-------
---------baggage detected by sensor------------- 
Baggage weighs: 17.34 kg
baggage is on conveyor belt-------
---------baggage detected by sensor------------- 
Baggage weighs: 18.75 kg
baggage is on conveyor belt-------
---------baggage detected by sensor------------- 
Baggage weighs: 19.12 kg
baggage is on conveyor belt-------
---------baggage detected by sensor------------- 
Baggage weighs: 18.29 kg
baggage is on conveyor belt-------
---------baggage detected by sensor------------- 
Baggage weighs: 17.94 kg
baggage is on conveyor belt-------
---------baggage detected by sensor------------- 
Baggage weighs: 19.09 kg
baggage is on conveyor belt-------
---------baggage detected by sensor------------- 
Baggage weighs: 22.39 kg
baggage is on conveyor belt-------
---------baggage detected by sensor------------- 
Baggage weighs: 21.23 kg
baggage is on conveyor belt-------
---------baggage detected by sensor------------- 
Baggage weighs: 17.56 kg
baggage is on conveyor belt-------
---------baggage detected by sensor------------- 
Baggage weighs: 18.37 kg
baggage is on conveyor belt-------
---------baggage detected by sensor------------- 
Baggage weighs: 21.4 kg
baggage is on conveyor belt-------
---------baggage detected by sensor------------- 
Baggage weighs: 20.25 kg
baggage is on conveyor belt-------
---------baggage detected by sensor------------- 
Baggage weighs: 23.0 kg
baggage is on conveyor belt-------
---------baggage detected by sensor------------- 
Baggage weighs: 17.01 kg
baggage is on conveyor belt-------
---------baggage detected by sensor------------- 
Baggage weighs: 17.39 kg
baggage is on conveyor belt-------
---------baggage detected by sensor------------- 
Baggage weighs: 16.7 kg
baggage is on conveyor belt-------
---------baggage detected by sensor------------- 
Baggage weighs: 16.23 kg
baggage is on conveyor belt-------
---------baggage detected by sensor------------- 
Baggage weighs: 19.13 kg
baggage is on conveyor belt-------
---------baggage detected by sensor------------- 
Baggage weighs: 21.07 kg
baggage is on conveyor belt-------
---------baggage detected by sensor------------- 
Baggage weighs: 17.87 kg
baggage is on conveyor belt-------
---------baggage detected by sensor------------- 
Baggage weighs: 19.92 kg
baggage is on conveyor belt-------
---------baggage detected by sensor------------- 
Baggage weighs: 19.22 kg
baggage is on conveyor belt-------
---------baggage detected by sensor------------- 
Baggage weighs: 21.53 kg
baggage is on conveyor belt-------
---------baggage detected by sensor------------- 
Baggage weighs: 20.29 kg
baggage is on conveyor belt-------
---------baggage detected by sensor------------- 
Baggage weighs: 19.32 kg
baggage is on conveyor belt-------
---------baggage detected by sensor------------- 
Baggage weighs: 17.25 kg
baggage is on conveyor belt-------
---------baggage detected by sensor------------- 
Baggage weighs: 21.3 kg
baggage is on conveyor belt-------
---------baggage detected by sensor------------- 
Baggage weighs: 16.79 kg
baggage is on conveyor belt-------
---------baggage detected by sensor------------- 
Baggage weighs: 19.55 kg
baggage is on conveyor belt-------
---------baggage detected by sensor------------- 
Baggage weighs: 18.88 kg
baggage is on conveyor belt-------
---------baggage detected by sensor------------- 
Baggage weighs: 22.33 kg
baggage is on conveyor belt-------
---------baggage detected by sensor------------- 
Baggage weighs: 20.62 kg
baggage is on conveyor belt-------
---------baggage detected by sensor------------- 
Baggage weighs: 19.42 kg
baggage is on conveyor belt-------
---------baggage detected by sensor------------- 
Baggage weighs: 17.54 kg
baggage is on conveyor belt-------
---------baggage detected by sensor------------- 
Baggage weighs: 21.51 kg
baggage is on conveyor belt-------
---------baggage detected by sensor------------- 
Baggage weighs: 19.46 kg
baggage is on conveyor belt-------
---------baggage detected by sensor------------- 
Baggage weighs: 17.83 kg
baggage is on conveyor belt-------
---------baggage detected by sensor------------- 
Baggage weighs: 17.75 kg
baggage is on conveyor belt-------
---------baggage detected by sensor------------- 
Baggage weighs: 17.44 kg
baggage is on conveyor belt-------
---------baggage detected by sensor------------- 
Baggage weighs: 19.53 kg
Seat with ID: 25G has been reserved for you!

BOARDING PASS FOR TRACY COHEN
-----------------------------------------------------------------------------
LUFTHANSA                      uddmzt3ks0z3gy4 /  Tracy Cohen
Tracy Cohen                                     /  uddmzt3ks0z3gy4
FRA   LH2121   E  30.Oct                       /  FRA
HKG                                            /  HKG
SEAT ID: 25G                                   /  LH2121 E 30.Oct
SEQ: 97                                      / GATE: A05   22:00
MAX 1  HANDLUGGAGE/ LUGGAGE
-----------------------------------------------------------------------------
sorry Tracy Cohen we have no voucher for you! Have a nice day!

---------------------------------------------------------------------------------------------------------------
scanning passport with passport id: K50O89QOB
searching for ticket in fast bag drop database..............
Ticket found for Emmitt Madden and Flight LH2121
----searching flight seat for Emmitt Madden---------
Found a seat with ID 25H
Below details were found in database
------------------------------------------
Name: Emmitt Madden
Flight ID: LH2121
Source: FRA
Destination: HKG
Gate No: A05
Boarding time: 22:00
Ticket ID: 6oio2dvinymx7f4
Booking Class: E
------------------------------------------

Proceed with check-in for flight LH2121 ?
Type YES to CHECK-IN or NO to cancel CHECK-IN
Emmitt Madden is deciding whether to check-in or to go back home and sleep............
YES CHECK-IN
Checking you in...............
baggage is on conveyor belt-------
---------baggage detected by sensor------------- 
Baggage weighs: 21.58 kg
baggage is on conveyor belt-------
---------baggage detected by sensor------------- 
Baggage weighs: 20.43 kg
baggage is on conveyor belt-------
---------baggage detected by sensor------------- 
Baggage weighs: 18.47 kg
baggage is on conveyor belt-------
---------baggage detected by sensor------------- 
Baggage weighs: 17.86 kg
baggage is on conveyor belt-------
---------baggage detected by sensor------------- 
Baggage weighs: 18.65 kg
baggage is on conveyor belt-------
---------baggage detected by sensor------------- 
Baggage weighs: 19.27 kg
baggage is on conveyor belt-------
---------baggage detected by sensor------------- 
Baggage weighs: 17.42 kg
baggage is on conveyor belt-------
---------baggage detected by sensor------------- 
Baggage weighs: 19.16 kg
baggage is on conveyor belt-------
---------baggage detected by sensor------------- 
Baggage weighs: 19.52 kg
baggage is on conveyor belt-------
---------baggage detected by sensor------------- 
Baggage weighs: 17.51 kg
baggage is on conveyor belt-------
---------baggage detected by sensor------------- 
Baggage weighs: 17.38 kg
baggage is on conveyor belt-------
---------baggage detected by sensor------------- 
Baggage weighs: 18.67 kg
baggage is on conveyor belt-------
---------baggage detected by sensor------------- 
Baggage weighs: 16.98 kg
baggage is on conveyor belt-------
---------baggage detected by sensor------------- 
Baggage weighs: 21.26 kg
baggage is on conveyor belt-------
---------baggage detected by sensor------------- 
Baggage weighs: 18.3 kg
baggage is on conveyor belt-------
---------baggage detected by sensor------------- 
Baggage weighs: 16.81 kg
baggage is on conveyor belt-------
---------baggage detected by sensor------------- 
Baggage weighs: 20.91 kg
baggage is on conveyor belt-------
---------baggage detected by sensor------------- 
Baggage weighs: 21.21 kg
baggage is on conveyor belt-------
---------baggage detected by sensor------------- 
Baggage weighs: 19.69 kg
baggage is on conveyor belt-------
---------baggage detected by sensor------------- 
Baggage weighs: 18.67 kg
baggage is on conveyor belt-------
---------baggage detected by sensor------------- 
Baggage weighs: 19.12 kg
baggage is on conveyor belt-------
---------baggage detected by sensor------------- 
Baggage weighs: 16.42 kg
baggage is on conveyor belt-------
---------baggage detected by sensor------------- 
Baggage weighs: 19.17 kg
baggage is on conveyor belt-------
---------baggage detected by sensor------------- 
Baggage weighs: 19.0 kg
baggage is on conveyor belt-------
---------baggage detected by sensor------------- 
Baggage weighs: 18.78 kg
baggage is on conveyor belt-------
---------baggage detected by sensor------------- 
Baggage weighs: 20.31 kg
baggage is on conveyor belt-------
---------baggage detected by sensor------------- 
Baggage weighs: 21.25 kg
baggage is on conveyor belt-------
---------baggage detected by sensor------------- 
Baggage weighs: 18.87 kg
baggage is on conveyor belt-------
---------baggage detected by sensor------------- 
Baggage weighs: 16.25 kg
baggage is on conveyor belt-------
---------baggage detected by sensor------------- 
Baggage weighs: 19.94 kg
baggage is on conveyor belt-------
---------baggage detected by sensor------------- 
Baggage weighs: 16.88 kg
baggage is on conveyor belt-------
---------baggage detected by sensor------------- 
Baggage weighs: 18.24 kg
baggage is on conveyor belt-------
---------baggage detected by sensor------------- 
Baggage weighs: 17.16 kg
baggage is on conveyor belt-------
---------baggage detected by sensor------------- 
Baggage weighs: 19.34 kg
baggage is on conveyor belt-------
---------baggage detected by sensor------------- 
Baggage weighs: 22.41 kg
baggage is on conveyor belt-------
---------baggage detected by sensor------------- 
Baggage weighs: 20.47 kg
baggage is on conveyor belt-------
---------baggage detected by sensor------------- 
Baggage weighs: 18.81 kg
baggage is on conveyor belt-------
---------baggage detected by sensor------------- 
Baggage weighs: 18.56 kg
baggage is on conveyor belt-------
---------baggage detected by sensor------------- 
Baggage weighs: 17.77 kg
baggage is on conveyor belt-------
---------baggage detected by sensor------------- 
Baggage weighs: 19.32 kg
baggage is on conveyor belt-------
---------baggage detected by sensor------------- 
Baggage weighs: 19.21 kg
baggage is on conveyor belt-------
---------baggage detected by sensor------------- 
Baggage weighs: 19.13 kg
baggage is on conveyor belt-------
---------baggage detected by sensor------------- 
Baggage weighs: 20.39 kg
baggage is on conveyor belt-------
---------baggage detected by sensor------------- 
Baggage weighs: 21.03 kg
baggage is on conveyor belt-------
---------baggage detected by sensor------------- 
Baggage weighs: 20.05 kg
baggage is on conveyor belt-------
---------baggage detected by sensor------------- 
Baggage weighs: 21.92 kg
baggage is on conveyor belt-------
---------baggage detected by sensor------------- 
Baggage weighs: 19.37 kg
baggage is on conveyor belt-------
---------baggage detected by sensor------------- 
Baggage weighs: 20.35 kg
baggage is on conveyor belt-------
---------baggage detected by sensor------------- 
Baggage weighs: 18.73 kg
baggage is on conveyor belt-------
---------baggage detected by sensor------------- 
Baggage weighs: 20.33 kg
baggage is on conveyor belt-------
---------baggage detected by sensor------------- 
Baggage weighs: 22.01 kg
baggage is on conveyor belt-------
---------baggage detected by sensor------------- 
Baggage weighs: 19.27 kg
baggage is on conveyor belt-------
---------baggage detected by sensor------------- 
Baggage weighs: 21.18 kg
baggage is on conveyor belt-------
---------baggage detected by sensor------------- 
Baggage weighs: 17.16 kg
baggage is on conveyor belt-------
---------baggage detected by sensor------------- 
Baggage weighs: 20.04 kg
baggage is on conveyor belt-------
---------baggage detected by sensor------------- 
Baggage weighs: 20.91 kg
baggage is on conveyor belt-------
---------baggage detected by sensor------------- 
Baggage weighs: 20.3 kg
baggage is on conveyor belt-------
---------baggage detected by sensor------------- 
Baggage weighs: 20.38 kg
baggage is on conveyor belt-------
---------baggage detected by sensor------------- 
Baggage weighs: 16.54 kg
baggage is on conveyor belt-------
---------baggage detected by sensor------------- 
Baggage weighs: 18.87 kg
baggage is on conveyor belt-------
---------baggage detected by sensor------------- 
Baggage weighs: 20.22 kg
baggage is on conveyor belt-------
---------baggage detected by sensor------------- 
Baggage weighs: 20.75 kg
baggage is on conveyor belt-------
---------baggage detected by sensor------------- 
Baggage weighs: 17.4 kg
baggage is on conveyor belt-------
---------baggage detected by sensor------------- 
Baggage weighs: 20.27 kg
baggage is on conveyor belt-------
---------baggage detected by sensor------------- 
Baggage weighs: 17.04 kg
baggage is on conveyor belt-------
---------baggage detected by sensor------------- 
Baggage weighs: 19.84 kg
baggage is on conveyor belt-------
---------baggage detected by sensor------------- 
Baggage weighs: 17.34 kg
baggage is on conveyor belt-------
---------baggage detected by sensor------------- 
Baggage weighs: 18.75 kg
baggage is on conveyor belt-------
---------baggage detected by sensor------------- 
Baggage weighs: 19.12 kg
baggage is on conveyor belt-------
---------baggage detected by sensor------------- 
Baggage weighs: 18.29 kg
baggage is on conveyor belt-------
---------baggage detected by sensor------------- 
Baggage weighs: 17.94 kg
baggage is on conveyor belt-------
---------baggage detected by sensor------------- 
Baggage weighs: 19.09 kg
baggage is on conveyor belt-------
---------baggage detected by sensor------------- 
Baggage weighs: 22.39 kg
baggage is on conveyor belt-------
---------baggage detected by sensor------------- 
Baggage weighs: 21.23 kg
baggage is on conveyor belt-------
---------baggage detected by sensor------------- 
Baggage weighs: 17.56 kg
baggage is on conveyor belt-------
---------baggage detected by sensor------------- 
Baggage weighs: 18.37 kg
baggage is on conveyor belt-------
---------baggage detected by sensor------------- 
Baggage weighs: 21.4 kg
baggage is on conveyor belt-------
---------baggage detected by sensor------------- 
Baggage weighs: 20.25 kg
baggage is on conveyor belt-------
---------baggage detected by sensor------------- 
Baggage weighs: 23.0 kg
baggage is on conveyor belt-------
---------baggage detected by sensor------------- 
Baggage weighs: 17.01 kg
baggage is on conveyor belt-------
---------baggage detected by sensor------------- 
Baggage weighs: 17.39 kg
baggage is on conveyor belt-------
---------baggage detected by sensor------------- 
Baggage weighs: 16.7 kg
baggage is on conveyor belt-------
---------baggage detected by sensor------------- 
Baggage weighs: 16.23 kg
baggage is on conveyor belt-------
---------baggage detected by sensor------------- 
Baggage weighs: 19.13 kg
baggage is on conveyor belt-------
---------baggage detected by sensor------------- 
Baggage weighs: 21.07 kg
baggage is on conveyor belt-------
---------baggage detected by sensor------------- 
Baggage weighs: 17.87 kg
baggage is on conveyor belt-------
---------baggage detected by sensor------------- 
Baggage weighs: 19.92 kg
baggage is on conveyor belt-------
---------baggage detected by sensor------------- 
Baggage weighs: 19.22 kg
baggage is on conveyor belt-------
---------baggage detected by sensor------------- 
Baggage weighs: 21.53 kg
baggage is on conveyor belt-------
---------baggage detected by sensor------------- 
Baggage weighs: 20.29 kg
baggage is on conveyor belt-------
---------baggage detected by sensor------------- 
Baggage weighs: 19.32 kg
baggage is on conveyor belt-------
---------baggage detected by sensor------------- 
Baggage weighs: 17.25 kg
baggage is on conveyor belt-------
---------baggage detected by sensor------------- 
Baggage weighs: 21.3 kg
baggage is on conveyor belt-------
---------baggage detected by sensor------------- 
Baggage weighs: 16.79 kg
baggage is on conveyor belt-------
---------baggage detected by sensor------------- 
Baggage weighs: 19.55 kg
baggage is on conveyor belt-------
---------baggage detected by sensor------------- 
Baggage weighs: 18.88 kg
baggage is on conveyor belt-------
---------baggage detected by sensor------------- 
Baggage weighs: 22.33 kg
baggage is on conveyor belt-------
---------baggage detected by sensor------------- 
Baggage weighs: 20.62 kg
baggage is on conveyor belt-------
---------baggage detected by sensor------------- 
Baggage weighs: 19.42 kg
baggage is on conveyor belt-------
---------baggage detected by sensor------------- 
Baggage weighs: 17.54 kg
baggage is on conveyor belt-------
---------baggage detected by sensor------------- 
Baggage weighs: 21.51 kg
baggage is on conveyor belt-------
---------baggage detected by sensor------------- 
Baggage weighs: 19.46 kg
baggage is on conveyor belt-------
---------baggage detected by sensor------------- 
Baggage weighs: 17.83 kg
baggage is on conveyor belt-------
---------baggage detected by sensor------------- 
Baggage weighs: 17.75 kg
baggage is on conveyor belt-------
---------baggage detected by sensor------------- 
Baggage weighs: 17.44 kg
baggage is on conveyor belt-------
---------baggage detected by sensor------------- 
Baggage weighs: 19.53 kg
baggage is on conveyor belt-------
---------baggage detected by sensor------------- 
Baggage weighs: 17.51 kg
Seat with ID: 25H has been reserved for you!

BOARDING PASS FOR EMMITT MADDEN
-----------------------------------------------------------------------------
LUFTHANSA                      6oio2dvinymx7f4 /  Emmitt Madden
Emmitt Madden                                     /  6oio2dvinymx7f4
FRA   LH2121   E  30.Oct                       /  FRA
HKG                                            /  HKG
SEAT ID: 25H                                   /  LH2121 E 30.Oct
SEQ: 98                                      / GATE: A05   22:00
MAX 1  HANDLUGGAGE/ LUGGAGE
-----------------------------------------------------------------------------
sorry Emmitt Madden we have no voucher for you! Have a nice day!

---------------------------------------------------------------------------------------------------------------
scanning passport with passport id: YO6EP6M4Z
searching for ticket in fast bag drop database..............
Ticket found for Jeremiah Meyer and Flight LH2121
----searching flight seat for Jeremiah Meyer---------
Found a seat with ID 25J
Below details were found in database
------------------------------------------
Name: Jeremiah Meyer
Flight ID: LH2121
Source: FRA
Destination: HKG
Gate No: A05
Boarding time: 22:00
Ticket ID: kencgb53eqsdo8q
Booking Class: E
------------------------------------------

Proceed with check-in for flight LH2121 ?
Type YES to CHECK-IN or NO to cancel CHECK-IN
Jeremiah Meyer is deciding whether to check-in or to go back home and sleep............
YES CHECK-IN
Checking you in...............
baggage is on conveyor belt-------
---------baggage detected by sensor------------- 
Baggage weighs: 21.58 kg
baggage is on conveyor belt-------
---------baggage detected by sensor------------- 
Baggage weighs: 20.43 kg
baggage is on conveyor belt-------
---------baggage detected by sensor------------- 
Baggage weighs: 18.47 kg
baggage is on conveyor belt-------
---------baggage detected by sensor------------- 
Baggage weighs: 17.86 kg
baggage is on conveyor belt-------
---------baggage detected by sensor------------- 
Baggage weighs: 18.65 kg
baggage is on conveyor belt-------
---------baggage detected by sensor------------- 
Baggage weighs: 19.27 kg
baggage is on conveyor belt-------
---------baggage detected by sensor------------- 
Baggage weighs: 17.42 kg
baggage is on conveyor belt-------
---------baggage detected by sensor------------- 
Baggage weighs: 19.16 kg
baggage is on conveyor belt-------
---------baggage detected by sensor------------- 
Baggage weighs: 19.52 kg
baggage is on conveyor belt-------
---------baggage detected by sensor------------- 
Baggage weighs: 17.51 kg
baggage is on conveyor belt-------
---------baggage detected by sensor------------- 
Baggage weighs: 17.38 kg
baggage is on conveyor belt-------
---------baggage detected by sensor------------- 
Baggage weighs: 18.67 kg
baggage is on conveyor belt-------
---------baggage detected by sensor------------- 
Baggage weighs: 16.98 kg
baggage is on conveyor belt-------
---------baggage detected by sensor------------- 
Baggage weighs: 21.26 kg
baggage is on conveyor belt-------
---------baggage detected by sensor------------- 
Baggage weighs: 18.3 kg
baggage is on conveyor belt-------
---------baggage detected by sensor------------- 
Baggage weighs: 16.81 kg
baggage is on conveyor belt-------
---------baggage detected by sensor------------- 
Baggage weighs: 20.91 kg
baggage is on conveyor belt-------
---------baggage detected by sensor------------- 
Baggage weighs: 21.21 kg
baggage is on conveyor belt-------
---------baggage detected by sensor------------- 
Baggage weighs: 19.69 kg
baggage is on conveyor belt-------
---------baggage detected by sensor------------- 
Baggage weighs: 18.67 kg
baggage is on conveyor belt-------
---------baggage detected by sensor------------- 
Baggage weighs: 19.12 kg
baggage is on conveyor belt-------
---------baggage detected by sensor------------- 
Baggage weighs: 16.42 kg
baggage is on conveyor belt-------
---------baggage detected by sensor------------- 
Baggage weighs: 19.17 kg
baggage is on conveyor belt-------
---------baggage detected by sensor------------- 
Baggage weighs: 19.0 kg
baggage is on conveyor belt-------
---------baggage detected by sensor------------- 
Baggage weighs: 18.78 kg
baggage is on conveyor belt-------
---------baggage detected by sensor------------- 
Baggage weighs: 20.31 kg
baggage is on conveyor belt-------
---------baggage detected by sensor------------- 
Baggage weighs: 21.25 kg
baggage is on conveyor belt-------
---------baggage detected by sensor------------- 
Baggage weighs: 18.87 kg
baggage is on conveyor belt-------
---------baggage detected by sensor------------- 
Baggage weighs: 16.25 kg
baggage is on conveyor belt-------
---------baggage detected by sensor------------- 
Baggage weighs: 19.94 kg
baggage is on conveyor belt-------
---------baggage detected by sensor------------- 
Baggage weighs: 16.88 kg
baggage is on conveyor belt-------
---------baggage detected by sensor------------- 
Baggage weighs: 18.24 kg
baggage is on conveyor belt-------
---------baggage detected by sensor------------- 
Baggage weighs: 17.16 kg
baggage is on conveyor belt-------
---------baggage detected by sensor------------- 
Baggage weighs: 19.34 kg
baggage is on conveyor belt-------
---------baggage detected by sensor------------- 
Baggage weighs: 22.41 kg
baggage is on conveyor belt-------
---------baggage detected by sensor------------- 
Baggage weighs: 20.47 kg
baggage is on conveyor belt-------
---------baggage detected by sensor------------- 
Baggage weighs: 18.81 kg
baggage is on conveyor belt-------
---------baggage detected by sensor------------- 
Baggage weighs: 18.56 kg
baggage is on conveyor belt-------
---------baggage detected by sensor------------- 
Baggage weighs: 17.77 kg
baggage is on conveyor belt-------
---------baggage detected by sensor------------- 
Baggage weighs: 19.32 kg
baggage is on conveyor belt-------
---------baggage detected by sensor------------- 
Baggage weighs: 19.21 kg
baggage is on conveyor belt-------
---------baggage detected by sensor------------- 
Baggage weighs: 19.13 kg
baggage is on conveyor belt-------
---------baggage detected by sensor------------- 
Baggage weighs: 20.39 kg
baggage is on conveyor belt-------
---------baggage detected by sensor------------- 
Baggage weighs: 21.03 kg
baggage is on conveyor belt-------
---------baggage detected by sensor------------- 
Baggage weighs: 20.05 kg
baggage is on conveyor belt-------
---------baggage detected by sensor------------- 
Baggage weighs: 21.92 kg
baggage is on conveyor belt-------
---------baggage detected by sensor------------- 
Baggage weighs: 19.37 kg
baggage is on conveyor belt-------
---------baggage detected by sensor------------- 
Baggage weighs: 20.35 kg
baggage is on conveyor belt-------
---------baggage detected by sensor------------- 
Baggage weighs: 18.73 kg
baggage is on conveyor belt-------
---------baggage detected by sensor------------- 
Baggage weighs: 20.33 kg
baggage is on conveyor belt-------
---------baggage detected by sensor------------- 
Baggage weighs: 22.01 kg
baggage is on conveyor belt-------
---------baggage detected by sensor------------- 
Baggage weighs: 19.27 kg
baggage is on conveyor belt-------
---------baggage detected by sensor------------- 
Baggage weighs: 21.18 kg
baggage is on conveyor belt-------
---------baggage detected by sensor------------- 
Baggage weighs: 17.16 kg
baggage is on conveyor belt-------
---------baggage detected by sensor------------- 
Baggage weighs: 20.04 kg
baggage is on conveyor belt-------
---------baggage detected by sensor------------- 
Baggage weighs: 20.91 kg
baggage is on conveyor belt-------
---------baggage detected by sensor------------- 
Baggage weighs: 20.3 kg
baggage is on conveyor belt-------
---------baggage detected by sensor------------- 
Baggage weighs: 20.38 kg
baggage is on conveyor belt-------
---------baggage detected by sensor------------- 
Baggage weighs: 16.54 kg
baggage is on conveyor belt-------
---------baggage detected by sensor------------- 
Baggage weighs: 18.87 kg
baggage is on conveyor belt-------
---------baggage detected by sensor------------- 
Baggage weighs: 20.22 kg
baggage is on conveyor belt-------
---------baggage detected by sensor------------- 
Baggage weighs: 20.75 kg
baggage is on conveyor belt-------
---------baggage detected by sensor------------- 
Baggage weighs: 17.4 kg
baggage is on conveyor belt-------
---------baggage detected by sensor------------- 
Baggage weighs: 20.27 kg
baggage is on conveyor belt-------
---------baggage detected by sensor------------- 
Baggage weighs: 17.04 kg
baggage is on conveyor belt-------
---------baggage detected by sensor------------- 
Baggage weighs: 19.84 kg
baggage is on conveyor belt-------
---------baggage detected by sensor------------- 
Baggage weighs: 17.34 kg
baggage is on conveyor belt-------
---------baggage detected by sensor------------- 
Baggage weighs: 18.75 kg
baggage is on conveyor belt-------
---------baggage detected by sensor------------- 
Baggage weighs: 19.12 kg
baggage is on conveyor belt-------
---------baggage detected by sensor------------- 
Baggage weighs: 18.29 kg
baggage is on conveyor belt-------
---------baggage detected by sensor------------- 
Baggage weighs: 17.94 kg
baggage is on conveyor belt-------
---------baggage detected by sensor------------- 
Baggage weighs: 19.09 kg
baggage is on conveyor belt-------
---------baggage detected by sensor------------- 
Baggage weighs: 22.39 kg
baggage is on conveyor belt-------
---------baggage detected by sensor------------- 
Baggage weighs: 21.23 kg
baggage is on conveyor belt-------
---------baggage detected by sensor------------- 
Baggage weighs: 17.56 kg
baggage is on conveyor belt-------
---------baggage detected by sensor------------- 
Baggage weighs: 18.37 kg
baggage is on conveyor belt-------
---------baggage detected by sensor------------- 
Baggage weighs: 21.4 kg
baggage is on conveyor belt-------
---------baggage detected by sensor------------- 
Baggage weighs: 20.25 kg
baggage is on conveyor belt-------
---------baggage detected by sensor------------- 
Baggage weighs: 23.0 kg
baggage is on conveyor belt-------
---------baggage detected by sensor------------- 
Baggage weighs: 17.01 kg
baggage is on conveyor belt-------
---------baggage detected by sensor------------- 
Baggage weighs: 17.39 kg
baggage is on conveyor belt-------
---------baggage detected by sensor------------- 
Baggage weighs: 16.7 kg
baggage is on conveyor belt-------
---------baggage detected by sensor------------- 
Baggage weighs: 16.23 kg
baggage is on conveyor belt-------
---------baggage detected by sensor------------- 
Baggage weighs: 19.13 kg
baggage is on conveyor belt-------
---------baggage detected by sensor------------- 
Baggage weighs: 21.07 kg
baggage is on conveyor belt-------
---------baggage detected by sensor------------- 
Baggage weighs: 17.87 kg
baggage is on conveyor belt-------
---------baggage detected by sensor------------- 
Baggage weighs: 19.92 kg
baggage is on conveyor belt-------
---------baggage detected by sensor------------- 
Baggage weighs: 19.22 kg
baggage is on conveyor belt-------
---------baggage detected by sensor------------- 
Baggage weighs: 21.53 kg
baggage is on conveyor belt-------
---------baggage detected by sensor------------- 
Baggage weighs: 20.29 kg
baggage is on conveyor belt-------
---------baggage detected by sensor------------- 
Baggage weighs: 19.32 kg
baggage is on conveyor belt-------
---------baggage detected by sensor------------- 
Baggage weighs: 17.25 kg
baggage is on conveyor belt-------
---------baggage detected by sensor------------- 
Baggage weighs: 21.3 kg
baggage is on conveyor belt-------
---------baggage detected by sensor------------- 
Baggage weighs: 16.79 kg
baggage is on conveyor belt-------
---------baggage detected by sensor------------- 
Baggage weighs: 19.55 kg
baggage is on conveyor belt-------
---------baggage detected by sensor------------- 
Baggage weighs: 18.88 kg
baggage is on conveyor belt-------
---------baggage detected by sensor------------- 
Baggage weighs: 22.33 kg
baggage is on conveyor belt-------
---------baggage detected by sensor------------- 
Baggage weighs: 20.62 kg
baggage is on conveyor belt-------
---------baggage detected by sensor------------- 
Baggage weighs: 19.42 kg
baggage is on conveyor belt-------
---------baggage detected by sensor------------- 
Baggage weighs: 17.54 kg
baggage is on conveyor belt-------
---------baggage detected by sensor------------- 
Baggage weighs: 21.51 kg
baggage is on conveyor belt-------
---------baggage detected by sensor------------- 
Baggage weighs: 19.46 kg
baggage is on conveyor belt-------
---------baggage detected by sensor------------- 
Baggage weighs: 17.83 kg
baggage is on conveyor belt-------
---------baggage detected by sensor------------- 
Baggage weighs: 17.75 kg
baggage is on conveyor belt-------
---------baggage detected by sensor------------- 
Baggage weighs: 17.44 kg
baggage is on conveyor belt-------
---------baggage detected by sensor------------- 
Baggage weighs: 19.53 kg
baggage is on conveyor belt-------
---------baggage detected by sensor------------- 
Baggage weighs: 17.51 kg
baggage is on conveyor belt-------
---------baggage detected by sensor------------- 
Baggage weighs: 18.2 kg
Seat with ID: 25J has been reserved for you!

BOARDING PASS FOR JEREMIAH MEYER
-----------------------------------------------------------------------------
LUFTHANSA                      kencgb53eqsdo8q /  Jeremiah Meyer
Jeremiah Meyer                                     /  kencgb53eqsdo8q
FRA   LH2121   E  30.Oct                       /  FRA
HKG                                            /  HKG
SEAT ID: 25J                                   /  LH2121 E 30.Oct
SEQ: 99                                      / GATE: A05   22:00
MAX 1  HANDLUGGAGE/ LUGGAGE
-----------------------------------------------------------------------------
sorry Jeremiah Meyer we have no voucher for you! Have a nice day!

---------------------------------------------------------------------------------------------------------------
scanning passport with passport id: DN362Q8E8
searching for ticket in fast bag drop database..............
Ticket found for Jerold Oconnor and Flight LH2121
----searching flight seat for Jerold Oconnor---------
Found a seat with ID 25K
Below details were found in database
------------------------------------------
Name: Jerold Oconnor
Flight ID: LH2121
Source: FRA
Destination: HKG
Gate No: A05
Boarding time: 22:00
Ticket ID: 3xic8dv5rrp4m6e
Booking Class: E
------------------------------------------

Proceed with check-in for flight LH2121 ?
Type YES to CHECK-IN or NO to cancel CHECK-IN
Jerold Oconnor is deciding whether to check-in or to go back home and sleep............
YES CHECK-IN
Checking you in...............
baggage is on conveyor belt-------
---------baggage detected by sensor------------- 
Baggage weighs: 21.58 kg
baggage is on conveyor belt-------
---------baggage detected by sensor------------- 
Baggage weighs: 20.43 kg
baggage is on conveyor belt-------
---------baggage detected by sensor------------- 
Baggage weighs: 18.47 kg
baggage is on conveyor belt-------
---------baggage detected by sensor------------- 
Baggage weighs: 17.86 kg
baggage is on conveyor belt-------
---------baggage detected by sensor------------- 
Baggage weighs: 18.65 kg
baggage is on conveyor belt-------
---------baggage detected by sensor------------- 
Baggage weighs: 19.27 kg
baggage is on conveyor belt-------
---------baggage detected by sensor------------- 
Baggage weighs: 17.42 kg
baggage is on conveyor belt-------
---------baggage detected by sensor------------- 
Baggage weighs: 19.16 kg
baggage is on conveyor belt-------
---------baggage detected by sensor------------- 
Baggage weighs: 19.52 kg
baggage is on conveyor belt-------
---------baggage detected by sensor------------- 
Baggage weighs: 17.51 kg
baggage is on conveyor belt-------
---------baggage detected by sensor------------- 
Baggage weighs: 17.38 kg
baggage is on conveyor belt-------
---------baggage detected by sensor------------- 
Baggage weighs: 18.67 kg
baggage is on conveyor belt-------
---------baggage detected by sensor------------- 
Baggage weighs: 16.98 kg
baggage is on conveyor belt-------
---------baggage detected by sensor------------- 
Baggage weighs: 21.26 kg
baggage is on conveyor belt-------
---------baggage detected by sensor------------- 
Baggage weighs: 18.3 kg
baggage is on conveyor belt-------
---------baggage detected by sensor------------- 
Baggage weighs: 16.81 kg
baggage is on conveyor belt-------
---------baggage detected by sensor------------- 
Baggage weighs: 20.91 kg
baggage is on conveyor belt-------
---------baggage detected by sensor------------- 
Baggage weighs: 21.21 kg
baggage is on conveyor belt-------
---------baggage detected by sensor------------- 
Baggage weighs: 19.69 kg
baggage is on conveyor belt-------
---------baggage detected by sensor------------- 
Baggage weighs: 18.67 kg
baggage is on conveyor belt-------
---------baggage detected by sensor------------- 
Baggage weighs: 19.12 kg
baggage is on conveyor belt-------
---------baggage detected by sensor------------- 
Baggage weighs: 16.42 kg
baggage is on conveyor belt-------
---------baggage detected by sensor------------- 
Baggage weighs: 19.17 kg
baggage is on conveyor belt-------
---------baggage detected by sensor------------- 
Baggage weighs: 19.0 kg
baggage is on conveyor belt-------
---------baggage detected by sensor------------- 
Baggage weighs: 18.78 kg
baggage is on conveyor belt-------
---------baggage detected by sensor------------- 
Baggage weighs: 20.31 kg
baggage is on conveyor belt-------
---------baggage detected by sensor------------- 
Baggage weighs: 21.25 kg
baggage is on conveyor belt-------
---------baggage detected by sensor------------- 
Baggage weighs: 18.87 kg
baggage is on conveyor belt-------
---------baggage detected by sensor------------- 
Baggage weighs: 16.25 kg
baggage is on conveyor belt-------
---------baggage detected by sensor------------- 
Baggage weighs: 19.94 kg
baggage is on conveyor belt-------
---------baggage detected by sensor------------- 
Baggage weighs: 16.88 kg
baggage is on conveyor belt-------
---------baggage detected by sensor------------- 
Baggage weighs: 18.24 kg
baggage is on conveyor belt-------
---------baggage detected by sensor------------- 
Baggage weighs: 17.16 kg
baggage is on conveyor belt-------
---------baggage detected by sensor------------- 
Baggage weighs: 19.34 kg
baggage is on conveyor belt-------
---------baggage detected by sensor------------- 
Baggage weighs: 22.41 kg
baggage is on conveyor belt-------
---------baggage detected by sensor------------- 
Baggage weighs: 20.47 kg
baggage is on conveyor belt-------
---------baggage detected by sensor------------- 
Baggage weighs: 18.81 kg
baggage is on conveyor belt-------
---------baggage detected by sensor------------- 
Baggage weighs: 18.56 kg
baggage is on conveyor belt-------
---------baggage detected by sensor------------- 
Baggage weighs: 17.77 kg
baggage is on conveyor belt-------
---------baggage detected by sensor------------- 
Baggage weighs: 19.32 kg
baggage is on conveyor belt-------
---------baggage detected by sensor------------- 
Baggage weighs: 19.21 kg
baggage is on conveyor belt-------
---------baggage detected by sensor------------- 
Baggage weighs: 19.13 kg
baggage is on conveyor belt-------
---------baggage detected by sensor------------- 
Baggage weighs: 20.39 kg
baggage is on conveyor belt-------
---------baggage detected by sensor------------- 
Baggage weighs: 21.03 kg
baggage is on conveyor belt-------
---------baggage detected by sensor------------- 
Baggage weighs: 20.05 kg
baggage is on conveyor belt-------
---------baggage detected by sensor------------- 
Baggage weighs: 21.92 kg
baggage is on conveyor belt-------
---------baggage detected by sensor------------- 
Baggage weighs: 19.37 kg
baggage is on conveyor belt-------
---------baggage detected by sensor------------- 
Baggage weighs: 20.35 kg
baggage is on conveyor belt-------
---------baggage detected by sensor------------- 
Baggage weighs: 18.73 kg
baggage is on conveyor belt-------
---------baggage detected by sensor------------- 
Baggage weighs: 20.33 kg
baggage is on conveyor belt-------
---------baggage detected by sensor------------- 
Baggage weighs: 22.01 kg
baggage is on conveyor belt-------
---------baggage detected by sensor------------- 
Baggage weighs: 19.27 kg
baggage is on conveyor belt-------
---------baggage detected by sensor------------- 
Baggage weighs: 21.18 kg
baggage is on conveyor belt-------
---------baggage detected by sensor------------- 
Baggage weighs: 17.16 kg
baggage is on conveyor belt-------
---------baggage detected by sensor------------- 
Baggage weighs: 20.04 kg
baggage is on conveyor belt-------
---------baggage detected by sensor------------- 
Baggage weighs: 20.91 kg
baggage is on conveyor belt-------
---------baggage detected by sensor------------- 
Baggage weighs: 20.3 kg
baggage is on conveyor belt-------
---------baggage detected by sensor------------- 
Baggage weighs: 20.38 kg
baggage is on conveyor belt-------
---------baggage detected by sensor------------- 
Baggage weighs: 16.54 kg
baggage is on conveyor belt-------
---------baggage detected by sensor------------- 
Baggage weighs: 18.87 kg
baggage is on conveyor belt-------
---------baggage detected by sensor------------- 
Baggage weighs: 20.22 kg
baggage is on conveyor belt-------
---------baggage detected by sensor------------- 
Baggage weighs: 20.75 kg
baggage is on conveyor belt-------
---------baggage detected by sensor------------- 
Baggage weighs: 17.4 kg
baggage is on conveyor belt-------
---------baggage detected by sensor------------- 
Baggage weighs: 20.27 kg
baggage is on conveyor belt-------
---------baggage detected by sensor------------- 
Baggage weighs: 17.04 kg
baggage is on conveyor belt-------
---------baggage detected by sensor------------- 
Baggage weighs: 19.84 kg
baggage is on conveyor belt-------
---------baggage detected by sensor------------- 
Baggage weighs: 17.34 kg
baggage is on conveyor belt-------
---------baggage detected by sensor------------- 
Baggage weighs: 18.75 kg
baggage is on conveyor belt-------
---------baggage detected by sensor------------- 
Baggage weighs: 19.12 kg
baggage is on conveyor belt-------
---------baggage detected by sensor------------- 
Baggage weighs: 18.29 kg
baggage is on conveyor belt-------
---------baggage detected by sensor------------- 
Baggage weighs: 17.94 kg
baggage is on conveyor belt-------
---------baggage detected by sensor------------- 
Baggage weighs: 19.09 kg
baggage is on conveyor belt-------
---------baggage detected by sensor------------- 
Baggage weighs: 22.39 kg
baggage is on conveyor belt-------
---------baggage detected by sensor------------- 
Baggage weighs: 21.23 kg
baggage is on conveyor belt-------
---------baggage detected by sensor------------- 
Baggage weighs: 17.56 kg
baggage is on conveyor belt-------
---------baggage detected by sensor------------- 
Baggage weighs: 18.37 kg
baggage is on conveyor belt-------
---------baggage detected by sensor------------- 
Baggage weighs: 21.4 kg
baggage is on conveyor belt-------
---------baggage detected by sensor------------- 
Baggage weighs: 20.25 kg
baggage is on conveyor belt-------
---------baggage detected by sensor------------- 
Baggage weighs: 23.0 kg
baggage is on conveyor belt-------
---------baggage detected by sensor------------- 
Baggage weighs: 17.01 kg
baggage is on conveyor belt-------
---------baggage detected by sensor------------- 
Baggage weighs: 17.39 kg
baggage is on conveyor belt-------
---------baggage detected by sensor------------- 
Baggage weighs: 16.7 kg
baggage is on conveyor belt-------
---------baggage detected by sensor------------- 
Baggage weighs: 16.23 kg
baggage is on conveyor belt-------
---------baggage detected by sensor------------- 
Baggage weighs: 19.13 kg
baggage is on conveyor belt-------
---------baggage detected by sensor------------- 
Baggage weighs: 21.07 kg
baggage is on conveyor belt-------
---------baggage detected by sensor------------- 
Baggage weighs: 17.87 kg
baggage is on conveyor belt-------
---------baggage detected by sensor------------- 
Baggage weighs: 19.92 kg
baggage is on conveyor belt-------
---------baggage detected by sensor------------- 
Baggage weighs: 19.22 kg
baggage is on conveyor belt-------
---------baggage detected by sensor------------- 
Baggage weighs: 21.53 kg
baggage is on conveyor belt-------
---------baggage detected by sensor------------- 
Baggage weighs: 20.29 kg
baggage is on conveyor belt-------
---------baggage detected by sensor------------- 
Baggage weighs: 19.32 kg
baggage is on conveyor belt-------
---------baggage detected by sensor------------- 
Baggage weighs: 17.25 kg
baggage is on conveyor belt-------
---------baggage detected by sensor------------- 
Baggage weighs: 21.3 kg
baggage is on conveyor belt-------
---------baggage detected by sensor------------- 
Baggage weighs: 16.79 kg
baggage is on conveyor belt-------
---------baggage detected by sensor------------- 
Baggage weighs: 19.55 kg
baggage is on conveyor belt-------
---------baggage detected by sensor------------- 
Baggage weighs: 18.88 kg
baggage is on conveyor belt-------
---------baggage detected by sensor------------- 
Baggage weighs: 22.33 kg
baggage is on conveyor belt-------
---------baggage detected by sensor------------- 
Baggage weighs: 20.62 kg
baggage is on conveyor belt-------
---------baggage detected by sensor------------- 
Baggage weighs: 19.42 kg
baggage is on conveyor belt-------
---------baggage detected by sensor------------- 
Baggage weighs: 17.54 kg
baggage is on conveyor belt-------
---------baggage detected by sensor------------- 
Baggage weighs: 21.51 kg
baggage is on conveyor belt-------
---------baggage detected by sensor------------- 
Baggage weighs: 19.46 kg
baggage is on conveyor belt-------
---------baggage detected by sensor------------- 
Baggage weighs: 17.83 kg
baggage is on conveyor belt-------
---------baggage detected by sensor------------- 
Baggage weighs: 17.75 kg
baggage is on conveyor belt-------
---------baggage detected by sensor------------- 
Baggage weighs: 17.44 kg
baggage is on conveyor belt-------
---------baggage detected by sensor------------- 
Baggage weighs: 19.53 kg
baggage is on conveyor belt-------
---------baggage detected by sensor------------- 
Baggage weighs: 17.51 kg
baggage is on conveyor belt-------
---------baggage detected by sensor------------- 
Baggage weighs: 18.2 kg
baggage is on conveyor belt-------
---------baggage detected by sensor------------- 
Baggage weighs: 21.55 kg
Seat with ID: 25K has been reserved for you!

BOARDING PASS FOR JEROLD OCONNOR
-----------------------------------------------------------------------------
LUFTHANSA                      3xic8dv5rrp4m6e /  Jerold Oconnor
Jerold Oconnor                                     /  3xic8dv5rrp4m6e
FRA   LH2121   E  30.Oct                       /  FRA
HKG                                            /  HKG
SEAT ID: 25K                                   /  LH2121 E 30.Oct
SEQ: 100                                      / GATE: A05   22:00
MAX 1  HANDLUGGAGE/ LUGGAGE
-----------------------------------------------------------------------------
sorry Jerold Oconnor we have no voucher for you! Have a nice day!

---------------------------------------------------------------------------------------------------------------
scanning passport with passport id: F3V78CDN7
searching for ticket in fast bag drop database..............
Ticket found for Delmer Johnson and Flight LH2121
----searching flight seat for Delmer Johnson---------
Found a seat with ID 26A
Below details were found in database
------------------------------------------
Name: Delmer Johnson
Flight ID: LH2121
Source: FRA
Destination: HKG
Gate No: A05
Boarding time: 22:00
Ticket ID: 178vsok87rntf22
Booking Class: E
------------------------------------------

Proceed with check-in for flight LH2121 ?
Type YES to CHECK-IN or NO to cancel CHECK-IN
Delmer Johnson is deciding whether to check-in or to go back home and sleep............
YES CHECK-IN
Checking you in...............
baggage is on conveyor belt-------
---------baggage detected by sensor------------- 
Baggage weighs: 21.58 kg
baggage is on conveyor belt-------
---------baggage detected by sensor------------- 
Baggage weighs: 20.43 kg
baggage is on conveyor belt-------
---------baggage detected by sensor------------- 
Baggage weighs: 18.47 kg
baggage is on conveyor belt-------
---------baggage detected by sensor------------- 
Baggage weighs: 17.86 kg
baggage is on conveyor belt-------
---------baggage detected by sensor------------- 
Baggage weighs: 18.65 kg
baggage is on conveyor belt-------
---------baggage detected by sensor------------- 
Baggage weighs: 19.27 kg
baggage is on conveyor belt-------
---------baggage detected by sensor------------- 
Baggage weighs: 17.42 kg
baggage is on conveyor belt-------
---------baggage detected by sensor------------- 
Baggage weighs: 19.16 kg
baggage is on conveyor belt-------
---------baggage detected by sensor------------- 
Baggage weighs: 19.52 kg
baggage is on conveyor belt-------
---------baggage detected by sensor------------- 
Baggage weighs: 17.51 kg
baggage is on conveyor belt-------
---------baggage detected by sensor------------- 
Baggage weighs: 17.38 kg
baggage is on conveyor belt-------
---------baggage detected by sensor------------- 
Baggage weighs: 18.67 kg
baggage is on conveyor belt-------
---------baggage detected by sensor------------- 
Baggage weighs: 16.98 kg
baggage is on conveyor belt-------
---------baggage detected by sensor------------- 
Baggage weighs: 21.26 kg
baggage is on conveyor belt-------
---------baggage detected by sensor------------- 
Baggage weighs: 18.3 kg
baggage is on conveyor belt-------
---------baggage detected by sensor------------- 
Baggage weighs: 16.81 kg
baggage is on conveyor belt-------
---------baggage detected by sensor------------- 
Baggage weighs: 20.91 kg
baggage is on conveyor belt-------
---------baggage detected by sensor------------- 
Baggage weighs: 21.21 kg
baggage is on conveyor belt-------
---------baggage detected by sensor------------- 
Baggage weighs: 19.69 kg
baggage is on conveyor belt-------
---------baggage detected by sensor------------- 
Baggage weighs: 18.67 kg
baggage is on conveyor belt-------
---------baggage detected by sensor------------- 
Baggage weighs: 19.12 kg
baggage is on conveyor belt-------
---------baggage detected by sensor------------- 
Baggage weighs: 16.42 kg
baggage is on conveyor belt-------
---------baggage detected by sensor------------- 
Baggage weighs: 19.17 kg
baggage is on conveyor belt-------
---------baggage detected by sensor------------- 
Baggage weighs: 19.0 kg
baggage is on conveyor belt-------
---------baggage detected by sensor------------- 
Baggage weighs: 18.78 kg
baggage is on conveyor belt-------
---------baggage detected by sensor------------- 
Baggage weighs: 20.31 kg
baggage is on conveyor belt-------
---------baggage detected by sensor------------- 
Baggage weighs: 21.25 kg
baggage is on conveyor belt-------
---------baggage detected by sensor------------- 
Baggage weighs: 18.87 kg
baggage is on conveyor belt-------
---------baggage detected by sensor------------- 
Baggage weighs: 16.25 kg
baggage is on conveyor belt-------
---------baggage detected by sensor------------- 
Baggage weighs: 19.94 kg
baggage is on conveyor belt-------
---------baggage detected by sensor------------- 
Baggage weighs: 16.88 kg
baggage is on conveyor belt-------
---------baggage detected by sensor------------- 
Baggage weighs: 18.24 kg
baggage is on conveyor belt-------
---------baggage detected by sensor------------- 
Baggage weighs: 17.16 kg
baggage is on conveyor belt-------
---------baggage detected by sensor------------- 
Baggage weighs: 19.34 kg
baggage is on conveyor belt-------
---------baggage detected by sensor------------- 
Baggage weighs: 22.41 kg
baggage is on conveyor belt-------
---------baggage detected by sensor------------- 
Baggage weighs: 20.47 kg
baggage is on conveyor belt-------
---------baggage detected by sensor------------- 
Baggage weighs: 18.81 kg
baggage is on conveyor belt-------
---------baggage detected by sensor------------- 
Baggage weighs: 18.56 kg
baggage is on conveyor belt-------
---------baggage detected by sensor------------- 
Baggage weighs: 17.77 kg
baggage is on conveyor belt-------
---------baggage detected by sensor------------- 
Baggage weighs: 19.32 kg
baggage is on conveyor belt-------
---------baggage detected by sensor------------- 
Baggage weighs: 19.21 kg
baggage is on conveyor belt-------
---------baggage detected by sensor------------- 
Baggage weighs: 19.13 kg
baggage is on conveyor belt-------
---------baggage detected by sensor------------- 
Baggage weighs: 20.39 kg
baggage is on conveyor belt-------
---------baggage detected by sensor------------- 
Baggage weighs: 21.03 kg
baggage is on conveyor belt-------
---------baggage detected by sensor------------- 
Baggage weighs: 20.05 kg
baggage is on conveyor belt-------
---------baggage detected by sensor------------- 
Baggage weighs: 21.92 kg
baggage is on conveyor belt-------
---------baggage detected by sensor------------- 
Baggage weighs: 19.37 kg
baggage is on conveyor belt-------
---------baggage detected by sensor------------- 
Baggage weighs: 20.35 kg
baggage is on conveyor belt-------
---------baggage detected by sensor------------- 
Baggage weighs: 18.73 kg
baggage is on conveyor belt-------
---------baggage detected by sensor------------- 
Baggage weighs: 20.33 kg
baggage is on conveyor belt-------
---------baggage detected by sensor------------- 
Baggage weighs: 22.01 kg
baggage is on conveyor belt-------
---------baggage detected by sensor------------- 
Baggage weighs: 19.27 kg
baggage is on conveyor belt-------
---------baggage detected by sensor------------- 
Baggage weighs: 21.18 kg
baggage is on conveyor belt-------
---------baggage detected by sensor------------- 
Baggage weighs: 17.16 kg
baggage is on conveyor belt-------
---------baggage detected by sensor------------- 
Baggage weighs: 20.04 kg
baggage is on conveyor belt-------
---------baggage detected by sensor------------- 
Baggage weighs: 20.91 kg
baggage is on conveyor belt-------
---------baggage detected by sensor------------- 
Baggage weighs: 20.3 kg
baggage is on conveyor belt-------
---------baggage detected by sensor------------- 
Baggage weighs: 20.38 kg
baggage is on conveyor belt-------
---------baggage detected by sensor------------- 
Baggage weighs: 16.54 kg
baggage is on conveyor belt-------
---------baggage detected by sensor------------- 
Baggage weighs: 18.87 kg
baggage is on conveyor belt-------
---------baggage detected by sensor------------- 
Baggage weighs: 20.22 kg
baggage is on conveyor belt-------
---------baggage detected by sensor------------- 
Baggage weighs: 20.75 kg
baggage is on conveyor belt-------
---------baggage detected by sensor------------- 
Baggage weighs: 17.4 kg
baggage is on conveyor belt-------
---------baggage detected by sensor------------- 
Baggage weighs: 20.27 kg
baggage is on conveyor belt-------
---------baggage detected by sensor------------- 
Baggage weighs: 17.04 kg
baggage is on conveyor belt-------
---------baggage detected by sensor------------- 
Baggage weighs: 19.84 kg
baggage is on conveyor belt-------
---------baggage detected by sensor------------- 
Baggage weighs: 17.34 kg
baggage is on conveyor belt-------
---------baggage detected by sensor------------- 
Baggage weighs: 18.75 kg
baggage is on conveyor belt-------
---------baggage detected by sensor------------- 
Baggage weighs: 19.12 kg
baggage is on conveyor belt-------
---------baggage detected by sensor------------- 
Baggage weighs: 18.29 kg
baggage is on conveyor belt-------
---------baggage detected by sensor------------- 
Baggage weighs: 17.94 kg
baggage is on conveyor belt-------
---------baggage detected by sensor------------- 
Baggage weighs: 19.09 kg
baggage is on conveyor belt-------
---------baggage detected by sensor------------- 
Baggage weighs: 22.39 kg
baggage is on conveyor belt-------
---------baggage detected by sensor------------- 
Baggage weighs: 21.23 kg
baggage is on conveyor belt-------
---------baggage detected by sensor------------- 
Baggage weighs: 17.56 kg
baggage is on conveyor belt-------
---------baggage detected by sensor------------- 
Baggage weighs: 18.37 kg
baggage is on conveyor belt-------
---------baggage detected by sensor------------- 
Baggage weighs: 21.4 kg
baggage is on conveyor belt-------
---------baggage detected by sensor------------- 
Baggage weighs: 20.25 kg
baggage is on conveyor belt-------
---------baggage detected by sensor------------- 
Baggage weighs: 23.0 kg
baggage is on conveyor belt-------
---------baggage detected by sensor------------- 
Baggage weighs: 17.01 kg
baggage is on conveyor belt-------
---------baggage detected by sensor------------- 
Baggage weighs: 17.39 kg
baggage is on conveyor belt-------
---------baggage detected by sensor------------- 
Baggage weighs: 16.7 kg
baggage is on conveyor belt-------
---------baggage detected by sensor------------- 
Baggage weighs: 16.23 kg
baggage is on conveyor belt-------
---------baggage detected by sensor------------- 
Baggage weighs: 19.13 kg
baggage is on conveyor belt-------
---------baggage detected by sensor------------- 
Baggage weighs: 21.07 kg
baggage is on conveyor belt-------
---------baggage detected by sensor------------- 
Baggage weighs: 17.87 kg
baggage is on conveyor belt-------
---------baggage detected by sensor------------- 
Baggage weighs: 19.92 kg
baggage is on conveyor belt-------
---------baggage detected by sensor------------- 
Baggage weighs: 19.22 kg
baggage is on conveyor belt-------
---------baggage detected by sensor------------- 
Baggage weighs: 21.53 kg
baggage is on conveyor belt-------
---------baggage detected by sensor------------- 
Baggage weighs: 20.29 kg
baggage is on conveyor belt-------
---------baggage detected by sensor------------- 
Baggage weighs: 19.32 kg
baggage is on conveyor belt-------
---------baggage detected by sensor------------- 
Baggage weighs: 17.25 kg
baggage is on conveyor belt-------
---------baggage detected by sensor------------- 
Baggage weighs: 21.3 kg
baggage is on conveyor belt-------
---------baggage detected by sensor------------- 
Baggage weighs: 16.79 kg
baggage is on conveyor belt-------
---------baggage detected by sensor------------- 
Baggage weighs: 19.55 kg
baggage is on conveyor belt-------
---------baggage detected by sensor------------- 
Baggage weighs: 18.88 kg
baggage is on conveyor belt-------
---------baggage detected by sensor------------- 
Baggage weighs: 22.33 kg
baggage is on conveyor belt-------
---------baggage detected by sensor------------- 
Baggage weighs: 20.62 kg
baggage is on conveyor belt-------
---------baggage detected by sensor------------- 
Baggage weighs: 19.42 kg
baggage is on conveyor belt-------
---------baggage detected by sensor------------- 
Baggage weighs: 17.54 kg
baggage is on conveyor belt-------
---------baggage detected by sensor------------- 
Baggage weighs: 21.51 kg
baggage is on conveyor belt-------
---------baggage detected by sensor------------- 
Baggage weighs: 19.46 kg
baggage is on conveyor belt-------
---------baggage detected by sensor------------- 
Baggage weighs: 17.83 kg
baggage is on conveyor belt-------
---------baggage detected by sensor------------- 
Baggage weighs: 17.75 kg
baggage is on conveyor belt-------
---------baggage detected by sensor------------- 
Baggage weighs: 17.44 kg
baggage is on conveyor belt-------
---------baggage detected by sensor------------- 
Baggage weighs: 19.53 kg
baggage is on conveyor belt-------
---------baggage detected by sensor------------- 
Baggage weighs: 17.51 kg
baggage is on conveyor belt-------
---------baggage detected by sensor------------- 
Baggage weighs: 18.2 kg
baggage is on conveyor belt-------
---------baggage detected by sensor------------- 
Baggage weighs: 21.55 kg
baggage is on conveyor belt-------
---------baggage detected by sensor------------- 
Baggage weighs: 19.67 kg
Seat with ID: 26A has been reserved for you!

BOARDING PASS FOR DELMER JOHNSON
-----------------------------------------------------------------------------
LUFTHANSA                      178vsok87rntf22 /  Delmer Johnson
Delmer Johnson                                     /  178vsok87rntf22
FRA   LH2121   E  30.Oct                       /  FRA
HKG                                            /  HKG
SEAT ID: 26A                                   /  LH2121 E 30.Oct
SEQ: 101                                      / GATE: A05   22:00
MAX 1  HANDLUGGAGE/ LUGGAGE
-----------------------------------------------------------------------------
sorry Delmer Johnson we have no voucher for you! Have a nice day!

---------------------------------------------------------------------------------------------------------------
scanning passport with passport id: ADKMSUOEG
searching for ticket in fast bag drop database..............
Ticket found for Rodney Donaldson and Flight LH2121
----searching flight seat for Rodney Donaldson---------
Found a seat with ID 26B
Below details were found in database
------------------------------------------
Name: Rodney Donaldson
Flight ID: LH2121
Source: FRA
Destination: HKG
Gate No: A05
Boarding time: 22:00
Ticket ID: 7ifby6qv72zpauo
Booking Class: E
------------------------------------------

Proceed with check-in for flight LH2121 ?
Type YES to CHECK-IN or NO to cancel CHECK-IN
Rodney Donaldson is deciding whether to check-in or to go back home and sleep............
YES CHECK-IN
Checking you in...............
baggage is on conveyor belt-------
---------baggage detected by sensor------------- 
Baggage weighs: 21.58 kg
baggage is on conveyor belt-------
---------baggage detected by sensor------------- 
Baggage weighs: 20.43 kg
baggage is on conveyor belt-------
---------baggage detected by sensor------------- 
Baggage weighs: 18.47 kg
baggage is on conveyor belt-------
---------baggage detected by sensor------------- 
Baggage weighs: 17.86 kg
baggage is on conveyor belt-------
---------baggage detected by sensor------------- 
Baggage weighs: 18.65 kg
baggage is on conveyor belt-------
---------baggage detected by sensor------------- 
Baggage weighs: 19.27 kg
baggage is on conveyor belt-------
---------baggage detected by sensor------------- 
Baggage weighs: 17.42 kg
baggage is on conveyor belt-------
---------baggage detected by sensor------------- 
Baggage weighs: 19.16 kg
baggage is on conveyor belt-------
---------baggage detected by sensor------------- 
Baggage weighs: 19.52 kg
baggage is on conveyor belt-------
---------baggage detected by sensor------------- 
Baggage weighs: 17.51 kg
baggage is on conveyor belt-------
---------baggage detected by sensor------------- 
Baggage weighs: 17.38 kg
baggage is on conveyor belt-------
---------baggage detected by sensor------------- 
Baggage weighs: 18.67 kg
baggage is on conveyor belt-------
---------baggage detected by sensor------------- 
Baggage weighs: 16.98 kg
baggage is on conveyor belt-------
---------baggage detected by sensor------------- 
Baggage weighs: 21.26 kg
baggage is on conveyor belt-------
---------baggage detected by sensor------------- 
Baggage weighs: 18.3 kg
baggage is on conveyor belt-------
---------baggage detected by sensor------------- 
Baggage weighs: 16.81 kg
baggage is on conveyor belt-------
---------baggage detected by sensor------------- 
Baggage weighs: 20.91 kg
baggage is on conveyor belt-------
---------baggage detected by sensor------------- 
Baggage weighs: 21.21 kg
baggage is on conveyor belt-------
---------baggage detected by sensor------------- 
Baggage weighs: 19.69 kg
baggage is on conveyor belt-------
---------baggage detected by sensor------------- 
Baggage weighs: 18.67 kg
baggage is on conveyor belt-------
---------baggage detected by sensor------------- 
Baggage weighs: 19.12 kg
baggage is on conveyor belt-------
---------baggage detected by sensor------------- 
Baggage weighs: 16.42 kg
baggage is on conveyor belt-------
---------baggage detected by sensor------------- 
Baggage weighs: 19.17 kg
baggage is on conveyor belt-------
---------baggage detected by sensor------------- 
Baggage weighs: 19.0 kg
baggage is on conveyor belt-------
---------baggage detected by sensor------------- 
Baggage weighs: 18.78 kg
baggage is on conveyor belt-------
---------baggage detected by sensor------------- 
Baggage weighs: 20.31 kg
baggage is on conveyor belt-------
---------baggage detected by sensor------------- 
Baggage weighs: 21.25 kg
baggage is on conveyor belt-------
---------baggage detected by sensor------------- 
Baggage weighs: 18.87 kg
baggage is on conveyor belt-------
---------baggage detected by sensor------------- 
Baggage weighs: 16.25 kg
baggage is on conveyor belt-------
---------baggage detected by sensor------------- 
Baggage weighs: 19.94 kg
baggage is on conveyor belt-------
---------baggage detected by sensor------------- 
Baggage weighs: 16.88 kg
baggage is on conveyor belt-------
---------baggage detected by sensor------------- 
Baggage weighs: 18.24 kg
baggage is on conveyor belt-------
---------baggage detected by sensor------------- 
Baggage weighs: 17.16 kg
baggage is on conveyor belt-------
---------baggage detected by sensor------------- 
Baggage weighs: 19.34 kg
baggage is on conveyor belt-------
---------baggage detected by sensor------------- 
Baggage weighs: 22.41 kg
baggage is on conveyor belt-------
---------baggage detected by sensor------------- 
Baggage weighs: 20.47 kg
baggage is on conveyor belt-------
---------baggage detected by sensor------------- 
Baggage weighs: 18.81 kg
baggage is on conveyor belt-------
---------baggage detected by sensor------------- 
Baggage weighs: 18.56 kg
baggage is on conveyor belt-------
---------baggage detected by sensor------------- 
Baggage weighs: 17.77 kg
baggage is on conveyor belt-------
---------baggage detected by sensor------------- 
Baggage weighs: 19.32 kg
baggage is on conveyor belt-------
---------baggage detected by sensor------------- 
Baggage weighs: 19.21 kg
baggage is on conveyor belt-------
---------baggage detected by sensor------------- 
Baggage weighs: 19.13 kg
baggage is on conveyor belt-------
---------baggage detected by sensor------------- 
Baggage weighs: 20.39 kg
baggage is on conveyor belt-------
---------baggage detected by sensor------------- 
Baggage weighs: 21.03 kg
baggage is on conveyor belt-------
---------baggage detected by sensor------------- 
Baggage weighs: 20.05 kg
baggage is on conveyor belt-------
---------baggage detected by sensor------------- 
Baggage weighs: 21.92 kg
baggage is on conveyor belt-------
---------baggage detected by sensor------------- 
Baggage weighs: 19.37 kg
baggage is on conveyor belt-------
---------baggage detected by sensor------------- 
Baggage weighs: 20.35 kg
baggage is on conveyor belt-------
---------baggage detected by sensor------------- 
Baggage weighs: 18.73 kg
baggage is on conveyor belt-------
---------baggage detected by sensor------------- 
Baggage weighs: 20.33 kg
baggage is on conveyor belt-------
---------baggage detected by sensor------------- 
Baggage weighs: 22.01 kg
baggage is on conveyor belt-------
---------baggage detected by sensor------------- 
Baggage weighs: 19.27 kg
baggage is on conveyor belt-------
---------baggage detected by sensor------------- 
Baggage weighs: 21.18 kg
baggage is on conveyor belt-------
---------baggage detected by sensor------------- 
Baggage weighs: 17.16 kg
baggage is on conveyor belt-------
---------baggage detected by sensor------------- 
Baggage weighs: 20.04 kg
baggage is on conveyor belt-------
---------baggage detected by sensor------------- 
Baggage weighs: 20.91 kg
baggage is on conveyor belt-------
---------baggage detected by sensor------------- 
Baggage weighs: 20.3 kg
baggage is on conveyor belt-------
---------baggage detected by sensor------------- 
Baggage weighs: 20.38 kg
baggage is on conveyor belt-------
---------baggage detected by sensor------------- 
Baggage weighs: 16.54 kg
baggage is on conveyor belt-------
---------baggage detected by sensor------------- 
Baggage weighs: 18.87 kg
baggage is on conveyor belt-------
---------baggage detected by sensor------------- 
Baggage weighs: 20.22 kg
baggage is on conveyor belt-------
---------baggage detected by sensor------------- 
Baggage weighs: 20.75 kg
baggage is on conveyor belt-------
---------baggage detected by sensor------------- 
Baggage weighs: 17.4 kg
baggage is on conveyor belt-------
---------baggage detected by sensor------------- 
Baggage weighs: 20.27 kg
baggage is on conveyor belt-------
---------baggage detected by sensor------------- 
Baggage weighs: 17.04 kg
baggage is on conveyor belt-------
---------baggage detected by sensor------------- 
Baggage weighs: 19.84 kg
baggage is on conveyor belt-------
---------baggage detected by sensor------------- 
Baggage weighs: 17.34 kg
baggage is on conveyor belt-------
---------baggage detected by sensor------------- 
Baggage weighs: 18.75 kg
baggage is on conveyor belt-------
---------baggage detected by sensor------------- 
Baggage weighs: 19.12 kg
baggage is on conveyor belt-------
---------baggage detected by sensor------------- 
Baggage weighs: 18.29 kg
baggage is on conveyor belt-------
---------baggage detected by sensor------------- 
Baggage weighs: 17.94 kg
baggage is on conveyor belt-------
---------baggage detected by sensor------------- 
Baggage weighs: 19.09 kg
baggage is on conveyor belt-------
---------baggage detected by sensor------------- 
Baggage weighs: 22.39 kg
baggage is on conveyor belt-------
---------baggage detected by sensor------------- 
Baggage weighs: 21.23 kg
baggage is on conveyor belt-------
---------baggage detected by sensor------------- 
Baggage weighs: 17.56 kg
baggage is on conveyor belt-------
---------baggage detected by sensor------------- 
Baggage weighs: 18.37 kg
baggage is on conveyor belt-------
---------baggage detected by sensor------------- 
Baggage weighs: 21.4 kg
baggage is on conveyor belt-------
---------baggage detected by sensor------------- 
Baggage weighs: 20.25 kg
baggage is on conveyor belt-------
---------baggage detected by sensor------------- 
Baggage weighs: 23.0 kg
baggage is on conveyor belt-------
---------baggage detected by sensor------------- 
Baggage weighs: 17.01 kg
baggage is on conveyor belt-------
---------baggage detected by sensor------------- 
Baggage weighs: 17.39 kg
baggage is on conveyor belt-------
---------baggage detected by sensor------------- 
Baggage weighs: 16.7 kg
baggage is on conveyor belt-------
---------baggage detected by sensor------------- 
Baggage weighs: 16.23 kg
baggage is on conveyor belt-------
---------baggage detected by sensor------------- 
Baggage weighs: 19.13 kg
baggage is on conveyor belt-------
---------baggage detected by sensor------------- 
Baggage weighs: 21.07 kg
baggage is on conveyor belt-------
---------baggage detected by sensor------------- 
Baggage weighs: 17.87 kg
baggage is on conveyor belt-------
---------baggage detected by sensor------------- 
Baggage weighs: 19.92 kg
baggage is on conveyor belt-------
---------baggage detected by sensor------------- 
Baggage weighs: 19.22 kg
baggage is on conveyor belt-------
---------baggage detected by sensor------------- 
Baggage weighs: 21.53 kg
baggage is on conveyor belt-------
---------baggage detected by sensor------------- 
Baggage weighs: 20.29 kg
baggage is on conveyor belt-------
---------baggage detected by sensor------------- 
Baggage weighs: 19.32 kg
baggage is on conveyor belt-------
---------baggage detected by sensor------------- 
Baggage weighs: 17.25 kg
baggage is on conveyor belt-------
---------baggage detected by sensor------------- 
Baggage weighs: 21.3 kg
baggage is on conveyor belt-------
---------baggage detected by sensor------------- 
Baggage weighs: 16.79 kg
baggage is on conveyor belt-------
---------baggage detected by sensor------------- 
Baggage weighs: 19.55 kg
baggage is on conveyor belt-------
---------baggage detected by sensor------------- 
Baggage weighs: 18.88 kg
baggage is on conveyor belt-------
---------baggage detected by sensor------------- 
Baggage weighs: 22.33 kg
baggage is on conveyor belt-------
---------baggage detected by sensor------------- 
Baggage weighs: 20.62 kg
baggage is on conveyor belt-------
---------baggage detected by sensor------------- 
Baggage weighs: 19.42 kg
baggage is on conveyor belt-------
---------baggage detected by sensor------------- 
Baggage weighs: 17.54 kg
baggage is on conveyor belt-------
---------baggage detected by sensor------------- 
Baggage weighs: 21.51 kg
baggage is on conveyor belt-------
---------baggage detected by sensor------------- 
Baggage weighs: 19.46 kg
baggage is on conveyor belt-------
---------baggage detected by sensor------------- 
Baggage weighs: 17.83 kg
baggage is on conveyor belt-------
---------baggage detected by sensor------------- 
Baggage weighs: 17.75 kg
baggage is on conveyor belt-------
---------baggage detected by sensor------------- 
Baggage weighs: 17.44 kg
baggage is on conveyor belt-------
---------baggage detected by sensor------------- 
Baggage weighs: 19.53 kg
baggage is on conveyor belt-------
---------baggage detected by sensor------------- 
Baggage weighs: 17.51 kg
baggage is on conveyor belt-------
---------baggage detected by sensor------------- 
Baggage weighs: 18.2 kg
baggage is on conveyor belt-------
---------baggage detected by sensor------------- 
Baggage weighs: 21.55 kg
baggage is on conveyor belt-------
---------baggage detected by sensor------------- 
Baggage weighs: 19.67 kg
baggage is on conveyor belt-------
---------baggage detected by sensor------------- 
Baggage weighs: 19.52 kg
Seat with ID: 26B has been reserved for you!

BOARDING PASS FOR RODNEY DONALDSON
-----------------------------------------------------------------------------
LUFTHANSA                      7ifby6qv72zpauo /  Rodney Donaldson
Rodney Donaldson                                     /  7ifby6qv72zpauo
FRA   LH2121   E  30.Oct                       /  FRA
HKG                                            /  HKG
SEAT ID: 26B                                   /  LH2121 E 30.Oct
SEQ: 102                                      / GATE: A05   22:00
MAX 1  HANDLUGGAGE/ LUGGAGE
-----------------------------------------------------------------------------
sorry Rodney Donaldson we have no voucher for you! Have a nice day!

---------------------------------------------------------------------------------------------------------------
scanning passport with passport id: H06IAPXK9
searching for ticket in fast bag drop database..............
Ticket found for Paris Chen and Flight LH2121
----searching flight seat for Paris Chen---------
Found a seat with ID 26C
Below details were found in database
------------------------------------------
Name: Paris Chen
Flight ID: LH2121
Source: FRA
Destination: HKG
Gate No: A05
Boarding time: 22:00
Ticket ID: mqjtq4fk7utikxx
Booking Class: E
------------------------------------------

Proceed with check-in for flight LH2121 ?
Type YES to CHECK-IN or NO to cancel CHECK-IN
Paris Chen is deciding whether to check-in or to go back home and sleep............
YES CHECK-IN
Checking you in...............
baggage is on conveyor belt-------
---------baggage detected by sensor------------- 
Baggage weighs: 21.58 kg
baggage is on conveyor belt-------
---------baggage detected by sensor------------- 
Baggage weighs: 20.43 kg
baggage is on conveyor belt-------
---------baggage detected by sensor------------- 
Baggage weighs: 18.47 kg
baggage is on conveyor belt-------
---------baggage detected by sensor------------- 
Baggage weighs: 17.86 kg
baggage is on conveyor belt-------
---------baggage detected by sensor------------- 
Baggage weighs: 18.65 kg
baggage is on conveyor belt-------
---------baggage detected by sensor------------- 
Baggage weighs: 19.27 kg
baggage is on conveyor belt-------
---------baggage detected by sensor------------- 
Baggage weighs: 17.42 kg
baggage is on conveyor belt-------
---------baggage detected by sensor------------- 
Baggage weighs: 19.16 kg
baggage is on conveyor belt-------
---------baggage detected by sensor------------- 
Baggage weighs: 19.52 kg
baggage is on conveyor belt-------
---------baggage detected by sensor------------- 
Baggage weighs: 17.51 kg
baggage is on conveyor belt-------
---------baggage detected by sensor------------- 
Baggage weighs: 17.38 kg
baggage is on conveyor belt-------
---------baggage detected by sensor------------- 
Baggage weighs: 18.67 kg
baggage is on conveyor belt-------
---------baggage detected by sensor------------- 
Baggage weighs: 16.98 kg
baggage is on conveyor belt-------
---------baggage detected by sensor------------- 
Baggage weighs: 21.26 kg
baggage is on conveyor belt-------
---------baggage detected by sensor------------- 
Baggage weighs: 18.3 kg
baggage is on conveyor belt-------
---------baggage detected by sensor------------- 
Baggage weighs: 16.81 kg
baggage is on conveyor belt-------
---------baggage detected by sensor------------- 
Baggage weighs: 20.91 kg
baggage is on conveyor belt-------
---------baggage detected by sensor------------- 
Baggage weighs: 21.21 kg
baggage is on conveyor belt-------
---------baggage detected by sensor------------- 
Baggage weighs: 19.69 kg
baggage is on conveyor belt-------
---------baggage detected by sensor------------- 
Baggage weighs: 18.67 kg
baggage is on conveyor belt-------
---------baggage detected by sensor------------- 
Baggage weighs: 19.12 kg
baggage is on conveyor belt-------
---------baggage detected by sensor------------- 
Baggage weighs: 16.42 kg
baggage is on conveyor belt-------
---------baggage detected by sensor------------- 
Baggage weighs: 19.17 kg
baggage is on conveyor belt-------
---------baggage detected by sensor------------- 
Baggage weighs: 19.0 kg
baggage is on conveyor belt-------
---------baggage detected by sensor------------- 
Baggage weighs: 18.78 kg
baggage is on conveyor belt-------
---------baggage detected by sensor------------- 
Baggage weighs: 20.31 kg
baggage is on conveyor belt-------
---------baggage detected by sensor------------- 
Baggage weighs: 21.25 kg
baggage is on conveyor belt-------
---------baggage detected by sensor------------- 
Baggage weighs: 18.87 kg
baggage is on conveyor belt-------
---------baggage detected by sensor------------- 
Baggage weighs: 16.25 kg
baggage is on conveyor belt-------
---------baggage detected by sensor------------- 
Baggage weighs: 19.94 kg
baggage is on conveyor belt-------
---------baggage detected by sensor------------- 
Baggage weighs: 16.88 kg
baggage is on conveyor belt-------
---------baggage detected by sensor------------- 
Baggage weighs: 18.24 kg
baggage is on conveyor belt-------
---------baggage detected by sensor------------- 
Baggage weighs: 17.16 kg
baggage is on conveyor belt-------
---------baggage detected by sensor------------- 
Baggage weighs: 19.34 kg
baggage is on conveyor belt-------
---------baggage detected by sensor------------- 
Baggage weighs: 22.41 kg
baggage is on conveyor belt-------
---------baggage detected by sensor------------- 
Baggage weighs: 20.47 kg
baggage is on conveyor belt-------
---------baggage detected by sensor------------- 
Baggage weighs: 18.81 kg
baggage is on conveyor belt-------
---------baggage detected by sensor------------- 
Baggage weighs: 18.56 kg
baggage is on conveyor belt-------
---------baggage detected by sensor------------- 
Baggage weighs: 17.77 kg
baggage is on conveyor belt-------
---------baggage detected by sensor------------- 
Baggage weighs: 19.32 kg
baggage is on conveyor belt-------
---------baggage detected by sensor------------- 
Baggage weighs: 19.21 kg
baggage is on conveyor belt-------
---------baggage detected by sensor------------- 
Baggage weighs: 19.13 kg
baggage is on conveyor belt-------
---------baggage detected by sensor------------- 
Baggage weighs: 20.39 kg
baggage is on conveyor belt-------
---------baggage detected by sensor------------- 
Baggage weighs: 21.03 kg
baggage is on conveyor belt-------
---------baggage detected by sensor------------- 
Baggage weighs: 20.05 kg
baggage is on conveyor belt-------
---------baggage detected by sensor------------- 
Baggage weighs: 21.92 kg
baggage is on conveyor belt-------
---------baggage detected by sensor------------- 
Baggage weighs: 19.37 kg
baggage is on conveyor belt-------
---------baggage detected by sensor------------- 
Baggage weighs: 20.35 kg
baggage is on conveyor belt-------
---------baggage detected by sensor------------- 
Baggage weighs: 18.73 kg
baggage is on conveyor belt-------
---------baggage detected by sensor------------- 
Baggage weighs: 20.33 kg
baggage is on conveyor belt-------
---------baggage detected by sensor------------- 
Baggage weighs: 22.01 kg
baggage is on conveyor belt-------
---------baggage detected by sensor------------- 
Baggage weighs: 19.27 kg
baggage is on conveyor belt-------
---------baggage detected by sensor------------- 
Baggage weighs: 21.18 kg
baggage is on conveyor belt-------
---------baggage detected by sensor------------- 
Baggage weighs: 17.16 kg
baggage is on conveyor belt-------
---------baggage detected by sensor------------- 
Baggage weighs: 20.04 kg
baggage is on conveyor belt-------
---------baggage detected by sensor------------- 
Baggage weighs: 20.91 kg
baggage is on conveyor belt-------
---------baggage detected by sensor------------- 
Baggage weighs: 20.3 kg
baggage is on conveyor belt-------
---------baggage detected by sensor------------- 
Baggage weighs: 20.38 kg
baggage is on conveyor belt-------
---------baggage detected by sensor------------- 
Baggage weighs: 16.54 kg
baggage is on conveyor belt-------
---------baggage detected by sensor------------- 
Baggage weighs: 18.87 kg
baggage is on conveyor belt-------
---------baggage detected by sensor------------- 
Baggage weighs: 20.22 kg
baggage is on conveyor belt-------
---------baggage detected by sensor------------- 
Baggage weighs: 20.75 kg
baggage is on conveyor belt-------
---------baggage detected by sensor------------- 
Baggage weighs: 17.4 kg
baggage is on conveyor belt-------
---------baggage detected by sensor------------- 
Baggage weighs: 20.27 kg
baggage is on conveyor belt-------
---------baggage detected by sensor------------- 
Baggage weighs: 17.04 kg
baggage is on conveyor belt-------
---------baggage detected by sensor------------- 
Baggage weighs: 19.84 kg
baggage is on conveyor belt-------
---------baggage detected by sensor------------- 
Baggage weighs: 17.34 kg
baggage is on conveyor belt-------
---------baggage detected by sensor------------- 
Baggage weighs: 18.75 kg
baggage is on conveyor belt-------
---------baggage detected by sensor------------- 
Baggage weighs: 19.12 kg
baggage is on conveyor belt-------
---------baggage detected by sensor------------- 
Baggage weighs: 18.29 kg
baggage is on conveyor belt-------
---------baggage detected by sensor------------- 
Baggage weighs: 17.94 kg
baggage is on conveyor belt-------
---------baggage detected by sensor------------- 
Baggage weighs: 19.09 kg
baggage is on conveyor belt-------
---------baggage detected by sensor------------- 
Baggage weighs: 22.39 kg
baggage is on conveyor belt-------
---------baggage detected by sensor------------- 
Baggage weighs: 21.23 kg
baggage is on conveyor belt-------
---------baggage detected by sensor------------- 
Baggage weighs: 17.56 kg
baggage is on conveyor belt-------
---------baggage detected by sensor------------- 
Baggage weighs: 18.37 kg
baggage is on conveyor belt-------
---------baggage detected by sensor------------- 
Baggage weighs: 21.4 kg
baggage is on conveyor belt-------
---------baggage detected by sensor------------- 
Baggage weighs: 20.25 kg
baggage is on conveyor belt-------
---------baggage detected by sensor------------- 
Baggage weighs: 23.0 kg
baggage is on conveyor belt-------
---------baggage detected by sensor------------- 
Baggage weighs: 17.01 kg
baggage is on conveyor belt-------
---------baggage detected by sensor------------- 
Baggage weighs: 17.39 kg
baggage is on conveyor belt-------
---------baggage detected by sensor------------- 
Baggage weighs: 16.7 kg
baggage is on conveyor belt-------
---------baggage detected by sensor------------- 
Baggage weighs: 16.23 kg
baggage is on conveyor belt-------
---------baggage detected by sensor------------- 
Baggage weighs: 19.13 kg
baggage is on conveyor belt-------
---------baggage detected by sensor------------- 
Baggage weighs: 21.07 kg
baggage is on conveyor belt-------
---------baggage detected by sensor------------- 
Baggage weighs: 17.87 kg
baggage is on conveyor belt-------
---------baggage detected by sensor------------- 
Baggage weighs: 19.92 kg
baggage is on conveyor belt-------
---------baggage detected by sensor------------- 
Baggage weighs: 19.22 kg
baggage is on conveyor belt-------
---------baggage detected by sensor------------- 
Baggage weighs: 21.53 kg
baggage is on conveyor belt-------
---------baggage detected by sensor------------- 
Baggage weighs: 20.29 kg
baggage is on conveyor belt-------
---------baggage detected by sensor------------- 
Baggage weighs: 19.32 kg
baggage is on conveyor belt-------
---------baggage detected by sensor------------- 
Baggage weighs: 17.25 kg
baggage is on conveyor belt-------
---------baggage detected by sensor------------- 
Baggage weighs: 21.3 kg
baggage is on conveyor belt-------
---------baggage detected by sensor------------- 
Baggage weighs: 16.79 kg
baggage is on conveyor belt-------
---------baggage detected by sensor------------- 
Baggage weighs: 19.55 kg
baggage is on conveyor belt-------
---------baggage detected by sensor------------- 
Baggage weighs: 18.88 kg
baggage is on conveyor belt-------
---------baggage detected by sensor------------- 
Baggage weighs: 22.33 kg
baggage is on conveyor belt-------
---------baggage detected by sensor------------- 
Baggage weighs: 20.62 kg
baggage is on conveyor belt-------
---------baggage detected by sensor------------- 
Baggage weighs: 19.42 kg
baggage is on conveyor belt-------
---------baggage detected by sensor------------- 
Baggage weighs: 17.54 kg
baggage is on conveyor belt-------
---------baggage detected by sensor------------- 
Baggage weighs: 21.51 kg
baggage is on conveyor belt-------
---------baggage detected by sensor------------- 
Baggage weighs: 19.46 kg
baggage is on conveyor belt-------
---------baggage detected by sensor------------- 
Baggage weighs: 17.83 kg
baggage is on conveyor belt-------
---------baggage detected by sensor------------- 
Baggage weighs: 17.75 kg
baggage is on conveyor belt-------
---------baggage detected by sensor------------- 
Baggage weighs: 17.44 kg
baggage is on conveyor belt-------
---------baggage detected by sensor------------- 
Baggage weighs: 19.53 kg
baggage is on conveyor belt-------
---------baggage detected by sensor------------- 
Baggage weighs: 17.51 kg
baggage is on conveyor belt-------
---------baggage detected by sensor------------- 
Baggage weighs: 18.2 kg
baggage is on conveyor belt-------
---------baggage detected by sensor------------- 
Baggage weighs: 21.55 kg
baggage is on conveyor belt-------
---------baggage detected by sensor------------- 
Baggage weighs: 19.67 kg
baggage is on conveyor belt-------
---------baggage detected by sensor------------- 
Baggage weighs: 19.52 kg
baggage is on conveyor belt-------
---------baggage detected by sensor------------- 
Baggage weighs: 21.06 kg
Seat with ID: 26C has been reserved for you!

BOARDING PASS FOR PARIS CHEN
-----------------------------------------------------------------------------
LUFTHANSA                      mqjtq4fk7utikxx /  Paris Chen
Paris Chen                                     /  mqjtq4fk7utikxx
FRA   LH2121   E  30.Oct                       /  FRA
HKG                                            /  HKG
SEAT ID: 26C                                   /  LH2121 E 30.Oct
SEQ: 103                                      / GATE: A05   22:00
MAX 1  HANDLUGGAGE/ LUGGAGE
-----------------------------------------------------------------------------
sorry Paris Chen we have no voucher for you! Have a nice day!

---------------------------------------------------------------------------------------------------------------
scanning passport with passport id: CPOUF1EBT
searching for ticket in fast bag drop database..............
Ticket found for Billy Salas and Flight LH2121
----searching flight seat for Billy Salas---------
Found a seat with ID 26D
Below details were found in database
------------------------------------------
Name: Billy Salas
Flight ID: LH2121
Source: FRA
Destination: HKG
Gate No: A05
Boarding time: 22:00
Ticket ID: y1vbk3omun7ckva
Booking Class: E
------------------------------------------

Proceed with check-in for flight LH2121 ?
Type YES to CHECK-IN or NO to cancel CHECK-IN
Billy Salas is deciding whether to check-in or to go back home and sleep............
YES CHECK-IN
Checking you in...............
baggage is on conveyor belt-------
---------baggage detected by sensor------------- 
Baggage weighs: 21.58 kg
baggage is on conveyor belt-------
---------baggage detected by sensor------------- 
Baggage weighs: 20.43 kg
baggage is on conveyor belt-------
---------baggage detected by sensor------------- 
Baggage weighs: 18.47 kg
baggage is on conveyor belt-------
---------baggage detected by sensor------------- 
Baggage weighs: 17.86 kg
baggage is on conveyor belt-------
---------baggage detected by sensor------------- 
Baggage weighs: 18.65 kg
baggage is on conveyor belt-------
---------baggage detected by sensor------------- 
Baggage weighs: 19.27 kg
baggage is on conveyor belt-------
---------baggage detected by sensor------------- 
Baggage weighs: 17.42 kg
baggage is on conveyor belt-------
---------baggage detected by sensor------------- 
Baggage weighs: 19.16 kg
baggage is on conveyor belt-------
---------baggage detected by sensor------------- 
Baggage weighs: 19.52 kg
baggage is on conveyor belt-------
---------baggage detected by sensor------------- 
Baggage weighs: 17.51 kg
baggage is on conveyor belt-------
---------baggage detected by sensor------------- 
Baggage weighs: 17.38 kg
baggage is on conveyor belt-------
---------baggage detected by sensor------------- 
Baggage weighs: 18.67 kg
baggage is on conveyor belt-------
---------baggage detected by sensor------------- 
Baggage weighs: 16.98 kg
baggage is on conveyor belt-------
---------baggage detected by sensor------------- 
Baggage weighs: 21.26 kg
baggage is on conveyor belt-------
---------baggage detected by sensor------------- 
Baggage weighs: 18.3 kg
baggage is on conveyor belt-------
---------baggage detected by sensor------------- 
Baggage weighs: 16.81 kg
baggage is on conveyor belt-------
---------baggage detected by sensor------------- 
Baggage weighs: 20.91 kg
baggage is on conveyor belt-------
---------baggage detected by sensor------------- 
Baggage weighs: 21.21 kg
baggage is on conveyor belt-------
---------baggage detected by sensor------------- 
Baggage weighs: 19.69 kg
baggage is on conveyor belt-------
---------baggage detected by sensor------------- 
Baggage weighs: 18.67 kg
baggage is on conveyor belt-------
---------baggage detected by sensor------------- 
Baggage weighs: 19.12 kg
baggage is on conveyor belt-------
---------baggage detected by sensor------------- 
Baggage weighs: 16.42 kg
baggage is on conveyor belt-------
---------baggage detected by sensor------------- 
Baggage weighs: 19.17 kg
baggage is on conveyor belt-------
---------baggage detected by sensor------------- 
Baggage weighs: 19.0 kg
baggage is on conveyor belt-------
---------baggage detected by sensor------------- 
Baggage weighs: 18.78 kg
baggage is on conveyor belt-------
---------baggage detected by sensor------------- 
Baggage weighs: 20.31 kg
baggage is on conveyor belt-------
---------baggage detected by sensor------------- 
Baggage weighs: 21.25 kg
baggage is on conveyor belt-------
---------baggage detected by sensor------------- 
Baggage weighs: 18.87 kg
baggage is on conveyor belt-------
---------baggage detected by sensor------------- 
Baggage weighs: 16.25 kg
baggage is on conveyor belt-------
---------baggage detected by sensor------------- 
Baggage weighs: 19.94 kg
baggage is on conveyor belt-------
---------baggage detected by sensor------------- 
Baggage weighs: 16.88 kg
baggage is on conveyor belt-------
---------baggage detected by sensor------------- 
Baggage weighs: 18.24 kg
baggage is on conveyor belt-------
---------baggage detected by sensor------------- 
Baggage weighs: 17.16 kg
baggage is on conveyor belt-------
---------baggage detected by sensor------------- 
Baggage weighs: 19.34 kg
baggage is on conveyor belt-------
---------baggage detected by sensor------------- 
Baggage weighs: 22.41 kg
baggage is on conveyor belt-------
---------baggage detected by sensor------------- 
Baggage weighs: 20.47 kg
baggage is on conveyor belt-------
---------baggage detected by sensor------------- 
Baggage weighs: 18.81 kg
baggage is on conveyor belt-------
---------baggage detected by sensor------------- 
Baggage weighs: 18.56 kg
baggage is on conveyor belt-------
---------baggage detected by sensor------------- 
Baggage weighs: 17.77 kg
baggage is on conveyor belt-------
---------baggage detected by sensor------------- 
Baggage weighs: 19.32 kg
baggage is on conveyor belt-------
---------baggage detected by sensor------------- 
Baggage weighs: 19.21 kg
baggage is on conveyor belt-------
---------baggage detected by sensor------------- 
Baggage weighs: 19.13 kg
baggage is on conveyor belt-------
---------baggage detected by sensor------------- 
Baggage weighs: 20.39 kg
baggage is on conveyor belt-------
---------baggage detected by sensor------------- 
Baggage weighs: 21.03 kg
baggage is on conveyor belt-------
---------baggage detected by sensor------------- 
Baggage weighs: 20.05 kg
baggage is on conveyor belt-------
---------baggage detected by sensor------------- 
Baggage weighs: 21.92 kg
baggage is on conveyor belt-------
---------baggage detected by sensor------------- 
Baggage weighs: 19.37 kg
baggage is on conveyor belt-------
---------baggage detected by sensor------------- 
Baggage weighs: 20.35 kg
baggage is on conveyor belt-------
---------baggage detected by sensor------------- 
Baggage weighs: 18.73 kg
baggage is on conveyor belt-------
---------baggage detected by sensor------------- 
Baggage weighs: 20.33 kg
baggage is on conveyor belt-------
---------baggage detected by sensor------------- 
Baggage weighs: 22.01 kg
baggage is on conveyor belt-------
---------baggage detected by sensor------------- 
Baggage weighs: 19.27 kg
baggage is on conveyor belt-------
---------baggage detected by sensor------------- 
Baggage weighs: 21.18 kg
baggage is on conveyor belt-------
---------baggage detected by sensor------------- 
Baggage weighs: 17.16 kg
baggage is on conveyor belt-------
---------baggage detected by sensor------------- 
Baggage weighs: 20.04 kg
baggage is on conveyor belt-------
---------baggage detected by sensor------------- 
Baggage weighs: 20.91 kg
baggage is on conveyor belt-------
---------baggage detected by sensor------------- 
Baggage weighs: 20.3 kg
baggage is on conveyor belt-------
---------baggage detected by sensor------------- 
Baggage weighs: 20.38 kg
baggage is on conveyor belt-------
---------baggage detected by sensor------------- 
Baggage weighs: 16.54 kg
baggage is on conveyor belt-------
---------baggage detected by sensor------------- 
Baggage weighs: 18.87 kg
baggage is on conveyor belt-------
---------baggage detected by sensor------------- 
Baggage weighs: 20.22 kg
baggage is on conveyor belt-------
---------baggage detected by sensor------------- 
Baggage weighs: 20.75 kg
baggage is on conveyor belt-------
---------baggage detected by sensor------------- 
Baggage weighs: 17.4 kg
baggage is on conveyor belt-------
---------baggage detected by sensor------------- 
Baggage weighs: 20.27 kg
baggage is on conveyor belt-------
---------baggage detected by sensor------------- 
Baggage weighs: 17.04 kg
baggage is on conveyor belt-------
---------baggage detected by sensor------------- 
Baggage weighs: 19.84 kg
baggage is on conveyor belt-------
---------baggage detected by sensor------------- 
Baggage weighs: 17.34 kg
baggage is on conveyor belt-------
---------baggage detected by sensor------------- 
Baggage weighs: 18.75 kg
baggage is on conveyor belt-------
---------baggage detected by sensor------------- 
Baggage weighs: 19.12 kg
baggage is on conveyor belt-------
---------baggage detected by sensor------------- 
Baggage weighs: 18.29 kg
baggage is on conveyor belt-------
---------baggage detected by sensor------------- 
Baggage weighs: 17.94 kg
baggage is on conveyor belt-------
---------baggage detected by sensor------------- 
Baggage weighs: 19.09 kg
baggage is on conveyor belt-------
---------baggage detected by sensor------------- 
Baggage weighs: 22.39 kg
baggage is on conveyor belt-------
---------baggage detected by sensor------------- 
Baggage weighs: 21.23 kg
baggage is on conveyor belt-------
---------baggage detected by sensor------------- 
Baggage weighs: 17.56 kg
baggage is on conveyor belt-------
---------baggage detected by sensor------------- 
Baggage weighs: 18.37 kg
baggage is on conveyor belt-------
---------baggage detected by sensor------------- 
Baggage weighs: 21.4 kg
baggage is on conveyor belt-------
---------baggage detected by sensor------------- 
Baggage weighs: 20.25 kg
baggage is on conveyor belt-------
---------baggage detected by sensor------------- 
Baggage weighs: 23.0 kg
baggage is on conveyor belt-------
---------baggage detected by sensor------------- 
Baggage weighs: 17.01 kg
baggage is on conveyor belt-------
---------baggage detected by sensor------------- 
Baggage weighs: 17.39 kg
baggage is on conveyor belt-------
---------baggage detected by sensor------------- 
Baggage weighs: 16.7 kg
baggage is on conveyor belt-------
---------baggage detected by sensor------------- 
Baggage weighs: 16.23 kg
baggage is on conveyor belt-------
---------baggage detected by sensor------------- 
Baggage weighs: 19.13 kg
baggage is on conveyor belt-------
---------baggage detected by sensor------------- 
Baggage weighs: 21.07 kg
baggage is on conveyor belt-------
---------baggage detected by sensor------------- 
Baggage weighs: 17.87 kg
baggage is on conveyor belt-------
---------baggage detected by sensor------------- 
Baggage weighs: 19.92 kg
baggage is on conveyor belt-------
---------baggage detected by sensor------------- 
Baggage weighs: 19.22 kg
baggage is on conveyor belt-------
---------baggage detected by sensor------------- 
Baggage weighs: 21.53 kg
baggage is on conveyor belt-------
---------baggage detected by sensor------------- 
Baggage weighs: 20.29 kg
baggage is on conveyor belt-------
---------baggage detected by sensor------------- 
Baggage weighs: 19.32 kg
baggage is on conveyor belt-------
---------baggage detected by sensor------------- 
Baggage weighs: 17.25 kg
baggage is on conveyor belt-------
---------baggage detected by sensor------------- 
Baggage weighs: 21.3 kg
baggage is on conveyor belt-------
---------baggage detected by sensor------------- 
Baggage weighs: 16.79 kg
baggage is on conveyor belt-------
---------baggage detected by sensor------------- 
Baggage weighs: 19.55 kg
baggage is on conveyor belt-------
---------baggage detected by sensor------------- 
Baggage weighs: 18.88 kg
baggage is on conveyor belt-------
---------baggage detected by sensor------------- 
Baggage weighs: 22.33 kg
baggage is on conveyor belt-------
---------baggage detected by sensor------------- 
Baggage weighs: 20.62 kg
baggage is on conveyor belt-------
---------baggage detected by sensor------------- 
Baggage weighs: 19.42 kg
baggage is on conveyor belt-------
---------baggage detected by sensor------------- 
Baggage weighs: 17.54 kg
baggage is on conveyor belt-------
---------baggage detected by sensor------------- 
Baggage weighs: 21.51 kg
baggage is on conveyor belt-------
---------baggage detected by sensor------------- 
Baggage weighs: 19.46 kg
baggage is on conveyor belt-------
---------baggage detected by sensor------------- 
Baggage weighs: 17.83 kg
baggage is on conveyor belt-------
---------baggage detected by sensor------------- 
Baggage weighs: 17.75 kg
baggage is on conveyor belt-------
---------baggage detected by sensor------------- 
Baggage weighs: 17.44 kg
baggage is on conveyor belt-------
---------baggage detected by sensor------------- 
Baggage weighs: 19.53 kg
baggage is on conveyor belt-------
---------baggage detected by sensor------------- 
Baggage weighs: 17.51 kg
baggage is on conveyor belt-------
---------baggage detected by sensor------------- 
Baggage weighs: 18.2 kg
baggage is on conveyor belt-------
---------baggage detected by sensor------------- 
Baggage weighs: 21.55 kg
baggage is on conveyor belt-------
---------baggage detected by sensor------------- 
Baggage weighs: 19.67 kg
baggage is on conveyor belt-------
---------baggage detected by sensor------------- 
Baggage weighs: 19.52 kg
baggage is on conveyor belt-------
---------baggage detected by sensor------------- 
Baggage weighs: 21.06 kg
baggage is on conveyor belt-------
---------baggage detected by sensor------------- 
Baggage weighs: 17.44 kg
Seat with ID: 26D has been reserved for you!

BOARDING PASS FOR BILLY SALAS
-----------------------------------------------------------------------------
LUFTHANSA                      y1vbk3omun7ckva /  Billy Salas
Billy Salas                                     /  y1vbk3omun7ckva
FRA   LH2121   E  30.Oct                       /  FRA
HKG                                            /  HKG
SEAT ID: 26D                                   /  LH2121 E 30.Oct
SEQ: 104                                      / GATE: A05   22:00
MAX 1  HANDLUGGAGE/ LUGGAGE
-----------------------------------------------------------------------------
sorry Billy Salas we have no voucher for you! Have a nice day!

---------------------------------------------------------------------------------------------------------------
scanning passport with passport id: CMYXC7NNV
searching for ticket in fast bag drop database..............
Ticket found for Zane Burton and Flight LH2121
----searching flight seat for Zane Burton---------
Found a seat with ID 26E
Below details were found in database
------------------------------------------
Name: Zane Burton
Flight ID: LH2121
Source: FRA
Destination: HKG
Gate No: A05
Boarding time: 22:00
Ticket ID: 0izw1ebcp1f62hx
Booking Class: E
------------------------------------------

Proceed with check-in for flight LH2121 ?
Type YES to CHECK-IN or NO to cancel CHECK-IN
Zane Burton is deciding whether to check-in or to go back home and sleep............
YES CHECK-IN
Checking you in...............
baggage is on conveyor belt-------
---------baggage detected by sensor------------- 
Baggage weighs: 21.58 kg
baggage is on conveyor belt-------
---------baggage detected by sensor------------- 
Baggage weighs: 20.43 kg
baggage is on conveyor belt-------
---------baggage detected by sensor------------- 
Baggage weighs: 18.47 kg
baggage is on conveyor belt-------
---------baggage detected by sensor------------- 
Baggage weighs: 17.86 kg
baggage is on conveyor belt-------
---------baggage detected by sensor------------- 
Baggage weighs: 18.65 kg
baggage is on conveyor belt-------
---------baggage detected by sensor------------- 
Baggage weighs: 19.27 kg
baggage is on conveyor belt-------
---------baggage detected by sensor------------- 
Baggage weighs: 17.42 kg
baggage is on conveyor belt-------
---------baggage detected by sensor------------- 
Baggage weighs: 19.16 kg
baggage is on conveyor belt-------
---------baggage detected by sensor------------- 
Baggage weighs: 19.52 kg
baggage is on conveyor belt-------
---------baggage detected by sensor------------- 
Baggage weighs: 17.51 kg
baggage is on conveyor belt-------
---------baggage detected by sensor------------- 
Baggage weighs: 17.38 kg
baggage is on conveyor belt-------
---------baggage detected by sensor------------- 
Baggage weighs: 18.67 kg
baggage is on conveyor belt-------
---------baggage detected by sensor------------- 
Baggage weighs: 16.98 kg
baggage is on conveyor belt-------
---------baggage detected by sensor------------- 
Baggage weighs: 21.26 kg
baggage is on conveyor belt-------
---------baggage detected by sensor------------- 
Baggage weighs: 18.3 kg
baggage is on conveyor belt-------
---------baggage detected by sensor------------- 
Baggage weighs: 16.81 kg
baggage is on conveyor belt-------
---------baggage detected by sensor------------- 
Baggage weighs: 20.91 kg
baggage is on conveyor belt-------
---------baggage detected by sensor------------- 
Baggage weighs: 21.21 kg
baggage is on conveyor belt-------
---------baggage detected by sensor------------- 
Baggage weighs: 19.69 kg
baggage is on conveyor belt-------
---------baggage detected by sensor------------- 
Baggage weighs: 18.67 kg
baggage is on conveyor belt-------
---------baggage detected by sensor------------- 
Baggage weighs: 19.12 kg
baggage is on conveyor belt-------
---------baggage detected by sensor------------- 
Baggage weighs: 16.42 kg
baggage is on conveyor belt-------
---------baggage detected by sensor------------- 
Baggage weighs: 19.17 kg
baggage is on conveyor belt-------
---------baggage detected by sensor------------- 
Baggage weighs: 19.0 kg
baggage is on conveyor belt-------
---------baggage detected by sensor------------- 
Baggage weighs: 18.78 kg
baggage is on conveyor belt-------
---------baggage detected by sensor------------- 
Baggage weighs: 20.31 kg
baggage is on conveyor belt-------
---------baggage detected by sensor------------- 
Baggage weighs: 21.25 kg
baggage is on conveyor belt-------
---------baggage detected by sensor------------- 
Baggage weighs: 18.87 kg
baggage is on conveyor belt-------
---------baggage detected by sensor------------- 
Baggage weighs: 16.25 kg
baggage is on conveyor belt-------
---------baggage detected by sensor------------- 
Baggage weighs: 19.94 kg
baggage is on conveyor belt-------
---------baggage detected by sensor------------- 
Baggage weighs: 16.88 kg
baggage is on conveyor belt-------
---------baggage detected by sensor------------- 
Baggage weighs: 18.24 kg
baggage is on conveyor belt-------
---------baggage detected by sensor------------- 
Baggage weighs: 17.16 kg
baggage is on conveyor belt-------
---------baggage detected by sensor------------- 
Baggage weighs: 19.34 kg
baggage is on conveyor belt-------
---------baggage detected by sensor------------- 
Baggage weighs: 22.41 kg
baggage is on conveyor belt-------
---------baggage detected by sensor------------- 
Baggage weighs: 20.47 kg
baggage is on conveyor belt-------
---------baggage detected by sensor------------- 
Baggage weighs: 18.81 kg
baggage is on conveyor belt-------
---------baggage detected by sensor------------- 
Baggage weighs: 18.56 kg
baggage is on conveyor belt-------
---------baggage detected by sensor------------- 
Baggage weighs: 17.77 kg
baggage is on conveyor belt-------
---------baggage detected by sensor------------- 
Baggage weighs: 19.32 kg
baggage is on conveyor belt-------
---------baggage detected by sensor------------- 
Baggage weighs: 19.21 kg
baggage is on conveyor belt-------
---------baggage detected by sensor------------- 
Baggage weighs: 19.13 kg
baggage is on conveyor belt-------
---------baggage detected by sensor------------- 
Baggage weighs: 20.39 kg
baggage is on conveyor belt-------
---------baggage detected by sensor------------- 
Baggage weighs: 21.03 kg
baggage is on conveyor belt-------
---------baggage detected by sensor------------- 
Baggage weighs: 20.05 kg
baggage is on conveyor belt-------
---------baggage detected by sensor------------- 
Baggage weighs: 21.92 kg
baggage is on conveyor belt-------
---------baggage detected by sensor------------- 
Baggage weighs: 19.37 kg
baggage is on conveyor belt-------
---------baggage detected by sensor------------- 
Baggage weighs: 20.35 kg
baggage is on conveyor belt-------
---------baggage detected by sensor------------- 
Baggage weighs: 18.73 kg
baggage is on conveyor belt-------
---------baggage detected by sensor------------- 
Baggage weighs: 20.33 kg
baggage is on conveyor belt-------
---------baggage detected by sensor------------- 
Baggage weighs: 22.01 kg
baggage is on conveyor belt-------
---------baggage detected by sensor------------- 
Baggage weighs: 19.27 kg
baggage is on conveyor belt-------
---------baggage detected by sensor------------- 
Baggage weighs: 21.18 kg
baggage is on conveyor belt-------
---------baggage detected by sensor------------- 
Baggage weighs: 17.16 kg
baggage is on conveyor belt-------
---------baggage detected by sensor------------- 
Baggage weighs: 20.04 kg
baggage is on conveyor belt-------
---------baggage detected by sensor------------- 
Baggage weighs: 20.91 kg
baggage is on conveyor belt-------
---------baggage detected by sensor------------- 
Baggage weighs: 20.3 kg
baggage is on conveyor belt-------
---------baggage detected by sensor------------- 
Baggage weighs: 20.38 kg
baggage is on conveyor belt-------
---------baggage detected by sensor------------- 
Baggage weighs: 16.54 kg
baggage is on conveyor belt-------
---------baggage detected by sensor------------- 
Baggage weighs: 18.87 kg
baggage is on conveyor belt-------
---------baggage detected by sensor------------- 
Baggage weighs: 20.22 kg
baggage is on conveyor belt-------
---------baggage detected by sensor------------- 
Baggage weighs: 20.75 kg
baggage is on conveyor belt-------
---------baggage detected by sensor------------- 
Baggage weighs: 17.4 kg
baggage is on conveyor belt-------
---------baggage detected by sensor------------- 
Baggage weighs: 20.27 kg
baggage is on conveyor belt-------
---------baggage detected by sensor------------- 
Baggage weighs: 17.04 kg
baggage is on conveyor belt-------
---------baggage detected by sensor------------- 
Baggage weighs: 19.84 kg
baggage is on conveyor belt-------
---------baggage detected by sensor------------- 
Baggage weighs: 17.34 kg
baggage is on conveyor belt-------
---------baggage detected by sensor------------- 
Baggage weighs: 18.75 kg
baggage is on conveyor belt-------
---------baggage detected by sensor------------- 
Baggage weighs: 19.12 kg
baggage is on conveyor belt-------
---------baggage detected by sensor------------- 
Baggage weighs: 18.29 kg
baggage is on conveyor belt-------
---------baggage detected by sensor------------- 
Baggage weighs: 17.94 kg
baggage is on conveyor belt-------
---------baggage detected by sensor------------- 
Baggage weighs: 19.09 kg
baggage is on conveyor belt-------
---------baggage detected by sensor------------- 
Baggage weighs: 22.39 kg
baggage is on conveyor belt-------
---------baggage detected by sensor------------- 
Baggage weighs: 21.23 kg
baggage is on conveyor belt-------
---------baggage detected by sensor------------- 
Baggage weighs: 17.56 kg
baggage is on conveyor belt-------
---------baggage detected by sensor------------- 
Baggage weighs: 18.37 kg
baggage is on conveyor belt-------
---------baggage detected by sensor------------- 
Baggage weighs: 21.4 kg
baggage is on conveyor belt-------
---------baggage detected by sensor------------- 
Baggage weighs: 20.25 kg
baggage is on conveyor belt-------
---------baggage detected by sensor------------- 
Baggage weighs: 23.0 kg
baggage is on conveyor belt-------
---------baggage detected by sensor------------- 
Baggage weighs: 17.01 kg
baggage is on conveyor belt-------
---------baggage detected by sensor------------- 
Baggage weighs: 17.39 kg
baggage is on conveyor belt-------
---------baggage detected by sensor------------- 
Baggage weighs: 16.7 kg
baggage is on conveyor belt-------
---------baggage detected by sensor------------- 
Baggage weighs: 16.23 kg
baggage is on conveyor belt-------
---------baggage detected by sensor------------- 
Baggage weighs: 19.13 kg
baggage is on conveyor belt-------
---------baggage detected by sensor------------- 
Baggage weighs: 21.07 kg
baggage is on conveyor belt-------
---------baggage detected by sensor------------- 
Baggage weighs: 17.87 kg
baggage is on conveyor belt-------
---------baggage detected by sensor------------- 
Baggage weighs: 19.92 kg
baggage is on conveyor belt-------
---------baggage detected by sensor------------- 
Baggage weighs: 19.22 kg
baggage is on conveyor belt-------
---------baggage detected by sensor------------- 
Baggage weighs: 21.53 kg
baggage is on conveyor belt-------
---------baggage detected by sensor------------- 
Baggage weighs: 20.29 kg
baggage is on conveyor belt-------
---------baggage detected by sensor------------- 
Baggage weighs: 19.32 kg
baggage is on conveyor belt-------
---------baggage detected by sensor------------- 
Baggage weighs: 17.25 kg
baggage is on conveyor belt-------
---------baggage detected by sensor------------- 
Baggage weighs: 21.3 kg
baggage is on conveyor belt-------
---------baggage detected by sensor------------- 
Baggage weighs: 16.79 kg
baggage is on conveyor belt-------
---------baggage detected by sensor------------- 
Baggage weighs: 19.55 kg
baggage is on conveyor belt-------
---------baggage detected by sensor------------- 
Baggage weighs: 18.88 kg
baggage is on conveyor belt-------
---------baggage detected by sensor------------- 
Baggage weighs: 22.33 kg
baggage is on conveyor belt-------
---------baggage detected by sensor------------- 
Baggage weighs: 20.62 kg
baggage is on conveyor belt-------
---------baggage detected by sensor------------- 
Baggage weighs: 19.42 kg
baggage is on conveyor belt-------
---------baggage detected by sensor------------- 
Baggage weighs: 17.54 kg
baggage is on conveyor belt-------
---------baggage detected by sensor------------- 
Baggage weighs: 21.51 kg
baggage is on conveyor belt-------
---------baggage detected by sensor------------- 
Baggage weighs: 19.46 kg
baggage is on conveyor belt-------
---------baggage detected by sensor------------- 
Baggage weighs: 17.83 kg
baggage is on conveyor belt-------
---------baggage detected by sensor------------- 
Baggage weighs: 17.75 kg
baggage is on conveyor belt-------
---------baggage detected by sensor------------- 
Baggage weighs: 17.44 kg
baggage is on conveyor belt-------
---------baggage detected by sensor------------- 
Baggage weighs: 19.53 kg
baggage is on conveyor belt-------
---------baggage detected by sensor------------- 
Baggage weighs: 17.51 kg
baggage is on conveyor belt-------
---------baggage detected by sensor------------- 
Baggage weighs: 18.2 kg
baggage is on conveyor belt-------
---------baggage detected by sensor------------- 
Baggage weighs: 21.55 kg
baggage is on conveyor belt-------
---------baggage detected by sensor------------- 
Baggage weighs: 19.67 kg
baggage is on conveyor belt-------
---------baggage detected by sensor------------- 
Baggage weighs: 19.52 kg
baggage is on conveyor belt-------
---------baggage detected by sensor------------- 
Baggage weighs: 21.06 kg
baggage is on conveyor belt-------
---------baggage detected by sensor------------- 
Baggage weighs: 17.44 kg
baggage is on conveyor belt-------
---------baggage detected by sensor------------- 
Baggage weighs: 19.21 kg
Seat with ID: 26E has been reserved for you!

BOARDING PASS FOR ZANE BURTON
-----------------------------------------------------------------------------
LUFTHANSA                      0izw1ebcp1f62hx /  Zane Burton
Zane Burton                                     /  0izw1ebcp1f62hx
FRA   LH2121   E  30.Oct                       /  FRA
HKG                                            /  HKG
SEAT ID: 26E                                   /  LH2121 E 30.Oct
SEQ: 105                                      / GATE: A05   22:00
MAX 1  HANDLUGGAGE/ LUGGAGE
-----------------------------------------------------------------------------
sorry Zane Burton we have no voucher for you! Have a nice day!

---------------------------------------------------------------------------------------------------------------
scanning passport with passport id: WHX443GOU
searching for ticket in fast bag drop database..............
Ticket found for Delbert Mclaughlin and Flight LH2121
----searching flight seat for Delbert Mclaughlin---------
Found a seat with ID 26G
Below details were found in database
------------------------------------------
Name: Delbert Mclaughlin
Flight ID: LH2121
Source: FRA
Destination: HKG
Gate No: A05
Boarding time: 22:00
Ticket ID: kq8t0hb2z2fig1r
Booking Class: E
------------------------------------------

Proceed with check-in for flight LH2121 ?
Type YES to CHECK-IN or NO to cancel CHECK-IN
Delbert Mclaughlin is deciding whether to check-in or to go back home and sleep............
YES CHECK-IN
Checking you in...............
baggage is on conveyor belt-------
---------baggage detected by sensor------------- 
Baggage weighs: 21.58 kg
baggage is on conveyor belt-------
---------baggage detected by sensor------------- 
Baggage weighs: 20.43 kg
baggage is on conveyor belt-------
---------baggage detected by sensor------------- 
Baggage weighs: 18.47 kg
baggage is on conveyor belt-------
---------baggage detected by sensor------------- 
Baggage weighs: 17.86 kg
baggage is on conveyor belt-------
---------baggage detected by sensor------------- 
Baggage weighs: 18.65 kg
baggage is on conveyor belt-------
---------baggage detected by sensor------------- 
Baggage weighs: 19.27 kg
baggage is on conveyor belt-------
---------baggage detected by sensor------------- 
Baggage weighs: 17.42 kg
baggage is on conveyor belt-------
---------baggage detected by sensor------------- 
Baggage weighs: 19.16 kg
baggage is on conveyor belt-------
---------baggage detected by sensor------------- 
Baggage weighs: 19.52 kg
baggage is on conveyor belt-------
---------baggage detected by sensor------------- 
Baggage weighs: 17.51 kg
baggage is on conveyor belt-------
---------baggage detected by sensor------------- 
Baggage weighs: 17.38 kg
baggage is on conveyor belt-------
---------baggage detected by sensor------------- 
Baggage weighs: 18.67 kg
baggage is on conveyor belt-------
---------baggage detected by sensor------------- 
Baggage weighs: 16.98 kg
baggage is on conveyor belt-------
---------baggage detected by sensor------------- 
Baggage weighs: 21.26 kg
baggage is on conveyor belt-------
---------baggage detected by sensor------------- 
Baggage weighs: 18.3 kg
baggage is on conveyor belt-------
---------baggage detected by sensor------------- 
Baggage weighs: 16.81 kg
baggage is on conveyor belt-------
---------baggage detected by sensor------------- 
Baggage weighs: 20.91 kg
baggage is on conveyor belt-------
---------baggage detected by sensor------------- 
Baggage weighs: 21.21 kg
baggage is on conveyor belt-------
---------baggage detected by sensor------------- 
Baggage weighs: 19.69 kg
baggage is on conveyor belt-------
---------baggage detected by sensor------------- 
Baggage weighs: 18.67 kg
baggage is on conveyor belt-------
---------baggage detected by sensor------------- 
Baggage weighs: 19.12 kg
baggage is on conveyor belt-------
---------baggage detected by sensor------------- 
Baggage weighs: 16.42 kg
baggage is on conveyor belt-------
---------baggage detected by sensor------------- 
Baggage weighs: 19.17 kg
baggage is on conveyor belt-------
---------baggage detected by sensor------------- 
Baggage weighs: 19.0 kg
baggage is on conveyor belt-------
---------baggage detected by sensor------------- 
Baggage weighs: 18.78 kg
baggage is on conveyor belt-------
---------baggage detected by sensor------------- 
Baggage weighs: 20.31 kg
baggage is on conveyor belt-------
---------baggage detected by sensor------------- 
Baggage weighs: 21.25 kg
baggage is on conveyor belt-------
---------baggage detected by sensor------------- 
Baggage weighs: 18.87 kg
baggage is on conveyor belt-------
---------baggage detected by sensor------------- 
Baggage weighs: 16.25 kg
baggage is on conveyor belt-------
---------baggage detected by sensor------------- 
Baggage weighs: 19.94 kg
baggage is on conveyor belt-------
---------baggage detected by sensor------------- 
Baggage weighs: 16.88 kg
baggage is on conveyor belt-------
---------baggage detected by sensor------------- 
Baggage weighs: 18.24 kg
baggage is on conveyor belt-------
---------baggage detected by sensor------------- 
Baggage weighs: 17.16 kg
baggage is on conveyor belt-------
---------baggage detected by sensor------------- 
Baggage weighs: 19.34 kg
baggage is on conveyor belt-------
---------baggage detected by sensor------------- 
Baggage weighs: 22.41 kg
baggage is on conveyor belt-------
---------baggage detected by sensor------------- 
Baggage weighs: 20.47 kg
baggage is on conveyor belt-------
---------baggage detected by sensor------------- 
Baggage weighs: 18.81 kg
baggage is on conveyor belt-------
---------baggage detected by sensor------------- 
Baggage weighs: 18.56 kg
baggage is on conveyor belt-------
---------baggage detected by sensor------------- 
Baggage weighs: 17.77 kg
baggage is on conveyor belt-------
---------baggage detected by sensor------------- 
Baggage weighs: 19.32 kg
baggage is on conveyor belt-------
---------baggage detected by sensor------------- 
Baggage weighs: 19.21 kg
baggage is on conveyor belt-------
---------baggage detected by sensor------------- 
Baggage weighs: 19.13 kg
baggage is on conveyor belt-------
---------baggage detected by sensor------------- 
Baggage weighs: 20.39 kg
baggage is on conveyor belt-------
---------baggage detected by sensor------------- 
Baggage weighs: 21.03 kg
baggage is on conveyor belt-------
---------baggage detected by sensor------------- 
Baggage weighs: 20.05 kg
baggage is on conveyor belt-------
---------baggage detected by sensor------------- 
Baggage weighs: 21.92 kg
baggage is on conveyor belt-------
---------baggage detected by sensor------------- 
Baggage weighs: 19.37 kg
baggage is on conveyor belt-------
---------baggage detected by sensor------------- 
Baggage weighs: 20.35 kg
baggage is on conveyor belt-------
---------baggage detected by sensor------------- 
Baggage weighs: 18.73 kg
baggage is on conveyor belt-------
---------baggage detected by sensor------------- 
Baggage weighs: 20.33 kg
baggage is on conveyor belt-------
---------baggage detected by sensor------------- 
Baggage weighs: 22.01 kg
baggage is on conveyor belt-------
---------baggage detected by sensor------------- 
Baggage weighs: 19.27 kg
baggage is on conveyor belt-------
---------baggage detected by sensor------------- 
Baggage weighs: 21.18 kg
baggage is on conveyor belt-------
---------baggage detected by sensor------------- 
Baggage weighs: 17.16 kg
baggage is on conveyor belt-------
---------baggage detected by sensor------------- 
Baggage weighs: 20.04 kg
baggage is on conveyor belt-------
---------baggage detected by sensor------------- 
Baggage weighs: 20.91 kg
baggage is on conveyor belt-------
---------baggage detected by sensor------------- 
Baggage weighs: 20.3 kg
baggage is on conveyor belt-------
---------baggage detected by sensor------------- 
Baggage weighs: 20.38 kg
baggage is on conveyor belt-------
---------baggage detected by sensor------------- 
Baggage weighs: 16.54 kg
baggage is on conveyor belt-------
---------baggage detected by sensor------------- 
Baggage weighs: 18.87 kg
baggage is on conveyor belt-------
---------baggage detected by sensor------------- 
Baggage weighs: 20.22 kg
baggage is on conveyor belt-------
---------baggage detected by sensor------------- 
Baggage weighs: 20.75 kg
baggage is on conveyor belt-------
---------baggage detected by sensor------------- 
Baggage weighs: 17.4 kg
baggage is on conveyor belt-------
---------baggage detected by sensor------------- 
Baggage weighs: 20.27 kg
baggage is on conveyor belt-------
---------baggage detected by sensor------------- 
Baggage weighs: 17.04 kg
baggage is on conveyor belt-------
---------baggage detected by sensor------------- 
Baggage weighs: 19.84 kg
baggage is on conveyor belt-------
---------baggage detected by sensor------------- 
Baggage weighs: 17.34 kg
baggage is on conveyor belt-------
---------baggage detected by sensor------------- 
Baggage weighs: 18.75 kg
baggage is on conveyor belt-------
---------baggage detected by sensor------------- 
Baggage weighs: 19.12 kg
baggage is on conveyor belt-------
---------baggage detected by sensor------------- 
Baggage weighs: 18.29 kg
baggage is on conveyor belt-------
---------baggage detected by sensor------------- 
Baggage weighs: 17.94 kg
baggage is on conveyor belt-------
---------baggage detected by sensor------------- 
Baggage weighs: 19.09 kg
baggage is on conveyor belt-------
---------baggage detected by sensor------------- 
Baggage weighs: 22.39 kg
baggage is on conveyor belt-------
---------baggage detected by sensor------------- 
Baggage weighs: 21.23 kg
baggage is on conveyor belt-------
---------baggage detected by sensor------------- 
Baggage weighs: 17.56 kg
baggage is on conveyor belt-------
---------baggage detected by sensor------------- 
Baggage weighs: 18.37 kg
baggage is on conveyor belt-------
---------baggage detected by sensor------------- 
Baggage weighs: 21.4 kg
baggage is on conveyor belt-------
---------baggage detected by sensor------------- 
Baggage weighs: 20.25 kg
baggage is on conveyor belt-------
---------baggage detected by sensor------------- 
Baggage weighs: 23.0 kg
baggage is on conveyor belt-------
---------baggage detected by sensor------------- 
Baggage weighs: 17.01 kg
baggage is on conveyor belt-------
---------baggage detected by sensor------------- 
Baggage weighs: 17.39 kg
baggage is on conveyor belt-------
---------baggage detected by sensor------------- 
Baggage weighs: 16.7 kg
baggage is on conveyor belt-------
---------baggage detected by sensor------------- 
Baggage weighs: 16.23 kg
baggage is on conveyor belt-------
---------baggage detected by sensor------------- 
Baggage weighs: 19.13 kg
baggage is on conveyor belt-------
---------baggage detected by sensor------------- 
Baggage weighs: 21.07 kg
baggage is on conveyor belt-------
---------baggage detected by sensor------------- 
Baggage weighs: 17.87 kg
baggage is on conveyor belt-------
---------baggage detected by sensor------------- 
Baggage weighs: 19.92 kg
baggage is on conveyor belt-------
---------baggage detected by sensor------------- 
Baggage weighs: 19.22 kg
baggage is on conveyor belt-------
---------baggage detected by sensor------------- 
Baggage weighs: 21.53 kg
baggage is on conveyor belt-------
---------baggage detected by sensor------------- 
Baggage weighs: 20.29 kg
baggage is on conveyor belt-------
---------baggage detected by sensor------------- 
Baggage weighs: 19.32 kg
baggage is on conveyor belt-------
---------baggage detected by sensor------------- 
Baggage weighs: 17.25 kg
baggage is on conveyor belt-------
---------baggage detected by sensor------------- 
Baggage weighs: 21.3 kg
baggage is on conveyor belt-------
---------baggage detected by sensor------------- 
Baggage weighs: 16.79 kg
baggage is on conveyor belt-------
---------baggage detected by sensor------------- 
Baggage weighs: 19.55 kg
baggage is on conveyor belt-------
---------baggage detected by sensor------------- 
Baggage weighs: 18.88 kg
baggage is on conveyor belt-------
---------baggage detected by sensor------------- 
Baggage weighs: 22.33 kg
baggage is on conveyor belt-------
---------baggage detected by sensor------------- 
Baggage weighs: 20.62 kg
baggage is on conveyor belt-------
---------baggage detected by sensor------------- 
Baggage weighs: 19.42 kg
baggage is on conveyor belt-------
---------baggage detected by sensor------------- 
Baggage weighs: 17.54 kg
baggage is on conveyor belt-------
---------baggage detected by sensor------------- 
Baggage weighs: 21.51 kg
baggage is on conveyor belt-------
---------baggage detected by sensor------------- 
Baggage weighs: 19.46 kg
baggage is on conveyor belt-------
---------baggage detected by sensor------------- 
Baggage weighs: 17.83 kg
baggage is on conveyor belt-------
---------baggage detected by sensor------------- 
Baggage weighs: 17.75 kg
baggage is on conveyor belt-------
---------baggage detected by sensor------------- 
Baggage weighs: 17.44 kg
baggage is on conveyor belt-------
---------baggage detected by sensor------------- 
Baggage weighs: 19.53 kg
baggage is on conveyor belt-------
---------baggage detected by sensor------------- 
Baggage weighs: 17.51 kg
baggage is on conveyor belt-------
---------baggage detected by sensor------------- 
Baggage weighs: 18.2 kg
baggage is on conveyor belt-------
---------baggage detected by sensor------------- 
Baggage weighs: 21.55 kg
baggage is on conveyor belt-------
---------baggage detected by sensor------------- 
Baggage weighs: 19.67 kg
baggage is on conveyor belt-------
---------baggage detected by sensor------------- 
Baggage weighs: 19.52 kg
baggage is on conveyor belt-------
---------baggage detected by sensor------------- 
Baggage weighs: 21.06 kg
baggage is on conveyor belt-------
---------baggage detected by sensor------------- 
Baggage weighs: 17.44 kg
baggage is on conveyor belt-------
---------baggage detected by sensor------------- 
Baggage weighs: 19.21 kg
baggage is on conveyor belt-------
---------baggage detected by sensor------------- 
Baggage weighs: 21.65 kg
Seat with ID: 26G has been reserved for you!

BOARDING PASS FOR DELBERT MCLAUGHLIN
-----------------------------------------------------------------------------
LUFTHANSA                      kq8t0hb2z2fig1r /  Delbert Mclaughlin
Delbert Mclaughlin                                     /  kq8t0hb2z2fig1r
FRA   LH2121   E  30.Oct                       /  FRA
HKG                                            /  HKG
SEAT ID: 26G                                   /  LH2121 E 30.Oct
SEQ: 106                                      / GATE: A05   22:00
MAX 1  HANDLUGGAGE/ LUGGAGE
-----------------------------------------------------------------------------
sorry Delbert Mclaughlin we have no voucher for you! Have a nice day!

---------------------------------------------------------------------------------------------------------------
scanning passport with passport id: PY0KE9K2H
searching for ticket in fast bag drop database..............
Ticket found for Deloris Austin and Flight LH2121
----searching flight seat for Deloris Austin---------
Found a seat with ID 26H
Below details were found in database
------------------------------------------
Name: Deloris Austin
Flight ID: LH2121
Source: FRA
Destination: HKG
Gate No: A05
Boarding time: 22:00
Ticket ID: 58113f4ttblplg9
Booking Class: E
------------------------------------------

Proceed with check-in for flight LH2121 ?
Type YES to CHECK-IN or NO to cancel CHECK-IN
Deloris Austin is deciding whether to check-in or to go back home and sleep............
YES CHECK-IN
Checking you in...............
baggage is on conveyor belt-------
---------baggage detected by sensor------------- 
Baggage weighs: 21.58 kg
baggage is on conveyor belt-------
---------baggage detected by sensor------------- 
Baggage weighs: 20.43 kg
baggage is on conveyor belt-------
---------baggage detected by sensor------------- 
Baggage weighs: 18.47 kg
baggage is on conveyor belt-------
---------baggage detected by sensor------------- 
Baggage weighs: 17.86 kg
baggage is on conveyor belt-------
---------baggage detected by sensor------------- 
Baggage weighs: 18.65 kg
baggage is on conveyor belt-------
---------baggage detected by sensor------------- 
Baggage weighs: 19.27 kg
baggage is on conveyor belt-------
---------baggage detected by sensor------------- 
Baggage weighs: 17.42 kg
baggage is on conveyor belt-------
---------baggage detected by sensor------------- 
Baggage weighs: 19.16 kg
baggage is on conveyor belt-------
---------baggage detected by sensor------------- 
Baggage weighs: 19.52 kg
baggage is on conveyor belt-------
---------baggage detected by sensor------------- 
Baggage weighs: 17.51 kg
baggage is on conveyor belt-------
---------baggage detected by sensor------------- 
Baggage weighs: 17.38 kg
baggage is on conveyor belt-------
---------baggage detected by sensor------------- 
Baggage weighs: 18.67 kg
baggage is on conveyor belt-------
---------baggage detected by sensor------------- 
Baggage weighs: 16.98 kg
baggage is on conveyor belt-------
---------baggage detected by sensor------------- 
Baggage weighs: 21.26 kg
baggage is on conveyor belt-------
---------baggage detected by sensor------------- 
Baggage weighs: 18.3 kg
baggage is on conveyor belt-------
---------baggage detected by sensor------------- 
Baggage weighs: 16.81 kg
baggage is on conveyor belt-------
---------baggage detected by sensor------------- 
Baggage weighs: 20.91 kg
baggage is on conveyor belt-------
---------baggage detected by sensor------------- 
Baggage weighs: 21.21 kg
baggage is on conveyor belt-------
---------baggage detected by sensor------------- 
Baggage weighs: 19.69 kg
baggage is on conveyor belt-------
---------baggage detected by sensor------------- 
Baggage weighs: 18.67 kg
baggage is on conveyor belt-------
---------baggage detected by sensor------------- 
Baggage weighs: 19.12 kg
baggage is on conveyor belt-------
---------baggage detected by sensor------------- 
Baggage weighs: 16.42 kg
baggage is on conveyor belt-------
---------baggage detected by sensor------------- 
Baggage weighs: 19.17 kg
baggage is on conveyor belt-------
---------baggage detected by sensor------------- 
Baggage weighs: 19.0 kg
baggage is on conveyor belt-------
---------baggage detected by sensor------------- 
Baggage weighs: 18.78 kg
baggage is on conveyor belt-------
---------baggage detected by sensor------------- 
Baggage weighs: 20.31 kg
baggage is on conveyor belt-------
---------baggage detected by sensor------------- 
Baggage weighs: 21.25 kg
baggage is on conveyor belt-------
---------baggage detected by sensor------------- 
Baggage weighs: 18.87 kg
baggage is on conveyor belt-------
---------baggage detected by sensor------------- 
Baggage weighs: 16.25 kg
baggage is on conveyor belt-------
---------baggage detected by sensor------------- 
Baggage weighs: 19.94 kg
baggage is on conveyor belt-------
---------baggage detected by sensor------------- 
Baggage weighs: 16.88 kg
baggage is on conveyor belt-------
---------baggage detected by sensor------------- 
Baggage weighs: 18.24 kg
baggage is on conveyor belt-------
---------baggage detected by sensor------------- 
Baggage weighs: 17.16 kg
baggage is on conveyor belt-------
---------baggage detected by sensor------------- 
Baggage weighs: 19.34 kg
baggage is on conveyor belt-------
---------baggage detected by sensor------------- 
Baggage weighs: 22.41 kg
baggage is on conveyor belt-------
---------baggage detected by sensor------------- 
Baggage weighs: 20.47 kg
baggage is on conveyor belt-------
---------baggage detected by sensor------------- 
Baggage weighs: 18.81 kg
baggage is on conveyor belt-------
---------baggage detected by sensor------------- 
Baggage weighs: 18.56 kg
baggage is on conveyor belt-------
---------baggage detected by sensor------------- 
Baggage weighs: 17.77 kg
baggage is on conveyor belt-------
---------baggage detected by sensor------------- 
Baggage weighs: 19.32 kg
baggage is on conveyor belt-------
---------baggage detected by sensor------------- 
Baggage weighs: 19.21 kg
baggage is on conveyor belt-------
---------baggage detected by sensor------------- 
Baggage weighs: 19.13 kg
baggage is on conveyor belt-------
---------baggage detected by sensor------------- 
Baggage weighs: 20.39 kg
baggage is on conveyor belt-------
---------baggage detected by sensor------------- 
Baggage weighs: 21.03 kg
baggage is on conveyor belt-------
---------baggage detected by sensor------------- 
Baggage weighs: 20.05 kg
baggage is on conveyor belt-------
---------baggage detected by sensor------------- 
Baggage weighs: 21.92 kg
baggage is on conveyor belt-------
---------baggage detected by sensor------------- 
Baggage weighs: 19.37 kg
baggage is on conveyor belt-------
---------baggage detected by sensor------------- 
Baggage weighs: 20.35 kg
baggage is on conveyor belt-------
---------baggage detected by sensor------------- 
Baggage weighs: 18.73 kg
baggage is on conveyor belt-------
---------baggage detected by sensor------------- 
Baggage weighs: 20.33 kg
baggage is on conveyor belt-------
---------baggage detected by sensor------------- 
Baggage weighs: 22.01 kg
baggage is on conveyor belt-------
---------baggage detected by sensor------------- 
Baggage weighs: 19.27 kg
baggage is on conveyor belt-------
---------baggage detected by sensor------------- 
Baggage weighs: 21.18 kg
baggage is on conveyor belt-------
---------baggage detected by sensor------------- 
Baggage weighs: 17.16 kg
baggage is on conveyor belt-------
---------baggage detected by sensor------------- 
Baggage weighs: 20.04 kg
baggage is on conveyor belt-------
---------baggage detected by sensor------------- 
Baggage weighs: 20.91 kg
baggage is on conveyor belt-------
---------baggage detected by sensor------------- 
Baggage weighs: 20.3 kg
baggage is on conveyor belt-------
---------baggage detected by sensor------------- 
Baggage weighs: 20.38 kg
baggage is on conveyor belt-------
---------baggage detected by sensor------------- 
Baggage weighs: 16.54 kg
baggage is on conveyor belt-------
---------baggage detected by sensor------------- 
Baggage weighs: 18.87 kg
baggage is on conveyor belt-------
---------baggage detected by sensor------------- 
Baggage weighs: 20.22 kg
baggage is on conveyor belt-------
---------baggage detected by sensor------------- 
Baggage weighs: 20.75 kg
baggage is on conveyor belt-------
---------baggage detected by sensor------------- 
Baggage weighs: 17.4 kg
baggage is on conveyor belt-------
---------baggage detected by sensor------------- 
Baggage weighs: 20.27 kg
baggage is on conveyor belt-------
---------baggage detected by sensor------------- 
Baggage weighs: 17.04 kg
baggage is on conveyor belt-------
---------baggage detected by sensor------------- 
Baggage weighs: 19.84 kg
baggage is on conveyor belt-------
---------baggage detected by sensor------------- 
Baggage weighs: 17.34 kg
baggage is on conveyor belt-------
---------baggage detected by sensor------------- 
Baggage weighs: 18.75 kg
baggage is on conveyor belt-------
---------baggage detected by sensor------------- 
Baggage weighs: 19.12 kg
baggage is on conveyor belt-------
---------baggage detected by sensor------------- 
Baggage weighs: 18.29 kg
baggage is on conveyor belt-------
---------baggage detected by sensor------------- 
Baggage weighs: 17.94 kg
baggage is on conveyor belt-------
---------baggage detected by sensor------------- 
Baggage weighs: 19.09 kg
baggage is on conveyor belt-------
---------baggage detected by sensor------------- 
Baggage weighs: 22.39 kg
baggage is on conveyor belt-------
---------baggage detected by sensor------------- 
Baggage weighs: 21.23 kg
baggage is on conveyor belt-------
---------baggage detected by sensor------------- 
Baggage weighs: 17.56 kg
baggage is on conveyor belt-------
---------baggage detected by sensor------------- 
Baggage weighs: 18.37 kg
baggage is on conveyor belt-------
---------baggage detected by sensor------------- 
Baggage weighs: 21.4 kg
baggage is on conveyor belt-------
---------baggage detected by sensor------------- 
Baggage weighs: 20.25 kg
baggage is on conveyor belt-------
---------baggage detected by sensor------------- 
Baggage weighs: 23.0 kg
baggage is on conveyor belt-------
---------baggage detected by sensor------------- 
Baggage weighs: 17.01 kg
baggage is on conveyor belt-------
---------baggage detected by sensor------------- 
Baggage weighs: 17.39 kg
baggage is on conveyor belt-------
---------baggage detected by sensor------------- 
Baggage weighs: 16.7 kg
baggage is on conveyor belt-------
---------baggage detected by sensor------------- 
Baggage weighs: 16.23 kg
baggage is on conveyor belt-------
---------baggage detected by sensor------------- 
Baggage weighs: 19.13 kg
baggage is on conveyor belt-------
---------baggage detected by sensor------------- 
Baggage weighs: 21.07 kg
baggage is on conveyor belt-------
---------baggage detected by sensor------------- 
Baggage weighs: 17.87 kg
baggage is on conveyor belt-------
---------baggage detected by sensor------------- 
Baggage weighs: 19.92 kg
baggage is on conveyor belt-------
---------baggage detected by sensor------------- 
Baggage weighs: 19.22 kg
baggage is on conveyor belt-------
---------baggage detected by sensor------------- 
Baggage weighs: 21.53 kg
baggage is on conveyor belt-------
---------baggage detected by sensor------------- 
Baggage weighs: 20.29 kg
baggage is on conveyor belt-------
---------baggage detected by sensor------------- 
Baggage weighs: 19.32 kg
baggage is on conveyor belt-------
---------baggage detected by sensor------------- 
Baggage weighs: 17.25 kg
baggage is on conveyor belt-------
---------baggage detected by sensor------------- 
Baggage weighs: 21.3 kg
baggage is on conveyor belt-------
---------baggage detected by sensor------------- 
Baggage weighs: 16.79 kg
baggage is on conveyor belt-------
---------baggage detected by sensor------------- 
Baggage weighs: 19.55 kg
baggage is on conveyor belt-------
---------baggage detected by sensor------------- 
Baggage weighs: 18.88 kg
baggage is on conveyor belt-------
---------baggage detected by sensor------------- 
Baggage weighs: 22.33 kg
baggage is on conveyor belt-------
---------baggage detected by sensor------------- 
Baggage weighs: 20.62 kg
baggage is on conveyor belt-------
---------baggage detected by sensor------------- 
Baggage weighs: 19.42 kg
baggage is on conveyor belt-------
---------baggage detected by sensor------------- 
Baggage weighs: 17.54 kg
baggage is on conveyor belt-------
---------baggage detected by sensor------------- 
Baggage weighs: 21.51 kg
baggage is on conveyor belt-------
---------baggage detected by sensor------------- 
Baggage weighs: 19.46 kg
baggage is on conveyor belt-------
---------baggage detected by sensor------------- 
Baggage weighs: 17.83 kg
baggage is on conveyor belt-------
---------baggage detected by sensor------------- 
Baggage weighs: 17.75 kg
baggage is on conveyor belt-------
---------baggage detected by sensor------------- 
Baggage weighs: 17.44 kg
baggage is on conveyor belt-------
---------baggage detected by sensor------------- 
Baggage weighs: 19.53 kg
baggage is on conveyor belt-------
---------baggage detected by sensor------------- 
Baggage weighs: 17.51 kg
baggage is on conveyor belt-------
---------baggage detected by sensor------------- 
Baggage weighs: 18.2 kg
baggage is on conveyor belt-------
---------baggage detected by sensor------------- 
Baggage weighs: 21.55 kg
baggage is on conveyor belt-------
---------baggage detected by sensor------------- 
Baggage weighs: 19.67 kg
baggage is on conveyor belt-------
---------baggage detected by sensor------------- 
Baggage weighs: 19.52 kg
baggage is on conveyor belt-------
---------baggage detected by sensor------------- 
Baggage weighs: 21.06 kg
baggage is on conveyor belt-------
---------baggage detected by sensor------------- 
Baggage weighs: 17.44 kg
baggage is on conveyor belt-------
---------baggage detected by sensor------------- 
Baggage weighs: 19.21 kg
baggage is on conveyor belt-------
---------baggage detected by sensor------------- 
Baggage weighs: 21.65 kg
baggage is on conveyor belt-------
---------baggage detected by sensor------------- 
Baggage weighs: 19.64 kg
Seat with ID: 26H has been reserved for you!

BOARDING PASS FOR DELORIS AUSTIN
-----------------------------------------------------------------------------
LUFTHANSA                      58113f4ttblplg9 /  Deloris Austin
Deloris Austin                                     /  58113f4ttblplg9
FRA   LH2121   E  30.Oct                       /  FRA
HKG                                            /  HKG
SEAT ID: 26H                                   /  LH2121 E 30.Oct
SEQ: 107                                      / GATE: A05   22:00
MAX 1  HANDLUGGAGE/ LUGGAGE
-----------------------------------------------------------------------------
sorry Deloris Austin we have no voucher for you! Have a nice day!

---------------------------------------------------------------------------------------------------------------
scanning passport with passport id: 8KHSGB36Q
searching for ticket in fast bag drop database..............
Ticket found for Rachel Bauer and Flight LH2121
----searching flight seat for Rachel Bauer---------
Found a seat with ID 26J
Below details were found in database
------------------------------------------
Name: Rachel Bauer
Flight ID: LH2121
Source: FRA
Destination: HKG
Gate No: A05
Boarding time: 22:00
Ticket ID: kvmqzxu1vogxxc0
Booking Class: E
------------------------------------------

Proceed with check-in for flight LH2121 ?
Type YES to CHECK-IN or NO to cancel CHECK-IN
Rachel Bauer is deciding whether to check-in or to go back home and sleep............
YES CHECK-IN
Checking you in...............
baggage is on conveyor belt-------
---------baggage detected by sensor------------- 
Baggage weighs: 21.58 kg
baggage is on conveyor belt-------
---------baggage detected by sensor------------- 
Baggage weighs: 20.43 kg
baggage is on conveyor belt-------
---------baggage detected by sensor------------- 
Baggage weighs: 18.47 kg
baggage is on conveyor belt-------
---------baggage detected by sensor------------- 
Baggage weighs: 17.86 kg
baggage is on conveyor belt-------
---------baggage detected by sensor------------- 
Baggage weighs: 18.65 kg
baggage is on conveyor belt-------
---------baggage detected by sensor------------- 
Baggage weighs: 19.27 kg
baggage is on conveyor belt-------
---------baggage detected by sensor------------- 
Baggage weighs: 17.42 kg
baggage is on conveyor belt-------
---------baggage detected by sensor------------- 
Baggage weighs: 19.16 kg
baggage is on conveyor belt-------
---------baggage detected by sensor------------- 
Baggage weighs: 19.52 kg
baggage is on conveyor belt-------
---------baggage detected by sensor------------- 
Baggage weighs: 17.51 kg
baggage is on conveyor belt-------
---------baggage detected by sensor------------- 
Baggage weighs: 17.38 kg
baggage is on conveyor belt-------
---------baggage detected by sensor------------- 
Baggage weighs: 18.67 kg
baggage is on conveyor belt-------
---------baggage detected by sensor------------- 
Baggage weighs: 16.98 kg
baggage is on conveyor belt-------
---------baggage detected by sensor------------- 
Baggage weighs: 21.26 kg
baggage is on conveyor belt-------
---------baggage detected by sensor------------- 
Baggage weighs: 18.3 kg
baggage is on conveyor belt-------
---------baggage detected by sensor------------- 
Baggage weighs: 16.81 kg
baggage is on conveyor belt-------
---------baggage detected by sensor------------- 
Baggage weighs: 20.91 kg
baggage is on conveyor belt-------
---------baggage detected by sensor------------- 
Baggage weighs: 21.21 kg
baggage is on conveyor belt-------
---------baggage detected by sensor------------- 
Baggage weighs: 19.69 kg
baggage is on conveyor belt-------
---------baggage detected by sensor------------- 
Baggage weighs: 18.67 kg
baggage is on conveyor belt-------
---------baggage detected by sensor------------- 
Baggage weighs: 19.12 kg
baggage is on conveyor belt-------
---------baggage detected by sensor------------- 
Baggage weighs: 16.42 kg
baggage is on conveyor belt-------
---------baggage detected by sensor------------- 
Baggage weighs: 19.17 kg
baggage is on conveyor belt-------
---------baggage detected by sensor------------- 
Baggage weighs: 19.0 kg
baggage is on conveyor belt-------
---------baggage detected by sensor------------- 
Baggage weighs: 18.78 kg
baggage is on conveyor belt-------
---------baggage detected by sensor------------- 
Baggage weighs: 20.31 kg
baggage is on conveyor belt-------
---------baggage detected by sensor------------- 
Baggage weighs: 21.25 kg
baggage is on conveyor belt-------
---------baggage detected by sensor------------- 
Baggage weighs: 18.87 kg
baggage is on conveyor belt-------
---------baggage detected by sensor------------- 
Baggage weighs: 16.25 kg
baggage is on conveyor belt-------
---------baggage detected by sensor------------- 
Baggage weighs: 19.94 kg
baggage is on conveyor belt-------
---------baggage detected by sensor------------- 
Baggage weighs: 16.88 kg
baggage is on conveyor belt-------
---------baggage detected by sensor------------- 
Baggage weighs: 18.24 kg
baggage is on conveyor belt-------
---------baggage detected by sensor------------- 
Baggage weighs: 17.16 kg
baggage is on conveyor belt-------
---------baggage detected by sensor------------- 
Baggage weighs: 19.34 kg
baggage is on conveyor belt-------
---------baggage detected by sensor------------- 
Baggage weighs: 22.41 kg
baggage is on conveyor belt-------
---------baggage detected by sensor------------- 
Baggage weighs: 20.47 kg
baggage is on conveyor belt-------
---------baggage detected by sensor------------- 
Baggage weighs: 18.81 kg
baggage is on conveyor belt-------
---------baggage detected by sensor------------- 
Baggage weighs: 18.56 kg
baggage is on conveyor belt-------
---------baggage detected by sensor------------- 
Baggage weighs: 17.77 kg
baggage is on conveyor belt-------
---------baggage detected by sensor------------- 
Baggage weighs: 19.32 kg
baggage is on conveyor belt-------
---------baggage detected by sensor------------- 
Baggage weighs: 19.21 kg
baggage is on conveyor belt-------
---------baggage detected by sensor------------- 
Baggage weighs: 19.13 kg
baggage is on conveyor belt-------
---------baggage detected by sensor------------- 
Baggage weighs: 20.39 kg
baggage is on conveyor belt-------
---------baggage detected by sensor------------- 
Baggage weighs: 21.03 kg
baggage is on conveyor belt-------
---------baggage detected by sensor------------- 
Baggage weighs: 20.05 kg
baggage is on conveyor belt-------
---------baggage detected by sensor------------- 
Baggage weighs: 21.92 kg
baggage is on conveyor belt-------
---------baggage detected by sensor------------- 
Baggage weighs: 19.37 kg
baggage is on conveyor belt-------
---------baggage detected by sensor------------- 
Baggage weighs: 20.35 kg
baggage is on conveyor belt-------
---------baggage detected by sensor------------- 
Baggage weighs: 18.73 kg
baggage is on conveyor belt-------
---------baggage detected by sensor------------- 
Baggage weighs: 20.33 kg
baggage is on conveyor belt-------
---------baggage detected by sensor------------- 
Baggage weighs: 22.01 kg
baggage is on conveyor belt-------
---------baggage detected by sensor------------- 
Baggage weighs: 19.27 kg
baggage is on conveyor belt-------
---------baggage detected by sensor------------- 
Baggage weighs: 21.18 kg
baggage is on conveyor belt-------
---------baggage detected by sensor------------- 
Baggage weighs: 17.16 kg
baggage is on conveyor belt-------
---------baggage detected by sensor------------- 
Baggage weighs: 20.04 kg
baggage is on conveyor belt-------
---------baggage detected by sensor------------- 
Baggage weighs: 20.91 kg
baggage is on conveyor belt-------
---------baggage detected by sensor------------- 
Baggage weighs: 20.3 kg
baggage is on conveyor belt-------
---------baggage detected by sensor------------- 
Baggage weighs: 20.38 kg
baggage is on conveyor belt-------
---------baggage detected by sensor------------- 
Baggage weighs: 16.54 kg
baggage is on conveyor belt-------
---------baggage detected by sensor------------- 
Baggage weighs: 18.87 kg
baggage is on conveyor belt-------
---------baggage detected by sensor------------- 
Baggage weighs: 20.22 kg
baggage is on conveyor belt-------
---------baggage detected by sensor------------- 
Baggage weighs: 20.75 kg
baggage is on conveyor belt-------
---------baggage detected by sensor------------- 
Baggage weighs: 17.4 kg
baggage is on conveyor belt-------
---------baggage detected by sensor------------- 
Baggage weighs: 20.27 kg
baggage is on conveyor belt-------
---------baggage detected by sensor------------- 
Baggage weighs: 17.04 kg
baggage is on conveyor belt-------
---------baggage detected by sensor------------- 
Baggage weighs: 19.84 kg
baggage is on conveyor belt-------
---------baggage detected by sensor------------- 
Baggage weighs: 17.34 kg
baggage is on conveyor belt-------
---------baggage detected by sensor------------- 
Baggage weighs: 18.75 kg
baggage is on conveyor belt-------
---------baggage detected by sensor------------- 
Baggage weighs: 19.12 kg
baggage is on conveyor belt-------
---------baggage detected by sensor------------- 
Baggage weighs: 18.29 kg
baggage is on conveyor belt-------
---------baggage detected by sensor------------- 
Baggage weighs: 17.94 kg
baggage is on conveyor belt-------
---------baggage detected by sensor------------- 
Baggage weighs: 19.09 kg
baggage is on conveyor belt-------
---------baggage detected by sensor------------- 
Baggage weighs: 22.39 kg
baggage is on conveyor belt-------
---------baggage detected by sensor------------- 
Baggage weighs: 21.23 kg
baggage is on conveyor belt-------
---------baggage detected by sensor------------- 
Baggage weighs: 17.56 kg
baggage is on conveyor belt-------
---------baggage detected by sensor------------- 
Baggage weighs: 18.37 kg
baggage is on conveyor belt-------
---------baggage detected by sensor------------- 
Baggage weighs: 21.4 kg
baggage is on conveyor belt-------
---------baggage detected by sensor------------- 
Baggage weighs: 20.25 kg
baggage is on conveyor belt-------
---------baggage detected by sensor------------- 
Baggage weighs: 23.0 kg
baggage is on conveyor belt-------
---------baggage detected by sensor------------- 
Baggage weighs: 17.01 kg
baggage is on conveyor belt-------
---------baggage detected by sensor------------- 
Baggage weighs: 17.39 kg
baggage is on conveyor belt-------
---------baggage detected by sensor------------- 
Baggage weighs: 16.7 kg
baggage is on conveyor belt-------
---------baggage detected by sensor------------- 
Baggage weighs: 16.23 kg
baggage is on conveyor belt-------
---------baggage detected by sensor------------- 
Baggage weighs: 19.13 kg
baggage is on conveyor belt-------
---------baggage detected by sensor------------- 
Baggage weighs: 21.07 kg
baggage is on conveyor belt-------
---------baggage detected by sensor------------- 
Baggage weighs: 17.87 kg
baggage is on conveyor belt-------
---------baggage detected by sensor------------- 
Baggage weighs: 19.92 kg
baggage is on conveyor belt-------
---------baggage detected by sensor------------- 
Baggage weighs: 19.22 kg
baggage is on conveyor belt-------
---------baggage detected by sensor------------- 
Baggage weighs: 21.53 kg
baggage is on conveyor belt-------
---------baggage detected by sensor------------- 
Baggage weighs: 20.29 kg
baggage is on conveyor belt-------
---------baggage detected by sensor------------- 
Baggage weighs: 19.32 kg
baggage is on conveyor belt-------
---------baggage detected by sensor------------- 
Baggage weighs: 17.25 kg
baggage is on conveyor belt-------
---------baggage detected by sensor------------- 
Baggage weighs: 21.3 kg
baggage is on conveyor belt-------
---------baggage detected by sensor------------- 
Baggage weighs: 16.79 kg
baggage is on conveyor belt-------
---------baggage detected by sensor------------- 
Baggage weighs: 19.55 kg
baggage is on conveyor belt-------
---------baggage detected by sensor------------- 
Baggage weighs: 18.88 kg
baggage is on conveyor belt-------
---------baggage detected by sensor------------- 
Baggage weighs: 22.33 kg
baggage is on conveyor belt-------
---------baggage detected by sensor------------- 
Baggage weighs: 20.62 kg
baggage is on conveyor belt-------
---------baggage detected by sensor------------- 
Baggage weighs: 19.42 kg
baggage is on conveyor belt-------
---------baggage detected by sensor------------- 
Baggage weighs: 17.54 kg
baggage is on conveyor belt-------
---------baggage detected by sensor------------- 
Baggage weighs: 21.51 kg
baggage is on conveyor belt-------
---------baggage detected by sensor------------- 
Baggage weighs: 19.46 kg
baggage is on conveyor belt-------
---------baggage detected by sensor------------- 
Baggage weighs: 17.83 kg
baggage is on conveyor belt-------
---------baggage detected by sensor------------- 
Baggage weighs: 17.75 kg
baggage is on conveyor belt-------
---------baggage detected by sensor------------- 
Baggage weighs: 17.44 kg
baggage is on conveyor belt-------
---------baggage detected by sensor------------- 
Baggage weighs: 19.53 kg
baggage is on conveyor belt-------
---------baggage detected by sensor------------- 
Baggage weighs: 17.51 kg
baggage is on conveyor belt-------
---------baggage detected by sensor------------- 
Baggage weighs: 18.2 kg
baggage is on conveyor belt-------
---------baggage detected by sensor------------- 
Baggage weighs: 21.55 kg
baggage is on conveyor belt-------
---------baggage detected by sensor------------- 
Baggage weighs: 19.67 kg
baggage is on conveyor belt-------
---------baggage detected by sensor------------- 
Baggage weighs: 19.52 kg
baggage is on conveyor belt-------
---------baggage detected by sensor------------- 
Baggage weighs: 21.06 kg
baggage is on conveyor belt-------
---------baggage detected by sensor------------- 
Baggage weighs: 17.44 kg
baggage is on conveyor belt-------
---------baggage detected by sensor------------- 
Baggage weighs: 19.21 kg
baggage is on conveyor belt-------
---------baggage detected by sensor------------- 
Baggage weighs: 21.65 kg
baggage is on conveyor belt-------
---------baggage detected by sensor------------- 
Baggage weighs: 19.64 kg
baggage is on conveyor belt-------
---------baggage detected by sensor------------- 
Baggage weighs: 21.03 kg
Seat with ID: 26J has been reserved for you!

BOARDING PASS FOR RACHEL BAUER
-----------------------------------------------------------------------------
LUFTHANSA                      kvmqzxu1vogxxc0 /  Rachel Bauer
Rachel Bauer                                     /  kvmqzxu1vogxxc0
FRA   LH2121   E  30.Oct                       /  FRA
HKG                                            /  HKG
SEAT ID: 26J                                   /  LH2121 E 30.Oct
SEQ: 108                                      / GATE: A05   22:00
MAX 1  HANDLUGGAGE/ LUGGAGE
-----------------------------------------------------------------------------
sorry Rachel Bauer we have no voucher for you! Have a nice day!

---------------------------------------------------------------------------------------------------------------
scanning passport with passport id: BGXGPWB70
searching for ticket in fast bag drop database..............
Ticket found for Eusebio Townsend and Flight LH2121
----searching flight seat for Eusebio Townsend---------
Found a seat with ID 26K
Below details were found in database
------------------------------------------
Name: Eusebio Townsend
Flight ID: LH2121
Source: FRA
Destination: HKG
Gate No: A05
Boarding time: 22:00
Ticket ID: 5yg9agep07kdpks
Booking Class: E
------------------------------------------

Proceed with check-in for flight LH2121 ?
Type YES to CHECK-IN or NO to cancel CHECK-IN
Eusebio Townsend is deciding whether to check-in or to go back home and sleep............
YES CHECK-IN
Checking you in...............
baggage is on conveyor belt-------
---------baggage detected by sensor------------- 
Baggage weighs: 21.58 kg
baggage is on conveyor belt-------
---------baggage detected by sensor------------- 
Baggage weighs: 20.43 kg
baggage is on conveyor belt-------
---------baggage detected by sensor------------- 
Baggage weighs: 18.47 kg
baggage is on conveyor belt-------
---------baggage detected by sensor------------- 
Baggage weighs: 17.86 kg
baggage is on conveyor belt-------
---------baggage detected by sensor------------- 
Baggage weighs: 18.65 kg
baggage is on conveyor belt-------
---------baggage detected by sensor------------- 
Baggage weighs: 19.27 kg
baggage is on conveyor belt-------
---------baggage detected by sensor------------- 
Baggage weighs: 17.42 kg
baggage is on conveyor belt-------
---------baggage detected by sensor------------- 
Baggage weighs: 19.16 kg
baggage is on conveyor belt-------
---------baggage detected by sensor------------- 
Baggage weighs: 19.52 kg
baggage is on conveyor belt-------
---------baggage detected by sensor------------- 
Baggage weighs: 17.51 kg
baggage is on conveyor belt-------
---------baggage detected by sensor------------- 
Baggage weighs: 17.38 kg
baggage is on conveyor belt-------
---------baggage detected by sensor------------- 
Baggage weighs: 18.67 kg
baggage is on conveyor belt-------
---------baggage detected by sensor------------- 
Baggage weighs: 16.98 kg
baggage is on conveyor belt-------
---------baggage detected by sensor------------- 
Baggage weighs: 21.26 kg
baggage is on conveyor belt-------
---------baggage detected by sensor------------- 
Baggage weighs: 18.3 kg
baggage is on conveyor belt-------
---------baggage detected by sensor------------- 
Baggage weighs: 16.81 kg
baggage is on conveyor belt-------
---------baggage detected by sensor------------- 
Baggage weighs: 20.91 kg
baggage is on conveyor belt-------
---------baggage detected by sensor------------- 
Baggage weighs: 21.21 kg
baggage is on conveyor belt-------
---------baggage detected by sensor------------- 
Baggage weighs: 19.69 kg
baggage is on conveyor belt-------
---------baggage detected by sensor------------- 
Baggage weighs: 18.67 kg
baggage is on conveyor belt-------
---------baggage detected by sensor------------- 
Baggage weighs: 19.12 kg
baggage is on conveyor belt-------
---------baggage detected by sensor------------- 
Baggage weighs: 16.42 kg
baggage is on conveyor belt-------
---------baggage detected by sensor------------- 
Baggage weighs: 19.17 kg
baggage is on conveyor belt-------
---------baggage detected by sensor------------- 
Baggage weighs: 19.0 kg
baggage is on conveyor belt-------
---------baggage detected by sensor------------- 
Baggage weighs: 18.78 kg
baggage is on conveyor belt-------
---------baggage detected by sensor------------- 
Baggage weighs: 20.31 kg
baggage is on conveyor belt-------
---------baggage detected by sensor------------- 
Baggage weighs: 21.25 kg
baggage is on conveyor belt-------
---------baggage detected by sensor------------- 
Baggage weighs: 18.87 kg
baggage is on conveyor belt-------
---------baggage detected by sensor------------- 
Baggage weighs: 16.25 kg
baggage is on conveyor belt-------
---------baggage detected by sensor------------- 
Baggage weighs: 19.94 kg
baggage is on conveyor belt-------
---------baggage detected by sensor------------- 
Baggage weighs: 16.88 kg
baggage is on conveyor belt-------
---------baggage detected by sensor------------- 
Baggage weighs: 18.24 kg
baggage is on conveyor belt-------
---------baggage detected by sensor------------- 
Baggage weighs: 17.16 kg
baggage is on conveyor belt-------
---------baggage detected by sensor------------- 
Baggage weighs: 19.34 kg
baggage is on conveyor belt-------
---------baggage detected by sensor------------- 
Baggage weighs: 22.41 kg
baggage is on conveyor belt-------
---------baggage detected by sensor------------- 
Baggage weighs: 20.47 kg
baggage is on conveyor belt-------
---------baggage detected by sensor------------- 
Baggage weighs: 18.81 kg
baggage is on conveyor belt-------
---------baggage detected by sensor------------- 
Baggage weighs: 18.56 kg
baggage is on conveyor belt-------
---------baggage detected by sensor------------- 
Baggage weighs: 17.77 kg
baggage is on conveyor belt-------
---------baggage detected by sensor------------- 
Baggage weighs: 19.32 kg
baggage is on conveyor belt-------
---------baggage detected by sensor------------- 
Baggage weighs: 19.21 kg
baggage is on conveyor belt-------
---------baggage detected by sensor------------- 
Baggage weighs: 19.13 kg
baggage is on conveyor belt-------
---------baggage detected by sensor------------- 
Baggage weighs: 20.39 kg
baggage is on conveyor belt-------
---------baggage detected by sensor------------- 
Baggage weighs: 21.03 kg
baggage is on conveyor belt-------
---------baggage detected by sensor------------- 
Baggage weighs: 20.05 kg
baggage is on conveyor belt-------
---------baggage detected by sensor------------- 
Baggage weighs: 21.92 kg
baggage is on conveyor belt-------
---------baggage detected by sensor------------- 
Baggage weighs: 19.37 kg
baggage is on conveyor belt-------
---------baggage detected by sensor------------- 
Baggage weighs: 20.35 kg
baggage is on conveyor belt-------
---------baggage detected by sensor------------- 
Baggage weighs: 18.73 kg
baggage is on conveyor belt-------
---------baggage detected by sensor------------- 
Baggage weighs: 20.33 kg
baggage is on conveyor belt-------
---------baggage detected by sensor------------- 
Baggage weighs: 22.01 kg
baggage is on conveyor belt-------
---------baggage detected by sensor------------- 
Baggage weighs: 19.27 kg
baggage is on conveyor belt-------
---------baggage detected by sensor------------- 
Baggage weighs: 21.18 kg
baggage is on conveyor belt-------
---------baggage detected by sensor------------- 
Baggage weighs: 17.16 kg
baggage is on conveyor belt-------
---------baggage detected by sensor------------- 
Baggage weighs: 20.04 kg
baggage is on conveyor belt-------
---------baggage detected by sensor------------- 
Baggage weighs: 20.91 kg
baggage is on conveyor belt-------
---------baggage detected by sensor------------- 
Baggage weighs: 20.3 kg
baggage is on conveyor belt-------
---------baggage detected by sensor------------- 
Baggage weighs: 20.38 kg
baggage is on conveyor belt-------
---------baggage detected by sensor------------- 
Baggage weighs: 16.54 kg
baggage is on conveyor belt-------
---------baggage detected by sensor------------- 
Baggage weighs: 18.87 kg
baggage is on conveyor belt-------
---------baggage detected by sensor------------- 
Baggage weighs: 20.22 kg
baggage is on conveyor belt-------
---------baggage detected by sensor------------- 
Baggage weighs: 20.75 kg
baggage is on conveyor belt-------
---------baggage detected by sensor------------- 
Baggage weighs: 17.4 kg
baggage is on conveyor belt-------
---------baggage detected by sensor------------- 
Baggage weighs: 20.27 kg
baggage is on conveyor belt-------
---------baggage detected by sensor------------- 
Baggage weighs: 17.04 kg
baggage is on conveyor belt-------
---------baggage detected by sensor------------- 
Baggage weighs: 19.84 kg
baggage is on conveyor belt-------
---------baggage detected by sensor------------- 
Baggage weighs: 17.34 kg
baggage is on conveyor belt-------
---------baggage detected by sensor------------- 
Baggage weighs: 18.75 kg
baggage is on conveyor belt-------
---------baggage detected by sensor------------- 
Baggage weighs: 19.12 kg
baggage is on conveyor belt-------
---------baggage detected by sensor------------- 
Baggage weighs: 18.29 kg
baggage is on conveyor belt-------
---------baggage detected by sensor------------- 
Baggage weighs: 17.94 kg
baggage is on conveyor belt-------
---------baggage detected by sensor------------- 
Baggage weighs: 19.09 kg
baggage is on conveyor belt-------
---------baggage detected by sensor------------- 
Baggage weighs: 22.39 kg
baggage is on conveyor belt-------
---------baggage detected by sensor------------- 
Baggage weighs: 21.23 kg
baggage is on conveyor belt-------
---------baggage detected by sensor------------- 
Baggage weighs: 17.56 kg
baggage is on conveyor belt-------
---------baggage detected by sensor------------- 
Baggage weighs: 18.37 kg
baggage is on conveyor belt-------
---------baggage detected by sensor------------- 
Baggage weighs: 21.4 kg
baggage is on conveyor belt-------
---------baggage detected by sensor------------- 
Baggage weighs: 20.25 kg
baggage is on conveyor belt-------
---------baggage detected by sensor------------- 
Baggage weighs: 23.0 kg
baggage is on conveyor belt-------
---------baggage detected by sensor------------- 
Baggage weighs: 17.01 kg
baggage is on conveyor belt-------
---------baggage detected by sensor------------- 
Baggage weighs: 17.39 kg
baggage is on conveyor belt-------
---------baggage detected by sensor------------- 
Baggage weighs: 16.7 kg
baggage is on conveyor belt-------
---------baggage detected by sensor------------- 
Baggage weighs: 16.23 kg
baggage is on conveyor belt-------
---------baggage detected by sensor------------- 
Baggage weighs: 19.13 kg
baggage is on conveyor belt-------
---------baggage detected by sensor------------- 
Baggage weighs: 21.07 kg
baggage is on conveyor belt-------
---------baggage detected by sensor------------- 
Baggage weighs: 17.87 kg
baggage is on conveyor belt-------
---------baggage detected by sensor------------- 
Baggage weighs: 19.92 kg
baggage is on conveyor belt-------
---------baggage detected by sensor------------- 
Baggage weighs: 19.22 kg
baggage is on conveyor belt-------
---------baggage detected by sensor------------- 
Baggage weighs: 21.53 kg
baggage is on conveyor belt-------
---------baggage detected by sensor------------- 
Baggage weighs: 20.29 kg
baggage is on conveyor belt-------
---------baggage detected by sensor------------- 
Baggage weighs: 19.32 kg
baggage is on conveyor belt-------
---------baggage detected by sensor------------- 
Baggage weighs: 17.25 kg
baggage is on conveyor belt-------
---------baggage detected by sensor------------- 
Baggage weighs: 21.3 kg
baggage is on conveyor belt-------
---------baggage detected by sensor------------- 
Baggage weighs: 16.79 kg
baggage is on conveyor belt-------
---------baggage detected by sensor------------- 
Baggage weighs: 19.55 kg
baggage is on conveyor belt-------
---------baggage detected by sensor------------- 
Baggage weighs: 18.88 kg
baggage is on conveyor belt-------
---------baggage detected by sensor------------- 
Baggage weighs: 22.33 kg
baggage is on conveyor belt-------
---------baggage detected by sensor------------- 
Baggage weighs: 20.62 kg
baggage is on conveyor belt-------
---------baggage detected by sensor------------- 
Baggage weighs: 19.42 kg
baggage is on conveyor belt-------
---------baggage detected by sensor------------- 
Baggage weighs: 17.54 kg
baggage is on conveyor belt-------
---------baggage detected by sensor------------- 
Baggage weighs: 21.51 kg
baggage is on conveyor belt-------
---------baggage detected by sensor------------- 
Baggage weighs: 19.46 kg
baggage is on conveyor belt-------
---------baggage detected by sensor------------- 
Baggage weighs: 17.83 kg
baggage is on conveyor belt-------
---------baggage detected by sensor------------- 
Baggage weighs: 17.75 kg
baggage is on conveyor belt-------
---------baggage detected by sensor------------- 
Baggage weighs: 17.44 kg
baggage is on conveyor belt-------
---------baggage detected by sensor------------- 
Baggage weighs: 19.53 kg
baggage is on conveyor belt-------
---------baggage detected by sensor------------- 
Baggage weighs: 17.51 kg
baggage is on conveyor belt-------
---------baggage detected by sensor------------- 
Baggage weighs: 18.2 kg
baggage is on conveyor belt-------
---------baggage detected by sensor------------- 
Baggage weighs: 21.55 kg
baggage is on conveyor belt-------
---------baggage detected by sensor------------- 
Baggage weighs: 19.67 kg
baggage is on conveyor belt-------
---------baggage detected by sensor------------- 
Baggage weighs: 19.52 kg
baggage is on conveyor belt-------
---------baggage detected by sensor------------- 
Baggage weighs: 21.06 kg
baggage is on conveyor belt-------
---------baggage detected by sensor------------- 
Baggage weighs: 17.44 kg
baggage is on conveyor belt-------
---------baggage detected by sensor------------- 
Baggage weighs: 19.21 kg
baggage is on conveyor belt-------
---------baggage detected by sensor------------- 
Baggage weighs: 21.65 kg
baggage is on conveyor belt-------
---------baggage detected by sensor------------- 
Baggage weighs: 19.64 kg
baggage is on conveyor belt-------
---------baggage detected by sensor------------- 
Baggage weighs: 21.03 kg
baggage is on conveyor belt-------
---------baggage detected by sensor------------- 
Baggage weighs: 19.76 kg
Seat with ID: 26K has been reserved for you!

BOARDING PASS FOR EUSEBIO TOWNSEND
-----------------------------------------------------------------------------
LUFTHANSA                      5yg9agep07kdpks /  Eusebio Townsend
Eusebio Townsend                                     /  5yg9agep07kdpks
FRA   LH2121   E  30.Oct                       /  FRA
HKG                                            /  HKG
SEAT ID: 26K                                   /  LH2121 E 30.Oct
SEQ: 109                                      / GATE: A05   22:00
MAX 1  HANDLUGGAGE/ LUGGAGE
-----------------------------------------------------------------------------
sorry Eusebio Townsend we have no voucher for you! Have a nice day!

---------------------------------------------------------------------------------------------------------------
scanning passport with passport id: K2IZ3VDFR
searching for ticket in fast bag drop database..............
Ticket found for Kristi Whitaker and Flight LH2121
----searching flight seat for Kristi Whitaker---------
Found a seat with ID 27B
Below details were found in database
------------------------------------------
Name: Kristi Whitaker
Flight ID: LH2121
Source: FRA
Destination: HKG
Gate No: A05
Boarding time: 22:00
Ticket ID: ocxw44aql4rngt8
Booking Class: E
------------------------------------------

Proceed with check-in for flight LH2121 ?
Type YES to CHECK-IN or NO to cancel CHECK-IN
Kristi Whitaker is deciding whether to check-in or to go back home and sleep............
YES CHECK-IN
Checking you in...............
baggage is on conveyor belt-------
---------baggage detected by sensor------------- 
Baggage weighs: 21.58 kg
baggage is on conveyor belt-------
---------baggage detected by sensor------------- 
Baggage weighs: 20.43 kg
baggage is on conveyor belt-------
---------baggage detected by sensor------------- 
Baggage weighs: 18.47 kg
baggage is on conveyor belt-------
---------baggage detected by sensor------------- 
Baggage weighs: 17.86 kg
baggage is on conveyor belt-------
---------baggage detected by sensor------------- 
Baggage weighs: 18.65 kg
baggage is on conveyor belt-------
---------baggage detected by sensor------------- 
Baggage weighs: 19.27 kg
baggage is on conveyor belt-------
---------baggage detected by sensor------------- 
Baggage weighs: 17.42 kg
baggage is on conveyor belt-------
---------baggage detected by sensor------------- 
Baggage weighs: 19.16 kg
baggage is on conveyor belt-------
---------baggage detected by sensor------------- 
Baggage weighs: 19.52 kg
baggage is on conveyor belt-------
---------baggage detected by sensor------------- 
Baggage weighs: 17.51 kg
baggage is on conveyor belt-------
---------baggage detected by sensor------------- 
Baggage weighs: 17.38 kg
baggage is on conveyor belt-------
---------baggage detected by sensor------------- 
Baggage weighs: 18.67 kg
baggage is on conveyor belt-------
---------baggage detected by sensor------------- 
Baggage weighs: 16.98 kg
baggage is on conveyor belt-------
---------baggage detected by sensor------------- 
Baggage weighs: 21.26 kg
baggage is on conveyor belt-------
---------baggage detected by sensor------------- 
Baggage weighs: 18.3 kg
baggage is on conveyor belt-------
---------baggage detected by sensor------------- 
Baggage weighs: 16.81 kg
baggage is on conveyor belt-------
---------baggage detected by sensor------------- 
Baggage weighs: 20.91 kg
baggage is on conveyor belt-------
---------baggage detected by sensor------------- 
Baggage weighs: 21.21 kg
baggage is on conveyor belt-------
---------baggage detected by sensor------------- 
Baggage weighs: 19.69 kg
baggage is on conveyor belt-------
---------baggage detected by sensor------------- 
Baggage weighs: 18.67 kg
baggage is on conveyor belt-------
---------baggage detected by sensor------------- 
Baggage weighs: 19.12 kg
baggage is on conveyor belt-------
---------baggage detected by sensor------------- 
Baggage weighs: 16.42 kg
baggage is on conveyor belt-------
---------baggage detected by sensor------------- 
Baggage weighs: 19.17 kg
baggage is on conveyor belt-------
---------baggage detected by sensor------------- 
Baggage weighs: 19.0 kg
baggage is on conveyor belt-------
---------baggage detected by sensor------------- 
Baggage weighs: 18.78 kg
baggage is on conveyor belt-------
---------baggage detected by sensor------------- 
Baggage weighs: 20.31 kg
baggage is on conveyor belt-------
---------baggage detected by sensor------------- 
Baggage weighs: 21.25 kg
baggage is on conveyor belt-------
---------baggage detected by sensor------------- 
Baggage weighs: 18.87 kg
baggage is on conveyor belt-------
---------baggage detected by sensor------------- 
Baggage weighs: 16.25 kg
baggage is on conveyor belt-------
---------baggage detected by sensor------------- 
Baggage weighs: 19.94 kg
baggage is on conveyor belt-------
---------baggage detected by sensor------------- 
Baggage weighs: 16.88 kg
baggage is on conveyor belt-------
---------baggage detected by sensor------------- 
Baggage weighs: 18.24 kg
baggage is on conveyor belt-------
---------baggage detected by sensor------------- 
Baggage weighs: 17.16 kg
baggage is on conveyor belt-------
---------baggage detected by sensor------------- 
Baggage weighs: 19.34 kg
baggage is on conveyor belt-------
---------baggage detected by sensor------------- 
Baggage weighs: 22.41 kg
baggage is on conveyor belt-------
---------baggage detected by sensor------------- 
Baggage weighs: 20.47 kg
baggage is on conveyor belt-------
---------baggage detected by sensor------------- 
Baggage weighs: 18.81 kg
baggage is on conveyor belt-------
---------baggage detected by sensor------------- 
Baggage weighs: 18.56 kg
baggage is on conveyor belt-------
---------baggage detected by sensor------------- 
Baggage weighs: 17.77 kg
baggage is on conveyor belt-------
---------baggage detected by sensor------------- 
Baggage weighs: 19.32 kg
baggage is on conveyor belt-------
---------baggage detected by sensor------------- 
Baggage weighs: 19.21 kg
baggage is on conveyor belt-------
---------baggage detected by sensor------------- 
Baggage weighs: 19.13 kg
baggage is on conveyor belt-------
---------baggage detected by sensor------------- 
Baggage weighs: 20.39 kg
baggage is on conveyor belt-------
---------baggage detected by sensor------------- 
Baggage weighs: 21.03 kg
baggage is on conveyor belt-------
---------baggage detected by sensor------------- 
Baggage weighs: 20.05 kg
baggage is on conveyor belt-------
---------baggage detected by sensor------------- 
Baggage weighs: 21.92 kg
baggage is on conveyor belt-------
---------baggage detected by sensor------------- 
Baggage weighs: 19.37 kg
baggage is on conveyor belt-------
---------baggage detected by sensor------------- 
Baggage weighs: 20.35 kg
baggage is on conveyor belt-------
---------baggage detected by sensor------------- 
Baggage weighs: 18.73 kg
baggage is on conveyor belt-------
---------baggage detected by sensor------------- 
Baggage weighs: 20.33 kg
baggage is on conveyor belt-------
---------baggage detected by sensor------------- 
Baggage weighs: 22.01 kg
baggage is on conveyor belt-------
---------baggage detected by sensor------------- 
Baggage weighs: 19.27 kg
baggage is on conveyor belt-------
---------baggage detected by sensor------------- 
Baggage weighs: 21.18 kg
baggage is on conveyor belt-------
---------baggage detected by sensor------------- 
Baggage weighs: 17.16 kg
baggage is on conveyor belt-------
---------baggage detected by sensor------------- 
Baggage weighs: 20.04 kg
baggage is on conveyor belt-------
---------baggage detected by sensor------------- 
Baggage weighs: 20.91 kg
baggage is on conveyor belt-------
---------baggage detected by sensor------------- 
Baggage weighs: 20.3 kg
baggage is on conveyor belt-------
---------baggage detected by sensor------------- 
Baggage weighs: 20.38 kg
baggage is on conveyor belt-------
---------baggage detected by sensor------------- 
Baggage weighs: 16.54 kg
baggage is on conveyor belt-------
---------baggage detected by sensor------------- 
Baggage weighs: 18.87 kg
baggage is on conveyor belt-------
---------baggage detected by sensor------------- 
Baggage weighs: 20.22 kg
baggage is on conveyor belt-------
---------baggage detected by sensor------------- 
Baggage weighs: 20.75 kg
baggage is on conveyor belt-------
---------baggage detected by sensor------------- 
Baggage weighs: 17.4 kg
baggage is on conveyor belt-------
---------baggage detected by sensor------------- 
Baggage weighs: 20.27 kg
baggage is on conveyor belt-------
---------baggage detected by sensor------------- 
Baggage weighs: 17.04 kg
baggage is on conveyor belt-------
---------baggage detected by sensor------------- 
Baggage weighs: 19.84 kg
baggage is on conveyor belt-------
---------baggage detected by sensor------------- 
Baggage weighs: 17.34 kg
baggage is on conveyor belt-------
---------baggage detected by sensor------------- 
Baggage weighs: 18.75 kg
baggage is on conveyor belt-------
---------baggage detected by sensor------------- 
Baggage weighs: 19.12 kg
baggage is on conveyor belt-------
---------baggage detected by sensor------------- 
Baggage weighs: 18.29 kg
baggage is on conveyor belt-------
---------baggage detected by sensor------------- 
Baggage weighs: 17.94 kg
baggage is on conveyor belt-------
---------baggage detected by sensor------------- 
Baggage weighs: 19.09 kg
baggage is on conveyor belt-------
---------baggage detected by sensor------------- 
Baggage weighs: 22.39 kg
baggage is on conveyor belt-------
---------baggage detected by sensor------------- 
Baggage weighs: 21.23 kg
baggage is on conveyor belt-------
---------baggage detected by sensor------------- 
Baggage weighs: 17.56 kg
baggage is on conveyor belt-------
---------baggage detected by sensor------------- 
Baggage weighs: 18.37 kg
baggage is on conveyor belt-------
---------baggage detected by sensor------------- 
Baggage weighs: 21.4 kg
baggage is on conveyor belt-------
---------baggage detected by sensor------------- 
Baggage weighs: 20.25 kg
baggage is on conveyor belt-------
---------baggage detected by sensor------------- 
Baggage weighs: 23.0 kg
baggage is on conveyor belt-------
---------baggage detected by sensor------------- 
Baggage weighs: 17.01 kg
baggage is on conveyor belt-------
---------baggage detected by sensor------------- 
Baggage weighs: 17.39 kg
baggage is on conveyor belt-------
---------baggage detected by sensor------------- 
Baggage weighs: 16.7 kg
baggage is on conveyor belt-------
---------baggage detected by sensor------------- 
Baggage weighs: 16.23 kg
baggage is on conveyor belt-------
---------baggage detected by sensor------------- 
Baggage weighs: 19.13 kg
baggage is on conveyor belt-------
---------baggage detected by sensor------------- 
Baggage weighs: 21.07 kg
baggage is on conveyor belt-------
---------baggage detected by sensor------------- 
Baggage weighs: 17.87 kg
baggage is on conveyor belt-------
---------baggage detected by sensor------------- 
Baggage weighs: 19.92 kg
baggage is on conveyor belt-------
---------baggage detected by sensor------------- 
Baggage weighs: 19.22 kg
baggage is on conveyor belt-------
---------baggage detected by sensor------------- 
Baggage weighs: 21.53 kg
baggage is on conveyor belt-------
---------baggage detected by sensor------------- 
Baggage weighs: 20.29 kg
baggage is on conveyor belt-------
---------baggage detected by sensor------------- 
Baggage weighs: 19.32 kg
baggage is on conveyor belt-------
---------baggage detected by sensor------------- 
Baggage weighs: 17.25 kg
baggage is on conveyor belt-------
---------baggage detected by sensor------------- 
Baggage weighs: 21.3 kg
baggage is on conveyor belt-------
---------baggage detected by sensor------------- 
Baggage weighs: 16.79 kg
baggage is on conveyor belt-------
---------baggage detected by sensor------------- 
Baggage weighs: 19.55 kg
baggage is on conveyor belt-------
---------baggage detected by sensor------------- 
Baggage weighs: 18.88 kg
baggage is on conveyor belt-------
---------baggage detected by sensor------------- 
Baggage weighs: 22.33 kg
baggage is on conveyor belt-------
---------baggage detected by sensor------------- 
Baggage weighs: 20.62 kg
baggage is on conveyor belt-------
---------baggage detected by sensor------------- 
Baggage weighs: 19.42 kg
baggage is on conveyor belt-------
---------baggage detected by sensor------------- 
Baggage weighs: 17.54 kg
baggage is on conveyor belt-------
---------baggage detected by sensor------------- 
Baggage weighs: 21.51 kg
baggage is on conveyor belt-------
---------baggage detected by sensor------------- 
Baggage weighs: 19.46 kg
baggage is on conveyor belt-------
---------baggage detected by sensor------------- 
Baggage weighs: 17.83 kg
baggage is on conveyor belt-------
---------baggage detected by sensor------------- 
Baggage weighs: 17.75 kg
baggage is on conveyor belt-------
---------baggage detected by sensor------------- 
Baggage weighs: 17.44 kg
baggage is on conveyor belt-------
---------baggage detected by sensor------------- 
Baggage weighs: 19.53 kg
baggage is on conveyor belt-------
---------baggage detected by sensor------------- 
Baggage weighs: 17.51 kg
baggage is on conveyor belt-------
---------baggage detected by sensor------------- 
Baggage weighs: 18.2 kg
baggage is on conveyor belt-------
---------baggage detected by sensor------------- 
Baggage weighs: 21.55 kg
baggage is on conveyor belt-------
---------baggage detected by sensor------------- 
Baggage weighs: 19.67 kg
baggage is on conveyor belt-------
---------baggage detected by sensor------------- 
Baggage weighs: 19.52 kg
baggage is on conveyor belt-------
---------baggage detected by sensor------------- 
Baggage weighs: 21.06 kg
baggage is on conveyor belt-------
---------baggage detected by sensor------------- 
Baggage weighs: 17.44 kg
baggage is on conveyor belt-------
---------baggage detected by sensor------------- 
Baggage weighs: 19.21 kg
baggage is on conveyor belt-------
---------baggage detected by sensor------------- 
Baggage weighs: 21.65 kg
baggage is on conveyor belt-------
---------baggage detected by sensor------------- 
Baggage weighs: 19.64 kg
baggage is on conveyor belt-------
---------baggage detected by sensor------------- 
Baggage weighs: 21.03 kg
baggage is on conveyor belt-------
---------baggage detected by sensor------------- 
Baggage weighs: 19.76 kg
baggage is on conveyor belt-------
---------baggage detected by sensor------------- 
Baggage weighs: 21.01 kg
Seat with ID: 27B has been reserved for you!

BOARDING PASS FOR KRISTI WHITAKER
-----------------------------------------------------------------------------
LUFTHANSA                      ocxw44aql4rngt8 /  Kristi Whitaker
Kristi Whitaker                                     /  ocxw44aql4rngt8
FRA   LH2121   E  30.Oct                       /  FRA
HKG                                            /  HKG
SEAT ID: 27B                                   /  LH2121 E 30.Oct
SEQ: 110                                      / GATE: A05   22:00
MAX 1  HANDLUGGAGE/ LUGGAGE
-----------------------------------------------------------------------------
sorry Kristi Whitaker we have no voucher for you! Have a nice day!

---------------------------------------------------------------------------------------------------------------
scanning passport with passport id: 6F2VGVOZN
searching for ticket in fast bag drop database..............
Ticket found for Vivian Kim and Flight LH2121
----searching flight seat for Vivian Kim---------
Found a seat with ID 27C
Below details were found in database
------------------------------------------
Name: Vivian Kim
Flight ID: LH2121
Source: FRA
Destination: HKG
Gate No: A05
Boarding time: 22:00
Ticket ID: rczjdgaks7tftz1
Booking Class: E
------------------------------------------

Proceed with check-in for flight LH2121 ?
Type YES to CHECK-IN or NO to cancel CHECK-IN
Vivian Kim is deciding whether to check-in or to go back home and sleep............
YES CHECK-IN
Checking you in...............
baggage is on conveyor belt-------
---------baggage detected by sensor------------- 
Baggage weighs: 21.58 kg
baggage is on conveyor belt-------
---------baggage detected by sensor------------- 
Baggage weighs: 20.43 kg
baggage is on conveyor belt-------
---------baggage detected by sensor------------- 
Baggage weighs: 18.47 kg
baggage is on conveyor belt-------
---------baggage detected by sensor------------- 
Baggage weighs: 17.86 kg
baggage is on conveyor belt-------
---------baggage detected by sensor------------- 
Baggage weighs: 18.65 kg
baggage is on conveyor belt-------
---------baggage detected by sensor------------- 
Baggage weighs: 19.27 kg
baggage is on conveyor belt-------
---------baggage detected by sensor------------- 
Baggage weighs: 17.42 kg
baggage is on conveyor belt-------
---------baggage detected by sensor------------- 
Baggage weighs: 19.16 kg
baggage is on conveyor belt-------
---------baggage detected by sensor------------- 
Baggage weighs: 19.52 kg
baggage is on conveyor belt-------
---------baggage detected by sensor------------- 
Baggage weighs: 17.51 kg
baggage is on conveyor belt-------
---------baggage detected by sensor------------- 
Baggage weighs: 17.38 kg
baggage is on conveyor belt-------
---------baggage detected by sensor------------- 
Baggage weighs: 18.67 kg
baggage is on conveyor belt-------
---------baggage detected by sensor------------- 
Baggage weighs: 16.98 kg
baggage is on conveyor belt-------
---------baggage detected by sensor------------- 
Baggage weighs: 21.26 kg
baggage is on conveyor belt-------
---------baggage detected by sensor------------- 
Baggage weighs: 18.3 kg
baggage is on conveyor belt-------
---------baggage detected by sensor------------- 
Baggage weighs: 16.81 kg
baggage is on conveyor belt-------
---------baggage detected by sensor------------- 
Baggage weighs: 20.91 kg
baggage is on conveyor belt-------
---------baggage detected by sensor------------- 
Baggage weighs: 21.21 kg
baggage is on conveyor belt-------
---------baggage detected by sensor------------- 
Baggage weighs: 19.69 kg
baggage is on conveyor belt-------
---------baggage detected by sensor------------- 
Baggage weighs: 18.67 kg
baggage is on conveyor belt-------
---------baggage detected by sensor------------- 
Baggage weighs: 19.12 kg
baggage is on conveyor belt-------
---------baggage detected by sensor------------- 
Baggage weighs: 16.42 kg
baggage is on conveyor belt-------
---------baggage detected by sensor------------- 
Baggage weighs: 19.17 kg
baggage is on conveyor belt-------
---------baggage detected by sensor------------- 
Baggage weighs: 19.0 kg
baggage is on conveyor belt-------
---------baggage detected by sensor------------- 
Baggage weighs: 18.78 kg
baggage is on conveyor belt-------
---------baggage detected by sensor------------- 
Baggage weighs: 20.31 kg
baggage is on conveyor belt-------
---------baggage detected by sensor------------- 
Baggage weighs: 21.25 kg
baggage is on conveyor belt-------
---------baggage detected by sensor------------- 
Baggage weighs: 18.87 kg
baggage is on conveyor belt-------
---------baggage detected by sensor------------- 
Baggage weighs: 16.25 kg
baggage is on conveyor belt-------
---------baggage detected by sensor------------- 
Baggage weighs: 19.94 kg
baggage is on conveyor belt-------
---------baggage detected by sensor------------- 
Baggage weighs: 16.88 kg
baggage is on conveyor belt-------
---------baggage detected by sensor------------- 
Baggage weighs: 18.24 kg
baggage is on conveyor belt-------
---------baggage detected by sensor------------- 
Baggage weighs: 17.16 kg
baggage is on conveyor belt-------
---------baggage detected by sensor------------- 
Baggage weighs: 19.34 kg
baggage is on conveyor belt-------
---------baggage detected by sensor------------- 
Baggage weighs: 22.41 kg
baggage is on conveyor belt-------
---------baggage detected by sensor------------- 
Baggage weighs: 20.47 kg
baggage is on conveyor belt-------
---------baggage detected by sensor------------- 
Baggage weighs: 18.81 kg
baggage is on conveyor belt-------
---------baggage detected by sensor------------- 
Baggage weighs: 18.56 kg
baggage is on conveyor belt-------
---------baggage detected by sensor------------- 
Baggage weighs: 17.77 kg
baggage is on conveyor belt-------
---------baggage detected by sensor------------- 
Baggage weighs: 19.32 kg
baggage is on conveyor belt-------
---------baggage detected by sensor------------- 
Baggage weighs: 19.21 kg
baggage is on conveyor belt-------
---------baggage detected by sensor------------- 
Baggage weighs: 19.13 kg
baggage is on conveyor belt-------
---------baggage detected by sensor------------- 
Baggage weighs: 20.39 kg
baggage is on conveyor belt-------
---------baggage detected by sensor------------- 
Baggage weighs: 21.03 kg
baggage is on conveyor belt-------
---------baggage detected by sensor------------- 
Baggage weighs: 20.05 kg
baggage is on conveyor belt-------
---------baggage detected by sensor------------- 
Baggage weighs: 21.92 kg
baggage is on conveyor belt-------
---------baggage detected by sensor------------- 
Baggage weighs: 19.37 kg
baggage is on conveyor belt-------
---------baggage detected by sensor------------- 
Baggage weighs: 20.35 kg
baggage is on conveyor belt-------
---------baggage detected by sensor------------- 
Baggage weighs: 18.73 kg
baggage is on conveyor belt-------
---------baggage detected by sensor------------- 
Baggage weighs: 20.33 kg
baggage is on conveyor belt-------
---------baggage detected by sensor------------- 
Baggage weighs: 22.01 kg
baggage is on conveyor belt-------
---------baggage detected by sensor------------- 
Baggage weighs: 19.27 kg
baggage is on conveyor belt-------
---------baggage detected by sensor------------- 
Baggage weighs: 21.18 kg
baggage is on conveyor belt-------
---------baggage detected by sensor------------- 
Baggage weighs: 17.16 kg
baggage is on conveyor belt-------
---------baggage detected by sensor------------- 
Baggage weighs: 20.04 kg
baggage is on conveyor belt-------
---------baggage detected by sensor------------- 
Baggage weighs: 20.91 kg
baggage is on conveyor belt-------
---------baggage detected by sensor------------- 
Baggage weighs: 20.3 kg
baggage is on conveyor belt-------
---------baggage detected by sensor------------- 
Baggage weighs: 20.38 kg
baggage is on conveyor belt-------
---------baggage detected by sensor------------- 
Baggage weighs: 16.54 kg
baggage is on conveyor belt-------
---------baggage detected by sensor------------- 
Baggage weighs: 18.87 kg
baggage is on conveyor belt-------
---------baggage detected by sensor------------- 
Baggage weighs: 20.22 kg
baggage is on conveyor belt-------
---------baggage detected by sensor------------- 
Baggage weighs: 20.75 kg
baggage is on conveyor belt-------
---------baggage detected by sensor------------- 
Baggage weighs: 17.4 kg
baggage is on conveyor belt-------
---------baggage detected by sensor------------- 
Baggage weighs: 20.27 kg
baggage is on conveyor belt-------
---------baggage detected by sensor------------- 
Baggage weighs: 17.04 kg
baggage is on conveyor belt-------
---------baggage detected by sensor------------- 
Baggage weighs: 19.84 kg
baggage is on conveyor belt-------
---------baggage detected by sensor------------- 
Baggage weighs: 17.34 kg
baggage is on conveyor belt-------
---------baggage detected by sensor------------- 
Baggage weighs: 18.75 kg
baggage is on conveyor belt-------
---------baggage detected by sensor------------- 
Baggage weighs: 19.12 kg
baggage is on conveyor belt-------
---------baggage detected by sensor------------- 
Baggage weighs: 18.29 kg
baggage is on conveyor belt-------
---------baggage detected by sensor------------- 
Baggage weighs: 17.94 kg
baggage is on conveyor belt-------
---------baggage detected by sensor------------- 
Baggage weighs: 19.09 kg
baggage is on conveyor belt-------
---------baggage detected by sensor------------- 
Baggage weighs: 22.39 kg
baggage is on conveyor belt-------
---------baggage detected by sensor------------- 
Baggage weighs: 21.23 kg
baggage is on conveyor belt-------
---------baggage detected by sensor------------- 
Baggage weighs: 17.56 kg
baggage is on conveyor belt-------
---------baggage detected by sensor------------- 
Baggage weighs: 18.37 kg
baggage is on conveyor belt-------
---------baggage detected by sensor------------- 
Baggage weighs: 21.4 kg
baggage is on conveyor belt-------
---------baggage detected by sensor------------- 
Baggage weighs: 20.25 kg
baggage is on conveyor belt-------
---------baggage detected by sensor------------- 
Baggage weighs: 23.0 kg
baggage is on conveyor belt-------
---------baggage detected by sensor------------- 
Baggage weighs: 17.01 kg
baggage is on conveyor belt-------
---------baggage detected by sensor------------- 
Baggage weighs: 17.39 kg
baggage is on conveyor belt-------
---------baggage detected by sensor------------- 
Baggage weighs: 16.7 kg
baggage is on conveyor belt-------
---------baggage detected by sensor------------- 
Baggage weighs: 16.23 kg
baggage is on conveyor belt-------
---------baggage detected by sensor------------- 
Baggage weighs: 19.13 kg
baggage is on conveyor belt-------
---------baggage detected by sensor------------- 
Baggage weighs: 21.07 kg
baggage is on conveyor belt-------
---------baggage detected by sensor------------- 
Baggage weighs: 17.87 kg
baggage is on conveyor belt-------
---------baggage detected by sensor------------- 
Baggage weighs: 19.92 kg
baggage is on conveyor belt-------
---------baggage detected by sensor------------- 
Baggage weighs: 19.22 kg
baggage is on conveyor belt-------
---------baggage detected by sensor------------- 
Baggage weighs: 21.53 kg
baggage is on conveyor belt-------
---------baggage detected by sensor------------- 
Baggage weighs: 20.29 kg
baggage is on conveyor belt-------
---------baggage detected by sensor------------- 
Baggage weighs: 19.32 kg
baggage is on conveyor belt-------
---------baggage detected by sensor------------- 
Baggage weighs: 17.25 kg
baggage is on conveyor belt-------
---------baggage detected by sensor------------- 
Baggage weighs: 21.3 kg
baggage is on conveyor belt-------
---------baggage detected by sensor------------- 
Baggage weighs: 16.79 kg
baggage is on conveyor belt-------
---------baggage detected by sensor------------- 
Baggage weighs: 19.55 kg
baggage is on conveyor belt-------
---------baggage detected by sensor------------- 
Baggage weighs: 18.88 kg
baggage is on conveyor belt-------
---------baggage detected by sensor------------- 
Baggage weighs: 22.33 kg
baggage is on conveyor belt-------
---------baggage detected by sensor------------- 
Baggage weighs: 20.62 kg
baggage is on conveyor belt-------
---------baggage detected by sensor------------- 
Baggage weighs: 19.42 kg
baggage is on conveyor belt-------
---------baggage detected by sensor------------- 
Baggage weighs: 17.54 kg
baggage is on conveyor belt-------
---------baggage detected by sensor------------- 
Baggage weighs: 21.51 kg
baggage is on conveyor belt-------
---------baggage detected by sensor------------- 
Baggage weighs: 19.46 kg
baggage is on conveyor belt-------
---------baggage detected by sensor------------- 
Baggage weighs: 17.83 kg
baggage is on conveyor belt-------
---------baggage detected by sensor------------- 
Baggage weighs: 17.75 kg
baggage is on conveyor belt-------
---------baggage detected by sensor------------- 
Baggage weighs: 17.44 kg
baggage is on conveyor belt-------
---------baggage detected by sensor------------- 
Baggage weighs: 19.53 kg
baggage is on conveyor belt-------
---------baggage detected by sensor------------- 
Baggage weighs: 17.51 kg
baggage is on conveyor belt-------
---------baggage detected by sensor------------- 
Baggage weighs: 18.2 kg
baggage is on conveyor belt-------
---------baggage detected by sensor------------- 
Baggage weighs: 21.55 kg
baggage is on conveyor belt-------
---------baggage detected by sensor------------- 
Baggage weighs: 19.67 kg
baggage is on conveyor belt-------
---------baggage detected by sensor------------- 
Baggage weighs: 19.52 kg
baggage is on conveyor belt-------
---------baggage detected by sensor------------- 
Baggage weighs: 21.06 kg
baggage is on conveyor belt-------
---------baggage detected by sensor------------- 
Baggage weighs: 17.44 kg
baggage is on conveyor belt-------
---------baggage detected by sensor------------- 
Baggage weighs: 19.21 kg
baggage is on conveyor belt-------
---------baggage detected by sensor------------- 
Baggage weighs: 21.65 kg
baggage is on conveyor belt-------
---------baggage detected by sensor------------- 
Baggage weighs: 19.64 kg
baggage is on conveyor belt-------
---------baggage detected by sensor------------- 
Baggage weighs: 21.03 kg
baggage is on conveyor belt-------
---------baggage detected by sensor------------- 
Baggage weighs: 19.76 kg
baggage is on conveyor belt-------
---------baggage detected by sensor------------- 
Baggage weighs: 21.01 kg
baggage is on conveyor belt-------
---------baggage detected by sensor------------- 
Baggage weighs: 19.11 kg
Seat with ID: 27C has been reserved for you!

BOARDING PASS FOR VIVIAN KIM
-----------------------------------------------------------------------------
LUFTHANSA                      rczjdgaks7tftz1 /  Vivian Kim
Vivian Kim                                     /  rczjdgaks7tftz1
FRA   LH2121   E  30.Oct                       /  FRA
HKG                                            /  HKG
SEAT ID: 27C                                   /  LH2121 E 30.Oct
SEQ: 111                                      / GATE: A05   22:00
MAX 1  HANDLUGGAGE/ LUGGAGE
-----------------------------------------------------------------------------
sorry Vivian Kim we have no voucher for you! Have a nice day!

---------------------------------------------------------------------------------------------------------------
scanning passport with passport id: VOLHT86XM
searching for ticket in fast bag drop database..............
Ticket found for Fernando Wilkins and Flight LH2121
----searching flight seat for Fernando Wilkins---------
Found a seat with ID 27D
Below details were found in database
------------------------------------------
Name: Fernando Wilkins
Flight ID: LH2121
Source: FRA
Destination: HKG
Gate No: A05
Boarding time: 22:00
Ticket ID: x1tav6ycn3lbg1t
Booking Class: E
------------------------------------------

Proceed with check-in for flight LH2121 ?
Type YES to CHECK-IN or NO to cancel CHECK-IN
Fernando Wilkins is deciding whether to check-in or to go back home and sleep............
YES CHECK-IN
Checking you in...............
baggage is on conveyor belt-------
---------baggage detected by sensor------------- 
Baggage weighs: 21.58 kg
baggage is on conveyor belt-------
---------baggage detected by sensor------------- 
Baggage weighs: 20.43 kg
baggage is on conveyor belt-------
---------baggage detected by sensor------------- 
Baggage weighs: 18.47 kg
baggage is on conveyor belt-------
---------baggage detected by sensor------------- 
Baggage weighs: 17.86 kg
baggage is on conveyor belt-------
---------baggage detected by sensor------------- 
Baggage weighs: 18.65 kg
baggage is on conveyor belt-------
---------baggage detected by sensor------------- 
Baggage weighs: 19.27 kg
baggage is on conveyor belt-------
---------baggage detected by sensor------------- 
Baggage weighs: 17.42 kg
baggage is on conveyor belt-------
---------baggage detected by sensor------------- 
Baggage weighs: 19.16 kg
baggage is on conveyor belt-------
---------baggage detected by sensor------------- 
Baggage weighs: 19.52 kg
baggage is on conveyor belt-------
---------baggage detected by sensor------------- 
Baggage weighs: 17.51 kg
baggage is on conveyor belt-------
---------baggage detected by sensor------------- 
Baggage weighs: 17.38 kg
baggage is on conveyor belt-------
---------baggage detected by sensor------------- 
Baggage weighs: 18.67 kg
baggage is on conveyor belt-------
---------baggage detected by sensor------------- 
Baggage weighs: 16.98 kg
baggage is on conveyor belt-------
---------baggage detected by sensor------------- 
Baggage weighs: 21.26 kg
baggage is on conveyor belt-------
---------baggage detected by sensor------------- 
Baggage weighs: 18.3 kg
baggage is on conveyor belt-------
---------baggage detected by sensor------------- 
Baggage weighs: 16.81 kg
baggage is on conveyor belt-------
---------baggage detected by sensor------------- 
Baggage weighs: 20.91 kg
baggage is on conveyor belt-------
---------baggage detected by sensor------------- 
Baggage weighs: 21.21 kg
baggage is on conveyor belt-------
---------baggage detected by sensor------------- 
Baggage weighs: 19.69 kg
baggage is on conveyor belt-------
---------baggage detected by sensor------------- 
Baggage weighs: 18.67 kg
baggage is on conveyor belt-------
---------baggage detected by sensor------------- 
Baggage weighs: 19.12 kg
baggage is on conveyor belt-------
---------baggage detected by sensor------------- 
Baggage weighs: 16.42 kg
baggage is on conveyor belt-------
---------baggage detected by sensor------------- 
Baggage weighs: 19.17 kg
baggage is on conveyor belt-------
---------baggage detected by sensor------------- 
Baggage weighs: 19.0 kg
baggage is on conveyor belt-------
---------baggage detected by sensor------------- 
Baggage weighs: 18.78 kg
baggage is on conveyor belt-------
---------baggage detected by sensor------------- 
Baggage weighs: 20.31 kg
baggage is on conveyor belt-------
---------baggage detected by sensor------------- 
Baggage weighs: 21.25 kg
baggage is on conveyor belt-------
---------baggage detected by sensor------------- 
Baggage weighs: 18.87 kg
baggage is on conveyor belt-------
---------baggage detected by sensor------------- 
Baggage weighs: 16.25 kg
baggage is on conveyor belt-------
---------baggage detected by sensor------------- 
Baggage weighs: 19.94 kg
baggage is on conveyor belt-------
---------baggage detected by sensor------------- 
Baggage weighs: 16.88 kg
baggage is on conveyor belt-------
---------baggage detected by sensor------------- 
Baggage weighs: 18.24 kg
baggage is on conveyor belt-------
---------baggage detected by sensor------------- 
Baggage weighs: 17.16 kg
baggage is on conveyor belt-------
---------baggage detected by sensor------------- 
Baggage weighs: 19.34 kg
baggage is on conveyor belt-------
---------baggage detected by sensor------------- 
Baggage weighs: 22.41 kg
baggage is on conveyor belt-------
---------baggage detected by sensor------------- 
Baggage weighs: 20.47 kg
baggage is on conveyor belt-------
---------baggage detected by sensor------------- 
Baggage weighs: 18.81 kg
baggage is on conveyor belt-------
---------baggage detected by sensor------------- 
Baggage weighs: 18.56 kg
baggage is on conveyor belt-------
---------baggage detected by sensor------------- 
Baggage weighs: 17.77 kg
baggage is on conveyor belt-------
---------baggage detected by sensor------------- 
Baggage weighs: 19.32 kg
baggage is on conveyor belt-------
---------baggage detected by sensor------------- 
Baggage weighs: 19.21 kg
baggage is on conveyor belt-------
---------baggage detected by sensor------------- 
Baggage weighs: 19.13 kg
baggage is on conveyor belt-------
---------baggage detected by sensor------------- 
Baggage weighs: 20.39 kg
baggage is on conveyor belt-------
---------baggage detected by sensor------------- 
Baggage weighs: 21.03 kg
baggage is on conveyor belt-------
---------baggage detected by sensor------------- 
Baggage weighs: 20.05 kg
baggage is on conveyor belt-------
---------baggage detected by sensor------------- 
Baggage weighs: 21.92 kg
baggage is on conveyor belt-------
---------baggage detected by sensor------------- 
Baggage weighs: 19.37 kg
baggage is on conveyor belt-------
---------baggage detected by sensor------------- 
Baggage weighs: 20.35 kg
baggage is on conveyor belt-------
---------baggage detected by sensor------------- 
Baggage weighs: 18.73 kg
baggage is on conveyor belt-------
---------baggage detected by sensor------------- 
Baggage weighs: 20.33 kg
baggage is on conveyor belt-------
---------baggage detected by sensor------------- 
Baggage weighs: 22.01 kg
baggage is on conveyor belt-------
---------baggage detected by sensor------------- 
Baggage weighs: 19.27 kg
baggage is on conveyor belt-------
---------baggage detected by sensor------------- 
Baggage weighs: 21.18 kg
baggage is on conveyor belt-------
---------baggage detected by sensor------------- 
Baggage weighs: 17.16 kg
baggage is on conveyor belt-------
---------baggage detected by sensor------------- 
Baggage weighs: 20.04 kg
baggage is on conveyor belt-------
---------baggage detected by sensor------------- 
Baggage weighs: 20.91 kg
baggage is on conveyor belt-------
---------baggage detected by sensor------------- 
Baggage weighs: 20.3 kg
baggage is on conveyor belt-------
---------baggage detected by sensor------------- 
Baggage weighs: 20.38 kg
baggage is on conveyor belt-------
---------baggage detected by sensor------------- 
Baggage weighs: 16.54 kg
baggage is on conveyor belt-------
---------baggage detected by sensor------------- 
Baggage weighs: 18.87 kg
baggage is on conveyor belt-------
---------baggage detected by sensor------------- 
Baggage weighs: 20.22 kg
baggage is on conveyor belt-------
---------baggage detected by sensor------------- 
Baggage weighs: 20.75 kg
baggage is on conveyor belt-------
---------baggage detected by sensor------------- 
Baggage weighs: 17.4 kg
baggage is on conveyor belt-------
---------baggage detected by sensor------------- 
Baggage weighs: 20.27 kg
baggage is on conveyor belt-------
---------baggage detected by sensor------------- 
Baggage weighs: 17.04 kg
baggage is on conveyor belt-------
---------baggage detected by sensor------------- 
Baggage weighs: 19.84 kg
baggage is on conveyor belt-------
---------baggage detected by sensor------------- 
Baggage weighs: 17.34 kg
baggage is on conveyor belt-------
---------baggage detected by sensor------------- 
Baggage weighs: 18.75 kg
baggage is on conveyor belt-------
---------baggage detected by sensor------------- 
Baggage weighs: 19.12 kg
baggage is on conveyor belt-------
---------baggage detected by sensor------------- 
Baggage weighs: 18.29 kg
baggage is on conveyor belt-------
---------baggage detected by sensor------------- 
Baggage weighs: 17.94 kg
baggage is on conveyor belt-------
---------baggage detected by sensor------------- 
Baggage weighs: 19.09 kg
baggage is on conveyor belt-------
---------baggage detected by sensor------------- 
Baggage weighs: 22.39 kg
baggage is on conveyor belt-------
---------baggage detected by sensor------------- 
Baggage weighs: 21.23 kg
baggage is on conveyor belt-------
---------baggage detected by sensor------------- 
Baggage weighs: 17.56 kg
baggage is on conveyor belt-------
---------baggage detected by sensor------------- 
Baggage weighs: 18.37 kg
baggage is on conveyor belt-------
---------baggage detected by sensor------------- 
Baggage weighs: 21.4 kg
baggage is on conveyor belt-------
---------baggage detected by sensor------------- 
Baggage weighs: 20.25 kg
baggage is on conveyor belt-------
---------baggage detected by sensor------------- 
Baggage weighs: 23.0 kg
baggage is on conveyor belt-------
---------baggage detected by sensor------------- 
Baggage weighs: 17.01 kg
baggage is on conveyor belt-------
---------baggage detected by sensor------------- 
Baggage weighs: 17.39 kg
baggage is on conveyor belt-------
---------baggage detected by sensor------------- 
Baggage weighs: 16.7 kg
baggage is on conveyor belt-------
---------baggage detected by sensor------------- 
Baggage weighs: 16.23 kg
baggage is on conveyor belt-------
---------baggage detected by sensor------------- 
Baggage weighs: 19.13 kg
baggage is on conveyor belt-------
---------baggage detected by sensor------------- 
Baggage weighs: 21.07 kg
baggage is on conveyor belt-------
---------baggage detected by sensor------------- 
Baggage weighs: 17.87 kg
baggage is on conveyor belt-------
---------baggage detected by sensor------------- 
Baggage weighs: 19.92 kg
baggage is on conveyor belt-------
---------baggage detected by sensor------------- 
Baggage weighs: 19.22 kg
baggage is on conveyor belt-------
---------baggage detected by sensor------------- 
Baggage weighs: 21.53 kg
baggage is on conveyor belt-------
---------baggage detected by sensor------------- 
Baggage weighs: 20.29 kg
baggage is on conveyor belt-------
---------baggage detected by sensor------------- 
Baggage weighs: 19.32 kg
baggage is on conveyor belt-------
---------baggage detected by sensor------------- 
Baggage weighs: 17.25 kg
baggage is on conveyor belt-------
---------baggage detected by sensor------------- 
Baggage weighs: 21.3 kg
baggage is on conveyor belt-------
---------baggage detected by sensor------------- 
Baggage weighs: 16.79 kg
baggage is on conveyor belt-------
---------baggage detected by sensor------------- 
Baggage weighs: 19.55 kg
baggage is on conveyor belt-------
---------baggage detected by sensor------------- 
Baggage weighs: 18.88 kg
baggage is on conveyor belt-------
---------baggage detected by sensor------------- 
Baggage weighs: 22.33 kg
baggage is on conveyor belt-------
---------baggage detected by sensor------------- 
Baggage weighs: 20.62 kg
baggage is on conveyor belt-------
---------baggage detected by sensor------------- 
Baggage weighs: 19.42 kg
baggage is on conveyor belt-------
---------baggage detected by sensor------------- 
Baggage weighs: 17.54 kg
baggage is on conveyor belt-------
---------baggage detected by sensor------------- 
Baggage weighs: 21.51 kg
baggage is on conveyor belt-------
---------baggage detected by sensor------------- 
Baggage weighs: 19.46 kg
baggage is on conveyor belt-------
---------baggage detected by sensor------------- 
Baggage weighs: 17.83 kg
baggage is on conveyor belt-------
---------baggage detected by sensor------------- 
Baggage weighs: 17.75 kg
baggage is on conveyor belt-------
---------baggage detected by sensor------------- 
Baggage weighs: 17.44 kg
baggage is on conveyor belt-------
---------baggage detected by sensor------------- 
Baggage weighs: 19.53 kg
baggage is on conveyor belt-------
---------baggage detected by sensor------------- 
Baggage weighs: 17.51 kg
baggage is on conveyor belt-------
---------baggage detected by sensor------------- 
Baggage weighs: 18.2 kg
baggage is on conveyor belt-------
---------baggage detected by sensor------------- 
Baggage weighs: 21.55 kg
baggage is on conveyor belt-------
---------baggage detected by sensor------------- 
Baggage weighs: 19.67 kg
baggage is on conveyor belt-------
---------baggage detected by sensor------------- 
Baggage weighs: 19.52 kg
baggage is on conveyor belt-------
---------baggage detected by sensor------------- 
Baggage weighs: 21.06 kg
baggage is on conveyor belt-------
---------baggage detected by sensor------------- 
Baggage weighs: 17.44 kg
baggage is on conveyor belt-------
---------baggage detected by sensor------------- 
Baggage weighs: 19.21 kg
baggage is on conveyor belt-------
---------baggage detected by sensor------------- 
Baggage weighs: 21.65 kg
baggage is on conveyor belt-------
---------baggage detected by sensor------------- 
Baggage weighs: 19.64 kg
baggage is on conveyor belt-------
---------baggage detected by sensor------------- 
Baggage weighs: 21.03 kg
baggage is on conveyor belt-------
---------baggage detected by sensor------------- 
Baggage weighs: 19.76 kg
baggage is on conveyor belt-------
---------baggage detected by sensor------------- 
Baggage weighs: 21.01 kg
baggage is on conveyor belt-------
---------baggage detected by sensor------------- 
Baggage weighs: 19.11 kg
baggage is on conveyor belt-------
---------baggage detected by sensor------------- 
Baggage weighs: 18.54 kg
Seat with ID: 27D has been reserved for you!

BOARDING PASS FOR FERNANDO WILKINS
-----------------------------------------------------------------------------
LUFTHANSA                      x1tav6ycn3lbg1t /  Fernando Wilkins
Fernando Wilkins                                     /  x1tav6ycn3lbg1t
FRA   LH2121   E  30.Oct                       /  FRA
HKG                                            /  HKG
SEAT ID: 27D                                   /  LH2121 E 30.Oct
SEQ: 112                                      / GATE: A05   22:00
MAX 1  HANDLUGGAGE/ LUGGAGE
-----------------------------------------------------------------------------
sorry Fernando Wilkins we have no voucher for you! Have a nice day!

---------------------------------------------------------------------------------------------------------------
scanning passport with passport id: HCSLZPAYI
searching for ticket in fast bag drop database..............
Ticket found for Virgilio Cummings and Flight LH2121
----searching flight seat for Virgilio Cummings---------
Found a seat with ID 27E
Below details were found in database
------------------------------------------
Name: Virgilio Cummings
Flight ID: LH2121
Source: FRA
Destination: HKG
Gate No: A05
Boarding time: 22:00
Ticket ID: 4qvggft80v8grw1
Booking Class: E
------------------------------------------

Proceed with check-in for flight LH2121 ?
Type YES to CHECK-IN or NO to cancel CHECK-IN
Virgilio Cummings is deciding whether to check-in or to go back home and sleep............
YES CHECK-IN
Checking you in...............
baggage is on conveyor belt-------
---------baggage detected by sensor------------- 
Baggage weighs: 21.58 kg
baggage is on conveyor belt-------
---------baggage detected by sensor------------- 
Baggage weighs: 20.43 kg
baggage is on conveyor belt-------
---------baggage detected by sensor------------- 
Baggage weighs: 18.47 kg
baggage is on conveyor belt-------
---------baggage detected by sensor------------- 
Baggage weighs: 17.86 kg
baggage is on conveyor belt-------
---------baggage detected by sensor------------- 
Baggage weighs: 18.65 kg
baggage is on conveyor belt-------
---------baggage detected by sensor------------- 
Baggage weighs: 19.27 kg
baggage is on conveyor belt-------
---------baggage detected by sensor------------- 
Baggage weighs: 17.42 kg
baggage is on conveyor belt-------
---------baggage detected by sensor------------- 
Baggage weighs: 19.16 kg
baggage is on conveyor belt-------
---------baggage detected by sensor------------- 
Baggage weighs: 19.52 kg
baggage is on conveyor belt-------
---------baggage detected by sensor------------- 
Baggage weighs: 17.51 kg
baggage is on conveyor belt-------
---------baggage detected by sensor------------- 
Baggage weighs: 17.38 kg
baggage is on conveyor belt-------
---------baggage detected by sensor------------- 
Baggage weighs: 18.67 kg
baggage is on conveyor belt-------
---------baggage detected by sensor------------- 
Baggage weighs: 16.98 kg
baggage is on conveyor belt-------
---------baggage detected by sensor------------- 
Baggage weighs: 21.26 kg
baggage is on conveyor belt-------
---------baggage detected by sensor------------- 
Baggage weighs: 18.3 kg
baggage is on conveyor belt-------
---------baggage detected by sensor------------- 
Baggage weighs: 16.81 kg
baggage is on conveyor belt-------
---------baggage detected by sensor------------- 
Baggage weighs: 20.91 kg
baggage is on conveyor belt-------
---------baggage detected by sensor------------- 
Baggage weighs: 21.21 kg
baggage is on conveyor belt-------
---------baggage detected by sensor------------- 
Baggage weighs: 19.69 kg
baggage is on conveyor belt-------
---------baggage detected by sensor------------- 
Baggage weighs: 18.67 kg
baggage is on conveyor belt-------
---------baggage detected by sensor------------- 
Baggage weighs: 19.12 kg
baggage is on conveyor belt-------
---------baggage detected by sensor------------- 
Baggage weighs: 16.42 kg
baggage is on conveyor belt-------
---------baggage detected by sensor------------- 
Baggage weighs: 19.17 kg
baggage is on conveyor belt-------
---------baggage detected by sensor------------- 
Baggage weighs: 19.0 kg
baggage is on conveyor belt-------
---------baggage detected by sensor------------- 
Baggage weighs: 18.78 kg
baggage is on conveyor belt-------
---------baggage detected by sensor------------- 
Baggage weighs: 20.31 kg
baggage is on conveyor belt-------
---------baggage detected by sensor------------- 
Baggage weighs: 21.25 kg
baggage is on conveyor belt-------
---------baggage detected by sensor------------- 
Baggage weighs: 18.87 kg
baggage is on conveyor belt-------
---------baggage detected by sensor------------- 
Baggage weighs: 16.25 kg
baggage is on conveyor belt-------
---------baggage detected by sensor------------- 
Baggage weighs: 19.94 kg
baggage is on conveyor belt-------
---------baggage detected by sensor------------- 
Baggage weighs: 16.88 kg
baggage is on conveyor belt-------
---------baggage detected by sensor------------- 
Baggage weighs: 18.24 kg
baggage is on conveyor belt-------
---------baggage detected by sensor------------- 
Baggage weighs: 17.16 kg
baggage is on conveyor belt-------
---------baggage detected by sensor------------- 
Baggage weighs: 19.34 kg
baggage is on conveyor belt-------
---------baggage detected by sensor------------- 
Baggage weighs: 22.41 kg
baggage is on conveyor belt-------
---------baggage detected by sensor------------- 
Baggage weighs: 20.47 kg
baggage is on conveyor belt-------
---------baggage detected by sensor------------- 
Baggage weighs: 18.81 kg
baggage is on conveyor belt-------
---------baggage detected by sensor------------- 
Baggage weighs: 18.56 kg
baggage is on conveyor belt-------
---------baggage detected by sensor------------- 
Baggage weighs: 17.77 kg
baggage is on conveyor belt-------
---------baggage detected by sensor------------- 
Baggage weighs: 19.32 kg
baggage is on conveyor belt-------
---------baggage detected by sensor------------- 
Baggage weighs: 19.21 kg
baggage is on conveyor belt-------
---------baggage detected by sensor------------- 
Baggage weighs: 19.13 kg
baggage is on conveyor belt-------
---------baggage detected by sensor------------- 
Baggage weighs: 20.39 kg
baggage is on conveyor belt-------
---------baggage detected by sensor------------- 
Baggage weighs: 21.03 kg
baggage is on conveyor belt-------
---------baggage detected by sensor------------- 
Baggage weighs: 20.05 kg
baggage is on conveyor belt-------
---------baggage detected by sensor------------- 
Baggage weighs: 21.92 kg
baggage is on conveyor belt-------
---------baggage detected by sensor------------- 
Baggage weighs: 19.37 kg
baggage is on conveyor belt-------
---------baggage detected by sensor------------- 
Baggage weighs: 20.35 kg
baggage is on conveyor belt-------
---------baggage detected by sensor------------- 
Baggage weighs: 18.73 kg
baggage is on conveyor belt-------
---------baggage detected by sensor------------- 
Baggage weighs: 20.33 kg
baggage is on conveyor belt-------
---------baggage detected by sensor------------- 
Baggage weighs: 22.01 kg
baggage is on conveyor belt-------
---------baggage detected by sensor------------- 
Baggage weighs: 19.27 kg
baggage is on conveyor belt-------
---------baggage detected by sensor------------- 
Baggage weighs: 21.18 kg
baggage is on conveyor belt-------
---------baggage detected by sensor------------- 
Baggage weighs: 17.16 kg
baggage is on conveyor belt-------
---------baggage detected by sensor------------- 
Baggage weighs: 20.04 kg
baggage is on conveyor belt-------
---------baggage detected by sensor------------- 
Baggage weighs: 20.91 kg
baggage is on conveyor belt-------
---------baggage detected by sensor------------- 
Baggage weighs: 20.3 kg
baggage is on conveyor belt-------
---------baggage detected by sensor------------- 
Baggage weighs: 20.38 kg
baggage is on conveyor belt-------
---------baggage detected by sensor------------- 
Baggage weighs: 16.54 kg
baggage is on conveyor belt-------
---------baggage detected by sensor------------- 
Baggage weighs: 18.87 kg
baggage is on conveyor belt-------
---------baggage detected by sensor------------- 
Baggage weighs: 20.22 kg
baggage is on conveyor belt-------
---------baggage detected by sensor------------- 
Baggage weighs: 20.75 kg
baggage is on conveyor belt-------
---------baggage detected by sensor------------- 
Baggage weighs: 17.4 kg
baggage is on conveyor belt-------
---------baggage detected by sensor------------- 
Baggage weighs: 20.27 kg
baggage is on conveyor belt-------
---------baggage detected by sensor------------- 
Baggage weighs: 17.04 kg
baggage is on conveyor belt-------
---------baggage detected by sensor------------- 
Baggage weighs: 19.84 kg
baggage is on conveyor belt-------
---------baggage detected by sensor------------- 
Baggage weighs: 17.34 kg
baggage is on conveyor belt-------
---------baggage detected by sensor------------- 
Baggage weighs: 18.75 kg
baggage is on conveyor belt-------
---------baggage detected by sensor------------- 
Baggage weighs: 19.12 kg
baggage is on conveyor belt-------
---------baggage detected by sensor------------- 
Baggage weighs: 18.29 kg
baggage is on conveyor belt-------
---------baggage detected by sensor------------- 
Baggage weighs: 17.94 kg
baggage is on conveyor belt-------
---------baggage detected by sensor------------- 
Baggage weighs: 19.09 kg
baggage is on conveyor belt-------
---------baggage detected by sensor------------- 
Baggage weighs: 22.39 kg
baggage is on conveyor belt-------
---------baggage detected by sensor------------- 
Baggage weighs: 21.23 kg
baggage is on conveyor belt-------
---------baggage detected by sensor------------- 
Baggage weighs: 17.56 kg
baggage is on conveyor belt-------
---------baggage detected by sensor------------- 
Baggage weighs: 18.37 kg
baggage is on conveyor belt-------
---------baggage detected by sensor------------- 
Baggage weighs: 21.4 kg
baggage is on conveyor belt-------
---------baggage detected by sensor------------- 
Baggage weighs: 20.25 kg
baggage is on conveyor belt-------
---------baggage detected by sensor------------- 
Baggage weighs: 23.0 kg
baggage is on conveyor belt-------
---------baggage detected by sensor------------- 
Baggage weighs: 17.01 kg
baggage is on conveyor belt-------
---------baggage detected by sensor------------- 
Baggage weighs: 17.39 kg
baggage is on conveyor belt-------
---------baggage detected by sensor------------- 
Baggage weighs: 16.7 kg
baggage is on conveyor belt-------
---------baggage detected by sensor------------- 
Baggage weighs: 16.23 kg
baggage is on conveyor belt-------
---------baggage detected by sensor------------- 
Baggage weighs: 19.13 kg
baggage is on conveyor belt-------
---------baggage detected by sensor------------- 
Baggage weighs: 21.07 kg
baggage is on conveyor belt-------
---------baggage detected by sensor------------- 
Baggage weighs: 17.87 kg
baggage is on conveyor belt-------
---------baggage detected by sensor------------- 
Baggage weighs: 19.92 kg
baggage is on conveyor belt-------
---------baggage detected by sensor------------- 
Baggage weighs: 19.22 kg
baggage is on conveyor belt-------
---------baggage detected by sensor------------- 
Baggage weighs: 21.53 kg
baggage is on conveyor belt-------
---------baggage detected by sensor------------- 
Baggage weighs: 20.29 kg
baggage is on conveyor belt-------
---------baggage detected by sensor------------- 
Baggage weighs: 19.32 kg
baggage is on conveyor belt-------
---------baggage detected by sensor------------- 
Baggage weighs: 17.25 kg
baggage is on conveyor belt-------
---------baggage detected by sensor------------- 
Baggage weighs: 21.3 kg
baggage is on conveyor belt-------
---------baggage detected by sensor------------- 
Baggage weighs: 16.79 kg
baggage is on conveyor belt-------
---------baggage detected by sensor------------- 
Baggage weighs: 19.55 kg
baggage is on conveyor belt-------
---------baggage detected by sensor------------- 
Baggage weighs: 18.88 kg
baggage is on conveyor belt-------
---------baggage detected by sensor------------- 
Baggage weighs: 22.33 kg
baggage is on conveyor belt-------
---------baggage detected by sensor------------- 
Baggage weighs: 20.62 kg
baggage is on conveyor belt-------
---------baggage detected by sensor------------- 
Baggage weighs: 19.42 kg
baggage is on conveyor belt-------
---------baggage detected by sensor------------- 
Baggage weighs: 17.54 kg
baggage is on conveyor belt-------
---------baggage detected by sensor------------- 
Baggage weighs: 21.51 kg
baggage is on conveyor belt-------
---------baggage detected by sensor------------- 
Baggage weighs: 19.46 kg
baggage is on conveyor belt-------
---------baggage detected by sensor------------- 
Baggage weighs: 17.83 kg
baggage is on conveyor belt-------
---------baggage detected by sensor------------- 
Baggage weighs: 17.75 kg
baggage is on conveyor belt-------
---------baggage detected by sensor------------- 
Baggage weighs: 17.44 kg
baggage is on conveyor belt-------
---------baggage detected by sensor------------- 
Baggage weighs: 19.53 kg
baggage is on conveyor belt-------
---------baggage detected by sensor------------- 
Baggage weighs: 17.51 kg
baggage is on conveyor belt-------
---------baggage detected by sensor------------- 
Baggage weighs: 18.2 kg
baggage is on conveyor belt-------
---------baggage detected by sensor------------- 
Baggage weighs: 21.55 kg
baggage is on conveyor belt-------
---------baggage detected by sensor------------- 
Baggage weighs: 19.67 kg
baggage is on conveyor belt-------
---------baggage detected by sensor------------- 
Baggage weighs: 19.52 kg
baggage is on conveyor belt-------
---------baggage detected by sensor------------- 
Baggage weighs: 21.06 kg
baggage is on conveyor belt-------
---------baggage detected by sensor------------- 
Baggage weighs: 17.44 kg
baggage is on conveyor belt-------
---------baggage detected by sensor------------- 
Baggage weighs: 19.21 kg
baggage is on conveyor belt-------
---------baggage detected by sensor------------- 
Baggage weighs: 21.65 kg
baggage is on conveyor belt-------
---------baggage detected by sensor------------- 
Baggage weighs: 19.64 kg
baggage is on conveyor belt-------
---------baggage detected by sensor------------- 
Baggage weighs: 21.03 kg
baggage is on conveyor belt-------
---------baggage detected by sensor------------- 
Baggage weighs: 19.76 kg
baggage is on conveyor belt-------
---------baggage detected by sensor------------- 
Baggage weighs: 21.01 kg
baggage is on conveyor belt-------
---------baggage detected by sensor------------- 
Baggage weighs: 19.11 kg
baggage is on conveyor belt-------
---------baggage detected by sensor------------- 
Baggage weighs: 18.54 kg
baggage is on conveyor belt-------
---------baggage detected by sensor------------- 
Baggage weighs: 16.86 kg
Seat with ID: 27E has been reserved for you!

BOARDING PASS FOR VIRGILIO CUMMINGS
-----------------------------------------------------------------------------
LUFTHANSA                      4qvggft80v8grw1 /  Virgilio Cummings
Virgilio Cummings                                     /  4qvggft80v8grw1
FRA   LH2121   E  30.Oct                       /  FRA
HKG                                            /  HKG
SEAT ID: 27E                                   /  LH2121 E 30.Oct
SEQ: 113                                      / GATE: A05   22:00
MAX 1  HANDLUGGAGE/ LUGGAGE
-----------------------------------------------------------------------------
sorry Virgilio Cummings we have no voucher for you! Have a nice day!

---------------------------------------------------------------------------------------------------------------
scanning passport with passport id: O2R7RO1HG
searching for ticket in fast bag drop database..............
Ticket found for Kathleen Snyder and Flight LH2121
----searching flight seat for Kathleen Snyder---------
Found a seat with ID 27G
Below details were found in database
------------------------------------------
Name: Kathleen Snyder
Flight ID: LH2121
Source: FRA
Destination: HKG
Gate No: A05
Boarding time: 22:00
Ticket ID: rsziw8h0j7umesf
Booking Class: E
------------------------------------------

Proceed with check-in for flight LH2121 ?
Type YES to CHECK-IN or NO to cancel CHECK-IN
Kathleen Snyder is deciding whether to check-in or to go back home and sleep............
YES CHECK-IN
Checking you in...............
baggage is on conveyor belt-------
---------baggage detected by sensor------------- 
Baggage weighs: 21.58 kg
baggage is on conveyor belt-------
---------baggage detected by sensor------------- 
Baggage weighs: 20.43 kg
baggage is on conveyor belt-------
---------baggage detected by sensor------------- 
Baggage weighs: 18.47 kg
baggage is on conveyor belt-------
---------baggage detected by sensor------------- 
Baggage weighs: 17.86 kg
baggage is on conveyor belt-------
---------baggage detected by sensor------------- 
Baggage weighs: 18.65 kg
baggage is on conveyor belt-------
---------baggage detected by sensor------------- 
Baggage weighs: 19.27 kg
baggage is on conveyor belt-------
---------baggage detected by sensor------------- 
Baggage weighs: 17.42 kg
baggage is on conveyor belt-------
---------baggage detected by sensor------------- 
Baggage weighs: 19.16 kg
baggage is on conveyor belt-------
---------baggage detected by sensor------------- 
Baggage weighs: 19.52 kg
baggage is on conveyor belt-------
---------baggage detected by sensor------------- 
Baggage weighs: 17.51 kg
baggage is on conveyor belt-------
---------baggage detected by sensor------------- 
Baggage weighs: 17.38 kg
baggage is on conveyor belt-------
---------baggage detected by sensor------------- 
Baggage weighs: 18.67 kg
baggage is on conveyor belt-------
---------baggage detected by sensor------------- 
Baggage weighs: 16.98 kg
baggage is on conveyor belt-------
---------baggage detected by sensor------------- 
Baggage weighs: 21.26 kg
baggage is on conveyor belt-------
---------baggage detected by sensor------------- 
Baggage weighs: 18.3 kg
baggage is on conveyor belt-------
---------baggage detected by sensor------------- 
Baggage weighs: 16.81 kg
baggage is on conveyor belt-------
---------baggage detected by sensor------------- 
Baggage weighs: 20.91 kg
baggage is on conveyor belt-------
---------baggage detected by sensor------------- 
Baggage weighs: 21.21 kg
baggage is on conveyor belt-------
---------baggage detected by sensor------------- 
Baggage weighs: 19.69 kg
baggage is on conveyor belt-------
---------baggage detected by sensor------------- 
Baggage weighs: 18.67 kg
baggage is on conveyor belt-------
---------baggage detected by sensor------------- 
Baggage weighs: 19.12 kg
baggage is on conveyor belt-------
---------baggage detected by sensor------------- 
Baggage weighs: 16.42 kg
baggage is on conveyor belt-------
---------baggage detected by sensor------------- 
Baggage weighs: 19.17 kg
baggage is on conveyor belt-------
---------baggage detected by sensor------------- 
Baggage weighs: 19.0 kg
baggage is on conveyor belt-------
---------baggage detected by sensor------------- 
Baggage weighs: 18.78 kg
baggage is on conveyor belt-------
---------baggage detected by sensor------------- 
Baggage weighs: 20.31 kg
baggage is on conveyor belt-------
---------baggage detected by sensor------------- 
Baggage weighs: 21.25 kg
baggage is on conveyor belt-------
---------baggage detected by sensor------------- 
Baggage weighs: 18.87 kg
baggage is on conveyor belt-------
---------baggage detected by sensor------------- 
Baggage weighs: 16.25 kg
baggage is on conveyor belt-------
---------baggage detected by sensor------------- 
Baggage weighs: 19.94 kg
baggage is on conveyor belt-------
---------baggage detected by sensor------------- 
Baggage weighs: 16.88 kg
baggage is on conveyor belt-------
---------baggage detected by sensor------------- 
Baggage weighs: 18.24 kg
baggage is on conveyor belt-------
---------baggage detected by sensor------------- 
Baggage weighs: 17.16 kg
baggage is on conveyor belt-------
---------baggage detected by sensor------------- 
Baggage weighs: 19.34 kg
baggage is on conveyor belt-------
---------baggage detected by sensor------------- 
Baggage weighs: 22.41 kg
baggage is on conveyor belt-------
---------baggage detected by sensor------------- 
Baggage weighs: 20.47 kg
baggage is on conveyor belt-------
---------baggage detected by sensor------------- 
Baggage weighs: 18.81 kg
baggage is on conveyor belt-------
---------baggage detected by sensor------------- 
Baggage weighs: 18.56 kg
baggage is on conveyor belt-------
---------baggage detected by sensor------------- 
Baggage weighs: 17.77 kg
baggage is on conveyor belt-------
---------baggage detected by sensor------------- 
Baggage weighs: 19.32 kg
baggage is on conveyor belt-------
---------baggage detected by sensor------------- 
Baggage weighs: 19.21 kg
baggage is on conveyor belt-------
---------baggage detected by sensor------------- 
Baggage weighs: 19.13 kg
baggage is on conveyor belt-------
---------baggage detected by sensor------------- 
Baggage weighs: 20.39 kg
baggage is on conveyor belt-------
---------baggage detected by sensor------------- 
Baggage weighs: 21.03 kg
baggage is on conveyor belt-------
---------baggage detected by sensor------------- 
Baggage weighs: 20.05 kg
baggage is on conveyor belt-------
---------baggage detected by sensor------------- 
Baggage weighs: 21.92 kg
baggage is on conveyor belt-------
---------baggage detected by sensor------------- 
Baggage weighs: 19.37 kg
baggage is on conveyor belt-------
---------baggage detected by sensor------------- 
Baggage weighs: 20.35 kg
baggage is on conveyor belt-------
---------baggage detected by sensor------------- 
Baggage weighs: 18.73 kg
baggage is on conveyor belt-------
---------baggage detected by sensor------------- 
Baggage weighs: 20.33 kg
baggage is on conveyor belt-------
---------baggage detected by sensor------------- 
Baggage weighs: 22.01 kg
baggage is on conveyor belt-------
---------baggage detected by sensor------------- 
Baggage weighs: 19.27 kg
baggage is on conveyor belt-------
---------baggage detected by sensor------------- 
Baggage weighs: 21.18 kg
baggage is on conveyor belt-------
---------baggage detected by sensor------------- 
Baggage weighs: 17.16 kg
baggage is on conveyor belt-------
---------baggage detected by sensor------------- 
Baggage weighs: 20.04 kg
baggage is on conveyor belt-------
---------baggage detected by sensor------------- 
Baggage weighs: 20.91 kg
baggage is on conveyor belt-------
---------baggage detected by sensor------------- 
Baggage weighs: 20.3 kg
baggage is on conveyor belt-------
---------baggage detected by sensor------------- 
Baggage weighs: 20.38 kg
baggage is on conveyor belt-------
---------baggage detected by sensor------------- 
Baggage weighs: 16.54 kg
baggage is on conveyor belt-------
---------baggage detected by sensor------------- 
Baggage weighs: 18.87 kg
baggage is on conveyor belt-------
---------baggage detected by sensor------------- 
Baggage weighs: 20.22 kg
baggage is on conveyor belt-------
---------baggage detected by sensor------------- 
Baggage weighs: 20.75 kg
baggage is on conveyor belt-------
---------baggage detected by sensor------------- 
Baggage weighs: 17.4 kg
baggage is on conveyor belt-------
---------baggage detected by sensor------------- 
Baggage weighs: 20.27 kg
baggage is on conveyor belt-------
---------baggage detected by sensor------------- 
Baggage weighs: 17.04 kg
baggage is on conveyor belt-------
---------baggage detected by sensor------------- 
Baggage weighs: 19.84 kg
baggage is on conveyor belt-------
---------baggage detected by sensor------------- 
Baggage weighs: 17.34 kg
baggage is on conveyor belt-------
---------baggage detected by sensor------------- 
Baggage weighs: 18.75 kg
baggage is on conveyor belt-------
---------baggage detected by sensor------------- 
Baggage weighs: 19.12 kg
baggage is on conveyor belt-------
---------baggage detected by sensor------------- 
Baggage weighs: 18.29 kg
baggage is on conveyor belt-------
---------baggage detected by sensor------------- 
Baggage weighs: 17.94 kg
baggage is on conveyor belt-------
---------baggage detected by sensor------------- 
Baggage weighs: 19.09 kg
baggage is on conveyor belt-------
---------baggage detected by sensor------------- 
Baggage weighs: 22.39 kg
baggage is on conveyor belt-------
---------baggage detected by sensor------------- 
Baggage weighs: 21.23 kg
baggage is on conveyor belt-------
---------baggage detected by sensor------------- 
Baggage weighs: 17.56 kg
baggage is on conveyor belt-------
---------baggage detected by sensor------------- 
Baggage weighs: 18.37 kg
baggage is on conveyor belt-------
---------baggage detected by sensor------------- 
Baggage weighs: 21.4 kg
baggage is on conveyor belt-------
---------baggage detected by sensor------------- 
Baggage weighs: 20.25 kg
baggage is on conveyor belt-------
---------baggage detected by sensor------------- 
Baggage weighs: 23.0 kg
baggage is on conveyor belt-------
---------baggage detected by sensor------------- 
Baggage weighs: 17.01 kg
baggage is on conveyor belt-------
---------baggage detected by sensor------------- 
Baggage weighs: 17.39 kg
baggage is on conveyor belt-------
---------baggage detected by sensor------------- 
Baggage weighs: 16.7 kg
baggage is on conveyor belt-------
---------baggage detected by sensor------------- 
Baggage weighs: 16.23 kg
baggage is on conveyor belt-------
---------baggage detected by sensor------------- 
Baggage weighs: 19.13 kg
baggage is on conveyor belt-------
---------baggage detected by sensor------------- 
Baggage weighs: 21.07 kg
baggage is on conveyor belt-------
---------baggage detected by sensor------------- 
Baggage weighs: 17.87 kg
baggage is on conveyor belt-------
---------baggage detected by sensor------------- 
Baggage weighs: 19.92 kg
baggage is on conveyor belt-------
---------baggage detected by sensor------------- 
Baggage weighs: 19.22 kg
baggage is on conveyor belt-------
---------baggage detected by sensor------------- 
Baggage weighs: 21.53 kg
baggage is on conveyor belt-------
---------baggage detected by sensor------------- 
Baggage weighs: 20.29 kg
baggage is on conveyor belt-------
---------baggage detected by sensor------------- 
Baggage weighs: 19.32 kg
baggage is on conveyor belt-------
---------baggage detected by sensor------------- 
Baggage weighs: 17.25 kg
baggage is on conveyor belt-------
---------baggage detected by sensor------------- 
Baggage weighs: 21.3 kg
baggage is on conveyor belt-------
---------baggage detected by sensor------------- 
Baggage weighs: 16.79 kg
baggage is on conveyor belt-------
---------baggage detected by sensor------------- 
Baggage weighs: 19.55 kg
baggage is on conveyor belt-------
---------baggage detected by sensor------------- 
Baggage weighs: 18.88 kg
baggage is on conveyor belt-------
---------baggage detected by sensor------------- 
Baggage weighs: 22.33 kg
baggage is on conveyor belt-------
---------baggage detected by sensor------------- 
Baggage weighs: 20.62 kg
baggage is on conveyor belt-------
---------baggage detected by sensor------------- 
Baggage weighs: 19.42 kg
baggage is on conveyor belt-------
---------baggage detected by sensor------------- 
Baggage weighs: 17.54 kg
baggage is on conveyor belt-------
---------baggage detected by sensor------------- 
Baggage weighs: 21.51 kg
baggage is on conveyor belt-------
---------baggage detected by sensor------------- 
Baggage weighs: 19.46 kg
baggage is on conveyor belt-------
---------baggage detected by sensor------------- 
Baggage weighs: 17.83 kg
baggage is on conveyor belt-------
---------baggage detected by sensor------------- 
Baggage weighs: 17.75 kg
baggage is on conveyor belt-------
---------baggage detected by sensor------------- 
Baggage weighs: 17.44 kg
baggage is on conveyor belt-------
---------baggage detected by sensor------------- 
Baggage weighs: 19.53 kg
baggage is on conveyor belt-------
---------baggage detected by sensor------------- 
Baggage weighs: 17.51 kg
baggage is on conveyor belt-------
---------baggage detected by sensor------------- 
Baggage weighs: 18.2 kg
baggage is on conveyor belt-------
---------baggage detected by sensor------------- 
Baggage weighs: 21.55 kg
baggage is on conveyor belt-------
---------baggage detected by sensor------------- 
Baggage weighs: 19.67 kg
baggage is on conveyor belt-------
---------baggage detected by sensor------------- 
Baggage weighs: 19.52 kg
baggage is on conveyor belt-------
---------baggage detected by sensor------------- 
Baggage weighs: 21.06 kg
baggage is on conveyor belt-------
---------baggage detected by sensor------------- 
Baggage weighs: 17.44 kg
baggage is on conveyor belt-------
---------baggage detected by sensor------------- 
Baggage weighs: 19.21 kg
baggage is on conveyor belt-------
---------baggage detected by sensor------------- 
Baggage weighs: 21.65 kg
baggage is on conveyor belt-------
---------baggage detected by sensor------------- 
Baggage weighs: 19.64 kg
baggage is on conveyor belt-------
---------baggage detected by sensor------------- 
Baggage weighs: 21.03 kg
baggage is on conveyor belt-------
---------baggage detected by sensor------------- 
Baggage weighs: 19.76 kg
baggage is on conveyor belt-------
---------baggage detected by sensor------------- 
Baggage weighs: 21.01 kg
baggage is on conveyor belt-------
---------baggage detected by sensor------------- 
Baggage weighs: 19.11 kg
baggage is on conveyor belt-------
---------baggage detected by sensor------------- 
Baggage weighs: 18.54 kg
baggage is on conveyor belt-------
---------baggage detected by sensor------------- 
Baggage weighs: 16.86 kg
baggage is on conveyor belt-------
---------baggage detected by sensor------------- 
Baggage weighs: 16.59 kg
Seat with ID: 27G has been reserved for you!

BOARDING PASS FOR KATHLEEN SNYDER
-----------------------------------------------------------------------------
LUFTHANSA                      rsziw8h0j7umesf /  Kathleen Snyder
Kathleen Snyder                                     /  rsziw8h0j7umesf
FRA   LH2121   E  30.Oct                       /  FRA
HKG                                            /  HKG
SEAT ID: 27G                                   /  LH2121 E 30.Oct
SEQ: 114                                      / GATE: A05   22:00
MAX 1  HANDLUGGAGE/ LUGGAGE
-----------------------------------------------------------------------------
sorry Kathleen Snyder we have no voucher for you! Have a nice day!

---------------------------------------------------------------------------------------------------------------
scanning passport with passport id: 3QJB1LCD2
searching for ticket in fast bag drop database..............
Ticket found for Lucinda Barrera and Flight LH2121
----searching flight seat for Lucinda Barrera---------
Found a seat with ID 27H
Below details were found in database
------------------------------------------
Name: Lucinda Barrera
Flight ID: LH2121
Source: FRA
Destination: HKG
Gate No: A05
Boarding time: 22:00
Ticket ID: jim625srsfme5tr
Booking Class: E
------------------------------------------

Proceed with check-in for flight LH2121 ?
Type YES to CHECK-IN or NO to cancel CHECK-IN
Lucinda Barrera is deciding whether to check-in or to go back home and sleep............
YES CHECK-IN
Checking you in...............
baggage is on conveyor belt-------
---------baggage detected by sensor------------- 
Baggage weighs: 21.58 kg
baggage is on conveyor belt-------
---------baggage detected by sensor------------- 
Baggage weighs: 20.43 kg
baggage is on conveyor belt-------
---------baggage detected by sensor------------- 
Baggage weighs: 18.47 kg
baggage is on conveyor belt-------
---------baggage detected by sensor------------- 
Baggage weighs: 17.86 kg
baggage is on conveyor belt-------
---------baggage detected by sensor------------- 
Baggage weighs: 18.65 kg
baggage is on conveyor belt-------
---------baggage detected by sensor------------- 
Baggage weighs: 19.27 kg
baggage is on conveyor belt-------
---------baggage detected by sensor------------- 
Baggage weighs: 17.42 kg
baggage is on conveyor belt-------
---------baggage detected by sensor------------- 
Baggage weighs: 19.16 kg
baggage is on conveyor belt-------
---------baggage detected by sensor------------- 
Baggage weighs: 19.52 kg
baggage is on conveyor belt-------
---------baggage detected by sensor------------- 
Baggage weighs: 17.51 kg
baggage is on conveyor belt-------
---------baggage detected by sensor------------- 
Baggage weighs: 17.38 kg
baggage is on conveyor belt-------
---------baggage detected by sensor------------- 
Baggage weighs: 18.67 kg
baggage is on conveyor belt-------
---------baggage detected by sensor------------- 
Baggage weighs: 16.98 kg
baggage is on conveyor belt-------
---------baggage detected by sensor------------- 
Baggage weighs: 21.26 kg
baggage is on conveyor belt-------
---------baggage detected by sensor------------- 
Baggage weighs: 18.3 kg
baggage is on conveyor belt-------
---------baggage detected by sensor------------- 
Baggage weighs: 16.81 kg
baggage is on conveyor belt-------
---------baggage detected by sensor------------- 
Baggage weighs: 20.91 kg
baggage is on conveyor belt-------
---------baggage detected by sensor------------- 
Baggage weighs: 21.21 kg
baggage is on conveyor belt-------
---------baggage detected by sensor------------- 
Baggage weighs: 19.69 kg
baggage is on conveyor belt-------
---------baggage detected by sensor------------- 
Baggage weighs: 18.67 kg
baggage is on conveyor belt-------
---------baggage detected by sensor------------- 
Baggage weighs: 19.12 kg
baggage is on conveyor belt-------
---------baggage detected by sensor------------- 
Baggage weighs: 16.42 kg
baggage is on conveyor belt-------
---------baggage detected by sensor------------- 
Baggage weighs: 19.17 kg
baggage is on conveyor belt-------
---------baggage detected by sensor------------- 
Baggage weighs: 19.0 kg
baggage is on conveyor belt-------
---------baggage detected by sensor------------- 
Baggage weighs: 18.78 kg
baggage is on conveyor belt-------
---------baggage detected by sensor------------- 
Baggage weighs: 20.31 kg
baggage is on conveyor belt-------
---------baggage detected by sensor------------- 
Baggage weighs: 21.25 kg
baggage is on conveyor belt-------
---------baggage detected by sensor------------- 
Baggage weighs: 18.87 kg
baggage is on conveyor belt-------
---------baggage detected by sensor------------- 
Baggage weighs: 16.25 kg
baggage is on conveyor belt-------
---------baggage detected by sensor------------- 
Baggage weighs: 19.94 kg
baggage is on conveyor belt-------
---------baggage detected by sensor------------- 
Baggage weighs: 16.88 kg
baggage is on conveyor belt-------
---------baggage detected by sensor------------- 
Baggage weighs: 18.24 kg
baggage is on conveyor belt-------
---------baggage detected by sensor------------- 
Baggage weighs: 17.16 kg
baggage is on conveyor belt-------
---------baggage detected by sensor------------- 
Baggage weighs: 19.34 kg
baggage is on conveyor belt-------
---------baggage detected by sensor------------- 
Baggage weighs: 22.41 kg
baggage is on conveyor belt-------
---------baggage detected by sensor------------- 
Baggage weighs: 20.47 kg
baggage is on conveyor belt-------
---------baggage detected by sensor------------- 
Baggage weighs: 18.81 kg
baggage is on conveyor belt-------
---------baggage detected by sensor------------- 
Baggage weighs: 18.56 kg
baggage is on conveyor belt-------
---------baggage detected by sensor------------- 
Baggage weighs: 17.77 kg
baggage is on conveyor belt-------
---------baggage detected by sensor------------- 
Baggage weighs: 19.32 kg
baggage is on conveyor belt-------
---------baggage detected by sensor------------- 
Baggage weighs: 19.21 kg
baggage is on conveyor belt-------
---------baggage detected by sensor------------- 
Baggage weighs: 19.13 kg
baggage is on conveyor belt-------
---------baggage detected by sensor------------- 
Baggage weighs: 20.39 kg
baggage is on conveyor belt-------
---------baggage detected by sensor------------- 
Baggage weighs: 21.03 kg
baggage is on conveyor belt-------
---------baggage detected by sensor------------- 
Baggage weighs: 20.05 kg
baggage is on conveyor belt-------
---------baggage detected by sensor------------- 
Baggage weighs: 21.92 kg
baggage is on conveyor belt-------
---------baggage detected by sensor------------- 
Baggage weighs: 19.37 kg
baggage is on conveyor belt-------
---------baggage detected by sensor------------- 
Baggage weighs: 20.35 kg
baggage is on conveyor belt-------
---------baggage detected by sensor------------- 
Baggage weighs: 18.73 kg
baggage is on conveyor belt-------
---------baggage detected by sensor------------- 
Baggage weighs: 20.33 kg
baggage is on conveyor belt-------
---------baggage detected by sensor------------- 
Baggage weighs: 22.01 kg
baggage is on conveyor belt-------
---------baggage detected by sensor------------- 
Baggage weighs: 19.27 kg
baggage is on conveyor belt-------
---------baggage detected by sensor------------- 
Baggage weighs: 21.18 kg
baggage is on conveyor belt-------
---------baggage detected by sensor------------- 
Baggage weighs: 17.16 kg
baggage is on conveyor belt-------
---------baggage detected by sensor------------- 
Baggage weighs: 20.04 kg
baggage is on conveyor belt-------
---------baggage detected by sensor------------- 
Baggage weighs: 20.91 kg
baggage is on conveyor belt-------
---------baggage detected by sensor------------- 
Baggage weighs: 20.3 kg
baggage is on conveyor belt-------
---------baggage detected by sensor------------- 
Baggage weighs: 20.38 kg
baggage is on conveyor belt-------
---------baggage detected by sensor------------- 
Baggage weighs: 16.54 kg
baggage is on conveyor belt-------
---------baggage detected by sensor------------- 
Baggage weighs: 18.87 kg
baggage is on conveyor belt-------
---------baggage detected by sensor------------- 
Baggage weighs: 20.22 kg
baggage is on conveyor belt-------
---------baggage detected by sensor------------- 
Baggage weighs: 20.75 kg
baggage is on conveyor belt-------
---------baggage detected by sensor------------- 
Baggage weighs: 17.4 kg
baggage is on conveyor belt-------
---------baggage detected by sensor------------- 
Baggage weighs: 20.27 kg
baggage is on conveyor belt-------
---------baggage detected by sensor------------- 
Baggage weighs: 17.04 kg
baggage is on conveyor belt-------
---------baggage detected by sensor------------- 
Baggage weighs: 19.84 kg
baggage is on conveyor belt-------
---------baggage detected by sensor------------- 
Baggage weighs: 17.34 kg
baggage is on conveyor belt-------
---------baggage detected by sensor------------- 
Baggage weighs: 18.75 kg
baggage is on conveyor belt-------
---------baggage detected by sensor------------- 
Baggage weighs: 19.12 kg
baggage is on conveyor belt-------
---------baggage detected by sensor------------- 
Baggage weighs: 18.29 kg
baggage is on conveyor belt-------
---------baggage detected by sensor------------- 
Baggage weighs: 17.94 kg
baggage is on conveyor belt-------
---------baggage detected by sensor------------- 
Baggage weighs: 19.09 kg
baggage is on conveyor belt-------
---------baggage detected by sensor------------- 
Baggage weighs: 22.39 kg
baggage is on conveyor belt-------
---------baggage detected by sensor------------- 
Baggage weighs: 21.23 kg
baggage is on conveyor belt-------
---------baggage detected by sensor------------- 
Baggage weighs: 17.56 kg
baggage is on conveyor belt-------
---------baggage detected by sensor------------- 
Baggage weighs: 18.37 kg
baggage is on conveyor belt-------
---------baggage detected by sensor------------- 
Baggage weighs: 21.4 kg
baggage is on conveyor belt-------
---------baggage detected by sensor------------- 
Baggage weighs: 20.25 kg
baggage is on conveyor belt-------
---------baggage detected by sensor------------- 
Baggage weighs: 23.0 kg
baggage is on conveyor belt-------
---------baggage detected by sensor------------- 
Baggage weighs: 17.01 kg
baggage is on conveyor belt-------
---------baggage detected by sensor------------- 
Baggage weighs: 17.39 kg
baggage is on conveyor belt-------
---------baggage detected by sensor------------- 
Baggage weighs: 16.7 kg
baggage is on conveyor belt-------
---------baggage detected by sensor------------- 
Baggage weighs: 16.23 kg
baggage is on conveyor belt-------
---------baggage detected by sensor------------- 
Baggage weighs: 19.13 kg
baggage is on conveyor belt-------
---------baggage detected by sensor------------- 
Baggage weighs: 21.07 kg
baggage is on conveyor belt-------
---------baggage detected by sensor------------- 
Baggage weighs: 17.87 kg
baggage is on conveyor belt-------
---------baggage detected by sensor------------- 
Baggage weighs: 19.92 kg
baggage is on conveyor belt-------
---------baggage detected by sensor------------- 
Baggage weighs: 19.22 kg
baggage is on conveyor belt-------
---------baggage detected by sensor------------- 
Baggage weighs: 21.53 kg
baggage is on conveyor belt-------
---------baggage detected by sensor------------- 
Baggage weighs: 20.29 kg
baggage is on conveyor belt-------
---------baggage detected by sensor------------- 
Baggage weighs: 19.32 kg
baggage is on conveyor belt-------
---------baggage detected by sensor------------- 
Baggage weighs: 17.25 kg
baggage is on conveyor belt-------
---------baggage detected by sensor------------- 
Baggage weighs: 21.3 kg
baggage is on conveyor belt-------
---------baggage detected by sensor------------- 
Baggage weighs: 16.79 kg
baggage is on conveyor belt-------
---------baggage detected by sensor------------- 
Baggage weighs: 19.55 kg
baggage is on conveyor belt-------
---------baggage detected by sensor------------- 
Baggage weighs: 18.88 kg
baggage is on conveyor belt-------
---------baggage detected by sensor------------- 
Baggage weighs: 22.33 kg
baggage is on conveyor belt-------
---------baggage detected by sensor------------- 
Baggage weighs: 20.62 kg
baggage is on conveyor belt-------
---------baggage detected by sensor------------- 
Baggage weighs: 19.42 kg
baggage is on conveyor belt-------
---------baggage detected by sensor------------- 
Baggage weighs: 17.54 kg
baggage is on conveyor belt-------
---------baggage detected by sensor------------- 
Baggage weighs: 21.51 kg
baggage is on conveyor belt-------
---------baggage detected by sensor------------- 
Baggage weighs: 19.46 kg
baggage is on conveyor belt-------
---------baggage detected by sensor------------- 
Baggage weighs: 17.83 kg
baggage is on conveyor belt-------
---------baggage detected by sensor------------- 
Baggage weighs: 17.75 kg
baggage is on conveyor belt-------
---------baggage detected by sensor------------- 
Baggage weighs: 17.44 kg
baggage is on conveyor belt-------
---------baggage detected by sensor------------- 
Baggage weighs: 19.53 kg
baggage is on conveyor belt-------
---------baggage detected by sensor------------- 
Baggage weighs: 17.51 kg
baggage is on conveyor belt-------
---------baggage detected by sensor------------- 
Baggage weighs: 18.2 kg
baggage is on conveyor belt-------
---------baggage detected by sensor------------- 
Baggage weighs: 21.55 kg
baggage is on conveyor belt-------
---------baggage detected by sensor------------- 
Baggage weighs: 19.67 kg
baggage is on conveyor belt-------
---------baggage detected by sensor------------- 
Baggage weighs: 19.52 kg
baggage is on conveyor belt-------
---------baggage detected by sensor------------- 
Baggage weighs: 21.06 kg
baggage is on conveyor belt-------
---------baggage detected by sensor------------- 
Baggage weighs: 17.44 kg
baggage is on conveyor belt-------
---------baggage detected by sensor------------- 
Baggage weighs: 19.21 kg
baggage is on conveyor belt-------
---------baggage detected by sensor------------- 
Baggage weighs: 21.65 kg
baggage is on conveyor belt-------
---------baggage detected by sensor------------- 
Baggage weighs: 19.64 kg
baggage is on conveyor belt-------
---------baggage detected by sensor------------- 
Baggage weighs: 21.03 kg
baggage is on conveyor belt-------
---------baggage detected by sensor------------- 
Baggage weighs: 19.76 kg
baggage is on conveyor belt-------
---------baggage detected by sensor------------- 
Baggage weighs: 21.01 kg
baggage is on conveyor belt-------
---------baggage detected by sensor------------- 
Baggage weighs: 19.11 kg
baggage is on conveyor belt-------
---------baggage detected by sensor------------- 
Baggage weighs: 18.54 kg
baggage is on conveyor belt-------
---------baggage detected by sensor------------- 
Baggage weighs: 16.86 kg
baggage is on conveyor belt-------
---------baggage detected by sensor------------- 
Baggage weighs: 16.59 kg
baggage is on conveyor belt-------
---------baggage detected by sensor------------- 
Baggage weighs: 19.26 kg
Seat with ID: 27H has been reserved for you!

BOARDING PASS FOR LUCINDA BARRERA
-----------------------------------------------------------------------------
LUFTHANSA                      jim625srsfme5tr /  Lucinda Barrera
Lucinda Barrera                                     /  jim625srsfme5tr
FRA   LH2121   E  30.Oct                       /  FRA
HKG                                            /  HKG
SEAT ID: 27H                                   /  LH2121 E 30.Oct
SEQ: 115                                      / GATE: A05   22:00
MAX 1  HANDLUGGAGE/ LUGGAGE
-----------------------------------------------------------------------------
sorry Lucinda Barrera we have no voucher for you! Have a nice day!

---------------------------------------------------------------------------------------------------------------
scanning passport with passport id: NHRW6BPJ0
searching for ticket in fast bag drop database..............
Ticket found for Dominic Guerrero and Flight LH2121
----searching flight seat for Dominic Guerrero---------
Found a seat with ID 27J
Below details were found in database
------------------------------------------
Name: Dominic Guerrero
Flight ID: LH2121
Source: FRA
Destination: HKG
Gate No: A05
Boarding time: 22:00
Ticket ID: gptc3e0j1ahs81r
Booking Class: E
------------------------------------------

Proceed with check-in for flight LH2121 ?
Type YES to CHECK-IN or NO to cancel CHECK-IN
Dominic Guerrero is deciding whether to check-in or to go back home and sleep............
YES CHECK-IN
Checking you in...............
baggage is on conveyor belt-------
---------baggage detected by sensor------------- 
Baggage weighs: 21.58 kg
baggage is on conveyor belt-------
---------baggage detected by sensor------------- 
Baggage weighs: 20.43 kg
baggage is on conveyor belt-------
---------baggage detected by sensor------------- 
Baggage weighs: 18.47 kg
baggage is on conveyor belt-------
---------baggage detected by sensor------------- 
Baggage weighs: 17.86 kg
baggage is on conveyor belt-------
---------baggage detected by sensor------------- 
Baggage weighs: 18.65 kg
baggage is on conveyor belt-------
---------baggage detected by sensor------------- 
Baggage weighs: 19.27 kg
baggage is on conveyor belt-------
---------baggage detected by sensor------------- 
Baggage weighs: 17.42 kg
baggage is on conveyor belt-------
---------baggage detected by sensor------------- 
Baggage weighs: 19.16 kg
baggage is on conveyor belt-------
---------baggage detected by sensor------------- 
Baggage weighs: 19.52 kg
baggage is on conveyor belt-------
---------baggage detected by sensor------------- 
Baggage weighs: 17.51 kg
baggage is on conveyor belt-------
---------baggage detected by sensor------------- 
Baggage weighs: 17.38 kg
baggage is on conveyor belt-------
---------baggage detected by sensor------------- 
Baggage weighs: 18.67 kg
baggage is on conveyor belt-------
---------baggage detected by sensor------------- 
Baggage weighs: 16.98 kg
baggage is on conveyor belt-------
---------baggage detected by sensor------------- 
Baggage weighs: 21.26 kg
baggage is on conveyor belt-------
---------baggage detected by sensor------------- 
Baggage weighs: 18.3 kg
baggage is on conveyor belt-------
---------baggage detected by sensor------------- 
Baggage weighs: 16.81 kg
baggage is on conveyor belt-------
---------baggage detected by sensor------------- 
Baggage weighs: 20.91 kg
baggage is on conveyor belt-------
---------baggage detected by sensor------------- 
Baggage weighs: 21.21 kg
baggage is on conveyor belt-------
---------baggage detected by sensor------------- 
Baggage weighs: 19.69 kg
baggage is on conveyor belt-------
---------baggage detected by sensor------------- 
Baggage weighs: 18.67 kg
baggage is on conveyor belt-------
---------baggage detected by sensor------------- 
Baggage weighs: 19.12 kg
baggage is on conveyor belt-------
---------baggage detected by sensor------------- 
Baggage weighs: 16.42 kg
baggage is on conveyor belt-------
---------baggage detected by sensor------------- 
Baggage weighs: 19.17 kg
baggage is on conveyor belt-------
---------baggage detected by sensor------------- 
Baggage weighs: 19.0 kg
baggage is on conveyor belt-------
---------baggage detected by sensor------------- 
Baggage weighs: 18.78 kg
baggage is on conveyor belt-------
---------baggage detected by sensor------------- 
Baggage weighs: 20.31 kg
baggage is on conveyor belt-------
---------baggage detected by sensor------------- 
Baggage weighs: 21.25 kg
baggage is on conveyor belt-------
---------baggage detected by sensor------------- 
Baggage weighs: 18.87 kg
baggage is on conveyor belt-------
---------baggage detected by sensor------------- 
Baggage weighs: 16.25 kg
baggage is on conveyor belt-------
---------baggage detected by sensor------------- 
Baggage weighs: 19.94 kg
baggage is on conveyor belt-------
---------baggage detected by sensor------------- 
Baggage weighs: 16.88 kg
baggage is on conveyor belt-------
---------baggage detected by sensor------------- 
Baggage weighs: 18.24 kg
baggage is on conveyor belt-------
---------baggage detected by sensor------------- 
Baggage weighs: 17.16 kg
baggage is on conveyor belt-------
---------baggage detected by sensor------------- 
Baggage weighs: 19.34 kg
baggage is on conveyor belt-------
---------baggage detected by sensor------------- 
Baggage weighs: 22.41 kg
baggage is on conveyor belt-------
---------baggage detected by sensor------------- 
Baggage weighs: 20.47 kg
baggage is on conveyor belt-------
---------baggage detected by sensor------------- 
Baggage weighs: 18.81 kg
baggage is on conveyor belt-------
---------baggage detected by sensor------------- 
Baggage weighs: 18.56 kg
baggage is on conveyor belt-------
---------baggage detected by sensor------------- 
Baggage weighs: 17.77 kg
baggage is on conveyor belt-------
---------baggage detected by sensor------------- 
Baggage weighs: 19.32 kg
baggage is on conveyor belt-------
---------baggage detected by sensor------------- 
Baggage weighs: 19.21 kg
baggage is on conveyor belt-------
---------baggage detected by sensor------------- 
Baggage weighs: 19.13 kg
baggage is on conveyor belt-------
---------baggage detected by sensor------------- 
Baggage weighs: 20.39 kg
baggage is on conveyor belt-------
---------baggage detected by sensor------------- 
Baggage weighs: 21.03 kg
baggage is on conveyor belt-------
---------baggage detected by sensor------------- 
Baggage weighs: 20.05 kg
baggage is on conveyor belt-------
---------baggage detected by sensor------------- 
Baggage weighs: 21.92 kg
baggage is on conveyor belt-------
---------baggage detected by sensor------------- 
Baggage weighs: 19.37 kg
baggage is on conveyor belt-------
---------baggage detected by sensor------------- 
Baggage weighs: 20.35 kg
baggage is on conveyor belt-------
---------baggage detected by sensor------------- 
Baggage weighs: 18.73 kg
baggage is on conveyor belt-------
---------baggage detected by sensor------------- 
Baggage weighs: 20.33 kg
baggage is on conveyor belt-------
---------baggage detected by sensor------------- 
Baggage weighs: 22.01 kg
baggage is on conveyor belt-------
---------baggage detected by sensor------------- 
Baggage weighs: 19.27 kg
baggage is on conveyor belt-------
---------baggage detected by sensor------------- 
Baggage weighs: 21.18 kg
baggage is on conveyor belt-------
---------baggage detected by sensor------------- 
Baggage weighs: 17.16 kg
baggage is on conveyor belt-------
---------baggage detected by sensor------------- 
Baggage weighs: 20.04 kg
baggage is on conveyor belt-------
---------baggage detected by sensor------------- 
Baggage weighs: 20.91 kg
baggage is on conveyor belt-------
---------baggage detected by sensor------------- 
Baggage weighs: 20.3 kg
baggage is on conveyor belt-------
---------baggage detected by sensor------------- 
Baggage weighs: 20.38 kg
baggage is on conveyor belt-------
---------baggage detected by sensor------------- 
Baggage weighs: 16.54 kg
baggage is on conveyor belt-------
---------baggage detected by sensor------------- 
Baggage weighs: 18.87 kg
baggage is on conveyor belt-------
---------baggage detected by sensor------------- 
Baggage weighs: 20.22 kg
baggage is on conveyor belt-------
---------baggage detected by sensor------------- 
Baggage weighs: 20.75 kg
baggage is on conveyor belt-------
---------baggage detected by sensor------------- 
Baggage weighs: 17.4 kg
baggage is on conveyor belt-------
---------baggage detected by sensor------------- 
Baggage weighs: 20.27 kg
baggage is on conveyor belt-------
---------baggage detected by sensor------------- 
Baggage weighs: 17.04 kg
baggage is on conveyor belt-------
---------baggage detected by sensor------------- 
Baggage weighs: 19.84 kg
baggage is on conveyor belt-------
---------baggage detected by sensor------------- 
Baggage weighs: 17.34 kg
baggage is on conveyor belt-------
---------baggage detected by sensor------------- 
Baggage weighs: 18.75 kg
baggage is on conveyor belt-------
---------baggage detected by sensor------------- 
Baggage weighs: 19.12 kg
baggage is on conveyor belt-------
---------baggage detected by sensor------------- 
Baggage weighs: 18.29 kg
baggage is on conveyor belt-------
---------baggage detected by sensor------------- 
Baggage weighs: 17.94 kg
baggage is on conveyor belt-------
---------baggage detected by sensor------------- 
Baggage weighs: 19.09 kg
baggage is on conveyor belt-------
---------baggage detected by sensor------------- 
Baggage weighs: 22.39 kg
baggage is on conveyor belt-------
---------baggage detected by sensor------------- 
Baggage weighs: 21.23 kg
baggage is on conveyor belt-------
---------baggage detected by sensor------------- 
Baggage weighs: 17.56 kg
baggage is on conveyor belt-------
---------baggage detected by sensor------------- 
Baggage weighs: 18.37 kg
baggage is on conveyor belt-------
---------baggage detected by sensor------------- 
Baggage weighs: 21.4 kg
baggage is on conveyor belt-------
---------baggage detected by sensor------------- 
Baggage weighs: 20.25 kg
baggage is on conveyor belt-------
---------baggage detected by sensor------------- 
Baggage weighs: 23.0 kg
baggage is on conveyor belt-------
---------baggage detected by sensor------------- 
Baggage weighs: 17.01 kg
baggage is on conveyor belt-------
---------baggage detected by sensor------------- 
Baggage weighs: 17.39 kg
baggage is on conveyor belt-------
---------baggage detected by sensor------------- 
Baggage weighs: 16.7 kg
baggage is on conveyor belt-------
---------baggage detected by sensor------------- 
Baggage weighs: 16.23 kg
baggage is on conveyor belt-------
---------baggage detected by sensor------------- 
Baggage weighs: 19.13 kg
baggage is on conveyor belt-------
---------baggage detected by sensor------------- 
Baggage weighs: 21.07 kg
baggage is on conveyor belt-------
---------baggage detected by sensor------------- 
Baggage weighs: 17.87 kg
baggage is on conveyor belt-------
---------baggage detected by sensor------------- 
Baggage weighs: 19.92 kg
baggage is on conveyor belt-------
---------baggage detected by sensor------------- 
Baggage weighs: 19.22 kg
baggage is on conveyor belt-------
---------baggage detected by sensor------------- 
Baggage weighs: 21.53 kg
baggage is on conveyor belt-------
---------baggage detected by sensor------------- 
Baggage weighs: 20.29 kg
baggage is on conveyor belt-------
---------baggage detected by sensor------------- 
Baggage weighs: 19.32 kg
baggage is on conveyor belt-------
---------baggage detected by sensor------------- 
Baggage weighs: 17.25 kg
baggage is on conveyor belt-------
---------baggage detected by sensor------------- 
Baggage weighs: 21.3 kg
baggage is on conveyor belt-------
---------baggage detected by sensor------------- 
Baggage weighs: 16.79 kg
baggage is on conveyor belt-------
---------baggage detected by sensor------------- 
Baggage weighs: 19.55 kg
baggage is on conveyor belt-------
---------baggage detected by sensor------------- 
Baggage weighs: 18.88 kg
baggage is on conveyor belt-------
---------baggage detected by sensor------------- 
Baggage weighs: 22.33 kg
baggage is on conveyor belt-------
---------baggage detected by sensor------------- 
Baggage weighs: 20.62 kg
baggage is on conveyor belt-------
---------baggage detected by sensor------------- 
Baggage weighs: 19.42 kg
baggage is on conveyor belt-------
---------baggage detected by sensor------------- 
Baggage weighs: 17.54 kg
baggage is on conveyor belt-------
---------baggage detected by sensor------------- 
Baggage weighs: 21.51 kg
baggage is on conveyor belt-------
---------baggage detected by sensor------------- 
Baggage weighs: 19.46 kg
baggage is on conveyor belt-------
---------baggage detected by sensor------------- 
Baggage weighs: 17.83 kg
baggage is on conveyor belt-------
---------baggage detected by sensor------------- 
Baggage weighs: 17.75 kg
baggage is on conveyor belt-------
---------baggage detected by sensor------------- 
Baggage weighs: 17.44 kg
baggage is on conveyor belt-------
---------baggage detected by sensor------------- 
Baggage weighs: 19.53 kg
baggage is on conveyor belt-------
---------baggage detected by sensor------------- 
Baggage weighs: 17.51 kg
baggage is on conveyor belt-------
---------baggage detected by sensor------------- 
Baggage weighs: 18.2 kg
baggage is on conveyor belt-------
---------baggage detected by sensor------------- 
Baggage weighs: 21.55 kg
baggage is on conveyor belt-------
---------baggage detected by sensor------------- 
Baggage weighs: 19.67 kg
baggage is on conveyor belt-------
---------baggage detected by sensor------------- 
Baggage weighs: 19.52 kg
baggage is on conveyor belt-------
---------baggage detected by sensor------------- 
Baggage weighs: 21.06 kg
baggage is on conveyor belt-------
---------baggage detected by sensor------------- 
Baggage weighs: 17.44 kg
baggage is on conveyor belt-------
---------baggage detected by sensor------------- 
Baggage weighs: 19.21 kg
baggage is on conveyor belt-------
---------baggage detected by sensor------------- 
Baggage weighs: 21.65 kg
baggage is on conveyor belt-------
---------baggage detected by sensor------------- 
Baggage weighs: 19.64 kg
baggage is on conveyor belt-------
---------baggage detected by sensor------------- 
Baggage weighs: 21.03 kg
baggage is on conveyor belt-------
---------baggage detected by sensor------------- 
Baggage weighs: 19.76 kg
baggage is on conveyor belt-------
---------baggage detected by sensor------------- 
Baggage weighs: 21.01 kg
baggage is on conveyor belt-------
---------baggage detected by sensor------------- 
Baggage weighs: 19.11 kg
baggage is on conveyor belt-------
---------baggage detected by sensor------------- 
Baggage weighs: 18.54 kg
baggage is on conveyor belt-------
---------baggage detected by sensor------------- 
Baggage weighs: 16.86 kg
baggage is on conveyor belt-------
---------baggage detected by sensor------------- 
Baggage weighs: 16.59 kg
baggage is on conveyor belt-------
---------baggage detected by sensor------------- 
Baggage weighs: 19.26 kg
baggage is on conveyor belt-------
---------baggage detected by sensor------------- 
Baggage weighs: 18.34 kg
Seat with ID: 27J has been reserved for you!

BOARDING PASS FOR DOMINIC GUERRERO
-----------------------------------------------------------------------------
LUFTHANSA                      gptc3e0j1ahs81r /  Dominic Guerrero
Dominic Guerrero                                     /  gptc3e0j1ahs81r
FRA   LH2121   E  30.Oct                       /  FRA
HKG                                            /  HKG
SEAT ID: 27J                                   /  LH2121 E 30.Oct
SEQ: 116                                      / GATE: A05   22:00
MAX 1  HANDLUGGAGE/ LUGGAGE
-----------------------------------------------------------------------------
sorry Dominic Guerrero we have no voucher for you! Have a nice day!

---------------------------------------------------------------------------------------------------------------
scanning passport with passport id: HTFC3AWEB
searching for ticket in fast bag drop database..............
Ticket found for Raymundo Krause and Flight LH2121
----searching flight seat for Raymundo Krause---------
Found a seat with ID 28A
Below details were found in database
------------------------------------------
Name: Raymundo Krause
Flight ID: LH2121
Source: FRA
Destination: HKG
Gate No: A05
Boarding time: 22:00
Ticket ID: o2po66x99fo0dzj
Booking Class: E
------------------------------------------

Proceed with check-in for flight LH2121 ?
Type YES to CHECK-IN or NO to cancel CHECK-IN
Raymundo Krause is deciding whether to check-in or to go back home and sleep............
YES CHECK-IN
Checking you in...............
baggage is on conveyor belt-------
---------baggage detected by sensor------------- 
Baggage weighs: 21.58 kg
baggage is on conveyor belt-------
---------baggage detected by sensor------------- 
Baggage weighs: 20.43 kg
baggage is on conveyor belt-------
---------baggage detected by sensor------------- 
Baggage weighs: 18.47 kg
baggage is on conveyor belt-------
---------baggage detected by sensor------------- 
Baggage weighs: 17.86 kg
baggage is on conveyor belt-------
---------baggage detected by sensor------------- 
Baggage weighs: 18.65 kg
baggage is on conveyor belt-------
---------baggage detected by sensor------------- 
Baggage weighs: 19.27 kg
baggage is on conveyor belt-------
---------baggage detected by sensor------------- 
Baggage weighs: 17.42 kg
baggage is on conveyor belt-------
---------baggage detected by sensor------------- 
Baggage weighs: 19.16 kg
baggage is on conveyor belt-------
---------baggage detected by sensor------------- 
Baggage weighs: 19.52 kg
baggage is on conveyor belt-------
---------baggage detected by sensor------------- 
Baggage weighs: 17.51 kg
baggage is on conveyor belt-------
---------baggage detected by sensor------------- 
Baggage weighs: 17.38 kg
baggage is on conveyor belt-------
---------baggage detected by sensor------------- 
Baggage weighs: 18.67 kg
baggage is on conveyor belt-------
---------baggage detected by sensor------------- 
Baggage weighs: 16.98 kg
baggage is on conveyor belt-------
---------baggage detected by sensor------------- 
Baggage weighs: 21.26 kg
baggage is on conveyor belt-------
---------baggage detected by sensor------------- 
Baggage weighs: 18.3 kg
baggage is on conveyor belt-------
---------baggage detected by sensor------------- 
Baggage weighs: 16.81 kg
baggage is on conveyor belt-------
---------baggage detected by sensor------------- 
Baggage weighs: 20.91 kg
baggage is on conveyor belt-------
---------baggage detected by sensor------------- 
Baggage weighs: 21.21 kg
baggage is on conveyor belt-------
---------baggage detected by sensor------------- 
Baggage weighs: 19.69 kg
baggage is on conveyor belt-------
---------baggage detected by sensor------------- 
Baggage weighs: 18.67 kg
baggage is on conveyor belt-------
---------baggage detected by sensor------------- 
Baggage weighs: 19.12 kg
baggage is on conveyor belt-------
---------baggage detected by sensor------------- 
Baggage weighs: 16.42 kg
baggage is on conveyor belt-------
---------baggage detected by sensor------------- 
Baggage weighs: 19.17 kg
baggage is on conveyor belt-------
---------baggage detected by sensor------------- 
Baggage weighs: 19.0 kg
baggage is on conveyor belt-------
---------baggage detected by sensor------------- 
Baggage weighs: 18.78 kg
baggage is on conveyor belt-------
---------baggage detected by sensor------------- 
Baggage weighs: 20.31 kg
baggage is on conveyor belt-------
---------baggage detected by sensor------------- 
Baggage weighs: 21.25 kg
baggage is on conveyor belt-------
---------baggage detected by sensor------------- 
Baggage weighs: 18.87 kg
baggage is on conveyor belt-------
---------baggage detected by sensor------------- 
Baggage weighs: 16.25 kg
baggage is on conveyor belt-------
---------baggage detected by sensor------------- 
Baggage weighs: 19.94 kg
baggage is on conveyor belt-------
---------baggage detected by sensor------------- 
Baggage weighs: 16.88 kg
baggage is on conveyor belt-------
---------baggage detected by sensor------------- 
Baggage weighs: 18.24 kg
baggage is on conveyor belt-------
---------baggage detected by sensor------------- 
Baggage weighs: 17.16 kg
baggage is on conveyor belt-------
---------baggage detected by sensor------------- 
Baggage weighs: 19.34 kg
baggage is on conveyor belt-------
---------baggage detected by sensor------------- 
Baggage weighs: 22.41 kg
baggage is on conveyor belt-------
---------baggage detected by sensor------------- 
Baggage weighs: 20.47 kg
baggage is on conveyor belt-------
---------baggage detected by sensor------------- 
Baggage weighs: 18.81 kg
baggage is on conveyor belt-------
---------baggage detected by sensor------------- 
Baggage weighs: 18.56 kg
baggage is on conveyor belt-------
---------baggage detected by sensor------------- 
Baggage weighs: 17.77 kg
baggage is on conveyor belt-------
---------baggage detected by sensor------------- 
Baggage weighs: 19.32 kg
baggage is on conveyor belt-------
---------baggage detected by sensor------------- 
Baggage weighs: 19.21 kg
baggage is on conveyor belt-------
---------baggage detected by sensor------------- 
Baggage weighs: 19.13 kg
baggage is on conveyor belt-------
---------baggage detected by sensor------------- 
Baggage weighs: 20.39 kg
baggage is on conveyor belt-------
---------baggage detected by sensor------------- 
Baggage weighs: 21.03 kg
baggage is on conveyor belt-------
---------baggage detected by sensor------------- 
Baggage weighs: 20.05 kg
baggage is on conveyor belt-------
---------baggage detected by sensor------------- 
Baggage weighs: 21.92 kg
baggage is on conveyor belt-------
---------baggage detected by sensor------------- 
Baggage weighs: 19.37 kg
baggage is on conveyor belt-------
---------baggage detected by sensor------------- 
Baggage weighs: 20.35 kg
baggage is on conveyor belt-------
---------baggage detected by sensor------------- 
Baggage weighs: 18.73 kg
baggage is on conveyor belt-------
---------baggage detected by sensor------------- 
Baggage weighs: 20.33 kg
baggage is on conveyor belt-------
---------baggage detected by sensor------------- 
Baggage weighs: 22.01 kg
baggage is on conveyor belt-------
---------baggage detected by sensor------------- 
Baggage weighs: 19.27 kg
baggage is on conveyor belt-------
---------baggage detected by sensor------------- 
Baggage weighs: 21.18 kg
baggage is on conveyor belt-------
---------baggage detected by sensor------------- 
Baggage weighs: 17.16 kg
baggage is on conveyor belt-------
---------baggage detected by sensor------------- 
Baggage weighs: 20.04 kg
baggage is on conveyor belt-------
---------baggage detected by sensor------------- 
Baggage weighs: 20.91 kg
baggage is on conveyor belt-------
---------baggage detected by sensor------------- 
Baggage weighs: 20.3 kg
baggage is on conveyor belt-------
---------baggage detected by sensor------------- 
Baggage weighs: 20.38 kg
baggage is on conveyor belt-------
---------baggage detected by sensor------------- 
Baggage weighs: 16.54 kg
baggage is on conveyor belt-------
---------baggage detected by sensor------------- 
Baggage weighs: 18.87 kg
baggage is on conveyor belt-------
---------baggage detected by sensor------------- 
Baggage weighs: 20.22 kg
baggage is on conveyor belt-------
---------baggage detected by sensor------------- 
Baggage weighs: 20.75 kg
baggage is on conveyor belt-------
---------baggage detected by sensor------------- 
Baggage weighs: 17.4 kg
baggage is on conveyor belt-------
---------baggage detected by sensor------------- 
Baggage weighs: 20.27 kg
baggage is on conveyor belt-------
---------baggage detected by sensor------------- 
Baggage weighs: 17.04 kg
baggage is on conveyor belt-------
---------baggage detected by sensor------------- 
Baggage weighs: 19.84 kg
baggage is on conveyor belt-------
---------baggage detected by sensor------------- 
Baggage weighs: 17.34 kg
baggage is on conveyor belt-------
---------baggage detected by sensor------------- 
Baggage weighs: 18.75 kg
baggage is on conveyor belt-------
---------baggage detected by sensor------------- 
Baggage weighs: 19.12 kg
baggage is on conveyor belt-------
---------baggage detected by sensor------------- 
Baggage weighs: 18.29 kg
baggage is on conveyor belt-------
---------baggage detected by sensor------------- 
Baggage weighs: 17.94 kg
baggage is on conveyor belt-------
---------baggage detected by sensor------------- 
Baggage weighs: 19.09 kg
baggage is on conveyor belt-------
---------baggage detected by sensor------------- 
Baggage weighs: 22.39 kg
baggage is on conveyor belt-------
---------baggage detected by sensor------------- 
Baggage weighs: 21.23 kg
baggage is on conveyor belt-------
---------baggage detected by sensor------------- 
Baggage weighs: 17.56 kg
baggage is on conveyor belt-------
---------baggage detected by sensor------------- 
Baggage weighs: 18.37 kg
baggage is on conveyor belt-------
---------baggage detected by sensor------------- 
Baggage weighs: 21.4 kg
baggage is on conveyor belt-------
---------baggage detected by sensor------------- 
Baggage weighs: 20.25 kg
baggage is on conveyor belt-------
---------baggage detected by sensor------------- 
Baggage weighs: 23.0 kg
baggage is on conveyor belt-------
---------baggage detected by sensor------------- 
Baggage weighs: 17.01 kg
baggage is on conveyor belt-------
---------baggage detected by sensor------------- 
Baggage weighs: 17.39 kg
baggage is on conveyor belt-------
---------baggage detected by sensor------------- 
Baggage weighs: 16.7 kg
baggage is on conveyor belt-------
---------baggage detected by sensor------------- 
Baggage weighs: 16.23 kg
baggage is on conveyor belt-------
---------baggage detected by sensor------------- 
Baggage weighs: 19.13 kg
baggage is on conveyor belt-------
---------baggage detected by sensor------------- 
Baggage weighs: 21.07 kg
baggage is on conveyor belt-------
---------baggage detected by sensor------------- 
Baggage weighs: 17.87 kg
baggage is on conveyor belt-------
---------baggage detected by sensor------------- 
Baggage weighs: 19.92 kg
baggage is on conveyor belt-------
---------baggage detected by sensor------------- 
Baggage weighs: 19.22 kg
baggage is on conveyor belt-------
---------baggage detected by sensor------------- 
Baggage weighs: 21.53 kg
baggage is on conveyor belt-------
---------baggage detected by sensor------------- 
Baggage weighs: 20.29 kg
baggage is on conveyor belt-------
---------baggage detected by sensor------------- 
Baggage weighs: 19.32 kg
baggage is on conveyor belt-------
---------baggage detected by sensor------------- 
Baggage weighs: 17.25 kg
baggage is on conveyor belt-------
---------baggage detected by sensor------------- 
Baggage weighs: 21.3 kg
baggage is on conveyor belt-------
---------baggage detected by sensor------------- 
Baggage weighs: 16.79 kg
baggage is on conveyor belt-------
---------baggage detected by sensor------------- 
Baggage weighs: 19.55 kg
baggage is on conveyor belt-------
---------baggage detected by sensor------------- 
Baggage weighs: 18.88 kg
baggage is on conveyor belt-------
---------baggage detected by sensor------------- 
Baggage weighs: 22.33 kg
baggage is on conveyor belt-------
---------baggage detected by sensor------------- 
Baggage weighs: 20.62 kg
baggage is on conveyor belt-------
---------baggage detected by sensor------------- 
Baggage weighs: 19.42 kg
baggage is on conveyor belt-------
---------baggage detected by sensor------------- 
Baggage weighs: 17.54 kg
baggage is on conveyor belt-------
---------baggage detected by sensor------------- 
Baggage weighs: 21.51 kg
baggage is on conveyor belt-------
---------baggage detected by sensor------------- 
Baggage weighs: 19.46 kg
baggage is on conveyor belt-------
---------baggage detected by sensor------------- 
Baggage weighs: 17.83 kg
baggage is on conveyor belt-------
---------baggage detected by sensor------------- 
Baggage weighs: 17.75 kg
baggage is on conveyor belt-------
---------baggage detected by sensor------------- 
Baggage weighs: 17.44 kg
baggage is on conveyor belt-------
---------baggage detected by sensor------------- 
Baggage weighs: 19.53 kg
baggage is on conveyor belt-------
---------baggage detected by sensor------------- 
Baggage weighs: 17.51 kg
baggage is on conveyor belt-------
---------baggage detected by sensor------------- 
Baggage weighs: 18.2 kg
baggage is on conveyor belt-------
---------baggage detected by sensor------------- 
Baggage weighs: 21.55 kg
baggage is on conveyor belt-------
---------baggage detected by sensor------------- 
Baggage weighs: 19.67 kg
baggage is on conveyor belt-------
---------baggage detected by sensor------------- 
Baggage weighs: 19.52 kg
baggage is on conveyor belt-------
---------baggage detected by sensor------------- 
Baggage weighs: 21.06 kg
baggage is on conveyor belt-------
---------baggage detected by sensor------------- 
Baggage weighs: 17.44 kg
baggage is on conveyor belt-------
---------baggage detected by sensor------------- 
Baggage weighs: 19.21 kg
baggage is on conveyor belt-------
---------baggage detected by sensor------------- 
Baggage weighs: 21.65 kg
baggage is on conveyor belt-------
---------baggage detected by sensor------------- 
Baggage weighs: 19.64 kg
baggage is on conveyor belt-------
---------baggage detected by sensor------------- 
Baggage weighs: 21.03 kg
baggage is on conveyor belt-------
---------baggage detected by sensor------------- 
Baggage weighs: 19.76 kg
baggage is on conveyor belt-------
---------baggage detected by sensor------------- 
Baggage weighs: 21.01 kg
baggage is on conveyor belt-------
---------baggage detected by sensor------------- 
Baggage weighs: 19.11 kg
baggage is on conveyor belt-------
---------baggage detected by sensor------------- 
Baggage weighs: 18.54 kg
baggage is on conveyor belt-------
---------baggage detected by sensor------------- 
Baggage weighs: 16.86 kg
baggage is on conveyor belt-------
---------baggage detected by sensor------------- 
Baggage weighs: 16.59 kg
baggage is on conveyor belt-------
---------baggage detected by sensor------------- 
Baggage weighs: 19.26 kg
baggage is on conveyor belt-------
---------baggage detected by sensor------------- 
Baggage weighs: 18.34 kg
baggage is on conveyor belt-------
---------baggage detected by sensor------------- 
Baggage weighs: 19.09 kg
Seat with ID: 28A has been reserved for you!

BOARDING PASS FOR RAYMUNDO KRAUSE
-----------------------------------------------------------------------------
LUFTHANSA                      o2po66x99fo0dzj /  Raymundo Krause
Raymundo Krause                                     /  o2po66x99fo0dzj
FRA   LH2121   E  30.Oct                       /  FRA
HKG                                            /  HKG
SEAT ID: 28A                                   /  LH2121 E 30.Oct
SEQ: 117                                      / GATE: A05   22:00
MAX 1  HANDLUGGAGE/ LUGGAGE
-----------------------------------------------------------------------------
sorry Raymundo Krause we have no voucher for you! Have a nice day!

---------------------------------------------------------------------------------------------------------------
scanning passport with passport id: NU1R4JN64
searching for ticket in fast bag drop database..............
Ticket found for Aimee Galvan and Flight LH2121
----searching flight seat for Aimee Galvan---------
Found a seat with ID 28B
Below details were found in database
------------------------------------------
Name: Aimee Galvan
Flight ID: LH2121
Source: FRA
Destination: HKG
Gate No: A05
Boarding time: 22:00
Ticket ID: 035wv6kkr24ws95
Booking Class: E
------------------------------------------

Proceed with check-in for flight LH2121 ?
Type YES to CHECK-IN or NO to cancel CHECK-IN
Aimee Galvan is deciding whether to check-in or to go back home and sleep............
YES CHECK-IN
Checking you in...............
baggage is on conveyor belt-------
---------baggage detected by sensor------------- 
Baggage weighs: 21.58 kg
baggage is on conveyor belt-------
---------baggage detected by sensor------------- 
Baggage weighs: 20.43 kg
baggage is on conveyor belt-------
---------baggage detected by sensor------------- 
Baggage weighs: 18.47 kg
baggage is on conveyor belt-------
---------baggage detected by sensor------------- 
Baggage weighs: 17.86 kg
baggage is on conveyor belt-------
---------baggage detected by sensor------------- 
Baggage weighs: 18.65 kg
baggage is on conveyor belt-------
---------baggage detected by sensor------------- 
Baggage weighs: 19.27 kg
baggage is on conveyor belt-------
---------baggage detected by sensor------------- 
Baggage weighs: 17.42 kg
baggage is on conveyor belt-------
---------baggage detected by sensor------------- 
Baggage weighs: 19.16 kg
baggage is on conveyor belt-------
---------baggage detected by sensor------------- 
Baggage weighs: 19.52 kg
baggage is on conveyor belt-------
---------baggage detected by sensor------------- 
Baggage weighs: 17.51 kg
baggage is on conveyor belt-------
---------baggage detected by sensor------------- 
Baggage weighs: 17.38 kg
baggage is on conveyor belt-------
---------baggage detected by sensor------------- 
Baggage weighs: 18.67 kg
baggage is on conveyor belt-------
---------baggage detected by sensor------------- 
Baggage weighs: 16.98 kg
baggage is on conveyor belt-------
---------baggage detected by sensor------------- 
Baggage weighs: 21.26 kg
baggage is on conveyor belt-------
---------baggage detected by sensor------------- 
Baggage weighs: 18.3 kg
baggage is on conveyor belt-------
---------baggage detected by sensor------------- 
Baggage weighs: 16.81 kg
baggage is on conveyor belt-------
---------baggage detected by sensor------------- 
Baggage weighs: 20.91 kg
baggage is on conveyor belt-------
---------baggage detected by sensor------------- 
Baggage weighs: 21.21 kg
baggage is on conveyor belt-------
---------baggage detected by sensor------------- 
Baggage weighs: 19.69 kg
baggage is on conveyor belt-------
---------baggage detected by sensor------------- 
Baggage weighs: 18.67 kg
baggage is on conveyor belt-------
---------baggage detected by sensor------------- 
Baggage weighs: 19.12 kg
baggage is on conveyor belt-------
---------baggage detected by sensor------------- 
Baggage weighs: 16.42 kg
baggage is on conveyor belt-------
---------baggage detected by sensor------------- 
Baggage weighs: 19.17 kg
baggage is on conveyor belt-------
---------baggage detected by sensor------------- 
Baggage weighs: 19.0 kg
baggage is on conveyor belt-------
---------baggage detected by sensor------------- 
Baggage weighs: 18.78 kg
baggage is on conveyor belt-------
---------baggage detected by sensor------------- 
Baggage weighs: 20.31 kg
baggage is on conveyor belt-------
---------baggage detected by sensor------------- 
Baggage weighs: 21.25 kg
baggage is on conveyor belt-------
---------baggage detected by sensor------------- 
Baggage weighs: 18.87 kg
baggage is on conveyor belt-------
---------baggage detected by sensor------------- 
Baggage weighs: 16.25 kg
baggage is on conveyor belt-------
---------baggage detected by sensor------------- 
Baggage weighs: 19.94 kg
baggage is on conveyor belt-------
---------baggage detected by sensor------------- 
Baggage weighs: 16.88 kg
baggage is on conveyor belt-------
---------baggage detected by sensor------------- 
Baggage weighs: 18.24 kg
baggage is on conveyor belt-------
---------baggage detected by sensor------------- 
Baggage weighs: 17.16 kg
baggage is on conveyor belt-------
---------baggage detected by sensor------------- 
Baggage weighs: 19.34 kg
baggage is on conveyor belt-------
---------baggage detected by sensor------------- 
Baggage weighs: 22.41 kg
baggage is on conveyor belt-------
---------baggage detected by sensor------------- 
Baggage weighs: 20.47 kg
baggage is on conveyor belt-------
---------baggage detected by sensor------------- 
Baggage weighs: 18.81 kg
baggage is on conveyor belt-------
---------baggage detected by sensor------------- 
Baggage weighs: 18.56 kg
baggage is on conveyor belt-------
---------baggage detected by sensor------------- 
Baggage weighs: 17.77 kg
baggage is on conveyor belt-------
---------baggage detected by sensor------------- 
Baggage weighs: 19.32 kg
baggage is on conveyor belt-------
---------baggage detected by sensor------------- 
Baggage weighs: 19.21 kg
baggage is on conveyor belt-------
---------baggage detected by sensor------------- 
Baggage weighs: 19.13 kg
baggage is on conveyor belt-------
---------baggage detected by sensor------------- 
Baggage weighs: 20.39 kg
baggage is on conveyor belt-------
---------baggage detected by sensor------------- 
Baggage weighs: 21.03 kg
baggage is on conveyor belt-------
---------baggage detected by sensor------------- 
Baggage weighs: 20.05 kg
baggage is on conveyor belt-------
---------baggage detected by sensor------------- 
Baggage weighs: 21.92 kg
baggage is on conveyor belt-------
---------baggage detected by sensor------------- 
Baggage weighs: 19.37 kg
baggage is on conveyor belt-------
---------baggage detected by sensor------------- 
Baggage weighs: 20.35 kg
baggage is on conveyor belt-------
---------baggage detected by sensor------------- 
Baggage weighs: 18.73 kg
baggage is on conveyor belt-------
---------baggage detected by sensor------------- 
Baggage weighs: 20.33 kg
baggage is on conveyor belt-------
---------baggage detected by sensor------------- 
Baggage weighs: 22.01 kg
baggage is on conveyor belt-------
---------baggage detected by sensor------------- 
Baggage weighs: 19.27 kg
baggage is on conveyor belt-------
---------baggage detected by sensor------------- 
Baggage weighs: 21.18 kg
baggage is on conveyor belt-------
---------baggage detected by sensor------------- 
Baggage weighs: 17.16 kg
baggage is on conveyor belt-------
---------baggage detected by sensor------------- 
Baggage weighs: 20.04 kg
baggage is on conveyor belt-------
---------baggage detected by sensor------------- 
Baggage weighs: 20.91 kg
baggage is on conveyor belt-------
---------baggage detected by sensor------------- 
Baggage weighs: 20.3 kg
baggage is on conveyor belt-------
---------baggage detected by sensor------------- 
Baggage weighs: 20.38 kg
baggage is on conveyor belt-------
---------baggage detected by sensor------------- 
Baggage weighs: 16.54 kg
baggage is on conveyor belt-------
---------baggage detected by sensor------------- 
Baggage weighs: 18.87 kg
baggage is on conveyor belt-------
---------baggage detected by sensor------------- 
Baggage weighs: 20.22 kg
baggage is on conveyor belt-------
---------baggage detected by sensor------------- 
Baggage weighs: 20.75 kg
baggage is on conveyor belt-------
---------baggage detected by sensor------------- 
Baggage weighs: 17.4 kg
baggage is on conveyor belt-------
---------baggage detected by sensor------------- 
Baggage weighs: 20.27 kg
baggage is on conveyor belt-------
---------baggage detected by sensor------------- 
Baggage weighs: 17.04 kg
baggage is on conveyor belt-------
---------baggage detected by sensor------------- 
Baggage weighs: 19.84 kg
baggage is on conveyor belt-------
---------baggage detected by sensor------------- 
Baggage weighs: 17.34 kg
baggage is on conveyor belt-------
---------baggage detected by sensor------------- 
Baggage weighs: 18.75 kg
baggage is on conveyor belt-------
---------baggage detected by sensor------------- 
Baggage weighs: 19.12 kg
baggage is on conveyor belt-------
---------baggage detected by sensor------------- 
Baggage weighs: 18.29 kg
baggage is on conveyor belt-------
---------baggage detected by sensor------------- 
Baggage weighs: 17.94 kg
baggage is on conveyor belt-------
---------baggage detected by sensor------------- 
Baggage weighs: 19.09 kg
baggage is on conveyor belt-------
---------baggage detected by sensor------------- 
Baggage weighs: 22.39 kg
baggage is on conveyor belt-------
---------baggage detected by sensor------------- 
Baggage weighs: 21.23 kg
baggage is on conveyor belt-------
---------baggage detected by sensor------------- 
Baggage weighs: 17.56 kg
baggage is on conveyor belt-------
---------baggage detected by sensor------------- 
Baggage weighs: 18.37 kg
baggage is on conveyor belt-------
---------baggage detected by sensor------------- 
Baggage weighs: 21.4 kg
baggage is on conveyor belt-------
---------baggage detected by sensor------------- 
Baggage weighs: 20.25 kg
baggage is on conveyor belt-------
---------baggage detected by sensor------------- 
Baggage weighs: 23.0 kg
baggage is on conveyor belt-------
---------baggage detected by sensor------------- 
Baggage weighs: 17.01 kg
baggage is on conveyor belt-------
---------baggage detected by sensor------------- 
Baggage weighs: 17.39 kg
baggage is on conveyor belt-------
---------baggage detected by sensor------------- 
Baggage weighs: 16.7 kg
baggage is on conveyor belt-------
---------baggage detected by sensor------------- 
Baggage weighs: 16.23 kg
baggage is on conveyor belt-------
---------baggage detected by sensor------------- 
Baggage weighs: 19.13 kg
baggage is on conveyor belt-------
---------baggage detected by sensor------------- 
Baggage weighs: 21.07 kg
baggage is on conveyor belt-------
---------baggage detected by sensor------------- 
Baggage weighs: 17.87 kg
baggage is on conveyor belt-------
---------baggage detected by sensor------------- 
Baggage weighs: 19.92 kg
baggage is on conveyor belt-------
---------baggage detected by sensor------------- 
Baggage weighs: 19.22 kg
baggage is on conveyor belt-------
---------baggage detected by sensor------------- 
Baggage weighs: 21.53 kg
baggage is on conveyor belt-------
---------baggage detected by sensor------------- 
Baggage weighs: 20.29 kg
baggage is on conveyor belt-------
---------baggage detected by sensor------------- 
Baggage weighs: 19.32 kg
baggage is on conveyor belt-------
---------baggage detected by sensor------------- 
Baggage weighs: 17.25 kg
baggage is on conveyor belt-------
---------baggage detected by sensor------------- 
Baggage weighs: 21.3 kg
baggage is on conveyor belt-------
---------baggage detected by sensor------------- 
Baggage weighs: 16.79 kg
baggage is on conveyor belt-------
---------baggage detected by sensor------------- 
Baggage weighs: 19.55 kg
baggage is on conveyor belt-------
---------baggage detected by sensor------------- 
Baggage weighs: 18.88 kg
baggage is on conveyor belt-------
---------baggage detected by sensor------------- 
Baggage weighs: 22.33 kg
baggage is on conveyor belt-------
---------baggage detected by sensor------------- 
Baggage weighs: 20.62 kg
baggage is on conveyor belt-------
---------baggage detected by sensor------------- 
Baggage weighs: 19.42 kg
baggage is on conveyor belt-------
---------baggage detected by sensor------------- 
Baggage weighs: 17.54 kg
baggage is on conveyor belt-------
---------baggage detected by sensor------------- 
Baggage weighs: 21.51 kg
baggage is on conveyor belt-------
---------baggage detected by sensor------------- 
Baggage weighs: 19.46 kg
baggage is on conveyor belt-------
---------baggage detected by sensor------------- 
Baggage weighs: 17.83 kg
baggage is on conveyor belt-------
---------baggage detected by sensor------------- 
Baggage weighs: 17.75 kg
baggage is on conveyor belt-------
---------baggage detected by sensor------------- 
Baggage weighs: 17.44 kg
baggage is on conveyor belt-------
---------baggage detected by sensor------------- 
Baggage weighs: 19.53 kg
baggage is on conveyor belt-------
---------baggage detected by sensor------------- 
Baggage weighs: 17.51 kg
baggage is on conveyor belt-------
---------baggage detected by sensor------------- 
Baggage weighs: 18.2 kg
baggage is on conveyor belt-------
---------baggage detected by sensor------------- 
Baggage weighs: 21.55 kg
baggage is on conveyor belt-------
---------baggage detected by sensor------------- 
Baggage weighs: 19.67 kg
baggage is on conveyor belt-------
---------baggage detected by sensor------------- 
Baggage weighs: 19.52 kg
baggage is on conveyor belt-------
---------baggage detected by sensor------------- 
Baggage weighs: 21.06 kg
baggage is on conveyor belt-------
---------baggage detected by sensor------------- 
Baggage weighs: 17.44 kg
baggage is on conveyor belt-------
---------baggage detected by sensor------------- 
Baggage weighs: 19.21 kg
baggage is on conveyor belt-------
---------baggage detected by sensor------------- 
Baggage weighs: 21.65 kg
baggage is on conveyor belt-------
---------baggage detected by sensor------------- 
Baggage weighs: 19.64 kg
baggage is on conveyor belt-------
---------baggage detected by sensor------------- 
Baggage weighs: 21.03 kg
baggage is on conveyor belt-------
---------baggage detected by sensor------------- 
Baggage weighs: 19.76 kg
baggage is on conveyor belt-------
---------baggage detected by sensor------------- 
Baggage weighs: 21.01 kg
baggage is on conveyor belt-------
---------baggage detected by sensor------------- 
Baggage weighs: 19.11 kg
baggage is on conveyor belt-------
---------baggage detected by sensor------------- 
Baggage weighs: 18.54 kg
baggage is on conveyor belt-------
---------baggage detected by sensor------------- 
Baggage weighs: 16.86 kg
baggage is on conveyor belt-------
---------baggage detected by sensor------------- 
Baggage weighs: 16.59 kg
baggage is on conveyor belt-------
---------baggage detected by sensor------------- 
Baggage weighs: 19.26 kg
baggage is on conveyor belt-------
---------baggage detected by sensor------------- 
Baggage weighs: 18.34 kg
baggage is on conveyor belt-------
---------baggage detected by sensor------------- 
Baggage weighs: 19.09 kg
baggage is on conveyor belt-------
---------baggage detected by sensor------------- 
Baggage weighs: 22.38 kg
Seat with ID: 28B has been reserved for you!

BOARDING PASS FOR AIMEE GALVAN
-----------------------------------------------------------------------------
LUFTHANSA                      035wv6kkr24ws95 /  Aimee Galvan
Aimee Galvan                                     /  035wv6kkr24ws95
FRA   LH2121   E  30.Oct                       /  FRA
HKG                                            /  HKG
SEAT ID: 28B                                   /  LH2121 E 30.Oct
SEQ: 118                                      / GATE: A05   22:00
MAX 1  HANDLUGGAGE/ LUGGAGE
-----------------------------------------------------------------------------
sorry Aimee Galvan we have no voucher for you! Have a nice day!

---------------------------------------------------------------------------------------------------------------
scanning passport with passport id: P2UK4S6GF
searching for ticket in fast bag drop database..............
Ticket found for Adrian Ponce and Flight LH2121
----searching flight seat for Adrian Ponce---------
Found a seat with ID 28C
Below details were found in database
------------------------------------------
Name: Adrian Ponce
Flight ID: LH2121
Source: FRA
Destination: HKG
Gate No: A05
Boarding time: 22:00
Ticket ID: 3ey2eyy8ay7nfih
Booking Class: E
------------------------------------------

Proceed with check-in for flight LH2121 ?
Type YES to CHECK-IN or NO to cancel CHECK-IN
Adrian Ponce is deciding whether to check-in or to go back home and sleep............
YES CHECK-IN
Checking you in...............
baggage is on conveyor belt-------
---------baggage detected by sensor------------- 
Baggage weighs: 21.58 kg
baggage is on conveyor belt-------
---------baggage detected by sensor------------- 
Baggage weighs: 20.43 kg
baggage is on conveyor belt-------
---------baggage detected by sensor------------- 
Baggage weighs: 18.47 kg
baggage is on conveyor belt-------
---------baggage detected by sensor------------- 
Baggage weighs: 17.86 kg
baggage is on conveyor belt-------
---------baggage detected by sensor------------- 
Baggage weighs: 18.65 kg
baggage is on conveyor belt-------
---------baggage detected by sensor------------- 
Baggage weighs: 19.27 kg
baggage is on conveyor belt-------
---------baggage detected by sensor------------- 
Baggage weighs: 17.42 kg
baggage is on conveyor belt-------
---------baggage detected by sensor------------- 
Baggage weighs: 19.16 kg
baggage is on conveyor belt-------
---------baggage detected by sensor------------- 
Baggage weighs: 19.52 kg
baggage is on conveyor belt-------
---------baggage detected by sensor------------- 
Baggage weighs: 17.51 kg
baggage is on conveyor belt-------
---------baggage detected by sensor------------- 
Baggage weighs: 17.38 kg
baggage is on conveyor belt-------
---------baggage detected by sensor------------- 
Baggage weighs: 18.67 kg
baggage is on conveyor belt-------
---------baggage detected by sensor------------- 
Baggage weighs: 16.98 kg
baggage is on conveyor belt-------
---------baggage detected by sensor------------- 
Baggage weighs: 21.26 kg
baggage is on conveyor belt-------
---------baggage detected by sensor------------- 
Baggage weighs: 18.3 kg
baggage is on conveyor belt-------
---------baggage detected by sensor------------- 
Baggage weighs: 16.81 kg
baggage is on conveyor belt-------
---------baggage detected by sensor------------- 
Baggage weighs: 20.91 kg
baggage is on conveyor belt-------
---------baggage detected by sensor------------- 
Baggage weighs: 21.21 kg
baggage is on conveyor belt-------
---------baggage detected by sensor------------- 
Baggage weighs: 19.69 kg
baggage is on conveyor belt-------
---------baggage detected by sensor------------- 
Baggage weighs: 18.67 kg
baggage is on conveyor belt-------
---------baggage detected by sensor------------- 
Baggage weighs: 19.12 kg
baggage is on conveyor belt-------
---------baggage detected by sensor------------- 
Baggage weighs: 16.42 kg
baggage is on conveyor belt-------
---------baggage detected by sensor------------- 
Baggage weighs: 19.17 kg
baggage is on conveyor belt-------
---------baggage detected by sensor------------- 
Baggage weighs: 19.0 kg
baggage is on conveyor belt-------
---------baggage detected by sensor------------- 
Baggage weighs: 18.78 kg
baggage is on conveyor belt-------
---------baggage detected by sensor------------- 
Baggage weighs: 20.31 kg
baggage is on conveyor belt-------
---------baggage detected by sensor------------- 
Baggage weighs: 21.25 kg
baggage is on conveyor belt-------
---------baggage detected by sensor------------- 
Baggage weighs: 18.87 kg
baggage is on conveyor belt-------
---------baggage detected by sensor------------- 
Baggage weighs: 16.25 kg
baggage is on conveyor belt-------
---------baggage detected by sensor------------- 
Baggage weighs: 19.94 kg
baggage is on conveyor belt-------
---------baggage detected by sensor------------- 
Baggage weighs: 16.88 kg
baggage is on conveyor belt-------
---------baggage detected by sensor------------- 
Baggage weighs: 18.24 kg
baggage is on conveyor belt-------
---------baggage detected by sensor------------- 
Baggage weighs: 17.16 kg
baggage is on conveyor belt-------
---------baggage detected by sensor------------- 
Baggage weighs: 19.34 kg
baggage is on conveyor belt-------
---------baggage detected by sensor------------- 
Baggage weighs: 22.41 kg
baggage is on conveyor belt-------
---------baggage detected by sensor------------- 
Baggage weighs: 20.47 kg
baggage is on conveyor belt-------
---------baggage detected by sensor------------- 
Baggage weighs: 18.81 kg
baggage is on conveyor belt-------
---------baggage detected by sensor------------- 
Baggage weighs: 18.56 kg
baggage is on conveyor belt-------
---------baggage detected by sensor------------- 
Baggage weighs: 17.77 kg
baggage is on conveyor belt-------
---------baggage detected by sensor------------- 
Baggage weighs: 19.32 kg
baggage is on conveyor belt-------
---------baggage detected by sensor------------- 
Baggage weighs: 19.21 kg
baggage is on conveyor belt-------
---------baggage detected by sensor------------- 
Baggage weighs: 19.13 kg
baggage is on conveyor belt-------
---------baggage detected by sensor------------- 
Baggage weighs: 20.39 kg
baggage is on conveyor belt-------
---------baggage detected by sensor------------- 
Baggage weighs: 21.03 kg
baggage is on conveyor belt-------
---------baggage detected by sensor------------- 
Baggage weighs: 20.05 kg
baggage is on conveyor belt-------
---------baggage detected by sensor------------- 
Baggage weighs: 21.92 kg
baggage is on conveyor belt-------
---------baggage detected by sensor------------- 
Baggage weighs: 19.37 kg
baggage is on conveyor belt-------
---------baggage detected by sensor------------- 
Baggage weighs: 20.35 kg
baggage is on conveyor belt-------
---------baggage detected by sensor------------- 
Baggage weighs: 18.73 kg
baggage is on conveyor belt-------
---------baggage detected by sensor------------- 
Baggage weighs: 20.33 kg
baggage is on conveyor belt-------
---------baggage detected by sensor------------- 
Baggage weighs: 22.01 kg
baggage is on conveyor belt-------
---------baggage detected by sensor------------- 
Baggage weighs: 19.27 kg
baggage is on conveyor belt-------
---------baggage detected by sensor------------- 
Baggage weighs: 21.18 kg
baggage is on conveyor belt-------
---------baggage detected by sensor------------- 
Baggage weighs: 17.16 kg
baggage is on conveyor belt-------
---------baggage detected by sensor------------- 
Baggage weighs: 20.04 kg
baggage is on conveyor belt-------
---------baggage detected by sensor------------- 
Baggage weighs: 20.91 kg
baggage is on conveyor belt-------
---------baggage detected by sensor------------- 
Baggage weighs: 20.3 kg
baggage is on conveyor belt-------
---------baggage detected by sensor------------- 
Baggage weighs: 20.38 kg
baggage is on conveyor belt-------
---------baggage detected by sensor------------- 
Baggage weighs: 16.54 kg
baggage is on conveyor belt-------
---------baggage detected by sensor------------- 
Baggage weighs: 18.87 kg
baggage is on conveyor belt-------
---------baggage detected by sensor------------- 
Baggage weighs: 20.22 kg
baggage is on conveyor belt-------
---------baggage detected by sensor------------- 
Baggage weighs: 20.75 kg
baggage is on conveyor belt-------
---------baggage detected by sensor------------- 
Baggage weighs: 17.4 kg
baggage is on conveyor belt-------
---------baggage detected by sensor------------- 
Baggage weighs: 20.27 kg
baggage is on conveyor belt-------
---------baggage detected by sensor------------- 
Baggage weighs: 17.04 kg
baggage is on conveyor belt-------
---------baggage detected by sensor------------- 
Baggage weighs: 19.84 kg
baggage is on conveyor belt-------
---------baggage detected by sensor------------- 
Baggage weighs: 17.34 kg
baggage is on conveyor belt-------
---------baggage detected by sensor------------- 
Baggage weighs: 18.75 kg
baggage is on conveyor belt-------
---------baggage detected by sensor------------- 
Baggage weighs: 19.12 kg
baggage is on conveyor belt-------
---------baggage detected by sensor------------- 
Baggage weighs: 18.29 kg
baggage is on conveyor belt-------
---------baggage detected by sensor------------- 
Baggage weighs: 17.94 kg
baggage is on conveyor belt-------
---------baggage detected by sensor------------- 
Baggage weighs: 19.09 kg
baggage is on conveyor belt-------
---------baggage detected by sensor------------- 
Baggage weighs: 22.39 kg
baggage is on conveyor belt-------
---------baggage detected by sensor------------- 
Baggage weighs: 21.23 kg
baggage is on conveyor belt-------
---------baggage detected by sensor------------- 
Baggage weighs: 17.56 kg
baggage is on conveyor belt-------
---------baggage detected by sensor------------- 
Baggage weighs: 18.37 kg
baggage is on conveyor belt-------
---------baggage detected by sensor------------- 
Baggage weighs: 21.4 kg
baggage is on conveyor belt-------
---------baggage detected by sensor------------- 
Baggage weighs: 20.25 kg
baggage is on conveyor belt-------
---------baggage detected by sensor------------- 
Baggage weighs: 23.0 kg
baggage is on conveyor belt-------
---------baggage detected by sensor------------- 
Baggage weighs: 17.01 kg
baggage is on conveyor belt-------
---------baggage detected by sensor------------- 
Baggage weighs: 17.39 kg
baggage is on conveyor belt-------
---------baggage detected by sensor------------- 
Baggage weighs: 16.7 kg
baggage is on conveyor belt-------
---------baggage detected by sensor------------- 
Baggage weighs: 16.23 kg
baggage is on conveyor belt-------
---------baggage detected by sensor------------- 
Baggage weighs: 19.13 kg
baggage is on conveyor belt-------
---------baggage detected by sensor------------- 
Baggage weighs: 21.07 kg
baggage is on conveyor belt-------
---------baggage detected by sensor------------- 
Baggage weighs: 17.87 kg
baggage is on conveyor belt-------
---------baggage detected by sensor------------- 
Baggage weighs: 19.92 kg
baggage is on conveyor belt-------
---------baggage detected by sensor------------- 
Baggage weighs: 19.22 kg
baggage is on conveyor belt-------
---------baggage detected by sensor------------- 
Baggage weighs: 21.53 kg
baggage is on conveyor belt-------
---------baggage detected by sensor------------- 
Baggage weighs: 20.29 kg
baggage is on conveyor belt-------
---------baggage detected by sensor------------- 
Baggage weighs: 19.32 kg
baggage is on conveyor belt-------
---------baggage detected by sensor------------- 
Baggage weighs: 17.25 kg
baggage is on conveyor belt-------
---------baggage detected by sensor------------- 
Baggage weighs: 21.3 kg
baggage is on conveyor belt-------
---------baggage detected by sensor------------- 
Baggage weighs: 16.79 kg
baggage is on conveyor belt-------
---------baggage detected by sensor------------- 
Baggage weighs: 19.55 kg
baggage is on conveyor belt-------
---------baggage detected by sensor------------- 
Baggage weighs: 18.88 kg
baggage is on conveyor belt-------
---------baggage detected by sensor------------- 
Baggage weighs: 22.33 kg
baggage is on conveyor belt-------
---------baggage detected by sensor------------- 
Baggage weighs: 20.62 kg
baggage is on conveyor belt-------
---------baggage detected by sensor------------- 
Baggage weighs: 19.42 kg
baggage is on conveyor belt-------
---------baggage detected by sensor------------- 
Baggage weighs: 17.54 kg
baggage is on conveyor belt-------
---------baggage detected by sensor------------- 
Baggage weighs: 21.51 kg
baggage is on conveyor belt-------
---------baggage detected by sensor------------- 
Baggage weighs: 19.46 kg
baggage is on conveyor belt-------
---------baggage detected by sensor------------- 
Baggage weighs: 17.83 kg
baggage is on conveyor belt-------
---------baggage detected by sensor------------- 
Baggage weighs: 17.75 kg
baggage is on conveyor belt-------
---------baggage detected by sensor------------- 
Baggage weighs: 17.44 kg
baggage is on conveyor belt-------
---------baggage detected by sensor------------- 
Baggage weighs: 19.53 kg
baggage is on conveyor belt-------
---------baggage detected by sensor------------- 
Baggage weighs: 17.51 kg
baggage is on conveyor belt-------
---------baggage detected by sensor------------- 
Baggage weighs: 18.2 kg
baggage is on conveyor belt-------
---------baggage detected by sensor------------- 
Baggage weighs: 21.55 kg
baggage is on conveyor belt-------
---------baggage detected by sensor------------- 
Baggage weighs: 19.67 kg
baggage is on conveyor belt-------
---------baggage detected by sensor------------- 
Baggage weighs: 19.52 kg
baggage is on conveyor belt-------
---------baggage detected by sensor------------- 
Baggage weighs: 21.06 kg
baggage is on conveyor belt-------
---------baggage detected by sensor------------- 
Baggage weighs: 17.44 kg
baggage is on conveyor belt-------
---------baggage detected by sensor------------- 
Baggage weighs: 19.21 kg
baggage is on conveyor belt-------
---------baggage detected by sensor------------- 
Baggage weighs: 21.65 kg
baggage is on conveyor belt-------
---------baggage detected by sensor------------- 
Baggage weighs: 19.64 kg
baggage is on conveyor belt-------
---------baggage detected by sensor------------- 
Baggage weighs: 21.03 kg
baggage is on conveyor belt-------
---------baggage detected by sensor------------- 
Baggage weighs: 19.76 kg
baggage is on conveyor belt-------
---------baggage detected by sensor------------- 
Baggage weighs: 21.01 kg
baggage is on conveyor belt-------
---------baggage detected by sensor------------- 
Baggage weighs: 19.11 kg
baggage is on conveyor belt-------
---------baggage detected by sensor------------- 
Baggage weighs: 18.54 kg
baggage is on conveyor belt-------
---------baggage detected by sensor------------- 
Baggage weighs: 16.86 kg
baggage is on conveyor belt-------
---------baggage detected by sensor------------- 
Baggage weighs: 16.59 kg
baggage is on conveyor belt-------
---------baggage detected by sensor------------- 
Baggage weighs: 19.26 kg
baggage is on conveyor belt-------
---------baggage detected by sensor------------- 
Baggage weighs: 18.34 kg
baggage is on conveyor belt-------
---------baggage detected by sensor------------- 
Baggage weighs: 19.09 kg
baggage is on conveyor belt-------
---------baggage detected by sensor------------- 
Baggage weighs: 22.38 kg
baggage is on conveyor belt-------
---------baggage detected by sensor------------- 
Baggage weighs: 22.12 kg
Seat with ID: 28C has been reserved for you!

BOARDING PASS FOR ADRIAN PONCE
-----------------------------------------------------------------------------
LUFTHANSA                      3ey2eyy8ay7nfih /  Adrian Ponce
Adrian Ponce                                     /  3ey2eyy8ay7nfih
FRA   LH2121   E  30.Oct                       /  FRA
HKG                                            /  HKG
SEAT ID: 28C                                   /  LH2121 E 30.Oct
SEQ: 119                                      / GATE: A05   22:00
MAX 1  HANDLUGGAGE/ LUGGAGE
-----------------------------------------------------------------------------
sorry Adrian Ponce we have no voucher for you! Have a nice day!

---------------------------------------------------------------------------------------------------------------
scanning passport with passport id: QF41HPSPO
searching for ticket in fast bag drop database..............
Ticket found for Becky Stein and Flight LH2121
----searching flight seat for Becky Stein---------
Found a seat with ID 28D
Below details were found in database
------------------------------------------
Name: Becky Stein
Flight ID: LH2121
Source: FRA
Destination: HKG
Gate No: A05
Boarding time: 22:00
Ticket ID: xmj8hdjfabbk2ez
Booking Class: E
------------------------------------------

Proceed with check-in for flight LH2121 ?
Type YES to CHECK-IN or NO to cancel CHECK-IN
Becky Stein is deciding whether to check-in or to go back home and sleep............
YES CHECK-IN
Checking you in...............
baggage is on conveyor belt-------
---------baggage detected by sensor------------- 
Baggage weighs: 21.58 kg
baggage is on conveyor belt-------
---------baggage detected by sensor------------- 
Baggage weighs: 20.43 kg
baggage is on conveyor belt-------
---------baggage detected by sensor------------- 
Baggage weighs: 18.47 kg
baggage is on conveyor belt-------
---------baggage detected by sensor------------- 
Baggage weighs: 17.86 kg
baggage is on conveyor belt-------
---------baggage detected by sensor------------- 
Baggage weighs: 18.65 kg
baggage is on conveyor belt-------
---------baggage detected by sensor------------- 
Baggage weighs: 19.27 kg
baggage is on conveyor belt-------
---------baggage detected by sensor------------- 
Baggage weighs: 17.42 kg
baggage is on conveyor belt-------
---------baggage detected by sensor------------- 
Baggage weighs: 19.16 kg
baggage is on conveyor belt-------
---------baggage detected by sensor------------- 
Baggage weighs: 19.52 kg
baggage is on conveyor belt-------
---------baggage detected by sensor------------- 
Baggage weighs: 17.51 kg
baggage is on conveyor belt-------
---------baggage detected by sensor------------- 
Baggage weighs: 17.38 kg
baggage is on conveyor belt-------
---------baggage detected by sensor------------- 
Baggage weighs: 18.67 kg
baggage is on conveyor belt-------
---------baggage detected by sensor------------- 
Baggage weighs: 16.98 kg
baggage is on conveyor belt-------
---------baggage detected by sensor------------- 
Baggage weighs: 21.26 kg
baggage is on conveyor belt-------
---------baggage detected by sensor------------- 
Baggage weighs: 18.3 kg
baggage is on conveyor belt-------
---------baggage detected by sensor------------- 
Baggage weighs: 16.81 kg
baggage is on conveyor belt-------
---------baggage detected by sensor------------- 
Baggage weighs: 20.91 kg
baggage is on conveyor belt-------
---------baggage detected by sensor------------- 
Baggage weighs: 21.21 kg
baggage is on conveyor belt-------
---------baggage detected by sensor------------- 
Baggage weighs: 19.69 kg
baggage is on conveyor belt-------
---------baggage detected by sensor------------- 
Baggage weighs: 18.67 kg
baggage is on conveyor belt-------
---------baggage detected by sensor------------- 
Baggage weighs: 19.12 kg
baggage is on conveyor belt-------
---------baggage detected by sensor------------- 
Baggage weighs: 16.42 kg
baggage is on conveyor belt-------
---------baggage detected by sensor------------- 
Baggage weighs: 19.17 kg
baggage is on conveyor belt-------
---------baggage detected by sensor------------- 
Baggage weighs: 19.0 kg
baggage is on conveyor belt-------
---------baggage detected by sensor------------- 
Baggage weighs: 18.78 kg
baggage is on conveyor belt-------
---------baggage detected by sensor------------- 
Baggage weighs: 20.31 kg
baggage is on conveyor belt-------
---------baggage detected by sensor------------- 
Baggage weighs: 21.25 kg
baggage is on conveyor belt-------
---------baggage detected by sensor------------- 
Baggage weighs: 18.87 kg
baggage is on conveyor belt-------
---------baggage detected by sensor------------- 
Baggage weighs: 16.25 kg
baggage is on conveyor belt-------
---------baggage detected by sensor------------- 
Baggage weighs: 19.94 kg
baggage is on conveyor belt-------
---------baggage detected by sensor------------- 
Baggage weighs: 16.88 kg
baggage is on conveyor belt-------
---------baggage detected by sensor------------- 
Baggage weighs: 18.24 kg
baggage is on conveyor belt-------
---------baggage detected by sensor------------- 
Baggage weighs: 17.16 kg
baggage is on conveyor belt-------
---------baggage detected by sensor------------- 
Baggage weighs: 19.34 kg
baggage is on conveyor belt-------
---------baggage detected by sensor------------- 
Baggage weighs: 22.41 kg
baggage is on conveyor belt-------
---------baggage detected by sensor------------- 
Baggage weighs: 20.47 kg
baggage is on conveyor belt-------
---------baggage detected by sensor------------- 
Baggage weighs: 18.81 kg
baggage is on conveyor belt-------
---------baggage detected by sensor------------- 
Baggage weighs: 18.56 kg
baggage is on conveyor belt-------
---------baggage detected by sensor------------- 
Baggage weighs: 17.77 kg
baggage is on conveyor belt-------
---------baggage detected by sensor------------- 
Baggage weighs: 19.32 kg
baggage is on conveyor belt-------
---------baggage detected by sensor------------- 
Baggage weighs: 19.21 kg
baggage is on conveyor belt-------
---------baggage detected by sensor------------- 
Baggage weighs: 19.13 kg
baggage is on conveyor belt-------
---------baggage detected by sensor------------- 
Baggage weighs: 20.39 kg
baggage is on conveyor belt-------
---------baggage detected by sensor------------- 
Baggage weighs: 21.03 kg
baggage is on conveyor belt-------
---------baggage detected by sensor------------- 
Baggage weighs: 20.05 kg
baggage is on conveyor belt-------
---------baggage detected by sensor------------- 
Baggage weighs: 21.92 kg
baggage is on conveyor belt-------
---------baggage detected by sensor------------- 
Baggage weighs: 19.37 kg
baggage is on conveyor belt-------
---------baggage detected by sensor------------- 
Baggage weighs: 20.35 kg
baggage is on conveyor belt-------
---------baggage detected by sensor------------- 
Baggage weighs: 18.73 kg
baggage is on conveyor belt-------
---------baggage detected by sensor------------- 
Baggage weighs: 20.33 kg
baggage is on conveyor belt-------
---------baggage detected by sensor------------- 
Baggage weighs: 22.01 kg
baggage is on conveyor belt-------
---------baggage detected by sensor------------- 
Baggage weighs: 19.27 kg
baggage is on conveyor belt-------
---------baggage detected by sensor------------- 
Baggage weighs: 21.18 kg
baggage is on conveyor belt-------
---------baggage detected by sensor------------- 
Baggage weighs: 17.16 kg
baggage is on conveyor belt-------
---------baggage detected by sensor------------- 
Baggage weighs: 20.04 kg
baggage is on conveyor belt-------
---------baggage detected by sensor------------- 
Baggage weighs: 20.91 kg
baggage is on conveyor belt-------
---------baggage detected by sensor------------- 
Baggage weighs: 20.3 kg
baggage is on conveyor belt-------
---------baggage detected by sensor------------- 
Baggage weighs: 20.38 kg
baggage is on conveyor belt-------
---------baggage detected by sensor------------- 
Baggage weighs: 16.54 kg
baggage is on conveyor belt-------
---------baggage detected by sensor------------- 
Baggage weighs: 18.87 kg
baggage is on conveyor belt-------
---------baggage detected by sensor------------- 
Baggage weighs: 20.22 kg
baggage is on conveyor belt-------
---------baggage detected by sensor------------- 
Baggage weighs: 20.75 kg
baggage is on conveyor belt-------
---------baggage detected by sensor------------- 
Baggage weighs: 17.4 kg
baggage is on conveyor belt-------
---------baggage detected by sensor------------- 
Baggage weighs: 20.27 kg
baggage is on conveyor belt-------
---------baggage detected by sensor------------- 
Baggage weighs: 17.04 kg
baggage is on conveyor belt-------
---------baggage detected by sensor------------- 
Baggage weighs: 19.84 kg
baggage is on conveyor belt-------
---------baggage detected by sensor------------- 
Baggage weighs: 17.34 kg
baggage is on conveyor belt-------
---------baggage detected by sensor------------- 
Baggage weighs: 18.75 kg
baggage is on conveyor belt-------
---------baggage detected by sensor------------- 
Baggage weighs: 19.12 kg
baggage is on conveyor belt-------
---------baggage detected by sensor------------- 
Baggage weighs: 18.29 kg
baggage is on conveyor belt-------
---------baggage detected by sensor------------- 
Baggage weighs: 17.94 kg
baggage is on conveyor belt-------
---------baggage detected by sensor------------- 
Baggage weighs: 19.09 kg
baggage is on conveyor belt-------
---------baggage detected by sensor------------- 
Baggage weighs: 22.39 kg
baggage is on conveyor belt-------
---------baggage detected by sensor------------- 
Baggage weighs: 21.23 kg
baggage is on conveyor belt-------
---------baggage detected by sensor------------- 
Baggage weighs: 17.56 kg
baggage is on conveyor belt-------
---------baggage detected by sensor------------- 
Baggage weighs: 18.37 kg
baggage is on conveyor belt-------
---------baggage detected by sensor------------- 
Baggage weighs: 21.4 kg
baggage is on conveyor belt-------
---------baggage detected by sensor------------- 
Baggage weighs: 20.25 kg
baggage is on conveyor belt-------
---------baggage detected by sensor------------- 
Baggage weighs: 23.0 kg
baggage is on conveyor belt-------
---------baggage detected by sensor------------- 
Baggage weighs: 17.01 kg
baggage is on conveyor belt-------
---------baggage detected by sensor------------- 
Baggage weighs: 17.39 kg
baggage is on conveyor belt-------
---------baggage detected by sensor------------- 
Baggage weighs: 16.7 kg
baggage is on conveyor belt-------
---------baggage detected by sensor------------- 
Baggage weighs: 16.23 kg
baggage is on conveyor belt-------
---------baggage detected by sensor------------- 
Baggage weighs: 19.13 kg
baggage is on conveyor belt-------
---------baggage detected by sensor------------- 
Baggage weighs: 21.07 kg
baggage is on conveyor belt-------
---------baggage detected by sensor------------- 
Baggage weighs: 17.87 kg
baggage is on conveyor belt-------
---------baggage detected by sensor------------- 
Baggage weighs: 19.92 kg
baggage is on conveyor belt-------
---------baggage detected by sensor------------- 
Baggage weighs: 19.22 kg
baggage is on conveyor belt-------
---------baggage detected by sensor------------- 
Baggage weighs: 21.53 kg
baggage is on conveyor belt-------
---------baggage detected by sensor------------- 
Baggage weighs: 20.29 kg
baggage is on conveyor belt-------
---------baggage detected by sensor------------- 
Baggage weighs: 19.32 kg
baggage is on conveyor belt-------
---------baggage detected by sensor------------- 
Baggage weighs: 17.25 kg
baggage is on conveyor belt-------
---------baggage detected by sensor------------- 
Baggage weighs: 21.3 kg
baggage is on conveyor belt-------
---------baggage detected by sensor------------- 
Baggage weighs: 16.79 kg
baggage is on conveyor belt-------
---------baggage detected by sensor------------- 
Baggage weighs: 19.55 kg
baggage is on conveyor belt-------
---------baggage detected by sensor------------- 
Baggage weighs: 18.88 kg
baggage is on conveyor belt-------
---------baggage detected by sensor------------- 
Baggage weighs: 22.33 kg
baggage is on conveyor belt-------
---------baggage detected by sensor------------- 
Baggage weighs: 20.62 kg
baggage is on conveyor belt-------
---------baggage detected by sensor------------- 
Baggage weighs: 19.42 kg
baggage is on conveyor belt-------
---------baggage detected by sensor------------- 
Baggage weighs: 17.54 kg
baggage is on conveyor belt-------
---------baggage detected by sensor------------- 
Baggage weighs: 21.51 kg
baggage is on conveyor belt-------
---------baggage detected by sensor------------- 
Baggage weighs: 19.46 kg
baggage is on conveyor belt-------
---------baggage detected by sensor------------- 
Baggage weighs: 17.83 kg
baggage is on conveyor belt-------
---------baggage detected by sensor------------- 
Baggage weighs: 17.75 kg
baggage is on conveyor belt-------
---------baggage detected by sensor------------- 
Baggage weighs: 17.44 kg
baggage is on conveyor belt-------
---------baggage detected by sensor------------- 
Baggage weighs: 19.53 kg
baggage is on conveyor belt-------
---------baggage detected by sensor------------- 
Baggage weighs: 17.51 kg
baggage is on conveyor belt-------
---------baggage detected by sensor------------- 
Baggage weighs: 18.2 kg
baggage is on conveyor belt-------
---------baggage detected by sensor------------- 
Baggage weighs: 21.55 kg
baggage is on conveyor belt-------
---------baggage detected by sensor------------- 
Baggage weighs: 19.67 kg
baggage is on conveyor belt-------
---------baggage detected by sensor------------- 
Baggage weighs: 19.52 kg
baggage is on conveyor belt-------
---------baggage detected by sensor------------- 
Baggage weighs: 21.06 kg
baggage is on conveyor belt-------
---------baggage detected by sensor------------- 
Baggage weighs: 17.44 kg
baggage is on conveyor belt-------
---------baggage detected by sensor------------- 
Baggage weighs: 19.21 kg
baggage is on conveyor belt-------
---------baggage detected by sensor------------- 
Baggage weighs: 21.65 kg
baggage is on conveyor belt-------
---------baggage detected by sensor------------- 
Baggage weighs: 19.64 kg
baggage is on conveyor belt-------
---------baggage detected by sensor------------- 
Baggage weighs: 21.03 kg
baggage is on conveyor belt-------
---------baggage detected by sensor------------- 
Baggage weighs: 19.76 kg
baggage is on conveyor belt-------
---------baggage detected by sensor------------- 
Baggage weighs: 21.01 kg
baggage is on conveyor belt-------
---------baggage detected by sensor------------- 
Baggage weighs: 19.11 kg
baggage is on conveyor belt-------
---------baggage detected by sensor------------- 
Baggage weighs: 18.54 kg
baggage is on conveyor belt-------
---------baggage detected by sensor------------- 
Baggage weighs: 16.86 kg
baggage is on conveyor belt-------
---------baggage detected by sensor------------- 
Baggage weighs: 16.59 kg
baggage is on conveyor belt-------
---------baggage detected by sensor------------- 
Baggage weighs: 19.26 kg
baggage is on conveyor belt-------
---------baggage detected by sensor------------- 
Baggage weighs: 18.34 kg
baggage is on conveyor belt-------
---------baggage detected by sensor------------- 
Baggage weighs: 19.09 kg
baggage is on conveyor belt-------
---------baggage detected by sensor------------- 
Baggage weighs: 22.38 kg
baggage is on conveyor belt-------
---------baggage detected by sensor------------- 
Baggage weighs: 22.12 kg
baggage is on conveyor belt-------
---------baggage detected by sensor------------- 
Baggage weighs: 16.75 kg
Seat with ID: 28D has been reserved for you!

BOARDING PASS FOR BECKY STEIN
-----------------------------------------------------------------------------
LUFTHANSA                      xmj8hdjfabbk2ez /  Becky Stein
Becky Stein                                     /  xmj8hdjfabbk2ez
FRA   LH2121   E  30.Oct                       /  FRA
HKG                                            /  HKG
SEAT ID: 28D                                   /  LH2121 E 30.Oct
SEQ: 120                                      / GATE: A05   22:00
MAX 1  HANDLUGGAGE/ LUGGAGE
-----------------------------------------------------------------------------
sorry Becky Stein we have no voucher for you! Have a nice day!

---------------------------------------------------------------------------------------------------------------
scanning passport with passport id: ESNQIJYB3
searching for ticket in fast bag drop database..............
Ticket found for Jeffrey Dickerson and Flight LH2121
----searching flight seat for Jeffrey Dickerson---------
Found a seat with ID 28E
Below details were found in database
------------------------------------------
Name: Jeffrey Dickerson
Flight ID: LH2121
Source: FRA
Destination: HKG
Gate No: A05
Boarding time: 22:00
Ticket ID: dtskt0xlzw6osnj
Booking Class: E
------------------------------------------

Proceed with check-in for flight LH2121 ?
Type YES to CHECK-IN or NO to cancel CHECK-IN
Jeffrey Dickerson is deciding whether to check-in or to go back home and sleep............
YES CHECK-IN
Checking you in...............
baggage is on conveyor belt-------
---------baggage detected by sensor------------- 
Baggage weighs: 21.58 kg
baggage is on conveyor belt-------
---------baggage detected by sensor------------- 
Baggage weighs: 20.43 kg
baggage is on conveyor belt-------
---------baggage detected by sensor------------- 
Baggage weighs: 18.47 kg
baggage is on conveyor belt-------
---------baggage detected by sensor------------- 
Baggage weighs: 17.86 kg
baggage is on conveyor belt-------
---------baggage detected by sensor------------- 
Baggage weighs: 18.65 kg
baggage is on conveyor belt-------
---------baggage detected by sensor------------- 
Baggage weighs: 19.27 kg
baggage is on conveyor belt-------
---------baggage detected by sensor------------- 
Baggage weighs: 17.42 kg
baggage is on conveyor belt-------
---------baggage detected by sensor------------- 
Baggage weighs: 19.16 kg
baggage is on conveyor belt-------
---------baggage detected by sensor------------- 
Baggage weighs: 19.52 kg
baggage is on conveyor belt-------
---------baggage detected by sensor------------- 
Baggage weighs: 17.51 kg
baggage is on conveyor belt-------
---------baggage detected by sensor------------- 
Baggage weighs: 17.38 kg
baggage is on conveyor belt-------
---------baggage detected by sensor------------- 
Baggage weighs: 18.67 kg
baggage is on conveyor belt-------
---------baggage detected by sensor------------- 
Baggage weighs: 16.98 kg
baggage is on conveyor belt-------
---------baggage detected by sensor------------- 
Baggage weighs: 21.26 kg
baggage is on conveyor belt-------
---------baggage detected by sensor------------- 
Baggage weighs: 18.3 kg
baggage is on conveyor belt-------
---------baggage detected by sensor------------- 
Baggage weighs: 16.81 kg
baggage is on conveyor belt-------
---------baggage detected by sensor------------- 
Baggage weighs: 20.91 kg
baggage is on conveyor belt-------
---------baggage detected by sensor------------- 
Baggage weighs: 21.21 kg
baggage is on conveyor belt-------
---------baggage detected by sensor------------- 
Baggage weighs: 19.69 kg
baggage is on conveyor belt-------
---------baggage detected by sensor------------- 
Baggage weighs: 18.67 kg
baggage is on conveyor belt-------
---------baggage detected by sensor------------- 
Baggage weighs: 19.12 kg
baggage is on conveyor belt-------
---------baggage detected by sensor------------- 
Baggage weighs: 16.42 kg
baggage is on conveyor belt-------
---------baggage detected by sensor------------- 
Baggage weighs: 19.17 kg
baggage is on conveyor belt-------
---------baggage detected by sensor------------- 
Baggage weighs: 19.0 kg
baggage is on conveyor belt-------
---------baggage detected by sensor------------- 
Baggage weighs: 18.78 kg
baggage is on conveyor belt-------
---------baggage detected by sensor------------- 
Baggage weighs: 20.31 kg
baggage is on conveyor belt-------
---------baggage detected by sensor------------- 
Baggage weighs: 21.25 kg
baggage is on conveyor belt-------
---------baggage detected by sensor------------- 
Baggage weighs: 18.87 kg
baggage is on conveyor belt-------
---------baggage detected by sensor------------- 
Baggage weighs: 16.25 kg
baggage is on conveyor belt-------
---------baggage detected by sensor------------- 
Baggage weighs: 19.94 kg
baggage is on conveyor belt-------
---------baggage detected by sensor------------- 
Baggage weighs: 16.88 kg
baggage is on conveyor belt-------
---------baggage detected by sensor------------- 
Baggage weighs: 18.24 kg
baggage is on conveyor belt-------
---------baggage detected by sensor------------- 
Baggage weighs: 17.16 kg
baggage is on conveyor belt-------
---------baggage detected by sensor------------- 
Baggage weighs: 19.34 kg
baggage is on conveyor belt-------
---------baggage detected by sensor------------- 
Baggage weighs: 22.41 kg
baggage is on conveyor belt-------
---------baggage detected by sensor------------- 
Baggage weighs: 20.47 kg
baggage is on conveyor belt-------
---------baggage detected by sensor------------- 
Baggage weighs: 18.81 kg
baggage is on conveyor belt-------
---------baggage detected by sensor------------- 
Baggage weighs: 18.56 kg
baggage is on conveyor belt-------
---------baggage detected by sensor------------- 
Baggage weighs: 17.77 kg
baggage is on conveyor belt-------
---------baggage detected by sensor------------- 
Baggage weighs: 19.32 kg
baggage is on conveyor belt-------
---------baggage detected by sensor------------- 
Baggage weighs: 19.21 kg
baggage is on conveyor belt-------
---------baggage detected by sensor------------- 
Baggage weighs: 19.13 kg
baggage is on conveyor belt-------
---------baggage detected by sensor------------- 
Baggage weighs: 20.39 kg
baggage is on conveyor belt-------
---------baggage detected by sensor------------- 
Baggage weighs: 21.03 kg
baggage is on conveyor belt-------
---------baggage detected by sensor------------- 
Baggage weighs: 20.05 kg
baggage is on conveyor belt-------
---------baggage detected by sensor------------- 
Baggage weighs: 21.92 kg
baggage is on conveyor belt-------
---------baggage detected by sensor------------- 
Baggage weighs: 19.37 kg
baggage is on conveyor belt-------
---------baggage detected by sensor------------- 
Baggage weighs: 20.35 kg
baggage is on conveyor belt-------
---------baggage detected by sensor------------- 
Baggage weighs: 18.73 kg
baggage is on conveyor belt-------
---------baggage detected by sensor------------- 
Baggage weighs: 20.33 kg
baggage is on conveyor belt-------
---------baggage detected by sensor------------- 
Baggage weighs: 22.01 kg
baggage is on conveyor belt-------
---------baggage detected by sensor------------- 
Baggage weighs: 19.27 kg
baggage is on conveyor belt-------
---------baggage detected by sensor------------- 
Baggage weighs: 21.18 kg
baggage is on conveyor belt-------
---------baggage detected by sensor------------- 
Baggage weighs: 17.16 kg
baggage is on conveyor belt-------
---------baggage detected by sensor------------- 
Baggage weighs: 20.04 kg
baggage is on conveyor belt-------
---------baggage detected by sensor------------- 
Baggage weighs: 20.91 kg
baggage is on conveyor belt-------
---------baggage detected by sensor------------- 
Baggage weighs: 20.3 kg
baggage is on conveyor belt-------
---------baggage detected by sensor------------- 
Baggage weighs: 20.38 kg
baggage is on conveyor belt-------
---------baggage detected by sensor------------- 
Baggage weighs: 16.54 kg
baggage is on conveyor belt-------
---------baggage detected by sensor------------- 
Baggage weighs: 18.87 kg
baggage is on conveyor belt-------
---------baggage detected by sensor------------- 
Baggage weighs: 20.22 kg
baggage is on conveyor belt-------
---------baggage detected by sensor------------- 
Baggage weighs: 20.75 kg
baggage is on conveyor belt-------
---------baggage detected by sensor------------- 
Baggage weighs: 17.4 kg
baggage is on conveyor belt-------
---------baggage detected by sensor------------- 
Baggage weighs: 20.27 kg
baggage is on conveyor belt-------
---------baggage detected by sensor------------- 
Baggage weighs: 17.04 kg
baggage is on conveyor belt-------
---------baggage detected by sensor------------- 
Baggage weighs: 19.84 kg
baggage is on conveyor belt-------
---------baggage detected by sensor------------- 
Baggage weighs: 17.34 kg
baggage is on conveyor belt-------
---------baggage detected by sensor------------- 
Baggage weighs: 18.75 kg
baggage is on conveyor belt-------
---------baggage detected by sensor------------- 
Baggage weighs: 19.12 kg
baggage is on conveyor belt-------
---------baggage detected by sensor------------- 
Baggage weighs: 18.29 kg
baggage is on conveyor belt-------
---------baggage detected by sensor------------- 
Baggage weighs: 17.94 kg
baggage is on conveyor belt-------
---------baggage detected by sensor------------- 
Baggage weighs: 19.09 kg
baggage is on conveyor belt-------
---------baggage detected by sensor------------- 
Baggage weighs: 22.39 kg
baggage is on conveyor belt-------
---------baggage detected by sensor------------- 
Baggage weighs: 21.23 kg
baggage is on conveyor belt-------
---------baggage detected by sensor------------- 
Baggage weighs: 17.56 kg
baggage is on conveyor belt-------
---------baggage detected by sensor------------- 
Baggage weighs: 18.37 kg
baggage is on conveyor belt-------
---------baggage detected by sensor------------- 
Baggage weighs: 21.4 kg
baggage is on conveyor belt-------
---------baggage detected by sensor------------- 
Baggage weighs: 20.25 kg
baggage is on conveyor belt-------
---------baggage detected by sensor------------- 
Baggage weighs: 23.0 kg
baggage is on conveyor belt-------
---------baggage detected by sensor------------- 
Baggage weighs: 17.01 kg
baggage is on conveyor belt-------
---------baggage detected by sensor------------- 
Baggage weighs: 17.39 kg
baggage is on conveyor belt-------
---------baggage detected by sensor------------- 
Baggage weighs: 16.7 kg
baggage is on conveyor belt-------
---------baggage detected by sensor------------- 
Baggage weighs: 16.23 kg
baggage is on conveyor belt-------
---------baggage detected by sensor------------- 
Baggage weighs: 19.13 kg
baggage is on conveyor belt-------
---------baggage detected by sensor------------- 
Baggage weighs: 21.07 kg
baggage is on conveyor belt-------
---------baggage detected by sensor------------- 
Baggage weighs: 17.87 kg
baggage is on conveyor belt-------
---------baggage detected by sensor------------- 
Baggage weighs: 19.92 kg
baggage is on conveyor belt-------
---------baggage detected by sensor------------- 
Baggage weighs: 19.22 kg
baggage is on conveyor belt-------
---------baggage detected by sensor------------- 
Baggage weighs: 21.53 kg
baggage is on conveyor belt-------
---------baggage detected by sensor------------- 
Baggage weighs: 20.29 kg
baggage is on conveyor belt-------
---------baggage detected by sensor------------- 
Baggage weighs: 19.32 kg
baggage is on conveyor belt-------
---------baggage detected by sensor------------- 
Baggage weighs: 17.25 kg
baggage is on conveyor belt-------
---------baggage detected by sensor------------- 
Baggage weighs: 21.3 kg
baggage is on conveyor belt-------
---------baggage detected by sensor------------- 
Baggage weighs: 16.79 kg
baggage is on conveyor belt-------
---------baggage detected by sensor------------- 
Baggage weighs: 19.55 kg
baggage is on conveyor belt-------
---------baggage detected by sensor------------- 
Baggage weighs: 18.88 kg
baggage is on conveyor belt-------
---------baggage detected by sensor------------- 
Baggage weighs: 22.33 kg
baggage is on conveyor belt-------
---------baggage detected by sensor------------- 
Baggage weighs: 20.62 kg
baggage is on conveyor belt-------
---------baggage detected by sensor------------- 
Baggage weighs: 19.42 kg
baggage is on conveyor belt-------
---------baggage detected by sensor------------- 
Baggage weighs: 17.54 kg
baggage is on conveyor belt-------
---------baggage detected by sensor------------- 
Baggage weighs: 21.51 kg
baggage is on conveyor belt-------
---------baggage detected by sensor------------- 
Baggage weighs: 19.46 kg
baggage is on conveyor belt-------
---------baggage detected by sensor------------- 
Baggage weighs: 17.83 kg
baggage is on conveyor belt-------
---------baggage detected by sensor------------- 
Baggage weighs: 17.75 kg
baggage is on conveyor belt-------
---------baggage detected by sensor------------- 
Baggage weighs: 17.44 kg
baggage is on conveyor belt-------
---------baggage detected by sensor------------- 
Baggage weighs: 19.53 kg
baggage is on conveyor belt-------
---------baggage detected by sensor------------- 
Baggage weighs: 17.51 kg
baggage is on conveyor belt-------
---------baggage detected by sensor------------- 
Baggage weighs: 18.2 kg
baggage is on conveyor belt-------
---------baggage detected by sensor------------- 
Baggage weighs: 21.55 kg
baggage is on conveyor belt-------
---------baggage detected by sensor------------- 
Baggage weighs: 19.67 kg
baggage is on conveyor belt-------
---------baggage detected by sensor------------- 
Baggage weighs: 19.52 kg
baggage is on conveyor belt-------
---------baggage detected by sensor------------- 
Baggage weighs: 21.06 kg
baggage is on conveyor belt-------
---------baggage detected by sensor------------- 
Baggage weighs: 17.44 kg
baggage is on conveyor belt-------
---------baggage detected by sensor------------- 
Baggage weighs: 19.21 kg
baggage is on conveyor belt-------
---------baggage detected by sensor------------- 
Baggage weighs: 21.65 kg
baggage is on conveyor belt-------
---------baggage detected by sensor------------- 
Baggage weighs: 19.64 kg
baggage is on conveyor belt-------
---------baggage detected by sensor------------- 
Baggage weighs: 21.03 kg
baggage is on conveyor belt-------
---------baggage detected by sensor------------- 
Baggage weighs: 19.76 kg
baggage is on conveyor belt-------
---------baggage detected by sensor------------- 
Baggage weighs: 21.01 kg
baggage is on conveyor belt-------
---------baggage detected by sensor------------- 
Baggage weighs: 19.11 kg
baggage is on conveyor belt-------
---------baggage detected by sensor------------- 
Baggage weighs: 18.54 kg
baggage is on conveyor belt-------
---------baggage detected by sensor------------- 
Baggage weighs: 16.86 kg
baggage is on conveyor belt-------
---------baggage detected by sensor------------- 
Baggage weighs: 16.59 kg
baggage is on conveyor belt-------
---------baggage detected by sensor------------- 
Baggage weighs: 19.26 kg
baggage is on conveyor belt-------
---------baggage detected by sensor------------- 
Baggage weighs: 18.34 kg
baggage is on conveyor belt-------
---------baggage detected by sensor------------- 
Baggage weighs: 19.09 kg
baggage is on conveyor belt-------
---------baggage detected by sensor------------- 
Baggage weighs: 22.38 kg
baggage is on conveyor belt-------
---------baggage detected by sensor------------- 
Baggage weighs: 22.12 kg
baggage is on conveyor belt-------
---------baggage detected by sensor------------- 
Baggage weighs: 16.75 kg
baggage is on conveyor belt-------
---------baggage detected by sensor------------- 
Baggage weighs: 20.36 kg
Seat with ID: 28E has been reserved for you!

BOARDING PASS FOR JEFFREY DICKERSON
-----------------------------------------------------------------------------
LUFTHANSA                      dtskt0xlzw6osnj /  Jeffrey Dickerson
Jeffrey Dickerson                                     /  dtskt0xlzw6osnj
FRA   LH2121   E  30.Oct                       /  FRA
HKG                                            /  HKG
SEAT ID: 28E                                   /  LH2121 E 30.Oct
SEQ: 121                                      / GATE: A05   22:00
MAX 1  HANDLUGGAGE/ LUGGAGE
-----------------------------------------------------------------------------
sorry Jeffrey Dickerson we have no voucher for you! Have a nice day!

---------------------------------------------------------------------------------------------------------------
scanning passport with passport id: 7AEGXVPXH
searching for ticket in fast bag drop database..............
Ticket found for Dusty Hood and Flight LH2121
----searching flight seat for Dusty Hood---------
Found a seat with ID 28G
Below details were found in database
------------------------------------------
Name: Dusty Hood
Flight ID: LH2121
Source: FRA
Destination: HKG
Gate No: A05
Boarding time: 22:00
Ticket ID: lg1u29tap7v9ol3
Booking Class: E
------------------------------------------

Proceed with check-in for flight LH2121 ?
Type YES to CHECK-IN or NO to cancel CHECK-IN
Dusty Hood is deciding whether to check-in or to go back home and sleep............
YES CHECK-IN
Checking you in...............
baggage is on conveyor belt-------
---------baggage detected by sensor------------- 
Baggage weighs: 21.58 kg
baggage is on conveyor belt-------
---------baggage detected by sensor------------- 
Baggage weighs: 20.43 kg
baggage is on conveyor belt-------
---------baggage detected by sensor------------- 
Baggage weighs: 18.47 kg
baggage is on conveyor belt-------
---------baggage detected by sensor------------- 
Baggage weighs: 17.86 kg
baggage is on conveyor belt-------
---------baggage detected by sensor------------- 
Baggage weighs: 18.65 kg
baggage is on conveyor belt-------
---------baggage detected by sensor------------- 
Baggage weighs: 19.27 kg
baggage is on conveyor belt-------
---------baggage detected by sensor------------- 
Baggage weighs: 17.42 kg
baggage is on conveyor belt-------
---------baggage detected by sensor------------- 
Baggage weighs: 19.16 kg
baggage is on conveyor belt-------
---------baggage detected by sensor------------- 
Baggage weighs: 19.52 kg
baggage is on conveyor belt-------
---------baggage detected by sensor------------- 
Baggage weighs: 17.51 kg
baggage is on conveyor belt-------
---------baggage detected by sensor------------- 
Baggage weighs: 17.38 kg
baggage is on conveyor belt-------
---------baggage detected by sensor------------- 
Baggage weighs: 18.67 kg
baggage is on conveyor belt-------
---------baggage detected by sensor------------- 
Baggage weighs: 16.98 kg
baggage is on conveyor belt-------
---------baggage detected by sensor------------- 
Baggage weighs: 21.26 kg
baggage is on conveyor belt-------
---------baggage detected by sensor------------- 
Baggage weighs: 18.3 kg
baggage is on conveyor belt-------
---------baggage detected by sensor------------- 
Baggage weighs: 16.81 kg
baggage is on conveyor belt-------
---------baggage detected by sensor------------- 
Baggage weighs: 20.91 kg
baggage is on conveyor belt-------
---------baggage detected by sensor------------- 
Baggage weighs: 21.21 kg
baggage is on conveyor belt-------
---------baggage detected by sensor------------- 
Baggage weighs: 19.69 kg
baggage is on conveyor belt-------
---------baggage detected by sensor------------- 
Baggage weighs: 18.67 kg
baggage is on conveyor belt-------
---------baggage detected by sensor------------- 
Baggage weighs: 19.12 kg
baggage is on conveyor belt-------
---------baggage detected by sensor------------- 
Baggage weighs: 16.42 kg
baggage is on conveyor belt-------
---------baggage detected by sensor------------- 
Baggage weighs: 19.17 kg
baggage is on conveyor belt-------
---------baggage detected by sensor------------- 
Baggage weighs: 19.0 kg
baggage is on conveyor belt-------
---------baggage detected by sensor------------- 
Baggage weighs: 18.78 kg
baggage is on conveyor belt-------
---------baggage detected by sensor------------- 
Baggage weighs: 20.31 kg
baggage is on conveyor belt-------
---------baggage detected by sensor------------- 
Baggage weighs: 21.25 kg
baggage is on conveyor belt-------
---------baggage detected by sensor------------- 
Baggage weighs: 18.87 kg
baggage is on conveyor belt-------
---------baggage detected by sensor------------- 
Baggage weighs: 16.25 kg
baggage is on conveyor belt-------
---------baggage detected by sensor------------- 
Baggage weighs: 19.94 kg
baggage is on conveyor belt-------
---------baggage detected by sensor------------- 
Baggage weighs: 16.88 kg
baggage is on conveyor belt-------
---------baggage detected by sensor------------- 
Baggage weighs: 18.24 kg
baggage is on conveyor belt-------
---------baggage detected by sensor------------- 
Baggage weighs: 17.16 kg
baggage is on conveyor belt-------
---------baggage detected by sensor------------- 
Baggage weighs: 19.34 kg
baggage is on conveyor belt-------
---------baggage detected by sensor------------- 
Baggage weighs: 22.41 kg
baggage is on conveyor belt-------
---------baggage detected by sensor------------- 
Baggage weighs: 20.47 kg
baggage is on conveyor belt-------
---------baggage detected by sensor------------- 
Baggage weighs: 18.81 kg
baggage is on conveyor belt-------
---------baggage detected by sensor------------- 
Baggage weighs: 18.56 kg
baggage is on conveyor belt-------
---------baggage detected by sensor------------- 
Baggage weighs: 17.77 kg
baggage is on conveyor belt-------
---------baggage detected by sensor------------- 
Baggage weighs: 19.32 kg
baggage is on conveyor belt-------
---------baggage detected by sensor------------- 
Baggage weighs: 19.21 kg
baggage is on conveyor belt-------
---------baggage detected by sensor------------- 
Baggage weighs: 19.13 kg
baggage is on conveyor belt-------
---------baggage detected by sensor------------- 
Baggage weighs: 20.39 kg
baggage is on conveyor belt-------
---------baggage detected by sensor------------- 
Baggage weighs: 21.03 kg
baggage is on conveyor belt-------
---------baggage detected by sensor------------- 
Baggage weighs: 20.05 kg
baggage is on conveyor belt-------
---------baggage detected by sensor------------- 
Baggage weighs: 21.92 kg
baggage is on conveyor belt-------
---------baggage detected by sensor------------- 
Baggage weighs: 19.37 kg
baggage is on conveyor belt-------
---------baggage detected by sensor------------- 
Baggage weighs: 20.35 kg
baggage is on conveyor belt-------
---------baggage detected by sensor------------- 
Baggage weighs: 18.73 kg
baggage is on conveyor belt-------
---------baggage detected by sensor------------- 
Baggage weighs: 20.33 kg
baggage is on conveyor belt-------
---------baggage detected by sensor------------- 
Baggage weighs: 22.01 kg
baggage is on conveyor belt-------
---------baggage detected by sensor------------- 
Baggage weighs: 19.27 kg
baggage is on conveyor belt-------
---------baggage detected by sensor------------- 
Baggage weighs: 21.18 kg
baggage is on conveyor belt-------
---------baggage detected by sensor------------- 
Baggage weighs: 17.16 kg
baggage is on conveyor belt-------
---------baggage detected by sensor------------- 
Baggage weighs: 20.04 kg
baggage is on conveyor belt-------
---------baggage detected by sensor------------- 
Baggage weighs: 20.91 kg
baggage is on conveyor belt-------
---------baggage detected by sensor------------- 
Baggage weighs: 20.3 kg
baggage is on conveyor belt-------
---------baggage detected by sensor------------- 
Baggage weighs: 20.38 kg
baggage is on conveyor belt-------
---------baggage detected by sensor------------- 
Baggage weighs: 16.54 kg
baggage is on conveyor belt-------
---------baggage detected by sensor------------- 
Baggage weighs: 18.87 kg
baggage is on conveyor belt-------
---------baggage detected by sensor------------- 
Baggage weighs: 20.22 kg
baggage is on conveyor belt-------
---------baggage detected by sensor------------- 
Baggage weighs: 20.75 kg
baggage is on conveyor belt-------
---------baggage detected by sensor------------- 
Baggage weighs: 17.4 kg
baggage is on conveyor belt-------
---------baggage detected by sensor------------- 
Baggage weighs: 20.27 kg
baggage is on conveyor belt-------
---------baggage detected by sensor------------- 
Baggage weighs: 17.04 kg
baggage is on conveyor belt-------
---------baggage detected by sensor------------- 
Baggage weighs: 19.84 kg
baggage is on conveyor belt-------
---------baggage detected by sensor------------- 
Baggage weighs: 17.34 kg
baggage is on conveyor belt-------
---------baggage detected by sensor------------- 
Baggage weighs: 18.75 kg
baggage is on conveyor belt-------
---------baggage detected by sensor------------- 
Baggage weighs: 19.12 kg
baggage is on conveyor belt-------
---------baggage detected by sensor------------- 
Baggage weighs: 18.29 kg
baggage is on conveyor belt-------
---------baggage detected by sensor------------- 
Baggage weighs: 17.94 kg
baggage is on conveyor belt-------
---------baggage detected by sensor------------- 
Baggage weighs: 19.09 kg
baggage is on conveyor belt-------
---------baggage detected by sensor------------- 
Baggage weighs: 22.39 kg
baggage is on conveyor belt-------
---------baggage detected by sensor------------- 
Baggage weighs: 21.23 kg
baggage is on conveyor belt-------
---------baggage detected by sensor------------- 
Baggage weighs: 17.56 kg
baggage is on conveyor belt-------
---------baggage detected by sensor------------- 
Baggage weighs: 18.37 kg
baggage is on conveyor belt-------
---------baggage detected by sensor------------- 
Baggage weighs: 21.4 kg
baggage is on conveyor belt-------
---------baggage detected by sensor------------- 
Baggage weighs: 20.25 kg
baggage is on conveyor belt-------
---------baggage detected by sensor------------- 
Baggage weighs: 23.0 kg
baggage is on conveyor belt-------
---------baggage detected by sensor------------- 
Baggage weighs: 17.01 kg
baggage is on conveyor belt-------
---------baggage detected by sensor------------- 
Baggage weighs: 17.39 kg
baggage is on conveyor belt-------
---------baggage detected by sensor------------- 
Baggage weighs: 16.7 kg
baggage is on conveyor belt-------
---------baggage detected by sensor------------- 
Baggage weighs: 16.23 kg
baggage is on conveyor belt-------
---------baggage detected by sensor------------- 
Baggage weighs: 19.13 kg
baggage is on conveyor belt-------
---------baggage detected by sensor------------- 
Baggage weighs: 21.07 kg
baggage is on conveyor belt-------
---------baggage detected by sensor------------- 
Baggage weighs: 17.87 kg
baggage is on conveyor belt-------
---------baggage detected by sensor------------- 
Baggage weighs: 19.92 kg
baggage is on conveyor belt-------
---------baggage detected by sensor------------- 
Baggage weighs: 19.22 kg
baggage is on conveyor belt-------
---------baggage detected by sensor------------- 
Baggage weighs: 21.53 kg
baggage is on conveyor belt-------
---------baggage detected by sensor------------- 
Baggage weighs: 20.29 kg
baggage is on conveyor belt-------
---------baggage detected by sensor------------- 
Baggage weighs: 19.32 kg
baggage is on conveyor belt-------
---------baggage detected by sensor------------- 
Baggage weighs: 17.25 kg
baggage is on conveyor belt-------
---------baggage detected by sensor------------- 
Baggage weighs: 21.3 kg
baggage is on conveyor belt-------
---------baggage detected by sensor------------- 
Baggage weighs: 16.79 kg
baggage is on conveyor belt-------
---------baggage detected by sensor------------- 
Baggage weighs: 19.55 kg
baggage is on conveyor belt-------
---------baggage detected by sensor------------- 
Baggage weighs: 18.88 kg
baggage is on conveyor belt-------
---------baggage detected by sensor------------- 
Baggage weighs: 22.33 kg
baggage is on conveyor belt-------
---------baggage detected by sensor------------- 
Baggage weighs: 20.62 kg
baggage is on conveyor belt-------
---------baggage detected by sensor------------- 
Baggage weighs: 19.42 kg
baggage is on conveyor belt-------
---------baggage detected by sensor------------- 
Baggage weighs: 17.54 kg
baggage is on conveyor belt-------
---------baggage detected by sensor------------- 
Baggage weighs: 21.51 kg
baggage is on conveyor belt-------
---------baggage detected by sensor------------- 
Baggage weighs: 19.46 kg
baggage is on conveyor belt-------
---------baggage detected by sensor------------- 
Baggage weighs: 17.83 kg
baggage is on conveyor belt-------
---------baggage detected by sensor------------- 
Baggage weighs: 17.75 kg
baggage is on conveyor belt-------
---------baggage detected by sensor------------- 
Baggage weighs: 17.44 kg
baggage is on conveyor belt-------
---------baggage detected by sensor------------- 
Baggage weighs: 19.53 kg
baggage is on conveyor belt-------
---------baggage detected by sensor------------- 
Baggage weighs: 17.51 kg
baggage is on conveyor belt-------
---------baggage detected by sensor------------- 
Baggage weighs: 18.2 kg
baggage is on conveyor belt-------
---------baggage detected by sensor------------- 
Baggage weighs: 21.55 kg
baggage is on conveyor belt-------
---------baggage detected by sensor------------- 
Baggage weighs: 19.67 kg
baggage is on conveyor belt-------
---------baggage detected by sensor------------- 
Baggage weighs: 19.52 kg
baggage is on conveyor belt-------
---------baggage detected by sensor------------- 
Baggage weighs: 21.06 kg
baggage is on conveyor belt-------
---------baggage detected by sensor------------- 
Baggage weighs: 17.44 kg
baggage is on conveyor belt-------
---------baggage detected by sensor------------- 
Baggage weighs: 19.21 kg
baggage is on conveyor belt-------
---------baggage detected by sensor------------- 
Baggage weighs: 21.65 kg
baggage is on conveyor belt-------
---------baggage detected by sensor------------- 
Baggage weighs: 19.64 kg
baggage is on conveyor belt-------
---------baggage detected by sensor------------- 
Baggage weighs: 21.03 kg
baggage is on conveyor belt-------
---------baggage detected by sensor------------- 
Baggage weighs: 19.76 kg
baggage is on conveyor belt-------
---------baggage detected by sensor------------- 
Baggage weighs: 21.01 kg
baggage is on conveyor belt-------
---------baggage detected by sensor------------- 
Baggage weighs: 19.11 kg
baggage is on conveyor belt-------
---------baggage detected by sensor------------- 
Baggage weighs: 18.54 kg
baggage is on conveyor belt-------
---------baggage detected by sensor------------- 
Baggage weighs: 16.86 kg
baggage is on conveyor belt-------
---------baggage detected by sensor------------- 
Baggage weighs: 16.59 kg
baggage is on conveyor belt-------
---------baggage detected by sensor------------- 
Baggage weighs: 19.26 kg
baggage is on conveyor belt-------
---------baggage detected by sensor------------- 
Baggage weighs: 18.34 kg
baggage is on conveyor belt-------
---------baggage detected by sensor------------- 
Baggage weighs: 19.09 kg
baggage is on conveyor belt-------
---------baggage detected by sensor------------- 
Baggage weighs: 22.38 kg
baggage is on conveyor belt-------
---------baggage detected by sensor------------- 
Baggage weighs: 22.12 kg
baggage is on conveyor belt-------
---------baggage detected by sensor------------- 
Baggage weighs: 16.75 kg
baggage is on conveyor belt-------
---------baggage detected by sensor------------- 
Baggage weighs: 20.36 kg
baggage is on conveyor belt-------
---------baggage detected by sensor------------- 
Baggage weighs: 20.94 kg
Seat with ID: 28G has been reserved for you!

BOARDING PASS FOR DUSTY HOOD
-----------------------------------------------------------------------------
LUFTHANSA                      lg1u29tap7v9ol3 /  Dusty Hood
Dusty Hood                                     /  lg1u29tap7v9ol3
FRA   LH2121   E  30.Oct                       /  FRA
HKG                                            /  HKG
SEAT ID: 28G                                   /  LH2121 E 30.Oct
SEQ: 122                                      / GATE: A05   22:00
MAX 1  HANDLUGGAGE/ LUGGAGE
-----------------------------------------------------------------------------
sorry Dusty Hood we have no voucher for you! Have a nice day!

---------------------------------------------------------------------------------------------------------------
scanning passport with passport id: 2E1LRK1I8
searching for ticket in fast bag drop database..............
Ticket found for Blake Stevenson and Flight LH2121
----searching flight seat for Blake Stevenson---------
Found a seat with ID 28H
Below details were found in database
------------------------------------------
Name: Blake Stevenson
Flight ID: LH2121
Source: FRA
Destination: HKG
Gate No: A05
Boarding time: 22:00
Ticket ID: q8e8kmwf4fnp051
Booking Class: E
------------------------------------------

Proceed with check-in for flight LH2121 ?
Type YES to CHECK-IN or NO to cancel CHECK-IN
Blake Stevenson is deciding whether to check-in or to go back home and sleep............
YES CHECK-IN
Checking you in...............
baggage is on conveyor belt-------
---------baggage detected by sensor------------- 
Baggage weighs: 21.58 kg
baggage is on conveyor belt-------
---------baggage detected by sensor------------- 
Baggage weighs: 20.43 kg
baggage is on conveyor belt-------
---------baggage detected by sensor------------- 
Baggage weighs: 18.47 kg
baggage is on conveyor belt-------
---------baggage detected by sensor------------- 
Baggage weighs: 17.86 kg
baggage is on conveyor belt-------
---------baggage detected by sensor------------- 
Baggage weighs: 18.65 kg
baggage is on conveyor belt-------
---------baggage detected by sensor------------- 
Baggage weighs: 19.27 kg
baggage is on conveyor belt-------
---------baggage detected by sensor------------- 
Baggage weighs: 17.42 kg
baggage is on conveyor belt-------
---------baggage detected by sensor------------- 
Baggage weighs: 19.16 kg
baggage is on conveyor belt-------
---------baggage detected by sensor------------- 
Baggage weighs: 19.52 kg
baggage is on conveyor belt-------
---------baggage detected by sensor------------- 
Baggage weighs: 17.51 kg
baggage is on conveyor belt-------
---------baggage detected by sensor------------- 
Baggage weighs: 17.38 kg
baggage is on conveyor belt-------
---------baggage detected by sensor------------- 
Baggage weighs: 18.67 kg
baggage is on conveyor belt-------
---------baggage detected by sensor------------- 
Baggage weighs: 16.98 kg
baggage is on conveyor belt-------
---------baggage detected by sensor------------- 
Baggage weighs: 21.26 kg
baggage is on conveyor belt-------
---------baggage detected by sensor------------- 
Baggage weighs: 18.3 kg
baggage is on conveyor belt-------
---------baggage detected by sensor------------- 
Baggage weighs: 16.81 kg
baggage is on conveyor belt-------
---------baggage detected by sensor------------- 
Baggage weighs: 20.91 kg
baggage is on conveyor belt-------
---------baggage detected by sensor------------- 
Baggage weighs: 21.21 kg
baggage is on conveyor belt-------
---------baggage detected by sensor------------- 
Baggage weighs: 19.69 kg
baggage is on conveyor belt-------
---------baggage detected by sensor------------- 
Baggage weighs: 18.67 kg
baggage is on conveyor belt-------
---------baggage detected by sensor------------- 
Baggage weighs: 19.12 kg
baggage is on conveyor belt-------
---------baggage detected by sensor------------- 
Baggage weighs: 16.42 kg
baggage is on conveyor belt-------
---------baggage detected by sensor------------- 
Baggage weighs: 19.17 kg
baggage is on conveyor belt-------
---------baggage detected by sensor------------- 
Baggage weighs: 19.0 kg
baggage is on conveyor belt-------
---------baggage detected by sensor------------- 
Baggage weighs: 18.78 kg
baggage is on conveyor belt-------
---------baggage detected by sensor------------- 
Baggage weighs: 20.31 kg
baggage is on conveyor belt-------
---------baggage detected by sensor------------- 
Baggage weighs: 21.25 kg
baggage is on conveyor belt-------
---------baggage detected by sensor------------- 
Baggage weighs: 18.87 kg
baggage is on conveyor belt-------
---------baggage detected by sensor------------- 
Baggage weighs: 16.25 kg
baggage is on conveyor belt-------
---------baggage detected by sensor------------- 
Baggage weighs: 19.94 kg
baggage is on conveyor belt-------
---------baggage detected by sensor------------- 
Baggage weighs: 16.88 kg
baggage is on conveyor belt-------
---------baggage detected by sensor------------- 
Baggage weighs: 18.24 kg
baggage is on conveyor belt-------
---------baggage detected by sensor------------- 
Baggage weighs: 17.16 kg
baggage is on conveyor belt-------
---------baggage detected by sensor------------- 
Baggage weighs: 19.34 kg
baggage is on conveyor belt-------
---------baggage detected by sensor------------- 
Baggage weighs: 22.41 kg
baggage is on conveyor belt-------
---------baggage detected by sensor------------- 
Baggage weighs: 20.47 kg
baggage is on conveyor belt-------
---------baggage detected by sensor------------- 
Baggage weighs: 18.81 kg
baggage is on conveyor belt-------
---------baggage detected by sensor------------- 
Baggage weighs: 18.56 kg
baggage is on conveyor belt-------
---------baggage detected by sensor------------- 
Baggage weighs: 17.77 kg
baggage is on conveyor belt-------
---------baggage detected by sensor------------- 
Baggage weighs: 19.32 kg
baggage is on conveyor belt-------
---------baggage detected by sensor------------- 
Baggage weighs: 19.21 kg
baggage is on conveyor belt-------
---------baggage detected by sensor------------- 
Baggage weighs: 19.13 kg
baggage is on conveyor belt-------
---------baggage detected by sensor------------- 
Baggage weighs: 20.39 kg
baggage is on conveyor belt-------
---------baggage detected by sensor------------- 
Baggage weighs: 21.03 kg
baggage is on conveyor belt-------
---------baggage detected by sensor------------- 
Baggage weighs: 20.05 kg
baggage is on conveyor belt-------
---------baggage detected by sensor------------- 
Baggage weighs: 21.92 kg
baggage is on conveyor belt-------
---------baggage detected by sensor------------- 
Baggage weighs: 19.37 kg
baggage is on conveyor belt-------
---------baggage detected by sensor------------- 
Baggage weighs: 20.35 kg
baggage is on conveyor belt-------
---------baggage detected by sensor------------- 
Baggage weighs: 18.73 kg
baggage is on conveyor belt-------
---------baggage detected by sensor------------- 
Baggage weighs: 20.33 kg
baggage is on conveyor belt-------
---------baggage detected by sensor------------- 
Baggage weighs: 22.01 kg
baggage is on conveyor belt-------
---------baggage detected by sensor------------- 
Baggage weighs: 19.27 kg
baggage is on conveyor belt-------
---------baggage detected by sensor------------- 
Baggage weighs: 21.18 kg
baggage is on conveyor belt-------
---------baggage detected by sensor------------- 
Baggage weighs: 17.16 kg
baggage is on conveyor belt-------
---------baggage detected by sensor------------- 
Baggage weighs: 20.04 kg
baggage is on conveyor belt-------
---------baggage detected by sensor------------- 
Baggage weighs: 20.91 kg
baggage is on conveyor belt-------
---------baggage detected by sensor------------- 
Baggage weighs: 20.3 kg
baggage is on conveyor belt-------
---------baggage detected by sensor------------- 
Baggage weighs: 20.38 kg
baggage is on conveyor belt-------
---------baggage detected by sensor------------- 
Baggage weighs: 16.54 kg
baggage is on conveyor belt-------
---------baggage detected by sensor------------- 
Baggage weighs: 18.87 kg
baggage is on conveyor belt-------
---------baggage detected by sensor------------- 
Baggage weighs: 20.22 kg
baggage is on conveyor belt-------
---------baggage detected by sensor------------- 
Baggage weighs: 20.75 kg
baggage is on conveyor belt-------
---------baggage detected by sensor------------- 
Baggage weighs: 17.4 kg
baggage is on conveyor belt-------
---------baggage detected by sensor------------- 
Baggage weighs: 20.27 kg
baggage is on conveyor belt-------
---------baggage detected by sensor------------- 
Baggage weighs: 17.04 kg
baggage is on conveyor belt-------
---------baggage detected by sensor------------- 
Baggage weighs: 19.84 kg
baggage is on conveyor belt-------
---------baggage detected by sensor------------- 
Baggage weighs: 17.34 kg
baggage is on conveyor belt-------
---------baggage detected by sensor------------- 
Baggage weighs: 18.75 kg
baggage is on conveyor belt-------
---------baggage detected by sensor------------- 
Baggage weighs: 19.12 kg
baggage is on conveyor belt-------
---------baggage detected by sensor------------- 
Baggage weighs: 18.29 kg
baggage is on conveyor belt-------
---------baggage detected by sensor------------- 
Baggage weighs: 17.94 kg
baggage is on conveyor belt-------
---------baggage detected by sensor------------- 
Baggage weighs: 19.09 kg
baggage is on conveyor belt-------
---------baggage detected by sensor------------- 
Baggage weighs: 22.39 kg
baggage is on conveyor belt-------
---------baggage detected by sensor------------- 
Baggage weighs: 21.23 kg
baggage is on conveyor belt-------
---------baggage detected by sensor------------- 
Baggage weighs: 17.56 kg
baggage is on conveyor belt-------
---------baggage detected by sensor------------- 
Baggage weighs: 18.37 kg
baggage is on conveyor belt-------
---------baggage detected by sensor------------- 
Baggage weighs: 21.4 kg
baggage is on conveyor belt-------
---------baggage detected by sensor------------- 
Baggage weighs: 20.25 kg
baggage is on conveyor belt-------
---------baggage detected by sensor------------- 
Baggage weighs: 23.0 kg
baggage is on conveyor belt-------
---------baggage detected by sensor------------- 
Baggage weighs: 17.01 kg
baggage is on conveyor belt-------
---------baggage detected by sensor------------- 
Baggage weighs: 17.39 kg
baggage is on conveyor belt-------
---------baggage detected by sensor------------- 
Baggage weighs: 16.7 kg
baggage is on conveyor belt-------
---------baggage detected by sensor------------- 
Baggage weighs: 16.23 kg
baggage is on conveyor belt-------
---------baggage detected by sensor------------- 
Baggage weighs: 19.13 kg
baggage is on conveyor belt-------
---------baggage detected by sensor------------- 
Baggage weighs: 21.07 kg
baggage is on conveyor belt-------
---------baggage detected by sensor------------- 
Baggage weighs: 17.87 kg
baggage is on conveyor belt-------
---------baggage detected by sensor------------- 
Baggage weighs: 19.92 kg
baggage is on conveyor belt-------
---------baggage detected by sensor------------- 
Baggage weighs: 19.22 kg
baggage is on conveyor belt-------
---------baggage detected by sensor------------- 
Baggage weighs: 21.53 kg
baggage is on conveyor belt-------
---------baggage detected by sensor------------- 
Baggage weighs: 20.29 kg
baggage is on conveyor belt-------
---------baggage detected by sensor------------- 
Baggage weighs: 19.32 kg
baggage is on conveyor belt-------
---------baggage detected by sensor------------- 
Baggage weighs: 17.25 kg
baggage is on conveyor belt-------
---------baggage detected by sensor------------- 
Baggage weighs: 21.3 kg
baggage is on conveyor belt-------
---------baggage detected by sensor------------- 
Baggage weighs: 16.79 kg
baggage is on conveyor belt-------
---------baggage detected by sensor------------- 
Baggage weighs: 19.55 kg
baggage is on conveyor belt-------
---------baggage detected by sensor------------- 
Baggage weighs: 18.88 kg
baggage is on conveyor belt-------
---------baggage detected by sensor------------- 
Baggage weighs: 22.33 kg
baggage is on conveyor belt-------
---------baggage detected by sensor------------- 
Baggage weighs: 20.62 kg
baggage is on conveyor belt-------
---------baggage detected by sensor------------- 
Baggage weighs: 19.42 kg
baggage is on conveyor belt-------
---------baggage detected by sensor------------- 
Baggage weighs: 17.54 kg
baggage is on conveyor belt-------
---------baggage detected by sensor------------- 
Baggage weighs: 21.51 kg
baggage is on conveyor belt-------
---------baggage detected by sensor------------- 
Baggage weighs: 19.46 kg
baggage is on conveyor belt-------
---------baggage detected by sensor------------- 
Baggage weighs: 17.83 kg
baggage is on conveyor belt-------
---------baggage detected by sensor------------- 
Baggage weighs: 17.75 kg
baggage is on conveyor belt-------
---------baggage detected by sensor------------- 
Baggage weighs: 17.44 kg
baggage is on conveyor belt-------
---------baggage detected by sensor------------- 
Baggage weighs: 19.53 kg
baggage is on conveyor belt-------
---------baggage detected by sensor------------- 
Baggage weighs: 17.51 kg
baggage is on conveyor belt-------
---------baggage detected by sensor------------- 
Baggage weighs: 18.2 kg
baggage is on conveyor belt-------
---------baggage detected by sensor------------- 
Baggage weighs: 21.55 kg
baggage is on conveyor belt-------
---------baggage detected by sensor------------- 
Baggage weighs: 19.67 kg
baggage is on conveyor belt-------
---------baggage detected by sensor------------- 
Baggage weighs: 19.52 kg
baggage is on conveyor belt-------
---------baggage detected by sensor------------- 
Baggage weighs: 21.06 kg
baggage is on conveyor belt-------
---------baggage detected by sensor------------- 
Baggage weighs: 17.44 kg
baggage is on conveyor belt-------
---------baggage detected by sensor------------- 
Baggage weighs: 19.21 kg
baggage is on conveyor belt-------
---------baggage detected by sensor------------- 
Baggage weighs: 21.65 kg
baggage is on conveyor belt-------
---------baggage detected by sensor------------- 
Baggage weighs: 19.64 kg
baggage is on conveyor belt-------
---------baggage detected by sensor------------- 
Baggage weighs: 21.03 kg
baggage is on conveyor belt-------
---------baggage detected by sensor------------- 
Baggage weighs: 19.76 kg
baggage is on conveyor belt-------
---------baggage detected by sensor------------- 
Baggage weighs: 21.01 kg
baggage is on conveyor belt-------
---------baggage detected by sensor------------- 
Baggage weighs: 19.11 kg
baggage is on conveyor belt-------
---------baggage detected by sensor------------- 
Baggage weighs: 18.54 kg
baggage is on conveyor belt-------
---------baggage detected by sensor------------- 
Baggage weighs: 16.86 kg
baggage is on conveyor belt-------
---------baggage detected by sensor------------- 
Baggage weighs: 16.59 kg
baggage is on conveyor belt-------
---------baggage detected by sensor------------- 
Baggage weighs: 19.26 kg
baggage is on conveyor belt-------
---------baggage detected by sensor------------- 
Baggage weighs: 18.34 kg
baggage is on conveyor belt-------
---------baggage detected by sensor------------- 
Baggage weighs: 19.09 kg
baggage is on conveyor belt-------
---------baggage detected by sensor------------- 
Baggage weighs: 22.38 kg
baggage is on conveyor belt-------
---------baggage detected by sensor------------- 
Baggage weighs: 22.12 kg
baggage is on conveyor belt-------
---------baggage detected by sensor------------- 
Baggage weighs: 16.75 kg
baggage is on conveyor belt-------
---------baggage detected by sensor------------- 
Baggage weighs: 20.36 kg
baggage is on conveyor belt-------
---------baggage detected by sensor------------- 
Baggage weighs: 20.94 kg
baggage is on conveyor belt-------
---------baggage detected by sensor------------- 
Baggage weighs: 19.8 kg
Seat with ID: 28H has been reserved for you!

BOARDING PASS FOR BLAKE STEVENSON
-----------------------------------------------------------------------------
LUFTHANSA                      q8e8kmwf4fnp051 /  Blake Stevenson
Blake Stevenson                                     /  q8e8kmwf4fnp051
FRA   LH2121   E  30.Oct                       /  FRA
HKG                                            /  HKG
SEAT ID: 28H                                   /  LH2121 E 30.Oct
SEQ: 123                                      / GATE: A05   22:00
MAX 1  HANDLUGGAGE/ LUGGAGE
-----------------------------------------------------------------------------
sorry Blake Stevenson we have no voucher for you! Have a nice day!

---------------------------------------------------------------------------------------------------------------
scanning passport with passport id: 9VHUTIRH2
searching for ticket in fast bag drop database..............
Ticket found for Kimberly Terrell and Flight LH2121
----searching flight seat for Kimberly Terrell---------
Found a seat with ID 28J
Below details were found in database
------------------------------------------
Name: Kimberly Terrell
Flight ID: LH2121
Source: FRA
Destination: HKG
Gate No: A05
Boarding time: 22:00
Ticket ID: pv21jus50kg88m8
Booking Class: E
------------------------------------------

Proceed with check-in for flight LH2121 ?
Type YES to CHECK-IN or NO to cancel CHECK-IN
Kimberly Terrell is deciding whether to check-in or to go back home and sleep............
YES CHECK-IN
Checking you in...............
baggage is on conveyor belt-------
---------baggage detected by sensor------------- 
Baggage weighs: 21.58 kg
baggage is on conveyor belt-------
---------baggage detected by sensor------------- 
Baggage weighs: 20.43 kg
baggage is on conveyor belt-------
---------baggage detected by sensor------------- 
Baggage weighs: 18.47 kg
baggage is on conveyor belt-------
---------baggage detected by sensor------------- 
Baggage weighs: 17.86 kg
baggage is on conveyor belt-------
---------baggage detected by sensor------------- 
Baggage weighs: 18.65 kg
baggage is on conveyor belt-------
---------baggage detected by sensor------------- 
Baggage weighs: 19.27 kg
baggage is on conveyor belt-------
---------baggage detected by sensor------------- 
Baggage weighs: 17.42 kg
baggage is on conveyor belt-------
---------baggage detected by sensor------------- 
Baggage weighs: 19.16 kg
baggage is on conveyor belt-------
---------baggage detected by sensor------------- 
Baggage weighs: 19.52 kg
baggage is on conveyor belt-------
---------baggage detected by sensor------------- 
Baggage weighs: 17.51 kg
baggage is on conveyor belt-------
---------baggage detected by sensor------------- 
Baggage weighs: 17.38 kg
baggage is on conveyor belt-------
---------baggage detected by sensor------------- 
Baggage weighs: 18.67 kg
baggage is on conveyor belt-------
---------baggage detected by sensor------------- 
Baggage weighs: 16.98 kg
baggage is on conveyor belt-------
---------baggage detected by sensor------------- 
Baggage weighs: 21.26 kg
baggage is on conveyor belt-------
---------baggage detected by sensor------------- 
Baggage weighs: 18.3 kg
baggage is on conveyor belt-------
---------baggage detected by sensor------------- 
Baggage weighs: 16.81 kg
baggage is on conveyor belt-------
---------baggage detected by sensor------------- 
Baggage weighs: 20.91 kg
baggage is on conveyor belt-------
---------baggage detected by sensor------------- 
Baggage weighs: 21.21 kg
baggage is on conveyor belt-------
---------baggage detected by sensor------------- 
Baggage weighs: 19.69 kg
baggage is on conveyor belt-------
---------baggage detected by sensor------------- 
Baggage weighs: 18.67 kg
baggage is on conveyor belt-------
---------baggage detected by sensor------------- 
Baggage weighs: 19.12 kg
baggage is on conveyor belt-------
---------baggage detected by sensor------------- 
Baggage weighs: 16.42 kg
baggage is on conveyor belt-------
---------baggage detected by sensor------------- 
Baggage weighs: 19.17 kg
baggage is on conveyor belt-------
---------baggage detected by sensor------------- 
Baggage weighs: 19.0 kg
baggage is on conveyor belt-------
---------baggage detected by sensor------------- 
Baggage weighs: 18.78 kg
baggage is on conveyor belt-------
---------baggage detected by sensor------------- 
Baggage weighs: 20.31 kg
baggage is on conveyor belt-------
---------baggage detected by sensor------------- 
Baggage weighs: 21.25 kg
baggage is on conveyor belt-------
---------baggage detected by sensor------------- 
Baggage weighs: 18.87 kg
baggage is on conveyor belt-------
---------baggage detected by sensor------------- 
Baggage weighs: 16.25 kg
baggage is on conveyor belt-------
---------baggage detected by sensor------------- 
Baggage weighs: 19.94 kg
baggage is on conveyor belt-------
---------baggage detected by sensor------------- 
Baggage weighs: 16.88 kg
baggage is on conveyor belt-------
---------baggage detected by sensor------------- 
Baggage weighs: 18.24 kg
baggage is on conveyor belt-------
---------baggage detected by sensor------------- 
Baggage weighs: 17.16 kg
baggage is on conveyor belt-------
---------baggage detected by sensor------------- 
Baggage weighs: 19.34 kg
baggage is on conveyor belt-------
---------baggage detected by sensor------------- 
Baggage weighs: 22.41 kg
baggage is on conveyor belt-------
---------baggage detected by sensor------------- 
Baggage weighs: 20.47 kg
baggage is on conveyor belt-------
---------baggage detected by sensor------------- 
Baggage weighs: 18.81 kg
baggage is on conveyor belt-------
---------baggage detected by sensor------------- 
Baggage weighs: 18.56 kg
baggage is on conveyor belt-------
---------baggage detected by sensor------------- 
Baggage weighs: 17.77 kg
baggage is on conveyor belt-------
---------baggage detected by sensor------------- 
Baggage weighs: 19.32 kg
baggage is on conveyor belt-------
---------baggage detected by sensor------------- 
Baggage weighs: 19.21 kg
baggage is on conveyor belt-------
---------baggage detected by sensor------------- 
Baggage weighs: 19.13 kg
baggage is on conveyor belt-------
---------baggage detected by sensor------------- 
Baggage weighs: 20.39 kg
baggage is on conveyor belt-------
---------baggage detected by sensor------------- 
Baggage weighs: 21.03 kg
baggage is on conveyor belt-------
---------baggage detected by sensor------------- 
Baggage weighs: 20.05 kg
baggage is on conveyor belt-------
---------baggage detected by sensor------------- 
Baggage weighs: 21.92 kg
baggage is on conveyor belt-------
---------baggage detected by sensor------------- 
Baggage weighs: 19.37 kg
baggage is on conveyor belt-------
---------baggage detected by sensor------------- 
Baggage weighs: 20.35 kg
baggage is on conveyor belt-------
---------baggage detected by sensor------------- 
Baggage weighs: 18.73 kg
baggage is on conveyor belt-------
---------baggage detected by sensor------------- 
Baggage weighs: 20.33 kg
baggage is on conveyor belt-------
---------baggage detected by sensor------------- 
Baggage weighs: 22.01 kg
baggage is on conveyor belt-------
---------baggage detected by sensor------------- 
Baggage weighs: 19.27 kg
baggage is on conveyor belt-------
---------baggage detected by sensor------------- 
Baggage weighs: 21.18 kg
baggage is on conveyor belt-------
---------baggage detected by sensor------------- 
Baggage weighs: 17.16 kg
baggage is on conveyor belt-------
---------baggage detected by sensor------------- 
Baggage weighs: 20.04 kg
baggage is on conveyor belt-------
---------baggage detected by sensor------------- 
Baggage weighs: 20.91 kg
baggage is on conveyor belt-------
---------baggage detected by sensor------------- 
Baggage weighs: 20.3 kg
baggage is on conveyor belt-------
---------baggage detected by sensor------------- 
Baggage weighs: 20.38 kg
baggage is on conveyor belt-------
---------baggage detected by sensor------------- 
Baggage weighs: 16.54 kg
baggage is on conveyor belt-------
---------baggage detected by sensor------------- 
Baggage weighs: 18.87 kg
baggage is on conveyor belt-------
---------baggage detected by sensor------------- 
Baggage weighs: 20.22 kg
baggage is on conveyor belt-------
---------baggage detected by sensor------------- 
Baggage weighs: 20.75 kg
baggage is on conveyor belt-------
---------baggage detected by sensor------------- 
Baggage weighs: 17.4 kg
baggage is on conveyor belt-------
---------baggage detected by sensor------------- 
Baggage weighs: 20.27 kg
baggage is on conveyor belt-------
---------baggage detected by sensor------------- 
Baggage weighs: 17.04 kg
baggage is on conveyor belt-------
---------baggage detected by sensor------------- 
Baggage weighs: 19.84 kg
baggage is on conveyor belt-------
---------baggage detected by sensor------------- 
Baggage weighs: 17.34 kg
baggage is on conveyor belt-------
---------baggage detected by sensor------------- 
Baggage weighs: 18.75 kg
baggage is on conveyor belt-------
---------baggage detected by sensor------------- 
Baggage weighs: 19.12 kg
baggage is on conveyor belt-------
---------baggage detected by sensor------------- 
Baggage weighs: 18.29 kg
baggage is on conveyor belt-------
---------baggage detected by sensor------------- 
Baggage weighs: 17.94 kg
baggage is on conveyor belt-------
---------baggage detected by sensor------------- 
Baggage weighs: 19.09 kg
baggage is on conveyor belt-------
---------baggage detected by sensor------------- 
Baggage weighs: 22.39 kg
baggage is on conveyor belt-------
---------baggage detected by sensor------------- 
Baggage weighs: 21.23 kg
baggage is on conveyor belt-------
---------baggage detected by sensor------------- 
Baggage weighs: 17.56 kg
baggage is on conveyor belt-------
---------baggage detected by sensor------------- 
Baggage weighs: 18.37 kg
baggage is on conveyor belt-------
---------baggage detected by sensor------------- 
Baggage weighs: 21.4 kg
baggage is on conveyor belt-------
---------baggage detected by sensor------------- 
Baggage weighs: 20.25 kg
baggage is on conveyor belt-------
---------baggage detected by sensor------------- 
Baggage weighs: 23.0 kg
baggage is on conveyor belt-------
---------baggage detected by sensor------------- 
Baggage weighs: 17.01 kg
baggage is on conveyor belt-------
---------baggage detected by sensor------------- 
Baggage weighs: 17.39 kg
baggage is on conveyor belt-------
---------baggage detected by sensor------------- 
Baggage weighs: 16.7 kg
baggage is on conveyor belt-------
---------baggage detected by sensor------------- 
Baggage weighs: 16.23 kg
baggage is on conveyor belt-------
---------baggage detected by sensor------------- 
Baggage weighs: 19.13 kg
baggage is on conveyor belt-------
---------baggage detected by sensor------------- 
Baggage weighs: 21.07 kg
baggage is on conveyor belt-------
---------baggage detected by sensor------------- 
Baggage weighs: 17.87 kg
baggage is on conveyor belt-------
---------baggage detected by sensor------------- 
Baggage weighs: 19.92 kg
baggage is on conveyor belt-------
---------baggage detected by sensor------------- 
Baggage weighs: 19.22 kg
baggage is on conveyor belt-------
---------baggage detected by sensor------------- 
Baggage weighs: 21.53 kg
baggage is on conveyor belt-------
---------baggage detected by sensor------------- 
Baggage weighs: 20.29 kg
baggage is on conveyor belt-------
---------baggage detected by sensor------------- 
Baggage weighs: 19.32 kg
baggage is on conveyor belt-------
---------baggage detected by sensor------------- 
Baggage weighs: 17.25 kg
baggage is on conveyor belt-------
---------baggage detected by sensor------------- 
Baggage weighs: 21.3 kg
baggage is on conveyor belt-------
---------baggage detected by sensor------------- 
Baggage weighs: 16.79 kg
baggage is on conveyor belt-------
---------baggage detected by sensor------------- 
Baggage weighs: 19.55 kg
baggage is on conveyor belt-------
---------baggage detected by sensor------------- 
Baggage weighs: 18.88 kg
baggage is on conveyor belt-------
---------baggage detected by sensor------------- 
Baggage weighs: 22.33 kg
baggage is on conveyor belt-------
---------baggage detected by sensor------------- 
Baggage weighs: 20.62 kg
baggage is on conveyor belt-------
---------baggage detected by sensor------------- 
Baggage weighs: 19.42 kg
baggage is on conveyor belt-------
---------baggage detected by sensor------------- 
Baggage weighs: 17.54 kg
baggage is on conveyor belt-------
---------baggage detected by sensor------------- 
Baggage weighs: 21.51 kg
baggage is on conveyor belt-------
---------baggage detected by sensor------------- 
Baggage weighs: 19.46 kg
baggage is on conveyor belt-------
---------baggage detected by sensor------------- 
Baggage weighs: 17.83 kg
baggage is on conveyor belt-------
---------baggage detected by sensor------------- 
Baggage weighs: 17.75 kg
baggage is on conveyor belt-------
---------baggage detected by sensor------------- 
Baggage weighs: 17.44 kg
baggage is on conveyor belt-------
---------baggage detected by sensor------------- 
Baggage weighs: 19.53 kg
baggage is on conveyor belt-------
---------baggage detected by sensor------------- 
Baggage weighs: 17.51 kg
baggage is on conveyor belt-------
---------baggage detected by sensor------------- 
Baggage weighs: 18.2 kg
baggage is on conveyor belt-------
---------baggage detected by sensor------------- 
Baggage weighs: 21.55 kg
baggage is on conveyor belt-------
---------baggage detected by sensor------------- 
Baggage weighs: 19.67 kg
baggage is on conveyor belt-------
---------baggage detected by sensor------------- 
Baggage weighs: 19.52 kg
baggage is on conveyor belt-------
---------baggage detected by sensor------------- 
Baggage weighs: 21.06 kg
baggage is on conveyor belt-------
---------baggage detected by sensor------------- 
Baggage weighs: 17.44 kg
baggage is on conveyor belt-------
---------baggage detected by sensor------------- 
Baggage weighs: 19.21 kg
baggage is on conveyor belt-------
---------baggage detected by sensor------------- 
Baggage weighs: 21.65 kg
baggage is on conveyor belt-------
---------baggage detected by sensor------------- 
Baggage weighs: 19.64 kg
baggage is on conveyor belt-------
---------baggage detected by sensor------------- 
Baggage weighs: 21.03 kg
baggage is on conveyor belt-------
---------baggage detected by sensor------------- 
Baggage weighs: 19.76 kg
baggage is on conveyor belt-------
---------baggage detected by sensor------------- 
Baggage weighs: 21.01 kg
baggage is on conveyor belt-------
---------baggage detected by sensor------------- 
Baggage weighs: 19.11 kg
baggage is on conveyor belt-------
---------baggage detected by sensor------------- 
Baggage weighs: 18.54 kg
baggage is on conveyor belt-------
---------baggage detected by sensor------------- 
Baggage weighs: 16.86 kg
baggage is on conveyor belt-------
---------baggage detected by sensor------------- 
Baggage weighs: 16.59 kg
baggage is on conveyor belt-------
---------baggage detected by sensor------------- 
Baggage weighs: 19.26 kg
baggage is on conveyor belt-------
---------baggage detected by sensor------------- 
Baggage weighs: 18.34 kg
baggage is on conveyor belt-------
---------baggage detected by sensor------------- 
Baggage weighs: 19.09 kg
baggage is on conveyor belt-------
---------baggage detected by sensor------------- 
Baggage weighs: 22.38 kg
baggage is on conveyor belt-------
---------baggage detected by sensor------------- 
Baggage weighs: 22.12 kg
baggage is on conveyor belt-------
---------baggage detected by sensor------------- 
Baggage weighs: 16.75 kg
baggage is on conveyor belt-------
---------baggage detected by sensor------------- 
Baggage weighs: 20.36 kg
baggage is on conveyor belt-------
---------baggage detected by sensor------------- 
Baggage weighs: 20.94 kg
baggage is on conveyor belt-------
---------baggage detected by sensor------------- 
Baggage weighs: 19.8 kg
baggage is on conveyor belt-------
---------baggage detected by sensor------------- 
Baggage weighs: 19.12 kg
Seat with ID: 28J has been reserved for you!

BOARDING PASS FOR KIMBERLY TERRELL
-----------------------------------------------------------------------------
LUFTHANSA                      pv21jus50kg88m8 /  Kimberly Terrell
Kimberly Terrell                                     /  pv21jus50kg88m8
FRA   LH2121   E  30.Oct                       /  FRA
HKG                                            /  HKG
SEAT ID: 28J                                   /  LH2121 E 30.Oct
SEQ: 124                                      / GATE: A05   22:00
MAX 1  HANDLUGGAGE/ LUGGAGE
-----------------------------------------------------------------------------
sorry Kimberly Terrell we have no voucher for you! Have a nice day!

---------------------------------------------------------------------------------------------------------------
scanning passport with passport id: WLC1P3WP9
searching for ticket in fast bag drop database..............
Ticket found for Noelle Lozano and Flight LH2121
----searching flight seat for Noelle Lozano---------
Found a seat with ID 28K
Below details were found in database
------------------------------------------
Name: Noelle Lozano
Flight ID: LH2121
Source: FRA
Destination: HKG
Gate No: A05
Boarding time: 22:00
Ticket ID: yhlurtl4ked84vf
Booking Class: E
------------------------------------------

Proceed with check-in for flight LH2121 ?
Type YES to CHECK-IN or NO to cancel CHECK-IN
Noelle Lozano is deciding whether to check-in or to go back home and sleep............
YES CHECK-IN
Checking you in...............
baggage is on conveyor belt-------
---------baggage detected by sensor------------- 
Baggage weighs: 21.58 kg
baggage is on conveyor belt-------
---------baggage detected by sensor------------- 
Baggage weighs: 20.43 kg
baggage is on conveyor belt-------
---------baggage detected by sensor------------- 
Baggage weighs: 18.47 kg
baggage is on conveyor belt-------
---------baggage detected by sensor------------- 
Baggage weighs: 17.86 kg
baggage is on conveyor belt-------
---------baggage detected by sensor------------- 
Baggage weighs: 18.65 kg
baggage is on conveyor belt-------
---------baggage detected by sensor------------- 
Baggage weighs: 19.27 kg
baggage is on conveyor belt-------
---------baggage detected by sensor------------- 
Baggage weighs: 17.42 kg
baggage is on conveyor belt-------
---------baggage detected by sensor------------- 
Baggage weighs: 19.16 kg
baggage is on conveyor belt-------
---------baggage detected by sensor------------- 
Baggage weighs: 19.52 kg
baggage is on conveyor belt-------
---------baggage detected by sensor------------- 
Baggage weighs: 17.51 kg
baggage is on conveyor belt-------
---------baggage detected by sensor------------- 
Baggage weighs: 17.38 kg
baggage is on conveyor belt-------
---------baggage detected by sensor------------- 
Baggage weighs: 18.67 kg
baggage is on conveyor belt-------
---------baggage detected by sensor------------- 
Baggage weighs: 16.98 kg
baggage is on conveyor belt-------
---------baggage detected by sensor------------- 
Baggage weighs: 21.26 kg
baggage is on conveyor belt-------
---------baggage detected by sensor------------- 
Baggage weighs: 18.3 kg
baggage is on conveyor belt-------
---------baggage detected by sensor------------- 
Baggage weighs: 16.81 kg
baggage is on conveyor belt-------
---------baggage detected by sensor------------- 
Baggage weighs: 20.91 kg
baggage is on conveyor belt-------
---------baggage detected by sensor------------- 
Baggage weighs: 21.21 kg
baggage is on conveyor belt-------
---------baggage detected by sensor------------- 
Baggage weighs: 19.69 kg
baggage is on conveyor belt-------
---------baggage detected by sensor------------- 
Baggage weighs: 18.67 kg
baggage is on conveyor belt-------
---------baggage detected by sensor------------- 
Baggage weighs: 19.12 kg
baggage is on conveyor belt-------
---------baggage detected by sensor------------- 
Baggage weighs: 16.42 kg
baggage is on conveyor belt-------
---------baggage detected by sensor------------- 
Baggage weighs: 19.17 kg
baggage is on conveyor belt-------
---------baggage detected by sensor------------- 
Baggage weighs: 19.0 kg
baggage is on conveyor belt-------
---------baggage detected by sensor------------- 
Baggage weighs: 18.78 kg
baggage is on conveyor belt-------
---------baggage detected by sensor------------- 
Baggage weighs: 20.31 kg
baggage is on conveyor belt-------
---------baggage detected by sensor------------- 
Baggage weighs: 21.25 kg
baggage is on conveyor belt-------
---------baggage detected by sensor------------- 
Baggage weighs: 18.87 kg
baggage is on conveyor belt-------
---------baggage detected by sensor------------- 
Baggage weighs: 16.25 kg
baggage is on conveyor belt-------
---------baggage detected by sensor------------- 
Baggage weighs: 19.94 kg
baggage is on conveyor belt-------
---------baggage detected by sensor------------- 
Baggage weighs: 16.88 kg
baggage is on conveyor belt-------
---------baggage detected by sensor------------- 
Baggage weighs: 18.24 kg
baggage is on conveyor belt-------
---------baggage detected by sensor------------- 
Baggage weighs: 17.16 kg
baggage is on conveyor belt-------
---------baggage detected by sensor------------- 
Baggage weighs: 19.34 kg
baggage is on conveyor belt-------
---------baggage detected by sensor------------- 
Baggage weighs: 22.41 kg
baggage is on conveyor belt-------
---------baggage detected by sensor------------- 
Baggage weighs: 20.47 kg
baggage is on conveyor belt-------
---------baggage detected by sensor------------- 
Baggage weighs: 18.81 kg
baggage is on conveyor belt-------
---------baggage detected by sensor------------- 
Baggage weighs: 18.56 kg
baggage is on conveyor belt-------
---------baggage detected by sensor------------- 
Baggage weighs: 17.77 kg
baggage is on conveyor belt-------
---------baggage detected by sensor------------- 
Baggage weighs: 19.32 kg
baggage is on conveyor belt-------
---------baggage detected by sensor------------- 
Baggage weighs: 19.21 kg
baggage is on conveyor belt-------
---------baggage detected by sensor------------- 
Baggage weighs: 19.13 kg
baggage is on conveyor belt-------
---------baggage detected by sensor------------- 
Baggage weighs: 20.39 kg
baggage is on conveyor belt-------
---------baggage detected by sensor------------- 
Baggage weighs: 21.03 kg
baggage is on conveyor belt-------
---------baggage detected by sensor------------- 
Baggage weighs: 20.05 kg
baggage is on conveyor belt-------
---------baggage detected by sensor------------- 
Baggage weighs: 21.92 kg
baggage is on conveyor belt-------
---------baggage detected by sensor------------- 
Baggage weighs: 19.37 kg
baggage is on conveyor belt-------
---------baggage detected by sensor------------- 
Baggage weighs: 20.35 kg
baggage is on conveyor belt-------
---------baggage detected by sensor------------- 
Baggage weighs: 18.73 kg
baggage is on conveyor belt-------
---------baggage detected by sensor------------- 
Baggage weighs: 20.33 kg
baggage is on conveyor belt-------
---------baggage detected by sensor------------- 
Baggage weighs: 22.01 kg
baggage is on conveyor belt-------
---------baggage detected by sensor------------- 
Baggage weighs: 19.27 kg
baggage is on conveyor belt-------
---------baggage detected by sensor------------- 
Baggage weighs: 21.18 kg
baggage is on conveyor belt-------
---------baggage detected by sensor------------- 
Baggage weighs: 17.16 kg
baggage is on conveyor belt-------
---------baggage detected by sensor------------- 
Baggage weighs: 20.04 kg
baggage is on conveyor belt-------
---------baggage detected by sensor------------- 
Baggage weighs: 20.91 kg
baggage is on conveyor belt-------
---------baggage detected by sensor------------- 
Baggage weighs: 20.3 kg
baggage is on conveyor belt-------
---------baggage detected by sensor------------- 
Baggage weighs: 20.38 kg
baggage is on conveyor belt-------
---------baggage detected by sensor------------- 
Baggage weighs: 16.54 kg
baggage is on conveyor belt-------
---------baggage detected by sensor------------- 
Baggage weighs: 18.87 kg
baggage is on conveyor belt-------
---------baggage detected by sensor------------- 
Baggage weighs: 20.22 kg
baggage is on conveyor belt-------
---------baggage detected by sensor------------- 
Baggage weighs: 20.75 kg
baggage is on conveyor belt-------
---------baggage detected by sensor------------- 
Baggage weighs: 17.4 kg
baggage is on conveyor belt-------
---------baggage detected by sensor------------- 
Baggage weighs: 20.27 kg
baggage is on conveyor belt-------
---------baggage detected by sensor------------- 
Baggage weighs: 17.04 kg
baggage is on conveyor belt-------
---------baggage detected by sensor------------- 
Baggage weighs: 19.84 kg
baggage is on conveyor belt-------
---------baggage detected by sensor------------- 
Baggage weighs: 17.34 kg
baggage is on conveyor belt-------
---------baggage detected by sensor------------- 
Baggage weighs: 18.75 kg
baggage is on conveyor belt-------
---------baggage detected by sensor------------- 
Baggage weighs: 19.12 kg
baggage is on conveyor belt-------
---------baggage detected by sensor------------- 
Baggage weighs: 18.29 kg
baggage is on conveyor belt-------
---------baggage detected by sensor------------- 
Baggage weighs: 17.94 kg
baggage is on conveyor belt-------
---------baggage detected by sensor------------- 
Baggage weighs: 19.09 kg
baggage is on conveyor belt-------
---------baggage detected by sensor------------- 
Baggage weighs: 22.39 kg
baggage is on conveyor belt-------
---------baggage detected by sensor------------- 
Baggage weighs: 21.23 kg
baggage is on conveyor belt-------
---------baggage detected by sensor------------- 
Baggage weighs: 17.56 kg
baggage is on conveyor belt-------
---------baggage detected by sensor------------- 
Baggage weighs: 18.37 kg
baggage is on conveyor belt-------
---------baggage detected by sensor------------- 
Baggage weighs: 21.4 kg
baggage is on conveyor belt-------
---------baggage detected by sensor------------- 
Baggage weighs: 20.25 kg
baggage is on conveyor belt-------
---------baggage detected by sensor------------- 
Baggage weighs: 23.0 kg
baggage is on conveyor belt-------
---------baggage detected by sensor------------- 
Baggage weighs: 17.01 kg
baggage is on conveyor belt-------
---------baggage detected by sensor------------- 
Baggage weighs: 17.39 kg
baggage is on conveyor belt-------
---------baggage detected by sensor------------- 
Baggage weighs: 16.7 kg
baggage is on conveyor belt-------
---------baggage detected by sensor------------- 
Baggage weighs: 16.23 kg
baggage is on conveyor belt-------
---------baggage detected by sensor------------- 
Baggage weighs: 19.13 kg
baggage is on conveyor belt-------
---------baggage detected by sensor------------- 
Baggage weighs: 21.07 kg
baggage is on conveyor belt-------
---------baggage detected by sensor------------- 
Baggage weighs: 17.87 kg
baggage is on conveyor belt-------
---------baggage detected by sensor------------- 
Baggage weighs: 19.92 kg
baggage is on conveyor belt-------
---------baggage detected by sensor------------- 
Baggage weighs: 19.22 kg
baggage is on conveyor belt-------
---------baggage detected by sensor------------- 
Baggage weighs: 21.53 kg
baggage is on conveyor belt-------
---------baggage detected by sensor------------- 
Baggage weighs: 20.29 kg
baggage is on conveyor belt-------
---------baggage detected by sensor------------- 
Baggage weighs: 19.32 kg
baggage is on conveyor belt-------
---------baggage detected by sensor------------- 
Baggage weighs: 17.25 kg
baggage is on conveyor belt-------
---------baggage detected by sensor------------- 
Baggage weighs: 21.3 kg
baggage is on conveyor belt-------
---------baggage detected by sensor------------- 
Baggage weighs: 16.79 kg
baggage is on conveyor belt-------
---------baggage detected by sensor------------- 
Baggage weighs: 19.55 kg
baggage is on conveyor belt-------
---------baggage detected by sensor------------- 
Baggage weighs: 18.88 kg
baggage is on conveyor belt-------
---------baggage detected by sensor------------- 
Baggage weighs: 22.33 kg
baggage is on conveyor belt-------
---------baggage detected by sensor------------- 
Baggage weighs: 20.62 kg
baggage is on conveyor belt-------
---------baggage detected by sensor------------- 
Baggage weighs: 19.42 kg
baggage is on conveyor belt-------
---------baggage detected by sensor------------- 
Baggage weighs: 17.54 kg
baggage is on conveyor belt-------
---------baggage detected by sensor------------- 
Baggage weighs: 21.51 kg
baggage is on conveyor belt-------
---------baggage detected by sensor------------- 
Baggage weighs: 19.46 kg
baggage is on conveyor belt-------
---------baggage detected by sensor------------- 
Baggage weighs: 17.83 kg
baggage is on conveyor belt-------
---------baggage detected by sensor------------- 
Baggage weighs: 17.75 kg
baggage is on conveyor belt-------
---------baggage detected by sensor------------- 
Baggage weighs: 17.44 kg
baggage is on conveyor belt-------
---------baggage detected by sensor------------- 
Baggage weighs: 19.53 kg
baggage is on conveyor belt-------
---------baggage detected by sensor------------- 
Baggage weighs: 17.51 kg
baggage is on conveyor belt-------
---------baggage detected by sensor------------- 
Baggage weighs: 18.2 kg
baggage is on conveyor belt-------
---------baggage detected by sensor------------- 
Baggage weighs: 21.55 kg
baggage is on conveyor belt-------
---------baggage detected by sensor------------- 
Baggage weighs: 19.67 kg
baggage is on conveyor belt-------
---------baggage detected by sensor------------- 
Baggage weighs: 19.52 kg
baggage is on conveyor belt-------
---------baggage detected by sensor------------- 
Baggage weighs: 21.06 kg
baggage is on conveyor belt-------
---------baggage detected by sensor------------- 
Baggage weighs: 17.44 kg
baggage is on conveyor belt-------
---------baggage detected by sensor------------- 
Baggage weighs: 19.21 kg
baggage is on conveyor belt-------
---------baggage detected by sensor------------- 
Baggage weighs: 21.65 kg
baggage is on conveyor belt-------
---------baggage detected by sensor------------- 
Baggage weighs: 19.64 kg
baggage is on conveyor belt-------
---------baggage detected by sensor------------- 
Baggage weighs: 21.03 kg
baggage is on conveyor belt-------
---------baggage detected by sensor------------- 
Baggage weighs: 19.76 kg
baggage is on conveyor belt-------
---------baggage detected by sensor------------- 
Baggage weighs: 21.01 kg
baggage is on conveyor belt-------
---------baggage detected by sensor------------- 
Baggage weighs: 19.11 kg
baggage is on conveyor belt-------
---------baggage detected by sensor------------- 
Baggage weighs: 18.54 kg
baggage is on conveyor belt-------
---------baggage detected by sensor------------- 
Baggage weighs: 16.86 kg
baggage is on conveyor belt-------
---------baggage detected by sensor------------- 
Baggage weighs: 16.59 kg
baggage is on conveyor belt-------
---------baggage detected by sensor------------- 
Baggage weighs: 19.26 kg
baggage is on conveyor belt-------
---------baggage detected by sensor------------- 
Baggage weighs: 18.34 kg
baggage is on conveyor belt-------
---------baggage detected by sensor------------- 
Baggage weighs: 19.09 kg
baggage is on conveyor belt-------
---------baggage detected by sensor------------- 
Baggage weighs: 22.38 kg
baggage is on conveyor belt-------
---------baggage detected by sensor------------- 
Baggage weighs: 22.12 kg
baggage is on conveyor belt-------
---------baggage detected by sensor------------- 
Baggage weighs: 16.75 kg
baggage is on conveyor belt-------
---------baggage detected by sensor------------- 
Baggage weighs: 20.36 kg
baggage is on conveyor belt-------
---------baggage detected by sensor------------- 
Baggage weighs: 20.94 kg
baggage is on conveyor belt-------
---------baggage detected by sensor------------- 
Baggage weighs: 19.8 kg
baggage is on conveyor belt-------
---------baggage detected by sensor------------- 
Baggage weighs: 19.12 kg
baggage is on conveyor belt-------
---------baggage detected by sensor------------- 
Baggage weighs: 16.93 kg
Seat with ID: 28K has been reserved for you!

BOARDING PASS FOR NOELLE LOZANO
-----------------------------------------------------------------------------
LUFTHANSA                      yhlurtl4ked84vf /  Noelle Lozano
Noelle Lozano                                     /  yhlurtl4ked84vf
FRA   LH2121   E  30.Oct                       /  FRA
HKG                                            /  HKG
SEAT ID: 28K                                   /  LH2121 E 30.Oct
SEQ: 125                                      / GATE: A05   22:00
MAX 1  HANDLUGGAGE/ LUGGAGE
-----------------------------------------------------------------------------
sorry Noelle Lozano we have no voucher for you! Have a nice day!

---------------------------------------------------------------------------------------------------------------
scanning passport with passport id: 2EMK4BPUY
searching for ticket in fast bag drop database..............
Ticket found for Israel Robertson and Flight LH2121
----searching flight seat for Israel Robertson---------
Found a seat with ID 29A
Below details were found in database
------------------------------------------
Name: Israel Robertson
Flight ID: LH2121
Source: FRA
Destination: HKG
Gate No: A05
Boarding time: 22:00
Ticket ID: 1n5n91wjan668ai
Booking Class: E
------------------------------------------

Proceed with check-in for flight LH2121 ?
Type YES to CHECK-IN or NO to cancel CHECK-IN
Israel Robertson is deciding whether to check-in or to go back home and sleep............
YES CHECK-IN
Checking you in...............
baggage is on conveyor belt-------
---------baggage detected by sensor------------- 
Baggage weighs: 21.58 kg
baggage is on conveyor belt-------
---------baggage detected by sensor------------- 
Baggage weighs: 20.43 kg
baggage is on conveyor belt-------
---------baggage detected by sensor------------- 
Baggage weighs: 18.47 kg
baggage is on conveyor belt-------
---------baggage detected by sensor------------- 
Baggage weighs: 17.86 kg
baggage is on conveyor belt-------
---------baggage detected by sensor------------- 
Baggage weighs: 18.65 kg
baggage is on conveyor belt-------
---------baggage detected by sensor------------- 
Baggage weighs: 19.27 kg
baggage is on conveyor belt-------
---------baggage detected by sensor------------- 
Baggage weighs: 17.42 kg
baggage is on conveyor belt-------
---------baggage detected by sensor------------- 
Baggage weighs: 19.16 kg
baggage is on conveyor belt-------
---------baggage detected by sensor------------- 
Baggage weighs: 19.52 kg
baggage is on conveyor belt-------
---------baggage detected by sensor------------- 
Baggage weighs: 17.51 kg
baggage is on conveyor belt-------
---------baggage detected by sensor------------- 
Baggage weighs: 17.38 kg
baggage is on conveyor belt-------
---------baggage detected by sensor------------- 
Baggage weighs: 18.67 kg
baggage is on conveyor belt-------
---------baggage detected by sensor------------- 
Baggage weighs: 16.98 kg
baggage is on conveyor belt-------
---------baggage detected by sensor------------- 
Baggage weighs: 21.26 kg
baggage is on conveyor belt-------
---------baggage detected by sensor------------- 
Baggage weighs: 18.3 kg
baggage is on conveyor belt-------
---------baggage detected by sensor------------- 
Baggage weighs: 16.81 kg
baggage is on conveyor belt-------
---------baggage detected by sensor------------- 
Baggage weighs: 20.91 kg
baggage is on conveyor belt-------
---------baggage detected by sensor------------- 
Baggage weighs: 21.21 kg
baggage is on conveyor belt-------
---------baggage detected by sensor------------- 
Baggage weighs: 19.69 kg
baggage is on conveyor belt-------
---------baggage detected by sensor------------- 
Baggage weighs: 18.67 kg
baggage is on conveyor belt-------
---------baggage detected by sensor------------- 
Baggage weighs: 19.12 kg
baggage is on conveyor belt-------
---------baggage detected by sensor------------- 
Baggage weighs: 16.42 kg
baggage is on conveyor belt-------
---------baggage detected by sensor------------- 
Baggage weighs: 19.17 kg
baggage is on conveyor belt-------
---------baggage detected by sensor------------- 
Baggage weighs: 19.0 kg
baggage is on conveyor belt-------
---------baggage detected by sensor------------- 
Baggage weighs: 18.78 kg
baggage is on conveyor belt-------
---------baggage detected by sensor------------- 
Baggage weighs: 20.31 kg
baggage is on conveyor belt-------
---------baggage detected by sensor------------- 
Baggage weighs: 21.25 kg
baggage is on conveyor belt-------
---------baggage detected by sensor------------- 
Baggage weighs: 18.87 kg
baggage is on conveyor belt-------
---------baggage detected by sensor------------- 
Baggage weighs: 16.25 kg
baggage is on conveyor belt-------
---------baggage detected by sensor------------- 
Baggage weighs: 19.94 kg
baggage is on conveyor belt-------
---------baggage detected by sensor------------- 
Baggage weighs: 16.88 kg
baggage is on conveyor belt-------
---------baggage detected by sensor------------- 
Baggage weighs: 18.24 kg
baggage is on conveyor belt-------
---------baggage detected by sensor------------- 
Baggage weighs: 17.16 kg
baggage is on conveyor belt-------
---------baggage detected by sensor------------- 
Baggage weighs: 19.34 kg
baggage is on conveyor belt-------
---------baggage detected by sensor------------- 
Baggage weighs: 22.41 kg
baggage is on conveyor belt-------
---------baggage detected by sensor------------- 
Baggage weighs: 20.47 kg
baggage is on conveyor belt-------
---------baggage detected by sensor------------- 
Baggage weighs: 18.81 kg
baggage is on conveyor belt-------
---------baggage detected by sensor------------- 
Baggage weighs: 18.56 kg
baggage is on conveyor belt-------
---------baggage detected by sensor------------- 
Baggage weighs: 17.77 kg
baggage is on conveyor belt-------
---------baggage detected by sensor------------- 
Baggage weighs: 19.32 kg
baggage is on conveyor belt-------
---------baggage detected by sensor------------- 
Baggage weighs: 19.21 kg
baggage is on conveyor belt-------
---------baggage detected by sensor------------- 
Baggage weighs: 19.13 kg
baggage is on conveyor belt-------
---------baggage detected by sensor------------- 
Baggage weighs: 20.39 kg
baggage is on conveyor belt-------
---------baggage detected by sensor------------- 
Baggage weighs: 21.03 kg
baggage is on conveyor belt-------
---------baggage detected by sensor------------- 
Baggage weighs: 20.05 kg
baggage is on conveyor belt-------
---------baggage detected by sensor------------- 
Baggage weighs: 21.92 kg
baggage is on conveyor belt-------
---------baggage detected by sensor------------- 
Baggage weighs: 19.37 kg
baggage is on conveyor belt-------
---------baggage detected by sensor------------- 
Baggage weighs: 20.35 kg
baggage is on conveyor belt-------
---------baggage detected by sensor------------- 
Baggage weighs: 18.73 kg
baggage is on conveyor belt-------
---------baggage detected by sensor------------- 
Baggage weighs: 20.33 kg
baggage is on conveyor belt-------
---------baggage detected by sensor------------- 
Baggage weighs: 22.01 kg
baggage is on conveyor belt-------
---------baggage detected by sensor------------- 
Baggage weighs: 19.27 kg
baggage is on conveyor belt-------
---------baggage detected by sensor------------- 
Baggage weighs: 21.18 kg
baggage is on conveyor belt-------
---------baggage detected by sensor------------- 
Baggage weighs: 17.16 kg
baggage is on conveyor belt-------
---------baggage detected by sensor------------- 
Baggage weighs: 20.04 kg
baggage is on conveyor belt-------
---------baggage detected by sensor------------- 
Baggage weighs: 20.91 kg
baggage is on conveyor belt-------
---------baggage detected by sensor------------- 
Baggage weighs: 20.3 kg
baggage is on conveyor belt-------
---------baggage detected by sensor------------- 
Baggage weighs: 20.38 kg
baggage is on conveyor belt-------
---------baggage detected by sensor------------- 
Baggage weighs: 16.54 kg
baggage is on conveyor belt-------
---------baggage detected by sensor------------- 
Baggage weighs: 18.87 kg
baggage is on conveyor belt-------
---------baggage detected by sensor------------- 
Baggage weighs: 20.22 kg
baggage is on conveyor belt-------
---------baggage detected by sensor------------- 
Baggage weighs: 20.75 kg
baggage is on conveyor belt-------
---------baggage detected by sensor------------- 
Baggage weighs: 17.4 kg
baggage is on conveyor belt-------
---------baggage detected by sensor------------- 
Baggage weighs: 20.27 kg
baggage is on conveyor belt-------
---------baggage detected by sensor------------- 
Baggage weighs: 17.04 kg
baggage is on conveyor belt-------
---------baggage detected by sensor------------- 
Baggage weighs: 19.84 kg
baggage is on conveyor belt-------
---------baggage detected by sensor------------- 
Baggage weighs: 17.34 kg
baggage is on conveyor belt-------
---------baggage detected by sensor------------- 
Baggage weighs: 18.75 kg
baggage is on conveyor belt-------
---------baggage detected by sensor------------- 
Baggage weighs: 19.12 kg
baggage is on conveyor belt-------
---------baggage detected by sensor------------- 
Baggage weighs: 18.29 kg
baggage is on conveyor belt-------
---------baggage detected by sensor------------- 
Baggage weighs: 17.94 kg
baggage is on conveyor belt-------
---------baggage detected by sensor------------- 
Baggage weighs: 19.09 kg
baggage is on conveyor belt-------
---------baggage detected by sensor------------- 
Baggage weighs: 22.39 kg
baggage is on conveyor belt-------
---------baggage detected by sensor------------- 
Baggage weighs: 21.23 kg
baggage is on conveyor belt-------
---------baggage detected by sensor------------- 
Baggage weighs: 17.56 kg
baggage is on conveyor belt-------
---------baggage detected by sensor------------- 
Baggage weighs: 18.37 kg
baggage is on conveyor belt-------
---------baggage detected by sensor------------- 
Baggage weighs: 21.4 kg
baggage is on conveyor belt-------
---------baggage detected by sensor------------- 
Baggage weighs: 20.25 kg
baggage is on conveyor belt-------
---------baggage detected by sensor------------- 
Baggage weighs: 23.0 kg
baggage is on conveyor belt-------
---------baggage detected by sensor------------- 
Baggage weighs: 17.01 kg
baggage is on conveyor belt-------
---------baggage detected by sensor------------- 
Baggage weighs: 17.39 kg
baggage is on conveyor belt-------
---------baggage detected by sensor------------- 
Baggage weighs: 16.7 kg
baggage is on conveyor belt-------
---------baggage detected by sensor------------- 
Baggage weighs: 16.23 kg
baggage is on conveyor belt-------
---------baggage detected by sensor------------- 
Baggage weighs: 19.13 kg
baggage is on conveyor belt-------
---------baggage detected by sensor------------- 
Baggage weighs: 21.07 kg
baggage is on conveyor belt-------
---------baggage detected by sensor------------- 
Baggage weighs: 17.87 kg
baggage is on conveyor belt-------
---------baggage detected by sensor------------- 
Baggage weighs: 19.92 kg
baggage is on conveyor belt-------
---------baggage detected by sensor------------- 
Baggage weighs: 19.22 kg
baggage is on conveyor belt-------
---------baggage detected by sensor------------- 
Baggage weighs: 21.53 kg
baggage is on conveyor belt-------
---------baggage detected by sensor------------- 
Baggage weighs: 20.29 kg
baggage is on conveyor belt-------
---------baggage detected by sensor------------- 
Baggage weighs: 19.32 kg
baggage is on conveyor belt-------
---------baggage detected by sensor------------- 
Baggage weighs: 17.25 kg
baggage is on conveyor belt-------
---------baggage detected by sensor------------- 
Baggage weighs: 21.3 kg
baggage is on conveyor belt-------
---------baggage detected by sensor------------- 
Baggage weighs: 16.79 kg
baggage is on conveyor belt-------
---------baggage detected by sensor------------- 
Baggage weighs: 19.55 kg
baggage is on conveyor belt-------
---------baggage detected by sensor------------- 
Baggage weighs: 18.88 kg
baggage is on conveyor belt-------
---------baggage detected by sensor------------- 
Baggage weighs: 22.33 kg
baggage is on conveyor belt-------
---------baggage detected by sensor------------- 
Baggage weighs: 20.62 kg
baggage is on conveyor belt-------
---------baggage detected by sensor------------- 
Baggage weighs: 19.42 kg
baggage is on conveyor belt-------
---------baggage detected by sensor------------- 
Baggage weighs: 17.54 kg
baggage is on conveyor belt-------
---------baggage detected by sensor------------- 
Baggage weighs: 21.51 kg
baggage is on conveyor belt-------
---------baggage detected by sensor------------- 
Baggage weighs: 19.46 kg
baggage is on conveyor belt-------
---------baggage detected by sensor------------- 
Baggage weighs: 17.83 kg
baggage is on conveyor belt-------
---------baggage detected by sensor------------- 
Baggage weighs: 17.75 kg
baggage is on conveyor belt-------
---------baggage detected by sensor------------- 
Baggage weighs: 17.44 kg
baggage is on conveyor belt-------
---------baggage detected by sensor------------- 
Baggage weighs: 19.53 kg
baggage is on conveyor belt-------
---------baggage detected by sensor------------- 
Baggage weighs: 17.51 kg
baggage is on conveyor belt-------
---------baggage detected by sensor------------- 
Baggage weighs: 18.2 kg
baggage is on conveyor belt-------
---------baggage detected by sensor------------- 
Baggage weighs: 21.55 kg
baggage is on conveyor belt-------
---------baggage detected by sensor------------- 
Baggage weighs: 19.67 kg
baggage is on conveyor belt-------
---------baggage detected by sensor------------- 
Baggage weighs: 19.52 kg
baggage is on conveyor belt-------
---------baggage detected by sensor------------- 
Baggage weighs: 21.06 kg
baggage is on conveyor belt-------
---------baggage detected by sensor------------- 
Baggage weighs: 17.44 kg
baggage is on conveyor belt-------
---------baggage detected by sensor------------- 
Baggage weighs: 19.21 kg
baggage is on conveyor belt-------
---------baggage detected by sensor------------- 
Baggage weighs: 21.65 kg
baggage is on conveyor belt-------
---------baggage detected by sensor------------- 
Baggage weighs: 19.64 kg
baggage is on conveyor belt-------
---------baggage detected by sensor------------- 
Baggage weighs: 21.03 kg
baggage is on conveyor belt-------
---------baggage detected by sensor------------- 
Baggage weighs: 19.76 kg
baggage is on conveyor belt-------
---------baggage detected by sensor------------- 
Baggage weighs: 21.01 kg
baggage is on conveyor belt-------
---------baggage detected by sensor------------- 
Baggage weighs: 19.11 kg
baggage is on conveyor belt-------
---------baggage detected by sensor------------- 
Baggage weighs: 18.54 kg
baggage is on conveyor belt-------
---------baggage detected by sensor------------- 
Baggage weighs: 16.86 kg
baggage is on conveyor belt-------
---------baggage detected by sensor------------- 
Baggage weighs: 16.59 kg
baggage is on conveyor belt-------
---------baggage detected by sensor------------- 
Baggage weighs: 19.26 kg
baggage is on conveyor belt-------
---------baggage detected by sensor------------- 
Baggage weighs: 18.34 kg
baggage is on conveyor belt-------
---------baggage detected by sensor------------- 
Baggage weighs: 19.09 kg
baggage is on conveyor belt-------
---------baggage detected by sensor------------- 
Baggage weighs: 22.38 kg
baggage is on conveyor belt-------
---------baggage detected by sensor------------- 
Baggage weighs: 22.12 kg
baggage is on conveyor belt-------
---------baggage detected by sensor------------- 
Baggage weighs: 16.75 kg
baggage is on conveyor belt-------
---------baggage detected by sensor------------- 
Baggage weighs: 20.36 kg
baggage is on conveyor belt-------
---------baggage detected by sensor------------- 
Baggage weighs: 20.94 kg
baggage is on conveyor belt-------
---------baggage detected by sensor------------- 
Baggage weighs: 19.8 kg
baggage is on conveyor belt-------
---------baggage detected by sensor------------- 
Baggage weighs: 19.12 kg
baggage is on conveyor belt-------
---------baggage detected by sensor------------- 
Baggage weighs: 16.93 kg
baggage is on conveyor belt-------
---------baggage detected by sensor------------- 
Baggage weighs: 20.48 kg
Seat with ID: 29A has been reserved for you!

BOARDING PASS FOR ISRAEL ROBERTSON
-----------------------------------------------------------------------------
LUFTHANSA                      1n5n91wjan668ai /  Israel Robertson
Israel Robertson                                     /  1n5n91wjan668ai
FRA   LH2121   E  30.Oct                       /  FRA
HKG                                            /  HKG
SEAT ID: 29A                                   /  LH2121 E 30.Oct
SEQ: 126                                      / GATE: A05   22:00
MAX 1  HANDLUGGAGE/ LUGGAGE
-----------------------------------------------------------------------------
sorry Israel Robertson we have no voucher for you! Have a nice day!

---------------------------------------------------------------------------------------------------------------
scanning passport with passport id: 47D4WFOT4
searching for ticket in fast bag drop database..............
Ticket found for Richard Brennan and Flight LH2121
----searching flight seat for Richard Brennan---------
Found a seat with ID 29B
Below details were found in database
------------------------------------------
Name: Richard Brennan
Flight ID: LH2121
Source: FRA
Destination: HKG
Gate No: A05
Boarding time: 22:00
Ticket ID: 12qjgcrpi447qoi
Booking Class: E
------------------------------------------

Proceed with check-in for flight LH2121 ?
Type YES to CHECK-IN or NO to cancel CHECK-IN
Richard Brennan is deciding whether to check-in or to go back home and sleep............
YES CHECK-IN
Checking you in...............
baggage is on conveyor belt-------
---------baggage detected by sensor------------- 
Baggage weighs: 21.58 kg
baggage is on conveyor belt-------
---------baggage detected by sensor------------- 
Baggage weighs: 20.43 kg
baggage is on conveyor belt-------
---------baggage detected by sensor------------- 
Baggage weighs: 18.47 kg
baggage is on conveyor belt-------
---------baggage detected by sensor------------- 
Baggage weighs: 17.86 kg
baggage is on conveyor belt-------
---------baggage detected by sensor------------- 
Baggage weighs: 18.65 kg
baggage is on conveyor belt-------
---------baggage detected by sensor------------- 
Baggage weighs: 19.27 kg
baggage is on conveyor belt-------
---------baggage detected by sensor------------- 
Baggage weighs: 17.42 kg
baggage is on conveyor belt-------
---------baggage detected by sensor------------- 
Baggage weighs: 19.16 kg
baggage is on conveyor belt-------
---------baggage detected by sensor------------- 
Baggage weighs: 19.52 kg
baggage is on conveyor belt-------
---------baggage detected by sensor------------- 
Baggage weighs: 17.51 kg
baggage is on conveyor belt-------
---------baggage detected by sensor------------- 
Baggage weighs: 17.38 kg
baggage is on conveyor belt-------
---------baggage detected by sensor------------- 
Baggage weighs: 18.67 kg
baggage is on conveyor belt-------
---------baggage detected by sensor------------- 
Baggage weighs: 16.98 kg
baggage is on conveyor belt-------
---------baggage detected by sensor------------- 
Baggage weighs: 21.26 kg
baggage is on conveyor belt-------
---------baggage detected by sensor------------- 
Baggage weighs: 18.3 kg
baggage is on conveyor belt-------
---------baggage detected by sensor------------- 
Baggage weighs: 16.81 kg
baggage is on conveyor belt-------
---------baggage detected by sensor------------- 
Baggage weighs: 20.91 kg
baggage is on conveyor belt-------
---------baggage detected by sensor------------- 
Baggage weighs: 21.21 kg
baggage is on conveyor belt-------
---------baggage detected by sensor------------- 
Baggage weighs: 19.69 kg
baggage is on conveyor belt-------
---------baggage detected by sensor------------- 
Baggage weighs: 18.67 kg
baggage is on conveyor belt-------
---------baggage detected by sensor------------- 
Baggage weighs: 19.12 kg
baggage is on conveyor belt-------
---------baggage detected by sensor------------- 
Baggage weighs: 16.42 kg
baggage is on conveyor belt-------
---------baggage detected by sensor------------- 
Baggage weighs: 19.17 kg
baggage is on conveyor belt-------
---------baggage detected by sensor------------- 
Baggage weighs: 19.0 kg
baggage is on conveyor belt-------
---------baggage detected by sensor------------- 
Baggage weighs: 18.78 kg
baggage is on conveyor belt-------
---------baggage detected by sensor------------- 
Baggage weighs: 20.31 kg
baggage is on conveyor belt-------
---------baggage detected by sensor------------- 
Baggage weighs: 21.25 kg
baggage is on conveyor belt-------
---------baggage detected by sensor------------- 
Baggage weighs: 18.87 kg
baggage is on conveyor belt-------
---------baggage detected by sensor------------- 
Baggage weighs: 16.25 kg
baggage is on conveyor belt-------
---------baggage detected by sensor------------- 
Baggage weighs: 19.94 kg
baggage is on conveyor belt-------
---------baggage detected by sensor------------- 
Baggage weighs: 16.88 kg
baggage is on conveyor belt-------
---------baggage detected by sensor------------- 
Baggage weighs: 18.24 kg
baggage is on conveyor belt-------
---------baggage detected by sensor------------- 
Baggage weighs: 17.16 kg
baggage is on conveyor belt-------
---------baggage detected by sensor------------- 
Baggage weighs: 19.34 kg
baggage is on conveyor belt-------
---------baggage detected by sensor------------- 
Baggage weighs: 22.41 kg
baggage is on conveyor belt-------
---------baggage detected by sensor------------- 
Baggage weighs: 20.47 kg
baggage is on conveyor belt-------
---------baggage detected by sensor------------- 
Baggage weighs: 18.81 kg
baggage is on conveyor belt-------
---------baggage detected by sensor------------- 
Baggage weighs: 18.56 kg
baggage is on conveyor belt-------
---------baggage detected by sensor------------- 
Baggage weighs: 17.77 kg
baggage is on conveyor belt-------
---------baggage detected by sensor------------- 
Baggage weighs: 19.32 kg
baggage is on conveyor belt-------
---------baggage detected by sensor------------- 
Baggage weighs: 19.21 kg
baggage is on conveyor belt-------
---------baggage detected by sensor------------- 
Baggage weighs: 19.13 kg
baggage is on conveyor belt-------
---------baggage detected by sensor------------- 
Baggage weighs: 20.39 kg
baggage is on conveyor belt-------
---------baggage detected by sensor------------- 
Baggage weighs: 21.03 kg
baggage is on conveyor belt-------
---------baggage detected by sensor------------- 
Baggage weighs: 20.05 kg
baggage is on conveyor belt-------
---------baggage detected by sensor------------- 
Baggage weighs: 21.92 kg
baggage is on conveyor belt-------
---------baggage detected by sensor------------- 
Baggage weighs: 19.37 kg
baggage is on conveyor belt-------
---------baggage detected by sensor------------- 
Baggage weighs: 20.35 kg
baggage is on conveyor belt-------
---------baggage detected by sensor------------- 
Baggage weighs: 18.73 kg
baggage is on conveyor belt-------
---------baggage detected by sensor------------- 
Baggage weighs: 20.33 kg
baggage is on conveyor belt-------
---------baggage detected by sensor------------- 
Baggage weighs: 22.01 kg
baggage is on conveyor belt-------
---------baggage detected by sensor------------- 
Baggage weighs: 19.27 kg
baggage is on conveyor belt-------
---------baggage detected by sensor------------- 
Baggage weighs: 21.18 kg
baggage is on conveyor belt-------
---------baggage detected by sensor------------- 
Baggage weighs: 17.16 kg
baggage is on conveyor belt-------
---------baggage detected by sensor------------- 
Baggage weighs: 20.04 kg
baggage is on conveyor belt-------
---------baggage detected by sensor------------- 
Baggage weighs: 20.91 kg
baggage is on conveyor belt-------
---------baggage detected by sensor------------- 
Baggage weighs: 20.3 kg
baggage is on conveyor belt-------
---------baggage detected by sensor------------- 
Baggage weighs: 20.38 kg
baggage is on conveyor belt-------
---------baggage detected by sensor------------- 
Baggage weighs: 16.54 kg
baggage is on conveyor belt-------
---------baggage detected by sensor------------- 
Baggage weighs: 18.87 kg
baggage is on conveyor belt-------
---------baggage detected by sensor------------- 
Baggage weighs: 20.22 kg
baggage is on conveyor belt-------
---------baggage detected by sensor------------- 
Baggage weighs: 20.75 kg
baggage is on conveyor belt-------
---------baggage detected by sensor------------- 
Baggage weighs: 17.4 kg
baggage is on conveyor belt-------
---------baggage detected by sensor------------- 
Baggage weighs: 20.27 kg
baggage is on conveyor belt-------
---------baggage detected by sensor------------- 
Baggage weighs: 17.04 kg
baggage is on conveyor belt-------
---------baggage detected by sensor------------- 
Baggage weighs: 19.84 kg
baggage is on conveyor belt-------
---------baggage detected by sensor------------- 
Baggage weighs: 17.34 kg
baggage is on conveyor belt-------
---------baggage detected by sensor------------- 
Baggage weighs: 18.75 kg
baggage is on conveyor belt-------
---------baggage detected by sensor------------- 
Baggage weighs: 19.12 kg
baggage is on conveyor belt-------
---------baggage detected by sensor------------- 
Baggage weighs: 18.29 kg
baggage is on conveyor belt-------
---------baggage detected by sensor------------- 
Baggage weighs: 17.94 kg
baggage is on conveyor belt-------
---------baggage detected by sensor------------- 
Baggage weighs: 19.09 kg
baggage is on conveyor belt-------
---------baggage detected by sensor------------- 
Baggage weighs: 22.39 kg
baggage is on conveyor belt-------
---------baggage detected by sensor------------- 
Baggage weighs: 21.23 kg
baggage is on conveyor belt-------
---------baggage detected by sensor------------- 
Baggage weighs: 17.56 kg
baggage is on conveyor belt-------
---------baggage detected by sensor------------- 
Baggage weighs: 18.37 kg
baggage is on conveyor belt-------
---------baggage detected by sensor------------- 
Baggage weighs: 21.4 kg
baggage is on conveyor belt-------
---------baggage detected by sensor------------- 
Baggage weighs: 20.25 kg
baggage is on conveyor belt-------
---------baggage detected by sensor------------- 
Baggage weighs: 23.0 kg
baggage is on conveyor belt-------
---------baggage detected by sensor------------- 
Baggage weighs: 17.01 kg
baggage is on conveyor belt-------
---------baggage detected by sensor------------- 
Baggage weighs: 17.39 kg
baggage is on conveyor belt-------
---------baggage detected by sensor------------- 
Baggage weighs: 16.7 kg
baggage is on conveyor belt-------
---------baggage detected by sensor------------- 
Baggage weighs: 16.23 kg
baggage is on conveyor belt-------
---------baggage detected by sensor------------- 
Baggage weighs: 19.13 kg
baggage is on conveyor belt-------
---------baggage detected by sensor------------- 
Baggage weighs: 21.07 kg
baggage is on conveyor belt-------
---------baggage detected by sensor------------- 
Baggage weighs: 17.87 kg
baggage is on conveyor belt-------
---------baggage detected by sensor------------- 
Baggage weighs: 19.92 kg
baggage is on conveyor belt-------
---------baggage detected by sensor------------- 
Baggage weighs: 19.22 kg
baggage is on conveyor belt-------
---------baggage detected by sensor------------- 
Baggage weighs: 21.53 kg
baggage is on conveyor belt-------
---------baggage detected by sensor------------- 
Baggage weighs: 20.29 kg
baggage is on conveyor belt-------
---------baggage detected by sensor------------- 
Baggage weighs: 19.32 kg
baggage is on conveyor belt-------
---------baggage detected by sensor------------- 
Baggage weighs: 17.25 kg
baggage is on conveyor belt-------
---------baggage detected by sensor------------- 
Baggage weighs: 21.3 kg
baggage is on conveyor belt-------
---------baggage detected by sensor------------- 
Baggage weighs: 16.79 kg
baggage is on conveyor belt-------
---------baggage detected by sensor------------- 
Baggage weighs: 19.55 kg
baggage is on conveyor belt-------
---------baggage detected by sensor------------- 
Baggage weighs: 18.88 kg
baggage is on conveyor belt-------
---------baggage detected by sensor------------- 
Baggage weighs: 22.33 kg
baggage is on conveyor belt-------
---------baggage detected by sensor------------- 
Baggage weighs: 20.62 kg
baggage is on conveyor belt-------
---------baggage detected by sensor------------- 
Baggage weighs: 19.42 kg
baggage is on conveyor belt-------
---------baggage detected by sensor------------- 
Baggage weighs: 17.54 kg
baggage is on conveyor belt-------
---------baggage detected by sensor------------- 
Baggage weighs: 21.51 kg
baggage is on conveyor belt-------
---------baggage detected by sensor------------- 
Baggage weighs: 19.46 kg
baggage is on conveyor belt-------
---------baggage detected by sensor------------- 
Baggage weighs: 17.83 kg
baggage is on conveyor belt-------
---------baggage detected by sensor------------- 
Baggage weighs: 17.75 kg
baggage is on conveyor belt-------
---------baggage detected by sensor------------- 
Baggage weighs: 17.44 kg
baggage is on conveyor belt-------
---------baggage detected by sensor------------- 
Baggage weighs: 19.53 kg
baggage is on conveyor belt-------
---------baggage detected by sensor------------- 
Baggage weighs: 17.51 kg
baggage is on conveyor belt-------
---------baggage detected by sensor------------- 
Baggage weighs: 18.2 kg
baggage is on conveyor belt-------
---------baggage detected by sensor------------- 
Baggage weighs: 21.55 kg
baggage is on conveyor belt-------
---------baggage detected by sensor------------- 
Baggage weighs: 19.67 kg
baggage is on conveyor belt-------
---------baggage detected by sensor------------- 
Baggage weighs: 19.52 kg
baggage is on conveyor belt-------
---------baggage detected by sensor------------- 
Baggage weighs: 21.06 kg
baggage is on conveyor belt-------
---------baggage detected by sensor------------- 
Baggage weighs: 17.44 kg
baggage is on conveyor belt-------
---------baggage detected by sensor------------- 
Baggage weighs: 19.21 kg
baggage is on conveyor belt-------
---------baggage detected by sensor------------- 
Baggage weighs: 21.65 kg
baggage is on conveyor belt-------
---------baggage detected by sensor------------- 
Baggage weighs: 19.64 kg
baggage is on conveyor belt-------
---------baggage detected by sensor------------- 
Baggage weighs: 21.03 kg
baggage is on conveyor belt-------
---------baggage detected by sensor------------- 
Baggage weighs: 19.76 kg
baggage is on conveyor belt-------
---------baggage detected by sensor------------- 
Baggage weighs: 21.01 kg
baggage is on conveyor belt-------
---------baggage detected by sensor------------- 
Baggage weighs: 19.11 kg
baggage is on conveyor belt-------
---------baggage detected by sensor------------- 
Baggage weighs: 18.54 kg
baggage is on conveyor belt-------
---------baggage detected by sensor------------- 
Baggage weighs: 16.86 kg
baggage is on conveyor belt-------
---------baggage detected by sensor------------- 
Baggage weighs: 16.59 kg
baggage is on conveyor belt-------
---------baggage detected by sensor------------- 
Baggage weighs: 19.26 kg
baggage is on conveyor belt-------
---------baggage detected by sensor------------- 
Baggage weighs: 18.34 kg
baggage is on conveyor belt-------
---------baggage detected by sensor------------- 
Baggage weighs: 19.09 kg
baggage is on conveyor belt-------
---------baggage detected by sensor------------- 
Baggage weighs: 22.38 kg
baggage is on conveyor belt-------
---------baggage detected by sensor------------- 
Baggage weighs: 22.12 kg
baggage is on conveyor belt-------
---------baggage detected by sensor------------- 
Baggage weighs: 16.75 kg
baggage is on conveyor belt-------
---------baggage detected by sensor------------- 
Baggage weighs: 20.36 kg
baggage is on conveyor belt-------
---------baggage detected by sensor------------- 
Baggage weighs: 20.94 kg
baggage is on conveyor belt-------
---------baggage detected by sensor------------- 
Baggage weighs: 19.8 kg
baggage is on conveyor belt-------
---------baggage detected by sensor------------- 
Baggage weighs: 19.12 kg
baggage is on conveyor belt-------
---------baggage detected by sensor------------- 
Baggage weighs: 16.93 kg
baggage is on conveyor belt-------
---------baggage detected by sensor------------- 
Baggage weighs: 20.48 kg
baggage is on conveyor belt-------
---------baggage detected by sensor------------- 
Baggage weighs: 17.63 kg
Seat with ID: 29B has been reserved for you!

BOARDING PASS FOR RICHARD BRENNAN
-----------------------------------------------------------------------------
LUFTHANSA                      12qjgcrpi447qoi /  Richard Brennan
Richard Brennan                                     /  12qjgcrpi447qoi
FRA   LH2121   E  30.Oct                       /  FRA
HKG                                            /  HKG
SEAT ID: 29B                                   /  LH2121 E 30.Oct
SEQ: 127                                      / GATE: A05   22:00
MAX 1  HANDLUGGAGE/ LUGGAGE
-----------------------------------------------------------------------------
sorry Richard Brennan we have no voucher for you! Have a nice day!

---------------------------------------------------------------------------------------------------------------
scanning passport with passport id: CP0G0IVCB
searching for ticket in fast bag drop database..............
Ticket found for Shayne Richardson and Flight LH2121
----searching flight seat for Shayne Richardson---------
Found a seat with ID 29C
Below details were found in database
------------------------------------------
Name: Shayne Richardson
Flight ID: LH2121
Source: FRA
Destination: HKG
Gate No: A05
Boarding time: 22:00
Ticket ID: rnk6zib1uqalo9m
Booking Class: E
------------------------------------------

Proceed with check-in for flight LH2121 ?
Type YES to CHECK-IN or NO to cancel CHECK-IN
Shayne Richardson is deciding whether to check-in or to go back home and sleep............
YES CHECK-IN
Checking you in...............
baggage is on conveyor belt-------
---------baggage detected by sensor------------- 
Baggage weighs: 21.58 kg
baggage is on conveyor belt-------
---------baggage detected by sensor------------- 
Baggage weighs: 20.43 kg
baggage is on conveyor belt-------
---------baggage detected by sensor------------- 
Baggage weighs: 18.47 kg
baggage is on conveyor belt-------
---------baggage detected by sensor------------- 
Baggage weighs: 17.86 kg
baggage is on conveyor belt-------
---------baggage detected by sensor------------- 
Baggage weighs: 18.65 kg
baggage is on conveyor belt-------
---------baggage detected by sensor------------- 
Baggage weighs: 19.27 kg
baggage is on conveyor belt-------
---------baggage detected by sensor------------- 
Baggage weighs: 17.42 kg
baggage is on conveyor belt-------
---------baggage detected by sensor------------- 
Baggage weighs: 19.16 kg
baggage is on conveyor belt-------
---------baggage detected by sensor------------- 
Baggage weighs: 19.52 kg
baggage is on conveyor belt-------
---------baggage detected by sensor------------- 
Baggage weighs: 17.51 kg
baggage is on conveyor belt-------
---------baggage detected by sensor------------- 
Baggage weighs: 17.38 kg
baggage is on conveyor belt-------
---------baggage detected by sensor------------- 
Baggage weighs: 18.67 kg
baggage is on conveyor belt-------
---------baggage detected by sensor------------- 
Baggage weighs: 16.98 kg
baggage is on conveyor belt-------
---------baggage detected by sensor------------- 
Baggage weighs: 21.26 kg
baggage is on conveyor belt-------
---------baggage detected by sensor------------- 
Baggage weighs: 18.3 kg
baggage is on conveyor belt-------
---------baggage detected by sensor------------- 
Baggage weighs: 16.81 kg
baggage is on conveyor belt-------
---------baggage detected by sensor------------- 
Baggage weighs: 20.91 kg
baggage is on conveyor belt-------
---------baggage detected by sensor------------- 
Baggage weighs: 21.21 kg
baggage is on conveyor belt-------
---------baggage detected by sensor------------- 
Baggage weighs: 19.69 kg
baggage is on conveyor belt-------
---------baggage detected by sensor------------- 
Baggage weighs: 18.67 kg
baggage is on conveyor belt-------
---------baggage detected by sensor------------- 
Baggage weighs: 19.12 kg
baggage is on conveyor belt-------
---------baggage detected by sensor------------- 
Baggage weighs: 16.42 kg
baggage is on conveyor belt-------
---------baggage detected by sensor------------- 
Baggage weighs: 19.17 kg
baggage is on conveyor belt-------
---------baggage detected by sensor------------- 
Baggage weighs: 19.0 kg
baggage is on conveyor belt-------
---------baggage detected by sensor------------- 
Baggage weighs: 18.78 kg
baggage is on conveyor belt-------
---------baggage detected by sensor------------- 
Baggage weighs: 20.31 kg
baggage is on conveyor belt-------
---------baggage detected by sensor------------- 
Baggage weighs: 21.25 kg
baggage is on conveyor belt-------
---------baggage detected by sensor------------- 
Baggage weighs: 18.87 kg
baggage is on conveyor belt-------
---------baggage detected by sensor------------- 
Baggage weighs: 16.25 kg
baggage is on conveyor belt-------
---------baggage detected by sensor------------- 
Baggage weighs: 19.94 kg
baggage is on conveyor belt-------
---------baggage detected by sensor------------- 
Baggage weighs: 16.88 kg
baggage is on conveyor belt-------
---------baggage detected by sensor------------- 
Baggage weighs: 18.24 kg
baggage is on conveyor belt-------
---------baggage detected by sensor------------- 
Baggage weighs: 17.16 kg
baggage is on conveyor belt-------
---------baggage detected by sensor------------- 
Baggage weighs: 19.34 kg
baggage is on conveyor belt-------
---------baggage detected by sensor------------- 
Baggage weighs: 22.41 kg
baggage is on conveyor belt-------
---------baggage detected by sensor------------- 
Baggage weighs: 20.47 kg
baggage is on conveyor belt-------
---------baggage detected by sensor------------- 
Baggage weighs: 18.81 kg
baggage is on conveyor belt-------
---------baggage detected by sensor------------- 
Baggage weighs: 18.56 kg
baggage is on conveyor belt-------
---------baggage detected by sensor------------- 
Baggage weighs: 17.77 kg
baggage is on conveyor belt-------
---------baggage detected by sensor------------- 
Baggage weighs: 19.32 kg
baggage is on conveyor belt-------
---------baggage detected by sensor------------- 
Baggage weighs: 19.21 kg
baggage is on conveyor belt-------
---------baggage detected by sensor------------- 
Baggage weighs: 19.13 kg
baggage is on conveyor belt-------
---------baggage detected by sensor------------- 
Baggage weighs: 20.39 kg
baggage is on conveyor belt-------
---------baggage detected by sensor------------- 
Baggage weighs: 21.03 kg
baggage is on conveyor belt-------
---------baggage detected by sensor------------- 
Baggage weighs: 20.05 kg
baggage is on conveyor belt-------
---------baggage detected by sensor------------- 
Baggage weighs: 21.92 kg
baggage is on conveyor belt-------
---------baggage detected by sensor------------- 
Baggage weighs: 19.37 kg
baggage is on conveyor belt-------
---------baggage detected by sensor------------- 
Baggage weighs: 20.35 kg
baggage is on conveyor belt-------
---------baggage detected by sensor------------- 
Baggage weighs: 18.73 kg
baggage is on conveyor belt-------
---------baggage detected by sensor------------- 
Baggage weighs: 20.33 kg
baggage is on conveyor belt-------
---------baggage detected by sensor------------- 
Baggage weighs: 22.01 kg
baggage is on conveyor belt-------
---------baggage detected by sensor------------- 
Baggage weighs: 19.27 kg
baggage is on conveyor belt-------
---------baggage detected by sensor------------- 
Baggage weighs: 21.18 kg
baggage is on conveyor belt-------
---------baggage detected by sensor------------- 
Baggage weighs: 17.16 kg
baggage is on conveyor belt-------
---------baggage detected by sensor------------- 
Baggage weighs: 20.04 kg
baggage is on conveyor belt-------
---------baggage detected by sensor------------- 
Baggage weighs: 20.91 kg
baggage is on conveyor belt-------
---------baggage detected by sensor------------- 
Baggage weighs: 20.3 kg
baggage is on conveyor belt-------
---------baggage detected by sensor------------- 
Baggage weighs: 20.38 kg
baggage is on conveyor belt-------
---------baggage detected by sensor------------- 
Baggage weighs: 16.54 kg
baggage is on conveyor belt-------
---------baggage detected by sensor------------- 
Baggage weighs: 18.87 kg
baggage is on conveyor belt-------
---------baggage detected by sensor------------- 
Baggage weighs: 20.22 kg
baggage is on conveyor belt-------
---------baggage detected by sensor------------- 
Baggage weighs: 20.75 kg
baggage is on conveyor belt-------
---------baggage detected by sensor------------- 
Baggage weighs: 17.4 kg
baggage is on conveyor belt-------
---------baggage detected by sensor------------- 
Baggage weighs: 20.27 kg
baggage is on conveyor belt-------
---------baggage detected by sensor------------- 
Baggage weighs: 17.04 kg
baggage is on conveyor belt-------
---------baggage detected by sensor------------- 
Baggage weighs: 19.84 kg
baggage is on conveyor belt-------
---------baggage detected by sensor------------- 
Baggage weighs: 17.34 kg
baggage is on conveyor belt-------
---------baggage detected by sensor------------- 
Baggage weighs: 18.75 kg
baggage is on conveyor belt-------
---------baggage detected by sensor------------- 
Baggage weighs: 19.12 kg
baggage is on conveyor belt-------
---------baggage detected by sensor------------- 
Baggage weighs: 18.29 kg
baggage is on conveyor belt-------
---------baggage detected by sensor------------- 
Baggage weighs: 17.94 kg
baggage is on conveyor belt-------
---------baggage detected by sensor------------- 
Baggage weighs: 19.09 kg
baggage is on conveyor belt-------
---------baggage detected by sensor------------- 
Baggage weighs: 22.39 kg
baggage is on conveyor belt-------
---------baggage detected by sensor------------- 
Baggage weighs: 21.23 kg
baggage is on conveyor belt-------
---------baggage detected by sensor------------- 
Baggage weighs: 17.56 kg
baggage is on conveyor belt-------
---------baggage detected by sensor------------- 
Baggage weighs: 18.37 kg
baggage is on conveyor belt-------
---------baggage detected by sensor------------- 
Baggage weighs: 21.4 kg
baggage is on conveyor belt-------
---------baggage detected by sensor------------- 
Baggage weighs: 20.25 kg
baggage is on conveyor belt-------
---------baggage detected by sensor------------- 
Baggage weighs: 23.0 kg
baggage is on conveyor belt-------
---------baggage detected by sensor------------- 
Baggage weighs: 17.01 kg
baggage is on conveyor belt-------
---------baggage detected by sensor------------- 
Baggage weighs: 17.39 kg
baggage is on conveyor belt-------
---------baggage detected by sensor------------- 
Baggage weighs: 16.7 kg
baggage is on conveyor belt-------
---------baggage detected by sensor------------- 
Baggage weighs: 16.23 kg
baggage is on conveyor belt-------
---------baggage detected by sensor------------- 
Baggage weighs: 19.13 kg
baggage is on conveyor belt-------
---------baggage detected by sensor------------- 
Baggage weighs: 21.07 kg
baggage is on conveyor belt-------
---------baggage detected by sensor------------- 
Baggage weighs: 17.87 kg
baggage is on conveyor belt-------
---------baggage detected by sensor------------- 
Baggage weighs: 19.92 kg
baggage is on conveyor belt-------
---------baggage detected by sensor------------- 
Baggage weighs: 19.22 kg
baggage is on conveyor belt-------
---------baggage detected by sensor------------- 
Baggage weighs: 21.53 kg
baggage is on conveyor belt-------
---------baggage detected by sensor------------- 
Baggage weighs: 20.29 kg
baggage is on conveyor belt-------
---------baggage detected by sensor------------- 
Baggage weighs: 19.32 kg
baggage is on conveyor belt-------
---------baggage detected by sensor------------- 
Baggage weighs: 17.25 kg
baggage is on conveyor belt-------
---------baggage detected by sensor------------- 
Baggage weighs: 21.3 kg
baggage is on conveyor belt-------
---------baggage detected by sensor------------- 
Baggage weighs: 16.79 kg
baggage is on conveyor belt-------
---------baggage detected by sensor------------- 
Baggage weighs: 19.55 kg
baggage is on conveyor belt-------
---------baggage detected by sensor------------- 
Baggage weighs: 18.88 kg
baggage is on conveyor belt-------
---------baggage detected by sensor------------- 
Baggage weighs: 22.33 kg
baggage is on conveyor belt-------
---------baggage detected by sensor------------- 
Baggage weighs: 20.62 kg
baggage is on conveyor belt-------
---------baggage detected by sensor------------- 
Baggage weighs: 19.42 kg
baggage is on conveyor belt-------
---------baggage detected by sensor------------- 
Baggage weighs: 17.54 kg
baggage is on conveyor belt-------
---------baggage detected by sensor------------- 
Baggage weighs: 21.51 kg
baggage is on conveyor belt-------
---------baggage detected by sensor------------- 
Baggage weighs: 19.46 kg
baggage is on conveyor belt-------
---------baggage detected by sensor------------- 
Baggage weighs: 17.83 kg
baggage is on conveyor belt-------
---------baggage detected by sensor------------- 
Baggage weighs: 17.75 kg
baggage is on conveyor belt-------
---------baggage detected by sensor------------- 
Baggage weighs: 17.44 kg
baggage is on conveyor belt-------
---------baggage detected by sensor------------- 
Baggage weighs: 19.53 kg
baggage is on conveyor belt-------
---------baggage detected by sensor------------- 
Baggage weighs: 17.51 kg
baggage is on conveyor belt-------
---------baggage detected by sensor------------- 
Baggage weighs: 18.2 kg
baggage is on conveyor belt-------
---------baggage detected by sensor------------- 
Baggage weighs: 21.55 kg
baggage is on conveyor belt-------
---------baggage detected by sensor------------- 
Baggage weighs: 19.67 kg
baggage is on conveyor belt-------
---------baggage detected by sensor------------- 
Baggage weighs: 19.52 kg
baggage is on conveyor belt-------
---------baggage detected by sensor------------- 
Baggage weighs: 21.06 kg
baggage is on conveyor belt-------
---------baggage detected by sensor------------- 
Baggage weighs: 17.44 kg
baggage is on conveyor belt-------
---------baggage detected by sensor------------- 
Baggage weighs: 19.21 kg
baggage is on conveyor belt-------
---------baggage detected by sensor------------- 
Baggage weighs: 21.65 kg
baggage is on conveyor belt-------
---------baggage detected by sensor------------- 
Baggage weighs: 19.64 kg
baggage is on conveyor belt-------
---------baggage detected by sensor------------- 
Baggage weighs: 21.03 kg
baggage is on conveyor belt-------
---------baggage detected by sensor------------- 
Baggage weighs: 19.76 kg
baggage is on conveyor belt-------
---------baggage detected by sensor------------- 
Baggage weighs: 21.01 kg
baggage is on conveyor belt-------
---------baggage detected by sensor------------- 
Baggage weighs: 19.11 kg
baggage is on conveyor belt-------
---------baggage detected by sensor------------- 
Baggage weighs: 18.54 kg
baggage is on conveyor belt-------
---------baggage detected by sensor------------- 
Baggage weighs: 16.86 kg
baggage is on conveyor belt-------
---------baggage detected by sensor------------- 
Baggage weighs: 16.59 kg
baggage is on conveyor belt-------
---------baggage detected by sensor------------- 
Baggage weighs: 19.26 kg
baggage is on conveyor belt-------
---------baggage detected by sensor------------- 
Baggage weighs: 18.34 kg
baggage is on conveyor belt-------
---------baggage detected by sensor------------- 
Baggage weighs: 19.09 kg
baggage is on conveyor belt-------
---------baggage detected by sensor------------- 
Baggage weighs: 22.38 kg
baggage is on conveyor belt-------
---------baggage detected by sensor------------- 
Baggage weighs: 22.12 kg
baggage is on conveyor belt-------
---------baggage detected by sensor------------- 
Baggage weighs: 16.75 kg
baggage is on conveyor belt-------
---------baggage detected by sensor------------- 
Baggage weighs: 20.36 kg
baggage is on conveyor belt-------
---------baggage detected by sensor------------- 
Baggage weighs: 20.94 kg
baggage is on conveyor belt-------
---------baggage detected by sensor------------- 
Baggage weighs: 19.8 kg
baggage is on conveyor belt-------
---------baggage detected by sensor------------- 
Baggage weighs: 19.12 kg
baggage is on conveyor belt-------
---------baggage detected by sensor------------- 
Baggage weighs: 16.93 kg
baggage is on conveyor belt-------
---------baggage detected by sensor------------- 
Baggage weighs: 20.48 kg
baggage is on conveyor belt-------
---------baggage detected by sensor------------- 
Baggage weighs: 17.63 kg
baggage is on conveyor belt-------
---------baggage detected by sensor------------- 
Baggage weighs: 19.86 kg
Seat with ID: 29C has been reserved for you!

BOARDING PASS FOR SHAYNE RICHARDSON
-----------------------------------------------------------------------------
LUFTHANSA                      rnk6zib1uqalo9m /  Shayne Richardson
Shayne Richardson                                     /  rnk6zib1uqalo9m
FRA   LH2121   E  30.Oct                       /  FRA
HKG                                            /  HKG
SEAT ID: 29C                                   /  LH2121 E 30.Oct
SEQ: 128                                      / GATE: A05   22:00
MAX 1  HANDLUGGAGE/ LUGGAGE
-----------------------------------------------------------------------------
sorry Shayne Richardson we have no voucher for you! Have a nice day!

---------------------------------------------------------------------------------------------------------------
scanning passport with passport id: Y61WSC84E
searching for ticket in fast bag drop database..............
Ticket found for Homer Obrien and Flight LH2121
----searching flight seat for Homer Obrien---------
Found a seat with ID 29D
Below details were found in database
------------------------------------------
Name: Homer Obrien
Flight ID: LH2121
Source: FRA
Destination: HKG
Gate No: A05
Boarding time: 22:00
Ticket ID: we4lbrnfcl6q368
Booking Class: E
------------------------------------------

Proceed with check-in for flight LH2121 ?
Type YES to CHECK-IN or NO to cancel CHECK-IN
Homer Obrien is deciding whether to check-in or to go back home and sleep............
YES CHECK-IN
Checking you in...............
baggage is on conveyor belt-------
---------baggage detected by sensor------------- 
Baggage weighs: 21.58 kg
baggage is on conveyor belt-------
---------baggage detected by sensor------------- 
Baggage weighs: 20.43 kg
baggage is on conveyor belt-------
---------baggage detected by sensor------------- 
Baggage weighs: 18.47 kg
baggage is on conveyor belt-------
---------baggage detected by sensor------------- 
Baggage weighs: 17.86 kg
baggage is on conveyor belt-------
---------baggage detected by sensor------------- 
Baggage weighs: 18.65 kg
baggage is on conveyor belt-------
---------baggage detected by sensor------------- 
Baggage weighs: 19.27 kg
baggage is on conveyor belt-------
---------baggage detected by sensor------------- 
Baggage weighs: 17.42 kg
baggage is on conveyor belt-------
---------baggage detected by sensor------------- 
Baggage weighs: 19.16 kg
baggage is on conveyor belt-------
---------baggage detected by sensor------------- 
Baggage weighs: 19.52 kg
baggage is on conveyor belt-------
---------baggage detected by sensor------------- 
Baggage weighs: 17.51 kg
baggage is on conveyor belt-------
---------baggage detected by sensor------------- 
Baggage weighs: 17.38 kg
baggage is on conveyor belt-------
---------baggage detected by sensor------------- 
Baggage weighs: 18.67 kg
baggage is on conveyor belt-------
---------baggage detected by sensor------------- 
Baggage weighs: 16.98 kg
baggage is on conveyor belt-------
---------baggage detected by sensor------------- 
Baggage weighs: 21.26 kg
baggage is on conveyor belt-------
---------baggage detected by sensor------------- 
Baggage weighs: 18.3 kg
baggage is on conveyor belt-------
---------baggage detected by sensor------------- 
Baggage weighs: 16.81 kg
baggage is on conveyor belt-------
---------baggage detected by sensor------------- 
Baggage weighs: 20.91 kg
baggage is on conveyor belt-------
---------baggage detected by sensor------------- 
Baggage weighs: 21.21 kg
baggage is on conveyor belt-------
---------baggage detected by sensor------------- 
Baggage weighs: 19.69 kg
baggage is on conveyor belt-------
---------baggage detected by sensor------------- 
Baggage weighs: 18.67 kg
baggage is on conveyor belt-------
---------baggage detected by sensor------------- 
Baggage weighs: 19.12 kg
baggage is on conveyor belt-------
---------baggage detected by sensor------------- 
Baggage weighs: 16.42 kg
baggage is on conveyor belt-------
---------baggage detected by sensor------------- 
Baggage weighs: 19.17 kg
baggage is on conveyor belt-------
---------baggage detected by sensor------------- 
Baggage weighs: 19.0 kg
baggage is on conveyor belt-------
---------baggage detected by sensor------------- 
Baggage weighs: 18.78 kg
baggage is on conveyor belt-------
---------baggage detected by sensor------------- 
Baggage weighs: 20.31 kg
baggage is on conveyor belt-------
---------baggage detected by sensor------------- 
Baggage weighs: 21.25 kg
baggage is on conveyor belt-------
---------baggage detected by sensor------------- 
Baggage weighs: 18.87 kg
baggage is on conveyor belt-------
---------baggage detected by sensor------------- 
Baggage weighs: 16.25 kg
baggage is on conveyor belt-------
---------baggage detected by sensor------------- 
Baggage weighs: 19.94 kg
baggage is on conveyor belt-------
---------baggage detected by sensor------------- 
Baggage weighs: 16.88 kg
baggage is on conveyor belt-------
---------baggage detected by sensor------------- 
Baggage weighs: 18.24 kg
baggage is on conveyor belt-------
---------baggage detected by sensor------------- 
Baggage weighs: 17.16 kg
baggage is on conveyor belt-------
---------baggage detected by sensor------------- 
Baggage weighs: 19.34 kg
baggage is on conveyor belt-------
---------baggage detected by sensor------------- 
Baggage weighs: 22.41 kg
baggage is on conveyor belt-------
---------baggage detected by sensor------------- 
Baggage weighs: 20.47 kg
baggage is on conveyor belt-------
---------baggage detected by sensor------------- 
Baggage weighs: 18.81 kg
baggage is on conveyor belt-------
---------baggage detected by sensor------------- 
Baggage weighs: 18.56 kg
baggage is on conveyor belt-------
---------baggage detected by sensor------------- 
Baggage weighs: 17.77 kg
baggage is on conveyor belt-------
---------baggage detected by sensor------------- 
Baggage weighs: 19.32 kg
baggage is on conveyor belt-------
---------baggage detected by sensor------------- 
Baggage weighs: 19.21 kg
baggage is on conveyor belt-------
---------baggage detected by sensor------------- 
Baggage weighs: 19.13 kg
baggage is on conveyor belt-------
---------baggage detected by sensor------------- 
Baggage weighs: 20.39 kg
baggage is on conveyor belt-------
---------baggage detected by sensor------------- 
Baggage weighs: 21.03 kg
baggage is on conveyor belt-------
---------baggage detected by sensor------------- 
Baggage weighs: 20.05 kg
baggage is on conveyor belt-------
---------baggage detected by sensor------------- 
Baggage weighs: 21.92 kg
baggage is on conveyor belt-------
---------baggage detected by sensor------------- 
Baggage weighs: 19.37 kg
baggage is on conveyor belt-------
---------baggage detected by sensor------------- 
Baggage weighs: 20.35 kg
baggage is on conveyor belt-------
---------baggage detected by sensor------------- 
Baggage weighs: 18.73 kg
baggage is on conveyor belt-------
---------baggage detected by sensor------------- 
Baggage weighs: 20.33 kg
baggage is on conveyor belt-------
---------baggage detected by sensor------------- 
Baggage weighs: 22.01 kg
baggage is on conveyor belt-------
---------baggage detected by sensor------------- 
Baggage weighs: 19.27 kg
baggage is on conveyor belt-------
---------baggage detected by sensor------------- 
Baggage weighs: 21.18 kg
baggage is on conveyor belt-------
---------baggage detected by sensor------------- 
Baggage weighs: 17.16 kg
baggage is on conveyor belt-------
---------baggage detected by sensor------------- 
Baggage weighs: 20.04 kg
baggage is on conveyor belt-------
---------baggage detected by sensor------------- 
Baggage weighs: 20.91 kg
baggage is on conveyor belt-------
---------baggage detected by sensor------------- 
Baggage weighs: 20.3 kg
baggage is on conveyor belt-------
---------baggage detected by sensor------------- 
Baggage weighs: 20.38 kg
baggage is on conveyor belt-------
---------baggage detected by sensor------------- 
Baggage weighs: 16.54 kg
baggage is on conveyor belt-------
---------baggage detected by sensor------------- 
Baggage weighs: 18.87 kg
baggage is on conveyor belt-------
---------baggage detected by sensor------------- 
Baggage weighs: 20.22 kg
baggage is on conveyor belt-------
---------baggage detected by sensor------------- 
Baggage weighs: 20.75 kg
baggage is on conveyor belt-------
---------baggage detected by sensor------------- 
Baggage weighs: 17.4 kg
baggage is on conveyor belt-------
---------baggage detected by sensor------------- 
Baggage weighs: 20.27 kg
baggage is on conveyor belt-------
---------baggage detected by sensor------------- 
Baggage weighs: 17.04 kg
baggage is on conveyor belt-------
---------baggage detected by sensor------------- 
Baggage weighs: 19.84 kg
baggage is on conveyor belt-------
---------baggage detected by sensor------------- 
Baggage weighs: 17.34 kg
baggage is on conveyor belt-------
---------baggage detected by sensor------------- 
Baggage weighs: 18.75 kg
baggage is on conveyor belt-------
---------baggage detected by sensor------------- 
Baggage weighs: 19.12 kg
baggage is on conveyor belt-------
---------baggage detected by sensor------------- 
Baggage weighs: 18.29 kg
baggage is on conveyor belt-------
---------baggage detected by sensor------------- 
Baggage weighs: 17.94 kg
baggage is on conveyor belt-------
---------baggage detected by sensor------------- 
Baggage weighs: 19.09 kg
baggage is on conveyor belt-------
---------baggage detected by sensor------------- 
Baggage weighs: 22.39 kg
baggage is on conveyor belt-------
---------baggage detected by sensor------------- 
Baggage weighs: 21.23 kg
baggage is on conveyor belt-------
---------baggage detected by sensor------------- 
Baggage weighs: 17.56 kg
baggage is on conveyor belt-------
---------baggage detected by sensor------------- 
Baggage weighs: 18.37 kg
baggage is on conveyor belt-------
---------baggage detected by sensor------------- 
Baggage weighs: 21.4 kg
baggage is on conveyor belt-------
---------baggage detected by sensor------------- 
Baggage weighs: 20.25 kg
baggage is on conveyor belt-------
---------baggage detected by sensor------------- 
Baggage weighs: 23.0 kg
baggage is on conveyor belt-------
---------baggage detected by sensor------------- 
Baggage weighs: 17.01 kg
baggage is on conveyor belt-------
---------baggage detected by sensor------------- 
Baggage weighs: 17.39 kg
baggage is on conveyor belt-------
---------baggage detected by sensor------------- 
Baggage weighs: 16.7 kg
baggage is on conveyor belt-------
---------baggage detected by sensor------------- 
Baggage weighs: 16.23 kg
baggage is on conveyor belt-------
---------baggage detected by sensor------------- 
Baggage weighs: 19.13 kg
baggage is on conveyor belt-------
---------baggage detected by sensor------------- 
Baggage weighs: 21.07 kg
baggage is on conveyor belt-------
---------baggage detected by sensor------------- 
Baggage weighs: 17.87 kg
baggage is on conveyor belt-------
---------baggage detected by sensor------------- 
Baggage weighs: 19.92 kg
baggage is on conveyor belt-------
---------baggage detected by sensor------------- 
Baggage weighs: 19.22 kg
baggage is on conveyor belt-------
---------baggage detected by sensor------------- 
Baggage weighs: 21.53 kg
baggage is on conveyor belt-------
---------baggage detected by sensor------------- 
Baggage weighs: 20.29 kg
baggage is on conveyor belt-------
---------baggage detected by sensor------------- 
Baggage weighs: 19.32 kg
baggage is on conveyor belt-------
---------baggage detected by sensor------------- 
Baggage weighs: 17.25 kg
baggage is on conveyor belt-------
---------baggage detected by sensor------------- 
Baggage weighs: 21.3 kg
baggage is on conveyor belt-------
---------baggage detected by sensor------------- 
Baggage weighs: 16.79 kg
baggage is on conveyor belt-------
---------baggage detected by sensor------------- 
Baggage weighs: 19.55 kg
baggage is on conveyor belt-------
---------baggage detected by sensor------------- 
Baggage weighs: 18.88 kg
baggage is on conveyor belt-------
---------baggage detected by sensor------------- 
Baggage weighs: 22.33 kg
baggage is on conveyor belt-------
---------baggage detected by sensor------------- 
Baggage weighs: 20.62 kg
baggage is on conveyor belt-------
---------baggage detected by sensor------------- 
Baggage weighs: 19.42 kg
baggage is on conveyor belt-------
---------baggage detected by sensor------------- 
Baggage weighs: 17.54 kg
baggage is on conveyor belt-------
---------baggage detected by sensor------------- 
Baggage weighs: 21.51 kg
baggage is on conveyor belt-------
---------baggage detected by sensor------------- 
Baggage weighs: 19.46 kg
baggage is on conveyor belt-------
---------baggage detected by sensor------------- 
Baggage weighs: 17.83 kg
baggage is on conveyor belt-------
---------baggage detected by sensor------------- 
Baggage weighs: 17.75 kg
baggage is on conveyor belt-------
---------baggage detected by sensor------------- 
Baggage weighs: 17.44 kg
baggage is on conveyor belt-------
---------baggage detected by sensor------------- 
Baggage weighs: 19.53 kg
baggage is on conveyor belt-------
---------baggage detected by sensor------------- 
Baggage weighs: 17.51 kg
baggage is on conveyor belt-------
---------baggage detected by sensor------------- 
Baggage weighs: 18.2 kg
baggage is on conveyor belt-------
---------baggage detected by sensor------------- 
Baggage weighs: 21.55 kg
baggage is on conveyor belt-------
---------baggage detected by sensor------------- 
Baggage weighs: 19.67 kg
baggage is on conveyor belt-------
---------baggage detected by sensor------------- 
Baggage weighs: 19.52 kg
baggage is on conveyor belt-------
---------baggage detected by sensor------------- 
Baggage weighs: 21.06 kg
baggage is on conveyor belt-------
---------baggage detected by sensor------------- 
Baggage weighs: 17.44 kg
baggage is on conveyor belt-------
---------baggage detected by sensor------------- 
Baggage weighs: 19.21 kg
baggage is on conveyor belt-------
---------baggage detected by sensor------------- 
Baggage weighs: 21.65 kg
baggage is on conveyor belt-------
---------baggage detected by sensor------------- 
Baggage weighs: 19.64 kg
baggage is on conveyor belt-------
---------baggage detected by sensor------------- 
Baggage weighs: 21.03 kg
baggage is on conveyor belt-------
---------baggage detected by sensor------------- 
Baggage weighs: 19.76 kg
baggage is on conveyor belt-------
---------baggage detected by sensor------------- 
Baggage weighs: 21.01 kg
baggage is on conveyor belt-------
---------baggage detected by sensor------------- 
Baggage weighs: 19.11 kg
baggage is on conveyor belt-------
---------baggage detected by sensor------------- 
Baggage weighs: 18.54 kg
baggage is on conveyor belt-------
---------baggage detected by sensor------------- 
Baggage weighs: 16.86 kg
baggage is on conveyor belt-------
---------baggage detected by sensor------------- 
Baggage weighs: 16.59 kg
baggage is on conveyor belt-------
---------baggage detected by sensor------------- 
Baggage weighs: 19.26 kg
baggage is on conveyor belt-------
---------baggage detected by sensor------------- 
Baggage weighs: 18.34 kg
baggage is on conveyor belt-------
---------baggage detected by sensor------------- 
Baggage weighs: 19.09 kg
baggage is on conveyor belt-------
---------baggage detected by sensor------------- 
Baggage weighs: 22.38 kg
baggage is on conveyor belt-------
---------baggage detected by sensor------------- 
Baggage weighs: 22.12 kg
baggage is on conveyor belt-------
---------baggage detected by sensor------------- 
Baggage weighs: 16.75 kg
baggage is on conveyor belt-------
---------baggage detected by sensor------------- 
Baggage weighs: 20.36 kg
baggage is on conveyor belt-------
---------baggage detected by sensor------------- 
Baggage weighs: 20.94 kg
baggage is on conveyor belt-------
---------baggage detected by sensor------------- 
Baggage weighs: 19.8 kg
baggage is on conveyor belt-------
---------baggage detected by sensor------------- 
Baggage weighs: 19.12 kg
baggage is on conveyor belt-------
---------baggage detected by sensor------------- 
Baggage weighs: 16.93 kg
baggage is on conveyor belt-------
---------baggage detected by sensor------------- 
Baggage weighs: 20.48 kg
baggage is on conveyor belt-------
---------baggage detected by sensor------------- 
Baggage weighs: 17.63 kg
baggage is on conveyor belt-------
---------baggage detected by sensor------------- 
Baggage weighs: 19.86 kg
baggage is on conveyor belt-------
---------baggage detected by sensor------------- 
Baggage weighs: 19.4 kg
Seat with ID: 29D has been reserved for you!

BOARDING PASS FOR HOMER OBRIEN
-----------------------------------------------------------------------------
LUFTHANSA                      we4lbrnfcl6q368 /  Homer Obrien
Homer Obrien                                     /  we4lbrnfcl6q368
FRA   LH2121   E  30.Oct                       /  FRA
HKG                                            /  HKG
SEAT ID: 29D                                   /  LH2121 E 30.Oct
SEQ: 129                                      / GATE: A05   22:00
MAX 1  HANDLUGGAGE/ LUGGAGE
-----------------------------------------------------------------------------
sorry Homer Obrien we have no voucher for you! Have a nice day!

---------------------------------------------------------------------------------------------------------------
scanning passport with passport id: TD94A2VER
searching for ticket in fast bag drop database..............
Ticket found for Tomas Lang and Flight LH2121
----searching flight seat for Tomas Lang---------
Found a seat with ID 29E
Below details were found in database
------------------------------------------
Name: Tomas Lang
Flight ID: LH2121
Source: FRA
Destination: HKG
Gate No: A05
Boarding time: 22:00
Ticket ID: gnfa4chimwv04w0
Booking Class: E
------------------------------------------

Proceed with check-in for flight LH2121 ?
Type YES to CHECK-IN or NO to cancel CHECK-IN
Tomas Lang is deciding whether to check-in or to go back home and sleep............
YES CHECK-IN
Checking you in...............
baggage is on conveyor belt-------
---------baggage detected by sensor------------- 
Baggage weighs: 21.58 kg
baggage is on conveyor belt-------
---------baggage detected by sensor------------- 
Baggage weighs: 20.43 kg
baggage is on conveyor belt-------
---------baggage detected by sensor------------- 
Baggage weighs: 18.47 kg
baggage is on conveyor belt-------
---------baggage detected by sensor------------- 
Baggage weighs: 17.86 kg
baggage is on conveyor belt-------
---------baggage detected by sensor------------- 
Baggage weighs: 18.65 kg
baggage is on conveyor belt-------
---------baggage detected by sensor------------- 
Baggage weighs: 19.27 kg
baggage is on conveyor belt-------
---------baggage detected by sensor------------- 
Baggage weighs: 17.42 kg
baggage is on conveyor belt-------
---------baggage detected by sensor------------- 
Baggage weighs: 19.16 kg
baggage is on conveyor belt-------
---------baggage detected by sensor------------- 
Baggage weighs: 19.52 kg
baggage is on conveyor belt-------
---------baggage detected by sensor------------- 
Baggage weighs: 17.51 kg
baggage is on conveyor belt-------
---------baggage detected by sensor------------- 
Baggage weighs: 17.38 kg
baggage is on conveyor belt-------
---------baggage detected by sensor------------- 
Baggage weighs: 18.67 kg
baggage is on conveyor belt-------
---------baggage detected by sensor------------- 
Baggage weighs: 16.98 kg
baggage is on conveyor belt-------
---------baggage detected by sensor------------- 
Baggage weighs: 21.26 kg
baggage is on conveyor belt-------
---------baggage detected by sensor------------- 
Baggage weighs: 18.3 kg
baggage is on conveyor belt-------
---------baggage detected by sensor------------- 
Baggage weighs: 16.81 kg
baggage is on conveyor belt-------
---------baggage detected by sensor------------- 
Baggage weighs: 20.91 kg
baggage is on conveyor belt-------
---------baggage detected by sensor------------- 
Baggage weighs: 21.21 kg
baggage is on conveyor belt-------
---------baggage detected by sensor------------- 
Baggage weighs: 19.69 kg
baggage is on conveyor belt-------
---------baggage detected by sensor------------- 
Baggage weighs: 18.67 kg
baggage is on conveyor belt-------
---------baggage detected by sensor------------- 
Baggage weighs: 19.12 kg
baggage is on conveyor belt-------
---------baggage detected by sensor------------- 
Baggage weighs: 16.42 kg
baggage is on conveyor belt-------
---------baggage detected by sensor------------- 
Baggage weighs: 19.17 kg
baggage is on conveyor belt-------
---------baggage detected by sensor------------- 
Baggage weighs: 19.0 kg
baggage is on conveyor belt-------
---------baggage detected by sensor------------- 
Baggage weighs: 18.78 kg
baggage is on conveyor belt-------
---------baggage detected by sensor------------- 
Baggage weighs: 20.31 kg
baggage is on conveyor belt-------
---------baggage detected by sensor------------- 
Baggage weighs: 21.25 kg
baggage is on conveyor belt-------
---------baggage detected by sensor------------- 
Baggage weighs: 18.87 kg
baggage is on conveyor belt-------
---------baggage detected by sensor------------- 
Baggage weighs: 16.25 kg
baggage is on conveyor belt-------
---------baggage detected by sensor------------- 
Baggage weighs: 19.94 kg
baggage is on conveyor belt-------
---------baggage detected by sensor------------- 
Baggage weighs: 16.88 kg
baggage is on conveyor belt-------
---------baggage detected by sensor------------- 
Baggage weighs: 18.24 kg
baggage is on conveyor belt-------
---------baggage detected by sensor------------- 
Baggage weighs: 17.16 kg
baggage is on conveyor belt-------
---------baggage detected by sensor------------- 
Baggage weighs: 19.34 kg
baggage is on conveyor belt-------
---------baggage detected by sensor------------- 
Baggage weighs: 22.41 kg
baggage is on conveyor belt-------
---------baggage detected by sensor------------- 
Baggage weighs: 20.47 kg
baggage is on conveyor belt-------
---------baggage detected by sensor------------- 
Baggage weighs: 18.81 kg
baggage is on conveyor belt-------
---------baggage detected by sensor------------- 
Baggage weighs: 18.56 kg
baggage is on conveyor belt-------
---------baggage detected by sensor------------- 
Baggage weighs: 17.77 kg
baggage is on conveyor belt-------
---------baggage detected by sensor------------- 
Baggage weighs: 19.32 kg
baggage is on conveyor belt-------
---------baggage detected by sensor------------- 
Baggage weighs: 19.21 kg
baggage is on conveyor belt-------
---------baggage detected by sensor------------- 
Baggage weighs: 19.13 kg
baggage is on conveyor belt-------
---------baggage detected by sensor------------- 
Baggage weighs: 20.39 kg
baggage is on conveyor belt-------
---------baggage detected by sensor------------- 
Baggage weighs: 21.03 kg
baggage is on conveyor belt-------
---------baggage detected by sensor------------- 
Baggage weighs: 20.05 kg
baggage is on conveyor belt-------
---------baggage detected by sensor------------- 
Baggage weighs: 21.92 kg
baggage is on conveyor belt-------
---------baggage detected by sensor------------- 
Baggage weighs: 19.37 kg
baggage is on conveyor belt-------
---------baggage detected by sensor------------- 
Baggage weighs: 20.35 kg
baggage is on conveyor belt-------
---------baggage detected by sensor------------- 
Baggage weighs: 18.73 kg
baggage is on conveyor belt-------
---------baggage detected by sensor------------- 
Baggage weighs: 20.33 kg
baggage is on conveyor belt-------
---------baggage detected by sensor------------- 
Baggage weighs: 22.01 kg
baggage is on conveyor belt-------
---------baggage detected by sensor------------- 
Baggage weighs: 19.27 kg
baggage is on conveyor belt-------
---------baggage detected by sensor------------- 
Baggage weighs: 21.18 kg
baggage is on conveyor belt-------
---------baggage detected by sensor------------- 
Baggage weighs: 17.16 kg
baggage is on conveyor belt-------
---------baggage detected by sensor------------- 
Baggage weighs: 20.04 kg
baggage is on conveyor belt-------
---------baggage detected by sensor------------- 
Baggage weighs: 20.91 kg
baggage is on conveyor belt-------
---------baggage detected by sensor------------- 
Baggage weighs: 20.3 kg
baggage is on conveyor belt-------
---------baggage detected by sensor------------- 
Baggage weighs: 20.38 kg
baggage is on conveyor belt-------
---------baggage detected by sensor------------- 
Baggage weighs: 16.54 kg
baggage is on conveyor belt-------
---------baggage detected by sensor------------- 
Baggage weighs: 18.87 kg
baggage is on conveyor belt-------
---------baggage detected by sensor------------- 
Baggage weighs: 20.22 kg
baggage is on conveyor belt-------
---------baggage detected by sensor------------- 
Baggage weighs: 20.75 kg
baggage is on conveyor belt-------
---------baggage detected by sensor------------- 
Baggage weighs: 17.4 kg
baggage is on conveyor belt-------
---------baggage detected by sensor------------- 
Baggage weighs: 20.27 kg
baggage is on conveyor belt-------
---------baggage detected by sensor------------- 
Baggage weighs: 17.04 kg
baggage is on conveyor belt-------
---------baggage detected by sensor------------- 
Baggage weighs: 19.84 kg
baggage is on conveyor belt-------
---------baggage detected by sensor------------- 
Baggage weighs: 17.34 kg
baggage is on conveyor belt-------
---------baggage detected by sensor------------- 
Baggage weighs: 18.75 kg
baggage is on conveyor belt-------
---------baggage detected by sensor------------- 
Baggage weighs: 19.12 kg
baggage is on conveyor belt-------
---------baggage detected by sensor------------- 
Baggage weighs: 18.29 kg
baggage is on conveyor belt-------
---------baggage detected by sensor------------- 
Baggage weighs: 17.94 kg
baggage is on conveyor belt-------
---------baggage detected by sensor------------- 
Baggage weighs: 19.09 kg
baggage is on conveyor belt-------
---------baggage detected by sensor------------- 
Baggage weighs: 22.39 kg
baggage is on conveyor belt-------
---------baggage detected by sensor------------- 
Baggage weighs: 21.23 kg
baggage is on conveyor belt-------
---------baggage detected by sensor------------- 
Baggage weighs: 17.56 kg
baggage is on conveyor belt-------
---------baggage detected by sensor------------- 
Baggage weighs: 18.37 kg
baggage is on conveyor belt-------
---------baggage detected by sensor------------- 
Baggage weighs: 21.4 kg
baggage is on conveyor belt-------
---------baggage detected by sensor------------- 
Baggage weighs: 20.25 kg
baggage is on conveyor belt-------
---------baggage detected by sensor------------- 
Baggage weighs: 23.0 kg
baggage is on conveyor belt-------
---------baggage detected by sensor------------- 
Baggage weighs: 17.01 kg
baggage is on conveyor belt-------
---------baggage detected by sensor------------- 
Baggage weighs: 17.39 kg
baggage is on conveyor belt-------
---------baggage detected by sensor------------- 
Baggage weighs: 16.7 kg
baggage is on conveyor belt-------
---------baggage detected by sensor------------- 
Baggage weighs: 16.23 kg
baggage is on conveyor belt-------
---------baggage detected by sensor------------- 
Baggage weighs: 19.13 kg
baggage is on conveyor belt-------
---------baggage detected by sensor------------- 
Baggage weighs: 21.07 kg
baggage is on conveyor belt-------
---------baggage detected by sensor------------- 
Baggage weighs: 17.87 kg
baggage is on conveyor belt-------
---------baggage detected by sensor------------- 
Baggage weighs: 19.92 kg
baggage is on conveyor belt-------
---------baggage detected by sensor------------- 
Baggage weighs: 19.22 kg
baggage is on conveyor belt-------
---------baggage detected by sensor------------- 
Baggage weighs: 21.53 kg
baggage is on conveyor belt-------
---------baggage detected by sensor------------- 
Baggage weighs: 20.29 kg
baggage is on conveyor belt-------
---------baggage detected by sensor------------- 
Baggage weighs: 19.32 kg
baggage is on conveyor belt-------
---------baggage detected by sensor------------- 
Baggage weighs: 17.25 kg
baggage is on conveyor belt-------
---------baggage detected by sensor------------- 
Baggage weighs: 21.3 kg
baggage is on conveyor belt-------
---------baggage detected by sensor------------- 
Baggage weighs: 16.79 kg
baggage is on conveyor belt-------
---------baggage detected by sensor------------- 
Baggage weighs: 19.55 kg
baggage is on conveyor belt-------
---------baggage detected by sensor------------- 
Baggage weighs: 18.88 kg
baggage is on conveyor belt-------
---------baggage detected by sensor------------- 
Baggage weighs: 22.33 kg
baggage is on conveyor belt-------
---------baggage detected by sensor------------- 
Baggage weighs: 20.62 kg
baggage is on conveyor belt-------
---------baggage detected by sensor------------- 
Baggage weighs: 19.42 kg
baggage is on conveyor belt-------
---------baggage detected by sensor------------- 
Baggage weighs: 17.54 kg
baggage is on conveyor belt-------
---------baggage detected by sensor------------- 
Baggage weighs: 21.51 kg
baggage is on conveyor belt-------
---------baggage detected by sensor------------- 
Baggage weighs: 19.46 kg
baggage is on conveyor belt-------
---------baggage detected by sensor------------- 
Baggage weighs: 17.83 kg
baggage is on conveyor belt-------
---------baggage detected by sensor------------- 
Baggage weighs: 17.75 kg
baggage is on conveyor belt-------
---------baggage detected by sensor------------- 
Baggage weighs: 17.44 kg
baggage is on conveyor belt-------
---------baggage detected by sensor------------- 
Baggage weighs: 19.53 kg
baggage is on conveyor belt-------
---------baggage detected by sensor------------- 
Baggage weighs: 17.51 kg
baggage is on conveyor belt-------
---------baggage detected by sensor------------- 
Baggage weighs: 18.2 kg
baggage is on conveyor belt-------
---------baggage detected by sensor------------- 
Baggage weighs: 21.55 kg
baggage is on conveyor belt-------
---------baggage detected by sensor------------- 
Baggage weighs: 19.67 kg
baggage is on conveyor belt-------
---------baggage detected by sensor------------- 
Baggage weighs: 19.52 kg
baggage is on conveyor belt-------
---------baggage detected by sensor------------- 
Baggage weighs: 21.06 kg
baggage is on conveyor belt-------
---------baggage detected by sensor------------- 
Baggage weighs: 17.44 kg
baggage is on conveyor belt-------
---------baggage detected by sensor------------- 
Baggage weighs: 19.21 kg
baggage is on conveyor belt-------
---------baggage detected by sensor------------- 
Baggage weighs: 21.65 kg
baggage is on conveyor belt-------
---------baggage detected by sensor------------- 
Baggage weighs: 19.64 kg
baggage is on conveyor belt-------
---------baggage detected by sensor------------- 
Baggage weighs: 21.03 kg
baggage is on conveyor belt-------
---------baggage detected by sensor------------- 
Baggage weighs: 19.76 kg
baggage is on conveyor belt-------
---------baggage detected by sensor------------- 
Baggage weighs: 21.01 kg
baggage is on conveyor belt-------
---------baggage detected by sensor------------- 
Baggage weighs: 19.11 kg
baggage is on conveyor belt-------
---------baggage detected by sensor------------- 
Baggage weighs: 18.54 kg
baggage is on conveyor belt-------
---------baggage detected by sensor------------- 
Baggage weighs: 16.86 kg
baggage is on conveyor belt-------
---------baggage detected by sensor------------- 
Baggage weighs: 16.59 kg
baggage is on conveyor belt-------
---------baggage detected by sensor------------- 
Baggage weighs: 19.26 kg
baggage is on conveyor belt-------
---------baggage detected by sensor------------- 
Baggage weighs: 18.34 kg
baggage is on conveyor belt-------
---------baggage detected by sensor------------- 
Baggage weighs: 19.09 kg
baggage is on conveyor belt-------
---------baggage detected by sensor------------- 
Baggage weighs: 22.38 kg
baggage is on conveyor belt-------
---------baggage detected by sensor------------- 
Baggage weighs: 22.12 kg
baggage is on conveyor belt-------
---------baggage detected by sensor------------- 
Baggage weighs: 16.75 kg
baggage is on conveyor belt-------
---------baggage detected by sensor------------- 
Baggage weighs: 20.36 kg
baggage is on conveyor belt-------
---------baggage detected by sensor------------- 
Baggage weighs: 20.94 kg
baggage is on conveyor belt-------
---------baggage detected by sensor------------- 
Baggage weighs: 19.8 kg
baggage is on conveyor belt-------
---------baggage detected by sensor------------- 
Baggage weighs: 19.12 kg
baggage is on conveyor belt-------
---------baggage detected by sensor------------- 
Baggage weighs: 16.93 kg
baggage is on conveyor belt-------
---------baggage detected by sensor------------- 
Baggage weighs: 20.48 kg
baggage is on conveyor belt-------
---------baggage detected by sensor------------- 
Baggage weighs: 17.63 kg
baggage is on conveyor belt-------
---------baggage detected by sensor------------- 
Baggage weighs: 19.86 kg
baggage is on conveyor belt-------
---------baggage detected by sensor------------- 
Baggage weighs: 19.4 kg
baggage is on conveyor belt-------
---------baggage detected by sensor------------- 
Baggage weighs: 19.0 kg
Seat with ID: 29E has been reserved for you!

BOARDING PASS FOR TOMAS LANG
-----------------------------------------------------------------------------
LUFTHANSA                      gnfa4chimwv04w0 /  Tomas Lang
Tomas Lang                                     /  gnfa4chimwv04w0
FRA   LH2121   E  30.Oct                       /  FRA
HKG                                            /  HKG
SEAT ID: 29E                                   /  LH2121 E 30.Oct
SEQ: 130                                      / GATE: A05   22:00
MAX 1  HANDLUGGAGE/ LUGGAGE
-----------------------------------------------------------------------------
sorry Tomas Lang we have no voucher for you! Have a nice day!

---------------------------------------------------------------------------------------------------------------
scanning passport with passport id: UXAPZATJN
searching for ticket in fast bag drop database..............
Ticket found for Lorene Reeves and Flight LH2121
----searching flight seat for Lorene Reeves---------
Found a seat with ID 29G
Below details were found in database
------------------------------------------
Name: Lorene Reeves
Flight ID: LH2121
Source: FRA
Destination: HKG
Gate No: A05
Boarding time: 22:00
Ticket ID: ac653oi3w1d324j
Booking Class: E
------------------------------------------

Proceed with check-in for flight LH2121 ?
Type YES to CHECK-IN or NO to cancel CHECK-IN
Lorene Reeves is deciding whether to check-in or to go back home and sleep............
YES CHECK-IN
Checking you in...............
baggage is on conveyor belt-------
---------baggage detected by sensor------------- 
Baggage weighs: 21.58 kg
baggage is on conveyor belt-------
---------baggage detected by sensor------------- 
Baggage weighs: 20.43 kg
baggage is on conveyor belt-------
---------baggage detected by sensor------------- 
Baggage weighs: 18.47 kg
baggage is on conveyor belt-------
---------baggage detected by sensor------------- 
Baggage weighs: 17.86 kg
baggage is on conveyor belt-------
---------baggage detected by sensor------------- 
Baggage weighs: 18.65 kg
baggage is on conveyor belt-------
---------baggage detected by sensor------------- 
Baggage weighs: 19.27 kg
baggage is on conveyor belt-------
---------baggage detected by sensor------------- 
Baggage weighs: 17.42 kg
baggage is on conveyor belt-------
---------baggage detected by sensor------------- 
Baggage weighs: 19.16 kg
baggage is on conveyor belt-------
---------baggage detected by sensor------------- 
Baggage weighs: 19.52 kg
baggage is on conveyor belt-------
---------baggage detected by sensor------------- 
Baggage weighs: 17.51 kg
baggage is on conveyor belt-------
---------baggage detected by sensor------------- 
Baggage weighs: 17.38 kg
baggage is on conveyor belt-------
---------baggage detected by sensor------------- 
Baggage weighs: 18.67 kg
baggage is on conveyor belt-------
---------baggage detected by sensor------------- 
Baggage weighs: 16.98 kg
baggage is on conveyor belt-------
---------baggage detected by sensor------------- 
Baggage weighs: 21.26 kg
baggage is on conveyor belt-------
---------baggage detected by sensor------------- 
Baggage weighs: 18.3 kg
baggage is on conveyor belt-------
---------baggage detected by sensor------------- 
Baggage weighs: 16.81 kg
baggage is on conveyor belt-------
---------baggage detected by sensor------------- 
Baggage weighs: 20.91 kg
baggage is on conveyor belt-------
---------baggage detected by sensor------------- 
Baggage weighs: 21.21 kg
baggage is on conveyor belt-------
---------baggage detected by sensor------------- 
Baggage weighs: 19.69 kg
baggage is on conveyor belt-------
---------baggage detected by sensor------------- 
Baggage weighs: 18.67 kg
baggage is on conveyor belt-------
---------baggage detected by sensor------------- 
Baggage weighs: 19.12 kg
baggage is on conveyor belt-------
---------baggage detected by sensor------------- 
Baggage weighs: 16.42 kg
baggage is on conveyor belt-------
---------baggage detected by sensor------------- 
Baggage weighs: 19.17 kg
baggage is on conveyor belt-------
---------baggage detected by sensor------------- 
Baggage weighs: 19.0 kg
baggage is on conveyor belt-------
---------baggage detected by sensor------------- 
Baggage weighs: 18.78 kg
baggage is on conveyor belt-------
---------baggage detected by sensor------------- 
Baggage weighs: 20.31 kg
baggage is on conveyor belt-------
---------baggage detected by sensor------------- 
Baggage weighs: 21.25 kg
baggage is on conveyor belt-------
---------baggage detected by sensor------------- 
Baggage weighs: 18.87 kg
baggage is on conveyor belt-------
---------baggage detected by sensor------------- 
Baggage weighs: 16.25 kg
baggage is on conveyor belt-------
---------baggage detected by sensor------------- 
Baggage weighs: 19.94 kg
baggage is on conveyor belt-------
---------baggage detected by sensor------------- 
Baggage weighs: 16.88 kg
baggage is on conveyor belt-------
---------baggage detected by sensor------------- 
Baggage weighs: 18.24 kg
baggage is on conveyor belt-------
---------baggage detected by sensor------------- 
Baggage weighs: 17.16 kg
baggage is on conveyor belt-------
---------baggage detected by sensor------------- 
Baggage weighs: 19.34 kg
baggage is on conveyor belt-------
---------baggage detected by sensor------------- 
Baggage weighs: 22.41 kg
baggage is on conveyor belt-------
---------baggage detected by sensor------------- 
Baggage weighs: 20.47 kg
baggage is on conveyor belt-------
---------baggage detected by sensor------------- 
Baggage weighs: 18.81 kg
baggage is on conveyor belt-------
---------baggage detected by sensor------------- 
Baggage weighs: 18.56 kg
baggage is on conveyor belt-------
---------baggage detected by sensor------------- 
Baggage weighs: 17.77 kg
baggage is on conveyor belt-------
---------baggage detected by sensor------------- 
Baggage weighs: 19.32 kg
baggage is on conveyor belt-------
---------baggage detected by sensor------------- 
Baggage weighs: 19.21 kg
baggage is on conveyor belt-------
---------baggage detected by sensor------------- 
Baggage weighs: 19.13 kg
baggage is on conveyor belt-------
---------baggage detected by sensor------------- 
Baggage weighs: 20.39 kg
baggage is on conveyor belt-------
---------baggage detected by sensor------------- 
Baggage weighs: 21.03 kg
baggage is on conveyor belt-------
---------baggage detected by sensor------------- 
Baggage weighs: 20.05 kg
baggage is on conveyor belt-------
---------baggage detected by sensor------------- 
Baggage weighs: 21.92 kg
baggage is on conveyor belt-------
---------baggage detected by sensor------------- 
Baggage weighs: 19.37 kg
baggage is on conveyor belt-------
---------baggage detected by sensor------------- 
Baggage weighs: 20.35 kg
baggage is on conveyor belt-------
---------baggage detected by sensor------------- 
Baggage weighs: 18.73 kg
baggage is on conveyor belt-------
---------baggage detected by sensor------------- 
Baggage weighs: 20.33 kg
baggage is on conveyor belt-------
---------baggage detected by sensor------------- 
Baggage weighs: 22.01 kg
baggage is on conveyor belt-------
---------baggage detected by sensor------------- 
Baggage weighs: 19.27 kg
baggage is on conveyor belt-------
---------baggage detected by sensor------------- 
Baggage weighs: 21.18 kg
baggage is on conveyor belt-------
---------baggage detected by sensor------------- 
Baggage weighs: 17.16 kg
baggage is on conveyor belt-------
---------baggage detected by sensor------------- 
Baggage weighs: 20.04 kg
baggage is on conveyor belt-------
---------baggage detected by sensor------------- 
Baggage weighs: 20.91 kg
baggage is on conveyor belt-------
---------baggage detected by sensor------------- 
Baggage weighs: 20.3 kg
baggage is on conveyor belt-------
---------baggage detected by sensor------------- 
Baggage weighs: 20.38 kg
baggage is on conveyor belt-------
---------baggage detected by sensor------------- 
Baggage weighs: 16.54 kg
baggage is on conveyor belt-------
---------baggage detected by sensor------------- 
Baggage weighs: 18.87 kg
baggage is on conveyor belt-------
---------baggage detected by sensor------------- 
Baggage weighs: 20.22 kg
baggage is on conveyor belt-------
---------baggage detected by sensor------------- 
Baggage weighs: 20.75 kg
baggage is on conveyor belt-------
---------baggage detected by sensor------------- 
Baggage weighs: 17.4 kg
baggage is on conveyor belt-------
---------baggage detected by sensor------------- 
Baggage weighs: 20.27 kg
baggage is on conveyor belt-------
---------baggage detected by sensor------------- 
Baggage weighs: 17.04 kg
baggage is on conveyor belt-------
---------baggage detected by sensor------------- 
Baggage weighs: 19.84 kg
baggage is on conveyor belt-------
---------baggage detected by sensor------------- 
Baggage weighs: 17.34 kg
baggage is on conveyor belt-------
---------baggage detected by sensor------------- 
Baggage weighs: 18.75 kg
baggage is on conveyor belt-------
---------baggage detected by sensor------------- 
Baggage weighs: 19.12 kg
baggage is on conveyor belt-------
---------baggage detected by sensor------------- 
Baggage weighs: 18.29 kg
baggage is on conveyor belt-------
---------baggage detected by sensor------------- 
Baggage weighs: 17.94 kg
baggage is on conveyor belt-------
---------baggage detected by sensor------------- 
Baggage weighs: 19.09 kg
baggage is on conveyor belt-------
---------baggage detected by sensor------------- 
Baggage weighs: 22.39 kg
baggage is on conveyor belt-------
---------baggage detected by sensor------------- 
Baggage weighs: 21.23 kg
baggage is on conveyor belt-------
---------baggage detected by sensor------------- 
Baggage weighs: 17.56 kg
baggage is on conveyor belt-------
---------baggage detected by sensor------------- 
Baggage weighs: 18.37 kg
baggage is on conveyor belt-------
---------baggage detected by sensor------------- 
Baggage weighs: 21.4 kg
baggage is on conveyor belt-------
---------baggage detected by sensor------------- 
Baggage weighs: 20.25 kg
baggage is on conveyor belt-------
---------baggage detected by sensor------------- 
Baggage weighs: 23.0 kg
baggage is on conveyor belt-------
---------baggage detected by sensor------------- 
Baggage weighs: 17.01 kg
baggage is on conveyor belt-------
---------baggage detected by sensor------------- 
Baggage weighs: 17.39 kg
baggage is on conveyor belt-------
---------baggage detected by sensor------------- 
Baggage weighs: 16.7 kg
baggage is on conveyor belt-------
---------baggage detected by sensor------------- 
Baggage weighs: 16.23 kg
baggage is on conveyor belt-------
---------baggage detected by sensor------------- 
Baggage weighs: 19.13 kg
baggage is on conveyor belt-------
---------baggage detected by sensor------------- 
Baggage weighs: 21.07 kg
baggage is on conveyor belt-------
---------baggage detected by sensor------------- 
Baggage weighs: 17.87 kg
baggage is on conveyor belt-------
---------baggage detected by sensor------------- 
Baggage weighs: 19.92 kg
baggage is on conveyor belt-------
---------baggage detected by sensor------------- 
Baggage weighs: 19.22 kg
baggage is on conveyor belt-------
---------baggage detected by sensor------------- 
Baggage weighs: 21.53 kg
baggage is on conveyor belt-------
---------baggage detected by sensor------------- 
Baggage weighs: 20.29 kg
baggage is on conveyor belt-------
---------baggage detected by sensor------------- 
Baggage weighs: 19.32 kg
baggage is on conveyor belt-------
---------baggage detected by sensor------------- 
Baggage weighs: 17.25 kg
baggage is on conveyor belt-------
---------baggage detected by sensor------------- 
Baggage weighs: 21.3 kg
baggage is on conveyor belt-------
---------baggage detected by sensor------------- 
Baggage weighs: 16.79 kg
baggage is on conveyor belt-------
---------baggage detected by sensor------------- 
Baggage weighs: 19.55 kg
baggage is on conveyor belt-------
---------baggage detected by sensor------------- 
Baggage weighs: 18.88 kg
baggage is on conveyor belt-------
---------baggage detected by sensor------------- 
Baggage weighs: 22.33 kg
baggage is on conveyor belt-------
---------baggage detected by sensor------------- 
Baggage weighs: 20.62 kg
baggage is on conveyor belt-------
---------baggage detected by sensor------------- 
Baggage weighs: 19.42 kg
baggage is on conveyor belt-------
---------baggage detected by sensor------------- 
Baggage weighs: 17.54 kg
baggage is on conveyor belt-------
---------baggage detected by sensor------------- 
Baggage weighs: 21.51 kg
baggage is on conveyor belt-------
---------baggage detected by sensor------------- 
Baggage weighs: 19.46 kg
baggage is on conveyor belt-------
---------baggage detected by sensor------------- 
Baggage weighs: 17.83 kg
baggage is on conveyor belt-------
---------baggage detected by sensor------------- 
Baggage weighs: 17.75 kg
baggage is on conveyor belt-------
---------baggage detected by sensor------------- 
Baggage weighs: 17.44 kg
baggage is on conveyor belt-------
---------baggage detected by sensor------------- 
Baggage weighs: 19.53 kg
baggage is on conveyor belt-------
---------baggage detected by sensor------------- 
Baggage weighs: 17.51 kg
baggage is on conveyor belt-------
---------baggage detected by sensor------------- 
Baggage weighs: 18.2 kg
baggage is on conveyor belt-------
---------baggage detected by sensor------------- 
Baggage weighs: 21.55 kg
baggage is on conveyor belt-------
---------baggage detected by sensor------------- 
Baggage weighs: 19.67 kg
baggage is on conveyor belt-------
---------baggage detected by sensor------------- 
Baggage weighs: 19.52 kg
baggage is on conveyor belt-------
---------baggage detected by sensor------------- 
Baggage weighs: 21.06 kg
baggage is on conveyor belt-------
---------baggage detected by sensor------------- 
Baggage weighs: 17.44 kg
baggage is on conveyor belt-------
---------baggage detected by sensor------------- 
Baggage weighs: 19.21 kg
baggage is on conveyor belt-------
---------baggage detected by sensor------------- 
Baggage weighs: 21.65 kg
baggage is on conveyor belt-------
---------baggage detected by sensor------------- 
Baggage weighs: 19.64 kg
baggage is on conveyor belt-------
---------baggage detected by sensor------------- 
Baggage weighs: 21.03 kg
baggage is on conveyor belt-------
---------baggage detected by sensor------------- 
Baggage weighs: 19.76 kg
baggage is on conveyor belt-------
---------baggage detected by sensor------------- 
Baggage weighs: 21.01 kg
baggage is on conveyor belt-------
---------baggage detected by sensor------------- 
Baggage weighs: 19.11 kg
baggage is on conveyor belt-------
---------baggage detected by sensor------------- 
Baggage weighs: 18.54 kg
baggage is on conveyor belt-------
---------baggage detected by sensor------------- 
Baggage weighs: 16.86 kg
baggage is on conveyor belt-------
---------baggage detected by sensor------------- 
Baggage weighs: 16.59 kg
baggage is on conveyor belt-------
---------baggage detected by sensor------------- 
Baggage weighs: 19.26 kg
baggage is on conveyor belt-------
---------baggage detected by sensor------------- 
Baggage weighs: 18.34 kg
baggage is on conveyor belt-------
---------baggage detected by sensor------------- 
Baggage weighs: 19.09 kg
baggage is on conveyor belt-------
---------baggage detected by sensor------------- 
Baggage weighs: 22.38 kg
baggage is on conveyor belt-------
---------baggage detected by sensor------------- 
Baggage weighs: 22.12 kg
baggage is on conveyor belt-------
---------baggage detected by sensor------------- 
Baggage weighs: 16.75 kg
baggage is on conveyor belt-------
---------baggage detected by sensor------------- 
Baggage weighs: 20.36 kg
baggage is on conveyor belt-------
---------baggage detected by sensor------------- 
Baggage weighs: 20.94 kg
baggage is on conveyor belt-------
---------baggage detected by sensor------------- 
Baggage weighs: 19.8 kg
baggage is on conveyor belt-------
---------baggage detected by sensor------------- 
Baggage weighs: 19.12 kg
baggage is on conveyor belt-------
---------baggage detected by sensor------------- 
Baggage weighs: 16.93 kg
baggage is on conveyor belt-------
---------baggage detected by sensor------------- 
Baggage weighs: 20.48 kg
baggage is on conveyor belt-------
---------baggage detected by sensor------------- 
Baggage weighs: 17.63 kg
baggage is on conveyor belt-------
---------baggage detected by sensor------------- 
Baggage weighs: 19.86 kg
baggage is on conveyor belt-------
---------baggage detected by sensor------------- 
Baggage weighs: 19.4 kg
baggage is on conveyor belt-------
---------baggage detected by sensor------------- 
Baggage weighs: 19.0 kg
baggage is on conveyor belt-------
---------baggage detected by sensor------------- 
Baggage weighs: 20.5 kg
Seat with ID: 29G has been reserved for you!

BOARDING PASS FOR LORENE REEVES
-----------------------------------------------------------------------------
LUFTHANSA                      ac653oi3w1d324j /  Lorene Reeves
Lorene Reeves                                     /  ac653oi3w1d324j
FRA   LH2121   E  30.Oct                       /  FRA
HKG                                            /  HKG
SEAT ID: 29G                                   /  LH2121 E 30.Oct
SEQ: 131                                      / GATE: A05   22:00
MAX 1  HANDLUGGAGE/ LUGGAGE
-----------------------------------------------------------------------------
sorry Lorene Reeves we have no voucher for you! Have a nice day!

---------------------------------------------------------------------------------------------------------------
scanning passport with passport id: 0Y9NCXYLP
searching for ticket in fast bag drop database..............
Ticket found for Darell Maxwell and Flight LH2121
----searching flight seat for Darell Maxwell---------
Found a seat with ID 29H
Below details were found in database
------------------------------------------
Name: Darell Maxwell
Flight ID: LH2121
Source: FRA
Destination: HKG
Gate No: A05
Boarding time: 22:00
Ticket ID: lm1yotduicqtco7
Booking Class: E
------------------------------------------

Proceed with check-in for flight LH2121 ?
Type YES to CHECK-IN or NO to cancel CHECK-IN
Darell Maxwell is deciding whether to check-in or to go back home and sleep............
YES CHECK-IN
Checking you in...............
baggage is on conveyor belt-------
---------baggage detected by sensor------------- 
Baggage weighs: 21.58 kg
baggage is on conveyor belt-------
---------baggage detected by sensor------------- 
Baggage weighs: 20.43 kg
baggage is on conveyor belt-------
---------baggage detected by sensor------------- 
Baggage weighs: 18.47 kg
baggage is on conveyor belt-------
---------baggage detected by sensor------------- 
Baggage weighs: 17.86 kg
baggage is on conveyor belt-------
---------baggage detected by sensor------------- 
Baggage weighs: 18.65 kg
baggage is on conveyor belt-------
---------baggage detected by sensor------------- 
Baggage weighs: 19.27 kg
baggage is on conveyor belt-------
---------baggage detected by sensor------------- 
Baggage weighs: 17.42 kg
baggage is on conveyor belt-------
---------baggage detected by sensor------------- 
Baggage weighs: 19.16 kg
baggage is on conveyor belt-------
---------baggage detected by sensor------------- 
Baggage weighs: 19.52 kg
baggage is on conveyor belt-------
---------baggage detected by sensor------------- 
Baggage weighs: 17.51 kg
baggage is on conveyor belt-------
---------baggage detected by sensor------------- 
Baggage weighs: 17.38 kg
baggage is on conveyor belt-------
---------baggage detected by sensor------------- 
Baggage weighs: 18.67 kg
baggage is on conveyor belt-------
---------baggage detected by sensor------------- 
Baggage weighs: 16.98 kg
baggage is on conveyor belt-------
---------baggage detected by sensor------------- 
Baggage weighs: 21.26 kg
baggage is on conveyor belt-------
---------baggage detected by sensor------------- 
Baggage weighs: 18.3 kg
baggage is on conveyor belt-------
---------baggage detected by sensor------------- 
Baggage weighs: 16.81 kg
baggage is on conveyor belt-------
---------baggage detected by sensor------------- 
Baggage weighs: 20.91 kg
baggage is on conveyor belt-------
---------baggage detected by sensor------------- 
Baggage weighs: 21.21 kg
baggage is on conveyor belt-------
---------baggage detected by sensor------------- 
Baggage weighs: 19.69 kg
baggage is on conveyor belt-------
---------baggage detected by sensor------------- 
Baggage weighs: 18.67 kg
baggage is on conveyor belt-------
---------baggage detected by sensor------------- 
Baggage weighs: 19.12 kg
baggage is on conveyor belt-------
---------baggage detected by sensor------------- 
Baggage weighs: 16.42 kg
baggage is on conveyor belt-------
---------baggage detected by sensor------------- 
Baggage weighs: 19.17 kg
baggage is on conveyor belt-------
---------baggage detected by sensor------------- 
Baggage weighs: 19.0 kg
baggage is on conveyor belt-------
---------baggage detected by sensor------------- 
Baggage weighs: 18.78 kg
baggage is on conveyor belt-------
---------baggage detected by sensor------------- 
Baggage weighs: 20.31 kg
baggage is on conveyor belt-------
---------baggage detected by sensor------------- 
Baggage weighs: 21.25 kg
baggage is on conveyor belt-------
---------baggage detected by sensor------------- 
Baggage weighs: 18.87 kg
baggage is on conveyor belt-------
---------baggage detected by sensor------------- 
Baggage weighs: 16.25 kg
baggage is on conveyor belt-------
---------baggage detected by sensor------------- 
Baggage weighs: 19.94 kg
baggage is on conveyor belt-------
---------baggage detected by sensor------------- 
Baggage weighs: 16.88 kg
baggage is on conveyor belt-------
---------baggage detected by sensor------------- 
Baggage weighs: 18.24 kg
baggage is on conveyor belt-------
---------baggage detected by sensor------------- 
Baggage weighs: 17.16 kg
baggage is on conveyor belt-------
---------baggage detected by sensor------------- 
Baggage weighs: 19.34 kg
baggage is on conveyor belt-------
---------baggage detected by sensor------------- 
Baggage weighs: 22.41 kg
baggage is on conveyor belt-------
---------baggage detected by sensor------------- 
Baggage weighs: 20.47 kg
baggage is on conveyor belt-------
---------baggage detected by sensor------------- 
Baggage weighs: 18.81 kg
baggage is on conveyor belt-------
---------baggage detected by sensor------------- 
Baggage weighs: 18.56 kg
baggage is on conveyor belt-------
---------baggage detected by sensor------------- 
Baggage weighs: 17.77 kg
baggage is on conveyor belt-------
---------baggage detected by sensor------------- 
Baggage weighs: 19.32 kg
baggage is on conveyor belt-------
---------baggage detected by sensor------------- 
Baggage weighs: 19.21 kg
baggage is on conveyor belt-------
---------baggage detected by sensor------------- 
Baggage weighs: 19.13 kg
baggage is on conveyor belt-------
---------baggage detected by sensor------------- 
Baggage weighs: 20.39 kg
baggage is on conveyor belt-------
---------baggage detected by sensor------------- 
Baggage weighs: 21.03 kg
baggage is on conveyor belt-------
---------baggage detected by sensor------------- 
Baggage weighs: 20.05 kg
baggage is on conveyor belt-------
---------baggage detected by sensor------------- 
Baggage weighs: 21.92 kg
baggage is on conveyor belt-------
---------baggage detected by sensor------------- 
Baggage weighs: 19.37 kg
baggage is on conveyor belt-------
---------baggage detected by sensor------------- 
Baggage weighs: 20.35 kg
baggage is on conveyor belt-------
---------baggage detected by sensor------------- 
Baggage weighs: 18.73 kg
baggage is on conveyor belt-------
---------baggage detected by sensor------------- 
Baggage weighs: 20.33 kg
baggage is on conveyor belt-------
---------baggage detected by sensor------------- 
Baggage weighs: 22.01 kg
baggage is on conveyor belt-------
---------baggage detected by sensor------------- 
Baggage weighs: 19.27 kg
baggage is on conveyor belt-------
---------baggage detected by sensor------------- 
Baggage weighs: 21.18 kg
baggage is on conveyor belt-------
---------baggage detected by sensor------------- 
Baggage weighs: 17.16 kg
baggage is on conveyor belt-------
---------baggage detected by sensor------------- 
Baggage weighs: 20.04 kg
baggage is on conveyor belt-------
---------baggage detected by sensor------------- 
Baggage weighs: 20.91 kg
baggage is on conveyor belt-------
---------baggage detected by sensor------------- 
Baggage weighs: 20.3 kg
baggage is on conveyor belt-------
---------baggage detected by sensor------------- 
Baggage weighs: 20.38 kg
baggage is on conveyor belt-------
---------baggage detected by sensor------------- 
Baggage weighs: 16.54 kg
baggage is on conveyor belt-------
---------baggage detected by sensor------------- 
Baggage weighs: 18.87 kg
baggage is on conveyor belt-------
---------baggage detected by sensor------------- 
Baggage weighs: 20.22 kg
baggage is on conveyor belt-------
---------baggage detected by sensor------------- 
Baggage weighs: 20.75 kg
baggage is on conveyor belt-------
---------baggage detected by sensor------------- 
Baggage weighs: 17.4 kg
baggage is on conveyor belt-------
---------baggage detected by sensor------------- 
Baggage weighs: 20.27 kg
baggage is on conveyor belt-------
---------baggage detected by sensor------------- 
Baggage weighs: 17.04 kg
baggage is on conveyor belt-------
---------baggage detected by sensor------------- 
Baggage weighs: 19.84 kg
baggage is on conveyor belt-------
---------baggage detected by sensor------------- 
Baggage weighs: 17.34 kg
baggage is on conveyor belt-------
---------baggage detected by sensor------------- 
Baggage weighs: 18.75 kg
baggage is on conveyor belt-------
---------baggage detected by sensor------------- 
Baggage weighs: 19.12 kg
baggage is on conveyor belt-------
---------baggage detected by sensor------------- 
Baggage weighs: 18.29 kg
baggage is on conveyor belt-------
---------baggage detected by sensor------------- 
Baggage weighs: 17.94 kg
baggage is on conveyor belt-------
---------baggage detected by sensor------------- 
Baggage weighs: 19.09 kg
baggage is on conveyor belt-------
---------baggage detected by sensor------------- 
Baggage weighs: 22.39 kg
baggage is on conveyor belt-------
---------baggage detected by sensor------------- 
Baggage weighs: 21.23 kg
baggage is on conveyor belt-------
---------baggage detected by sensor------------- 
Baggage weighs: 17.56 kg
baggage is on conveyor belt-------
---------baggage detected by sensor------------- 
Baggage weighs: 18.37 kg
baggage is on conveyor belt-------
---------baggage detected by sensor------------- 
Baggage weighs: 21.4 kg
baggage is on conveyor belt-------
---------baggage detected by sensor------------- 
Baggage weighs: 20.25 kg
baggage is on conveyor belt-------
---------baggage detected by sensor------------- 
Baggage weighs: 23.0 kg
baggage is on conveyor belt-------
---------baggage detected by sensor------------- 
Baggage weighs: 17.01 kg
baggage is on conveyor belt-------
---------baggage detected by sensor------------- 
Baggage weighs: 17.39 kg
baggage is on conveyor belt-------
---------baggage detected by sensor------------- 
Baggage weighs: 16.7 kg
baggage is on conveyor belt-------
---------baggage detected by sensor------------- 
Baggage weighs: 16.23 kg
baggage is on conveyor belt-------
---------baggage detected by sensor------------- 
Baggage weighs: 19.13 kg
baggage is on conveyor belt-------
---------baggage detected by sensor------------- 
Baggage weighs: 21.07 kg
baggage is on conveyor belt-------
---------baggage detected by sensor------------- 
Baggage weighs: 17.87 kg
baggage is on conveyor belt-------
---------baggage detected by sensor------------- 
Baggage weighs: 19.92 kg
baggage is on conveyor belt-------
---------baggage detected by sensor------------- 
Baggage weighs: 19.22 kg
baggage is on conveyor belt-------
---------baggage detected by sensor------------- 
Baggage weighs: 21.53 kg
baggage is on conveyor belt-------
---------baggage detected by sensor------------- 
Baggage weighs: 20.29 kg
baggage is on conveyor belt-------
---------baggage detected by sensor------------- 
Baggage weighs: 19.32 kg
baggage is on conveyor belt-------
---------baggage detected by sensor------------- 
Baggage weighs: 17.25 kg
baggage is on conveyor belt-------
---------baggage detected by sensor------------- 
Baggage weighs: 21.3 kg
baggage is on conveyor belt-------
---------baggage detected by sensor------------- 
Baggage weighs: 16.79 kg
baggage is on conveyor belt-------
---------baggage detected by sensor------------- 
Baggage weighs: 19.55 kg
baggage is on conveyor belt-------
---------baggage detected by sensor------------- 
Baggage weighs: 18.88 kg
baggage is on conveyor belt-------
---------baggage detected by sensor------------- 
Baggage weighs: 22.33 kg
baggage is on conveyor belt-------
---------baggage detected by sensor------------- 
Baggage weighs: 20.62 kg
baggage is on conveyor belt-------
---------baggage detected by sensor------------- 
Baggage weighs: 19.42 kg
baggage is on conveyor belt-------
---------baggage detected by sensor------------- 
Baggage weighs: 17.54 kg
baggage is on conveyor belt-------
---------baggage detected by sensor------------- 
Baggage weighs: 21.51 kg
baggage is on conveyor belt-------
---------baggage detected by sensor------------- 
Baggage weighs: 19.46 kg
baggage is on conveyor belt-------
---------baggage detected by sensor------------- 
Baggage weighs: 17.83 kg
baggage is on conveyor belt-------
---------baggage detected by sensor------------- 
Baggage weighs: 17.75 kg
baggage is on conveyor belt-------
---------baggage detected by sensor------------- 
Baggage weighs: 17.44 kg
baggage is on conveyor belt-------
---------baggage detected by sensor------------- 
Baggage weighs: 19.53 kg
baggage is on conveyor belt-------
---------baggage detected by sensor------------- 
Baggage weighs: 17.51 kg
baggage is on conveyor belt-------
---------baggage detected by sensor------------- 
Baggage weighs: 18.2 kg
baggage is on conveyor belt-------
---------baggage detected by sensor------------- 
Baggage weighs: 21.55 kg
baggage is on conveyor belt-------
---------baggage detected by sensor------------- 
Baggage weighs: 19.67 kg
baggage is on conveyor belt-------
---------baggage detected by sensor------------- 
Baggage weighs: 19.52 kg
baggage is on conveyor belt-------
---------baggage detected by sensor------------- 
Baggage weighs: 21.06 kg
baggage is on conveyor belt-------
---------baggage detected by sensor------------- 
Baggage weighs: 17.44 kg
baggage is on conveyor belt-------
---------baggage detected by sensor------------- 
Baggage weighs: 19.21 kg
baggage is on conveyor belt-------
---------baggage detected by sensor------------- 
Baggage weighs: 21.65 kg
baggage is on conveyor belt-------
---------baggage detected by sensor------------- 
Baggage weighs: 19.64 kg
baggage is on conveyor belt-------
---------baggage detected by sensor------------- 
Baggage weighs: 21.03 kg
baggage is on conveyor belt-------
---------baggage detected by sensor------------- 
Baggage weighs: 19.76 kg
baggage is on conveyor belt-------
---------baggage detected by sensor------------- 
Baggage weighs: 21.01 kg
baggage is on conveyor belt-------
---------baggage detected by sensor------------- 
Baggage weighs: 19.11 kg
baggage is on conveyor belt-------
---------baggage detected by sensor------------- 
Baggage weighs: 18.54 kg
baggage is on conveyor belt-------
---------baggage detected by sensor------------- 
Baggage weighs: 16.86 kg
baggage is on conveyor belt-------
---------baggage detected by sensor------------- 
Baggage weighs: 16.59 kg
baggage is on conveyor belt-------
---------baggage detected by sensor------------- 
Baggage weighs: 19.26 kg
baggage is on conveyor belt-------
---------baggage detected by sensor------------- 
Baggage weighs: 18.34 kg
baggage is on conveyor belt-------
---------baggage detected by sensor------------- 
Baggage weighs: 19.09 kg
baggage is on conveyor belt-------
---------baggage detected by sensor------------- 
Baggage weighs: 22.38 kg
baggage is on conveyor belt-------
---------baggage detected by sensor------------- 
Baggage weighs: 22.12 kg
baggage is on conveyor belt-------
---------baggage detected by sensor------------- 
Baggage weighs: 16.75 kg
baggage is on conveyor belt-------
---------baggage detected by sensor------------- 
Baggage weighs: 20.36 kg
baggage is on conveyor belt-------
---------baggage detected by sensor------------- 
Baggage weighs: 20.94 kg
baggage is on conveyor belt-------
---------baggage detected by sensor------------- 
Baggage weighs: 19.8 kg
baggage is on conveyor belt-------
---------baggage detected by sensor------------- 
Baggage weighs: 19.12 kg
baggage is on conveyor belt-------
---------baggage detected by sensor------------- 
Baggage weighs: 16.93 kg
baggage is on conveyor belt-------
---------baggage detected by sensor------------- 
Baggage weighs: 20.48 kg
baggage is on conveyor belt-------
---------baggage detected by sensor------------- 
Baggage weighs: 17.63 kg
baggage is on conveyor belt-------
---------baggage detected by sensor------------- 
Baggage weighs: 19.86 kg
baggage is on conveyor belt-------
---------baggage detected by sensor------------- 
Baggage weighs: 19.4 kg
baggage is on conveyor belt-------
---------baggage detected by sensor------------- 
Baggage weighs: 19.0 kg
baggage is on conveyor belt-------
---------baggage detected by sensor------------- 
Baggage weighs: 20.5 kg
baggage is on conveyor belt-------
---------baggage detected by sensor------------- 
Baggage weighs: 21.9 kg
Seat with ID: 29H has been reserved for you!

BOARDING PASS FOR DARELL MAXWELL
-----------------------------------------------------------------------------
LUFTHANSA                      lm1yotduicqtco7 /  Darell Maxwell
Darell Maxwell                                     /  lm1yotduicqtco7
FRA   LH2121   E  30.Oct                       /  FRA
HKG                                            /  HKG
SEAT ID: 29H                                   /  LH2121 E 30.Oct
SEQ: 132                                      / GATE: A05   22:00
MAX 1  HANDLUGGAGE/ LUGGAGE
-----------------------------------------------------------------------------
sorry Darell Maxwell we have no voucher for you! Have a nice day!

---------------------------------------------------------------------------------------------------------------
scanning passport with passport id: EB8VNG7B1
searching for ticket in fast bag drop database..............
Ticket found for Teri Daugherty and Flight LH2121
----searching flight seat for Teri Daugherty---------
Found a seat with ID 29J
Below details were found in database
------------------------------------------
Name: Teri Daugherty
Flight ID: LH2121
Source: FRA
Destination: HKG
Gate No: A05
Boarding time: 22:00
Ticket ID: oxjllt1nxo4y0hy
Booking Class: E
------------------------------------------

Proceed with check-in for flight LH2121 ?
Type YES to CHECK-IN or NO to cancel CHECK-IN
Teri Daugherty is deciding whether to check-in or to go back home and sleep............
YES CHECK-IN
Checking you in...............
baggage is on conveyor belt-------
---------baggage detected by sensor------------- 
Baggage weighs: 21.58 kg
baggage is on conveyor belt-------
---------baggage detected by sensor------------- 
Baggage weighs: 20.43 kg
baggage is on conveyor belt-------
---------baggage detected by sensor------------- 
Baggage weighs: 18.47 kg
baggage is on conveyor belt-------
---------baggage detected by sensor------------- 
Baggage weighs: 17.86 kg
baggage is on conveyor belt-------
---------baggage detected by sensor------------- 
Baggage weighs: 18.65 kg
baggage is on conveyor belt-------
---------baggage detected by sensor------------- 
Baggage weighs: 19.27 kg
baggage is on conveyor belt-------
---------baggage detected by sensor------------- 
Baggage weighs: 17.42 kg
baggage is on conveyor belt-------
---------baggage detected by sensor------------- 
Baggage weighs: 19.16 kg
baggage is on conveyor belt-------
---------baggage detected by sensor------------- 
Baggage weighs: 19.52 kg
baggage is on conveyor belt-------
---------baggage detected by sensor------------- 
Baggage weighs: 17.51 kg
baggage is on conveyor belt-------
---------baggage detected by sensor------------- 
Baggage weighs: 17.38 kg
baggage is on conveyor belt-------
---------baggage detected by sensor------------- 
Baggage weighs: 18.67 kg
baggage is on conveyor belt-------
---------baggage detected by sensor------------- 
Baggage weighs: 16.98 kg
baggage is on conveyor belt-------
---------baggage detected by sensor------------- 
Baggage weighs: 21.26 kg
baggage is on conveyor belt-------
---------baggage detected by sensor------------- 
Baggage weighs: 18.3 kg
baggage is on conveyor belt-------
---------baggage detected by sensor------------- 
Baggage weighs: 16.81 kg
baggage is on conveyor belt-------
---------baggage detected by sensor------------- 
Baggage weighs: 20.91 kg
baggage is on conveyor belt-------
---------baggage detected by sensor------------- 
Baggage weighs: 21.21 kg
baggage is on conveyor belt-------
---------baggage detected by sensor------------- 
Baggage weighs: 19.69 kg
baggage is on conveyor belt-------
---------baggage detected by sensor------------- 
Baggage weighs: 18.67 kg
baggage is on conveyor belt-------
---------baggage detected by sensor------------- 
Baggage weighs: 19.12 kg
baggage is on conveyor belt-------
---------baggage detected by sensor------------- 
Baggage weighs: 16.42 kg
baggage is on conveyor belt-------
---------baggage detected by sensor------------- 
Baggage weighs: 19.17 kg
baggage is on conveyor belt-------
---------baggage detected by sensor------------- 
Baggage weighs: 19.0 kg
baggage is on conveyor belt-------
---------baggage detected by sensor------------- 
Baggage weighs: 18.78 kg
baggage is on conveyor belt-------
---------baggage detected by sensor------------- 
Baggage weighs: 20.31 kg
baggage is on conveyor belt-------
---------baggage detected by sensor------------- 
Baggage weighs: 21.25 kg
baggage is on conveyor belt-------
---------baggage detected by sensor------------- 
Baggage weighs: 18.87 kg
baggage is on conveyor belt-------
---------baggage detected by sensor------------- 
Baggage weighs: 16.25 kg
baggage is on conveyor belt-------
---------baggage detected by sensor------------- 
Baggage weighs: 19.94 kg
baggage is on conveyor belt-------
---------baggage detected by sensor------------- 
Baggage weighs: 16.88 kg
baggage is on conveyor belt-------
---------baggage detected by sensor------------- 
Baggage weighs: 18.24 kg
baggage is on conveyor belt-------
---------baggage detected by sensor------------- 
Baggage weighs: 17.16 kg
baggage is on conveyor belt-------
---------baggage detected by sensor------------- 
Baggage weighs: 19.34 kg
baggage is on conveyor belt-------
---------baggage detected by sensor------------- 
Baggage weighs: 22.41 kg
baggage is on conveyor belt-------
---------baggage detected by sensor------------- 
Baggage weighs: 20.47 kg
baggage is on conveyor belt-------
---------baggage detected by sensor------------- 
Baggage weighs: 18.81 kg
baggage is on conveyor belt-------
---------baggage detected by sensor------------- 
Baggage weighs: 18.56 kg
baggage is on conveyor belt-------
---------baggage detected by sensor------------- 
Baggage weighs: 17.77 kg
baggage is on conveyor belt-------
---------baggage detected by sensor------------- 
Baggage weighs: 19.32 kg
baggage is on conveyor belt-------
---------baggage detected by sensor------------- 
Baggage weighs: 19.21 kg
baggage is on conveyor belt-------
---------baggage detected by sensor------------- 
Baggage weighs: 19.13 kg
baggage is on conveyor belt-------
---------baggage detected by sensor------------- 
Baggage weighs: 20.39 kg
baggage is on conveyor belt-------
---------baggage detected by sensor------------- 
Baggage weighs: 21.03 kg
baggage is on conveyor belt-------
---------baggage detected by sensor------------- 
Baggage weighs: 20.05 kg
baggage is on conveyor belt-------
---------baggage detected by sensor------------- 
Baggage weighs: 21.92 kg
baggage is on conveyor belt-------
---------baggage detected by sensor------------- 
Baggage weighs: 19.37 kg
baggage is on conveyor belt-------
---------baggage detected by sensor------------- 
Baggage weighs: 20.35 kg
baggage is on conveyor belt-------
---------baggage detected by sensor------------- 
Baggage weighs: 18.73 kg
baggage is on conveyor belt-------
---------baggage detected by sensor------------- 
Baggage weighs: 20.33 kg
baggage is on conveyor belt-------
---------baggage detected by sensor------------- 
Baggage weighs: 22.01 kg
baggage is on conveyor belt-------
---------baggage detected by sensor------------- 
Baggage weighs: 19.27 kg
baggage is on conveyor belt-------
---------baggage detected by sensor------------- 
Baggage weighs: 21.18 kg
baggage is on conveyor belt-------
---------baggage detected by sensor------------- 
Baggage weighs: 17.16 kg
baggage is on conveyor belt-------
---------baggage detected by sensor------------- 
Baggage weighs: 20.04 kg
baggage is on conveyor belt-------
---------baggage detected by sensor------------- 
Baggage weighs: 20.91 kg
baggage is on conveyor belt-------
---------baggage detected by sensor------------- 
Baggage weighs: 20.3 kg
baggage is on conveyor belt-------
---------baggage detected by sensor------------- 
Baggage weighs: 20.38 kg
baggage is on conveyor belt-------
---------baggage detected by sensor------------- 
Baggage weighs: 16.54 kg
baggage is on conveyor belt-------
---------baggage detected by sensor------------- 
Baggage weighs: 18.87 kg
baggage is on conveyor belt-------
---------baggage detected by sensor------------- 
Baggage weighs: 20.22 kg
baggage is on conveyor belt-------
---------baggage detected by sensor------------- 
Baggage weighs: 20.75 kg
baggage is on conveyor belt-------
---------baggage detected by sensor------------- 
Baggage weighs: 17.4 kg
baggage is on conveyor belt-------
---------baggage detected by sensor------------- 
Baggage weighs: 20.27 kg
baggage is on conveyor belt-------
---------baggage detected by sensor------------- 
Baggage weighs: 17.04 kg
baggage is on conveyor belt-------
---------baggage detected by sensor------------- 
Baggage weighs: 19.84 kg
baggage is on conveyor belt-------
---------baggage detected by sensor------------- 
Baggage weighs: 17.34 kg
baggage is on conveyor belt-------
---------baggage detected by sensor------------- 
Baggage weighs: 18.75 kg
baggage is on conveyor belt-------
---------baggage detected by sensor------------- 
Baggage weighs: 19.12 kg
baggage is on conveyor belt-------
---------baggage detected by sensor------------- 
Baggage weighs: 18.29 kg
baggage is on conveyor belt-------
---------baggage detected by sensor------------- 
Baggage weighs: 17.94 kg
baggage is on conveyor belt-------
---------baggage detected by sensor------------- 
Baggage weighs: 19.09 kg
baggage is on conveyor belt-------
---------baggage detected by sensor------------- 
Baggage weighs: 22.39 kg
baggage is on conveyor belt-------
---------baggage detected by sensor------------- 
Baggage weighs: 21.23 kg
baggage is on conveyor belt-------
---------baggage detected by sensor------------- 
Baggage weighs: 17.56 kg
baggage is on conveyor belt-------
---------baggage detected by sensor------------- 
Baggage weighs: 18.37 kg
baggage is on conveyor belt-------
---------baggage detected by sensor------------- 
Baggage weighs: 21.4 kg
baggage is on conveyor belt-------
---------baggage detected by sensor------------- 
Baggage weighs: 20.25 kg
baggage is on conveyor belt-------
---------baggage detected by sensor------------- 
Baggage weighs: 23.0 kg
baggage is on conveyor belt-------
---------baggage detected by sensor------------- 
Baggage weighs: 17.01 kg
baggage is on conveyor belt-------
---------baggage detected by sensor------------- 
Baggage weighs: 17.39 kg
baggage is on conveyor belt-------
---------baggage detected by sensor------------- 
Baggage weighs: 16.7 kg
baggage is on conveyor belt-------
---------baggage detected by sensor------------- 
Baggage weighs: 16.23 kg
baggage is on conveyor belt-------
---------baggage detected by sensor------------- 
Baggage weighs: 19.13 kg
baggage is on conveyor belt-------
---------baggage detected by sensor------------- 
Baggage weighs: 21.07 kg
baggage is on conveyor belt-------
---------baggage detected by sensor------------- 
Baggage weighs: 17.87 kg
baggage is on conveyor belt-------
---------baggage detected by sensor------------- 
Baggage weighs: 19.92 kg
baggage is on conveyor belt-------
---------baggage detected by sensor------------- 
Baggage weighs: 19.22 kg
baggage is on conveyor belt-------
---------baggage detected by sensor------------- 
Baggage weighs: 21.53 kg
baggage is on conveyor belt-------
---------baggage detected by sensor------------- 
Baggage weighs: 20.29 kg
baggage is on conveyor belt-------
---------baggage detected by sensor------------- 
Baggage weighs: 19.32 kg
baggage is on conveyor belt-------
---------baggage detected by sensor------------- 
Baggage weighs: 17.25 kg
baggage is on conveyor belt-------
---------baggage detected by sensor------------- 
Baggage weighs: 21.3 kg
baggage is on conveyor belt-------
---------baggage detected by sensor------------- 
Baggage weighs: 16.79 kg
baggage is on conveyor belt-------
---------baggage detected by sensor------------- 
Baggage weighs: 19.55 kg
baggage is on conveyor belt-------
---------baggage detected by sensor------------- 
Baggage weighs: 18.88 kg
baggage is on conveyor belt-------
---------baggage detected by sensor------------- 
Baggage weighs: 22.33 kg
baggage is on conveyor belt-------
---------baggage detected by sensor------------- 
Baggage weighs: 20.62 kg
baggage is on conveyor belt-------
---------baggage detected by sensor------------- 
Baggage weighs: 19.42 kg
baggage is on conveyor belt-------
---------baggage detected by sensor------------- 
Baggage weighs: 17.54 kg
baggage is on conveyor belt-------
---------baggage detected by sensor------------- 
Baggage weighs: 21.51 kg
baggage is on conveyor belt-------
---------baggage detected by sensor------------- 
Baggage weighs: 19.46 kg
baggage is on conveyor belt-------
---------baggage detected by sensor------------- 
Baggage weighs: 17.83 kg
baggage is on conveyor belt-------
---------baggage detected by sensor------------- 
Baggage weighs: 17.75 kg
baggage is on conveyor belt-------
---------baggage detected by sensor------------- 
Baggage weighs: 17.44 kg
baggage is on conveyor belt-------
---------baggage detected by sensor------------- 
Baggage weighs: 19.53 kg
baggage is on conveyor belt-------
---------baggage detected by sensor------------- 
Baggage weighs: 17.51 kg
baggage is on conveyor belt-------
---------baggage detected by sensor------------- 
Baggage weighs: 18.2 kg
baggage is on conveyor belt-------
---------baggage detected by sensor------------- 
Baggage weighs: 21.55 kg
baggage is on conveyor belt-------
---------baggage detected by sensor------------- 
Baggage weighs: 19.67 kg
baggage is on conveyor belt-------
---------baggage detected by sensor------------- 
Baggage weighs: 19.52 kg
baggage is on conveyor belt-------
---------baggage detected by sensor------------- 
Baggage weighs: 21.06 kg
baggage is on conveyor belt-------
---------baggage detected by sensor------------- 
Baggage weighs: 17.44 kg
baggage is on conveyor belt-------
---------baggage detected by sensor------------- 
Baggage weighs: 19.21 kg
baggage is on conveyor belt-------
---------baggage detected by sensor------------- 
Baggage weighs: 21.65 kg
baggage is on conveyor belt-------
---------baggage detected by sensor------------- 
Baggage weighs: 19.64 kg
baggage is on conveyor belt-------
---------baggage detected by sensor------------- 
Baggage weighs: 21.03 kg
baggage is on conveyor belt-------
---------baggage detected by sensor------------- 
Baggage weighs: 19.76 kg
baggage is on conveyor belt-------
---------baggage detected by sensor------------- 
Baggage weighs: 21.01 kg
baggage is on conveyor belt-------
---------baggage detected by sensor------------- 
Baggage weighs: 19.11 kg
baggage is on conveyor belt-------
---------baggage detected by sensor------------- 
Baggage weighs: 18.54 kg
baggage is on conveyor belt-------
---------baggage detected by sensor------------- 
Baggage weighs: 16.86 kg
baggage is on conveyor belt-------
---------baggage detected by sensor------------- 
Baggage weighs: 16.59 kg
baggage is on conveyor belt-------
---------baggage detected by sensor------------- 
Baggage weighs: 19.26 kg
baggage is on conveyor belt-------
---------baggage detected by sensor------------- 
Baggage weighs: 18.34 kg
baggage is on conveyor belt-------
---------baggage detected by sensor------------- 
Baggage weighs: 19.09 kg
baggage is on conveyor belt-------
---------baggage detected by sensor------------- 
Baggage weighs: 22.38 kg
baggage is on conveyor belt-------
---------baggage detected by sensor------------- 
Baggage weighs: 22.12 kg
baggage is on conveyor belt-------
---------baggage detected by sensor------------- 
Baggage weighs: 16.75 kg
baggage is on conveyor belt-------
---------baggage detected by sensor------------- 
Baggage weighs: 20.36 kg
baggage is on conveyor belt-------
---------baggage detected by sensor------------- 
Baggage weighs: 20.94 kg
baggage is on conveyor belt-------
---------baggage detected by sensor------------- 
Baggage weighs: 19.8 kg
baggage is on conveyor belt-------
---------baggage detected by sensor------------- 
Baggage weighs: 19.12 kg
baggage is on conveyor belt-------
---------baggage detected by sensor------------- 
Baggage weighs: 16.93 kg
baggage is on conveyor belt-------
---------baggage detected by sensor------------- 
Baggage weighs: 20.48 kg
baggage is on conveyor belt-------
---------baggage detected by sensor------------- 
Baggage weighs: 17.63 kg
baggage is on conveyor belt-------
---------baggage detected by sensor------------- 
Baggage weighs: 19.86 kg
baggage is on conveyor belt-------
---------baggage detected by sensor------------- 
Baggage weighs: 19.4 kg
baggage is on conveyor belt-------
---------baggage detected by sensor------------- 
Baggage weighs: 19.0 kg
baggage is on conveyor belt-------
---------baggage detected by sensor------------- 
Baggage weighs: 20.5 kg
baggage is on conveyor belt-------
---------baggage detected by sensor------------- 
Baggage weighs: 21.9 kg
baggage is on conveyor belt-------
---------baggage detected by sensor------------- 
Baggage weighs: 19.82 kg
Seat with ID: 29J has been reserved for you!

BOARDING PASS FOR TERI DAUGHERTY
-----------------------------------------------------------------------------
LUFTHANSA                      oxjllt1nxo4y0hy /  Teri Daugherty
Teri Daugherty                                     /  oxjllt1nxo4y0hy
FRA   LH2121   E  30.Oct                       /  FRA
HKG                                            /  HKG
SEAT ID: 29J                                   /  LH2121 E 30.Oct
SEQ: 133                                      / GATE: A05   22:00
MAX 1  HANDLUGGAGE/ LUGGAGE
-----------------------------------------------------------------------------
sorry Teri Daugherty we have no voucher for you! Have a nice day!

---------------------------------------------------------------------------------------------------------------
scanning passport with passport id: TP0ZIBFAL
searching for ticket in fast bag drop database..............
Ticket found for Ida Benson and Flight LH2121
----searching flight seat for Ida Benson---------
Found a seat with ID 29K
Below details were found in database
------------------------------------------
Name: Ida Benson
Flight ID: LH2121
Source: FRA
Destination: HKG
Gate No: A05
Boarding time: 22:00
Ticket ID: znew12eki3e5xbp
Booking Class: E
------------------------------------------

Proceed with check-in for flight LH2121 ?
Type YES to CHECK-IN or NO to cancel CHECK-IN
Ida Benson is deciding whether to check-in or to go back home and sleep............
YES CHECK-IN
Checking you in...............
baggage is on conveyor belt-------
---------baggage detected by sensor------------- 
Baggage weighs: 21.58 kg
baggage is on conveyor belt-------
---------baggage detected by sensor------------- 
Baggage weighs: 20.43 kg
baggage is on conveyor belt-------
---------baggage detected by sensor------------- 
Baggage weighs: 18.47 kg
baggage is on conveyor belt-------
---------baggage detected by sensor------------- 
Baggage weighs: 17.86 kg
baggage is on conveyor belt-------
---------baggage detected by sensor------------- 
Baggage weighs: 18.65 kg
baggage is on conveyor belt-------
---------baggage detected by sensor------------- 
Baggage weighs: 19.27 kg
baggage is on conveyor belt-------
---------baggage detected by sensor------------- 
Baggage weighs: 17.42 kg
baggage is on conveyor belt-------
---------baggage detected by sensor------------- 
Baggage weighs: 19.16 kg
baggage is on conveyor belt-------
---------baggage detected by sensor------------- 
Baggage weighs: 19.52 kg
baggage is on conveyor belt-------
---------baggage detected by sensor------------- 
Baggage weighs: 17.51 kg
baggage is on conveyor belt-------
---------baggage detected by sensor------------- 
Baggage weighs: 17.38 kg
baggage is on conveyor belt-------
---------baggage detected by sensor------------- 
Baggage weighs: 18.67 kg
baggage is on conveyor belt-------
---------baggage detected by sensor------------- 
Baggage weighs: 16.98 kg
baggage is on conveyor belt-------
---------baggage detected by sensor------------- 
Baggage weighs: 21.26 kg
baggage is on conveyor belt-------
---------baggage detected by sensor------------- 
Baggage weighs: 18.3 kg
baggage is on conveyor belt-------
---------baggage detected by sensor------------- 
Baggage weighs: 16.81 kg
baggage is on conveyor belt-------
---------baggage detected by sensor------------- 
Baggage weighs: 20.91 kg
baggage is on conveyor belt-------
---------baggage detected by sensor------------- 
Baggage weighs: 21.21 kg
baggage is on conveyor belt-------
---------baggage detected by sensor------------- 
Baggage weighs: 19.69 kg
baggage is on conveyor belt-------
---------baggage detected by sensor------------- 
Baggage weighs: 18.67 kg
baggage is on conveyor belt-------
---------baggage detected by sensor------------- 
Baggage weighs: 19.12 kg
baggage is on conveyor belt-------
---------baggage detected by sensor------------- 
Baggage weighs: 16.42 kg
baggage is on conveyor belt-------
---------baggage detected by sensor------------- 
Baggage weighs: 19.17 kg
baggage is on conveyor belt-------
---------baggage detected by sensor------------- 
Baggage weighs: 19.0 kg
baggage is on conveyor belt-------
---------baggage detected by sensor------------- 
Baggage weighs: 18.78 kg
baggage is on conveyor belt-------
---------baggage detected by sensor------------- 
Baggage weighs: 20.31 kg
baggage is on conveyor belt-------
---------baggage detected by sensor------------- 
Baggage weighs: 21.25 kg
baggage is on conveyor belt-------
---------baggage detected by sensor------------- 
Baggage weighs: 18.87 kg
baggage is on conveyor belt-------
---------baggage detected by sensor------------- 
Baggage weighs: 16.25 kg
baggage is on conveyor belt-------
---------baggage detected by sensor------------- 
Baggage weighs: 19.94 kg
baggage is on conveyor belt-------
---------baggage detected by sensor------------- 
Baggage weighs: 16.88 kg
baggage is on conveyor belt-------
---------baggage detected by sensor------------- 
Baggage weighs: 18.24 kg
baggage is on conveyor belt-------
---------baggage detected by sensor------------- 
Baggage weighs: 17.16 kg
baggage is on conveyor belt-------
---------baggage detected by sensor------------- 
Baggage weighs: 19.34 kg
baggage is on conveyor belt-------
---------baggage detected by sensor------------- 
Baggage weighs: 22.41 kg
baggage is on conveyor belt-------
---------baggage detected by sensor------------- 
Baggage weighs: 20.47 kg
baggage is on conveyor belt-------
---------baggage detected by sensor------------- 
Baggage weighs: 18.81 kg
baggage is on conveyor belt-------
---------baggage detected by sensor------------- 
Baggage weighs: 18.56 kg
baggage is on conveyor belt-------
---------baggage detected by sensor------------- 
Baggage weighs: 17.77 kg
baggage is on conveyor belt-------
---------baggage detected by sensor------------- 
Baggage weighs: 19.32 kg
baggage is on conveyor belt-------
---------baggage detected by sensor------------- 
Baggage weighs: 19.21 kg
baggage is on conveyor belt-------
---------baggage detected by sensor------------- 
Baggage weighs: 19.13 kg
baggage is on conveyor belt-------
---------baggage detected by sensor------------- 
Baggage weighs: 20.39 kg
baggage is on conveyor belt-------
---------baggage detected by sensor------------- 
Baggage weighs: 21.03 kg
baggage is on conveyor belt-------
---------baggage detected by sensor------------- 
Baggage weighs: 20.05 kg
baggage is on conveyor belt-------
---------baggage detected by sensor------------- 
Baggage weighs: 21.92 kg
baggage is on conveyor belt-------
---------baggage detected by sensor------------- 
Baggage weighs: 19.37 kg
baggage is on conveyor belt-------
---------baggage detected by sensor------------- 
Baggage weighs: 20.35 kg
baggage is on conveyor belt-------
---------baggage detected by sensor------------- 
Baggage weighs: 18.73 kg
baggage is on conveyor belt-------
---------baggage detected by sensor------------- 
Baggage weighs: 20.33 kg
baggage is on conveyor belt-------
---------baggage detected by sensor------------- 
Baggage weighs: 22.01 kg
baggage is on conveyor belt-------
---------baggage detected by sensor------------- 
Baggage weighs: 19.27 kg
baggage is on conveyor belt-------
---------baggage detected by sensor------------- 
Baggage weighs: 21.18 kg
baggage is on conveyor belt-------
---------baggage detected by sensor------------- 
Baggage weighs: 17.16 kg
baggage is on conveyor belt-------
---------baggage detected by sensor------------- 
Baggage weighs: 20.04 kg
baggage is on conveyor belt-------
---------baggage detected by sensor------------- 
Baggage weighs: 20.91 kg
baggage is on conveyor belt-------
---------baggage detected by sensor------------- 
Baggage weighs: 20.3 kg
baggage is on conveyor belt-------
---------baggage detected by sensor------------- 
Baggage weighs: 20.38 kg
baggage is on conveyor belt-------
---------baggage detected by sensor------------- 
Baggage weighs: 16.54 kg
baggage is on conveyor belt-------
---------baggage detected by sensor------------- 
Baggage weighs: 18.87 kg
baggage is on conveyor belt-------
---------baggage detected by sensor------------- 
Baggage weighs: 20.22 kg
baggage is on conveyor belt-------
---------baggage detected by sensor------------- 
Baggage weighs: 20.75 kg
baggage is on conveyor belt-------
---------baggage detected by sensor------------- 
Baggage weighs: 17.4 kg
baggage is on conveyor belt-------
---------baggage detected by sensor------------- 
Baggage weighs: 20.27 kg
baggage is on conveyor belt-------
---------baggage detected by sensor------------- 
Baggage weighs: 17.04 kg
baggage is on conveyor belt-------
---------baggage detected by sensor------------- 
Baggage weighs: 19.84 kg
baggage is on conveyor belt-------
---------baggage detected by sensor------------- 
Baggage weighs: 17.34 kg
baggage is on conveyor belt-------
---------baggage detected by sensor------------- 
Baggage weighs: 18.75 kg
baggage is on conveyor belt-------
---------baggage detected by sensor------------- 
Baggage weighs: 19.12 kg
baggage is on conveyor belt-------
---------baggage detected by sensor------------- 
Baggage weighs: 18.29 kg
baggage is on conveyor belt-------
---------baggage detected by sensor------------- 
Baggage weighs: 17.94 kg
baggage is on conveyor belt-------
---------baggage detected by sensor------------- 
Baggage weighs: 19.09 kg
baggage is on conveyor belt-------
---------baggage detected by sensor------------- 
Baggage weighs: 22.39 kg
baggage is on conveyor belt-------
---------baggage detected by sensor------------- 
Baggage weighs: 21.23 kg
baggage is on conveyor belt-------
---------baggage detected by sensor------------- 
Baggage weighs: 17.56 kg
baggage is on conveyor belt-------
---------baggage detected by sensor------------- 
Baggage weighs: 18.37 kg
baggage is on conveyor belt-------
---------baggage detected by sensor------------- 
Baggage weighs: 21.4 kg
baggage is on conveyor belt-------
---------baggage detected by sensor------------- 
Baggage weighs: 20.25 kg
baggage is on conveyor belt-------
---------baggage detected by sensor------------- 
Baggage weighs: 23.0 kg
baggage is on conveyor belt-------
---------baggage detected by sensor------------- 
Baggage weighs: 17.01 kg
baggage is on conveyor belt-------
---------baggage detected by sensor------------- 
Baggage weighs: 17.39 kg
baggage is on conveyor belt-------
---------baggage detected by sensor------------- 
Baggage weighs: 16.7 kg
baggage is on conveyor belt-------
---------baggage detected by sensor------------- 
Baggage weighs: 16.23 kg
baggage is on conveyor belt-------
---------baggage detected by sensor------------- 
Baggage weighs: 19.13 kg
baggage is on conveyor belt-------
---------baggage detected by sensor------------- 
Baggage weighs: 21.07 kg
baggage is on conveyor belt-------
---------baggage detected by sensor------------- 
Baggage weighs: 17.87 kg
baggage is on conveyor belt-------
---------baggage detected by sensor------------- 
Baggage weighs: 19.92 kg
baggage is on conveyor belt-------
---------baggage detected by sensor------------- 
Baggage weighs: 19.22 kg
baggage is on conveyor belt-------
---------baggage detected by sensor------------- 
Baggage weighs: 21.53 kg
baggage is on conveyor belt-------
---------baggage detected by sensor------------- 
Baggage weighs: 20.29 kg
baggage is on conveyor belt-------
---------baggage detected by sensor------------- 
Baggage weighs: 19.32 kg
baggage is on conveyor belt-------
---------baggage detected by sensor------------- 
Baggage weighs: 17.25 kg
baggage is on conveyor belt-------
---------baggage detected by sensor------------- 
Baggage weighs: 21.3 kg
baggage is on conveyor belt-------
---------baggage detected by sensor------------- 
Baggage weighs: 16.79 kg
baggage is on conveyor belt-------
---------baggage detected by sensor------------- 
Baggage weighs: 19.55 kg
baggage is on conveyor belt-------
---------baggage detected by sensor------------- 
Baggage weighs: 18.88 kg
baggage is on conveyor belt-------
---------baggage detected by sensor------------- 
Baggage weighs: 22.33 kg
baggage is on conveyor belt-------
---------baggage detected by sensor------------- 
Baggage weighs: 20.62 kg
baggage is on conveyor belt-------
---------baggage detected by sensor------------- 
Baggage weighs: 19.42 kg
baggage is on conveyor belt-------
---------baggage detected by sensor------------- 
Baggage weighs: 17.54 kg
baggage is on conveyor belt-------
---------baggage detected by sensor------------- 
Baggage weighs: 21.51 kg
baggage is on conveyor belt-------
---------baggage detected by sensor------------- 
Baggage weighs: 19.46 kg
baggage is on conveyor belt-------
---------baggage detected by sensor------------- 
Baggage weighs: 17.83 kg
baggage is on conveyor belt-------
---------baggage detected by sensor------------- 
Baggage weighs: 17.75 kg
baggage is on conveyor belt-------
---------baggage detected by sensor------------- 
Baggage weighs: 17.44 kg
baggage is on conveyor belt-------
---------baggage detected by sensor------------- 
Baggage weighs: 19.53 kg
baggage is on conveyor belt-------
---------baggage detected by sensor------------- 
Baggage weighs: 17.51 kg
baggage is on conveyor belt-------
---------baggage detected by sensor------------- 
Baggage weighs: 18.2 kg
baggage is on conveyor belt-------
---------baggage detected by sensor------------- 
Baggage weighs: 21.55 kg
baggage is on conveyor belt-------
---------baggage detected by sensor------------- 
Baggage weighs: 19.67 kg
baggage is on conveyor belt-------
---------baggage detected by sensor------------- 
Baggage weighs: 19.52 kg
baggage is on conveyor belt-------
---------baggage detected by sensor------------- 
Baggage weighs: 21.06 kg
baggage is on conveyor belt-------
---------baggage detected by sensor------------- 
Baggage weighs: 17.44 kg
baggage is on conveyor belt-------
---------baggage detected by sensor------------- 
Baggage weighs: 19.21 kg
baggage is on conveyor belt-------
---------baggage detected by sensor------------- 
Baggage weighs: 21.65 kg
baggage is on conveyor belt-------
---------baggage detected by sensor------------- 
Baggage weighs: 19.64 kg
baggage is on conveyor belt-------
---------baggage detected by sensor------------- 
Baggage weighs: 21.03 kg
baggage is on conveyor belt-------
---------baggage detected by sensor------------- 
Baggage weighs: 19.76 kg
baggage is on conveyor belt-------
---------baggage detected by sensor------------- 
Baggage weighs: 21.01 kg
baggage is on conveyor belt-------
---------baggage detected by sensor------------- 
Baggage weighs: 19.11 kg
baggage is on conveyor belt-------
---------baggage detected by sensor------------- 
Baggage weighs: 18.54 kg
baggage is on conveyor belt-------
---------baggage detected by sensor------------- 
Baggage weighs: 16.86 kg
baggage is on conveyor belt-------
---------baggage detected by sensor------------- 
Baggage weighs: 16.59 kg
baggage is on conveyor belt-------
---------baggage detected by sensor------------- 
Baggage weighs: 19.26 kg
baggage is on conveyor belt-------
---------baggage detected by sensor------------- 
Baggage weighs: 18.34 kg
baggage is on conveyor belt-------
---------baggage detected by sensor------------- 
Baggage weighs: 19.09 kg
baggage is on conveyor belt-------
---------baggage detected by sensor------------- 
Baggage weighs: 22.38 kg
baggage is on conveyor belt-------
---------baggage detected by sensor------------- 
Baggage weighs: 22.12 kg
baggage is on conveyor belt-------
---------baggage detected by sensor------------- 
Baggage weighs: 16.75 kg
baggage is on conveyor belt-------
---------baggage detected by sensor------------- 
Baggage weighs: 20.36 kg
baggage is on conveyor belt-------
---------baggage detected by sensor------------- 
Baggage weighs: 20.94 kg
baggage is on conveyor belt-------
---------baggage detected by sensor------------- 
Baggage weighs: 19.8 kg
baggage is on conveyor belt-------
---------baggage detected by sensor------------- 
Baggage weighs: 19.12 kg
baggage is on conveyor belt-------
---------baggage detected by sensor------------- 
Baggage weighs: 16.93 kg
baggage is on conveyor belt-------
---------baggage detected by sensor------------- 
Baggage weighs: 20.48 kg
baggage is on conveyor belt-------
---------baggage detected by sensor------------- 
Baggage weighs: 17.63 kg
baggage is on conveyor belt-------
---------baggage detected by sensor------------- 
Baggage weighs: 19.86 kg
baggage is on conveyor belt-------
---------baggage detected by sensor------------- 
Baggage weighs: 19.4 kg
baggage is on conveyor belt-------
---------baggage detected by sensor------------- 
Baggage weighs: 19.0 kg
baggage is on conveyor belt-------
---------baggage detected by sensor------------- 
Baggage weighs: 20.5 kg
baggage is on conveyor belt-------
---------baggage detected by sensor------------- 
Baggage weighs: 21.9 kg
baggage is on conveyor belt-------
---------baggage detected by sensor------------- 
Baggage weighs: 19.82 kg
baggage is on conveyor belt-------
---------baggage detected by sensor------------- 
Baggage weighs: 18.98 kg
Seat with ID: 29K has been reserved for you!

BOARDING PASS FOR IDA BENSON
-----------------------------------------------------------------------------
LUFTHANSA                      znew12eki3e5xbp /  Ida Benson
Ida Benson                                     /  znew12eki3e5xbp
FRA   LH2121   E  30.Oct                       /  FRA
HKG                                            /  HKG
SEAT ID: 29K                                   /  LH2121 E 30.Oct
SEQ: 134                                      / GATE: A05   22:00
MAX 1  HANDLUGGAGE/ LUGGAGE
-----------------------------------------------------------------------------
sorry Ida Benson we have no voucher for you! Have a nice day!

---------------------------------------------------------------------------------------------------------------
scanning passport with passport id: IG9G6MWI8
searching for ticket in fast bag drop database..............
Ticket found for Wilmer Short and Flight LH2121
----searching flight seat for Wilmer Short---------
Found a seat with ID 30A
Below details were found in database
------------------------------------------
Name: Wilmer Short
Flight ID: LH2121
Source: FRA
Destination: HKG
Gate No: A05
Boarding time: 22:00
Ticket ID: zxsjdfj1uuyz97f
Booking Class: E
------------------------------------------

Proceed with check-in for flight LH2121 ?
Type YES to CHECK-IN or NO to cancel CHECK-IN
Wilmer Short is deciding whether to check-in or to go back home and sleep............
YES CHECK-IN
Checking you in...............
baggage is on conveyor belt-------
---------baggage detected by sensor------------- 
Baggage weighs: 21.58 kg
baggage is on conveyor belt-------
---------baggage detected by sensor------------- 
Baggage weighs: 20.43 kg
baggage is on conveyor belt-------
---------baggage detected by sensor------------- 
Baggage weighs: 18.47 kg
baggage is on conveyor belt-------
---------baggage detected by sensor------------- 
Baggage weighs: 17.86 kg
baggage is on conveyor belt-------
---------baggage detected by sensor------------- 
Baggage weighs: 18.65 kg
baggage is on conveyor belt-------
---------baggage detected by sensor------------- 
Baggage weighs: 19.27 kg
baggage is on conveyor belt-------
---------baggage detected by sensor------------- 
Baggage weighs: 17.42 kg
baggage is on conveyor belt-------
---------baggage detected by sensor------------- 
Baggage weighs: 19.16 kg
baggage is on conveyor belt-------
---------baggage detected by sensor------------- 
Baggage weighs: 19.52 kg
baggage is on conveyor belt-------
---------baggage detected by sensor------------- 
Baggage weighs: 17.51 kg
baggage is on conveyor belt-------
---------baggage detected by sensor------------- 
Baggage weighs: 17.38 kg
baggage is on conveyor belt-------
---------baggage detected by sensor------------- 
Baggage weighs: 18.67 kg
baggage is on conveyor belt-------
---------baggage detected by sensor------------- 
Baggage weighs: 16.98 kg
baggage is on conveyor belt-------
---------baggage detected by sensor------------- 
Baggage weighs: 21.26 kg
baggage is on conveyor belt-------
---------baggage detected by sensor------------- 
Baggage weighs: 18.3 kg
baggage is on conveyor belt-------
---------baggage detected by sensor------------- 
Baggage weighs: 16.81 kg
baggage is on conveyor belt-------
---------baggage detected by sensor------------- 
Baggage weighs: 20.91 kg
baggage is on conveyor belt-------
---------baggage detected by sensor------------- 
Baggage weighs: 21.21 kg
baggage is on conveyor belt-------
---------baggage detected by sensor------------- 
Baggage weighs: 19.69 kg
baggage is on conveyor belt-------
---------baggage detected by sensor------------- 
Baggage weighs: 18.67 kg
baggage is on conveyor belt-------
---------baggage detected by sensor------------- 
Baggage weighs: 19.12 kg
baggage is on conveyor belt-------
---------baggage detected by sensor------------- 
Baggage weighs: 16.42 kg
baggage is on conveyor belt-------
---------baggage detected by sensor------------- 
Baggage weighs: 19.17 kg
baggage is on conveyor belt-------
---------baggage detected by sensor------------- 
Baggage weighs: 19.0 kg
baggage is on conveyor belt-------
---------baggage detected by sensor------------- 
Baggage weighs: 18.78 kg
baggage is on conveyor belt-------
---------baggage detected by sensor------------- 
Baggage weighs: 20.31 kg
baggage is on conveyor belt-------
---------baggage detected by sensor------------- 
Baggage weighs: 21.25 kg
baggage is on conveyor belt-------
---------baggage detected by sensor------------- 
Baggage weighs: 18.87 kg
baggage is on conveyor belt-------
---------baggage detected by sensor------------- 
Baggage weighs: 16.25 kg
baggage is on conveyor belt-------
---------baggage detected by sensor------------- 
Baggage weighs: 19.94 kg
baggage is on conveyor belt-------
---------baggage detected by sensor------------- 
Baggage weighs: 16.88 kg
baggage is on conveyor belt-------
---------baggage detected by sensor------------- 
Baggage weighs: 18.24 kg
baggage is on conveyor belt-------
---------baggage detected by sensor------------- 
Baggage weighs: 17.16 kg
baggage is on conveyor belt-------
---------baggage detected by sensor------------- 
Baggage weighs: 19.34 kg
baggage is on conveyor belt-------
---------baggage detected by sensor------------- 
Baggage weighs: 22.41 kg
baggage is on conveyor belt-------
---------baggage detected by sensor------------- 
Baggage weighs: 20.47 kg
baggage is on conveyor belt-------
---------baggage detected by sensor------------- 
Baggage weighs: 18.81 kg
baggage is on conveyor belt-------
---------baggage detected by sensor------------- 
Baggage weighs: 18.56 kg
baggage is on conveyor belt-------
---------baggage detected by sensor------------- 
Baggage weighs: 17.77 kg
baggage is on conveyor belt-------
---------baggage detected by sensor------------- 
Baggage weighs: 19.32 kg
baggage is on conveyor belt-------
---------baggage detected by sensor------------- 
Baggage weighs: 19.21 kg
baggage is on conveyor belt-------
---------baggage detected by sensor------------- 
Baggage weighs: 19.13 kg
baggage is on conveyor belt-------
---------baggage detected by sensor------------- 
Baggage weighs: 20.39 kg
baggage is on conveyor belt-------
---------baggage detected by sensor------------- 
Baggage weighs: 21.03 kg
baggage is on conveyor belt-------
---------baggage detected by sensor------------- 
Baggage weighs: 20.05 kg
baggage is on conveyor belt-------
---------baggage detected by sensor------------- 
Baggage weighs: 21.92 kg
baggage is on conveyor belt-------
---------baggage detected by sensor------------- 
Baggage weighs: 19.37 kg
baggage is on conveyor belt-------
---------baggage detected by sensor------------- 
Baggage weighs: 20.35 kg
baggage is on conveyor belt-------
---------baggage detected by sensor------------- 
Baggage weighs: 18.73 kg
baggage is on conveyor belt-------
---------baggage detected by sensor------------- 
Baggage weighs: 20.33 kg
baggage is on conveyor belt-------
---------baggage detected by sensor------------- 
Baggage weighs: 22.01 kg
baggage is on conveyor belt-------
---------baggage detected by sensor------------- 
Baggage weighs: 19.27 kg
baggage is on conveyor belt-------
---------baggage detected by sensor------------- 
Baggage weighs: 21.18 kg
baggage is on conveyor belt-------
---------baggage detected by sensor------------- 
Baggage weighs: 17.16 kg
baggage is on conveyor belt-------
---------baggage detected by sensor------------- 
Baggage weighs: 20.04 kg
baggage is on conveyor belt-------
---------baggage detected by sensor------------- 
Baggage weighs: 20.91 kg
baggage is on conveyor belt-------
---------baggage detected by sensor------------- 
Baggage weighs: 20.3 kg
baggage is on conveyor belt-------
---------baggage detected by sensor------------- 
Baggage weighs: 20.38 kg
baggage is on conveyor belt-------
---------baggage detected by sensor------------- 
Baggage weighs: 16.54 kg
baggage is on conveyor belt-------
---------baggage detected by sensor------------- 
Baggage weighs: 18.87 kg
baggage is on conveyor belt-------
---------baggage detected by sensor------------- 
Baggage weighs: 20.22 kg
baggage is on conveyor belt-------
---------baggage detected by sensor------------- 
Baggage weighs: 20.75 kg
baggage is on conveyor belt-------
---------baggage detected by sensor------------- 
Baggage weighs: 17.4 kg
baggage is on conveyor belt-------
---------baggage detected by sensor------------- 
Baggage weighs: 20.27 kg
baggage is on conveyor belt-------
---------baggage detected by sensor------------- 
Baggage weighs: 17.04 kg
baggage is on conveyor belt-------
---------baggage detected by sensor------------- 
Baggage weighs: 19.84 kg
baggage is on conveyor belt-------
---------baggage detected by sensor------------- 
Baggage weighs: 17.34 kg
baggage is on conveyor belt-------
---------baggage detected by sensor------------- 
Baggage weighs: 18.75 kg
baggage is on conveyor belt-------
---------baggage detected by sensor------------- 
Baggage weighs: 19.12 kg
baggage is on conveyor belt-------
---------baggage detected by sensor------------- 
Baggage weighs: 18.29 kg
baggage is on conveyor belt-------
---------baggage detected by sensor------------- 
Baggage weighs: 17.94 kg
baggage is on conveyor belt-------
---------baggage detected by sensor------------- 
Baggage weighs: 19.09 kg
baggage is on conveyor belt-------
---------baggage detected by sensor------------- 
Baggage weighs: 22.39 kg
baggage is on conveyor belt-------
---------baggage detected by sensor------------- 
Baggage weighs: 21.23 kg
baggage is on conveyor belt-------
---------baggage detected by sensor------------- 
Baggage weighs: 17.56 kg
baggage is on conveyor belt-------
---------baggage detected by sensor------------- 
Baggage weighs: 18.37 kg
baggage is on conveyor belt-------
---------baggage detected by sensor------------- 
Baggage weighs: 21.4 kg
baggage is on conveyor belt-------
---------baggage detected by sensor------------- 
Baggage weighs: 20.25 kg
baggage is on conveyor belt-------
---------baggage detected by sensor------------- 
Baggage weighs: 23.0 kg
baggage is on conveyor belt-------
---------baggage detected by sensor------------- 
Baggage weighs: 17.01 kg
baggage is on conveyor belt-------
---------baggage detected by sensor------------- 
Baggage weighs: 17.39 kg
baggage is on conveyor belt-------
---------baggage detected by sensor------------- 
Baggage weighs: 16.7 kg
baggage is on conveyor belt-------
---------baggage detected by sensor------------- 
Baggage weighs: 16.23 kg
baggage is on conveyor belt-------
---------baggage detected by sensor------------- 
Baggage weighs: 19.13 kg
baggage is on conveyor belt-------
---------baggage detected by sensor------------- 
Baggage weighs: 21.07 kg
baggage is on conveyor belt-------
---------baggage detected by sensor------------- 
Baggage weighs: 17.87 kg
baggage is on conveyor belt-------
---------baggage detected by sensor------------- 
Baggage weighs: 19.92 kg
baggage is on conveyor belt-------
---------baggage detected by sensor------------- 
Baggage weighs: 19.22 kg
baggage is on conveyor belt-------
---------baggage detected by sensor------------- 
Baggage weighs: 21.53 kg
baggage is on conveyor belt-------
---------baggage detected by sensor------------- 
Baggage weighs: 20.29 kg
baggage is on conveyor belt-------
---------baggage detected by sensor------------- 
Baggage weighs: 19.32 kg
baggage is on conveyor belt-------
---------baggage detected by sensor------------- 
Baggage weighs: 17.25 kg
baggage is on conveyor belt-------
---------baggage detected by sensor------------- 
Baggage weighs: 21.3 kg
baggage is on conveyor belt-------
---------baggage detected by sensor------------- 
Baggage weighs: 16.79 kg
baggage is on conveyor belt-------
---------baggage detected by sensor------------- 
Baggage weighs: 19.55 kg
baggage is on conveyor belt-------
---------baggage detected by sensor------------- 
Baggage weighs: 18.88 kg
baggage is on conveyor belt-------
---------baggage detected by sensor------------- 
Baggage weighs: 22.33 kg
baggage is on conveyor belt-------
---------baggage detected by sensor------------- 
Baggage weighs: 20.62 kg
baggage is on conveyor belt-------
---------baggage detected by sensor------------- 
Baggage weighs: 19.42 kg
baggage is on conveyor belt-------
---------baggage detected by sensor------------- 
Baggage weighs: 17.54 kg
baggage is on conveyor belt-------
---------baggage detected by sensor------------- 
Baggage weighs: 21.51 kg
baggage is on conveyor belt-------
---------baggage detected by sensor------------- 
Baggage weighs: 19.46 kg
baggage is on conveyor belt-------
---------baggage detected by sensor------------- 
Baggage weighs: 17.83 kg
baggage is on conveyor belt-------
---------baggage detected by sensor------------- 
Baggage weighs: 17.75 kg
baggage is on conveyor belt-------
---------baggage detected by sensor------------- 
Baggage weighs: 17.44 kg
baggage is on conveyor belt-------
---------baggage detected by sensor------------- 
Baggage weighs: 19.53 kg
baggage is on conveyor belt-------
---------baggage detected by sensor------------- 
Baggage weighs: 17.51 kg
baggage is on conveyor belt-------
---------baggage detected by sensor------------- 
Baggage weighs: 18.2 kg
baggage is on conveyor belt-------
---------baggage detected by sensor------------- 
Baggage weighs: 21.55 kg
baggage is on conveyor belt-------
---------baggage detected by sensor------------- 
Baggage weighs: 19.67 kg
baggage is on conveyor belt-------
---------baggage detected by sensor------------- 
Baggage weighs: 19.52 kg
baggage is on conveyor belt-------
---------baggage detected by sensor------------- 
Baggage weighs: 21.06 kg
baggage is on conveyor belt-------
---------baggage detected by sensor------------- 
Baggage weighs: 17.44 kg
baggage is on conveyor belt-------
---------baggage detected by sensor------------- 
Baggage weighs: 19.21 kg
baggage is on conveyor belt-------
---------baggage detected by sensor------------- 
Baggage weighs: 21.65 kg
baggage is on conveyor belt-------
---------baggage detected by sensor------------- 
Baggage weighs: 19.64 kg
baggage is on conveyor belt-------
---------baggage detected by sensor------------- 
Baggage weighs: 21.03 kg
baggage is on conveyor belt-------
---------baggage detected by sensor------------- 
Baggage weighs: 19.76 kg
baggage is on conveyor belt-------
---------baggage detected by sensor------------- 
Baggage weighs: 21.01 kg
baggage is on conveyor belt-------
---------baggage detected by sensor------------- 
Baggage weighs: 19.11 kg
baggage is on conveyor belt-------
---------baggage detected by sensor------------- 
Baggage weighs: 18.54 kg
baggage is on conveyor belt-------
---------baggage detected by sensor------------- 
Baggage weighs: 16.86 kg
baggage is on conveyor belt-------
---------baggage detected by sensor------------- 
Baggage weighs: 16.59 kg
baggage is on conveyor belt-------
---------baggage detected by sensor------------- 
Baggage weighs: 19.26 kg
baggage is on conveyor belt-------
---------baggage detected by sensor------------- 
Baggage weighs: 18.34 kg
baggage is on conveyor belt-------
---------baggage detected by sensor------------- 
Baggage weighs: 19.09 kg
baggage is on conveyor belt-------
---------baggage detected by sensor------------- 
Baggage weighs: 22.38 kg
baggage is on conveyor belt-------
---------baggage detected by sensor------------- 
Baggage weighs: 22.12 kg
baggage is on conveyor belt-------
---------baggage detected by sensor------------- 
Baggage weighs: 16.75 kg
baggage is on conveyor belt-------
---------baggage detected by sensor------------- 
Baggage weighs: 20.36 kg
baggage is on conveyor belt-------
---------baggage detected by sensor------------- 
Baggage weighs: 20.94 kg
baggage is on conveyor belt-------
---------baggage detected by sensor------------- 
Baggage weighs: 19.8 kg
baggage is on conveyor belt-------
---------baggage detected by sensor------------- 
Baggage weighs: 19.12 kg
baggage is on conveyor belt-------
---------baggage detected by sensor------------- 
Baggage weighs: 16.93 kg
baggage is on conveyor belt-------
---------baggage detected by sensor------------- 
Baggage weighs: 20.48 kg
baggage is on conveyor belt-------
---------baggage detected by sensor------------- 
Baggage weighs: 17.63 kg
baggage is on conveyor belt-------
---------baggage detected by sensor------------- 
Baggage weighs: 19.86 kg
baggage is on conveyor belt-------
---------baggage detected by sensor------------- 
Baggage weighs: 19.4 kg
baggage is on conveyor belt-------
---------baggage detected by sensor------------- 
Baggage weighs: 19.0 kg
baggage is on conveyor belt-------
---------baggage detected by sensor------------- 
Baggage weighs: 20.5 kg
baggage is on conveyor belt-------
---------baggage detected by sensor------------- 
Baggage weighs: 21.9 kg
baggage is on conveyor belt-------
---------baggage detected by sensor------------- 
Baggage weighs: 19.82 kg
baggage is on conveyor belt-------
---------baggage detected by sensor------------- 
Baggage weighs: 18.98 kg
baggage is on conveyor belt-------
---------baggage detected by sensor------------- 
Baggage weighs: 19.28 kg
Seat with ID: 30A has been reserved for you!

BOARDING PASS FOR WILMER SHORT
-----------------------------------------------------------------------------
LUFTHANSA                      zxsjdfj1uuyz97f /  Wilmer Short
Wilmer Short                                     /  zxsjdfj1uuyz97f
FRA   LH2121   E  30.Oct                       /  FRA
HKG                                            /  HKG
SEAT ID: 30A                                   /  LH2121 E 30.Oct
SEQ: 135                                      / GATE: A05   22:00
MAX 1  HANDLUGGAGE/ LUGGAGE
-----------------------------------------------------------------------------
sorry Wilmer Short we have no voucher for you! Have a nice day!

---------------------------------------------------------------------------------------------------------------
scanning passport with passport id: HS02T06J0
searching for ticket in fast bag drop database..............
Ticket found for Sonya Serrano and Flight LH2121
----searching flight seat for Sonya Serrano---------
Found a seat with ID 30B
Below details were found in database
------------------------------------------
Name: Sonya Serrano
Flight ID: LH2121
Source: FRA
Destination: HKG
Gate No: A05
Boarding time: 22:00
Ticket ID: 7i50lam4nu1rnn4
Booking Class: E
------------------------------------------

Proceed with check-in for flight LH2121 ?
Type YES to CHECK-IN or NO to cancel CHECK-IN
Sonya Serrano is deciding whether to check-in or to go back home and sleep............
YES CHECK-IN
Checking you in...............
baggage is on conveyor belt-------
---------baggage detected by sensor------------- 
Baggage weighs: 21.58 kg
baggage is on conveyor belt-------
---------baggage detected by sensor------------- 
Baggage weighs: 20.43 kg
baggage is on conveyor belt-------
---------baggage detected by sensor------------- 
Baggage weighs: 18.47 kg
baggage is on conveyor belt-------
---------baggage detected by sensor------------- 
Baggage weighs: 17.86 kg
baggage is on conveyor belt-------
---------baggage detected by sensor------------- 
Baggage weighs: 18.65 kg
baggage is on conveyor belt-------
---------baggage detected by sensor------------- 
Baggage weighs: 19.27 kg
baggage is on conveyor belt-------
---------baggage detected by sensor------------- 
Baggage weighs: 17.42 kg
baggage is on conveyor belt-------
---------baggage detected by sensor------------- 
Baggage weighs: 19.16 kg
baggage is on conveyor belt-------
---------baggage detected by sensor------------- 
Baggage weighs: 19.52 kg
baggage is on conveyor belt-------
---------baggage detected by sensor------------- 
Baggage weighs: 17.51 kg
baggage is on conveyor belt-------
---------baggage detected by sensor------------- 
Baggage weighs: 17.38 kg
baggage is on conveyor belt-------
---------baggage detected by sensor------------- 
Baggage weighs: 18.67 kg
baggage is on conveyor belt-------
---------baggage detected by sensor------------- 
Baggage weighs: 16.98 kg
baggage is on conveyor belt-------
---------baggage detected by sensor------------- 
Baggage weighs: 21.26 kg
baggage is on conveyor belt-------
---------baggage detected by sensor------------- 
Baggage weighs: 18.3 kg
baggage is on conveyor belt-------
---------baggage detected by sensor------------- 
Baggage weighs: 16.81 kg
baggage is on conveyor belt-------
---------baggage detected by sensor------------- 
Baggage weighs: 20.91 kg
baggage is on conveyor belt-------
---------baggage detected by sensor------------- 
Baggage weighs: 21.21 kg
baggage is on conveyor belt-------
---------baggage detected by sensor------------- 
Baggage weighs: 19.69 kg
baggage is on conveyor belt-------
---------baggage detected by sensor------------- 
Baggage weighs: 18.67 kg
baggage is on conveyor belt-------
---------baggage detected by sensor------------- 
Baggage weighs: 19.12 kg
baggage is on conveyor belt-------
---------baggage detected by sensor------------- 
Baggage weighs: 16.42 kg
baggage is on conveyor belt-------
---------baggage detected by sensor------------- 
Baggage weighs: 19.17 kg
baggage is on conveyor belt-------
---------baggage detected by sensor------------- 
Baggage weighs: 19.0 kg
baggage is on conveyor belt-------
---------baggage detected by sensor------------- 
Baggage weighs: 18.78 kg
baggage is on conveyor belt-------
---------baggage detected by sensor------------- 
Baggage weighs: 20.31 kg
baggage is on conveyor belt-------
---------baggage detected by sensor------------- 
Baggage weighs: 21.25 kg
baggage is on conveyor belt-------
---------baggage detected by sensor------------- 
Baggage weighs: 18.87 kg
baggage is on conveyor belt-------
---------baggage detected by sensor------------- 
Baggage weighs: 16.25 kg
baggage is on conveyor belt-------
---------baggage detected by sensor------------- 
Baggage weighs: 19.94 kg
baggage is on conveyor belt-------
---------baggage detected by sensor------------- 
Baggage weighs: 16.88 kg
baggage is on conveyor belt-------
---------baggage detected by sensor------------- 
Baggage weighs: 18.24 kg
baggage is on conveyor belt-------
---------baggage detected by sensor------------- 
Baggage weighs: 17.16 kg
baggage is on conveyor belt-------
---------baggage detected by sensor------------- 
Baggage weighs: 19.34 kg
baggage is on conveyor belt-------
---------baggage detected by sensor------------- 
Baggage weighs: 22.41 kg
baggage is on conveyor belt-------
---------baggage detected by sensor------------- 
Baggage weighs: 20.47 kg
baggage is on conveyor belt-------
---------baggage detected by sensor------------- 
Baggage weighs: 18.81 kg
baggage is on conveyor belt-------
---------baggage detected by sensor------------- 
Baggage weighs: 18.56 kg
baggage is on conveyor belt-------
---------baggage detected by sensor------------- 
Baggage weighs: 17.77 kg
baggage is on conveyor belt-------
---------baggage detected by sensor------------- 
Baggage weighs: 19.32 kg
baggage is on conveyor belt-------
---------baggage detected by sensor------------- 
Baggage weighs: 19.21 kg
baggage is on conveyor belt-------
---------baggage detected by sensor------------- 
Baggage weighs: 19.13 kg
baggage is on conveyor belt-------
---------baggage detected by sensor------------- 
Baggage weighs: 20.39 kg
baggage is on conveyor belt-------
---------baggage detected by sensor------------- 
Baggage weighs: 21.03 kg
baggage is on conveyor belt-------
---------baggage detected by sensor------------- 
Baggage weighs: 20.05 kg
baggage is on conveyor belt-------
---------baggage detected by sensor------------- 
Baggage weighs: 21.92 kg
baggage is on conveyor belt-------
---------baggage detected by sensor------------- 
Baggage weighs: 19.37 kg
baggage is on conveyor belt-------
---------baggage detected by sensor------------- 
Baggage weighs: 20.35 kg
baggage is on conveyor belt-------
---------baggage detected by sensor------------- 
Baggage weighs: 18.73 kg
baggage is on conveyor belt-------
---------baggage detected by sensor------------- 
Baggage weighs: 20.33 kg
baggage is on conveyor belt-------
---------baggage detected by sensor------------- 
Baggage weighs: 22.01 kg
baggage is on conveyor belt-------
---------baggage detected by sensor------------- 
Baggage weighs: 19.27 kg
baggage is on conveyor belt-------
---------baggage detected by sensor------------- 
Baggage weighs: 21.18 kg
baggage is on conveyor belt-------
---------baggage detected by sensor------------- 
Baggage weighs: 17.16 kg
baggage is on conveyor belt-------
---------baggage detected by sensor------------- 
Baggage weighs: 20.04 kg
baggage is on conveyor belt-------
---------baggage detected by sensor------------- 
Baggage weighs: 20.91 kg
baggage is on conveyor belt-------
---------baggage detected by sensor------------- 
Baggage weighs: 20.3 kg
baggage is on conveyor belt-------
---------baggage detected by sensor------------- 
Baggage weighs: 20.38 kg
baggage is on conveyor belt-------
---------baggage detected by sensor------------- 
Baggage weighs: 16.54 kg
baggage is on conveyor belt-------
---------baggage detected by sensor------------- 
Baggage weighs: 18.87 kg
baggage is on conveyor belt-------
---------baggage detected by sensor------------- 
Baggage weighs: 20.22 kg
baggage is on conveyor belt-------
---------baggage detected by sensor------------- 
Baggage weighs: 20.75 kg
baggage is on conveyor belt-------
---------baggage detected by sensor------------- 
Baggage weighs: 17.4 kg
baggage is on conveyor belt-------
---------baggage detected by sensor------------- 
Baggage weighs: 20.27 kg
baggage is on conveyor belt-------
---------baggage detected by sensor------------- 
Baggage weighs: 17.04 kg
baggage is on conveyor belt-------
---------baggage detected by sensor------------- 
Baggage weighs: 19.84 kg
baggage is on conveyor belt-------
---------baggage detected by sensor------------- 
Baggage weighs: 17.34 kg
baggage is on conveyor belt-------
---------baggage detected by sensor------------- 
Baggage weighs: 18.75 kg
baggage is on conveyor belt-------
---------baggage detected by sensor------------- 
Baggage weighs: 19.12 kg
baggage is on conveyor belt-------
---------baggage detected by sensor------------- 
Baggage weighs: 18.29 kg
baggage is on conveyor belt-------
---------baggage detected by sensor------------- 
Baggage weighs: 17.94 kg
baggage is on conveyor belt-------
---------baggage detected by sensor------------- 
Baggage weighs: 19.09 kg
baggage is on conveyor belt-------
---------baggage detected by sensor------------- 
Baggage weighs: 22.39 kg
baggage is on conveyor belt-------
---------baggage detected by sensor------------- 
Baggage weighs: 21.23 kg
baggage is on conveyor belt-------
---------baggage detected by sensor------------- 
Baggage weighs: 17.56 kg
baggage is on conveyor belt-------
---------baggage detected by sensor------------- 
Baggage weighs: 18.37 kg
baggage is on conveyor belt-------
---------baggage detected by sensor------------- 
Baggage weighs: 21.4 kg
baggage is on conveyor belt-------
---------baggage detected by sensor------------- 
Baggage weighs: 20.25 kg
baggage is on conveyor belt-------
---------baggage detected by sensor------------- 
Baggage weighs: 23.0 kg
baggage is on conveyor belt-------
---------baggage detected by sensor------------- 
Baggage weighs: 17.01 kg
baggage is on conveyor belt-------
---------baggage detected by sensor------------- 
Baggage weighs: 17.39 kg
baggage is on conveyor belt-------
---------baggage detected by sensor------------- 
Baggage weighs: 16.7 kg
baggage is on conveyor belt-------
---------baggage detected by sensor------------- 
Baggage weighs: 16.23 kg
baggage is on conveyor belt-------
---------baggage detected by sensor------------- 
Baggage weighs: 19.13 kg
baggage is on conveyor belt-------
---------baggage detected by sensor------------- 
Baggage weighs: 21.07 kg
baggage is on conveyor belt-------
---------baggage detected by sensor------------- 
Baggage weighs: 17.87 kg
baggage is on conveyor belt-------
---------baggage detected by sensor------------- 
Baggage weighs: 19.92 kg
baggage is on conveyor belt-------
---------baggage detected by sensor------------- 
Baggage weighs: 19.22 kg
baggage is on conveyor belt-------
---------baggage detected by sensor------------- 
Baggage weighs: 21.53 kg
baggage is on conveyor belt-------
---------baggage detected by sensor------------- 
Baggage weighs: 20.29 kg
baggage is on conveyor belt-------
---------baggage detected by sensor------------- 
Baggage weighs: 19.32 kg
baggage is on conveyor belt-------
---------baggage detected by sensor------------- 
Baggage weighs: 17.25 kg
baggage is on conveyor belt-------
---------baggage detected by sensor------------- 
Baggage weighs: 21.3 kg
baggage is on conveyor belt-------
---------baggage detected by sensor------------- 
Baggage weighs: 16.79 kg
baggage is on conveyor belt-------
---------baggage detected by sensor------------- 
Baggage weighs: 19.55 kg
baggage is on conveyor belt-------
---------baggage detected by sensor------------- 
Baggage weighs: 18.88 kg
baggage is on conveyor belt-------
---------baggage detected by sensor------------- 
Baggage weighs: 22.33 kg
baggage is on conveyor belt-------
---------baggage detected by sensor------------- 
Baggage weighs: 20.62 kg
baggage is on conveyor belt-------
---------baggage detected by sensor------------- 
Baggage weighs: 19.42 kg
baggage is on conveyor belt-------
---------baggage detected by sensor------------- 
Baggage weighs: 17.54 kg
baggage is on conveyor belt-------
---------baggage detected by sensor------------- 
Baggage weighs: 21.51 kg
baggage is on conveyor belt-------
---------baggage detected by sensor------------- 
Baggage weighs: 19.46 kg
baggage is on conveyor belt-------
---------baggage detected by sensor------------- 
Baggage weighs: 17.83 kg
baggage is on conveyor belt-------
---------baggage detected by sensor------------- 
Baggage weighs: 17.75 kg
baggage is on conveyor belt-------
---------baggage detected by sensor------------- 
Baggage weighs: 17.44 kg
baggage is on conveyor belt-------
---------baggage detected by sensor------------- 
Baggage weighs: 19.53 kg
baggage is on conveyor belt-------
---------baggage detected by sensor------------- 
Baggage weighs: 17.51 kg
baggage is on conveyor belt-------
---------baggage detected by sensor------------- 
Baggage weighs: 18.2 kg
baggage is on conveyor belt-------
---------baggage detected by sensor------------- 
Baggage weighs: 21.55 kg
baggage is on conveyor belt-------
---------baggage detected by sensor------------- 
Baggage weighs: 19.67 kg
baggage is on conveyor belt-------
---------baggage detected by sensor------------- 
Baggage weighs: 19.52 kg
baggage is on conveyor belt-------
---------baggage detected by sensor------------- 
Baggage weighs: 21.06 kg
baggage is on conveyor belt-------
---------baggage detected by sensor------------- 
Baggage weighs: 17.44 kg
baggage is on conveyor belt-------
---------baggage detected by sensor------------- 
Baggage weighs: 19.21 kg
baggage is on conveyor belt-------
---------baggage detected by sensor------------- 
Baggage weighs: 21.65 kg
baggage is on conveyor belt-------
---------baggage detected by sensor------------- 
Baggage weighs: 19.64 kg
baggage is on conveyor belt-------
---------baggage detected by sensor------------- 
Baggage weighs: 21.03 kg
baggage is on conveyor belt-------
---------baggage detected by sensor------------- 
Baggage weighs: 19.76 kg
baggage is on conveyor belt-------
---------baggage detected by sensor------------- 
Baggage weighs: 21.01 kg
baggage is on conveyor belt-------
---------baggage detected by sensor------------- 
Baggage weighs: 19.11 kg
baggage is on conveyor belt-------
---------baggage detected by sensor------------- 
Baggage weighs: 18.54 kg
baggage is on conveyor belt-------
---------baggage detected by sensor------------- 
Baggage weighs: 16.86 kg
baggage is on conveyor belt-------
---------baggage detected by sensor------------- 
Baggage weighs: 16.59 kg
baggage is on conveyor belt-------
---------baggage detected by sensor------------- 
Baggage weighs: 19.26 kg
baggage is on conveyor belt-------
---------baggage detected by sensor------------- 
Baggage weighs: 18.34 kg
baggage is on conveyor belt-------
---------baggage detected by sensor------------- 
Baggage weighs: 19.09 kg
baggage is on conveyor belt-------
---------baggage detected by sensor------------- 
Baggage weighs: 22.38 kg
baggage is on conveyor belt-------
---------baggage detected by sensor------------- 
Baggage weighs: 22.12 kg
baggage is on conveyor belt-------
---------baggage detected by sensor------------- 
Baggage weighs: 16.75 kg
baggage is on conveyor belt-------
---------baggage detected by sensor------------- 
Baggage weighs: 20.36 kg
baggage is on conveyor belt-------
---------baggage detected by sensor------------- 
Baggage weighs: 20.94 kg
baggage is on conveyor belt-------
---------baggage detected by sensor------------- 
Baggage weighs: 19.8 kg
baggage is on conveyor belt-------
---------baggage detected by sensor------------- 
Baggage weighs: 19.12 kg
baggage is on conveyor belt-------
---------baggage detected by sensor------------- 
Baggage weighs: 16.93 kg
baggage is on conveyor belt-------
---------baggage detected by sensor------------- 
Baggage weighs: 20.48 kg
baggage is on conveyor belt-------
---------baggage detected by sensor------------- 
Baggage weighs: 17.63 kg
baggage is on conveyor belt-------
---------baggage detected by sensor------------- 
Baggage weighs: 19.86 kg
baggage is on conveyor belt-------
---------baggage detected by sensor------------- 
Baggage weighs: 19.4 kg
baggage is on conveyor belt-------
---------baggage detected by sensor------------- 
Baggage weighs: 19.0 kg
baggage is on conveyor belt-------
---------baggage detected by sensor------------- 
Baggage weighs: 20.5 kg
baggage is on conveyor belt-------
---------baggage detected by sensor------------- 
Baggage weighs: 21.9 kg
baggage is on conveyor belt-------
---------baggage detected by sensor------------- 
Baggage weighs: 19.82 kg
baggage is on conveyor belt-------
---------baggage detected by sensor------------- 
Baggage weighs: 18.98 kg
baggage is on conveyor belt-------
---------baggage detected by sensor------------- 
Baggage weighs: 19.28 kg
baggage is on conveyor belt-------
---------baggage detected by sensor------------- 
Baggage weighs: 18.06 kg
Seat with ID: 30B has been reserved for you!

BOARDING PASS FOR SONYA SERRANO
-----------------------------------------------------------------------------
LUFTHANSA                      7i50lam4nu1rnn4 /  Sonya Serrano
Sonya Serrano                                     /  7i50lam4nu1rnn4
FRA   LH2121   E  30.Oct                       /  FRA
HKG                                            /  HKG
SEAT ID: 30B                                   /  LH2121 E 30.Oct
SEQ: 136                                      / GATE: A05   22:00
MAX 1  HANDLUGGAGE/ LUGGAGE
-----------------------------------------------------------------------------
sorry Sonya Serrano we have no voucher for you! Have a nice day!

---------------------------------------------------------------------------------------------------------------
scanning passport with passport id: CG5DRZQNT
searching for ticket in fast bag drop database..............
Ticket found for Lawanda Buck and Flight LH2121
----searching flight seat for Lawanda Buck---------
Found a seat with ID 30C
Below details were found in database
------------------------------------------
Name: Lawanda Buck
Flight ID: LH2121
Source: FRA
Destination: HKG
Gate No: A05
Boarding time: 22:00
Ticket ID: e93yphko5xdfzem
Booking Class: E
------------------------------------------

Proceed with check-in for flight LH2121 ?
Type YES to CHECK-IN or NO to cancel CHECK-IN
Lawanda Buck is deciding whether to check-in or to go back home and sleep............
YES CHECK-IN
Checking you in...............
baggage is on conveyor belt-------
---------baggage detected by sensor------------- 
Baggage weighs: 21.58 kg
baggage is on conveyor belt-------
---------baggage detected by sensor------------- 
Baggage weighs: 20.43 kg
baggage is on conveyor belt-------
---------baggage detected by sensor------------- 
Baggage weighs: 18.47 kg
baggage is on conveyor belt-------
---------baggage detected by sensor------------- 
Baggage weighs: 17.86 kg
baggage is on conveyor belt-------
---------baggage detected by sensor------------- 
Baggage weighs: 18.65 kg
baggage is on conveyor belt-------
---------baggage detected by sensor------------- 
Baggage weighs: 19.27 kg
baggage is on conveyor belt-------
---------baggage detected by sensor------------- 
Baggage weighs: 17.42 kg
baggage is on conveyor belt-------
---------baggage detected by sensor------------- 
Baggage weighs: 19.16 kg
baggage is on conveyor belt-------
---------baggage detected by sensor------------- 
Baggage weighs: 19.52 kg
baggage is on conveyor belt-------
---------baggage detected by sensor------------- 
Baggage weighs: 17.51 kg
baggage is on conveyor belt-------
---------baggage detected by sensor------------- 
Baggage weighs: 17.38 kg
baggage is on conveyor belt-------
---------baggage detected by sensor------------- 
Baggage weighs: 18.67 kg
baggage is on conveyor belt-------
---------baggage detected by sensor------------- 
Baggage weighs: 16.98 kg
baggage is on conveyor belt-------
---------baggage detected by sensor------------- 
Baggage weighs: 21.26 kg
baggage is on conveyor belt-------
---------baggage detected by sensor------------- 
Baggage weighs: 18.3 kg
baggage is on conveyor belt-------
---------baggage detected by sensor------------- 
Baggage weighs: 16.81 kg
baggage is on conveyor belt-------
---------baggage detected by sensor------------- 
Baggage weighs: 20.91 kg
baggage is on conveyor belt-------
---------baggage detected by sensor------------- 
Baggage weighs: 21.21 kg
baggage is on conveyor belt-------
---------baggage detected by sensor------------- 
Baggage weighs: 19.69 kg
baggage is on conveyor belt-------
---------baggage detected by sensor------------- 
Baggage weighs: 18.67 kg
baggage is on conveyor belt-------
---------baggage detected by sensor------------- 
Baggage weighs: 19.12 kg
baggage is on conveyor belt-------
---------baggage detected by sensor------------- 
Baggage weighs: 16.42 kg
baggage is on conveyor belt-------
---------baggage detected by sensor------------- 
Baggage weighs: 19.17 kg
baggage is on conveyor belt-------
---------baggage detected by sensor------------- 
Baggage weighs: 19.0 kg
baggage is on conveyor belt-------
---------baggage detected by sensor------------- 
Baggage weighs: 18.78 kg
baggage is on conveyor belt-------
---------baggage detected by sensor------------- 
Baggage weighs: 20.31 kg
baggage is on conveyor belt-------
---------baggage detected by sensor------------- 
Baggage weighs: 21.25 kg
baggage is on conveyor belt-------
---------baggage detected by sensor------------- 
Baggage weighs: 18.87 kg
baggage is on conveyor belt-------
---------baggage detected by sensor------------- 
Baggage weighs: 16.25 kg
baggage is on conveyor belt-------
---------baggage detected by sensor------------- 
Baggage weighs: 19.94 kg
baggage is on conveyor belt-------
---------baggage detected by sensor------------- 
Baggage weighs: 16.88 kg
baggage is on conveyor belt-------
---------baggage detected by sensor------------- 
Baggage weighs: 18.24 kg
baggage is on conveyor belt-------
---------baggage detected by sensor------------- 
Baggage weighs: 17.16 kg
baggage is on conveyor belt-------
---------baggage detected by sensor------------- 
Baggage weighs: 19.34 kg
baggage is on conveyor belt-------
---------baggage detected by sensor------------- 
Baggage weighs: 22.41 kg
baggage is on conveyor belt-------
---------baggage detected by sensor------------- 
Baggage weighs: 20.47 kg
baggage is on conveyor belt-------
---------baggage detected by sensor------------- 
Baggage weighs: 18.81 kg
baggage is on conveyor belt-------
---------baggage detected by sensor------------- 
Baggage weighs: 18.56 kg
baggage is on conveyor belt-------
---------baggage detected by sensor------------- 
Baggage weighs: 17.77 kg
baggage is on conveyor belt-------
---------baggage detected by sensor------------- 
Baggage weighs: 19.32 kg
baggage is on conveyor belt-------
---------baggage detected by sensor------------- 
Baggage weighs: 19.21 kg
baggage is on conveyor belt-------
---------baggage detected by sensor------------- 
Baggage weighs: 19.13 kg
baggage is on conveyor belt-------
---------baggage detected by sensor------------- 
Baggage weighs: 20.39 kg
baggage is on conveyor belt-------
---------baggage detected by sensor------------- 
Baggage weighs: 21.03 kg
baggage is on conveyor belt-------
---------baggage detected by sensor------------- 
Baggage weighs: 20.05 kg
baggage is on conveyor belt-------
---------baggage detected by sensor------------- 
Baggage weighs: 21.92 kg
baggage is on conveyor belt-------
---------baggage detected by sensor------------- 
Baggage weighs: 19.37 kg
baggage is on conveyor belt-------
---------baggage detected by sensor------------- 
Baggage weighs: 20.35 kg
baggage is on conveyor belt-------
---------baggage detected by sensor------------- 
Baggage weighs: 18.73 kg
baggage is on conveyor belt-------
---------baggage detected by sensor------------- 
Baggage weighs: 20.33 kg
baggage is on conveyor belt-------
---------baggage detected by sensor------------- 
Baggage weighs: 22.01 kg
baggage is on conveyor belt-------
---------baggage detected by sensor------------- 
Baggage weighs: 19.27 kg
baggage is on conveyor belt-------
---------baggage detected by sensor------------- 
Baggage weighs: 21.18 kg
baggage is on conveyor belt-------
---------baggage detected by sensor------------- 
Baggage weighs: 17.16 kg
baggage is on conveyor belt-------
---------baggage detected by sensor------------- 
Baggage weighs: 20.04 kg
baggage is on conveyor belt-------
---------baggage detected by sensor------------- 
Baggage weighs: 20.91 kg
baggage is on conveyor belt-------
---------baggage detected by sensor------------- 
Baggage weighs: 20.3 kg
baggage is on conveyor belt-------
---------baggage detected by sensor------------- 
Baggage weighs: 20.38 kg
baggage is on conveyor belt-------
---------baggage detected by sensor------------- 
Baggage weighs: 16.54 kg
baggage is on conveyor belt-------
---------baggage detected by sensor------------- 
Baggage weighs: 18.87 kg
baggage is on conveyor belt-------
---------baggage detected by sensor------------- 
Baggage weighs: 20.22 kg
baggage is on conveyor belt-------
---------baggage detected by sensor------------- 
Baggage weighs: 20.75 kg
baggage is on conveyor belt-------
---------baggage detected by sensor------------- 
Baggage weighs: 17.4 kg
baggage is on conveyor belt-------
---------baggage detected by sensor------------- 
Baggage weighs: 20.27 kg
baggage is on conveyor belt-------
---------baggage detected by sensor------------- 
Baggage weighs: 17.04 kg
baggage is on conveyor belt-------
---------baggage detected by sensor------------- 
Baggage weighs: 19.84 kg
baggage is on conveyor belt-------
---------baggage detected by sensor------------- 
Baggage weighs: 17.34 kg
baggage is on conveyor belt-------
---------baggage detected by sensor------------- 
Baggage weighs: 18.75 kg
baggage is on conveyor belt-------
---------baggage detected by sensor------------- 
Baggage weighs: 19.12 kg
baggage is on conveyor belt-------
---------baggage detected by sensor------------- 
Baggage weighs: 18.29 kg
baggage is on conveyor belt-------
---------baggage detected by sensor------------- 
Baggage weighs: 17.94 kg
baggage is on conveyor belt-------
---------baggage detected by sensor------------- 
Baggage weighs: 19.09 kg
baggage is on conveyor belt-------
---------baggage detected by sensor------------- 
Baggage weighs: 22.39 kg
baggage is on conveyor belt-------
---------baggage detected by sensor------------- 
Baggage weighs: 21.23 kg
baggage is on conveyor belt-------
---------baggage detected by sensor------------- 
Baggage weighs: 17.56 kg
baggage is on conveyor belt-------
---------baggage detected by sensor------------- 
Baggage weighs: 18.37 kg
baggage is on conveyor belt-------
---------baggage detected by sensor------------- 
Baggage weighs: 21.4 kg
baggage is on conveyor belt-------
---------baggage detected by sensor------------- 
Baggage weighs: 20.25 kg
baggage is on conveyor belt-------
---------baggage detected by sensor------------- 
Baggage weighs: 23.0 kg
baggage is on conveyor belt-------
---------baggage detected by sensor------------- 
Baggage weighs: 17.01 kg
baggage is on conveyor belt-------
---------baggage detected by sensor------------- 
Baggage weighs: 17.39 kg
baggage is on conveyor belt-------
---------baggage detected by sensor------------- 
Baggage weighs: 16.7 kg
baggage is on conveyor belt-------
---------baggage detected by sensor------------- 
Baggage weighs: 16.23 kg
baggage is on conveyor belt-------
---------baggage detected by sensor------------- 
Baggage weighs: 19.13 kg
baggage is on conveyor belt-------
---------baggage detected by sensor------------- 
Baggage weighs: 21.07 kg
baggage is on conveyor belt-------
---------baggage detected by sensor------------- 
Baggage weighs: 17.87 kg
baggage is on conveyor belt-------
---------baggage detected by sensor------------- 
Baggage weighs: 19.92 kg
baggage is on conveyor belt-------
---------baggage detected by sensor------------- 
Baggage weighs: 19.22 kg
baggage is on conveyor belt-------
---------baggage detected by sensor------------- 
Baggage weighs: 21.53 kg
baggage is on conveyor belt-------
---------baggage detected by sensor------------- 
Baggage weighs: 20.29 kg
baggage is on conveyor belt-------
---------baggage detected by sensor------------- 
Baggage weighs: 19.32 kg
baggage is on conveyor belt-------
---------baggage detected by sensor------------- 
Baggage weighs: 17.25 kg
baggage is on conveyor belt-------
---------baggage detected by sensor------------- 
Baggage weighs: 21.3 kg
baggage is on conveyor belt-------
---------baggage detected by sensor------------- 
Baggage weighs: 16.79 kg
baggage is on conveyor belt-------
---------baggage detected by sensor------------- 
Baggage weighs: 19.55 kg
baggage is on conveyor belt-------
---------baggage detected by sensor------------- 
Baggage weighs: 18.88 kg
baggage is on conveyor belt-------
---------baggage detected by sensor------------- 
Baggage weighs: 22.33 kg
baggage is on conveyor belt-------
---------baggage detected by sensor------------- 
Baggage weighs: 20.62 kg
baggage is on conveyor belt-------
---------baggage detected by sensor------------- 
Baggage weighs: 19.42 kg
baggage is on conveyor belt-------
---------baggage detected by sensor------------- 
Baggage weighs: 17.54 kg
baggage is on conveyor belt-------
---------baggage detected by sensor------------- 
Baggage weighs: 21.51 kg
baggage is on conveyor belt-------
---------baggage detected by sensor------------- 
Baggage weighs: 19.46 kg
baggage is on conveyor belt-------
---------baggage detected by sensor------------- 
Baggage weighs: 17.83 kg
baggage is on conveyor belt-------
---------baggage detected by sensor------------- 
Baggage weighs: 17.75 kg
baggage is on conveyor belt-------
---------baggage detected by sensor------------- 
Baggage weighs: 17.44 kg
baggage is on conveyor belt-------
---------baggage detected by sensor------------- 
Baggage weighs: 19.53 kg
baggage is on conveyor belt-------
---------baggage detected by sensor------------- 
Baggage weighs: 17.51 kg
baggage is on conveyor belt-------
---------baggage detected by sensor------------- 
Baggage weighs: 18.2 kg
baggage is on conveyor belt-------
---------baggage detected by sensor------------- 
Baggage weighs: 21.55 kg
baggage is on conveyor belt-------
---------baggage detected by sensor------------- 
Baggage weighs: 19.67 kg
baggage is on conveyor belt-------
---------baggage detected by sensor------------- 
Baggage weighs: 19.52 kg
baggage is on conveyor belt-------
---------baggage detected by sensor------------- 
Baggage weighs: 21.06 kg
baggage is on conveyor belt-------
---------baggage detected by sensor------------- 
Baggage weighs: 17.44 kg
baggage is on conveyor belt-------
---------baggage detected by sensor------------- 
Baggage weighs: 19.21 kg
baggage is on conveyor belt-------
---------baggage detected by sensor------------- 
Baggage weighs: 21.65 kg
baggage is on conveyor belt-------
---------baggage detected by sensor------------- 
Baggage weighs: 19.64 kg
baggage is on conveyor belt-------
---------baggage detected by sensor------------- 
Baggage weighs: 21.03 kg
baggage is on conveyor belt-------
---------baggage detected by sensor------------- 
Baggage weighs: 19.76 kg
baggage is on conveyor belt-------
---------baggage detected by sensor------------- 
Baggage weighs: 21.01 kg
baggage is on conveyor belt-------
---------baggage detected by sensor------------- 
Baggage weighs: 19.11 kg
baggage is on conveyor belt-------
---------baggage detected by sensor------------- 
Baggage weighs: 18.54 kg
baggage is on conveyor belt-------
---------baggage detected by sensor------------- 
Baggage weighs: 16.86 kg
baggage is on conveyor belt-------
---------baggage detected by sensor------------- 
Baggage weighs: 16.59 kg
baggage is on conveyor belt-------
---------baggage detected by sensor------------- 
Baggage weighs: 19.26 kg
baggage is on conveyor belt-------
---------baggage detected by sensor------------- 
Baggage weighs: 18.34 kg
baggage is on conveyor belt-------
---------baggage detected by sensor------------- 
Baggage weighs: 19.09 kg
baggage is on conveyor belt-------
---------baggage detected by sensor------------- 
Baggage weighs: 22.38 kg
baggage is on conveyor belt-------
---------baggage detected by sensor------------- 
Baggage weighs: 22.12 kg
baggage is on conveyor belt-------
---------baggage detected by sensor------------- 
Baggage weighs: 16.75 kg
baggage is on conveyor belt-------
---------baggage detected by sensor------------- 
Baggage weighs: 20.36 kg
baggage is on conveyor belt-------
---------baggage detected by sensor------------- 
Baggage weighs: 20.94 kg
baggage is on conveyor belt-------
---------baggage detected by sensor------------- 
Baggage weighs: 19.8 kg
baggage is on conveyor belt-------
---------baggage detected by sensor------------- 
Baggage weighs: 19.12 kg
baggage is on conveyor belt-------
---------baggage detected by sensor------------- 
Baggage weighs: 16.93 kg
baggage is on conveyor belt-------
---------baggage detected by sensor------------- 
Baggage weighs: 20.48 kg
baggage is on conveyor belt-------
---------baggage detected by sensor------------- 
Baggage weighs: 17.63 kg
baggage is on conveyor belt-------
---------baggage detected by sensor------------- 
Baggage weighs: 19.86 kg
baggage is on conveyor belt-------
---------baggage detected by sensor------------- 
Baggage weighs: 19.4 kg
baggage is on conveyor belt-------
---------baggage detected by sensor------------- 
Baggage weighs: 19.0 kg
baggage is on conveyor belt-------
---------baggage detected by sensor------------- 
Baggage weighs: 20.5 kg
baggage is on conveyor belt-------
---------baggage detected by sensor------------- 
Baggage weighs: 21.9 kg
baggage is on conveyor belt-------
---------baggage detected by sensor------------- 
Baggage weighs: 19.82 kg
baggage is on conveyor belt-------
---------baggage detected by sensor------------- 
Baggage weighs: 18.98 kg
baggage is on conveyor belt-------
---------baggage detected by sensor------------- 
Baggage weighs: 19.28 kg
baggage is on conveyor belt-------
---------baggage detected by sensor------------- 
Baggage weighs: 18.06 kg
baggage is on conveyor belt-------
---------baggage detected by sensor------------- 
Baggage weighs: 20.2 kg
Seat with ID: 30C has been reserved for you!

BOARDING PASS FOR LAWANDA BUCK
-----------------------------------------------------------------------------
LUFTHANSA                      e93yphko5xdfzem /  Lawanda Buck
Lawanda Buck                                     /  e93yphko5xdfzem
FRA   LH2121   E  30.Oct                       /  FRA
HKG                                            /  HKG
SEAT ID: 30C                                   /  LH2121 E 30.Oct
SEQ: 137                                      / GATE: A05   22:00
MAX 1  HANDLUGGAGE/ LUGGAGE
-----------------------------------------------------------------------------
sorry Lawanda Buck we have no voucher for you! Have a nice day!

---------------------------------------------------------------------------------------------------------------
scanning passport with passport id: 4GP5R53XW
searching for ticket in fast bag drop database..............
Ticket found for Elbert Baldwin and Flight LH2121
----searching flight seat for Elbert Baldwin---------
Found a seat with ID 30D
Below details were found in database
------------------------------------------
Name: Elbert Baldwin
Flight ID: LH2121
Source: FRA
Destination: HKG
Gate No: A05
Boarding time: 22:00
Ticket ID: 9zddp8c603zklz3
Booking Class: E
------------------------------------------

Proceed with check-in for flight LH2121 ?
Type YES to CHECK-IN or NO to cancel CHECK-IN
Elbert Baldwin is deciding whether to check-in or to go back home and sleep............
YES CHECK-IN
Checking you in...............
baggage is on conveyor belt-------
---------baggage detected by sensor------------- 
Baggage weighs: 21.58 kg
baggage is on conveyor belt-------
---------baggage detected by sensor------------- 
Baggage weighs: 20.43 kg
baggage is on conveyor belt-------
---------baggage detected by sensor------------- 
Baggage weighs: 18.47 kg
baggage is on conveyor belt-------
---------baggage detected by sensor------------- 
Baggage weighs: 17.86 kg
baggage is on conveyor belt-------
---------baggage detected by sensor------------- 
Baggage weighs: 18.65 kg
baggage is on conveyor belt-------
---------baggage detected by sensor------------- 
Baggage weighs: 19.27 kg
baggage is on conveyor belt-------
---------baggage detected by sensor------------- 
Baggage weighs: 17.42 kg
baggage is on conveyor belt-------
---------baggage detected by sensor------------- 
Baggage weighs: 19.16 kg
baggage is on conveyor belt-------
---------baggage detected by sensor------------- 
Baggage weighs: 19.52 kg
baggage is on conveyor belt-------
---------baggage detected by sensor------------- 
Baggage weighs: 17.51 kg
baggage is on conveyor belt-------
---------baggage detected by sensor------------- 
Baggage weighs: 17.38 kg
baggage is on conveyor belt-------
---------baggage detected by sensor------------- 
Baggage weighs: 18.67 kg
baggage is on conveyor belt-------
---------baggage detected by sensor------------- 
Baggage weighs: 16.98 kg
baggage is on conveyor belt-------
---------baggage detected by sensor------------- 
Baggage weighs: 21.26 kg
baggage is on conveyor belt-------
---------baggage detected by sensor------------- 
Baggage weighs: 18.3 kg
baggage is on conveyor belt-------
---------baggage detected by sensor------------- 
Baggage weighs: 16.81 kg
baggage is on conveyor belt-------
---------baggage detected by sensor------------- 
Baggage weighs: 20.91 kg
baggage is on conveyor belt-------
---------baggage detected by sensor------------- 
Baggage weighs: 21.21 kg
baggage is on conveyor belt-------
---------baggage detected by sensor------------- 
Baggage weighs: 19.69 kg
baggage is on conveyor belt-------
---------baggage detected by sensor------------- 
Baggage weighs: 18.67 kg
baggage is on conveyor belt-------
---------baggage detected by sensor------------- 
Baggage weighs: 19.12 kg
baggage is on conveyor belt-------
---------baggage detected by sensor------------- 
Baggage weighs: 16.42 kg
baggage is on conveyor belt-------
---------baggage detected by sensor------------- 
Baggage weighs: 19.17 kg
baggage is on conveyor belt-------
---------baggage detected by sensor------------- 
Baggage weighs: 19.0 kg
baggage is on conveyor belt-------
---------baggage detected by sensor------------- 
Baggage weighs: 18.78 kg
baggage is on conveyor belt-------
---------baggage detected by sensor------------- 
Baggage weighs: 20.31 kg
baggage is on conveyor belt-------
---------baggage detected by sensor------------- 
Baggage weighs: 21.25 kg
baggage is on conveyor belt-------
---------baggage detected by sensor------------- 
Baggage weighs: 18.87 kg
baggage is on conveyor belt-------
---------baggage detected by sensor------------- 
Baggage weighs: 16.25 kg
baggage is on conveyor belt-------
---------baggage detected by sensor------------- 
Baggage weighs: 19.94 kg
baggage is on conveyor belt-------
---------baggage detected by sensor------------- 
Baggage weighs: 16.88 kg
baggage is on conveyor belt-------
---------baggage detected by sensor------------- 
Baggage weighs: 18.24 kg
baggage is on conveyor belt-------
---------baggage detected by sensor------------- 
Baggage weighs: 17.16 kg
baggage is on conveyor belt-------
---------baggage detected by sensor------------- 
Baggage weighs: 19.34 kg
baggage is on conveyor belt-------
---------baggage detected by sensor------------- 
Baggage weighs: 22.41 kg
baggage is on conveyor belt-------
---------baggage detected by sensor------------- 
Baggage weighs: 20.47 kg
baggage is on conveyor belt-------
---------baggage detected by sensor------------- 
Baggage weighs: 18.81 kg
baggage is on conveyor belt-------
---------baggage detected by sensor------------- 
Baggage weighs: 18.56 kg
baggage is on conveyor belt-------
---------baggage detected by sensor------------- 
Baggage weighs: 17.77 kg
baggage is on conveyor belt-------
---------baggage detected by sensor------------- 
Baggage weighs: 19.32 kg
baggage is on conveyor belt-------
---------baggage detected by sensor------------- 
Baggage weighs: 19.21 kg
baggage is on conveyor belt-------
---------baggage detected by sensor------------- 
Baggage weighs: 19.13 kg
baggage is on conveyor belt-------
---------baggage detected by sensor------------- 
Baggage weighs: 20.39 kg
baggage is on conveyor belt-------
---------baggage detected by sensor------------- 
Baggage weighs: 21.03 kg
baggage is on conveyor belt-------
---------baggage detected by sensor------------- 
Baggage weighs: 20.05 kg
baggage is on conveyor belt-------
---------baggage detected by sensor------------- 
Baggage weighs: 21.92 kg
baggage is on conveyor belt-------
---------baggage detected by sensor------------- 
Baggage weighs: 19.37 kg
baggage is on conveyor belt-------
---------baggage detected by sensor------------- 
Baggage weighs: 20.35 kg
baggage is on conveyor belt-------
---------baggage detected by sensor------------- 
Baggage weighs: 18.73 kg
baggage is on conveyor belt-------
---------baggage detected by sensor------------- 
Baggage weighs: 20.33 kg
baggage is on conveyor belt-------
---------baggage detected by sensor------------- 
Baggage weighs: 22.01 kg
baggage is on conveyor belt-------
---------baggage detected by sensor------------- 
Baggage weighs: 19.27 kg
baggage is on conveyor belt-------
---------baggage detected by sensor------------- 
Baggage weighs: 21.18 kg
baggage is on conveyor belt-------
---------baggage detected by sensor------------- 
Baggage weighs: 17.16 kg
baggage is on conveyor belt-------
---------baggage detected by sensor------------- 
Baggage weighs: 20.04 kg
baggage is on conveyor belt-------
---------baggage detected by sensor------------- 
Baggage weighs: 20.91 kg
baggage is on conveyor belt-------
---------baggage detected by sensor------------- 
Baggage weighs: 20.3 kg
baggage is on conveyor belt-------
---------baggage detected by sensor------------- 
Baggage weighs: 20.38 kg
baggage is on conveyor belt-------
---------baggage detected by sensor------------- 
Baggage weighs: 16.54 kg
baggage is on conveyor belt-------
---------baggage detected by sensor------------- 
Baggage weighs: 18.87 kg
baggage is on conveyor belt-------
---------baggage detected by sensor------------- 
Baggage weighs: 20.22 kg
baggage is on conveyor belt-------
---------baggage detected by sensor------------- 
Baggage weighs: 20.75 kg
baggage is on conveyor belt-------
---------baggage detected by sensor------------- 
Baggage weighs: 17.4 kg
baggage is on conveyor belt-------
---------baggage detected by sensor------------- 
Baggage weighs: 20.27 kg
baggage is on conveyor belt-------
---------baggage detected by sensor------------- 
Baggage weighs: 17.04 kg
baggage is on conveyor belt-------
---------baggage detected by sensor------------- 
Baggage weighs: 19.84 kg
baggage is on conveyor belt-------
---------baggage detected by sensor------------- 
Baggage weighs: 17.34 kg
baggage is on conveyor belt-------
---------baggage detected by sensor------------- 
Baggage weighs: 18.75 kg
baggage is on conveyor belt-------
---------baggage detected by sensor------------- 
Baggage weighs: 19.12 kg
baggage is on conveyor belt-------
---------baggage detected by sensor------------- 
Baggage weighs: 18.29 kg
baggage is on conveyor belt-------
---------baggage detected by sensor------------- 
Baggage weighs: 17.94 kg
baggage is on conveyor belt-------
---------baggage detected by sensor------------- 
Baggage weighs: 19.09 kg
baggage is on conveyor belt-------
---------baggage detected by sensor------------- 
Baggage weighs: 22.39 kg
baggage is on conveyor belt-------
---------baggage detected by sensor------------- 
Baggage weighs: 21.23 kg
baggage is on conveyor belt-------
---------baggage detected by sensor------------- 
Baggage weighs: 17.56 kg
baggage is on conveyor belt-------
---------baggage detected by sensor------------- 
Baggage weighs: 18.37 kg
baggage is on conveyor belt-------
---------baggage detected by sensor------------- 
Baggage weighs: 21.4 kg
baggage is on conveyor belt-------
---------baggage detected by sensor------------- 
Baggage weighs: 20.25 kg
baggage is on conveyor belt-------
---------baggage detected by sensor------------- 
Baggage weighs: 23.0 kg
baggage is on conveyor belt-------
---------baggage detected by sensor------------- 
Baggage weighs: 17.01 kg
baggage is on conveyor belt-------
---------baggage detected by sensor------------- 
Baggage weighs: 17.39 kg
baggage is on conveyor belt-------
---------baggage detected by sensor------------- 
Baggage weighs: 16.7 kg
baggage is on conveyor belt-------
---------baggage detected by sensor------------- 
Baggage weighs: 16.23 kg
baggage is on conveyor belt-------
---------baggage detected by sensor------------- 
Baggage weighs: 19.13 kg
baggage is on conveyor belt-------
---------baggage detected by sensor------------- 
Baggage weighs: 21.07 kg
baggage is on conveyor belt-------
---------baggage detected by sensor------------- 
Baggage weighs: 17.87 kg
baggage is on conveyor belt-------
---------baggage detected by sensor------------- 
Baggage weighs: 19.92 kg
baggage is on conveyor belt-------
---------baggage detected by sensor------------- 
Baggage weighs: 19.22 kg
baggage is on conveyor belt-------
---------baggage detected by sensor------------- 
Baggage weighs: 21.53 kg
baggage is on conveyor belt-------
---------baggage detected by sensor------------- 
Baggage weighs: 20.29 kg
baggage is on conveyor belt-------
---------baggage detected by sensor------------- 
Baggage weighs: 19.32 kg
baggage is on conveyor belt-------
---------baggage detected by sensor------------- 
Baggage weighs: 17.25 kg
baggage is on conveyor belt-------
---------baggage detected by sensor------------- 
Baggage weighs: 21.3 kg
baggage is on conveyor belt-------
---------baggage detected by sensor------------- 
Baggage weighs: 16.79 kg
baggage is on conveyor belt-------
---------baggage detected by sensor------------- 
Baggage weighs: 19.55 kg
baggage is on conveyor belt-------
---------baggage detected by sensor------------- 
Baggage weighs: 18.88 kg
baggage is on conveyor belt-------
---------baggage detected by sensor------------- 
Baggage weighs: 22.33 kg
baggage is on conveyor belt-------
---------baggage detected by sensor------------- 
Baggage weighs: 20.62 kg
baggage is on conveyor belt-------
---------baggage detected by sensor------------- 
Baggage weighs: 19.42 kg
baggage is on conveyor belt-------
---------baggage detected by sensor------------- 
Baggage weighs: 17.54 kg
baggage is on conveyor belt-------
---------baggage detected by sensor------------- 
Baggage weighs: 21.51 kg
baggage is on conveyor belt-------
---------baggage detected by sensor------------- 
Baggage weighs: 19.46 kg
baggage is on conveyor belt-------
---------baggage detected by sensor------------- 
Baggage weighs: 17.83 kg
baggage is on conveyor belt-------
---------baggage detected by sensor------------- 
Baggage weighs: 17.75 kg
baggage is on conveyor belt-------
---------baggage detected by sensor------------- 
Baggage weighs: 17.44 kg
baggage is on conveyor belt-------
---------baggage detected by sensor------------- 
Baggage weighs: 19.53 kg
baggage is on conveyor belt-------
---------baggage detected by sensor------------- 
Baggage weighs: 17.51 kg
baggage is on conveyor belt-------
---------baggage detected by sensor------------- 
Baggage weighs: 18.2 kg
baggage is on conveyor belt-------
---------baggage detected by sensor------------- 
Baggage weighs: 21.55 kg
baggage is on conveyor belt-------
---------baggage detected by sensor------------- 
Baggage weighs: 19.67 kg
baggage is on conveyor belt-------
---------baggage detected by sensor------------- 
Baggage weighs: 19.52 kg
baggage is on conveyor belt-------
---------baggage detected by sensor------------- 
Baggage weighs: 21.06 kg
baggage is on conveyor belt-------
---------baggage detected by sensor------------- 
Baggage weighs: 17.44 kg
baggage is on conveyor belt-------
---------baggage detected by sensor------------- 
Baggage weighs: 19.21 kg
baggage is on conveyor belt-------
---------baggage detected by sensor------------- 
Baggage weighs: 21.65 kg
baggage is on conveyor belt-------
---------baggage detected by sensor------------- 
Baggage weighs: 19.64 kg
baggage is on conveyor belt-------
---------baggage detected by sensor------------- 
Baggage weighs: 21.03 kg
baggage is on conveyor belt-------
---------baggage detected by sensor------------- 
Baggage weighs: 19.76 kg
baggage is on conveyor belt-------
---------baggage detected by sensor------------- 
Baggage weighs: 21.01 kg
baggage is on conveyor belt-------
---------baggage detected by sensor------------- 
Baggage weighs: 19.11 kg
baggage is on conveyor belt-------
---------baggage detected by sensor------------- 
Baggage weighs: 18.54 kg
baggage is on conveyor belt-------
---------baggage detected by sensor------------- 
Baggage weighs: 16.86 kg
baggage is on conveyor belt-------
---------baggage detected by sensor------------- 
Baggage weighs: 16.59 kg
baggage is on conveyor belt-------
---------baggage detected by sensor------------- 
Baggage weighs: 19.26 kg
baggage is on conveyor belt-------
---------baggage detected by sensor------------- 
Baggage weighs: 18.34 kg
baggage is on conveyor belt-------
---------baggage detected by sensor------------- 
Baggage weighs: 19.09 kg
baggage is on conveyor belt-------
---------baggage detected by sensor------------- 
Baggage weighs: 22.38 kg
baggage is on conveyor belt-------
---------baggage detected by sensor------------- 
Baggage weighs: 22.12 kg
baggage is on conveyor belt-------
---------baggage detected by sensor------------- 
Baggage weighs: 16.75 kg
baggage is on conveyor belt-------
---------baggage detected by sensor------------- 
Baggage weighs: 20.36 kg
baggage is on conveyor belt-------
---------baggage detected by sensor------------- 
Baggage weighs: 20.94 kg
baggage is on conveyor belt-------
---------baggage detected by sensor------------- 
Baggage weighs: 19.8 kg
baggage is on conveyor belt-------
---------baggage detected by sensor------------- 
Baggage weighs: 19.12 kg
baggage is on conveyor belt-------
---------baggage detected by sensor------------- 
Baggage weighs: 16.93 kg
baggage is on conveyor belt-------
---------baggage detected by sensor------------- 
Baggage weighs: 20.48 kg
baggage is on conveyor belt-------
---------baggage detected by sensor------------- 
Baggage weighs: 17.63 kg
baggage is on conveyor belt-------
---------baggage detected by sensor------------- 
Baggage weighs: 19.86 kg
baggage is on conveyor belt-------
---------baggage detected by sensor------------- 
Baggage weighs: 19.4 kg
baggage is on conveyor belt-------
---------baggage detected by sensor------------- 
Baggage weighs: 19.0 kg
baggage is on conveyor belt-------
---------baggage detected by sensor------------- 
Baggage weighs: 20.5 kg
baggage is on conveyor belt-------
---------baggage detected by sensor------------- 
Baggage weighs: 21.9 kg
baggage is on conveyor belt-------
---------baggage detected by sensor------------- 
Baggage weighs: 19.82 kg
baggage is on conveyor belt-------
---------baggage detected by sensor------------- 
Baggage weighs: 18.98 kg
baggage is on conveyor belt-------
---------baggage detected by sensor------------- 
Baggage weighs: 19.28 kg
baggage is on conveyor belt-------
---------baggage detected by sensor------------- 
Baggage weighs: 18.06 kg
baggage is on conveyor belt-------
---------baggage detected by sensor------------- 
Baggage weighs: 20.2 kg
baggage is on conveyor belt-------
---------baggage detected by sensor------------- 
Baggage weighs: 19.74 kg
Seat with ID: 30D has been reserved for you!

BOARDING PASS FOR ELBERT BALDWIN
-----------------------------------------------------------------------------
LUFTHANSA                      9zddp8c603zklz3 /  Elbert Baldwin
Elbert Baldwin                                     /  9zddp8c603zklz3
FRA   LH2121   E  30.Oct                       /  FRA
HKG                                            /  HKG
SEAT ID: 30D                                   /  LH2121 E 30.Oct
SEQ: 138                                      / GATE: A05   22:00
MAX 1  HANDLUGGAGE/ LUGGAGE
-----------------------------------------------------------------------------
sorry Elbert Baldwin we have no voucher for you! Have a nice day!

---------------------------------------------------------------------------------------------------------------
scanning passport with passport id: BSOTIHEQ9
searching for ticket in fast bag drop database..............
Ticket found for Elliott Rush and Flight LH2121
----searching flight seat for Elliott Rush---------
Found a seat with ID 30E
Below details were found in database
------------------------------------------
Name: Elliott Rush
Flight ID: LH2121
Source: FRA
Destination: HKG
Gate No: A05
Boarding time: 22:00
Ticket ID: 8v1bohz5ydm82lt
Booking Class: E
------------------------------------------

Proceed with check-in for flight LH2121 ?
Type YES to CHECK-IN or NO to cancel CHECK-IN
Elliott Rush is deciding whether to check-in or to go back home and sleep............
YES CHECK-IN
Checking you in...............
baggage is on conveyor belt-------
---------baggage detected by sensor------------- 
Baggage weighs: 21.58 kg
baggage is on conveyor belt-------
---------baggage detected by sensor------------- 
Baggage weighs: 20.43 kg
baggage is on conveyor belt-------
---------baggage detected by sensor------------- 
Baggage weighs: 18.47 kg
baggage is on conveyor belt-------
---------baggage detected by sensor------------- 
Baggage weighs: 17.86 kg
baggage is on conveyor belt-------
---------baggage detected by sensor------------- 
Baggage weighs: 18.65 kg
baggage is on conveyor belt-------
---------baggage detected by sensor------------- 
Baggage weighs: 19.27 kg
baggage is on conveyor belt-------
---------baggage detected by sensor------------- 
Baggage weighs: 17.42 kg
baggage is on conveyor belt-------
---------baggage detected by sensor------------- 
Baggage weighs: 19.16 kg
baggage is on conveyor belt-------
---------baggage detected by sensor------------- 
Baggage weighs: 19.52 kg
baggage is on conveyor belt-------
---------baggage detected by sensor------------- 
Baggage weighs: 17.51 kg
baggage is on conveyor belt-------
---------baggage detected by sensor------------- 
Baggage weighs: 17.38 kg
baggage is on conveyor belt-------
---------baggage detected by sensor------------- 
Baggage weighs: 18.67 kg
baggage is on conveyor belt-------
---------baggage detected by sensor------------- 
Baggage weighs: 16.98 kg
baggage is on conveyor belt-------
---------baggage detected by sensor------------- 
Baggage weighs: 21.26 kg
baggage is on conveyor belt-------
---------baggage detected by sensor------------- 
Baggage weighs: 18.3 kg
baggage is on conveyor belt-------
---------baggage detected by sensor------------- 
Baggage weighs: 16.81 kg
baggage is on conveyor belt-------
---------baggage detected by sensor------------- 
Baggage weighs: 20.91 kg
baggage is on conveyor belt-------
---------baggage detected by sensor------------- 
Baggage weighs: 21.21 kg
baggage is on conveyor belt-------
---------baggage detected by sensor------------- 
Baggage weighs: 19.69 kg
baggage is on conveyor belt-------
---------baggage detected by sensor------------- 
Baggage weighs: 18.67 kg
baggage is on conveyor belt-------
---------baggage detected by sensor------------- 
Baggage weighs: 19.12 kg
baggage is on conveyor belt-------
---------baggage detected by sensor------------- 
Baggage weighs: 16.42 kg
baggage is on conveyor belt-------
---------baggage detected by sensor------------- 
Baggage weighs: 19.17 kg
baggage is on conveyor belt-------
---------baggage detected by sensor------------- 
Baggage weighs: 19.0 kg
baggage is on conveyor belt-------
---------baggage detected by sensor------------- 
Baggage weighs: 18.78 kg
baggage is on conveyor belt-------
---------baggage detected by sensor------------- 
Baggage weighs: 20.31 kg
baggage is on conveyor belt-------
---------baggage detected by sensor------------- 
Baggage weighs: 21.25 kg
baggage is on conveyor belt-------
---------baggage detected by sensor------------- 
Baggage weighs: 18.87 kg
baggage is on conveyor belt-------
---------baggage detected by sensor------------- 
Baggage weighs: 16.25 kg
baggage is on conveyor belt-------
---------baggage detected by sensor------------- 
Baggage weighs: 19.94 kg
baggage is on conveyor belt-------
---------baggage detected by sensor------------- 
Baggage weighs: 16.88 kg
baggage is on conveyor belt-------
---------baggage detected by sensor------------- 
Baggage weighs: 18.24 kg
baggage is on conveyor belt-------
---------baggage detected by sensor------------- 
Baggage weighs: 17.16 kg
baggage is on conveyor belt-------
---------baggage detected by sensor------------- 
Baggage weighs: 19.34 kg
baggage is on conveyor belt-------
---------baggage detected by sensor------------- 
Baggage weighs: 22.41 kg
baggage is on conveyor belt-------
---------baggage detected by sensor------------- 
Baggage weighs: 20.47 kg
baggage is on conveyor belt-------
---------baggage detected by sensor------------- 
Baggage weighs: 18.81 kg
baggage is on conveyor belt-------
---------baggage detected by sensor------------- 
Baggage weighs: 18.56 kg
baggage is on conveyor belt-------
---------baggage detected by sensor------------- 
Baggage weighs: 17.77 kg
baggage is on conveyor belt-------
---------baggage detected by sensor------------- 
Baggage weighs: 19.32 kg
baggage is on conveyor belt-------
---------baggage detected by sensor------------- 
Baggage weighs: 19.21 kg
baggage is on conveyor belt-------
---------baggage detected by sensor------------- 
Baggage weighs: 19.13 kg
baggage is on conveyor belt-------
---------baggage detected by sensor------------- 
Baggage weighs: 20.39 kg
baggage is on conveyor belt-------
---------baggage detected by sensor------------- 
Baggage weighs: 21.03 kg
baggage is on conveyor belt-------
---------baggage detected by sensor------------- 
Baggage weighs: 20.05 kg
baggage is on conveyor belt-------
---------baggage detected by sensor------------- 
Baggage weighs: 21.92 kg
baggage is on conveyor belt-------
---------baggage detected by sensor------------- 
Baggage weighs: 19.37 kg
baggage is on conveyor belt-------
---------baggage detected by sensor------------- 
Baggage weighs: 20.35 kg
baggage is on conveyor belt-------
---------baggage detected by sensor------------- 
Baggage weighs: 18.73 kg
baggage is on conveyor belt-------
---------baggage detected by sensor------------- 
Baggage weighs: 20.33 kg
baggage is on conveyor belt-------
---------baggage detected by sensor------------- 
Baggage weighs: 22.01 kg
baggage is on conveyor belt-------
---------baggage detected by sensor------------- 
Baggage weighs: 19.27 kg
baggage is on conveyor belt-------
---------baggage detected by sensor------------- 
Baggage weighs: 21.18 kg
baggage is on conveyor belt-------
---------baggage detected by sensor------------- 
Baggage weighs: 17.16 kg
baggage is on conveyor belt-------
---------baggage detected by sensor------------- 
Baggage weighs: 20.04 kg
baggage is on conveyor belt-------
---------baggage detected by sensor------------- 
Baggage weighs: 20.91 kg
baggage is on conveyor belt-------
---------baggage detected by sensor------------- 
Baggage weighs: 20.3 kg
baggage is on conveyor belt-------
---------baggage detected by sensor------------- 
Baggage weighs: 20.38 kg
baggage is on conveyor belt-------
---------baggage detected by sensor------------- 
Baggage weighs: 16.54 kg
baggage is on conveyor belt-------
---------baggage detected by sensor------------- 
Baggage weighs: 18.87 kg
baggage is on conveyor belt-------
---------baggage detected by sensor------------- 
Baggage weighs: 20.22 kg
baggage is on conveyor belt-------
---------baggage detected by sensor------------- 
Baggage weighs: 20.75 kg
baggage is on conveyor belt-------
---------baggage detected by sensor------------- 
Baggage weighs: 17.4 kg
baggage is on conveyor belt-------
---------baggage detected by sensor------------- 
Baggage weighs: 20.27 kg
baggage is on conveyor belt-------
---------baggage detected by sensor------------- 
Baggage weighs: 17.04 kg
baggage is on conveyor belt-------
---------baggage detected by sensor------------- 
Baggage weighs: 19.84 kg
baggage is on conveyor belt-------
---------baggage detected by sensor------------- 
Baggage weighs: 17.34 kg
baggage is on conveyor belt-------
---------baggage detected by sensor------------- 
Baggage weighs: 18.75 kg
baggage is on conveyor belt-------
---------baggage detected by sensor------------- 
Baggage weighs: 19.12 kg
baggage is on conveyor belt-------
---------baggage detected by sensor------------- 
Baggage weighs: 18.29 kg
baggage is on conveyor belt-------
---------baggage detected by sensor------------- 
Baggage weighs: 17.94 kg
baggage is on conveyor belt-------
---------baggage detected by sensor------------- 
Baggage weighs: 19.09 kg
baggage is on conveyor belt-------
---------baggage detected by sensor------------- 
Baggage weighs: 22.39 kg
baggage is on conveyor belt-------
---------baggage detected by sensor------------- 
Baggage weighs: 21.23 kg
baggage is on conveyor belt-------
---------baggage detected by sensor------------- 
Baggage weighs: 17.56 kg
baggage is on conveyor belt-------
---------baggage detected by sensor------------- 
Baggage weighs: 18.37 kg
baggage is on conveyor belt-------
---------baggage detected by sensor------------- 
Baggage weighs: 21.4 kg
baggage is on conveyor belt-------
---------baggage detected by sensor------------- 
Baggage weighs: 20.25 kg
baggage is on conveyor belt-------
---------baggage detected by sensor------------- 
Baggage weighs: 23.0 kg
baggage is on conveyor belt-------
---------baggage detected by sensor------------- 
Baggage weighs: 17.01 kg
baggage is on conveyor belt-------
---------baggage detected by sensor------------- 
Baggage weighs: 17.39 kg
baggage is on conveyor belt-------
---------baggage detected by sensor------------- 
Baggage weighs: 16.7 kg
baggage is on conveyor belt-------
---------baggage detected by sensor------------- 
Baggage weighs: 16.23 kg
baggage is on conveyor belt-------
---------baggage detected by sensor------------- 
Baggage weighs: 19.13 kg
baggage is on conveyor belt-------
---------baggage detected by sensor------------- 
Baggage weighs: 21.07 kg
baggage is on conveyor belt-------
---------baggage detected by sensor------------- 
Baggage weighs: 17.87 kg
baggage is on conveyor belt-------
---------baggage detected by sensor------------- 
Baggage weighs: 19.92 kg
baggage is on conveyor belt-------
---------baggage detected by sensor------------- 
Baggage weighs: 19.22 kg
baggage is on conveyor belt-------
---------baggage detected by sensor------------- 
Baggage weighs: 21.53 kg
baggage is on conveyor belt-------
---------baggage detected by sensor------------- 
Baggage weighs: 20.29 kg
baggage is on conveyor belt-------
---------baggage detected by sensor------------- 
Baggage weighs: 19.32 kg
baggage is on conveyor belt-------
---------baggage detected by sensor------------- 
Baggage weighs: 17.25 kg
baggage is on conveyor belt-------
---------baggage detected by sensor------------- 
Baggage weighs: 21.3 kg
baggage is on conveyor belt-------
---------baggage detected by sensor------------- 
Baggage weighs: 16.79 kg
baggage is on conveyor belt-------
---------baggage detected by sensor------------- 
Baggage weighs: 19.55 kg
baggage is on conveyor belt-------
---------baggage detected by sensor------------- 
Baggage weighs: 18.88 kg
baggage is on conveyor belt-------
---------baggage detected by sensor------------- 
Baggage weighs: 22.33 kg
baggage is on conveyor belt-------
---------baggage detected by sensor------------- 
Baggage weighs: 20.62 kg
baggage is on conveyor belt-------
---------baggage detected by sensor------------- 
Baggage weighs: 19.42 kg
baggage is on conveyor belt-------
---------baggage detected by sensor------------- 
Baggage weighs: 17.54 kg
baggage is on conveyor belt-------
---------baggage detected by sensor------------- 
Baggage weighs: 21.51 kg
baggage is on conveyor belt-------
---------baggage detected by sensor------------- 
Baggage weighs: 19.46 kg
baggage is on conveyor belt-------
---------baggage detected by sensor------------- 
Baggage weighs: 17.83 kg
baggage is on conveyor belt-------
---------baggage detected by sensor------------- 
Baggage weighs: 17.75 kg
baggage is on conveyor belt-------
---------baggage detected by sensor------------- 
Baggage weighs: 17.44 kg
baggage is on conveyor belt-------
---------baggage detected by sensor------------- 
Baggage weighs: 19.53 kg
baggage is on conveyor belt-------
---------baggage detected by sensor------------- 
Baggage weighs: 17.51 kg
baggage is on conveyor belt-------
---------baggage detected by sensor------------- 
Baggage weighs: 18.2 kg
baggage is on conveyor belt-------
---------baggage detected by sensor------------- 
Baggage weighs: 21.55 kg
baggage is on conveyor belt-------
---------baggage detected by sensor------------- 
Baggage weighs: 19.67 kg
baggage is on conveyor belt-------
---------baggage detected by sensor------------- 
Baggage weighs: 19.52 kg
baggage is on conveyor belt-------
---------baggage detected by sensor------------- 
Baggage weighs: 21.06 kg
baggage is on conveyor belt-------
---------baggage detected by sensor------------- 
Baggage weighs: 17.44 kg
baggage is on conveyor belt-------
---------baggage detected by sensor------------- 
Baggage weighs: 19.21 kg
baggage is on conveyor belt-------
---------baggage detected by sensor------------- 
Baggage weighs: 21.65 kg
baggage is on conveyor belt-------
---------baggage detected by sensor------------- 
Baggage weighs: 19.64 kg
baggage is on conveyor belt-------
---------baggage detected by sensor------------- 
Baggage weighs: 21.03 kg
baggage is on conveyor belt-------
---------baggage detected by sensor------------- 
Baggage weighs: 19.76 kg
baggage is on conveyor belt-------
---------baggage detected by sensor------------- 
Baggage weighs: 21.01 kg
baggage is on conveyor belt-------
---------baggage detected by sensor------------- 
Baggage weighs: 19.11 kg
baggage is on conveyor belt-------
---------baggage detected by sensor------------- 
Baggage weighs: 18.54 kg
baggage is on conveyor belt-------
---------baggage detected by sensor------------- 
Baggage weighs: 16.86 kg
baggage is on conveyor belt-------
---------baggage detected by sensor------------- 
Baggage weighs: 16.59 kg
baggage is on conveyor belt-------
---------baggage detected by sensor------------- 
Baggage weighs: 19.26 kg
baggage is on conveyor belt-------
---------baggage detected by sensor------------- 
Baggage weighs: 18.34 kg
baggage is on conveyor belt-------
---------baggage detected by sensor------------- 
Baggage weighs: 19.09 kg
baggage is on conveyor belt-------
---------baggage detected by sensor------------- 
Baggage weighs: 22.38 kg
baggage is on conveyor belt-------
---------baggage detected by sensor------------- 
Baggage weighs: 22.12 kg
baggage is on conveyor belt-------
---------baggage detected by sensor------------- 
Baggage weighs: 16.75 kg
baggage is on conveyor belt-------
---------baggage detected by sensor------------- 
Baggage weighs: 20.36 kg
baggage is on conveyor belt-------
---------baggage detected by sensor------------- 
Baggage weighs: 20.94 kg
baggage is on conveyor belt-------
---------baggage detected by sensor------------- 
Baggage weighs: 19.8 kg
baggage is on conveyor belt-------
---------baggage detected by sensor------------- 
Baggage weighs: 19.12 kg
baggage is on conveyor belt-------
---------baggage detected by sensor------------- 
Baggage weighs: 16.93 kg
baggage is on conveyor belt-------
---------baggage detected by sensor------------- 
Baggage weighs: 20.48 kg
baggage is on conveyor belt-------
---------baggage detected by sensor------------- 
Baggage weighs: 17.63 kg
baggage is on conveyor belt-------
---------baggage detected by sensor------------- 
Baggage weighs: 19.86 kg
baggage is on conveyor belt-------
---------baggage detected by sensor------------- 
Baggage weighs: 19.4 kg
baggage is on conveyor belt-------
---------baggage detected by sensor------------- 
Baggage weighs: 19.0 kg
baggage is on conveyor belt-------
---------baggage detected by sensor------------- 
Baggage weighs: 20.5 kg
baggage is on conveyor belt-------
---------baggage detected by sensor------------- 
Baggage weighs: 21.9 kg
baggage is on conveyor belt-------
---------baggage detected by sensor------------- 
Baggage weighs: 19.82 kg
baggage is on conveyor belt-------
---------baggage detected by sensor------------- 
Baggage weighs: 18.98 kg
baggage is on conveyor belt-------
---------baggage detected by sensor------------- 
Baggage weighs: 19.28 kg
baggage is on conveyor belt-------
---------baggage detected by sensor------------- 
Baggage weighs: 18.06 kg
baggage is on conveyor belt-------
---------baggage detected by sensor------------- 
Baggage weighs: 20.2 kg
baggage is on conveyor belt-------
---------baggage detected by sensor------------- 
Baggage weighs: 19.74 kg
baggage is on conveyor belt-------
---------baggage detected by sensor------------- 
Baggage weighs: 17.44 kg
Seat with ID: 30E has been reserved for you!

BOARDING PASS FOR ELLIOTT RUSH
-----------------------------------------------------------------------------
LUFTHANSA                      8v1bohz5ydm82lt /  Elliott Rush
Elliott Rush                                     /  8v1bohz5ydm82lt
FRA   LH2121   E  30.Oct                       /  FRA
HKG                                            /  HKG
SEAT ID: 30E                                   /  LH2121 E 30.Oct
SEQ: 139                                      / GATE: A05   22:00
MAX 1  HANDLUGGAGE/ LUGGAGE
-----------------------------------------------------------------------------
sorry Elliott Rush we have no voucher for you! Have a nice day!

---------------------------------------------------------------------------------------------------------------
scanning passport with passport id: JGVOM0A16
searching for ticket in fast bag drop database..............
Ticket found for Freda Mccann and Flight LH2121
----searching flight seat for Freda Mccann---------
Found a seat with ID 30G
Below details were found in database
------------------------------------------
Name: Freda Mccann
Flight ID: LH2121
Source: FRA
Destination: HKG
Gate No: A05
Boarding time: 22:00
Ticket ID: 6rb4u5tqxqqfcsu
Booking Class: E
------------------------------------------

Proceed with check-in for flight LH2121 ?
Type YES to CHECK-IN or NO to cancel CHECK-IN
Freda Mccann is deciding whether to check-in or to go back home and sleep............
YES CHECK-IN
Checking you in...............
baggage is on conveyor belt-------
---------baggage detected by sensor------------- 
Baggage weighs: 21.58 kg
baggage is on conveyor belt-------
---------baggage detected by sensor------------- 
Baggage weighs: 20.43 kg
baggage is on conveyor belt-------
---------baggage detected by sensor------------- 
Baggage weighs: 18.47 kg
baggage is on conveyor belt-------
---------baggage detected by sensor------------- 
Baggage weighs: 17.86 kg
baggage is on conveyor belt-------
---------baggage detected by sensor------------- 
Baggage weighs: 18.65 kg
baggage is on conveyor belt-------
---------baggage detected by sensor------------- 
Baggage weighs: 19.27 kg
baggage is on conveyor belt-------
---------baggage detected by sensor------------- 
Baggage weighs: 17.42 kg
baggage is on conveyor belt-------
---------baggage detected by sensor------------- 
Baggage weighs: 19.16 kg
baggage is on conveyor belt-------
---------baggage detected by sensor------------- 
Baggage weighs: 19.52 kg
baggage is on conveyor belt-------
---------baggage detected by sensor------------- 
Baggage weighs: 17.51 kg
baggage is on conveyor belt-------
---------baggage detected by sensor------------- 
Baggage weighs: 17.38 kg
baggage is on conveyor belt-------
---------baggage detected by sensor------------- 
Baggage weighs: 18.67 kg
baggage is on conveyor belt-------
---------baggage detected by sensor------------- 
Baggage weighs: 16.98 kg
baggage is on conveyor belt-------
---------baggage detected by sensor------------- 
Baggage weighs: 21.26 kg
baggage is on conveyor belt-------
---------baggage detected by sensor------------- 
Baggage weighs: 18.3 kg
baggage is on conveyor belt-------
---------baggage detected by sensor------------- 
Baggage weighs: 16.81 kg
baggage is on conveyor belt-------
---------baggage detected by sensor------------- 
Baggage weighs: 20.91 kg
baggage is on conveyor belt-------
---------baggage detected by sensor------------- 
Baggage weighs: 21.21 kg
baggage is on conveyor belt-------
---------baggage detected by sensor------------- 
Baggage weighs: 19.69 kg
baggage is on conveyor belt-------
---------baggage detected by sensor------------- 
Baggage weighs: 18.67 kg
baggage is on conveyor belt-------
---------baggage detected by sensor------------- 
Baggage weighs: 19.12 kg
baggage is on conveyor belt-------
---------baggage detected by sensor------------- 
Baggage weighs: 16.42 kg
baggage is on conveyor belt-------
---------baggage detected by sensor------------- 
Baggage weighs: 19.17 kg
baggage is on conveyor belt-------
---------baggage detected by sensor------------- 
Baggage weighs: 19.0 kg
baggage is on conveyor belt-------
---------baggage detected by sensor------------- 
Baggage weighs: 18.78 kg
baggage is on conveyor belt-------
---------baggage detected by sensor------------- 
Baggage weighs: 20.31 kg
baggage is on conveyor belt-------
---------baggage detected by sensor------------- 
Baggage weighs: 21.25 kg
baggage is on conveyor belt-------
---------baggage detected by sensor------------- 
Baggage weighs: 18.87 kg
baggage is on conveyor belt-------
---------baggage detected by sensor------------- 
Baggage weighs: 16.25 kg
baggage is on conveyor belt-------
---------baggage detected by sensor------------- 
Baggage weighs: 19.94 kg
baggage is on conveyor belt-------
---------baggage detected by sensor------------- 
Baggage weighs: 16.88 kg
baggage is on conveyor belt-------
---------baggage detected by sensor------------- 
Baggage weighs: 18.24 kg
baggage is on conveyor belt-------
---------baggage detected by sensor------------- 
Baggage weighs: 17.16 kg
baggage is on conveyor belt-------
---------baggage detected by sensor------------- 
Baggage weighs: 19.34 kg
baggage is on conveyor belt-------
---------baggage detected by sensor------------- 
Baggage weighs: 22.41 kg
baggage is on conveyor belt-------
---------baggage detected by sensor------------- 
Baggage weighs: 20.47 kg
baggage is on conveyor belt-------
---------baggage detected by sensor------------- 
Baggage weighs: 18.81 kg
baggage is on conveyor belt-------
---------baggage detected by sensor------------- 
Baggage weighs: 18.56 kg
baggage is on conveyor belt-------
---------baggage detected by sensor------------- 
Baggage weighs: 17.77 kg
baggage is on conveyor belt-------
---------baggage detected by sensor------------- 
Baggage weighs: 19.32 kg
baggage is on conveyor belt-------
---------baggage detected by sensor------------- 
Baggage weighs: 19.21 kg
baggage is on conveyor belt-------
---------baggage detected by sensor------------- 
Baggage weighs: 19.13 kg
baggage is on conveyor belt-------
---------baggage detected by sensor------------- 
Baggage weighs: 20.39 kg
baggage is on conveyor belt-------
---------baggage detected by sensor------------- 
Baggage weighs: 21.03 kg
baggage is on conveyor belt-------
---------baggage detected by sensor------------- 
Baggage weighs: 20.05 kg
baggage is on conveyor belt-------
---------baggage detected by sensor------------- 
Baggage weighs: 21.92 kg
baggage is on conveyor belt-------
---------baggage detected by sensor------------- 
Baggage weighs: 19.37 kg
baggage is on conveyor belt-------
---------baggage detected by sensor------------- 
Baggage weighs: 20.35 kg
baggage is on conveyor belt-------
---------baggage detected by sensor------------- 
Baggage weighs: 18.73 kg
baggage is on conveyor belt-------
---------baggage detected by sensor------------- 
Baggage weighs: 20.33 kg
baggage is on conveyor belt-------
---------baggage detected by sensor------------- 
Baggage weighs: 22.01 kg
baggage is on conveyor belt-------
---------baggage detected by sensor------------- 
Baggage weighs: 19.27 kg
baggage is on conveyor belt-------
---------baggage detected by sensor------------- 
Baggage weighs: 21.18 kg
baggage is on conveyor belt-------
---------baggage detected by sensor------------- 
Baggage weighs: 17.16 kg
baggage is on conveyor belt-------
---------baggage detected by sensor------------- 
Baggage weighs: 20.04 kg
baggage is on conveyor belt-------
---------baggage detected by sensor------------- 
Baggage weighs: 20.91 kg
baggage is on conveyor belt-------
---------baggage detected by sensor------------- 
Baggage weighs: 20.3 kg
baggage is on conveyor belt-------
---------baggage detected by sensor------------- 
Baggage weighs: 20.38 kg
baggage is on conveyor belt-------
---------baggage detected by sensor------------- 
Baggage weighs: 16.54 kg
baggage is on conveyor belt-------
---------baggage detected by sensor------------- 
Baggage weighs: 18.87 kg
baggage is on conveyor belt-------
---------baggage detected by sensor------------- 
Baggage weighs: 20.22 kg
baggage is on conveyor belt-------
---------baggage detected by sensor------------- 
Baggage weighs: 20.75 kg
baggage is on conveyor belt-------
---------baggage detected by sensor------------- 
Baggage weighs: 17.4 kg
baggage is on conveyor belt-------
---------baggage detected by sensor------------- 
Baggage weighs: 20.27 kg
baggage is on conveyor belt-------
---------baggage detected by sensor------------- 
Baggage weighs: 17.04 kg
baggage is on conveyor belt-------
---------baggage detected by sensor------------- 
Baggage weighs: 19.84 kg
baggage is on conveyor belt-------
---------baggage detected by sensor------------- 
Baggage weighs: 17.34 kg
baggage is on conveyor belt-------
---------baggage detected by sensor------------- 
Baggage weighs: 18.75 kg
baggage is on conveyor belt-------
---------baggage detected by sensor------------- 
Baggage weighs: 19.12 kg
baggage is on conveyor belt-------
---------baggage detected by sensor------------- 
Baggage weighs: 18.29 kg
baggage is on conveyor belt-------
---------baggage detected by sensor------------- 
Baggage weighs: 17.94 kg
baggage is on conveyor belt-------
---------baggage detected by sensor------------- 
Baggage weighs: 19.09 kg
baggage is on conveyor belt-------
---------baggage detected by sensor------------- 
Baggage weighs: 22.39 kg
baggage is on conveyor belt-------
---------baggage detected by sensor------------- 
Baggage weighs: 21.23 kg
baggage is on conveyor belt-------
---------baggage detected by sensor------------- 
Baggage weighs: 17.56 kg
baggage is on conveyor belt-------
---------baggage detected by sensor------------- 
Baggage weighs: 18.37 kg
baggage is on conveyor belt-------
---------baggage detected by sensor------------- 
Baggage weighs: 21.4 kg
baggage is on conveyor belt-------
---------baggage detected by sensor------------- 
Baggage weighs: 20.25 kg
baggage is on conveyor belt-------
---------baggage detected by sensor------------- 
Baggage weighs: 23.0 kg
baggage is on conveyor belt-------
---------baggage detected by sensor------------- 
Baggage weighs: 17.01 kg
baggage is on conveyor belt-------
---------baggage detected by sensor------------- 
Baggage weighs: 17.39 kg
baggage is on conveyor belt-------
---------baggage detected by sensor------------- 
Baggage weighs: 16.7 kg
baggage is on conveyor belt-------
---------baggage detected by sensor------------- 
Baggage weighs: 16.23 kg
baggage is on conveyor belt-------
---------baggage detected by sensor------------- 
Baggage weighs: 19.13 kg
baggage is on conveyor belt-------
---------baggage detected by sensor------------- 
Baggage weighs: 21.07 kg
baggage is on conveyor belt-------
---------baggage detected by sensor------------- 
Baggage weighs: 17.87 kg
baggage is on conveyor belt-------
---------baggage detected by sensor------------- 
Baggage weighs: 19.92 kg
baggage is on conveyor belt-------
---------baggage detected by sensor------------- 
Baggage weighs: 19.22 kg
baggage is on conveyor belt-------
---------baggage detected by sensor------------- 
Baggage weighs: 21.53 kg
baggage is on conveyor belt-------
---------baggage detected by sensor------------- 
Baggage weighs: 20.29 kg
baggage is on conveyor belt-------
---------baggage detected by sensor------------- 
Baggage weighs: 19.32 kg
baggage is on conveyor belt-------
---------baggage detected by sensor------------- 
Baggage weighs: 17.25 kg
baggage is on conveyor belt-------
---------baggage detected by sensor------------- 
Baggage weighs: 21.3 kg
baggage is on conveyor belt-------
---------baggage detected by sensor------------- 
Baggage weighs: 16.79 kg
baggage is on conveyor belt-------
---------baggage detected by sensor------------- 
Baggage weighs: 19.55 kg
baggage is on conveyor belt-------
---------baggage detected by sensor------------- 
Baggage weighs: 18.88 kg
baggage is on conveyor belt-------
---------baggage detected by sensor------------- 
Baggage weighs: 22.33 kg
baggage is on conveyor belt-------
---------baggage detected by sensor------------- 
Baggage weighs: 20.62 kg
baggage is on conveyor belt-------
---------baggage detected by sensor------------- 
Baggage weighs: 19.42 kg
baggage is on conveyor belt-------
---------baggage detected by sensor------------- 
Baggage weighs: 17.54 kg
baggage is on conveyor belt-------
---------baggage detected by sensor------------- 
Baggage weighs: 21.51 kg
baggage is on conveyor belt-------
---------baggage detected by sensor------------- 
Baggage weighs: 19.46 kg
baggage is on conveyor belt-------
---------baggage detected by sensor------------- 
Baggage weighs: 17.83 kg
baggage is on conveyor belt-------
---------baggage detected by sensor------------- 
Baggage weighs: 17.75 kg
baggage is on conveyor belt-------
---------baggage detected by sensor------------- 
Baggage weighs: 17.44 kg
baggage is on conveyor belt-------
---------baggage detected by sensor------------- 
Baggage weighs: 19.53 kg
baggage is on conveyor belt-------
---------baggage detected by sensor------------- 
Baggage weighs: 17.51 kg
baggage is on conveyor belt-------
---------baggage detected by sensor------------- 
Baggage weighs: 18.2 kg
baggage is on conveyor belt-------
---------baggage detected by sensor------------- 
Baggage weighs: 21.55 kg
baggage is on conveyor belt-------
---------baggage detected by sensor------------- 
Baggage weighs: 19.67 kg
baggage is on conveyor belt-------
---------baggage detected by sensor------------- 
Baggage weighs: 19.52 kg
baggage is on conveyor belt-------
---------baggage detected by sensor------------- 
Baggage weighs: 21.06 kg
baggage is on conveyor belt-------
---------baggage detected by sensor------------- 
Baggage weighs: 17.44 kg
baggage is on conveyor belt-------
---------baggage detected by sensor------------- 
Baggage weighs: 19.21 kg
baggage is on conveyor belt-------
---------baggage detected by sensor------------- 
Baggage weighs: 21.65 kg
baggage is on conveyor belt-------
---------baggage detected by sensor------------- 
Baggage weighs: 19.64 kg
baggage is on conveyor belt-------
---------baggage detected by sensor------------- 
Baggage weighs: 21.03 kg
baggage is on conveyor belt-------
---------baggage detected by sensor------------- 
Baggage weighs: 19.76 kg
baggage is on conveyor belt-------
---------baggage detected by sensor------------- 
Baggage weighs: 21.01 kg
baggage is on conveyor belt-------
---------baggage detected by sensor------------- 
Baggage weighs: 19.11 kg
baggage is on conveyor belt-------
---------baggage detected by sensor------------- 
Baggage weighs: 18.54 kg
baggage is on conveyor belt-------
---------baggage detected by sensor------------- 
Baggage weighs: 16.86 kg
baggage is on conveyor belt-------
---------baggage detected by sensor------------- 
Baggage weighs: 16.59 kg
baggage is on conveyor belt-------
---------baggage detected by sensor------------- 
Baggage weighs: 19.26 kg
baggage is on conveyor belt-------
---------baggage detected by sensor------------- 
Baggage weighs: 18.34 kg
baggage is on conveyor belt-------
---------baggage detected by sensor------------- 
Baggage weighs: 19.09 kg
baggage is on conveyor belt-------
---------baggage detected by sensor------------- 
Baggage weighs: 22.38 kg
baggage is on conveyor belt-------
---------baggage detected by sensor------------- 
Baggage weighs: 22.12 kg
baggage is on conveyor belt-------
---------baggage detected by sensor------------- 
Baggage weighs: 16.75 kg
baggage is on conveyor belt-------
---------baggage detected by sensor------------- 
Baggage weighs: 20.36 kg
baggage is on conveyor belt-------
---------baggage detected by sensor------------- 
Baggage weighs: 20.94 kg
baggage is on conveyor belt-------
---------baggage detected by sensor------------- 
Baggage weighs: 19.8 kg
baggage is on conveyor belt-------
---------baggage detected by sensor------------- 
Baggage weighs: 19.12 kg
baggage is on conveyor belt-------
---------baggage detected by sensor------------- 
Baggage weighs: 16.93 kg
baggage is on conveyor belt-------
---------baggage detected by sensor------------- 
Baggage weighs: 20.48 kg
baggage is on conveyor belt-------
---------baggage detected by sensor------------- 
Baggage weighs: 17.63 kg
baggage is on conveyor belt-------
---------baggage detected by sensor------------- 
Baggage weighs: 19.86 kg
baggage is on conveyor belt-------
---------baggage detected by sensor------------- 
Baggage weighs: 19.4 kg
baggage is on conveyor belt-------
---------baggage detected by sensor------------- 
Baggage weighs: 19.0 kg
baggage is on conveyor belt-------
---------baggage detected by sensor------------- 
Baggage weighs: 20.5 kg
baggage is on conveyor belt-------
---------baggage detected by sensor------------- 
Baggage weighs: 21.9 kg
baggage is on conveyor belt-------
---------baggage detected by sensor------------- 
Baggage weighs: 19.82 kg
baggage is on conveyor belt-------
---------baggage detected by sensor------------- 
Baggage weighs: 18.98 kg
baggage is on conveyor belt-------
---------baggage detected by sensor------------- 
Baggage weighs: 19.28 kg
baggage is on conveyor belt-------
---------baggage detected by sensor------------- 
Baggage weighs: 18.06 kg
baggage is on conveyor belt-------
---------baggage detected by sensor------------- 
Baggage weighs: 20.2 kg
baggage is on conveyor belt-------
---------baggage detected by sensor------------- 
Baggage weighs: 19.74 kg
baggage is on conveyor belt-------
---------baggage detected by sensor------------- 
Baggage weighs: 17.44 kg
baggage is on conveyor belt-------
---------baggage detected by sensor------------- 
Baggage weighs: 19.36 kg
Seat with ID: 30G has been reserved for you!

BOARDING PASS FOR FREDA MCCANN
-----------------------------------------------------------------------------
LUFTHANSA                      6rb4u5tqxqqfcsu /  Freda Mccann
Freda Mccann                                     /  6rb4u5tqxqqfcsu
FRA   LH2121   E  30.Oct                       /  FRA
HKG                                            /  HKG
SEAT ID: 30G                                   /  LH2121 E 30.Oct
SEQ: 140                                      / GATE: A05   22:00
MAX 1  HANDLUGGAGE/ LUGGAGE
-----------------------------------------------------------------------------
sorry Freda Mccann we have no voucher for you! Have a nice day!

---------------------------------------------------------------------------------------------------------------
scanning passport with passport id: DTCK4JZNM
searching for ticket in fast bag drop database..............
Ticket found for Brain Weaver and Flight LH2121
----searching flight seat for Brain Weaver---------
Found a seat with ID 30H
Below details were found in database
------------------------------------------
Name: Brain Weaver
Flight ID: LH2121
Source: FRA
Destination: HKG
Gate No: A05
Boarding time: 22:00
Ticket ID: hlo9kppyj6hl9b8
Booking Class: E
------------------------------------------

Proceed with check-in for flight LH2121 ?
Type YES to CHECK-IN or NO to cancel CHECK-IN
Brain Weaver is deciding whether to check-in or to go back home and sleep............
YES CHECK-IN
Checking you in...............
baggage is on conveyor belt-------
---------baggage detected by sensor------------- 
Baggage weighs: 21.58 kg
baggage is on conveyor belt-------
---------baggage detected by sensor------------- 
Baggage weighs: 20.43 kg
baggage is on conveyor belt-------
---------baggage detected by sensor------------- 
Baggage weighs: 18.47 kg
baggage is on conveyor belt-------
---------baggage detected by sensor------------- 
Baggage weighs: 17.86 kg
baggage is on conveyor belt-------
---------baggage detected by sensor------------- 
Baggage weighs: 18.65 kg
baggage is on conveyor belt-------
---------baggage detected by sensor------------- 
Baggage weighs: 19.27 kg
baggage is on conveyor belt-------
---------baggage detected by sensor------------- 
Baggage weighs: 17.42 kg
baggage is on conveyor belt-------
---------baggage detected by sensor------------- 
Baggage weighs: 19.16 kg
baggage is on conveyor belt-------
---------baggage detected by sensor------------- 
Baggage weighs: 19.52 kg
baggage is on conveyor belt-------
---------baggage detected by sensor------------- 
Baggage weighs: 17.51 kg
baggage is on conveyor belt-------
---------baggage detected by sensor------------- 
Baggage weighs: 17.38 kg
baggage is on conveyor belt-------
---------baggage detected by sensor------------- 
Baggage weighs: 18.67 kg
baggage is on conveyor belt-------
---------baggage detected by sensor------------- 
Baggage weighs: 16.98 kg
baggage is on conveyor belt-------
---------baggage detected by sensor------------- 
Baggage weighs: 21.26 kg
baggage is on conveyor belt-------
---------baggage detected by sensor------------- 
Baggage weighs: 18.3 kg
baggage is on conveyor belt-------
---------baggage detected by sensor------------- 
Baggage weighs: 16.81 kg
baggage is on conveyor belt-------
---------baggage detected by sensor------------- 
Baggage weighs: 20.91 kg
baggage is on conveyor belt-------
---------baggage detected by sensor------------- 
Baggage weighs: 21.21 kg
baggage is on conveyor belt-------
---------baggage detected by sensor------------- 
Baggage weighs: 19.69 kg
baggage is on conveyor belt-------
---------baggage detected by sensor------------- 
Baggage weighs: 18.67 kg
baggage is on conveyor belt-------
---------baggage detected by sensor------------- 
Baggage weighs: 19.12 kg
baggage is on conveyor belt-------
---------baggage detected by sensor------------- 
Baggage weighs: 16.42 kg
baggage is on conveyor belt-------
---------baggage detected by sensor------------- 
Baggage weighs: 19.17 kg
baggage is on conveyor belt-------
---------baggage detected by sensor------------- 
Baggage weighs: 19.0 kg
baggage is on conveyor belt-------
---------baggage detected by sensor------------- 
Baggage weighs: 18.78 kg
baggage is on conveyor belt-------
---------baggage detected by sensor------------- 
Baggage weighs: 20.31 kg
baggage is on conveyor belt-------
---------baggage detected by sensor------------- 
Baggage weighs: 21.25 kg
baggage is on conveyor belt-------
---------baggage detected by sensor------------- 
Baggage weighs: 18.87 kg
baggage is on conveyor belt-------
---------baggage detected by sensor------------- 
Baggage weighs: 16.25 kg
baggage is on conveyor belt-------
---------baggage detected by sensor------------- 
Baggage weighs: 19.94 kg
baggage is on conveyor belt-------
---------baggage detected by sensor------------- 
Baggage weighs: 16.88 kg
baggage is on conveyor belt-------
---------baggage detected by sensor------------- 
Baggage weighs: 18.24 kg
baggage is on conveyor belt-------
---------baggage detected by sensor------------- 
Baggage weighs: 17.16 kg
baggage is on conveyor belt-------
---------baggage detected by sensor------------- 
Baggage weighs: 19.34 kg
baggage is on conveyor belt-------
---------baggage detected by sensor------------- 
Baggage weighs: 22.41 kg
baggage is on conveyor belt-------
---------baggage detected by sensor------------- 
Baggage weighs: 20.47 kg
baggage is on conveyor belt-------
---------baggage detected by sensor------------- 
Baggage weighs: 18.81 kg
baggage is on conveyor belt-------
---------baggage detected by sensor------------- 
Baggage weighs: 18.56 kg
baggage is on conveyor belt-------
---------baggage detected by sensor------------- 
Baggage weighs: 17.77 kg
baggage is on conveyor belt-------
---------baggage detected by sensor------------- 
Baggage weighs: 19.32 kg
baggage is on conveyor belt-------
---------baggage detected by sensor------------- 
Baggage weighs: 19.21 kg
baggage is on conveyor belt-------
---------baggage detected by sensor------------- 
Baggage weighs: 19.13 kg
baggage is on conveyor belt-------
---------baggage detected by sensor------------- 
Baggage weighs: 20.39 kg
baggage is on conveyor belt-------
---------baggage detected by sensor------------- 
Baggage weighs: 21.03 kg
baggage is on conveyor belt-------
---------baggage detected by sensor------------- 
Baggage weighs: 20.05 kg
baggage is on conveyor belt-------
---------baggage detected by sensor------------- 
Baggage weighs: 21.92 kg
baggage is on conveyor belt-------
---------baggage detected by sensor------------- 
Baggage weighs: 19.37 kg
baggage is on conveyor belt-------
---------baggage detected by sensor------------- 
Baggage weighs: 20.35 kg
baggage is on conveyor belt-------
---------baggage detected by sensor------------- 
Baggage weighs: 18.73 kg
baggage is on conveyor belt-------
---------baggage detected by sensor------------- 
Baggage weighs: 20.33 kg
baggage is on conveyor belt-------
---------baggage detected by sensor------------- 
Baggage weighs: 22.01 kg
baggage is on conveyor belt-------
---------baggage detected by sensor------------- 
Baggage weighs: 19.27 kg
baggage is on conveyor belt-------
---------baggage detected by sensor------------- 
Baggage weighs: 21.18 kg
baggage is on conveyor belt-------
---------baggage detected by sensor------------- 
Baggage weighs: 17.16 kg
baggage is on conveyor belt-------
---------baggage detected by sensor------------- 
Baggage weighs: 20.04 kg
baggage is on conveyor belt-------
---------baggage detected by sensor------------- 
Baggage weighs: 20.91 kg
baggage is on conveyor belt-------
---------baggage detected by sensor------------- 
Baggage weighs: 20.3 kg
baggage is on conveyor belt-------
---------baggage detected by sensor------------- 
Baggage weighs: 20.38 kg
baggage is on conveyor belt-------
---------baggage detected by sensor------------- 
Baggage weighs: 16.54 kg
baggage is on conveyor belt-------
---------baggage detected by sensor------------- 
Baggage weighs: 18.87 kg
baggage is on conveyor belt-------
---------baggage detected by sensor------------- 
Baggage weighs: 20.22 kg
baggage is on conveyor belt-------
---------baggage detected by sensor------------- 
Baggage weighs: 20.75 kg
baggage is on conveyor belt-------
---------baggage detected by sensor------------- 
Baggage weighs: 17.4 kg
baggage is on conveyor belt-------
---------baggage detected by sensor------------- 
Baggage weighs: 20.27 kg
baggage is on conveyor belt-------
---------baggage detected by sensor------------- 
Baggage weighs: 17.04 kg
baggage is on conveyor belt-------
---------baggage detected by sensor------------- 
Baggage weighs: 19.84 kg
baggage is on conveyor belt-------
---------baggage detected by sensor------------- 
Baggage weighs: 17.34 kg
baggage is on conveyor belt-------
---------baggage detected by sensor------------- 
Baggage weighs: 18.75 kg
baggage is on conveyor belt-------
---------baggage detected by sensor------------- 
Baggage weighs: 19.12 kg
baggage is on conveyor belt-------
---------baggage detected by sensor------------- 
Baggage weighs: 18.29 kg
baggage is on conveyor belt-------
---------baggage detected by sensor------------- 
Baggage weighs: 17.94 kg
baggage is on conveyor belt-------
---------baggage detected by sensor------------- 
Baggage weighs: 19.09 kg
baggage is on conveyor belt-------
---------baggage detected by sensor------------- 
Baggage weighs: 22.39 kg
baggage is on conveyor belt-------
---------baggage detected by sensor------------- 
Baggage weighs: 21.23 kg
baggage is on conveyor belt-------
---------baggage detected by sensor------------- 
Baggage weighs: 17.56 kg
baggage is on conveyor belt-------
---------baggage detected by sensor------------- 
Baggage weighs: 18.37 kg
baggage is on conveyor belt-------
---------baggage detected by sensor------------- 
Baggage weighs: 21.4 kg
baggage is on conveyor belt-------
---------baggage detected by sensor------------- 
Baggage weighs: 20.25 kg
baggage is on conveyor belt-------
---------baggage detected by sensor------------- 
Baggage weighs: 23.0 kg
baggage is on conveyor belt-------
---------baggage detected by sensor------------- 
Baggage weighs: 17.01 kg
baggage is on conveyor belt-------
---------baggage detected by sensor------------- 
Baggage weighs: 17.39 kg
baggage is on conveyor belt-------
---------baggage detected by sensor------------- 
Baggage weighs: 16.7 kg
baggage is on conveyor belt-------
---------baggage detected by sensor------------- 
Baggage weighs: 16.23 kg
baggage is on conveyor belt-------
---------baggage detected by sensor------------- 
Baggage weighs: 19.13 kg
baggage is on conveyor belt-------
---------baggage detected by sensor------------- 
Baggage weighs: 21.07 kg
baggage is on conveyor belt-------
---------baggage detected by sensor------------- 
Baggage weighs: 17.87 kg
baggage is on conveyor belt-------
---------baggage detected by sensor------------- 
Baggage weighs: 19.92 kg
baggage is on conveyor belt-------
---------baggage detected by sensor------------- 
Baggage weighs: 19.22 kg
baggage is on conveyor belt-------
---------baggage detected by sensor------------- 
Baggage weighs: 21.53 kg
baggage is on conveyor belt-------
---------baggage detected by sensor------------- 
Baggage weighs: 20.29 kg
baggage is on conveyor belt-------
---------baggage detected by sensor------------- 
Baggage weighs: 19.32 kg
baggage is on conveyor belt-------
---------baggage detected by sensor------------- 
Baggage weighs: 17.25 kg
baggage is on conveyor belt-------
---------baggage detected by sensor------------- 
Baggage weighs: 21.3 kg
baggage is on conveyor belt-------
---------baggage detected by sensor------------- 
Baggage weighs: 16.79 kg
baggage is on conveyor belt-------
---------baggage detected by sensor------------- 
Baggage weighs: 19.55 kg
baggage is on conveyor belt-------
---------baggage detected by sensor------------- 
Baggage weighs: 18.88 kg
baggage is on conveyor belt-------
---------baggage detected by sensor------------- 
Baggage weighs: 22.33 kg
baggage is on conveyor belt-------
---------baggage detected by sensor------------- 
Baggage weighs: 20.62 kg
baggage is on conveyor belt-------
---------baggage detected by sensor------------- 
Baggage weighs: 19.42 kg
baggage is on conveyor belt-------
---------baggage detected by sensor------------- 
Baggage weighs: 17.54 kg
baggage is on conveyor belt-------
---------baggage detected by sensor------------- 
Baggage weighs: 21.51 kg
baggage is on conveyor belt-------
---------baggage detected by sensor------------- 
Baggage weighs: 19.46 kg
baggage is on conveyor belt-------
---------baggage detected by sensor------------- 
Baggage weighs: 17.83 kg
baggage is on conveyor belt-------
---------baggage detected by sensor------------- 
Baggage weighs: 17.75 kg
baggage is on conveyor belt-------
---------baggage detected by sensor------------- 
Baggage weighs: 17.44 kg
baggage is on conveyor belt-------
---------baggage detected by sensor------------- 
Baggage weighs: 19.53 kg
baggage is on conveyor belt-------
---------baggage detected by sensor------------- 
Baggage weighs: 17.51 kg
baggage is on conveyor belt-------
---------baggage detected by sensor------------- 
Baggage weighs: 18.2 kg
baggage is on conveyor belt-------
---------baggage detected by sensor------------- 
Baggage weighs: 21.55 kg
baggage is on conveyor belt-------
---------baggage detected by sensor------------- 
Baggage weighs: 19.67 kg
baggage is on conveyor belt-------
---------baggage detected by sensor------------- 
Baggage weighs: 19.52 kg
baggage is on conveyor belt-------
---------baggage detected by sensor------------- 
Baggage weighs: 21.06 kg
baggage is on conveyor belt-------
---------baggage detected by sensor------------- 
Baggage weighs: 17.44 kg
baggage is on conveyor belt-------
---------baggage detected by sensor------------- 
Baggage weighs: 19.21 kg
baggage is on conveyor belt-------
---------baggage detected by sensor------------- 
Baggage weighs: 21.65 kg
baggage is on conveyor belt-------
---------baggage detected by sensor------------- 
Baggage weighs: 19.64 kg
baggage is on conveyor belt-------
---------baggage detected by sensor------------- 
Baggage weighs: 21.03 kg
baggage is on conveyor belt-------
---------baggage detected by sensor------------- 
Baggage weighs: 19.76 kg
baggage is on conveyor belt-------
---------baggage detected by sensor------------- 
Baggage weighs: 21.01 kg
baggage is on conveyor belt-------
---------baggage detected by sensor------------- 
Baggage weighs: 19.11 kg
baggage is on conveyor belt-------
---------baggage detected by sensor------------- 
Baggage weighs: 18.54 kg
baggage is on conveyor belt-------
---------baggage detected by sensor------------- 
Baggage weighs: 16.86 kg
baggage is on conveyor belt-------
---------baggage detected by sensor------------- 
Baggage weighs: 16.59 kg
baggage is on conveyor belt-------
---------baggage detected by sensor------------- 
Baggage weighs: 19.26 kg
baggage is on conveyor belt-------
---------baggage detected by sensor------------- 
Baggage weighs: 18.34 kg
baggage is on conveyor belt-------
---------baggage detected by sensor------------- 
Baggage weighs: 19.09 kg
baggage is on conveyor belt-------
---------baggage detected by sensor------------- 
Baggage weighs: 22.38 kg
baggage is on conveyor belt-------
---------baggage detected by sensor------------- 
Baggage weighs: 22.12 kg
baggage is on conveyor belt-------
---------baggage detected by sensor------------- 
Baggage weighs: 16.75 kg
baggage is on conveyor belt-------
---------baggage detected by sensor------------- 
Baggage weighs: 20.36 kg
baggage is on conveyor belt-------
---------baggage detected by sensor------------- 
Baggage weighs: 20.94 kg
baggage is on conveyor belt-------
---------baggage detected by sensor------------- 
Baggage weighs: 19.8 kg
baggage is on conveyor belt-------
---------baggage detected by sensor------------- 
Baggage weighs: 19.12 kg
baggage is on conveyor belt-------
---------baggage detected by sensor------------- 
Baggage weighs: 16.93 kg
baggage is on conveyor belt-------
---------baggage detected by sensor------------- 
Baggage weighs: 20.48 kg
baggage is on conveyor belt-------
---------baggage detected by sensor------------- 
Baggage weighs: 17.63 kg
baggage is on conveyor belt-------
---------baggage detected by sensor------------- 
Baggage weighs: 19.86 kg
baggage is on conveyor belt-------
---------baggage detected by sensor------------- 
Baggage weighs: 19.4 kg
baggage is on conveyor belt-------
---------baggage detected by sensor------------- 
Baggage weighs: 19.0 kg
baggage is on conveyor belt-------
---------baggage detected by sensor------------- 
Baggage weighs: 20.5 kg
baggage is on conveyor belt-------
---------baggage detected by sensor------------- 
Baggage weighs: 21.9 kg
baggage is on conveyor belt-------
---------baggage detected by sensor------------- 
Baggage weighs: 19.82 kg
baggage is on conveyor belt-------
---------baggage detected by sensor------------- 
Baggage weighs: 18.98 kg
baggage is on conveyor belt-------
---------baggage detected by sensor------------- 
Baggage weighs: 19.28 kg
baggage is on conveyor belt-------
---------baggage detected by sensor------------- 
Baggage weighs: 18.06 kg
baggage is on conveyor belt-------
---------baggage detected by sensor------------- 
Baggage weighs: 20.2 kg
baggage is on conveyor belt-------
---------baggage detected by sensor------------- 
Baggage weighs: 19.74 kg
baggage is on conveyor belt-------
---------baggage detected by sensor------------- 
Baggage weighs: 17.44 kg
baggage is on conveyor belt-------
---------baggage detected by sensor------------- 
Baggage weighs: 19.36 kg
baggage is on conveyor belt-------
---------baggage detected by sensor------------- 
Baggage weighs: 20.4 kg
Seat with ID: 30H has been reserved for you!

BOARDING PASS FOR BRAIN WEAVER
-----------------------------------------------------------------------------
LUFTHANSA                      hlo9kppyj6hl9b8 /  Brain Weaver
Brain Weaver                                     /  hlo9kppyj6hl9b8
FRA   LH2121   E  30.Oct                       /  FRA
HKG                                            /  HKG
SEAT ID: 30H                                   /  LH2121 E 30.Oct
SEQ: 141                                      / GATE: A05   22:00
MAX 1  HANDLUGGAGE/ LUGGAGE
-----------------------------------------------------------------------------
sorry Brain Weaver we have no voucher for you! Have a nice day!

---------------------------------------------------------------------------------------------------------------
scanning passport with passport id: GH9D2HW9W
searching for ticket in fast bag drop database..............
Ticket found for Terra Hicks and Flight LH2121
----searching flight seat for Terra Hicks---------
Found a seat with ID 30J
Below details were found in database
------------------------------------------
Name: Terra Hicks
Flight ID: LH2121
Source: FRA
Destination: HKG
Gate No: A05
Boarding time: 22:00
Ticket ID: 97i6w9c0yvcy09g
Booking Class: E
------------------------------------------

Proceed with check-in for flight LH2121 ?
Type YES to CHECK-IN or NO to cancel CHECK-IN
Terra Hicks is deciding whether to check-in or to go back home and sleep............
YES CHECK-IN
Checking you in...............
baggage is on conveyor belt-------
---------baggage detected by sensor------------- 
Baggage weighs: 21.58 kg
baggage is on conveyor belt-------
---------baggage detected by sensor------------- 
Baggage weighs: 20.43 kg
baggage is on conveyor belt-------
---------baggage detected by sensor------------- 
Baggage weighs: 18.47 kg
baggage is on conveyor belt-------
---------baggage detected by sensor------------- 
Baggage weighs: 17.86 kg
baggage is on conveyor belt-------
---------baggage detected by sensor------------- 
Baggage weighs: 18.65 kg
baggage is on conveyor belt-------
---------baggage detected by sensor------------- 
Baggage weighs: 19.27 kg
baggage is on conveyor belt-------
---------baggage detected by sensor------------- 
Baggage weighs: 17.42 kg
baggage is on conveyor belt-------
---------baggage detected by sensor------------- 
Baggage weighs: 19.16 kg
baggage is on conveyor belt-------
---------baggage detected by sensor------------- 
Baggage weighs: 19.52 kg
baggage is on conveyor belt-------
---------baggage detected by sensor------------- 
Baggage weighs: 17.51 kg
baggage is on conveyor belt-------
---------baggage detected by sensor------------- 
Baggage weighs: 17.38 kg
baggage is on conveyor belt-------
---------baggage detected by sensor------------- 
Baggage weighs: 18.67 kg
baggage is on conveyor belt-------
---------baggage detected by sensor------------- 
Baggage weighs: 16.98 kg
baggage is on conveyor belt-------
---------baggage detected by sensor------------- 
Baggage weighs: 21.26 kg
baggage is on conveyor belt-------
---------baggage detected by sensor------------- 
Baggage weighs: 18.3 kg
baggage is on conveyor belt-------
---------baggage detected by sensor------------- 
Baggage weighs: 16.81 kg
baggage is on conveyor belt-------
---------baggage detected by sensor------------- 
Baggage weighs: 20.91 kg
baggage is on conveyor belt-------
---------baggage detected by sensor------------- 
Baggage weighs: 21.21 kg
baggage is on conveyor belt-------
---------baggage detected by sensor------------- 
Baggage weighs: 19.69 kg
baggage is on conveyor belt-------
---------baggage detected by sensor------------- 
Baggage weighs: 18.67 kg
baggage is on conveyor belt-------
---------baggage detected by sensor------------- 
Baggage weighs: 19.12 kg
baggage is on conveyor belt-------
---------baggage detected by sensor------------- 
Baggage weighs: 16.42 kg
baggage is on conveyor belt-------
---------baggage detected by sensor------------- 
Baggage weighs: 19.17 kg
baggage is on conveyor belt-------
---------baggage detected by sensor------------- 
Baggage weighs: 19.0 kg
baggage is on conveyor belt-------
---------baggage detected by sensor------------- 
Baggage weighs: 18.78 kg
baggage is on conveyor belt-------
---------baggage detected by sensor------------- 
Baggage weighs: 20.31 kg
baggage is on conveyor belt-------
---------baggage detected by sensor------------- 
Baggage weighs: 21.25 kg
baggage is on conveyor belt-------
---------baggage detected by sensor------------- 
Baggage weighs: 18.87 kg
baggage is on conveyor belt-------
---------baggage detected by sensor------------- 
Baggage weighs: 16.25 kg
baggage is on conveyor belt-------
---------baggage detected by sensor------------- 
Baggage weighs: 19.94 kg
baggage is on conveyor belt-------
---------baggage detected by sensor------------- 
Baggage weighs: 16.88 kg
baggage is on conveyor belt-------
---------baggage detected by sensor------------- 
Baggage weighs: 18.24 kg
baggage is on conveyor belt-------
---------baggage detected by sensor------------- 
Baggage weighs: 17.16 kg
baggage is on conveyor belt-------
---------baggage detected by sensor------------- 
Baggage weighs: 19.34 kg
baggage is on conveyor belt-------
---------baggage detected by sensor------------- 
Baggage weighs: 22.41 kg
baggage is on conveyor belt-------
---------baggage detected by sensor------------- 
Baggage weighs: 20.47 kg
baggage is on conveyor belt-------
---------baggage detected by sensor------------- 
Baggage weighs: 18.81 kg
baggage is on conveyor belt-------
---------baggage detected by sensor------------- 
Baggage weighs: 18.56 kg
baggage is on conveyor belt-------
---------baggage detected by sensor------------- 
Baggage weighs: 17.77 kg
baggage is on conveyor belt-------
---------baggage detected by sensor------------- 
Baggage weighs: 19.32 kg
baggage is on conveyor belt-------
---------baggage detected by sensor------------- 
Baggage weighs: 19.21 kg
baggage is on conveyor belt-------
---------baggage detected by sensor------------- 
Baggage weighs: 19.13 kg
baggage is on conveyor belt-------
---------baggage detected by sensor------------- 
Baggage weighs: 20.39 kg
baggage is on conveyor belt-------
---------baggage detected by sensor------------- 
Baggage weighs: 21.03 kg
baggage is on conveyor belt-------
---------baggage detected by sensor------------- 
Baggage weighs: 20.05 kg
baggage is on conveyor belt-------
---------baggage detected by sensor------------- 
Baggage weighs: 21.92 kg
baggage is on conveyor belt-------
---------baggage detected by sensor------------- 
Baggage weighs: 19.37 kg
baggage is on conveyor belt-------
---------baggage detected by sensor------------- 
Baggage weighs: 20.35 kg
baggage is on conveyor belt-------
---------baggage detected by sensor------------- 
Baggage weighs: 18.73 kg
baggage is on conveyor belt-------
---------baggage detected by sensor------------- 
Baggage weighs: 20.33 kg
baggage is on conveyor belt-------
---------baggage detected by sensor------------- 
Baggage weighs: 22.01 kg
baggage is on conveyor belt-------
---------baggage detected by sensor------------- 
Baggage weighs: 19.27 kg
baggage is on conveyor belt-------
---------baggage detected by sensor------------- 
Baggage weighs: 21.18 kg
baggage is on conveyor belt-------
---------baggage detected by sensor------------- 
Baggage weighs: 17.16 kg
baggage is on conveyor belt-------
---------baggage detected by sensor------------- 
Baggage weighs: 20.04 kg
baggage is on conveyor belt-------
---------baggage detected by sensor------------- 
Baggage weighs: 20.91 kg
baggage is on conveyor belt-------
---------baggage detected by sensor------------- 
Baggage weighs: 20.3 kg
baggage is on conveyor belt-------
---------baggage detected by sensor------------- 
Baggage weighs: 20.38 kg
baggage is on conveyor belt-------
---------baggage detected by sensor------------- 
Baggage weighs: 16.54 kg
baggage is on conveyor belt-------
---------baggage detected by sensor------------- 
Baggage weighs: 18.87 kg
baggage is on conveyor belt-------
---------baggage detected by sensor------------- 
Baggage weighs: 20.22 kg
baggage is on conveyor belt-------
---------baggage detected by sensor------------- 
Baggage weighs: 20.75 kg
baggage is on conveyor belt-------
---------baggage detected by sensor------------- 
Baggage weighs: 17.4 kg
baggage is on conveyor belt-------
---------baggage detected by sensor------------- 
Baggage weighs: 20.27 kg
baggage is on conveyor belt-------
---------baggage detected by sensor------------- 
Baggage weighs: 17.04 kg
baggage is on conveyor belt-------
---------baggage detected by sensor------------- 
Baggage weighs: 19.84 kg
baggage is on conveyor belt-------
---------baggage detected by sensor------------- 
Baggage weighs: 17.34 kg
baggage is on conveyor belt-------
---------baggage detected by sensor------------- 
Baggage weighs: 18.75 kg
baggage is on conveyor belt-------
---------baggage detected by sensor------------- 
Baggage weighs: 19.12 kg
baggage is on conveyor belt-------
---------baggage detected by sensor------------- 
Baggage weighs: 18.29 kg
baggage is on conveyor belt-------
---------baggage detected by sensor------------- 
Baggage weighs: 17.94 kg
baggage is on conveyor belt-------
---------baggage detected by sensor------------- 
Baggage weighs: 19.09 kg
baggage is on conveyor belt-------
---------baggage detected by sensor------------- 
Baggage weighs: 22.39 kg
baggage is on conveyor belt-------
---------baggage detected by sensor------------- 
Baggage weighs: 21.23 kg
baggage is on conveyor belt-------
---------baggage detected by sensor------------- 
Baggage weighs: 17.56 kg
baggage is on conveyor belt-------
---------baggage detected by sensor------------- 
Baggage weighs: 18.37 kg
baggage is on conveyor belt-------
---------baggage detected by sensor------------- 
Baggage weighs: 21.4 kg
baggage is on conveyor belt-------
---------baggage detected by sensor------------- 
Baggage weighs: 20.25 kg
baggage is on conveyor belt-------
---------baggage detected by sensor------------- 
Baggage weighs: 23.0 kg
baggage is on conveyor belt-------
---------baggage detected by sensor------------- 
Baggage weighs: 17.01 kg
baggage is on conveyor belt-------
---------baggage detected by sensor------------- 
Baggage weighs: 17.39 kg
baggage is on conveyor belt-------
---------baggage detected by sensor------------- 
Baggage weighs: 16.7 kg
baggage is on conveyor belt-------
---------baggage detected by sensor------------- 
Baggage weighs: 16.23 kg
baggage is on conveyor belt-------
---------baggage detected by sensor------------- 
Baggage weighs: 19.13 kg
baggage is on conveyor belt-------
---------baggage detected by sensor------------- 
Baggage weighs: 21.07 kg
baggage is on conveyor belt-------
---------baggage detected by sensor------------- 
Baggage weighs: 17.87 kg
baggage is on conveyor belt-------
---------baggage detected by sensor------------- 
Baggage weighs: 19.92 kg
baggage is on conveyor belt-------
---------baggage detected by sensor------------- 
Baggage weighs: 19.22 kg
baggage is on conveyor belt-------
---------baggage detected by sensor------------- 
Baggage weighs: 21.53 kg
baggage is on conveyor belt-------
---------baggage detected by sensor------------- 
Baggage weighs: 20.29 kg
baggage is on conveyor belt-------
---------baggage detected by sensor------------- 
Baggage weighs: 19.32 kg
baggage is on conveyor belt-------
---------baggage detected by sensor------------- 
Baggage weighs: 17.25 kg
baggage is on conveyor belt-------
---------baggage detected by sensor------------- 
Baggage weighs: 21.3 kg
baggage is on conveyor belt-------
---------baggage detected by sensor------------- 
Baggage weighs: 16.79 kg
baggage is on conveyor belt-------
---------baggage detected by sensor------------- 
Baggage weighs: 19.55 kg
baggage is on conveyor belt-------
---------baggage detected by sensor------------- 
Baggage weighs: 18.88 kg
baggage is on conveyor belt-------
---------baggage detected by sensor------------- 
Baggage weighs: 22.33 kg
baggage is on conveyor belt-------
---------baggage detected by sensor------------- 
Baggage weighs: 20.62 kg
baggage is on conveyor belt-------
---------baggage detected by sensor------------- 
Baggage weighs: 19.42 kg
baggage is on conveyor belt-------
---------baggage detected by sensor------------- 
Baggage weighs: 17.54 kg
baggage is on conveyor belt-------
---------baggage detected by sensor------------- 
Baggage weighs: 21.51 kg
baggage is on conveyor belt-------
---------baggage detected by sensor------------- 
Baggage weighs: 19.46 kg
baggage is on conveyor belt-------
---------baggage detected by sensor------------- 
Baggage weighs: 17.83 kg
baggage is on conveyor belt-------
---------baggage detected by sensor------------- 
Baggage weighs: 17.75 kg
baggage is on conveyor belt-------
---------baggage detected by sensor------------- 
Baggage weighs: 17.44 kg
baggage is on conveyor belt-------
---------baggage detected by sensor------------- 
Baggage weighs: 19.53 kg
baggage is on conveyor belt-------
---------baggage detected by sensor------------- 
Baggage weighs: 17.51 kg
baggage is on conveyor belt-------
---------baggage detected by sensor------------- 
Baggage weighs: 18.2 kg
baggage is on conveyor belt-------
---------baggage detected by sensor------------- 
Baggage weighs: 21.55 kg
baggage is on conveyor belt-------
---------baggage detected by sensor------------- 
Baggage weighs: 19.67 kg
baggage is on conveyor belt-------
---------baggage detected by sensor------------- 
Baggage weighs: 19.52 kg
baggage is on conveyor belt-------
---------baggage detected by sensor------------- 
Baggage weighs: 21.06 kg
baggage is on conveyor belt-------
---------baggage detected by sensor------------- 
Baggage weighs: 17.44 kg
baggage is on conveyor belt-------
---------baggage detected by sensor------------- 
Baggage weighs: 19.21 kg
baggage is on conveyor belt-------
---------baggage detected by sensor------------- 
Baggage weighs: 21.65 kg
baggage is on conveyor belt-------
---------baggage detected by sensor------------- 
Baggage weighs: 19.64 kg
baggage is on conveyor belt-------
---------baggage detected by sensor------------- 
Baggage weighs: 21.03 kg
baggage is on conveyor belt-------
---------baggage detected by sensor------------- 
Baggage weighs: 19.76 kg
baggage is on conveyor belt-------
---------baggage detected by sensor------------- 
Baggage weighs: 21.01 kg
baggage is on conveyor belt-------
---------baggage detected by sensor------------- 
Baggage weighs: 19.11 kg
baggage is on conveyor belt-------
---------baggage detected by sensor------------- 
Baggage weighs: 18.54 kg
baggage is on conveyor belt-------
---------baggage detected by sensor------------- 
Baggage weighs: 16.86 kg
baggage is on conveyor belt-------
---------baggage detected by sensor------------- 
Baggage weighs: 16.59 kg
baggage is on conveyor belt-------
---------baggage detected by sensor------------- 
Baggage weighs: 19.26 kg
baggage is on conveyor belt-------
---------baggage detected by sensor------------- 
Baggage weighs: 18.34 kg
baggage is on conveyor belt-------
---------baggage detected by sensor------------- 
Baggage weighs: 19.09 kg
baggage is on conveyor belt-------
---------baggage detected by sensor------------- 
Baggage weighs: 22.38 kg
baggage is on conveyor belt-------
---------baggage detected by sensor------------- 
Baggage weighs: 22.12 kg
baggage is on conveyor belt-------
---------baggage detected by sensor------------- 
Baggage weighs: 16.75 kg
baggage is on conveyor belt-------
---------baggage detected by sensor------------- 
Baggage weighs: 20.36 kg
baggage is on conveyor belt-------
---------baggage detected by sensor------------- 
Baggage weighs: 20.94 kg
baggage is on conveyor belt-------
---------baggage detected by sensor------------- 
Baggage weighs: 19.8 kg
baggage is on conveyor belt-------
---------baggage detected by sensor------------- 
Baggage weighs: 19.12 kg
baggage is on conveyor belt-------
---------baggage detected by sensor------------- 
Baggage weighs: 16.93 kg
baggage is on conveyor belt-------
---------baggage detected by sensor------------- 
Baggage weighs: 20.48 kg
baggage is on conveyor belt-------
---------baggage detected by sensor------------- 
Baggage weighs: 17.63 kg
baggage is on conveyor belt-------
---------baggage detected by sensor------------- 
Baggage weighs: 19.86 kg
baggage is on conveyor belt-------
---------baggage detected by sensor------------- 
Baggage weighs: 19.4 kg
baggage is on conveyor belt-------
---------baggage detected by sensor------------- 
Baggage weighs: 19.0 kg
baggage is on conveyor belt-------
---------baggage detected by sensor------------- 
Baggage weighs: 20.5 kg
baggage is on conveyor belt-------
---------baggage detected by sensor------------- 
Baggage weighs: 21.9 kg
baggage is on conveyor belt-------
---------baggage detected by sensor------------- 
Baggage weighs: 19.82 kg
baggage is on conveyor belt-------
---------baggage detected by sensor------------- 
Baggage weighs: 18.98 kg
baggage is on conveyor belt-------
---------baggage detected by sensor------------- 
Baggage weighs: 19.28 kg
baggage is on conveyor belt-------
---------baggage detected by sensor------------- 
Baggage weighs: 18.06 kg
baggage is on conveyor belt-------
---------baggage detected by sensor------------- 
Baggage weighs: 20.2 kg
baggage is on conveyor belt-------
---------baggage detected by sensor------------- 
Baggage weighs: 19.74 kg
baggage is on conveyor belt-------
---------baggage detected by sensor------------- 
Baggage weighs: 17.44 kg
baggage is on conveyor belt-------
---------baggage detected by sensor------------- 
Baggage weighs: 19.36 kg
baggage is on conveyor belt-------
---------baggage detected by sensor------------- 
Baggage weighs: 20.4 kg
baggage is on conveyor belt-------
---------baggage detected by sensor------------- 
Baggage weighs: 18.92 kg
Seat with ID: 30J has been reserved for you!

BOARDING PASS FOR TERRA HICKS
-----------------------------------------------------------------------------
LUFTHANSA                      97i6w9c0yvcy09g /  Terra Hicks
Terra Hicks                                     /  97i6w9c0yvcy09g
FRA   LH2121   E  30.Oct                       /  FRA
HKG                                            /  HKG
SEAT ID: 30J                                   /  LH2121 E 30.Oct
SEQ: 142                                      / GATE: A05   22:00
MAX 1  HANDLUGGAGE/ LUGGAGE
-----------------------------------------------------------------------------
sorry Terra Hicks we have no voucher for you! Have a nice day!

---------------------------------------------------------------------------------------------------------------
scanning passport with passport id: QAT0B8KRX
searching for ticket in fast bag drop database..............
Ticket found for Lindsay Hebert and Flight LH2121
----searching flight seat for Lindsay Hebert---------
Found a seat with ID 30K
Below details were found in database
------------------------------------------
Name: Lindsay Hebert
Flight ID: LH2121
Source: FRA
Destination: HKG
Gate No: A05
Boarding time: 22:00
Ticket ID: angpv3hfmnk2mze
Booking Class: E
------------------------------------------

Proceed with check-in for flight LH2121 ?
Type YES to CHECK-IN or NO to cancel CHECK-IN
Lindsay Hebert is deciding whether to check-in or to go back home and sleep............
YES CHECK-IN
Checking you in...............
baggage is on conveyor belt-------
---------baggage detected by sensor------------- 
Baggage weighs: 21.58 kg
baggage is on conveyor belt-------
---------baggage detected by sensor------------- 
Baggage weighs: 20.43 kg
baggage is on conveyor belt-------
---------baggage detected by sensor------------- 
Baggage weighs: 18.47 kg
baggage is on conveyor belt-------
---------baggage detected by sensor------------- 
Baggage weighs: 17.86 kg
baggage is on conveyor belt-------
---------baggage detected by sensor------------- 
Baggage weighs: 18.65 kg
baggage is on conveyor belt-------
---------baggage detected by sensor------------- 
Baggage weighs: 19.27 kg
baggage is on conveyor belt-------
---------baggage detected by sensor------------- 
Baggage weighs: 17.42 kg
baggage is on conveyor belt-------
---------baggage detected by sensor------------- 
Baggage weighs: 19.16 kg
baggage is on conveyor belt-------
---------baggage detected by sensor------------- 
Baggage weighs: 19.52 kg
baggage is on conveyor belt-------
---------baggage detected by sensor------------- 
Baggage weighs: 17.51 kg
baggage is on conveyor belt-------
---------baggage detected by sensor------------- 
Baggage weighs: 17.38 kg
baggage is on conveyor belt-------
---------baggage detected by sensor------------- 
Baggage weighs: 18.67 kg
baggage is on conveyor belt-------
---------baggage detected by sensor------------- 
Baggage weighs: 16.98 kg
baggage is on conveyor belt-------
---------baggage detected by sensor------------- 
Baggage weighs: 21.26 kg
baggage is on conveyor belt-------
---------baggage detected by sensor------------- 
Baggage weighs: 18.3 kg
baggage is on conveyor belt-------
---------baggage detected by sensor------------- 
Baggage weighs: 16.81 kg
baggage is on conveyor belt-------
---------baggage detected by sensor------------- 
Baggage weighs: 20.91 kg
baggage is on conveyor belt-------
---------baggage detected by sensor------------- 
Baggage weighs: 21.21 kg
baggage is on conveyor belt-------
---------baggage detected by sensor------------- 
Baggage weighs: 19.69 kg
baggage is on conveyor belt-------
---------baggage detected by sensor------------- 
Baggage weighs: 18.67 kg
baggage is on conveyor belt-------
---------baggage detected by sensor------------- 
Baggage weighs: 19.12 kg
baggage is on conveyor belt-------
---------baggage detected by sensor------------- 
Baggage weighs: 16.42 kg
baggage is on conveyor belt-------
---------baggage detected by sensor------------- 
Baggage weighs: 19.17 kg
baggage is on conveyor belt-------
---------baggage detected by sensor------------- 
Baggage weighs: 19.0 kg
baggage is on conveyor belt-------
---------baggage detected by sensor------------- 
Baggage weighs: 18.78 kg
baggage is on conveyor belt-------
---------baggage detected by sensor------------- 
Baggage weighs: 20.31 kg
baggage is on conveyor belt-------
---------baggage detected by sensor------------- 
Baggage weighs: 21.25 kg
baggage is on conveyor belt-------
---------baggage detected by sensor------------- 
Baggage weighs: 18.87 kg
baggage is on conveyor belt-------
---------baggage detected by sensor------------- 
Baggage weighs: 16.25 kg
baggage is on conveyor belt-------
---------baggage detected by sensor------------- 
Baggage weighs: 19.94 kg
baggage is on conveyor belt-------
---------baggage detected by sensor------------- 
Baggage weighs: 16.88 kg
baggage is on conveyor belt-------
---------baggage detected by sensor------------- 
Baggage weighs: 18.24 kg
baggage is on conveyor belt-------
---------baggage detected by sensor------------- 
Baggage weighs: 17.16 kg
baggage is on conveyor belt-------
---------baggage detected by sensor------------- 
Baggage weighs: 19.34 kg
baggage is on conveyor belt-------
---------baggage detected by sensor------------- 
Baggage weighs: 22.41 kg
baggage is on conveyor belt-------
---------baggage detected by sensor------------- 
Baggage weighs: 20.47 kg
baggage is on conveyor belt-------
---------baggage detected by sensor------------- 
Baggage weighs: 18.81 kg
baggage is on conveyor belt-------
---------baggage detected by sensor------------- 
Baggage weighs: 18.56 kg
baggage is on conveyor belt-------
---------baggage detected by sensor------------- 
Baggage weighs: 17.77 kg
baggage is on conveyor belt-------
---------baggage detected by sensor------------- 
Baggage weighs: 19.32 kg
baggage is on conveyor belt-------
---------baggage detected by sensor------------- 
Baggage weighs: 19.21 kg
baggage is on conveyor belt-------
---------baggage detected by sensor------------- 
Baggage weighs: 19.13 kg
baggage is on conveyor belt-------
---------baggage detected by sensor------------- 
Baggage weighs: 20.39 kg
baggage is on conveyor belt-------
---------baggage detected by sensor------------- 
Baggage weighs: 21.03 kg
baggage is on conveyor belt-------
---------baggage detected by sensor------------- 
Baggage weighs: 20.05 kg
baggage is on conveyor belt-------
---------baggage detected by sensor------------- 
Baggage weighs: 21.92 kg
baggage is on conveyor belt-------
---------baggage detected by sensor------------- 
Baggage weighs: 19.37 kg
baggage is on conveyor belt-------
---------baggage detected by sensor------------- 
Baggage weighs: 20.35 kg
baggage is on conveyor belt-------
---------baggage detected by sensor------------- 
Baggage weighs: 18.73 kg
baggage is on conveyor belt-------
---------baggage detected by sensor------------- 
Baggage weighs: 20.33 kg
baggage is on conveyor belt-------
---------baggage detected by sensor------------- 
Baggage weighs: 22.01 kg
baggage is on conveyor belt-------
---------baggage detected by sensor------------- 
Baggage weighs: 19.27 kg
baggage is on conveyor belt-------
---------baggage detected by sensor------------- 
Baggage weighs: 21.18 kg
baggage is on conveyor belt-------
---------baggage detected by sensor------------- 
Baggage weighs: 17.16 kg
baggage is on conveyor belt-------
---------baggage detected by sensor------------- 
Baggage weighs: 20.04 kg
baggage is on conveyor belt-------
---------baggage detected by sensor------------- 
Baggage weighs: 20.91 kg
baggage is on conveyor belt-------
---------baggage detected by sensor------------- 
Baggage weighs: 20.3 kg
baggage is on conveyor belt-------
---------baggage detected by sensor------------- 
Baggage weighs: 20.38 kg
baggage is on conveyor belt-------
---------baggage detected by sensor------------- 
Baggage weighs: 16.54 kg
baggage is on conveyor belt-------
---------baggage detected by sensor------------- 
Baggage weighs: 18.87 kg
baggage is on conveyor belt-------
---------baggage detected by sensor------------- 
Baggage weighs: 20.22 kg
baggage is on conveyor belt-------
---------baggage detected by sensor------------- 
Baggage weighs: 20.75 kg
baggage is on conveyor belt-------
---------baggage detected by sensor------------- 
Baggage weighs: 17.4 kg
baggage is on conveyor belt-------
---------baggage detected by sensor------------- 
Baggage weighs: 20.27 kg
baggage is on conveyor belt-------
---------baggage detected by sensor------------- 
Baggage weighs: 17.04 kg
baggage is on conveyor belt-------
---------baggage detected by sensor------------- 
Baggage weighs: 19.84 kg
baggage is on conveyor belt-------
---------baggage detected by sensor------------- 
Baggage weighs: 17.34 kg
baggage is on conveyor belt-------
---------baggage detected by sensor------------- 
Baggage weighs: 18.75 kg
baggage is on conveyor belt-------
---------baggage detected by sensor------------- 
Baggage weighs: 19.12 kg
baggage is on conveyor belt-------
---------baggage detected by sensor------------- 
Baggage weighs: 18.29 kg
baggage is on conveyor belt-------
---------baggage detected by sensor------------- 
Baggage weighs: 17.94 kg
baggage is on conveyor belt-------
---------baggage detected by sensor------------- 
Baggage weighs: 19.09 kg
baggage is on conveyor belt-------
---------baggage detected by sensor------------- 
Baggage weighs: 22.39 kg
baggage is on conveyor belt-------
---------baggage detected by sensor------------- 
Baggage weighs: 21.23 kg
baggage is on conveyor belt-------
---------baggage detected by sensor------------- 
Baggage weighs: 17.56 kg
baggage is on conveyor belt-------
---------baggage detected by sensor------------- 
Baggage weighs: 18.37 kg
baggage is on conveyor belt-------
---------baggage detected by sensor------------- 
Baggage weighs: 21.4 kg
baggage is on conveyor belt-------
---------baggage detected by sensor------------- 
Baggage weighs: 20.25 kg
baggage is on conveyor belt-------
---------baggage detected by sensor------------- 
Baggage weighs: 23.0 kg
baggage is on conveyor belt-------
---------baggage detected by sensor------------- 
Baggage weighs: 17.01 kg
baggage is on conveyor belt-------
---------baggage detected by sensor------------- 
Baggage weighs: 17.39 kg
baggage is on conveyor belt-------
---------baggage detected by sensor------------- 
Baggage weighs: 16.7 kg
baggage is on conveyor belt-------
---------baggage detected by sensor------------- 
Baggage weighs: 16.23 kg
baggage is on conveyor belt-------
---------baggage detected by sensor------------- 
Baggage weighs: 19.13 kg
baggage is on conveyor belt-------
---------baggage detected by sensor------------- 
Baggage weighs: 21.07 kg
baggage is on conveyor belt-------
---------baggage detected by sensor------------- 
Baggage weighs: 17.87 kg
baggage is on conveyor belt-------
---------baggage detected by sensor------------- 
Baggage weighs: 19.92 kg
baggage is on conveyor belt-------
---------baggage detected by sensor------------- 
Baggage weighs: 19.22 kg
baggage is on conveyor belt-------
---------baggage detected by sensor------------- 
Baggage weighs: 21.53 kg
baggage is on conveyor belt-------
---------baggage detected by sensor------------- 
Baggage weighs: 20.29 kg
baggage is on conveyor belt-------
---------baggage detected by sensor------------- 
Baggage weighs: 19.32 kg
baggage is on conveyor belt-------
---------baggage detected by sensor------------- 
Baggage weighs: 17.25 kg
baggage is on conveyor belt-------
---------baggage detected by sensor------------- 
Baggage weighs: 21.3 kg
baggage is on conveyor belt-------
---------baggage detected by sensor------------- 
Baggage weighs: 16.79 kg
baggage is on conveyor belt-------
---------baggage detected by sensor------------- 
Baggage weighs: 19.55 kg
baggage is on conveyor belt-------
---------baggage detected by sensor------------- 
Baggage weighs: 18.88 kg
baggage is on conveyor belt-------
---------baggage detected by sensor------------- 
Baggage weighs: 22.33 kg
baggage is on conveyor belt-------
---------baggage detected by sensor------------- 
Baggage weighs: 20.62 kg
baggage is on conveyor belt-------
---------baggage detected by sensor------------- 
Baggage weighs: 19.42 kg
baggage is on conveyor belt-------
---------baggage detected by sensor------------- 
Baggage weighs: 17.54 kg
baggage is on conveyor belt-------
---------baggage detected by sensor------------- 
Baggage weighs: 21.51 kg
baggage is on conveyor belt-------
---------baggage detected by sensor------------- 
Baggage weighs: 19.46 kg
baggage is on conveyor belt-------
---------baggage detected by sensor------------- 
Baggage weighs: 17.83 kg
baggage is on conveyor belt-------
---------baggage detected by sensor------------- 
Baggage weighs: 17.75 kg
baggage is on conveyor belt-------
---------baggage detected by sensor------------- 
Baggage weighs: 17.44 kg
baggage is on conveyor belt-------
---------baggage detected by sensor------------- 
Baggage weighs: 19.53 kg
baggage is on conveyor belt-------
---------baggage detected by sensor------------- 
Baggage weighs: 17.51 kg
baggage is on conveyor belt-------
---------baggage detected by sensor------------- 
Baggage weighs: 18.2 kg
baggage is on conveyor belt-------
---------baggage detected by sensor------------- 
Baggage weighs: 21.55 kg
baggage is on conveyor belt-------
---------baggage detected by sensor------------- 
Baggage weighs: 19.67 kg
baggage is on conveyor belt-------
---------baggage detected by sensor------------- 
Baggage weighs: 19.52 kg
baggage is on conveyor belt-------
---------baggage detected by sensor------------- 
Baggage weighs: 21.06 kg
baggage is on conveyor belt-------
---------baggage detected by sensor------------- 
Baggage weighs: 17.44 kg
baggage is on conveyor belt-------
---------baggage detected by sensor------------- 
Baggage weighs: 19.21 kg
baggage is on conveyor belt-------
---------baggage detected by sensor------------- 
Baggage weighs: 21.65 kg
baggage is on conveyor belt-------
---------baggage detected by sensor------------- 
Baggage weighs: 19.64 kg
baggage is on conveyor belt-------
---------baggage detected by sensor------------- 
Baggage weighs: 21.03 kg
baggage is on conveyor belt-------
---------baggage detected by sensor------------- 
Baggage weighs: 19.76 kg
baggage is on conveyor belt-------
---------baggage detected by sensor------------- 
Baggage weighs: 21.01 kg
baggage is on conveyor belt-------
---------baggage detected by sensor------------- 
Baggage weighs: 19.11 kg
baggage is on conveyor belt-------
---------baggage detected by sensor------------- 
Baggage weighs: 18.54 kg
baggage is on conveyor belt-------
---------baggage detected by sensor------------- 
Baggage weighs: 16.86 kg
baggage is on conveyor belt-------
---------baggage detected by sensor------------- 
Baggage weighs: 16.59 kg
baggage is on conveyor belt-------
---------baggage detected by sensor------------- 
Baggage weighs: 19.26 kg
baggage is on conveyor belt-------
---------baggage detected by sensor------------- 
Baggage weighs: 18.34 kg
baggage is on conveyor belt-------
---------baggage detected by sensor------------- 
Baggage weighs: 19.09 kg
baggage is on conveyor belt-------
---------baggage detected by sensor------------- 
Baggage weighs: 22.38 kg
baggage is on conveyor belt-------
---------baggage detected by sensor------------- 
Baggage weighs: 22.12 kg
baggage is on conveyor belt-------
---------baggage detected by sensor------------- 
Baggage weighs: 16.75 kg
baggage is on conveyor belt-------
---------baggage detected by sensor------------- 
Baggage weighs: 20.36 kg
baggage is on conveyor belt-------
---------baggage detected by sensor------------- 
Baggage weighs: 20.94 kg
baggage is on conveyor belt-------
---------baggage detected by sensor------------- 
Baggage weighs: 19.8 kg
baggage is on conveyor belt-------
---------baggage detected by sensor------------- 
Baggage weighs: 19.12 kg
baggage is on conveyor belt-------
---------baggage detected by sensor------------- 
Baggage weighs: 16.93 kg
baggage is on conveyor belt-------
---------baggage detected by sensor------------- 
Baggage weighs: 20.48 kg
baggage is on conveyor belt-------
---------baggage detected by sensor------------- 
Baggage weighs: 17.63 kg
baggage is on conveyor belt-------
---------baggage detected by sensor------------- 
Baggage weighs: 19.86 kg
baggage is on conveyor belt-------
---------baggage detected by sensor------------- 
Baggage weighs: 19.4 kg
baggage is on conveyor belt-------
---------baggage detected by sensor------------- 
Baggage weighs: 19.0 kg
baggage is on conveyor belt-------
---------baggage detected by sensor------------- 
Baggage weighs: 20.5 kg
baggage is on conveyor belt-------
---------baggage detected by sensor------------- 
Baggage weighs: 21.9 kg
baggage is on conveyor belt-------
---------baggage detected by sensor------------- 
Baggage weighs: 19.82 kg
baggage is on conveyor belt-------
---------baggage detected by sensor------------- 
Baggage weighs: 18.98 kg
baggage is on conveyor belt-------
---------baggage detected by sensor------------- 
Baggage weighs: 19.28 kg
baggage is on conveyor belt-------
---------baggage detected by sensor------------- 
Baggage weighs: 18.06 kg
baggage is on conveyor belt-------
---------baggage detected by sensor------------- 
Baggage weighs: 20.2 kg
baggage is on conveyor belt-------
---------baggage detected by sensor------------- 
Baggage weighs: 19.74 kg
baggage is on conveyor belt-------
---------baggage detected by sensor------------- 
Baggage weighs: 17.44 kg
baggage is on conveyor belt-------
---------baggage detected by sensor------------- 
Baggage weighs: 19.36 kg
baggage is on conveyor belt-------
---------baggage detected by sensor------------- 
Baggage weighs: 20.4 kg
baggage is on conveyor belt-------
---------baggage detected by sensor------------- 
Baggage weighs: 18.92 kg
baggage is on conveyor belt-------
---------baggage detected by sensor------------- 
Baggage weighs: 18.48 kg
Seat with ID: 30K has been reserved for you!

BOARDING PASS FOR LINDSAY HEBERT
-----------------------------------------------------------------------------
LUFTHANSA                      angpv3hfmnk2mze /  Lindsay Hebert
Lindsay Hebert                                     /  angpv3hfmnk2mze
FRA   LH2121   E  30.Oct                       /  FRA
HKG                                            /  HKG
SEAT ID: 30K                                   /  LH2121 E 30.Oct
SEQ: 143                                      / GATE: A05   22:00
MAX 1  HANDLUGGAGE/ LUGGAGE
-----------------------------------------------------------------------------
sorry Lindsay Hebert we have no voucher for you! Have a nice day!

---------------------------------------------------------------------------------------------------------------
scanning passport with passport id: 4ENX0DDO5
searching for ticket in fast bag drop database..............
Ticket found for Bobbie Benjamin and Flight LH2121
----searching flight seat for Bobbie Benjamin---------
Found a seat with ID 31A
Below details were found in database
------------------------------------------
Name: Bobbie Benjamin
Flight ID: LH2121
Source: FRA
Destination: HKG
Gate No: A05
Boarding time: 22:00
Ticket ID: msifv91dnu97012
Booking Class: E
------------------------------------------

Proceed with check-in for flight LH2121 ?
Type YES to CHECK-IN or NO to cancel CHECK-IN
Bobbie Benjamin is deciding whether to check-in or to go back home and sleep............
YES CHECK-IN
Checking you in...............
baggage is on conveyor belt-------
---------baggage detected by sensor------------- 
Baggage weighs: 21.58 kg
baggage is on conveyor belt-------
---------baggage detected by sensor------------- 
Baggage weighs: 20.43 kg
baggage is on conveyor belt-------
---------baggage detected by sensor------------- 
Baggage weighs: 18.47 kg
baggage is on conveyor belt-------
---------baggage detected by sensor------------- 
Baggage weighs: 17.86 kg
baggage is on conveyor belt-------
---------baggage detected by sensor------------- 
Baggage weighs: 18.65 kg
baggage is on conveyor belt-------
---------baggage detected by sensor------------- 
Baggage weighs: 19.27 kg
baggage is on conveyor belt-------
---------baggage detected by sensor------------- 
Baggage weighs: 17.42 kg
baggage is on conveyor belt-------
---------baggage detected by sensor------------- 
Baggage weighs: 19.16 kg
baggage is on conveyor belt-------
---------baggage detected by sensor------------- 
Baggage weighs: 19.52 kg
baggage is on conveyor belt-------
---------baggage detected by sensor------------- 
Baggage weighs: 17.51 kg
baggage is on conveyor belt-------
---------baggage detected by sensor------------- 
Baggage weighs: 17.38 kg
baggage is on conveyor belt-------
---------baggage detected by sensor------------- 
Baggage weighs: 18.67 kg
baggage is on conveyor belt-------
---------baggage detected by sensor------------- 
Baggage weighs: 16.98 kg
baggage is on conveyor belt-------
---------baggage detected by sensor------------- 
Baggage weighs: 21.26 kg
baggage is on conveyor belt-------
---------baggage detected by sensor------------- 
Baggage weighs: 18.3 kg
baggage is on conveyor belt-------
---------baggage detected by sensor------------- 
Baggage weighs: 16.81 kg
baggage is on conveyor belt-------
---------baggage detected by sensor------------- 
Baggage weighs: 20.91 kg
baggage is on conveyor belt-------
---------baggage detected by sensor------------- 
Baggage weighs: 21.21 kg
baggage is on conveyor belt-------
---------baggage detected by sensor------------- 
Baggage weighs: 19.69 kg
baggage is on conveyor belt-------
---------baggage detected by sensor------------- 
Baggage weighs: 18.67 kg
baggage is on conveyor belt-------
---------baggage detected by sensor------------- 
Baggage weighs: 19.12 kg
baggage is on conveyor belt-------
---------baggage detected by sensor------------- 
Baggage weighs: 16.42 kg
baggage is on conveyor belt-------
---------baggage detected by sensor------------- 
Baggage weighs: 19.17 kg
baggage is on conveyor belt-------
---------baggage detected by sensor------------- 
Baggage weighs: 19.0 kg
baggage is on conveyor belt-------
---------baggage detected by sensor------------- 
Baggage weighs: 18.78 kg
baggage is on conveyor belt-------
---------baggage detected by sensor------------- 
Baggage weighs: 20.31 kg
baggage is on conveyor belt-------
---------baggage detected by sensor------------- 
Baggage weighs: 21.25 kg
baggage is on conveyor belt-------
---------baggage detected by sensor------------- 
Baggage weighs: 18.87 kg
baggage is on conveyor belt-------
---------baggage detected by sensor------------- 
Baggage weighs: 16.25 kg
baggage is on conveyor belt-------
---------baggage detected by sensor------------- 
Baggage weighs: 19.94 kg
baggage is on conveyor belt-------
---------baggage detected by sensor------------- 
Baggage weighs: 16.88 kg
baggage is on conveyor belt-------
---------baggage detected by sensor------------- 
Baggage weighs: 18.24 kg
baggage is on conveyor belt-------
---------baggage detected by sensor------------- 
Baggage weighs: 17.16 kg
baggage is on conveyor belt-------
---------baggage detected by sensor------------- 
Baggage weighs: 19.34 kg
baggage is on conveyor belt-------
---------baggage detected by sensor------------- 
Baggage weighs: 22.41 kg
baggage is on conveyor belt-------
---------baggage detected by sensor------------- 
Baggage weighs: 20.47 kg
baggage is on conveyor belt-------
---------baggage detected by sensor------------- 
Baggage weighs: 18.81 kg
baggage is on conveyor belt-------
---------baggage detected by sensor------------- 
Baggage weighs: 18.56 kg
baggage is on conveyor belt-------
---------baggage detected by sensor------------- 
Baggage weighs: 17.77 kg
baggage is on conveyor belt-------
---------baggage detected by sensor------------- 
Baggage weighs: 19.32 kg
baggage is on conveyor belt-------
---------baggage detected by sensor------------- 
Baggage weighs: 19.21 kg
baggage is on conveyor belt-------
---------baggage detected by sensor------------- 
Baggage weighs: 19.13 kg
baggage is on conveyor belt-------
---------baggage detected by sensor------------- 
Baggage weighs: 20.39 kg
baggage is on conveyor belt-------
---------baggage detected by sensor------------- 
Baggage weighs: 21.03 kg
baggage is on conveyor belt-------
---------baggage detected by sensor------------- 
Baggage weighs: 20.05 kg
baggage is on conveyor belt-------
---------baggage detected by sensor------------- 
Baggage weighs: 21.92 kg
baggage is on conveyor belt-------
---------baggage detected by sensor------------- 
Baggage weighs: 19.37 kg
baggage is on conveyor belt-------
---------baggage detected by sensor------------- 
Baggage weighs: 20.35 kg
baggage is on conveyor belt-------
---------baggage detected by sensor------------- 
Baggage weighs: 18.73 kg
baggage is on conveyor belt-------
---------baggage detected by sensor------------- 
Baggage weighs: 20.33 kg
baggage is on conveyor belt-------
---------baggage detected by sensor------------- 
Baggage weighs: 22.01 kg
baggage is on conveyor belt-------
---------baggage detected by sensor------------- 
Baggage weighs: 19.27 kg
baggage is on conveyor belt-------
---------baggage detected by sensor------------- 
Baggage weighs: 21.18 kg
baggage is on conveyor belt-------
---------baggage detected by sensor------------- 
Baggage weighs: 17.16 kg
baggage is on conveyor belt-------
---------baggage detected by sensor------------- 
Baggage weighs: 20.04 kg
baggage is on conveyor belt-------
---------baggage detected by sensor------------- 
Baggage weighs: 20.91 kg
baggage is on conveyor belt-------
---------baggage detected by sensor------------- 
Baggage weighs: 20.3 kg
baggage is on conveyor belt-------
---------baggage detected by sensor------------- 
Baggage weighs: 20.38 kg
baggage is on conveyor belt-------
---------baggage detected by sensor------------- 
Baggage weighs: 16.54 kg
baggage is on conveyor belt-------
---------baggage detected by sensor------------- 
Baggage weighs: 18.87 kg
baggage is on conveyor belt-------
---------baggage detected by sensor------------- 
Baggage weighs: 20.22 kg
baggage is on conveyor belt-------
---------baggage detected by sensor------------- 
Baggage weighs: 20.75 kg
baggage is on conveyor belt-------
---------baggage detected by sensor------------- 
Baggage weighs: 17.4 kg
baggage is on conveyor belt-------
---------baggage detected by sensor------------- 
Baggage weighs: 20.27 kg
baggage is on conveyor belt-------
---------baggage detected by sensor------------- 
Baggage weighs: 17.04 kg
baggage is on conveyor belt-------
---------baggage detected by sensor------------- 
Baggage weighs: 19.84 kg
baggage is on conveyor belt-------
---------baggage detected by sensor------------- 
Baggage weighs: 17.34 kg
baggage is on conveyor belt-------
---------baggage detected by sensor------------- 
Baggage weighs: 18.75 kg
baggage is on conveyor belt-------
---------baggage detected by sensor------------- 
Baggage weighs: 19.12 kg
baggage is on conveyor belt-------
---------baggage detected by sensor------------- 
Baggage weighs: 18.29 kg
baggage is on conveyor belt-------
---------baggage detected by sensor------------- 
Baggage weighs: 17.94 kg
baggage is on conveyor belt-------
---------baggage detected by sensor------------- 
Baggage weighs: 19.09 kg
baggage is on conveyor belt-------
---------baggage detected by sensor------------- 
Baggage weighs: 22.39 kg
baggage is on conveyor belt-------
---------baggage detected by sensor------------- 
Baggage weighs: 21.23 kg
baggage is on conveyor belt-------
---------baggage detected by sensor------------- 
Baggage weighs: 17.56 kg
baggage is on conveyor belt-------
---------baggage detected by sensor------------- 
Baggage weighs: 18.37 kg
baggage is on conveyor belt-------
---------baggage detected by sensor------------- 
Baggage weighs: 21.4 kg
baggage is on conveyor belt-------
---------baggage detected by sensor------------- 
Baggage weighs: 20.25 kg
baggage is on conveyor belt-------
---------baggage detected by sensor------------- 
Baggage weighs: 23.0 kg
baggage is on conveyor belt-------
---------baggage detected by sensor------------- 
Baggage weighs: 17.01 kg
baggage is on conveyor belt-------
---------baggage detected by sensor------------- 
Baggage weighs: 17.39 kg
baggage is on conveyor belt-------
---------baggage detected by sensor------------- 
Baggage weighs: 16.7 kg
baggage is on conveyor belt-------
---------baggage detected by sensor------------- 
Baggage weighs: 16.23 kg
baggage is on conveyor belt-------
---------baggage detected by sensor------------- 
Baggage weighs: 19.13 kg
baggage is on conveyor belt-------
---------baggage detected by sensor------------- 
Baggage weighs: 21.07 kg
baggage is on conveyor belt-------
---------baggage detected by sensor------------- 
Baggage weighs: 17.87 kg
baggage is on conveyor belt-------
---------baggage detected by sensor------------- 
Baggage weighs: 19.92 kg
baggage is on conveyor belt-------
---------baggage detected by sensor------------- 
Baggage weighs: 19.22 kg
baggage is on conveyor belt-------
---------baggage detected by sensor------------- 
Baggage weighs: 21.53 kg
baggage is on conveyor belt-------
---------baggage detected by sensor------------- 
Baggage weighs: 20.29 kg
baggage is on conveyor belt-------
---------baggage detected by sensor------------- 
Baggage weighs: 19.32 kg
baggage is on conveyor belt-------
---------baggage detected by sensor------------- 
Baggage weighs: 17.25 kg
baggage is on conveyor belt-------
---------baggage detected by sensor------------- 
Baggage weighs: 21.3 kg
baggage is on conveyor belt-------
---------baggage detected by sensor------------- 
Baggage weighs: 16.79 kg
baggage is on conveyor belt-------
---------baggage detected by sensor------------- 
Baggage weighs: 19.55 kg
baggage is on conveyor belt-------
---------baggage detected by sensor------------- 
Baggage weighs: 18.88 kg
baggage is on conveyor belt-------
---------baggage detected by sensor------------- 
Baggage weighs: 22.33 kg
baggage is on conveyor belt-------
---------baggage detected by sensor------------- 
Baggage weighs: 20.62 kg
baggage is on conveyor belt-------
---------baggage detected by sensor------------- 
Baggage weighs: 19.42 kg
baggage is on conveyor belt-------
---------baggage detected by sensor------------- 
Baggage weighs: 17.54 kg
baggage is on conveyor belt-------
---------baggage detected by sensor------------- 
Baggage weighs: 21.51 kg
baggage is on conveyor belt-------
---------baggage detected by sensor------------- 
Baggage weighs: 19.46 kg
baggage is on conveyor belt-------
---------baggage detected by sensor------------- 
Baggage weighs: 17.83 kg
baggage is on conveyor belt-------
---------baggage detected by sensor------------- 
Baggage weighs: 17.75 kg
baggage is on conveyor belt-------
---------baggage detected by sensor------------- 
Baggage weighs: 17.44 kg
baggage is on conveyor belt-------
---------baggage detected by sensor------------- 
Baggage weighs: 19.53 kg
baggage is on conveyor belt-------
---------baggage detected by sensor------------- 
Baggage weighs: 17.51 kg
baggage is on conveyor belt-------
---------baggage detected by sensor------------- 
Baggage weighs: 18.2 kg
baggage is on conveyor belt-------
---------baggage detected by sensor------------- 
Baggage weighs: 21.55 kg
baggage is on conveyor belt-------
---------baggage detected by sensor------------- 
Baggage weighs: 19.67 kg
baggage is on conveyor belt-------
---------baggage detected by sensor------------- 
Baggage weighs: 19.52 kg
baggage is on conveyor belt-------
---------baggage detected by sensor------------- 
Baggage weighs: 21.06 kg
baggage is on conveyor belt-------
---------baggage detected by sensor------------- 
Baggage weighs: 17.44 kg
baggage is on conveyor belt-------
---------baggage detected by sensor------------- 
Baggage weighs: 19.21 kg
baggage is on conveyor belt-------
---------baggage detected by sensor------------- 
Baggage weighs: 21.65 kg
baggage is on conveyor belt-------
---------baggage detected by sensor------------- 
Baggage weighs: 19.64 kg
baggage is on conveyor belt-------
---------baggage detected by sensor------------- 
Baggage weighs: 21.03 kg
baggage is on conveyor belt-------
---------baggage detected by sensor------------- 
Baggage weighs: 19.76 kg
baggage is on conveyor belt-------
---------baggage detected by sensor------------- 
Baggage weighs: 21.01 kg
baggage is on conveyor belt-------
---------baggage detected by sensor------------- 
Baggage weighs: 19.11 kg
baggage is on conveyor belt-------
---------baggage detected by sensor------------- 
Baggage weighs: 18.54 kg
baggage is on conveyor belt-------
---------baggage detected by sensor------------- 
Baggage weighs: 16.86 kg
baggage is on conveyor belt-------
---------baggage detected by sensor------------- 
Baggage weighs: 16.59 kg
baggage is on conveyor belt-------
---------baggage detected by sensor------------- 
Baggage weighs: 19.26 kg
baggage is on conveyor belt-------
---------baggage detected by sensor------------- 
Baggage weighs: 18.34 kg
baggage is on conveyor belt-------
---------baggage detected by sensor------------- 
Baggage weighs: 19.09 kg
baggage is on conveyor belt-------
---------baggage detected by sensor------------- 
Baggage weighs: 22.38 kg
baggage is on conveyor belt-------
---------baggage detected by sensor------------- 
Baggage weighs: 22.12 kg
baggage is on conveyor belt-------
---------baggage detected by sensor------------- 
Baggage weighs: 16.75 kg
baggage is on conveyor belt-------
---------baggage detected by sensor------------- 
Baggage weighs: 20.36 kg
baggage is on conveyor belt-------
---------baggage detected by sensor------------- 
Baggage weighs: 20.94 kg
baggage is on conveyor belt-------
---------baggage detected by sensor------------- 
Baggage weighs: 19.8 kg
baggage is on conveyor belt-------
---------baggage detected by sensor------------- 
Baggage weighs: 19.12 kg
baggage is on conveyor belt-------
---------baggage detected by sensor------------- 
Baggage weighs: 16.93 kg
baggage is on conveyor belt-------
---------baggage detected by sensor------------- 
Baggage weighs: 20.48 kg
baggage is on conveyor belt-------
---------baggage detected by sensor------------- 
Baggage weighs: 17.63 kg
baggage is on conveyor belt-------
---------baggage detected by sensor------------- 
Baggage weighs: 19.86 kg
baggage is on conveyor belt-------
---------baggage detected by sensor------------- 
Baggage weighs: 19.4 kg
baggage is on conveyor belt-------
---------baggage detected by sensor------------- 
Baggage weighs: 19.0 kg
baggage is on conveyor belt-------
---------baggage detected by sensor------------- 
Baggage weighs: 20.5 kg
baggage is on conveyor belt-------
---------baggage detected by sensor------------- 
Baggage weighs: 21.9 kg
baggage is on conveyor belt-------
---------baggage detected by sensor------------- 
Baggage weighs: 19.82 kg
baggage is on conveyor belt-------
---------baggage detected by sensor------------- 
Baggage weighs: 18.98 kg
baggage is on conveyor belt-------
---------baggage detected by sensor------------- 
Baggage weighs: 19.28 kg
baggage is on conveyor belt-------
---------baggage detected by sensor------------- 
Baggage weighs: 18.06 kg
baggage is on conveyor belt-------
---------baggage detected by sensor------------- 
Baggage weighs: 20.2 kg
baggage is on conveyor belt-------
---------baggage detected by sensor------------- 
Baggage weighs: 19.74 kg
baggage is on conveyor belt-------
---------baggage detected by sensor------------- 
Baggage weighs: 17.44 kg
baggage is on conveyor belt-------
---------baggage detected by sensor------------- 
Baggage weighs: 19.36 kg
baggage is on conveyor belt-------
---------baggage detected by sensor------------- 
Baggage weighs: 20.4 kg
baggage is on conveyor belt-------
---------baggage detected by sensor------------- 
Baggage weighs: 18.92 kg
baggage is on conveyor belt-------
---------baggage detected by sensor------------- 
Baggage weighs: 18.48 kg
baggage is on conveyor belt-------
---------baggage detected by sensor------------- 
Baggage weighs: 17.34 kg
Seat with ID: 31A has been reserved for you!

BOARDING PASS FOR BOBBIE BENJAMIN
-----------------------------------------------------------------------------
LUFTHANSA                      msifv91dnu97012 /  Bobbie Benjamin
Bobbie Benjamin                                     /  msifv91dnu97012
FRA   LH2121   E  30.Oct                       /  FRA
HKG                                            /  HKG
SEAT ID: 31A                                   /  LH2121 E 30.Oct
SEQ: 144                                      / GATE: A05   22:00
MAX 1  HANDLUGGAGE/ LUGGAGE
-----------------------------------------------------------------------------
sorry Bobbie Benjamin we have no voucher for you! Have a nice day!

---------------------------------------------------------------------------------------------------------------
scanning passport with passport id: 9XUAR5QLF
searching for ticket in fast bag drop database..............
Ticket found for Paulette Hebert and Flight LH2121
----searching flight seat for Paulette Hebert---------
Found a seat with ID 31B
Below details were found in database
------------------------------------------
Name: Paulette Hebert
Flight ID: LH2121
Source: FRA
Destination: HKG
Gate No: A05
Boarding time: 22:00
Ticket ID: raq2bw7nzoa7e14
Booking Class: E
------------------------------------------

Proceed with check-in for flight LH2121 ?
Type YES to CHECK-IN or NO to cancel CHECK-IN
Paulette Hebert is deciding whether to check-in or to go back home and sleep............
YES CHECK-IN
Checking you in...............
baggage is on conveyor belt-------
---------baggage detected by sensor------------- 
Baggage weighs: 21.58 kg
baggage is on conveyor belt-------
---------baggage detected by sensor------------- 
Baggage weighs: 20.43 kg
baggage is on conveyor belt-------
---------baggage detected by sensor------------- 
Baggage weighs: 18.47 kg
baggage is on conveyor belt-------
---------baggage detected by sensor------------- 
Baggage weighs: 17.86 kg
baggage is on conveyor belt-------
---------baggage detected by sensor------------- 
Baggage weighs: 18.65 kg
baggage is on conveyor belt-------
---------baggage detected by sensor------------- 
Baggage weighs: 19.27 kg
baggage is on conveyor belt-------
---------baggage detected by sensor------------- 
Baggage weighs: 17.42 kg
baggage is on conveyor belt-------
---------baggage detected by sensor------------- 
Baggage weighs: 19.16 kg
baggage is on conveyor belt-------
---------baggage detected by sensor------------- 
Baggage weighs: 19.52 kg
baggage is on conveyor belt-------
---------baggage detected by sensor------------- 
Baggage weighs: 17.51 kg
baggage is on conveyor belt-------
---------baggage detected by sensor------------- 
Baggage weighs: 17.38 kg
baggage is on conveyor belt-------
---------baggage detected by sensor------------- 
Baggage weighs: 18.67 kg
baggage is on conveyor belt-------
---------baggage detected by sensor------------- 
Baggage weighs: 16.98 kg
baggage is on conveyor belt-------
---------baggage detected by sensor------------- 
Baggage weighs: 21.26 kg
baggage is on conveyor belt-------
---------baggage detected by sensor------------- 
Baggage weighs: 18.3 kg
baggage is on conveyor belt-------
---------baggage detected by sensor------------- 
Baggage weighs: 16.81 kg
baggage is on conveyor belt-------
---------baggage detected by sensor------------- 
Baggage weighs: 20.91 kg
baggage is on conveyor belt-------
---------baggage detected by sensor------------- 
Baggage weighs: 21.21 kg
baggage is on conveyor belt-------
---------baggage detected by sensor------------- 
Baggage weighs: 19.69 kg
baggage is on conveyor belt-------
---------baggage detected by sensor------------- 
Baggage weighs: 18.67 kg
baggage is on conveyor belt-------
---------baggage detected by sensor------------- 
Baggage weighs: 19.12 kg
baggage is on conveyor belt-------
---------baggage detected by sensor------------- 
Baggage weighs: 16.42 kg
baggage is on conveyor belt-------
---------baggage detected by sensor------------- 
Baggage weighs: 19.17 kg
baggage is on conveyor belt-------
---------baggage detected by sensor------------- 
Baggage weighs: 19.0 kg
baggage is on conveyor belt-------
---------baggage detected by sensor------------- 
Baggage weighs: 18.78 kg
baggage is on conveyor belt-------
---------baggage detected by sensor------------- 
Baggage weighs: 20.31 kg
baggage is on conveyor belt-------
---------baggage detected by sensor------------- 
Baggage weighs: 21.25 kg
baggage is on conveyor belt-------
---------baggage detected by sensor------------- 
Baggage weighs: 18.87 kg
baggage is on conveyor belt-------
---------baggage detected by sensor------------- 
Baggage weighs: 16.25 kg
baggage is on conveyor belt-------
---------baggage detected by sensor------------- 
Baggage weighs: 19.94 kg
baggage is on conveyor belt-------
---------baggage detected by sensor------------- 
Baggage weighs: 16.88 kg
baggage is on conveyor belt-------
---------baggage detected by sensor------------- 
Baggage weighs: 18.24 kg
baggage is on conveyor belt-------
---------baggage detected by sensor------------- 
Baggage weighs: 17.16 kg
baggage is on conveyor belt-------
---------baggage detected by sensor------------- 
Baggage weighs: 19.34 kg
baggage is on conveyor belt-------
---------baggage detected by sensor------------- 
Baggage weighs: 22.41 kg
baggage is on conveyor belt-------
---------baggage detected by sensor------------- 
Baggage weighs: 20.47 kg
baggage is on conveyor belt-------
---------baggage detected by sensor------------- 
Baggage weighs: 18.81 kg
baggage is on conveyor belt-------
---------baggage detected by sensor------------- 
Baggage weighs: 18.56 kg
baggage is on conveyor belt-------
---------baggage detected by sensor------------- 
Baggage weighs: 17.77 kg
baggage is on conveyor belt-------
---------baggage detected by sensor------------- 
Baggage weighs: 19.32 kg
baggage is on conveyor belt-------
---------baggage detected by sensor------------- 
Baggage weighs: 19.21 kg
baggage is on conveyor belt-------
---------baggage detected by sensor------------- 
Baggage weighs: 19.13 kg
baggage is on conveyor belt-------
---------baggage detected by sensor------------- 
Baggage weighs: 20.39 kg
baggage is on conveyor belt-------
---------baggage detected by sensor------------- 
Baggage weighs: 21.03 kg
baggage is on conveyor belt-------
---------baggage detected by sensor------------- 
Baggage weighs: 20.05 kg
baggage is on conveyor belt-------
---------baggage detected by sensor------------- 
Baggage weighs: 21.92 kg
baggage is on conveyor belt-------
---------baggage detected by sensor------------- 
Baggage weighs: 19.37 kg
baggage is on conveyor belt-------
---------baggage detected by sensor------------- 
Baggage weighs: 20.35 kg
baggage is on conveyor belt-------
---------baggage detected by sensor------------- 
Baggage weighs: 18.73 kg
baggage is on conveyor belt-------
---------baggage detected by sensor------------- 
Baggage weighs: 20.33 kg
baggage is on conveyor belt-------
---------baggage detected by sensor------------- 
Baggage weighs: 22.01 kg
baggage is on conveyor belt-------
---------baggage detected by sensor------------- 
Baggage weighs: 19.27 kg
baggage is on conveyor belt-------
---------baggage detected by sensor------------- 
Baggage weighs: 21.18 kg
baggage is on conveyor belt-------
---------baggage detected by sensor------------- 
Baggage weighs: 17.16 kg
baggage is on conveyor belt-------
---------baggage detected by sensor------------- 
Baggage weighs: 20.04 kg
baggage is on conveyor belt-------
---------baggage detected by sensor------------- 
Baggage weighs: 20.91 kg
baggage is on conveyor belt-------
---------baggage detected by sensor------------- 
Baggage weighs: 20.3 kg
baggage is on conveyor belt-------
---------baggage detected by sensor------------- 
Baggage weighs: 20.38 kg
baggage is on conveyor belt-------
---------baggage detected by sensor------------- 
Baggage weighs: 16.54 kg
baggage is on conveyor belt-------
---------baggage detected by sensor------------- 
Baggage weighs: 18.87 kg
baggage is on conveyor belt-------
---------baggage detected by sensor------------- 
Baggage weighs: 20.22 kg
baggage is on conveyor belt-------
---------baggage detected by sensor------------- 
Baggage weighs: 20.75 kg
baggage is on conveyor belt-------
---------baggage detected by sensor------------- 
Baggage weighs: 17.4 kg
baggage is on conveyor belt-------
---------baggage detected by sensor------------- 
Baggage weighs: 20.27 kg
baggage is on conveyor belt-------
---------baggage detected by sensor------------- 
Baggage weighs: 17.04 kg
baggage is on conveyor belt-------
---------baggage detected by sensor------------- 
Baggage weighs: 19.84 kg
baggage is on conveyor belt-------
---------baggage detected by sensor------------- 
Baggage weighs: 17.34 kg
baggage is on conveyor belt-------
---------baggage detected by sensor------------- 
Baggage weighs: 18.75 kg
baggage is on conveyor belt-------
---------baggage detected by sensor------------- 
Baggage weighs: 19.12 kg
baggage is on conveyor belt-------
---------baggage detected by sensor------------- 
Baggage weighs: 18.29 kg
baggage is on conveyor belt-------
---------baggage detected by sensor------------- 
Baggage weighs: 17.94 kg
baggage is on conveyor belt-------
---------baggage detected by sensor------------- 
Baggage weighs: 19.09 kg
baggage is on conveyor belt-------
---------baggage detected by sensor------------- 
Baggage weighs: 22.39 kg
baggage is on conveyor belt-------
---------baggage detected by sensor------------- 
Baggage weighs: 21.23 kg
baggage is on conveyor belt-------
---------baggage detected by sensor------------- 
Baggage weighs: 17.56 kg
baggage is on conveyor belt-------
---------baggage detected by sensor------------- 
Baggage weighs: 18.37 kg
baggage is on conveyor belt-------
---------baggage detected by sensor------------- 
Baggage weighs: 21.4 kg
baggage is on conveyor belt-------
---------baggage detected by sensor------------- 
Baggage weighs: 20.25 kg
baggage is on conveyor belt-------
---------baggage detected by sensor------------- 
Baggage weighs: 23.0 kg
baggage is on conveyor belt-------
---------baggage detected by sensor------------- 
Baggage weighs: 17.01 kg
baggage is on conveyor belt-------
---------baggage detected by sensor------------- 
Baggage weighs: 17.39 kg
baggage is on conveyor belt-------
---------baggage detected by sensor------------- 
Baggage weighs: 16.7 kg
baggage is on conveyor belt-------
---------baggage detected by sensor------------- 
Baggage weighs: 16.23 kg
baggage is on conveyor belt-------
---------baggage detected by sensor------------- 
Baggage weighs: 19.13 kg
baggage is on conveyor belt-------
---------baggage detected by sensor------------- 
Baggage weighs: 21.07 kg
baggage is on conveyor belt-------
---------baggage detected by sensor------------- 
Baggage weighs: 17.87 kg
baggage is on conveyor belt-------
---------baggage detected by sensor------------- 
Baggage weighs: 19.92 kg
baggage is on conveyor belt-------
---------baggage detected by sensor------------- 
Baggage weighs: 19.22 kg
baggage is on conveyor belt-------
---------baggage detected by sensor------------- 
Baggage weighs: 21.53 kg
baggage is on conveyor belt-------
---------baggage detected by sensor------------- 
Baggage weighs: 20.29 kg
baggage is on conveyor belt-------
---------baggage detected by sensor------------- 
Baggage weighs: 19.32 kg
baggage is on conveyor belt-------
---------baggage detected by sensor------------- 
Baggage weighs: 17.25 kg
baggage is on conveyor belt-------
---------baggage detected by sensor------------- 
Baggage weighs: 21.3 kg
baggage is on conveyor belt-------
---------baggage detected by sensor------------- 
Baggage weighs: 16.79 kg
baggage is on conveyor belt-------
---------baggage detected by sensor------------- 
Baggage weighs: 19.55 kg
baggage is on conveyor belt-------
---------baggage detected by sensor------------- 
Baggage weighs: 18.88 kg
baggage is on conveyor belt-------
---------baggage detected by sensor------------- 
Baggage weighs: 22.33 kg
baggage is on conveyor belt-------
---------baggage detected by sensor------------- 
Baggage weighs: 20.62 kg
baggage is on conveyor belt-------
---------baggage detected by sensor------------- 
Baggage weighs: 19.42 kg
baggage is on conveyor belt-------
---------baggage detected by sensor------------- 
Baggage weighs: 17.54 kg
baggage is on conveyor belt-------
---------baggage detected by sensor------------- 
Baggage weighs: 21.51 kg
baggage is on conveyor belt-------
---------baggage detected by sensor------------- 
Baggage weighs: 19.46 kg
baggage is on conveyor belt-------
---------baggage detected by sensor------------- 
Baggage weighs: 17.83 kg
baggage is on conveyor belt-------
---------baggage detected by sensor------------- 
Baggage weighs: 17.75 kg
baggage is on conveyor belt-------
---------baggage detected by sensor------------- 
Baggage weighs: 17.44 kg
baggage is on conveyor belt-------
---------baggage detected by sensor------------- 
Baggage weighs: 19.53 kg
baggage is on conveyor belt-------
---------baggage detected by sensor------------- 
Baggage weighs: 17.51 kg
baggage is on conveyor belt-------
---------baggage detected by sensor------------- 
Baggage weighs: 18.2 kg
baggage is on conveyor belt-------
---------baggage detected by sensor------------- 
Baggage weighs: 21.55 kg
baggage is on conveyor belt-------
---------baggage detected by sensor------------- 
Baggage weighs: 19.67 kg
baggage is on conveyor belt-------
---------baggage detected by sensor------------- 
Baggage weighs: 19.52 kg
baggage is on conveyor belt-------
---------baggage detected by sensor------------- 
Baggage weighs: 21.06 kg
baggage is on conveyor belt-------
---------baggage detected by sensor------------- 
Baggage weighs: 17.44 kg
baggage is on conveyor belt-------
---------baggage detected by sensor------------- 
Baggage weighs: 19.21 kg
baggage is on conveyor belt-------
---------baggage detected by sensor------------- 
Baggage weighs: 21.65 kg
baggage is on conveyor belt-------
---------baggage detected by sensor------------- 
Baggage weighs: 19.64 kg
baggage is on conveyor belt-------
---------baggage detected by sensor------------- 
Baggage weighs: 21.03 kg
baggage is on conveyor belt-------
---------baggage detected by sensor------------- 
Baggage weighs: 19.76 kg
baggage is on conveyor belt-------
---------baggage detected by sensor------------- 
Baggage weighs: 21.01 kg
baggage is on conveyor belt-------
---------baggage detected by sensor------------- 
Baggage weighs: 19.11 kg
baggage is on conveyor belt-------
---------baggage detected by sensor------------- 
Baggage weighs: 18.54 kg
baggage is on conveyor belt-------
---------baggage detected by sensor------------- 
Baggage weighs: 16.86 kg
baggage is on conveyor belt-------
---------baggage detected by sensor------------- 
Baggage weighs: 16.59 kg
baggage is on conveyor belt-------
---------baggage detected by sensor------------- 
Baggage weighs: 19.26 kg
baggage is on conveyor belt-------
---------baggage detected by sensor------------- 
Baggage weighs: 18.34 kg
baggage is on conveyor belt-------
---------baggage detected by sensor------------- 
Baggage weighs: 19.09 kg
baggage is on conveyor belt-------
---------baggage detected by sensor------------- 
Baggage weighs: 22.38 kg
baggage is on conveyor belt-------
---------baggage detected by sensor------------- 
Baggage weighs: 22.12 kg
baggage is on conveyor belt-------
---------baggage detected by sensor------------- 
Baggage weighs: 16.75 kg
baggage is on conveyor belt-------
---------baggage detected by sensor------------- 
Baggage weighs: 20.36 kg
baggage is on conveyor belt-------
---------baggage detected by sensor------------- 
Baggage weighs: 20.94 kg
baggage is on conveyor belt-------
---------baggage detected by sensor------------- 
Baggage weighs: 19.8 kg
baggage is on conveyor belt-------
---------baggage detected by sensor------------- 
Baggage weighs: 19.12 kg
baggage is on conveyor belt-------
---------baggage detected by sensor------------- 
Baggage weighs: 16.93 kg
baggage is on conveyor belt-------
---------baggage detected by sensor------------- 
Baggage weighs: 20.48 kg
baggage is on conveyor belt-------
---------baggage detected by sensor------------- 
Baggage weighs: 17.63 kg
baggage is on conveyor belt-------
---------baggage detected by sensor------------- 
Baggage weighs: 19.86 kg
baggage is on conveyor belt-------
---------baggage detected by sensor------------- 
Baggage weighs: 19.4 kg
baggage is on conveyor belt-------
---------baggage detected by sensor------------- 
Baggage weighs: 19.0 kg
baggage is on conveyor belt-------
---------baggage detected by sensor------------- 
Baggage weighs: 20.5 kg
baggage is on conveyor belt-------
---------baggage detected by sensor------------- 
Baggage weighs: 21.9 kg
baggage is on conveyor belt-------
---------baggage detected by sensor------------- 
Baggage weighs: 19.82 kg
baggage is on conveyor belt-------
---------baggage detected by sensor------------- 
Baggage weighs: 18.98 kg
baggage is on conveyor belt-------
---------baggage detected by sensor------------- 
Baggage weighs: 19.28 kg
baggage is on conveyor belt-------
---------baggage detected by sensor------------- 
Baggage weighs: 18.06 kg
baggage is on conveyor belt-------
---------baggage detected by sensor------------- 
Baggage weighs: 20.2 kg
baggage is on conveyor belt-------
---------baggage detected by sensor------------- 
Baggage weighs: 19.74 kg
baggage is on conveyor belt-------
---------baggage detected by sensor------------- 
Baggage weighs: 17.44 kg
baggage is on conveyor belt-------
---------baggage detected by sensor------------- 
Baggage weighs: 19.36 kg
baggage is on conveyor belt-------
---------baggage detected by sensor------------- 
Baggage weighs: 20.4 kg
baggage is on conveyor belt-------
---------baggage detected by sensor------------- 
Baggage weighs: 18.92 kg
baggage is on conveyor belt-------
---------baggage detected by sensor------------- 
Baggage weighs: 18.48 kg
baggage is on conveyor belt-------
---------baggage detected by sensor------------- 
Baggage weighs: 17.34 kg
baggage is on conveyor belt-------
---------baggage detected by sensor------------- 
Baggage weighs: 20.57 kg
Seat with ID: 31B has been reserved for you!

BOARDING PASS FOR PAULETTE HEBERT
-----------------------------------------------------------------------------
LUFTHANSA                      raq2bw7nzoa7e14 /  Paulette Hebert
Paulette Hebert                                     /  raq2bw7nzoa7e14
FRA   LH2121   E  30.Oct                       /  FRA
HKG                                            /  HKG
SEAT ID: 31B                                   /  LH2121 E 30.Oct
SEQ: 145                                      / GATE: A05   22:00
MAX 1  HANDLUGGAGE/ LUGGAGE
-----------------------------------------------------------------------------
sorry Paulette Hebert we have no voucher for you! Have a nice day!

---------------------------------------------------------------------------------------------------------------
scanning passport with passport id: 0Z3JOMDFC
searching for ticket in fast bag drop database..............
Ticket found for Cary Howell and Flight LH2121
----searching flight seat for Cary Howell---------
Found a seat with ID 31C
Below details were found in database
------------------------------------------
Name: Cary Howell
Flight ID: LH2121
Source: FRA
Destination: HKG
Gate No: A05
Boarding time: 22:00
Ticket ID: 63r0ymq4h1926sr
Booking Class: E
------------------------------------------

Proceed with check-in for flight LH2121 ?
Type YES to CHECK-IN or NO to cancel CHECK-IN
Cary Howell is deciding whether to check-in or to go back home and sleep............
YES CHECK-IN
Checking you in...............
baggage is on conveyor belt-------
---------baggage detected by sensor------------- 
Baggage weighs: 21.58 kg
baggage is on conveyor belt-------
---------baggage detected by sensor------------- 
Baggage weighs: 20.43 kg
baggage is on conveyor belt-------
---------baggage detected by sensor------------- 
Baggage weighs: 18.47 kg
baggage is on conveyor belt-------
---------baggage detected by sensor------------- 
Baggage weighs: 17.86 kg
baggage is on conveyor belt-------
---------baggage detected by sensor------------- 
Baggage weighs: 18.65 kg
baggage is on conveyor belt-------
---------baggage detected by sensor------------- 
Baggage weighs: 19.27 kg
baggage is on conveyor belt-------
---------baggage detected by sensor------------- 
Baggage weighs: 17.42 kg
baggage is on conveyor belt-------
---------baggage detected by sensor------------- 
Baggage weighs: 19.16 kg
baggage is on conveyor belt-------
---------baggage detected by sensor------------- 
Baggage weighs: 19.52 kg
baggage is on conveyor belt-------
---------baggage detected by sensor------------- 
Baggage weighs: 17.51 kg
baggage is on conveyor belt-------
---------baggage detected by sensor------------- 
Baggage weighs: 17.38 kg
baggage is on conveyor belt-------
---------baggage detected by sensor------------- 
Baggage weighs: 18.67 kg
baggage is on conveyor belt-------
---------baggage detected by sensor------------- 
Baggage weighs: 16.98 kg
baggage is on conveyor belt-------
---------baggage detected by sensor------------- 
Baggage weighs: 21.26 kg
baggage is on conveyor belt-------
---------baggage detected by sensor------------- 
Baggage weighs: 18.3 kg
baggage is on conveyor belt-------
---------baggage detected by sensor------------- 
Baggage weighs: 16.81 kg
baggage is on conveyor belt-------
---------baggage detected by sensor------------- 
Baggage weighs: 20.91 kg
baggage is on conveyor belt-------
---------baggage detected by sensor------------- 
Baggage weighs: 21.21 kg
baggage is on conveyor belt-------
---------baggage detected by sensor------------- 
Baggage weighs: 19.69 kg
baggage is on conveyor belt-------
---------baggage detected by sensor------------- 
Baggage weighs: 18.67 kg
baggage is on conveyor belt-------
---------baggage detected by sensor------------- 
Baggage weighs: 19.12 kg
baggage is on conveyor belt-------
---------baggage detected by sensor------------- 
Baggage weighs: 16.42 kg
baggage is on conveyor belt-------
---------baggage detected by sensor------------- 
Baggage weighs: 19.17 kg
baggage is on conveyor belt-------
---------baggage detected by sensor------------- 
Baggage weighs: 19.0 kg
baggage is on conveyor belt-------
---------baggage detected by sensor------------- 
Baggage weighs: 18.78 kg
baggage is on conveyor belt-------
---------baggage detected by sensor------------- 
Baggage weighs: 20.31 kg
baggage is on conveyor belt-------
---------baggage detected by sensor------------- 
Baggage weighs: 21.25 kg
baggage is on conveyor belt-------
---------baggage detected by sensor------------- 
Baggage weighs: 18.87 kg
baggage is on conveyor belt-------
---------baggage detected by sensor------------- 
Baggage weighs: 16.25 kg
baggage is on conveyor belt-------
---------baggage detected by sensor------------- 
Baggage weighs: 19.94 kg
baggage is on conveyor belt-------
---------baggage detected by sensor------------- 
Baggage weighs: 16.88 kg
baggage is on conveyor belt-------
---------baggage detected by sensor------------- 
Baggage weighs: 18.24 kg
baggage is on conveyor belt-------
---------baggage detected by sensor------------- 
Baggage weighs: 17.16 kg
baggage is on conveyor belt-------
---------baggage detected by sensor------------- 
Baggage weighs: 19.34 kg
baggage is on conveyor belt-------
---------baggage detected by sensor------------- 
Baggage weighs: 22.41 kg
baggage is on conveyor belt-------
---------baggage detected by sensor------------- 
Baggage weighs: 20.47 kg
baggage is on conveyor belt-------
---------baggage detected by sensor------------- 
Baggage weighs: 18.81 kg
baggage is on conveyor belt-------
---------baggage detected by sensor------------- 
Baggage weighs: 18.56 kg
baggage is on conveyor belt-------
---------baggage detected by sensor------------- 
Baggage weighs: 17.77 kg
baggage is on conveyor belt-------
---------baggage detected by sensor------------- 
Baggage weighs: 19.32 kg
baggage is on conveyor belt-------
---------baggage detected by sensor------------- 
Baggage weighs: 19.21 kg
baggage is on conveyor belt-------
---------baggage detected by sensor------------- 
Baggage weighs: 19.13 kg
baggage is on conveyor belt-------
---------baggage detected by sensor------------- 
Baggage weighs: 20.39 kg
baggage is on conveyor belt-------
---------baggage detected by sensor------------- 
Baggage weighs: 21.03 kg
baggage is on conveyor belt-------
---------baggage detected by sensor------------- 
Baggage weighs: 20.05 kg
baggage is on conveyor belt-------
---------baggage detected by sensor------------- 
Baggage weighs: 21.92 kg
baggage is on conveyor belt-------
---------baggage detected by sensor------------- 
Baggage weighs: 19.37 kg
baggage is on conveyor belt-------
---------baggage detected by sensor------------- 
Baggage weighs: 20.35 kg
baggage is on conveyor belt-------
---------baggage detected by sensor------------- 
Baggage weighs: 18.73 kg
baggage is on conveyor belt-------
---------baggage detected by sensor------------- 
Baggage weighs: 20.33 kg
baggage is on conveyor belt-------
---------baggage detected by sensor------------- 
Baggage weighs: 22.01 kg
baggage is on conveyor belt-------
---------baggage detected by sensor------------- 
Baggage weighs: 19.27 kg
baggage is on conveyor belt-------
---------baggage detected by sensor------------- 
Baggage weighs: 21.18 kg
baggage is on conveyor belt-------
---------baggage detected by sensor------------- 
Baggage weighs: 17.16 kg
baggage is on conveyor belt-------
---------baggage detected by sensor------------- 
Baggage weighs: 20.04 kg
baggage is on conveyor belt-------
---------baggage detected by sensor------------- 
Baggage weighs: 20.91 kg
baggage is on conveyor belt-------
---------baggage detected by sensor------------- 
Baggage weighs: 20.3 kg
baggage is on conveyor belt-------
---------baggage detected by sensor------------- 
Baggage weighs: 20.38 kg
baggage is on conveyor belt-------
---------baggage detected by sensor------------- 
Baggage weighs: 16.54 kg
baggage is on conveyor belt-------
---------baggage detected by sensor------------- 
Baggage weighs: 18.87 kg
baggage is on conveyor belt-------
---------baggage detected by sensor------------- 
Baggage weighs: 20.22 kg
baggage is on conveyor belt-------
---------baggage detected by sensor------------- 
Baggage weighs: 20.75 kg
baggage is on conveyor belt-------
---------baggage detected by sensor------------- 
Baggage weighs: 17.4 kg
baggage is on conveyor belt-------
---------baggage detected by sensor------------- 
Baggage weighs: 20.27 kg
baggage is on conveyor belt-------
---------baggage detected by sensor------------- 
Baggage weighs: 17.04 kg
baggage is on conveyor belt-------
---------baggage detected by sensor------------- 
Baggage weighs: 19.84 kg
baggage is on conveyor belt-------
---------baggage detected by sensor------------- 
Baggage weighs: 17.34 kg
baggage is on conveyor belt-------
---------baggage detected by sensor------------- 
Baggage weighs: 18.75 kg
baggage is on conveyor belt-------
---------baggage detected by sensor------------- 
Baggage weighs: 19.12 kg
baggage is on conveyor belt-------
---------baggage detected by sensor------------- 
Baggage weighs: 18.29 kg
baggage is on conveyor belt-------
---------baggage detected by sensor------------- 
Baggage weighs: 17.94 kg
baggage is on conveyor belt-------
---------baggage detected by sensor------------- 
Baggage weighs: 19.09 kg
baggage is on conveyor belt-------
---------baggage detected by sensor------------- 
Baggage weighs: 22.39 kg
baggage is on conveyor belt-------
---------baggage detected by sensor------------- 
Baggage weighs: 21.23 kg
baggage is on conveyor belt-------
---------baggage detected by sensor------------- 
Baggage weighs: 17.56 kg
baggage is on conveyor belt-------
---------baggage detected by sensor------------- 
Baggage weighs: 18.37 kg
baggage is on conveyor belt-------
---------baggage detected by sensor------------- 
Baggage weighs: 21.4 kg
baggage is on conveyor belt-------
---------baggage detected by sensor------------- 
Baggage weighs: 20.25 kg
baggage is on conveyor belt-------
---------baggage detected by sensor------------- 
Baggage weighs: 23.0 kg
baggage is on conveyor belt-------
---------baggage detected by sensor------------- 
Baggage weighs: 17.01 kg
baggage is on conveyor belt-------
---------baggage detected by sensor------------- 
Baggage weighs: 17.39 kg
baggage is on conveyor belt-------
---------baggage detected by sensor------------- 
Baggage weighs: 16.7 kg
baggage is on conveyor belt-------
---------baggage detected by sensor------------- 
Baggage weighs: 16.23 kg
baggage is on conveyor belt-------
---------baggage detected by sensor------------- 
Baggage weighs: 19.13 kg
baggage is on conveyor belt-------
---------baggage detected by sensor------------- 
Baggage weighs: 21.07 kg
baggage is on conveyor belt-------
---------baggage detected by sensor------------- 
Baggage weighs: 17.87 kg
baggage is on conveyor belt-------
---------baggage detected by sensor------------- 
Baggage weighs: 19.92 kg
baggage is on conveyor belt-------
---------baggage detected by sensor------------- 
Baggage weighs: 19.22 kg
baggage is on conveyor belt-------
---------baggage detected by sensor------------- 
Baggage weighs: 21.53 kg
baggage is on conveyor belt-------
---------baggage detected by sensor------------- 
Baggage weighs: 20.29 kg
baggage is on conveyor belt-------
---------baggage detected by sensor------------- 
Baggage weighs: 19.32 kg
baggage is on conveyor belt-------
---------baggage detected by sensor------------- 
Baggage weighs: 17.25 kg
baggage is on conveyor belt-------
---------baggage detected by sensor------------- 
Baggage weighs: 21.3 kg
baggage is on conveyor belt-------
---------baggage detected by sensor------------- 
Baggage weighs: 16.79 kg
baggage is on conveyor belt-------
---------baggage detected by sensor------------- 
Baggage weighs: 19.55 kg
baggage is on conveyor belt-------
---------baggage detected by sensor------------- 
Baggage weighs: 18.88 kg
baggage is on conveyor belt-------
---------baggage detected by sensor------------- 
Baggage weighs: 22.33 kg
baggage is on conveyor belt-------
---------baggage detected by sensor------------- 
Baggage weighs: 20.62 kg
baggage is on conveyor belt-------
---------baggage detected by sensor------------- 
Baggage weighs: 19.42 kg
baggage is on conveyor belt-------
---------baggage detected by sensor------------- 
Baggage weighs: 17.54 kg
baggage is on conveyor belt-------
---------baggage detected by sensor------------- 
Baggage weighs: 21.51 kg
baggage is on conveyor belt-------
---------baggage detected by sensor------------- 
Baggage weighs: 19.46 kg
baggage is on conveyor belt-------
---------baggage detected by sensor------------- 
Baggage weighs: 17.83 kg
baggage is on conveyor belt-------
---------baggage detected by sensor------------- 
Baggage weighs: 17.75 kg
baggage is on conveyor belt-------
---------baggage detected by sensor------------- 
Baggage weighs: 17.44 kg
baggage is on conveyor belt-------
---------baggage detected by sensor------------- 
Baggage weighs: 19.53 kg
baggage is on conveyor belt-------
---------baggage detected by sensor------------- 
Baggage weighs: 17.51 kg
baggage is on conveyor belt-------
---------baggage detected by sensor------------- 
Baggage weighs: 18.2 kg
baggage is on conveyor belt-------
---------baggage detected by sensor------------- 
Baggage weighs: 21.55 kg
baggage is on conveyor belt-------
---------baggage detected by sensor------------- 
Baggage weighs: 19.67 kg
baggage is on conveyor belt-------
---------baggage detected by sensor------------- 
Baggage weighs: 19.52 kg
baggage is on conveyor belt-------
---------baggage detected by sensor------------- 
Baggage weighs: 21.06 kg
baggage is on conveyor belt-------
---------baggage detected by sensor------------- 
Baggage weighs: 17.44 kg
baggage is on conveyor belt-------
---------baggage detected by sensor------------- 
Baggage weighs: 19.21 kg
baggage is on conveyor belt-------
---------baggage detected by sensor------------- 
Baggage weighs: 21.65 kg
baggage is on conveyor belt-------
---------baggage detected by sensor------------- 
Baggage weighs: 19.64 kg
baggage is on conveyor belt-------
---------baggage detected by sensor------------- 
Baggage weighs: 21.03 kg
baggage is on conveyor belt-------
---------baggage detected by sensor------------- 
Baggage weighs: 19.76 kg
baggage is on conveyor belt-------
---------baggage detected by sensor------------- 
Baggage weighs: 21.01 kg
baggage is on conveyor belt-------
---------baggage detected by sensor------------- 
Baggage weighs: 19.11 kg
baggage is on conveyor belt-------
---------baggage detected by sensor------------- 
Baggage weighs: 18.54 kg
baggage is on conveyor belt-------
---------baggage detected by sensor------------- 
Baggage weighs: 16.86 kg
baggage is on conveyor belt-------
---------baggage detected by sensor------------- 
Baggage weighs: 16.59 kg
baggage is on conveyor belt-------
---------baggage detected by sensor------------- 
Baggage weighs: 19.26 kg
baggage is on conveyor belt-------
---------baggage detected by sensor------------- 
Baggage weighs: 18.34 kg
baggage is on conveyor belt-------
---------baggage detected by sensor------------- 
Baggage weighs: 19.09 kg
baggage is on conveyor belt-------
---------baggage detected by sensor------------- 
Baggage weighs: 22.38 kg
baggage is on conveyor belt-------
---------baggage detected by sensor------------- 
Baggage weighs: 22.12 kg
baggage is on conveyor belt-------
---------baggage detected by sensor------------- 
Baggage weighs: 16.75 kg
baggage is on conveyor belt-------
---------baggage detected by sensor------------- 
Baggage weighs: 20.36 kg
baggage is on conveyor belt-------
---------baggage detected by sensor------------- 
Baggage weighs: 20.94 kg
baggage is on conveyor belt-------
---------baggage detected by sensor------------- 
Baggage weighs: 19.8 kg
baggage is on conveyor belt-------
---------baggage detected by sensor------------- 
Baggage weighs: 19.12 kg
baggage is on conveyor belt-------
---------baggage detected by sensor------------- 
Baggage weighs: 16.93 kg
baggage is on conveyor belt-------
---------baggage detected by sensor------------- 
Baggage weighs: 20.48 kg
baggage is on conveyor belt-------
---------baggage detected by sensor------------- 
Baggage weighs: 17.63 kg
baggage is on conveyor belt-------
---------baggage detected by sensor------------- 
Baggage weighs: 19.86 kg
baggage is on conveyor belt-------
---------baggage detected by sensor------------- 
Baggage weighs: 19.4 kg
baggage is on conveyor belt-------
---------baggage detected by sensor------------- 
Baggage weighs: 19.0 kg
baggage is on conveyor belt-------
---------baggage detected by sensor------------- 
Baggage weighs: 20.5 kg
baggage is on conveyor belt-------
---------baggage detected by sensor------------- 
Baggage weighs: 21.9 kg
baggage is on conveyor belt-------
---------baggage detected by sensor------------- 
Baggage weighs: 19.82 kg
baggage is on conveyor belt-------
---------baggage detected by sensor------------- 
Baggage weighs: 18.98 kg
baggage is on conveyor belt-------
---------baggage detected by sensor------------- 
Baggage weighs: 19.28 kg
baggage is on conveyor belt-------
---------baggage detected by sensor------------- 
Baggage weighs: 18.06 kg
baggage is on conveyor belt-------
---------baggage detected by sensor------------- 
Baggage weighs: 20.2 kg
baggage is on conveyor belt-------
---------baggage detected by sensor------------- 
Baggage weighs: 19.74 kg
baggage is on conveyor belt-------
---------baggage detected by sensor------------- 
Baggage weighs: 17.44 kg
baggage is on conveyor belt-------
---------baggage detected by sensor------------- 
Baggage weighs: 19.36 kg
baggage is on conveyor belt-------
---------baggage detected by sensor------------- 
Baggage weighs: 20.4 kg
baggage is on conveyor belt-------
---------baggage detected by sensor------------- 
Baggage weighs: 18.92 kg
baggage is on conveyor belt-------
---------baggage detected by sensor------------- 
Baggage weighs: 18.48 kg
baggage is on conveyor belt-------
---------baggage detected by sensor------------- 
Baggage weighs: 17.34 kg
baggage is on conveyor belt-------
---------baggage detected by sensor------------- 
Baggage weighs: 20.57 kg
baggage is on conveyor belt-------
---------baggage detected by sensor------------- 
Baggage weighs: 17.19 kg
Seat with ID: 31C has been reserved for you!

BOARDING PASS FOR CARY HOWELL
-----------------------------------------------------------------------------
LUFTHANSA                      63r0ymq4h1926sr /  Cary Howell
Cary Howell                                     /  63r0ymq4h1926sr
FRA   LH2121   E  30.Oct                       /  FRA
HKG                                            /  HKG
SEAT ID: 31C                                   /  LH2121 E 30.Oct
SEQ: 146                                      / GATE: A05   22:00
MAX 1  HANDLUGGAGE/ LUGGAGE
-----------------------------------------------------------------------------
sorry Cary Howell we have no voucher for you! Have a nice day!

---------------------------------------------------------------------------------------------------------------
scanning passport with passport id: 47Q3QPWXP
searching for ticket in fast bag drop database..............
Ticket found for Kayla Hanna and Flight LH2121
----searching flight seat for Kayla Hanna---------
Found a seat with ID 31D
Below details were found in database
------------------------------------------
Name: Kayla Hanna
Flight ID: LH2121
Source: FRA
Destination: HKG
Gate No: A05
Boarding time: 22:00
Ticket ID: ru8r072w5m7sawg
Booking Class: E
------------------------------------------

Proceed with check-in for flight LH2121 ?
Type YES to CHECK-IN or NO to cancel CHECK-IN
Kayla Hanna is deciding whether to check-in or to go back home and sleep............
YES CHECK-IN
Checking you in...............
baggage is on conveyor belt-------
---------baggage detected by sensor------------- 
Baggage weighs: 21.58 kg
baggage is on conveyor belt-------
---------baggage detected by sensor------------- 
Baggage weighs: 20.43 kg
baggage is on conveyor belt-------
---------baggage detected by sensor------------- 
Baggage weighs: 18.47 kg
baggage is on conveyor belt-------
---------baggage detected by sensor------------- 
Baggage weighs: 17.86 kg
baggage is on conveyor belt-------
---------baggage detected by sensor------------- 
Baggage weighs: 18.65 kg
baggage is on conveyor belt-------
---------baggage detected by sensor------------- 
Baggage weighs: 19.27 kg
baggage is on conveyor belt-------
---------baggage detected by sensor------------- 
Baggage weighs: 17.42 kg
baggage is on conveyor belt-------
---------baggage detected by sensor------------- 
Baggage weighs: 19.16 kg
baggage is on conveyor belt-------
---------baggage detected by sensor------------- 
Baggage weighs: 19.52 kg
baggage is on conveyor belt-------
---------baggage detected by sensor------------- 
Baggage weighs: 17.51 kg
baggage is on conveyor belt-------
---------baggage detected by sensor------------- 
Baggage weighs: 17.38 kg
baggage is on conveyor belt-------
---------baggage detected by sensor------------- 
Baggage weighs: 18.67 kg
baggage is on conveyor belt-------
---------baggage detected by sensor------------- 
Baggage weighs: 16.98 kg
baggage is on conveyor belt-------
---------baggage detected by sensor------------- 
Baggage weighs: 21.26 kg
baggage is on conveyor belt-------
---------baggage detected by sensor------------- 
Baggage weighs: 18.3 kg
baggage is on conveyor belt-------
---------baggage detected by sensor------------- 
Baggage weighs: 16.81 kg
baggage is on conveyor belt-------
---------baggage detected by sensor------------- 
Baggage weighs: 20.91 kg
baggage is on conveyor belt-------
---------baggage detected by sensor------------- 
Baggage weighs: 21.21 kg
baggage is on conveyor belt-------
---------baggage detected by sensor------------- 
Baggage weighs: 19.69 kg
baggage is on conveyor belt-------
---------baggage detected by sensor------------- 
Baggage weighs: 18.67 kg
baggage is on conveyor belt-------
---------baggage detected by sensor------------- 
Baggage weighs: 19.12 kg
baggage is on conveyor belt-------
---------baggage detected by sensor------------- 
Baggage weighs: 16.42 kg
baggage is on conveyor belt-------
---------baggage detected by sensor------------- 
Baggage weighs: 19.17 kg
baggage is on conveyor belt-------
---------baggage detected by sensor------------- 
Baggage weighs: 19.0 kg
baggage is on conveyor belt-------
---------baggage detected by sensor------------- 
Baggage weighs: 18.78 kg
baggage is on conveyor belt-------
---------baggage detected by sensor------------- 
Baggage weighs: 20.31 kg
baggage is on conveyor belt-------
---------baggage detected by sensor------------- 
Baggage weighs: 21.25 kg
baggage is on conveyor belt-------
---------baggage detected by sensor------------- 
Baggage weighs: 18.87 kg
baggage is on conveyor belt-------
---------baggage detected by sensor------------- 
Baggage weighs: 16.25 kg
baggage is on conveyor belt-------
---------baggage detected by sensor------------- 
Baggage weighs: 19.94 kg
baggage is on conveyor belt-------
---------baggage detected by sensor------------- 
Baggage weighs: 16.88 kg
baggage is on conveyor belt-------
---------baggage detected by sensor------------- 
Baggage weighs: 18.24 kg
baggage is on conveyor belt-------
---------baggage detected by sensor------------- 
Baggage weighs: 17.16 kg
baggage is on conveyor belt-------
---------baggage detected by sensor------------- 
Baggage weighs: 19.34 kg
baggage is on conveyor belt-------
---------baggage detected by sensor------------- 
Baggage weighs: 22.41 kg
baggage is on conveyor belt-------
---------baggage detected by sensor------------- 
Baggage weighs: 20.47 kg
baggage is on conveyor belt-------
---------baggage detected by sensor------------- 
Baggage weighs: 18.81 kg
baggage is on conveyor belt-------
---------baggage detected by sensor------------- 
Baggage weighs: 18.56 kg
baggage is on conveyor belt-------
---------baggage detected by sensor------------- 
Baggage weighs: 17.77 kg
baggage is on conveyor belt-------
---------baggage detected by sensor------------- 
Baggage weighs: 19.32 kg
baggage is on conveyor belt-------
---------baggage detected by sensor------------- 
Baggage weighs: 19.21 kg
baggage is on conveyor belt-------
---------baggage detected by sensor------------- 
Baggage weighs: 19.13 kg
baggage is on conveyor belt-------
---------baggage detected by sensor------------- 
Baggage weighs: 20.39 kg
baggage is on conveyor belt-------
---------baggage detected by sensor------------- 
Baggage weighs: 21.03 kg
baggage is on conveyor belt-------
---------baggage detected by sensor------------- 
Baggage weighs: 20.05 kg
baggage is on conveyor belt-------
---------baggage detected by sensor------------- 
Baggage weighs: 21.92 kg
baggage is on conveyor belt-------
---------baggage detected by sensor------------- 
Baggage weighs: 19.37 kg
baggage is on conveyor belt-------
---------baggage detected by sensor------------- 
Baggage weighs: 20.35 kg
baggage is on conveyor belt-------
---------baggage detected by sensor------------- 
Baggage weighs: 18.73 kg
baggage is on conveyor belt-------
---------baggage detected by sensor------------- 
Baggage weighs: 20.33 kg
baggage is on conveyor belt-------
---------baggage detected by sensor------------- 
Baggage weighs: 22.01 kg
baggage is on conveyor belt-------
---------baggage detected by sensor------------- 
Baggage weighs: 19.27 kg
baggage is on conveyor belt-------
---------baggage detected by sensor------------- 
Baggage weighs: 21.18 kg
baggage is on conveyor belt-------
---------baggage detected by sensor------------- 
Baggage weighs: 17.16 kg
baggage is on conveyor belt-------
---------baggage detected by sensor------------- 
Baggage weighs: 20.04 kg
baggage is on conveyor belt-------
---------baggage detected by sensor------------- 
Baggage weighs: 20.91 kg
baggage is on conveyor belt-------
---------baggage detected by sensor------------- 
Baggage weighs: 20.3 kg
baggage is on conveyor belt-------
---------baggage detected by sensor------------- 
Baggage weighs: 20.38 kg
baggage is on conveyor belt-------
---------baggage detected by sensor------------- 
Baggage weighs: 16.54 kg
baggage is on conveyor belt-------
---------baggage detected by sensor------------- 
Baggage weighs: 18.87 kg
baggage is on conveyor belt-------
---------baggage detected by sensor------------- 
Baggage weighs: 20.22 kg
baggage is on conveyor belt-------
---------baggage detected by sensor------------- 
Baggage weighs: 20.75 kg
baggage is on conveyor belt-------
---------baggage detected by sensor------------- 
Baggage weighs: 17.4 kg
baggage is on conveyor belt-------
---------baggage detected by sensor------------- 
Baggage weighs: 20.27 kg
baggage is on conveyor belt-------
---------baggage detected by sensor------------- 
Baggage weighs: 17.04 kg
baggage is on conveyor belt-------
---------baggage detected by sensor------------- 
Baggage weighs: 19.84 kg
baggage is on conveyor belt-------
---------baggage detected by sensor------------- 
Baggage weighs: 17.34 kg
baggage is on conveyor belt-------
---------baggage detected by sensor------------- 
Baggage weighs: 18.75 kg
baggage is on conveyor belt-------
---------baggage detected by sensor------------- 
Baggage weighs: 19.12 kg
baggage is on conveyor belt-------
---------baggage detected by sensor------------- 
Baggage weighs: 18.29 kg
baggage is on conveyor belt-------
---------baggage detected by sensor------------- 
Baggage weighs: 17.94 kg
baggage is on conveyor belt-------
---------baggage detected by sensor------------- 
Baggage weighs: 19.09 kg
baggage is on conveyor belt-------
---------baggage detected by sensor------------- 
Baggage weighs: 22.39 kg
baggage is on conveyor belt-------
---------baggage detected by sensor------------- 
Baggage weighs: 21.23 kg
baggage is on conveyor belt-------
---------baggage detected by sensor------------- 
Baggage weighs: 17.56 kg
baggage is on conveyor belt-------
---------baggage detected by sensor------------- 
Baggage weighs: 18.37 kg
baggage is on conveyor belt-------
---------baggage detected by sensor------------- 
Baggage weighs: 21.4 kg
baggage is on conveyor belt-------
---------baggage detected by sensor------------- 
Baggage weighs: 20.25 kg
baggage is on conveyor belt-------
---------baggage detected by sensor------------- 
Baggage weighs: 23.0 kg
baggage is on conveyor belt-------
---------baggage detected by sensor------------- 
Baggage weighs: 17.01 kg
baggage is on conveyor belt-------
---------baggage detected by sensor------------- 
Baggage weighs: 17.39 kg
baggage is on conveyor belt-------
---------baggage detected by sensor------------- 
Baggage weighs: 16.7 kg
baggage is on conveyor belt-------
---------baggage detected by sensor------------- 
Baggage weighs: 16.23 kg
baggage is on conveyor belt-------
---------baggage detected by sensor------------- 
Baggage weighs: 19.13 kg
baggage is on conveyor belt-------
---------baggage detected by sensor------------- 
Baggage weighs: 21.07 kg
baggage is on conveyor belt-------
---------baggage detected by sensor------------- 
Baggage weighs: 17.87 kg
baggage is on conveyor belt-------
---------baggage detected by sensor------------- 
Baggage weighs: 19.92 kg
baggage is on conveyor belt-------
---------baggage detected by sensor------------- 
Baggage weighs: 19.22 kg
baggage is on conveyor belt-------
---------baggage detected by sensor------------- 
Baggage weighs: 21.53 kg
baggage is on conveyor belt-------
---------baggage detected by sensor------------- 
Baggage weighs: 20.29 kg
baggage is on conveyor belt-------
---------baggage detected by sensor------------- 
Baggage weighs: 19.32 kg
baggage is on conveyor belt-------
---------baggage detected by sensor------------- 
Baggage weighs: 17.25 kg
baggage is on conveyor belt-------
---------baggage detected by sensor------------- 
Baggage weighs: 21.3 kg
baggage is on conveyor belt-------
---------baggage detected by sensor------------- 
Baggage weighs: 16.79 kg
baggage is on conveyor belt-------
---------baggage detected by sensor------------- 
Baggage weighs: 19.55 kg
baggage is on conveyor belt-------
---------baggage detected by sensor------------- 
Baggage weighs: 18.88 kg
baggage is on conveyor belt-------
---------baggage detected by sensor------------- 
Baggage weighs: 22.33 kg
baggage is on conveyor belt-------
---------baggage detected by sensor------------- 
Baggage weighs: 20.62 kg
baggage is on conveyor belt-------
---------baggage detected by sensor------------- 
Baggage weighs: 19.42 kg
baggage is on conveyor belt-------
---------baggage detected by sensor------------- 
Baggage weighs: 17.54 kg
baggage is on conveyor belt-------
---------baggage detected by sensor------------- 
Baggage weighs: 21.51 kg
baggage is on conveyor belt-------
---------baggage detected by sensor------------- 
Baggage weighs: 19.46 kg
baggage is on conveyor belt-------
---------baggage detected by sensor------------- 
Baggage weighs: 17.83 kg
baggage is on conveyor belt-------
---------baggage detected by sensor------------- 
Baggage weighs: 17.75 kg
baggage is on conveyor belt-------
---------baggage detected by sensor------------- 
Baggage weighs: 17.44 kg
baggage is on conveyor belt-------
---------baggage detected by sensor------------- 
Baggage weighs: 19.53 kg
baggage is on conveyor belt-------
---------baggage detected by sensor------------- 
Baggage weighs: 17.51 kg
baggage is on conveyor belt-------
---------baggage detected by sensor------------- 
Baggage weighs: 18.2 kg
baggage is on conveyor belt-------
---------baggage detected by sensor------------- 
Baggage weighs: 21.55 kg
baggage is on conveyor belt-------
---------baggage detected by sensor------------- 
Baggage weighs: 19.67 kg
baggage is on conveyor belt-------
---------baggage detected by sensor------------- 
Baggage weighs: 19.52 kg
baggage is on conveyor belt-------
---------baggage detected by sensor------------- 
Baggage weighs: 21.06 kg
baggage is on conveyor belt-------
---------baggage detected by sensor------------- 
Baggage weighs: 17.44 kg
baggage is on conveyor belt-------
---------baggage detected by sensor------------- 
Baggage weighs: 19.21 kg
baggage is on conveyor belt-------
---------baggage detected by sensor------------- 
Baggage weighs: 21.65 kg
baggage is on conveyor belt-------
---------baggage detected by sensor------------- 
Baggage weighs: 19.64 kg
baggage is on conveyor belt-------
---------baggage detected by sensor------------- 
Baggage weighs: 21.03 kg
baggage is on conveyor belt-------
---------baggage detected by sensor------------- 
Baggage weighs: 19.76 kg
baggage is on conveyor belt-------
---------baggage detected by sensor------------- 
Baggage weighs: 21.01 kg
baggage is on conveyor belt-------
---------baggage detected by sensor------------- 
Baggage weighs: 19.11 kg
baggage is on conveyor belt-------
---------baggage detected by sensor------------- 
Baggage weighs: 18.54 kg
baggage is on conveyor belt-------
---------baggage detected by sensor------------- 
Baggage weighs: 16.86 kg
baggage is on conveyor belt-------
---------baggage detected by sensor------------- 
Baggage weighs: 16.59 kg
baggage is on conveyor belt-------
---------baggage detected by sensor------------- 
Baggage weighs: 19.26 kg
baggage is on conveyor belt-------
---------baggage detected by sensor------------- 
Baggage weighs: 18.34 kg
baggage is on conveyor belt-------
---------baggage detected by sensor------------- 
Baggage weighs: 19.09 kg
baggage is on conveyor belt-------
---------baggage detected by sensor------------- 
Baggage weighs: 22.38 kg
baggage is on conveyor belt-------
---------baggage detected by sensor------------- 
Baggage weighs: 22.12 kg
baggage is on conveyor belt-------
---------baggage detected by sensor------------- 
Baggage weighs: 16.75 kg
baggage is on conveyor belt-------
---------baggage detected by sensor------------- 
Baggage weighs: 20.36 kg
baggage is on conveyor belt-------
---------baggage detected by sensor------------- 
Baggage weighs: 20.94 kg
baggage is on conveyor belt-------
---------baggage detected by sensor------------- 
Baggage weighs: 19.8 kg
baggage is on conveyor belt-------
---------baggage detected by sensor------------- 
Baggage weighs: 19.12 kg
baggage is on conveyor belt-------
---------baggage detected by sensor------------- 
Baggage weighs: 16.93 kg
baggage is on conveyor belt-------
---------baggage detected by sensor------------- 
Baggage weighs: 20.48 kg
baggage is on conveyor belt-------
---------baggage detected by sensor------------- 
Baggage weighs: 17.63 kg
baggage is on conveyor belt-------
---------baggage detected by sensor------------- 
Baggage weighs: 19.86 kg
baggage is on conveyor belt-------
---------baggage detected by sensor------------- 
Baggage weighs: 19.4 kg
baggage is on conveyor belt-------
---------baggage detected by sensor------------- 
Baggage weighs: 19.0 kg
baggage is on conveyor belt-------
---------baggage detected by sensor------------- 
Baggage weighs: 20.5 kg
baggage is on conveyor belt-------
---------baggage detected by sensor------------- 
Baggage weighs: 21.9 kg
baggage is on conveyor belt-------
---------baggage detected by sensor------------- 
Baggage weighs: 19.82 kg
baggage is on conveyor belt-------
---------baggage detected by sensor------------- 
Baggage weighs: 18.98 kg
baggage is on conveyor belt-------
---------baggage detected by sensor------------- 
Baggage weighs: 19.28 kg
baggage is on conveyor belt-------
---------baggage detected by sensor------------- 
Baggage weighs: 18.06 kg
baggage is on conveyor belt-------
---------baggage detected by sensor------------- 
Baggage weighs: 20.2 kg
baggage is on conveyor belt-------
---------baggage detected by sensor------------- 
Baggage weighs: 19.74 kg
baggage is on conveyor belt-------
---------baggage detected by sensor------------- 
Baggage weighs: 17.44 kg
baggage is on conveyor belt-------
---------baggage detected by sensor------------- 
Baggage weighs: 19.36 kg
baggage is on conveyor belt-------
---------baggage detected by sensor------------- 
Baggage weighs: 20.4 kg
baggage is on conveyor belt-------
---------baggage detected by sensor------------- 
Baggage weighs: 18.92 kg
baggage is on conveyor belt-------
---------baggage detected by sensor------------- 
Baggage weighs: 18.48 kg
baggage is on conveyor belt-------
---------baggage detected by sensor------------- 
Baggage weighs: 17.34 kg
baggage is on conveyor belt-------
---------baggage detected by sensor------------- 
Baggage weighs: 20.57 kg
baggage is on conveyor belt-------
---------baggage detected by sensor------------- 
Baggage weighs: 17.19 kg
baggage is on conveyor belt-------
---------baggage detected by sensor------------- 
Baggage weighs: 18.25 kg
Seat with ID: 31D has been reserved for you!

BOARDING PASS FOR KAYLA HANNA
-----------------------------------------------------------------------------
LUFTHANSA                      ru8r072w5m7sawg /  Kayla Hanna
Kayla Hanna                                     /  ru8r072w5m7sawg
FRA   LH2121   E  30.Oct                       /  FRA
HKG                                            /  HKG
SEAT ID: 31D                                   /  LH2121 E 30.Oct
SEQ: 147                                      / GATE: A05   22:00
MAX 1  HANDLUGGAGE/ LUGGAGE
-----------------------------------------------------------------------------
sorry Kayla Hanna we have no voucher for you! Have a nice day!

---------------------------------------------------------------------------------------------------------------
scanning passport with passport id: O3103CY1I
searching for ticket in fast bag drop database..............
Ticket found for Adriana Bailey and Flight LH2121
----searching flight seat for Adriana Bailey---------
Found a seat with ID 31E
Below details were found in database
------------------------------------------
Name: Adriana Bailey
Flight ID: LH2121
Source: FRA
Destination: HKG
Gate No: A05
Boarding time: 22:00
Ticket ID: l43o02uidw48ib1
Booking Class: E
------------------------------------------

Proceed with check-in for flight LH2121 ?
Type YES to CHECK-IN or NO to cancel CHECK-IN
Adriana Bailey is deciding whether to check-in or to go back home and sleep............
YES CHECK-IN
Checking you in...............
baggage is on conveyor belt-------
---------baggage detected by sensor------------- 
Baggage weighs: 21.58 kg
baggage is on conveyor belt-------
---------baggage detected by sensor------------- 
Baggage weighs: 20.43 kg
baggage is on conveyor belt-------
---------baggage detected by sensor------------- 
Baggage weighs: 18.47 kg
baggage is on conveyor belt-------
---------baggage detected by sensor------------- 
Baggage weighs: 17.86 kg
baggage is on conveyor belt-------
---------baggage detected by sensor------------- 
Baggage weighs: 18.65 kg
baggage is on conveyor belt-------
---------baggage detected by sensor------------- 
Baggage weighs: 19.27 kg
baggage is on conveyor belt-------
---------baggage detected by sensor------------- 
Baggage weighs: 17.42 kg
baggage is on conveyor belt-------
---------baggage detected by sensor------------- 
Baggage weighs: 19.16 kg
baggage is on conveyor belt-------
---------baggage detected by sensor------------- 
Baggage weighs: 19.52 kg
baggage is on conveyor belt-------
---------baggage detected by sensor------------- 
Baggage weighs: 17.51 kg
baggage is on conveyor belt-------
---------baggage detected by sensor------------- 
Baggage weighs: 17.38 kg
baggage is on conveyor belt-------
---------baggage detected by sensor------------- 
Baggage weighs: 18.67 kg
baggage is on conveyor belt-------
---------baggage detected by sensor------------- 
Baggage weighs: 16.98 kg
baggage is on conveyor belt-------
---------baggage detected by sensor------------- 
Baggage weighs: 21.26 kg
baggage is on conveyor belt-------
---------baggage detected by sensor------------- 
Baggage weighs: 18.3 kg
baggage is on conveyor belt-------
---------baggage detected by sensor------------- 
Baggage weighs: 16.81 kg
baggage is on conveyor belt-------
---------baggage detected by sensor------------- 
Baggage weighs: 20.91 kg
baggage is on conveyor belt-------
---------baggage detected by sensor------------- 
Baggage weighs: 21.21 kg
baggage is on conveyor belt-------
---------baggage detected by sensor------------- 
Baggage weighs: 19.69 kg
baggage is on conveyor belt-------
---------baggage detected by sensor------------- 
Baggage weighs: 18.67 kg
baggage is on conveyor belt-------
---------baggage detected by sensor------------- 
Baggage weighs: 19.12 kg
baggage is on conveyor belt-------
---------baggage detected by sensor------------- 
Baggage weighs: 16.42 kg
baggage is on conveyor belt-------
---------baggage detected by sensor------------- 
Baggage weighs: 19.17 kg
baggage is on conveyor belt-------
---------baggage detected by sensor------------- 
Baggage weighs: 19.0 kg
baggage is on conveyor belt-------
---------baggage detected by sensor------------- 
Baggage weighs: 18.78 kg
baggage is on conveyor belt-------
---------baggage detected by sensor------------- 
Baggage weighs: 20.31 kg
baggage is on conveyor belt-------
---------baggage detected by sensor------------- 
Baggage weighs: 21.25 kg
baggage is on conveyor belt-------
---------baggage detected by sensor------------- 
Baggage weighs: 18.87 kg
baggage is on conveyor belt-------
---------baggage detected by sensor------------- 
Baggage weighs: 16.25 kg
baggage is on conveyor belt-------
---------baggage detected by sensor------------- 
Baggage weighs: 19.94 kg
baggage is on conveyor belt-------
---------baggage detected by sensor------------- 
Baggage weighs: 16.88 kg
baggage is on conveyor belt-------
---------baggage detected by sensor------------- 
Baggage weighs: 18.24 kg
baggage is on conveyor belt-------
---------baggage detected by sensor------------- 
Baggage weighs: 17.16 kg
baggage is on conveyor belt-------
---------baggage detected by sensor------------- 
Baggage weighs: 19.34 kg
baggage is on conveyor belt-------
---------baggage detected by sensor------------- 
Baggage weighs: 22.41 kg
baggage is on conveyor belt-------
---------baggage detected by sensor------------- 
Baggage weighs: 20.47 kg
baggage is on conveyor belt-------
---------baggage detected by sensor------------- 
Baggage weighs: 18.81 kg
baggage is on conveyor belt-------
---------baggage detected by sensor------------- 
Baggage weighs: 18.56 kg
baggage is on conveyor belt-------
---------baggage detected by sensor------------- 
Baggage weighs: 17.77 kg
baggage is on conveyor belt-------
---------baggage detected by sensor------------- 
Baggage weighs: 19.32 kg
baggage is on conveyor belt-------
---------baggage detected by sensor------------- 
Baggage weighs: 19.21 kg
baggage is on conveyor belt-------
---------baggage detected by sensor------------- 
Baggage weighs: 19.13 kg
baggage is on conveyor belt-------
---------baggage detected by sensor------------- 
Baggage weighs: 20.39 kg
baggage is on conveyor belt-------
---------baggage detected by sensor------------- 
Baggage weighs: 21.03 kg
baggage is on conveyor belt-------
---------baggage detected by sensor------------- 
Baggage weighs: 20.05 kg
baggage is on conveyor belt-------
---------baggage detected by sensor------------- 
Baggage weighs: 21.92 kg
baggage is on conveyor belt-------
---------baggage detected by sensor------------- 
Baggage weighs: 19.37 kg
baggage is on conveyor belt-------
---------baggage detected by sensor------------- 
Baggage weighs: 20.35 kg
baggage is on conveyor belt-------
---------baggage detected by sensor------------- 
Baggage weighs: 18.73 kg
baggage is on conveyor belt-------
---------baggage detected by sensor------------- 
Baggage weighs: 20.33 kg
baggage is on conveyor belt-------
---------baggage detected by sensor------------- 
Baggage weighs: 22.01 kg
baggage is on conveyor belt-------
---------baggage detected by sensor------------- 
Baggage weighs: 19.27 kg
baggage is on conveyor belt-------
---------baggage detected by sensor------------- 
Baggage weighs: 21.18 kg
baggage is on conveyor belt-------
---------baggage detected by sensor------------- 
Baggage weighs: 17.16 kg
baggage is on conveyor belt-------
---------baggage detected by sensor------------- 
Baggage weighs: 20.04 kg
baggage is on conveyor belt-------
---------baggage detected by sensor------------- 
Baggage weighs: 20.91 kg
baggage is on conveyor belt-------
---------baggage detected by sensor------------- 
Baggage weighs: 20.3 kg
baggage is on conveyor belt-------
---------baggage detected by sensor------------- 
Baggage weighs: 20.38 kg
baggage is on conveyor belt-------
---------baggage detected by sensor------------- 
Baggage weighs: 16.54 kg
baggage is on conveyor belt-------
---------baggage detected by sensor------------- 
Baggage weighs: 18.87 kg
baggage is on conveyor belt-------
---------baggage detected by sensor------------- 
Baggage weighs: 20.22 kg
baggage is on conveyor belt-------
---------baggage detected by sensor------------- 
Baggage weighs: 20.75 kg
baggage is on conveyor belt-------
---------baggage detected by sensor------------- 
Baggage weighs: 17.4 kg
baggage is on conveyor belt-------
---------baggage detected by sensor------------- 
Baggage weighs: 20.27 kg
baggage is on conveyor belt-------
---------baggage detected by sensor------------- 
Baggage weighs: 17.04 kg
baggage is on conveyor belt-------
---------baggage detected by sensor------------- 
Baggage weighs: 19.84 kg
baggage is on conveyor belt-------
---------baggage detected by sensor------------- 
Baggage weighs: 17.34 kg
baggage is on conveyor belt-------
---------baggage detected by sensor------------- 
Baggage weighs: 18.75 kg
baggage is on conveyor belt-------
---------baggage detected by sensor------------- 
Baggage weighs: 19.12 kg
baggage is on conveyor belt-------
---------baggage detected by sensor------------- 
Baggage weighs: 18.29 kg
baggage is on conveyor belt-------
---------baggage detected by sensor------------- 
Baggage weighs: 17.94 kg
baggage is on conveyor belt-------
---------baggage detected by sensor------------- 
Baggage weighs: 19.09 kg
baggage is on conveyor belt-------
---------baggage detected by sensor------------- 
Baggage weighs: 22.39 kg
baggage is on conveyor belt-------
---------baggage detected by sensor------------- 
Baggage weighs: 21.23 kg
baggage is on conveyor belt-------
---------baggage detected by sensor------------- 
Baggage weighs: 17.56 kg
baggage is on conveyor belt-------
---------baggage detected by sensor------------- 
Baggage weighs: 18.37 kg
baggage is on conveyor belt-------
---------baggage detected by sensor------------- 
Baggage weighs: 21.4 kg
baggage is on conveyor belt-------
---------baggage detected by sensor------------- 
Baggage weighs: 20.25 kg
baggage is on conveyor belt-------
---------baggage detected by sensor------------- 
Baggage weighs: 23.0 kg
baggage is on conveyor belt-------
---------baggage detected by sensor------------- 
Baggage weighs: 17.01 kg
baggage is on conveyor belt-------
---------baggage detected by sensor------------- 
Baggage weighs: 17.39 kg
baggage is on conveyor belt-------
---------baggage detected by sensor------------- 
Baggage weighs: 16.7 kg
baggage is on conveyor belt-------
---------baggage detected by sensor------------- 
Baggage weighs: 16.23 kg
baggage is on conveyor belt-------
---------baggage detected by sensor------------- 
Baggage weighs: 19.13 kg
baggage is on conveyor belt-------
---------baggage detected by sensor------------- 
Baggage weighs: 21.07 kg
baggage is on conveyor belt-------
---------baggage detected by sensor------------- 
Baggage weighs: 17.87 kg
baggage is on conveyor belt-------
---------baggage detected by sensor------------- 
Baggage weighs: 19.92 kg
baggage is on conveyor belt-------
---------baggage detected by sensor------------- 
Baggage weighs: 19.22 kg
baggage is on conveyor belt-------
---------baggage detected by sensor------------- 
Baggage weighs: 21.53 kg
baggage is on conveyor belt-------
---------baggage detected by sensor------------- 
Baggage weighs: 20.29 kg
baggage is on conveyor belt-------
---------baggage detected by sensor------------- 
Baggage weighs: 19.32 kg
baggage is on conveyor belt-------
---------baggage detected by sensor------------- 
Baggage weighs: 17.25 kg
baggage is on conveyor belt-------
---------baggage detected by sensor------------- 
Baggage weighs: 21.3 kg
baggage is on conveyor belt-------
---------baggage detected by sensor------------- 
Baggage weighs: 16.79 kg
baggage is on conveyor belt-------
---------baggage detected by sensor------------- 
Baggage weighs: 19.55 kg
baggage is on conveyor belt-------
---------baggage detected by sensor------------- 
Baggage weighs: 18.88 kg
baggage is on conveyor belt-------
---------baggage detected by sensor------------- 
Baggage weighs: 22.33 kg
baggage is on conveyor belt-------
---------baggage detected by sensor------------- 
Baggage weighs: 20.62 kg
baggage is on conveyor belt-------
---------baggage detected by sensor------------- 
Baggage weighs: 19.42 kg
baggage is on conveyor belt-------
---------baggage detected by sensor------------- 
Baggage weighs: 17.54 kg
baggage is on conveyor belt-------
---------baggage detected by sensor------------- 
Baggage weighs: 21.51 kg
baggage is on conveyor belt-------
---------baggage detected by sensor------------- 
Baggage weighs: 19.46 kg
baggage is on conveyor belt-------
---------baggage detected by sensor------------- 
Baggage weighs: 17.83 kg
baggage is on conveyor belt-------
---------baggage detected by sensor------------- 
Baggage weighs: 17.75 kg
baggage is on conveyor belt-------
---------baggage detected by sensor------------- 
Baggage weighs: 17.44 kg
baggage is on conveyor belt-------
---------baggage detected by sensor------------- 
Baggage weighs: 19.53 kg
baggage is on conveyor belt-------
---------baggage detected by sensor------------- 
Baggage weighs: 17.51 kg
baggage is on conveyor belt-------
---------baggage detected by sensor------------- 
Baggage weighs: 18.2 kg
baggage is on conveyor belt-------
---------baggage detected by sensor------------- 
Baggage weighs: 21.55 kg
baggage is on conveyor belt-------
---------baggage detected by sensor------------- 
Baggage weighs: 19.67 kg
baggage is on conveyor belt-------
---------baggage detected by sensor------------- 
Baggage weighs: 19.52 kg
baggage is on conveyor belt-------
---------baggage detected by sensor------------- 
Baggage weighs: 21.06 kg
baggage is on conveyor belt-------
---------baggage detected by sensor------------- 
Baggage weighs: 17.44 kg
baggage is on conveyor belt-------
---------baggage detected by sensor------------- 
Baggage weighs: 19.21 kg
baggage is on conveyor belt-------
---------baggage detected by sensor------------- 
Baggage weighs: 21.65 kg
baggage is on conveyor belt-------
---------baggage detected by sensor------------- 
Baggage weighs: 19.64 kg
baggage is on conveyor belt-------
---------baggage detected by sensor------------- 
Baggage weighs: 21.03 kg
baggage is on conveyor belt-------
---------baggage detected by sensor------------- 
Baggage weighs: 19.76 kg
baggage is on conveyor belt-------
---------baggage detected by sensor------------- 
Baggage weighs: 21.01 kg
baggage is on conveyor belt-------
---------baggage detected by sensor------------- 
Baggage weighs: 19.11 kg
baggage is on conveyor belt-------
---------baggage detected by sensor------------- 
Baggage weighs: 18.54 kg
baggage is on conveyor belt-------
---------baggage detected by sensor------------- 
Baggage weighs: 16.86 kg
baggage is on conveyor belt-------
---------baggage detected by sensor------------- 
Baggage weighs: 16.59 kg
baggage is on conveyor belt-------
---------baggage detected by sensor------------- 
Baggage weighs: 19.26 kg
baggage is on conveyor belt-------
---------baggage detected by sensor------------- 
Baggage weighs: 18.34 kg
baggage is on conveyor belt-------
---------baggage detected by sensor------------- 
Baggage weighs: 19.09 kg
baggage is on conveyor belt-------
---------baggage detected by sensor------------- 
Baggage weighs: 22.38 kg
baggage is on conveyor belt-------
---------baggage detected by sensor------------- 
Baggage weighs: 22.12 kg
baggage is on conveyor belt-------
---------baggage detected by sensor------------- 
Baggage weighs: 16.75 kg
baggage is on conveyor belt-------
---------baggage detected by sensor------------- 
Baggage weighs: 20.36 kg
baggage is on conveyor belt-------
---------baggage detected by sensor------------- 
Baggage weighs: 20.94 kg
baggage is on conveyor belt-------
---------baggage detected by sensor------------- 
Baggage weighs: 19.8 kg
baggage is on conveyor belt-------
---------baggage detected by sensor------------- 
Baggage weighs: 19.12 kg
baggage is on conveyor belt-------
---------baggage detected by sensor------------- 
Baggage weighs: 16.93 kg
baggage is on conveyor belt-------
---------baggage detected by sensor------------- 
Baggage weighs: 20.48 kg
baggage is on conveyor belt-------
---------baggage detected by sensor------------- 
Baggage weighs: 17.63 kg
baggage is on conveyor belt-------
---------baggage detected by sensor------------- 
Baggage weighs: 19.86 kg
baggage is on conveyor belt-------
---------baggage detected by sensor------------- 
Baggage weighs: 19.4 kg
baggage is on conveyor belt-------
---------baggage detected by sensor------------- 
Baggage weighs: 19.0 kg
baggage is on conveyor belt-------
---------baggage detected by sensor------------- 
Baggage weighs: 20.5 kg
baggage is on conveyor belt-------
---------baggage detected by sensor------------- 
Baggage weighs: 21.9 kg
baggage is on conveyor belt-------
---------baggage detected by sensor------------- 
Baggage weighs: 19.82 kg
baggage is on conveyor belt-------
---------baggage detected by sensor------------- 
Baggage weighs: 18.98 kg
baggage is on conveyor belt-------
---------baggage detected by sensor------------- 
Baggage weighs: 19.28 kg
baggage is on conveyor belt-------
---------baggage detected by sensor------------- 
Baggage weighs: 18.06 kg
baggage is on conveyor belt-------
---------baggage detected by sensor------------- 
Baggage weighs: 20.2 kg
baggage is on conveyor belt-------
---------baggage detected by sensor------------- 
Baggage weighs: 19.74 kg
baggage is on conveyor belt-------
---------baggage detected by sensor------------- 
Baggage weighs: 17.44 kg
baggage is on conveyor belt-------
---------baggage detected by sensor------------- 
Baggage weighs: 19.36 kg
baggage is on conveyor belt-------
---------baggage detected by sensor------------- 
Baggage weighs: 20.4 kg
baggage is on conveyor belt-------
---------baggage detected by sensor------------- 
Baggage weighs: 18.92 kg
baggage is on conveyor belt-------
---------baggage detected by sensor------------- 
Baggage weighs: 18.48 kg
baggage is on conveyor belt-------
---------baggage detected by sensor------------- 
Baggage weighs: 17.34 kg
baggage is on conveyor belt-------
---------baggage detected by sensor------------- 
Baggage weighs: 20.57 kg
baggage is on conveyor belt-------
---------baggage detected by sensor------------- 
Baggage weighs: 17.19 kg
baggage is on conveyor belt-------
---------baggage detected by sensor------------- 
Baggage weighs: 18.25 kg
baggage is on conveyor belt-------
---------baggage detected by sensor------------- 
Baggage weighs: 19.29 kg
Seat with ID: 31E has been reserved for you!

BOARDING PASS FOR ADRIANA BAILEY
-----------------------------------------------------------------------------
LUFTHANSA                      l43o02uidw48ib1 /  Adriana Bailey
Adriana Bailey                                     /  l43o02uidw48ib1
FRA   LH2121   E  30.Oct                       /  FRA
HKG                                            /  HKG
SEAT ID: 31E                                   /  LH2121 E 30.Oct
SEQ: 148                                      / GATE: A05   22:00
MAX 1  HANDLUGGAGE/ LUGGAGE
-----------------------------------------------------------------------------
sorry Adriana Bailey we have no voucher for you! Have a nice day!

---------------------------------------------------------------------------------------------------------------
scanning passport with passport id: TEIQG1VEP
searching for ticket in fast bag drop database..............
Ticket found for Neva Thompson and Flight LH2121
----searching flight seat for Neva Thompson---------
Found a seat with ID 31G
Below details were found in database
------------------------------------------
Name: Neva Thompson
Flight ID: LH2121
Source: FRA
Destination: HKG
Gate No: A05
Boarding time: 22:00
Ticket ID: 5dd9k6yq75yuu0c
Booking Class: E
------------------------------------------

Proceed with check-in for flight LH2121 ?
Type YES to CHECK-IN or NO to cancel CHECK-IN
Neva Thompson is deciding whether to check-in or to go back home and sleep............
YES CHECK-IN
Checking you in...............
baggage is on conveyor belt-------
---------baggage detected by sensor------------- 
Baggage weighs: 21.58 kg
baggage is on conveyor belt-------
---------baggage detected by sensor------------- 
Baggage weighs: 20.43 kg
baggage is on conveyor belt-------
---------baggage detected by sensor------------- 
Baggage weighs: 18.47 kg
baggage is on conveyor belt-------
---------baggage detected by sensor------------- 
Baggage weighs: 17.86 kg
baggage is on conveyor belt-------
---------baggage detected by sensor------------- 
Baggage weighs: 18.65 kg
baggage is on conveyor belt-------
---------baggage detected by sensor------------- 
Baggage weighs: 19.27 kg
baggage is on conveyor belt-------
---------baggage detected by sensor------------- 
Baggage weighs: 17.42 kg
baggage is on conveyor belt-------
---------baggage detected by sensor------------- 
Baggage weighs: 19.16 kg
baggage is on conveyor belt-------
---------baggage detected by sensor------------- 
Baggage weighs: 19.52 kg
baggage is on conveyor belt-------
---------baggage detected by sensor------------- 
Baggage weighs: 17.51 kg
baggage is on conveyor belt-------
---------baggage detected by sensor------------- 
Baggage weighs: 17.38 kg
baggage is on conveyor belt-------
---------baggage detected by sensor------------- 
Baggage weighs: 18.67 kg
baggage is on conveyor belt-------
---------baggage detected by sensor------------- 
Baggage weighs: 16.98 kg
baggage is on conveyor belt-------
---------baggage detected by sensor------------- 
Baggage weighs: 21.26 kg
baggage is on conveyor belt-------
---------baggage detected by sensor------------- 
Baggage weighs: 18.3 kg
baggage is on conveyor belt-------
---------baggage detected by sensor------------- 
Baggage weighs: 16.81 kg
baggage is on conveyor belt-------
---------baggage detected by sensor------------- 
Baggage weighs: 20.91 kg
baggage is on conveyor belt-------
---------baggage detected by sensor------------- 
Baggage weighs: 21.21 kg
baggage is on conveyor belt-------
---------baggage detected by sensor------------- 
Baggage weighs: 19.69 kg
baggage is on conveyor belt-------
---------baggage detected by sensor------------- 
Baggage weighs: 18.67 kg
baggage is on conveyor belt-------
---------baggage detected by sensor------------- 
Baggage weighs: 19.12 kg
baggage is on conveyor belt-------
---------baggage detected by sensor------------- 
Baggage weighs: 16.42 kg
baggage is on conveyor belt-------
---------baggage detected by sensor------------- 
Baggage weighs: 19.17 kg
baggage is on conveyor belt-------
---------baggage detected by sensor------------- 
Baggage weighs: 19.0 kg
baggage is on conveyor belt-------
---------baggage detected by sensor------------- 
Baggage weighs: 18.78 kg
baggage is on conveyor belt-------
---------baggage detected by sensor------------- 
Baggage weighs: 20.31 kg
baggage is on conveyor belt-------
---------baggage detected by sensor------------- 
Baggage weighs: 21.25 kg
baggage is on conveyor belt-------
---------baggage detected by sensor------------- 
Baggage weighs: 18.87 kg
baggage is on conveyor belt-------
---------baggage detected by sensor------------- 
Baggage weighs: 16.25 kg
baggage is on conveyor belt-------
---------baggage detected by sensor------------- 
Baggage weighs: 19.94 kg
baggage is on conveyor belt-------
---------baggage detected by sensor------------- 
Baggage weighs: 16.88 kg
baggage is on conveyor belt-------
---------baggage detected by sensor------------- 
Baggage weighs: 18.24 kg
baggage is on conveyor belt-------
---------baggage detected by sensor------------- 
Baggage weighs: 17.16 kg
baggage is on conveyor belt-------
---------baggage detected by sensor------------- 
Baggage weighs: 19.34 kg
baggage is on conveyor belt-------
---------baggage detected by sensor------------- 
Baggage weighs: 22.41 kg
baggage is on conveyor belt-------
---------baggage detected by sensor------------- 
Baggage weighs: 20.47 kg
baggage is on conveyor belt-------
---------baggage detected by sensor------------- 
Baggage weighs: 18.81 kg
baggage is on conveyor belt-------
---------baggage detected by sensor------------- 
Baggage weighs: 18.56 kg
baggage is on conveyor belt-------
---------baggage detected by sensor------------- 
Baggage weighs: 17.77 kg
baggage is on conveyor belt-------
---------baggage detected by sensor------------- 
Baggage weighs: 19.32 kg
baggage is on conveyor belt-------
---------baggage detected by sensor------------- 
Baggage weighs: 19.21 kg
baggage is on conveyor belt-------
---------baggage detected by sensor------------- 
Baggage weighs: 19.13 kg
baggage is on conveyor belt-------
---------baggage detected by sensor------------- 
Baggage weighs: 20.39 kg
baggage is on conveyor belt-------
---------baggage detected by sensor------------- 
Baggage weighs: 21.03 kg
baggage is on conveyor belt-------
---------baggage detected by sensor------------- 
Baggage weighs: 20.05 kg
baggage is on conveyor belt-------
---------baggage detected by sensor------------- 
Baggage weighs: 21.92 kg
baggage is on conveyor belt-------
---------baggage detected by sensor------------- 
Baggage weighs: 19.37 kg
baggage is on conveyor belt-------
---------baggage detected by sensor------------- 
Baggage weighs: 20.35 kg
baggage is on conveyor belt-------
---------baggage detected by sensor------------- 
Baggage weighs: 18.73 kg
baggage is on conveyor belt-------
---------baggage detected by sensor------------- 
Baggage weighs: 20.33 kg
baggage is on conveyor belt-------
---------baggage detected by sensor------------- 
Baggage weighs: 22.01 kg
baggage is on conveyor belt-------
---------baggage detected by sensor------------- 
Baggage weighs: 19.27 kg
baggage is on conveyor belt-------
---------baggage detected by sensor------------- 
Baggage weighs: 21.18 kg
baggage is on conveyor belt-------
---------baggage detected by sensor------------- 
Baggage weighs: 17.16 kg
baggage is on conveyor belt-------
---------baggage detected by sensor------------- 
Baggage weighs: 20.04 kg
baggage is on conveyor belt-------
---------baggage detected by sensor------------- 
Baggage weighs: 20.91 kg
baggage is on conveyor belt-------
---------baggage detected by sensor------------- 
Baggage weighs: 20.3 kg
baggage is on conveyor belt-------
---------baggage detected by sensor------------- 
Baggage weighs: 20.38 kg
baggage is on conveyor belt-------
---------baggage detected by sensor------------- 
Baggage weighs: 16.54 kg
baggage is on conveyor belt-------
---------baggage detected by sensor------------- 
Baggage weighs: 18.87 kg
baggage is on conveyor belt-------
---------baggage detected by sensor------------- 
Baggage weighs: 20.22 kg
baggage is on conveyor belt-------
---------baggage detected by sensor------------- 
Baggage weighs: 20.75 kg
baggage is on conveyor belt-------
---------baggage detected by sensor------------- 
Baggage weighs: 17.4 kg
baggage is on conveyor belt-------
---------baggage detected by sensor------------- 
Baggage weighs: 20.27 kg
baggage is on conveyor belt-------
---------baggage detected by sensor------------- 
Baggage weighs: 17.04 kg
baggage is on conveyor belt-------
---------baggage detected by sensor------------- 
Baggage weighs: 19.84 kg
baggage is on conveyor belt-------
---------baggage detected by sensor------------- 
Baggage weighs: 17.34 kg
baggage is on conveyor belt-------
---------baggage detected by sensor------------- 
Baggage weighs: 18.75 kg
baggage is on conveyor belt-------
---------baggage detected by sensor------------- 
Baggage weighs: 19.12 kg
baggage is on conveyor belt-------
---------baggage detected by sensor------------- 
Baggage weighs: 18.29 kg
baggage is on conveyor belt-------
---------baggage detected by sensor------------- 
Baggage weighs: 17.94 kg
baggage is on conveyor belt-------
---------baggage detected by sensor------------- 
Baggage weighs: 19.09 kg
baggage is on conveyor belt-------
---------baggage detected by sensor------------- 
Baggage weighs: 22.39 kg
baggage is on conveyor belt-------
---------baggage detected by sensor------------- 
Baggage weighs: 21.23 kg
baggage is on conveyor belt-------
---------baggage detected by sensor------------- 
Baggage weighs: 17.56 kg
baggage is on conveyor belt-------
---------baggage detected by sensor------------- 
Baggage weighs: 18.37 kg
baggage is on conveyor belt-------
---------baggage detected by sensor------------- 
Baggage weighs: 21.4 kg
baggage is on conveyor belt-------
---------baggage detected by sensor------------- 
Baggage weighs: 20.25 kg
baggage is on conveyor belt-------
---------baggage detected by sensor------------- 
Baggage weighs: 23.0 kg
baggage is on conveyor belt-------
---------baggage detected by sensor------------- 
Baggage weighs: 17.01 kg
baggage is on conveyor belt-------
---------baggage detected by sensor------------- 
Baggage weighs: 17.39 kg
baggage is on conveyor belt-------
---------baggage detected by sensor------------- 
Baggage weighs: 16.7 kg
baggage is on conveyor belt-------
---------baggage detected by sensor------------- 
Baggage weighs: 16.23 kg
baggage is on conveyor belt-------
---------baggage detected by sensor------------- 
Baggage weighs: 19.13 kg
baggage is on conveyor belt-------
---------baggage detected by sensor------------- 
Baggage weighs: 21.07 kg
baggage is on conveyor belt-------
---------baggage detected by sensor------------- 
Baggage weighs: 17.87 kg
baggage is on conveyor belt-------
---------baggage detected by sensor------------- 
Baggage weighs: 19.92 kg
baggage is on conveyor belt-------
---------baggage detected by sensor------------- 
Baggage weighs: 19.22 kg
baggage is on conveyor belt-------
---------baggage detected by sensor------------- 
Baggage weighs: 21.53 kg
baggage is on conveyor belt-------
---------baggage detected by sensor------------- 
Baggage weighs: 20.29 kg
baggage is on conveyor belt-------
---------baggage detected by sensor------------- 
Baggage weighs: 19.32 kg
baggage is on conveyor belt-------
---------baggage detected by sensor------------- 
Baggage weighs: 17.25 kg
baggage is on conveyor belt-------
---------baggage detected by sensor------------- 
Baggage weighs: 21.3 kg
baggage is on conveyor belt-------
---------baggage detected by sensor------------- 
Baggage weighs: 16.79 kg
baggage is on conveyor belt-------
---------baggage detected by sensor------------- 
Baggage weighs: 19.55 kg
baggage is on conveyor belt-------
---------baggage detected by sensor------------- 
Baggage weighs: 18.88 kg
baggage is on conveyor belt-------
---------baggage detected by sensor------------- 
Baggage weighs: 22.33 kg
baggage is on conveyor belt-------
---------baggage detected by sensor------------- 
Baggage weighs: 20.62 kg
baggage is on conveyor belt-------
---------baggage detected by sensor------------- 
Baggage weighs: 19.42 kg
baggage is on conveyor belt-------
---------baggage detected by sensor------------- 
Baggage weighs: 17.54 kg
baggage is on conveyor belt-------
---------baggage detected by sensor------------- 
Baggage weighs: 21.51 kg
baggage is on conveyor belt-------
---------baggage detected by sensor------------- 
Baggage weighs: 19.46 kg
baggage is on conveyor belt-------
---------baggage detected by sensor------------- 
Baggage weighs: 17.83 kg
baggage is on conveyor belt-------
---------baggage detected by sensor------------- 
Baggage weighs: 17.75 kg
baggage is on conveyor belt-------
---------baggage detected by sensor------------- 
Baggage weighs: 17.44 kg
baggage is on conveyor belt-------
---------baggage detected by sensor------------- 
Baggage weighs: 19.53 kg
baggage is on conveyor belt-------
---------baggage detected by sensor------------- 
Baggage weighs: 17.51 kg
baggage is on conveyor belt-------
---------baggage detected by sensor------------- 
Baggage weighs: 18.2 kg
baggage is on conveyor belt-------
---------baggage detected by sensor------------- 
Baggage weighs: 21.55 kg
baggage is on conveyor belt-------
---------baggage detected by sensor------------- 
Baggage weighs: 19.67 kg
baggage is on conveyor belt-------
---------baggage detected by sensor------------- 
Baggage weighs: 19.52 kg
baggage is on conveyor belt-------
---------baggage detected by sensor------------- 
Baggage weighs: 21.06 kg
baggage is on conveyor belt-------
---------baggage detected by sensor------------- 
Baggage weighs: 17.44 kg
baggage is on conveyor belt-------
---------baggage detected by sensor------------- 
Baggage weighs: 19.21 kg
baggage is on conveyor belt-------
---------baggage detected by sensor------------- 
Baggage weighs: 21.65 kg
baggage is on conveyor belt-------
---------baggage detected by sensor------------- 
Baggage weighs: 19.64 kg
baggage is on conveyor belt-------
---------baggage detected by sensor------------- 
Baggage weighs: 21.03 kg
baggage is on conveyor belt-------
---------baggage detected by sensor------------- 
Baggage weighs: 19.76 kg
baggage is on conveyor belt-------
---------baggage detected by sensor------------- 
Baggage weighs: 21.01 kg
baggage is on conveyor belt-------
---------baggage detected by sensor------------- 
Baggage weighs: 19.11 kg
baggage is on conveyor belt-------
---------baggage detected by sensor------------- 
Baggage weighs: 18.54 kg
baggage is on conveyor belt-------
---------baggage detected by sensor------------- 
Baggage weighs: 16.86 kg
baggage is on conveyor belt-------
---------baggage detected by sensor------------- 
Baggage weighs: 16.59 kg
baggage is on conveyor belt-------
---------baggage detected by sensor------------- 
Baggage weighs: 19.26 kg
baggage is on conveyor belt-------
---------baggage detected by sensor------------- 
Baggage weighs: 18.34 kg
baggage is on conveyor belt-------
---------baggage detected by sensor------------- 
Baggage weighs: 19.09 kg
baggage is on conveyor belt-------
---------baggage detected by sensor------------- 
Baggage weighs: 22.38 kg
baggage is on conveyor belt-------
---------baggage detected by sensor------------- 
Baggage weighs: 22.12 kg
baggage is on conveyor belt-------
---------baggage detected by sensor------------- 
Baggage weighs: 16.75 kg
baggage is on conveyor belt-------
---------baggage detected by sensor------------- 
Baggage weighs: 20.36 kg
baggage is on conveyor belt-------
---------baggage detected by sensor------------- 
Baggage weighs: 20.94 kg
baggage is on conveyor belt-------
---------baggage detected by sensor------------- 
Baggage weighs: 19.8 kg
baggage is on conveyor belt-------
---------baggage detected by sensor------------- 
Baggage weighs: 19.12 kg
baggage is on conveyor belt-------
---------baggage detected by sensor------------- 
Baggage weighs: 16.93 kg
baggage is on conveyor belt-------
---------baggage detected by sensor------------- 
Baggage weighs: 20.48 kg
baggage is on conveyor belt-------
---------baggage detected by sensor------------- 
Baggage weighs: 17.63 kg
baggage is on conveyor belt-------
---------baggage detected by sensor------------- 
Baggage weighs: 19.86 kg
baggage is on conveyor belt-------
---------baggage detected by sensor------------- 
Baggage weighs: 19.4 kg
baggage is on conveyor belt-------
---------baggage detected by sensor------------- 
Baggage weighs: 19.0 kg
baggage is on conveyor belt-------
---------baggage detected by sensor------------- 
Baggage weighs: 20.5 kg
baggage is on conveyor belt-------
---------baggage detected by sensor------------- 
Baggage weighs: 21.9 kg
baggage is on conveyor belt-------
---------baggage detected by sensor------------- 
Baggage weighs: 19.82 kg
baggage is on conveyor belt-------
---------baggage detected by sensor------------- 
Baggage weighs: 18.98 kg
baggage is on conveyor belt-------
---------baggage detected by sensor------------- 
Baggage weighs: 19.28 kg
baggage is on conveyor belt-------
---------baggage detected by sensor------------- 
Baggage weighs: 18.06 kg
baggage is on conveyor belt-------
---------baggage detected by sensor------------- 
Baggage weighs: 20.2 kg
baggage is on conveyor belt-------
---------baggage detected by sensor------------- 
Baggage weighs: 19.74 kg
baggage is on conveyor belt-------
---------baggage detected by sensor------------- 
Baggage weighs: 17.44 kg
baggage is on conveyor belt-------
---------baggage detected by sensor------------- 
Baggage weighs: 19.36 kg
baggage is on conveyor belt-------
---------baggage detected by sensor------------- 
Baggage weighs: 20.4 kg
baggage is on conveyor belt-------
---------baggage detected by sensor------------- 
Baggage weighs: 18.92 kg
baggage is on conveyor belt-------
---------baggage detected by sensor------------- 
Baggage weighs: 18.48 kg
baggage is on conveyor belt-------
---------baggage detected by sensor------------- 
Baggage weighs: 17.34 kg
baggage is on conveyor belt-------
---------baggage detected by sensor------------- 
Baggage weighs: 20.57 kg
baggage is on conveyor belt-------
---------baggage detected by sensor------------- 
Baggage weighs: 17.19 kg
baggage is on conveyor belt-------
---------baggage detected by sensor------------- 
Baggage weighs: 18.25 kg
baggage is on conveyor belt-------
---------baggage detected by sensor------------- 
Baggage weighs: 19.29 kg
baggage is on conveyor belt-------
---------baggage detected by sensor------------- 
Baggage weighs: 16.86 kg
Seat with ID: 31G has been reserved for you!

BOARDING PASS FOR NEVA THOMPSON
-----------------------------------------------------------------------------
LUFTHANSA                      5dd9k6yq75yuu0c /  Neva Thompson
Neva Thompson                                     /  5dd9k6yq75yuu0c
FRA   LH2121   E  30.Oct                       /  FRA
HKG                                            /  HKG
SEAT ID: 31G                                   /  LH2121 E 30.Oct
SEQ: 149                                      / GATE: A05   22:00
MAX 1  HANDLUGGAGE/ LUGGAGE
-----------------------------------------------------------------------------
sorry Neva Thompson we have no voucher for you! Have a nice day!

---------------------------------------------------------------------------------------------------------------
scanning passport with passport id: D2PGO2DTJ
searching for ticket in fast bag drop database..............
Ticket found for Simon Bryan and Flight LH2121
----searching flight seat for Simon Bryan---------
Found a seat with ID 31H
Below details were found in database
------------------------------------------
Name: Simon Bryan
Flight ID: LH2121
Source: FRA
Destination: HKG
Gate No: A05
Boarding time: 22:00
Ticket ID: vnjjnu4f0u5huma
Booking Class: E
------------------------------------------

Proceed with check-in for flight LH2121 ?
Type YES to CHECK-IN or NO to cancel CHECK-IN
Simon Bryan is deciding whether to check-in or to go back home and sleep............
YES CHECK-IN
Checking you in...............
baggage is on conveyor belt-------
---------baggage detected by sensor------------- 
Baggage weighs: 21.58 kg
baggage is on conveyor belt-------
---------baggage detected by sensor------------- 
Baggage weighs: 20.43 kg
baggage is on conveyor belt-------
---------baggage detected by sensor------------- 
Baggage weighs: 18.47 kg
baggage is on conveyor belt-------
---------baggage detected by sensor------------- 
Baggage weighs: 17.86 kg
baggage is on conveyor belt-------
---------baggage detected by sensor------------- 
Baggage weighs: 18.65 kg
baggage is on conveyor belt-------
---------baggage detected by sensor------------- 
Baggage weighs: 19.27 kg
baggage is on conveyor belt-------
---------baggage detected by sensor------------- 
Baggage weighs: 17.42 kg
baggage is on conveyor belt-------
---------baggage detected by sensor------------- 
Baggage weighs: 19.16 kg
baggage is on conveyor belt-------
---------baggage detected by sensor------------- 
Baggage weighs: 19.52 kg
baggage is on conveyor belt-------
---------baggage detected by sensor------------- 
Baggage weighs: 17.51 kg
baggage is on conveyor belt-------
---------baggage detected by sensor------------- 
Baggage weighs: 17.38 kg
baggage is on conveyor belt-------
---------baggage detected by sensor------------- 
Baggage weighs: 18.67 kg
baggage is on conveyor belt-------
---------baggage detected by sensor------------- 
Baggage weighs: 16.98 kg
baggage is on conveyor belt-------
---------baggage detected by sensor------------- 
Baggage weighs: 21.26 kg
baggage is on conveyor belt-------
---------baggage detected by sensor------------- 
Baggage weighs: 18.3 kg
baggage is on conveyor belt-------
---------baggage detected by sensor------------- 
Baggage weighs: 16.81 kg
baggage is on conveyor belt-------
---------baggage detected by sensor------------- 
Baggage weighs: 20.91 kg
baggage is on conveyor belt-------
---------baggage detected by sensor------------- 
Baggage weighs: 21.21 kg
baggage is on conveyor belt-------
---------baggage detected by sensor------------- 
Baggage weighs: 19.69 kg
baggage is on conveyor belt-------
---------baggage detected by sensor------------- 
Baggage weighs: 18.67 kg
baggage is on conveyor belt-------
---------baggage detected by sensor------------- 
Baggage weighs: 19.12 kg
baggage is on conveyor belt-------
---------baggage detected by sensor------------- 
Baggage weighs: 16.42 kg
baggage is on conveyor belt-------
---------baggage detected by sensor------------- 
Baggage weighs: 19.17 kg
baggage is on conveyor belt-------
---------baggage detected by sensor------------- 
Baggage weighs: 19.0 kg
baggage is on conveyor belt-------
---------baggage detected by sensor------------- 
Baggage weighs: 18.78 kg
baggage is on conveyor belt-------
---------baggage detected by sensor------------- 
Baggage weighs: 20.31 kg
baggage is on conveyor belt-------
---------baggage detected by sensor------------- 
Baggage weighs: 21.25 kg
baggage is on conveyor belt-------
---------baggage detected by sensor------------- 
Baggage weighs: 18.87 kg
baggage is on conveyor belt-------
---------baggage detected by sensor------------- 
Baggage weighs: 16.25 kg
baggage is on conveyor belt-------
---------baggage detected by sensor------------- 
Baggage weighs: 19.94 kg
baggage is on conveyor belt-------
---------baggage detected by sensor------------- 
Baggage weighs: 16.88 kg
baggage is on conveyor belt-------
---------baggage detected by sensor------------- 
Baggage weighs: 18.24 kg
baggage is on conveyor belt-------
---------baggage detected by sensor------------- 
Baggage weighs: 17.16 kg
baggage is on conveyor belt-------
---------baggage detected by sensor------------- 
Baggage weighs: 19.34 kg
baggage is on conveyor belt-------
---------baggage detected by sensor------------- 
Baggage weighs: 22.41 kg
baggage is on conveyor belt-------
---------baggage detected by sensor------------- 
Baggage weighs: 20.47 kg
baggage is on conveyor belt-------
---------baggage detected by sensor------------- 
Baggage weighs: 18.81 kg
baggage is on conveyor belt-------
---------baggage detected by sensor------------- 
Baggage weighs: 18.56 kg
baggage is on conveyor belt-------
---------baggage detected by sensor------------- 
Baggage weighs: 17.77 kg
baggage is on conveyor belt-------
---------baggage detected by sensor------------- 
Baggage weighs: 19.32 kg
baggage is on conveyor belt-------
---------baggage detected by sensor------------- 
Baggage weighs: 19.21 kg
baggage is on conveyor belt-------
---------baggage detected by sensor------------- 
Baggage weighs: 19.13 kg
baggage is on conveyor belt-------
---------baggage detected by sensor------------- 
Baggage weighs: 20.39 kg
baggage is on conveyor belt-------
---------baggage detected by sensor------------- 
Baggage weighs: 21.03 kg
baggage is on conveyor belt-------
---------baggage detected by sensor------------- 
Baggage weighs: 20.05 kg
baggage is on conveyor belt-------
---------baggage detected by sensor------------- 
Baggage weighs: 21.92 kg
baggage is on conveyor belt-------
---------baggage detected by sensor------------- 
Baggage weighs: 19.37 kg
baggage is on conveyor belt-------
---------baggage detected by sensor------------- 
Baggage weighs: 20.35 kg
baggage is on conveyor belt-------
---------baggage detected by sensor------------- 
Baggage weighs: 18.73 kg
baggage is on conveyor belt-------
---------baggage detected by sensor------------- 
Baggage weighs: 20.33 kg
baggage is on conveyor belt-------
---------baggage detected by sensor------------- 
Baggage weighs: 22.01 kg
baggage is on conveyor belt-------
---------baggage detected by sensor------------- 
Baggage weighs: 19.27 kg
baggage is on conveyor belt-------
---------baggage detected by sensor------------- 
Baggage weighs: 21.18 kg
baggage is on conveyor belt-------
---------baggage detected by sensor------------- 
Baggage weighs: 17.16 kg
baggage is on conveyor belt-------
---------baggage detected by sensor------------- 
Baggage weighs: 20.04 kg
baggage is on conveyor belt-------
---------baggage detected by sensor------------- 
Baggage weighs: 20.91 kg
baggage is on conveyor belt-------
---------baggage detected by sensor------------- 
Baggage weighs: 20.3 kg
baggage is on conveyor belt-------
---------baggage detected by sensor------------- 
Baggage weighs: 20.38 kg
baggage is on conveyor belt-------
---------baggage detected by sensor------------- 
Baggage weighs: 16.54 kg
baggage is on conveyor belt-------
---------baggage detected by sensor------------- 
Baggage weighs: 18.87 kg
baggage is on conveyor belt-------
---------baggage detected by sensor------------- 
Baggage weighs: 20.22 kg
baggage is on conveyor belt-------
---------baggage detected by sensor------------- 
Baggage weighs: 20.75 kg
baggage is on conveyor belt-------
---------baggage detected by sensor------------- 
Baggage weighs: 17.4 kg
baggage is on conveyor belt-------
---------baggage detected by sensor------------- 
Baggage weighs: 20.27 kg
baggage is on conveyor belt-------
---------baggage detected by sensor------------- 
Baggage weighs: 17.04 kg
baggage is on conveyor belt-------
---------baggage detected by sensor------------- 
Baggage weighs: 19.84 kg
baggage is on conveyor belt-------
---------baggage detected by sensor------------- 
Baggage weighs: 17.34 kg
baggage is on conveyor belt-------
---------baggage detected by sensor------------- 
Baggage weighs: 18.75 kg
baggage is on conveyor belt-------
---------baggage detected by sensor------------- 
Baggage weighs: 19.12 kg
baggage is on conveyor belt-------
---------baggage detected by sensor------------- 
Baggage weighs: 18.29 kg
baggage is on conveyor belt-------
---------baggage detected by sensor------------- 
Baggage weighs: 17.94 kg
baggage is on conveyor belt-------
---------baggage detected by sensor------------- 
Baggage weighs: 19.09 kg
baggage is on conveyor belt-------
---------baggage detected by sensor------------- 
Baggage weighs: 22.39 kg
baggage is on conveyor belt-------
---------baggage detected by sensor------------- 
Baggage weighs: 21.23 kg
baggage is on conveyor belt-------
---------baggage detected by sensor------------- 
Baggage weighs: 17.56 kg
baggage is on conveyor belt-------
---------baggage detected by sensor------------- 
Baggage weighs: 18.37 kg
baggage is on conveyor belt-------
---------baggage detected by sensor------------- 
Baggage weighs: 21.4 kg
baggage is on conveyor belt-------
---------baggage detected by sensor------------- 
Baggage weighs: 20.25 kg
baggage is on conveyor belt-------
---------baggage detected by sensor------------- 
Baggage weighs: 23.0 kg
baggage is on conveyor belt-------
---------baggage detected by sensor------------- 
Baggage weighs: 17.01 kg
baggage is on conveyor belt-------
---------baggage detected by sensor------------- 
Baggage weighs: 17.39 kg
baggage is on conveyor belt-------
---------baggage detected by sensor------------- 
Baggage weighs: 16.7 kg
baggage is on conveyor belt-------
---------baggage detected by sensor------------- 
Baggage weighs: 16.23 kg
baggage is on conveyor belt-------
---------baggage detected by sensor------------- 
Baggage weighs: 19.13 kg
baggage is on conveyor belt-------
---------baggage detected by sensor------------- 
Baggage weighs: 21.07 kg
baggage is on conveyor belt-------
---------baggage detected by sensor------------- 
Baggage weighs: 17.87 kg
baggage is on conveyor belt-------
---------baggage detected by sensor------------- 
Baggage weighs: 19.92 kg
baggage is on conveyor belt-------
---------baggage detected by sensor------------- 
Baggage weighs: 19.22 kg
baggage is on conveyor belt-------
---------baggage detected by sensor------------- 
Baggage weighs: 21.53 kg
baggage is on conveyor belt-------
---------baggage detected by sensor------------- 
Baggage weighs: 20.29 kg
baggage is on conveyor belt-------
---------baggage detected by sensor------------- 
Baggage weighs: 19.32 kg
baggage is on conveyor belt-------
---------baggage detected by sensor------------- 
Baggage weighs: 17.25 kg
baggage is on conveyor belt-------
---------baggage detected by sensor------------- 
Baggage weighs: 21.3 kg
baggage is on conveyor belt-------
---------baggage detected by sensor------------- 
Baggage weighs: 16.79 kg
baggage is on conveyor belt-------
---------baggage detected by sensor------------- 
Baggage weighs: 19.55 kg
baggage is on conveyor belt-------
---------baggage detected by sensor------------- 
Baggage weighs: 18.88 kg
baggage is on conveyor belt-------
---------baggage detected by sensor------------- 
Baggage weighs: 22.33 kg
baggage is on conveyor belt-------
---------baggage detected by sensor------------- 
Baggage weighs: 20.62 kg
baggage is on conveyor belt-------
---------baggage detected by sensor------------- 
Baggage weighs: 19.42 kg
baggage is on conveyor belt-------
---------baggage detected by sensor------------- 
Baggage weighs: 17.54 kg
baggage is on conveyor belt-------
---------baggage detected by sensor------------- 
Baggage weighs: 21.51 kg
baggage is on conveyor belt-------
---------baggage detected by sensor------------- 
Baggage weighs: 19.46 kg
baggage is on conveyor belt-------
---------baggage detected by sensor------------- 
Baggage weighs: 17.83 kg
baggage is on conveyor belt-------
---------baggage detected by sensor------------- 
Baggage weighs: 17.75 kg
baggage is on conveyor belt-------
---------baggage detected by sensor------------- 
Baggage weighs: 17.44 kg
baggage is on conveyor belt-------
---------baggage detected by sensor------------- 
Baggage weighs: 19.53 kg
baggage is on conveyor belt-------
---------baggage detected by sensor------------- 
Baggage weighs: 17.51 kg
baggage is on conveyor belt-------
---------baggage detected by sensor------------- 
Baggage weighs: 18.2 kg
baggage is on conveyor belt-------
---------baggage detected by sensor------------- 
Baggage weighs: 21.55 kg
baggage is on conveyor belt-------
---------baggage detected by sensor------------- 
Baggage weighs: 19.67 kg
baggage is on conveyor belt-------
---------baggage detected by sensor------------- 
Baggage weighs: 19.52 kg
baggage is on conveyor belt-------
---------baggage detected by sensor------------- 
Baggage weighs: 21.06 kg
baggage is on conveyor belt-------
---------baggage detected by sensor------------- 
Baggage weighs: 17.44 kg
baggage is on conveyor belt-------
---------baggage detected by sensor------------- 
Baggage weighs: 19.21 kg
baggage is on conveyor belt-------
---------baggage detected by sensor------------- 
Baggage weighs: 21.65 kg
baggage is on conveyor belt-------
---------baggage detected by sensor------------- 
Baggage weighs: 19.64 kg
baggage is on conveyor belt-------
---------baggage detected by sensor------------- 
Baggage weighs: 21.03 kg
baggage is on conveyor belt-------
---------baggage detected by sensor------------- 
Baggage weighs: 19.76 kg
baggage is on conveyor belt-------
---------baggage detected by sensor------------- 
Baggage weighs: 21.01 kg
baggage is on conveyor belt-------
---------baggage detected by sensor------------- 
Baggage weighs: 19.11 kg
baggage is on conveyor belt-------
---------baggage detected by sensor------------- 
Baggage weighs: 18.54 kg
baggage is on conveyor belt-------
---------baggage detected by sensor------------- 
Baggage weighs: 16.86 kg
baggage is on conveyor belt-------
---------baggage detected by sensor------------- 
Baggage weighs: 16.59 kg
baggage is on conveyor belt-------
---------baggage detected by sensor------------- 
Baggage weighs: 19.26 kg
baggage is on conveyor belt-------
---------baggage detected by sensor------------- 
Baggage weighs: 18.34 kg
baggage is on conveyor belt-------
---------baggage detected by sensor------------- 
Baggage weighs: 19.09 kg
baggage is on conveyor belt-------
---------baggage detected by sensor------------- 
Baggage weighs: 22.38 kg
baggage is on conveyor belt-------
---------baggage detected by sensor------------- 
Baggage weighs: 22.12 kg
baggage is on conveyor belt-------
---------baggage detected by sensor------------- 
Baggage weighs: 16.75 kg
baggage is on conveyor belt-------
---------baggage detected by sensor------------- 
Baggage weighs: 20.36 kg
baggage is on conveyor belt-------
---------baggage detected by sensor------------- 
Baggage weighs: 20.94 kg
baggage is on conveyor belt-------
---------baggage detected by sensor------------- 
Baggage weighs: 19.8 kg
baggage is on conveyor belt-------
---------baggage detected by sensor------------- 
Baggage weighs: 19.12 kg
baggage is on conveyor belt-------
---------baggage detected by sensor------------- 
Baggage weighs: 16.93 kg
baggage is on conveyor belt-------
---------baggage detected by sensor------------- 
Baggage weighs: 20.48 kg
baggage is on conveyor belt-------
---------baggage detected by sensor------------- 
Baggage weighs: 17.63 kg
baggage is on conveyor belt-------
---------baggage detected by sensor------------- 
Baggage weighs: 19.86 kg
baggage is on conveyor belt-------
---------baggage detected by sensor------------- 
Baggage weighs: 19.4 kg
baggage is on conveyor belt-------
---------baggage detected by sensor------------- 
Baggage weighs: 19.0 kg
baggage is on conveyor belt-------
---------baggage detected by sensor------------- 
Baggage weighs: 20.5 kg
baggage is on conveyor belt-------
---------baggage detected by sensor------------- 
Baggage weighs: 21.9 kg
baggage is on conveyor belt-------
---------baggage detected by sensor------------- 
Baggage weighs: 19.82 kg
baggage is on conveyor belt-------
---------baggage detected by sensor------------- 
Baggage weighs: 18.98 kg
baggage is on conveyor belt-------
---------baggage detected by sensor------------- 
Baggage weighs: 19.28 kg
baggage is on conveyor belt-------
---------baggage detected by sensor------------- 
Baggage weighs: 18.06 kg
baggage is on conveyor belt-------
---------baggage detected by sensor------------- 
Baggage weighs: 20.2 kg
baggage is on conveyor belt-------
---------baggage detected by sensor------------- 
Baggage weighs: 19.74 kg
baggage is on conveyor belt-------
---------baggage detected by sensor------------- 
Baggage weighs: 17.44 kg
baggage is on conveyor belt-------
---------baggage detected by sensor------------- 
Baggage weighs: 19.36 kg
baggage is on conveyor belt-------
---------baggage detected by sensor------------- 
Baggage weighs: 20.4 kg
baggage is on conveyor belt-------
---------baggage detected by sensor------------- 
Baggage weighs: 18.92 kg
baggage is on conveyor belt-------
---------baggage detected by sensor------------- 
Baggage weighs: 18.48 kg
baggage is on conveyor belt-------
---------baggage detected by sensor------------- 
Baggage weighs: 17.34 kg
baggage is on conveyor belt-------
---------baggage detected by sensor------------- 
Baggage weighs: 20.57 kg
baggage is on conveyor belt-------
---------baggage detected by sensor------------- 
Baggage weighs: 17.19 kg
baggage is on conveyor belt-------
---------baggage detected by sensor------------- 
Baggage weighs: 18.25 kg
baggage is on conveyor belt-------
---------baggage detected by sensor------------- 
Baggage weighs: 19.29 kg
baggage is on conveyor belt-------
---------baggage detected by sensor------------- 
Baggage weighs: 16.86 kg
baggage is on conveyor belt-------
---------baggage detected by sensor------------- 
Baggage weighs: 19.34 kg
Seat with ID: 31H has been reserved for you!

BOARDING PASS FOR SIMON BRYAN
-----------------------------------------------------------------------------
LUFTHANSA                      vnjjnu4f0u5huma /  Simon Bryan
Simon Bryan                                     /  vnjjnu4f0u5huma
FRA   LH2121   E  30.Oct                       /  FRA
HKG                                            /  HKG
SEAT ID: 31H                                   /  LH2121 E 30.Oct
SEQ: 150                                      / GATE: A05   22:00
MAX 1  HANDLUGGAGE/ LUGGAGE
-----------------------------------------------------------------------------
sorry Simon Bryan we have no voucher for you! Have a nice day!

---------------------------------------------------------------------------------------------------------------
scanning passport with passport id: 43E43Y8NU
searching for ticket in fast bag drop database..............
Ticket found for Bonita Lozano and Flight LH2121
----searching flight seat for Bonita Lozano---------
Found a seat with ID 31J
Below details were found in database
------------------------------------------
Name: Bonita Lozano
Flight ID: LH2121
Source: FRA
Destination: HKG
Gate No: A05
Boarding time: 22:00
Ticket ID: ydhbug8fjrigudy
Booking Class: E
------------------------------------------

Proceed with check-in for flight LH2121 ?
Type YES to CHECK-IN or NO to cancel CHECK-IN
Bonita Lozano is deciding whether to check-in or to go back home and sleep............
YES CHECK-IN
Checking you in...............
baggage is on conveyor belt-------
---------baggage detected by sensor------------- 
Baggage weighs: 21.58 kg
baggage is on conveyor belt-------
---------baggage detected by sensor------------- 
Baggage weighs: 20.43 kg
baggage is on conveyor belt-------
---------baggage detected by sensor------------- 
Baggage weighs: 18.47 kg
baggage is on conveyor belt-------
---------baggage detected by sensor------------- 
Baggage weighs: 17.86 kg
baggage is on conveyor belt-------
---------baggage detected by sensor------------- 
Baggage weighs: 18.65 kg
baggage is on conveyor belt-------
---------baggage detected by sensor------------- 
Baggage weighs: 19.27 kg
baggage is on conveyor belt-------
---------baggage detected by sensor------------- 
Baggage weighs: 17.42 kg
baggage is on conveyor belt-------
---------baggage detected by sensor------------- 
Baggage weighs: 19.16 kg
baggage is on conveyor belt-------
---------baggage detected by sensor------------- 
Baggage weighs: 19.52 kg
baggage is on conveyor belt-------
---------baggage detected by sensor------------- 
Baggage weighs: 17.51 kg
baggage is on conveyor belt-------
---------baggage detected by sensor------------- 
Baggage weighs: 17.38 kg
baggage is on conveyor belt-------
---------baggage detected by sensor------------- 
Baggage weighs: 18.67 kg
baggage is on conveyor belt-------
---------baggage detected by sensor------------- 
Baggage weighs: 16.98 kg
baggage is on conveyor belt-------
---------baggage detected by sensor------------- 
Baggage weighs: 21.26 kg
baggage is on conveyor belt-------
---------baggage detected by sensor------------- 
Baggage weighs: 18.3 kg
baggage is on conveyor belt-------
---------baggage detected by sensor------------- 
Baggage weighs: 16.81 kg
baggage is on conveyor belt-------
---------baggage detected by sensor------------- 
Baggage weighs: 20.91 kg
baggage is on conveyor belt-------
---------baggage detected by sensor------------- 
Baggage weighs: 21.21 kg
baggage is on conveyor belt-------
---------baggage detected by sensor------------- 
Baggage weighs: 19.69 kg
baggage is on conveyor belt-------
---------baggage detected by sensor------------- 
Baggage weighs: 18.67 kg
baggage is on conveyor belt-------
---------baggage detected by sensor------------- 
Baggage weighs: 19.12 kg
baggage is on conveyor belt-------
---------baggage detected by sensor------------- 
Baggage weighs: 16.42 kg
baggage is on conveyor belt-------
---------baggage detected by sensor------------- 
Baggage weighs: 19.17 kg
baggage is on conveyor belt-------
---------baggage detected by sensor------------- 
Baggage weighs: 19.0 kg
baggage is on conveyor belt-------
---------baggage detected by sensor------------- 
Baggage weighs: 18.78 kg
baggage is on conveyor belt-------
---------baggage detected by sensor------------- 
Baggage weighs: 20.31 kg
baggage is on conveyor belt-------
---------baggage detected by sensor------------- 
Baggage weighs: 21.25 kg
baggage is on conveyor belt-------
---------baggage detected by sensor------------- 
Baggage weighs: 18.87 kg
baggage is on conveyor belt-------
---------baggage detected by sensor------------- 
Baggage weighs: 16.25 kg
baggage is on conveyor belt-------
---------baggage detected by sensor------------- 
Baggage weighs: 19.94 kg
baggage is on conveyor belt-------
---------baggage detected by sensor------------- 
Baggage weighs: 16.88 kg
baggage is on conveyor belt-------
---------baggage detected by sensor------------- 
Baggage weighs: 18.24 kg
baggage is on conveyor belt-------
---------baggage detected by sensor------------- 
Baggage weighs: 17.16 kg
baggage is on conveyor belt-------
---------baggage detected by sensor------------- 
Baggage weighs: 19.34 kg
baggage is on conveyor belt-------
---------baggage detected by sensor------------- 
Baggage weighs: 22.41 kg
baggage is on conveyor belt-------
---------baggage detected by sensor------------- 
Baggage weighs: 20.47 kg
baggage is on conveyor belt-------
---------baggage detected by sensor------------- 
Baggage weighs: 18.81 kg
baggage is on conveyor belt-------
---------baggage detected by sensor------------- 
Baggage weighs: 18.56 kg
baggage is on conveyor belt-------
---------baggage detected by sensor------------- 
Baggage weighs: 17.77 kg
baggage is on conveyor belt-------
---------baggage detected by sensor------------- 
Baggage weighs: 19.32 kg
baggage is on conveyor belt-------
---------baggage detected by sensor------------- 
Baggage weighs: 19.21 kg
baggage is on conveyor belt-------
---------baggage detected by sensor------------- 
Baggage weighs: 19.13 kg
baggage is on conveyor belt-------
---------baggage detected by sensor------------- 
Baggage weighs: 20.39 kg
baggage is on conveyor belt-------
---------baggage detected by sensor------------- 
Baggage weighs: 21.03 kg
baggage is on conveyor belt-------
---------baggage detected by sensor------------- 
Baggage weighs: 20.05 kg
baggage is on conveyor belt-------
---------baggage detected by sensor------------- 
Baggage weighs: 21.92 kg
baggage is on conveyor belt-------
---------baggage detected by sensor------------- 
Baggage weighs: 19.37 kg
baggage is on conveyor belt-------
---------baggage detected by sensor------------- 
Baggage weighs: 20.35 kg
baggage is on conveyor belt-------
---------baggage detected by sensor------------- 
Baggage weighs: 18.73 kg
baggage is on conveyor belt-------
---------baggage detected by sensor------------- 
Baggage weighs: 20.33 kg
baggage is on conveyor belt-------
---------baggage detected by sensor------------- 
Baggage weighs: 22.01 kg
baggage is on conveyor belt-------
---------baggage detected by sensor------------- 
Baggage weighs: 19.27 kg
baggage is on conveyor belt-------
---------baggage detected by sensor------------- 
Baggage weighs: 21.18 kg
baggage is on conveyor belt-------
---------baggage detected by sensor------------- 
Baggage weighs: 17.16 kg
baggage is on conveyor belt-------
---------baggage detected by sensor------------- 
Baggage weighs: 20.04 kg
baggage is on conveyor belt-------
---------baggage detected by sensor------------- 
Baggage weighs: 20.91 kg
baggage is on conveyor belt-------
---------baggage detected by sensor------------- 
Baggage weighs: 20.3 kg
baggage is on conveyor belt-------
---------baggage detected by sensor------------- 
Baggage weighs: 20.38 kg
baggage is on conveyor belt-------
---------baggage detected by sensor------------- 
Baggage weighs: 16.54 kg
baggage is on conveyor belt-------
---------baggage detected by sensor------------- 
Baggage weighs: 18.87 kg
baggage is on conveyor belt-------
---------baggage detected by sensor------------- 
Baggage weighs: 20.22 kg
baggage is on conveyor belt-------
---------baggage detected by sensor------------- 
Baggage weighs: 20.75 kg
baggage is on conveyor belt-------
---------baggage detected by sensor------------- 
Baggage weighs: 17.4 kg
baggage is on conveyor belt-------
---------baggage detected by sensor------------- 
Baggage weighs: 20.27 kg
baggage is on conveyor belt-------
---------baggage detected by sensor------------- 
Baggage weighs: 17.04 kg
baggage is on conveyor belt-------
---------baggage detected by sensor------------- 
Baggage weighs: 19.84 kg
baggage is on conveyor belt-------
---------baggage detected by sensor------------- 
Baggage weighs: 17.34 kg
baggage is on conveyor belt-------
---------baggage detected by sensor------------- 
Baggage weighs: 18.75 kg
baggage is on conveyor belt-------
---------baggage detected by sensor------------- 
Baggage weighs: 19.12 kg
baggage is on conveyor belt-------
---------baggage detected by sensor------------- 
Baggage weighs: 18.29 kg
baggage is on conveyor belt-------
---------baggage detected by sensor------------- 
Baggage weighs: 17.94 kg
baggage is on conveyor belt-------
---------baggage detected by sensor------------- 
Baggage weighs: 19.09 kg
baggage is on conveyor belt-------
---------baggage detected by sensor------------- 
Baggage weighs: 22.39 kg
baggage is on conveyor belt-------
---------baggage detected by sensor------------- 
Baggage weighs: 21.23 kg
baggage is on conveyor belt-------
---------baggage detected by sensor------------- 
Baggage weighs: 17.56 kg
baggage is on conveyor belt-------
---------baggage detected by sensor------------- 
Baggage weighs: 18.37 kg
baggage is on conveyor belt-------
---------baggage detected by sensor------------- 
Baggage weighs: 21.4 kg
baggage is on conveyor belt-------
---------baggage detected by sensor------------- 
Baggage weighs: 20.25 kg
baggage is on conveyor belt-------
---------baggage detected by sensor------------- 
Baggage weighs: 23.0 kg
baggage is on conveyor belt-------
---------baggage detected by sensor------------- 
Baggage weighs: 17.01 kg
baggage is on conveyor belt-------
---------baggage detected by sensor------------- 
Baggage weighs: 17.39 kg
baggage is on conveyor belt-------
---------baggage detected by sensor------------- 
Baggage weighs: 16.7 kg
baggage is on conveyor belt-------
---------baggage detected by sensor------------- 
Baggage weighs: 16.23 kg
baggage is on conveyor belt-------
---------baggage detected by sensor------------- 
Baggage weighs: 19.13 kg
baggage is on conveyor belt-------
---------baggage detected by sensor------------- 
Baggage weighs: 21.07 kg
baggage is on conveyor belt-------
---------baggage detected by sensor------------- 
Baggage weighs: 17.87 kg
baggage is on conveyor belt-------
---------baggage detected by sensor------------- 
Baggage weighs: 19.92 kg
baggage is on conveyor belt-------
---------baggage detected by sensor------------- 
Baggage weighs: 19.22 kg
baggage is on conveyor belt-------
---------baggage detected by sensor------------- 
Baggage weighs: 21.53 kg
baggage is on conveyor belt-------
---------baggage detected by sensor------------- 
Baggage weighs: 20.29 kg
baggage is on conveyor belt-------
---------baggage detected by sensor------------- 
Baggage weighs: 19.32 kg
baggage is on conveyor belt-------
---------baggage detected by sensor------------- 
Baggage weighs: 17.25 kg
baggage is on conveyor belt-------
---------baggage detected by sensor------------- 
Baggage weighs: 21.3 kg
baggage is on conveyor belt-------
---------baggage detected by sensor------------- 
Baggage weighs: 16.79 kg
baggage is on conveyor belt-------
---------baggage detected by sensor------------- 
Baggage weighs: 19.55 kg
baggage is on conveyor belt-------
---------baggage detected by sensor------------- 
Baggage weighs: 18.88 kg
baggage is on conveyor belt-------
---------baggage detected by sensor------------- 
Baggage weighs: 22.33 kg
baggage is on conveyor belt-------
---------baggage detected by sensor------------- 
Baggage weighs: 20.62 kg
baggage is on conveyor belt-------
---------baggage detected by sensor------------- 
Baggage weighs: 19.42 kg
baggage is on conveyor belt-------
---------baggage detected by sensor------------- 
Baggage weighs: 17.54 kg
baggage is on conveyor belt-------
---------baggage detected by sensor------------- 
Baggage weighs: 21.51 kg
baggage is on conveyor belt-------
---------baggage detected by sensor------------- 
Baggage weighs: 19.46 kg
baggage is on conveyor belt-------
---------baggage detected by sensor------------- 
Baggage weighs: 17.83 kg
baggage is on conveyor belt-------
---------baggage detected by sensor------------- 
Baggage weighs: 17.75 kg
baggage is on conveyor belt-------
---------baggage detected by sensor------------- 
Baggage weighs: 17.44 kg
baggage is on conveyor belt-------
---------baggage detected by sensor------------- 
Baggage weighs: 19.53 kg
baggage is on conveyor belt-------
---------baggage detected by sensor------------- 
Baggage weighs: 17.51 kg
baggage is on conveyor belt-------
---------baggage detected by sensor------------- 
Baggage weighs: 18.2 kg
baggage is on conveyor belt-------
---------baggage detected by sensor------------- 
Baggage weighs: 21.55 kg
baggage is on conveyor belt-------
---------baggage detected by sensor------------- 
Baggage weighs: 19.67 kg
baggage is on conveyor belt-------
---------baggage detected by sensor------------- 
Baggage weighs: 19.52 kg
baggage is on conveyor belt-------
---------baggage detected by sensor------------- 
Baggage weighs: 21.06 kg
baggage is on conveyor belt-------
---------baggage detected by sensor------------- 
Baggage weighs: 17.44 kg
baggage is on conveyor belt-------
---------baggage detected by sensor------------- 
Baggage weighs: 19.21 kg
baggage is on conveyor belt-------
---------baggage detected by sensor------------- 
Baggage weighs: 21.65 kg
baggage is on conveyor belt-------
---------baggage detected by sensor------------- 
Baggage weighs: 19.64 kg
baggage is on conveyor belt-------
---------baggage detected by sensor------------- 
Baggage weighs: 21.03 kg
baggage is on conveyor belt-------
---------baggage detected by sensor------------- 
Baggage weighs: 19.76 kg
baggage is on conveyor belt-------
---------baggage detected by sensor------------- 
Baggage weighs: 21.01 kg
baggage is on conveyor belt-------
---------baggage detected by sensor------------- 
Baggage weighs: 19.11 kg
baggage is on conveyor belt-------
---------baggage detected by sensor------------- 
Baggage weighs: 18.54 kg
baggage is on conveyor belt-------
---------baggage detected by sensor------------- 
Baggage weighs: 16.86 kg
baggage is on conveyor belt-------
---------baggage detected by sensor------------- 
Baggage weighs: 16.59 kg
baggage is on conveyor belt-------
---------baggage detected by sensor------------- 
Baggage weighs: 19.26 kg
baggage is on conveyor belt-------
---------baggage detected by sensor------------- 
Baggage weighs: 18.34 kg
baggage is on conveyor belt-------
---------baggage detected by sensor------------- 
Baggage weighs: 19.09 kg
baggage is on conveyor belt-------
---------baggage detected by sensor------------- 
Baggage weighs: 22.38 kg
baggage is on conveyor belt-------
---------baggage detected by sensor------------- 
Baggage weighs: 22.12 kg
baggage is on conveyor belt-------
---------baggage detected by sensor------------- 
Baggage weighs: 16.75 kg
baggage is on conveyor belt-------
---------baggage detected by sensor------------- 
Baggage weighs: 20.36 kg
baggage is on conveyor belt-------
---------baggage detected by sensor------------- 
Baggage weighs: 20.94 kg
baggage is on conveyor belt-------
---------baggage detected by sensor------------- 
Baggage weighs: 19.8 kg
baggage is on conveyor belt-------
---------baggage detected by sensor------------- 
Baggage weighs: 19.12 kg
baggage is on conveyor belt-------
---------baggage detected by sensor------------- 
Baggage weighs: 16.93 kg
baggage is on conveyor belt-------
---------baggage detected by sensor------------- 
Baggage weighs: 20.48 kg
baggage is on conveyor belt-------
---------baggage detected by sensor------------- 
Baggage weighs: 17.63 kg
baggage is on conveyor belt-------
---------baggage detected by sensor------------- 
Baggage weighs: 19.86 kg
baggage is on conveyor belt-------
---------baggage detected by sensor------------- 
Baggage weighs: 19.4 kg
baggage is on conveyor belt-------
---------baggage detected by sensor------------- 
Baggage weighs: 19.0 kg
baggage is on conveyor belt-------
---------baggage detected by sensor------------- 
Baggage weighs: 20.5 kg
baggage is on conveyor belt-------
---------baggage detected by sensor------------- 
Baggage weighs: 21.9 kg
baggage is on conveyor belt-------
---------baggage detected by sensor------------- 
Baggage weighs: 19.82 kg
baggage is on conveyor belt-------
---------baggage detected by sensor------------- 
Baggage weighs: 18.98 kg
baggage is on conveyor belt-------
---------baggage detected by sensor------------- 
Baggage weighs: 19.28 kg
baggage is on conveyor belt-------
---------baggage detected by sensor------------- 
Baggage weighs: 18.06 kg
baggage is on conveyor belt-------
---------baggage detected by sensor------------- 
Baggage weighs: 20.2 kg
baggage is on conveyor belt-------
---------baggage detected by sensor------------- 
Baggage weighs: 19.74 kg
baggage is on conveyor belt-------
---------baggage detected by sensor------------- 
Baggage weighs: 17.44 kg
baggage is on conveyor belt-------
---------baggage detected by sensor------------- 
Baggage weighs: 19.36 kg
baggage is on conveyor belt-------
---------baggage detected by sensor------------- 
Baggage weighs: 20.4 kg
baggage is on conveyor belt-------
---------baggage detected by sensor------------- 
Baggage weighs: 18.92 kg
baggage is on conveyor belt-------
---------baggage detected by sensor------------- 
Baggage weighs: 18.48 kg
baggage is on conveyor belt-------
---------baggage detected by sensor------------- 
Baggage weighs: 17.34 kg
baggage is on conveyor belt-------
---------baggage detected by sensor------------- 
Baggage weighs: 20.57 kg
baggage is on conveyor belt-------
---------baggage detected by sensor------------- 
Baggage weighs: 17.19 kg
baggage is on conveyor belt-------
---------baggage detected by sensor------------- 
Baggage weighs: 18.25 kg
baggage is on conveyor belt-------
---------baggage detected by sensor------------- 
Baggage weighs: 19.29 kg
baggage is on conveyor belt-------
---------baggage detected by sensor------------- 
Baggage weighs: 16.86 kg
baggage is on conveyor belt-------
---------baggage detected by sensor------------- 
Baggage weighs: 19.34 kg
baggage is on conveyor belt-------
---------baggage detected by sensor------------- 
Baggage weighs: 19.32 kg
Seat with ID: 31J has been reserved for you!

BOARDING PASS FOR BONITA LOZANO
-----------------------------------------------------------------------------
LUFTHANSA                      ydhbug8fjrigudy /  Bonita Lozano
Bonita Lozano                                     /  ydhbug8fjrigudy
FRA   LH2121   E  30.Oct                       /  FRA
HKG                                            /  HKG
SEAT ID: 31J                                   /  LH2121 E 30.Oct
SEQ: 151                                      / GATE: A05   22:00
MAX 1  HANDLUGGAGE/ LUGGAGE
-----------------------------------------------------------------------------
sorry Bonita Lozano we have no voucher for you! Have a nice day!

---------------------------------------------------------------------------------------------------------------
scanning passport with passport id: 76HHU0MWE
searching for ticket in fast bag drop database..............
Ticket found for Garfield Quinn and Flight LH2121
----searching flight seat for Garfield Quinn---------
Found a seat with ID 31K
Below details were found in database
------------------------------------------
Name: Garfield Quinn
Flight ID: LH2121
Source: FRA
Destination: HKG
Gate No: A05
Boarding time: 22:00
Ticket ID: lizfckvysijk4ot
Booking Class: E
------------------------------------------

Proceed with check-in for flight LH2121 ?
Type YES to CHECK-IN or NO to cancel CHECK-IN
Garfield Quinn is deciding whether to check-in or to go back home and sleep............
YES CHECK-IN
Checking you in...............
baggage is on conveyor belt-------
---------baggage detected by sensor------------- 
Baggage weighs: 21.58 kg
baggage is on conveyor belt-------
---------baggage detected by sensor------------- 
Baggage weighs: 20.43 kg
baggage is on conveyor belt-------
---------baggage detected by sensor------------- 
Baggage weighs: 18.47 kg
baggage is on conveyor belt-------
---------baggage detected by sensor------------- 
Baggage weighs: 17.86 kg
baggage is on conveyor belt-------
---------baggage detected by sensor------------- 
Baggage weighs: 18.65 kg
baggage is on conveyor belt-------
---------baggage detected by sensor------------- 
Baggage weighs: 19.27 kg
baggage is on conveyor belt-------
---------baggage detected by sensor------------- 
Baggage weighs: 17.42 kg
baggage is on conveyor belt-------
---------baggage detected by sensor------------- 
Baggage weighs: 19.16 kg
baggage is on conveyor belt-------
---------baggage detected by sensor------------- 
Baggage weighs: 19.52 kg
baggage is on conveyor belt-------
---------baggage detected by sensor------------- 
Baggage weighs: 17.51 kg
baggage is on conveyor belt-------
---------baggage detected by sensor------------- 
Baggage weighs: 17.38 kg
baggage is on conveyor belt-------
---------baggage detected by sensor------------- 
Baggage weighs: 18.67 kg
baggage is on conveyor belt-------
---------baggage detected by sensor------------- 
Baggage weighs: 16.98 kg
baggage is on conveyor belt-------
---------baggage detected by sensor------------- 
Baggage weighs: 21.26 kg
baggage is on conveyor belt-------
---------baggage detected by sensor------------- 
Baggage weighs: 18.3 kg
baggage is on conveyor belt-------
---------baggage detected by sensor------------- 
Baggage weighs: 16.81 kg
baggage is on conveyor belt-------
---------baggage detected by sensor------------- 
Baggage weighs: 20.91 kg
baggage is on conveyor belt-------
---------baggage detected by sensor------------- 
Baggage weighs: 21.21 kg
baggage is on conveyor belt-------
---------baggage detected by sensor------------- 
Baggage weighs: 19.69 kg
baggage is on conveyor belt-------
---------baggage detected by sensor------------- 
Baggage weighs: 18.67 kg
baggage is on conveyor belt-------
---------baggage detected by sensor------------- 
Baggage weighs: 19.12 kg
baggage is on conveyor belt-------
---------baggage detected by sensor------------- 
Baggage weighs: 16.42 kg
baggage is on conveyor belt-------
---------baggage detected by sensor------------- 
Baggage weighs: 19.17 kg
baggage is on conveyor belt-------
---------baggage detected by sensor------------- 
Baggage weighs: 19.0 kg
baggage is on conveyor belt-------
---------baggage detected by sensor------------- 
Baggage weighs: 18.78 kg
baggage is on conveyor belt-------
---------baggage detected by sensor------------- 
Baggage weighs: 20.31 kg
baggage is on conveyor belt-------
---------baggage detected by sensor------------- 
Baggage weighs: 21.25 kg
baggage is on conveyor belt-------
---------baggage detected by sensor------------- 
Baggage weighs: 18.87 kg
baggage is on conveyor belt-------
---------baggage detected by sensor------------- 
Baggage weighs: 16.25 kg
baggage is on conveyor belt-------
---------baggage detected by sensor------------- 
Baggage weighs: 19.94 kg
baggage is on conveyor belt-------
---------baggage detected by sensor------------- 
Baggage weighs: 16.88 kg
baggage is on conveyor belt-------
---------baggage detected by sensor------------- 
Baggage weighs: 18.24 kg
baggage is on conveyor belt-------
---------baggage detected by sensor------------- 
Baggage weighs: 17.16 kg
baggage is on conveyor belt-------
---------baggage detected by sensor------------- 
Baggage weighs: 19.34 kg
baggage is on conveyor belt-------
---------baggage detected by sensor------------- 
Baggage weighs: 22.41 kg
baggage is on conveyor belt-------
---------baggage detected by sensor------------- 
Baggage weighs: 20.47 kg
baggage is on conveyor belt-------
---------baggage detected by sensor------------- 
Baggage weighs: 18.81 kg
baggage is on conveyor belt-------
---------baggage detected by sensor------------- 
Baggage weighs: 18.56 kg
baggage is on conveyor belt-------
---------baggage detected by sensor------------- 
Baggage weighs: 17.77 kg
baggage is on conveyor belt-------
---------baggage detected by sensor------------- 
Baggage weighs: 19.32 kg
baggage is on conveyor belt-------
---------baggage detected by sensor------------- 
Baggage weighs: 19.21 kg
baggage is on conveyor belt-------
---------baggage detected by sensor------------- 
Baggage weighs: 19.13 kg
baggage is on conveyor belt-------
---------baggage detected by sensor------------- 
Baggage weighs: 20.39 kg
baggage is on conveyor belt-------
---------baggage detected by sensor------------- 
Baggage weighs: 21.03 kg
baggage is on conveyor belt-------
---------baggage detected by sensor------------- 
Baggage weighs: 20.05 kg
baggage is on conveyor belt-------
---------baggage detected by sensor------------- 
Baggage weighs: 21.92 kg
baggage is on conveyor belt-------
---------baggage detected by sensor------------- 
Baggage weighs: 19.37 kg
baggage is on conveyor belt-------
---------baggage detected by sensor------------- 
Baggage weighs: 20.35 kg
baggage is on conveyor belt-------
---------baggage detected by sensor------------- 
Baggage weighs: 18.73 kg
baggage is on conveyor belt-------
---------baggage detected by sensor------------- 
Baggage weighs: 20.33 kg
baggage is on conveyor belt-------
---------baggage detected by sensor------------- 
Baggage weighs: 22.01 kg
baggage is on conveyor belt-------
---------baggage detected by sensor------------- 
Baggage weighs: 19.27 kg
baggage is on conveyor belt-------
---------baggage detected by sensor------------- 
Baggage weighs: 21.18 kg
baggage is on conveyor belt-------
---------baggage detected by sensor------------- 
Baggage weighs: 17.16 kg
baggage is on conveyor belt-------
---------baggage detected by sensor------------- 
Baggage weighs: 20.04 kg
baggage is on conveyor belt-------
---------baggage detected by sensor------------- 
Baggage weighs: 20.91 kg
baggage is on conveyor belt-------
---------baggage detected by sensor------------- 
Baggage weighs: 20.3 kg
baggage is on conveyor belt-------
---------baggage detected by sensor------------- 
Baggage weighs: 20.38 kg
baggage is on conveyor belt-------
---------baggage detected by sensor------------- 
Baggage weighs: 16.54 kg
baggage is on conveyor belt-------
---------baggage detected by sensor------------- 
Baggage weighs: 18.87 kg
baggage is on conveyor belt-------
---------baggage detected by sensor------------- 
Baggage weighs: 20.22 kg
baggage is on conveyor belt-------
---------baggage detected by sensor------------- 
Baggage weighs: 20.75 kg
baggage is on conveyor belt-------
---------baggage detected by sensor------------- 
Baggage weighs: 17.4 kg
baggage is on conveyor belt-------
---------baggage detected by sensor------------- 
Baggage weighs: 20.27 kg
baggage is on conveyor belt-------
---------baggage detected by sensor------------- 
Baggage weighs: 17.04 kg
baggage is on conveyor belt-------
---------baggage detected by sensor------------- 
Baggage weighs: 19.84 kg
baggage is on conveyor belt-------
---------baggage detected by sensor------------- 
Baggage weighs: 17.34 kg
baggage is on conveyor belt-------
---------baggage detected by sensor------------- 
Baggage weighs: 18.75 kg
baggage is on conveyor belt-------
---------baggage detected by sensor------------- 
Baggage weighs: 19.12 kg
baggage is on conveyor belt-------
---------baggage detected by sensor------------- 
Baggage weighs: 18.29 kg
baggage is on conveyor belt-------
---------baggage detected by sensor------------- 
Baggage weighs: 17.94 kg
baggage is on conveyor belt-------
---------baggage detected by sensor------------- 
Baggage weighs: 19.09 kg
baggage is on conveyor belt-------
---------baggage detected by sensor------------- 
Baggage weighs: 22.39 kg
baggage is on conveyor belt-------
---------baggage detected by sensor------------- 
Baggage weighs: 21.23 kg
baggage is on conveyor belt-------
---------baggage detected by sensor------------- 
Baggage weighs: 17.56 kg
baggage is on conveyor belt-------
---------baggage detected by sensor------------- 
Baggage weighs: 18.37 kg
baggage is on conveyor belt-------
---------baggage detected by sensor------------- 
Baggage weighs: 21.4 kg
baggage is on conveyor belt-------
---------baggage detected by sensor------------- 
Baggage weighs: 20.25 kg
baggage is on conveyor belt-------
---------baggage detected by sensor------------- 
Baggage weighs: 23.0 kg
baggage is on conveyor belt-------
---------baggage detected by sensor------------- 
Baggage weighs: 17.01 kg
baggage is on conveyor belt-------
---------baggage detected by sensor------------- 
Baggage weighs: 17.39 kg
baggage is on conveyor belt-------
---------baggage detected by sensor------------- 
Baggage weighs: 16.7 kg
baggage is on conveyor belt-------
---------baggage detected by sensor------------- 
Baggage weighs: 16.23 kg
baggage is on conveyor belt-------
---------baggage detected by sensor------------- 
Baggage weighs: 19.13 kg
baggage is on conveyor belt-------
---------baggage detected by sensor------------- 
Baggage weighs: 21.07 kg
baggage is on conveyor belt-------
---------baggage detected by sensor------------- 
Baggage weighs: 17.87 kg
baggage is on conveyor belt-------
---------baggage detected by sensor------------- 
Baggage weighs: 19.92 kg
baggage is on conveyor belt-------
---------baggage detected by sensor------------- 
Baggage weighs: 19.22 kg
baggage is on conveyor belt-------
---------baggage detected by sensor------------- 
Baggage weighs: 21.53 kg
baggage is on conveyor belt-------
---------baggage detected by sensor------------- 
Baggage weighs: 20.29 kg
baggage is on conveyor belt-------
---------baggage detected by sensor------------- 
Baggage weighs: 19.32 kg
baggage is on conveyor belt-------
---------baggage detected by sensor------------- 
Baggage weighs: 17.25 kg
baggage is on conveyor belt-------
---------baggage detected by sensor------------- 
Baggage weighs: 21.3 kg
baggage is on conveyor belt-------
---------baggage detected by sensor------------- 
Baggage weighs: 16.79 kg
baggage is on conveyor belt-------
---------baggage detected by sensor------------- 
Baggage weighs: 19.55 kg
baggage is on conveyor belt-------
---------baggage detected by sensor------------- 
Baggage weighs: 18.88 kg
baggage is on conveyor belt-------
---------baggage detected by sensor------------- 
Baggage weighs: 22.33 kg
baggage is on conveyor belt-------
---------baggage detected by sensor------------- 
Baggage weighs: 20.62 kg
baggage is on conveyor belt-------
---------baggage detected by sensor------------- 
Baggage weighs: 19.42 kg
baggage is on conveyor belt-------
---------baggage detected by sensor------------- 
Baggage weighs: 17.54 kg
baggage is on conveyor belt-------
---------baggage detected by sensor------------- 
Baggage weighs: 21.51 kg
baggage is on conveyor belt-------
---------baggage detected by sensor------------- 
Baggage weighs: 19.46 kg
baggage is on conveyor belt-------
---------baggage detected by sensor------------- 
Baggage weighs: 17.83 kg
baggage is on conveyor belt-------
---------baggage detected by sensor------------- 
Baggage weighs: 17.75 kg
baggage is on conveyor belt-------
---------baggage detected by sensor------------- 
Baggage weighs: 17.44 kg
baggage is on conveyor belt-------
---------baggage detected by sensor------------- 
Baggage weighs: 19.53 kg
baggage is on conveyor belt-------
---------baggage detected by sensor------------- 
Baggage weighs: 17.51 kg
baggage is on conveyor belt-------
---------baggage detected by sensor------------- 
Baggage weighs: 18.2 kg
baggage is on conveyor belt-------
---------baggage detected by sensor------------- 
Baggage weighs: 21.55 kg
baggage is on conveyor belt-------
---------baggage detected by sensor------------- 
Baggage weighs: 19.67 kg
baggage is on conveyor belt-------
---------baggage detected by sensor------------- 
Baggage weighs: 19.52 kg
baggage is on conveyor belt-------
---------baggage detected by sensor------------- 
Baggage weighs: 21.06 kg
baggage is on conveyor belt-------
---------baggage detected by sensor------------- 
Baggage weighs: 17.44 kg
baggage is on conveyor belt-------
---------baggage detected by sensor------------- 
Baggage weighs: 19.21 kg
baggage is on conveyor belt-------
---------baggage detected by sensor------------- 
Baggage weighs: 21.65 kg
baggage is on conveyor belt-------
---------baggage detected by sensor------------- 
Baggage weighs: 19.64 kg
baggage is on conveyor belt-------
---------baggage detected by sensor------------- 
Baggage weighs: 21.03 kg
baggage is on conveyor belt-------
---------baggage detected by sensor------------- 
Baggage weighs: 19.76 kg
baggage is on conveyor belt-------
---------baggage detected by sensor------------- 
Baggage weighs: 21.01 kg
baggage is on conveyor belt-------
---------baggage detected by sensor------------- 
Baggage weighs: 19.11 kg
baggage is on conveyor belt-------
---------baggage detected by sensor------------- 
Baggage weighs: 18.54 kg
baggage is on conveyor belt-------
---------baggage detected by sensor------------- 
Baggage weighs: 16.86 kg
baggage is on conveyor belt-------
---------baggage detected by sensor------------- 
Baggage weighs: 16.59 kg
baggage is on conveyor belt-------
---------baggage detected by sensor------------- 
Baggage weighs: 19.26 kg
baggage is on conveyor belt-------
---------baggage detected by sensor------------- 
Baggage weighs: 18.34 kg
baggage is on conveyor belt-------
---------baggage detected by sensor------------- 
Baggage weighs: 19.09 kg
baggage is on conveyor belt-------
---------baggage detected by sensor------------- 
Baggage weighs: 22.38 kg
baggage is on conveyor belt-------
---------baggage detected by sensor------------- 
Baggage weighs: 22.12 kg
baggage is on conveyor belt-------
---------baggage detected by sensor------------- 
Baggage weighs: 16.75 kg
baggage is on conveyor belt-------
---------baggage detected by sensor------------- 
Baggage weighs: 20.36 kg
baggage is on conveyor belt-------
---------baggage detected by sensor------------- 
Baggage weighs: 20.94 kg
baggage is on conveyor belt-------
---------baggage detected by sensor------------- 
Baggage weighs: 19.8 kg
baggage is on conveyor belt-------
---------baggage detected by sensor------------- 
Baggage weighs: 19.12 kg
baggage is on conveyor belt-------
---------baggage detected by sensor------------- 
Baggage weighs: 16.93 kg
baggage is on conveyor belt-------
---------baggage detected by sensor------------- 
Baggage weighs: 20.48 kg
baggage is on conveyor belt-------
---------baggage detected by sensor------------- 
Baggage weighs: 17.63 kg
baggage is on conveyor belt-------
---------baggage detected by sensor------------- 
Baggage weighs: 19.86 kg
baggage is on conveyor belt-------
---------baggage detected by sensor------------- 
Baggage weighs: 19.4 kg
baggage is on conveyor belt-------
---------baggage detected by sensor------------- 
Baggage weighs: 19.0 kg
baggage is on conveyor belt-------
---------baggage detected by sensor------------- 
Baggage weighs: 20.5 kg
baggage is on conveyor belt-------
---------baggage detected by sensor------------- 
Baggage weighs: 21.9 kg
baggage is on conveyor belt-------
---------baggage detected by sensor------------- 
Baggage weighs: 19.82 kg
baggage is on conveyor belt-------
---------baggage detected by sensor------------- 
Baggage weighs: 18.98 kg
baggage is on conveyor belt-------
---------baggage detected by sensor------------- 
Baggage weighs: 19.28 kg
baggage is on conveyor belt-------
---------baggage detected by sensor------------- 
Baggage weighs: 18.06 kg
baggage is on conveyor belt-------
---------baggage detected by sensor------------- 
Baggage weighs: 20.2 kg
baggage is on conveyor belt-------
---------baggage detected by sensor------------- 
Baggage weighs: 19.74 kg
baggage is on conveyor belt-------
---------baggage detected by sensor------------- 
Baggage weighs: 17.44 kg
baggage is on conveyor belt-------
---------baggage detected by sensor------------- 
Baggage weighs: 19.36 kg
baggage is on conveyor belt-------
---------baggage detected by sensor------------- 
Baggage weighs: 20.4 kg
baggage is on conveyor belt-------
---------baggage detected by sensor------------- 
Baggage weighs: 18.92 kg
baggage is on conveyor belt-------
---------baggage detected by sensor------------- 
Baggage weighs: 18.48 kg
baggage is on conveyor belt-------
---------baggage detected by sensor------------- 
Baggage weighs: 17.34 kg
baggage is on conveyor belt-------
---------baggage detected by sensor------------- 
Baggage weighs: 20.57 kg
baggage is on conveyor belt-------
---------baggage detected by sensor------------- 
Baggage weighs: 17.19 kg
baggage is on conveyor belt-------
---------baggage detected by sensor------------- 
Baggage weighs: 18.25 kg
baggage is on conveyor belt-------
---------baggage detected by sensor------------- 
Baggage weighs: 19.29 kg
baggage is on conveyor belt-------
---------baggage detected by sensor------------- 
Baggage weighs: 16.86 kg
baggage is on conveyor belt-------
---------baggage detected by sensor------------- 
Baggage weighs: 19.34 kg
baggage is on conveyor belt-------
---------baggage detected by sensor------------- 
Baggage weighs: 19.32 kg
baggage is on conveyor belt-------
---------baggage detected by sensor------------- 
Baggage weighs: 18.15 kg
Seat with ID: 31K has been reserved for you!

BOARDING PASS FOR GARFIELD QUINN
-----------------------------------------------------------------------------
LUFTHANSA                      lizfckvysijk4ot /  Garfield Quinn
Garfield Quinn                                     /  lizfckvysijk4ot
FRA   LH2121   E  30.Oct                       /  FRA
HKG                                            /  HKG
SEAT ID: 31K                                   /  LH2121 E 30.Oct
SEQ: 152                                      / GATE: A05   22:00
MAX 1  HANDLUGGAGE/ LUGGAGE
-----------------------------------------------------------------------------
sorry Garfield Quinn we have no voucher for you! Have a nice day!

---------------------------------------------------------------------------------------------------------------
scanning passport with passport id: PP3I5FLU2
searching for ticket in fast bag drop database..............
Ticket found for Lizzie Gill and Flight LH2121
----searching flight seat for Lizzie Gill---------
Found a seat with ID 32A
Below details were found in database
------------------------------------------
Name: Lizzie Gill
Flight ID: LH2121
Source: FRA
Destination: HKG
Gate No: A05
Boarding time: 22:00
Ticket ID: aykuti471z0qefy
Booking Class: E
------------------------------------------

Proceed with check-in for flight LH2121 ?
Type YES to CHECK-IN or NO to cancel CHECK-IN
Lizzie Gill is deciding whether to check-in or to go back home and sleep............
YES CHECK-IN
Checking you in...............
baggage is on conveyor belt-------
---------baggage detected by sensor------------- 
Baggage weighs: 21.58 kg
baggage is on conveyor belt-------
---------baggage detected by sensor------------- 
Baggage weighs: 20.43 kg
baggage is on conveyor belt-------
---------baggage detected by sensor------------- 
Baggage weighs: 18.47 kg
baggage is on conveyor belt-------
---------baggage detected by sensor------------- 
Baggage weighs: 17.86 kg
baggage is on conveyor belt-------
---------baggage detected by sensor------------- 
Baggage weighs: 18.65 kg
baggage is on conveyor belt-------
---------baggage detected by sensor------------- 
Baggage weighs: 19.27 kg
baggage is on conveyor belt-------
---------baggage detected by sensor------------- 
Baggage weighs: 17.42 kg
baggage is on conveyor belt-------
---------baggage detected by sensor------------- 
Baggage weighs: 19.16 kg
baggage is on conveyor belt-------
---------baggage detected by sensor------------- 
Baggage weighs: 19.52 kg
baggage is on conveyor belt-------
---------baggage detected by sensor------------- 
Baggage weighs: 17.51 kg
baggage is on conveyor belt-------
---------baggage detected by sensor------------- 
Baggage weighs: 17.38 kg
baggage is on conveyor belt-------
---------baggage detected by sensor------------- 
Baggage weighs: 18.67 kg
baggage is on conveyor belt-------
---------baggage detected by sensor------------- 
Baggage weighs: 16.98 kg
baggage is on conveyor belt-------
---------baggage detected by sensor------------- 
Baggage weighs: 21.26 kg
baggage is on conveyor belt-------
---------baggage detected by sensor------------- 
Baggage weighs: 18.3 kg
baggage is on conveyor belt-------
---------baggage detected by sensor------------- 
Baggage weighs: 16.81 kg
baggage is on conveyor belt-------
---------baggage detected by sensor------------- 
Baggage weighs: 20.91 kg
baggage is on conveyor belt-------
---------baggage detected by sensor------------- 
Baggage weighs: 21.21 kg
baggage is on conveyor belt-------
---------baggage detected by sensor------------- 
Baggage weighs: 19.69 kg
baggage is on conveyor belt-------
---------baggage detected by sensor------------- 
Baggage weighs: 18.67 kg
baggage is on conveyor belt-------
---------baggage detected by sensor------------- 
Baggage weighs: 19.12 kg
baggage is on conveyor belt-------
---------baggage detected by sensor------------- 
Baggage weighs: 16.42 kg
baggage is on conveyor belt-------
---------baggage detected by sensor------------- 
Baggage weighs: 19.17 kg
baggage is on conveyor belt-------
---------baggage detected by sensor------------- 
Baggage weighs: 19.0 kg
baggage is on conveyor belt-------
---------baggage detected by sensor------------- 
Baggage weighs: 18.78 kg
baggage is on conveyor belt-------
---------baggage detected by sensor------------- 
Baggage weighs: 20.31 kg
baggage is on conveyor belt-------
---------baggage detected by sensor------------- 
Baggage weighs: 21.25 kg
baggage is on conveyor belt-------
---------baggage detected by sensor------------- 
Baggage weighs: 18.87 kg
baggage is on conveyor belt-------
---------baggage detected by sensor------------- 
Baggage weighs: 16.25 kg
baggage is on conveyor belt-------
---------baggage detected by sensor------------- 
Baggage weighs: 19.94 kg
baggage is on conveyor belt-------
---------baggage detected by sensor------------- 
Baggage weighs: 16.88 kg
baggage is on conveyor belt-------
---------baggage detected by sensor------------- 
Baggage weighs: 18.24 kg
baggage is on conveyor belt-------
---------baggage detected by sensor------------- 
Baggage weighs: 17.16 kg
baggage is on conveyor belt-------
---------baggage detected by sensor------------- 
Baggage weighs: 19.34 kg
baggage is on conveyor belt-------
---------baggage detected by sensor------------- 
Baggage weighs: 22.41 kg
baggage is on conveyor belt-------
---------baggage detected by sensor------------- 
Baggage weighs: 20.47 kg
baggage is on conveyor belt-------
---------baggage detected by sensor------------- 
Baggage weighs: 18.81 kg
baggage is on conveyor belt-------
---------baggage detected by sensor------------- 
Baggage weighs: 18.56 kg
baggage is on conveyor belt-------
---------baggage detected by sensor------------- 
Baggage weighs: 17.77 kg
baggage is on conveyor belt-------
---------baggage detected by sensor------------- 
Baggage weighs: 19.32 kg
baggage is on conveyor belt-------
---------baggage detected by sensor------------- 
Baggage weighs: 19.21 kg
baggage is on conveyor belt-------
---------baggage detected by sensor------------- 
Baggage weighs: 19.13 kg
baggage is on conveyor belt-------
---------baggage detected by sensor------------- 
Baggage weighs: 20.39 kg
baggage is on conveyor belt-------
---------baggage detected by sensor------------- 
Baggage weighs: 21.03 kg
baggage is on conveyor belt-------
---------baggage detected by sensor------------- 
Baggage weighs: 20.05 kg
baggage is on conveyor belt-------
---------baggage detected by sensor------------- 
Baggage weighs: 21.92 kg
baggage is on conveyor belt-------
---------baggage detected by sensor------------- 
Baggage weighs: 19.37 kg
baggage is on conveyor belt-------
---------baggage detected by sensor------------- 
Baggage weighs: 20.35 kg
baggage is on conveyor belt-------
---------baggage detected by sensor------------- 
Baggage weighs: 18.73 kg
baggage is on conveyor belt-------
---------baggage detected by sensor------------- 
Baggage weighs: 20.33 kg
baggage is on conveyor belt-------
---------baggage detected by sensor------------- 
Baggage weighs: 22.01 kg
baggage is on conveyor belt-------
---------baggage detected by sensor------------- 
Baggage weighs: 19.27 kg
baggage is on conveyor belt-------
---------baggage detected by sensor------------- 
Baggage weighs: 21.18 kg
baggage is on conveyor belt-------
---------baggage detected by sensor------------- 
Baggage weighs: 17.16 kg
baggage is on conveyor belt-------
---------baggage detected by sensor------------- 
Baggage weighs: 20.04 kg
baggage is on conveyor belt-------
---------baggage detected by sensor------------- 
Baggage weighs: 20.91 kg
baggage is on conveyor belt-------
---------baggage detected by sensor------------- 
Baggage weighs: 20.3 kg
baggage is on conveyor belt-------
---------baggage detected by sensor------------- 
Baggage weighs: 20.38 kg
baggage is on conveyor belt-------
---------baggage detected by sensor------------- 
Baggage weighs: 16.54 kg
baggage is on conveyor belt-------
---------baggage detected by sensor------------- 
Baggage weighs: 18.87 kg
baggage is on conveyor belt-------
---------baggage detected by sensor------------- 
Baggage weighs: 20.22 kg
baggage is on conveyor belt-------
---------baggage detected by sensor------------- 
Baggage weighs: 20.75 kg
baggage is on conveyor belt-------
---------baggage detected by sensor------------- 
Baggage weighs: 17.4 kg
baggage is on conveyor belt-------
---------baggage detected by sensor------------- 
Baggage weighs: 20.27 kg
baggage is on conveyor belt-------
---------baggage detected by sensor------------- 
Baggage weighs: 17.04 kg
baggage is on conveyor belt-------
---------baggage detected by sensor------------- 
Baggage weighs: 19.84 kg
baggage is on conveyor belt-------
---------baggage detected by sensor------------- 
Baggage weighs: 17.34 kg
baggage is on conveyor belt-------
---------baggage detected by sensor------------- 
Baggage weighs: 18.75 kg
baggage is on conveyor belt-------
---------baggage detected by sensor------------- 
Baggage weighs: 19.12 kg
baggage is on conveyor belt-------
---------baggage detected by sensor------------- 
Baggage weighs: 18.29 kg
baggage is on conveyor belt-------
---------baggage detected by sensor------------- 
Baggage weighs: 17.94 kg
baggage is on conveyor belt-------
---------baggage detected by sensor------------- 
Baggage weighs: 19.09 kg
baggage is on conveyor belt-------
---------baggage detected by sensor------------- 
Baggage weighs: 22.39 kg
baggage is on conveyor belt-------
---------baggage detected by sensor------------- 
Baggage weighs: 21.23 kg
baggage is on conveyor belt-------
---------baggage detected by sensor------------- 
Baggage weighs: 17.56 kg
baggage is on conveyor belt-------
---------baggage detected by sensor------------- 
Baggage weighs: 18.37 kg
baggage is on conveyor belt-------
---------baggage detected by sensor------------- 
Baggage weighs: 21.4 kg
baggage is on conveyor belt-------
---------baggage detected by sensor------------- 
Baggage weighs: 20.25 kg
baggage is on conveyor belt-------
---------baggage detected by sensor------------- 
Baggage weighs: 23.0 kg
baggage is on conveyor belt-------
---------baggage detected by sensor------------- 
Baggage weighs: 17.01 kg
baggage is on conveyor belt-------
---------baggage detected by sensor------------- 
Baggage weighs: 17.39 kg
baggage is on conveyor belt-------
---------baggage detected by sensor------------- 
Baggage weighs: 16.7 kg
baggage is on conveyor belt-------
---------baggage detected by sensor------------- 
Baggage weighs: 16.23 kg
baggage is on conveyor belt-------
---------baggage detected by sensor------------- 
Baggage weighs: 19.13 kg
baggage is on conveyor belt-------
---------baggage detected by sensor------------- 
Baggage weighs: 21.07 kg
baggage is on conveyor belt-------
---------baggage detected by sensor------------- 
Baggage weighs: 17.87 kg
baggage is on conveyor belt-------
---------baggage detected by sensor------------- 
Baggage weighs: 19.92 kg
baggage is on conveyor belt-------
---------baggage detected by sensor------------- 
Baggage weighs: 19.22 kg
baggage is on conveyor belt-------
---------baggage detected by sensor------------- 
Baggage weighs: 21.53 kg
baggage is on conveyor belt-------
---------baggage detected by sensor------------- 
Baggage weighs: 20.29 kg
baggage is on conveyor belt-------
---------baggage detected by sensor------------- 
Baggage weighs: 19.32 kg
baggage is on conveyor belt-------
---------baggage detected by sensor------------- 
Baggage weighs: 17.25 kg
baggage is on conveyor belt-------
---------baggage detected by sensor------------- 
Baggage weighs: 21.3 kg
baggage is on conveyor belt-------
---------baggage detected by sensor------------- 
Baggage weighs: 16.79 kg
baggage is on conveyor belt-------
---------baggage detected by sensor------------- 
Baggage weighs: 19.55 kg
baggage is on conveyor belt-------
---------baggage detected by sensor------------- 
Baggage weighs: 18.88 kg
baggage is on conveyor belt-------
---------baggage detected by sensor------------- 
Baggage weighs: 22.33 kg
baggage is on conveyor belt-------
---------baggage detected by sensor------------- 
Baggage weighs: 20.62 kg
baggage is on conveyor belt-------
---------baggage detected by sensor------------- 
Baggage weighs: 19.42 kg
baggage is on conveyor belt-------
---------baggage detected by sensor------------- 
Baggage weighs: 17.54 kg
baggage is on conveyor belt-------
---------baggage detected by sensor------------- 
Baggage weighs: 21.51 kg
baggage is on conveyor belt-------
---------baggage detected by sensor------------- 
Baggage weighs: 19.46 kg
baggage is on conveyor belt-------
---------baggage detected by sensor------------- 
Baggage weighs: 17.83 kg
baggage is on conveyor belt-------
---------baggage detected by sensor------------- 
Baggage weighs: 17.75 kg
baggage is on conveyor belt-------
---------baggage detected by sensor------------- 
Baggage weighs: 17.44 kg
baggage is on conveyor belt-------
---------baggage detected by sensor------------- 
Baggage weighs: 19.53 kg
baggage is on conveyor belt-------
---------baggage detected by sensor------------- 
Baggage weighs: 17.51 kg
baggage is on conveyor belt-------
---------baggage detected by sensor------------- 
Baggage weighs: 18.2 kg
baggage is on conveyor belt-------
---------baggage detected by sensor------------- 
Baggage weighs: 21.55 kg
baggage is on conveyor belt-------
---------baggage detected by sensor------------- 
Baggage weighs: 19.67 kg
baggage is on conveyor belt-------
---------baggage detected by sensor------------- 
Baggage weighs: 19.52 kg
baggage is on conveyor belt-------
---------baggage detected by sensor------------- 
Baggage weighs: 21.06 kg
baggage is on conveyor belt-------
---------baggage detected by sensor------------- 
Baggage weighs: 17.44 kg
baggage is on conveyor belt-------
---------baggage detected by sensor------------- 
Baggage weighs: 19.21 kg
baggage is on conveyor belt-------
---------baggage detected by sensor------------- 
Baggage weighs: 21.65 kg
baggage is on conveyor belt-------
---------baggage detected by sensor------------- 
Baggage weighs: 19.64 kg
baggage is on conveyor belt-------
---------baggage detected by sensor------------- 
Baggage weighs: 21.03 kg
baggage is on conveyor belt-------
---------baggage detected by sensor------------- 
Baggage weighs: 19.76 kg
baggage is on conveyor belt-------
---------baggage detected by sensor------------- 
Baggage weighs: 21.01 kg
baggage is on conveyor belt-------
---------baggage detected by sensor------------- 
Baggage weighs: 19.11 kg
baggage is on conveyor belt-------
---------baggage detected by sensor------------- 
Baggage weighs: 18.54 kg
baggage is on conveyor belt-------
---------baggage detected by sensor------------- 
Baggage weighs: 16.86 kg
baggage is on conveyor belt-------
---------baggage detected by sensor------------- 
Baggage weighs: 16.59 kg
baggage is on conveyor belt-------
---------baggage detected by sensor------------- 
Baggage weighs: 19.26 kg
baggage is on conveyor belt-------
---------baggage detected by sensor------------- 
Baggage weighs: 18.34 kg
baggage is on conveyor belt-------
---------baggage detected by sensor------------- 
Baggage weighs: 19.09 kg
baggage is on conveyor belt-------
---------baggage detected by sensor------------- 
Baggage weighs: 22.38 kg
baggage is on conveyor belt-------
---------baggage detected by sensor------------- 
Baggage weighs: 22.12 kg
baggage is on conveyor belt-------
---------baggage detected by sensor------------- 
Baggage weighs: 16.75 kg
baggage is on conveyor belt-------
---------baggage detected by sensor------------- 
Baggage weighs: 20.36 kg
baggage is on conveyor belt-------
---------baggage detected by sensor------------- 
Baggage weighs: 20.94 kg
baggage is on conveyor belt-------
---------baggage detected by sensor------------- 
Baggage weighs: 19.8 kg
baggage is on conveyor belt-------
---------baggage detected by sensor------------- 
Baggage weighs: 19.12 kg
baggage is on conveyor belt-------
---------baggage detected by sensor------------- 
Baggage weighs: 16.93 kg
baggage is on conveyor belt-------
---------baggage detected by sensor------------- 
Baggage weighs: 20.48 kg
baggage is on conveyor belt-------
---------baggage detected by sensor------------- 
Baggage weighs: 17.63 kg
baggage is on conveyor belt-------
---------baggage detected by sensor------------- 
Baggage weighs: 19.86 kg
baggage is on conveyor belt-------
---------baggage detected by sensor------------- 
Baggage weighs: 19.4 kg
baggage is on conveyor belt-------
---------baggage detected by sensor------------- 
Baggage weighs: 19.0 kg
baggage is on conveyor belt-------
---------baggage detected by sensor------------- 
Baggage weighs: 20.5 kg
baggage is on conveyor belt-------
---------baggage detected by sensor------------- 
Baggage weighs: 21.9 kg
baggage is on conveyor belt-------
---------baggage detected by sensor------------- 
Baggage weighs: 19.82 kg
baggage is on conveyor belt-------
---------baggage detected by sensor------------- 
Baggage weighs: 18.98 kg
baggage is on conveyor belt-------
---------baggage detected by sensor------------- 
Baggage weighs: 19.28 kg
baggage is on conveyor belt-------
---------baggage detected by sensor------------- 
Baggage weighs: 18.06 kg
baggage is on conveyor belt-------
---------baggage detected by sensor------------- 
Baggage weighs: 20.2 kg
baggage is on conveyor belt-------
---------baggage detected by sensor------------- 
Baggage weighs: 19.74 kg
baggage is on conveyor belt-------
---------baggage detected by sensor------------- 
Baggage weighs: 17.44 kg
baggage is on conveyor belt-------
---------baggage detected by sensor------------- 
Baggage weighs: 19.36 kg
baggage is on conveyor belt-------
---------baggage detected by sensor------------- 
Baggage weighs: 20.4 kg
baggage is on conveyor belt-------
---------baggage detected by sensor------------- 
Baggage weighs: 18.92 kg
baggage is on conveyor belt-------
---------baggage detected by sensor------------- 
Baggage weighs: 18.48 kg
baggage is on conveyor belt-------
---------baggage detected by sensor------------- 
Baggage weighs: 17.34 kg
baggage is on conveyor belt-------
---------baggage detected by sensor------------- 
Baggage weighs: 20.57 kg
baggage is on conveyor belt-------
---------baggage detected by sensor------------- 
Baggage weighs: 17.19 kg
baggage is on conveyor belt-------
---------baggage detected by sensor------------- 
Baggage weighs: 18.25 kg
baggage is on conveyor belt-------
---------baggage detected by sensor------------- 
Baggage weighs: 19.29 kg
baggage is on conveyor belt-------
---------baggage detected by sensor------------- 
Baggage weighs: 16.86 kg
baggage is on conveyor belt-------
---------baggage detected by sensor------------- 
Baggage weighs: 19.34 kg
baggage is on conveyor belt-------
---------baggage detected by sensor------------- 
Baggage weighs: 19.32 kg
baggage is on conveyor belt-------
---------baggage detected by sensor------------- 
Baggage weighs: 18.15 kg
baggage is on conveyor belt-------
---------baggage detected by sensor------------- 
Baggage weighs: 18.98 kg
Seat with ID: 32A has been reserved for you!

BOARDING PASS FOR LIZZIE GILL
-----------------------------------------------------------------------------
LUFTHANSA                      aykuti471z0qefy /  Lizzie Gill
Lizzie Gill                                     /  aykuti471z0qefy
FRA   LH2121   E  30.Oct                       /  FRA
HKG                                            /  HKG
SEAT ID: 32A                                   /  LH2121 E 30.Oct
SEQ: 153                                      / GATE: A05   22:00
MAX 1  HANDLUGGAGE/ LUGGAGE
-----------------------------------------------------------------------------
sorry Lizzie Gill we have no voucher for you! Have a nice day!

---------------------------------------------------------------------------------------------------------------
scanning passport with passport id: 1KLW29LG0
searching for ticket in fast bag drop database..............
Ticket found for Cindy Grimes and Flight LH2121
----searching flight seat for Cindy Grimes---------
Found a seat with ID 32B
Below details were found in database
------------------------------------------
Name: Cindy Grimes
Flight ID: LH2121
Source: FRA
Destination: HKG
Gate No: A05
Boarding time: 22:00
Ticket ID: 8t5w67capzkb5zd
Booking Class: E
------------------------------------------

Proceed with check-in for flight LH2121 ?
Type YES to CHECK-IN or NO to cancel CHECK-IN
Cindy Grimes is deciding whether to check-in or to go back home and sleep............
YES CHECK-IN
Checking you in...............
baggage is on conveyor belt-------
---------baggage detected by sensor------------- 
Baggage weighs: 21.58 kg
baggage is on conveyor belt-------
---------baggage detected by sensor------------- 
Baggage weighs: 20.43 kg
baggage is on conveyor belt-------
---------baggage detected by sensor------------- 
Baggage weighs: 18.47 kg
baggage is on conveyor belt-------
---------baggage detected by sensor------------- 
Baggage weighs: 17.86 kg
baggage is on conveyor belt-------
---------baggage detected by sensor------------- 
Baggage weighs: 18.65 kg
baggage is on conveyor belt-------
---------baggage detected by sensor------------- 
Baggage weighs: 19.27 kg
baggage is on conveyor belt-------
---------baggage detected by sensor------------- 
Baggage weighs: 17.42 kg
baggage is on conveyor belt-------
---------baggage detected by sensor------------- 
Baggage weighs: 19.16 kg
baggage is on conveyor belt-------
---------baggage detected by sensor------------- 
Baggage weighs: 19.52 kg
baggage is on conveyor belt-------
---------baggage detected by sensor------------- 
Baggage weighs: 17.51 kg
baggage is on conveyor belt-------
---------baggage detected by sensor------------- 
Baggage weighs: 17.38 kg
baggage is on conveyor belt-------
---------baggage detected by sensor------------- 
Baggage weighs: 18.67 kg
baggage is on conveyor belt-------
---------baggage detected by sensor------------- 
Baggage weighs: 16.98 kg
baggage is on conveyor belt-------
---------baggage detected by sensor------------- 
Baggage weighs: 21.26 kg
baggage is on conveyor belt-------
---------baggage detected by sensor------------- 
Baggage weighs: 18.3 kg
baggage is on conveyor belt-------
---------baggage detected by sensor------------- 
Baggage weighs: 16.81 kg
baggage is on conveyor belt-------
---------baggage detected by sensor------------- 
Baggage weighs: 20.91 kg
baggage is on conveyor belt-------
---------baggage detected by sensor------------- 
Baggage weighs: 21.21 kg
baggage is on conveyor belt-------
---------baggage detected by sensor------------- 
Baggage weighs: 19.69 kg
baggage is on conveyor belt-------
---------baggage detected by sensor------------- 
Baggage weighs: 18.67 kg
baggage is on conveyor belt-------
---------baggage detected by sensor------------- 
Baggage weighs: 19.12 kg
baggage is on conveyor belt-------
---------baggage detected by sensor------------- 
Baggage weighs: 16.42 kg
baggage is on conveyor belt-------
---------baggage detected by sensor------------- 
Baggage weighs: 19.17 kg
baggage is on conveyor belt-------
---------baggage detected by sensor------------- 
Baggage weighs: 19.0 kg
baggage is on conveyor belt-------
---------baggage detected by sensor------------- 
Baggage weighs: 18.78 kg
baggage is on conveyor belt-------
---------baggage detected by sensor------------- 
Baggage weighs: 20.31 kg
baggage is on conveyor belt-------
---------baggage detected by sensor------------- 
Baggage weighs: 21.25 kg
baggage is on conveyor belt-------
---------baggage detected by sensor------------- 
Baggage weighs: 18.87 kg
baggage is on conveyor belt-------
---------baggage detected by sensor------------- 
Baggage weighs: 16.25 kg
baggage is on conveyor belt-------
---------baggage detected by sensor------------- 
Baggage weighs: 19.94 kg
baggage is on conveyor belt-------
---------baggage detected by sensor------------- 
Baggage weighs: 16.88 kg
baggage is on conveyor belt-------
---------baggage detected by sensor------------- 
Baggage weighs: 18.24 kg
baggage is on conveyor belt-------
---------baggage detected by sensor------------- 
Baggage weighs: 17.16 kg
baggage is on conveyor belt-------
---------baggage detected by sensor------------- 
Baggage weighs: 19.34 kg
baggage is on conveyor belt-------
---------baggage detected by sensor------------- 
Baggage weighs: 22.41 kg
baggage is on conveyor belt-------
---------baggage detected by sensor------------- 
Baggage weighs: 20.47 kg
baggage is on conveyor belt-------
---------baggage detected by sensor------------- 
Baggage weighs: 18.81 kg
baggage is on conveyor belt-------
---------baggage detected by sensor------------- 
Baggage weighs: 18.56 kg
baggage is on conveyor belt-------
---------baggage detected by sensor------------- 
Baggage weighs: 17.77 kg
baggage is on conveyor belt-------
---------baggage detected by sensor------------- 
Baggage weighs: 19.32 kg
baggage is on conveyor belt-------
---------baggage detected by sensor------------- 
Baggage weighs: 19.21 kg
baggage is on conveyor belt-------
---------baggage detected by sensor------------- 
Baggage weighs: 19.13 kg
baggage is on conveyor belt-------
---------baggage detected by sensor------------- 
Baggage weighs: 20.39 kg
baggage is on conveyor belt-------
---------baggage detected by sensor------------- 
Baggage weighs: 21.03 kg
baggage is on conveyor belt-------
---------baggage detected by sensor------------- 
Baggage weighs: 20.05 kg
baggage is on conveyor belt-------
---------baggage detected by sensor------------- 
Baggage weighs: 21.92 kg
baggage is on conveyor belt-------
---------baggage detected by sensor------------- 
Baggage weighs: 19.37 kg
baggage is on conveyor belt-------
---------baggage detected by sensor------------- 
Baggage weighs: 20.35 kg
baggage is on conveyor belt-------
---------baggage detected by sensor------------- 
Baggage weighs: 18.73 kg
baggage is on conveyor belt-------
---------baggage detected by sensor------------- 
Baggage weighs: 20.33 kg
baggage is on conveyor belt-------
---------baggage detected by sensor------------- 
Baggage weighs: 22.01 kg
baggage is on conveyor belt-------
---------baggage detected by sensor------------- 
Baggage weighs: 19.27 kg
baggage is on conveyor belt-------
---------baggage detected by sensor------------- 
Baggage weighs: 21.18 kg
baggage is on conveyor belt-------
---------baggage detected by sensor------------- 
Baggage weighs: 17.16 kg
baggage is on conveyor belt-------
---------baggage detected by sensor------------- 
Baggage weighs: 20.04 kg
baggage is on conveyor belt-------
---------baggage detected by sensor------------- 
Baggage weighs: 20.91 kg
baggage is on conveyor belt-------
---------baggage detected by sensor------------- 
Baggage weighs: 20.3 kg
baggage is on conveyor belt-------
---------baggage detected by sensor------------- 
Baggage weighs: 20.38 kg
baggage is on conveyor belt-------
---------baggage detected by sensor------------- 
Baggage weighs: 16.54 kg
baggage is on conveyor belt-------
---------baggage detected by sensor------------- 
Baggage weighs: 18.87 kg
baggage is on conveyor belt-------
---------baggage detected by sensor------------- 
Baggage weighs: 20.22 kg
baggage is on conveyor belt-------
---------baggage detected by sensor------------- 
Baggage weighs: 20.75 kg
baggage is on conveyor belt-------
---------baggage detected by sensor------------- 
Baggage weighs: 17.4 kg
baggage is on conveyor belt-------
---------baggage detected by sensor------------- 
Baggage weighs: 20.27 kg
baggage is on conveyor belt-------
---------baggage detected by sensor------------- 
Baggage weighs: 17.04 kg
baggage is on conveyor belt-------
---------baggage detected by sensor------------- 
Baggage weighs: 19.84 kg
baggage is on conveyor belt-------
---------baggage detected by sensor------------- 
Baggage weighs: 17.34 kg
baggage is on conveyor belt-------
---------baggage detected by sensor------------- 
Baggage weighs: 18.75 kg
baggage is on conveyor belt-------
---------baggage detected by sensor------------- 
Baggage weighs: 19.12 kg
baggage is on conveyor belt-------
---------baggage detected by sensor------------- 
Baggage weighs: 18.29 kg
baggage is on conveyor belt-------
---------baggage detected by sensor------------- 
Baggage weighs: 17.94 kg
baggage is on conveyor belt-------
---------baggage detected by sensor------------- 
Baggage weighs: 19.09 kg
baggage is on conveyor belt-------
---------baggage detected by sensor------------- 
Baggage weighs: 22.39 kg
baggage is on conveyor belt-------
---------baggage detected by sensor------------- 
Baggage weighs: 21.23 kg
baggage is on conveyor belt-------
---------baggage detected by sensor------------- 
Baggage weighs: 17.56 kg
baggage is on conveyor belt-------
---------baggage detected by sensor------------- 
Baggage weighs: 18.37 kg
baggage is on conveyor belt-------
---------baggage detected by sensor------------- 
Baggage weighs: 21.4 kg
baggage is on conveyor belt-------
---------baggage detected by sensor------------- 
Baggage weighs: 20.25 kg
baggage is on conveyor belt-------
---------baggage detected by sensor------------- 
Baggage weighs: 23.0 kg
baggage is on conveyor belt-------
---------baggage detected by sensor------------- 
Baggage weighs: 17.01 kg
baggage is on conveyor belt-------
---------baggage detected by sensor------------- 
Baggage weighs: 17.39 kg
baggage is on conveyor belt-------
---------baggage detected by sensor------------- 
Baggage weighs: 16.7 kg
baggage is on conveyor belt-------
---------baggage detected by sensor------------- 
Baggage weighs: 16.23 kg
baggage is on conveyor belt-------
---------baggage detected by sensor------------- 
Baggage weighs: 19.13 kg
baggage is on conveyor belt-------
---------baggage detected by sensor------------- 
Baggage weighs: 21.07 kg
baggage is on conveyor belt-------
---------baggage detected by sensor------------- 
Baggage weighs: 17.87 kg
baggage is on conveyor belt-------
---------baggage detected by sensor------------- 
Baggage weighs: 19.92 kg
baggage is on conveyor belt-------
---------baggage detected by sensor------------- 
Baggage weighs: 19.22 kg
baggage is on conveyor belt-------
---------baggage detected by sensor------------- 
Baggage weighs: 21.53 kg
baggage is on conveyor belt-------
---------baggage detected by sensor------------- 
Baggage weighs: 20.29 kg
baggage is on conveyor belt-------
---------baggage detected by sensor------------- 
Baggage weighs: 19.32 kg
baggage is on conveyor belt-------
---------baggage detected by sensor------------- 
Baggage weighs: 17.25 kg
baggage is on conveyor belt-------
---------baggage detected by sensor------------- 
Baggage weighs: 21.3 kg
baggage is on conveyor belt-------
---------baggage detected by sensor------------- 
Baggage weighs: 16.79 kg
baggage is on conveyor belt-------
---------baggage detected by sensor------------- 
Baggage weighs: 19.55 kg
baggage is on conveyor belt-------
---------baggage detected by sensor------------- 
Baggage weighs: 18.88 kg
baggage is on conveyor belt-------
---------baggage detected by sensor------------- 
Baggage weighs: 22.33 kg
baggage is on conveyor belt-------
---------baggage detected by sensor------------- 
Baggage weighs: 20.62 kg
baggage is on conveyor belt-------
---------baggage detected by sensor------------- 
Baggage weighs: 19.42 kg
baggage is on conveyor belt-------
---------baggage detected by sensor------------- 
Baggage weighs: 17.54 kg
baggage is on conveyor belt-------
---------baggage detected by sensor------------- 
Baggage weighs: 21.51 kg
baggage is on conveyor belt-------
---------baggage detected by sensor------------- 
Baggage weighs: 19.46 kg
baggage is on conveyor belt-------
---------baggage detected by sensor------------- 
Baggage weighs: 17.83 kg
baggage is on conveyor belt-------
---------baggage detected by sensor------------- 
Baggage weighs: 17.75 kg
baggage is on conveyor belt-------
---------baggage detected by sensor------------- 
Baggage weighs: 17.44 kg
baggage is on conveyor belt-------
---------baggage detected by sensor------------- 
Baggage weighs: 19.53 kg
baggage is on conveyor belt-------
---------baggage detected by sensor------------- 
Baggage weighs: 17.51 kg
baggage is on conveyor belt-------
---------baggage detected by sensor------------- 
Baggage weighs: 18.2 kg
baggage is on conveyor belt-------
---------baggage detected by sensor------------- 
Baggage weighs: 21.55 kg
baggage is on conveyor belt-------
---------baggage detected by sensor------------- 
Baggage weighs: 19.67 kg
baggage is on conveyor belt-------
---------baggage detected by sensor------------- 
Baggage weighs: 19.52 kg
baggage is on conveyor belt-------
---------baggage detected by sensor------------- 
Baggage weighs: 21.06 kg
baggage is on conveyor belt-------
---------baggage detected by sensor------------- 
Baggage weighs: 17.44 kg
baggage is on conveyor belt-------
---------baggage detected by sensor------------- 
Baggage weighs: 19.21 kg
baggage is on conveyor belt-------
---------baggage detected by sensor------------- 
Baggage weighs: 21.65 kg
baggage is on conveyor belt-------
---------baggage detected by sensor------------- 
Baggage weighs: 19.64 kg
baggage is on conveyor belt-------
---------baggage detected by sensor------------- 
Baggage weighs: 21.03 kg
baggage is on conveyor belt-------
---------baggage detected by sensor------------- 
Baggage weighs: 19.76 kg
baggage is on conveyor belt-------
---------baggage detected by sensor------------- 
Baggage weighs: 21.01 kg
baggage is on conveyor belt-------
---------baggage detected by sensor------------- 
Baggage weighs: 19.11 kg
baggage is on conveyor belt-------
---------baggage detected by sensor------------- 
Baggage weighs: 18.54 kg
baggage is on conveyor belt-------
---------baggage detected by sensor------------- 
Baggage weighs: 16.86 kg
baggage is on conveyor belt-------
---------baggage detected by sensor------------- 
Baggage weighs: 16.59 kg
baggage is on conveyor belt-------
---------baggage detected by sensor------------- 
Baggage weighs: 19.26 kg
baggage is on conveyor belt-------
---------baggage detected by sensor------------- 
Baggage weighs: 18.34 kg
baggage is on conveyor belt-------
---------baggage detected by sensor------------- 
Baggage weighs: 19.09 kg
baggage is on conveyor belt-------
---------baggage detected by sensor------------- 
Baggage weighs: 22.38 kg
baggage is on conveyor belt-------
---------baggage detected by sensor------------- 
Baggage weighs: 22.12 kg
baggage is on conveyor belt-------
---------baggage detected by sensor------------- 
Baggage weighs: 16.75 kg
baggage is on conveyor belt-------
---------baggage detected by sensor------------- 
Baggage weighs: 20.36 kg
baggage is on conveyor belt-------
---------baggage detected by sensor------------- 
Baggage weighs: 20.94 kg
baggage is on conveyor belt-------
---------baggage detected by sensor------------- 
Baggage weighs: 19.8 kg
baggage is on conveyor belt-------
---------baggage detected by sensor------------- 
Baggage weighs: 19.12 kg
baggage is on conveyor belt-------
---------baggage detected by sensor------------- 
Baggage weighs: 16.93 kg
baggage is on conveyor belt-------
---------baggage detected by sensor------------- 
Baggage weighs: 20.48 kg
baggage is on conveyor belt-------
---------baggage detected by sensor------------- 
Baggage weighs: 17.63 kg
baggage is on conveyor belt-------
---------baggage detected by sensor------------- 
Baggage weighs: 19.86 kg
baggage is on conveyor belt-------
---------baggage detected by sensor------------- 
Baggage weighs: 19.4 kg
baggage is on conveyor belt-------
---------baggage detected by sensor------------- 
Baggage weighs: 19.0 kg
baggage is on conveyor belt-------
---------baggage detected by sensor------------- 
Baggage weighs: 20.5 kg
baggage is on conveyor belt-------
---------baggage detected by sensor------------- 
Baggage weighs: 21.9 kg
baggage is on conveyor belt-------
---------baggage detected by sensor------------- 
Baggage weighs: 19.82 kg
baggage is on conveyor belt-------
---------baggage detected by sensor------------- 
Baggage weighs: 18.98 kg
baggage is on conveyor belt-------
---------baggage detected by sensor------------- 
Baggage weighs: 19.28 kg
baggage is on conveyor belt-------
---------baggage detected by sensor------------- 
Baggage weighs: 18.06 kg
baggage is on conveyor belt-------
---------baggage detected by sensor------------- 
Baggage weighs: 20.2 kg
baggage is on conveyor belt-------
---------baggage detected by sensor------------- 
Baggage weighs: 19.74 kg
baggage is on conveyor belt-------
---------baggage detected by sensor------------- 
Baggage weighs: 17.44 kg
baggage is on conveyor belt-------
---------baggage detected by sensor------------- 
Baggage weighs: 19.36 kg
baggage is on conveyor belt-------
---------baggage detected by sensor------------- 
Baggage weighs: 20.4 kg
baggage is on conveyor belt-------
---------baggage detected by sensor------------- 
Baggage weighs: 18.92 kg
baggage is on conveyor belt-------
---------baggage detected by sensor------------- 
Baggage weighs: 18.48 kg
baggage is on conveyor belt-------
---------baggage detected by sensor------------- 
Baggage weighs: 17.34 kg
baggage is on conveyor belt-------
---------baggage detected by sensor------------- 
Baggage weighs: 20.57 kg
baggage is on conveyor belt-------
---------baggage detected by sensor------------- 
Baggage weighs: 17.19 kg
baggage is on conveyor belt-------
---------baggage detected by sensor------------- 
Baggage weighs: 18.25 kg
baggage is on conveyor belt-------
---------baggage detected by sensor------------- 
Baggage weighs: 19.29 kg
baggage is on conveyor belt-------
---------baggage detected by sensor------------- 
Baggage weighs: 16.86 kg
baggage is on conveyor belt-------
---------baggage detected by sensor------------- 
Baggage weighs: 19.34 kg
baggage is on conveyor belt-------
---------baggage detected by sensor------------- 
Baggage weighs: 19.32 kg
baggage is on conveyor belt-------
---------baggage detected by sensor------------- 
Baggage weighs: 18.15 kg
baggage is on conveyor belt-------
---------baggage detected by sensor------------- 
Baggage weighs: 18.98 kg
baggage is on conveyor belt-------
---------baggage detected by sensor------------- 
Baggage weighs: 21.84 kg
Seat with ID: 32B has been reserved for you!

BOARDING PASS FOR CINDY GRIMES
-----------------------------------------------------------------------------
LUFTHANSA                      8t5w67capzkb5zd /  Cindy Grimes
Cindy Grimes                                     /  8t5w67capzkb5zd
FRA   LH2121   E  30.Oct                       /  FRA
HKG                                            /  HKG
SEAT ID: 32B                                   /  LH2121 E 30.Oct
SEQ: 154                                      / GATE: A05   22:00
MAX 1  HANDLUGGAGE/ LUGGAGE
-----------------------------------------------------------------------------
sorry Cindy Grimes we have no voucher for you! Have a nice day!

---------------------------------------------------------------------------------------------------------------
scanning passport with passport id: 0XBE6R66V
searching for ticket in fast bag drop database..............
Ticket found for Emmitt Hodge and Flight LH2121
----searching flight seat for Emmitt Hodge---------
Found a seat with ID 32C
Below details were found in database
------------------------------------------
Name: Emmitt Hodge
Flight ID: LH2121
Source: FRA
Destination: HKG
Gate No: A05
Boarding time: 22:00
Ticket ID: bgepp9bo69mpjjs
Booking Class: E
------------------------------------------

Proceed with check-in for flight LH2121 ?
Type YES to CHECK-IN or NO to cancel CHECK-IN
Emmitt Hodge is deciding whether to check-in or to go back home and sleep............
YES CHECK-IN
Checking you in...............
baggage is on conveyor belt-------
---------baggage detected by sensor------------- 
Baggage weighs: 21.58 kg
baggage is on conveyor belt-------
---------baggage detected by sensor------------- 
Baggage weighs: 20.43 kg
baggage is on conveyor belt-------
---------baggage detected by sensor------------- 
Baggage weighs: 18.47 kg
baggage is on conveyor belt-------
---------baggage detected by sensor------------- 
Baggage weighs: 17.86 kg
baggage is on conveyor belt-------
---------baggage detected by sensor------------- 
Baggage weighs: 18.65 kg
baggage is on conveyor belt-------
---------baggage detected by sensor------------- 
Baggage weighs: 19.27 kg
baggage is on conveyor belt-------
---------baggage detected by sensor------------- 
Baggage weighs: 17.42 kg
baggage is on conveyor belt-------
---------baggage detected by sensor------------- 
Baggage weighs: 19.16 kg
baggage is on conveyor belt-------
---------baggage detected by sensor------------- 
Baggage weighs: 19.52 kg
baggage is on conveyor belt-------
---------baggage detected by sensor------------- 
Baggage weighs: 17.51 kg
baggage is on conveyor belt-------
---------baggage detected by sensor------------- 
Baggage weighs: 17.38 kg
baggage is on conveyor belt-------
---------baggage detected by sensor------------- 
Baggage weighs: 18.67 kg
baggage is on conveyor belt-------
---------baggage detected by sensor------------- 
Baggage weighs: 16.98 kg
baggage is on conveyor belt-------
---------baggage detected by sensor------------- 
Baggage weighs: 21.26 kg
baggage is on conveyor belt-------
---------baggage detected by sensor------------- 
Baggage weighs: 18.3 kg
baggage is on conveyor belt-------
---------baggage detected by sensor------------- 
Baggage weighs: 16.81 kg
baggage is on conveyor belt-------
---------baggage detected by sensor------------- 
Baggage weighs: 20.91 kg
baggage is on conveyor belt-------
---------baggage detected by sensor------------- 
Baggage weighs: 21.21 kg
baggage is on conveyor belt-------
---------baggage detected by sensor------------- 
Baggage weighs: 19.69 kg
baggage is on conveyor belt-------
---------baggage detected by sensor------------- 
Baggage weighs: 18.67 kg
baggage is on conveyor belt-------
---------baggage detected by sensor------------- 
Baggage weighs: 19.12 kg
baggage is on conveyor belt-------
---------baggage detected by sensor------------- 
Baggage weighs: 16.42 kg
baggage is on conveyor belt-------
---------baggage detected by sensor------------- 
Baggage weighs: 19.17 kg
baggage is on conveyor belt-------
---------baggage detected by sensor------------- 
Baggage weighs: 19.0 kg
baggage is on conveyor belt-------
---------baggage detected by sensor------------- 
Baggage weighs: 18.78 kg
baggage is on conveyor belt-------
---------baggage detected by sensor------------- 
Baggage weighs: 20.31 kg
baggage is on conveyor belt-------
---------baggage detected by sensor------------- 
Baggage weighs: 21.25 kg
baggage is on conveyor belt-------
---------baggage detected by sensor------------- 
Baggage weighs: 18.87 kg
baggage is on conveyor belt-------
---------baggage detected by sensor------------- 
Baggage weighs: 16.25 kg
baggage is on conveyor belt-------
---------baggage detected by sensor------------- 
Baggage weighs: 19.94 kg
baggage is on conveyor belt-------
---------baggage detected by sensor------------- 
Baggage weighs: 16.88 kg
baggage is on conveyor belt-------
---------baggage detected by sensor------------- 
Baggage weighs: 18.24 kg
baggage is on conveyor belt-------
---------baggage detected by sensor------------- 
Baggage weighs: 17.16 kg
baggage is on conveyor belt-------
---------baggage detected by sensor------------- 
Baggage weighs: 19.34 kg
baggage is on conveyor belt-------
---------baggage detected by sensor------------- 
Baggage weighs: 22.41 kg
baggage is on conveyor belt-------
---------baggage detected by sensor------------- 
Baggage weighs: 20.47 kg
baggage is on conveyor belt-------
---------baggage detected by sensor------------- 
Baggage weighs: 18.81 kg
baggage is on conveyor belt-------
---------baggage detected by sensor------------- 
Baggage weighs: 18.56 kg
baggage is on conveyor belt-------
---------baggage detected by sensor------------- 
Baggage weighs: 17.77 kg
baggage is on conveyor belt-------
---------baggage detected by sensor------------- 
Baggage weighs: 19.32 kg
baggage is on conveyor belt-------
---------baggage detected by sensor------------- 
Baggage weighs: 19.21 kg
baggage is on conveyor belt-------
---------baggage detected by sensor------------- 
Baggage weighs: 19.13 kg
baggage is on conveyor belt-------
---------baggage detected by sensor------------- 
Baggage weighs: 20.39 kg
baggage is on conveyor belt-------
---------baggage detected by sensor------------- 
Baggage weighs: 21.03 kg
baggage is on conveyor belt-------
---------baggage detected by sensor------------- 
Baggage weighs: 20.05 kg
baggage is on conveyor belt-------
---------baggage detected by sensor------------- 
Baggage weighs: 21.92 kg
baggage is on conveyor belt-------
---------baggage detected by sensor------------- 
Baggage weighs: 19.37 kg
baggage is on conveyor belt-------
---------baggage detected by sensor------------- 
Baggage weighs: 20.35 kg
baggage is on conveyor belt-------
---------baggage detected by sensor------------- 
Baggage weighs: 18.73 kg
baggage is on conveyor belt-------
---------baggage detected by sensor------------- 
Baggage weighs: 20.33 kg
baggage is on conveyor belt-------
---------baggage detected by sensor------------- 
Baggage weighs: 22.01 kg
baggage is on conveyor belt-------
---------baggage detected by sensor------------- 
Baggage weighs: 19.27 kg
baggage is on conveyor belt-------
---------baggage detected by sensor------------- 
Baggage weighs: 21.18 kg
baggage is on conveyor belt-------
---------baggage detected by sensor------------- 
Baggage weighs: 17.16 kg
baggage is on conveyor belt-------
---------baggage detected by sensor------------- 
Baggage weighs: 20.04 kg
baggage is on conveyor belt-------
---------baggage detected by sensor------------- 
Baggage weighs: 20.91 kg
baggage is on conveyor belt-------
---------baggage detected by sensor------------- 
Baggage weighs: 20.3 kg
baggage is on conveyor belt-------
---------baggage detected by sensor------------- 
Baggage weighs: 20.38 kg
baggage is on conveyor belt-------
---------baggage detected by sensor------------- 
Baggage weighs: 16.54 kg
baggage is on conveyor belt-------
---------baggage detected by sensor------------- 
Baggage weighs: 18.87 kg
baggage is on conveyor belt-------
---------baggage detected by sensor------------- 
Baggage weighs: 20.22 kg
baggage is on conveyor belt-------
---------baggage detected by sensor------------- 
Baggage weighs: 20.75 kg
baggage is on conveyor belt-------
---------baggage detected by sensor------------- 
Baggage weighs: 17.4 kg
baggage is on conveyor belt-------
---------baggage detected by sensor------------- 
Baggage weighs: 20.27 kg
baggage is on conveyor belt-------
---------baggage detected by sensor------------- 
Baggage weighs: 17.04 kg
baggage is on conveyor belt-------
---------baggage detected by sensor------------- 
Baggage weighs: 19.84 kg
baggage is on conveyor belt-------
---------baggage detected by sensor------------- 
Baggage weighs: 17.34 kg
baggage is on conveyor belt-------
---------baggage detected by sensor------------- 
Baggage weighs: 18.75 kg
baggage is on conveyor belt-------
---------baggage detected by sensor------------- 
Baggage weighs: 19.12 kg
baggage is on conveyor belt-------
---------baggage detected by sensor------------- 
Baggage weighs: 18.29 kg
baggage is on conveyor belt-------
---------baggage detected by sensor------------- 
Baggage weighs: 17.94 kg
baggage is on conveyor belt-------
---------baggage detected by sensor------------- 
Baggage weighs: 19.09 kg
baggage is on conveyor belt-------
---------baggage detected by sensor------------- 
Baggage weighs: 22.39 kg
baggage is on conveyor belt-------
---------baggage detected by sensor------------- 
Baggage weighs: 21.23 kg
baggage is on conveyor belt-------
---------baggage detected by sensor------------- 
Baggage weighs: 17.56 kg
baggage is on conveyor belt-------
---------baggage detected by sensor------------- 
Baggage weighs: 18.37 kg
baggage is on conveyor belt-------
---------baggage detected by sensor------------- 
Baggage weighs: 21.4 kg
baggage is on conveyor belt-------
---------baggage detected by sensor------------- 
Baggage weighs: 20.25 kg
baggage is on conveyor belt-------
---------baggage detected by sensor------------- 
Baggage weighs: 23.0 kg
baggage is on conveyor belt-------
---------baggage detected by sensor------------- 
Baggage weighs: 17.01 kg
baggage is on conveyor belt-------
---------baggage detected by sensor------------- 
Baggage weighs: 17.39 kg
baggage is on conveyor belt-------
---------baggage detected by sensor------------- 
Baggage weighs: 16.7 kg
baggage is on conveyor belt-------
---------baggage detected by sensor------------- 
Baggage weighs: 16.23 kg
baggage is on conveyor belt-------
---------baggage detected by sensor------------- 
Baggage weighs: 19.13 kg
baggage is on conveyor belt-------
---------baggage detected by sensor------------- 
Baggage weighs: 21.07 kg
baggage is on conveyor belt-------
---------baggage detected by sensor------------- 
Baggage weighs: 17.87 kg
baggage is on conveyor belt-------
---------baggage detected by sensor------------- 
Baggage weighs: 19.92 kg
baggage is on conveyor belt-------
---------baggage detected by sensor------------- 
Baggage weighs: 19.22 kg
baggage is on conveyor belt-------
---------baggage detected by sensor------------- 
Baggage weighs: 21.53 kg
baggage is on conveyor belt-------
---------baggage detected by sensor------------- 
Baggage weighs: 20.29 kg
baggage is on conveyor belt-------
---------baggage detected by sensor------------- 
Baggage weighs: 19.32 kg
baggage is on conveyor belt-------
---------baggage detected by sensor------------- 
Baggage weighs: 17.25 kg
baggage is on conveyor belt-------
---------baggage detected by sensor------------- 
Baggage weighs: 21.3 kg
baggage is on conveyor belt-------
---------baggage detected by sensor------------- 
Baggage weighs: 16.79 kg
baggage is on conveyor belt-------
---------baggage detected by sensor------------- 
Baggage weighs: 19.55 kg
baggage is on conveyor belt-------
---------baggage detected by sensor------------- 
Baggage weighs: 18.88 kg
baggage is on conveyor belt-------
---------baggage detected by sensor------------- 
Baggage weighs: 22.33 kg
baggage is on conveyor belt-------
---------baggage detected by sensor------------- 
Baggage weighs: 20.62 kg
baggage is on conveyor belt-------
---------baggage detected by sensor------------- 
Baggage weighs: 19.42 kg
baggage is on conveyor belt-------
---------baggage detected by sensor------------- 
Baggage weighs: 17.54 kg
baggage is on conveyor belt-------
---------baggage detected by sensor------------- 
Baggage weighs: 21.51 kg
baggage is on conveyor belt-------
---------baggage detected by sensor------------- 
Baggage weighs: 19.46 kg
baggage is on conveyor belt-------
---------baggage detected by sensor------------- 
Baggage weighs: 17.83 kg
baggage is on conveyor belt-------
---------baggage detected by sensor------------- 
Baggage weighs: 17.75 kg
baggage is on conveyor belt-------
---------baggage detected by sensor------------- 
Baggage weighs: 17.44 kg
baggage is on conveyor belt-------
---------baggage detected by sensor------------- 
Baggage weighs: 19.53 kg
baggage is on conveyor belt-------
---------baggage detected by sensor------------- 
Baggage weighs: 17.51 kg
baggage is on conveyor belt-------
---------baggage detected by sensor------------- 
Baggage weighs: 18.2 kg
baggage is on conveyor belt-------
---------baggage detected by sensor------------- 
Baggage weighs: 21.55 kg
baggage is on conveyor belt-------
---------baggage detected by sensor------------- 
Baggage weighs: 19.67 kg
baggage is on conveyor belt-------
---------baggage detected by sensor------------- 
Baggage weighs: 19.52 kg
baggage is on conveyor belt-------
---------baggage detected by sensor------------- 
Baggage weighs: 21.06 kg
baggage is on conveyor belt-------
---------baggage detected by sensor------------- 
Baggage weighs: 17.44 kg
baggage is on conveyor belt-------
---------baggage detected by sensor------------- 
Baggage weighs: 19.21 kg
baggage is on conveyor belt-------
---------baggage detected by sensor------------- 
Baggage weighs: 21.65 kg
baggage is on conveyor belt-------
---------baggage detected by sensor------------- 
Baggage weighs: 19.64 kg
baggage is on conveyor belt-------
---------baggage detected by sensor------------- 
Baggage weighs: 21.03 kg
baggage is on conveyor belt-------
---------baggage detected by sensor------------- 
Baggage weighs: 19.76 kg
baggage is on conveyor belt-------
---------baggage detected by sensor------------- 
Baggage weighs: 21.01 kg
baggage is on conveyor belt-------
---------baggage detected by sensor------------- 
Baggage weighs: 19.11 kg
baggage is on conveyor belt-------
---------baggage detected by sensor------------- 
Baggage weighs: 18.54 kg
baggage is on conveyor belt-------
---------baggage detected by sensor------------- 
Baggage weighs: 16.86 kg
baggage is on conveyor belt-------
---------baggage detected by sensor------------- 
Baggage weighs: 16.59 kg
baggage is on conveyor belt-------
---------baggage detected by sensor------------- 
Baggage weighs: 19.26 kg
baggage is on conveyor belt-------
---------baggage detected by sensor------------- 
Baggage weighs: 18.34 kg
baggage is on conveyor belt-------
---------baggage detected by sensor------------- 
Baggage weighs: 19.09 kg
baggage is on conveyor belt-------
---------baggage detected by sensor------------- 
Baggage weighs: 22.38 kg
baggage is on conveyor belt-------
---------baggage detected by sensor------------- 
Baggage weighs: 22.12 kg
baggage is on conveyor belt-------
---------baggage detected by sensor------------- 
Baggage weighs: 16.75 kg
baggage is on conveyor belt-------
---------baggage detected by sensor------------- 
Baggage weighs: 20.36 kg
baggage is on conveyor belt-------
---------baggage detected by sensor------------- 
Baggage weighs: 20.94 kg
baggage is on conveyor belt-------
---------baggage detected by sensor------------- 
Baggage weighs: 19.8 kg
baggage is on conveyor belt-------
---------baggage detected by sensor------------- 
Baggage weighs: 19.12 kg
baggage is on conveyor belt-------
---------baggage detected by sensor------------- 
Baggage weighs: 16.93 kg
baggage is on conveyor belt-------
---------baggage detected by sensor------------- 
Baggage weighs: 20.48 kg
baggage is on conveyor belt-------
---------baggage detected by sensor------------- 
Baggage weighs: 17.63 kg
baggage is on conveyor belt-------
---------baggage detected by sensor------------- 
Baggage weighs: 19.86 kg
baggage is on conveyor belt-------
---------baggage detected by sensor------------- 
Baggage weighs: 19.4 kg
baggage is on conveyor belt-------
---------baggage detected by sensor------------- 
Baggage weighs: 19.0 kg
baggage is on conveyor belt-------
---------baggage detected by sensor------------- 
Baggage weighs: 20.5 kg
baggage is on conveyor belt-------
---------baggage detected by sensor------------- 
Baggage weighs: 21.9 kg
baggage is on conveyor belt-------
---------baggage detected by sensor------------- 
Baggage weighs: 19.82 kg
baggage is on conveyor belt-------
---------baggage detected by sensor------------- 
Baggage weighs: 18.98 kg
baggage is on conveyor belt-------
---------baggage detected by sensor------------- 
Baggage weighs: 19.28 kg
baggage is on conveyor belt-------
---------baggage detected by sensor------------- 
Baggage weighs: 18.06 kg
baggage is on conveyor belt-------
---------baggage detected by sensor------------- 
Baggage weighs: 20.2 kg
baggage is on conveyor belt-------
---------baggage detected by sensor------------- 
Baggage weighs: 19.74 kg
baggage is on conveyor belt-------
---------baggage detected by sensor------------- 
Baggage weighs: 17.44 kg
baggage is on conveyor belt-------
---------baggage detected by sensor------------- 
Baggage weighs: 19.36 kg
baggage is on conveyor belt-------
---------baggage detected by sensor------------- 
Baggage weighs: 20.4 kg
baggage is on conveyor belt-------
---------baggage detected by sensor------------- 
Baggage weighs: 18.92 kg
baggage is on conveyor belt-------
---------baggage detected by sensor------------- 
Baggage weighs: 18.48 kg
baggage is on conveyor belt-------
---------baggage detected by sensor------------- 
Baggage weighs: 17.34 kg
baggage is on conveyor belt-------
---------baggage detected by sensor------------- 
Baggage weighs: 20.57 kg
baggage is on conveyor belt-------
---------baggage detected by sensor------------- 
Baggage weighs: 17.19 kg
baggage is on conveyor belt-------
---------baggage detected by sensor------------- 
Baggage weighs: 18.25 kg
baggage is on conveyor belt-------
---------baggage detected by sensor------------- 
Baggage weighs: 19.29 kg
baggage is on conveyor belt-------
---------baggage detected by sensor------------- 
Baggage weighs: 16.86 kg
baggage is on conveyor belt-------
---------baggage detected by sensor------------- 
Baggage weighs: 19.34 kg
baggage is on conveyor belt-------
---------baggage detected by sensor------------- 
Baggage weighs: 19.32 kg
baggage is on conveyor belt-------
---------baggage detected by sensor------------- 
Baggage weighs: 18.15 kg
baggage is on conveyor belt-------
---------baggage detected by sensor------------- 
Baggage weighs: 18.98 kg
baggage is on conveyor belt-------
---------baggage detected by sensor------------- 
Baggage weighs: 21.84 kg
baggage is on conveyor belt-------
---------baggage detected by sensor------------- 
Baggage weighs: 20.53 kg
Seat with ID: 32C has been reserved for you!

BOARDING PASS FOR EMMITT HODGE
-----------------------------------------------------------------------------
LUFTHANSA                      bgepp9bo69mpjjs /  Emmitt Hodge
Emmitt Hodge                                     /  bgepp9bo69mpjjs
FRA   LH2121   E  30.Oct                       /  FRA
HKG                                            /  HKG
SEAT ID: 32C                                   /  LH2121 E 30.Oct
SEQ: 155                                      / GATE: A05   22:00
MAX 1  HANDLUGGAGE/ LUGGAGE
-----------------------------------------------------------------------------
sorry Emmitt Hodge we have no voucher for you! Have a nice day!

---------------------------------------------------------------------------------------------------------------
scanning passport with passport id: GYDQSJ2YJ
searching for ticket in fast bag drop database..............
Ticket found for Deangelo Chen and Flight LH2121
----searching flight seat for Deangelo Chen---------
Found a seat with ID 32D
Below details were found in database
------------------------------------------
Name: Deangelo Chen
Flight ID: LH2121
Source: FRA
Destination: HKG
Gate No: A05
Boarding time: 22:00
Ticket ID: va56g6wv5qmgool
Booking Class: E
------------------------------------------

Proceed with check-in for flight LH2121 ?
Type YES to CHECK-IN or NO to cancel CHECK-IN
Deangelo Chen is deciding whether to check-in or to go back home and sleep............
YES CHECK-IN
Checking you in...............
baggage is on conveyor belt-------
---------baggage detected by sensor------------- 
Baggage weighs: 21.58 kg
baggage is on conveyor belt-------
---------baggage detected by sensor------------- 
Baggage weighs: 20.43 kg
baggage is on conveyor belt-------
---------baggage detected by sensor------------- 
Baggage weighs: 18.47 kg
baggage is on conveyor belt-------
---------baggage detected by sensor------------- 
Baggage weighs: 17.86 kg
baggage is on conveyor belt-------
---------baggage detected by sensor------------- 
Baggage weighs: 18.65 kg
baggage is on conveyor belt-------
---------baggage detected by sensor------------- 
Baggage weighs: 19.27 kg
baggage is on conveyor belt-------
---------baggage detected by sensor------------- 
Baggage weighs: 17.42 kg
baggage is on conveyor belt-------
---------baggage detected by sensor------------- 
Baggage weighs: 19.16 kg
baggage is on conveyor belt-------
---------baggage detected by sensor------------- 
Baggage weighs: 19.52 kg
baggage is on conveyor belt-------
---------baggage detected by sensor------------- 
Baggage weighs: 17.51 kg
baggage is on conveyor belt-------
---------baggage detected by sensor------------- 
Baggage weighs: 17.38 kg
baggage is on conveyor belt-------
---------baggage detected by sensor------------- 
Baggage weighs: 18.67 kg
baggage is on conveyor belt-------
---------baggage detected by sensor------------- 
Baggage weighs: 16.98 kg
baggage is on conveyor belt-------
---------baggage detected by sensor------------- 
Baggage weighs: 21.26 kg
baggage is on conveyor belt-------
---------baggage detected by sensor------------- 
Baggage weighs: 18.3 kg
baggage is on conveyor belt-------
---------baggage detected by sensor------------- 
Baggage weighs: 16.81 kg
baggage is on conveyor belt-------
---------baggage detected by sensor------------- 
Baggage weighs: 20.91 kg
baggage is on conveyor belt-------
---------baggage detected by sensor------------- 
Baggage weighs: 21.21 kg
baggage is on conveyor belt-------
---------baggage detected by sensor------------- 
Baggage weighs: 19.69 kg
baggage is on conveyor belt-------
---------baggage detected by sensor------------- 
Baggage weighs: 18.67 kg
baggage is on conveyor belt-------
---------baggage detected by sensor------------- 
Baggage weighs: 19.12 kg
baggage is on conveyor belt-------
---------baggage detected by sensor------------- 
Baggage weighs: 16.42 kg
baggage is on conveyor belt-------
---------baggage detected by sensor------------- 
Baggage weighs: 19.17 kg
baggage is on conveyor belt-------
---------baggage detected by sensor------------- 
Baggage weighs: 19.0 kg
baggage is on conveyor belt-------
---------baggage detected by sensor------------- 
Baggage weighs: 18.78 kg
baggage is on conveyor belt-------
---------baggage detected by sensor------------- 
Baggage weighs: 20.31 kg
baggage is on conveyor belt-------
---------baggage detected by sensor------------- 
Baggage weighs: 21.25 kg
baggage is on conveyor belt-------
---------baggage detected by sensor------------- 
Baggage weighs: 18.87 kg
baggage is on conveyor belt-------
---------baggage detected by sensor------------- 
Baggage weighs: 16.25 kg
baggage is on conveyor belt-------
---------baggage detected by sensor------------- 
Baggage weighs: 19.94 kg
baggage is on conveyor belt-------
---------baggage detected by sensor------------- 
Baggage weighs: 16.88 kg
baggage is on conveyor belt-------
---------baggage detected by sensor------------- 
Baggage weighs: 18.24 kg
baggage is on conveyor belt-------
---------baggage detected by sensor------------- 
Baggage weighs: 17.16 kg
baggage is on conveyor belt-------
---------baggage detected by sensor------------- 
Baggage weighs: 19.34 kg
baggage is on conveyor belt-------
---------baggage detected by sensor------------- 
Baggage weighs: 22.41 kg
baggage is on conveyor belt-------
---------baggage detected by sensor------------- 
Baggage weighs: 20.47 kg
baggage is on conveyor belt-------
---------baggage detected by sensor------------- 
Baggage weighs: 18.81 kg
baggage is on conveyor belt-------
---------baggage detected by sensor------------- 
Baggage weighs: 18.56 kg
baggage is on conveyor belt-------
---------baggage detected by sensor------------- 
Baggage weighs: 17.77 kg
baggage is on conveyor belt-------
---------baggage detected by sensor------------- 
Baggage weighs: 19.32 kg
baggage is on conveyor belt-------
---------baggage detected by sensor------------- 
Baggage weighs: 19.21 kg
baggage is on conveyor belt-------
---------baggage detected by sensor------------- 
Baggage weighs: 19.13 kg
baggage is on conveyor belt-------
---------baggage detected by sensor------------- 
Baggage weighs: 20.39 kg
baggage is on conveyor belt-------
---------baggage detected by sensor------------- 
Baggage weighs: 21.03 kg
baggage is on conveyor belt-------
---------baggage detected by sensor------------- 
Baggage weighs: 20.05 kg
baggage is on conveyor belt-------
---------baggage detected by sensor------------- 
Baggage weighs: 21.92 kg
baggage is on conveyor belt-------
---------baggage detected by sensor------------- 
Baggage weighs: 19.37 kg
baggage is on conveyor belt-------
---------baggage detected by sensor------------- 
Baggage weighs: 20.35 kg
baggage is on conveyor belt-------
---------baggage detected by sensor------------- 
Baggage weighs: 18.73 kg
baggage is on conveyor belt-------
---------baggage detected by sensor------------- 
Baggage weighs: 20.33 kg
baggage is on conveyor belt-------
---------baggage detected by sensor------------- 
Baggage weighs: 22.01 kg
baggage is on conveyor belt-------
---------baggage detected by sensor------------- 
Baggage weighs: 19.27 kg
baggage is on conveyor belt-------
---------baggage detected by sensor------------- 
Baggage weighs: 21.18 kg
baggage is on conveyor belt-------
---------baggage detected by sensor------------- 
Baggage weighs: 17.16 kg
baggage is on conveyor belt-------
---------baggage detected by sensor------------- 
Baggage weighs: 20.04 kg
baggage is on conveyor belt-------
---------baggage detected by sensor------------- 
Baggage weighs: 20.91 kg
baggage is on conveyor belt-------
---------baggage detected by sensor------------- 
Baggage weighs: 20.3 kg
baggage is on conveyor belt-------
---------baggage detected by sensor------------- 
Baggage weighs: 20.38 kg
baggage is on conveyor belt-------
---------baggage detected by sensor------------- 
Baggage weighs: 16.54 kg
baggage is on conveyor belt-------
---------baggage detected by sensor------------- 
Baggage weighs: 18.87 kg
baggage is on conveyor belt-------
---------baggage detected by sensor------------- 
Baggage weighs: 20.22 kg
baggage is on conveyor belt-------
---------baggage detected by sensor------------- 
Baggage weighs: 20.75 kg
baggage is on conveyor belt-------
---------baggage detected by sensor------------- 
Baggage weighs: 17.4 kg
baggage is on conveyor belt-------
---------baggage detected by sensor------------- 
Baggage weighs: 20.27 kg
baggage is on conveyor belt-------
---------baggage detected by sensor------------- 
Baggage weighs: 17.04 kg
baggage is on conveyor belt-------
---------baggage detected by sensor------------- 
Baggage weighs: 19.84 kg
baggage is on conveyor belt-------
---------baggage detected by sensor------------- 
Baggage weighs: 17.34 kg
baggage is on conveyor belt-------
---------baggage detected by sensor------------- 
Baggage weighs: 18.75 kg
baggage is on conveyor belt-------
---------baggage detected by sensor------------- 
Baggage weighs: 19.12 kg
baggage is on conveyor belt-------
---------baggage detected by sensor------------- 
Baggage weighs: 18.29 kg
baggage is on conveyor belt-------
---------baggage detected by sensor------------- 
Baggage weighs: 17.94 kg
baggage is on conveyor belt-------
---------baggage detected by sensor------------- 
Baggage weighs: 19.09 kg
baggage is on conveyor belt-------
---------baggage detected by sensor------------- 
Baggage weighs: 22.39 kg
baggage is on conveyor belt-------
---------baggage detected by sensor------------- 
Baggage weighs: 21.23 kg
baggage is on conveyor belt-------
---------baggage detected by sensor------------- 
Baggage weighs: 17.56 kg
baggage is on conveyor belt-------
---------baggage detected by sensor------------- 
Baggage weighs: 18.37 kg
baggage is on conveyor belt-------
---------baggage detected by sensor------------- 
Baggage weighs: 21.4 kg
baggage is on conveyor belt-------
---------baggage detected by sensor------------- 
Baggage weighs: 20.25 kg
baggage is on conveyor belt-------
---------baggage detected by sensor------------- 
Baggage weighs: 23.0 kg
baggage is on conveyor belt-------
---------baggage detected by sensor------------- 
Baggage weighs: 17.01 kg
baggage is on conveyor belt-------
---------baggage detected by sensor------------- 
Baggage weighs: 17.39 kg
baggage is on conveyor belt-------
---------baggage detected by sensor------------- 
Baggage weighs: 16.7 kg
baggage is on conveyor belt-------
---------baggage detected by sensor------------- 
Baggage weighs: 16.23 kg
baggage is on conveyor belt-------
---------baggage detected by sensor------------- 
Baggage weighs: 19.13 kg
baggage is on conveyor belt-------
---------baggage detected by sensor------------- 
Baggage weighs: 21.07 kg
baggage is on conveyor belt-------
---------baggage detected by sensor------------- 
Baggage weighs: 17.87 kg
baggage is on conveyor belt-------
---------baggage detected by sensor------------- 
Baggage weighs: 19.92 kg
baggage is on conveyor belt-------
---------baggage detected by sensor------------- 
Baggage weighs: 19.22 kg
baggage is on conveyor belt-------
---------baggage detected by sensor------------- 
Baggage weighs: 21.53 kg
baggage is on conveyor belt-------
---------baggage detected by sensor------------- 
Baggage weighs: 20.29 kg
baggage is on conveyor belt-------
---------baggage detected by sensor------------- 
Baggage weighs: 19.32 kg
baggage is on conveyor belt-------
---------baggage detected by sensor------------- 
Baggage weighs: 17.25 kg
baggage is on conveyor belt-------
---------baggage detected by sensor------------- 
Baggage weighs: 21.3 kg
baggage is on conveyor belt-------
---------baggage detected by sensor------------- 
Baggage weighs: 16.79 kg
baggage is on conveyor belt-------
---------baggage detected by sensor------------- 
Baggage weighs: 19.55 kg
baggage is on conveyor belt-------
---------baggage detected by sensor------------- 
Baggage weighs: 18.88 kg
baggage is on conveyor belt-------
---------baggage detected by sensor------------- 
Baggage weighs: 22.33 kg
baggage is on conveyor belt-------
---------baggage detected by sensor------------- 
Baggage weighs: 20.62 kg
baggage is on conveyor belt-------
---------baggage detected by sensor------------- 
Baggage weighs: 19.42 kg
baggage is on conveyor belt-------
---------baggage detected by sensor------------- 
Baggage weighs: 17.54 kg
baggage is on conveyor belt-------
---------baggage detected by sensor------------- 
Baggage weighs: 21.51 kg
baggage is on conveyor belt-------
---------baggage detected by sensor------------- 
Baggage weighs: 19.46 kg
baggage is on conveyor belt-------
---------baggage detected by sensor------------- 
Baggage weighs: 17.83 kg
baggage is on conveyor belt-------
---------baggage detected by sensor------------- 
Baggage weighs: 17.75 kg
baggage is on conveyor belt-------
---------baggage detected by sensor------------- 
Baggage weighs: 17.44 kg
baggage is on conveyor belt-------
---------baggage detected by sensor------------- 
Baggage weighs: 19.53 kg
baggage is on conveyor belt-------
---------baggage detected by sensor------------- 
Baggage weighs: 17.51 kg
baggage is on conveyor belt-------
---------baggage detected by sensor------------- 
Baggage weighs: 18.2 kg
baggage is on conveyor belt-------
---------baggage detected by sensor------------- 
Baggage weighs: 21.55 kg
baggage is on conveyor belt-------
---------baggage detected by sensor------------- 
Baggage weighs: 19.67 kg
baggage is on conveyor belt-------
---------baggage detected by sensor------------- 
Baggage weighs: 19.52 kg
baggage is on conveyor belt-------
---------baggage detected by sensor------------- 
Baggage weighs: 21.06 kg
baggage is on conveyor belt-------
---------baggage detected by sensor------------- 
Baggage weighs: 17.44 kg
baggage is on conveyor belt-------
---------baggage detected by sensor------------- 
Baggage weighs: 19.21 kg
baggage is on conveyor belt-------
---------baggage detected by sensor------------- 
Baggage weighs: 21.65 kg
baggage is on conveyor belt-------
---------baggage detected by sensor------------- 
Baggage weighs: 19.64 kg
baggage is on conveyor belt-------
---------baggage detected by sensor------------- 
Baggage weighs: 21.03 kg
baggage is on conveyor belt-------
---------baggage detected by sensor------------- 
Baggage weighs: 19.76 kg
baggage is on conveyor belt-------
---------baggage detected by sensor------------- 
Baggage weighs: 21.01 kg
baggage is on conveyor belt-------
---------baggage detected by sensor------------- 
Baggage weighs: 19.11 kg
baggage is on conveyor belt-------
---------baggage detected by sensor------------- 
Baggage weighs: 18.54 kg
baggage is on conveyor belt-------
---------baggage detected by sensor------------- 
Baggage weighs: 16.86 kg
baggage is on conveyor belt-------
---------baggage detected by sensor------------- 
Baggage weighs: 16.59 kg
baggage is on conveyor belt-------
---------baggage detected by sensor------------- 
Baggage weighs: 19.26 kg
baggage is on conveyor belt-------
---------baggage detected by sensor------------- 
Baggage weighs: 18.34 kg
baggage is on conveyor belt-------
---------baggage detected by sensor------------- 
Baggage weighs: 19.09 kg
baggage is on conveyor belt-------
---------baggage detected by sensor------------- 
Baggage weighs: 22.38 kg
baggage is on conveyor belt-------
---------baggage detected by sensor------------- 
Baggage weighs: 22.12 kg
baggage is on conveyor belt-------
---------baggage detected by sensor------------- 
Baggage weighs: 16.75 kg
baggage is on conveyor belt-------
---------baggage detected by sensor------------- 
Baggage weighs: 20.36 kg
baggage is on conveyor belt-------
---------baggage detected by sensor------------- 
Baggage weighs: 20.94 kg
baggage is on conveyor belt-------
---------baggage detected by sensor------------- 
Baggage weighs: 19.8 kg
baggage is on conveyor belt-------
---------baggage detected by sensor------------- 
Baggage weighs: 19.12 kg
baggage is on conveyor belt-------
---------baggage detected by sensor------------- 
Baggage weighs: 16.93 kg
baggage is on conveyor belt-------
---------baggage detected by sensor------------- 
Baggage weighs: 20.48 kg
baggage is on conveyor belt-------
---------baggage detected by sensor------------- 
Baggage weighs: 17.63 kg
baggage is on conveyor belt-------
---------baggage detected by sensor------------- 
Baggage weighs: 19.86 kg
baggage is on conveyor belt-------
---------baggage detected by sensor------------- 
Baggage weighs: 19.4 kg
baggage is on conveyor belt-------
---------baggage detected by sensor------------- 
Baggage weighs: 19.0 kg
baggage is on conveyor belt-------
---------baggage detected by sensor------------- 
Baggage weighs: 20.5 kg
baggage is on conveyor belt-------
---------baggage detected by sensor------------- 
Baggage weighs: 21.9 kg
baggage is on conveyor belt-------
---------baggage detected by sensor------------- 
Baggage weighs: 19.82 kg
baggage is on conveyor belt-------
---------baggage detected by sensor------------- 
Baggage weighs: 18.98 kg
baggage is on conveyor belt-------
---------baggage detected by sensor------------- 
Baggage weighs: 19.28 kg
baggage is on conveyor belt-------
---------baggage detected by sensor------------- 
Baggage weighs: 18.06 kg
baggage is on conveyor belt-------
---------baggage detected by sensor------------- 
Baggage weighs: 20.2 kg
baggage is on conveyor belt-------
---------baggage detected by sensor------------- 
Baggage weighs: 19.74 kg
baggage is on conveyor belt-------
---------baggage detected by sensor------------- 
Baggage weighs: 17.44 kg
baggage is on conveyor belt-------
---------baggage detected by sensor------------- 
Baggage weighs: 19.36 kg
baggage is on conveyor belt-------
---------baggage detected by sensor------------- 
Baggage weighs: 20.4 kg
baggage is on conveyor belt-------
---------baggage detected by sensor------------- 
Baggage weighs: 18.92 kg
baggage is on conveyor belt-------
---------baggage detected by sensor------------- 
Baggage weighs: 18.48 kg
baggage is on conveyor belt-------
---------baggage detected by sensor------------- 
Baggage weighs: 17.34 kg
baggage is on conveyor belt-------
---------baggage detected by sensor------------- 
Baggage weighs: 20.57 kg
baggage is on conveyor belt-------
---------baggage detected by sensor------------- 
Baggage weighs: 17.19 kg
baggage is on conveyor belt-------
---------baggage detected by sensor------------- 
Baggage weighs: 18.25 kg
baggage is on conveyor belt-------
---------baggage detected by sensor------------- 
Baggage weighs: 19.29 kg
baggage is on conveyor belt-------
---------baggage detected by sensor------------- 
Baggage weighs: 16.86 kg
baggage is on conveyor belt-------
---------baggage detected by sensor------------- 
Baggage weighs: 19.34 kg
baggage is on conveyor belt-------
---------baggage detected by sensor------------- 
Baggage weighs: 19.32 kg
baggage is on conveyor belt-------
---------baggage detected by sensor------------- 
Baggage weighs: 18.15 kg
baggage is on conveyor belt-------
---------baggage detected by sensor------------- 
Baggage weighs: 18.98 kg
baggage is on conveyor belt-------
---------baggage detected by sensor------------- 
Baggage weighs: 21.84 kg
baggage is on conveyor belt-------
---------baggage detected by sensor------------- 
Baggage weighs: 20.53 kg
baggage is on conveyor belt-------
---------baggage detected by sensor------------- 
Baggage weighs: 20.62 kg
Seat with ID: 32D has been reserved for you!

BOARDING PASS FOR DEANGELO CHEN
-----------------------------------------------------------------------------
LUFTHANSA                      va56g6wv5qmgool /  Deangelo Chen
Deangelo Chen                                     /  va56g6wv5qmgool
FRA   LH2121   E  30.Oct                       /  FRA
HKG                                            /  HKG
SEAT ID: 32D                                   /  LH2121 E 30.Oct
SEQ: 156                                      / GATE: A05   22:00
MAX 1  HANDLUGGAGE/ LUGGAGE
-----------------------------------------------------------------------------
sorry Deangelo Chen we have no voucher for you! Have a nice day!

---------------------------------------------------------------------------------------------------------------
scanning passport with passport id: V84AM01ZE
searching for ticket in fast bag drop database..............
Ticket found for Daryl Ramsey and Flight LH2121
----searching flight seat for Daryl Ramsey---------
Found a seat with ID 32E
Below details were found in database
------------------------------------------
Name: Daryl Ramsey
Flight ID: LH2121
Source: FRA
Destination: HKG
Gate No: A05
Boarding time: 22:00
Ticket ID: 6nhdqgt751yo35x
Booking Class: E
------------------------------------------

Proceed with check-in for flight LH2121 ?
Type YES to CHECK-IN or NO to cancel CHECK-IN
Daryl Ramsey is deciding whether to check-in or to go back home and sleep............
YES CHECK-IN
Checking you in...............
baggage is on conveyor belt-------
---------baggage detected by sensor------------- 
Baggage weighs: 21.58 kg
baggage is on conveyor belt-------
---------baggage detected by sensor------------- 
Baggage weighs: 20.43 kg
baggage is on conveyor belt-------
---------baggage detected by sensor------------- 
Baggage weighs: 18.47 kg
baggage is on conveyor belt-------
---------baggage detected by sensor------------- 
Baggage weighs: 17.86 kg
baggage is on conveyor belt-------
---------baggage detected by sensor------------- 
Baggage weighs: 18.65 kg
baggage is on conveyor belt-------
---------baggage detected by sensor------------- 
Baggage weighs: 19.27 kg
baggage is on conveyor belt-------
---------baggage detected by sensor------------- 
Baggage weighs: 17.42 kg
baggage is on conveyor belt-------
---------baggage detected by sensor------------- 
Baggage weighs: 19.16 kg
baggage is on conveyor belt-------
---------baggage detected by sensor------------- 
Baggage weighs: 19.52 kg
baggage is on conveyor belt-------
---------baggage detected by sensor------------- 
Baggage weighs: 17.51 kg
baggage is on conveyor belt-------
---------baggage detected by sensor------------- 
Baggage weighs: 17.38 kg
baggage is on conveyor belt-------
---------baggage detected by sensor------------- 
Baggage weighs: 18.67 kg
baggage is on conveyor belt-------
---------baggage detected by sensor------------- 
Baggage weighs: 16.98 kg
baggage is on conveyor belt-------
---------baggage detected by sensor------------- 
Baggage weighs: 21.26 kg
baggage is on conveyor belt-------
---------baggage detected by sensor------------- 
Baggage weighs: 18.3 kg
baggage is on conveyor belt-------
---------baggage detected by sensor------------- 
Baggage weighs: 16.81 kg
baggage is on conveyor belt-------
---------baggage detected by sensor------------- 
Baggage weighs: 20.91 kg
baggage is on conveyor belt-------
---------baggage detected by sensor------------- 
Baggage weighs: 21.21 kg
baggage is on conveyor belt-------
---------baggage detected by sensor------------- 
Baggage weighs: 19.69 kg
baggage is on conveyor belt-------
---------baggage detected by sensor------------- 
Baggage weighs: 18.67 kg
baggage is on conveyor belt-------
---------baggage detected by sensor------------- 
Baggage weighs: 19.12 kg
baggage is on conveyor belt-------
---------baggage detected by sensor------------- 
Baggage weighs: 16.42 kg
baggage is on conveyor belt-------
---------baggage detected by sensor------------- 
Baggage weighs: 19.17 kg
baggage is on conveyor belt-------
---------baggage detected by sensor------------- 
Baggage weighs: 19.0 kg
baggage is on conveyor belt-------
---------baggage detected by sensor------------- 
Baggage weighs: 18.78 kg
baggage is on conveyor belt-------
---------baggage detected by sensor------------- 
Baggage weighs: 20.31 kg
baggage is on conveyor belt-------
---------baggage detected by sensor------------- 
Baggage weighs: 21.25 kg
baggage is on conveyor belt-------
---------baggage detected by sensor------------- 
Baggage weighs: 18.87 kg
baggage is on conveyor belt-------
---------baggage detected by sensor------------- 
Baggage weighs: 16.25 kg
baggage is on conveyor belt-------
---------baggage detected by sensor------------- 
Baggage weighs: 19.94 kg
baggage is on conveyor belt-------
---------baggage detected by sensor------------- 
Baggage weighs: 16.88 kg
baggage is on conveyor belt-------
---------baggage detected by sensor------------- 
Baggage weighs: 18.24 kg
baggage is on conveyor belt-------
---------baggage detected by sensor------------- 
Baggage weighs: 17.16 kg
baggage is on conveyor belt-------
---------baggage detected by sensor------------- 
Baggage weighs: 19.34 kg
baggage is on conveyor belt-------
---------baggage detected by sensor------------- 
Baggage weighs: 22.41 kg
baggage is on conveyor belt-------
---------baggage detected by sensor------------- 
Baggage weighs: 20.47 kg
baggage is on conveyor belt-------
---------baggage detected by sensor------------- 
Baggage weighs: 18.81 kg
baggage is on conveyor belt-------
---------baggage detected by sensor------------- 
Baggage weighs: 18.56 kg
baggage is on conveyor belt-------
---------baggage detected by sensor------------- 
Baggage weighs: 17.77 kg
baggage is on conveyor belt-------
---------baggage detected by sensor------------- 
Baggage weighs: 19.32 kg
baggage is on conveyor belt-------
---------baggage detected by sensor------------- 
Baggage weighs: 19.21 kg
baggage is on conveyor belt-------
---------baggage detected by sensor------------- 
Baggage weighs: 19.13 kg
baggage is on conveyor belt-------
---------baggage detected by sensor------------- 
Baggage weighs: 20.39 kg
baggage is on conveyor belt-------
---------baggage detected by sensor------------- 
Baggage weighs: 21.03 kg
baggage is on conveyor belt-------
---------baggage detected by sensor------------- 
Baggage weighs: 20.05 kg
baggage is on conveyor belt-------
---------baggage detected by sensor------------- 
Baggage weighs: 21.92 kg
baggage is on conveyor belt-------
---------baggage detected by sensor------------- 
Baggage weighs: 19.37 kg
baggage is on conveyor belt-------
---------baggage detected by sensor------------- 
Baggage weighs: 20.35 kg
baggage is on conveyor belt-------
---------baggage detected by sensor------------- 
Baggage weighs: 18.73 kg
baggage is on conveyor belt-------
---------baggage detected by sensor------------- 
Baggage weighs: 20.33 kg
baggage is on conveyor belt-------
---------baggage detected by sensor------------- 
Baggage weighs: 22.01 kg
baggage is on conveyor belt-------
---------baggage detected by sensor------------- 
Baggage weighs: 19.27 kg
baggage is on conveyor belt-------
---------baggage detected by sensor------------- 
Baggage weighs: 21.18 kg
baggage is on conveyor belt-------
---------baggage detected by sensor------------- 
Baggage weighs: 17.16 kg
baggage is on conveyor belt-------
---------baggage detected by sensor------------- 
Baggage weighs: 20.04 kg
baggage is on conveyor belt-------
---------baggage detected by sensor------------- 
Baggage weighs: 20.91 kg
baggage is on conveyor belt-------
---------baggage detected by sensor------------- 
Baggage weighs: 20.3 kg
baggage is on conveyor belt-------
---------baggage detected by sensor------------- 
Baggage weighs: 20.38 kg
baggage is on conveyor belt-------
---------baggage detected by sensor------------- 
Baggage weighs: 16.54 kg
baggage is on conveyor belt-------
---------baggage detected by sensor------------- 
Baggage weighs: 18.87 kg
baggage is on conveyor belt-------
---------baggage detected by sensor------------- 
Baggage weighs: 20.22 kg
baggage is on conveyor belt-------
---------baggage detected by sensor------------- 
Baggage weighs: 20.75 kg
baggage is on conveyor belt-------
---------baggage detected by sensor------------- 
Baggage weighs: 17.4 kg
baggage is on conveyor belt-------
---------baggage detected by sensor------------- 
Baggage weighs: 20.27 kg
baggage is on conveyor belt-------
---------baggage detected by sensor------------- 
Baggage weighs: 17.04 kg
baggage is on conveyor belt-------
---------baggage detected by sensor------------- 
Baggage weighs: 19.84 kg
baggage is on conveyor belt-------
---------baggage detected by sensor------------- 
Baggage weighs: 17.34 kg
baggage is on conveyor belt-------
---------baggage detected by sensor------------- 
Baggage weighs: 18.75 kg
baggage is on conveyor belt-------
---------baggage detected by sensor------------- 
Baggage weighs: 19.12 kg
baggage is on conveyor belt-------
---------baggage detected by sensor------------- 
Baggage weighs: 18.29 kg
baggage is on conveyor belt-------
---------baggage detected by sensor------------- 
Baggage weighs: 17.94 kg
baggage is on conveyor belt-------
---------baggage detected by sensor------------- 
Baggage weighs: 19.09 kg
baggage is on conveyor belt-------
---------baggage detected by sensor------------- 
Baggage weighs: 22.39 kg
baggage is on conveyor belt-------
---------baggage detected by sensor------------- 
Baggage weighs: 21.23 kg
baggage is on conveyor belt-------
---------baggage detected by sensor------------- 
Baggage weighs: 17.56 kg
baggage is on conveyor belt-------
---------baggage detected by sensor------------- 
Baggage weighs: 18.37 kg
baggage is on conveyor belt-------
---------baggage detected by sensor------------- 
Baggage weighs: 21.4 kg
baggage is on conveyor belt-------
---------baggage detected by sensor------------- 
Baggage weighs: 20.25 kg
baggage is on conveyor belt-------
---------baggage detected by sensor------------- 
Baggage weighs: 23.0 kg
baggage is on conveyor belt-------
---------baggage detected by sensor------------- 
Baggage weighs: 17.01 kg
baggage is on conveyor belt-------
---------baggage detected by sensor------------- 
Baggage weighs: 17.39 kg
baggage is on conveyor belt-------
---------baggage detected by sensor------------- 
Baggage weighs: 16.7 kg
baggage is on conveyor belt-------
---------baggage detected by sensor------------- 
Baggage weighs: 16.23 kg
baggage is on conveyor belt-------
---------baggage detected by sensor------------- 
Baggage weighs: 19.13 kg
baggage is on conveyor belt-------
---------baggage detected by sensor------------- 
Baggage weighs: 21.07 kg
baggage is on conveyor belt-------
---------baggage detected by sensor------------- 
Baggage weighs: 17.87 kg
baggage is on conveyor belt-------
---------baggage detected by sensor------------- 
Baggage weighs: 19.92 kg
baggage is on conveyor belt-------
---------baggage detected by sensor------------- 
Baggage weighs: 19.22 kg
baggage is on conveyor belt-------
---------baggage detected by sensor------------- 
Baggage weighs: 21.53 kg
baggage is on conveyor belt-------
---------baggage detected by sensor------------- 
Baggage weighs: 20.29 kg
baggage is on conveyor belt-------
---------baggage detected by sensor------------- 
Baggage weighs: 19.32 kg
baggage is on conveyor belt-------
---------baggage detected by sensor------------- 
Baggage weighs: 17.25 kg
baggage is on conveyor belt-------
---------baggage detected by sensor------------- 
Baggage weighs: 21.3 kg
baggage is on conveyor belt-------
---------baggage detected by sensor------------- 
Baggage weighs: 16.79 kg
baggage is on conveyor belt-------
---------baggage detected by sensor------------- 
Baggage weighs: 19.55 kg
baggage is on conveyor belt-------
---------baggage detected by sensor------------- 
Baggage weighs: 18.88 kg
baggage is on conveyor belt-------
---------baggage detected by sensor------------- 
Baggage weighs: 22.33 kg
baggage is on conveyor belt-------
---------baggage detected by sensor------------- 
Baggage weighs: 20.62 kg
baggage is on conveyor belt-------
---------baggage detected by sensor------------- 
Baggage weighs: 19.42 kg
baggage is on conveyor belt-------
---------baggage detected by sensor------------- 
Baggage weighs: 17.54 kg
baggage is on conveyor belt-------
---------baggage detected by sensor------------- 
Baggage weighs: 21.51 kg
baggage is on conveyor belt-------
---------baggage detected by sensor------------- 
Baggage weighs: 19.46 kg
baggage is on conveyor belt-------
---------baggage detected by sensor------------- 
Baggage weighs: 17.83 kg
baggage is on conveyor belt-------
---------baggage detected by sensor------------- 
Baggage weighs: 17.75 kg
baggage is on conveyor belt-------
---------baggage detected by sensor------------- 
Baggage weighs: 17.44 kg
baggage is on conveyor belt-------
---------baggage detected by sensor------------- 
Baggage weighs: 19.53 kg
baggage is on conveyor belt-------
---------baggage detected by sensor------------- 
Baggage weighs: 17.51 kg
baggage is on conveyor belt-------
---------baggage detected by sensor------------- 
Baggage weighs: 18.2 kg
baggage is on conveyor belt-------
---------baggage detected by sensor------------- 
Baggage weighs: 21.55 kg
baggage is on conveyor belt-------
---------baggage detected by sensor------------- 
Baggage weighs: 19.67 kg
baggage is on conveyor belt-------
---------baggage detected by sensor------------- 
Baggage weighs: 19.52 kg
baggage is on conveyor belt-------
---------baggage detected by sensor------------- 
Baggage weighs: 21.06 kg
baggage is on conveyor belt-------
---------baggage detected by sensor------------- 
Baggage weighs: 17.44 kg
baggage is on conveyor belt-------
---------baggage detected by sensor------------- 
Baggage weighs: 19.21 kg
baggage is on conveyor belt-------
---------baggage detected by sensor------------- 
Baggage weighs: 21.65 kg
baggage is on conveyor belt-------
---------baggage detected by sensor------------- 
Baggage weighs: 19.64 kg
baggage is on conveyor belt-------
---------baggage detected by sensor------------- 
Baggage weighs: 21.03 kg
baggage is on conveyor belt-------
---------baggage detected by sensor------------- 
Baggage weighs: 19.76 kg
baggage is on conveyor belt-------
---------baggage detected by sensor------------- 
Baggage weighs: 21.01 kg
baggage is on conveyor belt-------
---------baggage detected by sensor------------- 
Baggage weighs: 19.11 kg
baggage is on conveyor belt-------
---------baggage detected by sensor------------- 
Baggage weighs: 18.54 kg
baggage is on conveyor belt-------
---------baggage detected by sensor------------- 
Baggage weighs: 16.86 kg
baggage is on conveyor belt-------
---------baggage detected by sensor------------- 
Baggage weighs: 16.59 kg
baggage is on conveyor belt-------
---------baggage detected by sensor------------- 
Baggage weighs: 19.26 kg
baggage is on conveyor belt-------
---------baggage detected by sensor------------- 
Baggage weighs: 18.34 kg
baggage is on conveyor belt-------
---------baggage detected by sensor------------- 
Baggage weighs: 19.09 kg
baggage is on conveyor belt-------
---------baggage detected by sensor------------- 
Baggage weighs: 22.38 kg
baggage is on conveyor belt-------
---------baggage detected by sensor------------- 
Baggage weighs: 22.12 kg
baggage is on conveyor belt-------
---------baggage detected by sensor------------- 
Baggage weighs: 16.75 kg
baggage is on conveyor belt-------
---------baggage detected by sensor------------- 
Baggage weighs: 20.36 kg
baggage is on conveyor belt-------
---------baggage detected by sensor------------- 
Baggage weighs: 20.94 kg
baggage is on conveyor belt-------
---------baggage detected by sensor------------- 
Baggage weighs: 19.8 kg
baggage is on conveyor belt-------
---------baggage detected by sensor------------- 
Baggage weighs: 19.12 kg
baggage is on conveyor belt-------
---------baggage detected by sensor------------- 
Baggage weighs: 16.93 kg
baggage is on conveyor belt-------
---------baggage detected by sensor------------- 
Baggage weighs: 20.48 kg
baggage is on conveyor belt-------
---------baggage detected by sensor------------- 
Baggage weighs: 17.63 kg
baggage is on conveyor belt-------
---------baggage detected by sensor------------- 
Baggage weighs: 19.86 kg
baggage is on conveyor belt-------
---------baggage detected by sensor------------- 
Baggage weighs: 19.4 kg
baggage is on conveyor belt-------
---------baggage detected by sensor------------- 
Baggage weighs: 19.0 kg
baggage is on conveyor belt-------
---------baggage detected by sensor------------- 
Baggage weighs: 20.5 kg
baggage is on conveyor belt-------
---------baggage detected by sensor------------- 
Baggage weighs: 21.9 kg
baggage is on conveyor belt-------
---------baggage detected by sensor------------- 
Baggage weighs: 19.82 kg
baggage is on conveyor belt-------
---------baggage detected by sensor------------- 
Baggage weighs: 18.98 kg
baggage is on conveyor belt-------
---------baggage detected by sensor------------- 
Baggage weighs: 19.28 kg
baggage is on conveyor belt-------
---------baggage detected by sensor------------- 
Baggage weighs: 18.06 kg
baggage is on conveyor belt-------
---------baggage detected by sensor------------- 
Baggage weighs: 20.2 kg
baggage is on conveyor belt-------
---------baggage detected by sensor------------- 
Baggage weighs: 19.74 kg
baggage is on conveyor belt-------
---------baggage detected by sensor------------- 
Baggage weighs: 17.44 kg
baggage is on conveyor belt-------
---------baggage detected by sensor------------- 
Baggage weighs: 19.36 kg
baggage is on conveyor belt-------
---------baggage detected by sensor------------- 
Baggage weighs: 20.4 kg
baggage is on conveyor belt-------
---------baggage detected by sensor------------- 
Baggage weighs: 18.92 kg
baggage is on conveyor belt-------
---------baggage detected by sensor------------- 
Baggage weighs: 18.48 kg
baggage is on conveyor belt-------
---------baggage detected by sensor------------- 
Baggage weighs: 17.34 kg
baggage is on conveyor belt-------
---------baggage detected by sensor------------- 
Baggage weighs: 20.57 kg
baggage is on conveyor belt-------
---------baggage detected by sensor------------- 
Baggage weighs: 17.19 kg
baggage is on conveyor belt-------
---------baggage detected by sensor------------- 
Baggage weighs: 18.25 kg
baggage is on conveyor belt-------
---------baggage detected by sensor------------- 
Baggage weighs: 19.29 kg
baggage is on conveyor belt-------
---------baggage detected by sensor------------- 
Baggage weighs: 16.86 kg
baggage is on conveyor belt-------
---------baggage detected by sensor------------- 
Baggage weighs: 19.34 kg
baggage is on conveyor belt-------
---------baggage detected by sensor------------- 
Baggage weighs: 19.32 kg
baggage is on conveyor belt-------
---------baggage detected by sensor------------- 
Baggage weighs: 18.15 kg
baggage is on conveyor belt-------
---------baggage detected by sensor------------- 
Baggage weighs: 18.98 kg
baggage is on conveyor belt-------
---------baggage detected by sensor------------- 
Baggage weighs: 21.84 kg
baggage is on conveyor belt-------
---------baggage detected by sensor------------- 
Baggage weighs: 20.53 kg
baggage is on conveyor belt-------
---------baggage detected by sensor------------- 
Baggage weighs: 20.62 kg
baggage is on conveyor belt-------
---------baggage detected by sensor------------- 
Baggage weighs: 20.7 kg
Seat with ID: 32E has been reserved for you!

BOARDING PASS FOR DARYL RAMSEY
-----------------------------------------------------------------------------
LUFTHANSA                      6nhdqgt751yo35x /  Daryl Ramsey
Daryl Ramsey                                     /  6nhdqgt751yo35x
FRA   LH2121   E  30.Oct                       /  FRA
HKG                                            /  HKG
SEAT ID: 32E                                   /  LH2121 E 30.Oct
SEQ: 157                                      / GATE: A05   22:00
MAX 1  HANDLUGGAGE/ LUGGAGE
-----------------------------------------------------------------------------
sorry Daryl Ramsey we have no voucher for you! Have a nice day!

---------------------------------------------------------------------------------------------------------------
scanning passport with passport id: R2Y57A7JL
searching for ticket in fast bag drop database..............
Ticket found for Deandre Ballard and Flight LH2121
----searching flight seat for Deandre Ballard---------
Found a seat with ID 32G
Below details were found in database
------------------------------------------
Name: Deandre Ballard
Flight ID: LH2121
Source: FRA
Destination: HKG
Gate No: A05
Boarding time: 22:00
Ticket ID: 91t0x17r2tepzgy
Booking Class: E
------------------------------------------

Proceed with check-in for flight LH2121 ?
Type YES to CHECK-IN or NO to cancel CHECK-IN
Deandre Ballard is deciding whether to check-in or to go back home and sleep............
YES CHECK-IN
Checking you in...............
baggage is on conveyor belt-------
---------baggage detected by sensor------------- 
Baggage weighs: 21.58 kg
baggage is on conveyor belt-------
---------baggage detected by sensor------------- 
Baggage weighs: 20.43 kg
baggage is on conveyor belt-------
---------baggage detected by sensor------------- 
Baggage weighs: 18.47 kg
baggage is on conveyor belt-------
---------baggage detected by sensor------------- 
Baggage weighs: 17.86 kg
baggage is on conveyor belt-------
---------baggage detected by sensor------------- 
Baggage weighs: 18.65 kg
baggage is on conveyor belt-------
---------baggage detected by sensor------------- 
Baggage weighs: 19.27 kg
baggage is on conveyor belt-------
---------baggage detected by sensor------------- 
Baggage weighs: 17.42 kg
baggage is on conveyor belt-------
---------baggage detected by sensor------------- 
Baggage weighs: 19.16 kg
baggage is on conveyor belt-------
---------baggage detected by sensor------------- 
Baggage weighs: 19.52 kg
baggage is on conveyor belt-------
---------baggage detected by sensor------------- 
Baggage weighs: 17.51 kg
baggage is on conveyor belt-------
---------baggage detected by sensor------------- 
Baggage weighs: 17.38 kg
baggage is on conveyor belt-------
---------baggage detected by sensor------------- 
Baggage weighs: 18.67 kg
baggage is on conveyor belt-------
---------baggage detected by sensor------------- 
Baggage weighs: 16.98 kg
baggage is on conveyor belt-------
---------baggage detected by sensor------------- 
Baggage weighs: 21.26 kg
baggage is on conveyor belt-------
---------baggage detected by sensor------------- 
Baggage weighs: 18.3 kg
baggage is on conveyor belt-------
---------baggage detected by sensor------------- 
Baggage weighs: 16.81 kg
baggage is on conveyor belt-------
---------baggage detected by sensor------------- 
Baggage weighs: 20.91 kg
baggage is on conveyor belt-------
---------baggage detected by sensor------------- 
Baggage weighs: 21.21 kg
baggage is on conveyor belt-------
---------baggage detected by sensor------------- 
Baggage weighs: 19.69 kg
baggage is on conveyor belt-------
---------baggage detected by sensor------------- 
Baggage weighs: 18.67 kg
baggage is on conveyor belt-------
---------baggage detected by sensor------------- 
Baggage weighs: 19.12 kg
baggage is on conveyor belt-------
---------baggage detected by sensor------------- 
Baggage weighs: 16.42 kg
baggage is on conveyor belt-------
---------baggage detected by sensor------------- 
Baggage weighs: 19.17 kg
baggage is on conveyor belt-------
---------baggage detected by sensor------------- 
Baggage weighs: 19.0 kg
baggage is on conveyor belt-------
---------baggage detected by sensor------------- 
Baggage weighs: 18.78 kg
baggage is on conveyor belt-------
---------baggage detected by sensor------------- 
Baggage weighs: 20.31 kg
baggage is on conveyor belt-------
---------baggage detected by sensor------------- 
Baggage weighs: 21.25 kg
baggage is on conveyor belt-------
---------baggage detected by sensor------------- 
Baggage weighs: 18.87 kg
baggage is on conveyor belt-------
---------baggage detected by sensor------------- 
Baggage weighs: 16.25 kg
baggage is on conveyor belt-------
---------baggage detected by sensor------------- 
Baggage weighs: 19.94 kg
baggage is on conveyor belt-------
---------baggage detected by sensor------------- 
Baggage weighs: 16.88 kg
baggage is on conveyor belt-------
---------baggage detected by sensor------------- 
Baggage weighs: 18.24 kg
baggage is on conveyor belt-------
---------baggage detected by sensor------------- 
Baggage weighs: 17.16 kg
baggage is on conveyor belt-------
---------baggage detected by sensor------------- 
Baggage weighs: 19.34 kg
baggage is on conveyor belt-------
---------baggage detected by sensor------------- 
Baggage weighs: 22.41 kg
baggage is on conveyor belt-------
---------baggage detected by sensor------------- 
Baggage weighs: 20.47 kg
baggage is on conveyor belt-------
---------baggage detected by sensor------------- 
Baggage weighs: 18.81 kg
baggage is on conveyor belt-------
---------baggage detected by sensor------------- 
Baggage weighs: 18.56 kg
baggage is on conveyor belt-------
---------baggage detected by sensor------------- 
Baggage weighs: 17.77 kg
baggage is on conveyor belt-------
---------baggage detected by sensor------------- 
Baggage weighs: 19.32 kg
baggage is on conveyor belt-------
---------baggage detected by sensor------------- 
Baggage weighs: 19.21 kg
baggage is on conveyor belt-------
---------baggage detected by sensor------------- 
Baggage weighs: 19.13 kg
baggage is on conveyor belt-------
---------baggage detected by sensor------------- 
Baggage weighs: 20.39 kg
baggage is on conveyor belt-------
---------baggage detected by sensor------------- 
Baggage weighs: 21.03 kg
baggage is on conveyor belt-------
---------baggage detected by sensor------------- 
Baggage weighs: 20.05 kg
baggage is on conveyor belt-------
---------baggage detected by sensor------------- 
Baggage weighs: 21.92 kg
baggage is on conveyor belt-------
---------baggage detected by sensor------------- 
Baggage weighs: 19.37 kg
baggage is on conveyor belt-------
---------baggage detected by sensor------------- 
Baggage weighs: 20.35 kg
baggage is on conveyor belt-------
---------baggage detected by sensor------------- 
Baggage weighs: 18.73 kg
baggage is on conveyor belt-------
---------baggage detected by sensor------------- 
Baggage weighs: 20.33 kg
baggage is on conveyor belt-------
---------baggage detected by sensor------------- 
Baggage weighs: 22.01 kg
baggage is on conveyor belt-------
---------baggage detected by sensor------------- 
Baggage weighs: 19.27 kg
baggage is on conveyor belt-------
---------baggage detected by sensor------------- 
Baggage weighs: 21.18 kg
baggage is on conveyor belt-------
---------baggage detected by sensor------------- 
Baggage weighs: 17.16 kg
baggage is on conveyor belt-------
---------baggage detected by sensor------------- 
Baggage weighs: 20.04 kg
baggage is on conveyor belt-------
---------baggage detected by sensor------------- 
Baggage weighs: 20.91 kg
baggage is on conveyor belt-------
---------baggage detected by sensor------------- 
Baggage weighs: 20.3 kg
baggage is on conveyor belt-------
---------baggage detected by sensor------------- 
Baggage weighs: 20.38 kg
baggage is on conveyor belt-------
---------baggage detected by sensor------------- 
Baggage weighs: 16.54 kg
baggage is on conveyor belt-------
---------baggage detected by sensor------------- 
Baggage weighs: 18.87 kg
baggage is on conveyor belt-------
---------baggage detected by sensor------------- 
Baggage weighs: 20.22 kg
baggage is on conveyor belt-------
---------baggage detected by sensor------------- 
Baggage weighs: 20.75 kg
baggage is on conveyor belt-------
---------baggage detected by sensor------------- 
Baggage weighs: 17.4 kg
baggage is on conveyor belt-------
---------baggage detected by sensor------------- 
Baggage weighs: 20.27 kg
baggage is on conveyor belt-------
---------baggage detected by sensor------------- 
Baggage weighs: 17.04 kg
baggage is on conveyor belt-------
---------baggage detected by sensor------------- 
Baggage weighs: 19.84 kg
baggage is on conveyor belt-------
---------baggage detected by sensor------------- 
Baggage weighs: 17.34 kg
baggage is on conveyor belt-------
---------baggage detected by sensor------------- 
Baggage weighs: 18.75 kg
baggage is on conveyor belt-------
---------baggage detected by sensor------------- 
Baggage weighs: 19.12 kg
baggage is on conveyor belt-------
---------baggage detected by sensor------------- 
Baggage weighs: 18.29 kg
baggage is on conveyor belt-------
---------baggage detected by sensor------------- 
Baggage weighs: 17.94 kg
baggage is on conveyor belt-------
---------baggage detected by sensor------------- 
Baggage weighs: 19.09 kg
baggage is on conveyor belt-------
---------baggage detected by sensor------------- 
Baggage weighs: 22.39 kg
baggage is on conveyor belt-------
---------baggage detected by sensor------------- 
Baggage weighs: 21.23 kg
baggage is on conveyor belt-------
---------baggage detected by sensor------------- 
Baggage weighs: 17.56 kg
baggage is on conveyor belt-------
---------baggage detected by sensor------------- 
Baggage weighs: 18.37 kg
baggage is on conveyor belt-------
---------baggage detected by sensor------------- 
Baggage weighs: 21.4 kg
baggage is on conveyor belt-------
---------baggage detected by sensor------------- 
Baggage weighs: 20.25 kg
baggage is on conveyor belt-------
---------baggage detected by sensor------------- 
Baggage weighs: 23.0 kg
baggage is on conveyor belt-------
---------baggage detected by sensor------------- 
Baggage weighs: 17.01 kg
baggage is on conveyor belt-------
---------baggage detected by sensor------------- 
Baggage weighs: 17.39 kg
baggage is on conveyor belt-------
---------baggage detected by sensor------------- 
Baggage weighs: 16.7 kg
baggage is on conveyor belt-------
---------baggage detected by sensor------------- 
Baggage weighs: 16.23 kg
baggage is on conveyor belt-------
---------baggage detected by sensor------------- 
Baggage weighs: 19.13 kg
baggage is on conveyor belt-------
---------baggage detected by sensor------------- 
Baggage weighs: 21.07 kg
baggage is on conveyor belt-------
---------baggage detected by sensor------------- 
Baggage weighs: 17.87 kg
baggage is on conveyor belt-------
---------baggage detected by sensor------------- 
Baggage weighs: 19.92 kg
baggage is on conveyor belt-------
---------baggage detected by sensor------------- 
Baggage weighs: 19.22 kg
baggage is on conveyor belt-------
---------baggage detected by sensor------------- 
Baggage weighs: 21.53 kg
baggage is on conveyor belt-------
---------baggage detected by sensor------------- 
Baggage weighs: 20.29 kg
baggage is on conveyor belt-------
---------baggage detected by sensor------------- 
Baggage weighs: 19.32 kg
baggage is on conveyor belt-------
---------baggage detected by sensor------------- 
Baggage weighs: 17.25 kg
baggage is on conveyor belt-------
---------baggage detected by sensor------------- 
Baggage weighs: 21.3 kg
baggage is on conveyor belt-------
---------baggage detected by sensor------------- 
Baggage weighs: 16.79 kg
baggage is on conveyor belt-------
---------baggage detected by sensor------------- 
Baggage weighs: 19.55 kg
baggage is on conveyor belt-------
---------baggage detected by sensor------------- 
Baggage weighs: 18.88 kg
baggage is on conveyor belt-------
---------baggage detected by sensor------------- 
Baggage weighs: 22.33 kg
baggage is on conveyor belt-------
---------baggage detected by sensor------------- 
Baggage weighs: 20.62 kg
baggage is on conveyor belt-------
---------baggage detected by sensor------------- 
Baggage weighs: 19.42 kg
baggage is on conveyor belt-------
---------baggage detected by sensor------------- 
Baggage weighs: 17.54 kg
baggage is on conveyor belt-------
---------baggage detected by sensor------------- 
Baggage weighs: 21.51 kg
baggage is on conveyor belt-------
---------baggage detected by sensor------------- 
Baggage weighs: 19.46 kg
baggage is on conveyor belt-------
---------baggage detected by sensor------------- 
Baggage weighs: 17.83 kg
baggage is on conveyor belt-------
---------baggage detected by sensor------------- 
Baggage weighs: 17.75 kg
baggage is on conveyor belt-------
---------baggage detected by sensor------------- 
Baggage weighs: 17.44 kg
baggage is on conveyor belt-------
---------baggage detected by sensor------------- 
Baggage weighs: 19.53 kg
baggage is on conveyor belt-------
---------baggage detected by sensor------------- 
Baggage weighs: 17.51 kg
baggage is on conveyor belt-------
---------baggage detected by sensor------------- 
Baggage weighs: 18.2 kg
baggage is on conveyor belt-------
---------baggage detected by sensor------------- 
Baggage weighs: 21.55 kg
baggage is on conveyor belt-------
---------baggage detected by sensor------------- 
Baggage weighs: 19.67 kg
baggage is on conveyor belt-------
---------baggage detected by sensor------------- 
Baggage weighs: 19.52 kg
baggage is on conveyor belt-------
---------baggage detected by sensor------------- 
Baggage weighs: 21.06 kg
baggage is on conveyor belt-------
---------baggage detected by sensor------------- 
Baggage weighs: 17.44 kg
baggage is on conveyor belt-------
---------baggage detected by sensor------------- 
Baggage weighs: 19.21 kg
baggage is on conveyor belt-------
---------baggage detected by sensor------------- 
Baggage weighs: 21.65 kg
baggage is on conveyor belt-------
---------baggage detected by sensor------------- 
Baggage weighs: 19.64 kg
baggage is on conveyor belt-------
---------baggage detected by sensor------------- 
Baggage weighs: 21.03 kg
baggage is on conveyor belt-------
---------baggage detected by sensor------------- 
Baggage weighs: 19.76 kg
baggage is on conveyor belt-------
---------baggage detected by sensor------------- 
Baggage weighs: 21.01 kg
baggage is on conveyor belt-------
---------baggage detected by sensor------------- 
Baggage weighs: 19.11 kg
baggage is on conveyor belt-------
---------baggage detected by sensor------------- 
Baggage weighs: 18.54 kg
baggage is on conveyor belt-------
---------baggage detected by sensor------------- 
Baggage weighs: 16.86 kg
baggage is on conveyor belt-------
---------baggage detected by sensor------------- 
Baggage weighs: 16.59 kg
baggage is on conveyor belt-------
---------baggage detected by sensor------------- 
Baggage weighs: 19.26 kg
baggage is on conveyor belt-------
---------baggage detected by sensor------------- 
Baggage weighs: 18.34 kg
baggage is on conveyor belt-------
---------baggage detected by sensor------------- 
Baggage weighs: 19.09 kg
baggage is on conveyor belt-------
---------baggage detected by sensor------------- 
Baggage weighs: 22.38 kg
baggage is on conveyor belt-------
---------baggage detected by sensor------------- 
Baggage weighs: 22.12 kg
baggage is on conveyor belt-------
---------baggage detected by sensor------------- 
Baggage weighs: 16.75 kg
baggage is on conveyor belt-------
---------baggage detected by sensor------------- 
Baggage weighs: 20.36 kg
baggage is on conveyor belt-------
---------baggage detected by sensor------------- 
Baggage weighs: 20.94 kg
baggage is on conveyor belt-------
---------baggage detected by sensor------------- 
Baggage weighs: 19.8 kg
baggage is on conveyor belt-------
---------baggage detected by sensor------------- 
Baggage weighs: 19.12 kg
baggage is on conveyor belt-------
---------baggage detected by sensor------------- 
Baggage weighs: 16.93 kg
baggage is on conveyor belt-------
---------baggage detected by sensor------------- 
Baggage weighs: 20.48 kg
baggage is on conveyor belt-------
---------baggage detected by sensor------------- 
Baggage weighs: 17.63 kg
baggage is on conveyor belt-------
---------baggage detected by sensor------------- 
Baggage weighs: 19.86 kg
baggage is on conveyor belt-------
---------baggage detected by sensor------------- 
Baggage weighs: 19.4 kg
baggage is on conveyor belt-------
---------baggage detected by sensor------------- 
Baggage weighs: 19.0 kg
baggage is on conveyor belt-------
---------baggage detected by sensor------------- 
Baggage weighs: 20.5 kg
baggage is on conveyor belt-------
---------baggage detected by sensor------------- 
Baggage weighs: 21.9 kg
baggage is on conveyor belt-------
---------baggage detected by sensor------------- 
Baggage weighs: 19.82 kg
baggage is on conveyor belt-------
---------baggage detected by sensor------------- 
Baggage weighs: 18.98 kg
baggage is on conveyor belt-------
---------baggage detected by sensor------------- 
Baggage weighs: 19.28 kg
baggage is on conveyor belt-------
---------baggage detected by sensor------------- 
Baggage weighs: 18.06 kg
baggage is on conveyor belt-------
---------baggage detected by sensor------------- 
Baggage weighs: 20.2 kg
baggage is on conveyor belt-------
---------baggage detected by sensor------------- 
Baggage weighs: 19.74 kg
baggage is on conveyor belt-------
---------baggage detected by sensor------------- 
Baggage weighs: 17.44 kg
baggage is on conveyor belt-------
---------baggage detected by sensor------------- 
Baggage weighs: 19.36 kg
baggage is on conveyor belt-------
---------baggage detected by sensor------------- 
Baggage weighs: 20.4 kg
baggage is on conveyor belt-------
---------baggage detected by sensor------------- 
Baggage weighs: 18.92 kg
baggage is on conveyor belt-------
---------baggage detected by sensor------------- 
Baggage weighs: 18.48 kg
baggage is on conveyor belt-------
---------baggage detected by sensor------------- 
Baggage weighs: 17.34 kg
baggage is on conveyor belt-------
---------baggage detected by sensor------------- 
Baggage weighs: 20.57 kg
baggage is on conveyor belt-------
---------baggage detected by sensor------------- 
Baggage weighs: 17.19 kg
baggage is on conveyor belt-------
---------baggage detected by sensor------------- 
Baggage weighs: 18.25 kg
baggage is on conveyor belt-------
---------baggage detected by sensor------------- 
Baggage weighs: 19.29 kg
baggage is on conveyor belt-------
---------baggage detected by sensor------------- 
Baggage weighs: 16.86 kg
baggage is on conveyor belt-------
---------baggage detected by sensor------------- 
Baggage weighs: 19.34 kg
baggage is on conveyor belt-------
---------baggage detected by sensor------------- 
Baggage weighs: 19.32 kg
baggage is on conveyor belt-------
---------baggage detected by sensor------------- 
Baggage weighs: 18.15 kg
baggage is on conveyor belt-------
---------baggage detected by sensor------------- 
Baggage weighs: 18.98 kg
baggage is on conveyor belt-------
---------baggage detected by sensor------------- 
Baggage weighs: 21.84 kg
baggage is on conveyor belt-------
---------baggage detected by sensor------------- 
Baggage weighs: 20.53 kg
baggage is on conveyor belt-------
---------baggage detected by sensor------------- 
Baggage weighs: 20.62 kg
baggage is on conveyor belt-------
---------baggage detected by sensor------------- 
Baggage weighs: 20.7 kg
baggage is on conveyor belt-------
---------baggage detected by sensor------------- 
Baggage weighs: 19.64 kg
Seat with ID: 32G has been reserved for you!

BOARDING PASS FOR DEANDRE BALLARD
-----------------------------------------------------------------------------
LUFTHANSA                      91t0x17r2tepzgy /  Deandre Ballard
Deandre Ballard                                     /  91t0x17r2tepzgy
FRA   LH2121   E  30.Oct                       /  FRA
HKG                                            /  HKG
SEAT ID: 32G                                   /  LH2121 E 30.Oct
SEQ: 158                                      / GATE: A05   22:00
MAX 1  HANDLUGGAGE/ LUGGAGE
-----------------------------------------------------------------------------
sorry Deandre Ballard we have no voucher for you! Have a nice day!

---------------------------------------------------------------------------------------------------------------
scanning passport with passport id: JEDEJO07D
searching for ticket in fast bag drop database..............
Ticket found for Marcelino Hartman and Flight LH2121
----searching flight seat for Marcelino Hartman---------
Found a seat with ID 32H
Below details were found in database
------------------------------------------
Name: Marcelino Hartman
Flight ID: LH2121
Source: FRA
Destination: HKG
Gate No: A05
Boarding time: 22:00
Ticket ID: 5asccw2tstqv9yi
Booking Class: E
------------------------------------------

Proceed with check-in for flight LH2121 ?
Type YES to CHECK-IN or NO to cancel CHECK-IN
Marcelino Hartman is deciding whether to check-in or to go back home and sleep............
YES CHECK-IN
Checking you in...............
baggage is on conveyor belt-------
---------baggage detected by sensor------------- 
Baggage weighs: 21.58 kg
baggage is on conveyor belt-------
---------baggage detected by sensor------------- 
Baggage weighs: 20.43 kg
baggage is on conveyor belt-------
---------baggage detected by sensor------------- 
Baggage weighs: 18.47 kg
baggage is on conveyor belt-------
---------baggage detected by sensor------------- 
Baggage weighs: 17.86 kg
baggage is on conveyor belt-------
---------baggage detected by sensor------------- 
Baggage weighs: 18.65 kg
baggage is on conveyor belt-------
---------baggage detected by sensor------------- 
Baggage weighs: 19.27 kg
baggage is on conveyor belt-------
---------baggage detected by sensor------------- 
Baggage weighs: 17.42 kg
baggage is on conveyor belt-------
---------baggage detected by sensor------------- 
Baggage weighs: 19.16 kg
baggage is on conveyor belt-------
---------baggage detected by sensor------------- 
Baggage weighs: 19.52 kg
baggage is on conveyor belt-------
---------baggage detected by sensor------------- 
Baggage weighs: 17.51 kg
baggage is on conveyor belt-------
---------baggage detected by sensor------------- 
Baggage weighs: 17.38 kg
baggage is on conveyor belt-------
---------baggage detected by sensor------------- 
Baggage weighs: 18.67 kg
baggage is on conveyor belt-------
---------baggage detected by sensor------------- 
Baggage weighs: 16.98 kg
baggage is on conveyor belt-------
---------baggage detected by sensor------------- 
Baggage weighs: 21.26 kg
baggage is on conveyor belt-------
---------baggage detected by sensor------------- 
Baggage weighs: 18.3 kg
baggage is on conveyor belt-------
---------baggage detected by sensor------------- 
Baggage weighs: 16.81 kg
baggage is on conveyor belt-------
---------baggage detected by sensor------------- 
Baggage weighs: 20.91 kg
baggage is on conveyor belt-------
---------baggage detected by sensor------------- 
Baggage weighs: 21.21 kg
baggage is on conveyor belt-------
---------baggage detected by sensor------------- 
Baggage weighs: 19.69 kg
baggage is on conveyor belt-------
---------baggage detected by sensor------------- 
Baggage weighs: 18.67 kg
baggage is on conveyor belt-------
---------baggage detected by sensor------------- 
Baggage weighs: 19.12 kg
baggage is on conveyor belt-------
---------baggage detected by sensor------------- 
Baggage weighs: 16.42 kg
baggage is on conveyor belt-------
---------baggage detected by sensor------------- 
Baggage weighs: 19.17 kg
baggage is on conveyor belt-------
---------baggage detected by sensor------------- 
Baggage weighs: 19.0 kg
baggage is on conveyor belt-------
---------baggage detected by sensor------------- 
Baggage weighs: 18.78 kg
baggage is on conveyor belt-------
---------baggage detected by sensor------------- 
Baggage weighs: 20.31 kg
baggage is on conveyor belt-------
---------baggage detected by sensor------------- 
Baggage weighs: 21.25 kg
baggage is on conveyor belt-------
---------baggage detected by sensor------------- 
Baggage weighs: 18.87 kg
baggage is on conveyor belt-------
---------baggage detected by sensor------------- 
Baggage weighs: 16.25 kg
baggage is on conveyor belt-------
---------baggage detected by sensor------------- 
Baggage weighs: 19.94 kg
baggage is on conveyor belt-------
---------baggage detected by sensor------------- 
Baggage weighs: 16.88 kg
baggage is on conveyor belt-------
---------baggage detected by sensor------------- 
Baggage weighs: 18.24 kg
baggage is on conveyor belt-------
---------baggage detected by sensor------------- 
Baggage weighs: 17.16 kg
baggage is on conveyor belt-------
---------baggage detected by sensor------------- 
Baggage weighs: 19.34 kg
baggage is on conveyor belt-------
---------baggage detected by sensor------------- 
Baggage weighs: 22.41 kg
baggage is on conveyor belt-------
---------baggage detected by sensor------------- 
Baggage weighs: 20.47 kg
baggage is on conveyor belt-------
---------baggage detected by sensor------------- 
Baggage weighs: 18.81 kg
baggage is on conveyor belt-------
---------baggage detected by sensor------------- 
Baggage weighs: 18.56 kg
baggage is on conveyor belt-------
---------baggage detected by sensor------------- 
Baggage weighs: 17.77 kg
baggage is on conveyor belt-------
---------baggage detected by sensor------------- 
Baggage weighs: 19.32 kg
baggage is on conveyor belt-------
---------baggage detected by sensor------------- 
Baggage weighs: 19.21 kg
baggage is on conveyor belt-------
---------baggage detected by sensor------------- 
Baggage weighs: 19.13 kg
baggage is on conveyor belt-------
---------baggage detected by sensor------------- 
Baggage weighs: 20.39 kg
baggage is on conveyor belt-------
---------baggage detected by sensor------------- 
Baggage weighs: 21.03 kg
baggage is on conveyor belt-------
---------baggage detected by sensor------------- 
Baggage weighs: 20.05 kg
baggage is on conveyor belt-------
---------baggage detected by sensor------------- 
Baggage weighs: 21.92 kg
baggage is on conveyor belt-------
---------baggage detected by sensor------------- 
Baggage weighs: 19.37 kg
baggage is on conveyor belt-------
---------baggage detected by sensor------------- 
Baggage weighs: 20.35 kg
baggage is on conveyor belt-------
---------baggage detected by sensor------------- 
Baggage weighs: 18.73 kg
baggage is on conveyor belt-------
---------baggage detected by sensor------------- 
Baggage weighs: 20.33 kg
baggage is on conveyor belt-------
---------baggage detected by sensor------------- 
Baggage weighs: 22.01 kg
baggage is on conveyor belt-------
---------baggage detected by sensor------------- 
Baggage weighs: 19.27 kg
baggage is on conveyor belt-------
---------baggage detected by sensor------------- 
Baggage weighs: 21.18 kg
baggage is on conveyor belt-------
---------baggage detected by sensor------------- 
Baggage weighs: 17.16 kg
baggage is on conveyor belt-------
---------baggage detected by sensor------------- 
Baggage weighs: 20.04 kg
baggage is on conveyor belt-------
---------baggage detected by sensor------------- 
Baggage weighs: 20.91 kg
baggage is on conveyor belt-------
---------baggage detected by sensor------------- 
Baggage weighs: 20.3 kg
baggage is on conveyor belt-------
---------baggage detected by sensor------------- 
Baggage weighs: 20.38 kg
baggage is on conveyor belt-------
---------baggage detected by sensor------------- 
Baggage weighs: 16.54 kg
baggage is on conveyor belt-------
---------baggage detected by sensor------------- 
Baggage weighs: 18.87 kg
baggage is on conveyor belt-------
---------baggage detected by sensor------------- 
Baggage weighs: 20.22 kg
baggage is on conveyor belt-------
---------baggage detected by sensor------------- 
Baggage weighs: 20.75 kg
baggage is on conveyor belt-------
---------baggage detected by sensor------------- 
Baggage weighs: 17.4 kg
baggage is on conveyor belt-------
---------baggage detected by sensor------------- 
Baggage weighs: 20.27 kg
baggage is on conveyor belt-------
---------baggage detected by sensor------------- 
Baggage weighs: 17.04 kg
baggage is on conveyor belt-------
---------baggage detected by sensor------------- 
Baggage weighs: 19.84 kg
baggage is on conveyor belt-------
---------baggage detected by sensor------------- 
Baggage weighs: 17.34 kg
baggage is on conveyor belt-------
---------baggage detected by sensor------------- 
Baggage weighs: 18.75 kg
baggage is on conveyor belt-------
---------baggage detected by sensor------------- 
Baggage weighs: 19.12 kg
baggage is on conveyor belt-------
---------baggage detected by sensor------------- 
Baggage weighs: 18.29 kg
baggage is on conveyor belt-------
---------baggage detected by sensor------------- 
Baggage weighs: 17.94 kg
baggage is on conveyor belt-------
---------baggage detected by sensor------------- 
Baggage weighs: 19.09 kg
baggage is on conveyor belt-------
---------baggage detected by sensor------------- 
Baggage weighs: 22.39 kg
baggage is on conveyor belt-------
---------baggage detected by sensor------------- 
Baggage weighs: 21.23 kg
baggage is on conveyor belt-------
---------baggage detected by sensor------------- 
Baggage weighs: 17.56 kg
baggage is on conveyor belt-------
---------baggage detected by sensor------------- 
Baggage weighs: 18.37 kg
baggage is on conveyor belt-------
---------baggage detected by sensor------------- 
Baggage weighs: 21.4 kg
baggage is on conveyor belt-------
---------baggage detected by sensor------------- 
Baggage weighs: 20.25 kg
baggage is on conveyor belt-------
---------baggage detected by sensor------------- 
Baggage weighs: 23.0 kg
baggage is on conveyor belt-------
---------baggage detected by sensor------------- 
Baggage weighs: 17.01 kg
baggage is on conveyor belt-------
---------baggage detected by sensor------------- 
Baggage weighs: 17.39 kg
baggage is on conveyor belt-------
---------baggage detected by sensor------------- 
Baggage weighs: 16.7 kg
baggage is on conveyor belt-------
---------baggage detected by sensor------------- 
Baggage weighs: 16.23 kg
baggage is on conveyor belt-------
---------baggage detected by sensor------------- 
Baggage weighs: 19.13 kg
baggage is on conveyor belt-------
---------baggage detected by sensor------------- 
Baggage weighs: 21.07 kg
baggage is on conveyor belt-------
---------baggage detected by sensor------------- 
Baggage weighs: 17.87 kg
baggage is on conveyor belt-------
---------baggage detected by sensor------------- 
Baggage weighs: 19.92 kg
baggage is on conveyor belt-------
---------baggage detected by sensor------------- 
Baggage weighs: 19.22 kg
baggage is on conveyor belt-------
---------baggage detected by sensor------------- 
Baggage weighs: 21.53 kg
baggage is on conveyor belt-------
---------baggage detected by sensor------------- 
Baggage weighs: 20.29 kg
baggage is on conveyor belt-------
---------baggage detected by sensor------------- 
Baggage weighs: 19.32 kg
baggage is on conveyor belt-------
---------baggage detected by sensor------------- 
Baggage weighs: 17.25 kg
baggage is on conveyor belt-------
---------baggage detected by sensor------------- 
Baggage weighs: 21.3 kg
baggage is on conveyor belt-------
---------baggage detected by sensor------------- 
Baggage weighs: 16.79 kg
baggage is on conveyor belt-------
---------baggage detected by sensor------------- 
Baggage weighs: 19.55 kg
baggage is on conveyor belt-------
---------baggage detected by sensor------------- 
Baggage weighs: 18.88 kg
baggage is on conveyor belt-------
---------baggage detected by sensor------------- 
Baggage weighs: 22.33 kg
baggage is on conveyor belt-------
---------baggage detected by sensor------------- 
Baggage weighs: 20.62 kg
baggage is on conveyor belt-------
---------baggage detected by sensor------------- 
Baggage weighs: 19.42 kg
baggage is on conveyor belt-------
---------baggage detected by sensor------------- 
Baggage weighs: 17.54 kg
baggage is on conveyor belt-------
---------baggage detected by sensor------------- 
Baggage weighs: 21.51 kg
baggage is on conveyor belt-------
---------baggage detected by sensor------------- 
Baggage weighs: 19.46 kg
baggage is on conveyor belt-------
---------baggage detected by sensor------------- 
Baggage weighs: 17.83 kg
baggage is on conveyor belt-------
---------baggage detected by sensor------------- 
Baggage weighs: 17.75 kg
baggage is on conveyor belt-------
---------baggage detected by sensor------------- 
Baggage weighs: 17.44 kg
baggage is on conveyor belt-------
---------baggage detected by sensor------------- 
Baggage weighs: 19.53 kg
baggage is on conveyor belt-------
---------baggage detected by sensor------------- 
Baggage weighs: 17.51 kg
baggage is on conveyor belt-------
---------baggage detected by sensor------------- 
Baggage weighs: 18.2 kg
baggage is on conveyor belt-------
---------baggage detected by sensor------------- 
Baggage weighs: 21.55 kg
baggage is on conveyor belt-------
---------baggage detected by sensor------------- 
Baggage weighs: 19.67 kg
baggage is on conveyor belt-------
---------baggage detected by sensor------------- 
Baggage weighs: 19.52 kg
baggage is on conveyor belt-------
---------baggage detected by sensor------------- 
Baggage weighs: 21.06 kg
baggage is on conveyor belt-------
---------baggage detected by sensor------------- 
Baggage weighs: 17.44 kg
baggage is on conveyor belt-------
---------baggage detected by sensor------------- 
Baggage weighs: 19.21 kg
baggage is on conveyor belt-------
---------baggage detected by sensor------------- 
Baggage weighs: 21.65 kg
baggage is on conveyor belt-------
---------baggage detected by sensor------------- 
Baggage weighs: 19.64 kg
baggage is on conveyor belt-------
---------baggage detected by sensor------------- 
Baggage weighs: 21.03 kg
baggage is on conveyor belt-------
---------baggage detected by sensor------------- 
Baggage weighs: 19.76 kg
baggage is on conveyor belt-------
---------baggage detected by sensor------------- 
Baggage weighs: 21.01 kg
baggage is on conveyor belt-------
---------baggage detected by sensor------------- 
Baggage weighs: 19.11 kg
baggage is on conveyor belt-------
---------baggage detected by sensor------------- 
Baggage weighs: 18.54 kg
baggage is on conveyor belt-------
---------baggage detected by sensor------------- 
Baggage weighs: 16.86 kg
baggage is on conveyor belt-------
---------baggage detected by sensor------------- 
Baggage weighs: 16.59 kg
baggage is on conveyor belt-------
---------baggage detected by sensor------------- 
Baggage weighs: 19.26 kg
baggage is on conveyor belt-------
---------baggage detected by sensor------------- 
Baggage weighs: 18.34 kg
baggage is on conveyor belt-------
---------baggage detected by sensor------------- 
Baggage weighs: 19.09 kg
baggage is on conveyor belt-------
---------baggage detected by sensor------------- 
Baggage weighs: 22.38 kg
baggage is on conveyor belt-------
---------baggage detected by sensor------------- 
Baggage weighs: 22.12 kg
baggage is on conveyor belt-------
---------baggage detected by sensor------------- 
Baggage weighs: 16.75 kg
baggage is on conveyor belt-------
---------baggage detected by sensor------------- 
Baggage weighs: 20.36 kg
baggage is on conveyor belt-------
---------baggage detected by sensor------------- 
Baggage weighs: 20.94 kg
baggage is on conveyor belt-------
---------baggage detected by sensor------------- 
Baggage weighs: 19.8 kg
baggage is on conveyor belt-------
---------baggage detected by sensor------------- 
Baggage weighs: 19.12 kg
baggage is on conveyor belt-------
---------baggage detected by sensor------------- 
Baggage weighs: 16.93 kg
baggage is on conveyor belt-------
---------baggage detected by sensor------------- 
Baggage weighs: 20.48 kg
baggage is on conveyor belt-------
---------baggage detected by sensor------------- 
Baggage weighs: 17.63 kg
baggage is on conveyor belt-------
---------baggage detected by sensor------------- 
Baggage weighs: 19.86 kg
baggage is on conveyor belt-------
---------baggage detected by sensor------------- 
Baggage weighs: 19.4 kg
baggage is on conveyor belt-------
---------baggage detected by sensor------------- 
Baggage weighs: 19.0 kg
baggage is on conveyor belt-------
---------baggage detected by sensor------------- 
Baggage weighs: 20.5 kg
baggage is on conveyor belt-------
---------baggage detected by sensor------------- 
Baggage weighs: 21.9 kg
baggage is on conveyor belt-------
---------baggage detected by sensor------------- 
Baggage weighs: 19.82 kg
baggage is on conveyor belt-------
---------baggage detected by sensor------------- 
Baggage weighs: 18.98 kg
baggage is on conveyor belt-------
---------baggage detected by sensor------------- 
Baggage weighs: 19.28 kg
baggage is on conveyor belt-------
---------baggage detected by sensor------------- 
Baggage weighs: 18.06 kg
baggage is on conveyor belt-------
---------baggage detected by sensor------------- 
Baggage weighs: 20.2 kg
baggage is on conveyor belt-------
---------baggage detected by sensor------------- 
Baggage weighs: 19.74 kg
baggage is on conveyor belt-------
---------baggage detected by sensor------------- 
Baggage weighs: 17.44 kg
baggage is on conveyor belt-------
---------baggage detected by sensor------------- 
Baggage weighs: 19.36 kg
baggage is on conveyor belt-------
---------baggage detected by sensor------------- 
Baggage weighs: 20.4 kg
baggage is on conveyor belt-------
---------baggage detected by sensor------------- 
Baggage weighs: 18.92 kg
baggage is on conveyor belt-------
---------baggage detected by sensor------------- 
Baggage weighs: 18.48 kg
baggage is on conveyor belt-------
---------baggage detected by sensor------------- 
Baggage weighs: 17.34 kg
baggage is on conveyor belt-------
---------baggage detected by sensor------------- 
Baggage weighs: 20.57 kg
baggage is on conveyor belt-------
---------baggage detected by sensor------------- 
Baggage weighs: 17.19 kg
baggage is on conveyor belt-------
---------baggage detected by sensor------------- 
Baggage weighs: 18.25 kg
baggage is on conveyor belt-------
---------baggage detected by sensor------------- 
Baggage weighs: 19.29 kg
baggage is on conveyor belt-------
---------baggage detected by sensor------------- 
Baggage weighs: 16.86 kg
baggage is on conveyor belt-------
---------baggage detected by sensor------------- 
Baggage weighs: 19.34 kg
baggage is on conveyor belt-------
---------baggage detected by sensor------------- 
Baggage weighs: 19.32 kg
baggage is on conveyor belt-------
---------baggage detected by sensor------------- 
Baggage weighs: 18.15 kg
baggage is on conveyor belt-------
---------baggage detected by sensor------------- 
Baggage weighs: 18.98 kg
baggage is on conveyor belt-------
---------baggage detected by sensor------------- 
Baggage weighs: 21.84 kg
baggage is on conveyor belt-------
---------baggage detected by sensor------------- 
Baggage weighs: 20.53 kg
baggage is on conveyor belt-------
---------baggage detected by sensor------------- 
Baggage weighs: 20.62 kg
baggage is on conveyor belt-------
---------baggage detected by sensor------------- 
Baggage weighs: 20.7 kg
baggage is on conveyor belt-------
---------baggage detected by sensor------------- 
Baggage weighs: 19.64 kg
baggage is on conveyor belt-------
---------baggage detected by sensor------------- 
Baggage weighs: 16.11 kg
Seat with ID: 32H has been reserved for you!

BOARDING PASS FOR MARCELINO HARTMAN
-----------------------------------------------------------------------------
LUFTHANSA                      5asccw2tstqv9yi /  Marcelino Hartman
Marcelino Hartman                                     /  5asccw2tstqv9yi
FRA   LH2121   E  30.Oct                       /  FRA
HKG                                            /  HKG
SEAT ID: 32H                                   /  LH2121 E 30.Oct
SEQ: 159                                      / GATE: A05   22:00
MAX 1  HANDLUGGAGE/ LUGGAGE
-----------------------------------------------------------------------------
sorry Marcelino Hartman we have no voucher for you! Have a nice day!

---------------------------------------------------------------------------------------------------------------
scanning passport with passport id: MHZRQ5O5V
searching for ticket in fast bag drop database..............
Ticket found for Lance Riddle and Flight LH2121
----searching flight seat for Lance Riddle---------
Found a seat with ID 32J
Below details were found in database
------------------------------------------
Name: Lance Riddle
Flight ID: LH2121
Source: FRA
Destination: HKG
Gate No: A05
Boarding time: 22:00
Ticket ID: 1knvh4qf04dp3k7
Booking Class: E
------------------------------------------

Proceed with check-in for flight LH2121 ?
Type YES to CHECK-IN or NO to cancel CHECK-IN
Lance Riddle is deciding whether to check-in or to go back home and sleep............
YES CHECK-IN
Checking you in...............
baggage is on conveyor belt-------
---------baggage detected by sensor------------- 
Baggage weighs: 21.58 kg
baggage is on conveyor belt-------
---------baggage detected by sensor------------- 
Baggage weighs: 20.43 kg
baggage is on conveyor belt-------
---------baggage detected by sensor------------- 
Baggage weighs: 18.47 kg
baggage is on conveyor belt-------
---------baggage detected by sensor------------- 
Baggage weighs: 17.86 kg
baggage is on conveyor belt-------
---------baggage detected by sensor------------- 
Baggage weighs: 18.65 kg
baggage is on conveyor belt-------
---------baggage detected by sensor------------- 
Baggage weighs: 19.27 kg
baggage is on conveyor belt-------
---------baggage detected by sensor------------- 
Baggage weighs: 17.42 kg
baggage is on conveyor belt-------
---------baggage detected by sensor------------- 
Baggage weighs: 19.16 kg
baggage is on conveyor belt-------
---------baggage detected by sensor------------- 
Baggage weighs: 19.52 kg
baggage is on conveyor belt-------
---------baggage detected by sensor------------- 
Baggage weighs: 17.51 kg
baggage is on conveyor belt-------
---------baggage detected by sensor------------- 
Baggage weighs: 17.38 kg
baggage is on conveyor belt-------
---------baggage detected by sensor------------- 
Baggage weighs: 18.67 kg
baggage is on conveyor belt-------
---------baggage detected by sensor------------- 
Baggage weighs: 16.98 kg
baggage is on conveyor belt-------
---------baggage detected by sensor------------- 
Baggage weighs: 21.26 kg
baggage is on conveyor belt-------
---------baggage detected by sensor------------- 
Baggage weighs: 18.3 kg
baggage is on conveyor belt-------
---------baggage detected by sensor------------- 
Baggage weighs: 16.81 kg
baggage is on conveyor belt-------
---------baggage detected by sensor------------- 
Baggage weighs: 20.91 kg
baggage is on conveyor belt-------
---------baggage detected by sensor------------- 
Baggage weighs: 21.21 kg
baggage is on conveyor belt-------
---------baggage detected by sensor------------- 
Baggage weighs: 19.69 kg
baggage is on conveyor belt-------
---------baggage detected by sensor------------- 
Baggage weighs: 18.67 kg
baggage is on conveyor belt-------
---------baggage detected by sensor------------- 
Baggage weighs: 19.12 kg
baggage is on conveyor belt-------
---------baggage detected by sensor------------- 
Baggage weighs: 16.42 kg
baggage is on conveyor belt-------
---------baggage detected by sensor------------- 
Baggage weighs: 19.17 kg
baggage is on conveyor belt-------
---------baggage detected by sensor------------- 
Baggage weighs: 19.0 kg
baggage is on conveyor belt-------
---------baggage detected by sensor------------- 
Baggage weighs: 18.78 kg
baggage is on conveyor belt-------
---------baggage detected by sensor------------- 
Baggage weighs: 20.31 kg
baggage is on conveyor belt-------
---------baggage detected by sensor------------- 
Baggage weighs: 21.25 kg
baggage is on conveyor belt-------
---------baggage detected by sensor------------- 
Baggage weighs: 18.87 kg
baggage is on conveyor belt-------
---------baggage detected by sensor------------- 
Baggage weighs: 16.25 kg
baggage is on conveyor belt-------
---------baggage detected by sensor------------- 
Baggage weighs: 19.94 kg
baggage is on conveyor belt-------
---------baggage detected by sensor------------- 
Baggage weighs: 16.88 kg
baggage is on conveyor belt-------
---------baggage detected by sensor------------- 
Baggage weighs: 18.24 kg
baggage is on conveyor belt-------
---------baggage detected by sensor------------- 
Baggage weighs: 17.16 kg
baggage is on conveyor belt-------
---------baggage detected by sensor------------- 
Baggage weighs: 19.34 kg
baggage is on conveyor belt-------
---------baggage detected by sensor------------- 
Baggage weighs: 22.41 kg
baggage is on conveyor belt-------
---------baggage detected by sensor------------- 
Baggage weighs: 20.47 kg
baggage is on conveyor belt-------
---------baggage detected by sensor------------- 
Baggage weighs: 18.81 kg
baggage is on conveyor belt-------
---------baggage detected by sensor------------- 
Baggage weighs: 18.56 kg
baggage is on conveyor belt-------
---------baggage detected by sensor------------- 
Baggage weighs: 17.77 kg
baggage is on conveyor belt-------
---------baggage detected by sensor------------- 
Baggage weighs: 19.32 kg
baggage is on conveyor belt-------
---------baggage detected by sensor------------- 
Baggage weighs: 19.21 kg
baggage is on conveyor belt-------
---------baggage detected by sensor------------- 
Baggage weighs: 19.13 kg
baggage is on conveyor belt-------
---------baggage detected by sensor------------- 
Baggage weighs: 20.39 kg
baggage is on conveyor belt-------
---------baggage detected by sensor------------- 
Baggage weighs: 21.03 kg
baggage is on conveyor belt-------
---------baggage detected by sensor------------- 
Baggage weighs: 20.05 kg
baggage is on conveyor belt-------
---------baggage detected by sensor------------- 
Baggage weighs: 21.92 kg
baggage is on conveyor belt-------
---------baggage detected by sensor------------- 
Baggage weighs: 19.37 kg
baggage is on conveyor belt-------
---------baggage detected by sensor------------- 
Baggage weighs: 20.35 kg
baggage is on conveyor belt-------
---------baggage detected by sensor------------- 
Baggage weighs: 18.73 kg
baggage is on conveyor belt-------
---------baggage detected by sensor------------- 
Baggage weighs: 20.33 kg
baggage is on conveyor belt-------
---------baggage detected by sensor------------- 
Baggage weighs: 22.01 kg
baggage is on conveyor belt-------
---------baggage detected by sensor------------- 
Baggage weighs: 19.27 kg
baggage is on conveyor belt-------
---------baggage detected by sensor------------- 
Baggage weighs: 21.18 kg
baggage is on conveyor belt-------
---------baggage detected by sensor------------- 
Baggage weighs: 17.16 kg
baggage is on conveyor belt-------
---------baggage detected by sensor------------- 
Baggage weighs: 20.04 kg
baggage is on conveyor belt-------
---------baggage detected by sensor------------- 
Baggage weighs: 20.91 kg
baggage is on conveyor belt-------
---------baggage detected by sensor------------- 
Baggage weighs: 20.3 kg
baggage is on conveyor belt-------
---------baggage detected by sensor------------- 
Baggage weighs: 20.38 kg
baggage is on conveyor belt-------
---------baggage detected by sensor------------- 
Baggage weighs: 16.54 kg
baggage is on conveyor belt-------
---------baggage detected by sensor------------- 
Baggage weighs: 18.87 kg
baggage is on conveyor belt-------
---------baggage detected by sensor------------- 
Baggage weighs: 20.22 kg
baggage is on conveyor belt-------
---------baggage detected by sensor------------- 
Baggage weighs: 20.75 kg
baggage is on conveyor belt-------
---------baggage detected by sensor------------- 
Baggage weighs: 17.4 kg
baggage is on conveyor belt-------
---------baggage detected by sensor------------- 
Baggage weighs: 20.27 kg
baggage is on conveyor belt-------
---------baggage detected by sensor------------- 
Baggage weighs: 17.04 kg
baggage is on conveyor belt-------
---------baggage detected by sensor------------- 
Baggage weighs: 19.84 kg
baggage is on conveyor belt-------
---------baggage detected by sensor------------- 
Baggage weighs: 17.34 kg
baggage is on conveyor belt-------
---------baggage detected by sensor------------- 
Baggage weighs: 18.75 kg
baggage is on conveyor belt-------
---------baggage detected by sensor------------- 
Baggage weighs: 19.12 kg
baggage is on conveyor belt-------
---------baggage detected by sensor------------- 
Baggage weighs: 18.29 kg
baggage is on conveyor belt-------
---------baggage detected by sensor------------- 
Baggage weighs: 17.94 kg
baggage is on conveyor belt-------
---------baggage detected by sensor------------- 
Baggage weighs: 19.09 kg
baggage is on conveyor belt-------
---------baggage detected by sensor------------- 
Baggage weighs: 22.39 kg
baggage is on conveyor belt-------
---------baggage detected by sensor------------- 
Baggage weighs: 21.23 kg
baggage is on conveyor belt-------
---------baggage detected by sensor------------- 
Baggage weighs: 17.56 kg
baggage is on conveyor belt-------
---------baggage detected by sensor------------- 
Baggage weighs: 18.37 kg
baggage is on conveyor belt-------
---------baggage detected by sensor------------- 
Baggage weighs: 21.4 kg
baggage is on conveyor belt-------
---------baggage detected by sensor------------- 
Baggage weighs: 20.25 kg
baggage is on conveyor belt-------
---------baggage detected by sensor------------- 
Baggage weighs: 23.0 kg
baggage is on conveyor belt-------
---------baggage detected by sensor------------- 
Baggage weighs: 17.01 kg
baggage is on conveyor belt-------
---------baggage detected by sensor------------- 
Baggage weighs: 17.39 kg
baggage is on conveyor belt-------
---------baggage detected by sensor------------- 
Baggage weighs: 16.7 kg
baggage is on conveyor belt-------
---------baggage detected by sensor------------- 
Baggage weighs: 16.23 kg
baggage is on conveyor belt-------
---------baggage detected by sensor------------- 
Baggage weighs: 19.13 kg
baggage is on conveyor belt-------
---------baggage detected by sensor------------- 
Baggage weighs: 21.07 kg
baggage is on conveyor belt-------
---------baggage detected by sensor------------- 
Baggage weighs: 17.87 kg
baggage is on conveyor belt-------
---------baggage detected by sensor------------- 
Baggage weighs: 19.92 kg
baggage is on conveyor belt-------
---------baggage detected by sensor------------- 
Baggage weighs: 19.22 kg
baggage is on conveyor belt-------
---------baggage detected by sensor------------- 
Baggage weighs: 21.53 kg
baggage is on conveyor belt-------
---------baggage detected by sensor------------- 
Baggage weighs: 20.29 kg
baggage is on conveyor belt-------
---------baggage detected by sensor------------- 
Baggage weighs: 19.32 kg
baggage is on conveyor belt-------
---------baggage detected by sensor------------- 
Baggage weighs: 17.25 kg
baggage is on conveyor belt-------
---------baggage detected by sensor------------- 
Baggage weighs: 21.3 kg
baggage is on conveyor belt-------
---------baggage detected by sensor------------- 
Baggage weighs: 16.79 kg
baggage is on conveyor belt-------
---------baggage detected by sensor------------- 
Baggage weighs: 19.55 kg
baggage is on conveyor belt-------
---------baggage detected by sensor------------- 
Baggage weighs: 18.88 kg
baggage is on conveyor belt-------
---------baggage detected by sensor------------- 
Baggage weighs: 22.33 kg
baggage is on conveyor belt-------
---------baggage detected by sensor------------- 
Baggage weighs: 20.62 kg
baggage is on conveyor belt-------
---------baggage detected by sensor------------- 
Baggage weighs: 19.42 kg
baggage is on conveyor belt-------
---------baggage detected by sensor------------- 
Baggage weighs: 17.54 kg
baggage is on conveyor belt-------
---------baggage detected by sensor------------- 
Baggage weighs: 21.51 kg
baggage is on conveyor belt-------
---------baggage detected by sensor------------- 
Baggage weighs: 19.46 kg
baggage is on conveyor belt-------
---------baggage detected by sensor------------- 
Baggage weighs: 17.83 kg
baggage is on conveyor belt-------
---------baggage detected by sensor------------- 
Baggage weighs: 17.75 kg
baggage is on conveyor belt-------
---------baggage detected by sensor------------- 
Baggage weighs: 17.44 kg
baggage is on conveyor belt-------
---------baggage detected by sensor------------- 
Baggage weighs: 19.53 kg
baggage is on conveyor belt-------
---------baggage detected by sensor------------- 
Baggage weighs: 17.51 kg
baggage is on conveyor belt-------
---------baggage detected by sensor------------- 
Baggage weighs: 18.2 kg
baggage is on conveyor belt-------
---------baggage detected by sensor------------- 
Baggage weighs: 21.55 kg
baggage is on conveyor belt-------
---------baggage detected by sensor------------- 
Baggage weighs: 19.67 kg
baggage is on conveyor belt-------
---------baggage detected by sensor------------- 
Baggage weighs: 19.52 kg
baggage is on conveyor belt-------
---------baggage detected by sensor------------- 
Baggage weighs: 21.06 kg
baggage is on conveyor belt-------
---------baggage detected by sensor------------- 
Baggage weighs: 17.44 kg
baggage is on conveyor belt-------
---------baggage detected by sensor------------- 
Baggage weighs: 19.21 kg
baggage is on conveyor belt-------
---------baggage detected by sensor------------- 
Baggage weighs: 21.65 kg
baggage is on conveyor belt-------
---------baggage detected by sensor------------- 
Baggage weighs: 19.64 kg
baggage is on conveyor belt-------
---------baggage detected by sensor------------- 
Baggage weighs: 21.03 kg
baggage is on conveyor belt-------
---------baggage detected by sensor------------- 
Baggage weighs: 19.76 kg
baggage is on conveyor belt-------
---------baggage detected by sensor------------- 
Baggage weighs: 21.01 kg
baggage is on conveyor belt-------
---------baggage detected by sensor------------- 
Baggage weighs: 19.11 kg
baggage is on conveyor belt-------
---------baggage detected by sensor------------- 
Baggage weighs: 18.54 kg
baggage is on conveyor belt-------
---------baggage detected by sensor------------- 
Baggage weighs: 16.86 kg
baggage is on conveyor belt-------
---------baggage detected by sensor------------- 
Baggage weighs: 16.59 kg
baggage is on conveyor belt-------
---------baggage detected by sensor------------- 
Baggage weighs: 19.26 kg
baggage is on conveyor belt-------
---------baggage detected by sensor------------- 
Baggage weighs: 18.34 kg
baggage is on conveyor belt-------
---------baggage detected by sensor------------- 
Baggage weighs: 19.09 kg
baggage is on conveyor belt-------
---------baggage detected by sensor------------- 
Baggage weighs: 22.38 kg
baggage is on conveyor belt-------
---------baggage detected by sensor------------- 
Baggage weighs: 22.12 kg
baggage is on conveyor belt-------
---------baggage detected by sensor------------- 
Baggage weighs: 16.75 kg
baggage is on conveyor belt-------
---------baggage detected by sensor------------- 
Baggage weighs: 20.36 kg
baggage is on conveyor belt-------
---------baggage detected by sensor------------- 
Baggage weighs: 20.94 kg
baggage is on conveyor belt-------
---------baggage detected by sensor------------- 
Baggage weighs: 19.8 kg
baggage is on conveyor belt-------
---------baggage detected by sensor------------- 
Baggage weighs: 19.12 kg
baggage is on conveyor belt-------
---------baggage detected by sensor------------- 
Baggage weighs: 16.93 kg
baggage is on conveyor belt-------
---------baggage detected by sensor------------- 
Baggage weighs: 20.48 kg
baggage is on conveyor belt-------
---------baggage detected by sensor------------- 
Baggage weighs: 17.63 kg
baggage is on conveyor belt-------
---------baggage detected by sensor------------- 
Baggage weighs: 19.86 kg
baggage is on conveyor belt-------
---------baggage detected by sensor------------- 
Baggage weighs: 19.4 kg
baggage is on conveyor belt-------
---------baggage detected by sensor------------- 
Baggage weighs: 19.0 kg
baggage is on conveyor belt-------
---------baggage detected by sensor------------- 
Baggage weighs: 20.5 kg
baggage is on conveyor belt-------
---------baggage detected by sensor------------- 
Baggage weighs: 21.9 kg
baggage is on conveyor belt-------
---------baggage detected by sensor------------- 
Baggage weighs: 19.82 kg
baggage is on conveyor belt-------
---------baggage detected by sensor------------- 
Baggage weighs: 18.98 kg
baggage is on conveyor belt-------
---------baggage detected by sensor------------- 
Baggage weighs: 19.28 kg
baggage is on conveyor belt-------
---------baggage detected by sensor------------- 
Baggage weighs: 18.06 kg
baggage is on conveyor belt-------
---------baggage detected by sensor------------- 
Baggage weighs: 20.2 kg
baggage is on conveyor belt-------
---------baggage detected by sensor------------- 
Baggage weighs: 19.74 kg
baggage is on conveyor belt-------
---------baggage detected by sensor------------- 
Baggage weighs: 17.44 kg
baggage is on conveyor belt-------
---------baggage detected by sensor------------- 
Baggage weighs: 19.36 kg
baggage is on conveyor belt-------
---------baggage detected by sensor------------- 
Baggage weighs: 20.4 kg
baggage is on conveyor belt-------
---------baggage detected by sensor------------- 
Baggage weighs: 18.92 kg
baggage is on conveyor belt-------
---------baggage detected by sensor------------- 
Baggage weighs: 18.48 kg
baggage is on conveyor belt-------
---------baggage detected by sensor------------- 
Baggage weighs: 17.34 kg
baggage is on conveyor belt-------
---------baggage detected by sensor------------- 
Baggage weighs: 20.57 kg
baggage is on conveyor belt-------
---------baggage detected by sensor------------- 
Baggage weighs: 17.19 kg
baggage is on conveyor belt-------
---------baggage detected by sensor------------- 
Baggage weighs: 18.25 kg
baggage is on conveyor belt-------
---------baggage detected by sensor------------- 
Baggage weighs: 19.29 kg
baggage is on conveyor belt-------
---------baggage detected by sensor------------- 
Baggage weighs: 16.86 kg
baggage is on conveyor belt-------
---------baggage detected by sensor------------- 
Baggage weighs: 19.34 kg
baggage is on conveyor belt-------
---------baggage detected by sensor------------- 
Baggage weighs: 19.32 kg
baggage is on conveyor belt-------
---------baggage detected by sensor------------- 
Baggage weighs: 18.15 kg
baggage is on conveyor belt-------
---------baggage detected by sensor------------- 
Baggage weighs: 18.98 kg
baggage is on conveyor belt-------
---------baggage detected by sensor------------- 
Baggage weighs: 21.84 kg
baggage is on conveyor belt-------
---------baggage detected by sensor------------- 
Baggage weighs: 20.53 kg
baggage is on conveyor belt-------
---------baggage detected by sensor------------- 
Baggage weighs: 20.62 kg
baggage is on conveyor belt-------
---------baggage detected by sensor------------- 
Baggage weighs: 20.7 kg
baggage is on conveyor belt-------
---------baggage detected by sensor------------- 
Baggage weighs: 19.64 kg
baggage is on conveyor belt-------
---------baggage detected by sensor------------- 
Baggage weighs: 16.11 kg
baggage is on conveyor belt-------
---------baggage detected by sensor------------- 
Baggage weighs: 22.24 kg
Seat with ID: 32J has been reserved for you!

BOARDING PASS FOR LANCE RIDDLE
-----------------------------------------------------------------------------
LUFTHANSA                      1knvh4qf04dp3k7 /  Lance Riddle
Lance Riddle                                     /  1knvh4qf04dp3k7
FRA   LH2121   E  30.Oct                       /  FRA
HKG                                            /  HKG
SEAT ID: 32J                                   /  LH2121 E 30.Oct
SEQ: 160                                      / GATE: A05   22:00
MAX 1  HANDLUGGAGE/ LUGGAGE
-----------------------------------------------------------------------------
sorry Lance Riddle we have no voucher for you! Have a nice day!

---------------------------------------------------------------------------------------------------------------
scanning passport with passport id: XXWUPR5KL
searching for ticket in fast bag drop database..............
Ticket found for Dollie Obrien and Flight LH2121
----searching flight seat for Dollie Obrien---------
Found a seat with ID 32K
Below details were found in database
------------------------------------------
Name: Dollie Obrien
Flight ID: LH2121
Source: FRA
Destination: HKG
Gate No: A05
Boarding time: 22:00
Ticket ID: 227igsp8wdwj3of
Booking Class: E
------------------------------------------

Proceed with check-in for flight LH2121 ?
Type YES to CHECK-IN or NO to cancel CHECK-IN
Dollie Obrien is deciding whether to check-in or to go back home and sleep............
YES CHECK-IN
Checking you in...............
baggage is on conveyor belt-------
---------baggage detected by sensor------------- 
Baggage weighs: 21.58 kg
baggage is on conveyor belt-------
---------baggage detected by sensor------------- 
Baggage weighs: 20.43 kg
baggage is on conveyor belt-------
---------baggage detected by sensor------------- 
Baggage weighs: 18.47 kg
baggage is on conveyor belt-------
---------baggage detected by sensor------------- 
Baggage weighs: 17.86 kg
baggage is on conveyor belt-------
---------baggage detected by sensor------------- 
Baggage weighs: 18.65 kg
baggage is on conveyor belt-------
---------baggage detected by sensor------------- 
Baggage weighs: 19.27 kg
baggage is on conveyor belt-------
---------baggage detected by sensor------------- 
Baggage weighs: 17.42 kg
baggage is on conveyor belt-------
---------baggage detected by sensor------------- 
Baggage weighs: 19.16 kg
baggage is on conveyor belt-------
---------baggage detected by sensor------------- 
Baggage weighs: 19.52 kg
baggage is on conveyor belt-------
---------baggage detected by sensor------------- 
Baggage weighs: 17.51 kg
baggage is on conveyor belt-------
---------baggage detected by sensor------------- 
Baggage weighs: 17.38 kg
baggage is on conveyor belt-------
---------baggage detected by sensor------------- 
Baggage weighs: 18.67 kg
baggage is on conveyor belt-------
---------baggage detected by sensor------------- 
Baggage weighs: 16.98 kg
baggage is on conveyor belt-------
---------baggage detected by sensor------------- 
Baggage weighs: 21.26 kg
baggage is on conveyor belt-------
---------baggage detected by sensor------------- 
Baggage weighs: 18.3 kg
baggage is on conveyor belt-------
---------baggage detected by sensor------------- 
Baggage weighs: 16.81 kg
baggage is on conveyor belt-------
---------baggage detected by sensor------------- 
Baggage weighs: 20.91 kg
baggage is on conveyor belt-------
---------baggage detected by sensor------------- 
Baggage weighs: 21.21 kg
baggage is on conveyor belt-------
---------baggage detected by sensor------------- 
Baggage weighs: 19.69 kg
baggage is on conveyor belt-------
---------baggage detected by sensor------------- 
Baggage weighs: 18.67 kg
baggage is on conveyor belt-------
---------baggage detected by sensor------------- 
Baggage weighs: 19.12 kg
baggage is on conveyor belt-------
---------baggage detected by sensor------------- 
Baggage weighs: 16.42 kg
baggage is on conveyor belt-------
---------baggage detected by sensor------------- 
Baggage weighs: 19.17 kg
baggage is on conveyor belt-------
---------baggage detected by sensor------------- 
Baggage weighs: 19.0 kg
baggage is on conveyor belt-------
---------baggage detected by sensor------------- 
Baggage weighs: 18.78 kg
baggage is on conveyor belt-------
---------baggage detected by sensor------------- 
Baggage weighs: 20.31 kg
baggage is on conveyor belt-------
---------baggage detected by sensor------------- 
Baggage weighs: 21.25 kg
baggage is on conveyor belt-------
---------baggage detected by sensor------------- 
Baggage weighs: 18.87 kg
baggage is on conveyor belt-------
---------baggage detected by sensor------------- 
Baggage weighs: 16.25 kg
baggage is on conveyor belt-------
---------baggage detected by sensor------------- 
Baggage weighs: 19.94 kg
baggage is on conveyor belt-------
---------baggage detected by sensor------------- 
Baggage weighs: 16.88 kg
baggage is on conveyor belt-------
---------baggage detected by sensor------------- 
Baggage weighs: 18.24 kg
baggage is on conveyor belt-------
---------baggage detected by sensor------------- 
Baggage weighs: 17.16 kg
baggage is on conveyor belt-------
---------baggage detected by sensor------------- 
Baggage weighs: 19.34 kg
baggage is on conveyor belt-------
---------baggage detected by sensor------------- 
Baggage weighs: 22.41 kg
baggage is on conveyor belt-------
---------baggage detected by sensor------------- 
Baggage weighs: 20.47 kg
baggage is on conveyor belt-------
---------baggage detected by sensor------------- 
Baggage weighs: 18.81 kg
baggage is on conveyor belt-------
---------baggage detected by sensor------------- 
Baggage weighs: 18.56 kg
baggage is on conveyor belt-------
---------baggage detected by sensor------------- 
Baggage weighs: 17.77 kg
baggage is on conveyor belt-------
---------baggage detected by sensor------------- 
Baggage weighs: 19.32 kg
baggage is on conveyor belt-------
---------baggage detected by sensor------------- 
Baggage weighs: 19.21 kg
baggage is on conveyor belt-------
---------baggage detected by sensor------------- 
Baggage weighs: 19.13 kg
baggage is on conveyor belt-------
---------baggage detected by sensor------------- 
Baggage weighs: 20.39 kg
baggage is on conveyor belt-------
---------baggage detected by sensor------------- 
Baggage weighs: 21.03 kg
baggage is on conveyor belt-------
---------baggage detected by sensor------------- 
Baggage weighs: 20.05 kg
baggage is on conveyor belt-------
---------baggage detected by sensor------------- 
Baggage weighs: 21.92 kg
baggage is on conveyor belt-------
---------baggage detected by sensor------------- 
Baggage weighs: 19.37 kg
baggage is on conveyor belt-------
---------baggage detected by sensor------------- 
Baggage weighs: 20.35 kg
baggage is on conveyor belt-------
---------baggage detected by sensor------------- 
Baggage weighs: 18.73 kg
baggage is on conveyor belt-------
---------baggage detected by sensor------------- 
Baggage weighs: 20.33 kg
baggage is on conveyor belt-------
---------baggage detected by sensor------------- 
Baggage weighs: 22.01 kg
baggage is on conveyor belt-------
---------baggage detected by sensor------------- 
Baggage weighs: 19.27 kg
baggage is on conveyor belt-------
---------baggage detected by sensor------------- 
Baggage weighs: 21.18 kg
baggage is on conveyor belt-------
---------baggage detected by sensor------------- 
Baggage weighs: 17.16 kg
baggage is on conveyor belt-------
---------baggage detected by sensor------------- 
Baggage weighs: 20.04 kg
baggage is on conveyor belt-------
---------baggage detected by sensor------------- 
Baggage weighs: 20.91 kg
baggage is on conveyor belt-------
---------baggage detected by sensor------------- 
Baggage weighs: 20.3 kg
baggage is on conveyor belt-------
---------baggage detected by sensor------------- 
Baggage weighs: 20.38 kg
baggage is on conveyor belt-------
---------baggage detected by sensor------------- 
Baggage weighs: 16.54 kg
baggage is on conveyor belt-------
---------baggage detected by sensor------------- 
Baggage weighs: 18.87 kg
baggage is on conveyor belt-------
---------baggage detected by sensor------------- 
Baggage weighs: 20.22 kg
baggage is on conveyor belt-------
---------baggage detected by sensor------------- 
Baggage weighs: 20.75 kg
baggage is on conveyor belt-------
---------baggage detected by sensor------------- 
Baggage weighs: 17.4 kg
baggage is on conveyor belt-------
---------baggage detected by sensor------------- 
Baggage weighs: 20.27 kg
baggage is on conveyor belt-------
---------baggage detected by sensor------------- 
Baggage weighs: 17.04 kg
baggage is on conveyor belt-------
---------baggage detected by sensor------------- 
Baggage weighs: 19.84 kg
baggage is on conveyor belt-------
---------baggage detected by sensor------------- 
Baggage weighs: 17.34 kg
baggage is on conveyor belt-------
---------baggage detected by sensor------------- 
Baggage weighs: 18.75 kg
baggage is on conveyor belt-------
---------baggage detected by sensor------------- 
Baggage weighs: 19.12 kg
baggage is on conveyor belt-------
---------baggage detected by sensor------------- 
Baggage weighs: 18.29 kg
baggage is on conveyor belt-------
---------baggage detected by sensor------------- 
Baggage weighs: 17.94 kg
baggage is on conveyor belt-------
---------baggage detected by sensor------------- 
Baggage weighs: 19.09 kg
baggage is on conveyor belt-------
---------baggage detected by sensor------------- 
Baggage weighs: 22.39 kg
baggage is on conveyor belt-------
---------baggage detected by sensor------------- 
Baggage weighs: 21.23 kg
baggage is on conveyor belt-------
---------baggage detected by sensor------------- 
Baggage weighs: 17.56 kg
baggage is on conveyor belt-------
---------baggage detected by sensor------------- 
Baggage weighs: 18.37 kg
baggage is on conveyor belt-------
---------baggage detected by sensor------------- 
Baggage weighs: 21.4 kg
baggage is on conveyor belt-------
---------baggage detected by sensor------------- 
Baggage weighs: 20.25 kg
baggage is on conveyor belt-------
---------baggage detected by sensor------------- 
Baggage weighs: 23.0 kg
baggage is on conveyor belt-------
---------baggage detected by sensor------------- 
Baggage weighs: 17.01 kg
baggage is on conveyor belt-------
---------baggage detected by sensor------------- 
Baggage weighs: 17.39 kg
baggage is on conveyor belt-------
---------baggage detected by sensor------------- 
Baggage weighs: 16.7 kg
baggage is on conveyor belt-------
---------baggage detected by sensor------------- 
Baggage weighs: 16.23 kg
baggage is on conveyor belt-------
---------baggage detected by sensor------------- 
Baggage weighs: 19.13 kg
baggage is on conveyor belt-------
---------baggage detected by sensor------------- 
Baggage weighs: 21.07 kg
baggage is on conveyor belt-------
---------baggage detected by sensor------------- 
Baggage weighs: 17.87 kg
baggage is on conveyor belt-------
---------baggage detected by sensor------------- 
Baggage weighs: 19.92 kg
baggage is on conveyor belt-------
---------baggage detected by sensor------------- 
Baggage weighs: 19.22 kg
baggage is on conveyor belt-------
---------baggage detected by sensor------------- 
Baggage weighs: 21.53 kg
baggage is on conveyor belt-------
---------baggage detected by sensor------------- 
Baggage weighs: 20.29 kg
baggage is on conveyor belt-------
---------baggage detected by sensor------------- 
Baggage weighs: 19.32 kg
baggage is on conveyor belt-------
---------baggage detected by sensor------------- 
Baggage weighs: 17.25 kg
baggage is on conveyor belt-------
---------baggage detected by sensor------------- 
Baggage weighs: 21.3 kg
baggage is on conveyor belt-------
---------baggage detected by sensor------------- 
Baggage weighs: 16.79 kg
baggage is on conveyor belt-------
---------baggage detected by sensor------------- 
Baggage weighs: 19.55 kg
baggage is on conveyor belt-------
---------baggage detected by sensor------------- 
Baggage weighs: 18.88 kg
baggage is on conveyor belt-------
---------baggage detected by sensor------------- 
Baggage weighs: 22.33 kg
baggage is on conveyor belt-------
---------baggage detected by sensor------------- 
Baggage weighs: 20.62 kg
baggage is on conveyor belt-------
---------baggage detected by sensor------------- 
Baggage weighs: 19.42 kg
baggage is on conveyor belt-------
---------baggage detected by sensor------------- 
Baggage weighs: 17.54 kg
baggage is on conveyor belt-------
---------baggage detected by sensor------------- 
Baggage weighs: 21.51 kg
baggage is on conveyor belt-------
---------baggage detected by sensor------------- 
Baggage weighs: 19.46 kg
baggage is on conveyor belt-------
---------baggage detected by sensor------------- 
Baggage weighs: 17.83 kg
baggage is on conveyor belt-------
---------baggage detected by sensor------------- 
Baggage weighs: 17.75 kg
baggage is on conveyor belt-------
---------baggage detected by sensor------------- 
Baggage weighs: 17.44 kg
baggage is on conveyor belt-------
---------baggage detected by sensor------------- 
Baggage weighs: 19.53 kg
baggage is on conveyor belt-------
---------baggage detected by sensor------------- 
Baggage weighs: 17.51 kg
baggage is on conveyor belt-------
---------baggage detected by sensor------------- 
Baggage weighs: 18.2 kg
baggage is on conveyor belt-------
---------baggage detected by sensor------------- 
Baggage weighs: 21.55 kg
baggage is on conveyor belt-------
---------baggage detected by sensor------------- 
Baggage weighs: 19.67 kg
baggage is on conveyor belt-------
---------baggage detected by sensor------------- 
Baggage weighs: 19.52 kg
baggage is on conveyor belt-------
---------baggage detected by sensor------------- 
Baggage weighs: 21.06 kg
baggage is on conveyor belt-------
---------baggage detected by sensor------------- 
Baggage weighs: 17.44 kg
baggage is on conveyor belt-------
---------baggage detected by sensor------------- 
Baggage weighs: 19.21 kg
baggage is on conveyor belt-------
---------baggage detected by sensor------------- 
Baggage weighs: 21.65 kg
baggage is on conveyor belt-------
---------baggage detected by sensor------------- 
Baggage weighs: 19.64 kg
baggage is on conveyor belt-------
---------baggage detected by sensor------------- 
Baggage weighs: 21.03 kg
baggage is on conveyor belt-------
---------baggage detected by sensor------------- 
Baggage weighs: 19.76 kg
baggage is on conveyor belt-------
---------baggage detected by sensor------------- 
Baggage weighs: 21.01 kg
baggage is on conveyor belt-------
---------baggage detected by sensor------------- 
Baggage weighs: 19.11 kg
baggage is on conveyor belt-------
---------baggage detected by sensor------------- 
Baggage weighs: 18.54 kg
baggage is on conveyor belt-------
---------baggage detected by sensor------------- 
Baggage weighs: 16.86 kg
baggage is on conveyor belt-------
---------baggage detected by sensor------------- 
Baggage weighs: 16.59 kg
baggage is on conveyor belt-------
---------baggage detected by sensor------------- 
Baggage weighs: 19.26 kg
baggage is on conveyor belt-------
---------baggage detected by sensor------------- 
Baggage weighs: 18.34 kg
baggage is on conveyor belt-------
---------baggage detected by sensor------------- 
Baggage weighs: 19.09 kg
baggage is on conveyor belt-------
---------baggage detected by sensor------------- 
Baggage weighs: 22.38 kg
baggage is on conveyor belt-------
---------baggage detected by sensor------------- 
Baggage weighs: 22.12 kg
baggage is on conveyor belt-------
---------baggage detected by sensor------------- 
Baggage weighs: 16.75 kg
baggage is on conveyor belt-------
---------baggage detected by sensor------------- 
Baggage weighs: 20.36 kg
baggage is on conveyor belt-------
---------baggage detected by sensor------------- 
Baggage weighs: 20.94 kg
baggage is on conveyor belt-------
---------baggage detected by sensor------------- 
Baggage weighs: 19.8 kg
baggage is on conveyor belt-------
---------baggage detected by sensor------------- 
Baggage weighs: 19.12 kg
baggage is on conveyor belt-------
---------baggage detected by sensor------------- 
Baggage weighs: 16.93 kg
baggage is on conveyor belt-------
---------baggage detected by sensor------------- 
Baggage weighs: 20.48 kg
baggage is on conveyor belt-------
---------baggage detected by sensor------------- 
Baggage weighs: 17.63 kg
baggage is on conveyor belt-------
---------baggage detected by sensor------------- 
Baggage weighs: 19.86 kg
baggage is on conveyor belt-------
---------baggage detected by sensor------------- 
Baggage weighs: 19.4 kg
baggage is on conveyor belt-------
---------baggage detected by sensor------------- 
Baggage weighs: 19.0 kg
baggage is on conveyor belt-------
---------baggage detected by sensor------------- 
Baggage weighs: 20.5 kg
baggage is on conveyor belt-------
---------baggage detected by sensor------------- 
Baggage weighs: 21.9 kg
baggage is on conveyor belt-------
---------baggage detected by sensor------------- 
Baggage weighs: 19.82 kg
baggage is on conveyor belt-------
---------baggage detected by sensor------------- 
Baggage weighs: 18.98 kg
baggage is on conveyor belt-------
---------baggage detected by sensor------------- 
Baggage weighs: 19.28 kg
baggage is on conveyor belt-------
---------baggage detected by sensor------------- 
Baggage weighs: 18.06 kg
baggage is on conveyor belt-------
---------baggage detected by sensor------------- 
Baggage weighs: 20.2 kg
baggage is on conveyor belt-------
---------baggage detected by sensor------------- 
Baggage weighs: 19.74 kg
baggage is on conveyor belt-------
---------baggage detected by sensor------------- 
Baggage weighs: 17.44 kg
baggage is on conveyor belt-------
---------baggage detected by sensor------------- 
Baggage weighs: 19.36 kg
baggage is on conveyor belt-------
---------baggage detected by sensor------------- 
Baggage weighs: 20.4 kg
baggage is on conveyor belt-------
---------baggage detected by sensor------------- 
Baggage weighs: 18.92 kg
baggage is on conveyor belt-------
---------baggage detected by sensor------------- 
Baggage weighs: 18.48 kg
baggage is on conveyor belt-------
---------baggage detected by sensor------------- 
Baggage weighs: 17.34 kg
baggage is on conveyor belt-------
---------baggage detected by sensor------------- 
Baggage weighs: 20.57 kg
baggage is on conveyor belt-------
---------baggage detected by sensor------------- 
Baggage weighs: 17.19 kg
baggage is on conveyor belt-------
---------baggage detected by sensor------------- 
Baggage weighs: 18.25 kg
baggage is on conveyor belt-------
---------baggage detected by sensor------------- 
Baggage weighs: 19.29 kg
baggage is on conveyor belt-------
---------baggage detected by sensor------------- 
Baggage weighs: 16.86 kg
baggage is on conveyor belt-------
---------baggage detected by sensor------------- 
Baggage weighs: 19.34 kg
baggage is on conveyor belt-------
---------baggage detected by sensor------------- 
Baggage weighs: 19.32 kg
baggage is on conveyor belt-------
---------baggage detected by sensor------------- 
Baggage weighs: 18.15 kg
baggage is on conveyor belt-------
---------baggage detected by sensor------------- 
Baggage weighs: 18.98 kg
baggage is on conveyor belt-------
---------baggage detected by sensor------------- 
Baggage weighs: 21.84 kg
baggage is on conveyor belt-------
---------baggage detected by sensor------------- 
Baggage weighs: 20.53 kg
baggage is on conveyor belt-------
---------baggage detected by sensor------------- 
Baggage weighs: 20.62 kg
baggage is on conveyor belt-------
---------baggage detected by sensor------------- 
Baggage weighs: 20.7 kg
baggage is on conveyor belt-------
---------baggage detected by sensor------------- 
Baggage weighs: 19.64 kg
baggage is on conveyor belt-------
---------baggage detected by sensor------------- 
Baggage weighs: 16.11 kg
baggage is on conveyor belt-------
---------baggage detected by sensor------------- 
Baggage weighs: 22.24 kg
baggage is on conveyor belt-------
---------baggage detected by sensor------------- 
Baggage weighs: 21.47 kg
Seat with ID: 32K has been reserved for you!

BOARDING PASS FOR DOLLIE OBRIEN
-----------------------------------------------------------------------------
LUFTHANSA                      227igsp8wdwj3of /  Dollie Obrien
Dollie Obrien                                     /  227igsp8wdwj3of
FRA   LH2121   E  30.Oct                       /  FRA
HKG                                            /  HKG
SEAT ID: 32K                                   /  LH2121 E 30.Oct
SEQ: 161                                      / GATE: A05   22:00
MAX 1  HANDLUGGAGE/ LUGGAGE
-----------------------------------------------------------------------------
sorry Dollie Obrien we have no voucher for you! Have a nice day!

---------------------------------------------------------------------------------------------------------------
scanning passport with passport id: 1TOOHHTGT
searching for ticket in fast bag drop database..............
Ticket found for Jacob Larson and Flight LH2121
----searching flight seat for Jacob Larson---------
Found a seat with ID 33A
Below details were found in database
------------------------------------------
Name: Jacob Larson
Flight ID: LH2121
Source: FRA
Destination: HKG
Gate No: A05
Boarding time: 22:00
Ticket ID: 12plo4kfs6rg5z5
Booking Class: E
------------------------------------------

Proceed with check-in for flight LH2121 ?
Type YES to CHECK-IN or NO to cancel CHECK-IN
Jacob Larson is deciding whether to check-in or to go back home and sleep............
YES CHECK-IN
Checking you in...............
baggage is on conveyor belt-------
---------baggage detected by sensor------------- 
Baggage weighs: 21.58 kg
baggage is on conveyor belt-------
---------baggage detected by sensor------------- 
Baggage weighs: 20.43 kg
baggage is on conveyor belt-------
---------baggage detected by sensor------------- 
Baggage weighs: 18.47 kg
baggage is on conveyor belt-------
---------baggage detected by sensor------------- 
Baggage weighs: 17.86 kg
baggage is on conveyor belt-------
---------baggage detected by sensor------------- 
Baggage weighs: 18.65 kg
baggage is on conveyor belt-------
---------baggage detected by sensor------------- 
Baggage weighs: 19.27 kg
baggage is on conveyor belt-------
---------baggage detected by sensor------------- 
Baggage weighs: 17.42 kg
baggage is on conveyor belt-------
---------baggage detected by sensor------------- 
Baggage weighs: 19.16 kg
baggage is on conveyor belt-------
---------baggage detected by sensor------------- 
Baggage weighs: 19.52 kg
baggage is on conveyor belt-------
---------baggage detected by sensor------------- 
Baggage weighs: 17.51 kg
baggage is on conveyor belt-------
---------baggage detected by sensor------------- 
Baggage weighs: 17.38 kg
baggage is on conveyor belt-------
---------baggage detected by sensor------------- 
Baggage weighs: 18.67 kg
baggage is on conveyor belt-------
---------baggage detected by sensor------------- 
Baggage weighs: 16.98 kg
baggage is on conveyor belt-------
---------baggage detected by sensor------------- 
Baggage weighs: 21.26 kg
baggage is on conveyor belt-------
---------baggage detected by sensor------------- 
Baggage weighs: 18.3 kg
baggage is on conveyor belt-------
---------baggage detected by sensor------------- 
Baggage weighs: 16.81 kg
baggage is on conveyor belt-------
---------baggage detected by sensor------------- 
Baggage weighs: 20.91 kg
baggage is on conveyor belt-------
---------baggage detected by sensor------------- 
Baggage weighs: 21.21 kg
baggage is on conveyor belt-------
---------baggage detected by sensor------------- 
Baggage weighs: 19.69 kg
baggage is on conveyor belt-------
---------baggage detected by sensor------------- 
Baggage weighs: 18.67 kg
baggage is on conveyor belt-------
---------baggage detected by sensor------------- 
Baggage weighs: 19.12 kg
baggage is on conveyor belt-------
---------baggage detected by sensor------------- 
Baggage weighs: 16.42 kg
baggage is on conveyor belt-------
---------baggage detected by sensor------------- 
Baggage weighs: 19.17 kg
baggage is on conveyor belt-------
---------baggage detected by sensor------------- 
Baggage weighs: 19.0 kg
baggage is on conveyor belt-------
---------baggage detected by sensor------------- 
Baggage weighs: 18.78 kg
baggage is on conveyor belt-------
---------baggage detected by sensor------------- 
Baggage weighs: 20.31 kg
baggage is on conveyor belt-------
---------baggage detected by sensor------------- 
Baggage weighs: 21.25 kg
baggage is on conveyor belt-------
---------baggage detected by sensor------------- 
Baggage weighs: 18.87 kg
baggage is on conveyor belt-------
---------baggage detected by sensor------------- 
Baggage weighs: 16.25 kg
baggage is on conveyor belt-------
---------baggage detected by sensor------------- 
Baggage weighs: 19.94 kg
baggage is on conveyor belt-------
---------baggage detected by sensor------------- 
Baggage weighs: 16.88 kg
baggage is on conveyor belt-------
---------baggage detected by sensor------------- 
Baggage weighs: 18.24 kg
baggage is on conveyor belt-------
---------baggage detected by sensor------------- 
Baggage weighs: 17.16 kg
baggage is on conveyor belt-------
---------baggage detected by sensor------------- 
Baggage weighs: 19.34 kg
baggage is on conveyor belt-------
---------baggage detected by sensor------------- 
Baggage weighs: 22.41 kg
baggage is on conveyor belt-------
---------baggage detected by sensor------------- 
Baggage weighs: 20.47 kg
baggage is on conveyor belt-------
---------baggage detected by sensor------------- 
Baggage weighs: 18.81 kg
baggage is on conveyor belt-------
---------baggage detected by sensor------------- 
Baggage weighs: 18.56 kg
baggage is on conveyor belt-------
---------baggage detected by sensor------------- 
Baggage weighs: 17.77 kg
baggage is on conveyor belt-------
---------baggage detected by sensor------------- 
Baggage weighs: 19.32 kg
baggage is on conveyor belt-------
---------baggage detected by sensor------------- 
Baggage weighs: 19.21 kg
baggage is on conveyor belt-------
---------baggage detected by sensor------------- 
Baggage weighs: 19.13 kg
baggage is on conveyor belt-------
---------baggage detected by sensor------------- 
Baggage weighs: 20.39 kg
baggage is on conveyor belt-------
---------baggage detected by sensor------------- 
Baggage weighs: 21.03 kg
baggage is on conveyor belt-------
---------baggage detected by sensor------------- 
Baggage weighs: 20.05 kg
baggage is on conveyor belt-------
---------baggage detected by sensor------------- 
Baggage weighs: 21.92 kg
baggage is on conveyor belt-------
---------baggage detected by sensor------------- 
Baggage weighs: 19.37 kg
baggage is on conveyor belt-------
---------baggage detected by sensor------------- 
Baggage weighs: 20.35 kg
baggage is on conveyor belt-------
---------baggage detected by sensor------------- 
Baggage weighs: 18.73 kg
baggage is on conveyor belt-------
---------baggage detected by sensor------------- 
Baggage weighs: 20.33 kg
baggage is on conveyor belt-------
---------baggage detected by sensor------------- 
Baggage weighs: 22.01 kg
baggage is on conveyor belt-------
---------baggage detected by sensor------------- 
Baggage weighs: 19.27 kg
baggage is on conveyor belt-------
---------baggage detected by sensor------------- 
Baggage weighs: 21.18 kg
baggage is on conveyor belt-------
---------baggage detected by sensor------------- 
Baggage weighs: 17.16 kg
baggage is on conveyor belt-------
---------baggage detected by sensor------------- 
Baggage weighs: 20.04 kg
baggage is on conveyor belt-------
---------baggage detected by sensor------------- 
Baggage weighs: 20.91 kg
baggage is on conveyor belt-------
---------baggage detected by sensor------------- 
Baggage weighs: 20.3 kg
baggage is on conveyor belt-------
---------baggage detected by sensor------------- 
Baggage weighs: 20.38 kg
baggage is on conveyor belt-------
---------baggage detected by sensor------------- 
Baggage weighs: 16.54 kg
baggage is on conveyor belt-------
---------baggage detected by sensor------------- 
Baggage weighs: 18.87 kg
baggage is on conveyor belt-------
---------baggage detected by sensor------------- 
Baggage weighs: 20.22 kg
baggage is on conveyor belt-------
---------baggage detected by sensor------------- 
Baggage weighs: 20.75 kg
baggage is on conveyor belt-------
---------baggage detected by sensor------------- 
Baggage weighs: 17.4 kg
baggage is on conveyor belt-------
---------baggage detected by sensor------------- 
Baggage weighs: 20.27 kg
baggage is on conveyor belt-------
---------baggage detected by sensor------------- 
Baggage weighs: 17.04 kg
baggage is on conveyor belt-------
---------baggage detected by sensor------------- 
Baggage weighs: 19.84 kg
baggage is on conveyor belt-------
---------baggage detected by sensor------------- 
Baggage weighs: 17.34 kg
baggage is on conveyor belt-------
---------baggage detected by sensor------------- 
Baggage weighs: 18.75 kg
baggage is on conveyor belt-------
---------baggage detected by sensor------------- 
Baggage weighs: 19.12 kg
baggage is on conveyor belt-------
---------baggage detected by sensor------------- 
Baggage weighs: 18.29 kg
baggage is on conveyor belt-------
---------baggage detected by sensor------------- 
Baggage weighs: 17.94 kg
baggage is on conveyor belt-------
---------baggage detected by sensor------------- 
Baggage weighs: 19.09 kg
baggage is on conveyor belt-------
---------baggage detected by sensor------------- 
Baggage weighs: 22.39 kg
baggage is on conveyor belt-------
---------baggage detected by sensor------------- 
Baggage weighs: 21.23 kg
baggage is on conveyor belt-------
---------baggage detected by sensor------------- 
Baggage weighs: 17.56 kg
baggage is on conveyor belt-------
---------baggage detected by sensor------------- 
Baggage weighs: 18.37 kg
baggage is on conveyor belt-------
---------baggage detected by sensor------------- 
Baggage weighs: 21.4 kg
baggage is on conveyor belt-------
---------baggage detected by sensor------------- 
Baggage weighs: 20.25 kg
baggage is on conveyor belt-------
---------baggage detected by sensor------------- 
Baggage weighs: 23.0 kg
baggage is on conveyor belt-------
---------baggage detected by sensor------------- 
Baggage weighs: 17.01 kg
baggage is on conveyor belt-------
---------baggage detected by sensor------------- 
Baggage weighs: 17.39 kg
baggage is on conveyor belt-------
---------baggage detected by sensor------------- 
Baggage weighs: 16.7 kg
baggage is on conveyor belt-------
---------baggage detected by sensor------------- 
Baggage weighs: 16.23 kg
baggage is on conveyor belt-------
---------baggage detected by sensor------------- 
Baggage weighs: 19.13 kg
baggage is on conveyor belt-------
---------baggage detected by sensor------------- 
Baggage weighs: 21.07 kg
baggage is on conveyor belt-------
---------baggage detected by sensor------------- 
Baggage weighs: 17.87 kg
baggage is on conveyor belt-------
---------baggage detected by sensor------------- 
Baggage weighs: 19.92 kg
baggage is on conveyor belt-------
---------baggage detected by sensor------------- 
Baggage weighs: 19.22 kg
baggage is on conveyor belt-------
---------baggage detected by sensor------------- 
Baggage weighs: 21.53 kg
baggage is on conveyor belt-------
---------baggage detected by sensor------------- 
Baggage weighs: 20.29 kg
baggage is on conveyor belt-------
---------baggage detected by sensor------------- 
Baggage weighs: 19.32 kg
baggage is on conveyor belt-------
---------baggage detected by sensor------------- 
Baggage weighs: 17.25 kg
baggage is on conveyor belt-------
---------baggage detected by sensor------------- 
Baggage weighs: 21.3 kg
baggage is on conveyor belt-------
---------baggage detected by sensor------------- 
Baggage weighs: 16.79 kg
baggage is on conveyor belt-------
---------baggage detected by sensor------------- 
Baggage weighs: 19.55 kg
baggage is on conveyor belt-------
---------baggage detected by sensor------------- 
Baggage weighs: 18.88 kg
baggage is on conveyor belt-------
---------baggage detected by sensor------------- 
Baggage weighs: 22.33 kg
baggage is on conveyor belt-------
---------baggage detected by sensor------------- 
Baggage weighs: 20.62 kg
baggage is on conveyor belt-------
---------baggage detected by sensor------------- 
Baggage weighs: 19.42 kg
baggage is on conveyor belt-------
---------baggage detected by sensor------------- 
Baggage weighs: 17.54 kg
baggage is on conveyor belt-------
---------baggage detected by sensor------------- 
Baggage weighs: 21.51 kg
baggage is on conveyor belt-------
---------baggage detected by sensor------------- 
Baggage weighs: 19.46 kg
baggage is on conveyor belt-------
---------baggage detected by sensor------------- 
Baggage weighs: 17.83 kg
baggage is on conveyor belt-------
---------baggage detected by sensor------------- 
Baggage weighs: 17.75 kg
baggage is on conveyor belt-------
---------baggage detected by sensor------------- 
Baggage weighs: 17.44 kg
baggage is on conveyor belt-------
---------baggage detected by sensor------------- 
Baggage weighs: 19.53 kg
baggage is on conveyor belt-------
---------baggage detected by sensor------------- 
Baggage weighs: 17.51 kg
baggage is on conveyor belt-------
---------baggage detected by sensor------------- 
Baggage weighs: 18.2 kg
baggage is on conveyor belt-------
---------baggage detected by sensor------------- 
Baggage weighs: 21.55 kg
baggage is on conveyor belt-------
---------baggage detected by sensor------------- 
Baggage weighs: 19.67 kg
baggage is on conveyor belt-------
---------baggage detected by sensor------------- 
Baggage weighs: 19.52 kg
baggage is on conveyor belt-------
---------baggage detected by sensor------------- 
Baggage weighs: 21.06 kg
baggage is on conveyor belt-------
---------baggage detected by sensor------------- 
Baggage weighs: 17.44 kg
baggage is on conveyor belt-------
---------baggage detected by sensor------------- 
Baggage weighs: 19.21 kg
baggage is on conveyor belt-------
---------baggage detected by sensor------------- 
Baggage weighs: 21.65 kg
baggage is on conveyor belt-------
---------baggage detected by sensor------------- 
Baggage weighs: 19.64 kg
baggage is on conveyor belt-------
---------baggage detected by sensor------------- 
Baggage weighs: 21.03 kg
baggage is on conveyor belt-------
---------baggage detected by sensor------------- 
Baggage weighs: 19.76 kg
baggage is on conveyor belt-------
---------baggage detected by sensor------------- 
Baggage weighs: 21.01 kg
baggage is on conveyor belt-------
---------baggage detected by sensor------------- 
Baggage weighs: 19.11 kg
baggage is on conveyor belt-------
---------baggage detected by sensor------------- 
Baggage weighs: 18.54 kg
baggage is on conveyor belt-------
---------baggage detected by sensor------------- 
Baggage weighs: 16.86 kg
baggage is on conveyor belt-------
---------baggage detected by sensor------------- 
Baggage weighs: 16.59 kg
baggage is on conveyor belt-------
---------baggage detected by sensor------------- 
Baggage weighs: 19.26 kg
baggage is on conveyor belt-------
---------baggage detected by sensor------------- 
Baggage weighs: 18.34 kg
baggage is on conveyor belt-------
---------baggage detected by sensor------------- 
Baggage weighs: 19.09 kg
baggage is on conveyor belt-------
---------baggage detected by sensor------------- 
Baggage weighs: 22.38 kg
baggage is on conveyor belt-------
---------baggage detected by sensor------------- 
Baggage weighs: 22.12 kg
baggage is on conveyor belt-------
---------baggage detected by sensor------------- 
Baggage weighs: 16.75 kg
baggage is on conveyor belt-------
---------baggage detected by sensor------------- 
Baggage weighs: 20.36 kg
baggage is on conveyor belt-------
---------baggage detected by sensor------------- 
Baggage weighs: 20.94 kg
baggage is on conveyor belt-------
---------baggage detected by sensor------------- 
Baggage weighs: 19.8 kg
baggage is on conveyor belt-------
---------baggage detected by sensor------------- 
Baggage weighs: 19.12 kg
baggage is on conveyor belt-------
---------baggage detected by sensor------------- 
Baggage weighs: 16.93 kg
baggage is on conveyor belt-------
---------baggage detected by sensor------------- 
Baggage weighs: 20.48 kg
baggage is on conveyor belt-------
---------baggage detected by sensor------------- 
Baggage weighs: 17.63 kg
baggage is on conveyor belt-------
---------baggage detected by sensor------------- 
Baggage weighs: 19.86 kg
baggage is on conveyor belt-------
---------baggage detected by sensor------------- 
Baggage weighs: 19.4 kg
baggage is on conveyor belt-------
---------baggage detected by sensor------------- 
Baggage weighs: 19.0 kg
baggage is on conveyor belt-------
---------baggage detected by sensor------------- 
Baggage weighs: 20.5 kg
baggage is on conveyor belt-------
---------baggage detected by sensor------------- 
Baggage weighs: 21.9 kg
baggage is on conveyor belt-------
---------baggage detected by sensor------------- 
Baggage weighs: 19.82 kg
baggage is on conveyor belt-------
---------baggage detected by sensor------------- 
Baggage weighs: 18.98 kg
baggage is on conveyor belt-------
---------baggage detected by sensor------------- 
Baggage weighs: 19.28 kg
baggage is on conveyor belt-------
---------baggage detected by sensor------------- 
Baggage weighs: 18.06 kg
baggage is on conveyor belt-------
---------baggage detected by sensor------------- 
Baggage weighs: 20.2 kg
baggage is on conveyor belt-------
---------baggage detected by sensor------------- 
Baggage weighs: 19.74 kg
baggage is on conveyor belt-------
---------baggage detected by sensor------------- 
Baggage weighs: 17.44 kg
baggage is on conveyor belt-------
---------baggage detected by sensor------------- 
Baggage weighs: 19.36 kg
baggage is on conveyor belt-------
---------baggage detected by sensor------------- 
Baggage weighs: 20.4 kg
baggage is on conveyor belt-------
---------baggage detected by sensor------------- 
Baggage weighs: 18.92 kg
baggage is on conveyor belt-------
---------baggage detected by sensor------------- 
Baggage weighs: 18.48 kg
baggage is on conveyor belt-------
---------baggage detected by sensor------------- 
Baggage weighs: 17.34 kg
baggage is on conveyor belt-------
---------baggage detected by sensor------------- 
Baggage weighs: 20.57 kg
baggage is on conveyor belt-------
---------baggage detected by sensor------------- 
Baggage weighs: 17.19 kg
baggage is on conveyor belt-------
---------baggage detected by sensor------------- 
Baggage weighs: 18.25 kg
baggage is on conveyor belt-------
---------baggage detected by sensor------------- 
Baggage weighs: 19.29 kg
baggage is on conveyor belt-------
---------baggage detected by sensor------------- 
Baggage weighs: 16.86 kg
baggage is on conveyor belt-------
---------baggage detected by sensor------------- 
Baggage weighs: 19.34 kg
baggage is on conveyor belt-------
---------baggage detected by sensor------------- 
Baggage weighs: 19.32 kg
baggage is on conveyor belt-------
---------baggage detected by sensor------------- 
Baggage weighs: 18.15 kg
baggage is on conveyor belt-------
---------baggage detected by sensor------------- 
Baggage weighs: 18.98 kg
baggage is on conveyor belt-------
---------baggage detected by sensor------------- 
Baggage weighs: 21.84 kg
baggage is on conveyor belt-------
---------baggage detected by sensor------------- 
Baggage weighs: 20.53 kg
baggage is on conveyor belt-------
---------baggage detected by sensor------------- 
Baggage weighs: 20.62 kg
baggage is on conveyor belt-------
---------baggage detected by sensor------------- 
Baggage weighs: 20.7 kg
baggage is on conveyor belt-------
---------baggage detected by sensor------------- 
Baggage weighs: 19.64 kg
baggage is on conveyor belt-------
---------baggage detected by sensor------------- 
Baggage weighs: 16.11 kg
baggage is on conveyor belt-------
---------baggage detected by sensor------------- 
Baggage weighs: 22.24 kg
baggage is on conveyor belt-------
---------baggage detected by sensor------------- 
Baggage weighs: 21.47 kg
baggage is on conveyor belt-------
---------baggage detected by sensor------------- 
Baggage weighs: 20.73 kg
Seat with ID: 33A has been reserved for you!

BOARDING PASS FOR JACOB LARSON
-----------------------------------------------------------------------------
LUFTHANSA                      12plo4kfs6rg5z5 /  Jacob Larson
Jacob Larson                                     /  12plo4kfs6rg5z5
FRA   LH2121   E  30.Oct                       /  FRA
HKG                                            /  HKG
SEAT ID: 33A                                   /  LH2121 E 30.Oct
SEQ: 162                                      / GATE: A05   22:00
MAX 1  HANDLUGGAGE/ LUGGAGE
-----------------------------------------------------------------------------
sorry Jacob Larson we have no voucher for you! Have a nice day!

---------------------------------------------------------------------------------------------------------------
scanning passport with passport id: 1DETECF65
searching for ticket in fast bag drop database..............
Ticket found for Jewell Wilcox and Flight LH2121
----searching flight seat for Jewell Wilcox---------
Found a seat with ID 33B
Below details were found in database
------------------------------------------
Name: Jewell Wilcox
Flight ID: LH2121
Source: FRA
Destination: HKG
Gate No: A05
Boarding time: 22:00
Ticket ID: g09v8usfkzt5h80
Booking Class: E
------------------------------------------

Proceed with check-in for flight LH2121 ?
Type YES to CHECK-IN or NO to cancel CHECK-IN
Jewell Wilcox is deciding whether to check-in or to go back home and sleep............
YES CHECK-IN
Checking you in...............
baggage is on conveyor belt-------
---------baggage detected by sensor------------- 
Baggage weighs: 21.58 kg
baggage is on conveyor belt-------
---------baggage detected by sensor------------- 
Baggage weighs: 20.43 kg
baggage is on conveyor belt-------
---------baggage detected by sensor------------- 
Baggage weighs: 18.47 kg
baggage is on conveyor belt-------
---------baggage detected by sensor------------- 
Baggage weighs: 17.86 kg
baggage is on conveyor belt-------
---------baggage detected by sensor------------- 
Baggage weighs: 18.65 kg
baggage is on conveyor belt-------
---------baggage detected by sensor------------- 
Baggage weighs: 19.27 kg
baggage is on conveyor belt-------
---------baggage detected by sensor------------- 
Baggage weighs: 17.42 kg
baggage is on conveyor belt-------
---------baggage detected by sensor------------- 
Baggage weighs: 19.16 kg
baggage is on conveyor belt-------
---------baggage detected by sensor------------- 
Baggage weighs: 19.52 kg
baggage is on conveyor belt-------
---------baggage detected by sensor------------- 
Baggage weighs: 17.51 kg
baggage is on conveyor belt-------
---------baggage detected by sensor------------- 
Baggage weighs: 17.38 kg
baggage is on conveyor belt-------
---------baggage detected by sensor------------- 
Baggage weighs: 18.67 kg
baggage is on conveyor belt-------
---------baggage detected by sensor------------- 
Baggage weighs: 16.98 kg
baggage is on conveyor belt-------
---------baggage detected by sensor------------- 
Baggage weighs: 21.26 kg
baggage is on conveyor belt-------
---------baggage detected by sensor------------- 
Baggage weighs: 18.3 kg
baggage is on conveyor belt-------
---------baggage detected by sensor------------- 
Baggage weighs: 16.81 kg
baggage is on conveyor belt-------
---------baggage detected by sensor------------- 
Baggage weighs: 20.91 kg
baggage is on conveyor belt-------
---------baggage detected by sensor------------- 
Baggage weighs: 21.21 kg
baggage is on conveyor belt-------
---------baggage detected by sensor------------- 
Baggage weighs: 19.69 kg
baggage is on conveyor belt-------
---------baggage detected by sensor------------- 
Baggage weighs: 18.67 kg
baggage is on conveyor belt-------
---------baggage detected by sensor------------- 
Baggage weighs: 19.12 kg
baggage is on conveyor belt-------
---------baggage detected by sensor------------- 
Baggage weighs: 16.42 kg
baggage is on conveyor belt-------
---------baggage detected by sensor------------- 
Baggage weighs: 19.17 kg
baggage is on conveyor belt-------
---------baggage detected by sensor------------- 
Baggage weighs: 19.0 kg
baggage is on conveyor belt-------
---------baggage detected by sensor------------- 
Baggage weighs: 18.78 kg
baggage is on conveyor belt-------
---------baggage detected by sensor------------- 
Baggage weighs: 20.31 kg
baggage is on conveyor belt-------
---------baggage detected by sensor------------- 
Baggage weighs: 21.25 kg
baggage is on conveyor belt-------
---------baggage detected by sensor------------- 
Baggage weighs: 18.87 kg
baggage is on conveyor belt-------
---------baggage detected by sensor------------- 
Baggage weighs: 16.25 kg
baggage is on conveyor belt-------
---------baggage detected by sensor------------- 
Baggage weighs: 19.94 kg
baggage is on conveyor belt-------
---------baggage detected by sensor------------- 
Baggage weighs: 16.88 kg
baggage is on conveyor belt-------
---------baggage detected by sensor------------- 
Baggage weighs: 18.24 kg
baggage is on conveyor belt-------
---------baggage detected by sensor------------- 
Baggage weighs: 17.16 kg
baggage is on conveyor belt-------
---------baggage detected by sensor------------- 
Baggage weighs: 19.34 kg
baggage is on conveyor belt-------
---------baggage detected by sensor------------- 
Baggage weighs: 22.41 kg
baggage is on conveyor belt-------
---------baggage detected by sensor------------- 
Baggage weighs: 20.47 kg
baggage is on conveyor belt-------
---------baggage detected by sensor------------- 
Baggage weighs: 18.81 kg
baggage is on conveyor belt-------
---------baggage detected by sensor------------- 
Baggage weighs: 18.56 kg
baggage is on conveyor belt-------
---------baggage detected by sensor------------- 
Baggage weighs: 17.77 kg
baggage is on conveyor belt-------
---------baggage detected by sensor------------- 
Baggage weighs: 19.32 kg
baggage is on conveyor belt-------
---------baggage detected by sensor------------- 
Baggage weighs: 19.21 kg
baggage is on conveyor belt-------
---------baggage detected by sensor------------- 
Baggage weighs: 19.13 kg
baggage is on conveyor belt-------
---------baggage detected by sensor------------- 
Baggage weighs: 20.39 kg
baggage is on conveyor belt-------
---------baggage detected by sensor------------- 
Baggage weighs: 21.03 kg
baggage is on conveyor belt-------
---------baggage detected by sensor------------- 
Baggage weighs: 20.05 kg
baggage is on conveyor belt-------
---------baggage detected by sensor------------- 
Baggage weighs: 21.92 kg
baggage is on conveyor belt-------
---------baggage detected by sensor------------- 
Baggage weighs: 19.37 kg
baggage is on conveyor belt-------
---------baggage detected by sensor------------- 
Baggage weighs: 20.35 kg
baggage is on conveyor belt-------
---------baggage detected by sensor------------- 
Baggage weighs: 18.73 kg
baggage is on conveyor belt-------
---------baggage detected by sensor------------- 
Baggage weighs: 20.33 kg
baggage is on conveyor belt-------
---------baggage detected by sensor------------- 
Baggage weighs: 22.01 kg
baggage is on conveyor belt-------
---------baggage detected by sensor------------- 
Baggage weighs: 19.27 kg
baggage is on conveyor belt-------
---------baggage detected by sensor------------- 
Baggage weighs: 21.18 kg
baggage is on conveyor belt-------
---------baggage detected by sensor------------- 
Baggage weighs: 17.16 kg
baggage is on conveyor belt-------
---------baggage detected by sensor------------- 
Baggage weighs: 20.04 kg
baggage is on conveyor belt-------
---------baggage detected by sensor------------- 
Baggage weighs: 20.91 kg
baggage is on conveyor belt-------
---------baggage detected by sensor------------- 
Baggage weighs: 20.3 kg
baggage is on conveyor belt-------
---------baggage detected by sensor------------- 
Baggage weighs: 20.38 kg
baggage is on conveyor belt-------
---------baggage detected by sensor------------- 
Baggage weighs: 16.54 kg
baggage is on conveyor belt-------
---------baggage detected by sensor------------- 
Baggage weighs: 18.87 kg
baggage is on conveyor belt-------
---------baggage detected by sensor------------- 
Baggage weighs: 20.22 kg
baggage is on conveyor belt-------
---------baggage detected by sensor------------- 
Baggage weighs: 20.75 kg
baggage is on conveyor belt-------
---------baggage detected by sensor------------- 
Baggage weighs: 17.4 kg
baggage is on conveyor belt-------
---------baggage detected by sensor------------- 
Baggage weighs: 20.27 kg
baggage is on conveyor belt-------
---------baggage detected by sensor------------- 
Baggage weighs: 17.04 kg
baggage is on conveyor belt-------
---------baggage detected by sensor------------- 
Baggage weighs: 19.84 kg
baggage is on conveyor belt-------
---------baggage detected by sensor------------- 
Baggage weighs: 17.34 kg
baggage is on conveyor belt-------
---------baggage detected by sensor------------- 
Baggage weighs: 18.75 kg
baggage is on conveyor belt-------
---------baggage detected by sensor------------- 
Baggage weighs: 19.12 kg
baggage is on conveyor belt-------
---------baggage detected by sensor------------- 
Baggage weighs: 18.29 kg
baggage is on conveyor belt-------
---------baggage detected by sensor------------- 
Baggage weighs: 17.94 kg
baggage is on conveyor belt-------
---------baggage detected by sensor------------- 
Baggage weighs: 19.09 kg
baggage is on conveyor belt-------
---------baggage detected by sensor------------- 
Baggage weighs: 22.39 kg
baggage is on conveyor belt-------
---------baggage detected by sensor------------- 
Baggage weighs: 21.23 kg
baggage is on conveyor belt-------
---------baggage detected by sensor------------- 
Baggage weighs: 17.56 kg
baggage is on conveyor belt-------
---------baggage detected by sensor------------- 
Baggage weighs: 18.37 kg
baggage is on conveyor belt-------
---------baggage detected by sensor------------- 
Baggage weighs: 21.4 kg
baggage is on conveyor belt-------
---------baggage detected by sensor------------- 
Baggage weighs: 20.25 kg
baggage is on conveyor belt-------
---------baggage detected by sensor------------- 
Baggage weighs: 23.0 kg
baggage is on conveyor belt-------
---------baggage detected by sensor------------- 
Baggage weighs: 17.01 kg
baggage is on conveyor belt-------
---------baggage detected by sensor------------- 
Baggage weighs: 17.39 kg
baggage is on conveyor belt-------
---------baggage detected by sensor------------- 
Baggage weighs: 16.7 kg
baggage is on conveyor belt-------
---------baggage detected by sensor------------- 
Baggage weighs: 16.23 kg
baggage is on conveyor belt-------
---------baggage detected by sensor------------- 
Baggage weighs: 19.13 kg
baggage is on conveyor belt-------
---------baggage detected by sensor------------- 
Baggage weighs: 21.07 kg
baggage is on conveyor belt-------
---------baggage detected by sensor------------- 
Baggage weighs: 17.87 kg
baggage is on conveyor belt-------
---------baggage detected by sensor------------- 
Baggage weighs: 19.92 kg
baggage is on conveyor belt-------
---------baggage detected by sensor------------- 
Baggage weighs: 19.22 kg
baggage is on conveyor belt-------
---------baggage detected by sensor------------- 
Baggage weighs: 21.53 kg
baggage is on conveyor belt-------
---------baggage detected by sensor------------- 
Baggage weighs: 20.29 kg
baggage is on conveyor belt-------
---------baggage detected by sensor------------- 
Baggage weighs: 19.32 kg
baggage is on conveyor belt-------
---------baggage detected by sensor------------- 
Baggage weighs: 17.25 kg
baggage is on conveyor belt-------
---------baggage detected by sensor------------- 
Baggage weighs: 21.3 kg
baggage is on conveyor belt-------
---------baggage detected by sensor------------- 
Baggage weighs: 16.79 kg
baggage is on conveyor belt-------
---------baggage detected by sensor------------- 
Baggage weighs: 19.55 kg
baggage is on conveyor belt-------
---------baggage detected by sensor------------- 
Baggage weighs: 18.88 kg
baggage is on conveyor belt-------
---------baggage detected by sensor------------- 
Baggage weighs: 22.33 kg
baggage is on conveyor belt-------
---------baggage detected by sensor------------- 
Baggage weighs: 20.62 kg
baggage is on conveyor belt-------
---------baggage detected by sensor------------- 
Baggage weighs: 19.42 kg
baggage is on conveyor belt-------
---------baggage detected by sensor------------- 
Baggage weighs: 17.54 kg
baggage is on conveyor belt-------
---------baggage detected by sensor------------- 
Baggage weighs: 21.51 kg
baggage is on conveyor belt-------
---------baggage detected by sensor------------- 
Baggage weighs: 19.46 kg
baggage is on conveyor belt-------
---------baggage detected by sensor------------- 
Baggage weighs: 17.83 kg
baggage is on conveyor belt-------
---------baggage detected by sensor------------- 
Baggage weighs: 17.75 kg
baggage is on conveyor belt-------
---------baggage detected by sensor------------- 
Baggage weighs: 17.44 kg
baggage is on conveyor belt-------
---------baggage detected by sensor------------- 
Baggage weighs: 19.53 kg
baggage is on conveyor belt-------
---------baggage detected by sensor------------- 
Baggage weighs: 17.51 kg
baggage is on conveyor belt-------
---------baggage detected by sensor------------- 
Baggage weighs: 18.2 kg
baggage is on conveyor belt-------
---------baggage detected by sensor------------- 
Baggage weighs: 21.55 kg
baggage is on conveyor belt-------
---------baggage detected by sensor------------- 
Baggage weighs: 19.67 kg
baggage is on conveyor belt-------
---------baggage detected by sensor------------- 
Baggage weighs: 19.52 kg
baggage is on conveyor belt-------
---------baggage detected by sensor------------- 
Baggage weighs: 21.06 kg
baggage is on conveyor belt-------
---------baggage detected by sensor------------- 
Baggage weighs: 17.44 kg
baggage is on conveyor belt-------
---------baggage detected by sensor------------- 
Baggage weighs: 19.21 kg
baggage is on conveyor belt-------
---------baggage detected by sensor------------- 
Baggage weighs: 21.65 kg
baggage is on conveyor belt-------
---------baggage detected by sensor------------- 
Baggage weighs: 19.64 kg
baggage is on conveyor belt-------
---------baggage detected by sensor------------- 
Baggage weighs: 21.03 kg
baggage is on conveyor belt-------
---------baggage detected by sensor------------- 
Baggage weighs: 19.76 kg
baggage is on conveyor belt-------
---------baggage detected by sensor------------- 
Baggage weighs: 21.01 kg
baggage is on conveyor belt-------
---------baggage detected by sensor------------- 
Baggage weighs: 19.11 kg
baggage is on conveyor belt-------
---------baggage detected by sensor------------- 
Baggage weighs: 18.54 kg
baggage is on conveyor belt-------
---------baggage detected by sensor------------- 
Baggage weighs: 16.86 kg
baggage is on conveyor belt-------
---------baggage detected by sensor------------- 
Baggage weighs: 16.59 kg
baggage is on conveyor belt-------
---------baggage detected by sensor------------- 
Baggage weighs: 19.26 kg
baggage is on conveyor belt-------
---------baggage detected by sensor------------- 
Baggage weighs: 18.34 kg
baggage is on conveyor belt-------
---------baggage detected by sensor------------- 
Baggage weighs: 19.09 kg
baggage is on conveyor belt-------
---------baggage detected by sensor------------- 
Baggage weighs: 22.38 kg
baggage is on conveyor belt-------
---------baggage detected by sensor------------- 
Baggage weighs: 22.12 kg
baggage is on conveyor belt-------
---------baggage detected by sensor------------- 
Baggage weighs: 16.75 kg
baggage is on conveyor belt-------
---------baggage detected by sensor------------- 
Baggage weighs: 20.36 kg
baggage is on conveyor belt-------
---------baggage detected by sensor------------- 
Baggage weighs: 20.94 kg
baggage is on conveyor belt-------
---------baggage detected by sensor------------- 
Baggage weighs: 19.8 kg
baggage is on conveyor belt-------
---------baggage detected by sensor------------- 
Baggage weighs: 19.12 kg
baggage is on conveyor belt-------
---------baggage detected by sensor------------- 
Baggage weighs: 16.93 kg
baggage is on conveyor belt-------
---------baggage detected by sensor------------- 
Baggage weighs: 20.48 kg
baggage is on conveyor belt-------
---------baggage detected by sensor------------- 
Baggage weighs: 17.63 kg
baggage is on conveyor belt-------
---------baggage detected by sensor------------- 
Baggage weighs: 19.86 kg
baggage is on conveyor belt-------
---------baggage detected by sensor------------- 
Baggage weighs: 19.4 kg
baggage is on conveyor belt-------
---------baggage detected by sensor------------- 
Baggage weighs: 19.0 kg
baggage is on conveyor belt-------
---------baggage detected by sensor------------- 
Baggage weighs: 20.5 kg
baggage is on conveyor belt-------
---------baggage detected by sensor------------- 
Baggage weighs: 21.9 kg
baggage is on conveyor belt-------
---------baggage detected by sensor------------- 
Baggage weighs: 19.82 kg
baggage is on conveyor belt-------
---------baggage detected by sensor------------- 
Baggage weighs: 18.98 kg
baggage is on conveyor belt-------
---------baggage detected by sensor------------- 
Baggage weighs: 19.28 kg
baggage is on conveyor belt-------
---------baggage detected by sensor------------- 
Baggage weighs: 18.06 kg
baggage is on conveyor belt-------
---------baggage detected by sensor------------- 
Baggage weighs: 20.2 kg
baggage is on conveyor belt-------
---------baggage detected by sensor------------- 
Baggage weighs: 19.74 kg
baggage is on conveyor belt-------
---------baggage detected by sensor------------- 
Baggage weighs: 17.44 kg
baggage is on conveyor belt-------
---------baggage detected by sensor------------- 
Baggage weighs: 19.36 kg
baggage is on conveyor belt-------
---------baggage detected by sensor------------- 
Baggage weighs: 20.4 kg
baggage is on conveyor belt-------
---------baggage detected by sensor------------- 
Baggage weighs: 18.92 kg
baggage is on conveyor belt-------
---------baggage detected by sensor------------- 
Baggage weighs: 18.48 kg
baggage is on conveyor belt-------
---------baggage detected by sensor------------- 
Baggage weighs: 17.34 kg
baggage is on conveyor belt-------
---------baggage detected by sensor------------- 
Baggage weighs: 20.57 kg
baggage is on conveyor belt-------
---------baggage detected by sensor------------- 
Baggage weighs: 17.19 kg
baggage is on conveyor belt-------
---------baggage detected by sensor------------- 
Baggage weighs: 18.25 kg
baggage is on conveyor belt-------
---------baggage detected by sensor------------- 
Baggage weighs: 19.29 kg
baggage is on conveyor belt-------
---------baggage detected by sensor------------- 
Baggage weighs: 16.86 kg
baggage is on conveyor belt-------
---------baggage detected by sensor------------- 
Baggage weighs: 19.34 kg
baggage is on conveyor belt-------
---------baggage detected by sensor------------- 
Baggage weighs: 19.32 kg
baggage is on conveyor belt-------
---------baggage detected by sensor------------- 
Baggage weighs: 18.15 kg
baggage is on conveyor belt-------
---------baggage detected by sensor------------- 
Baggage weighs: 18.98 kg
baggage is on conveyor belt-------
---------baggage detected by sensor------------- 
Baggage weighs: 21.84 kg
baggage is on conveyor belt-------
---------baggage detected by sensor------------- 
Baggage weighs: 20.53 kg
baggage is on conveyor belt-------
---------baggage detected by sensor------------- 
Baggage weighs: 20.62 kg
baggage is on conveyor belt-------
---------baggage detected by sensor------------- 
Baggage weighs: 20.7 kg
baggage is on conveyor belt-------
---------baggage detected by sensor------------- 
Baggage weighs: 19.64 kg
baggage is on conveyor belt-------
---------baggage detected by sensor------------- 
Baggage weighs: 16.11 kg
baggage is on conveyor belt-------
---------baggage detected by sensor------------- 
Baggage weighs: 22.24 kg
baggage is on conveyor belt-------
---------baggage detected by sensor------------- 
Baggage weighs: 21.47 kg
baggage is on conveyor belt-------
---------baggage detected by sensor------------- 
Baggage weighs: 20.73 kg
baggage is on conveyor belt-------
---------baggage detected by sensor------------- 
Baggage weighs: 19.51 kg
Seat with ID: 33B has been reserved for you!

BOARDING PASS FOR JEWELL WILCOX
-----------------------------------------------------------------------------
LUFTHANSA                      g09v8usfkzt5h80 /  Jewell Wilcox
Jewell Wilcox                                     /  g09v8usfkzt5h80
FRA   LH2121   E  30.Oct                       /  FRA
HKG                                            /  HKG
SEAT ID: 33B                                   /  LH2121 E 30.Oct
SEQ: 163                                      / GATE: A05   22:00
MAX 1  HANDLUGGAGE/ LUGGAGE
-----------------------------------------------------------------------------
sorry Jewell Wilcox we have no voucher for you! Have a nice day!

---------------------------------------------------------------------------------------------------------------
scanning passport with passport id: MN9KG8VAY
searching for ticket in fast bag drop database..............
Ticket found for Erin Welch and Flight LH2121
----searching flight seat for Erin Welch---------
Found a seat with ID 33C
Below details were found in database
------------------------------------------
Name: Erin Welch
Flight ID: LH2121
Source: FRA
Destination: HKG
Gate No: A05
Boarding time: 22:00
Ticket ID: kw4i6x3yw51513i
Booking Class: E
------------------------------------------

Proceed with check-in for flight LH2121 ?
Type YES to CHECK-IN or NO to cancel CHECK-IN
Erin Welch is deciding whether to check-in or to go back home and sleep............
YES CHECK-IN
Checking you in...............
baggage is on conveyor belt-------
---------baggage detected by sensor------------- 
Baggage weighs: 21.58 kg
baggage is on conveyor belt-------
---------baggage detected by sensor------------- 
Baggage weighs: 20.43 kg
baggage is on conveyor belt-------
---------baggage detected by sensor------------- 
Baggage weighs: 18.47 kg
baggage is on conveyor belt-------
---------baggage detected by sensor------------- 
Baggage weighs: 17.86 kg
baggage is on conveyor belt-------
---------baggage detected by sensor------------- 
Baggage weighs: 18.65 kg
baggage is on conveyor belt-------
---------baggage detected by sensor------------- 
Baggage weighs: 19.27 kg
baggage is on conveyor belt-------
---------baggage detected by sensor------------- 
Baggage weighs: 17.42 kg
baggage is on conveyor belt-------
---------baggage detected by sensor------------- 
Baggage weighs: 19.16 kg
baggage is on conveyor belt-------
---------baggage detected by sensor------------- 
Baggage weighs: 19.52 kg
baggage is on conveyor belt-------
---------baggage detected by sensor------------- 
Baggage weighs: 17.51 kg
baggage is on conveyor belt-------
---------baggage detected by sensor------------- 
Baggage weighs: 17.38 kg
baggage is on conveyor belt-------
---------baggage detected by sensor------------- 
Baggage weighs: 18.67 kg
baggage is on conveyor belt-------
---------baggage detected by sensor------------- 
Baggage weighs: 16.98 kg
baggage is on conveyor belt-------
---------baggage detected by sensor------------- 
Baggage weighs: 21.26 kg
baggage is on conveyor belt-------
---------baggage detected by sensor------------- 
Baggage weighs: 18.3 kg
baggage is on conveyor belt-------
---------baggage detected by sensor------------- 
Baggage weighs: 16.81 kg
baggage is on conveyor belt-------
---------baggage detected by sensor------------- 
Baggage weighs: 20.91 kg
baggage is on conveyor belt-------
---------baggage detected by sensor------------- 
Baggage weighs: 21.21 kg
baggage is on conveyor belt-------
---------baggage detected by sensor------------- 
Baggage weighs: 19.69 kg
baggage is on conveyor belt-------
---------baggage detected by sensor------------- 
Baggage weighs: 18.67 kg
baggage is on conveyor belt-------
---------baggage detected by sensor------------- 
Baggage weighs: 19.12 kg
baggage is on conveyor belt-------
---------baggage detected by sensor------------- 
Baggage weighs: 16.42 kg
baggage is on conveyor belt-------
---------baggage detected by sensor------------- 
Baggage weighs: 19.17 kg
baggage is on conveyor belt-------
---------baggage detected by sensor------------- 
Baggage weighs: 19.0 kg
baggage is on conveyor belt-------
---------baggage detected by sensor------------- 
Baggage weighs: 18.78 kg
baggage is on conveyor belt-------
---------baggage detected by sensor------------- 
Baggage weighs: 20.31 kg
baggage is on conveyor belt-------
---------baggage detected by sensor------------- 
Baggage weighs: 21.25 kg
baggage is on conveyor belt-------
---------baggage detected by sensor------------- 
Baggage weighs: 18.87 kg
baggage is on conveyor belt-------
---------baggage detected by sensor------------- 
Baggage weighs: 16.25 kg
baggage is on conveyor belt-------
---------baggage detected by sensor------------- 
Baggage weighs: 19.94 kg
baggage is on conveyor belt-------
---------baggage detected by sensor------------- 
Baggage weighs: 16.88 kg
baggage is on conveyor belt-------
---------baggage detected by sensor------------- 
Baggage weighs: 18.24 kg
baggage is on conveyor belt-------
---------baggage detected by sensor------------- 
Baggage weighs: 17.16 kg
baggage is on conveyor belt-------
---------baggage detected by sensor------------- 
Baggage weighs: 19.34 kg
baggage is on conveyor belt-------
---------baggage detected by sensor------------- 
Baggage weighs: 22.41 kg
baggage is on conveyor belt-------
---------baggage detected by sensor------------- 
Baggage weighs: 20.47 kg
baggage is on conveyor belt-------
---------baggage detected by sensor------------- 
Baggage weighs: 18.81 kg
baggage is on conveyor belt-------
---------baggage detected by sensor------------- 
Baggage weighs: 18.56 kg
baggage is on conveyor belt-------
---------baggage detected by sensor------------- 
Baggage weighs: 17.77 kg
baggage is on conveyor belt-------
---------baggage detected by sensor------------- 
Baggage weighs: 19.32 kg
baggage is on conveyor belt-------
---------baggage detected by sensor------------- 
Baggage weighs: 19.21 kg
baggage is on conveyor belt-------
---------baggage detected by sensor------------- 
Baggage weighs: 19.13 kg
baggage is on conveyor belt-------
---------baggage detected by sensor------------- 
Baggage weighs: 20.39 kg
baggage is on conveyor belt-------
---------baggage detected by sensor------------- 
Baggage weighs: 21.03 kg
baggage is on conveyor belt-------
---------baggage detected by sensor------------- 
Baggage weighs: 20.05 kg
baggage is on conveyor belt-------
---------baggage detected by sensor------------- 
Baggage weighs: 21.92 kg
baggage is on conveyor belt-------
---------baggage detected by sensor------------- 
Baggage weighs: 19.37 kg
baggage is on conveyor belt-------
---------baggage detected by sensor------------- 
Baggage weighs: 20.35 kg
baggage is on conveyor belt-------
---------baggage detected by sensor------------- 
Baggage weighs: 18.73 kg
baggage is on conveyor belt-------
---------baggage detected by sensor------------- 
Baggage weighs: 20.33 kg
baggage is on conveyor belt-------
---------baggage detected by sensor------------- 
Baggage weighs: 22.01 kg
baggage is on conveyor belt-------
---------baggage detected by sensor------------- 
Baggage weighs: 19.27 kg
baggage is on conveyor belt-------
---------baggage detected by sensor------------- 
Baggage weighs: 21.18 kg
baggage is on conveyor belt-------
---------baggage detected by sensor------------- 
Baggage weighs: 17.16 kg
baggage is on conveyor belt-------
---------baggage detected by sensor------------- 
Baggage weighs: 20.04 kg
baggage is on conveyor belt-------
---------baggage detected by sensor------------- 
Baggage weighs: 20.91 kg
baggage is on conveyor belt-------
---------baggage detected by sensor------------- 
Baggage weighs: 20.3 kg
baggage is on conveyor belt-------
---------baggage detected by sensor------------- 
Baggage weighs: 20.38 kg
baggage is on conveyor belt-------
---------baggage detected by sensor------------- 
Baggage weighs: 16.54 kg
baggage is on conveyor belt-------
---------baggage detected by sensor------------- 
Baggage weighs: 18.87 kg
baggage is on conveyor belt-------
---------baggage detected by sensor------------- 
Baggage weighs: 20.22 kg
baggage is on conveyor belt-------
---------baggage detected by sensor------------- 
Baggage weighs: 20.75 kg
baggage is on conveyor belt-------
---------baggage detected by sensor------------- 
Baggage weighs: 17.4 kg
baggage is on conveyor belt-------
---------baggage detected by sensor------------- 
Baggage weighs: 20.27 kg
baggage is on conveyor belt-------
---------baggage detected by sensor------------- 
Baggage weighs: 17.04 kg
baggage is on conveyor belt-------
---------baggage detected by sensor------------- 
Baggage weighs: 19.84 kg
baggage is on conveyor belt-------
---------baggage detected by sensor------------- 
Baggage weighs: 17.34 kg
baggage is on conveyor belt-------
---------baggage detected by sensor------------- 
Baggage weighs: 18.75 kg
baggage is on conveyor belt-------
---------baggage detected by sensor------------- 
Baggage weighs: 19.12 kg
baggage is on conveyor belt-------
---------baggage detected by sensor------------- 
Baggage weighs: 18.29 kg
baggage is on conveyor belt-------
---------baggage detected by sensor------------- 
Baggage weighs: 17.94 kg
baggage is on conveyor belt-------
---------baggage detected by sensor------------- 
Baggage weighs: 19.09 kg
baggage is on conveyor belt-------
---------baggage detected by sensor------------- 
Baggage weighs: 22.39 kg
baggage is on conveyor belt-------
---------baggage detected by sensor------------- 
Baggage weighs: 21.23 kg
baggage is on conveyor belt-------
---------baggage detected by sensor------------- 
Baggage weighs: 17.56 kg
baggage is on conveyor belt-------
---------baggage detected by sensor------------- 
Baggage weighs: 18.37 kg
baggage is on conveyor belt-------
---------baggage detected by sensor------------- 
Baggage weighs: 21.4 kg
baggage is on conveyor belt-------
---------baggage detected by sensor------------- 
Baggage weighs: 20.25 kg
baggage is on conveyor belt-------
---------baggage detected by sensor------------- 
Baggage weighs: 23.0 kg
baggage is on conveyor belt-------
---------baggage detected by sensor------------- 
Baggage weighs: 17.01 kg
baggage is on conveyor belt-------
---------baggage detected by sensor------------- 
Baggage weighs: 17.39 kg
baggage is on conveyor belt-------
---------baggage detected by sensor------------- 
Baggage weighs: 16.7 kg
baggage is on conveyor belt-------
---------baggage detected by sensor------------- 
Baggage weighs: 16.23 kg
baggage is on conveyor belt-------
---------baggage detected by sensor------------- 
Baggage weighs: 19.13 kg
baggage is on conveyor belt-------
---------baggage detected by sensor------------- 
Baggage weighs: 21.07 kg
baggage is on conveyor belt-------
---------baggage detected by sensor------------- 
Baggage weighs: 17.87 kg
baggage is on conveyor belt-------
---------baggage detected by sensor------------- 
Baggage weighs: 19.92 kg
baggage is on conveyor belt-------
---------baggage detected by sensor------------- 
Baggage weighs: 19.22 kg
baggage is on conveyor belt-------
---------baggage detected by sensor------------- 
Baggage weighs: 21.53 kg
baggage is on conveyor belt-------
---------baggage detected by sensor------------- 
Baggage weighs: 20.29 kg
baggage is on conveyor belt-------
---------baggage detected by sensor------------- 
Baggage weighs: 19.32 kg
baggage is on conveyor belt-------
---------baggage detected by sensor------------- 
Baggage weighs: 17.25 kg
baggage is on conveyor belt-------
---------baggage detected by sensor------------- 
Baggage weighs: 21.3 kg
baggage is on conveyor belt-------
---------baggage detected by sensor------------- 
Baggage weighs: 16.79 kg
baggage is on conveyor belt-------
---------baggage detected by sensor------------- 
Baggage weighs: 19.55 kg
baggage is on conveyor belt-------
---------baggage detected by sensor------------- 
Baggage weighs: 18.88 kg
baggage is on conveyor belt-------
---------baggage detected by sensor------------- 
Baggage weighs: 22.33 kg
baggage is on conveyor belt-------
---------baggage detected by sensor------------- 
Baggage weighs: 20.62 kg
baggage is on conveyor belt-------
---------baggage detected by sensor------------- 
Baggage weighs: 19.42 kg
baggage is on conveyor belt-------
---------baggage detected by sensor------------- 
Baggage weighs: 17.54 kg
baggage is on conveyor belt-------
---------baggage detected by sensor------------- 
Baggage weighs: 21.51 kg
baggage is on conveyor belt-------
---------baggage detected by sensor------------- 
Baggage weighs: 19.46 kg
baggage is on conveyor belt-------
---------baggage detected by sensor------------- 
Baggage weighs: 17.83 kg
baggage is on conveyor belt-------
---------baggage detected by sensor------------- 
Baggage weighs: 17.75 kg
baggage is on conveyor belt-------
---------baggage detected by sensor------------- 
Baggage weighs: 17.44 kg
baggage is on conveyor belt-------
---------baggage detected by sensor------------- 
Baggage weighs: 19.53 kg
baggage is on conveyor belt-------
---------baggage detected by sensor------------- 
Baggage weighs: 17.51 kg
baggage is on conveyor belt-------
---------baggage detected by sensor------------- 
Baggage weighs: 18.2 kg
baggage is on conveyor belt-------
---------baggage detected by sensor------------- 
Baggage weighs: 21.55 kg
baggage is on conveyor belt-------
---------baggage detected by sensor------------- 
Baggage weighs: 19.67 kg
baggage is on conveyor belt-------
---------baggage detected by sensor------------- 
Baggage weighs: 19.52 kg
baggage is on conveyor belt-------
---------baggage detected by sensor------------- 
Baggage weighs: 21.06 kg
baggage is on conveyor belt-------
---------baggage detected by sensor------------- 
Baggage weighs: 17.44 kg
baggage is on conveyor belt-------
---------baggage detected by sensor------------- 
Baggage weighs: 19.21 kg
baggage is on conveyor belt-------
---------baggage detected by sensor------------- 
Baggage weighs: 21.65 kg
baggage is on conveyor belt-------
---------baggage detected by sensor------------- 
Baggage weighs: 19.64 kg
baggage is on conveyor belt-------
---------baggage detected by sensor------------- 
Baggage weighs: 21.03 kg
baggage is on conveyor belt-------
---------baggage detected by sensor------------- 
Baggage weighs: 19.76 kg
baggage is on conveyor belt-------
---------baggage detected by sensor------------- 
Baggage weighs: 21.01 kg
baggage is on conveyor belt-------
---------baggage detected by sensor------------- 
Baggage weighs: 19.11 kg
baggage is on conveyor belt-------
---------baggage detected by sensor------------- 
Baggage weighs: 18.54 kg
baggage is on conveyor belt-------
---------baggage detected by sensor------------- 
Baggage weighs: 16.86 kg
baggage is on conveyor belt-------
---------baggage detected by sensor------------- 
Baggage weighs: 16.59 kg
baggage is on conveyor belt-------
---------baggage detected by sensor------------- 
Baggage weighs: 19.26 kg
baggage is on conveyor belt-------
---------baggage detected by sensor------------- 
Baggage weighs: 18.34 kg
baggage is on conveyor belt-------
---------baggage detected by sensor------------- 
Baggage weighs: 19.09 kg
baggage is on conveyor belt-------
---------baggage detected by sensor------------- 
Baggage weighs: 22.38 kg
baggage is on conveyor belt-------
---------baggage detected by sensor------------- 
Baggage weighs: 22.12 kg
baggage is on conveyor belt-------
---------baggage detected by sensor------------- 
Baggage weighs: 16.75 kg
baggage is on conveyor belt-------
---------baggage detected by sensor------------- 
Baggage weighs: 20.36 kg
baggage is on conveyor belt-------
---------baggage detected by sensor------------- 
Baggage weighs: 20.94 kg
baggage is on conveyor belt-------
---------baggage detected by sensor------------- 
Baggage weighs: 19.8 kg
baggage is on conveyor belt-------
---------baggage detected by sensor------------- 
Baggage weighs: 19.12 kg
baggage is on conveyor belt-------
---------baggage detected by sensor------------- 
Baggage weighs: 16.93 kg
baggage is on conveyor belt-------
---------baggage detected by sensor------------- 
Baggage weighs: 20.48 kg
baggage is on conveyor belt-------
---------baggage detected by sensor------------- 
Baggage weighs: 17.63 kg
baggage is on conveyor belt-------
---------baggage detected by sensor------------- 
Baggage weighs: 19.86 kg
baggage is on conveyor belt-------
---------baggage detected by sensor------------- 
Baggage weighs: 19.4 kg
baggage is on conveyor belt-------
---------baggage detected by sensor------------- 
Baggage weighs: 19.0 kg
baggage is on conveyor belt-------
---------baggage detected by sensor------------- 
Baggage weighs: 20.5 kg
baggage is on conveyor belt-------
---------baggage detected by sensor------------- 
Baggage weighs: 21.9 kg
baggage is on conveyor belt-------
---------baggage detected by sensor------------- 
Baggage weighs: 19.82 kg
baggage is on conveyor belt-------
---------baggage detected by sensor------------- 
Baggage weighs: 18.98 kg
baggage is on conveyor belt-------
---------baggage detected by sensor------------- 
Baggage weighs: 19.28 kg
baggage is on conveyor belt-------
---------baggage detected by sensor------------- 
Baggage weighs: 18.06 kg
baggage is on conveyor belt-------
---------baggage detected by sensor------------- 
Baggage weighs: 20.2 kg
baggage is on conveyor belt-------
---------baggage detected by sensor------------- 
Baggage weighs: 19.74 kg
baggage is on conveyor belt-------
---------baggage detected by sensor------------- 
Baggage weighs: 17.44 kg
baggage is on conveyor belt-------
---------baggage detected by sensor------------- 
Baggage weighs: 19.36 kg
baggage is on conveyor belt-------
---------baggage detected by sensor------------- 
Baggage weighs: 20.4 kg
baggage is on conveyor belt-------
---------baggage detected by sensor------------- 
Baggage weighs: 18.92 kg
baggage is on conveyor belt-------
---------baggage detected by sensor------------- 
Baggage weighs: 18.48 kg
baggage is on conveyor belt-------
---------baggage detected by sensor------------- 
Baggage weighs: 17.34 kg
baggage is on conveyor belt-------
---------baggage detected by sensor------------- 
Baggage weighs: 20.57 kg
baggage is on conveyor belt-------
---------baggage detected by sensor------------- 
Baggage weighs: 17.19 kg
baggage is on conveyor belt-------
---------baggage detected by sensor------------- 
Baggage weighs: 18.25 kg
baggage is on conveyor belt-------
---------baggage detected by sensor------------- 
Baggage weighs: 19.29 kg
baggage is on conveyor belt-------
---------baggage detected by sensor------------- 
Baggage weighs: 16.86 kg
baggage is on conveyor belt-------
---------baggage detected by sensor------------- 
Baggage weighs: 19.34 kg
baggage is on conveyor belt-------
---------baggage detected by sensor------------- 
Baggage weighs: 19.32 kg
baggage is on conveyor belt-------
---------baggage detected by sensor------------- 
Baggage weighs: 18.15 kg
baggage is on conveyor belt-------
---------baggage detected by sensor------------- 
Baggage weighs: 18.98 kg
baggage is on conveyor belt-------
---------baggage detected by sensor------------- 
Baggage weighs: 21.84 kg
baggage is on conveyor belt-------
---------baggage detected by sensor------------- 
Baggage weighs: 20.53 kg
baggage is on conveyor belt-------
---------baggage detected by sensor------------- 
Baggage weighs: 20.62 kg
baggage is on conveyor belt-------
---------baggage detected by sensor------------- 
Baggage weighs: 20.7 kg
baggage is on conveyor belt-------
---------baggage detected by sensor------------- 
Baggage weighs: 19.64 kg
baggage is on conveyor belt-------
---------baggage detected by sensor------------- 
Baggage weighs: 16.11 kg
baggage is on conveyor belt-------
---------baggage detected by sensor------------- 
Baggage weighs: 22.24 kg
baggage is on conveyor belt-------
---------baggage detected by sensor------------- 
Baggage weighs: 21.47 kg
baggage is on conveyor belt-------
---------baggage detected by sensor------------- 
Baggage weighs: 20.73 kg
baggage is on conveyor belt-------
---------baggage detected by sensor------------- 
Baggage weighs: 19.51 kg
baggage is on conveyor belt-------
---------baggage detected by sensor------------- 
Baggage weighs: 20.11 kg
Seat with ID: 33C has been reserved for you!

BOARDING PASS FOR ERIN WELCH
-----------------------------------------------------------------------------
LUFTHANSA                      kw4i6x3yw51513i /  Erin Welch
Erin Welch                                     /  kw4i6x3yw51513i
FRA   LH2121   E  30.Oct                       /  FRA
HKG                                            /  HKG
SEAT ID: 33C                                   /  LH2121 E 30.Oct
SEQ: 164                                      / GATE: A05   22:00
MAX 1  HANDLUGGAGE/ LUGGAGE
-----------------------------------------------------------------------------
sorry Erin Welch we have no voucher for you! Have a nice day!

---------------------------------------------------------------------------------------------------------------
scanning passport with passport id: VY91A048P
searching for ticket in fast bag drop database..............
Ticket found for Young Campbell and Flight LH2121
----searching flight seat for Young Campbell---------
Found a seat with ID 33D
Below details were found in database
------------------------------------------
Name: Young Campbell
Flight ID: LH2121
Source: FRA
Destination: HKG
Gate No: A05
Boarding time: 22:00
Ticket ID: l0ootpwr7gblr1e
Booking Class: E
------------------------------------------

Proceed with check-in for flight LH2121 ?
Type YES to CHECK-IN or NO to cancel CHECK-IN
Young Campbell is deciding whether to check-in or to go back home and sleep............
YES CHECK-IN
Checking you in...............
baggage is on conveyor belt-------
---------baggage detected by sensor------------- 
Baggage weighs: 21.58 kg
baggage is on conveyor belt-------
---------baggage detected by sensor------------- 
Baggage weighs: 20.43 kg
baggage is on conveyor belt-------
---------baggage detected by sensor------------- 
Baggage weighs: 18.47 kg
baggage is on conveyor belt-------
---------baggage detected by sensor------------- 
Baggage weighs: 17.86 kg
baggage is on conveyor belt-------
---------baggage detected by sensor------------- 
Baggage weighs: 18.65 kg
baggage is on conveyor belt-------
---------baggage detected by sensor------------- 
Baggage weighs: 19.27 kg
baggage is on conveyor belt-------
---------baggage detected by sensor------------- 
Baggage weighs: 17.42 kg
baggage is on conveyor belt-------
---------baggage detected by sensor------------- 
Baggage weighs: 19.16 kg
baggage is on conveyor belt-------
---------baggage detected by sensor------------- 
Baggage weighs: 19.52 kg
baggage is on conveyor belt-------
---------baggage detected by sensor------------- 
Baggage weighs: 17.51 kg
baggage is on conveyor belt-------
---------baggage detected by sensor------------- 
Baggage weighs: 17.38 kg
baggage is on conveyor belt-------
---------baggage detected by sensor------------- 
Baggage weighs: 18.67 kg
baggage is on conveyor belt-------
---------baggage detected by sensor------------- 
Baggage weighs: 16.98 kg
baggage is on conveyor belt-------
---------baggage detected by sensor------------- 
Baggage weighs: 21.26 kg
baggage is on conveyor belt-------
---------baggage detected by sensor------------- 
Baggage weighs: 18.3 kg
baggage is on conveyor belt-------
---------baggage detected by sensor------------- 
Baggage weighs: 16.81 kg
baggage is on conveyor belt-------
---------baggage detected by sensor------------- 
Baggage weighs: 20.91 kg
baggage is on conveyor belt-------
---------baggage detected by sensor------------- 
Baggage weighs: 21.21 kg
baggage is on conveyor belt-------
---------baggage detected by sensor------------- 
Baggage weighs: 19.69 kg
baggage is on conveyor belt-------
---------baggage detected by sensor------------- 
Baggage weighs: 18.67 kg
baggage is on conveyor belt-------
---------baggage detected by sensor------------- 
Baggage weighs: 19.12 kg
baggage is on conveyor belt-------
---------baggage detected by sensor------------- 
Baggage weighs: 16.42 kg
baggage is on conveyor belt-------
---------baggage detected by sensor------------- 
Baggage weighs: 19.17 kg
baggage is on conveyor belt-------
---------baggage detected by sensor------------- 
Baggage weighs: 19.0 kg
baggage is on conveyor belt-------
---------baggage detected by sensor------------- 
Baggage weighs: 18.78 kg
baggage is on conveyor belt-------
---------baggage detected by sensor------------- 
Baggage weighs: 20.31 kg
baggage is on conveyor belt-------
---------baggage detected by sensor------------- 
Baggage weighs: 21.25 kg
baggage is on conveyor belt-------
---------baggage detected by sensor------------- 
Baggage weighs: 18.87 kg
baggage is on conveyor belt-------
---------baggage detected by sensor------------- 
Baggage weighs: 16.25 kg
baggage is on conveyor belt-------
---------baggage detected by sensor------------- 
Baggage weighs: 19.94 kg
baggage is on conveyor belt-------
---------baggage detected by sensor------------- 
Baggage weighs: 16.88 kg
baggage is on conveyor belt-------
---------baggage detected by sensor------------- 
Baggage weighs: 18.24 kg
baggage is on conveyor belt-------
---------baggage detected by sensor------------- 
Baggage weighs: 17.16 kg
baggage is on conveyor belt-------
---------baggage detected by sensor------------- 
Baggage weighs: 19.34 kg
baggage is on conveyor belt-------
---------baggage detected by sensor------------- 
Baggage weighs: 22.41 kg
baggage is on conveyor belt-------
---------baggage detected by sensor------------- 
Baggage weighs: 20.47 kg
baggage is on conveyor belt-------
---------baggage detected by sensor------------- 
Baggage weighs: 18.81 kg
baggage is on conveyor belt-------
---------baggage detected by sensor------------- 
Baggage weighs: 18.56 kg
baggage is on conveyor belt-------
---------baggage detected by sensor------------- 
Baggage weighs: 17.77 kg
baggage is on conveyor belt-------
---------baggage detected by sensor------------- 
Baggage weighs: 19.32 kg
baggage is on conveyor belt-------
---------baggage detected by sensor------------- 
Baggage weighs: 19.21 kg
baggage is on conveyor belt-------
---------baggage detected by sensor------------- 
Baggage weighs: 19.13 kg
baggage is on conveyor belt-------
---------baggage detected by sensor------------- 
Baggage weighs: 20.39 kg
baggage is on conveyor belt-------
---------baggage detected by sensor------------- 
Baggage weighs: 21.03 kg
baggage is on conveyor belt-------
---------baggage detected by sensor------------- 
Baggage weighs: 20.05 kg
baggage is on conveyor belt-------
---------baggage detected by sensor------------- 
Baggage weighs: 21.92 kg
baggage is on conveyor belt-------
---------baggage detected by sensor------------- 
Baggage weighs: 19.37 kg
baggage is on conveyor belt-------
---------baggage detected by sensor------------- 
Baggage weighs: 20.35 kg
baggage is on conveyor belt-------
---------baggage detected by sensor------------- 
Baggage weighs: 18.73 kg
baggage is on conveyor belt-------
---------baggage detected by sensor------------- 
Baggage weighs: 20.33 kg
baggage is on conveyor belt-------
---------baggage detected by sensor------------- 
Baggage weighs: 22.01 kg
baggage is on conveyor belt-------
---------baggage detected by sensor------------- 
Baggage weighs: 19.27 kg
baggage is on conveyor belt-------
---------baggage detected by sensor------------- 
Baggage weighs: 21.18 kg
baggage is on conveyor belt-------
---------baggage detected by sensor------------- 
Baggage weighs: 17.16 kg
baggage is on conveyor belt-------
---------baggage detected by sensor------------- 
Baggage weighs: 20.04 kg
baggage is on conveyor belt-------
---------baggage detected by sensor------------- 
Baggage weighs: 20.91 kg
baggage is on conveyor belt-------
---------baggage detected by sensor------------- 
Baggage weighs: 20.3 kg
baggage is on conveyor belt-------
---------baggage detected by sensor------------- 
Baggage weighs: 20.38 kg
baggage is on conveyor belt-------
---------baggage detected by sensor------------- 
Baggage weighs: 16.54 kg
baggage is on conveyor belt-------
---------baggage detected by sensor------------- 
Baggage weighs: 18.87 kg
baggage is on conveyor belt-------
---------baggage detected by sensor------------- 
Baggage weighs: 20.22 kg
baggage is on conveyor belt-------
---------baggage detected by sensor------------- 
Baggage weighs: 20.75 kg
baggage is on conveyor belt-------
---------baggage detected by sensor------------- 
Baggage weighs: 17.4 kg
baggage is on conveyor belt-------
---------baggage detected by sensor------------- 
Baggage weighs: 20.27 kg
baggage is on conveyor belt-------
---------baggage detected by sensor------------- 
Baggage weighs: 17.04 kg
baggage is on conveyor belt-------
---------baggage detected by sensor------------- 
Baggage weighs: 19.84 kg
baggage is on conveyor belt-------
---------baggage detected by sensor------------- 
Baggage weighs: 17.34 kg
baggage is on conveyor belt-------
---------baggage detected by sensor------------- 
Baggage weighs: 18.75 kg
baggage is on conveyor belt-------
---------baggage detected by sensor------------- 
Baggage weighs: 19.12 kg
baggage is on conveyor belt-------
---------baggage detected by sensor------------- 
Baggage weighs: 18.29 kg
baggage is on conveyor belt-------
---------baggage detected by sensor------------- 
Baggage weighs: 17.94 kg
baggage is on conveyor belt-------
---------baggage detected by sensor------------- 
Baggage weighs: 19.09 kg
baggage is on conveyor belt-------
---------baggage detected by sensor------------- 
Baggage weighs: 22.39 kg
baggage is on conveyor belt-------
---------baggage detected by sensor------------- 
Baggage weighs: 21.23 kg
baggage is on conveyor belt-------
---------baggage detected by sensor------------- 
Baggage weighs: 17.56 kg
baggage is on conveyor belt-------
---------baggage detected by sensor------------- 
Baggage weighs: 18.37 kg
baggage is on conveyor belt-------
---------baggage detected by sensor------------- 
Baggage weighs: 21.4 kg
baggage is on conveyor belt-------
---------baggage detected by sensor------------- 
Baggage weighs: 20.25 kg
baggage is on conveyor belt-------
---------baggage detected by sensor------------- 
Baggage weighs: 23.0 kg
baggage is on conveyor belt-------
---------baggage detected by sensor------------- 
Baggage weighs: 17.01 kg
baggage is on conveyor belt-------
---------baggage detected by sensor------------- 
Baggage weighs: 17.39 kg
baggage is on conveyor belt-------
---------baggage detected by sensor------------- 
Baggage weighs: 16.7 kg
baggage is on conveyor belt-------
---------baggage detected by sensor------------- 
Baggage weighs: 16.23 kg
baggage is on conveyor belt-------
---------baggage detected by sensor------------- 
Baggage weighs: 19.13 kg
baggage is on conveyor belt-------
---------baggage detected by sensor------------- 
Baggage weighs: 21.07 kg
baggage is on conveyor belt-------
---------baggage detected by sensor------------- 
Baggage weighs: 17.87 kg
baggage is on conveyor belt-------
---------baggage detected by sensor------------- 
Baggage weighs: 19.92 kg
baggage is on conveyor belt-------
---------baggage detected by sensor------------- 
Baggage weighs: 19.22 kg
baggage is on conveyor belt-------
---------baggage detected by sensor------------- 
Baggage weighs: 21.53 kg
baggage is on conveyor belt-------
---------baggage detected by sensor------------- 
Baggage weighs: 20.29 kg
baggage is on conveyor belt-------
---------baggage detected by sensor------------- 
Baggage weighs: 19.32 kg
baggage is on conveyor belt-------
---------baggage detected by sensor------------- 
Baggage weighs: 17.25 kg
baggage is on conveyor belt-------
---------baggage detected by sensor------------- 
Baggage weighs: 21.3 kg
baggage is on conveyor belt-------
---------baggage detected by sensor------------- 
Baggage weighs: 16.79 kg
baggage is on conveyor belt-------
---------baggage detected by sensor------------- 
Baggage weighs: 19.55 kg
baggage is on conveyor belt-------
---------baggage detected by sensor------------- 
Baggage weighs: 18.88 kg
baggage is on conveyor belt-------
---------baggage detected by sensor------------- 
Baggage weighs: 22.33 kg
baggage is on conveyor belt-------
---------baggage detected by sensor------------- 
Baggage weighs: 20.62 kg
baggage is on conveyor belt-------
---------baggage detected by sensor------------- 
Baggage weighs: 19.42 kg
baggage is on conveyor belt-------
---------baggage detected by sensor------------- 
Baggage weighs: 17.54 kg
baggage is on conveyor belt-------
---------baggage detected by sensor------------- 
Baggage weighs: 21.51 kg
baggage is on conveyor belt-------
---------baggage detected by sensor------------- 
Baggage weighs: 19.46 kg
baggage is on conveyor belt-------
---------baggage detected by sensor------------- 
Baggage weighs: 17.83 kg
baggage is on conveyor belt-------
---------baggage detected by sensor------------- 
Baggage weighs: 17.75 kg
baggage is on conveyor belt-------
---------baggage detected by sensor------------- 
Baggage weighs: 17.44 kg
baggage is on conveyor belt-------
---------baggage detected by sensor------------- 
Baggage weighs: 19.53 kg
baggage is on conveyor belt-------
---------baggage detected by sensor------------- 
Baggage weighs: 17.51 kg
baggage is on conveyor belt-------
---------baggage detected by sensor------------- 
Baggage weighs: 18.2 kg
baggage is on conveyor belt-------
---------baggage detected by sensor------------- 
Baggage weighs: 21.55 kg
baggage is on conveyor belt-------
---------baggage detected by sensor------------- 
Baggage weighs: 19.67 kg
baggage is on conveyor belt-------
---------baggage detected by sensor------------- 
Baggage weighs: 19.52 kg
baggage is on conveyor belt-------
---------baggage detected by sensor------------- 
Baggage weighs: 21.06 kg
baggage is on conveyor belt-------
---------baggage detected by sensor------------- 
Baggage weighs: 17.44 kg
baggage is on conveyor belt-------
---------baggage detected by sensor------------- 
Baggage weighs: 19.21 kg
baggage is on conveyor belt-------
---------baggage detected by sensor------------- 
Baggage weighs: 21.65 kg
baggage is on conveyor belt-------
---------baggage detected by sensor------------- 
Baggage weighs: 19.64 kg
baggage is on conveyor belt-------
---------baggage detected by sensor------------- 
Baggage weighs: 21.03 kg
baggage is on conveyor belt-------
---------baggage detected by sensor------------- 
Baggage weighs: 19.76 kg
baggage is on conveyor belt-------
---------baggage detected by sensor------------- 
Baggage weighs: 21.01 kg
baggage is on conveyor belt-------
---------baggage detected by sensor------------- 
Baggage weighs: 19.11 kg
baggage is on conveyor belt-------
---------baggage detected by sensor------------- 
Baggage weighs: 18.54 kg
baggage is on conveyor belt-------
---------baggage detected by sensor------------- 
Baggage weighs: 16.86 kg
baggage is on conveyor belt-------
---------baggage detected by sensor------------- 
Baggage weighs: 16.59 kg
baggage is on conveyor belt-------
---------baggage detected by sensor------------- 
Baggage weighs: 19.26 kg
baggage is on conveyor belt-------
---------baggage detected by sensor------------- 
Baggage weighs: 18.34 kg
baggage is on conveyor belt-------
---------baggage detected by sensor------------- 
Baggage weighs: 19.09 kg
baggage is on conveyor belt-------
---------baggage detected by sensor------------- 
Baggage weighs: 22.38 kg
baggage is on conveyor belt-------
---------baggage detected by sensor------------- 
Baggage weighs: 22.12 kg
baggage is on conveyor belt-------
---------baggage detected by sensor------------- 
Baggage weighs: 16.75 kg
baggage is on conveyor belt-------
---------baggage detected by sensor------------- 
Baggage weighs: 20.36 kg
baggage is on conveyor belt-------
---------baggage detected by sensor------------- 
Baggage weighs: 20.94 kg
baggage is on conveyor belt-------
---------baggage detected by sensor------------- 
Baggage weighs: 19.8 kg
baggage is on conveyor belt-------
---------baggage detected by sensor------------- 
Baggage weighs: 19.12 kg
baggage is on conveyor belt-------
---------baggage detected by sensor------------- 
Baggage weighs: 16.93 kg
baggage is on conveyor belt-------
---------baggage detected by sensor------------- 
Baggage weighs: 20.48 kg
baggage is on conveyor belt-------
---------baggage detected by sensor------------- 
Baggage weighs: 17.63 kg
baggage is on conveyor belt-------
---------baggage detected by sensor------------- 
Baggage weighs: 19.86 kg
baggage is on conveyor belt-------
---------baggage detected by sensor------------- 
Baggage weighs: 19.4 kg
baggage is on conveyor belt-------
---------baggage detected by sensor------------- 
Baggage weighs: 19.0 kg
baggage is on conveyor belt-------
---------baggage detected by sensor------------- 
Baggage weighs: 20.5 kg
baggage is on conveyor belt-------
---------baggage detected by sensor------------- 
Baggage weighs: 21.9 kg
baggage is on conveyor belt-------
---------baggage detected by sensor------------- 
Baggage weighs: 19.82 kg
baggage is on conveyor belt-------
---------baggage detected by sensor------------- 
Baggage weighs: 18.98 kg
baggage is on conveyor belt-------
---------baggage detected by sensor------------- 
Baggage weighs: 19.28 kg
baggage is on conveyor belt-------
---------baggage detected by sensor------------- 
Baggage weighs: 18.06 kg
baggage is on conveyor belt-------
---------baggage detected by sensor------------- 
Baggage weighs: 20.2 kg
baggage is on conveyor belt-------
---------baggage detected by sensor------------- 
Baggage weighs: 19.74 kg
baggage is on conveyor belt-------
---------baggage detected by sensor------------- 
Baggage weighs: 17.44 kg
baggage is on conveyor belt-------
---------baggage detected by sensor------------- 
Baggage weighs: 19.36 kg
baggage is on conveyor belt-------
---------baggage detected by sensor------------- 
Baggage weighs: 20.4 kg
baggage is on conveyor belt-------
---------baggage detected by sensor------------- 
Baggage weighs: 18.92 kg
baggage is on conveyor belt-------
---------baggage detected by sensor------------- 
Baggage weighs: 18.48 kg
baggage is on conveyor belt-------
---------baggage detected by sensor------------- 
Baggage weighs: 17.34 kg
baggage is on conveyor belt-------
---------baggage detected by sensor------------- 
Baggage weighs: 20.57 kg
baggage is on conveyor belt-------
---------baggage detected by sensor------------- 
Baggage weighs: 17.19 kg
baggage is on conveyor belt-------
---------baggage detected by sensor------------- 
Baggage weighs: 18.25 kg
baggage is on conveyor belt-------
---------baggage detected by sensor------------- 
Baggage weighs: 19.29 kg
baggage is on conveyor belt-------
---------baggage detected by sensor------------- 
Baggage weighs: 16.86 kg
baggage is on conveyor belt-------
---------baggage detected by sensor------------- 
Baggage weighs: 19.34 kg
baggage is on conveyor belt-------
---------baggage detected by sensor------------- 
Baggage weighs: 19.32 kg
baggage is on conveyor belt-------
---------baggage detected by sensor------------- 
Baggage weighs: 18.15 kg
baggage is on conveyor belt-------
---------baggage detected by sensor------------- 
Baggage weighs: 18.98 kg
baggage is on conveyor belt-------
---------baggage detected by sensor------------- 
Baggage weighs: 21.84 kg
baggage is on conveyor belt-------
---------baggage detected by sensor------------- 
Baggage weighs: 20.53 kg
baggage is on conveyor belt-------
---------baggage detected by sensor------------- 
Baggage weighs: 20.62 kg
baggage is on conveyor belt-------
---------baggage detected by sensor------------- 
Baggage weighs: 20.7 kg
baggage is on conveyor belt-------
---------baggage detected by sensor------------- 
Baggage weighs: 19.64 kg
baggage is on conveyor belt-------
---------baggage detected by sensor------------- 
Baggage weighs: 16.11 kg
baggage is on conveyor belt-------
---------baggage detected by sensor------------- 
Baggage weighs: 22.24 kg
baggage is on conveyor belt-------
---------baggage detected by sensor------------- 
Baggage weighs: 21.47 kg
baggage is on conveyor belt-------
---------baggage detected by sensor------------- 
Baggage weighs: 20.73 kg
baggage is on conveyor belt-------
---------baggage detected by sensor------------- 
Baggage weighs: 19.51 kg
baggage is on conveyor belt-------
---------baggage detected by sensor------------- 
Baggage weighs: 20.11 kg
baggage is on conveyor belt-------
---------baggage detected by sensor------------- 
Baggage weighs: 20.36 kg
Seat with ID: 33D has been reserved for you!

BOARDING PASS FOR YOUNG CAMPBELL
-----------------------------------------------------------------------------
LUFTHANSA                      l0ootpwr7gblr1e /  Young Campbell
Young Campbell                                     /  l0ootpwr7gblr1e
FRA   LH2121   E  30.Oct                       /  FRA
HKG                                            /  HKG
SEAT ID: 33D                                   /  LH2121 E 30.Oct
SEQ: 165                                      / GATE: A05   22:00
MAX 1  HANDLUGGAGE/ LUGGAGE
-----------------------------------------------------------------------------
sorry Young Campbell we have no voucher for you! Have a nice day!

---------------------------------------------------------------------------------------------------------------
scanning passport with passport id: 923HJ09PO
searching for ticket in fast bag drop database..............
Ticket found for Devon Terrell and Flight LH2121
----searching flight seat for Devon Terrell---------
Found a seat with ID 33E
Below details were found in database
------------------------------------------
Name: Devon Terrell
Flight ID: LH2121
Source: FRA
Destination: HKG
Gate No: A05
Boarding time: 22:00
Ticket ID: 9k9gizkbel7kvqw
Booking Class: E
------------------------------------------

Proceed with check-in for flight LH2121 ?
Type YES to CHECK-IN or NO to cancel CHECK-IN
Devon Terrell is deciding whether to check-in or to go back home and sleep............
YES CHECK-IN
Checking you in...............
baggage is on conveyor belt-------
---------baggage detected by sensor------------- 
Baggage weighs: 21.58 kg
baggage is on conveyor belt-------
---------baggage detected by sensor------------- 
Baggage weighs: 20.43 kg
baggage is on conveyor belt-------
---------baggage detected by sensor------------- 
Baggage weighs: 18.47 kg
baggage is on conveyor belt-------
---------baggage detected by sensor------------- 
Baggage weighs: 17.86 kg
baggage is on conveyor belt-------
---------baggage detected by sensor------------- 
Baggage weighs: 18.65 kg
baggage is on conveyor belt-------
---------baggage detected by sensor------------- 
Baggage weighs: 19.27 kg
baggage is on conveyor belt-------
---------baggage detected by sensor------------- 
Baggage weighs: 17.42 kg
baggage is on conveyor belt-------
---------baggage detected by sensor------------- 
Baggage weighs: 19.16 kg
baggage is on conveyor belt-------
---------baggage detected by sensor------------- 
Baggage weighs: 19.52 kg
baggage is on conveyor belt-------
---------baggage detected by sensor------------- 
Baggage weighs: 17.51 kg
baggage is on conveyor belt-------
---------baggage detected by sensor------------- 
Baggage weighs: 17.38 kg
baggage is on conveyor belt-------
---------baggage detected by sensor------------- 
Baggage weighs: 18.67 kg
baggage is on conveyor belt-------
---------baggage detected by sensor------------- 
Baggage weighs: 16.98 kg
baggage is on conveyor belt-------
---------baggage detected by sensor------------- 
Baggage weighs: 21.26 kg
baggage is on conveyor belt-------
---------baggage detected by sensor------------- 
Baggage weighs: 18.3 kg
baggage is on conveyor belt-------
---------baggage detected by sensor------------- 
Baggage weighs: 16.81 kg
baggage is on conveyor belt-------
---------baggage detected by sensor------------- 
Baggage weighs: 20.91 kg
baggage is on conveyor belt-------
---------baggage detected by sensor------------- 
Baggage weighs: 21.21 kg
baggage is on conveyor belt-------
---------baggage detected by sensor------------- 
Baggage weighs: 19.69 kg
baggage is on conveyor belt-------
---------baggage detected by sensor------------- 
Baggage weighs: 18.67 kg
baggage is on conveyor belt-------
---------baggage detected by sensor------------- 
Baggage weighs: 19.12 kg
baggage is on conveyor belt-------
---------baggage detected by sensor------------- 
Baggage weighs: 16.42 kg
baggage is on conveyor belt-------
---------baggage detected by sensor------------- 
Baggage weighs: 19.17 kg
baggage is on conveyor belt-------
---------baggage detected by sensor------------- 
Baggage weighs: 19.0 kg
baggage is on conveyor belt-------
---------baggage detected by sensor------------- 
Baggage weighs: 18.78 kg
baggage is on conveyor belt-------
---------baggage detected by sensor------------- 
Baggage weighs: 20.31 kg
baggage is on conveyor belt-------
---------baggage detected by sensor------------- 
Baggage weighs: 21.25 kg
baggage is on conveyor belt-------
---------baggage detected by sensor------------- 
Baggage weighs: 18.87 kg
baggage is on conveyor belt-------
---------baggage detected by sensor------------- 
Baggage weighs: 16.25 kg
baggage is on conveyor belt-------
---------baggage detected by sensor------------- 
Baggage weighs: 19.94 kg
baggage is on conveyor belt-------
---------baggage detected by sensor------------- 
Baggage weighs: 16.88 kg
baggage is on conveyor belt-------
---------baggage detected by sensor------------- 
Baggage weighs: 18.24 kg
baggage is on conveyor belt-------
---------baggage detected by sensor------------- 
Baggage weighs: 17.16 kg
baggage is on conveyor belt-------
---------baggage detected by sensor------------- 
Baggage weighs: 19.34 kg
baggage is on conveyor belt-------
---------baggage detected by sensor------------- 
Baggage weighs: 22.41 kg
baggage is on conveyor belt-------
---------baggage detected by sensor------------- 
Baggage weighs: 20.47 kg
baggage is on conveyor belt-------
---------baggage detected by sensor------------- 
Baggage weighs: 18.81 kg
baggage is on conveyor belt-------
---------baggage detected by sensor------------- 
Baggage weighs: 18.56 kg
baggage is on conveyor belt-------
---------baggage detected by sensor------------- 
Baggage weighs: 17.77 kg
baggage is on conveyor belt-------
---------baggage detected by sensor------------- 
Baggage weighs: 19.32 kg
baggage is on conveyor belt-------
---------baggage detected by sensor------------- 
Baggage weighs: 19.21 kg
baggage is on conveyor belt-------
---------baggage detected by sensor------------- 
Baggage weighs: 19.13 kg
baggage is on conveyor belt-------
---------baggage detected by sensor------------- 
Baggage weighs: 20.39 kg
baggage is on conveyor belt-------
---------baggage detected by sensor------------- 
Baggage weighs: 21.03 kg
baggage is on conveyor belt-------
---------baggage detected by sensor------------- 
Baggage weighs: 20.05 kg
baggage is on conveyor belt-------
---------baggage detected by sensor------------- 
Baggage weighs: 21.92 kg
baggage is on conveyor belt-------
---------baggage detected by sensor------------- 
Baggage weighs: 19.37 kg
baggage is on conveyor belt-------
---------baggage detected by sensor------------- 
Baggage weighs: 20.35 kg
baggage is on conveyor belt-------
---------baggage detected by sensor------------- 
Baggage weighs: 18.73 kg
baggage is on conveyor belt-------
---------baggage detected by sensor------------- 
Baggage weighs: 20.33 kg
baggage is on conveyor belt-------
---------baggage detected by sensor------------- 
Baggage weighs: 22.01 kg
baggage is on conveyor belt-------
---------baggage detected by sensor------------- 
Baggage weighs: 19.27 kg
baggage is on conveyor belt-------
---------baggage detected by sensor------------- 
Baggage weighs: 21.18 kg
baggage is on conveyor belt-------
---------baggage detected by sensor------------- 
Baggage weighs: 17.16 kg
baggage is on conveyor belt-------
---------baggage detected by sensor------------- 
Baggage weighs: 20.04 kg
baggage is on conveyor belt-------
---------baggage detected by sensor------------- 
Baggage weighs: 20.91 kg
baggage is on conveyor belt-------
---------baggage detected by sensor------------- 
Baggage weighs: 20.3 kg
baggage is on conveyor belt-------
---------baggage detected by sensor------------- 
Baggage weighs: 20.38 kg
baggage is on conveyor belt-------
---------baggage detected by sensor------------- 
Baggage weighs: 16.54 kg
baggage is on conveyor belt-------
---------baggage detected by sensor------------- 
Baggage weighs: 18.87 kg
baggage is on conveyor belt-------
---------baggage detected by sensor------------- 
Baggage weighs: 20.22 kg
baggage is on conveyor belt-------
---------baggage detected by sensor------------- 
Baggage weighs: 20.75 kg
baggage is on conveyor belt-------
---------baggage detected by sensor------------- 
Baggage weighs: 17.4 kg
baggage is on conveyor belt-------
---------baggage detected by sensor------------- 
Baggage weighs: 20.27 kg
baggage is on conveyor belt-------
---------baggage detected by sensor------------- 
Baggage weighs: 17.04 kg
baggage is on conveyor belt-------
---------baggage detected by sensor------------- 
Baggage weighs: 19.84 kg
baggage is on conveyor belt-------
---------baggage detected by sensor------------- 
Baggage weighs: 17.34 kg
baggage is on conveyor belt-------
---------baggage detected by sensor------------- 
Baggage weighs: 18.75 kg
baggage is on conveyor belt-------
---------baggage detected by sensor------------- 
Baggage weighs: 19.12 kg
baggage is on conveyor belt-------
---------baggage detected by sensor------------- 
Baggage weighs: 18.29 kg
baggage is on conveyor belt-------
---------baggage detected by sensor------------- 
Baggage weighs: 17.94 kg
baggage is on conveyor belt-------
---------baggage detected by sensor------------- 
Baggage weighs: 19.09 kg
baggage is on conveyor belt-------
---------baggage detected by sensor------------- 
Baggage weighs: 22.39 kg
baggage is on conveyor belt-------
---------baggage detected by sensor------------- 
Baggage weighs: 21.23 kg
baggage is on conveyor belt-------
---------baggage detected by sensor------------- 
Baggage weighs: 17.56 kg
baggage is on conveyor belt-------
---------baggage detected by sensor------------- 
Baggage weighs: 18.37 kg
baggage is on conveyor belt-------
---------baggage detected by sensor------------- 
Baggage weighs: 21.4 kg
baggage is on conveyor belt-------
---------baggage detected by sensor------------- 
Baggage weighs: 20.25 kg
baggage is on conveyor belt-------
---------baggage detected by sensor------------- 
Baggage weighs: 23.0 kg
baggage is on conveyor belt-------
---------baggage detected by sensor------------- 
Baggage weighs: 17.01 kg
baggage is on conveyor belt-------
---------baggage detected by sensor------------- 
Baggage weighs: 17.39 kg
baggage is on conveyor belt-------
---------baggage detected by sensor------------- 
Baggage weighs: 16.7 kg
baggage is on conveyor belt-------
---------baggage detected by sensor------------- 
Baggage weighs: 16.23 kg
baggage is on conveyor belt-------
---------baggage detected by sensor------------- 
Baggage weighs: 19.13 kg
baggage is on conveyor belt-------
---------baggage detected by sensor------------- 
Baggage weighs: 21.07 kg
baggage is on conveyor belt-------
---------baggage detected by sensor------------- 
Baggage weighs: 17.87 kg
baggage is on conveyor belt-------
---------baggage detected by sensor------------- 
Baggage weighs: 19.92 kg
baggage is on conveyor belt-------
---------baggage detected by sensor------------- 
Baggage weighs: 19.22 kg
baggage is on conveyor belt-------
---------baggage detected by sensor------------- 
Baggage weighs: 21.53 kg
baggage is on conveyor belt-------
---------baggage detected by sensor------------- 
Baggage weighs: 20.29 kg
baggage is on conveyor belt-------
---------baggage detected by sensor------------- 
Baggage weighs: 19.32 kg
baggage is on conveyor belt-------
---------baggage detected by sensor------------- 
Baggage weighs: 17.25 kg
baggage is on conveyor belt-------
---------baggage detected by sensor------------- 
Baggage weighs: 21.3 kg
baggage is on conveyor belt-------
---------baggage detected by sensor------------- 
Baggage weighs: 16.79 kg
baggage is on conveyor belt-------
---------baggage detected by sensor------------- 
Baggage weighs: 19.55 kg
baggage is on conveyor belt-------
---------baggage detected by sensor------------- 
Baggage weighs: 18.88 kg
baggage is on conveyor belt-------
---------baggage detected by sensor------------- 
Baggage weighs: 22.33 kg
baggage is on conveyor belt-------
---------baggage detected by sensor------------- 
Baggage weighs: 20.62 kg
baggage is on conveyor belt-------
---------baggage detected by sensor------------- 
Baggage weighs: 19.42 kg
baggage is on conveyor belt-------
---------baggage detected by sensor------------- 
Baggage weighs: 17.54 kg
baggage is on conveyor belt-------
---------baggage detected by sensor------------- 
Baggage weighs: 21.51 kg
baggage is on conveyor belt-------
---------baggage detected by sensor------------- 
Baggage weighs: 19.46 kg
baggage is on conveyor belt-------
---------baggage detected by sensor------------- 
Baggage weighs: 17.83 kg
baggage is on conveyor belt-------
---------baggage detected by sensor------------- 
Baggage weighs: 17.75 kg
baggage is on conveyor belt-------
---------baggage detected by sensor------------- 
Baggage weighs: 17.44 kg
baggage is on conveyor belt-------
---------baggage detected by sensor------------- 
Baggage weighs: 19.53 kg
baggage is on conveyor belt-------
---------baggage detected by sensor------------- 
Baggage weighs: 17.51 kg
baggage is on conveyor belt-------
---------baggage detected by sensor------------- 
Baggage weighs: 18.2 kg
baggage is on conveyor belt-------
---------baggage detected by sensor------------- 
Baggage weighs: 21.55 kg
baggage is on conveyor belt-------
---------baggage detected by sensor------------- 
Baggage weighs: 19.67 kg
baggage is on conveyor belt-------
---------baggage detected by sensor------------- 
Baggage weighs: 19.52 kg
baggage is on conveyor belt-------
---------baggage detected by sensor------------- 
Baggage weighs: 21.06 kg
baggage is on conveyor belt-------
---------baggage detected by sensor------------- 
Baggage weighs: 17.44 kg
baggage is on conveyor belt-------
---------baggage detected by sensor------------- 
Baggage weighs: 19.21 kg
baggage is on conveyor belt-------
---------baggage detected by sensor------------- 
Baggage weighs: 21.65 kg
baggage is on conveyor belt-------
---------baggage detected by sensor------------- 
Baggage weighs: 19.64 kg
baggage is on conveyor belt-------
---------baggage detected by sensor------------- 
Baggage weighs: 21.03 kg
baggage is on conveyor belt-------
---------baggage detected by sensor------------- 
Baggage weighs: 19.76 kg
baggage is on conveyor belt-------
---------baggage detected by sensor------------- 
Baggage weighs: 21.01 kg
baggage is on conveyor belt-------
---------baggage detected by sensor------------- 
Baggage weighs: 19.11 kg
baggage is on conveyor belt-------
---------baggage detected by sensor------------- 
Baggage weighs: 18.54 kg
baggage is on conveyor belt-------
---------baggage detected by sensor------------- 
Baggage weighs: 16.86 kg
baggage is on conveyor belt-------
---------baggage detected by sensor------------- 
Baggage weighs: 16.59 kg
baggage is on conveyor belt-------
---------baggage detected by sensor------------- 
Baggage weighs: 19.26 kg
baggage is on conveyor belt-------
---------baggage detected by sensor------------- 
Baggage weighs: 18.34 kg
baggage is on conveyor belt-------
---------baggage detected by sensor------------- 
Baggage weighs: 19.09 kg
baggage is on conveyor belt-------
---------baggage detected by sensor------------- 
Baggage weighs: 22.38 kg
baggage is on conveyor belt-------
---------baggage detected by sensor------------- 
Baggage weighs: 22.12 kg
baggage is on conveyor belt-------
---------baggage detected by sensor------------- 
Baggage weighs: 16.75 kg
baggage is on conveyor belt-------
---------baggage detected by sensor------------- 
Baggage weighs: 20.36 kg
baggage is on conveyor belt-------
---------baggage detected by sensor------------- 
Baggage weighs: 20.94 kg
baggage is on conveyor belt-------
---------baggage detected by sensor------------- 
Baggage weighs: 19.8 kg
baggage is on conveyor belt-------
---------baggage detected by sensor------------- 
Baggage weighs: 19.12 kg
baggage is on conveyor belt-------
---------baggage detected by sensor------------- 
Baggage weighs: 16.93 kg
baggage is on conveyor belt-------
---------baggage detected by sensor------------- 
Baggage weighs: 20.48 kg
baggage is on conveyor belt-------
---------baggage detected by sensor------------- 
Baggage weighs: 17.63 kg
baggage is on conveyor belt-------
---------baggage detected by sensor------------- 
Baggage weighs: 19.86 kg
baggage is on conveyor belt-------
---------baggage detected by sensor------------- 
Baggage weighs: 19.4 kg
baggage is on conveyor belt-------
---------baggage detected by sensor------------- 
Baggage weighs: 19.0 kg
baggage is on conveyor belt-------
---------baggage detected by sensor------------- 
Baggage weighs: 20.5 kg
baggage is on conveyor belt-------
---------baggage detected by sensor------------- 
Baggage weighs: 21.9 kg
baggage is on conveyor belt-------
---------baggage detected by sensor------------- 
Baggage weighs: 19.82 kg
baggage is on conveyor belt-------
---------baggage detected by sensor------------- 
Baggage weighs: 18.98 kg
baggage is on conveyor belt-------
---------baggage detected by sensor------------- 
Baggage weighs: 19.28 kg
baggage is on conveyor belt-------
---------baggage detected by sensor------------- 
Baggage weighs: 18.06 kg
baggage is on conveyor belt-------
---------baggage detected by sensor------------- 
Baggage weighs: 20.2 kg
baggage is on conveyor belt-------
---------baggage detected by sensor------------- 
Baggage weighs: 19.74 kg
baggage is on conveyor belt-------
---------baggage detected by sensor------------- 
Baggage weighs: 17.44 kg
baggage is on conveyor belt-------
---------baggage detected by sensor------------- 
Baggage weighs: 19.36 kg
baggage is on conveyor belt-------
---------baggage detected by sensor------------- 
Baggage weighs: 20.4 kg
baggage is on conveyor belt-------
---------baggage detected by sensor------------- 
Baggage weighs: 18.92 kg
baggage is on conveyor belt-------
---------baggage detected by sensor------------- 
Baggage weighs: 18.48 kg
baggage is on conveyor belt-------
---------baggage detected by sensor------------- 
Baggage weighs: 17.34 kg
baggage is on conveyor belt-------
---------baggage detected by sensor------------- 
Baggage weighs: 20.57 kg
baggage is on conveyor belt-------
---------baggage detected by sensor------------- 
Baggage weighs: 17.19 kg
baggage is on conveyor belt-------
---------baggage detected by sensor------------- 
Baggage weighs: 18.25 kg
baggage is on conveyor belt-------
---------baggage detected by sensor------------- 
Baggage weighs: 19.29 kg
baggage is on conveyor belt-------
---------baggage detected by sensor------------- 
Baggage weighs: 16.86 kg
baggage is on conveyor belt-------
---------baggage detected by sensor------------- 
Baggage weighs: 19.34 kg
baggage is on conveyor belt-------
---------baggage detected by sensor------------- 
Baggage weighs: 19.32 kg
baggage is on conveyor belt-------
---------baggage detected by sensor------------- 
Baggage weighs: 18.15 kg
baggage is on conveyor belt-------
---------baggage detected by sensor------------- 
Baggage weighs: 18.98 kg
baggage is on conveyor belt-------
---------baggage detected by sensor------------- 
Baggage weighs: 21.84 kg
baggage is on conveyor belt-------
---------baggage detected by sensor------------- 
Baggage weighs: 20.53 kg
baggage is on conveyor belt-------
---------baggage detected by sensor------------- 
Baggage weighs: 20.62 kg
baggage is on conveyor belt-------
---------baggage detected by sensor------------- 
Baggage weighs: 20.7 kg
baggage is on conveyor belt-------
---------baggage detected by sensor------------- 
Baggage weighs: 19.64 kg
baggage is on conveyor belt-------
---------baggage detected by sensor------------- 
Baggage weighs: 16.11 kg
baggage is on conveyor belt-------
---------baggage detected by sensor------------- 
Baggage weighs: 22.24 kg
baggage is on conveyor belt-------
---------baggage detected by sensor------------- 
Baggage weighs: 21.47 kg
baggage is on conveyor belt-------
---------baggage detected by sensor------------- 
Baggage weighs: 20.73 kg
baggage is on conveyor belt-------
---------baggage detected by sensor------------- 
Baggage weighs: 19.51 kg
baggage is on conveyor belt-------
---------baggage detected by sensor------------- 
Baggage weighs: 20.11 kg
baggage is on conveyor belt-------
---------baggage detected by sensor------------- 
Baggage weighs: 20.36 kg
baggage is on conveyor belt-------
---------baggage detected by sensor------------- 
Baggage weighs: 18.84 kg
Seat with ID: 33E has been reserved for you!

BOARDING PASS FOR DEVON TERRELL
-----------------------------------------------------------------------------
LUFTHANSA                      9k9gizkbel7kvqw /  Devon Terrell
Devon Terrell                                     /  9k9gizkbel7kvqw
FRA   LH2121   E  30.Oct                       /  FRA
HKG                                            /  HKG
SEAT ID: 33E                                   /  LH2121 E 30.Oct
SEQ: 166                                      / GATE: A05   22:00
MAX 1  HANDLUGGAGE/ LUGGAGE
-----------------------------------------------------------------------------
sorry Devon Terrell we have no voucher for you! Have a nice day!

---------------------------------------------------------------------------------------------------------------
scanning passport with passport id: UXPXVN8TA
searching for ticket in fast bag drop database..............
Ticket found for Nigel Dorsey and Flight LH2121
----searching flight seat for Nigel Dorsey---------
Found a seat with ID 33G
Below details were found in database
------------------------------------------
Name: Nigel Dorsey
Flight ID: LH2121
Source: FRA
Destination: HKG
Gate No: A05
Boarding time: 22:00
Ticket ID: hb60uutsvl3nn30
Booking Class: E
------------------------------------------

Proceed with check-in for flight LH2121 ?
Type YES to CHECK-IN or NO to cancel CHECK-IN
Nigel Dorsey is deciding whether to check-in or to go back home and sleep............
YES CHECK-IN
Checking you in...............
baggage is on conveyor belt-------
---------baggage detected by sensor------------- 
Baggage weighs: 21.58 kg
baggage is on conveyor belt-------
---------baggage detected by sensor------------- 
Baggage weighs: 20.43 kg
baggage is on conveyor belt-------
---------baggage detected by sensor------------- 
Baggage weighs: 18.47 kg
baggage is on conveyor belt-------
---------baggage detected by sensor------------- 
Baggage weighs: 17.86 kg
baggage is on conveyor belt-------
---------baggage detected by sensor------------- 
Baggage weighs: 18.65 kg
baggage is on conveyor belt-------
---------baggage detected by sensor------------- 
Baggage weighs: 19.27 kg
baggage is on conveyor belt-------
---------baggage detected by sensor------------- 
Baggage weighs: 17.42 kg
baggage is on conveyor belt-------
---------baggage detected by sensor------------- 
Baggage weighs: 19.16 kg
baggage is on conveyor belt-------
---------baggage detected by sensor------------- 
Baggage weighs: 19.52 kg
baggage is on conveyor belt-------
---------baggage detected by sensor------------- 
Baggage weighs: 17.51 kg
baggage is on conveyor belt-------
---------baggage detected by sensor------------- 
Baggage weighs: 17.38 kg
baggage is on conveyor belt-------
---------baggage detected by sensor------------- 
Baggage weighs: 18.67 kg
baggage is on conveyor belt-------
---------baggage detected by sensor------------- 
Baggage weighs: 16.98 kg
baggage is on conveyor belt-------
---------baggage detected by sensor------------- 
Baggage weighs: 21.26 kg
baggage is on conveyor belt-------
---------baggage detected by sensor------------- 
Baggage weighs: 18.3 kg
baggage is on conveyor belt-------
---------baggage detected by sensor------------- 
Baggage weighs: 16.81 kg
baggage is on conveyor belt-------
---------baggage detected by sensor------------- 
Baggage weighs: 20.91 kg
baggage is on conveyor belt-------
---------baggage detected by sensor------------- 
Baggage weighs: 21.21 kg
baggage is on conveyor belt-------
---------baggage detected by sensor------------- 
Baggage weighs: 19.69 kg
baggage is on conveyor belt-------
---------baggage detected by sensor------------- 
Baggage weighs: 18.67 kg
baggage is on conveyor belt-------
---------baggage detected by sensor------------- 
Baggage weighs: 19.12 kg
baggage is on conveyor belt-------
---------baggage detected by sensor------------- 
Baggage weighs: 16.42 kg
baggage is on conveyor belt-------
---------baggage detected by sensor------------- 
Baggage weighs: 19.17 kg
baggage is on conveyor belt-------
---------baggage detected by sensor------------- 
Baggage weighs: 19.0 kg
baggage is on conveyor belt-------
---------baggage detected by sensor------------- 
Baggage weighs: 18.78 kg
baggage is on conveyor belt-------
---------baggage detected by sensor------------- 
Baggage weighs: 20.31 kg
baggage is on conveyor belt-------
---------baggage detected by sensor------------- 
Baggage weighs: 21.25 kg
baggage is on conveyor belt-------
---------baggage detected by sensor------------- 
Baggage weighs: 18.87 kg
baggage is on conveyor belt-------
---------baggage detected by sensor------------- 
Baggage weighs: 16.25 kg
baggage is on conveyor belt-------
---------baggage detected by sensor------------- 
Baggage weighs: 19.94 kg
baggage is on conveyor belt-------
---------baggage detected by sensor------------- 
Baggage weighs: 16.88 kg
baggage is on conveyor belt-------
---------baggage detected by sensor------------- 
Baggage weighs: 18.24 kg
baggage is on conveyor belt-------
---------baggage detected by sensor------------- 
Baggage weighs: 17.16 kg
baggage is on conveyor belt-------
---------baggage detected by sensor------------- 
Baggage weighs: 19.34 kg
baggage is on conveyor belt-------
---------baggage detected by sensor------------- 
Baggage weighs: 22.41 kg
baggage is on conveyor belt-------
---------baggage detected by sensor------------- 
Baggage weighs: 20.47 kg
baggage is on conveyor belt-------
---------baggage detected by sensor------------- 
Baggage weighs: 18.81 kg
baggage is on conveyor belt-------
---------baggage detected by sensor------------- 
Baggage weighs: 18.56 kg
baggage is on conveyor belt-------
---------baggage detected by sensor------------- 
Baggage weighs: 17.77 kg
baggage is on conveyor belt-------
---------baggage detected by sensor------------- 
Baggage weighs: 19.32 kg
baggage is on conveyor belt-------
---------baggage detected by sensor------------- 
Baggage weighs: 19.21 kg
baggage is on conveyor belt-------
---------baggage detected by sensor------------- 
Baggage weighs: 19.13 kg
baggage is on conveyor belt-------
---------baggage detected by sensor------------- 
Baggage weighs: 20.39 kg
baggage is on conveyor belt-------
---------baggage detected by sensor------------- 
Baggage weighs: 21.03 kg
baggage is on conveyor belt-------
---------baggage detected by sensor------------- 
Baggage weighs: 20.05 kg
baggage is on conveyor belt-------
---------baggage detected by sensor------------- 
Baggage weighs: 21.92 kg
baggage is on conveyor belt-------
---------baggage detected by sensor------------- 
Baggage weighs: 19.37 kg
baggage is on conveyor belt-------
---------baggage detected by sensor------------- 
Baggage weighs: 20.35 kg
baggage is on conveyor belt-------
---------baggage detected by sensor------------- 
Baggage weighs: 18.73 kg
baggage is on conveyor belt-------
---------baggage detected by sensor------------- 
Baggage weighs: 20.33 kg
baggage is on conveyor belt-------
---------baggage detected by sensor------------- 
Baggage weighs: 22.01 kg
baggage is on conveyor belt-------
---------baggage detected by sensor------------- 
Baggage weighs: 19.27 kg
baggage is on conveyor belt-------
---------baggage detected by sensor------------- 
Baggage weighs: 21.18 kg
baggage is on conveyor belt-------
---------baggage detected by sensor------------- 
Baggage weighs: 17.16 kg
baggage is on conveyor belt-------
---------baggage detected by sensor------------- 
Baggage weighs: 20.04 kg
baggage is on conveyor belt-------
---------baggage detected by sensor------------- 
Baggage weighs: 20.91 kg
baggage is on conveyor belt-------
---------baggage detected by sensor------------- 
Baggage weighs: 20.3 kg
baggage is on conveyor belt-------
---------baggage detected by sensor------------- 
Baggage weighs: 20.38 kg
baggage is on conveyor belt-------
---------baggage detected by sensor------------- 
Baggage weighs: 16.54 kg
baggage is on conveyor belt-------
---------baggage detected by sensor------------- 
Baggage weighs: 18.87 kg
baggage is on conveyor belt-------
---------baggage detected by sensor------------- 
Baggage weighs: 20.22 kg
baggage is on conveyor belt-------
---------baggage detected by sensor------------- 
Baggage weighs: 20.75 kg
baggage is on conveyor belt-------
---------baggage detected by sensor------------- 
Baggage weighs: 17.4 kg
baggage is on conveyor belt-------
---------baggage detected by sensor------------- 
Baggage weighs: 20.27 kg
baggage is on conveyor belt-------
---------baggage detected by sensor------------- 
Baggage weighs: 17.04 kg
baggage is on conveyor belt-------
---------baggage detected by sensor------------- 
Baggage weighs: 19.84 kg
baggage is on conveyor belt-------
---------baggage detected by sensor------------- 
Baggage weighs: 17.34 kg
baggage is on conveyor belt-------
---------baggage detected by sensor------------- 
Baggage weighs: 18.75 kg
baggage is on conveyor belt-------
---------baggage detected by sensor------------- 
Baggage weighs: 19.12 kg
baggage is on conveyor belt-------
---------baggage detected by sensor------------- 
Baggage weighs: 18.29 kg
baggage is on conveyor belt-------
---------baggage detected by sensor------------- 
Baggage weighs: 17.94 kg
baggage is on conveyor belt-------
---------baggage detected by sensor------------- 
Baggage weighs: 19.09 kg
baggage is on conveyor belt-------
---------baggage detected by sensor------------- 
Baggage weighs: 22.39 kg
baggage is on conveyor belt-------
---------baggage detected by sensor------------- 
Baggage weighs: 21.23 kg
baggage is on conveyor belt-------
---------baggage detected by sensor------------- 
Baggage weighs: 17.56 kg
baggage is on conveyor belt-------
---------baggage detected by sensor------------- 
Baggage weighs: 18.37 kg
baggage is on conveyor belt-------
---------baggage detected by sensor------------- 
Baggage weighs: 21.4 kg
baggage is on conveyor belt-------
---------baggage detected by sensor------------- 
Baggage weighs: 20.25 kg
baggage is on conveyor belt-------
---------baggage detected by sensor------------- 
Baggage weighs: 23.0 kg
baggage is on conveyor belt-------
---------baggage detected by sensor------------- 
Baggage weighs: 17.01 kg
baggage is on conveyor belt-------
---------baggage detected by sensor------------- 
Baggage weighs: 17.39 kg
baggage is on conveyor belt-------
---------baggage detected by sensor------------- 
Baggage weighs: 16.7 kg
baggage is on conveyor belt-------
---------baggage detected by sensor------------- 
Baggage weighs: 16.23 kg
baggage is on conveyor belt-------
---------baggage detected by sensor------------- 
Baggage weighs: 19.13 kg
baggage is on conveyor belt-------
---------baggage detected by sensor------------- 
Baggage weighs: 21.07 kg
baggage is on conveyor belt-------
---------baggage detected by sensor------------- 
Baggage weighs: 17.87 kg
baggage is on conveyor belt-------
---------baggage detected by sensor------------- 
Baggage weighs: 19.92 kg
baggage is on conveyor belt-------
---------baggage detected by sensor------------- 
Baggage weighs: 19.22 kg
baggage is on conveyor belt-------
---------baggage detected by sensor------------- 
Baggage weighs: 21.53 kg
baggage is on conveyor belt-------
---------baggage detected by sensor------------- 
Baggage weighs: 20.29 kg
baggage is on conveyor belt-------
---------baggage detected by sensor------------- 
Baggage weighs: 19.32 kg
baggage is on conveyor belt-------
---------baggage detected by sensor------------- 
Baggage weighs: 17.25 kg
baggage is on conveyor belt-------
---------baggage detected by sensor------------- 
Baggage weighs: 21.3 kg
baggage is on conveyor belt-------
---------baggage detected by sensor------------- 
Baggage weighs: 16.79 kg
baggage is on conveyor belt-------
---------baggage detected by sensor------------- 
Baggage weighs: 19.55 kg
baggage is on conveyor belt-------
---------baggage detected by sensor------------- 
Baggage weighs: 18.88 kg
baggage is on conveyor belt-------
---------baggage detected by sensor------------- 
Baggage weighs: 22.33 kg
baggage is on conveyor belt-------
---------baggage detected by sensor------------- 
Baggage weighs: 20.62 kg
baggage is on conveyor belt-------
---------baggage detected by sensor------------- 
Baggage weighs: 19.42 kg
baggage is on conveyor belt-------
---------baggage detected by sensor------------- 
Baggage weighs: 17.54 kg
baggage is on conveyor belt-------
---------baggage detected by sensor------------- 
Baggage weighs: 21.51 kg
baggage is on conveyor belt-------
---------baggage detected by sensor------------- 
Baggage weighs: 19.46 kg
baggage is on conveyor belt-------
---------baggage detected by sensor------------- 
Baggage weighs: 17.83 kg
baggage is on conveyor belt-------
---------baggage detected by sensor------------- 
Baggage weighs: 17.75 kg
baggage is on conveyor belt-------
---------baggage detected by sensor------------- 
Baggage weighs: 17.44 kg
baggage is on conveyor belt-------
---------baggage detected by sensor------------- 
Baggage weighs: 19.53 kg
baggage is on conveyor belt-------
---------baggage detected by sensor------------- 
Baggage weighs: 17.51 kg
baggage is on conveyor belt-------
---------baggage detected by sensor------------- 
Baggage weighs: 18.2 kg
baggage is on conveyor belt-------
---------baggage detected by sensor------------- 
Baggage weighs: 21.55 kg
baggage is on conveyor belt-------
---------baggage detected by sensor------------- 
Baggage weighs: 19.67 kg
baggage is on conveyor belt-------
---------baggage detected by sensor------------- 
Baggage weighs: 19.52 kg
baggage is on conveyor belt-------
---------baggage detected by sensor------------- 
Baggage weighs: 21.06 kg
baggage is on conveyor belt-------
---------baggage detected by sensor------------- 
Baggage weighs: 17.44 kg
baggage is on conveyor belt-------
---------baggage detected by sensor------------- 
Baggage weighs: 19.21 kg
baggage is on conveyor belt-------
---------baggage detected by sensor------------- 
Baggage weighs: 21.65 kg
baggage is on conveyor belt-------
---------baggage detected by sensor------------- 
Baggage weighs: 19.64 kg
baggage is on conveyor belt-------
---------baggage detected by sensor------------- 
Baggage weighs: 21.03 kg
baggage is on conveyor belt-------
---------baggage detected by sensor------------- 
Baggage weighs: 19.76 kg
baggage is on conveyor belt-------
---------baggage detected by sensor------------- 
Baggage weighs: 21.01 kg
baggage is on conveyor belt-------
---------baggage detected by sensor------------- 
Baggage weighs: 19.11 kg
baggage is on conveyor belt-------
---------baggage detected by sensor------------- 
Baggage weighs: 18.54 kg
baggage is on conveyor belt-------
---------baggage detected by sensor------------- 
Baggage weighs: 16.86 kg
baggage is on conveyor belt-------
---------baggage detected by sensor------------- 
Baggage weighs: 16.59 kg
baggage is on conveyor belt-------
---------baggage detected by sensor------------- 
Baggage weighs: 19.26 kg
baggage is on conveyor belt-------
---------baggage detected by sensor------------- 
Baggage weighs: 18.34 kg
baggage is on conveyor belt-------
---------baggage detected by sensor------------- 
Baggage weighs: 19.09 kg
baggage is on conveyor belt-------
---------baggage detected by sensor------------- 
Baggage weighs: 22.38 kg
baggage is on conveyor belt-------
---------baggage detected by sensor------------- 
Baggage weighs: 22.12 kg
baggage is on conveyor belt-------
---------baggage detected by sensor------------- 
Baggage weighs: 16.75 kg
baggage is on conveyor belt-------
---------baggage detected by sensor------------- 
Baggage weighs: 20.36 kg
baggage is on conveyor belt-------
---------baggage detected by sensor------------- 
Baggage weighs: 20.94 kg
baggage is on conveyor belt-------
---------baggage detected by sensor------------- 
Baggage weighs: 19.8 kg
baggage is on conveyor belt-------
---------baggage detected by sensor------------- 
Baggage weighs: 19.12 kg
baggage is on conveyor belt-------
---------baggage detected by sensor------------- 
Baggage weighs: 16.93 kg
baggage is on conveyor belt-------
---------baggage detected by sensor------------- 
Baggage weighs: 20.48 kg
baggage is on conveyor belt-------
---------baggage detected by sensor------------- 
Baggage weighs: 17.63 kg
baggage is on conveyor belt-------
---------baggage detected by sensor------------- 
Baggage weighs: 19.86 kg
baggage is on conveyor belt-------
---------baggage detected by sensor------------- 
Baggage weighs: 19.4 kg
baggage is on conveyor belt-------
---------baggage detected by sensor------------- 
Baggage weighs: 19.0 kg
baggage is on conveyor belt-------
---------baggage detected by sensor------------- 
Baggage weighs: 20.5 kg
baggage is on conveyor belt-------
---------baggage detected by sensor------------- 
Baggage weighs: 21.9 kg
baggage is on conveyor belt-------
---------baggage detected by sensor------------- 
Baggage weighs: 19.82 kg
baggage is on conveyor belt-------
---------baggage detected by sensor------------- 
Baggage weighs: 18.98 kg
baggage is on conveyor belt-------
---------baggage detected by sensor------------- 
Baggage weighs: 19.28 kg
baggage is on conveyor belt-------
---------baggage detected by sensor------------- 
Baggage weighs: 18.06 kg
baggage is on conveyor belt-------
---------baggage detected by sensor------------- 
Baggage weighs: 20.2 kg
baggage is on conveyor belt-------
---------baggage detected by sensor------------- 
Baggage weighs: 19.74 kg
baggage is on conveyor belt-------
---------baggage detected by sensor------------- 
Baggage weighs: 17.44 kg
baggage is on conveyor belt-------
---------baggage detected by sensor------------- 
Baggage weighs: 19.36 kg
baggage is on conveyor belt-------
---------baggage detected by sensor------------- 
Baggage weighs: 20.4 kg
baggage is on conveyor belt-------
---------baggage detected by sensor------------- 
Baggage weighs: 18.92 kg
baggage is on conveyor belt-------
---------baggage detected by sensor------------- 
Baggage weighs: 18.48 kg
baggage is on conveyor belt-------
---------baggage detected by sensor------------- 
Baggage weighs: 17.34 kg
baggage is on conveyor belt-------
---------baggage detected by sensor------------- 
Baggage weighs: 20.57 kg
baggage is on conveyor belt-------
---------baggage detected by sensor------------- 
Baggage weighs: 17.19 kg
baggage is on conveyor belt-------
---------baggage detected by sensor------------- 
Baggage weighs: 18.25 kg
baggage is on conveyor belt-------
---------baggage detected by sensor------------- 
Baggage weighs: 19.29 kg
baggage is on conveyor belt-------
---------baggage detected by sensor------------- 
Baggage weighs: 16.86 kg
baggage is on conveyor belt-------
---------baggage detected by sensor------------- 
Baggage weighs: 19.34 kg
baggage is on conveyor belt-------
---------baggage detected by sensor------------- 
Baggage weighs: 19.32 kg
baggage is on conveyor belt-------
---------baggage detected by sensor------------- 
Baggage weighs: 18.15 kg
baggage is on conveyor belt-------
---------baggage detected by sensor------------- 
Baggage weighs: 18.98 kg
baggage is on conveyor belt-------
---------baggage detected by sensor------------- 
Baggage weighs: 21.84 kg
baggage is on conveyor belt-------
---------baggage detected by sensor------------- 
Baggage weighs: 20.53 kg
baggage is on conveyor belt-------
---------baggage detected by sensor------------- 
Baggage weighs: 20.62 kg
baggage is on conveyor belt-------
---------baggage detected by sensor------------- 
Baggage weighs: 20.7 kg
baggage is on conveyor belt-------
---------baggage detected by sensor------------- 
Baggage weighs: 19.64 kg
baggage is on conveyor belt-------
---------baggage detected by sensor------------- 
Baggage weighs: 16.11 kg
baggage is on conveyor belt-------
---------baggage detected by sensor------------- 
Baggage weighs: 22.24 kg
baggage is on conveyor belt-------
---------baggage detected by sensor------------- 
Baggage weighs: 21.47 kg
baggage is on conveyor belt-------
---------baggage detected by sensor------------- 
Baggage weighs: 20.73 kg
baggage is on conveyor belt-------
---------baggage detected by sensor------------- 
Baggage weighs: 19.51 kg
baggage is on conveyor belt-------
---------baggage detected by sensor------------- 
Baggage weighs: 20.11 kg
baggage is on conveyor belt-------
---------baggage detected by sensor------------- 
Baggage weighs: 20.36 kg
baggage is on conveyor belt-------
---------baggage detected by sensor------------- 
Baggage weighs: 18.84 kg
baggage is on conveyor belt-------
---------baggage detected by sensor------------- 
Baggage weighs: 22.61 kg
Seat with ID: 33G has been reserved for you!

BOARDING PASS FOR NIGEL DORSEY
-----------------------------------------------------------------------------
LUFTHANSA                      hb60uutsvl3nn30 /  Nigel Dorsey
Nigel Dorsey                                     /  hb60uutsvl3nn30
FRA   LH2121   E  30.Oct                       /  FRA
HKG                                            /  HKG
SEAT ID: 33G                                   /  LH2121 E 30.Oct
SEQ: 167                                      / GATE: A05   22:00
MAX 1  HANDLUGGAGE/ LUGGAGE
-----------------------------------------------------------------------------
sorry Nigel Dorsey we have no voucher for you! Have a nice day!

---------------------------------------------------------------------------------------------------------------
scanning passport with passport id: C2RQOWCG6
searching for ticket in fast bag drop database..............
Ticket found for Frankie Harding and Flight LH2121
----searching flight seat for Frankie Harding---------
Found a seat with ID 33H
Below details were found in database
------------------------------------------
Name: Frankie Harding
Flight ID: LH2121
Source: FRA
Destination: HKG
Gate No: A05
Boarding time: 22:00
Ticket ID: v8uapbw4o0zgfaz
Booking Class: E
------------------------------------------

Proceed with check-in for flight LH2121 ?
Type YES to CHECK-IN or NO to cancel CHECK-IN
Frankie Harding is deciding whether to check-in or to go back home and sleep............
YES CHECK-IN
Checking you in...............
baggage is on conveyor belt-------
---------baggage detected by sensor------------- 
Baggage weighs: 21.58 kg
baggage is on conveyor belt-------
---------baggage detected by sensor------------- 
Baggage weighs: 20.43 kg
baggage is on conveyor belt-------
---------baggage detected by sensor------------- 
Baggage weighs: 18.47 kg
baggage is on conveyor belt-------
---------baggage detected by sensor------------- 
Baggage weighs: 17.86 kg
baggage is on conveyor belt-------
---------baggage detected by sensor------------- 
Baggage weighs: 18.65 kg
baggage is on conveyor belt-------
---------baggage detected by sensor------------- 
Baggage weighs: 19.27 kg
baggage is on conveyor belt-------
---------baggage detected by sensor------------- 
Baggage weighs: 17.42 kg
baggage is on conveyor belt-------
---------baggage detected by sensor------------- 
Baggage weighs: 19.16 kg
baggage is on conveyor belt-------
---------baggage detected by sensor------------- 
Baggage weighs: 19.52 kg
baggage is on conveyor belt-------
---------baggage detected by sensor------------- 
Baggage weighs: 17.51 kg
baggage is on conveyor belt-------
---------baggage detected by sensor------------- 
Baggage weighs: 17.38 kg
baggage is on conveyor belt-------
---------baggage detected by sensor------------- 
Baggage weighs: 18.67 kg
baggage is on conveyor belt-------
---------baggage detected by sensor------------- 
Baggage weighs: 16.98 kg
baggage is on conveyor belt-------
---------baggage detected by sensor------------- 
Baggage weighs: 21.26 kg
baggage is on conveyor belt-------
---------baggage detected by sensor------------- 
Baggage weighs: 18.3 kg
baggage is on conveyor belt-------
---------baggage detected by sensor------------- 
Baggage weighs: 16.81 kg
baggage is on conveyor belt-------
---------baggage detected by sensor------------- 
Baggage weighs: 20.91 kg
baggage is on conveyor belt-------
---------baggage detected by sensor------------- 
Baggage weighs: 21.21 kg
baggage is on conveyor belt-------
---------baggage detected by sensor------------- 
Baggage weighs: 19.69 kg
baggage is on conveyor belt-------
---------baggage detected by sensor------------- 
Baggage weighs: 18.67 kg
baggage is on conveyor belt-------
---------baggage detected by sensor------------- 
Baggage weighs: 19.12 kg
baggage is on conveyor belt-------
---------baggage detected by sensor------------- 
Baggage weighs: 16.42 kg
baggage is on conveyor belt-------
---------baggage detected by sensor------------- 
Baggage weighs: 19.17 kg
baggage is on conveyor belt-------
---------baggage detected by sensor------------- 
Baggage weighs: 19.0 kg
baggage is on conveyor belt-------
---------baggage detected by sensor------------- 
Baggage weighs: 18.78 kg
baggage is on conveyor belt-------
---------baggage detected by sensor------------- 
Baggage weighs: 20.31 kg
baggage is on conveyor belt-------
---------baggage detected by sensor------------- 
Baggage weighs: 21.25 kg
baggage is on conveyor belt-------
---------baggage detected by sensor------------- 
Baggage weighs: 18.87 kg
baggage is on conveyor belt-------
---------baggage detected by sensor------------- 
Baggage weighs: 16.25 kg
baggage is on conveyor belt-------
---------baggage detected by sensor------------- 
Baggage weighs: 19.94 kg
baggage is on conveyor belt-------
---------baggage detected by sensor------------- 
Baggage weighs: 16.88 kg
baggage is on conveyor belt-------
---------baggage detected by sensor------------- 
Baggage weighs: 18.24 kg
baggage is on conveyor belt-------
---------baggage detected by sensor------------- 
Baggage weighs: 17.16 kg
baggage is on conveyor belt-------
---------baggage detected by sensor------------- 
Baggage weighs: 19.34 kg
baggage is on conveyor belt-------
---------baggage detected by sensor------------- 
Baggage weighs: 22.41 kg
baggage is on conveyor belt-------
---------baggage detected by sensor------------- 
Baggage weighs: 20.47 kg
baggage is on conveyor belt-------
---------baggage detected by sensor------------- 
Baggage weighs: 18.81 kg
baggage is on conveyor belt-------
---------baggage detected by sensor------------- 
Baggage weighs: 18.56 kg
baggage is on conveyor belt-------
---------baggage detected by sensor------------- 
Baggage weighs: 17.77 kg
baggage is on conveyor belt-------
---------baggage detected by sensor------------- 
Baggage weighs: 19.32 kg
baggage is on conveyor belt-------
---------baggage detected by sensor------------- 
Baggage weighs: 19.21 kg
baggage is on conveyor belt-------
---------baggage detected by sensor------------- 
Baggage weighs: 19.13 kg
baggage is on conveyor belt-------
---------baggage detected by sensor------------- 
Baggage weighs: 20.39 kg
baggage is on conveyor belt-------
---------baggage detected by sensor------------- 
Baggage weighs: 21.03 kg
baggage is on conveyor belt-------
---------baggage detected by sensor------------- 
Baggage weighs: 20.05 kg
baggage is on conveyor belt-------
---------baggage detected by sensor------------- 
Baggage weighs: 21.92 kg
baggage is on conveyor belt-------
---------baggage detected by sensor------------- 
Baggage weighs: 19.37 kg
baggage is on conveyor belt-------
---------baggage detected by sensor------------- 
Baggage weighs: 20.35 kg
baggage is on conveyor belt-------
---------baggage detected by sensor------------- 
Baggage weighs: 18.73 kg
baggage is on conveyor belt-------
---------baggage detected by sensor------------- 
Baggage weighs: 20.33 kg
baggage is on conveyor belt-------
---------baggage detected by sensor------------- 
Baggage weighs: 22.01 kg
baggage is on conveyor belt-------
---------baggage detected by sensor------------- 
Baggage weighs: 19.27 kg
baggage is on conveyor belt-------
---------baggage detected by sensor------------- 
Baggage weighs: 21.18 kg
baggage is on conveyor belt-------
---------baggage detected by sensor------------- 
Baggage weighs: 17.16 kg
baggage is on conveyor belt-------
---------baggage detected by sensor------------- 
Baggage weighs: 20.04 kg
baggage is on conveyor belt-------
---------baggage detected by sensor------------- 
Baggage weighs: 20.91 kg
baggage is on conveyor belt-------
---------baggage detected by sensor------------- 
Baggage weighs: 20.3 kg
baggage is on conveyor belt-------
---------baggage detected by sensor------------- 
Baggage weighs: 20.38 kg
baggage is on conveyor belt-------
---------baggage detected by sensor------------- 
Baggage weighs: 16.54 kg
baggage is on conveyor belt-------
---------baggage detected by sensor------------- 
Baggage weighs: 18.87 kg
baggage is on conveyor belt-------
---------baggage detected by sensor------------- 
Baggage weighs: 20.22 kg
baggage is on conveyor belt-------
---------baggage detected by sensor------------- 
Baggage weighs: 20.75 kg
baggage is on conveyor belt-------
---------baggage detected by sensor------------- 
Baggage weighs: 17.4 kg
baggage is on conveyor belt-------
---------baggage detected by sensor------------- 
Baggage weighs: 20.27 kg
baggage is on conveyor belt-------
---------baggage detected by sensor------------- 
Baggage weighs: 17.04 kg
baggage is on conveyor belt-------
---------baggage detected by sensor------------- 
Baggage weighs: 19.84 kg
baggage is on conveyor belt-------
---------baggage detected by sensor------------- 
Baggage weighs: 17.34 kg
baggage is on conveyor belt-------
---------baggage detected by sensor------------- 
Baggage weighs: 18.75 kg
baggage is on conveyor belt-------
---------baggage detected by sensor------------- 
Baggage weighs: 19.12 kg
baggage is on conveyor belt-------
---------baggage detected by sensor------------- 
Baggage weighs: 18.29 kg
baggage is on conveyor belt-------
---------baggage detected by sensor------------- 
Baggage weighs: 17.94 kg
baggage is on conveyor belt-------
---------baggage detected by sensor------------- 
Baggage weighs: 19.09 kg
baggage is on conveyor belt-------
---------baggage detected by sensor------------- 
Baggage weighs: 22.39 kg
baggage is on conveyor belt-------
---------baggage detected by sensor------------- 
Baggage weighs: 21.23 kg
baggage is on conveyor belt-------
---------baggage detected by sensor------------- 
Baggage weighs: 17.56 kg
baggage is on conveyor belt-------
---------baggage detected by sensor------------- 
Baggage weighs: 18.37 kg
baggage is on conveyor belt-------
---------baggage detected by sensor------------- 
Baggage weighs: 21.4 kg
baggage is on conveyor belt-------
---------baggage detected by sensor------------- 
Baggage weighs: 20.25 kg
baggage is on conveyor belt-------
---------baggage detected by sensor------------- 
Baggage weighs: 23.0 kg
baggage is on conveyor belt-------
---------baggage detected by sensor------------- 
Baggage weighs: 17.01 kg
baggage is on conveyor belt-------
---------baggage detected by sensor------------- 
Baggage weighs: 17.39 kg
baggage is on conveyor belt-------
---------baggage detected by sensor------------- 
Baggage weighs: 16.7 kg
baggage is on conveyor belt-------
---------baggage detected by sensor------------- 
Baggage weighs: 16.23 kg
baggage is on conveyor belt-------
---------baggage detected by sensor------------- 
Baggage weighs: 19.13 kg
baggage is on conveyor belt-------
---------baggage detected by sensor------------- 
Baggage weighs: 21.07 kg
baggage is on conveyor belt-------
---------baggage detected by sensor------------- 
Baggage weighs: 17.87 kg
baggage is on conveyor belt-------
---------baggage detected by sensor------------- 
Baggage weighs: 19.92 kg
baggage is on conveyor belt-------
---------baggage detected by sensor------------- 
Baggage weighs: 19.22 kg
baggage is on conveyor belt-------
---------baggage detected by sensor------------- 
Baggage weighs: 21.53 kg
baggage is on conveyor belt-------
---------baggage detected by sensor------------- 
Baggage weighs: 20.29 kg
baggage is on conveyor belt-------
---------baggage detected by sensor------------- 
Baggage weighs: 19.32 kg
baggage is on conveyor belt-------
---------baggage detected by sensor------------- 
Baggage weighs: 17.25 kg
baggage is on conveyor belt-------
---------baggage detected by sensor------------- 
Baggage weighs: 21.3 kg
baggage is on conveyor belt-------
---------baggage detected by sensor------------- 
Baggage weighs: 16.79 kg
baggage is on conveyor belt-------
---------baggage detected by sensor------------- 
Baggage weighs: 19.55 kg
baggage is on conveyor belt-------
---------baggage detected by sensor------------- 
Baggage weighs: 18.88 kg
baggage is on conveyor belt-------
---------baggage detected by sensor------------- 
Baggage weighs: 22.33 kg
baggage is on conveyor belt-------
---------baggage detected by sensor------------- 
Baggage weighs: 20.62 kg
baggage is on conveyor belt-------
---------baggage detected by sensor------------- 
Baggage weighs: 19.42 kg
baggage is on conveyor belt-------
---------baggage detected by sensor------------- 
Baggage weighs: 17.54 kg
baggage is on conveyor belt-------
---------baggage detected by sensor------------- 
Baggage weighs: 21.51 kg
baggage is on conveyor belt-------
---------baggage detected by sensor------------- 
Baggage weighs: 19.46 kg
baggage is on conveyor belt-------
---------baggage detected by sensor------------- 
Baggage weighs: 17.83 kg
baggage is on conveyor belt-------
---------baggage detected by sensor------------- 
Baggage weighs: 17.75 kg
baggage is on conveyor belt-------
---------baggage detected by sensor------------- 
Baggage weighs: 17.44 kg
baggage is on conveyor belt-------
---------baggage detected by sensor------------- 
Baggage weighs: 19.53 kg
baggage is on conveyor belt-------
---------baggage detected by sensor------------- 
Baggage weighs: 17.51 kg
baggage is on conveyor belt-------
---------baggage detected by sensor------------- 
Baggage weighs: 18.2 kg
baggage is on conveyor belt-------
---------baggage detected by sensor------------- 
Baggage weighs: 21.55 kg
baggage is on conveyor belt-------
---------baggage detected by sensor------------- 
Baggage weighs: 19.67 kg
baggage is on conveyor belt-------
---------baggage detected by sensor------------- 
Baggage weighs: 19.52 kg
baggage is on conveyor belt-------
---------baggage detected by sensor------------- 
Baggage weighs: 21.06 kg
baggage is on conveyor belt-------
---------baggage detected by sensor------------- 
Baggage weighs: 17.44 kg
baggage is on conveyor belt-------
---------baggage detected by sensor------------- 
Baggage weighs: 19.21 kg
baggage is on conveyor belt-------
---------baggage detected by sensor------------- 
Baggage weighs: 21.65 kg
baggage is on conveyor belt-------
---------baggage detected by sensor------------- 
Baggage weighs: 19.64 kg
baggage is on conveyor belt-------
---------baggage detected by sensor------------- 
Baggage weighs: 21.03 kg
baggage is on conveyor belt-------
---------baggage detected by sensor------------- 
Baggage weighs: 19.76 kg
baggage is on conveyor belt-------
---------baggage detected by sensor------------- 
Baggage weighs: 21.01 kg
baggage is on conveyor belt-------
---------baggage detected by sensor------------- 
Baggage weighs: 19.11 kg
baggage is on conveyor belt-------
---------baggage detected by sensor------------- 
Baggage weighs: 18.54 kg
baggage is on conveyor belt-------
---------baggage detected by sensor------------- 
Baggage weighs: 16.86 kg
baggage is on conveyor belt-------
---------baggage detected by sensor------------- 
Baggage weighs: 16.59 kg
baggage is on conveyor belt-------
---------baggage detected by sensor------------- 
Baggage weighs: 19.26 kg
baggage is on conveyor belt-------
---------baggage detected by sensor------------- 
Baggage weighs: 18.34 kg
baggage is on conveyor belt-------
---------baggage detected by sensor------------- 
Baggage weighs: 19.09 kg
baggage is on conveyor belt-------
---------baggage detected by sensor------------- 
Baggage weighs: 22.38 kg
baggage is on conveyor belt-------
---------baggage detected by sensor------------- 
Baggage weighs: 22.12 kg
baggage is on conveyor belt-------
---------baggage detected by sensor------------- 
Baggage weighs: 16.75 kg
baggage is on conveyor belt-------
---------baggage detected by sensor------------- 
Baggage weighs: 20.36 kg
baggage is on conveyor belt-------
---------baggage detected by sensor------------- 
Baggage weighs: 20.94 kg
baggage is on conveyor belt-------
---------baggage detected by sensor------------- 
Baggage weighs: 19.8 kg
baggage is on conveyor belt-------
---------baggage detected by sensor------------- 
Baggage weighs: 19.12 kg
baggage is on conveyor belt-------
---------baggage detected by sensor------------- 
Baggage weighs: 16.93 kg
baggage is on conveyor belt-------
---------baggage detected by sensor------------- 
Baggage weighs: 20.48 kg
baggage is on conveyor belt-------
---------baggage detected by sensor------------- 
Baggage weighs: 17.63 kg
baggage is on conveyor belt-------
---------baggage detected by sensor------------- 
Baggage weighs: 19.86 kg
baggage is on conveyor belt-------
---------baggage detected by sensor------------- 
Baggage weighs: 19.4 kg
baggage is on conveyor belt-------
---------baggage detected by sensor------------- 
Baggage weighs: 19.0 kg
baggage is on conveyor belt-------
---------baggage detected by sensor------------- 
Baggage weighs: 20.5 kg
baggage is on conveyor belt-------
---------baggage detected by sensor------------- 
Baggage weighs: 21.9 kg
baggage is on conveyor belt-------
---------baggage detected by sensor------------- 
Baggage weighs: 19.82 kg
baggage is on conveyor belt-------
---------baggage detected by sensor------------- 
Baggage weighs: 18.98 kg
baggage is on conveyor belt-------
---------baggage detected by sensor------------- 
Baggage weighs: 19.28 kg
baggage is on conveyor belt-------
---------baggage detected by sensor------------- 
Baggage weighs: 18.06 kg
baggage is on conveyor belt-------
---------baggage detected by sensor------------- 
Baggage weighs: 20.2 kg
baggage is on conveyor belt-------
---------baggage detected by sensor------------- 
Baggage weighs: 19.74 kg
baggage is on conveyor belt-------
---------baggage detected by sensor------------- 
Baggage weighs: 17.44 kg
baggage is on conveyor belt-------
---------baggage detected by sensor------------- 
Baggage weighs: 19.36 kg
baggage is on conveyor belt-------
---------baggage detected by sensor------------- 
Baggage weighs: 20.4 kg
baggage is on conveyor belt-------
---------baggage detected by sensor------------- 
Baggage weighs: 18.92 kg
baggage is on conveyor belt-------
---------baggage detected by sensor------------- 
Baggage weighs: 18.48 kg
baggage is on conveyor belt-------
---------baggage detected by sensor------------- 
Baggage weighs: 17.34 kg
baggage is on conveyor belt-------
---------baggage detected by sensor------------- 
Baggage weighs: 20.57 kg
baggage is on conveyor belt-------
---------baggage detected by sensor------------- 
Baggage weighs: 17.19 kg
baggage is on conveyor belt-------
---------baggage detected by sensor------------- 
Baggage weighs: 18.25 kg
baggage is on conveyor belt-------
---------baggage detected by sensor------------- 
Baggage weighs: 19.29 kg
baggage is on conveyor belt-------
---------baggage detected by sensor------------- 
Baggage weighs: 16.86 kg
baggage is on conveyor belt-------
---------baggage detected by sensor------------- 
Baggage weighs: 19.34 kg
baggage is on conveyor belt-------
---------baggage detected by sensor------------- 
Baggage weighs: 19.32 kg
baggage is on conveyor belt-------
---------baggage detected by sensor------------- 
Baggage weighs: 18.15 kg
baggage is on conveyor belt-------
---------baggage detected by sensor------------- 
Baggage weighs: 18.98 kg
baggage is on conveyor belt-------
---------baggage detected by sensor------------- 
Baggage weighs: 21.84 kg
baggage is on conveyor belt-------
---------baggage detected by sensor------------- 
Baggage weighs: 20.53 kg
baggage is on conveyor belt-------
---------baggage detected by sensor------------- 
Baggage weighs: 20.62 kg
baggage is on conveyor belt-------
---------baggage detected by sensor------------- 
Baggage weighs: 20.7 kg
baggage is on conveyor belt-------
---------baggage detected by sensor------------- 
Baggage weighs: 19.64 kg
baggage is on conveyor belt-------
---------baggage detected by sensor------------- 
Baggage weighs: 16.11 kg
baggage is on conveyor belt-------
---------baggage detected by sensor------------- 
Baggage weighs: 22.24 kg
baggage is on conveyor belt-------
---------baggage detected by sensor------------- 
Baggage weighs: 21.47 kg
baggage is on conveyor belt-------
---------baggage detected by sensor------------- 
Baggage weighs: 20.73 kg
baggage is on conveyor belt-------
---------baggage detected by sensor------------- 
Baggage weighs: 19.51 kg
baggage is on conveyor belt-------
---------baggage detected by sensor------------- 
Baggage weighs: 20.11 kg
baggage is on conveyor belt-------
---------baggage detected by sensor------------- 
Baggage weighs: 20.36 kg
baggage is on conveyor belt-------
---------baggage detected by sensor------------- 
Baggage weighs: 18.84 kg
baggage is on conveyor belt-------
---------baggage detected by sensor------------- 
Baggage weighs: 22.61 kg
baggage is on conveyor belt-------
---------baggage detected by sensor------------- 
Baggage weighs: 20.07 kg
Seat with ID: 33H has been reserved for you!

BOARDING PASS FOR FRANKIE HARDING
-----------------------------------------------------------------------------
LUFTHANSA                      v8uapbw4o0zgfaz /  Frankie Harding
Frankie Harding                                     /  v8uapbw4o0zgfaz
FRA   LH2121   E  30.Oct                       /  FRA
HKG                                            /  HKG
SEAT ID: 33H                                   /  LH2121 E 30.Oct
SEQ: 168                                      / GATE: A05   22:00
MAX 1  HANDLUGGAGE/ LUGGAGE
-----------------------------------------------------------------------------
sorry Frankie Harding we have no voucher for you! Have a nice day!

---------------------------------------------------------------------------------------------------------------
scanning passport with passport id: L8OCQD817
searching for ticket in fast bag drop database..............
Ticket found for Carter Webb and Flight LH2121
----searching flight seat for Carter Webb---------
Found a seat with ID 33J
Below details were found in database
------------------------------------------
Name: Carter Webb
Flight ID: LH2121
Source: FRA
Destination: HKG
Gate No: A05
Boarding time: 22:00
Ticket ID: wkus83irsbpq18y
Booking Class: E
------------------------------------------

Proceed with check-in for flight LH2121 ?
Type YES to CHECK-IN or NO to cancel CHECK-IN
Carter Webb is deciding whether to check-in or to go back home and sleep............
YES CHECK-IN
Checking you in...............
baggage is on conveyor belt-------
---------baggage detected by sensor------------- 
Baggage weighs: 21.58 kg
baggage is on conveyor belt-------
---------baggage detected by sensor------------- 
Baggage weighs: 20.43 kg
baggage is on conveyor belt-------
---------baggage detected by sensor------------- 
Baggage weighs: 18.47 kg
baggage is on conveyor belt-------
---------baggage detected by sensor------------- 
Baggage weighs: 17.86 kg
baggage is on conveyor belt-------
---------baggage detected by sensor------------- 
Baggage weighs: 18.65 kg
baggage is on conveyor belt-------
---------baggage detected by sensor------------- 
Baggage weighs: 19.27 kg
baggage is on conveyor belt-------
---------baggage detected by sensor------------- 
Baggage weighs: 17.42 kg
baggage is on conveyor belt-------
---------baggage detected by sensor------------- 
Baggage weighs: 19.16 kg
baggage is on conveyor belt-------
---------baggage detected by sensor------------- 
Baggage weighs: 19.52 kg
baggage is on conveyor belt-------
---------baggage detected by sensor------------- 
Baggage weighs: 17.51 kg
baggage is on conveyor belt-------
---------baggage detected by sensor------------- 
Baggage weighs: 17.38 kg
baggage is on conveyor belt-------
---------baggage detected by sensor------------- 
Baggage weighs: 18.67 kg
baggage is on conveyor belt-------
---------baggage detected by sensor------------- 
Baggage weighs: 16.98 kg
baggage is on conveyor belt-------
---------baggage detected by sensor------------- 
Baggage weighs: 21.26 kg
baggage is on conveyor belt-------
---------baggage detected by sensor------------- 
Baggage weighs: 18.3 kg
baggage is on conveyor belt-------
---------baggage detected by sensor------------- 
Baggage weighs: 16.81 kg
baggage is on conveyor belt-------
---------baggage detected by sensor------------- 
Baggage weighs: 20.91 kg
baggage is on conveyor belt-------
---------baggage detected by sensor------------- 
Baggage weighs: 21.21 kg
baggage is on conveyor belt-------
---------baggage detected by sensor------------- 
Baggage weighs: 19.69 kg
baggage is on conveyor belt-------
---------baggage detected by sensor------------- 
Baggage weighs: 18.67 kg
baggage is on conveyor belt-------
---------baggage detected by sensor------------- 
Baggage weighs: 19.12 kg
baggage is on conveyor belt-------
---------baggage detected by sensor------------- 
Baggage weighs: 16.42 kg
baggage is on conveyor belt-------
---------baggage detected by sensor------------- 
Baggage weighs: 19.17 kg
baggage is on conveyor belt-------
---------baggage detected by sensor------------- 
Baggage weighs: 19.0 kg
baggage is on conveyor belt-------
---------baggage detected by sensor------------- 
Baggage weighs: 18.78 kg
baggage is on conveyor belt-------
---------baggage detected by sensor------------- 
Baggage weighs: 20.31 kg
baggage is on conveyor belt-------
---------baggage detected by sensor------------- 
Baggage weighs: 21.25 kg
baggage is on conveyor belt-------
---------baggage detected by sensor------------- 
Baggage weighs: 18.87 kg
baggage is on conveyor belt-------
---------baggage detected by sensor------------- 
Baggage weighs: 16.25 kg
baggage is on conveyor belt-------
---------baggage detected by sensor------------- 
Baggage weighs: 19.94 kg
baggage is on conveyor belt-------
---------baggage detected by sensor------------- 
Baggage weighs: 16.88 kg
baggage is on conveyor belt-------
---------baggage detected by sensor------------- 
Baggage weighs: 18.24 kg
baggage is on conveyor belt-------
---------baggage detected by sensor------------- 
Baggage weighs: 17.16 kg
baggage is on conveyor belt-------
---------baggage detected by sensor------------- 
Baggage weighs: 19.34 kg
baggage is on conveyor belt-------
---------baggage detected by sensor------------- 
Baggage weighs: 22.41 kg
baggage is on conveyor belt-------
---------baggage detected by sensor------------- 
Baggage weighs: 20.47 kg
baggage is on conveyor belt-------
---------baggage detected by sensor------------- 
Baggage weighs: 18.81 kg
baggage is on conveyor belt-------
---------baggage detected by sensor------------- 
Baggage weighs: 18.56 kg
baggage is on conveyor belt-------
---------baggage detected by sensor------------- 
Baggage weighs: 17.77 kg
baggage is on conveyor belt-------
---------baggage detected by sensor------------- 
Baggage weighs: 19.32 kg
baggage is on conveyor belt-------
---------baggage detected by sensor------------- 
Baggage weighs: 19.21 kg
baggage is on conveyor belt-------
---------baggage detected by sensor------------- 
Baggage weighs: 19.13 kg
baggage is on conveyor belt-------
---------baggage detected by sensor------------- 
Baggage weighs: 20.39 kg
baggage is on conveyor belt-------
---------baggage detected by sensor------------- 
Baggage weighs: 21.03 kg
baggage is on conveyor belt-------
---------baggage detected by sensor------------- 
Baggage weighs: 20.05 kg
baggage is on conveyor belt-------
---------baggage detected by sensor------------- 
Baggage weighs: 21.92 kg
baggage is on conveyor belt-------
---------baggage detected by sensor------------- 
Baggage weighs: 19.37 kg
baggage is on conveyor belt-------
---------baggage detected by sensor------------- 
Baggage weighs: 20.35 kg
baggage is on conveyor belt-------
---------baggage detected by sensor------------- 
Baggage weighs: 18.73 kg
baggage is on conveyor belt-------
---------baggage detected by sensor------------- 
Baggage weighs: 20.33 kg
baggage is on conveyor belt-------
---------baggage detected by sensor------------- 
Baggage weighs: 22.01 kg
baggage is on conveyor belt-------
---------baggage detected by sensor------------- 
Baggage weighs: 19.27 kg
baggage is on conveyor belt-------
---------baggage detected by sensor------------- 
Baggage weighs: 21.18 kg
baggage is on conveyor belt-------
---------baggage detected by sensor------------- 
Baggage weighs: 17.16 kg
baggage is on conveyor belt-------
---------baggage detected by sensor------------- 
Baggage weighs: 20.04 kg
baggage is on conveyor belt-------
---------baggage detected by sensor------------- 
Baggage weighs: 20.91 kg
baggage is on conveyor belt-------
---------baggage detected by sensor------------- 
Baggage weighs: 20.3 kg
baggage is on conveyor belt-------
---------baggage detected by sensor------------- 
Baggage weighs: 20.38 kg
baggage is on conveyor belt-------
---------baggage detected by sensor------------- 
Baggage weighs: 16.54 kg
baggage is on conveyor belt-------
---------baggage detected by sensor------------- 
Baggage weighs: 18.87 kg
baggage is on conveyor belt-------
---------baggage detected by sensor------------- 
Baggage weighs: 20.22 kg
baggage is on conveyor belt-------
---------baggage detected by sensor------------- 
Baggage weighs: 20.75 kg
baggage is on conveyor belt-------
---------baggage detected by sensor------------- 
Baggage weighs: 17.4 kg
baggage is on conveyor belt-------
---------baggage detected by sensor------------- 
Baggage weighs: 20.27 kg
baggage is on conveyor belt-------
---------baggage detected by sensor------------- 
Baggage weighs: 17.04 kg
baggage is on conveyor belt-------
---------baggage detected by sensor------------- 
Baggage weighs: 19.84 kg
baggage is on conveyor belt-------
---------baggage detected by sensor------------- 
Baggage weighs: 17.34 kg
baggage is on conveyor belt-------
---------baggage detected by sensor------------- 
Baggage weighs: 18.75 kg
baggage is on conveyor belt-------
---------baggage detected by sensor------------- 
Baggage weighs: 19.12 kg
baggage is on conveyor belt-------
---------baggage detected by sensor------------- 
Baggage weighs: 18.29 kg
baggage is on conveyor belt-------
---------baggage detected by sensor------------- 
Baggage weighs: 17.94 kg
baggage is on conveyor belt-------
---------baggage detected by sensor------------- 
Baggage weighs: 19.09 kg
baggage is on conveyor belt-------
---------baggage detected by sensor------------- 
Baggage weighs: 22.39 kg
baggage is on conveyor belt-------
---------baggage detected by sensor------------- 
Baggage weighs: 21.23 kg
baggage is on conveyor belt-------
---------baggage detected by sensor------------- 
Baggage weighs: 17.56 kg
baggage is on conveyor belt-------
---------baggage detected by sensor------------- 
Baggage weighs: 18.37 kg
baggage is on conveyor belt-------
---------baggage detected by sensor------------- 
Baggage weighs: 21.4 kg
baggage is on conveyor belt-------
---------baggage detected by sensor------------- 
Baggage weighs: 20.25 kg
baggage is on conveyor belt-------
---------baggage detected by sensor------------- 
Baggage weighs: 23.0 kg
baggage is on conveyor belt-------
---------baggage detected by sensor------------- 
Baggage weighs: 17.01 kg
baggage is on conveyor belt-------
---------baggage detected by sensor------------- 
Baggage weighs: 17.39 kg
baggage is on conveyor belt-------
---------baggage detected by sensor------------- 
Baggage weighs: 16.7 kg
baggage is on conveyor belt-------
---------baggage detected by sensor------------- 
Baggage weighs: 16.23 kg
baggage is on conveyor belt-------
---------baggage detected by sensor------------- 
Baggage weighs: 19.13 kg
baggage is on conveyor belt-------
---------baggage detected by sensor------------- 
Baggage weighs: 21.07 kg
baggage is on conveyor belt-------
---------baggage detected by sensor------------- 
Baggage weighs: 17.87 kg
baggage is on conveyor belt-------
---------baggage detected by sensor------------- 
Baggage weighs: 19.92 kg
baggage is on conveyor belt-------
---------baggage detected by sensor------------- 
Baggage weighs: 19.22 kg
baggage is on conveyor belt-------
---------baggage detected by sensor------------- 
Baggage weighs: 21.53 kg
baggage is on conveyor belt-------
---------baggage detected by sensor------------- 
Baggage weighs: 20.29 kg
baggage is on conveyor belt-------
---------baggage detected by sensor------------- 
Baggage weighs: 19.32 kg
baggage is on conveyor belt-------
---------baggage detected by sensor------------- 
Baggage weighs: 17.25 kg
baggage is on conveyor belt-------
---------baggage detected by sensor------------- 
Baggage weighs: 21.3 kg
baggage is on conveyor belt-------
---------baggage detected by sensor------------- 
Baggage weighs: 16.79 kg
baggage is on conveyor belt-------
---------baggage detected by sensor------------- 
Baggage weighs: 19.55 kg
baggage is on conveyor belt-------
---------baggage detected by sensor------------- 
Baggage weighs: 18.88 kg
baggage is on conveyor belt-------
---------baggage detected by sensor------------- 
Baggage weighs: 22.33 kg
baggage is on conveyor belt-------
---------baggage detected by sensor------------- 
Baggage weighs: 20.62 kg
baggage is on conveyor belt-------
---------baggage detected by sensor------------- 
Baggage weighs: 19.42 kg
baggage is on conveyor belt-------
---------baggage detected by sensor------------- 
Baggage weighs: 17.54 kg
baggage is on conveyor belt-------
---------baggage detected by sensor------------- 
Baggage weighs: 21.51 kg
baggage is on conveyor belt-------
---------baggage detected by sensor------------- 
Baggage weighs: 19.46 kg
baggage is on conveyor belt-------
---------baggage detected by sensor------------- 
Baggage weighs: 17.83 kg
baggage is on conveyor belt-------
---------baggage detected by sensor------------- 
Baggage weighs: 17.75 kg
baggage is on conveyor belt-------
---------baggage detected by sensor------------- 
Baggage weighs: 17.44 kg
baggage is on conveyor belt-------
---------baggage detected by sensor------------- 
Baggage weighs: 19.53 kg
baggage is on conveyor belt-------
---------baggage detected by sensor------------- 
Baggage weighs: 17.51 kg
baggage is on conveyor belt-------
---------baggage detected by sensor------------- 
Baggage weighs: 18.2 kg
baggage is on conveyor belt-------
---------baggage detected by sensor------------- 
Baggage weighs: 21.55 kg
baggage is on conveyor belt-------
---------baggage detected by sensor------------- 
Baggage weighs: 19.67 kg
baggage is on conveyor belt-------
---------baggage detected by sensor------------- 
Baggage weighs: 19.52 kg
baggage is on conveyor belt-------
---------baggage detected by sensor------------- 
Baggage weighs: 21.06 kg
baggage is on conveyor belt-------
---------baggage detected by sensor------------- 
Baggage weighs: 17.44 kg
baggage is on conveyor belt-------
---------baggage detected by sensor------------- 
Baggage weighs: 19.21 kg
baggage is on conveyor belt-------
---------baggage detected by sensor------------- 
Baggage weighs: 21.65 kg
baggage is on conveyor belt-------
---------baggage detected by sensor------------- 
Baggage weighs: 19.64 kg
baggage is on conveyor belt-------
---------baggage detected by sensor------------- 
Baggage weighs: 21.03 kg
baggage is on conveyor belt-------
---------baggage detected by sensor------------- 
Baggage weighs: 19.76 kg
baggage is on conveyor belt-------
---------baggage detected by sensor------------- 
Baggage weighs: 21.01 kg
baggage is on conveyor belt-------
---------baggage detected by sensor------------- 
Baggage weighs: 19.11 kg
baggage is on conveyor belt-------
---------baggage detected by sensor------------- 
Baggage weighs: 18.54 kg
baggage is on conveyor belt-------
---------baggage detected by sensor------------- 
Baggage weighs: 16.86 kg
baggage is on conveyor belt-------
---------baggage detected by sensor------------- 
Baggage weighs: 16.59 kg
baggage is on conveyor belt-------
---------baggage detected by sensor------------- 
Baggage weighs: 19.26 kg
baggage is on conveyor belt-------
---------baggage detected by sensor------------- 
Baggage weighs: 18.34 kg
baggage is on conveyor belt-------
---------baggage detected by sensor------------- 
Baggage weighs: 19.09 kg
baggage is on conveyor belt-------
---------baggage detected by sensor------------- 
Baggage weighs: 22.38 kg
baggage is on conveyor belt-------
---------baggage detected by sensor------------- 
Baggage weighs: 22.12 kg
baggage is on conveyor belt-------
---------baggage detected by sensor------------- 
Baggage weighs: 16.75 kg
baggage is on conveyor belt-------
---------baggage detected by sensor------------- 
Baggage weighs: 20.36 kg
baggage is on conveyor belt-------
---------baggage detected by sensor------------- 
Baggage weighs: 20.94 kg
baggage is on conveyor belt-------
---------baggage detected by sensor------------- 
Baggage weighs: 19.8 kg
baggage is on conveyor belt-------
---------baggage detected by sensor------------- 
Baggage weighs: 19.12 kg
baggage is on conveyor belt-------
---------baggage detected by sensor------------- 
Baggage weighs: 16.93 kg
baggage is on conveyor belt-------
---------baggage detected by sensor------------- 
Baggage weighs: 20.48 kg
baggage is on conveyor belt-------
---------baggage detected by sensor------------- 
Baggage weighs: 17.63 kg
baggage is on conveyor belt-------
---------baggage detected by sensor------------- 
Baggage weighs: 19.86 kg
baggage is on conveyor belt-------
---------baggage detected by sensor------------- 
Baggage weighs: 19.4 kg
baggage is on conveyor belt-------
---------baggage detected by sensor------------- 
Baggage weighs: 19.0 kg
baggage is on conveyor belt-------
---------baggage detected by sensor------------- 
Baggage weighs: 20.5 kg
baggage is on conveyor belt-------
---------baggage detected by sensor------------- 
Baggage weighs: 21.9 kg
baggage is on conveyor belt-------
---------baggage detected by sensor------------- 
Baggage weighs: 19.82 kg
baggage is on conveyor belt-------
---------baggage detected by sensor------------- 
Baggage weighs: 18.98 kg
baggage is on conveyor belt-------
---------baggage detected by sensor------------- 
Baggage weighs: 19.28 kg
baggage is on conveyor belt-------
---------baggage detected by sensor------------- 
Baggage weighs: 18.06 kg
baggage is on conveyor belt-------
---------baggage detected by sensor------------- 
Baggage weighs: 20.2 kg
baggage is on conveyor belt-------
---------baggage detected by sensor------------- 
Baggage weighs: 19.74 kg
baggage is on conveyor belt-------
---------baggage detected by sensor------------- 
Baggage weighs: 17.44 kg
baggage is on conveyor belt-------
---------baggage detected by sensor------------- 
Baggage weighs: 19.36 kg
baggage is on conveyor belt-------
---------baggage detected by sensor------------- 
Baggage weighs: 20.4 kg
baggage is on conveyor belt-------
---------baggage detected by sensor------------- 
Baggage weighs: 18.92 kg
baggage is on conveyor belt-------
---------baggage detected by sensor------------- 
Baggage weighs: 18.48 kg
baggage is on conveyor belt-------
---------baggage detected by sensor------------- 
Baggage weighs: 17.34 kg
baggage is on conveyor belt-------
---------baggage detected by sensor------------- 
Baggage weighs: 20.57 kg
baggage is on conveyor belt-------
---------baggage detected by sensor------------- 
Baggage weighs: 17.19 kg
baggage is on conveyor belt-------
---------baggage detected by sensor------------- 
Baggage weighs: 18.25 kg
baggage is on conveyor belt-------
---------baggage detected by sensor------------- 
Baggage weighs: 19.29 kg
baggage is on conveyor belt-------
---------baggage detected by sensor------------- 
Baggage weighs: 16.86 kg
baggage is on conveyor belt-------
---------baggage detected by sensor------------- 
Baggage weighs: 19.34 kg
baggage is on conveyor belt-------
---------baggage detected by sensor------------- 
Baggage weighs: 19.32 kg
baggage is on conveyor belt-------
---------baggage detected by sensor------------- 
Baggage weighs: 18.15 kg
baggage is on conveyor belt-------
---------baggage detected by sensor------------- 
Baggage weighs: 18.98 kg
baggage is on conveyor belt-------
---------baggage detected by sensor------------- 
Baggage weighs: 21.84 kg
baggage is on conveyor belt-------
---------baggage detected by sensor------------- 
Baggage weighs: 20.53 kg
baggage is on conveyor belt-------
---------baggage detected by sensor------------- 
Baggage weighs: 20.62 kg
baggage is on conveyor belt-------
---------baggage detected by sensor------------- 
Baggage weighs: 20.7 kg
baggage is on conveyor belt-------
---------baggage detected by sensor------------- 
Baggage weighs: 19.64 kg
baggage is on conveyor belt-------
---------baggage detected by sensor------------- 
Baggage weighs: 16.11 kg
baggage is on conveyor belt-------
---------baggage detected by sensor------------- 
Baggage weighs: 22.24 kg
baggage is on conveyor belt-------
---------baggage detected by sensor------------- 
Baggage weighs: 21.47 kg
baggage is on conveyor belt-------
---------baggage detected by sensor------------- 
Baggage weighs: 20.73 kg
baggage is on conveyor belt-------
---------baggage detected by sensor------------- 
Baggage weighs: 19.51 kg
baggage is on conveyor belt-------
---------baggage detected by sensor------------- 
Baggage weighs: 20.11 kg
baggage is on conveyor belt-------
---------baggage detected by sensor------------- 
Baggage weighs: 20.36 kg
baggage is on conveyor belt-------
---------baggage detected by sensor------------- 
Baggage weighs: 18.84 kg
baggage is on conveyor belt-------
---------baggage detected by sensor------------- 
Baggage weighs: 22.61 kg
baggage is on conveyor belt-------
---------baggage detected by sensor------------- 
Baggage weighs: 20.07 kg
baggage is on conveyor belt-------
---------baggage detected by sensor------------- 
Baggage weighs: 20.28 kg
Seat with ID: 33J has been reserved for you!

BOARDING PASS FOR CARTER WEBB
-----------------------------------------------------------------------------
LUFTHANSA                      wkus83irsbpq18y /  Carter Webb
Carter Webb                                     /  wkus83irsbpq18y
FRA   LH2121   E  30.Oct                       /  FRA
HKG                                            /  HKG
SEAT ID: 33J                                   /  LH2121 E 30.Oct
SEQ: 169                                      / GATE: A05   22:00
MAX 1  HANDLUGGAGE/ LUGGAGE
-----------------------------------------------------------------------------
sorry Carter Webb we have no voucher for you! Have a nice day!

---------------------------------------------------------------------------------------------------------------
scanning passport with passport id: UEOHFOZ3T
searching for ticket in fast bag drop database..............
Ticket found for Rusty Gibbs and Flight LH2121
----searching flight seat for Rusty Gibbs---------
Found a seat with ID 33K
Below details were found in database
------------------------------------------
Name: Rusty Gibbs
Flight ID: LH2121
Source: FRA
Destination: HKG
Gate No: A05
Boarding time: 22:00
Ticket ID: mwvnx388lrhuodn
Booking Class: E
------------------------------------------

Proceed with check-in for flight LH2121 ?
Type YES to CHECK-IN or NO to cancel CHECK-IN
Rusty Gibbs is deciding whether to check-in or to go back home and sleep............
YES CHECK-IN
Checking you in...............
baggage is on conveyor belt-------
---------baggage detected by sensor------------- 
Baggage weighs: 21.58 kg
baggage is on conveyor belt-------
---------baggage detected by sensor------------- 
Baggage weighs: 20.43 kg
baggage is on conveyor belt-------
---------baggage detected by sensor------------- 
Baggage weighs: 18.47 kg
baggage is on conveyor belt-------
---------baggage detected by sensor------------- 
Baggage weighs: 17.86 kg
baggage is on conveyor belt-------
---------baggage detected by sensor------------- 
Baggage weighs: 18.65 kg
baggage is on conveyor belt-------
---------baggage detected by sensor------------- 
Baggage weighs: 19.27 kg
baggage is on conveyor belt-------
---------baggage detected by sensor------------- 
Baggage weighs: 17.42 kg
baggage is on conveyor belt-------
---------baggage detected by sensor------------- 
Baggage weighs: 19.16 kg
baggage is on conveyor belt-------
---------baggage detected by sensor------------- 
Baggage weighs: 19.52 kg
baggage is on conveyor belt-------
---------baggage detected by sensor------------- 
Baggage weighs: 17.51 kg
baggage is on conveyor belt-------
---------baggage detected by sensor------------- 
Baggage weighs: 17.38 kg
baggage is on conveyor belt-------
---------baggage detected by sensor------------- 
Baggage weighs: 18.67 kg
baggage is on conveyor belt-------
---------baggage detected by sensor------------- 
Baggage weighs: 16.98 kg
baggage is on conveyor belt-------
---------baggage detected by sensor------------- 
Baggage weighs: 21.26 kg
baggage is on conveyor belt-------
---------baggage detected by sensor------------- 
Baggage weighs: 18.3 kg
baggage is on conveyor belt-------
---------baggage detected by sensor------------- 
Baggage weighs: 16.81 kg
baggage is on conveyor belt-------
---------baggage detected by sensor------------- 
Baggage weighs: 20.91 kg
baggage is on conveyor belt-------
---------baggage detected by sensor------------- 
Baggage weighs: 21.21 kg
baggage is on conveyor belt-------
---------baggage detected by sensor------------- 
Baggage weighs: 19.69 kg
baggage is on conveyor belt-------
---------baggage detected by sensor------------- 
Baggage weighs: 18.67 kg
baggage is on conveyor belt-------
---------baggage detected by sensor------------- 
Baggage weighs: 19.12 kg
baggage is on conveyor belt-------
---------baggage detected by sensor------------- 
Baggage weighs: 16.42 kg
baggage is on conveyor belt-------
---------baggage detected by sensor------------- 
Baggage weighs: 19.17 kg
baggage is on conveyor belt-------
---------baggage detected by sensor------------- 
Baggage weighs: 19.0 kg
baggage is on conveyor belt-------
---------baggage detected by sensor------------- 
Baggage weighs: 18.78 kg
baggage is on conveyor belt-------
---------baggage detected by sensor------------- 
Baggage weighs: 20.31 kg
baggage is on conveyor belt-------
---------baggage detected by sensor------------- 
Baggage weighs: 21.25 kg
baggage is on conveyor belt-------
---------baggage detected by sensor------------- 
Baggage weighs: 18.87 kg
baggage is on conveyor belt-------
---------baggage detected by sensor------------- 
Baggage weighs: 16.25 kg
baggage is on conveyor belt-------
---------baggage detected by sensor------------- 
Baggage weighs: 19.94 kg
baggage is on conveyor belt-------
---------baggage detected by sensor------------- 
Baggage weighs: 16.88 kg
baggage is on conveyor belt-------
---------baggage detected by sensor------------- 
Baggage weighs: 18.24 kg
baggage is on conveyor belt-------
---------baggage detected by sensor------------- 
Baggage weighs: 17.16 kg
baggage is on conveyor belt-------
---------baggage detected by sensor------------- 
Baggage weighs: 19.34 kg
baggage is on conveyor belt-------
---------baggage detected by sensor------------- 
Baggage weighs: 22.41 kg
baggage is on conveyor belt-------
---------baggage detected by sensor------------- 
Baggage weighs: 20.47 kg
baggage is on conveyor belt-------
---------baggage detected by sensor------------- 
Baggage weighs: 18.81 kg
baggage is on conveyor belt-------
---------baggage detected by sensor------------- 
Baggage weighs: 18.56 kg
baggage is on conveyor belt-------
---------baggage detected by sensor------------- 
Baggage weighs: 17.77 kg
baggage is on conveyor belt-------
---------baggage detected by sensor------------- 
Baggage weighs: 19.32 kg
baggage is on conveyor belt-------
---------baggage detected by sensor------------- 
Baggage weighs: 19.21 kg
baggage is on conveyor belt-------
---------baggage detected by sensor------------- 
Baggage weighs: 19.13 kg
baggage is on conveyor belt-------
---------baggage detected by sensor------------- 
Baggage weighs: 20.39 kg
baggage is on conveyor belt-------
---------baggage detected by sensor------------- 
Baggage weighs: 21.03 kg
baggage is on conveyor belt-------
---------baggage detected by sensor------------- 
Baggage weighs: 20.05 kg
baggage is on conveyor belt-------
---------baggage detected by sensor------------- 
Baggage weighs: 21.92 kg
baggage is on conveyor belt-------
---------baggage detected by sensor------------- 
Baggage weighs: 19.37 kg
baggage is on conveyor belt-------
---------baggage detected by sensor------------- 
Baggage weighs: 20.35 kg
baggage is on conveyor belt-------
---------baggage detected by sensor------------- 
Baggage weighs: 18.73 kg
baggage is on conveyor belt-------
---------baggage detected by sensor------------- 
Baggage weighs: 20.33 kg
baggage is on conveyor belt-------
---------baggage detected by sensor------------- 
Baggage weighs: 22.01 kg
baggage is on conveyor belt-------
---------baggage detected by sensor------------- 
Baggage weighs: 19.27 kg
baggage is on conveyor belt-------
---------baggage detected by sensor------------- 
Baggage weighs: 21.18 kg
baggage is on conveyor belt-------
---------baggage detected by sensor------------- 
Baggage weighs: 17.16 kg
baggage is on conveyor belt-------
---------baggage detected by sensor------------- 
Baggage weighs: 20.04 kg
baggage is on conveyor belt-------
---------baggage detected by sensor------------- 
Baggage weighs: 20.91 kg
baggage is on conveyor belt-------
---------baggage detected by sensor------------- 
Baggage weighs: 20.3 kg
baggage is on conveyor belt-------
---------baggage detected by sensor------------- 
Baggage weighs: 20.38 kg
baggage is on conveyor belt-------
---------baggage detected by sensor------------- 
Baggage weighs: 16.54 kg
baggage is on conveyor belt-------
---------baggage detected by sensor------------- 
Baggage weighs: 18.87 kg
baggage is on conveyor belt-------
---------baggage detected by sensor------------- 
Baggage weighs: 20.22 kg
baggage is on conveyor belt-------
---------baggage detected by sensor------------- 
Baggage weighs: 20.75 kg
baggage is on conveyor belt-------
---------baggage detected by sensor------------- 
Baggage weighs: 17.4 kg
baggage is on conveyor belt-------
---------baggage detected by sensor------------- 
Baggage weighs: 20.27 kg
baggage is on conveyor belt-------
---------baggage detected by sensor------------- 
Baggage weighs: 17.04 kg
baggage is on conveyor belt-------
---------baggage detected by sensor------------- 
Baggage weighs: 19.84 kg
baggage is on conveyor belt-------
---------baggage detected by sensor------------- 
Baggage weighs: 17.34 kg
baggage is on conveyor belt-------
---------baggage detected by sensor------------- 
Baggage weighs: 18.75 kg
baggage is on conveyor belt-------
---------baggage detected by sensor------------- 
Baggage weighs: 19.12 kg
baggage is on conveyor belt-------
---------baggage detected by sensor------------- 
Baggage weighs: 18.29 kg
baggage is on conveyor belt-------
---------baggage detected by sensor------------- 
Baggage weighs: 17.94 kg
baggage is on conveyor belt-------
---------baggage detected by sensor------------- 
Baggage weighs: 19.09 kg
baggage is on conveyor belt-------
---------baggage detected by sensor------------- 
Baggage weighs: 22.39 kg
baggage is on conveyor belt-------
---------baggage detected by sensor------------- 
Baggage weighs: 21.23 kg
baggage is on conveyor belt-------
---------baggage detected by sensor------------- 
Baggage weighs: 17.56 kg
baggage is on conveyor belt-------
---------baggage detected by sensor------------- 
Baggage weighs: 18.37 kg
baggage is on conveyor belt-------
---------baggage detected by sensor------------- 
Baggage weighs: 21.4 kg
baggage is on conveyor belt-------
---------baggage detected by sensor------------- 
Baggage weighs: 20.25 kg
baggage is on conveyor belt-------
---------baggage detected by sensor------------- 
Baggage weighs: 23.0 kg
baggage is on conveyor belt-------
---------baggage detected by sensor------------- 
Baggage weighs: 17.01 kg
baggage is on conveyor belt-------
---------baggage detected by sensor------------- 
Baggage weighs: 17.39 kg
baggage is on conveyor belt-------
---------baggage detected by sensor------------- 
Baggage weighs: 16.7 kg
baggage is on conveyor belt-------
---------baggage detected by sensor------------- 
Baggage weighs: 16.23 kg
baggage is on conveyor belt-------
---------baggage detected by sensor------------- 
Baggage weighs: 19.13 kg
baggage is on conveyor belt-------
---------baggage detected by sensor------------- 
Baggage weighs: 21.07 kg
baggage is on conveyor belt-------
---------baggage detected by sensor------------- 
Baggage weighs: 17.87 kg
baggage is on conveyor belt-------
---------baggage detected by sensor------------- 
Baggage weighs: 19.92 kg
baggage is on conveyor belt-------
---------baggage detected by sensor------------- 
Baggage weighs: 19.22 kg
baggage is on conveyor belt-------
---------baggage detected by sensor------------- 
Baggage weighs: 21.53 kg
baggage is on conveyor belt-------
---------baggage detected by sensor------------- 
Baggage weighs: 20.29 kg
baggage is on conveyor belt-------
---------baggage detected by sensor------------- 
Baggage weighs: 19.32 kg
baggage is on conveyor belt-------
---------baggage detected by sensor------------- 
Baggage weighs: 17.25 kg
baggage is on conveyor belt-------
---------baggage detected by sensor------------- 
Baggage weighs: 21.3 kg
baggage is on conveyor belt-------
---------baggage detected by sensor------------- 
Baggage weighs: 16.79 kg
baggage is on conveyor belt-------
---------baggage detected by sensor------------- 
Baggage weighs: 19.55 kg
baggage is on conveyor belt-------
---------baggage detected by sensor------------- 
Baggage weighs: 18.88 kg
baggage is on conveyor belt-------
---------baggage detected by sensor------------- 
Baggage weighs: 22.33 kg
baggage is on conveyor belt-------
---------baggage detected by sensor------------- 
Baggage weighs: 20.62 kg
baggage is on conveyor belt-------
---------baggage detected by sensor------------- 
Baggage weighs: 19.42 kg
baggage is on conveyor belt-------
---------baggage detected by sensor------------- 
Baggage weighs: 17.54 kg
baggage is on conveyor belt-------
---------baggage detected by sensor------------- 
Baggage weighs: 21.51 kg
baggage is on conveyor belt-------
---------baggage detected by sensor------------- 
Baggage weighs: 19.46 kg
baggage is on conveyor belt-------
---------baggage detected by sensor------------- 
Baggage weighs: 17.83 kg
baggage is on conveyor belt-------
---------baggage detected by sensor------------- 
Baggage weighs: 17.75 kg
baggage is on conveyor belt-------
---------baggage detected by sensor------------- 
Baggage weighs: 17.44 kg
baggage is on conveyor belt-------
---------baggage detected by sensor------------- 
Baggage weighs: 19.53 kg
baggage is on conveyor belt-------
---------baggage detected by sensor------------- 
Baggage weighs: 17.51 kg
baggage is on conveyor belt-------
---------baggage detected by sensor------------- 
Baggage weighs: 18.2 kg
baggage is on conveyor belt-------
---------baggage detected by sensor------------- 
Baggage weighs: 21.55 kg
baggage is on conveyor belt-------
---------baggage detected by sensor------------- 
Baggage weighs: 19.67 kg
baggage is on conveyor belt-------
---------baggage detected by sensor------------- 
Baggage weighs: 19.52 kg
baggage is on conveyor belt-------
---------baggage detected by sensor------------- 
Baggage weighs: 21.06 kg
baggage is on conveyor belt-------
---------baggage detected by sensor------------- 
Baggage weighs: 17.44 kg
baggage is on conveyor belt-------
---------baggage detected by sensor------------- 
Baggage weighs: 19.21 kg
baggage is on conveyor belt-------
---------baggage detected by sensor------------- 
Baggage weighs: 21.65 kg
baggage is on conveyor belt-------
---------baggage detected by sensor------------- 
Baggage weighs: 19.64 kg
baggage is on conveyor belt-------
---------baggage detected by sensor------------- 
Baggage weighs: 21.03 kg
baggage is on conveyor belt-------
---------baggage detected by sensor------------- 
Baggage weighs: 19.76 kg
baggage is on conveyor belt-------
---------baggage detected by sensor------------- 
Baggage weighs: 21.01 kg
baggage is on conveyor belt-------
---------baggage detected by sensor------------- 
Baggage weighs: 19.11 kg
baggage is on conveyor belt-------
---------baggage detected by sensor------------- 
Baggage weighs: 18.54 kg
baggage is on conveyor belt-------
---------baggage detected by sensor------------- 
Baggage weighs: 16.86 kg
baggage is on conveyor belt-------
---------baggage detected by sensor------------- 
Baggage weighs: 16.59 kg
baggage is on conveyor belt-------
---------baggage detected by sensor------------- 
Baggage weighs: 19.26 kg
baggage is on conveyor belt-------
---------baggage detected by sensor------------- 
Baggage weighs: 18.34 kg
baggage is on conveyor belt-------
---------baggage detected by sensor------------- 
Baggage weighs: 19.09 kg
baggage is on conveyor belt-------
---------baggage detected by sensor------------- 
Baggage weighs: 22.38 kg
baggage is on conveyor belt-------
---------baggage detected by sensor------------- 
Baggage weighs: 22.12 kg
baggage is on conveyor belt-------
---------baggage detected by sensor------------- 
Baggage weighs: 16.75 kg
baggage is on conveyor belt-------
---------baggage detected by sensor------------- 
Baggage weighs: 20.36 kg
baggage is on conveyor belt-------
---------baggage detected by sensor------------- 
Baggage weighs: 20.94 kg
baggage is on conveyor belt-------
---------baggage detected by sensor------------- 
Baggage weighs: 19.8 kg
baggage is on conveyor belt-------
---------baggage detected by sensor------------- 
Baggage weighs: 19.12 kg
baggage is on conveyor belt-------
---------baggage detected by sensor------------- 
Baggage weighs: 16.93 kg
baggage is on conveyor belt-------
---------baggage detected by sensor------------- 
Baggage weighs: 20.48 kg
baggage is on conveyor belt-------
---------baggage detected by sensor------------- 
Baggage weighs: 17.63 kg
baggage is on conveyor belt-------
---------baggage detected by sensor------------- 
Baggage weighs: 19.86 kg
baggage is on conveyor belt-------
---------baggage detected by sensor------------- 
Baggage weighs: 19.4 kg
baggage is on conveyor belt-------
---------baggage detected by sensor------------- 
Baggage weighs: 19.0 kg
baggage is on conveyor belt-------
---------baggage detected by sensor------------- 
Baggage weighs: 20.5 kg
baggage is on conveyor belt-------
---------baggage detected by sensor------------- 
Baggage weighs: 21.9 kg
baggage is on conveyor belt-------
---------baggage detected by sensor------------- 
Baggage weighs: 19.82 kg
baggage is on conveyor belt-------
---------baggage detected by sensor------------- 
Baggage weighs: 18.98 kg
baggage is on conveyor belt-------
---------baggage detected by sensor------------- 
Baggage weighs: 19.28 kg
baggage is on conveyor belt-------
---------baggage detected by sensor------------- 
Baggage weighs: 18.06 kg
baggage is on conveyor belt-------
---------baggage detected by sensor------------- 
Baggage weighs: 20.2 kg
baggage is on conveyor belt-------
---------baggage detected by sensor------------- 
Baggage weighs: 19.74 kg
baggage is on conveyor belt-------
---------baggage detected by sensor------------- 
Baggage weighs: 17.44 kg
baggage is on conveyor belt-------
---------baggage detected by sensor------------- 
Baggage weighs: 19.36 kg
baggage is on conveyor belt-------
---------baggage detected by sensor------------- 
Baggage weighs: 20.4 kg
baggage is on conveyor belt-------
---------baggage detected by sensor------------- 
Baggage weighs: 18.92 kg
baggage is on conveyor belt-------
---------baggage detected by sensor------------- 
Baggage weighs: 18.48 kg
baggage is on conveyor belt-------
---------baggage detected by sensor------------- 
Baggage weighs: 17.34 kg
baggage is on conveyor belt-------
---------baggage detected by sensor------------- 
Baggage weighs: 20.57 kg
baggage is on conveyor belt-------
---------baggage detected by sensor------------- 
Baggage weighs: 17.19 kg
baggage is on conveyor belt-------
---------baggage detected by sensor------------- 
Baggage weighs: 18.25 kg
baggage is on conveyor belt-------
---------baggage detected by sensor------------- 
Baggage weighs: 19.29 kg
baggage is on conveyor belt-------
---------baggage detected by sensor------------- 
Baggage weighs: 16.86 kg
baggage is on conveyor belt-------
---------baggage detected by sensor------------- 
Baggage weighs: 19.34 kg
baggage is on conveyor belt-------
---------baggage detected by sensor------------- 
Baggage weighs: 19.32 kg
baggage is on conveyor belt-------
---------baggage detected by sensor------------- 
Baggage weighs: 18.15 kg
baggage is on conveyor belt-------
---------baggage detected by sensor------------- 
Baggage weighs: 18.98 kg
baggage is on conveyor belt-------
---------baggage detected by sensor------------- 
Baggage weighs: 21.84 kg
baggage is on conveyor belt-------
---------baggage detected by sensor------------- 
Baggage weighs: 20.53 kg
baggage is on conveyor belt-------
---------baggage detected by sensor------------- 
Baggage weighs: 20.62 kg
baggage is on conveyor belt-------
---------baggage detected by sensor------------- 
Baggage weighs: 20.7 kg
baggage is on conveyor belt-------
---------baggage detected by sensor------------- 
Baggage weighs: 19.64 kg
baggage is on conveyor belt-------
---------baggage detected by sensor------------- 
Baggage weighs: 16.11 kg
baggage is on conveyor belt-------
---------baggage detected by sensor------------- 
Baggage weighs: 22.24 kg
baggage is on conveyor belt-------
---------baggage detected by sensor------------- 
Baggage weighs: 21.47 kg
baggage is on conveyor belt-------
---------baggage detected by sensor------------- 
Baggage weighs: 20.73 kg
baggage is on conveyor belt-------
---------baggage detected by sensor------------- 
Baggage weighs: 19.51 kg
baggage is on conveyor belt-------
---------baggage detected by sensor------------- 
Baggage weighs: 20.11 kg
baggage is on conveyor belt-------
---------baggage detected by sensor------------- 
Baggage weighs: 20.36 kg
baggage is on conveyor belt-------
---------baggage detected by sensor------------- 
Baggage weighs: 18.84 kg
baggage is on conveyor belt-------
---------baggage detected by sensor------------- 
Baggage weighs: 22.61 kg
baggage is on conveyor belt-------
---------baggage detected by sensor------------- 
Baggage weighs: 20.07 kg
baggage is on conveyor belt-------
---------baggage detected by sensor------------- 
Baggage weighs: 20.28 kg
baggage is on conveyor belt-------
---------baggage detected by sensor------------- 
Baggage weighs: 17.9 kg
Seat with ID: 33K has been reserved for you!

BOARDING PASS FOR RUSTY GIBBS
-----------------------------------------------------------------------------
LUFTHANSA                      mwvnx388lrhuodn /  Rusty Gibbs
Rusty Gibbs                                     /  mwvnx388lrhuodn
FRA   LH2121   E  30.Oct                       /  FRA
HKG                                            /  HKG
SEAT ID: 33K                                   /  LH2121 E 30.Oct
SEQ: 170                                      / GATE: A05   22:00
MAX 1  HANDLUGGAGE/ LUGGAGE
-----------------------------------------------------------------------------
sorry Rusty Gibbs we have no voucher for you! Have a nice day!

---------------------------------------------------------------------------------------------------------------
scanning passport with passport id: OW4H2450X
searching for ticket in fast bag drop database..............
Ticket found for Gale Hickman and Flight LH2121
----searching flight seat for Gale Hickman---------
Found a seat with ID 34A
Below details were found in database
------------------------------------------
Name: Gale Hickman
Flight ID: LH2121
Source: FRA
Destination: HKG
Gate No: A05
Boarding time: 22:00
Ticket ID: r9pjmd7618zxig7
Booking Class: E
------------------------------------------

Proceed with check-in for flight LH2121 ?
Type YES to CHECK-IN or NO to cancel CHECK-IN
Gale Hickman is deciding whether to check-in or to go back home and sleep............
YES CHECK-IN
Checking you in...............
baggage is on conveyor belt-------
---------baggage detected by sensor------------- 
Baggage weighs: 21.58 kg
baggage is on conveyor belt-------
---------baggage detected by sensor------------- 
Baggage weighs: 20.43 kg
baggage is on conveyor belt-------
---------baggage detected by sensor------------- 
Baggage weighs: 18.47 kg
baggage is on conveyor belt-------
---------baggage detected by sensor------------- 
Baggage weighs: 17.86 kg
baggage is on conveyor belt-------
---------baggage detected by sensor------------- 
Baggage weighs: 18.65 kg
baggage is on conveyor belt-------
---------baggage detected by sensor------------- 
Baggage weighs: 19.27 kg
baggage is on conveyor belt-------
---------baggage detected by sensor------------- 
Baggage weighs: 17.42 kg
baggage is on conveyor belt-------
---------baggage detected by sensor------------- 
Baggage weighs: 19.16 kg
baggage is on conveyor belt-------
---------baggage detected by sensor------------- 
Baggage weighs: 19.52 kg
baggage is on conveyor belt-------
---------baggage detected by sensor------------- 
Baggage weighs: 17.51 kg
baggage is on conveyor belt-------
---------baggage detected by sensor------------- 
Baggage weighs: 17.38 kg
baggage is on conveyor belt-------
---------baggage detected by sensor------------- 
Baggage weighs: 18.67 kg
baggage is on conveyor belt-------
---------baggage detected by sensor------------- 
Baggage weighs: 16.98 kg
baggage is on conveyor belt-------
---------baggage detected by sensor------------- 
Baggage weighs: 21.26 kg
baggage is on conveyor belt-------
---------baggage detected by sensor------------- 
Baggage weighs: 18.3 kg
baggage is on conveyor belt-------
---------baggage detected by sensor------------- 
Baggage weighs: 16.81 kg
baggage is on conveyor belt-------
---------baggage detected by sensor------------- 
Baggage weighs: 20.91 kg
baggage is on conveyor belt-------
---------baggage detected by sensor------------- 
Baggage weighs: 21.21 kg
baggage is on conveyor belt-------
---------baggage detected by sensor------------- 
Baggage weighs: 19.69 kg
baggage is on conveyor belt-------
---------baggage detected by sensor------------- 
Baggage weighs: 18.67 kg
baggage is on conveyor belt-------
---------baggage detected by sensor------------- 
Baggage weighs: 19.12 kg
baggage is on conveyor belt-------
---------baggage detected by sensor------------- 
Baggage weighs: 16.42 kg
baggage is on conveyor belt-------
---------baggage detected by sensor------------- 
Baggage weighs: 19.17 kg
baggage is on conveyor belt-------
---------baggage detected by sensor------------- 
Baggage weighs: 19.0 kg
baggage is on conveyor belt-------
---------baggage detected by sensor------------- 
Baggage weighs: 18.78 kg
baggage is on conveyor belt-------
---------baggage detected by sensor------------- 
Baggage weighs: 20.31 kg
baggage is on conveyor belt-------
---------baggage detected by sensor------------- 
Baggage weighs: 21.25 kg
baggage is on conveyor belt-------
---------baggage detected by sensor------------- 
Baggage weighs: 18.87 kg
baggage is on conveyor belt-------
---------baggage detected by sensor------------- 
Baggage weighs: 16.25 kg
baggage is on conveyor belt-------
---------baggage detected by sensor------------- 
Baggage weighs: 19.94 kg
baggage is on conveyor belt-------
---------baggage detected by sensor------------- 
Baggage weighs: 16.88 kg
baggage is on conveyor belt-------
---------baggage detected by sensor------------- 
Baggage weighs: 18.24 kg
baggage is on conveyor belt-------
---------baggage detected by sensor------------- 
Baggage weighs: 17.16 kg
baggage is on conveyor belt-------
---------baggage detected by sensor------------- 
Baggage weighs: 19.34 kg
baggage is on conveyor belt-------
---------baggage detected by sensor------------- 
Baggage weighs: 22.41 kg
baggage is on conveyor belt-------
---------baggage detected by sensor------------- 
Baggage weighs: 20.47 kg
baggage is on conveyor belt-------
---------baggage detected by sensor------------- 
Baggage weighs: 18.81 kg
baggage is on conveyor belt-------
---------baggage detected by sensor------------- 
Baggage weighs: 18.56 kg
baggage is on conveyor belt-------
---------baggage detected by sensor------------- 
Baggage weighs: 17.77 kg
baggage is on conveyor belt-------
---------baggage detected by sensor------------- 
Baggage weighs: 19.32 kg
baggage is on conveyor belt-------
---------baggage detected by sensor------------- 
Baggage weighs: 19.21 kg
baggage is on conveyor belt-------
---------baggage detected by sensor------------- 
Baggage weighs: 19.13 kg
baggage is on conveyor belt-------
---------baggage detected by sensor------------- 
Baggage weighs: 20.39 kg
baggage is on conveyor belt-------
---------baggage detected by sensor------------- 
Baggage weighs: 21.03 kg
baggage is on conveyor belt-------
---------baggage detected by sensor------------- 
Baggage weighs: 20.05 kg
baggage is on conveyor belt-------
---------baggage detected by sensor------------- 
Baggage weighs: 21.92 kg
baggage is on conveyor belt-------
---------baggage detected by sensor------------- 
Baggage weighs: 19.37 kg
baggage is on conveyor belt-------
---------baggage detected by sensor------------- 
Baggage weighs: 20.35 kg
baggage is on conveyor belt-------
---------baggage detected by sensor------------- 
Baggage weighs: 18.73 kg
baggage is on conveyor belt-------
---------baggage detected by sensor------------- 
Baggage weighs: 20.33 kg
baggage is on conveyor belt-------
---------baggage detected by sensor------------- 
Baggage weighs: 22.01 kg
baggage is on conveyor belt-------
---------baggage detected by sensor------------- 
Baggage weighs: 19.27 kg
baggage is on conveyor belt-------
---------baggage detected by sensor------------- 
Baggage weighs: 21.18 kg
baggage is on conveyor belt-------
---------baggage detected by sensor------------- 
Baggage weighs: 17.16 kg
baggage is on conveyor belt-------
---------baggage detected by sensor------------- 
Baggage weighs: 20.04 kg
baggage is on conveyor belt-------
---------baggage detected by sensor------------- 
Baggage weighs: 20.91 kg
baggage is on conveyor belt-------
---------baggage detected by sensor------------- 
Baggage weighs: 20.3 kg
baggage is on conveyor belt-------
---------baggage detected by sensor------------- 
Baggage weighs: 20.38 kg
baggage is on conveyor belt-------
---------baggage detected by sensor------------- 
Baggage weighs: 16.54 kg
baggage is on conveyor belt-------
---------baggage detected by sensor------------- 
Baggage weighs: 18.87 kg
baggage is on conveyor belt-------
---------baggage detected by sensor------------- 
Baggage weighs: 20.22 kg
baggage is on conveyor belt-------
---------baggage detected by sensor------------- 
Baggage weighs: 20.75 kg
baggage is on conveyor belt-------
---------baggage detected by sensor------------- 
Baggage weighs: 17.4 kg
baggage is on conveyor belt-------
---------baggage detected by sensor------------- 
Baggage weighs: 20.27 kg
baggage is on conveyor belt-------
---------baggage detected by sensor------------- 
Baggage weighs: 17.04 kg
baggage is on conveyor belt-------
---------baggage detected by sensor------------- 
Baggage weighs: 19.84 kg
baggage is on conveyor belt-------
---------baggage detected by sensor------------- 
Baggage weighs: 17.34 kg
baggage is on conveyor belt-------
---------baggage detected by sensor------------- 
Baggage weighs: 18.75 kg
baggage is on conveyor belt-------
---------baggage detected by sensor------------- 
Baggage weighs: 19.12 kg
baggage is on conveyor belt-------
---------baggage detected by sensor------------- 
Baggage weighs: 18.29 kg
baggage is on conveyor belt-------
---------baggage detected by sensor------------- 
Baggage weighs: 17.94 kg
baggage is on conveyor belt-------
---------baggage detected by sensor------------- 
Baggage weighs: 19.09 kg
baggage is on conveyor belt-------
---------baggage detected by sensor------------- 
Baggage weighs: 22.39 kg
baggage is on conveyor belt-------
---------baggage detected by sensor------------- 
Baggage weighs: 21.23 kg
baggage is on conveyor belt-------
---------baggage detected by sensor------------- 
Baggage weighs: 17.56 kg
baggage is on conveyor belt-------
---------baggage detected by sensor------------- 
Baggage weighs: 18.37 kg
baggage is on conveyor belt-------
---------baggage detected by sensor------------- 
Baggage weighs: 21.4 kg
baggage is on conveyor belt-------
---------baggage detected by sensor------------- 
Baggage weighs: 20.25 kg
baggage is on conveyor belt-------
---------baggage detected by sensor------------- 
Baggage weighs: 23.0 kg
baggage is on conveyor belt-------
---------baggage detected by sensor------------- 
Baggage weighs: 17.01 kg
baggage is on conveyor belt-------
---------baggage detected by sensor------------- 
Baggage weighs: 17.39 kg
baggage is on conveyor belt-------
---------baggage detected by sensor------------- 
Baggage weighs: 16.7 kg
baggage is on conveyor belt-------
---------baggage detected by sensor------------- 
Baggage weighs: 16.23 kg
baggage is on conveyor belt-------
---------baggage detected by sensor------------- 
Baggage weighs: 19.13 kg
baggage is on conveyor belt-------
---------baggage detected by sensor------------- 
Baggage weighs: 21.07 kg
baggage is on conveyor belt-------
---------baggage detected by sensor------------- 
Baggage weighs: 17.87 kg
baggage is on conveyor belt-------
---------baggage detected by sensor------------- 
Baggage weighs: 19.92 kg
baggage is on conveyor belt-------
---------baggage detected by sensor------------- 
Baggage weighs: 19.22 kg
baggage is on conveyor belt-------
---------baggage detected by sensor------------- 
Baggage weighs: 21.53 kg
baggage is on conveyor belt-------
---------baggage detected by sensor------------- 
Baggage weighs: 20.29 kg
baggage is on conveyor belt-------
---------baggage detected by sensor------------- 
Baggage weighs: 19.32 kg
baggage is on conveyor belt-------
---------baggage detected by sensor------------- 
Baggage weighs: 17.25 kg
baggage is on conveyor belt-------
---------baggage detected by sensor------------- 
Baggage weighs: 21.3 kg
baggage is on conveyor belt-------
---------baggage detected by sensor------------- 
Baggage weighs: 16.79 kg
baggage is on conveyor belt-------
---------baggage detected by sensor------------- 
Baggage weighs: 19.55 kg
baggage is on conveyor belt-------
---------baggage detected by sensor------------- 
Baggage weighs: 18.88 kg
baggage is on conveyor belt-------
---------baggage detected by sensor------------- 
Baggage weighs: 22.33 kg
baggage is on conveyor belt-------
---------baggage detected by sensor------------- 
Baggage weighs: 20.62 kg
baggage is on conveyor belt-------
---------baggage detected by sensor------------- 
Baggage weighs: 19.42 kg
baggage is on conveyor belt-------
---------baggage detected by sensor------------- 
Baggage weighs: 17.54 kg
baggage is on conveyor belt-------
---------baggage detected by sensor------------- 
Baggage weighs: 21.51 kg
baggage is on conveyor belt-------
---------baggage detected by sensor------------- 
Baggage weighs: 19.46 kg
baggage is on conveyor belt-------
---------baggage detected by sensor------------- 
Baggage weighs: 17.83 kg
baggage is on conveyor belt-------
---------baggage detected by sensor------------- 
Baggage weighs: 17.75 kg
baggage is on conveyor belt-------
---------baggage detected by sensor------------- 
Baggage weighs: 17.44 kg
baggage is on conveyor belt-------
---------baggage detected by sensor------------- 
Baggage weighs: 19.53 kg
baggage is on conveyor belt-------
---------baggage detected by sensor------------- 
Baggage weighs: 17.51 kg
baggage is on conveyor belt-------
---------baggage detected by sensor------------- 
Baggage weighs: 18.2 kg
baggage is on conveyor belt-------
---------baggage detected by sensor------------- 
Baggage weighs: 21.55 kg
baggage is on conveyor belt-------
---------baggage detected by sensor------------- 
Baggage weighs: 19.67 kg
baggage is on conveyor belt-------
---------baggage detected by sensor------------- 
Baggage weighs: 19.52 kg
baggage is on conveyor belt-------
---------baggage detected by sensor------------- 
Baggage weighs: 21.06 kg
baggage is on conveyor belt-------
---------baggage detected by sensor------------- 
Baggage weighs: 17.44 kg
baggage is on conveyor belt-------
---------baggage detected by sensor------------- 
Baggage weighs: 19.21 kg
baggage is on conveyor belt-------
---------baggage detected by sensor------------- 
Baggage weighs: 21.65 kg
baggage is on conveyor belt-------
---------baggage detected by sensor------------- 
Baggage weighs: 19.64 kg
baggage is on conveyor belt-------
---------baggage detected by sensor------------- 
Baggage weighs: 21.03 kg
baggage is on conveyor belt-------
---------baggage detected by sensor------------- 
Baggage weighs: 19.76 kg
baggage is on conveyor belt-------
---------baggage detected by sensor------------- 
Baggage weighs: 21.01 kg
baggage is on conveyor belt-------
---------baggage detected by sensor------------- 
Baggage weighs: 19.11 kg
baggage is on conveyor belt-------
---------baggage detected by sensor------------- 
Baggage weighs: 18.54 kg
baggage is on conveyor belt-------
---------baggage detected by sensor------------- 
Baggage weighs: 16.86 kg
baggage is on conveyor belt-------
---------baggage detected by sensor------------- 
Baggage weighs: 16.59 kg
baggage is on conveyor belt-------
---------baggage detected by sensor------------- 
Baggage weighs: 19.26 kg
baggage is on conveyor belt-------
---------baggage detected by sensor------------- 
Baggage weighs: 18.34 kg
baggage is on conveyor belt-------
---------baggage detected by sensor------------- 
Baggage weighs: 19.09 kg
baggage is on conveyor belt-------
---------baggage detected by sensor------------- 
Baggage weighs: 22.38 kg
baggage is on conveyor belt-------
---------baggage detected by sensor------------- 
Baggage weighs: 22.12 kg
baggage is on conveyor belt-------
---------baggage detected by sensor------------- 
Baggage weighs: 16.75 kg
baggage is on conveyor belt-------
---------baggage detected by sensor------------- 
Baggage weighs: 20.36 kg
baggage is on conveyor belt-------
---------baggage detected by sensor------------- 
Baggage weighs: 20.94 kg
baggage is on conveyor belt-------
---------baggage detected by sensor------------- 
Baggage weighs: 19.8 kg
baggage is on conveyor belt-------
---------baggage detected by sensor------------- 
Baggage weighs: 19.12 kg
baggage is on conveyor belt-------
---------baggage detected by sensor------------- 
Baggage weighs: 16.93 kg
baggage is on conveyor belt-------
---------baggage detected by sensor------------- 
Baggage weighs: 20.48 kg
baggage is on conveyor belt-------
---------baggage detected by sensor------------- 
Baggage weighs: 17.63 kg
baggage is on conveyor belt-------
---------baggage detected by sensor------------- 
Baggage weighs: 19.86 kg
baggage is on conveyor belt-------
---------baggage detected by sensor------------- 
Baggage weighs: 19.4 kg
baggage is on conveyor belt-------
---------baggage detected by sensor------------- 
Baggage weighs: 19.0 kg
baggage is on conveyor belt-------
---------baggage detected by sensor------------- 
Baggage weighs: 20.5 kg
baggage is on conveyor belt-------
---------baggage detected by sensor------------- 
Baggage weighs: 21.9 kg
baggage is on conveyor belt-------
---------baggage detected by sensor------------- 
Baggage weighs: 19.82 kg
baggage is on conveyor belt-------
---------baggage detected by sensor------------- 
Baggage weighs: 18.98 kg
baggage is on conveyor belt-------
---------baggage detected by sensor------------- 
Baggage weighs: 19.28 kg
baggage is on conveyor belt-------
---------baggage detected by sensor------------- 
Baggage weighs: 18.06 kg
baggage is on conveyor belt-------
---------baggage detected by sensor------------- 
Baggage weighs: 20.2 kg
baggage is on conveyor belt-------
---------baggage detected by sensor------------- 
Baggage weighs: 19.74 kg
baggage is on conveyor belt-------
---------baggage detected by sensor------------- 
Baggage weighs: 17.44 kg
baggage is on conveyor belt-------
---------baggage detected by sensor------------- 
Baggage weighs: 19.36 kg
baggage is on conveyor belt-------
---------baggage detected by sensor------------- 
Baggage weighs: 20.4 kg
baggage is on conveyor belt-------
---------baggage detected by sensor------------- 
Baggage weighs: 18.92 kg
baggage is on conveyor belt-------
---------baggage detected by sensor------------- 
Baggage weighs: 18.48 kg
baggage is on conveyor belt-------
---------baggage detected by sensor------------- 
Baggage weighs: 17.34 kg
baggage is on conveyor belt-------
---------baggage detected by sensor------------- 
Baggage weighs: 20.57 kg
baggage is on conveyor belt-------
---------baggage detected by sensor------------- 
Baggage weighs: 17.19 kg
baggage is on conveyor belt-------
---------baggage detected by sensor------------- 
Baggage weighs: 18.25 kg
baggage is on conveyor belt-------
---------baggage detected by sensor------------- 
Baggage weighs: 19.29 kg
baggage is on conveyor belt-------
---------baggage detected by sensor------------- 
Baggage weighs: 16.86 kg
baggage is on conveyor belt-------
---------baggage detected by sensor------------- 
Baggage weighs: 19.34 kg
baggage is on conveyor belt-------
---------baggage detected by sensor------------- 
Baggage weighs: 19.32 kg
baggage is on conveyor belt-------
---------baggage detected by sensor------------- 
Baggage weighs: 18.15 kg
baggage is on conveyor belt-------
---------baggage detected by sensor------------- 
Baggage weighs: 18.98 kg
baggage is on conveyor belt-------
---------baggage detected by sensor------------- 
Baggage weighs: 21.84 kg
baggage is on conveyor belt-------
---------baggage detected by sensor------------- 
Baggage weighs: 20.53 kg
baggage is on conveyor belt-------
---------baggage detected by sensor------------- 
Baggage weighs: 20.62 kg
baggage is on conveyor belt-------
---------baggage detected by sensor------------- 
Baggage weighs: 20.7 kg
baggage is on conveyor belt-------
---------baggage detected by sensor------------- 
Baggage weighs: 19.64 kg
baggage is on conveyor belt-------
---------baggage detected by sensor------------- 
Baggage weighs: 16.11 kg
baggage is on conveyor belt-------
---------baggage detected by sensor------------- 
Baggage weighs: 22.24 kg
baggage is on conveyor belt-------
---------baggage detected by sensor------------- 
Baggage weighs: 21.47 kg
baggage is on conveyor belt-------
---------baggage detected by sensor------------- 
Baggage weighs: 20.73 kg
baggage is on conveyor belt-------
---------baggage detected by sensor------------- 
Baggage weighs: 19.51 kg
baggage is on conveyor belt-------
---------baggage detected by sensor------------- 
Baggage weighs: 20.11 kg
baggage is on conveyor belt-------
---------baggage detected by sensor------------- 
Baggage weighs: 20.36 kg
baggage is on conveyor belt-------
---------baggage detected by sensor------------- 
Baggage weighs: 18.84 kg
baggage is on conveyor belt-------
---------baggage detected by sensor------------- 
Baggage weighs: 22.61 kg
baggage is on conveyor belt-------
---------baggage detected by sensor------------- 
Baggage weighs: 20.07 kg
baggage is on conveyor belt-------
---------baggage detected by sensor------------- 
Baggage weighs: 20.28 kg
baggage is on conveyor belt-------
---------baggage detected by sensor------------- 
Baggage weighs: 17.9 kg
baggage is on conveyor belt-------
---------baggage detected by sensor------------- 
Baggage weighs: 18.13 kg
Seat with ID: 34A has been reserved for you!

BOARDING PASS FOR GALE HICKMAN
-----------------------------------------------------------------------------
LUFTHANSA                      r9pjmd7618zxig7 /  Gale Hickman
Gale Hickman                                     /  r9pjmd7618zxig7
FRA   LH2121   E  30.Oct                       /  FRA
HKG                                            /  HKG
SEAT ID: 34A                                   /  LH2121 E 30.Oct
SEQ: 171                                      / GATE: A05   22:00
MAX 1  HANDLUGGAGE/ LUGGAGE
-----------------------------------------------------------------------------
sorry Gale Hickman we have no voucher for you! Have a nice day!

---------------------------------------------------------------------------------------------------------------
scanning passport with passport id: 0YRKT4TVS
searching for ticket in fast bag drop database..............
Ticket found for Joshua Mcneil and Flight LH2121
----searching flight seat for Joshua Mcneil---------
Found a seat with ID 34B
Below details were found in database
------------------------------------------
Name: Joshua Mcneil
Flight ID: LH2121
Source: FRA
Destination: HKG
Gate No: A05
Boarding time: 22:00
Ticket ID: yweev3t17j6x8n1
Booking Class: E
------------------------------------------

Proceed with check-in for flight LH2121 ?
Type YES to CHECK-IN or NO to cancel CHECK-IN
Joshua Mcneil is deciding whether to check-in or to go back home and sleep............
YES CHECK-IN
Checking you in...............
baggage is on conveyor belt-------
---------baggage detected by sensor------------- 
Baggage weighs: 21.58 kg
baggage is on conveyor belt-------
---------baggage detected by sensor------------- 
Baggage weighs: 20.43 kg
baggage is on conveyor belt-------
---------baggage detected by sensor------------- 
Baggage weighs: 18.47 kg
baggage is on conveyor belt-------
---------baggage detected by sensor------------- 
Baggage weighs: 17.86 kg
baggage is on conveyor belt-------
---------baggage detected by sensor------------- 
Baggage weighs: 18.65 kg
baggage is on conveyor belt-------
---------baggage detected by sensor------------- 
Baggage weighs: 19.27 kg
baggage is on conveyor belt-------
---------baggage detected by sensor------------- 
Baggage weighs: 17.42 kg
baggage is on conveyor belt-------
---------baggage detected by sensor------------- 
Baggage weighs: 19.16 kg
baggage is on conveyor belt-------
---------baggage detected by sensor------------- 
Baggage weighs: 19.52 kg
baggage is on conveyor belt-------
---------baggage detected by sensor------------- 
Baggage weighs: 17.51 kg
baggage is on conveyor belt-------
---------baggage detected by sensor------------- 
Baggage weighs: 17.38 kg
baggage is on conveyor belt-------
---------baggage detected by sensor------------- 
Baggage weighs: 18.67 kg
baggage is on conveyor belt-------
---------baggage detected by sensor------------- 
Baggage weighs: 16.98 kg
baggage is on conveyor belt-------
---------baggage detected by sensor------------- 
Baggage weighs: 21.26 kg
baggage is on conveyor belt-------
---------baggage detected by sensor------------- 
Baggage weighs: 18.3 kg
baggage is on conveyor belt-------
---------baggage detected by sensor------------- 
Baggage weighs: 16.81 kg
baggage is on conveyor belt-------
---------baggage detected by sensor------------- 
Baggage weighs: 20.91 kg
baggage is on conveyor belt-------
---------baggage detected by sensor------------- 
Baggage weighs: 21.21 kg
baggage is on conveyor belt-------
---------baggage detected by sensor------------- 
Baggage weighs: 19.69 kg
baggage is on conveyor belt-------
---------baggage detected by sensor------------- 
Baggage weighs: 18.67 kg
baggage is on conveyor belt-------
---------baggage detected by sensor------------- 
Baggage weighs: 19.12 kg
baggage is on conveyor belt-------
---------baggage detected by sensor------------- 
Baggage weighs: 16.42 kg
baggage is on conveyor belt-------
---------baggage detected by sensor------------- 
Baggage weighs: 19.17 kg
baggage is on conveyor belt-------
---------baggage detected by sensor------------- 
Baggage weighs: 19.0 kg
baggage is on conveyor belt-------
---------baggage detected by sensor------------- 
Baggage weighs: 18.78 kg
baggage is on conveyor belt-------
---------baggage detected by sensor------------- 
Baggage weighs: 20.31 kg
baggage is on conveyor belt-------
---------baggage detected by sensor------------- 
Baggage weighs: 21.25 kg
baggage is on conveyor belt-------
---------baggage detected by sensor------------- 
Baggage weighs: 18.87 kg
baggage is on conveyor belt-------
---------baggage detected by sensor------------- 
Baggage weighs: 16.25 kg
baggage is on conveyor belt-------
---------baggage detected by sensor------------- 
Baggage weighs: 19.94 kg
baggage is on conveyor belt-------
---------baggage detected by sensor------------- 
Baggage weighs: 16.88 kg
baggage is on conveyor belt-------
---------baggage detected by sensor------------- 
Baggage weighs: 18.24 kg
baggage is on conveyor belt-------
---------baggage detected by sensor------------- 
Baggage weighs: 17.16 kg
baggage is on conveyor belt-------
---------baggage detected by sensor------------- 
Baggage weighs: 19.34 kg
baggage is on conveyor belt-------
---------baggage detected by sensor------------- 
Baggage weighs: 22.41 kg
baggage is on conveyor belt-------
---------baggage detected by sensor------------- 
Baggage weighs: 20.47 kg
baggage is on conveyor belt-------
---------baggage detected by sensor------------- 
Baggage weighs: 18.81 kg
baggage is on conveyor belt-------
---------baggage detected by sensor------------- 
Baggage weighs: 18.56 kg
baggage is on conveyor belt-------
---------baggage detected by sensor------------- 
Baggage weighs: 17.77 kg
baggage is on conveyor belt-------
---------baggage detected by sensor------------- 
Baggage weighs: 19.32 kg
baggage is on conveyor belt-------
---------baggage detected by sensor------------- 
Baggage weighs: 19.21 kg
baggage is on conveyor belt-------
---------baggage detected by sensor------------- 
Baggage weighs: 19.13 kg
baggage is on conveyor belt-------
---------baggage detected by sensor------------- 
Baggage weighs: 20.39 kg
baggage is on conveyor belt-------
---------baggage detected by sensor------------- 
Baggage weighs: 21.03 kg
baggage is on conveyor belt-------
---------baggage detected by sensor------------- 
Baggage weighs: 20.05 kg
baggage is on conveyor belt-------
---------baggage detected by sensor------------- 
Baggage weighs: 21.92 kg
baggage is on conveyor belt-------
---------baggage detected by sensor------------- 
Baggage weighs: 19.37 kg
baggage is on conveyor belt-------
---------baggage detected by sensor------------- 
Baggage weighs: 20.35 kg
baggage is on conveyor belt-------
---------baggage detected by sensor------------- 
Baggage weighs: 18.73 kg
baggage is on conveyor belt-------
---------baggage detected by sensor------------- 
Baggage weighs: 20.33 kg
baggage is on conveyor belt-------
---------baggage detected by sensor------------- 
Baggage weighs: 22.01 kg
baggage is on conveyor belt-------
---------baggage detected by sensor------------- 
Baggage weighs: 19.27 kg
baggage is on conveyor belt-------
---------baggage detected by sensor------------- 
Baggage weighs: 21.18 kg
baggage is on conveyor belt-------
---------baggage detected by sensor------------- 
Baggage weighs: 17.16 kg
baggage is on conveyor belt-------
---------baggage detected by sensor------------- 
Baggage weighs: 20.04 kg
baggage is on conveyor belt-------
---------baggage detected by sensor------------- 
Baggage weighs: 20.91 kg
baggage is on conveyor belt-------
---------baggage detected by sensor------------- 
Baggage weighs: 20.3 kg
baggage is on conveyor belt-------
---------baggage detected by sensor------------- 
Baggage weighs: 20.38 kg
baggage is on conveyor belt-------
---------baggage detected by sensor------------- 
Baggage weighs: 16.54 kg
baggage is on conveyor belt-------
---------baggage detected by sensor------------- 
Baggage weighs: 18.87 kg
baggage is on conveyor belt-------
---------baggage detected by sensor------------- 
Baggage weighs: 20.22 kg
baggage is on conveyor belt-------
---------baggage detected by sensor------------- 
Baggage weighs: 20.75 kg
baggage is on conveyor belt-------
---------baggage detected by sensor------------- 
Baggage weighs: 17.4 kg
baggage is on conveyor belt-------
---------baggage detected by sensor------------- 
Baggage weighs: 20.27 kg
baggage is on conveyor belt-------
---------baggage detected by sensor------------- 
Baggage weighs: 17.04 kg
baggage is on conveyor belt-------
---------baggage detected by sensor------------- 
Baggage weighs: 19.84 kg
baggage is on conveyor belt-------
---------baggage detected by sensor------------- 
Baggage weighs: 17.34 kg
baggage is on conveyor belt-------
---------baggage detected by sensor------------- 
Baggage weighs: 18.75 kg
baggage is on conveyor belt-------
---------baggage detected by sensor------------- 
Baggage weighs: 19.12 kg
baggage is on conveyor belt-------
---------baggage detected by sensor------------- 
Baggage weighs: 18.29 kg
baggage is on conveyor belt-------
---------baggage detected by sensor------------- 
Baggage weighs: 17.94 kg
baggage is on conveyor belt-------
---------baggage detected by sensor------------- 
Baggage weighs: 19.09 kg
baggage is on conveyor belt-------
---------baggage detected by sensor------------- 
Baggage weighs: 22.39 kg
baggage is on conveyor belt-------
---------baggage detected by sensor------------- 
Baggage weighs: 21.23 kg
baggage is on conveyor belt-------
---------baggage detected by sensor------------- 
Baggage weighs: 17.56 kg
baggage is on conveyor belt-------
---------baggage detected by sensor------------- 
Baggage weighs: 18.37 kg
baggage is on conveyor belt-------
---------baggage detected by sensor------------- 
Baggage weighs: 21.4 kg
baggage is on conveyor belt-------
---------baggage detected by sensor------------- 
Baggage weighs: 20.25 kg
baggage is on conveyor belt-------
---------baggage detected by sensor------------- 
Baggage weighs: 23.0 kg
baggage is on conveyor belt-------
---------baggage detected by sensor------------- 
Baggage weighs: 17.01 kg
baggage is on conveyor belt-------
---------baggage detected by sensor------------- 
Baggage weighs: 17.39 kg
baggage is on conveyor belt-------
---------baggage detected by sensor------------- 
Baggage weighs: 16.7 kg
baggage is on conveyor belt-------
---------baggage detected by sensor------------- 
Baggage weighs: 16.23 kg
baggage is on conveyor belt-------
---------baggage detected by sensor------------- 
Baggage weighs: 19.13 kg
baggage is on conveyor belt-------
---------baggage detected by sensor------------- 
Baggage weighs: 21.07 kg
baggage is on conveyor belt-------
---------baggage detected by sensor------------- 
Baggage weighs: 17.87 kg
baggage is on conveyor belt-------
---------baggage detected by sensor------------- 
Baggage weighs: 19.92 kg
baggage is on conveyor belt-------
---------baggage detected by sensor------------- 
Baggage weighs: 19.22 kg
baggage is on conveyor belt-------
---------baggage detected by sensor------------- 
Baggage weighs: 21.53 kg
baggage is on conveyor belt-------
---------baggage detected by sensor------------- 
Baggage weighs: 20.29 kg
baggage is on conveyor belt-------
---------baggage detected by sensor------------- 
Baggage weighs: 19.32 kg
baggage is on conveyor belt-------
---------baggage detected by sensor------------- 
Baggage weighs: 17.25 kg
baggage is on conveyor belt-------
---------baggage detected by sensor------------- 
Baggage weighs: 21.3 kg
baggage is on conveyor belt-------
---------baggage detected by sensor------------- 
Baggage weighs: 16.79 kg
baggage is on conveyor belt-------
---------baggage detected by sensor------------- 
Baggage weighs: 19.55 kg
baggage is on conveyor belt-------
---------baggage detected by sensor------------- 
Baggage weighs: 18.88 kg
baggage is on conveyor belt-------
---------baggage detected by sensor------------- 
Baggage weighs: 22.33 kg
baggage is on conveyor belt-------
---------baggage detected by sensor------------- 
Baggage weighs: 20.62 kg
baggage is on conveyor belt-------
---------baggage detected by sensor------------- 
Baggage weighs: 19.42 kg
baggage is on conveyor belt-------
---------baggage detected by sensor------------- 
Baggage weighs: 17.54 kg
baggage is on conveyor belt-------
---------baggage detected by sensor------------- 
Baggage weighs: 21.51 kg
baggage is on conveyor belt-------
---------baggage detected by sensor------------- 
Baggage weighs: 19.46 kg
baggage is on conveyor belt-------
---------baggage detected by sensor------------- 
Baggage weighs: 17.83 kg
baggage is on conveyor belt-------
---------baggage detected by sensor------------- 
Baggage weighs: 17.75 kg
baggage is on conveyor belt-------
---------baggage detected by sensor------------- 
Baggage weighs: 17.44 kg
baggage is on conveyor belt-------
---------baggage detected by sensor------------- 
Baggage weighs: 19.53 kg
baggage is on conveyor belt-------
---------baggage detected by sensor------------- 
Baggage weighs: 17.51 kg
baggage is on conveyor belt-------
---------baggage detected by sensor------------- 
Baggage weighs: 18.2 kg
baggage is on conveyor belt-------
---------baggage detected by sensor------------- 
Baggage weighs: 21.55 kg
baggage is on conveyor belt-------
---------baggage detected by sensor------------- 
Baggage weighs: 19.67 kg
baggage is on conveyor belt-------
---------baggage detected by sensor------------- 
Baggage weighs: 19.52 kg
baggage is on conveyor belt-------
---------baggage detected by sensor------------- 
Baggage weighs: 21.06 kg
baggage is on conveyor belt-------
---------baggage detected by sensor------------- 
Baggage weighs: 17.44 kg
baggage is on conveyor belt-------
---------baggage detected by sensor------------- 
Baggage weighs: 19.21 kg
baggage is on conveyor belt-------
---------baggage detected by sensor------------- 
Baggage weighs: 21.65 kg
baggage is on conveyor belt-------
---------baggage detected by sensor------------- 
Baggage weighs: 19.64 kg
baggage is on conveyor belt-------
---------baggage detected by sensor------------- 
Baggage weighs: 21.03 kg
baggage is on conveyor belt-------
---------baggage detected by sensor------------- 
Baggage weighs: 19.76 kg
baggage is on conveyor belt-------
---------baggage detected by sensor------------- 
Baggage weighs: 21.01 kg
baggage is on conveyor belt-------
---------baggage detected by sensor------------- 
Baggage weighs: 19.11 kg
baggage is on conveyor belt-------
---------baggage detected by sensor------------- 
Baggage weighs: 18.54 kg
baggage is on conveyor belt-------
---------baggage detected by sensor------------- 
Baggage weighs: 16.86 kg
baggage is on conveyor belt-------
---------baggage detected by sensor------------- 
Baggage weighs: 16.59 kg
baggage is on conveyor belt-------
---------baggage detected by sensor------------- 
Baggage weighs: 19.26 kg
baggage is on conveyor belt-------
---------baggage detected by sensor------------- 
Baggage weighs: 18.34 kg
baggage is on conveyor belt-------
---------baggage detected by sensor------------- 
Baggage weighs: 19.09 kg
baggage is on conveyor belt-------
---------baggage detected by sensor------------- 
Baggage weighs: 22.38 kg
baggage is on conveyor belt-------
---------baggage detected by sensor------------- 
Baggage weighs: 22.12 kg
baggage is on conveyor belt-------
---------baggage detected by sensor------------- 
Baggage weighs: 16.75 kg
baggage is on conveyor belt-------
---------baggage detected by sensor------------- 
Baggage weighs: 20.36 kg
baggage is on conveyor belt-------
---------baggage detected by sensor------------- 
Baggage weighs: 20.94 kg
baggage is on conveyor belt-------
---------baggage detected by sensor------------- 
Baggage weighs: 19.8 kg
baggage is on conveyor belt-------
---------baggage detected by sensor------------- 
Baggage weighs: 19.12 kg
baggage is on conveyor belt-------
---------baggage detected by sensor------------- 
Baggage weighs: 16.93 kg
baggage is on conveyor belt-------
---------baggage detected by sensor------------- 
Baggage weighs: 20.48 kg
baggage is on conveyor belt-------
---------baggage detected by sensor------------- 
Baggage weighs: 17.63 kg
baggage is on conveyor belt-------
---------baggage detected by sensor------------- 
Baggage weighs: 19.86 kg
baggage is on conveyor belt-------
---------baggage detected by sensor------------- 
Baggage weighs: 19.4 kg
baggage is on conveyor belt-------
---------baggage detected by sensor------------- 
Baggage weighs: 19.0 kg
baggage is on conveyor belt-------
---------baggage detected by sensor------------- 
Baggage weighs: 20.5 kg
baggage is on conveyor belt-------
---------baggage detected by sensor------------- 
Baggage weighs: 21.9 kg
baggage is on conveyor belt-------
---------baggage detected by sensor------------- 
Baggage weighs: 19.82 kg
baggage is on conveyor belt-------
---------baggage detected by sensor------------- 
Baggage weighs: 18.98 kg
baggage is on conveyor belt-------
---------baggage detected by sensor------------- 
Baggage weighs: 19.28 kg
baggage is on conveyor belt-------
---------baggage detected by sensor------------- 
Baggage weighs: 18.06 kg
baggage is on conveyor belt-------
---------baggage detected by sensor------------- 
Baggage weighs: 20.2 kg
baggage is on conveyor belt-------
---------baggage detected by sensor------------- 
Baggage weighs: 19.74 kg
baggage is on conveyor belt-------
---------baggage detected by sensor------------- 
Baggage weighs: 17.44 kg
baggage is on conveyor belt-------
---------baggage detected by sensor------------- 
Baggage weighs: 19.36 kg
baggage is on conveyor belt-------
---------baggage detected by sensor------------- 
Baggage weighs: 20.4 kg
baggage is on conveyor belt-------
---------baggage detected by sensor------------- 
Baggage weighs: 18.92 kg
baggage is on conveyor belt-------
---------baggage detected by sensor------------- 
Baggage weighs: 18.48 kg
baggage is on conveyor belt-------
---------baggage detected by sensor------------- 
Baggage weighs: 17.34 kg
baggage is on conveyor belt-------
---------baggage detected by sensor------------- 
Baggage weighs: 20.57 kg
baggage is on conveyor belt-------
---------baggage detected by sensor------------- 
Baggage weighs: 17.19 kg
baggage is on conveyor belt-------
---------baggage detected by sensor------------- 
Baggage weighs: 18.25 kg
baggage is on conveyor belt-------
---------baggage detected by sensor------------- 
Baggage weighs: 19.29 kg
baggage is on conveyor belt-------
---------baggage detected by sensor------------- 
Baggage weighs: 16.86 kg
baggage is on conveyor belt-------
---------baggage detected by sensor------------- 
Baggage weighs: 19.34 kg
baggage is on conveyor belt-------
---------baggage detected by sensor------------- 
Baggage weighs: 19.32 kg
baggage is on conveyor belt-------
---------baggage detected by sensor------------- 
Baggage weighs: 18.15 kg
baggage is on conveyor belt-------
---------baggage detected by sensor------------- 
Baggage weighs: 18.98 kg
baggage is on conveyor belt-------
---------baggage detected by sensor------------- 
Baggage weighs: 21.84 kg
baggage is on conveyor belt-------
---------baggage detected by sensor------------- 
Baggage weighs: 20.53 kg
baggage is on conveyor belt-------
---------baggage detected by sensor------------- 
Baggage weighs: 20.62 kg
baggage is on conveyor belt-------
---------baggage detected by sensor------------- 
Baggage weighs: 20.7 kg
baggage is on conveyor belt-------
---------baggage detected by sensor------------- 
Baggage weighs: 19.64 kg
baggage is on conveyor belt-------
---------baggage detected by sensor------------- 
Baggage weighs: 16.11 kg
baggage is on conveyor belt-------
---------baggage detected by sensor------------- 
Baggage weighs: 22.24 kg
baggage is on conveyor belt-------
---------baggage detected by sensor------------- 
Baggage weighs: 21.47 kg
baggage is on conveyor belt-------
---------baggage detected by sensor------------- 
Baggage weighs: 20.73 kg
baggage is on conveyor belt-------
---------baggage detected by sensor------------- 
Baggage weighs: 19.51 kg
baggage is on conveyor belt-------
---------baggage detected by sensor------------- 
Baggage weighs: 20.11 kg
baggage is on conveyor belt-------
---------baggage detected by sensor------------- 
Baggage weighs: 20.36 kg
baggage is on conveyor belt-------
---------baggage detected by sensor------------- 
Baggage weighs: 18.84 kg
baggage is on conveyor belt-------
---------baggage detected by sensor------------- 
Baggage weighs: 22.61 kg
baggage is on conveyor belt-------
---------baggage detected by sensor------------- 
Baggage weighs: 20.07 kg
baggage is on conveyor belt-------
---------baggage detected by sensor------------- 
Baggage weighs: 20.28 kg
baggage is on conveyor belt-------
---------baggage detected by sensor------------- 
Baggage weighs: 17.9 kg
baggage is on conveyor belt-------
---------baggage detected by sensor------------- 
Baggage weighs: 18.13 kg
baggage is on conveyor belt-------
---------baggage detected by sensor------------- 
Baggage weighs: 18.32 kg
Seat with ID: 34B has been reserved for you!

BOARDING PASS FOR JOSHUA MCNEIL
-----------------------------------------------------------------------------
LUFTHANSA                      yweev3t17j6x8n1 /  Joshua Mcneil
Joshua Mcneil                                     /  yweev3t17j6x8n1
FRA   LH2121   E  30.Oct                       /  FRA
HKG                                            /  HKG
SEAT ID: 34B                                   /  LH2121 E 30.Oct
SEQ: 172                                      / GATE: A05   22:00
MAX 1  HANDLUGGAGE/ LUGGAGE
-----------------------------------------------------------------------------
sorry Joshua Mcneil we have no voucher for you! Have a nice day!

---------------------------------------------------------------------------------------------------------------
scanning passport with passport id: JLIT1RU9T
searching for ticket in fast bag drop database..............
Ticket found for Laura Wilkerson and Flight LH2121
----searching flight seat for Laura Wilkerson---------
Found a seat with ID 34C
Below details were found in database
------------------------------------------
Name: Laura Wilkerson
Flight ID: LH2121
Source: FRA
Destination: HKG
Gate No: A05
Boarding time: 22:00
Ticket ID: wicxe9m45suciwn
Booking Class: E
------------------------------------------

Proceed with check-in for flight LH2121 ?
Type YES to CHECK-IN or NO to cancel CHECK-IN
Laura Wilkerson is deciding whether to check-in or to go back home and sleep............
YES CHECK-IN
Checking you in...............
baggage is on conveyor belt-------
---------baggage detected by sensor------------- 
Baggage weighs: 21.58 kg
baggage is on conveyor belt-------
---------baggage detected by sensor------------- 
Baggage weighs: 20.43 kg
baggage is on conveyor belt-------
---------baggage detected by sensor------------- 
Baggage weighs: 18.47 kg
baggage is on conveyor belt-------
---------baggage detected by sensor------------- 
Baggage weighs: 17.86 kg
baggage is on conveyor belt-------
---------baggage detected by sensor------------- 
Baggage weighs: 18.65 kg
baggage is on conveyor belt-------
---------baggage detected by sensor------------- 
Baggage weighs: 19.27 kg
baggage is on conveyor belt-------
---------baggage detected by sensor------------- 
Baggage weighs: 17.42 kg
baggage is on conveyor belt-------
---------baggage detected by sensor------------- 
Baggage weighs: 19.16 kg
baggage is on conveyor belt-------
---------baggage detected by sensor------------- 
Baggage weighs: 19.52 kg
baggage is on conveyor belt-------
---------baggage detected by sensor------------- 
Baggage weighs: 17.51 kg
baggage is on conveyor belt-------
---------baggage detected by sensor------------- 
Baggage weighs: 17.38 kg
baggage is on conveyor belt-------
---------baggage detected by sensor------------- 
Baggage weighs: 18.67 kg
baggage is on conveyor belt-------
---------baggage detected by sensor------------- 
Baggage weighs: 16.98 kg
baggage is on conveyor belt-------
---------baggage detected by sensor------------- 
Baggage weighs: 21.26 kg
baggage is on conveyor belt-------
---------baggage detected by sensor------------- 
Baggage weighs: 18.3 kg
baggage is on conveyor belt-------
---------baggage detected by sensor------------- 
Baggage weighs: 16.81 kg
baggage is on conveyor belt-------
---------baggage detected by sensor------------- 
Baggage weighs: 20.91 kg
baggage is on conveyor belt-------
---------baggage detected by sensor------------- 
Baggage weighs: 21.21 kg
baggage is on conveyor belt-------
---------baggage detected by sensor------------- 
Baggage weighs: 19.69 kg
baggage is on conveyor belt-------
---------baggage detected by sensor------------- 
Baggage weighs: 18.67 kg
baggage is on conveyor belt-------
---------baggage detected by sensor------------- 
Baggage weighs: 19.12 kg
baggage is on conveyor belt-------
---------baggage detected by sensor------------- 
Baggage weighs: 16.42 kg
baggage is on conveyor belt-------
---------baggage detected by sensor------------- 
Baggage weighs: 19.17 kg
baggage is on conveyor belt-------
---------baggage detected by sensor------------- 
Baggage weighs: 19.0 kg
baggage is on conveyor belt-------
---------baggage detected by sensor------------- 
Baggage weighs: 18.78 kg
baggage is on conveyor belt-------
---------baggage detected by sensor------------- 
Baggage weighs: 20.31 kg
baggage is on conveyor belt-------
---------baggage detected by sensor------------- 
Baggage weighs: 21.25 kg
baggage is on conveyor belt-------
---------baggage detected by sensor------------- 
Baggage weighs: 18.87 kg
baggage is on conveyor belt-------
---------baggage detected by sensor------------- 
Baggage weighs: 16.25 kg
baggage is on conveyor belt-------
---------baggage detected by sensor------------- 
Baggage weighs: 19.94 kg
baggage is on conveyor belt-------
---------baggage detected by sensor------------- 
Baggage weighs: 16.88 kg
baggage is on conveyor belt-------
---------baggage detected by sensor------------- 
Baggage weighs: 18.24 kg
baggage is on conveyor belt-------
---------baggage detected by sensor------------- 
Baggage weighs: 17.16 kg
baggage is on conveyor belt-------
---------baggage detected by sensor------------- 
Baggage weighs: 19.34 kg
baggage is on conveyor belt-------
---------baggage detected by sensor------------- 
Baggage weighs: 22.41 kg
baggage is on conveyor belt-------
---------baggage detected by sensor------------- 
Baggage weighs: 20.47 kg
baggage is on conveyor belt-------
---------baggage detected by sensor------------- 
Baggage weighs: 18.81 kg
baggage is on conveyor belt-------
---------baggage detected by sensor------------- 
Baggage weighs: 18.56 kg
baggage is on conveyor belt-------
---------baggage detected by sensor------------- 
Baggage weighs: 17.77 kg
baggage is on conveyor belt-------
---------baggage detected by sensor------------- 
Baggage weighs: 19.32 kg
baggage is on conveyor belt-------
---------baggage detected by sensor------------- 
Baggage weighs: 19.21 kg
baggage is on conveyor belt-------
---------baggage detected by sensor------------- 
Baggage weighs: 19.13 kg
baggage is on conveyor belt-------
---------baggage detected by sensor------------- 
Baggage weighs: 20.39 kg
baggage is on conveyor belt-------
---------baggage detected by sensor------------- 
Baggage weighs: 21.03 kg
baggage is on conveyor belt-------
---------baggage detected by sensor------------- 
Baggage weighs: 20.05 kg
baggage is on conveyor belt-------
---------baggage detected by sensor------------- 
Baggage weighs: 21.92 kg
baggage is on conveyor belt-------
---------baggage detected by sensor------------- 
Baggage weighs: 19.37 kg
baggage is on conveyor belt-------
---------baggage detected by sensor------------- 
Baggage weighs: 20.35 kg
baggage is on conveyor belt-------
---------baggage detected by sensor------------- 
Baggage weighs: 18.73 kg
baggage is on conveyor belt-------
---------baggage detected by sensor------------- 
Baggage weighs: 20.33 kg
baggage is on conveyor belt-------
---------baggage detected by sensor------------- 
Baggage weighs: 22.01 kg
baggage is on conveyor belt-------
---------baggage detected by sensor------------- 
Baggage weighs: 19.27 kg
baggage is on conveyor belt-------
---------baggage detected by sensor------------- 
Baggage weighs: 21.18 kg
baggage is on conveyor belt-------
---------baggage detected by sensor------------- 
Baggage weighs: 17.16 kg
baggage is on conveyor belt-------
---------baggage detected by sensor------------- 
Baggage weighs: 20.04 kg
baggage is on conveyor belt-------
---------baggage detected by sensor------------- 
Baggage weighs: 20.91 kg
baggage is on conveyor belt-------
---------baggage detected by sensor------------- 
Baggage weighs: 20.3 kg
baggage is on conveyor belt-------
---------baggage detected by sensor------------- 
Baggage weighs: 20.38 kg
baggage is on conveyor belt-------
---------baggage detected by sensor------------- 
Baggage weighs: 16.54 kg
baggage is on conveyor belt-------
---------baggage detected by sensor------------- 
Baggage weighs: 18.87 kg
baggage is on conveyor belt-------
---------baggage detected by sensor------------- 
Baggage weighs: 20.22 kg
baggage is on conveyor belt-------
---------baggage detected by sensor------------- 
Baggage weighs: 20.75 kg
baggage is on conveyor belt-------
---------baggage detected by sensor------------- 
Baggage weighs: 17.4 kg
baggage is on conveyor belt-------
---------baggage detected by sensor------------- 
Baggage weighs: 20.27 kg
baggage is on conveyor belt-------
---------baggage detected by sensor------------- 
Baggage weighs: 17.04 kg
baggage is on conveyor belt-------
---------baggage detected by sensor------------- 
Baggage weighs: 19.84 kg
baggage is on conveyor belt-------
---------baggage detected by sensor------------- 
Baggage weighs: 17.34 kg
baggage is on conveyor belt-------
---------baggage detected by sensor------------- 
Baggage weighs: 18.75 kg
baggage is on conveyor belt-------
---------baggage detected by sensor------------- 
Baggage weighs: 19.12 kg
baggage is on conveyor belt-------
---------baggage detected by sensor------------- 
Baggage weighs: 18.29 kg
baggage is on conveyor belt-------
---------baggage detected by sensor------------- 
Baggage weighs: 17.94 kg
baggage is on conveyor belt-------
---------baggage detected by sensor------------- 
Baggage weighs: 19.09 kg
baggage is on conveyor belt-------
---------baggage detected by sensor------------- 
Baggage weighs: 22.39 kg
baggage is on conveyor belt-------
---------baggage detected by sensor------------- 
Baggage weighs: 21.23 kg
baggage is on conveyor belt-------
---------baggage detected by sensor------------- 
Baggage weighs: 17.56 kg
baggage is on conveyor belt-------
---------baggage detected by sensor------------- 
Baggage weighs: 18.37 kg
baggage is on conveyor belt-------
---------baggage detected by sensor------------- 
Baggage weighs: 21.4 kg
baggage is on conveyor belt-------
---------baggage detected by sensor------------- 
Baggage weighs: 20.25 kg
baggage is on conveyor belt-------
---------baggage detected by sensor------------- 
Baggage weighs: 23.0 kg
baggage is on conveyor belt-------
---------baggage detected by sensor------------- 
Baggage weighs: 17.01 kg
baggage is on conveyor belt-------
---------baggage detected by sensor------------- 
Baggage weighs: 17.39 kg
baggage is on conveyor belt-------
---------baggage detected by sensor------------- 
Baggage weighs: 16.7 kg
baggage is on conveyor belt-------
---------baggage detected by sensor------------- 
Baggage weighs: 16.23 kg
baggage is on conveyor belt-------
---------baggage detected by sensor------------- 
Baggage weighs: 19.13 kg
baggage is on conveyor belt-------
---------baggage detected by sensor------------- 
Baggage weighs: 21.07 kg
baggage is on conveyor belt-------
---------baggage detected by sensor------------- 
Baggage weighs: 17.87 kg
baggage is on conveyor belt-------
---------baggage detected by sensor------------- 
Baggage weighs: 19.92 kg
baggage is on conveyor belt-------
---------baggage detected by sensor------------- 
Baggage weighs: 19.22 kg
baggage is on conveyor belt-------
---------baggage detected by sensor------------- 
Baggage weighs: 21.53 kg
baggage is on conveyor belt-------
---------baggage detected by sensor------------- 
Baggage weighs: 20.29 kg
baggage is on conveyor belt-------
---------baggage detected by sensor------------- 
Baggage weighs: 19.32 kg
baggage is on conveyor belt-------
---------baggage detected by sensor------------- 
Baggage weighs: 17.25 kg
baggage is on conveyor belt-------
---------baggage detected by sensor------------- 
Baggage weighs: 21.3 kg
baggage is on conveyor belt-------
---------baggage detected by sensor------------- 
Baggage weighs: 16.79 kg
baggage is on conveyor belt-------
---------baggage detected by sensor------------- 
Baggage weighs: 19.55 kg
baggage is on conveyor belt-------
---------baggage detected by sensor------------- 
Baggage weighs: 18.88 kg
baggage is on conveyor belt-------
---------baggage detected by sensor------------- 
Baggage weighs: 22.33 kg
baggage is on conveyor belt-------
---------baggage detected by sensor------------- 
Baggage weighs: 20.62 kg
baggage is on conveyor belt-------
---------baggage detected by sensor------------- 
Baggage weighs: 19.42 kg
baggage is on conveyor belt-------
---------baggage detected by sensor------------- 
Baggage weighs: 17.54 kg
baggage is on conveyor belt-------
---------baggage detected by sensor------------- 
Baggage weighs: 21.51 kg
baggage is on conveyor belt-------
---------baggage detected by sensor------------- 
Baggage weighs: 19.46 kg
baggage is on conveyor belt-------
---------baggage detected by sensor------------- 
Baggage weighs: 17.83 kg
baggage is on conveyor belt-------
---------baggage detected by sensor------------- 
Baggage weighs: 17.75 kg
baggage is on conveyor belt-------
---------baggage detected by sensor------------- 
Baggage weighs: 17.44 kg
baggage is on conveyor belt-------
---------baggage detected by sensor------------- 
Baggage weighs: 19.53 kg
baggage is on conveyor belt-------
---------baggage detected by sensor------------- 
Baggage weighs: 17.51 kg
baggage is on conveyor belt-------
---------baggage detected by sensor------------- 
Baggage weighs: 18.2 kg
baggage is on conveyor belt-------
---------baggage detected by sensor------------- 
Baggage weighs: 21.55 kg
baggage is on conveyor belt-------
---------baggage detected by sensor------------- 
Baggage weighs: 19.67 kg
baggage is on conveyor belt-------
---------baggage detected by sensor------------- 
Baggage weighs: 19.52 kg
baggage is on conveyor belt-------
---------baggage detected by sensor------------- 
Baggage weighs: 21.06 kg
baggage is on conveyor belt-------
---------baggage detected by sensor------------- 
Baggage weighs: 17.44 kg
baggage is on conveyor belt-------
---------baggage detected by sensor------------- 
Baggage weighs: 19.21 kg
baggage is on conveyor belt-------
---------baggage detected by sensor------------- 
Baggage weighs: 21.65 kg
baggage is on conveyor belt-------
---------baggage detected by sensor------------- 
Baggage weighs: 19.64 kg
baggage is on conveyor belt-------
---------baggage detected by sensor------------- 
Baggage weighs: 21.03 kg
baggage is on conveyor belt-------
---------baggage detected by sensor------------- 
Baggage weighs: 19.76 kg
baggage is on conveyor belt-------
---------baggage detected by sensor------------- 
Baggage weighs: 21.01 kg
baggage is on conveyor belt-------
---------baggage detected by sensor------------- 
Baggage weighs: 19.11 kg
baggage is on conveyor belt-------
---------baggage detected by sensor------------- 
Baggage weighs: 18.54 kg
baggage is on conveyor belt-------
---------baggage detected by sensor------------- 
Baggage weighs: 16.86 kg
baggage is on conveyor belt-------
---------baggage detected by sensor------------- 
Baggage weighs: 16.59 kg
baggage is on conveyor belt-------
---------baggage detected by sensor------------- 
Baggage weighs: 19.26 kg
baggage is on conveyor belt-------
---------baggage detected by sensor------------- 
Baggage weighs: 18.34 kg
baggage is on conveyor belt-------
---------baggage detected by sensor------------- 
Baggage weighs: 19.09 kg
baggage is on conveyor belt-------
---------baggage detected by sensor------------- 
Baggage weighs: 22.38 kg
baggage is on conveyor belt-------
---------baggage detected by sensor------------- 
Baggage weighs: 22.12 kg
baggage is on conveyor belt-------
---------baggage detected by sensor------------- 
Baggage weighs: 16.75 kg
baggage is on conveyor belt-------
---------baggage detected by sensor------------- 
Baggage weighs: 20.36 kg
baggage is on conveyor belt-------
---------baggage detected by sensor------------- 
Baggage weighs: 20.94 kg
baggage is on conveyor belt-------
---------baggage detected by sensor------------- 
Baggage weighs: 19.8 kg
baggage is on conveyor belt-------
---------baggage detected by sensor------------- 
Baggage weighs: 19.12 kg
baggage is on conveyor belt-------
---------baggage detected by sensor------------- 
Baggage weighs: 16.93 kg
baggage is on conveyor belt-------
---------baggage detected by sensor------------- 
Baggage weighs: 20.48 kg
baggage is on conveyor belt-------
---------baggage detected by sensor------------- 
Baggage weighs: 17.63 kg
baggage is on conveyor belt-------
---------baggage detected by sensor------------- 
Baggage weighs: 19.86 kg
baggage is on conveyor belt-------
---------baggage detected by sensor------------- 
Baggage weighs: 19.4 kg
baggage is on conveyor belt-------
---------baggage detected by sensor------------- 
Baggage weighs: 19.0 kg
baggage is on conveyor belt-------
---------baggage detected by sensor------------- 
Baggage weighs: 20.5 kg
baggage is on conveyor belt-------
---------baggage detected by sensor------------- 
Baggage weighs: 21.9 kg
baggage is on conveyor belt-------
---------baggage detected by sensor------------- 
Baggage weighs: 19.82 kg
baggage is on conveyor belt-------
---------baggage detected by sensor------------- 
Baggage weighs: 18.98 kg
baggage is on conveyor belt-------
---------baggage detected by sensor------------- 
Baggage weighs: 19.28 kg
baggage is on conveyor belt-------
---------baggage detected by sensor------------- 
Baggage weighs: 18.06 kg
baggage is on conveyor belt-------
---------baggage detected by sensor------------- 
Baggage weighs: 20.2 kg
baggage is on conveyor belt-------
---------baggage detected by sensor------------- 
Baggage weighs: 19.74 kg
baggage is on conveyor belt-------
---------baggage detected by sensor------------- 
Baggage weighs: 17.44 kg
baggage is on conveyor belt-------
---------baggage detected by sensor------------- 
Baggage weighs: 19.36 kg
baggage is on conveyor belt-------
---------baggage detected by sensor------------- 
Baggage weighs: 20.4 kg
baggage is on conveyor belt-------
---------baggage detected by sensor------------- 
Baggage weighs: 18.92 kg
baggage is on conveyor belt-------
---------baggage detected by sensor------------- 
Baggage weighs: 18.48 kg
baggage is on conveyor belt-------
---------baggage detected by sensor------------- 
Baggage weighs: 17.34 kg
baggage is on conveyor belt-------
---------baggage detected by sensor------------- 
Baggage weighs: 20.57 kg
baggage is on conveyor belt-------
---------baggage detected by sensor------------- 
Baggage weighs: 17.19 kg
baggage is on conveyor belt-------
---------baggage detected by sensor------------- 
Baggage weighs: 18.25 kg
baggage is on conveyor belt-------
---------baggage detected by sensor------------- 
Baggage weighs: 19.29 kg
baggage is on conveyor belt-------
---------baggage detected by sensor------------- 
Baggage weighs: 16.86 kg
baggage is on conveyor belt-------
---------baggage detected by sensor------------- 
Baggage weighs: 19.34 kg
baggage is on conveyor belt-------
---------baggage detected by sensor------------- 
Baggage weighs: 19.32 kg
baggage is on conveyor belt-------
---------baggage detected by sensor------------- 
Baggage weighs: 18.15 kg
baggage is on conveyor belt-------
---------baggage detected by sensor------------- 
Baggage weighs: 18.98 kg
baggage is on conveyor belt-------
---------baggage detected by sensor------------- 
Baggage weighs: 21.84 kg
baggage is on conveyor belt-------
---------baggage detected by sensor------------- 
Baggage weighs: 20.53 kg
baggage is on conveyor belt-------
---------baggage detected by sensor------------- 
Baggage weighs: 20.62 kg
baggage is on conveyor belt-------
---------baggage detected by sensor------------- 
Baggage weighs: 20.7 kg
baggage is on conveyor belt-------
---------baggage detected by sensor------------- 
Baggage weighs: 19.64 kg
baggage is on conveyor belt-------
---------baggage detected by sensor------------- 
Baggage weighs: 16.11 kg
baggage is on conveyor belt-------
---------baggage detected by sensor------------- 
Baggage weighs: 22.24 kg
baggage is on conveyor belt-------
---------baggage detected by sensor------------- 
Baggage weighs: 21.47 kg
baggage is on conveyor belt-------
---------baggage detected by sensor------------- 
Baggage weighs: 20.73 kg
baggage is on conveyor belt-------
---------baggage detected by sensor------------- 
Baggage weighs: 19.51 kg
baggage is on conveyor belt-------
---------baggage detected by sensor------------- 
Baggage weighs: 20.11 kg
baggage is on conveyor belt-------
---------baggage detected by sensor------------- 
Baggage weighs: 20.36 kg
baggage is on conveyor belt-------
---------baggage detected by sensor------------- 
Baggage weighs: 18.84 kg
baggage is on conveyor belt-------
---------baggage detected by sensor------------- 
Baggage weighs: 22.61 kg
baggage is on conveyor belt-------
---------baggage detected by sensor------------- 
Baggage weighs: 20.07 kg
baggage is on conveyor belt-------
---------baggage detected by sensor------------- 
Baggage weighs: 20.28 kg
baggage is on conveyor belt-------
---------baggage detected by sensor------------- 
Baggage weighs: 17.9 kg
baggage is on conveyor belt-------
---------baggage detected by sensor------------- 
Baggage weighs: 18.13 kg
baggage is on conveyor belt-------
---------baggage detected by sensor------------- 
Baggage weighs: 18.32 kg
baggage is on conveyor belt-------
---------baggage detected by sensor------------- 
Baggage weighs: 19.3 kg
Seat with ID: 34C has been reserved for you!

BOARDING PASS FOR LAURA WILKERSON
-----------------------------------------------------------------------------
LUFTHANSA                      wicxe9m45suciwn /  Laura Wilkerson
Laura Wilkerson                                     /  wicxe9m45suciwn
FRA   LH2121   E  30.Oct                       /  FRA
HKG                                            /  HKG
SEAT ID: 34C                                   /  LH2121 E 30.Oct
SEQ: 173                                      / GATE: A05   22:00
MAX 1  HANDLUGGAGE/ LUGGAGE
-----------------------------------------------------------------------------
sorry Laura Wilkerson we have no voucher for you! Have a nice day!

---------------------------------------------------------------------------------------------------------------
scanning passport with passport id: KLYTUBE9A
searching for ticket in fast bag drop database..............
Ticket found for Josue Whitaker and Flight LH2121
----searching flight seat for Josue Whitaker---------
Found a seat with ID 34D
Below details were found in database
------------------------------------------
Name: Josue Whitaker
Flight ID: LH2121
Source: FRA
Destination: HKG
Gate No: A05
Boarding time: 22:00
Ticket ID: jau60jv2nhm023u
Booking Class: E
------------------------------------------

Proceed with check-in for flight LH2121 ?
Type YES to CHECK-IN or NO to cancel CHECK-IN
Josue Whitaker is deciding whether to check-in or to go back home and sleep............
YES CHECK-IN
Checking you in...............
baggage is on conveyor belt-------
---------baggage detected by sensor------------- 
Baggage weighs: 21.58 kg
baggage is on conveyor belt-------
---------baggage detected by sensor------------- 
Baggage weighs: 20.43 kg
baggage is on conveyor belt-------
---------baggage detected by sensor------------- 
Baggage weighs: 18.47 kg
baggage is on conveyor belt-------
---------baggage detected by sensor------------- 
Baggage weighs: 17.86 kg
baggage is on conveyor belt-------
---------baggage detected by sensor------------- 
Baggage weighs: 18.65 kg
baggage is on conveyor belt-------
---------baggage detected by sensor------------- 
Baggage weighs: 19.27 kg
baggage is on conveyor belt-------
---------baggage detected by sensor------------- 
Baggage weighs: 17.42 kg
baggage is on conveyor belt-------
---------baggage detected by sensor------------- 
Baggage weighs: 19.16 kg
baggage is on conveyor belt-------
---------baggage detected by sensor------------- 
Baggage weighs: 19.52 kg
baggage is on conveyor belt-------
---------baggage detected by sensor------------- 
Baggage weighs: 17.51 kg
baggage is on conveyor belt-------
---------baggage detected by sensor------------- 
Baggage weighs: 17.38 kg
baggage is on conveyor belt-------
---------baggage detected by sensor------------- 
Baggage weighs: 18.67 kg
baggage is on conveyor belt-------
---------baggage detected by sensor------------- 
Baggage weighs: 16.98 kg
baggage is on conveyor belt-------
---------baggage detected by sensor------------- 
Baggage weighs: 21.26 kg
baggage is on conveyor belt-------
---------baggage detected by sensor------------- 
Baggage weighs: 18.3 kg
baggage is on conveyor belt-------
---------baggage detected by sensor------------- 
Baggage weighs: 16.81 kg
baggage is on conveyor belt-------
---------baggage detected by sensor------------- 
Baggage weighs: 20.91 kg
baggage is on conveyor belt-------
---------baggage detected by sensor------------- 
Baggage weighs: 21.21 kg
baggage is on conveyor belt-------
---------baggage detected by sensor------------- 
Baggage weighs: 19.69 kg
baggage is on conveyor belt-------
---------baggage detected by sensor------------- 
Baggage weighs: 18.67 kg
baggage is on conveyor belt-------
---------baggage detected by sensor------------- 
Baggage weighs: 19.12 kg
baggage is on conveyor belt-------
---------baggage detected by sensor------------- 
Baggage weighs: 16.42 kg
baggage is on conveyor belt-------
---------baggage detected by sensor------------- 
Baggage weighs: 19.17 kg
baggage is on conveyor belt-------
---------baggage detected by sensor------------- 
Baggage weighs: 19.0 kg
baggage is on conveyor belt-------
---------baggage detected by sensor------------- 
Baggage weighs: 18.78 kg
baggage is on conveyor belt-------
---------baggage detected by sensor------------- 
Baggage weighs: 20.31 kg
baggage is on conveyor belt-------
---------baggage detected by sensor------------- 
Baggage weighs: 21.25 kg
baggage is on conveyor belt-------
---------baggage detected by sensor------------- 
Baggage weighs: 18.87 kg
baggage is on conveyor belt-------
---------baggage detected by sensor------------- 
Baggage weighs: 16.25 kg
baggage is on conveyor belt-------
---------baggage detected by sensor------------- 
Baggage weighs: 19.94 kg
baggage is on conveyor belt-------
---------baggage detected by sensor------------- 
Baggage weighs: 16.88 kg
baggage is on conveyor belt-------
---------baggage detected by sensor------------- 
Baggage weighs: 18.24 kg
baggage is on conveyor belt-------
---------baggage detected by sensor------------- 
Baggage weighs: 17.16 kg
baggage is on conveyor belt-------
---------baggage detected by sensor------------- 
Baggage weighs: 19.34 kg
baggage is on conveyor belt-------
---------baggage detected by sensor------------- 
Baggage weighs: 22.41 kg
baggage is on conveyor belt-------
---------baggage detected by sensor------------- 
Baggage weighs: 20.47 kg
baggage is on conveyor belt-------
---------baggage detected by sensor------------- 
Baggage weighs: 18.81 kg
baggage is on conveyor belt-------
---------baggage detected by sensor------------- 
Baggage weighs: 18.56 kg
baggage is on conveyor belt-------
---------baggage detected by sensor------------- 
Baggage weighs: 17.77 kg
baggage is on conveyor belt-------
---------baggage detected by sensor------------- 
Baggage weighs: 19.32 kg
baggage is on conveyor belt-------
---------baggage detected by sensor------------- 
Baggage weighs: 19.21 kg
baggage is on conveyor belt-------
---------baggage detected by sensor------------- 
Baggage weighs: 19.13 kg
baggage is on conveyor belt-------
---------baggage detected by sensor------------- 
Baggage weighs: 20.39 kg
baggage is on conveyor belt-------
---------baggage detected by sensor------------- 
Baggage weighs: 21.03 kg
baggage is on conveyor belt-------
---------baggage detected by sensor------------- 
Baggage weighs: 20.05 kg
baggage is on conveyor belt-------
---------baggage detected by sensor------------- 
Baggage weighs: 21.92 kg
baggage is on conveyor belt-------
---------baggage detected by sensor------------- 
Baggage weighs: 19.37 kg
baggage is on conveyor belt-------
---------baggage detected by sensor------------- 
Baggage weighs: 20.35 kg
baggage is on conveyor belt-------
---------baggage detected by sensor------------- 
Baggage weighs: 18.73 kg
baggage is on conveyor belt-------
---------baggage detected by sensor------------- 
Baggage weighs: 20.33 kg
baggage is on conveyor belt-------
---------baggage detected by sensor------------- 
Baggage weighs: 22.01 kg
baggage is on conveyor belt-------
---------baggage detected by sensor------------- 
Baggage weighs: 19.27 kg
baggage is on conveyor belt-------
---------baggage detected by sensor------------- 
Baggage weighs: 21.18 kg
baggage is on conveyor belt-------
---------baggage detected by sensor------------- 
Baggage weighs: 17.16 kg
baggage is on conveyor belt-------
---------baggage detected by sensor------------- 
Baggage weighs: 20.04 kg
baggage is on conveyor belt-------
---------baggage detected by sensor------------- 
Baggage weighs: 20.91 kg
baggage is on conveyor belt-------
---------baggage detected by sensor------------- 
Baggage weighs: 20.3 kg
baggage is on conveyor belt-------
---------baggage detected by sensor------------- 
Baggage weighs: 20.38 kg
baggage is on conveyor belt-------
---------baggage detected by sensor------------- 
Baggage weighs: 16.54 kg
baggage is on conveyor belt-------
---------baggage detected by sensor------------- 
Baggage weighs: 18.87 kg
baggage is on conveyor belt-------
---------baggage detected by sensor------------- 
Baggage weighs: 20.22 kg
baggage is on conveyor belt-------
---------baggage detected by sensor------------- 
Baggage weighs: 20.75 kg
baggage is on conveyor belt-------
---------baggage detected by sensor------------- 
Baggage weighs: 17.4 kg
baggage is on conveyor belt-------
---------baggage detected by sensor------------- 
Baggage weighs: 20.27 kg
baggage is on conveyor belt-------
---------baggage detected by sensor------------- 
Baggage weighs: 17.04 kg
baggage is on conveyor belt-------
---------baggage detected by sensor------------- 
Baggage weighs: 19.84 kg
baggage is on conveyor belt-------
---------baggage detected by sensor------------- 
Baggage weighs: 17.34 kg
baggage is on conveyor belt-------
---------baggage detected by sensor------------- 
Baggage weighs: 18.75 kg
baggage is on conveyor belt-------
---------baggage detected by sensor------------- 
Baggage weighs: 19.12 kg
baggage is on conveyor belt-------
---------baggage detected by sensor------------- 
Baggage weighs: 18.29 kg
baggage is on conveyor belt-------
---------baggage detected by sensor------------- 
Baggage weighs: 17.94 kg
baggage is on conveyor belt-------
---------baggage detected by sensor------------- 
Baggage weighs: 19.09 kg
baggage is on conveyor belt-------
---------baggage detected by sensor------------- 
Baggage weighs: 22.39 kg
baggage is on conveyor belt-------
---------baggage detected by sensor------------- 
Baggage weighs: 21.23 kg
baggage is on conveyor belt-------
---------baggage detected by sensor------------- 
Baggage weighs: 17.56 kg
baggage is on conveyor belt-------
---------baggage detected by sensor------------- 
Baggage weighs: 18.37 kg
baggage is on conveyor belt-------
---------baggage detected by sensor------------- 
Baggage weighs: 21.4 kg
baggage is on conveyor belt-------
---------baggage detected by sensor------------- 
Baggage weighs: 20.25 kg
baggage is on conveyor belt-------
---------baggage detected by sensor------------- 
Baggage weighs: 23.0 kg
baggage is on conveyor belt-------
---------baggage detected by sensor------------- 
Baggage weighs: 17.01 kg
baggage is on conveyor belt-------
---------baggage detected by sensor------------- 
Baggage weighs: 17.39 kg
baggage is on conveyor belt-------
---------baggage detected by sensor------------- 
Baggage weighs: 16.7 kg
baggage is on conveyor belt-------
---------baggage detected by sensor------------- 
Baggage weighs: 16.23 kg
baggage is on conveyor belt-------
---------baggage detected by sensor------------- 
Baggage weighs: 19.13 kg
baggage is on conveyor belt-------
---------baggage detected by sensor------------- 
Baggage weighs: 21.07 kg
baggage is on conveyor belt-------
---------baggage detected by sensor------------- 
Baggage weighs: 17.87 kg
baggage is on conveyor belt-------
---------baggage detected by sensor------------- 
Baggage weighs: 19.92 kg
baggage is on conveyor belt-------
---------baggage detected by sensor------------- 
Baggage weighs: 19.22 kg
baggage is on conveyor belt-------
---------baggage detected by sensor------------- 
Baggage weighs: 21.53 kg
baggage is on conveyor belt-------
---------baggage detected by sensor------------- 
Baggage weighs: 20.29 kg
baggage is on conveyor belt-------
---------baggage detected by sensor------------- 
Baggage weighs: 19.32 kg
baggage is on conveyor belt-------
---------baggage detected by sensor------------- 
Baggage weighs: 17.25 kg
baggage is on conveyor belt-------
---------baggage detected by sensor------------- 
Baggage weighs: 21.3 kg
baggage is on conveyor belt-------
---------baggage detected by sensor------------- 
Baggage weighs: 16.79 kg
baggage is on conveyor belt-------
---------baggage detected by sensor------------- 
Baggage weighs: 19.55 kg
baggage is on conveyor belt-------
---------baggage detected by sensor------------- 
Baggage weighs: 18.88 kg
baggage is on conveyor belt-------
---------baggage detected by sensor------------- 
Baggage weighs: 22.33 kg
baggage is on conveyor belt-------
---------baggage detected by sensor------------- 
Baggage weighs: 20.62 kg
baggage is on conveyor belt-------
---------baggage detected by sensor------------- 
Baggage weighs: 19.42 kg
baggage is on conveyor belt-------
---------baggage detected by sensor------------- 
Baggage weighs: 17.54 kg
baggage is on conveyor belt-------
---------baggage detected by sensor------------- 
Baggage weighs: 21.51 kg
baggage is on conveyor belt-------
---------baggage detected by sensor------------- 
Baggage weighs: 19.46 kg
baggage is on conveyor belt-------
---------baggage detected by sensor------------- 
Baggage weighs: 17.83 kg
baggage is on conveyor belt-------
---------baggage detected by sensor------------- 
Baggage weighs: 17.75 kg
baggage is on conveyor belt-------
---------baggage detected by sensor------------- 
Baggage weighs: 17.44 kg
baggage is on conveyor belt-------
---------baggage detected by sensor------------- 
Baggage weighs: 19.53 kg
baggage is on conveyor belt-------
---------baggage detected by sensor------------- 
Baggage weighs: 17.51 kg
baggage is on conveyor belt-------
---------baggage detected by sensor------------- 
Baggage weighs: 18.2 kg
baggage is on conveyor belt-------
---------baggage detected by sensor------------- 
Baggage weighs: 21.55 kg
baggage is on conveyor belt-------
---------baggage detected by sensor------------- 
Baggage weighs: 19.67 kg
baggage is on conveyor belt-------
---------baggage detected by sensor------------- 
Baggage weighs: 19.52 kg
baggage is on conveyor belt-------
---------baggage detected by sensor------------- 
Baggage weighs: 21.06 kg
baggage is on conveyor belt-------
---------baggage detected by sensor------------- 
Baggage weighs: 17.44 kg
baggage is on conveyor belt-------
---------baggage detected by sensor------------- 
Baggage weighs: 19.21 kg
baggage is on conveyor belt-------
---------baggage detected by sensor------------- 
Baggage weighs: 21.65 kg
baggage is on conveyor belt-------
---------baggage detected by sensor------------- 
Baggage weighs: 19.64 kg
baggage is on conveyor belt-------
---------baggage detected by sensor------------- 
Baggage weighs: 21.03 kg
baggage is on conveyor belt-------
---------baggage detected by sensor------------- 
Baggage weighs: 19.76 kg
baggage is on conveyor belt-------
---------baggage detected by sensor------------- 
Baggage weighs: 21.01 kg
baggage is on conveyor belt-------
---------baggage detected by sensor------------- 
Baggage weighs: 19.11 kg
baggage is on conveyor belt-------
---------baggage detected by sensor------------- 
Baggage weighs: 18.54 kg
baggage is on conveyor belt-------
---------baggage detected by sensor------------- 
Baggage weighs: 16.86 kg
baggage is on conveyor belt-------
---------baggage detected by sensor------------- 
Baggage weighs: 16.59 kg
baggage is on conveyor belt-------
---------baggage detected by sensor------------- 
Baggage weighs: 19.26 kg
baggage is on conveyor belt-------
---------baggage detected by sensor------------- 
Baggage weighs: 18.34 kg
baggage is on conveyor belt-------
---------baggage detected by sensor------------- 
Baggage weighs: 19.09 kg
baggage is on conveyor belt-------
---------baggage detected by sensor------------- 
Baggage weighs: 22.38 kg
baggage is on conveyor belt-------
---------baggage detected by sensor------------- 
Baggage weighs: 22.12 kg
baggage is on conveyor belt-------
---------baggage detected by sensor------------- 
Baggage weighs: 16.75 kg
baggage is on conveyor belt-------
---------baggage detected by sensor------------- 
Baggage weighs: 20.36 kg
baggage is on conveyor belt-------
---------baggage detected by sensor------------- 
Baggage weighs: 20.94 kg
baggage is on conveyor belt-------
---------baggage detected by sensor------------- 
Baggage weighs: 19.8 kg
baggage is on conveyor belt-------
---------baggage detected by sensor------------- 
Baggage weighs: 19.12 kg
baggage is on conveyor belt-------
---------baggage detected by sensor------------- 
Baggage weighs: 16.93 kg
baggage is on conveyor belt-------
---------baggage detected by sensor------------- 
Baggage weighs: 20.48 kg
baggage is on conveyor belt-------
---------baggage detected by sensor------------- 
Baggage weighs: 17.63 kg
baggage is on conveyor belt-------
---------baggage detected by sensor------------- 
Baggage weighs: 19.86 kg
baggage is on conveyor belt-------
---------baggage detected by sensor------------- 
Baggage weighs: 19.4 kg
baggage is on conveyor belt-------
---------baggage detected by sensor------------- 
Baggage weighs: 19.0 kg
baggage is on conveyor belt-------
---------baggage detected by sensor------------- 
Baggage weighs: 20.5 kg
baggage is on conveyor belt-------
---------baggage detected by sensor------------- 
Baggage weighs: 21.9 kg
baggage is on conveyor belt-------
---------baggage detected by sensor------------- 
Baggage weighs: 19.82 kg
baggage is on conveyor belt-------
---------baggage detected by sensor------------- 
Baggage weighs: 18.98 kg
baggage is on conveyor belt-------
---------baggage detected by sensor------------- 
Baggage weighs: 19.28 kg
baggage is on conveyor belt-------
---------baggage detected by sensor------------- 
Baggage weighs: 18.06 kg
baggage is on conveyor belt-------
---------baggage detected by sensor------------- 
Baggage weighs: 20.2 kg
baggage is on conveyor belt-------
---------baggage detected by sensor------------- 
Baggage weighs: 19.74 kg
baggage is on conveyor belt-------
---------baggage detected by sensor------------- 
Baggage weighs: 17.44 kg
baggage is on conveyor belt-------
---------baggage detected by sensor------------- 
Baggage weighs: 19.36 kg
baggage is on conveyor belt-------
---------baggage detected by sensor------------- 
Baggage weighs: 20.4 kg
baggage is on conveyor belt-------
---------baggage detected by sensor------------- 
Baggage weighs: 18.92 kg
baggage is on conveyor belt-------
---------baggage detected by sensor------------- 
Baggage weighs: 18.48 kg
baggage is on conveyor belt-------
---------baggage detected by sensor------------- 
Baggage weighs: 17.34 kg
baggage is on conveyor belt-------
---------baggage detected by sensor------------- 
Baggage weighs: 20.57 kg
baggage is on conveyor belt-------
---------baggage detected by sensor------------- 
Baggage weighs: 17.19 kg
baggage is on conveyor belt-------
---------baggage detected by sensor------------- 
Baggage weighs: 18.25 kg
baggage is on conveyor belt-------
---------baggage detected by sensor------------- 
Baggage weighs: 19.29 kg
baggage is on conveyor belt-------
---------baggage detected by sensor------------- 
Baggage weighs: 16.86 kg
baggage is on conveyor belt-------
---------baggage detected by sensor------------- 
Baggage weighs: 19.34 kg
baggage is on conveyor belt-------
---------baggage detected by sensor------------- 
Baggage weighs: 19.32 kg
baggage is on conveyor belt-------
---------baggage detected by sensor------------- 
Baggage weighs: 18.15 kg
baggage is on conveyor belt-------
---------baggage detected by sensor------------- 
Baggage weighs: 18.98 kg
baggage is on conveyor belt-------
---------baggage detected by sensor------------- 
Baggage weighs: 21.84 kg
baggage is on conveyor belt-------
---------baggage detected by sensor------------- 
Baggage weighs: 20.53 kg
baggage is on conveyor belt-------
---------baggage detected by sensor------------- 
Baggage weighs: 20.62 kg
baggage is on conveyor belt-------
---------baggage detected by sensor------------- 
Baggage weighs: 20.7 kg
baggage is on conveyor belt-------
---------baggage detected by sensor------------- 
Baggage weighs: 19.64 kg
baggage is on conveyor belt-------
---------baggage detected by sensor------------- 
Baggage weighs: 16.11 kg
baggage is on conveyor belt-------
---------baggage detected by sensor------------- 
Baggage weighs: 22.24 kg
baggage is on conveyor belt-------
---------baggage detected by sensor------------- 
Baggage weighs: 21.47 kg
baggage is on conveyor belt-------
---------baggage detected by sensor------------- 
Baggage weighs: 20.73 kg
baggage is on conveyor belt-------
---------baggage detected by sensor------------- 
Baggage weighs: 19.51 kg
baggage is on conveyor belt-------
---------baggage detected by sensor------------- 
Baggage weighs: 20.11 kg
baggage is on conveyor belt-------
---------baggage detected by sensor------------- 
Baggage weighs: 20.36 kg
baggage is on conveyor belt-------
---------baggage detected by sensor------------- 
Baggage weighs: 18.84 kg
baggage is on conveyor belt-------
---------baggage detected by sensor------------- 
Baggage weighs: 22.61 kg
baggage is on conveyor belt-------
---------baggage detected by sensor------------- 
Baggage weighs: 20.07 kg
baggage is on conveyor belt-------
---------baggage detected by sensor------------- 
Baggage weighs: 20.28 kg
baggage is on conveyor belt-------
---------baggage detected by sensor------------- 
Baggage weighs: 17.9 kg
baggage is on conveyor belt-------
---------baggage detected by sensor------------- 
Baggage weighs: 18.13 kg
baggage is on conveyor belt-------
---------baggage detected by sensor------------- 
Baggage weighs: 18.32 kg
baggage is on conveyor belt-------
---------baggage detected by sensor------------- 
Baggage weighs: 19.3 kg
baggage is on conveyor belt-------
---------baggage detected by sensor------------- 
Baggage weighs: 21.34 kg
Seat with ID: 34D has been reserved for you!

BOARDING PASS FOR JOSUE WHITAKER
-----------------------------------------------------------------------------
LUFTHANSA                      jau60jv2nhm023u /  Josue Whitaker
Josue Whitaker                                     /  jau60jv2nhm023u
FRA   LH2121   E  30.Oct                       /  FRA
HKG                                            /  HKG
SEAT ID: 34D                                   /  LH2121 E 30.Oct
SEQ: 174                                      / GATE: A05   22:00
MAX 1  HANDLUGGAGE/ LUGGAGE
-----------------------------------------------------------------------------
sorry Josue Whitaker we have no voucher for you! Have a nice day!

---------------------------------------------------------------------------------------------------------------
scanning passport with passport id: 6UGAS39JE
searching for ticket in fast bag drop database..............
Ticket found for Alissa Shaffer and Flight LH2121
----searching flight seat for Alissa Shaffer---------
Found a seat with ID 34E
Below details were found in database
------------------------------------------
Name: Alissa Shaffer
Flight ID: LH2121
Source: FRA
Destination: HKG
Gate No: A05
Boarding time: 22:00
Ticket ID: twzqviqsxr5fnj8
Booking Class: E
------------------------------------------

Proceed with check-in for flight LH2121 ?
Type YES to CHECK-IN or NO to cancel CHECK-IN
Alissa Shaffer is deciding whether to check-in or to go back home and sleep............
YES CHECK-IN
Checking you in...............
baggage is on conveyor belt-------
---------baggage detected by sensor------------- 
Baggage weighs: 21.58 kg
baggage is on conveyor belt-------
---------baggage detected by sensor------------- 
Baggage weighs: 20.43 kg
baggage is on conveyor belt-------
---------baggage detected by sensor------------- 
Baggage weighs: 18.47 kg
baggage is on conveyor belt-------
---------baggage detected by sensor------------- 
Baggage weighs: 17.86 kg
baggage is on conveyor belt-------
---------baggage detected by sensor------------- 
Baggage weighs: 18.65 kg
baggage is on conveyor belt-------
---------baggage detected by sensor------------- 
Baggage weighs: 19.27 kg
baggage is on conveyor belt-------
---------baggage detected by sensor------------- 
Baggage weighs: 17.42 kg
baggage is on conveyor belt-------
---------baggage detected by sensor------------- 
Baggage weighs: 19.16 kg
baggage is on conveyor belt-------
---------baggage detected by sensor------------- 
Baggage weighs: 19.52 kg
baggage is on conveyor belt-------
---------baggage detected by sensor------------- 
Baggage weighs: 17.51 kg
baggage is on conveyor belt-------
---------baggage detected by sensor------------- 
Baggage weighs: 17.38 kg
baggage is on conveyor belt-------
---------baggage detected by sensor------------- 
Baggage weighs: 18.67 kg
baggage is on conveyor belt-------
---------baggage detected by sensor------------- 
Baggage weighs: 16.98 kg
baggage is on conveyor belt-------
---------baggage detected by sensor------------- 
Baggage weighs: 21.26 kg
baggage is on conveyor belt-------
---------baggage detected by sensor------------- 
Baggage weighs: 18.3 kg
baggage is on conveyor belt-------
---------baggage detected by sensor------------- 
Baggage weighs: 16.81 kg
baggage is on conveyor belt-------
---------baggage detected by sensor------------- 
Baggage weighs: 20.91 kg
baggage is on conveyor belt-------
---------baggage detected by sensor------------- 
Baggage weighs: 21.21 kg
baggage is on conveyor belt-------
---------baggage detected by sensor------------- 
Baggage weighs: 19.69 kg
baggage is on conveyor belt-------
---------baggage detected by sensor------------- 
Baggage weighs: 18.67 kg
baggage is on conveyor belt-------
---------baggage detected by sensor------------- 
Baggage weighs: 19.12 kg
baggage is on conveyor belt-------
---------baggage detected by sensor------------- 
Baggage weighs: 16.42 kg
baggage is on conveyor belt-------
---------baggage detected by sensor------------- 
Baggage weighs: 19.17 kg
baggage is on conveyor belt-------
---------baggage detected by sensor------------- 
Baggage weighs: 19.0 kg
baggage is on conveyor belt-------
---------baggage detected by sensor------------- 
Baggage weighs: 18.78 kg
baggage is on conveyor belt-------
---------baggage detected by sensor------------- 
Baggage weighs: 20.31 kg
baggage is on conveyor belt-------
---------baggage detected by sensor------------- 
Baggage weighs: 21.25 kg
baggage is on conveyor belt-------
---------baggage detected by sensor------------- 
Baggage weighs: 18.87 kg
baggage is on conveyor belt-------
---------baggage detected by sensor------------- 
Baggage weighs: 16.25 kg
baggage is on conveyor belt-------
---------baggage detected by sensor------------- 
Baggage weighs: 19.94 kg
baggage is on conveyor belt-------
---------baggage detected by sensor------------- 
Baggage weighs: 16.88 kg
baggage is on conveyor belt-------
---------baggage detected by sensor------------- 
Baggage weighs: 18.24 kg
baggage is on conveyor belt-------
---------baggage detected by sensor------------- 
Baggage weighs: 17.16 kg
baggage is on conveyor belt-------
---------baggage detected by sensor------------- 
Baggage weighs: 19.34 kg
baggage is on conveyor belt-------
---------baggage detected by sensor------------- 
Baggage weighs: 22.41 kg
baggage is on conveyor belt-------
---------baggage detected by sensor------------- 
Baggage weighs: 20.47 kg
baggage is on conveyor belt-------
---------baggage detected by sensor------------- 
Baggage weighs: 18.81 kg
baggage is on conveyor belt-------
---------baggage detected by sensor------------- 
Baggage weighs: 18.56 kg
baggage is on conveyor belt-------
---------baggage detected by sensor------------- 
Baggage weighs: 17.77 kg
baggage is on conveyor belt-------
---------baggage detected by sensor------------- 
Baggage weighs: 19.32 kg
baggage is on conveyor belt-------
---------baggage detected by sensor------------- 
Baggage weighs: 19.21 kg
baggage is on conveyor belt-------
---------baggage detected by sensor------------- 
Baggage weighs: 19.13 kg
baggage is on conveyor belt-------
---------baggage detected by sensor------------- 
Baggage weighs: 20.39 kg
baggage is on conveyor belt-------
---------baggage detected by sensor------------- 
Baggage weighs: 21.03 kg
baggage is on conveyor belt-------
---------baggage detected by sensor------------- 
Baggage weighs: 20.05 kg
baggage is on conveyor belt-------
---------baggage detected by sensor------------- 
Baggage weighs: 21.92 kg
baggage is on conveyor belt-------
---------baggage detected by sensor------------- 
Baggage weighs: 19.37 kg
baggage is on conveyor belt-------
---------baggage detected by sensor------------- 
Baggage weighs: 20.35 kg
baggage is on conveyor belt-------
---------baggage detected by sensor------------- 
Baggage weighs: 18.73 kg
baggage is on conveyor belt-------
---------baggage detected by sensor------------- 
Baggage weighs: 20.33 kg
baggage is on conveyor belt-------
---------baggage detected by sensor------------- 
Baggage weighs: 22.01 kg
baggage is on conveyor belt-------
---------baggage detected by sensor------------- 
Baggage weighs: 19.27 kg
baggage is on conveyor belt-------
---------baggage detected by sensor------------- 
Baggage weighs: 21.18 kg
baggage is on conveyor belt-------
---------baggage detected by sensor------------- 
Baggage weighs: 17.16 kg
baggage is on conveyor belt-------
---------baggage detected by sensor------------- 
Baggage weighs: 20.04 kg
baggage is on conveyor belt-------
---------baggage detected by sensor------------- 
Baggage weighs: 20.91 kg
baggage is on conveyor belt-------
---------baggage detected by sensor------------- 
Baggage weighs: 20.3 kg
baggage is on conveyor belt-------
---------baggage detected by sensor------------- 
Baggage weighs: 20.38 kg
baggage is on conveyor belt-------
---------baggage detected by sensor------------- 
Baggage weighs: 16.54 kg
baggage is on conveyor belt-------
---------baggage detected by sensor------------- 
Baggage weighs: 18.87 kg
baggage is on conveyor belt-------
---------baggage detected by sensor------------- 
Baggage weighs: 20.22 kg
baggage is on conveyor belt-------
---------baggage detected by sensor------------- 
Baggage weighs: 20.75 kg
baggage is on conveyor belt-------
---------baggage detected by sensor------------- 
Baggage weighs: 17.4 kg
baggage is on conveyor belt-------
---------baggage detected by sensor------------- 
Baggage weighs: 20.27 kg
baggage is on conveyor belt-------
---------baggage detected by sensor------------- 
Baggage weighs: 17.04 kg
baggage is on conveyor belt-------
---------baggage detected by sensor------------- 
Baggage weighs: 19.84 kg
baggage is on conveyor belt-------
---------baggage detected by sensor------------- 
Baggage weighs: 17.34 kg
baggage is on conveyor belt-------
---------baggage detected by sensor------------- 
Baggage weighs: 18.75 kg
baggage is on conveyor belt-------
---------baggage detected by sensor------------- 
Baggage weighs: 19.12 kg
baggage is on conveyor belt-------
---------baggage detected by sensor------------- 
Baggage weighs: 18.29 kg
baggage is on conveyor belt-------
---------baggage detected by sensor------------- 
Baggage weighs: 17.94 kg
baggage is on conveyor belt-------
---------baggage detected by sensor------------- 
Baggage weighs: 19.09 kg
baggage is on conveyor belt-------
---------baggage detected by sensor------------- 
Baggage weighs: 22.39 kg
baggage is on conveyor belt-------
---------baggage detected by sensor------------- 
Baggage weighs: 21.23 kg
baggage is on conveyor belt-------
---------baggage detected by sensor------------- 
Baggage weighs: 17.56 kg
baggage is on conveyor belt-------
---------baggage detected by sensor------------- 
Baggage weighs: 18.37 kg
baggage is on conveyor belt-------
---------baggage detected by sensor------------- 
Baggage weighs: 21.4 kg
baggage is on conveyor belt-------
---------baggage detected by sensor------------- 
Baggage weighs: 20.25 kg
baggage is on conveyor belt-------
---------baggage detected by sensor------------- 
Baggage weighs: 23.0 kg
baggage is on conveyor belt-------
---------baggage detected by sensor------------- 
Baggage weighs: 17.01 kg
baggage is on conveyor belt-------
---------baggage detected by sensor------------- 
Baggage weighs: 17.39 kg
baggage is on conveyor belt-------
---------baggage detected by sensor------------- 
Baggage weighs: 16.7 kg
baggage is on conveyor belt-------
---------baggage detected by sensor------------- 
Baggage weighs: 16.23 kg
baggage is on conveyor belt-------
---------baggage detected by sensor------------- 
Baggage weighs: 19.13 kg
baggage is on conveyor belt-------
---------baggage detected by sensor------------- 
Baggage weighs: 21.07 kg
baggage is on conveyor belt-------
---------baggage detected by sensor------------- 
Baggage weighs: 17.87 kg
baggage is on conveyor belt-------
---------baggage detected by sensor------------- 
Baggage weighs: 19.92 kg
baggage is on conveyor belt-------
---------baggage detected by sensor------------- 
Baggage weighs: 19.22 kg
baggage is on conveyor belt-------
---------baggage detected by sensor------------- 
Baggage weighs: 21.53 kg
baggage is on conveyor belt-------
---------baggage detected by sensor------------- 
Baggage weighs: 20.29 kg
baggage is on conveyor belt-------
---------baggage detected by sensor------------- 
Baggage weighs: 19.32 kg
baggage is on conveyor belt-------
---------baggage detected by sensor------------- 
Baggage weighs: 17.25 kg
baggage is on conveyor belt-------
---------baggage detected by sensor------------- 
Baggage weighs: 21.3 kg
baggage is on conveyor belt-------
---------baggage detected by sensor------------- 
Baggage weighs: 16.79 kg
baggage is on conveyor belt-------
---------baggage detected by sensor------------- 
Baggage weighs: 19.55 kg
baggage is on conveyor belt-------
---------baggage detected by sensor------------- 
Baggage weighs: 18.88 kg
baggage is on conveyor belt-------
---------baggage detected by sensor------------- 
Baggage weighs: 22.33 kg
baggage is on conveyor belt-------
---------baggage detected by sensor------------- 
Baggage weighs: 20.62 kg
baggage is on conveyor belt-------
---------baggage detected by sensor------------- 
Baggage weighs: 19.42 kg
baggage is on conveyor belt-------
---------baggage detected by sensor------------- 
Baggage weighs: 17.54 kg
baggage is on conveyor belt-------
---------baggage detected by sensor------------- 
Baggage weighs: 21.51 kg
baggage is on conveyor belt-------
---------baggage detected by sensor------------- 
Baggage weighs: 19.46 kg
baggage is on conveyor belt-------
---------baggage detected by sensor------------- 
Baggage weighs: 17.83 kg
baggage is on conveyor belt-------
---------baggage detected by sensor------------- 
Baggage weighs: 17.75 kg
baggage is on conveyor belt-------
---------baggage detected by sensor------------- 
Baggage weighs: 17.44 kg
baggage is on conveyor belt-------
---------baggage detected by sensor------------- 
Baggage weighs: 19.53 kg
baggage is on conveyor belt-------
---------baggage detected by sensor------------- 
Baggage weighs: 17.51 kg
baggage is on conveyor belt-------
---------baggage detected by sensor------------- 
Baggage weighs: 18.2 kg
baggage is on conveyor belt-------
---------baggage detected by sensor------------- 
Baggage weighs: 21.55 kg
baggage is on conveyor belt-------
---------baggage detected by sensor------------- 
Baggage weighs: 19.67 kg
baggage is on conveyor belt-------
---------baggage detected by sensor------------- 
Baggage weighs: 19.52 kg
baggage is on conveyor belt-------
---------baggage detected by sensor------------- 
Baggage weighs: 21.06 kg
baggage is on conveyor belt-------
---------baggage detected by sensor------------- 
Baggage weighs: 17.44 kg
baggage is on conveyor belt-------
---------baggage detected by sensor------------- 
Baggage weighs: 19.21 kg
baggage is on conveyor belt-------
---------baggage detected by sensor------------- 
Baggage weighs: 21.65 kg
baggage is on conveyor belt-------
---------baggage detected by sensor------------- 
Baggage weighs: 19.64 kg
baggage is on conveyor belt-------
---------baggage detected by sensor------------- 
Baggage weighs: 21.03 kg
baggage is on conveyor belt-------
---------baggage detected by sensor------------- 
Baggage weighs: 19.76 kg
baggage is on conveyor belt-------
---------baggage detected by sensor------------- 
Baggage weighs: 21.01 kg
baggage is on conveyor belt-------
---------baggage detected by sensor------------- 
Baggage weighs: 19.11 kg
baggage is on conveyor belt-------
---------baggage detected by sensor------------- 
Baggage weighs: 18.54 kg
baggage is on conveyor belt-------
---------baggage detected by sensor------------- 
Baggage weighs: 16.86 kg
baggage is on conveyor belt-------
---------baggage detected by sensor------------- 
Baggage weighs: 16.59 kg
baggage is on conveyor belt-------
---------baggage detected by sensor------------- 
Baggage weighs: 19.26 kg
baggage is on conveyor belt-------
---------baggage detected by sensor------------- 
Baggage weighs: 18.34 kg
baggage is on conveyor belt-------
---------baggage detected by sensor------------- 
Baggage weighs: 19.09 kg
baggage is on conveyor belt-------
---------baggage detected by sensor------------- 
Baggage weighs: 22.38 kg
baggage is on conveyor belt-------
---------baggage detected by sensor------------- 
Baggage weighs: 22.12 kg
baggage is on conveyor belt-------
---------baggage detected by sensor------------- 
Baggage weighs: 16.75 kg
baggage is on conveyor belt-------
---------baggage detected by sensor------------- 
Baggage weighs: 20.36 kg
baggage is on conveyor belt-------
---------baggage detected by sensor------------- 
Baggage weighs: 20.94 kg
baggage is on conveyor belt-------
---------baggage detected by sensor------------- 
Baggage weighs: 19.8 kg
baggage is on conveyor belt-------
---------baggage detected by sensor------------- 
Baggage weighs: 19.12 kg
baggage is on conveyor belt-------
---------baggage detected by sensor------------- 
Baggage weighs: 16.93 kg
baggage is on conveyor belt-------
---------baggage detected by sensor------------- 
Baggage weighs: 20.48 kg
baggage is on conveyor belt-------
---------baggage detected by sensor------------- 
Baggage weighs: 17.63 kg
baggage is on conveyor belt-------
---------baggage detected by sensor------------- 
Baggage weighs: 19.86 kg
baggage is on conveyor belt-------
---------baggage detected by sensor------------- 
Baggage weighs: 19.4 kg
baggage is on conveyor belt-------
---------baggage detected by sensor------------- 
Baggage weighs: 19.0 kg
baggage is on conveyor belt-------
---------baggage detected by sensor------------- 
Baggage weighs: 20.5 kg
baggage is on conveyor belt-------
---------baggage detected by sensor------------- 
Baggage weighs: 21.9 kg
baggage is on conveyor belt-------
---------baggage detected by sensor------------- 
Baggage weighs: 19.82 kg
baggage is on conveyor belt-------
---------baggage detected by sensor------------- 
Baggage weighs: 18.98 kg
baggage is on conveyor belt-------
---------baggage detected by sensor------------- 
Baggage weighs: 19.28 kg
baggage is on conveyor belt-------
---------baggage detected by sensor------------- 
Baggage weighs: 18.06 kg
baggage is on conveyor belt-------
---------baggage detected by sensor------------- 
Baggage weighs: 20.2 kg
baggage is on conveyor belt-------
---------baggage detected by sensor------------- 
Baggage weighs: 19.74 kg
baggage is on conveyor belt-------
---------baggage detected by sensor------------- 
Baggage weighs: 17.44 kg
baggage is on conveyor belt-------
---------baggage detected by sensor------------- 
Baggage weighs: 19.36 kg
baggage is on conveyor belt-------
---------baggage detected by sensor------------- 
Baggage weighs: 20.4 kg
baggage is on conveyor belt-------
---------baggage detected by sensor------------- 
Baggage weighs: 18.92 kg
baggage is on conveyor belt-------
---------baggage detected by sensor------------- 
Baggage weighs: 18.48 kg
baggage is on conveyor belt-------
---------baggage detected by sensor------------- 
Baggage weighs: 17.34 kg
baggage is on conveyor belt-------
---------baggage detected by sensor------------- 
Baggage weighs: 20.57 kg
baggage is on conveyor belt-------
---------baggage detected by sensor------------- 
Baggage weighs: 17.19 kg
baggage is on conveyor belt-------
---------baggage detected by sensor------------- 
Baggage weighs: 18.25 kg
baggage is on conveyor belt-------
---------baggage detected by sensor------------- 
Baggage weighs: 19.29 kg
baggage is on conveyor belt-------
---------baggage detected by sensor------------- 
Baggage weighs: 16.86 kg
baggage is on conveyor belt-------
---------baggage detected by sensor------------- 
Baggage weighs: 19.34 kg
baggage is on conveyor belt-------
---------baggage detected by sensor------------- 
Baggage weighs: 19.32 kg
baggage is on conveyor belt-------
---------baggage detected by sensor------------- 
Baggage weighs: 18.15 kg
baggage is on conveyor belt-------
---------baggage detected by sensor------------- 
Baggage weighs: 18.98 kg
baggage is on conveyor belt-------
---------baggage detected by sensor------------- 
Baggage weighs: 21.84 kg
baggage is on conveyor belt-------
---------baggage detected by sensor------------- 
Baggage weighs: 20.53 kg
baggage is on conveyor belt-------
---------baggage detected by sensor------------- 
Baggage weighs: 20.62 kg
baggage is on conveyor belt-------
---------baggage detected by sensor------------- 
Baggage weighs: 20.7 kg
baggage is on conveyor belt-------
---------baggage detected by sensor------------- 
Baggage weighs: 19.64 kg
baggage is on conveyor belt-------
---------baggage detected by sensor------------- 
Baggage weighs: 16.11 kg
baggage is on conveyor belt-------
---------baggage detected by sensor------------- 
Baggage weighs: 22.24 kg
baggage is on conveyor belt-------
---------baggage detected by sensor------------- 
Baggage weighs: 21.47 kg
baggage is on conveyor belt-------
---------baggage detected by sensor------------- 
Baggage weighs: 20.73 kg
baggage is on conveyor belt-------
---------baggage detected by sensor------------- 
Baggage weighs: 19.51 kg
baggage is on conveyor belt-------
---------baggage detected by sensor------------- 
Baggage weighs: 20.11 kg
baggage is on conveyor belt-------
---------baggage detected by sensor------------- 
Baggage weighs: 20.36 kg
baggage is on conveyor belt-------
---------baggage detected by sensor------------- 
Baggage weighs: 18.84 kg
baggage is on conveyor belt-------
---------baggage detected by sensor------------- 
Baggage weighs: 22.61 kg
baggage is on conveyor belt-------
---------baggage detected by sensor------------- 
Baggage weighs: 20.07 kg
baggage is on conveyor belt-------
---------baggage detected by sensor------------- 
Baggage weighs: 20.28 kg
baggage is on conveyor belt-------
---------baggage detected by sensor------------- 
Baggage weighs: 17.9 kg
baggage is on conveyor belt-------
---------baggage detected by sensor------------- 
Baggage weighs: 18.13 kg
baggage is on conveyor belt-------
---------baggage detected by sensor------------- 
Baggage weighs: 18.32 kg
baggage is on conveyor belt-------
---------baggage detected by sensor------------- 
Baggage weighs: 19.3 kg
baggage is on conveyor belt-------
---------baggage detected by sensor------------- 
Baggage weighs: 21.34 kg
baggage is on conveyor belt-------
---------baggage detected by sensor------------- 
Baggage weighs: 19.74 kg
Seat with ID: 34E has been reserved for you!

BOARDING PASS FOR ALISSA SHAFFER
-----------------------------------------------------------------------------
LUFTHANSA                      twzqviqsxr5fnj8 /  Alissa Shaffer
Alissa Shaffer                                     /  twzqviqsxr5fnj8
FRA   LH2121   E  30.Oct                       /  FRA
HKG                                            /  HKG
SEAT ID: 34E                                   /  LH2121 E 30.Oct
SEQ: 175                                      / GATE: A05   22:00
MAX 1  HANDLUGGAGE/ LUGGAGE
-----------------------------------------------------------------------------
sorry Alissa Shaffer we have no voucher for you! Have a nice day!

---------------------------------------------------------------------------------------------------------------
scanning passport with passport id: KR52PV1QC
searching for ticket in fast bag drop database..............
Ticket found for Denise Maddox and Flight LH2121
----searching flight seat for Denise Maddox---------
Found a seat with ID 34G
Below details were found in database
------------------------------------------
Name: Denise Maddox
Flight ID: LH2121
Source: FRA
Destination: HKG
Gate No: A05
Boarding time: 22:00
Ticket ID: k9gfvlgh1vaxe39
Booking Class: E
------------------------------------------

Proceed with check-in for flight LH2121 ?
Type YES to CHECK-IN or NO to cancel CHECK-IN
Denise Maddox is deciding whether to check-in or to go back home and sleep............
YES CHECK-IN
Checking you in...............
baggage is on conveyor belt-------
---------baggage detected by sensor------------- 
Baggage weighs: 21.58 kg
baggage is on conveyor belt-------
---------baggage detected by sensor------------- 
Baggage weighs: 20.43 kg
baggage is on conveyor belt-------
---------baggage detected by sensor------------- 
Baggage weighs: 18.47 kg
baggage is on conveyor belt-------
---------baggage detected by sensor------------- 
Baggage weighs: 17.86 kg
baggage is on conveyor belt-------
---------baggage detected by sensor------------- 
Baggage weighs: 18.65 kg
baggage is on conveyor belt-------
---------baggage detected by sensor------------- 
Baggage weighs: 19.27 kg
baggage is on conveyor belt-------
---------baggage detected by sensor------------- 
Baggage weighs: 17.42 kg
baggage is on conveyor belt-------
---------baggage detected by sensor------------- 
Baggage weighs: 19.16 kg
baggage is on conveyor belt-------
---------baggage detected by sensor------------- 
Baggage weighs: 19.52 kg
baggage is on conveyor belt-------
---------baggage detected by sensor------------- 
Baggage weighs: 17.51 kg
baggage is on conveyor belt-------
---------baggage detected by sensor------------- 
Baggage weighs: 17.38 kg
baggage is on conveyor belt-------
---------baggage detected by sensor------------- 
Baggage weighs: 18.67 kg
baggage is on conveyor belt-------
---------baggage detected by sensor------------- 
Baggage weighs: 16.98 kg
baggage is on conveyor belt-------
---------baggage detected by sensor------------- 
Baggage weighs: 21.26 kg
baggage is on conveyor belt-------
---------baggage detected by sensor------------- 
Baggage weighs: 18.3 kg
baggage is on conveyor belt-------
---------baggage detected by sensor------------- 
Baggage weighs: 16.81 kg
baggage is on conveyor belt-------
---------baggage detected by sensor------------- 
Baggage weighs: 20.91 kg
baggage is on conveyor belt-------
---------baggage detected by sensor------------- 
Baggage weighs: 21.21 kg
baggage is on conveyor belt-------
---------baggage detected by sensor------------- 
Baggage weighs: 19.69 kg
baggage is on conveyor belt-------
---------baggage detected by sensor------------- 
Baggage weighs: 18.67 kg
baggage is on conveyor belt-------
---------baggage detected by sensor------------- 
Baggage weighs: 19.12 kg
baggage is on conveyor belt-------
---------baggage detected by sensor------------- 
Baggage weighs: 16.42 kg
baggage is on conveyor belt-------
---------baggage detected by sensor------------- 
Baggage weighs: 19.17 kg
baggage is on conveyor belt-------
---------baggage detected by sensor------------- 
Baggage weighs: 19.0 kg
baggage is on conveyor belt-------
---------baggage detected by sensor------------- 
Baggage weighs: 18.78 kg
baggage is on conveyor belt-------
---------baggage detected by sensor------------- 
Baggage weighs: 20.31 kg
baggage is on conveyor belt-------
---------baggage detected by sensor------------- 
Baggage weighs: 21.25 kg
baggage is on conveyor belt-------
---------baggage detected by sensor------------- 
Baggage weighs: 18.87 kg
baggage is on conveyor belt-------
---------baggage detected by sensor------------- 
Baggage weighs: 16.25 kg
baggage is on conveyor belt-------
---------baggage detected by sensor------------- 
Baggage weighs: 19.94 kg
baggage is on conveyor belt-------
---------baggage detected by sensor------------- 
Baggage weighs: 16.88 kg
baggage is on conveyor belt-------
---------baggage detected by sensor------------- 
Baggage weighs: 18.24 kg
baggage is on conveyor belt-------
---------baggage detected by sensor------------- 
Baggage weighs: 17.16 kg
baggage is on conveyor belt-------
---------baggage detected by sensor------------- 
Baggage weighs: 19.34 kg
baggage is on conveyor belt-------
---------baggage detected by sensor------------- 
Baggage weighs: 22.41 kg
baggage is on conveyor belt-------
---------baggage detected by sensor------------- 
Baggage weighs: 20.47 kg
baggage is on conveyor belt-------
---------baggage detected by sensor------------- 
Baggage weighs: 18.81 kg
baggage is on conveyor belt-------
---------baggage detected by sensor------------- 
Baggage weighs: 18.56 kg
baggage is on conveyor belt-------
---------baggage detected by sensor------------- 
Baggage weighs: 17.77 kg
baggage is on conveyor belt-------
---------baggage detected by sensor------------- 
Baggage weighs: 19.32 kg
baggage is on conveyor belt-------
---------baggage detected by sensor------------- 
Baggage weighs: 19.21 kg
baggage is on conveyor belt-------
---------baggage detected by sensor------------- 
Baggage weighs: 19.13 kg
baggage is on conveyor belt-------
---------baggage detected by sensor------------- 
Baggage weighs: 20.39 kg
baggage is on conveyor belt-------
---------baggage detected by sensor------------- 
Baggage weighs: 21.03 kg
baggage is on conveyor belt-------
---------baggage detected by sensor------------- 
Baggage weighs: 20.05 kg
baggage is on conveyor belt-------
---------baggage detected by sensor------------- 
Baggage weighs: 21.92 kg
baggage is on conveyor belt-------
---------baggage detected by sensor------------- 
Baggage weighs: 19.37 kg
baggage is on conveyor belt-------
---------baggage detected by sensor------------- 
Baggage weighs: 20.35 kg
baggage is on conveyor belt-------
---------baggage detected by sensor------------- 
Baggage weighs: 18.73 kg
baggage is on conveyor belt-------
---------baggage detected by sensor------------- 
Baggage weighs: 20.33 kg
baggage is on conveyor belt-------
---------baggage detected by sensor------------- 
Baggage weighs: 22.01 kg
baggage is on conveyor belt-------
---------baggage detected by sensor------------- 
Baggage weighs: 19.27 kg
baggage is on conveyor belt-------
---------baggage detected by sensor------------- 
Baggage weighs: 21.18 kg
baggage is on conveyor belt-------
---------baggage detected by sensor------------- 
Baggage weighs: 17.16 kg
baggage is on conveyor belt-------
---------baggage detected by sensor------------- 
Baggage weighs: 20.04 kg
baggage is on conveyor belt-------
---------baggage detected by sensor------------- 
Baggage weighs: 20.91 kg
baggage is on conveyor belt-------
---------baggage detected by sensor------------- 
Baggage weighs: 20.3 kg
baggage is on conveyor belt-------
---------baggage detected by sensor------------- 
Baggage weighs: 20.38 kg
baggage is on conveyor belt-------
---------baggage detected by sensor------------- 
Baggage weighs: 16.54 kg
baggage is on conveyor belt-------
---------baggage detected by sensor------------- 
Baggage weighs: 18.87 kg
baggage is on conveyor belt-------
---------baggage detected by sensor------------- 
Baggage weighs: 20.22 kg
baggage is on conveyor belt-------
---------baggage detected by sensor------------- 
Baggage weighs: 20.75 kg
baggage is on conveyor belt-------
---------baggage detected by sensor------------- 
Baggage weighs: 17.4 kg
baggage is on conveyor belt-------
---------baggage detected by sensor------------- 
Baggage weighs: 20.27 kg
baggage is on conveyor belt-------
---------baggage detected by sensor------------- 
Baggage weighs: 17.04 kg
baggage is on conveyor belt-------
---------baggage detected by sensor------------- 
Baggage weighs: 19.84 kg
baggage is on conveyor belt-------
---------baggage detected by sensor------------- 
Baggage weighs: 17.34 kg
baggage is on conveyor belt-------
---------baggage detected by sensor------------- 
Baggage weighs: 18.75 kg
baggage is on conveyor belt-------
---------baggage detected by sensor------------- 
Baggage weighs: 19.12 kg
baggage is on conveyor belt-------
---------baggage detected by sensor------------- 
Baggage weighs: 18.29 kg
baggage is on conveyor belt-------
---------baggage detected by sensor------------- 
Baggage weighs: 17.94 kg
baggage is on conveyor belt-------
---------baggage detected by sensor------------- 
Baggage weighs: 19.09 kg
baggage is on conveyor belt-------
---------baggage detected by sensor------------- 
Baggage weighs: 22.39 kg
baggage is on conveyor belt-------
---------baggage detected by sensor------------- 
Baggage weighs: 21.23 kg
baggage is on conveyor belt-------
---------baggage detected by sensor------------- 
Baggage weighs: 17.56 kg
baggage is on conveyor belt-------
---------baggage detected by sensor------------- 
Baggage weighs: 18.37 kg
baggage is on conveyor belt-------
---------baggage detected by sensor------------- 
Baggage weighs: 21.4 kg
baggage is on conveyor belt-------
---------baggage detected by sensor------------- 
Baggage weighs: 20.25 kg
baggage is on conveyor belt-------
---------baggage detected by sensor------------- 
Baggage weighs: 23.0 kg
baggage is on conveyor belt-------
---------baggage detected by sensor------------- 
Baggage weighs: 17.01 kg
baggage is on conveyor belt-------
---------baggage detected by sensor------------- 
Baggage weighs: 17.39 kg
baggage is on conveyor belt-------
---------baggage detected by sensor------------- 
Baggage weighs: 16.7 kg
baggage is on conveyor belt-------
---------baggage detected by sensor------------- 
Baggage weighs: 16.23 kg
baggage is on conveyor belt-------
---------baggage detected by sensor------------- 
Baggage weighs: 19.13 kg
baggage is on conveyor belt-------
---------baggage detected by sensor------------- 
Baggage weighs: 21.07 kg
baggage is on conveyor belt-------
---------baggage detected by sensor------------- 
Baggage weighs: 17.87 kg
baggage is on conveyor belt-------
---------baggage detected by sensor------------- 
Baggage weighs: 19.92 kg
baggage is on conveyor belt-------
---------baggage detected by sensor------------- 
Baggage weighs: 19.22 kg
baggage is on conveyor belt-------
---------baggage detected by sensor------------- 
Baggage weighs: 21.53 kg
baggage is on conveyor belt-------
---------baggage detected by sensor------------- 
Baggage weighs: 20.29 kg
baggage is on conveyor belt-------
---------baggage detected by sensor------------- 
Baggage weighs: 19.32 kg
baggage is on conveyor belt-------
---------baggage detected by sensor------------- 
Baggage weighs: 17.25 kg
baggage is on conveyor belt-------
---------baggage detected by sensor------------- 
Baggage weighs: 21.3 kg
baggage is on conveyor belt-------
---------baggage detected by sensor------------- 
Baggage weighs: 16.79 kg
baggage is on conveyor belt-------
---------baggage detected by sensor------------- 
Baggage weighs: 19.55 kg
baggage is on conveyor belt-------
---------baggage detected by sensor------------- 
Baggage weighs: 18.88 kg
baggage is on conveyor belt-------
---------baggage detected by sensor------------- 
Baggage weighs: 22.33 kg
baggage is on conveyor belt-------
---------baggage detected by sensor------------- 
Baggage weighs: 20.62 kg
baggage is on conveyor belt-------
---------baggage detected by sensor------------- 
Baggage weighs: 19.42 kg
baggage is on conveyor belt-------
---------baggage detected by sensor------------- 
Baggage weighs: 17.54 kg
baggage is on conveyor belt-------
---------baggage detected by sensor------------- 
Baggage weighs: 21.51 kg
baggage is on conveyor belt-------
---------baggage detected by sensor------------- 
Baggage weighs: 19.46 kg
baggage is on conveyor belt-------
---------baggage detected by sensor------------- 
Baggage weighs: 17.83 kg
baggage is on conveyor belt-------
---------baggage detected by sensor------------- 
Baggage weighs: 17.75 kg
baggage is on conveyor belt-------
---------baggage detected by sensor------------- 
Baggage weighs: 17.44 kg
baggage is on conveyor belt-------
---------baggage detected by sensor------------- 
Baggage weighs: 19.53 kg
baggage is on conveyor belt-------
---------baggage detected by sensor------------- 
Baggage weighs: 17.51 kg
baggage is on conveyor belt-------
---------baggage detected by sensor------------- 
Baggage weighs: 18.2 kg
baggage is on conveyor belt-------
---------baggage detected by sensor------------- 
Baggage weighs: 21.55 kg
baggage is on conveyor belt-------
---------baggage detected by sensor------------- 
Baggage weighs: 19.67 kg
baggage is on conveyor belt-------
---------baggage detected by sensor------------- 
Baggage weighs: 19.52 kg
baggage is on conveyor belt-------
---------baggage detected by sensor------------- 
Baggage weighs: 21.06 kg
baggage is on conveyor belt-------
---------baggage detected by sensor------------- 
Baggage weighs: 17.44 kg
baggage is on conveyor belt-------
---------baggage detected by sensor------------- 
Baggage weighs: 19.21 kg
baggage is on conveyor belt-------
---------baggage detected by sensor------------- 
Baggage weighs: 21.65 kg
baggage is on conveyor belt-------
---------baggage detected by sensor------------- 
Baggage weighs: 19.64 kg
baggage is on conveyor belt-------
---------baggage detected by sensor------------- 
Baggage weighs: 21.03 kg
baggage is on conveyor belt-------
---------baggage detected by sensor------------- 
Baggage weighs: 19.76 kg
baggage is on conveyor belt-------
---------baggage detected by sensor------------- 
Baggage weighs: 21.01 kg
baggage is on conveyor belt-------
---------baggage detected by sensor------------- 
Baggage weighs: 19.11 kg
baggage is on conveyor belt-------
---------baggage detected by sensor------------- 
Baggage weighs: 18.54 kg
baggage is on conveyor belt-------
---------baggage detected by sensor------------- 
Baggage weighs: 16.86 kg
baggage is on conveyor belt-------
---------baggage detected by sensor------------- 
Baggage weighs: 16.59 kg
baggage is on conveyor belt-------
---------baggage detected by sensor------------- 
Baggage weighs: 19.26 kg
baggage is on conveyor belt-------
---------baggage detected by sensor------------- 
Baggage weighs: 18.34 kg
baggage is on conveyor belt-------
---------baggage detected by sensor------------- 
Baggage weighs: 19.09 kg
baggage is on conveyor belt-------
---------baggage detected by sensor------------- 
Baggage weighs: 22.38 kg
baggage is on conveyor belt-------
---------baggage detected by sensor------------- 
Baggage weighs: 22.12 kg
baggage is on conveyor belt-------
---------baggage detected by sensor------------- 
Baggage weighs: 16.75 kg
baggage is on conveyor belt-------
---------baggage detected by sensor------------- 
Baggage weighs: 20.36 kg
baggage is on conveyor belt-------
---------baggage detected by sensor------------- 
Baggage weighs: 20.94 kg
baggage is on conveyor belt-------
---------baggage detected by sensor------------- 
Baggage weighs: 19.8 kg
baggage is on conveyor belt-------
---------baggage detected by sensor------------- 
Baggage weighs: 19.12 kg
baggage is on conveyor belt-------
---------baggage detected by sensor------------- 
Baggage weighs: 16.93 kg
baggage is on conveyor belt-------
---------baggage detected by sensor------------- 
Baggage weighs: 20.48 kg
baggage is on conveyor belt-------
---------baggage detected by sensor------------- 
Baggage weighs: 17.63 kg
baggage is on conveyor belt-------
---------baggage detected by sensor------------- 
Baggage weighs: 19.86 kg
baggage is on conveyor belt-------
---------baggage detected by sensor------------- 
Baggage weighs: 19.4 kg
baggage is on conveyor belt-------
---------baggage detected by sensor------------- 
Baggage weighs: 19.0 kg
baggage is on conveyor belt-------
---------baggage detected by sensor------------- 
Baggage weighs: 20.5 kg
baggage is on conveyor belt-------
---------baggage detected by sensor------------- 
Baggage weighs: 21.9 kg
baggage is on conveyor belt-------
---------baggage detected by sensor------------- 
Baggage weighs: 19.82 kg
baggage is on conveyor belt-------
---------baggage detected by sensor------------- 
Baggage weighs: 18.98 kg
baggage is on conveyor belt-------
---------baggage detected by sensor------------- 
Baggage weighs: 19.28 kg
baggage is on conveyor belt-------
---------baggage detected by sensor------------- 
Baggage weighs: 18.06 kg
baggage is on conveyor belt-------
---------baggage detected by sensor------------- 
Baggage weighs: 20.2 kg
baggage is on conveyor belt-------
---------baggage detected by sensor------------- 
Baggage weighs: 19.74 kg
baggage is on conveyor belt-------
---------baggage detected by sensor------------- 
Baggage weighs: 17.44 kg
baggage is on conveyor belt-------
---------baggage detected by sensor------------- 
Baggage weighs: 19.36 kg
baggage is on conveyor belt-------
---------baggage detected by sensor------------- 
Baggage weighs: 20.4 kg
baggage is on conveyor belt-------
---------baggage detected by sensor------------- 
Baggage weighs: 18.92 kg
baggage is on conveyor belt-------
---------baggage detected by sensor------------- 
Baggage weighs: 18.48 kg
baggage is on conveyor belt-------
---------baggage detected by sensor------------- 
Baggage weighs: 17.34 kg
baggage is on conveyor belt-------
---------baggage detected by sensor------------- 
Baggage weighs: 20.57 kg
baggage is on conveyor belt-------
---------baggage detected by sensor------------- 
Baggage weighs: 17.19 kg
baggage is on conveyor belt-------
---------baggage detected by sensor------------- 
Baggage weighs: 18.25 kg
baggage is on conveyor belt-------
---------baggage detected by sensor------------- 
Baggage weighs: 19.29 kg
baggage is on conveyor belt-------
---------baggage detected by sensor------------- 
Baggage weighs: 16.86 kg
baggage is on conveyor belt-------
---------baggage detected by sensor------------- 
Baggage weighs: 19.34 kg
baggage is on conveyor belt-------
---------baggage detected by sensor------------- 
Baggage weighs: 19.32 kg
baggage is on conveyor belt-------
---------baggage detected by sensor------------- 
Baggage weighs: 18.15 kg
baggage is on conveyor belt-------
---------baggage detected by sensor------------- 
Baggage weighs: 18.98 kg
baggage is on conveyor belt-------
---------baggage detected by sensor------------- 
Baggage weighs: 21.84 kg
baggage is on conveyor belt-------
---------baggage detected by sensor------------- 
Baggage weighs: 20.53 kg
baggage is on conveyor belt-------
---------baggage detected by sensor------------- 
Baggage weighs: 20.62 kg
baggage is on conveyor belt-------
---------baggage detected by sensor------------- 
Baggage weighs: 20.7 kg
baggage is on conveyor belt-------
---------baggage detected by sensor------------- 
Baggage weighs: 19.64 kg
baggage is on conveyor belt-------
---------baggage detected by sensor------------- 
Baggage weighs: 16.11 kg
baggage is on conveyor belt-------
---------baggage detected by sensor------------- 
Baggage weighs: 22.24 kg
baggage is on conveyor belt-------
---------baggage detected by sensor------------- 
Baggage weighs: 21.47 kg
baggage is on conveyor belt-------
---------baggage detected by sensor------------- 
Baggage weighs: 20.73 kg
baggage is on conveyor belt-------
---------baggage detected by sensor------------- 
Baggage weighs: 19.51 kg
baggage is on conveyor belt-------
---------baggage detected by sensor------------- 
Baggage weighs: 20.11 kg
baggage is on conveyor belt-------
---------baggage detected by sensor------------- 
Baggage weighs: 20.36 kg
baggage is on conveyor belt-------
---------baggage detected by sensor------------- 
Baggage weighs: 18.84 kg
baggage is on conveyor belt-------
---------baggage detected by sensor------------- 
Baggage weighs: 22.61 kg
baggage is on conveyor belt-------
---------baggage detected by sensor------------- 
Baggage weighs: 20.07 kg
baggage is on conveyor belt-------
---------baggage detected by sensor------------- 
Baggage weighs: 20.28 kg
baggage is on conveyor belt-------
---------baggage detected by sensor------------- 
Baggage weighs: 17.9 kg
baggage is on conveyor belt-------
---------baggage detected by sensor------------- 
Baggage weighs: 18.13 kg
baggage is on conveyor belt-------
---------baggage detected by sensor------------- 
Baggage weighs: 18.32 kg
baggage is on conveyor belt-------
---------baggage detected by sensor------------- 
Baggage weighs: 19.3 kg
baggage is on conveyor belt-------
---------baggage detected by sensor------------- 
Baggage weighs: 21.34 kg
baggage is on conveyor belt-------
---------baggage detected by sensor------------- 
Baggage weighs: 19.74 kg
baggage is on conveyor belt-------
---------baggage detected by sensor------------- 
Baggage weighs: 18.46 kg
Seat with ID: 34G has been reserved for you!

BOARDING PASS FOR DENISE MADDOX
-----------------------------------------------------------------------------
LUFTHANSA                      k9gfvlgh1vaxe39 /  Denise Maddox
Denise Maddox                                     /  k9gfvlgh1vaxe39
FRA   LH2121   E  30.Oct                       /  FRA
HKG                                            /  HKG
SEAT ID: 34G                                   /  LH2121 E 30.Oct
SEQ: 176                                      / GATE: A05   22:00
MAX 1  HANDLUGGAGE/ LUGGAGE
-----------------------------------------------------------------------------
sorry Denise Maddox we have no voucher for you! Have a nice day!

---------------------------------------------------------------------------------------------------------------
scanning passport with passport id: 2BIFMHTVD
searching for ticket in fast bag drop database..............
Ticket found for Teddy Faulkner and Flight LH2121
----searching flight seat for Teddy Faulkner---------
Found a seat with ID 34H
Below details were found in database
------------------------------------------
Name: Teddy Faulkner
Flight ID: LH2121
Source: FRA
Destination: HKG
Gate No: A05
Boarding time: 22:00
Ticket ID: rrowtzoxhaddytb
Booking Class: E
------------------------------------------

Proceed with check-in for flight LH2121 ?
Type YES to CHECK-IN or NO to cancel CHECK-IN
Teddy Faulkner is deciding whether to check-in or to go back home and sleep............
YES CHECK-IN
Checking you in...............
baggage is on conveyor belt-------
---------baggage detected by sensor------------- 
Baggage weighs: 21.58 kg
baggage is on conveyor belt-------
---------baggage detected by sensor------------- 
Baggage weighs: 20.43 kg
baggage is on conveyor belt-------
---------baggage detected by sensor------------- 
Baggage weighs: 18.47 kg
baggage is on conveyor belt-------
---------baggage detected by sensor------------- 
Baggage weighs: 17.86 kg
baggage is on conveyor belt-------
---------baggage detected by sensor------------- 
Baggage weighs: 18.65 kg
baggage is on conveyor belt-------
---------baggage detected by sensor------------- 
Baggage weighs: 19.27 kg
baggage is on conveyor belt-------
---------baggage detected by sensor------------- 
Baggage weighs: 17.42 kg
baggage is on conveyor belt-------
---------baggage detected by sensor------------- 
Baggage weighs: 19.16 kg
baggage is on conveyor belt-------
---------baggage detected by sensor------------- 
Baggage weighs: 19.52 kg
baggage is on conveyor belt-------
---------baggage detected by sensor------------- 
Baggage weighs: 17.51 kg
baggage is on conveyor belt-------
---------baggage detected by sensor------------- 
Baggage weighs: 17.38 kg
baggage is on conveyor belt-------
---------baggage detected by sensor------------- 
Baggage weighs: 18.67 kg
baggage is on conveyor belt-------
---------baggage detected by sensor------------- 
Baggage weighs: 16.98 kg
baggage is on conveyor belt-------
---------baggage detected by sensor------------- 
Baggage weighs: 21.26 kg
baggage is on conveyor belt-------
---------baggage detected by sensor------------- 
Baggage weighs: 18.3 kg
baggage is on conveyor belt-------
---------baggage detected by sensor------------- 
Baggage weighs: 16.81 kg
baggage is on conveyor belt-------
---------baggage detected by sensor------------- 
Baggage weighs: 20.91 kg
baggage is on conveyor belt-------
---------baggage detected by sensor------------- 
Baggage weighs: 21.21 kg
baggage is on conveyor belt-------
---------baggage detected by sensor------------- 
Baggage weighs: 19.69 kg
baggage is on conveyor belt-------
---------baggage detected by sensor------------- 
Baggage weighs: 18.67 kg
baggage is on conveyor belt-------
---------baggage detected by sensor------------- 
Baggage weighs: 19.12 kg
baggage is on conveyor belt-------
---------baggage detected by sensor------------- 
Baggage weighs: 16.42 kg
baggage is on conveyor belt-------
---------baggage detected by sensor------------- 
Baggage weighs: 19.17 kg
baggage is on conveyor belt-------
---------baggage detected by sensor------------- 
Baggage weighs: 19.0 kg
baggage is on conveyor belt-------
---------baggage detected by sensor------------- 
Baggage weighs: 18.78 kg
baggage is on conveyor belt-------
---------baggage detected by sensor------------- 
Baggage weighs: 20.31 kg
baggage is on conveyor belt-------
---------baggage detected by sensor------------- 
Baggage weighs: 21.25 kg
baggage is on conveyor belt-------
---------baggage detected by sensor------------- 
Baggage weighs: 18.87 kg
baggage is on conveyor belt-------
---------baggage detected by sensor------------- 
Baggage weighs: 16.25 kg
baggage is on conveyor belt-------
---------baggage detected by sensor------------- 
Baggage weighs: 19.94 kg
baggage is on conveyor belt-------
---------baggage detected by sensor------------- 
Baggage weighs: 16.88 kg
baggage is on conveyor belt-------
---------baggage detected by sensor------------- 
Baggage weighs: 18.24 kg
baggage is on conveyor belt-------
---------baggage detected by sensor------------- 
Baggage weighs: 17.16 kg
baggage is on conveyor belt-------
---------baggage detected by sensor------------- 
Baggage weighs: 19.34 kg
baggage is on conveyor belt-------
---------baggage detected by sensor------------- 
Baggage weighs: 22.41 kg
baggage is on conveyor belt-------
---------baggage detected by sensor------------- 
Baggage weighs: 20.47 kg
baggage is on conveyor belt-------
---------baggage detected by sensor------------- 
Baggage weighs: 18.81 kg
baggage is on conveyor belt-------
---------baggage detected by sensor------------- 
Baggage weighs: 18.56 kg
baggage is on conveyor belt-------
---------baggage detected by sensor------------- 
Baggage weighs: 17.77 kg
baggage is on conveyor belt-------
---------baggage detected by sensor------------- 
Baggage weighs: 19.32 kg
baggage is on conveyor belt-------
---------baggage detected by sensor------------- 
Baggage weighs: 19.21 kg
baggage is on conveyor belt-------
---------baggage detected by sensor------------- 
Baggage weighs: 19.13 kg
baggage is on conveyor belt-------
---------baggage detected by sensor------------- 
Baggage weighs: 20.39 kg
baggage is on conveyor belt-------
---------baggage detected by sensor------------- 
Baggage weighs: 21.03 kg
baggage is on conveyor belt-------
---------baggage detected by sensor------------- 
Baggage weighs: 20.05 kg
baggage is on conveyor belt-------
---------baggage detected by sensor------------- 
Baggage weighs: 21.92 kg
baggage is on conveyor belt-------
---------baggage detected by sensor------------- 
Baggage weighs: 19.37 kg
baggage is on conveyor belt-------
---------baggage detected by sensor------------- 
Baggage weighs: 20.35 kg
baggage is on conveyor belt-------
---------baggage detected by sensor------------- 
Baggage weighs: 18.73 kg
baggage is on conveyor belt-------
---------baggage detected by sensor------------- 
Baggage weighs: 20.33 kg
baggage is on conveyor belt-------
---------baggage detected by sensor------------- 
Baggage weighs: 22.01 kg
baggage is on conveyor belt-------
---------baggage detected by sensor------------- 
Baggage weighs: 19.27 kg
baggage is on conveyor belt-------
---------baggage detected by sensor------------- 
Baggage weighs: 21.18 kg
baggage is on conveyor belt-------
---------baggage detected by sensor------------- 
Baggage weighs: 17.16 kg
baggage is on conveyor belt-------
---------baggage detected by sensor------------- 
Baggage weighs: 20.04 kg
baggage is on conveyor belt-------
---------baggage detected by sensor------------- 
Baggage weighs: 20.91 kg
baggage is on conveyor belt-------
---------baggage detected by sensor------------- 
Baggage weighs: 20.3 kg
baggage is on conveyor belt-------
---------baggage detected by sensor------------- 
Baggage weighs: 20.38 kg
baggage is on conveyor belt-------
---------baggage detected by sensor------------- 
Baggage weighs: 16.54 kg
baggage is on conveyor belt-------
---------baggage detected by sensor------------- 
Baggage weighs: 18.87 kg
baggage is on conveyor belt-------
---------baggage detected by sensor------------- 
Baggage weighs: 20.22 kg
baggage is on conveyor belt-------
---------baggage detected by sensor------------- 
Baggage weighs: 20.75 kg
baggage is on conveyor belt-------
---------baggage detected by sensor------------- 
Baggage weighs: 17.4 kg
baggage is on conveyor belt-------
---------baggage detected by sensor------------- 
Baggage weighs: 20.27 kg
baggage is on conveyor belt-------
---------baggage detected by sensor------------- 
Baggage weighs: 17.04 kg
baggage is on conveyor belt-------
---------baggage detected by sensor------------- 
Baggage weighs: 19.84 kg
baggage is on conveyor belt-------
---------baggage detected by sensor------------- 
Baggage weighs: 17.34 kg
baggage is on conveyor belt-------
---------baggage detected by sensor------------- 
Baggage weighs: 18.75 kg
baggage is on conveyor belt-------
---------baggage detected by sensor------------- 
Baggage weighs: 19.12 kg
baggage is on conveyor belt-------
---------baggage detected by sensor------------- 
Baggage weighs: 18.29 kg
baggage is on conveyor belt-------
---------baggage detected by sensor------------- 
Baggage weighs: 17.94 kg
baggage is on conveyor belt-------
---------baggage detected by sensor------------- 
Baggage weighs: 19.09 kg
baggage is on conveyor belt-------
---------baggage detected by sensor------------- 
Baggage weighs: 22.39 kg
baggage is on conveyor belt-------
---------baggage detected by sensor------------- 
Baggage weighs: 21.23 kg
baggage is on conveyor belt-------
---------baggage detected by sensor------------- 
Baggage weighs: 17.56 kg
baggage is on conveyor belt-------
---------baggage detected by sensor------------- 
Baggage weighs: 18.37 kg
baggage is on conveyor belt-------
---------baggage detected by sensor------------- 
Baggage weighs: 21.4 kg
baggage is on conveyor belt-------
---------baggage detected by sensor------------- 
Baggage weighs: 20.25 kg
baggage is on conveyor belt-------
---------baggage detected by sensor------------- 
Baggage weighs: 23.0 kg
baggage is on conveyor belt-------
---------baggage detected by sensor------------- 
Baggage weighs: 17.01 kg
baggage is on conveyor belt-------
---------baggage detected by sensor------------- 
Baggage weighs: 17.39 kg
baggage is on conveyor belt-------
---------baggage detected by sensor------------- 
Baggage weighs: 16.7 kg
baggage is on conveyor belt-------
---------baggage detected by sensor------------- 
Baggage weighs: 16.23 kg
baggage is on conveyor belt-------
---------baggage detected by sensor------------- 
Baggage weighs: 19.13 kg
baggage is on conveyor belt-------
---------baggage detected by sensor------------- 
Baggage weighs: 21.07 kg
baggage is on conveyor belt-------
---------baggage detected by sensor------------- 
Baggage weighs: 17.87 kg
baggage is on conveyor belt-------
---------baggage detected by sensor------------- 
Baggage weighs: 19.92 kg
baggage is on conveyor belt-------
---------baggage detected by sensor------------- 
Baggage weighs: 19.22 kg
baggage is on conveyor belt-------
---------baggage detected by sensor------------- 
Baggage weighs: 21.53 kg
baggage is on conveyor belt-------
---------baggage detected by sensor------------- 
Baggage weighs: 20.29 kg
baggage is on conveyor belt-------
---------baggage detected by sensor------------- 
Baggage weighs: 19.32 kg
baggage is on conveyor belt-------
---------baggage detected by sensor------------- 
Baggage weighs: 17.25 kg
baggage is on conveyor belt-------
---------baggage detected by sensor------------- 
Baggage weighs: 21.3 kg
baggage is on conveyor belt-------
---------baggage detected by sensor------------- 
Baggage weighs: 16.79 kg
baggage is on conveyor belt-------
---------baggage detected by sensor------------- 
Baggage weighs: 19.55 kg
baggage is on conveyor belt-------
---------baggage detected by sensor------------- 
Baggage weighs: 18.88 kg
baggage is on conveyor belt-------
---------baggage detected by sensor------------- 
Baggage weighs: 22.33 kg
baggage is on conveyor belt-------
---------baggage detected by sensor------------- 
Baggage weighs: 20.62 kg
baggage is on conveyor belt-------
---------baggage detected by sensor------------- 
Baggage weighs: 19.42 kg
baggage is on conveyor belt-------
---------baggage detected by sensor------------- 
Baggage weighs: 17.54 kg
baggage is on conveyor belt-------
---------baggage detected by sensor------------- 
Baggage weighs: 21.51 kg
baggage is on conveyor belt-------
---------baggage detected by sensor------------- 
Baggage weighs: 19.46 kg
baggage is on conveyor belt-------
---------baggage detected by sensor------------- 
Baggage weighs: 17.83 kg
baggage is on conveyor belt-------
---------baggage detected by sensor------------- 
Baggage weighs: 17.75 kg
baggage is on conveyor belt-------
---------baggage detected by sensor------------- 
Baggage weighs: 17.44 kg
baggage is on conveyor belt-------
---------baggage detected by sensor------------- 
Baggage weighs: 19.53 kg
baggage is on conveyor belt-------
---------baggage detected by sensor------------- 
Baggage weighs: 17.51 kg
baggage is on conveyor belt-------
---------baggage detected by sensor------------- 
Baggage weighs: 18.2 kg
baggage is on conveyor belt-------
---------baggage detected by sensor------------- 
Baggage weighs: 21.55 kg
baggage is on conveyor belt-------
---------baggage detected by sensor------------- 
Baggage weighs: 19.67 kg
baggage is on conveyor belt-------
---------baggage detected by sensor------------- 
Baggage weighs: 19.52 kg
baggage is on conveyor belt-------
---------baggage detected by sensor------------- 
Baggage weighs: 21.06 kg
baggage is on conveyor belt-------
---------baggage detected by sensor------------- 
Baggage weighs: 17.44 kg
baggage is on conveyor belt-------
---------baggage detected by sensor------------- 
Baggage weighs: 19.21 kg
baggage is on conveyor belt-------
---------baggage detected by sensor------------- 
Baggage weighs: 21.65 kg
baggage is on conveyor belt-------
---------baggage detected by sensor------------- 
Baggage weighs: 19.64 kg
baggage is on conveyor belt-------
---------baggage detected by sensor------------- 
Baggage weighs: 21.03 kg
baggage is on conveyor belt-------
---------baggage detected by sensor------------- 
Baggage weighs: 19.76 kg
baggage is on conveyor belt-------
---------baggage detected by sensor------------- 
Baggage weighs: 21.01 kg
baggage is on conveyor belt-------
---------baggage detected by sensor------------- 
Baggage weighs: 19.11 kg
baggage is on conveyor belt-------
---------baggage detected by sensor------------- 
Baggage weighs: 18.54 kg
baggage is on conveyor belt-------
---------baggage detected by sensor------------- 
Baggage weighs: 16.86 kg
baggage is on conveyor belt-------
---------baggage detected by sensor------------- 
Baggage weighs: 16.59 kg
baggage is on conveyor belt-------
---------baggage detected by sensor------------- 
Baggage weighs: 19.26 kg
baggage is on conveyor belt-------
---------baggage detected by sensor------------- 
Baggage weighs: 18.34 kg
baggage is on conveyor belt-------
---------baggage detected by sensor------------- 
Baggage weighs: 19.09 kg
baggage is on conveyor belt-------
---------baggage detected by sensor------------- 
Baggage weighs: 22.38 kg
baggage is on conveyor belt-------
---------baggage detected by sensor------------- 
Baggage weighs: 22.12 kg
baggage is on conveyor belt-------
---------baggage detected by sensor------------- 
Baggage weighs: 16.75 kg
baggage is on conveyor belt-------
---------baggage detected by sensor------------- 
Baggage weighs: 20.36 kg
baggage is on conveyor belt-------
---------baggage detected by sensor------------- 
Baggage weighs: 20.94 kg
baggage is on conveyor belt-------
---------baggage detected by sensor------------- 
Baggage weighs: 19.8 kg
baggage is on conveyor belt-------
---------baggage detected by sensor------------- 
Baggage weighs: 19.12 kg
baggage is on conveyor belt-------
---------baggage detected by sensor------------- 
Baggage weighs: 16.93 kg
baggage is on conveyor belt-------
---------baggage detected by sensor------------- 
Baggage weighs: 20.48 kg
baggage is on conveyor belt-------
---------baggage detected by sensor------------- 
Baggage weighs: 17.63 kg
baggage is on conveyor belt-------
---------baggage detected by sensor------------- 
Baggage weighs: 19.86 kg
baggage is on conveyor belt-------
---------baggage detected by sensor------------- 
Baggage weighs: 19.4 kg
baggage is on conveyor belt-------
---------baggage detected by sensor------------- 
Baggage weighs: 19.0 kg
baggage is on conveyor belt-------
---------baggage detected by sensor------------- 
Baggage weighs: 20.5 kg
baggage is on conveyor belt-------
---------baggage detected by sensor------------- 
Baggage weighs: 21.9 kg
baggage is on conveyor belt-------
---------baggage detected by sensor------------- 
Baggage weighs: 19.82 kg
baggage is on conveyor belt-------
---------baggage detected by sensor------------- 
Baggage weighs: 18.98 kg
baggage is on conveyor belt-------
---------baggage detected by sensor------------- 
Baggage weighs: 19.28 kg
baggage is on conveyor belt-------
---------baggage detected by sensor------------- 
Baggage weighs: 18.06 kg
baggage is on conveyor belt-------
---------baggage detected by sensor------------- 
Baggage weighs: 20.2 kg
baggage is on conveyor belt-------
---------baggage detected by sensor------------- 
Baggage weighs: 19.74 kg
baggage is on conveyor belt-------
---------baggage detected by sensor------------- 
Baggage weighs: 17.44 kg
baggage is on conveyor belt-------
---------baggage detected by sensor------------- 
Baggage weighs: 19.36 kg
baggage is on conveyor belt-------
---------baggage detected by sensor------------- 
Baggage weighs: 20.4 kg
baggage is on conveyor belt-------
---------baggage detected by sensor------------- 
Baggage weighs: 18.92 kg
baggage is on conveyor belt-------
---------baggage detected by sensor------------- 
Baggage weighs: 18.48 kg
baggage is on conveyor belt-------
---------baggage detected by sensor------------- 
Baggage weighs: 17.34 kg
baggage is on conveyor belt-------
---------baggage detected by sensor------------- 
Baggage weighs: 20.57 kg
baggage is on conveyor belt-------
---------baggage detected by sensor------------- 
Baggage weighs: 17.19 kg
baggage is on conveyor belt-------
---------baggage detected by sensor------------- 
Baggage weighs: 18.25 kg
baggage is on conveyor belt-------
---------baggage detected by sensor------------- 
Baggage weighs: 19.29 kg
baggage is on conveyor belt-------
---------baggage detected by sensor------------- 
Baggage weighs: 16.86 kg
baggage is on conveyor belt-------
---------baggage detected by sensor------------- 
Baggage weighs: 19.34 kg
baggage is on conveyor belt-------
---------baggage detected by sensor------------- 
Baggage weighs: 19.32 kg
baggage is on conveyor belt-------
---------baggage detected by sensor------------- 
Baggage weighs: 18.15 kg
baggage is on conveyor belt-------
---------baggage detected by sensor------------- 
Baggage weighs: 18.98 kg
baggage is on conveyor belt-------
---------baggage detected by sensor------------- 
Baggage weighs: 21.84 kg
baggage is on conveyor belt-------
---------baggage detected by sensor------------- 
Baggage weighs: 20.53 kg
baggage is on conveyor belt-------
---------baggage detected by sensor------------- 
Baggage weighs: 20.62 kg
baggage is on conveyor belt-------
---------baggage detected by sensor------------- 
Baggage weighs: 20.7 kg
baggage is on conveyor belt-------
---------baggage detected by sensor------------- 
Baggage weighs: 19.64 kg
baggage is on conveyor belt-------
---------baggage detected by sensor------------- 
Baggage weighs: 16.11 kg
baggage is on conveyor belt-------
---------baggage detected by sensor------------- 
Baggage weighs: 22.24 kg
baggage is on conveyor belt-------
---------baggage detected by sensor------------- 
Baggage weighs: 21.47 kg
baggage is on conveyor belt-------
---------baggage detected by sensor------------- 
Baggage weighs: 20.73 kg
baggage is on conveyor belt-------
---------baggage detected by sensor------------- 
Baggage weighs: 19.51 kg
baggage is on conveyor belt-------
---------baggage detected by sensor------------- 
Baggage weighs: 20.11 kg
baggage is on conveyor belt-------
---------baggage detected by sensor------------- 
Baggage weighs: 20.36 kg
baggage is on conveyor belt-------
---------baggage detected by sensor------------- 
Baggage weighs: 18.84 kg
baggage is on conveyor belt-------
---------baggage detected by sensor------------- 
Baggage weighs: 22.61 kg
baggage is on conveyor belt-------
---------baggage detected by sensor------------- 
Baggage weighs: 20.07 kg
baggage is on conveyor belt-------
---------baggage detected by sensor------------- 
Baggage weighs: 20.28 kg
baggage is on conveyor belt-------
---------baggage detected by sensor------------- 
Baggage weighs: 17.9 kg
baggage is on conveyor belt-------
---------baggage detected by sensor------------- 
Baggage weighs: 18.13 kg
baggage is on conveyor belt-------
---------baggage detected by sensor------------- 
Baggage weighs: 18.32 kg
baggage is on conveyor belt-------
---------baggage detected by sensor------------- 
Baggage weighs: 19.3 kg
baggage is on conveyor belt-------
---------baggage detected by sensor------------- 
Baggage weighs: 21.34 kg
baggage is on conveyor belt-------
---------baggage detected by sensor------------- 
Baggage weighs: 19.74 kg
baggage is on conveyor belt-------
---------baggage detected by sensor------------- 
Baggage weighs: 18.46 kg
baggage is on conveyor belt-------
---------baggage detected by sensor------------- 
Baggage weighs: 19.49 kg
Seat with ID: 34H has been reserved for you!

BOARDING PASS FOR TEDDY FAULKNER
-----------------------------------------------------------------------------
LUFTHANSA                      rrowtzoxhaddytb /  Teddy Faulkner
Teddy Faulkner                                     /  rrowtzoxhaddytb
FRA   LH2121   E  30.Oct                       /  FRA
HKG                                            /  HKG
SEAT ID: 34H                                   /  LH2121 E 30.Oct
SEQ: 177                                      / GATE: A05   22:00
MAX 1  HANDLUGGAGE/ LUGGAGE
-----------------------------------------------------------------------------
sorry Teddy Faulkner we have no voucher for you! Have a nice day!

---------------------------------------------------------------------------------------------------------------
scanning passport with passport id: 71DS92WTG
searching for ticket in fast bag drop database..............
Ticket found for Geraldo Gross and Flight LH2121
----searching flight seat for Geraldo Gross---------
Found a seat with ID 34J
Below details were found in database
------------------------------------------
Name: Geraldo Gross
Flight ID: LH2121
Source: FRA
Destination: HKG
Gate No: A05
Boarding time: 22:00
Ticket ID: 47kpfpo4tosgyv3
Booking Class: E
------------------------------------------

Proceed with check-in for flight LH2121 ?
Type YES to CHECK-IN or NO to cancel CHECK-IN
Geraldo Gross is deciding whether to check-in or to go back home and sleep............
YES CHECK-IN
Checking you in...............
baggage is on conveyor belt-------
---------baggage detected by sensor------------- 
Baggage weighs: 21.58 kg
baggage is on conveyor belt-------
---------baggage detected by sensor------------- 
Baggage weighs: 20.43 kg
baggage is on conveyor belt-------
---------baggage detected by sensor------------- 
Baggage weighs: 18.47 kg
baggage is on conveyor belt-------
---------baggage detected by sensor------------- 
Baggage weighs: 17.86 kg
baggage is on conveyor belt-------
---------baggage detected by sensor------------- 
Baggage weighs: 18.65 kg
baggage is on conveyor belt-------
---------baggage detected by sensor------------- 
Baggage weighs: 19.27 kg
baggage is on conveyor belt-------
---------baggage detected by sensor------------- 
Baggage weighs: 17.42 kg
baggage is on conveyor belt-------
---------baggage detected by sensor------------- 
Baggage weighs: 19.16 kg
baggage is on conveyor belt-------
---------baggage detected by sensor------------- 
Baggage weighs: 19.52 kg
baggage is on conveyor belt-------
---------baggage detected by sensor------------- 
Baggage weighs: 17.51 kg
baggage is on conveyor belt-------
---------baggage detected by sensor------------- 
Baggage weighs: 17.38 kg
baggage is on conveyor belt-------
---------baggage detected by sensor------------- 
Baggage weighs: 18.67 kg
baggage is on conveyor belt-------
---------baggage detected by sensor------------- 
Baggage weighs: 16.98 kg
baggage is on conveyor belt-------
---------baggage detected by sensor------------- 
Baggage weighs: 21.26 kg
baggage is on conveyor belt-------
---------baggage detected by sensor------------- 
Baggage weighs: 18.3 kg
baggage is on conveyor belt-------
---------baggage detected by sensor------------- 
Baggage weighs: 16.81 kg
baggage is on conveyor belt-------
---------baggage detected by sensor------------- 
Baggage weighs: 20.91 kg
baggage is on conveyor belt-------
---------baggage detected by sensor------------- 
Baggage weighs: 21.21 kg
baggage is on conveyor belt-------
---------baggage detected by sensor------------- 
Baggage weighs: 19.69 kg
baggage is on conveyor belt-------
---------baggage detected by sensor------------- 
Baggage weighs: 18.67 kg
baggage is on conveyor belt-------
---------baggage detected by sensor------------- 
Baggage weighs: 19.12 kg
baggage is on conveyor belt-------
---------baggage detected by sensor------------- 
Baggage weighs: 16.42 kg
baggage is on conveyor belt-------
---------baggage detected by sensor------------- 
Baggage weighs: 19.17 kg
baggage is on conveyor belt-------
---------baggage detected by sensor------------- 
Baggage weighs: 19.0 kg
baggage is on conveyor belt-------
---------baggage detected by sensor------------- 
Baggage weighs: 18.78 kg
baggage is on conveyor belt-------
---------baggage detected by sensor------------- 
Baggage weighs: 20.31 kg
baggage is on conveyor belt-------
---------baggage detected by sensor------------- 
Baggage weighs: 21.25 kg
baggage is on conveyor belt-------
---------baggage detected by sensor------------- 
Baggage weighs: 18.87 kg
baggage is on conveyor belt-------
---------baggage detected by sensor------------- 
Baggage weighs: 16.25 kg
baggage is on conveyor belt-------
---------baggage detected by sensor------------- 
Baggage weighs: 19.94 kg
baggage is on conveyor belt-------
---------baggage detected by sensor------------- 
Baggage weighs: 16.88 kg
baggage is on conveyor belt-------
---------baggage detected by sensor------------- 
Baggage weighs: 18.24 kg
baggage is on conveyor belt-------
---------baggage detected by sensor------------- 
Baggage weighs: 17.16 kg
baggage is on conveyor belt-------
---------baggage detected by sensor------------- 
Baggage weighs: 19.34 kg
baggage is on conveyor belt-------
---------baggage detected by sensor------------- 
Baggage weighs: 22.41 kg
baggage is on conveyor belt-------
---------baggage detected by sensor------------- 
Baggage weighs: 20.47 kg
baggage is on conveyor belt-------
---------baggage detected by sensor------------- 
Baggage weighs: 18.81 kg
baggage is on conveyor belt-------
---------baggage detected by sensor------------- 
Baggage weighs: 18.56 kg
baggage is on conveyor belt-------
---------baggage detected by sensor------------- 
Baggage weighs: 17.77 kg
baggage is on conveyor belt-------
---------baggage detected by sensor------------- 
Baggage weighs: 19.32 kg
baggage is on conveyor belt-------
---------baggage detected by sensor------------- 
Baggage weighs: 19.21 kg
baggage is on conveyor belt-------
---------baggage detected by sensor------------- 
Baggage weighs: 19.13 kg
baggage is on conveyor belt-------
---------baggage detected by sensor------------- 
Baggage weighs: 20.39 kg
baggage is on conveyor belt-------
---------baggage detected by sensor------------- 
Baggage weighs: 21.03 kg
baggage is on conveyor belt-------
---------baggage detected by sensor------------- 
Baggage weighs: 20.05 kg
baggage is on conveyor belt-------
---------baggage detected by sensor------------- 
Baggage weighs: 21.92 kg
baggage is on conveyor belt-------
---------baggage detected by sensor------------- 
Baggage weighs: 19.37 kg
baggage is on conveyor belt-------
---------baggage detected by sensor------------- 
Baggage weighs: 20.35 kg
baggage is on conveyor belt-------
---------baggage detected by sensor------------- 
Baggage weighs: 18.73 kg
baggage is on conveyor belt-------
---------baggage detected by sensor------------- 
Baggage weighs: 20.33 kg
baggage is on conveyor belt-------
---------baggage detected by sensor------------- 
Baggage weighs: 22.01 kg
baggage is on conveyor belt-------
---------baggage detected by sensor------------- 
Baggage weighs: 19.27 kg
baggage is on conveyor belt-------
---------baggage detected by sensor------------- 
Baggage weighs: 21.18 kg
baggage is on conveyor belt-------
---------baggage detected by sensor------------- 
Baggage weighs: 17.16 kg
baggage is on conveyor belt-------
---------baggage detected by sensor------------- 
Baggage weighs: 20.04 kg
baggage is on conveyor belt-------
---------baggage detected by sensor------------- 
Baggage weighs: 20.91 kg
baggage is on conveyor belt-------
---------baggage detected by sensor------------- 
Baggage weighs: 20.3 kg
baggage is on conveyor belt-------
---------baggage detected by sensor------------- 
Baggage weighs: 20.38 kg
baggage is on conveyor belt-------
---------baggage detected by sensor------------- 
Baggage weighs: 16.54 kg
baggage is on conveyor belt-------
---------baggage detected by sensor------------- 
Baggage weighs: 18.87 kg
baggage is on conveyor belt-------
---------baggage detected by sensor------------- 
Baggage weighs: 20.22 kg
baggage is on conveyor belt-------
---------baggage detected by sensor------------- 
Baggage weighs: 20.75 kg
baggage is on conveyor belt-------
---------baggage detected by sensor------------- 
Baggage weighs: 17.4 kg
baggage is on conveyor belt-------
---------baggage detected by sensor------------- 
Baggage weighs: 20.27 kg
baggage is on conveyor belt-------
---------baggage detected by sensor------------- 
Baggage weighs: 17.04 kg
baggage is on conveyor belt-------
---------baggage detected by sensor------------- 
Baggage weighs: 19.84 kg
baggage is on conveyor belt-------
---------baggage detected by sensor------------- 
Baggage weighs: 17.34 kg
baggage is on conveyor belt-------
---------baggage detected by sensor------------- 
Baggage weighs: 18.75 kg
baggage is on conveyor belt-------
---------baggage detected by sensor------------- 
Baggage weighs: 19.12 kg
baggage is on conveyor belt-------
---------baggage detected by sensor------------- 
Baggage weighs: 18.29 kg
baggage is on conveyor belt-------
---------baggage detected by sensor------------- 
Baggage weighs: 17.94 kg
baggage is on conveyor belt-------
---------baggage detected by sensor------------- 
Baggage weighs: 19.09 kg
baggage is on conveyor belt-------
---------baggage detected by sensor------------- 
Baggage weighs: 22.39 kg
baggage is on conveyor belt-------
---------baggage detected by sensor------------- 
Baggage weighs: 21.23 kg
baggage is on conveyor belt-------
---------baggage detected by sensor------------- 
Baggage weighs: 17.56 kg
baggage is on conveyor belt-------
---------baggage detected by sensor------------- 
Baggage weighs: 18.37 kg
baggage is on conveyor belt-------
---------baggage detected by sensor------------- 
Baggage weighs: 21.4 kg
baggage is on conveyor belt-------
---------baggage detected by sensor------------- 
Baggage weighs: 20.25 kg
baggage is on conveyor belt-------
---------baggage detected by sensor------------- 
Baggage weighs: 23.0 kg
baggage is on conveyor belt-------
---------baggage detected by sensor------------- 
Baggage weighs: 17.01 kg
baggage is on conveyor belt-------
---------baggage detected by sensor------------- 
Baggage weighs: 17.39 kg
baggage is on conveyor belt-------
---------baggage detected by sensor------------- 
Baggage weighs: 16.7 kg
baggage is on conveyor belt-------
---------baggage detected by sensor------------- 
Baggage weighs: 16.23 kg
baggage is on conveyor belt-------
---------baggage detected by sensor------------- 
Baggage weighs: 19.13 kg
baggage is on conveyor belt-------
---------baggage detected by sensor------------- 
Baggage weighs: 21.07 kg
baggage is on conveyor belt-------
---------baggage detected by sensor------------- 
Baggage weighs: 17.87 kg
baggage is on conveyor belt-------
---------baggage detected by sensor------------- 
Baggage weighs: 19.92 kg
baggage is on conveyor belt-------
---------baggage detected by sensor------------- 
Baggage weighs: 19.22 kg
baggage is on conveyor belt-------
---------baggage detected by sensor------------- 
Baggage weighs: 21.53 kg
baggage is on conveyor belt-------
---------baggage detected by sensor------------- 
Baggage weighs: 20.29 kg
baggage is on conveyor belt-------
---------baggage detected by sensor------------- 
Baggage weighs: 19.32 kg
baggage is on conveyor belt-------
---------baggage detected by sensor------------- 
Baggage weighs: 17.25 kg
baggage is on conveyor belt-------
---------baggage detected by sensor------------- 
Baggage weighs: 21.3 kg
baggage is on conveyor belt-------
---------baggage detected by sensor------------- 
Baggage weighs: 16.79 kg
baggage is on conveyor belt-------
---------baggage detected by sensor------------- 
Baggage weighs: 19.55 kg
baggage is on conveyor belt-------
---------baggage detected by sensor------------- 
Baggage weighs: 18.88 kg
baggage is on conveyor belt-------
---------baggage detected by sensor------------- 
Baggage weighs: 22.33 kg
baggage is on conveyor belt-------
---------baggage detected by sensor------------- 
Baggage weighs: 20.62 kg
baggage is on conveyor belt-------
---------baggage detected by sensor------------- 
Baggage weighs: 19.42 kg
baggage is on conveyor belt-------
---------baggage detected by sensor------------- 
Baggage weighs: 17.54 kg
baggage is on conveyor belt-------
---------baggage detected by sensor------------- 
Baggage weighs: 21.51 kg
baggage is on conveyor belt-------
---------baggage detected by sensor------------- 
Baggage weighs: 19.46 kg
baggage is on conveyor belt-------
---------baggage detected by sensor------------- 
Baggage weighs: 17.83 kg
baggage is on conveyor belt-------
---------baggage detected by sensor------------- 
Baggage weighs: 17.75 kg
baggage is on conveyor belt-------
---------baggage detected by sensor------------- 
Baggage weighs: 17.44 kg
baggage is on conveyor belt-------
---------baggage detected by sensor------------- 
Baggage weighs: 19.53 kg
baggage is on conveyor belt-------
---------baggage detected by sensor------------- 
Baggage weighs: 17.51 kg
baggage is on conveyor belt-------
---------baggage detected by sensor------------- 
Baggage weighs: 18.2 kg
baggage is on conveyor belt-------
---------baggage detected by sensor------------- 
Baggage weighs: 21.55 kg
baggage is on conveyor belt-------
---------baggage detected by sensor------------- 
Baggage weighs: 19.67 kg
baggage is on conveyor belt-------
---------baggage detected by sensor------------- 
Baggage weighs: 19.52 kg
baggage is on conveyor belt-------
---------baggage detected by sensor------------- 
Baggage weighs: 21.06 kg
baggage is on conveyor belt-------
---------baggage detected by sensor------------- 
Baggage weighs: 17.44 kg
baggage is on conveyor belt-------
---------baggage detected by sensor------------- 
Baggage weighs: 19.21 kg
baggage is on conveyor belt-------
---------baggage detected by sensor------------- 
Baggage weighs: 21.65 kg
baggage is on conveyor belt-------
---------baggage detected by sensor------------- 
Baggage weighs: 19.64 kg
baggage is on conveyor belt-------
---------baggage detected by sensor------------- 
Baggage weighs: 21.03 kg
baggage is on conveyor belt-------
---------baggage detected by sensor------------- 
Baggage weighs: 19.76 kg
baggage is on conveyor belt-------
---------baggage detected by sensor------------- 
Baggage weighs: 21.01 kg
baggage is on conveyor belt-------
---------baggage detected by sensor------------- 
Baggage weighs: 19.11 kg
baggage is on conveyor belt-------
---------baggage detected by sensor------------- 
Baggage weighs: 18.54 kg
baggage is on conveyor belt-------
---------baggage detected by sensor------------- 
Baggage weighs: 16.86 kg
baggage is on conveyor belt-------
---------baggage detected by sensor------------- 
Baggage weighs: 16.59 kg
baggage is on conveyor belt-------
---------baggage detected by sensor------------- 
Baggage weighs: 19.26 kg
baggage is on conveyor belt-------
---------baggage detected by sensor------------- 
Baggage weighs: 18.34 kg
baggage is on conveyor belt-------
---------baggage detected by sensor------------- 
Baggage weighs: 19.09 kg
baggage is on conveyor belt-------
---------baggage detected by sensor------------- 
Baggage weighs: 22.38 kg
baggage is on conveyor belt-------
---------baggage detected by sensor------------- 
Baggage weighs: 22.12 kg
baggage is on conveyor belt-------
---------baggage detected by sensor------------- 
Baggage weighs: 16.75 kg
baggage is on conveyor belt-------
---------baggage detected by sensor------------- 
Baggage weighs: 20.36 kg
baggage is on conveyor belt-------
---------baggage detected by sensor------------- 
Baggage weighs: 20.94 kg
baggage is on conveyor belt-------
---------baggage detected by sensor------------- 
Baggage weighs: 19.8 kg
baggage is on conveyor belt-------
---------baggage detected by sensor------------- 
Baggage weighs: 19.12 kg
baggage is on conveyor belt-------
---------baggage detected by sensor------------- 
Baggage weighs: 16.93 kg
baggage is on conveyor belt-------
---------baggage detected by sensor------------- 
Baggage weighs: 20.48 kg
baggage is on conveyor belt-------
---------baggage detected by sensor------------- 
Baggage weighs: 17.63 kg
baggage is on conveyor belt-------
---------baggage detected by sensor------------- 
Baggage weighs: 19.86 kg
baggage is on conveyor belt-------
---------baggage detected by sensor------------- 
Baggage weighs: 19.4 kg
baggage is on conveyor belt-------
---------baggage detected by sensor------------- 
Baggage weighs: 19.0 kg
baggage is on conveyor belt-------
---------baggage detected by sensor------------- 
Baggage weighs: 20.5 kg
baggage is on conveyor belt-------
---------baggage detected by sensor------------- 
Baggage weighs: 21.9 kg
baggage is on conveyor belt-------
---------baggage detected by sensor------------- 
Baggage weighs: 19.82 kg
baggage is on conveyor belt-------
---------baggage detected by sensor------------- 
Baggage weighs: 18.98 kg
baggage is on conveyor belt-------
---------baggage detected by sensor------------- 
Baggage weighs: 19.28 kg
baggage is on conveyor belt-------
---------baggage detected by sensor------------- 
Baggage weighs: 18.06 kg
baggage is on conveyor belt-------
---------baggage detected by sensor------------- 
Baggage weighs: 20.2 kg
baggage is on conveyor belt-------
---------baggage detected by sensor------------- 
Baggage weighs: 19.74 kg
baggage is on conveyor belt-------
---------baggage detected by sensor------------- 
Baggage weighs: 17.44 kg
baggage is on conveyor belt-------
---------baggage detected by sensor------------- 
Baggage weighs: 19.36 kg
baggage is on conveyor belt-------
---------baggage detected by sensor------------- 
Baggage weighs: 20.4 kg
baggage is on conveyor belt-------
---------baggage detected by sensor------------- 
Baggage weighs: 18.92 kg
baggage is on conveyor belt-------
---------baggage detected by sensor------------- 
Baggage weighs: 18.48 kg
baggage is on conveyor belt-------
---------baggage detected by sensor------------- 
Baggage weighs: 17.34 kg
baggage is on conveyor belt-------
---------baggage detected by sensor------------- 
Baggage weighs: 20.57 kg
baggage is on conveyor belt-------
---------baggage detected by sensor------------- 
Baggage weighs: 17.19 kg
baggage is on conveyor belt-------
---------baggage detected by sensor------------- 
Baggage weighs: 18.25 kg
baggage is on conveyor belt-------
---------baggage detected by sensor------------- 
Baggage weighs: 19.29 kg
baggage is on conveyor belt-------
---------baggage detected by sensor------------- 
Baggage weighs: 16.86 kg
baggage is on conveyor belt-------
---------baggage detected by sensor------------- 
Baggage weighs: 19.34 kg
baggage is on conveyor belt-------
---------baggage detected by sensor------------- 
Baggage weighs: 19.32 kg
baggage is on conveyor belt-------
---------baggage detected by sensor------------- 
Baggage weighs: 18.15 kg
baggage is on conveyor belt-------
---------baggage detected by sensor------------- 
Baggage weighs: 18.98 kg
baggage is on conveyor belt-------
---------baggage detected by sensor------------- 
Baggage weighs: 21.84 kg
baggage is on conveyor belt-------
---------baggage detected by sensor------------- 
Baggage weighs: 20.53 kg
baggage is on conveyor belt-------
---------baggage detected by sensor------------- 
Baggage weighs: 20.62 kg
baggage is on conveyor belt-------
---------baggage detected by sensor------------- 
Baggage weighs: 20.7 kg
baggage is on conveyor belt-------
---------baggage detected by sensor------------- 
Baggage weighs: 19.64 kg
baggage is on conveyor belt-------
---------baggage detected by sensor------------- 
Baggage weighs: 16.11 kg
baggage is on conveyor belt-------
---------baggage detected by sensor------------- 
Baggage weighs: 22.24 kg
baggage is on conveyor belt-------
---------baggage detected by sensor------------- 
Baggage weighs: 21.47 kg
baggage is on conveyor belt-------
---------baggage detected by sensor------------- 
Baggage weighs: 20.73 kg
baggage is on conveyor belt-------
---------baggage detected by sensor------------- 
Baggage weighs: 19.51 kg
baggage is on conveyor belt-------
---------baggage detected by sensor------------- 
Baggage weighs: 20.11 kg
baggage is on conveyor belt-------
---------baggage detected by sensor------------- 
Baggage weighs: 20.36 kg
baggage is on conveyor belt-------
---------baggage detected by sensor------------- 
Baggage weighs: 18.84 kg
baggage is on conveyor belt-------
---------baggage detected by sensor------------- 
Baggage weighs: 22.61 kg
baggage is on conveyor belt-------
---------baggage detected by sensor------------- 
Baggage weighs: 20.07 kg
baggage is on conveyor belt-------
---------baggage detected by sensor------------- 
Baggage weighs: 20.28 kg
baggage is on conveyor belt-------
---------baggage detected by sensor------------- 
Baggage weighs: 17.9 kg
baggage is on conveyor belt-------
---------baggage detected by sensor------------- 
Baggage weighs: 18.13 kg
baggage is on conveyor belt-------
---------baggage detected by sensor------------- 
Baggage weighs: 18.32 kg
baggage is on conveyor belt-------
---------baggage detected by sensor------------- 
Baggage weighs: 19.3 kg
baggage is on conveyor belt-------
---------baggage detected by sensor------------- 
Baggage weighs: 21.34 kg
baggage is on conveyor belt-------
---------baggage detected by sensor------------- 
Baggage weighs: 19.74 kg
baggage is on conveyor belt-------
---------baggage detected by sensor------------- 
Baggage weighs: 18.46 kg
baggage is on conveyor belt-------
---------baggage detected by sensor------------- 
Baggage weighs: 19.49 kg
baggage is on conveyor belt-------
---------baggage detected by sensor------------- 
Baggage weighs: 17.97 kg
Seat with ID: 34J has been reserved for you!

BOARDING PASS FOR GERALDO GROSS
-----------------------------------------------------------------------------
LUFTHANSA                      47kpfpo4tosgyv3 /  Geraldo Gross
Geraldo Gross                                     /  47kpfpo4tosgyv3
FRA   LH2121   E  30.Oct                       /  FRA
HKG                                            /  HKG
SEAT ID: 34J                                   /  LH2121 E 30.Oct
SEQ: 178                                      / GATE: A05   22:00
MAX 1  HANDLUGGAGE/ LUGGAGE
-----------------------------------------------------------------------------
sorry Geraldo Gross we have no voucher for you! Have a nice day!

---------------------------------------------------------------------------------------------------------------
scanning passport with passport id: KHEX94RNT
searching for ticket in fast bag drop database..............
Ticket found for Darell Barker and Flight LH2121
----searching flight seat for Darell Barker---------
Found a seat with ID 34K
Below details were found in database
------------------------------------------
Name: Darell Barker
Flight ID: LH2121
Source: FRA
Destination: HKG
Gate No: A05
Boarding time: 22:00
Ticket ID: qgk4nvt29ppcwev
Booking Class: E
------------------------------------------

Proceed with check-in for flight LH2121 ?
Type YES to CHECK-IN or NO to cancel CHECK-IN
Darell Barker is deciding whether to check-in or to go back home and sleep............
YES CHECK-IN
Checking you in...............
baggage is on conveyor belt-------
---------baggage detected by sensor------------- 
Baggage weighs: 21.58 kg
baggage is on conveyor belt-------
---------baggage detected by sensor------------- 
Baggage weighs: 20.43 kg
baggage is on conveyor belt-------
---------baggage detected by sensor------------- 
Baggage weighs: 18.47 kg
baggage is on conveyor belt-------
---------baggage detected by sensor------------- 
Baggage weighs: 17.86 kg
baggage is on conveyor belt-------
---------baggage detected by sensor------------- 
Baggage weighs: 18.65 kg
baggage is on conveyor belt-------
---------baggage detected by sensor------------- 
Baggage weighs: 19.27 kg
baggage is on conveyor belt-------
---------baggage detected by sensor------------- 
Baggage weighs: 17.42 kg
baggage is on conveyor belt-------
---------baggage detected by sensor------------- 
Baggage weighs: 19.16 kg
baggage is on conveyor belt-------
---------baggage detected by sensor------------- 
Baggage weighs: 19.52 kg
baggage is on conveyor belt-------
---------baggage detected by sensor------------- 
Baggage weighs: 17.51 kg
baggage is on conveyor belt-------
---------baggage detected by sensor------------- 
Baggage weighs: 17.38 kg
baggage is on conveyor belt-------
---------baggage detected by sensor------------- 
Baggage weighs: 18.67 kg
baggage is on conveyor belt-------
---------baggage detected by sensor------------- 
Baggage weighs: 16.98 kg
baggage is on conveyor belt-------
---------baggage detected by sensor------------- 
Baggage weighs: 21.26 kg
baggage is on conveyor belt-------
---------baggage detected by sensor------------- 
Baggage weighs: 18.3 kg
baggage is on conveyor belt-------
---------baggage detected by sensor------------- 
Baggage weighs: 16.81 kg
baggage is on conveyor belt-------
---------baggage detected by sensor------------- 
Baggage weighs: 20.91 kg
baggage is on conveyor belt-------
---------baggage detected by sensor------------- 
Baggage weighs: 21.21 kg
baggage is on conveyor belt-------
---------baggage detected by sensor------------- 
Baggage weighs: 19.69 kg
baggage is on conveyor belt-------
---------baggage detected by sensor------------- 
Baggage weighs: 18.67 kg
baggage is on conveyor belt-------
---------baggage detected by sensor------------- 
Baggage weighs: 19.12 kg
baggage is on conveyor belt-------
---------baggage detected by sensor------------- 
Baggage weighs: 16.42 kg
baggage is on conveyor belt-------
---------baggage detected by sensor------------- 
Baggage weighs: 19.17 kg
baggage is on conveyor belt-------
---------baggage detected by sensor------------- 
Baggage weighs: 19.0 kg
baggage is on conveyor belt-------
---------baggage detected by sensor------------- 
Baggage weighs: 18.78 kg
baggage is on conveyor belt-------
---------baggage detected by sensor------------- 
Baggage weighs: 20.31 kg
baggage is on conveyor belt-------
---------baggage detected by sensor------------- 
Baggage weighs: 21.25 kg
baggage is on conveyor belt-------
---------baggage detected by sensor------------- 
Baggage weighs: 18.87 kg
baggage is on conveyor belt-------
---------baggage detected by sensor------------- 
Baggage weighs: 16.25 kg
baggage is on conveyor belt-------
---------baggage detected by sensor------------- 
Baggage weighs: 19.94 kg
baggage is on conveyor belt-------
---------baggage detected by sensor------------- 
Baggage weighs: 16.88 kg
baggage is on conveyor belt-------
---------baggage detected by sensor------------- 
Baggage weighs: 18.24 kg
baggage is on conveyor belt-------
---------baggage detected by sensor------------- 
Baggage weighs: 17.16 kg
baggage is on conveyor belt-------
---------baggage detected by sensor------------- 
Baggage weighs: 19.34 kg
baggage is on conveyor belt-------
---------baggage detected by sensor------------- 
Baggage weighs: 22.41 kg
baggage is on conveyor belt-------
---------baggage detected by sensor------------- 
Baggage weighs: 20.47 kg
baggage is on conveyor belt-------
---------baggage detected by sensor------------- 
Baggage weighs: 18.81 kg
baggage is on conveyor belt-------
---------baggage detected by sensor------------- 
Baggage weighs: 18.56 kg
baggage is on conveyor belt-------
---------baggage detected by sensor------------- 
Baggage weighs: 17.77 kg
baggage is on conveyor belt-------
---------baggage detected by sensor------------- 
Baggage weighs: 19.32 kg
baggage is on conveyor belt-------
---------baggage detected by sensor------------- 
Baggage weighs: 19.21 kg
baggage is on conveyor belt-------
---------baggage detected by sensor------------- 
Baggage weighs: 19.13 kg
baggage is on conveyor belt-------
---------baggage detected by sensor------------- 
Baggage weighs: 20.39 kg
baggage is on conveyor belt-------
---------baggage detected by sensor------------- 
Baggage weighs: 21.03 kg
baggage is on conveyor belt-------
---------baggage detected by sensor------------- 
Baggage weighs: 20.05 kg
baggage is on conveyor belt-------
---------baggage detected by sensor------------- 
Baggage weighs: 21.92 kg
baggage is on conveyor belt-------
---------baggage detected by sensor------------- 
Baggage weighs: 19.37 kg
baggage is on conveyor belt-------
---------baggage detected by sensor------------- 
Baggage weighs: 20.35 kg
baggage is on conveyor belt-------
---------baggage detected by sensor------------- 
Baggage weighs: 18.73 kg
baggage is on conveyor belt-------
---------baggage detected by sensor------------- 
Baggage weighs: 20.33 kg
baggage is on conveyor belt-------
---------baggage detected by sensor------------- 
Baggage weighs: 22.01 kg
baggage is on conveyor belt-------
---------baggage detected by sensor------------- 
Baggage weighs: 19.27 kg
baggage is on conveyor belt-------
---------baggage detected by sensor------------- 
Baggage weighs: 21.18 kg
baggage is on conveyor belt-------
---------baggage detected by sensor------------- 
Baggage weighs: 17.16 kg
baggage is on conveyor belt-------
---------baggage detected by sensor------------- 
Baggage weighs: 20.04 kg
baggage is on conveyor belt-------
---------baggage detected by sensor------------- 
Baggage weighs: 20.91 kg
baggage is on conveyor belt-------
---------baggage detected by sensor------------- 
Baggage weighs: 20.3 kg
baggage is on conveyor belt-------
---------baggage detected by sensor------------- 
Baggage weighs: 20.38 kg
baggage is on conveyor belt-------
---------baggage detected by sensor------------- 
Baggage weighs: 16.54 kg
baggage is on conveyor belt-------
---------baggage detected by sensor------------- 
Baggage weighs: 18.87 kg
baggage is on conveyor belt-------
---------baggage detected by sensor------------- 
Baggage weighs: 20.22 kg
baggage is on conveyor belt-------
---------baggage detected by sensor------------- 
Baggage weighs: 20.75 kg
baggage is on conveyor belt-------
---------baggage detected by sensor------------- 
Baggage weighs: 17.4 kg
baggage is on conveyor belt-------
---------baggage detected by sensor------------- 
Baggage weighs: 20.27 kg
baggage is on conveyor belt-------
---------baggage detected by sensor------------- 
Baggage weighs: 17.04 kg
baggage is on conveyor belt-------
---------baggage detected by sensor------------- 
Baggage weighs: 19.84 kg
baggage is on conveyor belt-------
---------baggage detected by sensor------------- 
Baggage weighs: 17.34 kg
baggage is on conveyor belt-------
---------baggage detected by sensor------------- 
Baggage weighs: 18.75 kg
baggage is on conveyor belt-------
---------baggage detected by sensor------------- 
Baggage weighs: 19.12 kg
baggage is on conveyor belt-------
---------baggage detected by sensor------------- 
Baggage weighs: 18.29 kg
baggage is on conveyor belt-------
---------baggage detected by sensor------------- 
Baggage weighs: 17.94 kg
baggage is on conveyor belt-------
---------baggage detected by sensor------------- 
Baggage weighs: 19.09 kg
baggage is on conveyor belt-------
---------baggage detected by sensor------------- 
Baggage weighs: 22.39 kg
baggage is on conveyor belt-------
---------baggage detected by sensor------------- 
Baggage weighs: 21.23 kg
baggage is on conveyor belt-------
---------baggage detected by sensor------------- 
Baggage weighs: 17.56 kg
baggage is on conveyor belt-------
---------baggage detected by sensor------------- 
Baggage weighs: 18.37 kg
baggage is on conveyor belt-------
---------baggage detected by sensor------------- 
Baggage weighs: 21.4 kg
baggage is on conveyor belt-------
---------baggage detected by sensor------------- 
Baggage weighs: 20.25 kg
baggage is on conveyor belt-------
---------baggage detected by sensor------------- 
Baggage weighs: 23.0 kg
baggage is on conveyor belt-------
---------baggage detected by sensor------------- 
Baggage weighs: 17.01 kg
baggage is on conveyor belt-------
---------baggage detected by sensor------------- 
Baggage weighs: 17.39 kg
baggage is on conveyor belt-------
---------baggage detected by sensor------------- 
Baggage weighs: 16.7 kg
baggage is on conveyor belt-------
---------baggage detected by sensor------------- 
Baggage weighs: 16.23 kg
baggage is on conveyor belt-------
---------baggage detected by sensor------------- 
Baggage weighs: 19.13 kg
baggage is on conveyor belt-------
---------baggage detected by sensor------------- 
Baggage weighs: 21.07 kg
baggage is on conveyor belt-------
---------baggage detected by sensor------------- 
Baggage weighs: 17.87 kg
baggage is on conveyor belt-------
---------baggage detected by sensor------------- 
Baggage weighs: 19.92 kg
baggage is on conveyor belt-------
---------baggage detected by sensor------------- 
Baggage weighs: 19.22 kg
baggage is on conveyor belt-------
---------baggage detected by sensor------------- 
Baggage weighs: 21.53 kg
baggage is on conveyor belt-------
---------baggage detected by sensor------------- 
Baggage weighs: 20.29 kg
baggage is on conveyor belt-------
---------baggage detected by sensor------------- 
Baggage weighs: 19.32 kg
baggage is on conveyor belt-------
---------baggage detected by sensor------------- 
Baggage weighs: 17.25 kg
baggage is on conveyor belt-------
---------baggage detected by sensor------------- 
Baggage weighs: 21.3 kg
baggage is on conveyor belt-------
---------baggage detected by sensor------------- 
Baggage weighs: 16.79 kg
baggage is on conveyor belt-------
---------baggage detected by sensor------------- 
Baggage weighs: 19.55 kg
baggage is on conveyor belt-------
---------baggage detected by sensor------------- 
Baggage weighs: 18.88 kg
baggage is on conveyor belt-------
---------baggage detected by sensor------------- 
Baggage weighs: 22.33 kg
baggage is on conveyor belt-------
---------baggage detected by sensor------------- 
Baggage weighs: 20.62 kg
baggage is on conveyor belt-------
---------baggage detected by sensor------------- 
Baggage weighs: 19.42 kg
baggage is on conveyor belt-------
---------baggage detected by sensor------------- 
Baggage weighs: 17.54 kg
baggage is on conveyor belt-------
---------baggage detected by sensor------------- 
Baggage weighs: 21.51 kg
baggage is on conveyor belt-------
---------baggage detected by sensor------------- 
Baggage weighs: 19.46 kg
baggage is on conveyor belt-------
---------baggage detected by sensor------------- 
Baggage weighs: 17.83 kg
baggage is on conveyor belt-------
---------baggage detected by sensor------------- 
Baggage weighs: 17.75 kg
baggage is on conveyor belt-------
---------baggage detected by sensor------------- 
Baggage weighs: 17.44 kg
baggage is on conveyor belt-------
---------baggage detected by sensor------------- 
Baggage weighs: 19.53 kg
baggage is on conveyor belt-------
---------baggage detected by sensor------------- 
Baggage weighs: 17.51 kg
baggage is on conveyor belt-------
---------baggage detected by sensor------------- 
Baggage weighs: 18.2 kg
baggage is on conveyor belt-------
---------baggage detected by sensor------------- 
Baggage weighs: 21.55 kg
baggage is on conveyor belt-------
---------baggage detected by sensor------------- 
Baggage weighs: 19.67 kg
baggage is on conveyor belt-------
---------baggage detected by sensor------------- 
Baggage weighs: 19.52 kg
baggage is on conveyor belt-------
---------baggage detected by sensor------------- 
Baggage weighs: 21.06 kg
baggage is on conveyor belt-------
---------baggage detected by sensor------------- 
Baggage weighs: 17.44 kg
baggage is on conveyor belt-------
---------baggage detected by sensor------------- 
Baggage weighs: 19.21 kg
baggage is on conveyor belt-------
---------baggage detected by sensor------------- 
Baggage weighs: 21.65 kg
baggage is on conveyor belt-------
---------baggage detected by sensor------------- 
Baggage weighs: 19.64 kg
baggage is on conveyor belt-------
---------baggage detected by sensor------------- 
Baggage weighs: 21.03 kg
baggage is on conveyor belt-------
---------baggage detected by sensor------------- 
Baggage weighs: 19.76 kg
baggage is on conveyor belt-------
---------baggage detected by sensor------------- 
Baggage weighs: 21.01 kg
baggage is on conveyor belt-------
---------baggage detected by sensor------------- 
Baggage weighs: 19.11 kg
baggage is on conveyor belt-------
---------baggage detected by sensor------------- 
Baggage weighs: 18.54 kg
baggage is on conveyor belt-------
---------baggage detected by sensor------------- 
Baggage weighs: 16.86 kg
baggage is on conveyor belt-------
---------baggage detected by sensor------------- 
Baggage weighs: 16.59 kg
baggage is on conveyor belt-------
---------baggage detected by sensor------------- 
Baggage weighs: 19.26 kg
baggage is on conveyor belt-------
---------baggage detected by sensor------------- 
Baggage weighs: 18.34 kg
baggage is on conveyor belt-------
---------baggage detected by sensor------------- 
Baggage weighs: 19.09 kg
baggage is on conveyor belt-------
---------baggage detected by sensor------------- 
Baggage weighs: 22.38 kg
baggage is on conveyor belt-------
---------baggage detected by sensor------------- 
Baggage weighs: 22.12 kg
baggage is on conveyor belt-------
---------baggage detected by sensor------------- 
Baggage weighs: 16.75 kg
baggage is on conveyor belt-------
---------baggage detected by sensor------------- 
Baggage weighs: 20.36 kg
baggage is on conveyor belt-------
---------baggage detected by sensor------------- 
Baggage weighs: 20.94 kg
baggage is on conveyor belt-------
---------baggage detected by sensor------------- 
Baggage weighs: 19.8 kg
baggage is on conveyor belt-------
---------baggage detected by sensor------------- 
Baggage weighs: 19.12 kg
baggage is on conveyor belt-------
---------baggage detected by sensor------------- 
Baggage weighs: 16.93 kg
baggage is on conveyor belt-------
---------baggage detected by sensor------------- 
Baggage weighs: 20.48 kg
baggage is on conveyor belt-------
---------baggage detected by sensor------------- 
Baggage weighs: 17.63 kg
baggage is on conveyor belt-------
---------baggage detected by sensor------------- 
Baggage weighs: 19.86 kg
baggage is on conveyor belt-------
---------baggage detected by sensor------------- 
Baggage weighs: 19.4 kg
baggage is on conveyor belt-------
---------baggage detected by sensor------------- 
Baggage weighs: 19.0 kg
baggage is on conveyor belt-------
---------baggage detected by sensor------------- 
Baggage weighs: 20.5 kg
baggage is on conveyor belt-------
---------baggage detected by sensor------------- 
Baggage weighs: 21.9 kg
baggage is on conveyor belt-------
---------baggage detected by sensor------------- 
Baggage weighs: 19.82 kg
baggage is on conveyor belt-------
---------baggage detected by sensor------------- 
Baggage weighs: 18.98 kg
baggage is on conveyor belt-------
---------baggage detected by sensor------------- 
Baggage weighs: 19.28 kg
baggage is on conveyor belt-------
---------baggage detected by sensor------------- 
Baggage weighs: 18.06 kg
baggage is on conveyor belt-------
---------baggage detected by sensor------------- 
Baggage weighs: 20.2 kg
baggage is on conveyor belt-------
---------baggage detected by sensor------------- 
Baggage weighs: 19.74 kg
baggage is on conveyor belt-------
---------baggage detected by sensor------------- 
Baggage weighs: 17.44 kg
baggage is on conveyor belt-------
---------baggage detected by sensor------------- 
Baggage weighs: 19.36 kg
baggage is on conveyor belt-------
---------baggage detected by sensor------------- 
Baggage weighs: 20.4 kg
baggage is on conveyor belt-------
---------baggage detected by sensor------------- 
Baggage weighs: 18.92 kg
baggage is on conveyor belt-------
---------baggage detected by sensor------------- 
Baggage weighs: 18.48 kg
baggage is on conveyor belt-------
---------baggage detected by sensor------------- 
Baggage weighs: 17.34 kg
baggage is on conveyor belt-------
---------baggage detected by sensor------------- 
Baggage weighs: 20.57 kg
baggage is on conveyor belt-------
---------baggage detected by sensor------------- 
Baggage weighs: 17.19 kg
baggage is on conveyor belt-------
---------baggage detected by sensor------------- 
Baggage weighs: 18.25 kg
baggage is on conveyor belt-------
---------baggage detected by sensor------------- 
Baggage weighs: 19.29 kg
baggage is on conveyor belt-------
---------baggage detected by sensor------------- 
Baggage weighs: 16.86 kg
baggage is on conveyor belt-------
---------baggage detected by sensor------------- 
Baggage weighs: 19.34 kg
baggage is on conveyor belt-------
---------baggage detected by sensor------------- 
Baggage weighs: 19.32 kg
baggage is on conveyor belt-------
---------baggage detected by sensor------------- 
Baggage weighs: 18.15 kg
baggage is on conveyor belt-------
---------baggage detected by sensor------------- 
Baggage weighs: 18.98 kg
baggage is on conveyor belt-------
---------baggage detected by sensor------------- 
Baggage weighs: 21.84 kg
baggage is on conveyor belt-------
---------baggage detected by sensor------------- 
Baggage weighs: 20.53 kg
baggage is on conveyor belt-------
---------baggage detected by sensor------------- 
Baggage weighs: 20.62 kg
baggage is on conveyor belt-------
---------baggage detected by sensor------------- 
Baggage weighs: 20.7 kg
baggage is on conveyor belt-------
---------baggage detected by sensor------------- 
Baggage weighs: 19.64 kg
baggage is on conveyor belt-------
---------baggage detected by sensor------------- 
Baggage weighs: 16.11 kg
baggage is on conveyor belt-------
---------baggage detected by sensor------------- 
Baggage weighs: 22.24 kg
baggage is on conveyor belt-------
---------baggage detected by sensor------------- 
Baggage weighs: 21.47 kg
baggage is on conveyor belt-------
---------baggage detected by sensor------------- 
Baggage weighs: 20.73 kg
baggage is on conveyor belt-------
---------baggage detected by sensor------------- 
Baggage weighs: 19.51 kg
baggage is on conveyor belt-------
---------baggage detected by sensor------------- 
Baggage weighs: 20.11 kg
baggage is on conveyor belt-------
---------baggage detected by sensor------------- 
Baggage weighs: 20.36 kg
baggage is on conveyor belt-------
---------baggage detected by sensor------------- 
Baggage weighs: 18.84 kg
baggage is on conveyor belt-------
---------baggage detected by sensor------------- 
Baggage weighs: 22.61 kg
baggage is on conveyor belt-------
---------baggage detected by sensor------------- 
Baggage weighs: 20.07 kg
baggage is on conveyor belt-------
---------baggage detected by sensor------------- 
Baggage weighs: 20.28 kg
baggage is on conveyor belt-------
---------baggage detected by sensor------------- 
Baggage weighs: 17.9 kg
baggage is on conveyor belt-------
---------baggage detected by sensor------------- 
Baggage weighs: 18.13 kg
baggage is on conveyor belt-------
---------baggage detected by sensor------------- 
Baggage weighs: 18.32 kg
baggage is on conveyor belt-------
---------baggage detected by sensor------------- 
Baggage weighs: 19.3 kg
baggage is on conveyor belt-------
---------baggage detected by sensor------------- 
Baggage weighs: 21.34 kg
baggage is on conveyor belt-------
---------baggage detected by sensor------------- 
Baggage weighs: 19.74 kg
baggage is on conveyor belt-------
---------baggage detected by sensor------------- 
Baggage weighs: 18.46 kg
baggage is on conveyor belt-------
---------baggage detected by sensor------------- 
Baggage weighs: 19.49 kg
baggage is on conveyor belt-------
---------baggage detected by sensor------------- 
Baggage weighs: 17.97 kg
baggage is on conveyor belt-------
---------baggage detected by sensor------------- 
Baggage weighs: 21.32 kg
Seat with ID: 34K has been reserved for you!

BOARDING PASS FOR DARELL BARKER
-----------------------------------------------------------------------------
LUFTHANSA                      qgk4nvt29ppcwev /  Darell Barker
Darell Barker                                     /  qgk4nvt29ppcwev
FRA   LH2121   E  30.Oct                       /  FRA
HKG                                            /  HKG
SEAT ID: 34K                                   /  LH2121 E 30.Oct
SEQ: 179                                      / GATE: A05   22:00
MAX 1  HANDLUGGAGE/ LUGGAGE
-----------------------------------------------------------------------------
sorry Darell Barker we have no voucher for you! Have a nice day!

---------------------------------------------------------------------------------------------------------------
scanning passport with passport id: V0Q6W1S8D
searching for ticket in fast bag drop database..............
Ticket found for Murray Mclaughlin and Flight LH2121
----searching flight seat for Murray Mclaughlin---------
Found a seat with ID 35A
Below details were found in database
------------------------------------------
Name: Murray Mclaughlin
Flight ID: LH2121
Source: FRA
Destination: HKG
Gate No: A05
Boarding time: 22:00
Ticket ID: x4xi2k1ke4qt62o
Booking Class: E
------------------------------------------

Proceed with check-in for flight LH2121 ?
Type YES to CHECK-IN or NO to cancel CHECK-IN
Murray Mclaughlin is deciding whether to check-in or to go back home and sleep............
YES CHECK-IN
Checking you in...............
baggage is on conveyor belt-------
---------baggage detected by sensor------------- 
Baggage weighs: 21.58 kg
baggage is on conveyor belt-------
---------baggage detected by sensor------------- 
Baggage weighs: 20.43 kg
baggage is on conveyor belt-------
---------baggage detected by sensor------------- 
Baggage weighs: 18.47 kg
baggage is on conveyor belt-------
---------baggage detected by sensor------------- 
Baggage weighs: 17.86 kg
baggage is on conveyor belt-------
---------baggage detected by sensor------------- 
Baggage weighs: 18.65 kg
baggage is on conveyor belt-------
---------baggage detected by sensor------------- 
Baggage weighs: 19.27 kg
baggage is on conveyor belt-------
---------baggage detected by sensor------------- 
Baggage weighs: 17.42 kg
baggage is on conveyor belt-------
---------baggage detected by sensor------------- 
Baggage weighs: 19.16 kg
baggage is on conveyor belt-------
---------baggage detected by sensor------------- 
Baggage weighs: 19.52 kg
baggage is on conveyor belt-------
---------baggage detected by sensor------------- 
Baggage weighs: 17.51 kg
baggage is on conveyor belt-------
---------baggage detected by sensor------------- 
Baggage weighs: 17.38 kg
baggage is on conveyor belt-------
---------baggage detected by sensor------------- 
Baggage weighs: 18.67 kg
baggage is on conveyor belt-------
---------baggage detected by sensor------------- 
Baggage weighs: 16.98 kg
baggage is on conveyor belt-------
---------baggage detected by sensor------------- 
Baggage weighs: 21.26 kg
baggage is on conveyor belt-------
---------baggage detected by sensor------------- 
Baggage weighs: 18.3 kg
baggage is on conveyor belt-------
---------baggage detected by sensor------------- 
Baggage weighs: 16.81 kg
baggage is on conveyor belt-------
---------baggage detected by sensor------------- 
Baggage weighs: 20.91 kg
baggage is on conveyor belt-------
---------baggage detected by sensor------------- 
Baggage weighs: 21.21 kg
baggage is on conveyor belt-------
---------baggage detected by sensor------------- 
Baggage weighs: 19.69 kg
baggage is on conveyor belt-------
---------baggage detected by sensor------------- 
Baggage weighs: 18.67 kg
baggage is on conveyor belt-------
---------baggage detected by sensor------------- 
Baggage weighs: 19.12 kg
baggage is on conveyor belt-------
---------baggage detected by sensor------------- 
Baggage weighs: 16.42 kg
baggage is on conveyor belt-------
---------baggage detected by sensor------------- 
Baggage weighs: 19.17 kg
baggage is on conveyor belt-------
---------baggage detected by sensor------------- 
Baggage weighs: 19.0 kg
baggage is on conveyor belt-------
---------baggage detected by sensor------------- 
Baggage weighs: 18.78 kg
baggage is on conveyor belt-------
---------baggage detected by sensor------------- 
Baggage weighs: 20.31 kg
baggage is on conveyor belt-------
---------baggage detected by sensor------------- 
Baggage weighs: 21.25 kg
baggage is on conveyor belt-------
---------baggage detected by sensor------------- 
Baggage weighs: 18.87 kg
baggage is on conveyor belt-------
---------baggage detected by sensor------------- 
Baggage weighs: 16.25 kg
baggage is on conveyor belt-------
---------baggage detected by sensor------------- 
Baggage weighs: 19.94 kg
baggage is on conveyor belt-------
---------baggage detected by sensor------------- 
Baggage weighs: 16.88 kg
baggage is on conveyor belt-------
---------baggage detected by sensor------------- 
Baggage weighs: 18.24 kg
baggage is on conveyor belt-------
---------baggage detected by sensor------------- 
Baggage weighs: 17.16 kg
baggage is on conveyor belt-------
---------baggage detected by sensor------------- 
Baggage weighs: 19.34 kg
baggage is on conveyor belt-------
---------baggage detected by sensor------------- 
Baggage weighs: 22.41 kg
baggage is on conveyor belt-------
---------baggage detected by sensor------------- 
Baggage weighs: 20.47 kg
baggage is on conveyor belt-------
---------baggage detected by sensor------------- 
Baggage weighs: 18.81 kg
baggage is on conveyor belt-------
---------baggage detected by sensor------------- 
Baggage weighs: 18.56 kg
baggage is on conveyor belt-------
---------baggage detected by sensor------------- 
Baggage weighs: 17.77 kg
baggage is on conveyor belt-------
---------baggage detected by sensor------------- 
Baggage weighs: 19.32 kg
baggage is on conveyor belt-------
---------baggage detected by sensor------------- 
Baggage weighs: 19.21 kg
baggage is on conveyor belt-------
---------baggage detected by sensor------------- 
Baggage weighs: 19.13 kg
baggage is on conveyor belt-------
---------baggage detected by sensor------------- 
Baggage weighs: 20.39 kg
baggage is on conveyor belt-------
---------baggage detected by sensor------------- 
Baggage weighs: 21.03 kg
baggage is on conveyor belt-------
---------baggage detected by sensor------------- 
Baggage weighs: 20.05 kg
baggage is on conveyor belt-------
---------baggage detected by sensor------------- 
Baggage weighs: 21.92 kg
baggage is on conveyor belt-------
---------baggage detected by sensor------------- 
Baggage weighs: 19.37 kg
baggage is on conveyor belt-------
---------baggage detected by sensor------------- 
Baggage weighs: 20.35 kg
baggage is on conveyor belt-------
---------baggage detected by sensor------------- 
Baggage weighs: 18.73 kg
baggage is on conveyor belt-------
---------baggage detected by sensor------------- 
Baggage weighs: 20.33 kg
baggage is on conveyor belt-------
---------baggage detected by sensor------------- 
Baggage weighs: 22.01 kg
baggage is on conveyor belt-------
---------baggage detected by sensor------------- 
Baggage weighs: 19.27 kg
baggage is on conveyor belt-------
---------baggage detected by sensor------------- 
Baggage weighs: 21.18 kg
baggage is on conveyor belt-------
---------baggage detected by sensor------------- 
Baggage weighs: 17.16 kg
baggage is on conveyor belt-------
---------baggage detected by sensor------------- 
Baggage weighs: 20.04 kg
baggage is on conveyor belt-------
---------baggage detected by sensor------------- 
Baggage weighs: 20.91 kg
baggage is on conveyor belt-------
---------baggage detected by sensor------------- 
Baggage weighs: 20.3 kg
baggage is on conveyor belt-------
---------baggage detected by sensor------------- 
Baggage weighs: 20.38 kg
baggage is on conveyor belt-------
---------baggage detected by sensor------------- 
Baggage weighs: 16.54 kg
baggage is on conveyor belt-------
---------baggage detected by sensor------------- 
Baggage weighs: 18.87 kg
baggage is on conveyor belt-------
---------baggage detected by sensor------------- 
Baggage weighs: 20.22 kg
baggage is on conveyor belt-------
---------baggage detected by sensor------------- 
Baggage weighs: 20.75 kg
baggage is on conveyor belt-------
---------baggage detected by sensor------------- 
Baggage weighs: 17.4 kg
baggage is on conveyor belt-------
---------baggage detected by sensor------------- 
Baggage weighs: 20.27 kg
baggage is on conveyor belt-------
---------baggage detected by sensor------------- 
Baggage weighs: 17.04 kg
baggage is on conveyor belt-------
---------baggage detected by sensor------------- 
Baggage weighs: 19.84 kg
baggage is on conveyor belt-------
---------baggage detected by sensor------------- 
Baggage weighs: 17.34 kg
baggage is on conveyor belt-------
---------baggage detected by sensor------------- 
Baggage weighs: 18.75 kg
baggage is on conveyor belt-------
---------baggage detected by sensor------------- 
Baggage weighs: 19.12 kg
baggage is on conveyor belt-------
---------baggage detected by sensor------------- 
Baggage weighs: 18.29 kg
baggage is on conveyor belt-------
---------baggage detected by sensor------------- 
Baggage weighs: 17.94 kg
baggage is on conveyor belt-------
---------baggage detected by sensor------------- 
Baggage weighs: 19.09 kg
baggage is on conveyor belt-------
---------baggage detected by sensor------------- 
Baggage weighs: 22.39 kg
baggage is on conveyor belt-------
---------baggage detected by sensor------------- 
Baggage weighs: 21.23 kg
baggage is on conveyor belt-------
---------baggage detected by sensor------------- 
Baggage weighs: 17.56 kg
baggage is on conveyor belt-------
---------baggage detected by sensor------------- 
Baggage weighs: 18.37 kg
baggage is on conveyor belt-------
---------baggage detected by sensor------------- 
Baggage weighs: 21.4 kg
baggage is on conveyor belt-------
---------baggage detected by sensor------------- 
Baggage weighs: 20.25 kg
baggage is on conveyor belt-------
---------baggage detected by sensor------------- 
Baggage weighs: 23.0 kg
baggage is on conveyor belt-------
---------baggage detected by sensor------------- 
Baggage weighs: 17.01 kg
baggage is on conveyor belt-------
---------baggage detected by sensor------------- 
Baggage weighs: 17.39 kg
baggage is on conveyor belt-------
---------baggage detected by sensor------------- 
Baggage weighs: 16.7 kg
baggage is on conveyor belt-------
---------baggage detected by sensor------------- 
Baggage weighs: 16.23 kg
baggage is on conveyor belt-------
---------baggage detected by sensor------------- 
Baggage weighs: 19.13 kg
baggage is on conveyor belt-------
---------baggage detected by sensor------------- 
Baggage weighs: 21.07 kg
baggage is on conveyor belt-------
---------baggage detected by sensor------------- 
Baggage weighs: 17.87 kg
baggage is on conveyor belt-------
---------baggage detected by sensor------------- 
Baggage weighs: 19.92 kg
baggage is on conveyor belt-------
---------baggage detected by sensor------------- 
Baggage weighs: 19.22 kg
baggage is on conveyor belt-------
---------baggage detected by sensor------------- 
Baggage weighs: 21.53 kg
baggage is on conveyor belt-------
---------baggage detected by sensor------------- 
Baggage weighs: 20.29 kg
baggage is on conveyor belt-------
---------baggage detected by sensor------------- 
Baggage weighs: 19.32 kg
baggage is on conveyor belt-------
---------baggage detected by sensor------------- 
Baggage weighs: 17.25 kg
baggage is on conveyor belt-------
---------baggage detected by sensor------------- 
Baggage weighs: 21.3 kg
baggage is on conveyor belt-------
---------baggage detected by sensor------------- 
Baggage weighs: 16.79 kg
baggage is on conveyor belt-------
---------baggage detected by sensor------------- 
Baggage weighs: 19.55 kg
baggage is on conveyor belt-------
---------baggage detected by sensor------------- 
Baggage weighs: 18.88 kg
baggage is on conveyor belt-------
---------baggage detected by sensor------------- 
Baggage weighs: 22.33 kg
baggage is on conveyor belt-------
---------baggage detected by sensor------------- 
Baggage weighs: 20.62 kg
baggage is on conveyor belt-------
---------baggage detected by sensor------------- 
Baggage weighs: 19.42 kg
baggage is on conveyor belt-------
---------baggage detected by sensor------------- 
Baggage weighs: 17.54 kg
baggage is on conveyor belt-------
---------baggage detected by sensor------------- 
Baggage weighs: 21.51 kg
baggage is on conveyor belt-------
---------baggage detected by sensor------------- 
Baggage weighs: 19.46 kg
baggage is on conveyor belt-------
---------baggage detected by sensor------------- 
Baggage weighs: 17.83 kg
baggage is on conveyor belt-------
---------baggage detected by sensor------------- 
Baggage weighs: 17.75 kg
baggage is on conveyor belt-------
---------baggage detected by sensor------------- 
Baggage weighs: 17.44 kg
baggage is on conveyor belt-------
---------baggage detected by sensor------------- 
Baggage weighs: 19.53 kg
baggage is on conveyor belt-------
---------baggage detected by sensor------------- 
Baggage weighs: 17.51 kg
baggage is on conveyor belt-------
---------baggage detected by sensor------------- 
Baggage weighs: 18.2 kg
baggage is on conveyor belt-------
---------baggage detected by sensor------------- 
Baggage weighs: 21.55 kg
baggage is on conveyor belt-------
---------baggage detected by sensor------------- 
Baggage weighs: 19.67 kg
baggage is on conveyor belt-------
---------baggage detected by sensor------------- 
Baggage weighs: 19.52 kg
baggage is on conveyor belt-------
---------baggage detected by sensor------------- 
Baggage weighs: 21.06 kg
baggage is on conveyor belt-------
---------baggage detected by sensor------------- 
Baggage weighs: 17.44 kg
baggage is on conveyor belt-------
---------baggage detected by sensor------------- 
Baggage weighs: 19.21 kg
baggage is on conveyor belt-------
---------baggage detected by sensor------------- 
Baggage weighs: 21.65 kg
baggage is on conveyor belt-------
---------baggage detected by sensor------------- 
Baggage weighs: 19.64 kg
baggage is on conveyor belt-------
---------baggage detected by sensor------------- 
Baggage weighs: 21.03 kg
baggage is on conveyor belt-------
---------baggage detected by sensor------------- 
Baggage weighs: 19.76 kg
baggage is on conveyor belt-------
---------baggage detected by sensor------------- 
Baggage weighs: 21.01 kg
baggage is on conveyor belt-------
---------baggage detected by sensor------------- 
Baggage weighs: 19.11 kg
baggage is on conveyor belt-------
---------baggage detected by sensor------------- 
Baggage weighs: 18.54 kg
baggage is on conveyor belt-------
---------baggage detected by sensor------------- 
Baggage weighs: 16.86 kg
baggage is on conveyor belt-------
---------baggage detected by sensor------------- 
Baggage weighs: 16.59 kg
baggage is on conveyor belt-------
---------baggage detected by sensor------------- 
Baggage weighs: 19.26 kg
baggage is on conveyor belt-------
---------baggage detected by sensor------------- 
Baggage weighs: 18.34 kg
baggage is on conveyor belt-------
---------baggage detected by sensor------------- 
Baggage weighs: 19.09 kg
baggage is on conveyor belt-------
---------baggage detected by sensor------------- 
Baggage weighs: 22.38 kg
baggage is on conveyor belt-------
---------baggage detected by sensor------------- 
Baggage weighs: 22.12 kg
baggage is on conveyor belt-------
---------baggage detected by sensor------------- 
Baggage weighs: 16.75 kg
baggage is on conveyor belt-------
---------baggage detected by sensor------------- 
Baggage weighs: 20.36 kg
baggage is on conveyor belt-------
---------baggage detected by sensor------------- 
Baggage weighs: 20.94 kg
baggage is on conveyor belt-------
---------baggage detected by sensor------------- 
Baggage weighs: 19.8 kg
baggage is on conveyor belt-------
---------baggage detected by sensor------------- 
Baggage weighs: 19.12 kg
baggage is on conveyor belt-------
---------baggage detected by sensor------------- 
Baggage weighs: 16.93 kg
baggage is on conveyor belt-------
---------baggage detected by sensor------------- 
Baggage weighs: 20.48 kg
baggage is on conveyor belt-------
---------baggage detected by sensor------------- 
Baggage weighs: 17.63 kg
baggage is on conveyor belt-------
---------baggage detected by sensor------------- 
Baggage weighs: 19.86 kg
baggage is on conveyor belt-------
---------baggage detected by sensor------------- 
Baggage weighs: 19.4 kg
baggage is on conveyor belt-------
---------baggage detected by sensor------------- 
Baggage weighs: 19.0 kg
baggage is on conveyor belt-------
---------baggage detected by sensor------------- 
Baggage weighs: 20.5 kg
baggage is on conveyor belt-------
---------baggage detected by sensor------------- 
Baggage weighs: 21.9 kg
baggage is on conveyor belt-------
---------baggage detected by sensor------------- 
Baggage weighs: 19.82 kg
baggage is on conveyor belt-------
---------baggage detected by sensor------------- 
Baggage weighs: 18.98 kg
baggage is on conveyor belt-------
---------baggage detected by sensor------------- 
Baggage weighs: 19.28 kg
baggage is on conveyor belt-------
---------baggage detected by sensor------------- 
Baggage weighs: 18.06 kg
baggage is on conveyor belt-------
---------baggage detected by sensor------------- 
Baggage weighs: 20.2 kg
baggage is on conveyor belt-------
---------baggage detected by sensor------------- 
Baggage weighs: 19.74 kg
baggage is on conveyor belt-------
---------baggage detected by sensor------------- 
Baggage weighs: 17.44 kg
baggage is on conveyor belt-------
---------baggage detected by sensor------------- 
Baggage weighs: 19.36 kg
baggage is on conveyor belt-------
---------baggage detected by sensor------------- 
Baggage weighs: 20.4 kg
baggage is on conveyor belt-------
---------baggage detected by sensor------------- 
Baggage weighs: 18.92 kg
baggage is on conveyor belt-------
---------baggage detected by sensor------------- 
Baggage weighs: 18.48 kg
baggage is on conveyor belt-------
---------baggage detected by sensor------------- 
Baggage weighs: 17.34 kg
baggage is on conveyor belt-------
---------baggage detected by sensor------------- 
Baggage weighs: 20.57 kg
baggage is on conveyor belt-------
---------baggage detected by sensor------------- 
Baggage weighs: 17.19 kg
baggage is on conveyor belt-------
---------baggage detected by sensor------------- 
Baggage weighs: 18.25 kg
baggage is on conveyor belt-------
---------baggage detected by sensor------------- 
Baggage weighs: 19.29 kg
baggage is on conveyor belt-------
---------baggage detected by sensor------------- 
Baggage weighs: 16.86 kg
baggage is on conveyor belt-------
---------baggage detected by sensor------------- 
Baggage weighs: 19.34 kg
baggage is on conveyor belt-------
---------baggage detected by sensor------------- 
Baggage weighs: 19.32 kg
baggage is on conveyor belt-------
---------baggage detected by sensor------------- 
Baggage weighs: 18.15 kg
baggage is on conveyor belt-------
---------baggage detected by sensor------------- 
Baggage weighs: 18.98 kg
baggage is on conveyor belt-------
---------baggage detected by sensor------------- 
Baggage weighs: 21.84 kg
baggage is on conveyor belt-------
---------baggage detected by sensor------------- 
Baggage weighs: 20.53 kg
baggage is on conveyor belt-------
---------baggage detected by sensor------------- 
Baggage weighs: 20.62 kg
baggage is on conveyor belt-------
---------baggage detected by sensor------------- 
Baggage weighs: 20.7 kg
baggage is on conveyor belt-------
---------baggage detected by sensor------------- 
Baggage weighs: 19.64 kg
baggage is on conveyor belt-------
---------baggage detected by sensor------------- 
Baggage weighs: 16.11 kg
baggage is on conveyor belt-------
---------baggage detected by sensor------------- 
Baggage weighs: 22.24 kg
baggage is on conveyor belt-------
---------baggage detected by sensor------------- 
Baggage weighs: 21.47 kg
baggage is on conveyor belt-------
---------baggage detected by sensor------------- 
Baggage weighs: 20.73 kg
baggage is on conveyor belt-------
---------baggage detected by sensor------------- 
Baggage weighs: 19.51 kg
baggage is on conveyor belt-------
---------baggage detected by sensor------------- 
Baggage weighs: 20.11 kg
baggage is on conveyor belt-------
---------baggage detected by sensor------------- 
Baggage weighs: 20.36 kg
baggage is on conveyor belt-------
---------baggage detected by sensor------------- 
Baggage weighs: 18.84 kg
baggage is on conveyor belt-------
---------baggage detected by sensor------------- 
Baggage weighs: 22.61 kg
baggage is on conveyor belt-------
---------baggage detected by sensor------------- 
Baggage weighs: 20.07 kg
baggage is on conveyor belt-------
---------baggage detected by sensor------------- 
Baggage weighs: 20.28 kg
baggage is on conveyor belt-------
---------baggage detected by sensor------------- 
Baggage weighs: 17.9 kg
baggage is on conveyor belt-------
---------baggage detected by sensor------------- 
Baggage weighs: 18.13 kg
baggage is on conveyor belt-------
---------baggage detected by sensor------------- 
Baggage weighs: 18.32 kg
baggage is on conveyor belt-------
---------baggage detected by sensor------------- 
Baggage weighs: 19.3 kg
baggage is on conveyor belt-------
---------baggage detected by sensor------------- 
Baggage weighs: 21.34 kg
baggage is on conveyor belt-------
---------baggage detected by sensor------------- 
Baggage weighs: 19.74 kg
baggage is on conveyor belt-------
---------baggage detected by sensor------------- 
Baggage weighs: 18.46 kg
baggage is on conveyor belt-------
---------baggage detected by sensor------------- 
Baggage weighs: 19.49 kg
baggage is on conveyor belt-------
---------baggage detected by sensor------------- 
Baggage weighs: 17.97 kg
baggage is on conveyor belt-------
---------baggage detected by sensor------------- 
Baggage weighs: 21.32 kg
baggage is on conveyor belt-------
---------baggage detected by sensor------------- 
Baggage weighs: 16.41 kg
Seat with ID: 35A has been reserved for you!

BOARDING PASS FOR MURRAY MCLAUGHLIN
-----------------------------------------------------------------------------
LUFTHANSA                      x4xi2k1ke4qt62o /  Murray Mclaughlin
Murray Mclaughlin                                     /  x4xi2k1ke4qt62o
FRA   LH2121   E  30.Oct                       /  FRA
HKG                                            /  HKG
SEAT ID: 35A                                   /  LH2121 E 30.Oct
SEQ: 180                                      / GATE: A05   22:00
MAX 1  HANDLUGGAGE/ LUGGAGE
-----------------------------------------------------------------------------
sorry Murray Mclaughlin we have no voucher for you! Have a nice day!

---------------------------------------------------------------------------------------------------------------
scanning passport with passport id: NPMJ50Q7H
searching for ticket in fast bag drop database..............
Ticket found for Bonnie Wise and Flight LH2121
----searching flight seat for Bonnie Wise---------
Found a seat with ID 35B
Below details were found in database
------------------------------------------
Name: Bonnie Wise
Flight ID: LH2121
Source: FRA
Destination: HKG
Gate No: A05
Boarding time: 22:00
Ticket ID: 8dsr5tckmjaqj3y
Booking Class: E
------------------------------------------

Proceed with check-in for flight LH2121 ?
Type YES to CHECK-IN or NO to cancel CHECK-IN
Bonnie Wise is deciding whether to check-in or to go back home and sleep............
YES CHECK-IN
Checking you in...............
baggage is on conveyor belt-------
---------baggage detected by sensor------------- 
Baggage weighs: 21.58 kg
baggage is on conveyor belt-------
---------baggage detected by sensor------------- 
Baggage weighs: 20.43 kg
baggage is on conveyor belt-------
---------baggage detected by sensor------------- 
Baggage weighs: 18.47 kg
baggage is on conveyor belt-------
---------baggage detected by sensor------------- 
Baggage weighs: 17.86 kg
baggage is on conveyor belt-------
---------baggage detected by sensor------------- 
Baggage weighs: 18.65 kg
baggage is on conveyor belt-------
---------baggage detected by sensor------------- 
Baggage weighs: 19.27 kg
baggage is on conveyor belt-------
---------baggage detected by sensor------------- 
Baggage weighs: 17.42 kg
baggage is on conveyor belt-------
---------baggage detected by sensor------------- 
Baggage weighs: 19.16 kg
baggage is on conveyor belt-------
---------baggage detected by sensor------------- 
Baggage weighs: 19.52 kg
baggage is on conveyor belt-------
---------baggage detected by sensor------------- 
Baggage weighs: 17.51 kg
baggage is on conveyor belt-------
---------baggage detected by sensor------------- 
Baggage weighs: 17.38 kg
baggage is on conveyor belt-------
---------baggage detected by sensor------------- 
Baggage weighs: 18.67 kg
baggage is on conveyor belt-------
---------baggage detected by sensor------------- 
Baggage weighs: 16.98 kg
baggage is on conveyor belt-------
---------baggage detected by sensor------------- 
Baggage weighs: 21.26 kg
baggage is on conveyor belt-------
---------baggage detected by sensor------------- 
Baggage weighs: 18.3 kg
baggage is on conveyor belt-------
---------baggage detected by sensor------------- 
Baggage weighs: 16.81 kg
baggage is on conveyor belt-------
---------baggage detected by sensor------------- 
Baggage weighs: 20.91 kg
baggage is on conveyor belt-------
---------baggage detected by sensor------------- 
Baggage weighs: 21.21 kg
baggage is on conveyor belt-------
---------baggage detected by sensor------------- 
Baggage weighs: 19.69 kg
baggage is on conveyor belt-------
---------baggage detected by sensor------------- 
Baggage weighs: 18.67 kg
baggage is on conveyor belt-------
---------baggage detected by sensor------------- 
Baggage weighs: 19.12 kg
baggage is on conveyor belt-------
---------baggage detected by sensor------------- 
Baggage weighs: 16.42 kg
baggage is on conveyor belt-------
---------baggage detected by sensor------------- 
Baggage weighs: 19.17 kg
baggage is on conveyor belt-------
---------baggage detected by sensor------------- 
Baggage weighs: 19.0 kg
baggage is on conveyor belt-------
---------baggage detected by sensor------------- 
Baggage weighs: 18.78 kg
baggage is on conveyor belt-------
---------baggage detected by sensor------------- 
Baggage weighs: 20.31 kg
baggage is on conveyor belt-------
---------baggage detected by sensor------------- 
Baggage weighs: 21.25 kg
baggage is on conveyor belt-------
---------baggage detected by sensor------------- 
Baggage weighs: 18.87 kg
baggage is on conveyor belt-------
---------baggage detected by sensor------------- 
Baggage weighs: 16.25 kg
baggage is on conveyor belt-------
---------baggage detected by sensor------------- 
Baggage weighs: 19.94 kg
baggage is on conveyor belt-------
---------baggage detected by sensor------------- 
Baggage weighs: 16.88 kg
baggage is on conveyor belt-------
---------baggage detected by sensor------------- 
Baggage weighs: 18.24 kg
baggage is on conveyor belt-------
---------baggage detected by sensor------------- 
Baggage weighs: 17.16 kg
baggage is on conveyor belt-------
---------baggage detected by sensor------------- 
Baggage weighs: 19.34 kg
baggage is on conveyor belt-------
---------baggage detected by sensor------------- 
Baggage weighs: 22.41 kg
baggage is on conveyor belt-------
---------baggage detected by sensor------------- 
Baggage weighs: 20.47 kg
baggage is on conveyor belt-------
---------baggage detected by sensor------------- 
Baggage weighs: 18.81 kg
baggage is on conveyor belt-------
---------baggage detected by sensor------------- 
Baggage weighs: 18.56 kg
baggage is on conveyor belt-------
---------baggage detected by sensor------------- 
Baggage weighs: 17.77 kg
baggage is on conveyor belt-------
---------baggage detected by sensor------------- 
Baggage weighs: 19.32 kg
baggage is on conveyor belt-------
---------baggage detected by sensor------------- 
Baggage weighs: 19.21 kg
baggage is on conveyor belt-------
---------baggage detected by sensor------------- 
Baggage weighs: 19.13 kg
baggage is on conveyor belt-------
---------baggage detected by sensor------------- 
Baggage weighs: 20.39 kg
baggage is on conveyor belt-------
---------baggage detected by sensor------------- 
Baggage weighs: 21.03 kg
baggage is on conveyor belt-------
---------baggage detected by sensor------------- 
Baggage weighs: 20.05 kg
baggage is on conveyor belt-------
---------baggage detected by sensor------------- 
Baggage weighs: 21.92 kg
baggage is on conveyor belt-------
---------baggage detected by sensor------------- 
Baggage weighs: 19.37 kg
baggage is on conveyor belt-------
---------baggage detected by sensor------------- 
Baggage weighs: 20.35 kg
baggage is on conveyor belt-------
---------baggage detected by sensor------------- 
Baggage weighs: 18.73 kg
baggage is on conveyor belt-------
---------baggage detected by sensor------------- 
Baggage weighs: 20.33 kg
baggage is on conveyor belt-------
---------baggage detected by sensor------------- 
Baggage weighs: 22.01 kg
baggage is on conveyor belt-------
---------baggage detected by sensor------------- 
Baggage weighs: 19.27 kg
baggage is on conveyor belt-------
---------baggage detected by sensor------------- 
Baggage weighs: 21.18 kg
baggage is on conveyor belt-------
---------baggage detected by sensor------------- 
Baggage weighs: 17.16 kg
baggage is on conveyor belt-------
---------baggage detected by sensor------------- 
Baggage weighs: 20.04 kg
baggage is on conveyor belt-------
---------baggage detected by sensor------------- 
Baggage weighs: 20.91 kg
baggage is on conveyor belt-------
---------baggage detected by sensor------------- 
Baggage weighs: 20.3 kg
baggage is on conveyor belt-------
---------baggage detected by sensor------------- 
Baggage weighs: 20.38 kg
baggage is on conveyor belt-------
---------baggage detected by sensor------------- 
Baggage weighs: 16.54 kg
baggage is on conveyor belt-------
---------baggage detected by sensor------------- 
Baggage weighs: 18.87 kg
baggage is on conveyor belt-------
---------baggage detected by sensor------------- 
Baggage weighs: 20.22 kg
baggage is on conveyor belt-------
---------baggage detected by sensor------------- 
Baggage weighs: 20.75 kg
baggage is on conveyor belt-------
---------baggage detected by sensor------------- 
Baggage weighs: 17.4 kg
baggage is on conveyor belt-------
---------baggage detected by sensor------------- 
Baggage weighs: 20.27 kg
baggage is on conveyor belt-------
---------baggage detected by sensor------------- 
Baggage weighs: 17.04 kg
baggage is on conveyor belt-------
---------baggage detected by sensor------------- 
Baggage weighs: 19.84 kg
baggage is on conveyor belt-------
---------baggage detected by sensor------------- 
Baggage weighs: 17.34 kg
baggage is on conveyor belt-------
---------baggage detected by sensor------------- 
Baggage weighs: 18.75 kg
baggage is on conveyor belt-------
---------baggage detected by sensor------------- 
Baggage weighs: 19.12 kg
baggage is on conveyor belt-------
---------baggage detected by sensor------------- 
Baggage weighs: 18.29 kg
baggage is on conveyor belt-------
---------baggage detected by sensor------------- 
Baggage weighs: 17.94 kg
baggage is on conveyor belt-------
---------baggage detected by sensor------------- 
Baggage weighs: 19.09 kg
baggage is on conveyor belt-------
---------baggage detected by sensor------------- 
Baggage weighs: 22.39 kg
baggage is on conveyor belt-------
---------baggage detected by sensor------------- 
Baggage weighs: 21.23 kg
baggage is on conveyor belt-------
---------baggage detected by sensor------------- 
Baggage weighs: 17.56 kg
baggage is on conveyor belt-------
---------baggage detected by sensor------------- 
Baggage weighs: 18.37 kg
baggage is on conveyor belt-------
---------baggage detected by sensor------------- 
Baggage weighs: 21.4 kg
baggage is on conveyor belt-------
---------baggage detected by sensor------------- 
Baggage weighs: 20.25 kg
baggage is on conveyor belt-------
---------baggage detected by sensor------------- 
Baggage weighs: 23.0 kg
baggage is on conveyor belt-------
---------baggage detected by sensor------------- 
Baggage weighs: 17.01 kg
baggage is on conveyor belt-------
---------baggage detected by sensor------------- 
Baggage weighs: 17.39 kg
baggage is on conveyor belt-------
---------baggage detected by sensor------------- 
Baggage weighs: 16.7 kg
baggage is on conveyor belt-------
---------baggage detected by sensor------------- 
Baggage weighs: 16.23 kg
baggage is on conveyor belt-------
---------baggage detected by sensor------------- 
Baggage weighs: 19.13 kg
baggage is on conveyor belt-------
---------baggage detected by sensor------------- 
Baggage weighs: 21.07 kg
baggage is on conveyor belt-------
---------baggage detected by sensor------------- 
Baggage weighs: 17.87 kg
baggage is on conveyor belt-------
---------baggage detected by sensor------------- 
Baggage weighs: 19.92 kg
baggage is on conveyor belt-------
---------baggage detected by sensor------------- 
Baggage weighs: 19.22 kg
baggage is on conveyor belt-------
---------baggage detected by sensor------------- 
Baggage weighs: 21.53 kg
baggage is on conveyor belt-------
---------baggage detected by sensor------------- 
Baggage weighs: 20.29 kg
baggage is on conveyor belt-------
---------baggage detected by sensor------------- 
Baggage weighs: 19.32 kg
baggage is on conveyor belt-------
---------baggage detected by sensor------------- 
Baggage weighs: 17.25 kg
baggage is on conveyor belt-------
---------baggage detected by sensor------------- 
Baggage weighs: 21.3 kg
baggage is on conveyor belt-------
---------baggage detected by sensor------------- 
Baggage weighs: 16.79 kg
baggage is on conveyor belt-------
---------baggage detected by sensor------------- 
Baggage weighs: 19.55 kg
baggage is on conveyor belt-------
---------baggage detected by sensor------------- 
Baggage weighs: 18.88 kg
baggage is on conveyor belt-------
---------baggage detected by sensor------------- 
Baggage weighs: 22.33 kg
baggage is on conveyor belt-------
---------baggage detected by sensor------------- 
Baggage weighs: 20.62 kg
baggage is on conveyor belt-------
---------baggage detected by sensor------------- 
Baggage weighs: 19.42 kg
baggage is on conveyor belt-------
---------baggage detected by sensor------------- 
Baggage weighs: 17.54 kg
baggage is on conveyor belt-------
---------baggage detected by sensor------------- 
Baggage weighs: 21.51 kg
baggage is on conveyor belt-------
---------baggage detected by sensor------------- 
Baggage weighs: 19.46 kg
baggage is on conveyor belt-------
---------baggage detected by sensor------------- 
Baggage weighs: 17.83 kg
baggage is on conveyor belt-------
---------baggage detected by sensor------------- 
Baggage weighs: 17.75 kg
baggage is on conveyor belt-------
---------baggage detected by sensor------------- 
Baggage weighs: 17.44 kg
baggage is on conveyor belt-------
---------baggage detected by sensor------------- 
Baggage weighs: 19.53 kg
baggage is on conveyor belt-------
---------baggage detected by sensor------------- 
Baggage weighs: 17.51 kg
baggage is on conveyor belt-------
---------baggage detected by sensor------------- 
Baggage weighs: 18.2 kg
baggage is on conveyor belt-------
---------baggage detected by sensor------------- 
Baggage weighs: 21.55 kg
baggage is on conveyor belt-------
---------baggage detected by sensor------------- 
Baggage weighs: 19.67 kg
baggage is on conveyor belt-------
---------baggage detected by sensor------------- 
Baggage weighs: 19.52 kg
baggage is on conveyor belt-------
---------baggage detected by sensor------------- 
Baggage weighs: 21.06 kg
baggage is on conveyor belt-------
---------baggage detected by sensor------------- 
Baggage weighs: 17.44 kg
baggage is on conveyor belt-------
---------baggage detected by sensor------------- 
Baggage weighs: 19.21 kg
baggage is on conveyor belt-------
---------baggage detected by sensor------------- 
Baggage weighs: 21.65 kg
baggage is on conveyor belt-------
---------baggage detected by sensor------------- 
Baggage weighs: 19.64 kg
baggage is on conveyor belt-------
---------baggage detected by sensor------------- 
Baggage weighs: 21.03 kg
baggage is on conveyor belt-------
---------baggage detected by sensor------------- 
Baggage weighs: 19.76 kg
baggage is on conveyor belt-------
---------baggage detected by sensor------------- 
Baggage weighs: 21.01 kg
baggage is on conveyor belt-------
---------baggage detected by sensor------------- 
Baggage weighs: 19.11 kg
baggage is on conveyor belt-------
---------baggage detected by sensor------------- 
Baggage weighs: 18.54 kg
baggage is on conveyor belt-------
---------baggage detected by sensor------------- 
Baggage weighs: 16.86 kg
baggage is on conveyor belt-------
---------baggage detected by sensor------------- 
Baggage weighs: 16.59 kg
baggage is on conveyor belt-------
---------baggage detected by sensor------------- 
Baggage weighs: 19.26 kg
baggage is on conveyor belt-------
---------baggage detected by sensor------------- 
Baggage weighs: 18.34 kg
baggage is on conveyor belt-------
---------baggage detected by sensor------------- 
Baggage weighs: 19.09 kg
baggage is on conveyor belt-------
---------baggage detected by sensor------------- 
Baggage weighs: 22.38 kg
baggage is on conveyor belt-------
---------baggage detected by sensor------------- 
Baggage weighs: 22.12 kg
baggage is on conveyor belt-------
---------baggage detected by sensor------------- 
Baggage weighs: 16.75 kg
baggage is on conveyor belt-------
---------baggage detected by sensor------------- 
Baggage weighs: 20.36 kg
baggage is on conveyor belt-------
---------baggage detected by sensor------------- 
Baggage weighs: 20.94 kg
baggage is on conveyor belt-------
---------baggage detected by sensor------------- 
Baggage weighs: 19.8 kg
baggage is on conveyor belt-------
---------baggage detected by sensor------------- 
Baggage weighs: 19.12 kg
baggage is on conveyor belt-------
---------baggage detected by sensor------------- 
Baggage weighs: 16.93 kg
baggage is on conveyor belt-------
---------baggage detected by sensor------------- 
Baggage weighs: 20.48 kg
baggage is on conveyor belt-------
---------baggage detected by sensor------------- 
Baggage weighs: 17.63 kg
baggage is on conveyor belt-------
---------baggage detected by sensor------------- 
Baggage weighs: 19.86 kg
baggage is on conveyor belt-------
---------baggage detected by sensor------------- 
Baggage weighs: 19.4 kg
baggage is on conveyor belt-------
---------baggage detected by sensor------------- 
Baggage weighs: 19.0 kg
baggage is on conveyor belt-------
---------baggage detected by sensor------------- 
Baggage weighs: 20.5 kg
baggage is on conveyor belt-------
---------baggage detected by sensor------------- 
Baggage weighs: 21.9 kg
baggage is on conveyor belt-------
---------baggage detected by sensor------------- 
Baggage weighs: 19.82 kg
baggage is on conveyor belt-------
---------baggage detected by sensor------------- 
Baggage weighs: 18.98 kg
baggage is on conveyor belt-------
---------baggage detected by sensor------------- 
Baggage weighs: 19.28 kg
baggage is on conveyor belt-------
---------baggage detected by sensor------------- 
Baggage weighs: 18.06 kg
baggage is on conveyor belt-------
---------baggage detected by sensor------------- 
Baggage weighs: 20.2 kg
baggage is on conveyor belt-------
---------baggage detected by sensor------------- 
Baggage weighs: 19.74 kg
baggage is on conveyor belt-------
---------baggage detected by sensor------------- 
Baggage weighs: 17.44 kg
baggage is on conveyor belt-------
---------baggage detected by sensor------------- 
Baggage weighs: 19.36 kg
baggage is on conveyor belt-------
---------baggage detected by sensor------------- 
Baggage weighs: 20.4 kg
baggage is on conveyor belt-------
---------baggage detected by sensor------------- 
Baggage weighs: 18.92 kg
baggage is on conveyor belt-------
---------baggage detected by sensor------------- 
Baggage weighs: 18.48 kg
baggage is on conveyor belt-------
---------baggage detected by sensor------------- 
Baggage weighs: 17.34 kg
baggage is on conveyor belt-------
---------baggage detected by sensor------------- 
Baggage weighs: 20.57 kg
baggage is on conveyor belt-------
---------baggage detected by sensor------------- 
Baggage weighs: 17.19 kg
baggage is on conveyor belt-------
---------baggage detected by sensor------------- 
Baggage weighs: 18.25 kg
baggage is on conveyor belt-------
---------baggage detected by sensor------------- 
Baggage weighs: 19.29 kg
baggage is on conveyor belt-------
---------baggage detected by sensor------------- 
Baggage weighs: 16.86 kg
baggage is on conveyor belt-------
---------baggage detected by sensor------------- 
Baggage weighs: 19.34 kg
baggage is on conveyor belt-------
---------baggage detected by sensor------------- 
Baggage weighs: 19.32 kg
baggage is on conveyor belt-------
---------baggage detected by sensor------------- 
Baggage weighs: 18.15 kg
baggage is on conveyor belt-------
---------baggage detected by sensor------------- 
Baggage weighs: 18.98 kg
baggage is on conveyor belt-------
---------baggage detected by sensor------------- 
Baggage weighs: 21.84 kg
baggage is on conveyor belt-------
---------baggage detected by sensor------------- 
Baggage weighs: 20.53 kg
baggage is on conveyor belt-------
---------baggage detected by sensor------------- 
Baggage weighs: 20.62 kg
baggage is on conveyor belt-------
---------baggage detected by sensor------------- 
Baggage weighs: 20.7 kg
baggage is on conveyor belt-------
---------baggage detected by sensor------------- 
Baggage weighs: 19.64 kg
baggage is on conveyor belt-------
---------baggage detected by sensor------------- 
Baggage weighs: 16.11 kg
baggage is on conveyor belt-------
---------baggage detected by sensor------------- 
Baggage weighs: 22.24 kg
baggage is on conveyor belt-------
---------baggage detected by sensor------------- 
Baggage weighs: 21.47 kg
baggage is on conveyor belt-------
---------baggage detected by sensor------------- 
Baggage weighs: 20.73 kg
baggage is on conveyor belt-------
---------baggage detected by sensor------------- 
Baggage weighs: 19.51 kg
baggage is on conveyor belt-------
---------baggage detected by sensor------------- 
Baggage weighs: 20.11 kg
baggage is on conveyor belt-------
---------baggage detected by sensor------------- 
Baggage weighs: 20.36 kg
baggage is on conveyor belt-------
---------baggage detected by sensor------------- 
Baggage weighs: 18.84 kg
baggage is on conveyor belt-------
---------baggage detected by sensor------------- 
Baggage weighs: 22.61 kg
baggage is on conveyor belt-------
---------baggage detected by sensor------------- 
Baggage weighs: 20.07 kg
baggage is on conveyor belt-------
---------baggage detected by sensor------------- 
Baggage weighs: 20.28 kg
baggage is on conveyor belt-------
---------baggage detected by sensor------------- 
Baggage weighs: 17.9 kg
baggage is on conveyor belt-------
---------baggage detected by sensor------------- 
Baggage weighs: 18.13 kg
baggage is on conveyor belt-------
---------baggage detected by sensor------------- 
Baggage weighs: 18.32 kg
baggage is on conveyor belt-------
---------baggage detected by sensor------------- 
Baggage weighs: 19.3 kg
baggage is on conveyor belt-------
---------baggage detected by sensor------------- 
Baggage weighs: 21.34 kg
baggage is on conveyor belt-------
---------baggage detected by sensor------------- 
Baggage weighs: 19.74 kg
baggage is on conveyor belt-------
---------baggage detected by sensor------------- 
Baggage weighs: 18.46 kg
baggage is on conveyor belt-------
---------baggage detected by sensor------------- 
Baggage weighs: 19.49 kg
baggage is on conveyor belt-------
---------baggage detected by sensor------------- 
Baggage weighs: 17.97 kg
baggage is on conveyor belt-------
---------baggage detected by sensor------------- 
Baggage weighs: 21.32 kg
baggage is on conveyor belt-------
---------baggage detected by sensor------------- 
Baggage weighs: 16.41 kg
baggage is on conveyor belt-------
---------baggage detected by sensor------------- 
Baggage weighs: 16.36 kg
Seat with ID: 35B has been reserved for you!

BOARDING PASS FOR BONNIE WISE
-----------------------------------------------------------------------------
LUFTHANSA                      8dsr5tckmjaqj3y /  Bonnie Wise
Bonnie Wise                                     /  8dsr5tckmjaqj3y
FRA   LH2121   E  30.Oct                       /  FRA
HKG                                            /  HKG
SEAT ID: 35B                                   /  LH2121 E 30.Oct
SEQ: 181                                      / GATE: A05   22:00
MAX 1  HANDLUGGAGE/ LUGGAGE
-----------------------------------------------------------------------------
sorry Bonnie Wise we have no voucher for you! Have a nice day!

---------------------------------------------------------------------------------------------------------------
scanning passport with passport id: AATOWXYFL
searching for ticket in fast bag drop database..............
Ticket found for Tiffany Rosario and Flight LH2121
----searching flight seat for Tiffany Rosario---------
Found a seat with ID 35C
Below details were found in database
------------------------------------------
Name: Tiffany Rosario
Flight ID: LH2121
Source: FRA
Destination: HKG
Gate No: A05
Boarding time: 22:00
Ticket ID: 9x1siyimrrzf9bb
Booking Class: E
------------------------------------------

Proceed with check-in for flight LH2121 ?
Type YES to CHECK-IN or NO to cancel CHECK-IN
Tiffany Rosario is deciding whether to check-in or to go back home and sleep............
YES CHECK-IN
Checking you in...............
baggage is on conveyor belt-------
---------baggage detected by sensor------------- 
Baggage weighs: 21.58 kg
baggage is on conveyor belt-------
---------baggage detected by sensor------------- 
Baggage weighs: 20.43 kg
baggage is on conveyor belt-------
---------baggage detected by sensor------------- 
Baggage weighs: 18.47 kg
baggage is on conveyor belt-------
---------baggage detected by sensor------------- 
Baggage weighs: 17.86 kg
baggage is on conveyor belt-------
---------baggage detected by sensor------------- 
Baggage weighs: 18.65 kg
baggage is on conveyor belt-------
---------baggage detected by sensor------------- 
Baggage weighs: 19.27 kg
baggage is on conveyor belt-------
---------baggage detected by sensor------------- 
Baggage weighs: 17.42 kg
baggage is on conveyor belt-------
---------baggage detected by sensor------------- 
Baggage weighs: 19.16 kg
baggage is on conveyor belt-------
---------baggage detected by sensor------------- 
Baggage weighs: 19.52 kg
baggage is on conveyor belt-------
---------baggage detected by sensor------------- 
Baggage weighs: 17.51 kg
baggage is on conveyor belt-------
---------baggage detected by sensor------------- 
Baggage weighs: 17.38 kg
baggage is on conveyor belt-------
---------baggage detected by sensor------------- 
Baggage weighs: 18.67 kg
baggage is on conveyor belt-------
---------baggage detected by sensor------------- 
Baggage weighs: 16.98 kg
baggage is on conveyor belt-------
---------baggage detected by sensor------------- 
Baggage weighs: 21.26 kg
baggage is on conveyor belt-------
---------baggage detected by sensor------------- 
Baggage weighs: 18.3 kg
baggage is on conveyor belt-------
---------baggage detected by sensor------------- 
Baggage weighs: 16.81 kg
baggage is on conveyor belt-------
---------baggage detected by sensor------------- 
Baggage weighs: 20.91 kg
baggage is on conveyor belt-------
---------baggage detected by sensor------------- 
Baggage weighs: 21.21 kg
baggage is on conveyor belt-------
---------baggage detected by sensor------------- 
Baggage weighs: 19.69 kg
baggage is on conveyor belt-------
---------baggage detected by sensor------------- 
Baggage weighs: 18.67 kg
baggage is on conveyor belt-------
---------baggage detected by sensor------------- 
Baggage weighs: 19.12 kg
baggage is on conveyor belt-------
---------baggage detected by sensor------------- 
Baggage weighs: 16.42 kg
baggage is on conveyor belt-------
---------baggage detected by sensor------------- 
Baggage weighs: 19.17 kg
baggage is on conveyor belt-------
---------baggage detected by sensor------------- 
Baggage weighs: 19.0 kg
baggage is on conveyor belt-------
---------baggage detected by sensor------------- 
Baggage weighs: 18.78 kg
baggage is on conveyor belt-------
---------baggage detected by sensor------------- 
Baggage weighs: 20.31 kg
baggage is on conveyor belt-------
---------baggage detected by sensor------------- 
Baggage weighs: 21.25 kg
baggage is on conveyor belt-------
---------baggage detected by sensor------------- 
Baggage weighs: 18.87 kg
baggage is on conveyor belt-------
---------baggage detected by sensor------------- 
Baggage weighs: 16.25 kg
baggage is on conveyor belt-------
---------baggage detected by sensor------------- 
Baggage weighs: 19.94 kg
baggage is on conveyor belt-------
---------baggage detected by sensor------------- 
Baggage weighs: 16.88 kg
baggage is on conveyor belt-------
---------baggage detected by sensor------------- 
Baggage weighs: 18.24 kg
baggage is on conveyor belt-------
---------baggage detected by sensor------------- 
Baggage weighs: 17.16 kg
baggage is on conveyor belt-------
---------baggage detected by sensor------------- 
Baggage weighs: 19.34 kg
baggage is on conveyor belt-------
---------baggage detected by sensor------------- 
Baggage weighs: 22.41 kg
baggage is on conveyor belt-------
---------baggage detected by sensor------------- 
Baggage weighs: 20.47 kg
baggage is on conveyor belt-------
---------baggage detected by sensor------------- 
Baggage weighs: 18.81 kg
baggage is on conveyor belt-------
---------baggage detected by sensor------------- 
Baggage weighs: 18.56 kg
baggage is on conveyor belt-------
---------baggage detected by sensor------------- 
Baggage weighs: 17.77 kg
baggage is on conveyor belt-------
---------baggage detected by sensor------------- 
Baggage weighs: 19.32 kg
baggage is on conveyor belt-------
---------baggage detected by sensor------------- 
Baggage weighs: 19.21 kg
baggage is on conveyor belt-------
---------baggage detected by sensor------------- 
Baggage weighs: 19.13 kg
baggage is on conveyor belt-------
---------baggage detected by sensor------------- 
Baggage weighs: 20.39 kg
baggage is on conveyor belt-------
---------baggage detected by sensor------------- 
Baggage weighs: 21.03 kg
baggage is on conveyor belt-------
---------baggage detected by sensor------------- 
Baggage weighs: 20.05 kg
baggage is on conveyor belt-------
---------baggage detected by sensor------------- 
Baggage weighs: 21.92 kg
baggage is on conveyor belt-------
---------baggage detected by sensor------------- 
Baggage weighs: 19.37 kg
baggage is on conveyor belt-------
---------baggage detected by sensor------------- 
Baggage weighs: 20.35 kg
baggage is on conveyor belt-------
---------baggage detected by sensor------------- 
Baggage weighs: 18.73 kg
baggage is on conveyor belt-------
---------baggage detected by sensor------------- 
Baggage weighs: 20.33 kg
baggage is on conveyor belt-------
---------baggage detected by sensor------------- 
Baggage weighs: 22.01 kg
baggage is on conveyor belt-------
---------baggage detected by sensor------------- 
Baggage weighs: 19.27 kg
baggage is on conveyor belt-------
---------baggage detected by sensor------------- 
Baggage weighs: 21.18 kg
baggage is on conveyor belt-------
---------baggage detected by sensor------------- 
Baggage weighs: 17.16 kg
baggage is on conveyor belt-------
---------baggage detected by sensor------------- 
Baggage weighs: 20.04 kg
baggage is on conveyor belt-------
---------baggage detected by sensor------------- 
Baggage weighs: 20.91 kg
baggage is on conveyor belt-------
---------baggage detected by sensor------------- 
Baggage weighs: 20.3 kg
baggage is on conveyor belt-------
---------baggage detected by sensor------------- 
Baggage weighs: 20.38 kg
baggage is on conveyor belt-------
---------baggage detected by sensor------------- 
Baggage weighs: 16.54 kg
baggage is on conveyor belt-------
---------baggage detected by sensor------------- 
Baggage weighs: 18.87 kg
baggage is on conveyor belt-------
---------baggage detected by sensor------------- 
Baggage weighs: 20.22 kg
baggage is on conveyor belt-------
---------baggage detected by sensor------------- 
Baggage weighs: 20.75 kg
baggage is on conveyor belt-------
---------baggage detected by sensor------------- 
Baggage weighs: 17.4 kg
baggage is on conveyor belt-------
---------baggage detected by sensor------------- 
Baggage weighs: 20.27 kg
baggage is on conveyor belt-------
---------baggage detected by sensor------------- 
Baggage weighs: 17.04 kg
baggage is on conveyor belt-------
---------baggage detected by sensor------------- 
Baggage weighs: 19.84 kg
baggage is on conveyor belt-------
---------baggage detected by sensor------------- 
Baggage weighs: 17.34 kg
baggage is on conveyor belt-------
---------baggage detected by sensor------------- 
Baggage weighs: 18.75 kg
baggage is on conveyor belt-------
---------baggage detected by sensor------------- 
Baggage weighs: 19.12 kg
baggage is on conveyor belt-------
---------baggage detected by sensor------------- 
Baggage weighs: 18.29 kg
baggage is on conveyor belt-------
---------baggage detected by sensor------------- 
Baggage weighs: 17.94 kg
baggage is on conveyor belt-------
---------baggage detected by sensor------------- 
Baggage weighs: 19.09 kg
baggage is on conveyor belt-------
---------baggage detected by sensor------------- 
Baggage weighs: 22.39 kg
baggage is on conveyor belt-------
---------baggage detected by sensor------------- 
Baggage weighs: 21.23 kg
baggage is on conveyor belt-------
---------baggage detected by sensor------------- 
Baggage weighs: 17.56 kg
baggage is on conveyor belt-------
---------baggage detected by sensor------------- 
Baggage weighs: 18.37 kg
baggage is on conveyor belt-------
---------baggage detected by sensor------------- 
Baggage weighs: 21.4 kg
baggage is on conveyor belt-------
---------baggage detected by sensor------------- 
Baggage weighs: 20.25 kg
baggage is on conveyor belt-------
---------baggage detected by sensor------------- 
Baggage weighs: 23.0 kg
baggage is on conveyor belt-------
---------baggage detected by sensor------------- 
Baggage weighs: 17.01 kg
baggage is on conveyor belt-------
---------baggage detected by sensor------------- 
Baggage weighs: 17.39 kg
baggage is on conveyor belt-------
---------baggage detected by sensor------------- 
Baggage weighs: 16.7 kg
baggage is on conveyor belt-------
---------baggage detected by sensor------------- 
Baggage weighs: 16.23 kg
baggage is on conveyor belt-------
---------baggage detected by sensor------------- 
Baggage weighs: 19.13 kg
baggage is on conveyor belt-------
---------baggage detected by sensor------------- 
Baggage weighs: 21.07 kg
baggage is on conveyor belt-------
---------baggage detected by sensor------------- 
Baggage weighs: 17.87 kg
baggage is on conveyor belt-------
---------baggage detected by sensor------------- 
Baggage weighs: 19.92 kg
baggage is on conveyor belt-------
---------baggage detected by sensor------------- 
Baggage weighs: 19.22 kg
baggage is on conveyor belt-------
---------baggage detected by sensor------------- 
Baggage weighs: 21.53 kg
baggage is on conveyor belt-------
---------baggage detected by sensor------------- 
Baggage weighs: 20.29 kg
baggage is on conveyor belt-------
---------baggage detected by sensor------------- 
Baggage weighs: 19.32 kg
baggage is on conveyor belt-------
---------baggage detected by sensor------------- 
Baggage weighs: 17.25 kg
baggage is on conveyor belt-------
---------baggage detected by sensor------------- 
Baggage weighs: 21.3 kg
baggage is on conveyor belt-------
---------baggage detected by sensor------------- 
Baggage weighs: 16.79 kg
baggage is on conveyor belt-------
---------baggage detected by sensor------------- 
Baggage weighs: 19.55 kg
baggage is on conveyor belt-------
---------baggage detected by sensor------------- 
Baggage weighs: 18.88 kg
baggage is on conveyor belt-------
---------baggage detected by sensor------------- 
Baggage weighs: 22.33 kg
baggage is on conveyor belt-------
---------baggage detected by sensor------------- 
Baggage weighs: 20.62 kg
baggage is on conveyor belt-------
---------baggage detected by sensor------------- 
Baggage weighs: 19.42 kg
baggage is on conveyor belt-------
---------baggage detected by sensor------------- 
Baggage weighs: 17.54 kg
baggage is on conveyor belt-------
---------baggage detected by sensor------------- 
Baggage weighs: 21.51 kg
baggage is on conveyor belt-------
---------baggage detected by sensor------------- 
Baggage weighs: 19.46 kg
baggage is on conveyor belt-------
---------baggage detected by sensor------------- 
Baggage weighs: 17.83 kg
baggage is on conveyor belt-------
---------baggage detected by sensor------------- 
Baggage weighs: 17.75 kg
baggage is on conveyor belt-------
---------baggage detected by sensor------------- 
Baggage weighs: 17.44 kg
baggage is on conveyor belt-------
---------baggage detected by sensor------------- 
Baggage weighs: 19.53 kg
baggage is on conveyor belt-------
---------baggage detected by sensor------------- 
Baggage weighs: 17.51 kg
baggage is on conveyor belt-------
---------baggage detected by sensor------------- 
Baggage weighs: 18.2 kg
baggage is on conveyor belt-------
---------baggage detected by sensor------------- 
Baggage weighs: 21.55 kg
baggage is on conveyor belt-------
---------baggage detected by sensor------------- 
Baggage weighs: 19.67 kg
baggage is on conveyor belt-------
---------baggage detected by sensor------------- 
Baggage weighs: 19.52 kg
baggage is on conveyor belt-------
---------baggage detected by sensor------------- 
Baggage weighs: 21.06 kg
baggage is on conveyor belt-------
---------baggage detected by sensor------------- 
Baggage weighs: 17.44 kg
baggage is on conveyor belt-------
---------baggage detected by sensor------------- 
Baggage weighs: 19.21 kg
baggage is on conveyor belt-------
---------baggage detected by sensor------------- 
Baggage weighs: 21.65 kg
baggage is on conveyor belt-------
---------baggage detected by sensor------------- 
Baggage weighs: 19.64 kg
baggage is on conveyor belt-------
---------baggage detected by sensor------------- 
Baggage weighs: 21.03 kg
baggage is on conveyor belt-------
---------baggage detected by sensor------------- 
Baggage weighs: 19.76 kg
baggage is on conveyor belt-------
---------baggage detected by sensor------------- 
Baggage weighs: 21.01 kg
baggage is on conveyor belt-------
---------baggage detected by sensor------------- 
Baggage weighs: 19.11 kg
baggage is on conveyor belt-------
---------baggage detected by sensor------------- 
Baggage weighs: 18.54 kg
baggage is on conveyor belt-------
---------baggage detected by sensor------------- 
Baggage weighs: 16.86 kg
baggage is on conveyor belt-------
---------baggage detected by sensor------------- 
Baggage weighs: 16.59 kg
baggage is on conveyor belt-------
---------baggage detected by sensor------------- 
Baggage weighs: 19.26 kg
baggage is on conveyor belt-------
---------baggage detected by sensor------------- 
Baggage weighs: 18.34 kg
baggage is on conveyor belt-------
---------baggage detected by sensor------------- 
Baggage weighs: 19.09 kg
baggage is on conveyor belt-------
---------baggage detected by sensor------------- 
Baggage weighs: 22.38 kg
baggage is on conveyor belt-------
---------baggage detected by sensor------------- 
Baggage weighs: 22.12 kg
baggage is on conveyor belt-------
---------baggage detected by sensor------------- 
Baggage weighs: 16.75 kg
baggage is on conveyor belt-------
---------baggage detected by sensor------------- 
Baggage weighs: 20.36 kg
baggage is on conveyor belt-------
---------baggage detected by sensor------------- 
Baggage weighs: 20.94 kg
baggage is on conveyor belt-------
---------baggage detected by sensor------------- 
Baggage weighs: 19.8 kg
baggage is on conveyor belt-------
---------baggage detected by sensor------------- 
Baggage weighs: 19.12 kg
baggage is on conveyor belt-------
---------baggage detected by sensor------------- 
Baggage weighs: 16.93 kg
baggage is on conveyor belt-------
---------baggage detected by sensor------------- 
Baggage weighs: 20.48 kg
baggage is on conveyor belt-------
---------baggage detected by sensor------------- 
Baggage weighs: 17.63 kg
baggage is on conveyor belt-------
---------baggage detected by sensor------------- 
Baggage weighs: 19.86 kg
baggage is on conveyor belt-------
---------baggage detected by sensor------------- 
Baggage weighs: 19.4 kg
baggage is on conveyor belt-------
---------baggage detected by sensor------------- 
Baggage weighs: 19.0 kg
baggage is on conveyor belt-------
---------baggage detected by sensor------------- 
Baggage weighs: 20.5 kg
baggage is on conveyor belt-------
---------baggage detected by sensor------------- 
Baggage weighs: 21.9 kg
baggage is on conveyor belt-------
---------baggage detected by sensor------------- 
Baggage weighs: 19.82 kg
baggage is on conveyor belt-------
---------baggage detected by sensor------------- 
Baggage weighs: 18.98 kg
baggage is on conveyor belt-------
---------baggage detected by sensor------------- 
Baggage weighs: 19.28 kg
baggage is on conveyor belt-------
---------baggage detected by sensor------------- 
Baggage weighs: 18.06 kg
baggage is on conveyor belt-------
---------baggage detected by sensor------------- 
Baggage weighs: 20.2 kg
baggage is on conveyor belt-------
---------baggage detected by sensor------------- 
Baggage weighs: 19.74 kg
baggage is on conveyor belt-------
---------baggage detected by sensor------------- 
Baggage weighs: 17.44 kg
baggage is on conveyor belt-------
---------baggage detected by sensor------------- 
Baggage weighs: 19.36 kg
baggage is on conveyor belt-------
---------baggage detected by sensor------------- 
Baggage weighs: 20.4 kg
baggage is on conveyor belt-------
---------baggage detected by sensor------------- 
Baggage weighs: 18.92 kg
baggage is on conveyor belt-------
---------baggage detected by sensor------------- 
Baggage weighs: 18.48 kg
baggage is on conveyor belt-------
---------baggage detected by sensor------------- 
Baggage weighs: 17.34 kg
baggage is on conveyor belt-------
---------baggage detected by sensor------------- 
Baggage weighs: 20.57 kg
baggage is on conveyor belt-------
---------baggage detected by sensor------------- 
Baggage weighs: 17.19 kg
baggage is on conveyor belt-------
---------baggage detected by sensor------------- 
Baggage weighs: 18.25 kg
baggage is on conveyor belt-------
---------baggage detected by sensor------------- 
Baggage weighs: 19.29 kg
baggage is on conveyor belt-------
---------baggage detected by sensor------------- 
Baggage weighs: 16.86 kg
baggage is on conveyor belt-------
---------baggage detected by sensor------------- 
Baggage weighs: 19.34 kg
baggage is on conveyor belt-------
---------baggage detected by sensor------------- 
Baggage weighs: 19.32 kg
baggage is on conveyor belt-------
---------baggage detected by sensor------------- 
Baggage weighs: 18.15 kg
baggage is on conveyor belt-------
---------baggage detected by sensor------------- 
Baggage weighs: 18.98 kg
baggage is on conveyor belt-------
---------baggage detected by sensor------------- 
Baggage weighs: 21.84 kg
baggage is on conveyor belt-------
---------baggage detected by sensor------------- 
Baggage weighs: 20.53 kg
baggage is on conveyor belt-------
---------baggage detected by sensor------------- 
Baggage weighs: 20.62 kg
baggage is on conveyor belt-------
---------baggage detected by sensor------------- 
Baggage weighs: 20.7 kg
baggage is on conveyor belt-------
---------baggage detected by sensor------------- 
Baggage weighs: 19.64 kg
baggage is on conveyor belt-------
---------baggage detected by sensor------------- 
Baggage weighs: 16.11 kg
baggage is on conveyor belt-------
---------baggage detected by sensor------------- 
Baggage weighs: 22.24 kg
baggage is on conveyor belt-------
---------baggage detected by sensor------------- 
Baggage weighs: 21.47 kg
baggage is on conveyor belt-------
---------baggage detected by sensor------------- 
Baggage weighs: 20.73 kg
baggage is on conveyor belt-------
---------baggage detected by sensor------------- 
Baggage weighs: 19.51 kg
baggage is on conveyor belt-------
---------baggage detected by sensor------------- 
Baggage weighs: 20.11 kg
baggage is on conveyor belt-------
---------baggage detected by sensor------------- 
Baggage weighs: 20.36 kg
baggage is on conveyor belt-------
---------baggage detected by sensor------------- 
Baggage weighs: 18.84 kg
baggage is on conveyor belt-------
---------baggage detected by sensor------------- 
Baggage weighs: 22.61 kg
baggage is on conveyor belt-------
---------baggage detected by sensor------------- 
Baggage weighs: 20.07 kg
baggage is on conveyor belt-------
---------baggage detected by sensor------------- 
Baggage weighs: 20.28 kg
baggage is on conveyor belt-------
---------baggage detected by sensor------------- 
Baggage weighs: 17.9 kg
baggage is on conveyor belt-------
---------baggage detected by sensor------------- 
Baggage weighs: 18.13 kg
baggage is on conveyor belt-------
---------baggage detected by sensor------------- 
Baggage weighs: 18.32 kg
baggage is on conveyor belt-------
---------baggage detected by sensor------------- 
Baggage weighs: 19.3 kg
baggage is on conveyor belt-------
---------baggage detected by sensor------------- 
Baggage weighs: 21.34 kg
baggage is on conveyor belt-------
---------baggage detected by sensor------------- 
Baggage weighs: 19.74 kg
baggage is on conveyor belt-------
---------baggage detected by sensor------------- 
Baggage weighs: 18.46 kg
baggage is on conveyor belt-------
---------baggage detected by sensor------------- 
Baggage weighs: 19.49 kg
baggage is on conveyor belt-------
---------baggage detected by sensor------------- 
Baggage weighs: 17.97 kg
baggage is on conveyor belt-------
---------baggage detected by sensor------------- 
Baggage weighs: 21.32 kg
baggage is on conveyor belt-------
---------baggage detected by sensor------------- 
Baggage weighs: 16.41 kg
baggage is on conveyor belt-------
---------baggage detected by sensor------------- 
Baggage weighs: 16.36 kg
baggage is on conveyor belt-------
---------baggage detected by sensor------------- 
Baggage weighs: 16.24 kg
Seat with ID: 35C has been reserved for you!

BOARDING PASS FOR TIFFANY ROSARIO
-----------------------------------------------------------------------------
LUFTHANSA                      9x1siyimrrzf9bb /  Tiffany Rosario
Tiffany Rosario                                     /  9x1siyimrrzf9bb
FRA   LH2121   E  30.Oct                       /  FRA
HKG                                            /  HKG
SEAT ID: 35C                                   /  LH2121 E 30.Oct
SEQ: 182                                      / GATE: A05   22:00
MAX 1  HANDLUGGAGE/ LUGGAGE
-----------------------------------------------------------------------------
sorry Tiffany Rosario we have no voucher for you! Have a nice day!

---------------------------------------------------------------------------------------------------------------
scanning passport with passport id: IW4FM8S82
searching for ticket in fast bag drop database..............
Ticket found for Horacio Freeman and Flight LH2121
----searching flight seat for Horacio Freeman---------
Found a seat with ID 35D
Below details were found in database
------------------------------------------
Name: Horacio Freeman
Flight ID: LH2121
Source: FRA
Destination: HKG
Gate No: A05
Boarding time: 22:00
Ticket ID: 7kk0maqhwywqlds
Booking Class: E
------------------------------------------

Proceed with check-in for flight LH2121 ?
Type YES to CHECK-IN or NO to cancel CHECK-IN
Horacio Freeman is deciding whether to check-in or to go back home and sleep............
YES CHECK-IN
Checking you in...............
baggage is on conveyor belt-------
---------baggage detected by sensor------------- 
Baggage weighs: 21.58 kg
baggage is on conveyor belt-------
---------baggage detected by sensor------------- 
Baggage weighs: 20.43 kg
baggage is on conveyor belt-------
---------baggage detected by sensor------------- 
Baggage weighs: 18.47 kg
baggage is on conveyor belt-------
---------baggage detected by sensor------------- 
Baggage weighs: 17.86 kg
baggage is on conveyor belt-------
---------baggage detected by sensor------------- 
Baggage weighs: 18.65 kg
baggage is on conveyor belt-------
---------baggage detected by sensor------------- 
Baggage weighs: 19.27 kg
baggage is on conveyor belt-------
---------baggage detected by sensor------------- 
Baggage weighs: 17.42 kg
baggage is on conveyor belt-------
---------baggage detected by sensor------------- 
Baggage weighs: 19.16 kg
baggage is on conveyor belt-------
---------baggage detected by sensor------------- 
Baggage weighs: 19.52 kg
baggage is on conveyor belt-------
---------baggage detected by sensor------------- 
Baggage weighs: 17.51 kg
baggage is on conveyor belt-------
---------baggage detected by sensor------------- 
Baggage weighs: 17.38 kg
baggage is on conveyor belt-------
---------baggage detected by sensor------------- 
Baggage weighs: 18.67 kg
baggage is on conveyor belt-------
---------baggage detected by sensor------------- 
Baggage weighs: 16.98 kg
baggage is on conveyor belt-------
---------baggage detected by sensor------------- 
Baggage weighs: 21.26 kg
baggage is on conveyor belt-------
---------baggage detected by sensor------------- 
Baggage weighs: 18.3 kg
baggage is on conveyor belt-------
---------baggage detected by sensor------------- 
Baggage weighs: 16.81 kg
baggage is on conveyor belt-------
---------baggage detected by sensor------------- 
Baggage weighs: 20.91 kg
baggage is on conveyor belt-------
---------baggage detected by sensor------------- 
Baggage weighs: 21.21 kg
baggage is on conveyor belt-------
---------baggage detected by sensor------------- 
Baggage weighs: 19.69 kg
baggage is on conveyor belt-------
---------baggage detected by sensor------------- 
Baggage weighs: 18.67 kg
baggage is on conveyor belt-------
---------baggage detected by sensor------------- 
Baggage weighs: 19.12 kg
baggage is on conveyor belt-------
---------baggage detected by sensor------------- 
Baggage weighs: 16.42 kg
baggage is on conveyor belt-------
---------baggage detected by sensor------------- 
Baggage weighs: 19.17 kg
baggage is on conveyor belt-------
---------baggage detected by sensor------------- 
Baggage weighs: 19.0 kg
baggage is on conveyor belt-------
---------baggage detected by sensor------------- 
Baggage weighs: 18.78 kg
baggage is on conveyor belt-------
---------baggage detected by sensor------------- 
Baggage weighs: 20.31 kg
baggage is on conveyor belt-------
---------baggage detected by sensor------------- 
Baggage weighs: 21.25 kg
baggage is on conveyor belt-------
---------baggage detected by sensor------------- 
Baggage weighs: 18.87 kg
baggage is on conveyor belt-------
---------baggage detected by sensor------------- 
Baggage weighs: 16.25 kg
baggage is on conveyor belt-------
---------baggage detected by sensor------------- 
Baggage weighs: 19.94 kg
baggage is on conveyor belt-------
---------baggage detected by sensor------------- 
Baggage weighs: 16.88 kg
baggage is on conveyor belt-------
---------baggage detected by sensor------------- 
Baggage weighs: 18.24 kg
baggage is on conveyor belt-------
---------baggage detected by sensor------------- 
Baggage weighs: 17.16 kg
baggage is on conveyor belt-------
---------baggage detected by sensor------------- 
Baggage weighs: 19.34 kg
baggage is on conveyor belt-------
---------baggage detected by sensor------------- 
Baggage weighs: 22.41 kg
baggage is on conveyor belt-------
---------baggage detected by sensor------------- 
Baggage weighs: 20.47 kg
baggage is on conveyor belt-------
---------baggage detected by sensor------------- 
Baggage weighs: 18.81 kg
baggage is on conveyor belt-------
---------baggage detected by sensor------------- 
Baggage weighs: 18.56 kg
baggage is on conveyor belt-------
---------baggage detected by sensor------------- 
Baggage weighs: 17.77 kg
baggage is on conveyor belt-------
---------baggage detected by sensor------------- 
Baggage weighs: 19.32 kg
baggage is on conveyor belt-------
---------baggage detected by sensor------------- 
Baggage weighs: 19.21 kg
baggage is on conveyor belt-------
---------baggage detected by sensor------------- 
Baggage weighs: 19.13 kg
baggage is on conveyor belt-------
---------baggage detected by sensor------------- 
Baggage weighs: 20.39 kg
baggage is on conveyor belt-------
---------baggage detected by sensor------------- 
Baggage weighs: 21.03 kg
baggage is on conveyor belt-------
---------baggage detected by sensor------------- 
Baggage weighs: 20.05 kg
baggage is on conveyor belt-------
---------baggage detected by sensor------------- 
Baggage weighs: 21.92 kg
baggage is on conveyor belt-------
---------baggage detected by sensor------------- 
Baggage weighs: 19.37 kg
baggage is on conveyor belt-------
---------baggage detected by sensor------------- 
Baggage weighs: 20.35 kg
baggage is on conveyor belt-------
---------baggage detected by sensor------------- 
Baggage weighs: 18.73 kg
baggage is on conveyor belt-------
---------baggage detected by sensor------------- 
Baggage weighs: 20.33 kg
baggage is on conveyor belt-------
---------baggage detected by sensor------------- 
Baggage weighs: 22.01 kg
baggage is on conveyor belt-------
---------baggage detected by sensor------------- 
Baggage weighs: 19.27 kg
baggage is on conveyor belt-------
---------baggage detected by sensor------------- 
Baggage weighs: 21.18 kg
baggage is on conveyor belt-------
---------baggage detected by sensor------------- 
Baggage weighs: 17.16 kg
baggage is on conveyor belt-------
---------baggage detected by sensor------------- 
Baggage weighs: 20.04 kg
baggage is on conveyor belt-------
---------baggage detected by sensor------------- 
Baggage weighs: 20.91 kg
baggage is on conveyor belt-------
---------baggage detected by sensor------------- 
Baggage weighs: 20.3 kg
baggage is on conveyor belt-------
---------baggage detected by sensor------------- 
Baggage weighs: 20.38 kg
baggage is on conveyor belt-------
---------baggage detected by sensor------------- 
Baggage weighs: 16.54 kg
baggage is on conveyor belt-------
---------baggage detected by sensor------------- 
Baggage weighs: 18.87 kg
baggage is on conveyor belt-------
---------baggage detected by sensor------------- 
Baggage weighs: 20.22 kg
baggage is on conveyor belt-------
---------baggage detected by sensor------------- 
Baggage weighs: 20.75 kg
baggage is on conveyor belt-------
---------baggage detected by sensor------------- 
Baggage weighs: 17.4 kg
baggage is on conveyor belt-------
---------baggage detected by sensor------------- 
Baggage weighs: 20.27 kg
baggage is on conveyor belt-------
---------baggage detected by sensor------------- 
Baggage weighs: 17.04 kg
baggage is on conveyor belt-------
---------baggage detected by sensor------------- 
Baggage weighs: 19.84 kg
baggage is on conveyor belt-------
---------baggage detected by sensor------------- 
Baggage weighs: 17.34 kg
baggage is on conveyor belt-------
---------baggage detected by sensor------------- 
Baggage weighs: 18.75 kg
baggage is on conveyor belt-------
---------baggage detected by sensor------------- 
Baggage weighs: 19.12 kg
baggage is on conveyor belt-------
---------baggage detected by sensor------------- 
Baggage weighs: 18.29 kg
baggage is on conveyor belt-------
---------baggage detected by sensor------------- 
Baggage weighs: 17.94 kg
baggage is on conveyor belt-------
---------baggage detected by sensor------------- 
Baggage weighs: 19.09 kg
baggage is on conveyor belt-------
---------baggage detected by sensor------------- 
Baggage weighs: 22.39 kg
baggage is on conveyor belt-------
---------baggage detected by sensor------------- 
Baggage weighs: 21.23 kg
baggage is on conveyor belt-------
---------baggage detected by sensor------------- 
Baggage weighs: 17.56 kg
baggage is on conveyor belt-------
---------baggage detected by sensor------------- 
Baggage weighs: 18.37 kg
baggage is on conveyor belt-------
---------baggage detected by sensor------------- 
Baggage weighs: 21.4 kg
baggage is on conveyor belt-------
---------baggage detected by sensor------------- 
Baggage weighs: 20.25 kg
baggage is on conveyor belt-------
---------baggage detected by sensor------------- 
Baggage weighs: 23.0 kg
baggage is on conveyor belt-------
---------baggage detected by sensor------------- 
Baggage weighs: 17.01 kg
baggage is on conveyor belt-------
---------baggage detected by sensor------------- 
Baggage weighs: 17.39 kg
baggage is on conveyor belt-------
---------baggage detected by sensor------------- 
Baggage weighs: 16.7 kg
baggage is on conveyor belt-------
---------baggage detected by sensor------------- 
Baggage weighs: 16.23 kg
baggage is on conveyor belt-------
---------baggage detected by sensor------------- 
Baggage weighs: 19.13 kg
baggage is on conveyor belt-------
---------baggage detected by sensor------------- 
Baggage weighs: 21.07 kg
baggage is on conveyor belt-------
---------baggage detected by sensor------------- 
Baggage weighs: 17.87 kg
baggage is on conveyor belt-------
---------baggage detected by sensor------------- 
Baggage weighs: 19.92 kg
baggage is on conveyor belt-------
---------baggage detected by sensor------------- 
Baggage weighs: 19.22 kg
baggage is on conveyor belt-------
---------baggage detected by sensor------------- 
Baggage weighs: 21.53 kg
baggage is on conveyor belt-------
---------baggage detected by sensor------------- 
Baggage weighs: 20.29 kg
baggage is on conveyor belt-------
---------baggage detected by sensor------------- 
Baggage weighs: 19.32 kg
baggage is on conveyor belt-------
---------baggage detected by sensor------------- 
Baggage weighs: 17.25 kg
baggage is on conveyor belt-------
---------baggage detected by sensor------------- 
Baggage weighs: 21.3 kg
baggage is on conveyor belt-------
---------baggage detected by sensor------------- 
Baggage weighs: 16.79 kg
baggage is on conveyor belt-------
---------baggage detected by sensor------------- 
Baggage weighs: 19.55 kg
baggage is on conveyor belt-------
---------baggage detected by sensor------------- 
Baggage weighs: 18.88 kg
baggage is on conveyor belt-------
---------baggage detected by sensor------------- 
Baggage weighs: 22.33 kg
baggage is on conveyor belt-------
---------baggage detected by sensor------------- 
Baggage weighs: 20.62 kg
baggage is on conveyor belt-------
---------baggage detected by sensor------------- 
Baggage weighs: 19.42 kg
baggage is on conveyor belt-------
---------baggage detected by sensor------------- 
Baggage weighs: 17.54 kg
baggage is on conveyor belt-------
---------baggage detected by sensor------------- 
Baggage weighs: 21.51 kg
baggage is on conveyor belt-------
---------baggage detected by sensor------------- 
Baggage weighs: 19.46 kg
baggage is on conveyor belt-------
---------baggage detected by sensor------------- 
Baggage weighs: 17.83 kg
baggage is on conveyor belt-------
---------baggage detected by sensor------------- 
Baggage weighs: 17.75 kg
baggage is on conveyor belt-------
---------baggage detected by sensor------------- 
Baggage weighs: 17.44 kg
baggage is on conveyor belt-------
---------baggage detected by sensor------------- 
Baggage weighs: 19.53 kg
baggage is on conveyor belt-------
---------baggage detected by sensor------------- 
Baggage weighs: 17.51 kg
baggage is on conveyor belt-------
---------baggage detected by sensor------------- 
Baggage weighs: 18.2 kg
baggage is on conveyor belt-------
---------baggage detected by sensor------------- 
Baggage weighs: 21.55 kg
baggage is on conveyor belt-------
---------baggage detected by sensor------------- 
Baggage weighs: 19.67 kg
baggage is on conveyor belt-------
---------baggage detected by sensor------------- 
Baggage weighs: 19.52 kg
baggage is on conveyor belt-------
---------baggage detected by sensor------------- 
Baggage weighs: 21.06 kg
baggage is on conveyor belt-------
---------baggage detected by sensor------------- 
Baggage weighs: 17.44 kg
baggage is on conveyor belt-------
---------baggage detected by sensor------------- 
Baggage weighs: 19.21 kg
baggage is on conveyor belt-------
---------baggage detected by sensor------------- 
Baggage weighs: 21.65 kg
baggage is on conveyor belt-------
---------baggage detected by sensor------------- 
Baggage weighs: 19.64 kg
baggage is on conveyor belt-------
---------baggage detected by sensor------------- 
Baggage weighs: 21.03 kg
baggage is on conveyor belt-------
---------baggage detected by sensor------------- 
Baggage weighs: 19.76 kg
baggage is on conveyor belt-------
---------baggage detected by sensor------------- 
Baggage weighs: 21.01 kg
baggage is on conveyor belt-------
---------baggage detected by sensor------------- 
Baggage weighs: 19.11 kg
baggage is on conveyor belt-------
---------baggage detected by sensor------------- 
Baggage weighs: 18.54 kg
baggage is on conveyor belt-------
---------baggage detected by sensor------------- 
Baggage weighs: 16.86 kg
baggage is on conveyor belt-------
---------baggage detected by sensor------------- 
Baggage weighs: 16.59 kg
baggage is on conveyor belt-------
---------baggage detected by sensor------------- 
Baggage weighs: 19.26 kg
baggage is on conveyor belt-------
---------baggage detected by sensor------------- 
Baggage weighs: 18.34 kg
baggage is on conveyor belt-------
---------baggage detected by sensor------------- 
Baggage weighs: 19.09 kg
baggage is on conveyor belt-------
---------baggage detected by sensor------------- 
Baggage weighs: 22.38 kg
baggage is on conveyor belt-------
---------baggage detected by sensor------------- 
Baggage weighs: 22.12 kg
baggage is on conveyor belt-------
---------baggage detected by sensor------------- 
Baggage weighs: 16.75 kg
baggage is on conveyor belt-------
---------baggage detected by sensor------------- 
Baggage weighs: 20.36 kg
baggage is on conveyor belt-------
---------baggage detected by sensor------------- 
Baggage weighs: 20.94 kg
baggage is on conveyor belt-------
---------baggage detected by sensor------------- 
Baggage weighs: 19.8 kg
baggage is on conveyor belt-------
---------baggage detected by sensor------------- 
Baggage weighs: 19.12 kg
baggage is on conveyor belt-------
---------baggage detected by sensor------------- 
Baggage weighs: 16.93 kg
baggage is on conveyor belt-------
---------baggage detected by sensor------------- 
Baggage weighs: 20.48 kg
baggage is on conveyor belt-------
---------baggage detected by sensor------------- 
Baggage weighs: 17.63 kg
baggage is on conveyor belt-------
---------baggage detected by sensor------------- 
Baggage weighs: 19.86 kg
baggage is on conveyor belt-------
---------baggage detected by sensor------------- 
Baggage weighs: 19.4 kg
baggage is on conveyor belt-------
---------baggage detected by sensor------------- 
Baggage weighs: 19.0 kg
baggage is on conveyor belt-------
---------baggage detected by sensor------------- 
Baggage weighs: 20.5 kg
baggage is on conveyor belt-------
---------baggage detected by sensor------------- 
Baggage weighs: 21.9 kg
baggage is on conveyor belt-------
---------baggage detected by sensor------------- 
Baggage weighs: 19.82 kg
baggage is on conveyor belt-------
---------baggage detected by sensor------------- 
Baggage weighs: 18.98 kg
baggage is on conveyor belt-------
---------baggage detected by sensor------------- 
Baggage weighs: 19.28 kg
baggage is on conveyor belt-------
---------baggage detected by sensor------------- 
Baggage weighs: 18.06 kg
baggage is on conveyor belt-------
---------baggage detected by sensor------------- 
Baggage weighs: 20.2 kg
baggage is on conveyor belt-------
---------baggage detected by sensor------------- 
Baggage weighs: 19.74 kg
baggage is on conveyor belt-------
---------baggage detected by sensor------------- 
Baggage weighs: 17.44 kg
baggage is on conveyor belt-------
---------baggage detected by sensor------------- 
Baggage weighs: 19.36 kg
baggage is on conveyor belt-------
---------baggage detected by sensor------------- 
Baggage weighs: 20.4 kg
baggage is on conveyor belt-------
---------baggage detected by sensor------------- 
Baggage weighs: 18.92 kg
baggage is on conveyor belt-------
---------baggage detected by sensor------------- 
Baggage weighs: 18.48 kg
baggage is on conveyor belt-------
---------baggage detected by sensor------------- 
Baggage weighs: 17.34 kg
baggage is on conveyor belt-------
---------baggage detected by sensor------------- 
Baggage weighs: 20.57 kg
baggage is on conveyor belt-------
---------baggage detected by sensor------------- 
Baggage weighs: 17.19 kg
baggage is on conveyor belt-------
---------baggage detected by sensor------------- 
Baggage weighs: 18.25 kg
baggage is on conveyor belt-------
---------baggage detected by sensor------------- 
Baggage weighs: 19.29 kg
baggage is on conveyor belt-------
---------baggage detected by sensor------------- 
Baggage weighs: 16.86 kg
baggage is on conveyor belt-------
---------baggage detected by sensor------------- 
Baggage weighs: 19.34 kg
baggage is on conveyor belt-------
---------baggage detected by sensor------------- 
Baggage weighs: 19.32 kg
baggage is on conveyor belt-------
---------baggage detected by sensor------------- 
Baggage weighs: 18.15 kg
baggage is on conveyor belt-------
---------baggage detected by sensor------------- 
Baggage weighs: 18.98 kg
baggage is on conveyor belt-------
---------baggage detected by sensor------------- 
Baggage weighs: 21.84 kg
baggage is on conveyor belt-------
---------baggage detected by sensor------------- 
Baggage weighs: 20.53 kg
baggage is on conveyor belt-------
---------baggage detected by sensor------------- 
Baggage weighs: 20.62 kg
baggage is on conveyor belt-------
---------baggage detected by sensor------------- 
Baggage weighs: 20.7 kg
baggage is on conveyor belt-------
---------baggage detected by sensor------------- 
Baggage weighs: 19.64 kg
baggage is on conveyor belt-------
---------baggage detected by sensor------------- 
Baggage weighs: 16.11 kg
baggage is on conveyor belt-------
---------baggage detected by sensor------------- 
Baggage weighs: 22.24 kg
baggage is on conveyor belt-------
---------baggage detected by sensor------------- 
Baggage weighs: 21.47 kg
baggage is on conveyor belt-------
---------baggage detected by sensor------------- 
Baggage weighs: 20.73 kg
baggage is on conveyor belt-------
---------baggage detected by sensor------------- 
Baggage weighs: 19.51 kg
baggage is on conveyor belt-------
---------baggage detected by sensor------------- 
Baggage weighs: 20.11 kg
baggage is on conveyor belt-------
---------baggage detected by sensor------------- 
Baggage weighs: 20.36 kg
baggage is on conveyor belt-------
---------baggage detected by sensor------------- 
Baggage weighs: 18.84 kg
baggage is on conveyor belt-------
---------baggage detected by sensor------------- 
Baggage weighs: 22.61 kg
baggage is on conveyor belt-------
---------baggage detected by sensor------------- 
Baggage weighs: 20.07 kg
baggage is on conveyor belt-------
---------baggage detected by sensor------------- 
Baggage weighs: 20.28 kg
baggage is on conveyor belt-------
---------baggage detected by sensor------------- 
Baggage weighs: 17.9 kg
baggage is on conveyor belt-------
---------baggage detected by sensor------------- 
Baggage weighs: 18.13 kg
baggage is on conveyor belt-------
---------baggage detected by sensor------------- 
Baggage weighs: 18.32 kg
baggage is on conveyor belt-------
---------baggage detected by sensor------------- 
Baggage weighs: 19.3 kg
baggage is on conveyor belt-------
---------baggage detected by sensor------------- 
Baggage weighs: 21.34 kg
baggage is on conveyor belt-------
---------baggage detected by sensor------------- 
Baggage weighs: 19.74 kg
baggage is on conveyor belt-------
---------baggage detected by sensor------------- 
Baggage weighs: 18.46 kg
baggage is on conveyor belt-------
---------baggage detected by sensor------------- 
Baggage weighs: 19.49 kg
baggage is on conveyor belt-------
---------baggage detected by sensor------------- 
Baggage weighs: 17.97 kg
baggage is on conveyor belt-------
---------baggage detected by sensor------------- 
Baggage weighs: 21.32 kg
baggage is on conveyor belt-------
---------baggage detected by sensor------------- 
Baggage weighs: 16.41 kg
baggage is on conveyor belt-------
---------baggage detected by sensor------------- 
Baggage weighs: 16.36 kg
baggage is on conveyor belt-------
---------baggage detected by sensor------------- 
Baggage weighs: 16.24 kg
baggage is on conveyor belt-------
---------baggage detected by sensor------------- 
Baggage weighs: 16.65 kg
Seat with ID: 35D has been reserved for you!

BOARDING PASS FOR HORACIO FREEMAN
-----------------------------------------------------------------------------
LUFTHANSA                      7kk0maqhwywqlds /  Horacio Freeman
Horacio Freeman                                     /  7kk0maqhwywqlds
FRA   LH2121   E  30.Oct                       /  FRA
HKG                                            /  HKG
SEAT ID: 35D                                   /  LH2121 E 30.Oct
SEQ: 183                                      / GATE: A05   22:00
MAX 1  HANDLUGGAGE/ LUGGAGE
-----------------------------------------------------------------------------
sorry Horacio Freeman we have no voucher for you! Have a nice day!

---------------------------------------------------------------------------------------------------------------
scanning passport with passport id: MFJ9JMY0H
searching for ticket in fast bag drop database..............
Ticket found for Iva Salazar and Flight LH2121
----searching flight seat for Iva Salazar---------
Found a seat with ID 35E
Below details were found in database
------------------------------------------
Name: Iva Salazar
Flight ID: LH2121
Source: FRA
Destination: HKG
Gate No: A05
Boarding time: 22:00
Ticket ID: m9atmaodonvasrd
Booking Class: E
------------------------------------------

Proceed with check-in for flight LH2121 ?
Type YES to CHECK-IN or NO to cancel CHECK-IN
Iva Salazar is deciding whether to check-in or to go back home and sleep............
YES CHECK-IN
Checking you in...............
baggage is on conveyor belt-------
---------baggage detected by sensor------------- 
Baggage weighs: 21.58 kg
baggage is on conveyor belt-------
---------baggage detected by sensor------------- 
Baggage weighs: 20.43 kg
baggage is on conveyor belt-------
---------baggage detected by sensor------------- 
Baggage weighs: 18.47 kg
baggage is on conveyor belt-------
---------baggage detected by sensor------------- 
Baggage weighs: 17.86 kg
baggage is on conveyor belt-------
---------baggage detected by sensor------------- 
Baggage weighs: 18.65 kg
baggage is on conveyor belt-------
---------baggage detected by sensor------------- 
Baggage weighs: 19.27 kg
baggage is on conveyor belt-------
---------baggage detected by sensor------------- 
Baggage weighs: 17.42 kg
baggage is on conveyor belt-------
---------baggage detected by sensor------------- 
Baggage weighs: 19.16 kg
baggage is on conveyor belt-------
---------baggage detected by sensor------------- 
Baggage weighs: 19.52 kg
baggage is on conveyor belt-------
---------baggage detected by sensor------------- 
Baggage weighs: 17.51 kg
baggage is on conveyor belt-------
---------baggage detected by sensor------------- 
Baggage weighs: 17.38 kg
baggage is on conveyor belt-------
---------baggage detected by sensor------------- 
Baggage weighs: 18.67 kg
baggage is on conveyor belt-------
---------baggage detected by sensor------------- 
Baggage weighs: 16.98 kg
baggage is on conveyor belt-------
---------baggage detected by sensor------------- 
Baggage weighs: 21.26 kg
baggage is on conveyor belt-------
---------baggage detected by sensor------------- 
Baggage weighs: 18.3 kg
baggage is on conveyor belt-------
---------baggage detected by sensor------------- 
Baggage weighs: 16.81 kg
baggage is on conveyor belt-------
---------baggage detected by sensor------------- 
Baggage weighs: 20.91 kg
baggage is on conveyor belt-------
---------baggage detected by sensor------------- 
Baggage weighs: 21.21 kg
baggage is on conveyor belt-------
---------baggage detected by sensor------------- 
Baggage weighs: 19.69 kg
baggage is on conveyor belt-------
---------baggage detected by sensor------------- 
Baggage weighs: 18.67 kg
baggage is on conveyor belt-------
---------baggage detected by sensor------------- 
Baggage weighs: 19.12 kg
baggage is on conveyor belt-------
---------baggage detected by sensor------------- 
Baggage weighs: 16.42 kg
baggage is on conveyor belt-------
---------baggage detected by sensor------------- 
Baggage weighs: 19.17 kg
baggage is on conveyor belt-------
---------baggage detected by sensor------------- 
Baggage weighs: 19.0 kg
baggage is on conveyor belt-------
---------baggage detected by sensor------------- 
Baggage weighs: 18.78 kg
baggage is on conveyor belt-------
---------baggage detected by sensor------------- 
Baggage weighs: 20.31 kg
baggage is on conveyor belt-------
---------baggage detected by sensor------------- 
Baggage weighs: 21.25 kg
baggage is on conveyor belt-------
---------baggage detected by sensor------------- 
Baggage weighs: 18.87 kg
baggage is on conveyor belt-------
---------baggage detected by sensor------------- 
Baggage weighs: 16.25 kg
baggage is on conveyor belt-------
---------baggage detected by sensor------------- 
Baggage weighs: 19.94 kg
baggage is on conveyor belt-------
---------baggage detected by sensor------------- 
Baggage weighs: 16.88 kg
baggage is on conveyor belt-------
---------baggage detected by sensor------------- 
Baggage weighs: 18.24 kg
baggage is on conveyor belt-------
---------baggage detected by sensor------------- 
Baggage weighs: 17.16 kg
baggage is on conveyor belt-------
---------baggage detected by sensor------------- 
Baggage weighs: 19.34 kg
baggage is on conveyor belt-------
---------baggage detected by sensor------------- 
Baggage weighs: 22.41 kg
baggage is on conveyor belt-------
---------baggage detected by sensor------------- 
Baggage weighs: 20.47 kg
baggage is on conveyor belt-------
---------baggage detected by sensor------------- 
Baggage weighs: 18.81 kg
baggage is on conveyor belt-------
---------baggage detected by sensor------------- 
Baggage weighs: 18.56 kg
baggage is on conveyor belt-------
---------baggage detected by sensor------------- 
Baggage weighs: 17.77 kg
baggage is on conveyor belt-------
---------baggage detected by sensor------------- 
Baggage weighs: 19.32 kg
baggage is on conveyor belt-------
---------baggage detected by sensor------------- 
Baggage weighs: 19.21 kg
baggage is on conveyor belt-------
---------baggage detected by sensor------------- 
Baggage weighs: 19.13 kg
baggage is on conveyor belt-------
---------baggage detected by sensor------------- 
Baggage weighs: 20.39 kg
baggage is on conveyor belt-------
---------baggage detected by sensor------------- 
Baggage weighs: 21.03 kg
baggage is on conveyor belt-------
---------baggage detected by sensor------------- 
Baggage weighs: 20.05 kg
baggage is on conveyor belt-------
---------baggage detected by sensor------------- 
Baggage weighs: 21.92 kg
baggage is on conveyor belt-------
---------baggage detected by sensor------------- 
Baggage weighs: 19.37 kg
baggage is on conveyor belt-------
---------baggage detected by sensor------------- 
Baggage weighs: 20.35 kg
baggage is on conveyor belt-------
---------baggage detected by sensor------------- 
Baggage weighs: 18.73 kg
baggage is on conveyor belt-------
---------baggage detected by sensor------------- 
Baggage weighs: 20.33 kg
baggage is on conveyor belt-------
---------baggage detected by sensor------------- 
Baggage weighs: 22.01 kg
baggage is on conveyor belt-------
---------baggage detected by sensor------------- 
Baggage weighs: 19.27 kg
baggage is on conveyor belt-------
---------baggage detected by sensor------------- 
Baggage weighs: 21.18 kg
baggage is on conveyor belt-------
---------baggage detected by sensor------------- 
Baggage weighs: 17.16 kg
baggage is on conveyor belt-------
---------baggage detected by sensor------------- 
Baggage weighs: 20.04 kg
baggage is on conveyor belt-------
---------baggage detected by sensor------------- 
Baggage weighs: 20.91 kg
baggage is on conveyor belt-------
---------baggage detected by sensor------------- 
Baggage weighs: 20.3 kg
baggage is on conveyor belt-------
---------baggage detected by sensor------------- 
Baggage weighs: 20.38 kg
baggage is on conveyor belt-------
---------baggage detected by sensor------------- 
Baggage weighs: 16.54 kg
baggage is on conveyor belt-------
---------baggage detected by sensor------------- 
Baggage weighs: 18.87 kg
baggage is on conveyor belt-------
---------baggage detected by sensor------------- 
Baggage weighs: 20.22 kg
baggage is on conveyor belt-------
---------baggage detected by sensor------------- 
Baggage weighs: 20.75 kg
baggage is on conveyor belt-------
---------baggage detected by sensor------------- 
Baggage weighs: 17.4 kg
baggage is on conveyor belt-------
---------baggage detected by sensor------------- 
Baggage weighs: 20.27 kg
baggage is on conveyor belt-------
---------baggage detected by sensor------------- 
Baggage weighs: 17.04 kg
baggage is on conveyor belt-------
---------baggage detected by sensor------------- 
Baggage weighs: 19.84 kg
baggage is on conveyor belt-------
---------baggage detected by sensor------------- 
Baggage weighs: 17.34 kg
baggage is on conveyor belt-------
---------baggage detected by sensor------------- 
Baggage weighs: 18.75 kg
baggage is on conveyor belt-------
---------baggage detected by sensor------------- 
Baggage weighs: 19.12 kg
baggage is on conveyor belt-------
---------baggage detected by sensor------------- 
Baggage weighs: 18.29 kg
baggage is on conveyor belt-------
---------baggage detected by sensor------------- 
Baggage weighs: 17.94 kg
baggage is on conveyor belt-------
---------baggage detected by sensor------------- 
Baggage weighs: 19.09 kg
baggage is on conveyor belt-------
---------baggage detected by sensor------------- 
Baggage weighs: 22.39 kg
baggage is on conveyor belt-------
---------baggage detected by sensor------------- 
Baggage weighs: 21.23 kg
baggage is on conveyor belt-------
---------baggage detected by sensor------------- 
Baggage weighs: 17.56 kg
baggage is on conveyor belt-------
---------baggage detected by sensor------------- 
Baggage weighs: 18.37 kg
baggage is on conveyor belt-------
---------baggage detected by sensor------------- 
Baggage weighs: 21.4 kg
baggage is on conveyor belt-------
---------baggage detected by sensor------------- 
Baggage weighs: 20.25 kg
baggage is on conveyor belt-------
---------baggage detected by sensor------------- 
Baggage weighs: 23.0 kg
baggage is on conveyor belt-------
---------baggage detected by sensor------------- 
Baggage weighs: 17.01 kg
baggage is on conveyor belt-------
---------baggage detected by sensor------------- 
Baggage weighs: 17.39 kg
baggage is on conveyor belt-------
---------baggage detected by sensor------------- 
Baggage weighs: 16.7 kg
baggage is on conveyor belt-------
---------baggage detected by sensor------------- 
Baggage weighs: 16.23 kg
baggage is on conveyor belt-------
---------baggage detected by sensor------------- 
Baggage weighs: 19.13 kg
baggage is on conveyor belt-------
---------baggage detected by sensor------------- 
Baggage weighs: 21.07 kg
baggage is on conveyor belt-------
---------baggage detected by sensor------------- 
Baggage weighs: 17.87 kg
baggage is on conveyor belt-------
---------baggage detected by sensor------------- 
Baggage weighs: 19.92 kg
baggage is on conveyor belt-------
---------baggage detected by sensor------------- 
Baggage weighs: 19.22 kg
baggage is on conveyor belt-------
---------baggage detected by sensor------------- 
Baggage weighs: 21.53 kg
baggage is on conveyor belt-------
---------baggage detected by sensor------------- 
Baggage weighs: 20.29 kg
baggage is on conveyor belt-------
---------baggage detected by sensor------------- 
Baggage weighs: 19.32 kg
baggage is on conveyor belt-------
---------baggage detected by sensor------------- 
Baggage weighs: 17.25 kg
baggage is on conveyor belt-------
---------baggage detected by sensor------------- 
Baggage weighs: 21.3 kg
baggage is on conveyor belt-------
---------baggage detected by sensor------------- 
Baggage weighs: 16.79 kg
baggage is on conveyor belt-------
---------baggage detected by sensor------------- 
Baggage weighs: 19.55 kg
baggage is on conveyor belt-------
---------baggage detected by sensor------------- 
Baggage weighs: 18.88 kg
baggage is on conveyor belt-------
---------baggage detected by sensor------------- 
Baggage weighs: 22.33 kg
baggage is on conveyor belt-------
---------baggage detected by sensor------------- 
Baggage weighs: 20.62 kg
baggage is on conveyor belt-------
---------baggage detected by sensor------------- 
Baggage weighs: 19.42 kg
baggage is on conveyor belt-------
---------baggage detected by sensor------------- 
Baggage weighs: 17.54 kg
baggage is on conveyor belt-------
---------baggage detected by sensor------------- 
Baggage weighs: 21.51 kg
baggage is on conveyor belt-------
---------baggage detected by sensor------------- 
Baggage weighs: 19.46 kg
baggage is on conveyor belt-------
---------baggage detected by sensor------------- 
Baggage weighs: 17.83 kg
baggage is on conveyor belt-------
---------baggage detected by sensor------------- 
Baggage weighs: 17.75 kg
baggage is on conveyor belt-------
---------baggage detected by sensor------------- 
Baggage weighs: 17.44 kg
baggage is on conveyor belt-------
---------baggage detected by sensor------------- 
Baggage weighs: 19.53 kg
baggage is on conveyor belt-------
---------baggage detected by sensor------------- 
Baggage weighs: 17.51 kg
baggage is on conveyor belt-------
---------baggage detected by sensor------------- 
Baggage weighs: 18.2 kg
baggage is on conveyor belt-------
---------baggage detected by sensor------------- 
Baggage weighs: 21.55 kg
baggage is on conveyor belt-------
---------baggage detected by sensor------------- 
Baggage weighs: 19.67 kg
baggage is on conveyor belt-------
---------baggage detected by sensor------------- 
Baggage weighs: 19.52 kg
baggage is on conveyor belt-------
---------baggage detected by sensor------------- 
Baggage weighs: 21.06 kg
baggage is on conveyor belt-------
---------baggage detected by sensor------------- 
Baggage weighs: 17.44 kg
baggage is on conveyor belt-------
---------baggage detected by sensor------------- 
Baggage weighs: 19.21 kg
baggage is on conveyor belt-------
---------baggage detected by sensor------------- 
Baggage weighs: 21.65 kg
baggage is on conveyor belt-------
---------baggage detected by sensor------------- 
Baggage weighs: 19.64 kg
baggage is on conveyor belt-------
---------baggage detected by sensor------------- 
Baggage weighs: 21.03 kg
baggage is on conveyor belt-------
---------baggage detected by sensor------------- 
Baggage weighs: 19.76 kg
baggage is on conveyor belt-------
---------baggage detected by sensor------------- 
Baggage weighs: 21.01 kg
baggage is on conveyor belt-------
---------baggage detected by sensor------------- 
Baggage weighs: 19.11 kg
baggage is on conveyor belt-------
---------baggage detected by sensor------------- 
Baggage weighs: 18.54 kg
baggage is on conveyor belt-------
---------baggage detected by sensor------------- 
Baggage weighs: 16.86 kg
baggage is on conveyor belt-------
---------baggage detected by sensor------------- 
Baggage weighs: 16.59 kg
baggage is on conveyor belt-------
---------baggage detected by sensor------------- 
Baggage weighs: 19.26 kg
baggage is on conveyor belt-------
---------baggage detected by sensor------------- 
Baggage weighs: 18.34 kg
baggage is on conveyor belt-------
---------baggage detected by sensor------------- 
Baggage weighs: 19.09 kg
baggage is on conveyor belt-------
---------baggage detected by sensor------------- 
Baggage weighs: 22.38 kg
baggage is on conveyor belt-------
---------baggage detected by sensor------------- 
Baggage weighs: 22.12 kg
baggage is on conveyor belt-------
---------baggage detected by sensor------------- 
Baggage weighs: 16.75 kg
baggage is on conveyor belt-------
---------baggage detected by sensor------------- 
Baggage weighs: 20.36 kg
baggage is on conveyor belt-------
---------baggage detected by sensor------------- 
Baggage weighs: 20.94 kg
baggage is on conveyor belt-------
---------baggage detected by sensor------------- 
Baggage weighs: 19.8 kg
baggage is on conveyor belt-------
---------baggage detected by sensor------------- 
Baggage weighs: 19.12 kg
baggage is on conveyor belt-------
---------baggage detected by sensor------------- 
Baggage weighs: 16.93 kg
baggage is on conveyor belt-------
---------baggage detected by sensor------------- 
Baggage weighs: 20.48 kg
baggage is on conveyor belt-------
---------baggage detected by sensor------------- 
Baggage weighs: 17.63 kg
baggage is on conveyor belt-------
---------baggage detected by sensor------------- 
Baggage weighs: 19.86 kg
baggage is on conveyor belt-------
---------baggage detected by sensor------------- 
Baggage weighs: 19.4 kg
baggage is on conveyor belt-------
---------baggage detected by sensor------------- 
Baggage weighs: 19.0 kg
baggage is on conveyor belt-------
---------baggage detected by sensor------------- 
Baggage weighs: 20.5 kg
baggage is on conveyor belt-------
---------baggage detected by sensor------------- 
Baggage weighs: 21.9 kg
baggage is on conveyor belt-------
---------baggage detected by sensor------------- 
Baggage weighs: 19.82 kg
baggage is on conveyor belt-------
---------baggage detected by sensor------------- 
Baggage weighs: 18.98 kg
baggage is on conveyor belt-------
---------baggage detected by sensor------------- 
Baggage weighs: 19.28 kg
baggage is on conveyor belt-------
---------baggage detected by sensor------------- 
Baggage weighs: 18.06 kg
baggage is on conveyor belt-------
---------baggage detected by sensor------------- 
Baggage weighs: 20.2 kg
baggage is on conveyor belt-------
---------baggage detected by sensor------------- 
Baggage weighs: 19.74 kg
baggage is on conveyor belt-------
---------baggage detected by sensor------------- 
Baggage weighs: 17.44 kg
baggage is on conveyor belt-------
---------baggage detected by sensor------------- 
Baggage weighs: 19.36 kg
baggage is on conveyor belt-------
---------baggage detected by sensor------------- 
Baggage weighs: 20.4 kg
baggage is on conveyor belt-------
---------baggage detected by sensor------------- 
Baggage weighs: 18.92 kg
baggage is on conveyor belt-------
---------baggage detected by sensor------------- 
Baggage weighs: 18.48 kg
baggage is on conveyor belt-------
---------baggage detected by sensor------------- 
Baggage weighs: 17.34 kg
baggage is on conveyor belt-------
---------baggage detected by sensor------------- 
Baggage weighs: 20.57 kg
baggage is on conveyor belt-------
---------baggage detected by sensor------------- 
Baggage weighs: 17.19 kg
baggage is on conveyor belt-------
---------baggage detected by sensor------------- 
Baggage weighs: 18.25 kg
baggage is on conveyor belt-------
---------baggage detected by sensor------------- 
Baggage weighs: 19.29 kg
baggage is on conveyor belt-------
---------baggage detected by sensor------------- 
Baggage weighs: 16.86 kg
baggage is on conveyor belt-------
---------baggage detected by sensor------------- 
Baggage weighs: 19.34 kg
baggage is on conveyor belt-------
---------baggage detected by sensor------------- 
Baggage weighs: 19.32 kg
baggage is on conveyor belt-------
---------baggage detected by sensor------------- 
Baggage weighs: 18.15 kg
baggage is on conveyor belt-------
---------baggage detected by sensor------------- 
Baggage weighs: 18.98 kg
baggage is on conveyor belt-------
---------baggage detected by sensor------------- 
Baggage weighs: 21.84 kg
baggage is on conveyor belt-------
---------baggage detected by sensor------------- 
Baggage weighs: 20.53 kg
baggage is on conveyor belt-------
---------baggage detected by sensor------------- 
Baggage weighs: 20.62 kg
baggage is on conveyor belt-------
---------baggage detected by sensor------------- 
Baggage weighs: 20.7 kg
baggage is on conveyor belt-------
---------baggage detected by sensor------------- 
Baggage weighs: 19.64 kg
baggage is on conveyor belt-------
---------baggage detected by sensor------------- 
Baggage weighs: 16.11 kg
baggage is on conveyor belt-------
---------baggage detected by sensor------------- 
Baggage weighs: 22.24 kg
baggage is on conveyor belt-------
---------baggage detected by sensor------------- 
Baggage weighs: 21.47 kg
baggage is on conveyor belt-------
---------baggage detected by sensor------------- 
Baggage weighs: 20.73 kg
baggage is on conveyor belt-------
---------baggage detected by sensor------------- 
Baggage weighs: 19.51 kg
baggage is on conveyor belt-------
---------baggage detected by sensor------------- 
Baggage weighs: 20.11 kg
baggage is on conveyor belt-------
---------baggage detected by sensor------------- 
Baggage weighs: 20.36 kg
baggage is on conveyor belt-------
---------baggage detected by sensor------------- 
Baggage weighs: 18.84 kg
baggage is on conveyor belt-------
---------baggage detected by sensor------------- 
Baggage weighs: 22.61 kg
baggage is on conveyor belt-------
---------baggage detected by sensor------------- 
Baggage weighs: 20.07 kg
baggage is on conveyor belt-------
---------baggage detected by sensor------------- 
Baggage weighs: 20.28 kg
baggage is on conveyor belt-------
---------baggage detected by sensor------------- 
Baggage weighs: 17.9 kg
baggage is on conveyor belt-------
---------baggage detected by sensor------------- 
Baggage weighs: 18.13 kg
baggage is on conveyor belt-------
---------baggage detected by sensor------------- 
Baggage weighs: 18.32 kg
baggage is on conveyor belt-------
---------baggage detected by sensor------------- 
Baggage weighs: 19.3 kg
baggage is on conveyor belt-------
---------baggage detected by sensor------------- 
Baggage weighs: 21.34 kg
baggage is on conveyor belt-------
---------baggage detected by sensor------------- 
Baggage weighs: 19.74 kg
baggage is on conveyor belt-------
---------baggage detected by sensor------------- 
Baggage weighs: 18.46 kg
baggage is on conveyor belt-------
---------baggage detected by sensor------------- 
Baggage weighs: 19.49 kg
baggage is on conveyor belt-------
---------baggage detected by sensor------------- 
Baggage weighs: 17.97 kg
baggage is on conveyor belt-------
---------baggage detected by sensor------------- 
Baggage weighs: 21.32 kg
baggage is on conveyor belt-------
---------baggage detected by sensor------------- 
Baggage weighs: 16.41 kg
baggage is on conveyor belt-------
---------baggage detected by sensor------------- 
Baggage weighs: 16.36 kg
baggage is on conveyor belt-------
---------baggage detected by sensor------------- 
Baggage weighs: 16.24 kg
baggage is on conveyor belt-------
---------baggage detected by sensor------------- 
Baggage weighs: 16.65 kg
baggage is on conveyor belt-------
---------baggage detected by sensor------------- 
Baggage weighs: 20.17 kg
Seat with ID: 35E has been reserved for you!

BOARDING PASS FOR IVA SALAZAR
-----------------------------------------------------------------------------
LUFTHANSA                      m9atmaodonvasrd /  Iva Salazar
Iva Salazar                                     /  m9atmaodonvasrd
FRA   LH2121   E  30.Oct                       /  FRA
HKG                                            /  HKG
SEAT ID: 35E                                   /  LH2121 E 30.Oct
SEQ: 184                                      / GATE: A05   22:00
MAX 1  HANDLUGGAGE/ LUGGAGE
-----------------------------------------------------------------------------
sorry Iva Salazar we have no voucher for you! Have a nice day!

---------------------------------------------------------------------------------------------------------------
scanning passport with passport id: IHDHQBGTS
searching for ticket in fast bag drop database..............
Ticket found for Steven Castillo and Flight LH2121
----searching flight seat for Steven Castillo---------
Found a seat with ID 35G
Below details were found in database
------------------------------------------
Name: Steven Castillo
Flight ID: LH2121
Source: FRA
Destination: HKG
Gate No: A05
Boarding time: 22:00
Ticket ID: fg010z4q1aa77zm
Booking Class: E
------------------------------------------

Proceed with check-in for flight LH2121 ?
Type YES to CHECK-IN or NO to cancel CHECK-IN
Steven Castillo is deciding whether to check-in or to go back home and sleep............
YES CHECK-IN
Checking you in...............
baggage is on conveyor belt-------
---------baggage detected by sensor------------- 
Baggage weighs: 21.58 kg
baggage is on conveyor belt-------
---------baggage detected by sensor------------- 
Baggage weighs: 20.43 kg
baggage is on conveyor belt-------
---------baggage detected by sensor------------- 
Baggage weighs: 18.47 kg
baggage is on conveyor belt-------
---------baggage detected by sensor------------- 
Baggage weighs: 17.86 kg
baggage is on conveyor belt-------
---------baggage detected by sensor------------- 
Baggage weighs: 18.65 kg
baggage is on conveyor belt-------
---------baggage detected by sensor------------- 
Baggage weighs: 19.27 kg
baggage is on conveyor belt-------
---------baggage detected by sensor------------- 
Baggage weighs: 17.42 kg
baggage is on conveyor belt-------
---------baggage detected by sensor------------- 
Baggage weighs: 19.16 kg
baggage is on conveyor belt-------
---------baggage detected by sensor------------- 
Baggage weighs: 19.52 kg
baggage is on conveyor belt-------
---------baggage detected by sensor------------- 
Baggage weighs: 17.51 kg
baggage is on conveyor belt-------
---------baggage detected by sensor------------- 
Baggage weighs: 17.38 kg
baggage is on conveyor belt-------
---------baggage detected by sensor------------- 
Baggage weighs: 18.67 kg
baggage is on conveyor belt-------
---------baggage detected by sensor------------- 
Baggage weighs: 16.98 kg
baggage is on conveyor belt-------
---------baggage detected by sensor------------- 
Baggage weighs: 21.26 kg
baggage is on conveyor belt-------
---------baggage detected by sensor------------- 
Baggage weighs: 18.3 kg
baggage is on conveyor belt-------
---------baggage detected by sensor------------- 
Baggage weighs: 16.81 kg
baggage is on conveyor belt-------
---------baggage detected by sensor------------- 
Baggage weighs: 20.91 kg
baggage is on conveyor belt-------
---------baggage detected by sensor------------- 
Baggage weighs: 21.21 kg
baggage is on conveyor belt-------
---------baggage detected by sensor------------- 
Baggage weighs: 19.69 kg
baggage is on conveyor belt-------
---------baggage detected by sensor------------- 
Baggage weighs: 18.67 kg
baggage is on conveyor belt-------
---------baggage detected by sensor------------- 
Baggage weighs: 19.12 kg
baggage is on conveyor belt-------
---------baggage detected by sensor------------- 
Baggage weighs: 16.42 kg
baggage is on conveyor belt-------
---------baggage detected by sensor------------- 
Baggage weighs: 19.17 kg
baggage is on conveyor belt-------
---------baggage detected by sensor------------- 
Baggage weighs: 19.0 kg
baggage is on conveyor belt-------
---------baggage detected by sensor------------- 
Baggage weighs: 18.78 kg
baggage is on conveyor belt-------
---------baggage detected by sensor------------- 
Baggage weighs: 20.31 kg
baggage is on conveyor belt-------
---------baggage detected by sensor------------- 
Baggage weighs: 21.25 kg
baggage is on conveyor belt-------
---------baggage detected by sensor------------- 
Baggage weighs: 18.87 kg
baggage is on conveyor belt-------
---------baggage detected by sensor------------- 
Baggage weighs: 16.25 kg
baggage is on conveyor belt-------
---------baggage detected by sensor------------- 
Baggage weighs: 19.94 kg
baggage is on conveyor belt-------
---------baggage detected by sensor------------- 
Baggage weighs: 16.88 kg
baggage is on conveyor belt-------
---------baggage detected by sensor------------- 
Baggage weighs: 18.24 kg
baggage is on conveyor belt-------
---------baggage detected by sensor------------- 
Baggage weighs: 17.16 kg
baggage is on conveyor belt-------
---------baggage detected by sensor------------- 
Baggage weighs: 19.34 kg
baggage is on conveyor belt-------
---------baggage detected by sensor------------- 
Baggage weighs: 22.41 kg
baggage is on conveyor belt-------
---------baggage detected by sensor------------- 
Baggage weighs: 20.47 kg
baggage is on conveyor belt-------
---------baggage detected by sensor------------- 
Baggage weighs: 18.81 kg
baggage is on conveyor belt-------
---------baggage detected by sensor------------- 
Baggage weighs: 18.56 kg
baggage is on conveyor belt-------
---------baggage detected by sensor------------- 
Baggage weighs: 17.77 kg
baggage is on conveyor belt-------
---------baggage detected by sensor------------- 
Baggage weighs: 19.32 kg
baggage is on conveyor belt-------
---------baggage detected by sensor------------- 
Baggage weighs: 19.21 kg
baggage is on conveyor belt-------
---------baggage detected by sensor------------- 
Baggage weighs: 19.13 kg
baggage is on conveyor belt-------
---------baggage detected by sensor------------- 
Baggage weighs: 20.39 kg
baggage is on conveyor belt-------
---------baggage detected by sensor------------- 
Baggage weighs: 21.03 kg
baggage is on conveyor belt-------
---------baggage detected by sensor------------- 
Baggage weighs: 20.05 kg
baggage is on conveyor belt-------
---------baggage detected by sensor------------- 
Baggage weighs: 21.92 kg
baggage is on conveyor belt-------
---------baggage detected by sensor------------- 
Baggage weighs: 19.37 kg
baggage is on conveyor belt-------
---------baggage detected by sensor------------- 
Baggage weighs: 20.35 kg
baggage is on conveyor belt-------
---------baggage detected by sensor------------- 
Baggage weighs: 18.73 kg
baggage is on conveyor belt-------
---------baggage detected by sensor------------- 
Baggage weighs: 20.33 kg
baggage is on conveyor belt-------
---------baggage detected by sensor------------- 
Baggage weighs: 22.01 kg
baggage is on conveyor belt-------
---------baggage detected by sensor------------- 
Baggage weighs: 19.27 kg
baggage is on conveyor belt-------
---------baggage detected by sensor------------- 
Baggage weighs: 21.18 kg
baggage is on conveyor belt-------
---------baggage detected by sensor------------- 
Baggage weighs: 17.16 kg
baggage is on conveyor belt-------
---------baggage detected by sensor------------- 
Baggage weighs: 20.04 kg
baggage is on conveyor belt-------
---------baggage detected by sensor------------- 
Baggage weighs: 20.91 kg
baggage is on conveyor belt-------
---------baggage detected by sensor------------- 
Baggage weighs: 20.3 kg
baggage is on conveyor belt-------
---------baggage detected by sensor------------- 
Baggage weighs: 20.38 kg
baggage is on conveyor belt-------
---------baggage detected by sensor------------- 
Baggage weighs: 16.54 kg
baggage is on conveyor belt-------
---------baggage detected by sensor------------- 
Baggage weighs: 18.87 kg
baggage is on conveyor belt-------
---------baggage detected by sensor------------- 
Baggage weighs: 20.22 kg
baggage is on conveyor belt-------
---------baggage detected by sensor------------- 
Baggage weighs: 20.75 kg
baggage is on conveyor belt-------
---------baggage detected by sensor------------- 
Baggage weighs: 17.4 kg
baggage is on conveyor belt-------
---------baggage detected by sensor------------- 
Baggage weighs: 20.27 kg
baggage is on conveyor belt-------
---------baggage detected by sensor------------- 
Baggage weighs: 17.04 kg
baggage is on conveyor belt-------
---------baggage detected by sensor------------- 
Baggage weighs: 19.84 kg
baggage is on conveyor belt-------
---------baggage detected by sensor------------- 
Baggage weighs: 17.34 kg
baggage is on conveyor belt-------
---------baggage detected by sensor------------- 
Baggage weighs: 18.75 kg
baggage is on conveyor belt-------
---------baggage detected by sensor------------- 
Baggage weighs: 19.12 kg
baggage is on conveyor belt-------
---------baggage detected by sensor------------- 
Baggage weighs: 18.29 kg
baggage is on conveyor belt-------
---------baggage detected by sensor------------- 
Baggage weighs: 17.94 kg
baggage is on conveyor belt-------
---------baggage detected by sensor------------- 
Baggage weighs: 19.09 kg
baggage is on conveyor belt-------
---------baggage detected by sensor------------- 
Baggage weighs: 22.39 kg
baggage is on conveyor belt-------
---------baggage detected by sensor------------- 
Baggage weighs: 21.23 kg
baggage is on conveyor belt-------
---------baggage detected by sensor------------- 
Baggage weighs: 17.56 kg
baggage is on conveyor belt-------
---------baggage detected by sensor------------- 
Baggage weighs: 18.37 kg
baggage is on conveyor belt-------
---------baggage detected by sensor------------- 
Baggage weighs: 21.4 kg
baggage is on conveyor belt-------
---------baggage detected by sensor------------- 
Baggage weighs: 20.25 kg
baggage is on conveyor belt-------
---------baggage detected by sensor------------- 
Baggage weighs: 23.0 kg
baggage is on conveyor belt-------
---------baggage detected by sensor------------- 
Baggage weighs: 17.01 kg
baggage is on conveyor belt-------
---------baggage detected by sensor------------- 
Baggage weighs: 17.39 kg
baggage is on conveyor belt-------
---------baggage detected by sensor------------- 
Baggage weighs: 16.7 kg
baggage is on conveyor belt-------
---------baggage detected by sensor------------- 
Baggage weighs: 16.23 kg
baggage is on conveyor belt-------
---------baggage detected by sensor------------- 
Baggage weighs: 19.13 kg
baggage is on conveyor belt-------
---------baggage detected by sensor------------- 
Baggage weighs: 21.07 kg
baggage is on conveyor belt-------
---------baggage detected by sensor------------- 
Baggage weighs: 17.87 kg
baggage is on conveyor belt-------
---------baggage detected by sensor------------- 
Baggage weighs: 19.92 kg
baggage is on conveyor belt-------
---------baggage detected by sensor------------- 
Baggage weighs: 19.22 kg
baggage is on conveyor belt-------
---------baggage detected by sensor------------- 
Baggage weighs: 21.53 kg
baggage is on conveyor belt-------
---------baggage detected by sensor------------- 
Baggage weighs: 20.29 kg
baggage is on conveyor belt-------
---------baggage detected by sensor------------- 
Baggage weighs: 19.32 kg
baggage is on conveyor belt-------
---------baggage detected by sensor------------- 
Baggage weighs: 17.25 kg
baggage is on conveyor belt-------
---------baggage detected by sensor------------- 
Baggage weighs: 21.3 kg
baggage is on conveyor belt-------
---------baggage detected by sensor------------- 
Baggage weighs: 16.79 kg
baggage is on conveyor belt-------
---------baggage detected by sensor------------- 
Baggage weighs: 19.55 kg
baggage is on conveyor belt-------
---------baggage detected by sensor------------- 
Baggage weighs: 18.88 kg
baggage is on conveyor belt-------
---------baggage detected by sensor------------- 
Baggage weighs: 22.33 kg
baggage is on conveyor belt-------
---------baggage detected by sensor------------- 
Baggage weighs: 20.62 kg
baggage is on conveyor belt-------
---------baggage detected by sensor------------- 
Baggage weighs: 19.42 kg
baggage is on conveyor belt-------
---------baggage detected by sensor------------- 
Baggage weighs: 17.54 kg
baggage is on conveyor belt-------
---------baggage detected by sensor------------- 
Baggage weighs: 21.51 kg
baggage is on conveyor belt-------
---------baggage detected by sensor------------- 
Baggage weighs: 19.46 kg
baggage is on conveyor belt-------
---------baggage detected by sensor------------- 
Baggage weighs: 17.83 kg
baggage is on conveyor belt-------
---------baggage detected by sensor------------- 
Baggage weighs: 17.75 kg
baggage is on conveyor belt-------
---------baggage detected by sensor------------- 
Baggage weighs: 17.44 kg
baggage is on conveyor belt-------
---------baggage detected by sensor------------- 
Baggage weighs: 19.53 kg
baggage is on conveyor belt-------
---------baggage detected by sensor------------- 
Baggage weighs: 17.51 kg
baggage is on conveyor belt-------
---------baggage detected by sensor------------- 
Baggage weighs: 18.2 kg
baggage is on conveyor belt-------
---------baggage detected by sensor------------- 
Baggage weighs: 21.55 kg
baggage is on conveyor belt-------
---------baggage detected by sensor------------- 
Baggage weighs: 19.67 kg
baggage is on conveyor belt-------
---------baggage detected by sensor------------- 
Baggage weighs: 19.52 kg
baggage is on conveyor belt-------
---------baggage detected by sensor------------- 
Baggage weighs: 21.06 kg
baggage is on conveyor belt-------
---------baggage detected by sensor------------- 
Baggage weighs: 17.44 kg
baggage is on conveyor belt-------
---------baggage detected by sensor------------- 
Baggage weighs: 19.21 kg
baggage is on conveyor belt-------
---------baggage detected by sensor------------- 
Baggage weighs: 21.65 kg
baggage is on conveyor belt-------
---------baggage detected by sensor------------- 
Baggage weighs: 19.64 kg
baggage is on conveyor belt-------
---------baggage detected by sensor------------- 
Baggage weighs: 21.03 kg
baggage is on conveyor belt-------
---------baggage detected by sensor------------- 
Baggage weighs: 19.76 kg
baggage is on conveyor belt-------
---------baggage detected by sensor------------- 
Baggage weighs: 21.01 kg
baggage is on conveyor belt-------
---------baggage detected by sensor------------- 
Baggage weighs: 19.11 kg
baggage is on conveyor belt-------
---------baggage detected by sensor------------- 
Baggage weighs: 18.54 kg
baggage is on conveyor belt-------
---------baggage detected by sensor------------- 
Baggage weighs: 16.86 kg
baggage is on conveyor belt-------
---------baggage detected by sensor------------- 
Baggage weighs: 16.59 kg
baggage is on conveyor belt-------
---------baggage detected by sensor------------- 
Baggage weighs: 19.26 kg
baggage is on conveyor belt-------
---------baggage detected by sensor------------- 
Baggage weighs: 18.34 kg
baggage is on conveyor belt-------
---------baggage detected by sensor------------- 
Baggage weighs: 19.09 kg
baggage is on conveyor belt-------
---------baggage detected by sensor------------- 
Baggage weighs: 22.38 kg
baggage is on conveyor belt-------
---------baggage detected by sensor------------- 
Baggage weighs: 22.12 kg
baggage is on conveyor belt-------
---------baggage detected by sensor------------- 
Baggage weighs: 16.75 kg
baggage is on conveyor belt-------
---------baggage detected by sensor------------- 
Baggage weighs: 20.36 kg
baggage is on conveyor belt-------
---------baggage detected by sensor------------- 
Baggage weighs: 20.94 kg
baggage is on conveyor belt-------
---------baggage detected by sensor------------- 
Baggage weighs: 19.8 kg
baggage is on conveyor belt-------
---------baggage detected by sensor------------- 
Baggage weighs: 19.12 kg
baggage is on conveyor belt-------
---------baggage detected by sensor------------- 
Baggage weighs: 16.93 kg
baggage is on conveyor belt-------
---------baggage detected by sensor------------- 
Baggage weighs: 20.48 kg
baggage is on conveyor belt-------
---------baggage detected by sensor------------- 
Baggage weighs: 17.63 kg
baggage is on conveyor belt-------
---------baggage detected by sensor------------- 
Baggage weighs: 19.86 kg
baggage is on conveyor belt-------
---------baggage detected by sensor------------- 
Baggage weighs: 19.4 kg
baggage is on conveyor belt-------
---------baggage detected by sensor------------- 
Baggage weighs: 19.0 kg
baggage is on conveyor belt-------
---------baggage detected by sensor------------- 
Baggage weighs: 20.5 kg
baggage is on conveyor belt-------
---------baggage detected by sensor------------- 
Baggage weighs: 21.9 kg
baggage is on conveyor belt-------
---------baggage detected by sensor------------- 
Baggage weighs: 19.82 kg
baggage is on conveyor belt-------
---------baggage detected by sensor------------- 
Baggage weighs: 18.98 kg
baggage is on conveyor belt-------
---------baggage detected by sensor------------- 
Baggage weighs: 19.28 kg
baggage is on conveyor belt-------
---------baggage detected by sensor------------- 
Baggage weighs: 18.06 kg
baggage is on conveyor belt-------
---------baggage detected by sensor------------- 
Baggage weighs: 20.2 kg
baggage is on conveyor belt-------
---------baggage detected by sensor------------- 
Baggage weighs: 19.74 kg
baggage is on conveyor belt-------
---------baggage detected by sensor------------- 
Baggage weighs: 17.44 kg
baggage is on conveyor belt-------
---------baggage detected by sensor------------- 
Baggage weighs: 19.36 kg
baggage is on conveyor belt-------
---------baggage detected by sensor------------- 
Baggage weighs: 20.4 kg
baggage is on conveyor belt-------
---------baggage detected by sensor------------- 
Baggage weighs: 18.92 kg
baggage is on conveyor belt-------
---------baggage detected by sensor------------- 
Baggage weighs: 18.48 kg
baggage is on conveyor belt-------
---------baggage detected by sensor------------- 
Baggage weighs: 17.34 kg
baggage is on conveyor belt-------
---------baggage detected by sensor------------- 
Baggage weighs: 20.57 kg
baggage is on conveyor belt-------
---------baggage detected by sensor------------- 
Baggage weighs: 17.19 kg
baggage is on conveyor belt-------
---------baggage detected by sensor------------- 
Baggage weighs: 18.25 kg
baggage is on conveyor belt-------
---------baggage detected by sensor------------- 
Baggage weighs: 19.29 kg
baggage is on conveyor belt-------
---------baggage detected by sensor------------- 
Baggage weighs: 16.86 kg
baggage is on conveyor belt-------
---------baggage detected by sensor------------- 
Baggage weighs: 19.34 kg
baggage is on conveyor belt-------
---------baggage detected by sensor------------- 
Baggage weighs: 19.32 kg
baggage is on conveyor belt-------
---------baggage detected by sensor------------- 
Baggage weighs: 18.15 kg
baggage is on conveyor belt-------
---------baggage detected by sensor------------- 
Baggage weighs: 18.98 kg
baggage is on conveyor belt-------
---------baggage detected by sensor------------- 
Baggage weighs: 21.84 kg
baggage is on conveyor belt-------
---------baggage detected by sensor------------- 
Baggage weighs: 20.53 kg
baggage is on conveyor belt-------
---------baggage detected by sensor------------- 
Baggage weighs: 20.62 kg
baggage is on conveyor belt-------
---------baggage detected by sensor------------- 
Baggage weighs: 20.7 kg
baggage is on conveyor belt-------
---------baggage detected by sensor------------- 
Baggage weighs: 19.64 kg
baggage is on conveyor belt-------
---------baggage detected by sensor------------- 
Baggage weighs: 16.11 kg
baggage is on conveyor belt-------
---------baggage detected by sensor------------- 
Baggage weighs: 22.24 kg
baggage is on conveyor belt-------
---------baggage detected by sensor------------- 
Baggage weighs: 21.47 kg
baggage is on conveyor belt-------
---------baggage detected by sensor------------- 
Baggage weighs: 20.73 kg
baggage is on conveyor belt-------
---------baggage detected by sensor------------- 
Baggage weighs: 19.51 kg
baggage is on conveyor belt-------
---------baggage detected by sensor------------- 
Baggage weighs: 20.11 kg
baggage is on conveyor belt-------
---------baggage detected by sensor------------- 
Baggage weighs: 20.36 kg
baggage is on conveyor belt-------
---------baggage detected by sensor------------- 
Baggage weighs: 18.84 kg
baggage is on conveyor belt-------
---------baggage detected by sensor------------- 
Baggage weighs: 22.61 kg
baggage is on conveyor belt-------
---------baggage detected by sensor------------- 
Baggage weighs: 20.07 kg
baggage is on conveyor belt-------
---------baggage detected by sensor------------- 
Baggage weighs: 20.28 kg
baggage is on conveyor belt-------
---------baggage detected by sensor------------- 
Baggage weighs: 17.9 kg
baggage is on conveyor belt-------
---------baggage detected by sensor------------- 
Baggage weighs: 18.13 kg
baggage is on conveyor belt-------
---------baggage detected by sensor------------- 
Baggage weighs: 18.32 kg
baggage is on conveyor belt-------
---------baggage detected by sensor------------- 
Baggage weighs: 19.3 kg
baggage is on conveyor belt-------
---------baggage detected by sensor------------- 
Baggage weighs: 21.34 kg
baggage is on conveyor belt-------
---------baggage detected by sensor------------- 
Baggage weighs: 19.74 kg
baggage is on conveyor belt-------
---------baggage detected by sensor------------- 
Baggage weighs: 18.46 kg
baggage is on conveyor belt-------
---------baggage detected by sensor------------- 
Baggage weighs: 19.49 kg
baggage is on conveyor belt-------
---------baggage detected by sensor------------- 
Baggage weighs: 17.97 kg
baggage is on conveyor belt-------
---------baggage detected by sensor------------- 
Baggage weighs: 21.32 kg
baggage is on conveyor belt-------
---------baggage detected by sensor------------- 
Baggage weighs: 16.41 kg
baggage is on conveyor belt-------
---------baggage detected by sensor------------- 
Baggage weighs: 16.36 kg
baggage is on conveyor belt-------
---------baggage detected by sensor------------- 
Baggage weighs: 16.24 kg
baggage is on conveyor belt-------
---------baggage detected by sensor------------- 
Baggage weighs: 16.65 kg
baggage is on conveyor belt-------
---------baggage detected by sensor------------- 
Baggage weighs: 20.17 kg
baggage is on conveyor belt-------
---------baggage detected by sensor------------- 
Baggage weighs: 21.08 kg
Seat with ID: 35G has been reserved for you!

BOARDING PASS FOR STEVEN CASTILLO
-----------------------------------------------------------------------------
LUFTHANSA                      fg010z4q1aa77zm /  Steven Castillo
Steven Castillo                                     /  fg010z4q1aa77zm
FRA   LH2121   E  30.Oct                       /  FRA
HKG                                            /  HKG
SEAT ID: 35G                                   /  LH2121 E 30.Oct
SEQ: 185                                      / GATE: A05   22:00
MAX 1  HANDLUGGAGE/ LUGGAGE
-----------------------------------------------------------------------------
sorry Steven Castillo we have no voucher for you! Have a nice day!

---------------------------------------------------------------------------------------------------------------
scanning passport with passport id: JMJWPXTQU
searching for ticket in fast bag drop database..............
Ticket found for Tammy Stevenson and Flight LH2121
----searching flight seat for Tammy Stevenson---------
Found a seat with ID 35H
Below details were found in database
------------------------------------------
Name: Tammy Stevenson
Flight ID: LH2121
Source: FRA
Destination: HKG
Gate No: A05
Boarding time: 22:00
Ticket ID: tn57a9x4wbvcoyz
Booking Class: E
------------------------------------------

Proceed with check-in for flight LH2121 ?
Type YES to CHECK-IN or NO to cancel CHECK-IN
Tammy Stevenson is deciding whether to check-in or to go back home and sleep............
YES CHECK-IN
Checking you in...............
baggage is on conveyor belt-------
---------baggage detected by sensor------------- 
Baggage weighs: 21.58 kg
baggage is on conveyor belt-------
---------baggage detected by sensor------------- 
Baggage weighs: 20.43 kg
baggage is on conveyor belt-------
---------baggage detected by sensor------------- 
Baggage weighs: 18.47 kg
baggage is on conveyor belt-------
---------baggage detected by sensor------------- 
Baggage weighs: 17.86 kg
baggage is on conveyor belt-------
---------baggage detected by sensor------------- 
Baggage weighs: 18.65 kg
baggage is on conveyor belt-------
---------baggage detected by sensor------------- 
Baggage weighs: 19.27 kg
baggage is on conveyor belt-------
---------baggage detected by sensor------------- 
Baggage weighs: 17.42 kg
baggage is on conveyor belt-------
---------baggage detected by sensor------------- 
Baggage weighs: 19.16 kg
baggage is on conveyor belt-------
---------baggage detected by sensor------------- 
Baggage weighs: 19.52 kg
baggage is on conveyor belt-------
---------baggage detected by sensor------------- 
Baggage weighs: 17.51 kg
baggage is on conveyor belt-------
---------baggage detected by sensor------------- 
Baggage weighs: 17.38 kg
baggage is on conveyor belt-------
---------baggage detected by sensor------------- 
Baggage weighs: 18.67 kg
baggage is on conveyor belt-------
---------baggage detected by sensor------------- 
Baggage weighs: 16.98 kg
baggage is on conveyor belt-------
---------baggage detected by sensor------------- 
Baggage weighs: 21.26 kg
baggage is on conveyor belt-------
---------baggage detected by sensor------------- 
Baggage weighs: 18.3 kg
baggage is on conveyor belt-------
---------baggage detected by sensor------------- 
Baggage weighs: 16.81 kg
baggage is on conveyor belt-------
---------baggage detected by sensor------------- 
Baggage weighs: 20.91 kg
baggage is on conveyor belt-------
---------baggage detected by sensor------------- 
Baggage weighs: 21.21 kg
baggage is on conveyor belt-------
---------baggage detected by sensor------------- 
Baggage weighs: 19.69 kg
baggage is on conveyor belt-------
---------baggage detected by sensor------------- 
Baggage weighs: 18.67 kg
baggage is on conveyor belt-------
---------baggage detected by sensor------------- 
Baggage weighs: 19.12 kg
baggage is on conveyor belt-------
---------baggage detected by sensor------------- 
Baggage weighs: 16.42 kg
baggage is on conveyor belt-------
---------baggage detected by sensor------------- 
Baggage weighs: 19.17 kg
baggage is on conveyor belt-------
---------baggage detected by sensor------------- 
Baggage weighs: 19.0 kg
baggage is on conveyor belt-------
---------baggage detected by sensor------------- 
Baggage weighs: 18.78 kg
baggage is on conveyor belt-------
---------baggage detected by sensor------------- 
Baggage weighs: 20.31 kg
baggage is on conveyor belt-------
---------baggage detected by sensor------------- 
Baggage weighs: 21.25 kg
baggage is on conveyor belt-------
---------baggage detected by sensor------------- 
Baggage weighs: 18.87 kg
baggage is on conveyor belt-------
---------baggage detected by sensor------------- 
Baggage weighs: 16.25 kg
baggage is on conveyor belt-------
---------baggage detected by sensor------------- 
Baggage weighs: 19.94 kg
baggage is on conveyor belt-------
---------baggage detected by sensor------------- 
Baggage weighs: 16.88 kg
baggage is on conveyor belt-------
---------baggage detected by sensor------------- 
Baggage weighs: 18.24 kg
baggage is on conveyor belt-------
---------baggage detected by sensor------------- 
Baggage weighs: 17.16 kg
baggage is on conveyor belt-------
---------baggage detected by sensor------------- 
Baggage weighs: 19.34 kg
baggage is on conveyor belt-------
---------baggage detected by sensor------------- 
Baggage weighs: 22.41 kg
baggage is on conveyor belt-------
---------baggage detected by sensor------------- 
Baggage weighs: 20.47 kg
baggage is on conveyor belt-------
---------baggage detected by sensor------------- 
Baggage weighs: 18.81 kg
baggage is on conveyor belt-------
---------baggage detected by sensor------------- 
Baggage weighs: 18.56 kg
baggage is on conveyor belt-------
---------baggage detected by sensor------------- 
Baggage weighs: 17.77 kg
baggage is on conveyor belt-------
---------baggage detected by sensor------------- 
Baggage weighs: 19.32 kg
baggage is on conveyor belt-------
---------baggage detected by sensor------------- 
Baggage weighs: 19.21 kg
baggage is on conveyor belt-------
---------baggage detected by sensor------------- 
Baggage weighs: 19.13 kg
baggage is on conveyor belt-------
---------baggage detected by sensor------------- 
Baggage weighs: 20.39 kg
baggage is on conveyor belt-------
---------baggage detected by sensor------------- 
Baggage weighs: 21.03 kg
baggage is on conveyor belt-------
---------baggage detected by sensor------------- 
Baggage weighs: 20.05 kg
baggage is on conveyor belt-------
---------baggage detected by sensor------------- 
Baggage weighs: 21.92 kg
baggage is on conveyor belt-------
---------baggage detected by sensor------------- 
Baggage weighs: 19.37 kg
baggage is on conveyor belt-------
---------baggage detected by sensor------------- 
Baggage weighs: 20.35 kg
baggage is on conveyor belt-------
---------baggage detected by sensor------------- 
Baggage weighs: 18.73 kg
baggage is on conveyor belt-------
---------baggage detected by sensor------------- 
Baggage weighs: 20.33 kg
baggage is on conveyor belt-------
---------baggage detected by sensor------------- 
Baggage weighs: 22.01 kg
baggage is on conveyor belt-------
---------baggage detected by sensor------------- 
Baggage weighs: 19.27 kg
baggage is on conveyor belt-------
---------baggage detected by sensor------------- 
Baggage weighs: 21.18 kg
baggage is on conveyor belt-------
---------baggage detected by sensor------------- 
Baggage weighs: 17.16 kg
baggage is on conveyor belt-------
---------baggage detected by sensor------------- 
Baggage weighs: 20.04 kg
baggage is on conveyor belt-------
---------baggage detected by sensor------------- 
Baggage weighs: 20.91 kg
baggage is on conveyor belt-------
---------baggage detected by sensor------------- 
Baggage weighs: 20.3 kg
baggage is on conveyor belt-------
---------baggage detected by sensor------------- 
Baggage weighs: 20.38 kg
baggage is on conveyor belt-------
---------baggage detected by sensor------------- 
Baggage weighs: 16.54 kg
baggage is on conveyor belt-------
---------baggage detected by sensor------------- 
Baggage weighs: 18.87 kg
baggage is on conveyor belt-------
---------baggage detected by sensor------------- 
Baggage weighs: 20.22 kg
baggage is on conveyor belt-------
---------baggage detected by sensor------------- 
Baggage weighs: 20.75 kg
baggage is on conveyor belt-------
---------baggage detected by sensor------------- 
Baggage weighs: 17.4 kg
baggage is on conveyor belt-------
---------baggage detected by sensor------------- 
Baggage weighs: 20.27 kg
baggage is on conveyor belt-------
---------baggage detected by sensor------------- 
Baggage weighs: 17.04 kg
baggage is on conveyor belt-------
---------baggage detected by sensor------------- 
Baggage weighs: 19.84 kg
baggage is on conveyor belt-------
---------baggage detected by sensor------------- 
Baggage weighs: 17.34 kg
baggage is on conveyor belt-------
---------baggage detected by sensor------------- 
Baggage weighs: 18.75 kg
baggage is on conveyor belt-------
---------baggage detected by sensor------------- 
Baggage weighs: 19.12 kg
baggage is on conveyor belt-------
---------baggage detected by sensor------------- 
Baggage weighs: 18.29 kg
baggage is on conveyor belt-------
---------baggage detected by sensor------------- 
Baggage weighs: 17.94 kg
baggage is on conveyor belt-------
---------baggage detected by sensor------------- 
Baggage weighs: 19.09 kg
baggage is on conveyor belt-------
---------baggage detected by sensor------------- 
Baggage weighs: 22.39 kg
baggage is on conveyor belt-------
---------baggage detected by sensor------------- 
Baggage weighs: 21.23 kg
baggage is on conveyor belt-------
---------baggage detected by sensor------------- 
Baggage weighs: 17.56 kg
baggage is on conveyor belt-------
---------baggage detected by sensor------------- 
Baggage weighs: 18.37 kg
baggage is on conveyor belt-------
---------baggage detected by sensor------------- 
Baggage weighs: 21.4 kg
baggage is on conveyor belt-------
---------baggage detected by sensor------------- 
Baggage weighs: 20.25 kg
baggage is on conveyor belt-------
---------baggage detected by sensor------------- 
Baggage weighs: 23.0 kg
baggage is on conveyor belt-------
---------baggage detected by sensor------------- 
Baggage weighs: 17.01 kg
baggage is on conveyor belt-------
---------baggage detected by sensor------------- 
Baggage weighs: 17.39 kg
baggage is on conveyor belt-------
---------baggage detected by sensor------------- 
Baggage weighs: 16.7 kg
baggage is on conveyor belt-------
---------baggage detected by sensor------------- 
Baggage weighs: 16.23 kg
baggage is on conveyor belt-------
---------baggage detected by sensor------------- 
Baggage weighs: 19.13 kg
baggage is on conveyor belt-------
---------baggage detected by sensor------------- 
Baggage weighs: 21.07 kg
baggage is on conveyor belt-------
---------baggage detected by sensor------------- 
Baggage weighs: 17.87 kg
baggage is on conveyor belt-------
---------baggage detected by sensor------------- 
Baggage weighs: 19.92 kg
baggage is on conveyor belt-------
---------baggage detected by sensor------------- 
Baggage weighs: 19.22 kg
baggage is on conveyor belt-------
---------baggage detected by sensor------------- 
Baggage weighs: 21.53 kg
baggage is on conveyor belt-------
---------baggage detected by sensor------------- 
Baggage weighs: 20.29 kg
baggage is on conveyor belt-------
---------baggage detected by sensor------------- 
Baggage weighs: 19.32 kg
baggage is on conveyor belt-------
---------baggage detected by sensor------------- 
Baggage weighs: 17.25 kg
baggage is on conveyor belt-------
---------baggage detected by sensor------------- 
Baggage weighs: 21.3 kg
baggage is on conveyor belt-------
---------baggage detected by sensor------------- 
Baggage weighs: 16.79 kg
baggage is on conveyor belt-------
---------baggage detected by sensor------------- 
Baggage weighs: 19.55 kg
baggage is on conveyor belt-------
---------baggage detected by sensor------------- 
Baggage weighs: 18.88 kg
baggage is on conveyor belt-------
---------baggage detected by sensor------------- 
Baggage weighs: 22.33 kg
baggage is on conveyor belt-------
---------baggage detected by sensor------------- 
Baggage weighs: 20.62 kg
baggage is on conveyor belt-------
---------baggage detected by sensor------------- 
Baggage weighs: 19.42 kg
baggage is on conveyor belt-------
---------baggage detected by sensor------------- 
Baggage weighs: 17.54 kg
baggage is on conveyor belt-------
---------baggage detected by sensor------------- 
Baggage weighs: 21.51 kg
baggage is on conveyor belt-------
---------baggage detected by sensor------------- 
Baggage weighs: 19.46 kg
baggage is on conveyor belt-------
---------baggage detected by sensor------------- 
Baggage weighs: 17.83 kg
baggage is on conveyor belt-------
---------baggage detected by sensor------------- 
Baggage weighs: 17.75 kg
baggage is on conveyor belt-------
---------baggage detected by sensor------------- 
Baggage weighs: 17.44 kg
baggage is on conveyor belt-------
---------baggage detected by sensor------------- 
Baggage weighs: 19.53 kg
baggage is on conveyor belt-------
---------baggage detected by sensor------------- 
Baggage weighs: 17.51 kg
baggage is on conveyor belt-------
---------baggage detected by sensor------------- 
Baggage weighs: 18.2 kg
baggage is on conveyor belt-------
---------baggage detected by sensor------------- 
Baggage weighs: 21.55 kg
baggage is on conveyor belt-------
---------baggage detected by sensor------------- 
Baggage weighs: 19.67 kg
baggage is on conveyor belt-------
---------baggage detected by sensor------------- 
Baggage weighs: 19.52 kg
baggage is on conveyor belt-------
---------baggage detected by sensor------------- 
Baggage weighs: 21.06 kg
baggage is on conveyor belt-------
---------baggage detected by sensor------------- 
Baggage weighs: 17.44 kg
baggage is on conveyor belt-------
---------baggage detected by sensor------------- 
Baggage weighs: 19.21 kg
baggage is on conveyor belt-------
---------baggage detected by sensor------------- 
Baggage weighs: 21.65 kg
baggage is on conveyor belt-------
---------baggage detected by sensor------------- 
Baggage weighs: 19.64 kg
baggage is on conveyor belt-------
---------baggage detected by sensor------------- 
Baggage weighs: 21.03 kg
baggage is on conveyor belt-------
---------baggage detected by sensor------------- 
Baggage weighs: 19.76 kg
baggage is on conveyor belt-------
---------baggage detected by sensor------------- 
Baggage weighs: 21.01 kg
baggage is on conveyor belt-------
---------baggage detected by sensor------------- 
Baggage weighs: 19.11 kg
baggage is on conveyor belt-------
---------baggage detected by sensor------------- 
Baggage weighs: 18.54 kg
baggage is on conveyor belt-------
---------baggage detected by sensor------------- 
Baggage weighs: 16.86 kg
baggage is on conveyor belt-------
---------baggage detected by sensor------------- 
Baggage weighs: 16.59 kg
baggage is on conveyor belt-------
---------baggage detected by sensor------------- 
Baggage weighs: 19.26 kg
baggage is on conveyor belt-------
---------baggage detected by sensor------------- 
Baggage weighs: 18.34 kg
baggage is on conveyor belt-------
---------baggage detected by sensor------------- 
Baggage weighs: 19.09 kg
baggage is on conveyor belt-------
---------baggage detected by sensor------------- 
Baggage weighs: 22.38 kg
baggage is on conveyor belt-------
---------baggage detected by sensor------------- 
Baggage weighs: 22.12 kg
baggage is on conveyor belt-------
---------baggage detected by sensor------------- 
Baggage weighs: 16.75 kg
baggage is on conveyor belt-------
---------baggage detected by sensor------------- 
Baggage weighs: 20.36 kg
baggage is on conveyor belt-------
---------baggage detected by sensor------------- 
Baggage weighs: 20.94 kg
baggage is on conveyor belt-------
---------baggage detected by sensor------------- 
Baggage weighs: 19.8 kg
baggage is on conveyor belt-------
---------baggage detected by sensor------------- 
Baggage weighs: 19.12 kg
baggage is on conveyor belt-------
---------baggage detected by sensor------------- 
Baggage weighs: 16.93 kg
baggage is on conveyor belt-------
---------baggage detected by sensor------------- 
Baggage weighs: 20.48 kg
baggage is on conveyor belt-------
---------baggage detected by sensor------------- 
Baggage weighs: 17.63 kg
baggage is on conveyor belt-------
---------baggage detected by sensor------------- 
Baggage weighs: 19.86 kg
baggage is on conveyor belt-------
---------baggage detected by sensor------------- 
Baggage weighs: 19.4 kg
baggage is on conveyor belt-------
---------baggage detected by sensor------------- 
Baggage weighs: 19.0 kg
baggage is on conveyor belt-------
---------baggage detected by sensor------------- 
Baggage weighs: 20.5 kg
baggage is on conveyor belt-------
---------baggage detected by sensor------------- 
Baggage weighs: 21.9 kg
baggage is on conveyor belt-------
---------baggage detected by sensor------------- 
Baggage weighs: 19.82 kg
baggage is on conveyor belt-------
---------baggage detected by sensor------------- 
Baggage weighs: 18.98 kg
baggage is on conveyor belt-------
---------baggage detected by sensor------------- 
Baggage weighs: 19.28 kg
baggage is on conveyor belt-------
---------baggage detected by sensor------------- 
Baggage weighs: 18.06 kg
baggage is on conveyor belt-------
---------baggage detected by sensor------------- 
Baggage weighs: 20.2 kg
baggage is on conveyor belt-------
---------baggage detected by sensor------------- 
Baggage weighs: 19.74 kg
baggage is on conveyor belt-------
---------baggage detected by sensor------------- 
Baggage weighs: 17.44 kg
baggage is on conveyor belt-------
---------baggage detected by sensor------------- 
Baggage weighs: 19.36 kg
baggage is on conveyor belt-------
---------baggage detected by sensor------------- 
Baggage weighs: 20.4 kg
baggage is on conveyor belt-------
---------baggage detected by sensor------------- 
Baggage weighs: 18.92 kg
baggage is on conveyor belt-------
---------baggage detected by sensor------------- 
Baggage weighs: 18.48 kg
baggage is on conveyor belt-------
---------baggage detected by sensor------------- 
Baggage weighs: 17.34 kg
baggage is on conveyor belt-------
---------baggage detected by sensor------------- 
Baggage weighs: 20.57 kg
baggage is on conveyor belt-------
---------baggage detected by sensor------------- 
Baggage weighs: 17.19 kg
baggage is on conveyor belt-------
---------baggage detected by sensor------------- 
Baggage weighs: 18.25 kg
baggage is on conveyor belt-------
---------baggage detected by sensor------------- 
Baggage weighs: 19.29 kg
baggage is on conveyor belt-------
---------baggage detected by sensor------------- 
Baggage weighs: 16.86 kg
baggage is on conveyor belt-------
---------baggage detected by sensor------------- 
Baggage weighs: 19.34 kg
baggage is on conveyor belt-------
---------baggage detected by sensor------------- 
Baggage weighs: 19.32 kg
baggage is on conveyor belt-------
---------baggage detected by sensor------------- 
Baggage weighs: 18.15 kg
baggage is on conveyor belt-------
---------baggage detected by sensor------------- 
Baggage weighs: 18.98 kg
baggage is on conveyor belt-------
---------baggage detected by sensor------------- 
Baggage weighs: 21.84 kg
baggage is on conveyor belt-------
---------baggage detected by sensor------------- 
Baggage weighs: 20.53 kg
baggage is on conveyor belt-------
---------baggage detected by sensor------------- 
Baggage weighs: 20.62 kg
baggage is on conveyor belt-------
---------baggage detected by sensor------------- 
Baggage weighs: 20.7 kg
baggage is on conveyor belt-------
---------baggage detected by sensor------------- 
Baggage weighs: 19.64 kg
baggage is on conveyor belt-------
---------baggage detected by sensor------------- 
Baggage weighs: 16.11 kg
baggage is on conveyor belt-------
---------baggage detected by sensor------------- 
Baggage weighs: 22.24 kg
baggage is on conveyor belt-------
---------baggage detected by sensor------------- 
Baggage weighs: 21.47 kg
baggage is on conveyor belt-------
---------baggage detected by sensor------------- 
Baggage weighs: 20.73 kg
baggage is on conveyor belt-------
---------baggage detected by sensor------------- 
Baggage weighs: 19.51 kg
baggage is on conveyor belt-------
---------baggage detected by sensor------------- 
Baggage weighs: 20.11 kg
baggage is on conveyor belt-------
---------baggage detected by sensor------------- 
Baggage weighs: 20.36 kg
baggage is on conveyor belt-------
---------baggage detected by sensor------------- 
Baggage weighs: 18.84 kg
baggage is on conveyor belt-------
---------baggage detected by sensor------------- 
Baggage weighs: 22.61 kg
baggage is on conveyor belt-------
---------baggage detected by sensor------------- 
Baggage weighs: 20.07 kg
baggage is on conveyor belt-------
---------baggage detected by sensor------------- 
Baggage weighs: 20.28 kg
baggage is on conveyor belt-------
---------baggage detected by sensor------------- 
Baggage weighs: 17.9 kg
baggage is on conveyor belt-------
---------baggage detected by sensor------------- 
Baggage weighs: 18.13 kg
baggage is on conveyor belt-------
---------baggage detected by sensor------------- 
Baggage weighs: 18.32 kg
baggage is on conveyor belt-------
---------baggage detected by sensor------------- 
Baggage weighs: 19.3 kg
baggage is on conveyor belt-------
---------baggage detected by sensor------------- 
Baggage weighs: 21.34 kg
baggage is on conveyor belt-------
---------baggage detected by sensor------------- 
Baggage weighs: 19.74 kg
baggage is on conveyor belt-------
---------baggage detected by sensor------------- 
Baggage weighs: 18.46 kg
baggage is on conveyor belt-------
---------baggage detected by sensor------------- 
Baggage weighs: 19.49 kg
baggage is on conveyor belt-------
---------baggage detected by sensor------------- 
Baggage weighs: 17.97 kg
baggage is on conveyor belt-------
---------baggage detected by sensor------------- 
Baggage weighs: 21.32 kg
baggage is on conveyor belt-------
---------baggage detected by sensor------------- 
Baggage weighs: 16.41 kg
baggage is on conveyor belt-------
---------baggage detected by sensor------------- 
Baggage weighs: 16.36 kg
baggage is on conveyor belt-------
---------baggage detected by sensor------------- 
Baggage weighs: 16.24 kg
baggage is on conveyor belt-------
---------baggage detected by sensor------------- 
Baggage weighs: 16.65 kg
baggage is on conveyor belt-------
---------baggage detected by sensor------------- 
Baggage weighs: 20.17 kg
baggage is on conveyor belt-------
---------baggage detected by sensor------------- 
Baggage weighs: 21.08 kg
baggage is on conveyor belt-------
---------baggage detected by sensor------------- 
Baggage weighs: 18.0 kg
Seat with ID: 35H has been reserved for you!

BOARDING PASS FOR TAMMY STEVENSON
-----------------------------------------------------------------------------
LUFTHANSA                      tn57a9x4wbvcoyz /  Tammy Stevenson
Tammy Stevenson                                     /  tn57a9x4wbvcoyz
FRA   LH2121   E  30.Oct                       /  FRA
HKG                                            /  HKG
SEAT ID: 35H                                   /  LH2121 E 30.Oct
SEQ: 186                                      / GATE: A05   22:00
MAX 1  HANDLUGGAGE/ LUGGAGE
-----------------------------------------------------------------------------
sorry Tammy Stevenson we have no voucher for you! Have a nice day!

---------------------------------------------------------------------------------------------------------------
scanning passport with passport id: RY7KQGX9I
searching for ticket in fast bag drop database..............
Ticket found for Tessa Richards and Flight LH2121
----searching flight seat for Tessa Richards---------
Found a seat with ID 35J
Below details were found in database
------------------------------------------
Name: Tessa Richards
Flight ID: LH2121
Source: FRA
Destination: HKG
Gate No: A05
Boarding time: 22:00
Ticket ID: bdld017ilknvgz7
Booking Class: E
------------------------------------------

Proceed with check-in for flight LH2121 ?
Type YES to CHECK-IN or NO to cancel CHECK-IN
Tessa Richards is deciding whether to check-in or to go back home and sleep............
YES CHECK-IN
Checking you in...............
baggage is on conveyor belt-------
---------baggage detected by sensor------------- 
Baggage weighs: 21.58 kg
baggage is on conveyor belt-------
---------baggage detected by sensor------------- 
Baggage weighs: 20.43 kg
baggage is on conveyor belt-------
---------baggage detected by sensor------------- 
Baggage weighs: 18.47 kg
baggage is on conveyor belt-------
---------baggage detected by sensor------------- 
Baggage weighs: 17.86 kg
baggage is on conveyor belt-------
---------baggage detected by sensor------------- 
Baggage weighs: 18.65 kg
baggage is on conveyor belt-------
---------baggage detected by sensor------------- 
Baggage weighs: 19.27 kg
baggage is on conveyor belt-------
---------baggage detected by sensor------------- 
Baggage weighs: 17.42 kg
baggage is on conveyor belt-------
---------baggage detected by sensor------------- 
Baggage weighs: 19.16 kg
baggage is on conveyor belt-------
---------baggage detected by sensor------------- 
Baggage weighs: 19.52 kg
baggage is on conveyor belt-------
---------baggage detected by sensor------------- 
Baggage weighs: 17.51 kg
baggage is on conveyor belt-------
---------baggage detected by sensor------------- 
Baggage weighs: 17.38 kg
baggage is on conveyor belt-------
---------baggage detected by sensor------------- 
Baggage weighs: 18.67 kg
baggage is on conveyor belt-------
---------baggage detected by sensor------------- 
Baggage weighs: 16.98 kg
baggage is on conveyor belt-------
---------baggage detected by sensor------------- 
Baggage weighs: 21.26 kg
baggage is on conveyor belt-------
---------baggage detected by sensor------------- 
Baggage weighs: 18.3 kg
baggage is on conveyor belt-------
---------baggage detected by sensor------------- 
Baggage weighs: 16.81 kg
baggage is on conveyor belt-------
---------baggage detected by sensor------------- 
Baggage weighs: 20.91 kg
baggage is on conveyor belt-------
---------baggage detected by sensor------------- 
Baggage weighs: 21.21 kg
baggage is on conveyor belt-------
---------baggage detected by sensor------------- 
Baggage weighs: 19.69 kg
baggage is on conveyor belt-------
---------baggage detected by sensor------------- 
Baggage weighs: 18.67 kg
baggage is on conveyor belt-------
---------baggage detected by sensor------------- 
Baggage weighs: 19.12 kg
baggage is on conveyor belt-------
---------baggage detected by sensor------------- 
Baggage weighs: 16.42 kg
baggage is on conveyor belt-------
---------baggage detected by sensor------------- 
Baggage weighs: 19.17 kg
baggage is on conveyor belt-------
---------baggage detected by sensor------------- 
Baggage weighs: 19.0 kg
baggage is on conveyor belt-------
---------baggage detected by sensor------------- 
Baggage weighs: 18.78 kg
baggage is on conveyor belt-------
---------baggage detected by sensor------------- 
Baggage weighs: 20.31 kg
baggage is on conveyor belt-------
---------baggage detected by sensor------------- 
Baggage weighs: 21.25 kg
baggage is on conveyor belt-------
---------baggage detected by sensor------------- 
Baggage weighs: 18.87 kg
baggage is on conveyor belt-------
---------baggage detected by sensor------------- 
Baggage weighs: 16.25 kg
baggage is on conveyor belt-------
---------baggage detected by sensor------------- 
Baggage weighs: 19.94 kg
baggage is on conveyor belt-------
---------baggage detected by sensor------------- 
Baggage weighs: 16.88 kg
baggage is on conveyor belt-------
---------baggage detected by sensor------------- 
Baggage weighs: 18.24 kg
baggage is on conveyor belt-------
---------baggage detected by sensor------------- 
Baggage weighs: 17.16 kg
baggage is on conveyor belt-------
---------baggage detected by sensor------------- 
Baggage weighs: 19.34 kg
baggage is on conveyor belt-------
---------baggage detected by sensor------------- 
Baggage weighs: 22.41 kg
baggage is on conveyor belt-------
---------baggage detected by sensor------------- 
Baggage weighs: 20.47 kg
baggage is on conveyor belt-------
---------baggage detected by sensor------------- 
Baggage weighs: 18.81 kg
baggage is on conveyor belt-------
---------baggage detected by sensor------------- 
Baggage weighs: 18.56 kg
baggage is on conveyor belt-------
---------baggage detected by sensor------------- 
Baggage weighs: 17.77 kg
baggage is on conveyor belt-------
---------baggage detected by sensor------------- 
Baggage weighs: 19.32 kg
baggage is on conveyor belt-------
---------baggage detected by sensor------------- 
Baggage weighs: 19.21 kg
baggage is on conveyor belt-------
---------baggage detected by sensor------------- 
Baggage weighs: 19.13 kg
baggage is on conveyor belt-------
---------baggage detected by sensor------------- 
Baggage weighs: 20.39 kg
baggage is on conveyor belt-------
---------baggage detected by sensor------------- 
Baggage weighs: 21.03 kg
baggage is on conveyor belt-------
---------baggage detected by sensor------------- 
Baggage weighs: 20.05 kg
baggage is on conveyor belt-------
---------baggage detected by sensor------------- 
Baggage weighs: 21.92 kg
baggage is on conveyor belt-------
---------baggage detected by sensor------------- 
Baggage weighs: 19.37 kg
baggage is on conveyor belt-------
---------baggage detected by sensor------------- 
Baggage weighs: 20.35 kg
baggage is on conveyor belt-------
---------baggage detected by sensor------------- 
Baggage weighs: 18.73 kg
baggage is on conveyor belt-------
---------baggage detected by sensor------------- 
Baggage weighs: 20.33 kg
baggage is on conveyor belt-------
---------baggage detected by sensor------------- 
Baggage weighs: 22.01 kg
baggage is on conveyor belt-------
---------baggage detected by sensor------------- 
Baggage weighs: 19.27 kg
baggage is on conveyor belt-------
---------baggage detected by sensor------------- 
Baggage weighs: 21.18 kg
baggage is on conveyor belt-------
---------baggage detected by sensor------------- 
Baggage weighs: 17.16 kg
baggage is on conveyor belt-------
---------baggage detected by sensor------------- 
Baggage weighs: 20.04 kg
baggage is on conveyor belt-------
---------baggage detected by sensor------------- 
Baggage weighs: 20.91 kg
baggage is on conveyor belt-------
---------baggage detected by sensor------------- 
Baggage weighs: 20.3 kg
baggage is on conveyor belt-------
---------baggage detected by sensor------------- 
Baggage weighs: 20.38 kg
baggage is on conveyor belt-------
---------baggage detected by sensor------------- 
Baggage weighs: 16.54 kg
baggage is on conveyor belt-------
---------baggage detected by sensor------------- 
Baggage weighs: 18.87 kg
baggage is on conveyor belt-------
---------baggage detected by sensor------------- 
Baggage weighs: 20.22 kg
baggage is on conveyor belt-------
---------baggage detected by sensor------------- 
Baggage weighs: 20.75 kg
baggage is on conveyor belt-------
---------baggage detected by sensor------------- 
Baggage weighs: 17.4 kg
baggage is on conveyor belt-------
---------baggage detected by sensor------------- 
Baggage weighs: 20.27 kg
baggage is on conveyor belt-------
---------baggage detected by sensor------------- 
Baggage weighs: 17.04 kg
baggage is on conveyor belt-------
---------baggage detected by sensor------------- 
Baggage weighs: 19.84 kg
baggage is on conveyor belt-------
---------baggage detected by sensor------------- 
Baggage weighs: 17.34 kg
baggage is on conveyor belt-------
---------baggage detected by sensor------------- 
Baggage weighs: 18.75 kg
baggage is on conveyor belt-------
---------baggage detected by sensor------------- 
Baggage weighs: 19.12 kg
baggage is on conveyor belt-------
---------baggage detected by sensor------------- 
Baggage weighs: 18.29 kg
baggage is on conveyor belt-------
---------baggage detected by sensor------------- 
Baggage weighs: 17.94 kg
baggage is on conveyor belt-------
---------baggage detected by sensor------------- 
Baggage weighs: 19.09 kg
baggage is on conveyor belt-------
---------baggage detected by sensor------------- 
Baggage weighs: 22.39 kg
baggage is on conveyor belt-------
---------baggage detected by sensor------------- 
Baggage weighs: 21.23 kg
baggage is on conveyor belt-------
---------baggage detected by sensor------------- 
Baggage weighs: 17.56 kg
baggage is on conveyor belt-------
---------baggage detected by sensor------------- 
Baggage weighs: 18.37 kg
baggage is on conveyor belt-------
---------baggage detected by sensor------------- 
Baggage weighs: 21.4 kg
baggage is on conveyor belt-------
---------baggage detected by sensor------------- 
Baggage weighs: 20.25 kg
baggage is on conveyor belt-------
---------baggage detected by sensor------------- 
Baggage weighs: 23.0 kg
baggage is on conveyor belt-------
---------baggage detected by sensor------------- 
Baggage weighs: 17.01 kg
baggage is on conveyor belt-------
---------baggage detected by sensor------------- 
Baggage weighs: 17.39 kg
baggage is on conveyor belt-------
---------baggage detected by sensor------------- 
Baggage weighs: 16.7 kg
baggage is on conveyor belt-------
---------baggage detected by sensor------------- 
Baggage weighs: 16.23 kg
baggage is on conveyor belt-------
---------baggage detected by sensor------------- 
Baggage weighs: 19.13 kg
baggage is on conveyor belt-------
---------baggage detected by sensor------------- 
Baggage weighs: 21.07 kg
baggage is on conveyor belt-------
---------baggage detected by sensor------------- 
Baggage weighs: 17.87 kg
baggage is on conveyor belt-------
---------baggage detected by sensor------------- 
Baggage weighs: 19.92 kg
baggage is on conveyor belt-------
---------baggage detected by sensor------------- 
Baggage weighs: 19.22 kg
baggage is on conveyor belt-------
---------baggage detected by sensor------------- 
Baggage weighs: 21.53 kg
baggage is on conveyor belt-------
---------baggage detected by sensor------------- 
Baggage weighs: 20.29 kg
baggage is on conveyor belt-------
---------baggage detected by sensor------------- 
Baggage weighs: 19.32 kg
baggage is on conveyor belt-------
---------baggage detected by sensor------------- 
Baggage weighs: 17.25 kg
baggage is on conveyor belt-------
---------baggage detected by sensor------------- 
Baggage weighs: 21.3 kg
baggage is on conveyor belt-------
---------baggage detected by sensor------------- 
Baggage weighs: 16.79 kg
baggage is on conveyor belt-------
---------baggage detected by sensor------------- 
Baggage weighs: 19.55 kg
baggage is on conveyor belt-------
---------baggage detected by sensor------------- 
Baggage weighs: 18.88 kg
baggage is on conveyor belt-------
---------baggage detected by sensor------------- 
Baggage weighs: 22.33 kg
baggage is on conveyor belt-------
---------baggage detected by sensor------------- 
Baggage weighs: 20.62 kg
baggage is on conveyor belt-------
---------baggage detected by sensor------------- 
Baggage weighs: 19.42 kg
baggage is on conveyor belt-------
---------baggage detected by sensor------------- 
Baggage weighs: 17.54 kg
baggage is on conveyor belt-------
---------baggage detected by sensor------------- 
Baggage weighs: 21.51 kg
baggage is on conveyor belt-------
---------baggage detected by sensor------------- 
Baggage weighs: 19.46 kg
baggage is on conveyor belt-------
---------baggage detected by sensor------------- 
Baggage weighs: 17.83 kg
baggage is on conveyor belt-------
---------baggage detected by sensor------------- 
Baggage weighs: 17.75 kg
baggage is on conveyor belt-------
---------baggage detected by sensor------------- 
Baggage weighs: 17.44 kg
baggage is on conveyor belt-------
---------baggage detected by sensor------------- 
Baggage weighs: 19.53 kg
baggage is on conveyor belt-------
---------baggage detected by sensor------------- 
Baggage weighs: 17.51 kg
baggage is on conveyor belt-------
---------baggage detected by sensor------------- 
Baggage weighs: 18.2 kg
baggage is on conveyor belt-------
---------baggage detected by sensor------------- 
Baggage weighs: 21.55 kg
baggage is on conveyor belt-------
---------baggage detected by sensor------------- 
Baggage weighs: 19.67 kg
baggage is on conveyor belt-------
---------baggage detected by sensor------------- 
Baggage weighs: 19.52 kg
baggage is on conveyor belt-------
---------baggage detected by sensor------------- 
Baggage weighs: 21.06 kg
baggage is on conveyor belt-------
---------baggage detected by sensor------------- 
Baggage weighs: 17.44 kg
baggage is on conveyor belt-------
---------baggage detected by sensor------------- 
Baggage weighs: 19.21 kg
baggage is on conveyor belt-------
---------baggage detected by sensor------------- 
Baggage weighs: 21.65 kg
baggage is on conveyor belt-------
---------baggage detected by sensor------------- 
Baggage weighs: 19.64 kg
baggage is on conveyor belt-------
---------baggage detected by sensor------------- 
Baggage weighs: 21.03 kg
baggage is on conveyor belt-------
---------baggage detected by sensor------------- 
Baggage weighs: 19.76 kg
baggage is on conveyor belt-------
---------baggage detected by sensor------------- 
Baggage weighs: 21.01 kg
baggage is on conveyor belt-------
---------baggage detected by sensor------------- 
Baggage weighs: 19.11 kg
baggage is on conveyor belt-------
---------baggage detected by sensor------------- 
Baggage weighs: 18.54 kg
baggage is on conveyor belt-------
---------baggage detected by sensor------------- 
Baggage weighs: 16.86 kg
baggage is on conveyor belt-------
---------baggage detected by sensor------------- 
Baggage weighs: 16.59 kg
baggage is on conveyor belt-------
---------baggage detected by sensor------------- 
Baggage weighs: 19.26 kg
baggage is on conveyor belt-------
---------baggage detected by sensor------------- 
Baggage weighs: 18.34 kg
baggage is on conveyor belt-------
---------baggage detected by sensor------------- 
Baggage weighs: 19.09 kg
baggage is on conveyor belt-------
---------baggage detected by sensor------------- 
Baggage weighs: 22.38 kg
baggage is on conveyor belt-------
---------baggage detected by sensor------------- 
Baggage weighs: 22.12 kg
baggage is on conveyor belt-------
---------baggage detected by sensor------------- 
Baggage weighs: 16.75 kg
baggage is on conveyor belt-------
---------baggage detected by sensor------------- 
Baggage weighs: 20.36 kg
baggage is on conveyor belt-------
---------baggage detected by sensor------------- 
Baggage weighs: 20.94 kg
baggage is on conveyor belt-------
---------baggage detected by sensor------------- 
Baggage weighs: 19.8 kg
baggage is on conveyor belt-------
---------baggage detected by sensor------------- 
Baggage weighs: 19.12 kg
baggage is on conveyor belt-------
---------baggage detected by sensor------------- 
Baggage weighs: 16.93 kg
baggage is on conveyor belt-------
---------baggage detected by sensor------------- 
Baggage weighs: 20.48 kg
baggage is on conveyor belt-------
---------baggage detected by sensor------------- 
Baggage weighs: 17.63 kg
baggage is on conveyor belt-------
---------baggage detected by sensor------------- 
Baggage weighs: 19.86 kg
baggage is on conveyor belt-------
---------baggage detected by sensor------------- 
Baggage weighs: 19.4 kg
baggage is on conveyor belt-------
---------baggage detected by sensor------------- 
Baggage weighs: 19.0 kg
baggage is on conveyor belt-------
---------baggage detected by sensor------------- 
Baggage weighs: 20.5 kg
baggage is on conveyor belt-------
---------baggage detected by sensor------------- 
Baggage weighs: 21.9 kg
baggage is on conveyor belt-------
---------baggage detected by sensor------------- 
Baggage weighs: 19.82 kg
baggage is on conveyor belt-------
---------baggage detected by sensor------------- 
Baggage weighs: 18.98 kg
baggage is on conveyor belt-------
---------baggage detected by sensor------------- 
Baggage weighs: 19.28 kg
baggage is on conveyor belt-------
---------baggage detected by sensor------------- 
Baggage weighs: 18.06 kg
baggage is on conveyor belt-------
---------baggage detected by sensor------------- 
Baggage weighs: 20.2 kg
baggage is on conveyor belt-------
---------baggage detected by sensor------------- 
Baggage weighs: 19.74 kg
baggage is on conveyor belt-------
---------baggage detected by sensor------------- 
Baggage weighs: 17.44 kg
baggage is on conveyor belt-------
---------baggage detected by sensor------------- 
Baggage weighs: 19.36 kg
baggage is on conveyor belt-------
---------baggage detected by sensor------------- 
Baggage weighs: 20.4 kg
baggage is on conveyor belt-------
---------baggage detected by sensor------------- 
Baggage weighs: 18.92 kg
baggage is on conveyor belt-------
---------baggage detected by sensor------------- 
Baggage weighs: 18.48 kg
baggage is on conveyor belt-------
---------baggage detected by sensor------------- 
Baggage weighs: 17.34 kg
baggage is on conveyor belt-------
---------baggage detected by sensor------------- 
Baggage weighs: 20.57 kg
baggage is on conveyor belt-------
---------baggage detected by sensor------------- 
Baggage weighs: 17.19 kg
baggage is on conveyor belt-------
---------baggage detected by sensor------------- 
Baggage weighs: 18.25 kg
baggage is on conveyor belt-------
---------baggage detected by sensor------------- 
Baggage weighs: 19.29 kg
baggage is on conveyor belt-------
---------baggage detected by sensor------------- 
Baggage weighs: 16.86 kg
baggage is on conveyor belt-------
---------baggage detected by sensor------------- 
Baggage weighs: 19.34 kg
baggage is on conveyor belt-------
---------baggage detected by sensor------------- 
Baggage weighs: 19.32 kg
baggage is on conveyor belt-------
---------baggage detected by sensor------------- 
Baggage weighs: 18.15 kg
baggage is on conveyor belt-------
---------baggage detected by sensor------------- 
Baggage weighs: 18.98 kg
baggage is on conveyor belt-------
---------baggage detected by sensor------------- 
Baggage weighs: 21.84 kg
baggage is on conveyor belt-------
---------baggage detected by sensor------------- 
Baggage weighs: 20.53 kg
baggage is on conveyor belt-------
---------baggage detected by sensor------------- 
Baggage weighs: 20.62 kg
baggage is on conveyor belt-------
---------baggage detected by sensor------------- 
Baggage weighs: 20.7 kg
baggage is on conveyor belt-------
---------baggage detected by sensor------------- 
Baggage weighs: 19.64 kg
baggage is on conveyor belt-------
---------baggage detected by sensor------------- 
Baggage weighs: 16.11 kg
baggage is on conveyor belt-------
---------baggage detected by sensor------------- 
Baggage weighs: 22.24 kg
baggage is on conveyor belt-------
---------baggage detected by sensor------------- 
Baggage weighs: 21.47 kg
baggage is on conveyor belt-------
---------baggage detected by sensor------------- 
Baggage weighs: 20.73 kg
baggage is on conveyor belt-------
---------baggage detected by sensor------------- 
Baggage weighs: 19.51 kg
baggage is on conveyor belt-------
---------baggage detected by sensor------------- 
Baggage weighs: 20.11 kg
baggage is on conveyor belt-------
---------baggage detected by sensor------------- 
Baggage weighs: 20.36 kg
baggage is on conveyor belt-------
---------baggage detected by sensor------------- 
Baggage weighs: 18.84 kg
baggage is on conveyor belt-------
---------baggage detected by sensor------------- 
Baggage weighs: 22.61 kg
baggage is on conveyor belt-------
---------baggage detected by sensor------------- 
Baggage weighs: 20.07 kg
baggage is on conveyor belt-------
---------baggage detected by sensor------------- 
Baggage weighs: 20.28 kg
baggage is on conveyor belt-------
---------baggage detected by sensor------------- 
Baggage weighs: 17.9 kg
baggage is on conveyor belt-------
---------baggage detected by sensor------------- 
Baggage weighs: 18.13 kg
baggage is on conveyor belt-------
---------baggage detected by sensor------------- 
Baggage weighs: 18.32 kg
baggage is on conveyor belt-------
---------baggage detected by sensor------------- 
Baggage weighs: 19.3 kg
baggage is on conveyor belt-------
---------baggage detected by sensor------------- 
Baggage weighs: 21.34 kg
baggage is on conveyor belt-------
---------baggage detected by sensor------------- 
Baggage weighs: 19.74 kg
baggage is on conveyor belt-------
---------baggage detected by sensor------------- 
Baggage weighs: 18.46 kg
baggage is on conveyor belt-------
---------baggage detected by sensor------------- 
Baggage weighs: 19.49 kg
baggage is on conveyor belt-------
---------baggage detected by sensor------------- 
Baggage weighs: 17.97 kg
baggage is on conveyor belt-------
---------baggage detected by sensor------------- 
Baggage weighs: 21.32 kg
baggage is on conveyor belt-------
---------baggage detected by sensor------------- 
Baggage weighs: 16.41 kg
baggage is on conveyor belt-------
---------baggage detected by sensor------------- 
Baggage weighs: 16.36 kg
baggage is on conveyor belt-------
---------baggage detected by sensor------------- 
Baggage weighs: 16.24 kg
baggage is on conveyor belt-------
---------baggage detected by sensor------------- 
Baggage weighs: 16.65 kg
baggage is on conveyor belt-------
---------baggage detected by sensor------------- 
Baggage weighs: 20.17 kg
baggage is on conveyor belt-------
---------baggage detected by sensor------------- 
Baggage weighs: 21.08 kg
baggage is on conveyor belt-------
---------baggage detected by sensor------------- 
Baggage weighs: 18.0 kg
baggage is on conveyor belt-------
---------baggage detected by sensor------------- 
Baggage weighs: 17.49 kg
Seat with ID: 35J has been reserved for you!

BOARDING PASS FOR TESSA RICHARDS
-----------------------------------------------------------------------------
LUFTHANSA                      bdld017ilknvgz7 /  Tessa Richards
Tessa Richards                                     /  bdld017ilknvgz7
FRA   LH2121   E  30.Oct                       /  FRA
HKG                                            /  HKG
SEAT ID: 35J                                   /  LH2121 E 30.Oct
SEQ: 187                                      / GATE: A05   22:00
MAX 1  HANDLUGGAGE/ LUGGAGE
-----------------------------------------------------------------------------
sorry Tessa Richards we have no voucher for you! Have a nice day!

---------------------------------------------------------------------------------------------------------------
scanning passport with passport id: 0GQ9XA57W
searching for ticket in fast bag drop database..............
Ticket found for Humberto Villarreal and Flight LH2121
----searching flight seat for Humberto Villarreal---------
Found a seat with ID 35K
Below details were found in database
------------------------------------------
Name: Humberto Villarreal
Flight ID: LH2121
Source: FRA
Destination: HKG
Gate No: A05
Boarding time: 22:00
Ticket ID: kth4f2cwwkfok60
Booking Class: E
------------------------------------------

Proceed with check-in for flight LH2121 ?
Type YES to CHECK-IN or NO to cancel CHECK-IN
Humberto Villarreal is deciding whether to check-in or to go back home and sleep............
YES CHECK-IN
Checking you in...............
baggage is on conveyor belt-------
---------baggage detected by sensor------------- 
Baggage weighs: 21.58 kg
baggage is on conveyor belt-------
---------baggage detected by sensor------------- 
Baggage weighs: 20.43 kg
baggage is on conveyor belt-------
---------baggage detected by sensor------------- 
Baggage weighs: 18.47 kg
baggage is on conveyor belt-------
---------baggage detected by sensor------------- 
Baggage weighs: 17.86 kg
baggage is on conveyor belt-------
---------baggage detected by sensor------------- 
Baggage weighs: 18.65 kg
baggage is on conveyor belt-------
---------baggage detected by sensor------------- 
Baggage weighs: 19.27 kg
baggage is on conveyor belt-------
---------baggage detected by sensor------------- 
Baggage weighs: 17.42 kg
baggage is on conveyor belt-------
---------baggage detected by sensor------------- 
Baggage weighs: 19.16 kg
baggage is on conveyor belt-------
---------baggage detected by sensor------------- 
Baggage weighs: 19.52 kg
baggage is on conveyor belt-------
---------baggage detected by sensor------------- 
Baggage weighs: 17.51 kg
baggage is on conveyor belt-------
---------baggage detected by sensor------------- 
Baggage weighs: 17.38 kg
baggage is on conveyor belt-------
---------baggage detected by sensor------------- 
Baggage weighs: 18.67 kg
baggage is on conveyor belt-------
---------baggage detected by sensor------------- 
Baggage weighs: 16.98 kg
baggage is on conveyor belt-------
---------baggage detected by sensor------------- 
Baggage weighs: 21.26 kg
baggage is on conveyor belt-------
---------baggage detected by sensor------------- 
Baggage weighs: 18.3 kg
baggage is on conveyor belt-------
---------baggage detected by sensor------------- 
Baggage weighs: 16.81 kg
baggage is on conveyor belt-------
---------baggage detected by sensor------------- 
Baggage weighs: 20.91 kg
baggage is on conveyor belt-------
---------baggage detected by sensor------------- 
Baggage weighs: 21.21 kg
baggage is on conveyor belt-------
---------baggage detected by sensor------------- 
Baggage weighs: 19.69 kg
baggage is on conveyor belt-------
---------baggage detected by sensor------------- 
Baggage weighs: 18.67 kg
baggage is on conveyor belt-------
---------baggage detected by sensor------------- 
Baggage weighs: 19.12 kg
baggage is on conveyor belt-------
---------baggage detected by sensor------------- 
Baggage weighs: 16.42 kg
baggage is on conveyor belt-------
---------baggage detected by sensor------------- 
Baggage weighs: 19.17 kg
baggage is on conveyor belt-------
---------baggage detected by sensor------------- 
Baggage weighs: 19.0 kg
baggage is on conveyor belt-------
---------baggage detected by sensor------------- 
Baggage weighs: 18.78 kg
baggage is on conveyor belt-------
---------baggage detected by sensor------------- 
Baggage weighs: 20.31 kg
baggage is on conveyor belt-------
---------baggage detected by sensor------------- 
Baggage weighs: 21.25 kg
baggage is on conveyor belt-------
---------baggage detected by sensor------------- 
Baggage weighs: 18.87 kg
baggage is on conveyor belt-------
---------baggage detected by sensor------------- 
Baggage weighs: 16.25 kg
baggage is on conveyor belt-------
---------baggage detected by sensor------------- 
Baggage weighs: 19.94 kg
baggage is on conveyor belt-------
---------baggage detected by sensor------------- 
Baggage weighs: 16.88 kg
baggage is on conveyor belt-------
---------baggage detected by sensor------------- 
Baggage weighs: 18.24 kg
baggage is on conveyor belt-------
---------baggage detected by sensor------------- 
Baggage weighs: 17.16 kg
baggage is on conveyor belt-------
---------baggage detected by sensor------------- 
Baggage weighs: 19.34 kg
baggage is on conveyor belt-------
---------baggage detected by sensor------------- 
Baggage weighs: 22.41 kg
baggage is on conveyor belt-------
---------baggage detected by sensor------------- 
Baggage weighs: 20.47 kg
baggage is on conveyor belt-------
---------baggage detected by sensor------------- 
Baggage weighs: 18.81 kg
baggage is on conveyor belt-------
---------baggage detected by sensor------------- 
Baggage weighs: 18.56 kg
baggage is on conveyor belt-------
---------baggage detected by sensor------------- 
Baggage weighs: 17.77 kg
baggage is on conveyor belt-------
---------baggage detected by sensor------------- 
Baggage weighs: 19.32 kg
baggage is on conveyor belt-------
---------baggage detected by sensor------------- 
Baggage weighs: 19.21 kg
baggage is on conveyor belt-------
---------baggage detected by sensor------------- 
Baggage weighs: 19.13 kg
baggage is on conveyor belt-------
---------baggage detected by sensor------------- 
Baggage weighs: 20.39 kg
baggage is on conveyor belt-------
---------baggage detected by sensor------------- 
Baggage weighs: 21.03 kg
baggage is on conveyor belt-------
---------baggage detected by sensor------------- 
Baggage weighs: 20.05 kg
baggage is on conveyor belt-------
---------baggage detected by sensor------------- 
Baggage weighs: 21.92 kg
baggage is on conveyor belt-------
---------baggage detected by sensor------------- 
Baggage weighs: 19.37 kg
baggage is on conveyor belt-------
---------baggage detected by sensor------------- 
Baggage weighs: 20.35 kg
baggage is on conveyor belt-------
---------baggage detected by sensor------------- 
Baggage weighs: 18.73 kg
baggage is on conveyor belt-------
---------baggage detected by sensor------------- 
Baggage weighs: 20.33 kg
baggage is on conveyor belt-------
---------baggage detected by sensor------------- 
Baggage weighs: 22.01 kg
baggage is on conveyor belt-------
---------baggage detected by sensor------------- 
Baggage weighs: 19.27 kg
baggage is on conveyor belt-------
---------baggage detected by sensor------------- 
Baggage weighs: 21.18 kg
baggage is on conveyor belt-------
---------baggage detected by sensor------------- 
Baggage weighs: 17.16 kg
baggage is on conveyor belt-------
---------baggage detected by sensor------------- 
Baggage weighs: 20.04 kg
baggage is on conveyor belt-------
---------baggage detected by sensor------------- 
Baggage weighs: 20.91 kg
baggage is on conveyor belt-------
---------baggage detected by sensor------------- 
Baggage weighs: 20.3 kg
baggage is on conveyor belt-------
---------baggage detected by sensor------------- 
Baggage weighs: 20.38 kg
baggage is on conveyor belt-------
---------baggage detected by sensor------------- 
Baggage weighs: 16.54 kg
baggage is on conveyor belt-------
---------baggage detected by sensor------------- 
Baggage weighs: 18.87 kg
baggage is on conveyor belt-------
---------baggage detected by sensor------------- 
Baggage weighs: 20.22 kg
baggage is on conveyor belt-------
---------baggage detected by sensor------------- 
Baggage weighs: 20.75 kg
baggage is on conveyor belt-------
---------baggage detected by sensor------------- 
Baggage weighs: 17.4 kg
baggage is on conveyor belt-------
---------baggage detected by sensor------------- 
Baggage weighs: 20.27 kg
baggage is on conveyor belt-------
---------baggage detected by sensor------------- 
Baggage weighs: 17.04 kg
baggage is on conveyor belt-------
---------baggage detected by sensor------------- 
Baggage weighs: 19.84 kg
baggage is on conveyor belt-------
---------baggage detected by sensor------------- 
Baggage weighs: 17.34 kg
baggage is on conveyor belt-------
---------baggage detected by sensor------------- 
Baggage weighs: 18.75 kg
baggage is on conveyor belt-------
---------baggage detected by sensor------------- 
Baggage weighs: 19.12 kg
baggage is on conveyor belt-------
---------baggage detected by sensor------------- 
Baggage weighs: 18.29 kg
baggage is on conveyor belt-------
---------baggage detected by sensor------------- 
Baggage weighs: 17.94 kg
baggage is on conveyor belt-------
---------baggage detected by sensor------------- 
Baggage weighs: 19.09 kg
baggage is on conveyor belt-------
---------baggage detected by sensor------------- 
Baggage weighs: 22.39 kg
baggage is on conveyor belt-------
---------baggage detected by sensor------------- 
Baggage weighs: 21.23 kg
baggage is on conveyor belt-------
---------baggage detected by sensor------------- 
Baggage weighs: 17.56 kg
baggage is on conveyor belt-------
---------baggage detected by sensor------------- 
Baggage weighs: 18.37 kg
baggage is on conveyor belt-------
---------baggage detected by sensor------------- 
Baggage weighs: 21.4 kg
baggage is on conveyor belt-------
---------baggage detected by sensor------------- 
Baggage weighs: 20.25 kg
baggage is on conveyor belt-------
---------baggage detected by sensor------------- 
Baggage weighs: 23.0 kg
baggage is on conveyor belt-------
---------baggage detected by sensor------------- 
Baggage weighs: 17.01 kg
baggage is on conveyor belt-------
---------baggage detected by sensor------------- 
Baggage weighs: 17.39 kg
baggage is on conveyor belt-------
---------baggage detected by sensor------------- 
Baggage weighs: 16.7 kg
baggage is on conveyor belt-------
---------baggage detected by sensor------------- 
Baggage weighs: 16.23 kg
baggage is on conveyor belt-------
---------baggage detected by sensor------------- 
Baggage weighs: 19.13 kg
baggage is on conveyor belt-------
---------baggage detected by sensor------------- 
Baggage weighs: 21.07 kg
baggage is on conveyor belt-------
---------baggage detected by sensor------------- 
Baggage weighs: 17.87 kg
baggage is on conveyor belt-------
---------baggage detected by sensor------------- 
Baggage weighs: 19.92 kg
baggage is on conveyor belt-------
---------baggage detected by sensor------------- 
Baggage weighs: 19.22 kg
baggage is on conveyor belt-------
---------baggage detected by sensor------------- 
Baggage weighs: 21.53 kg
baggage is on conveyor belt-------
---------baggage detected by sensor------------- 
Baggage weighs: 20.29 kg
baggage is on conveyor belt-------
---------baggage detected by sensor------------- 
Baggage weighs: 19.32 kg
baggage is on conveyor belt-------
---------baggage detected by sensor------------- 
Baggage weighs: 17.25 kg
baggage is on conveyor belt-------
---------baggage detected by sensor------------- 
Baggage weighs: 21.3 kg
baggage is on conveyor belt-------
---------baggage detected by sensor------------- 
Baggage weighs: 16.79 kg
baggage is on conveyor belt-------
---------baggage detected by sensor------------- 
Baggage weighs: 19.55 kg
baggage is on conveyor belt-------
---------baggage detected by sensor------------- 
Baggage weighs: 18.88 kg
baggage is on conveyor belt-------
---------baggage detected by sensor------------- 
Baggage weighs: 22.33 kg
baggage is on conveyor belt-------
---------baggage detected by sensor------------- 
Baggage weighs: 20.62 kg
baggage is on conveyor belt-------
---------baggage detected by sensor------------- 
Baggage weighs: 19.42 kg
baggage is on conveyor belt-------
---------baggage detected by sensor------------- 
Baggage weighs: 17.54 kg
baggage is on conveyor belt-------
---------baggage detected by sensor------------- 
Baggage weighs: 21.51 kg
baggage is on conveyor belt-------
---------baggage detected by sensor------------- 
Baggage weighs: 19.46 kg
baggage is on conveyor belt-------
---------baggage detected by sensor------------- 
Baggage weighs: 17.83 kg
baggage is on conveyor belt-------
---------baggage detected by sensor------------- 
Baggage weighs: 17.75 kg
baggage is on conveyor belt-------
---------baggage detected by sensor------------- 
Baggage weighs: 17.44 kg
baggage is on conveyor belt-------
---------baggage detected by sensor------------- 
Baggage weighs: 19.53 kg
baggage is on conveyor belt-------
---------baggage detected by sensor------------- 
Baggage weighs: 17.51 kg
baggage is on conveyor belt-------
---------baggage detected by sensor------------- 
Baggage weighs: 18.2 kg
baggage is on conveyor belt-------
---------baggage detected by sensor------------- 
Baggage weighs: 21.55 kg
baggage is on conveyor belt-------
---------baggage detected by sensor------------- 
Baggage weighs: 19.67 kg
baggage is on conveyor belt-------
---------baggage detected by sensor------------- 
Baggage weighs: 19.52 kg
baggage is on conveyor belt-------
---------baggage detected by sensor------------- 
Baggage weighs: 21.06 kg
baggage is on conveyor belt-------
---------baggage detected by sensor------------- 
Baggage weighs: 17.44 kg
baggage is on conveyor belt-------
---------baggage detected by sensor------------- 
Baggage weighs: 19.21 kg
baggage is on conveyor belt-------
---------baggage detected by sensor------------- 
Baggage weighs: 21.65 kg
baggage is on conveyor belt-------
---------baggage detected by sensor------------- 
Baggage weighs: 19.64 kg
baggage is on conveyor belt-------
---------baggage detected by sensor------------- 
Baggage weighs: 21.03 kg
baggage is on conveyor belt-------
---------baggage detected by sensor------------- 
Baggage weighs: 19.76 kg
baggage is on conveyor belt-------
---------baggage detected by sensor------------- 
Baggage weighs: 21.01 kg
baggage is on conveyor belt-------
---------baggage detected by sensor------------- 
Baggage weighs: 19.11 kg
baggage is on conveyor belt-------
---------baggage detected by sensor------------- 
Baggage weighs: 18.54 kg
baggage is on conveyor belt-------
---------baggage detected by sensor------------- 
Baggage weighs: 16.86 kg
baggage is on conveyor belt-------
---------baggage detected by sensor------------- 
Baggage weighs: 16.59 kg
baggage is on conveyor belt-------
---------baggage detected by sensor------------- 
Baggage weighs: 19.26 kg
baggage is on conveyor belt-------
---------baggage detected by sensor------------- 
Baggage weighs: 18.34 kg
baggage is on conveyor belt-------
---------baggage detected by sensor------------- 
Baggage weighs: 19.09 kg
baggage is on conveyor belt-------
---------baggage detected by sensor------------- 
Baggage weighs: 22.38 kg
baggage is on conveyor belt-------
---------baggage detected by sensor------------- 
Baggage weighs: 22.12 kg
baggage is on conveyor belt-------
---------baggage detected by sensor------------- 
Baggage weighs: 16.75 kg
baggage is on conveyor belt-------
---------baggage detected by sensor------------- 
Baggage weighs: 20.36 kg
baggage is on conveyor belt-------
---------baggage detected by sensor------------- 
Baggage weighs: 20.94 kg
baggage is on conveyor belt-------
---------baggage detected by sensor------------- 
Baggage weighs: 19.8 kg
baggage is on conveyor belt-------
---------baggage detected by sensor------------- 
Baggage weighs: 19.12 kg
baggage is on conveyor belt-------
---------baggage detected by sensor------------- 
Baggage weighs: 16.93 kg
baggage is on conveyor belt-------
---------baggage detected by sensor------------- 
Baggage weighs: 20.48 kg
baggage is on conveyor belt-------
---------baggage detected by sensor------------- 
Baggage weighs: 17.63 kg
baggage is on conveyor belt-------
---------baggage detected by sensor------------- 
Baggage weighs: 19.86 kg
baggage is on conveyor belt-------
---------baggage detected by sensor------------- 
Baggage weighs: 19.4 kg
baggage is on conveyor belt-------
---------baggage detected by sensor------------- 
Baggage weighs: 19.0 kg
baggage is on conveyor belt-------
---------baggage detected by sensor------------- 
Baggage weighs: 20.5 kg
baggage is on conveyor belt-------
---------baggage detected by sensor------------- 
Baggage weighs: 21.9 kg
baggage is on conveyor belt-------
---------baggage detected by sensor------------- 
Baggage weighs: 19.82 kg
baggage is on conveyor belt-------
---------baggage detected by sensor------------- 
Baggage weighs: 18.98 kg
baggage is on conveyor belt-------
---------baggage detected by sensor------------- 
Baggage weighs: 19.28 kg
baggage is on conveyor belt-------
---------baggage detected by sensor------------- 
Baggage weighs: 18.06 kg
baggage is on conveyor belt-------
---------baggage detected by sensor------------- 
Baggage weighs: 20.2 kg
baggage is on conveyor belt-------
---------baggage detected by sensor------------- 
Baggage weighs: 19.74 kg
baggage is on conveyor belt-------
---------baggage detected by sensor------------- 
Baggage weighs: 17.44 kg
baggage is on conveyor belt-------
---------baggage detected by sensor------------- 
Baggage weighs: 19.36 kg
baggage is on conveyor belt-------
---------baggage detected by sensor------------- 
Baggage weighs: 20.4 kg
baggage is on conveyor belt-------
---------baggage detected by sensor------------- 
Baggage weighs: 18.92 kg
baggage is on conveyor belt-------
---------baggage detected by sensor------------- 
Baggage weighs: 18.48 kg
baggage is on conveyor belt-------
---------baggage detected by sensor------------- 
Baggage weighs: 17.34 kg
baggage is on conveyor belt-------
---------baggage detected by sensor------------- 
Baggage weighs: 20.57 kg
baggage is on conveyor belt-------
---------baggage detected by sensor------------- 
Baggage weighs: 17.19 kg
baggage is on conveyor belt-------
---------baggage detected by sensor------------- 
Baggage weighs: 18.25 kg
baggage is on conveyor belt-------
---------baggage detected by sensor------------- 
Baggage weighs: 19.29 kg
baggage is on conveyor belt-------
---------baggage detected by sensor------------- 
Baggage weighs: 16.86 kg
baggage is on conveyor belt-------
---------baggage detected by sensor------------- 
Baggage weighs: 19.34 kg
baggage is on conveyor belt-------
---------baggage detected by sensor------------- 
Baggage weighs: 19.32 kg
baggage is on conveyor belt-------
---------baggage detected by sensor------------- 
Baggage weighs: 18.15 kg
baggage is on conveyor belt-------
---------baggage detected by sensor------------- 
Baggage weighs: 18.98 kg
baggage is on conveyor belt-------
---------baggage detected by sensor------------- 
Baggage weighs: 21.84 kg
baggage is on conveyor belt-------
---------baggage detected by sensor------------- 
Baggage weighs: 20.53 kg
baggage is on conveyor belt-------
---------baggage detected by sensor------------- 
Baggage weighs: 20.62 kg
baggage is on conveyor belt-------
---------baggage detected by sensor------------- 
Baggage weighs: 20.7 kg
baggage is on conveyor belt-------
---------baggage detected by sensor------------- 
Baggage weighs: 19.64 kg
baggage is on conveyor belt-------
---------baggage detected by sensor------------- 
Baggage weighs: 16.11 kg
baggage is on conveyor belt-------
---------baggage detected by sensor------------- 
Baggage weighs: 22.24 kg
baggage is on conveyor belt-------
---------baggage detected by sensor------------- 
Baggage weighs: 21.47 kg
baggage is on conveyor belt-------
---------baggage detected by sensor------------- 
Baggage weighs: 20.73 kg
baggage is on conveyor belt-------
---------baggage detected by sensor------------- 
Baggage weighs: 19.51 kg
baggage is on conveyor belt-------
---------baggage detected by sensor------------- 
Baggage weighs: 20.11 kg
baggage is on conveyor belt-------
---------baggage detected by sensor------------- 
Baggage weighs: 20.36 kg
baggage is on conveyor belt-------
---------baggage detected by sensor------------- 
Baggage weighs: 18.84 kg
baggage is on conveyor belt-------
---------baggage detected by sensor------------- 
Baggage weighs: 22.61 kg
baggage is on conveyor belt-------
---------baggage detected by sensor------------- 
Baggage weighs: 20.07 kg
baggage is on conveyor belt-------
---------baggage detected by sensor------------- 
Baggage weighs: 20.28 kg
baggage is on conveyor belt-------
---------baggage detected by sensor------------- 
Baggage weighs: 17.9 kg
baggage is on conveyor belt-------
---------baggage detected by sensor------------- 
Baggage weighs: 18.13 kg
baggage is on conveyor belt-------
---------baggage detected by sensor------------- 
Baggage weighs: 18.32 kg
baggage is on conveyor belt-------
---------baggage detected by sensor------------- 
Baggage weighs: 19.3 kg
baggage is on conveyor belt-------
---------baggage detected by sensor------------- 
Baggage weighs: 21.34 kg
baggage is on conveyor belt-------
---------baggage detected by sensor------------- 
Baggage weighs: 19.74 kg
baggage is on conveyor belt-------
---------baggage detected by sensor------------- 
Baggage weighs: 18.46 kg
baggage is on conveyor belt-------
---------baggage detected by sensor------------- 
Baggage weighs: 19.49 kg
baggage is on conveyor belt-------
---------baggage detected by sensor------------- 
Baggage weighs: 17.97 kg
baggage is on conveyor belt-------
---------baggage detected by sensor------------- 
Baggage weighs: 21.32 kg
baggage is on conveyor belt-------
---------baggage detected by sensor------------- 
Baggage weighs: 16.41 kg
baggage is on conveyor belt-------
---------baggage detected by sensor------------- 
Baggage weighs: 16.36 kg
baggage is on conveyor belt-------
---------baggage detected by sensor------------- 
Baggage weighs: 16.24 kg
baggage is on conveyor belt-------
---------baggage detected by sensor------------- 
Baggage weighs: 16.65 kg
baggage is on conveyor belt-------
---------baggage detected by sensor------------- 
Baggage weighs: 20.17 kg
baggage is on conveyor belt-------
---------baggage detected by sensor------------- 
Baggage weighs: 21.08 kg
baggage is on conveyor belt-------
---------baggage detected by sensor------------- 
Baggage weighs: 18.0 kg
baggage is on conveyor belt-------
---------baggage detected by sensor------------- 
Baggage weighs: 17.49 kg
baggage is on conveyor belt-------
---------baggage detected by sensor------------- 
Baggage weighs: 19.3 kg
Seat with ID: 35K has been reserved for you!

BOARDING PASS FOR HUMBERTO VILLARREAL
-----------------------------------------------------------------------------
LUFTHANSA                      kth4f2cwwkfok60 /  Humberto Villarreal
Humberto Villarreal                                     /  kth4f2cwwkfok60
FRA   LH2121   E  30.Oct                       /  FRA
HKG                                            /  HKG
SEAT ID: 35K                                   /  LH2121 E 30.Oct
SEQ: 188                                      / GATE: A05   22:00
MAX 1  HANDLUGGAGE/ LUGGAGE
-----------------------------------------------------------------------------
sorry Humberto Villarreal we have no voucher for you! Have a nice day!

---------------------------------------------------------------------------------------------------------------
scanning passport with passport id: CVEFUOP7B
searching for ticket in fast bag drop database..............
Ticket found for Brittney Oliver and Flight LH2121
----searching flight seat for Brittney Oliver---------
Found a seat with ID 36A
Below details were found in database
------------------------------------------
Name: Brittney Oliver
Flight ID: LH2121
Source: FRA
Destination: HKG
Gate No: A05
Boarding time: 22:00
Ticket ID: mymh5dwp2h3mvxn
Booking Class: E
------------------------------------------

Proceed with check-in for flight LH2121 ?
Type YES to CHECK-IN or NO to cancel CHECK-IN
Brittney Oliver is deciding whether to check-in or to go back home and sleep............
YES CHECK-IN
Checking you in...............
baggage is on conveyor belt-------
---------baggage detected by sensor------------- 
Baggage weighs: 21.58 kg
baggage is on conveyor belt-------
---------baggage detected by sensor------------- 
Baggage weighs: 20.43 kg
baggage is on conveyor belt-------
---------baggage detected by sensor------------- 
Baggage weighs: 18.47 kg
baggage is on conveyor belt-------
---------baggage detected by sensor------------- 
Baggage weighs: 17.86 kg
baggage is on conveyor belt-------
---------baggage detected by sensor------------- 
Baggage weighs: 18.65 kg
baggage is on conveyor belt-------
---------baggage detected by sensor------------- 
Baggage weighs: 19.27 kg
baggage is on conveyor belt-------
---------baggage detected by sensor------------- 
Baggage weighs: 17.42 kg
baggage is on conveyor belt-------
---------baggage detected by sensor------------- 
Baggage weighs: 19.16 kg
baggage is on conveyor belt-------
---------baggage detected by sensor------------- 
Baggage weighs: 19.52 kg
baggage is on conveyor belt-------
---------baggage detected by sensor------------- 
Baggage weighs: 17.51 kg
baggage is on conveyor belt-------
---------baggage detected by sensor------------- 
Baggage weighs: 17.38 kg
baggage is on conveyor belt-------
---------baggage detected by sensor------------- 
Baggage weighs: 18.67 kg
baggage is on conveyor belt-------
---------baggage detected by sensor------------- 
Baggage weighs: 16.98 kg
baggage is on conveyor belt-------
---------baggage detected by sensor------------- 
Baggage weighs: 21.26 kg
baggage is on conveyor belt-------
---------baggage detected by sensor------------- 
Baggage weighs: 18.3 kg
baggage is on conveyor belt-------
---------baggage detected by sensor------------- 
Baggage weighs: 16.81 kg
baggage is on conveyor belt-------
---------baggage detected by sensor------------- 
Baggage weighs: 20.91 kg
baggage is on conveyor belt-------
---------baggage detected by sensor------------- 
Baggage weighs: 21.21 kg
baggage is on conveyor belt-------
---------baggage detected by sensor------------- 
Baggage weighs: 19.69 kg
baggage is on conveyor belt-------
---------baggage detected by sensor------------- 
Baggage weighs: 18.67 kg
baggage is on conveyor belt-------
---------baggage detected by sensor------------- 
Baggage weighs: 19.12 kg
baggage is on conveyor belt-------
---------baggage detected by sensor------------- 
Baggage weighs: 16.42 kg
baggage is on conveyor belt-------
---------baggage detected by sensor------------- 
Baggage weighs: 19.17 kg
baggage is on conveyor belt-------
---------baggage detected by sensor------------- 
Baggage weighs: 19.0 kg
baggage is on conveyor belt-------
---------baggage detected by sensor------------- 
Baggage weighs: 18.78 kg
baggage is on conveyor belt-------
---------baggage detected by sensor------------- 
Baggage weighs: 20.31 kg
baggage is on conveyor belt-------
---------baggage detected by sensor------------- 
Baggage weighs: 21.25 kg
baggage is on conveyor belt-------
---------baggage detected by sensor------------- 
Baggage weighs: 18.87 kg
baggage is on conveyor belt-------
---------baggage detected by sensor------------- 
Baggage weighs: 16.25 kg
baggage is on conveyor belt-------
---------baggage detected by sensor------------- 
Baggage weighs: 19.94 kg
baggage is on conveyor belt-------
---------baggage detected by sensor------------- 
Baggage weighs: 16.88 kg
baggage is on conveyor belt-------
---------baggage detected by sensor------------- 
Baggage weighs: 18.24 kg
baggage is on conveyor belt-------
---------baggage detected by sensor------------- 
Baggage weighs: 17.16 kg
baggage is on conveyor belt-------
---------baggage detected by sensor------------- 
Baggage weighs: 19.34 kg
baggage is on conveyor belt-------
---------baggage detected by sensor------------- 
Baggage weighs: 22.41 kg
baggage is on conveyor belt-------
---------baggage detected by sensor------------- 
Baggage weighs: 20.47 kg
baggage is on conveyor belt-------
---------baggage detected by sensor------------- 
Baggage weighs: 18.81 kg
baggage is on conveyor belt-------
---------baggage detected by sensor------------- 
Baggage weighs: 18.56 kg
baggage is on conveyor belt-------
---------baggage detected by sensor------------- 
Baggage weighs: 17.77 kg
baggage is on conveyor belt-------
---------baggage detected by sensor------------- 
Baggage weighs: 19.32 kg
baggage is on conveyor belt-------
---------baggage detected by sensor------------- 
Baggage weighs: 19.21 kg
baggage is on conveyor belt-------
---------baggage detected by sensor------------- 
Baggage weighs: 19.13 kg
baggage is on conveyor belt-------
---------baggage detected by sensor------------- 
Baggage weighs: 20.39 kg
baggage is on conveyor belt-------
---------baggage detected by sensor------------- 
Baggage weighs: 21.03 kg
baggage is on conveyor belt-------
---------baggage detected by sensor------------- 
Baggage weighs: 20.05 kg
baggage is on conveyor belt-------
---------baggage detected by sensor------------- 
Baggage weighs: 21.92 kg
baggage is on conveyor belt-------
---------baggage detected by sensor------------- 
Baggage weighs: 19.37 kg
baggage is on conveyor belt-------
---------baggage detected by sensor------------- 
Baggage weighs: 20.35 kg
baggage is on conveyor belt-------
---------baggage detected by sensor------------- 
Baggage weighs: 18.73 kg
baggage is on conveyor belt-------
---------baggage detected by sensor------------- 
Baggage weighs: 20.33 kg
baggage is on conveyor belt-------
---------baggage detected by sensor------------- 
Baggage weighs: 22.01 kg
baggage is on conveyor belt-------
---------baggage detected by sensor------------- 
Baggage weighs: 19.27 kg
baggage is on conveyor belt-------
---------baggage detected by sensor------------- 
Baggage weighs: 21.18 kg
baggage is on conveyor belt-------
---------baggage detected by sensor------------- 
Baggage weighs: 17.16 kg
baggage is on conveyor belt-------
---------baggage detected by sensor------------- 
Baggage weighs: 20.04 kg
baggage is on conveyor belt-------
---------baggage detected by sensor------------- 
Baggage weighs: 20.91 kg
baggage is on conveyor belt-------
---------baggage detected by sensor------------- 
Baggage weighs: 20.3 kg
baggage is on conveyor belt-------
---------baggage detected by sensor------------- 
Baggage weighs: 20.38 kg
baggage is on conveyor belt-------
---------baggage detected by sensor------------- 
Baggage weighs: 16.54 kg
baggage is on conveyor belt-------
---------baggage detected by sensor------------- 
Baggage weighs: 18.87 kg
baggage is on conveyor belt-------
---------baggage detected by sensor------------- 
Baggage weighs: 20.22 kg
baggage is on conveyor belt-------
---------baggage detected by sensor------------- 
Baggage weighs: 20.75 kg
baggage is on conveyor belt-------
---------baggage detected by sensor------------- 
Baggage weighs: 17.4 kg
baggage is on conveyor belt-------
---------baggage detected by sensor------------- 
Baggage weighs: 20.27 kg
baggage is on conveyor belt-------
---------baggage detected by sensor------------- 
Baggage weighs: 17.04 kg
baggage is on conveyor belt-------
---------baggage detected by sensor------------- 
Baggage weighs: 19.84 kg
baggage is on conveyor belt-------
---------baggage detected by sensor------------- 
Baggage weighs: 17.34 kg
baggage is on conveyor belt-------
---------baggage detected by sensor------------- 
Baggage weighs: 18.75 kg
baggage is on conveyor belt-------
---------baggage detected by sensor------------- 
Baggage weighs: 19.12 kg
baggage is on conveyor belt-------
---------baggage detected by sensor------------- 
Baggage weighs: 18.29 kg
baggage is on conveyor belt-------
---------baggage detected by sensor------------- 
Baggage weighs: 17.94 kg
baggage is on conveyor belt-------
---------baggage detected by sensor------------- 
Baggage weighs: 19.09 kg
baggage is on conveyor belt-------
---------baggage detected by sensor------------- 
Baggage weighs: 22.39 kg
baggage is on conveyor belt-------
---------baggage detected by sensor------------- 
Baggage weighs: 21.23 kg
baggage is on conveyor belt-------
---------baggage detected by sensor------------- 
Baggage weighs: 17.56 kg
baggage is on conveyor belt-------
---------baggage detected by sensor------------- 
Baggage weighs: 18.37 kg
baggage is on conveyor belt-------
---------baggage detected by sensor------------- 
Baggage weighs: 21.4 kg
baggage is on conveyor belt-------
---------baggage detected by sensor------------- 
Baggage weighs: 20.25 kg
baggage is on conveyor belt-------
---------baggage detected by sensor------------- 
Baggage weighs: 23.0 kg
baggage is on conveyor belt-------
---------baggage detected by sensor------------- 
Baggage weighs: 17.01 kg
baggage is on conveyor belt-------
---------baggage detected by sensor------------- 
Baggage weighs: 17.39 kg
baggage is on conveyor belt-------
---------baggage detected by sensor------------- 
Baggage weighs: 16.7 kg
baggage is on conveyor belt-------
---------baggage detected by sensor------------- 
Baggage weighs: 16.23 kg
baggage is on conveyor belt-------
---------baggage detected by sensor------------- 
Baggage weighs: 19.13 kg
baggage is on conveyor belt-------
---------baggage detected by sensor------------- 
Baggage weighs: 21.07 kg
baggage is on conveyor belt-------
---------baggage detected by sensor------------- 
Baggage weighs: 17.87 kg
baggage is on conveyor belt-------
---------baggage detected by sensor------------- 
Baggage weighs: 19.92 kg
baggage is on conveyor belt-------
---------baggage detected by sensor------------- 
Baggage weighs: 19.22 kg
baggage is on conveyor belt-------
---------baggage detected by sensor------------- 
Baggage weighs: 21.53 kg
baggage is on conveyor belt-------
---------baggage detected by sensor------------- 
Baggage weighs: 20.29 kg
baggage is on conveyor belt-------
---------baggage detected by sensor------------- 
Baggage weighs: 19.32 kg
baggage is on conveyor belt-------
---------baggage detected by sensor------------- 
Baggage weighs: 17.25 kg
baggage is on conveyor belt-------
---------baggage detected by sensor------------- 
Baggage weighs: 21.3 kg
baggage is on conveyor belt-------
---------baggage detected by sensor------------- 
Baggage weighs: 16.79 kg
baggage is on conveyor belt-------
---------baggage detected by sensor------------- 
Baggage weighs: 19.55 kg
baggage is on conveyor belt-------
---------baggage detected by sensor------------- 
Baggage weighs: 18.88 kg
baggage is on conveyor belt-------
---------baggage detected by sensor------------- 
Baggage weighs: 22.33 kg
baggage is on conveyor belt-------
---------baggage detected by sensor------------- 
Baggage weighs: 20.62 kg
baggage is on conveyor belt-------
---------baggage detected by sensor------------- 
Baggage weighs: 19.42 kg
baggage is on conveyor belt-------
---------baggage detected by sensor------------- 
Baggage weighs: 17.54 kg
baggage is on conveyor belt-------
---------baggage detected by sensor------------- 
Baggage weighs: 21.51 kg
baggage is on conveyor belt-------
---------baggage detected by sensor------------- 
Baggage weighs: 19.46 kg
baggage is on conveyor belt-------
---------baggage detected by sensor------------- 
Baggage weighs: 17.83 kg
baggage is on conveyor belt-------
---------baggage detected by sensor------------- 
Baggage weighs: 17.75 kg
baggage is on conveyor belt-------
---------baggage detected by sensor------------- 
Baggage weighs: 17.44 kg
baggage is on conveyor belt-------
---------baggage detected by sensor------------- 
Baggage weighs: 19.53 kg
baggage is on conveyor belt-------
---------baggage detected by sensor------------- 
Baggage weighs: 17.51 kg
baggage is on conveyor belt-------
---------baggage detected by sensor------------- 
Baggage weighs: 18.2 kg
baggage is on conveyor belt-------
---------baggage detected by sensor------------- 
Baggage weighs: 21.55 kg
baggage is on conveyor belt-------
---------baggage detected by sensor------------- 
Baggage weighs: 19.67 kg
baggage is on conveyor belt-------
---------baggage detected by sensor------------- 
Baggage weighs: 19.52 kg
baggage is on conveyor belt-------
---------baggage detected by sensor------------- 
Baggage weighs: 21.06 kg
baggage is on conveyor belt-------
---------baggage detected by sensor------------- 
Baggage weighs: 17.44 kg
baggage is on conveyor belt-------
---------baggage detected by sensor------------- 
Baggage weighs: 19.21 kg
baggage is on conveyor belt-------
---------baggage detected by sensor------------- 
Baggage weighs: 21.65 kg
baggage is on conveyor belt-------
---------baggage detected by sensor------------- 
Baggage weighs: 19.64 kg
baggage is on conveyor belt-------
---------baggage detected by sensor------------- 
Baggage weighs: 21.03 kg
baggage is on conveyor belt-------
---------baggage detected by sensor------------- 
Baggage weighs: 19.76 kg
baggage is on conveyor belt-------
---------baggage detected by sensor------------- 
Baggage weighs: 21.01 kg
baggage is on conveyor belt-------
---------baggage detected by sensor------------- 
Baggage weighs: 19.11 kg
baggage is on conveyor belt-------
---------baggage detected by sensor------------- 
Baggage weighs: 18.54 kg
baggage is on conveyor belt-------
---------baggage detected by sensor------------- 
Baggage weighs: 16.86 kg
baggage is on conveyor belt-------
---------baggage detected by sensor------------- 
Baggage weighs: 16.59 kg
baggage is on conveyor belt-------
---------baggage detected by sensor------------- 
Baggage weighs: 19.26 kg
baggage is on conveyor belt-------
---------baggage detected by sensor------------- 
Baggage weighs: 18.34 kg
baggage is on conveyor belt-------
---------baggage detected by sensor------------- 
Baggage weighs: 19.09 kg
baggage is on conveyor belt-------
---------baggage detected by sensor------------- 
Baggage weighs: 22.38 kg
baggage is on conveyor belt-------
---------baggage detected by sensor------------- 
Baggage weighs: 22.12 kg
baggage is on conveyor belt-------
---------baggage detected by sensor------------- 
Baggage weighs: 16.75 kg
baggage is on conveyor belt-------
---------baggage detected by sensor------------- 
Baggage weighs: 20.36 kg
baggage is on conveyor belt-------
---------baggage detected by sensor------------- 
Baggage weighs: 20.94 kg
baggage is on conveyor belt-------
---------baggage detected by sensor------------- 
Baggage weighs: 19.8 kg
baggage is on conveyor belt-------
---------baggage detected by sensor------------- 
Baggage weighs: 19.12 kg
baggage is on conveyor belt-------
---------baggage detected by sensor------------- 
Baggage weighs: 16.93 kg
baggage is on conveyor belt-------
---------baggage detected by sensor------------- 
Baggage weighs: 20.48 kg
baggage is on conveyor belt-------
---------baggage detected by sensor------------- 
Baggage weighs: 17.63 kg
baggage is on conveyor belt-------
---------baggage detected by sensor------------- 
Baggage weighs: 19.86 kg
baggage is on conveyor belt-------
---------baggage detected by sensor------------- 
Baggage weighs: 19.4 kg
baggage is on conveyor belt-------
---------baggage detected by sensor------------- 
Baggage weighs: 19.0 kg
baggage is on conveyor belt-------
---------baggage detected by sensor------------- 
Baggage weighs: 20.5 kg
baggage is on conveyor belt-------
---------baggage detected by sensor------------- 
Baggage weighs: 21.9 kg
baggage is on conveyor belt-------
---------baggage detected by sensor------------- 
Baggage weighs: 19.82 kg
baggage is on conveyor belt-------
---------baggage detected by sensor------------- 
Baggage weighs: 18.98 kg
baggage is on conveyor belt-------
---------baggage detected by sensor------------- 
Baggage weighs: 19.28 kg
baggage is on conveyor belt-------
---------baggage detected by sensor------------- 
Baggage weighs: 18.06 kg
baggage is on conveyor belt-------
---------baggage detected by sensor------------- 
Baggage weighs: 20.2 kg
baggage is on conveyor belt-------
---------baggage detected by sensor------------- 
Baggage weighs: 19.74 kg
baggage is on conveyor belt-------
---------baggage detected by sensor------------- 
Baggage weighs: 17.44 kg
baggage is on conveyor belt-------
---------baggage detected by sensor------------- 
Baggage weighs: 19.36 kg
baggage is on conveyor belt-------
---------baggage detected by sensor------------- 
Baggage weighs: 20.4 kg
baggage is on conveyor belt-------
---------baggage detected by sensor------------- 
Baggage weighs: 18.92 kg
baggage is on conveyor belt-------
---------baggage detected by sensor------------- 
Baggage weighs: 18.48 kg
baggage is on conveyor belt-------
---------baggage detected by sensor------------- 
Baggage weighs: 17.34 kg
baggage is on conveyor belt-------
---------baggage detected by sensor------------- 
Baggage weighs: 20.57 kg
baggage is on conveyor belt-------
---------baggage detected by sensor------------- 
Baggage weighs: 17.19 kg
baggage is on conveyor belt-------
---------baggage detected by sensor------------- 
Baggage weighs: 18.25 kg
baggage is on conveyor belt-------
---------baggage detected by sensor------------- 
Baggage weighs: 19.29 kg
baggage is on conveyor belt-------
---------baggage detected by sensor------------- 
Baggage weighs: 16.86 kg
baggage is on conveyor belt-------
---------baggage detected by sensor------------- 
Baggage weighs: 19.34 kg
baggage is on conveyor belt-------
---------baggage detected by sensor------------- 
Baggage weighs: 19.32 kg
baggage is on conveyor belt-------
---------baggage detected by sensor------------- 
Baggage weighs: 18.15 kg
baggage is on conveyor belt-------
---------baggage detected by sensor------------- 
Baggage weighs: 18.98 kg
baggage is on conveyor belt-------
---------baggage detected by sensor------------- 
Baggage weighs: 21.84 kg
baggage is on conveyor belt-------
---------baggage detected by sensor------------- 
Baggage weighs: 20.53 kg
baggage is on conveyor belt-------
---------baggage detected by sensor------------- 
Baggage weighs: 20.62 kg
baggage is on conveyor belt-------
---------baggage detected by sensor------------- 
Baggage weighs: 20.7 kg
baggage is on conveyor belt-------
---------baggage detected by sensor------------- 
Baggage weighs: 19.64 kg
baggage is on conveyor belt-------
---------baggage detected by sensor------------- 
Baggage weighs: 16.11 kg
baggage is on conveyor belt-------
---------baggage detected by sensor------------- 
Baggage weighs: 22.24 kg
baggage is on conveyor belt-------
---------baggage detected by sensor------------- 
Baggage weighs: 21.47 kg
baggage is on conveyor belt-------
---------baggage detected by sensor------------- 
Baggage weighs: 20.73 kg
baggage is on conveyor belt-------
---------baggage detected by sensor------------- 
Baggage weighs: 19.51 kg
baggage is on conveyor belt-------
---------baggage detected by sensor------------- 
Baggage weighs: 20.11 kg
baggage is on conveyor belt-------
---------baggage detected by sensor------------- 
Baggage weighs: 20.36 kg
baggage is on conveyor belt-------
---------baggage detected by sensor------------- 
Baggage weighs: 18.84 kg
baggage is on conveyor belt-------
---------baggage detected by sensor------------- 
Baggage weighs: 22.61 kg
baggage is on conveyor belt-------
---------baggage detected by sensor------------- 
Baggage weighs: 20.07 kg
baggage is on conveyor belt-------
---------baggage detected by sensor------------- 
Baggage weighs: 20.28 kg
baggage is on conveyor belt-------
---------baggage detected by sensor------------- 
Baggage weighs: 17.9 kg
baggage is on conveyor belt-------
---------baggage detected by sensor------------- 
Baggage weighs: 18.13 kg
baggage is on conveyor belt-------
---------baggage detected by sensor------------- 
Baggage weighs: 18.32 kg
baggage is on conveyor belt-------
---------baggage detected by sensor------------- 
Baggage weighs: 19.3 kg
baggage is on conveyor belt-------
---------baggage detected by sensor------------- 
Baggage weighs: 21.34 kg
baggage is on conveyor belt-------
---------baggage detected by sensor------------- 
Baggage weighs: 19.74 kg
baggage is on conveyor belt-------
---------baggage detected by sensor------------- 
Baggage weighs: 18.46 kg
baggage is on conveyor belt-------
---------baggage detected by sensor------------- 
Baggage weighs: 19.49 kg
baggage is on conveyor belt-------
---------baggage detected by sensor------------- 
Baggage weighs: 17.97 kg
baggage is on conveyor belt-------
---------baggage detected by sensor------------- 
Baggage weighs: 21.32 kg
baggage is on conveyor belt-------
---------baggage detected by sensor------------- 
Baggage weighs: 16.41 kg
baggage is on conveyor belt-------
---------baggage detected by sensor------------- 
Baggage weighs: 16.36 kg
baggage is on conveyor belt-------
---------baggage detected by sensor------------- 
Baggage weighs: 16.24 kg
baggage is on conveyor belt-------
---------baggage detected by sensor------------- 
Baggage weighs: 16.65 kg
baggage is on conveyor belt-------
---------baggage detected by sensor------------- 
Baggage weighs: 20.17 kg
baggage is on conveyor belt-------
---------baggage detected by sensor------------- 
Baggage weighs: 21.08 kg
baggage is on conveyor belt-------
---------baggage detected by sensor------------- 
Baggage weighs: 18.0 kg
baggage is on conveyor belt-------
---------baggage detected by sensor------------- 
Baggage weighs: 17.49 kg
baggage is on conveyor belt-------
---------baggage detected by sensor------------- 
Baggage weighs: 19.3 kg
baggage is on conveyor belt-------
---------baggage detected by sensor------------- 
Baggage weighs: 18.34 kg
Seat with ID: 36A has been reserved for you!

BOARDING PASS FOR BRITTNEY OLIVER
-----------------------------------------------------------------------------
LUFTHANSA                      mymh5dwp2h3mvxn /  Brittney Oliver
Brittney Oliver                                     /  mymh5dwp2h3mvxn
FRA   LH2121   E  30.Oct                       /  FRA
HKG                                            /  HKG
SEAT ID: 36A                                   /  LH2121 E 30.Oct
SEQ: 189                                      / GATE: A05   22:00
MAX 1  HANDLUGGAGE/ LUGGAGE
-----------------------------------------------------------------------------
sorry Brittney Oliver we have no voucher for you! Have a nice day!

---------------------------------------------------------------------------------------------------------------
scanning passport with passport id: I5VFQCRX3
searching for ticket in fast bag drop database..............
Ticket found for Domenic Rosales and Flight LH2121
----searching flight seat for Domenic Rosales---------
Found a seat with ID 36B
Below details were found in database
------------------------------------------
Name: Domenic Rosales
Flight ID: LH2121
Source: FRA
Destination: HKG
Gate No: A05
Boarding time: 22:00
Ticket ID: k0vgmfcdzkk89qc
Booking Class: E
------------------------------------------

Proceed with check-in for flight LH2121 ?
Type YES to CHECK-IN or NO to cancel CHECK-IN
Domenic Rosales is deciding whether to check-in or to go back home and sleep............
YES CHECK-IN
Checking you in...............
baggage is on conveyor belt-------
---------baggage detected by sensor------------- 
Baggage weighs: 21.58 kg
baggage is on conveyor belt-------
---------baggage detected by sensor------------- 
Baggage weighs: 20.43 kg
baggage is on conveyor belt-------
---------baggage detected by sensor------------- 
Baggage weighs: 18.47 kg
baggage is on conveyor belt-------
---------baggage detected by sensor------------- 
Baggage weighs: 17.86 kg
baggage is on conveyor belt-------
---------baggage detected by sensor------------- 
Baggage weighs: 18.65 kg
baggage is on conveyor belt-------
---------baggage detected by sensor------------- 
Baggage weighs: 19.27 kg
baggage is on conveyor belt-------
---------baggage detected by sensor------------- 
Baggage weighs: 17.42 kg
baggage is on conveyor belt-------
---------baggage detected by sensor------------- 
Baggage weighs: 19.16 kg
baggage is on conveyor belt-------
---------baggage detected by sensor------------- 
Baggage weighs: 19.52 kg
baggage is on conveyor belt-------
---------baggage detected by sensor------------- 
Baggage weighs: 17.51 kg
baggage is on conveyor belt-------
---------baggage detected by sensor------------- 
Baggage weighs: 17.38 kg
baggage is on conveyor belt-------
---------baggage detected by sensor------------- 
Baggage weighs: 18.67 kg
baggage is on conveyor belt-------
---------baggage detected by sensor------------- 
Baggage weighs: 16.98 kg
baggage is on conveyor belt-------
---------baggage detected by sensor------------- 
Baggage weighs: 21.26 kg
baggage is on conveyor belt-------
---------baggage detected by sensor------------- 
Baggage weighs: 18.3 kg
baggage is on conveyor belt-------
---------baggage detected by sensor------------- 
Baggage weighs: 16.81 kg
baggage is on conveyor belt-------
---------baggage detected by sensor------------- 
Baggage weighs: 20.91 kg
baggage is on conveyor belt-------
---------baggage detected by sensor------------- 
Baggage weighs: 21.21 kg
baggage is on conveyor belt-------
---------baggage detected by sensor------------- 
Baggage weighs: 19.69 kg
baggage is on conveyor belt-------
---------baggage detected by sensor------------- 
Baggage weighs: 18.67 kg
baggage is on conveyor belt-------
---------baggage detected by sensor------------- 
Baggage weighs: 19.12 kg
baggage is on conveyor belt-------
---------baggage detected by sensor------------- 
Baggage weighs: 16.42 kg
baggage is on conveyor belt-------
---------baggage detected by sensor------------- 
Baggage weighs: 19.17 kg
baggage is on conveyor belt-------
---------baggage detected by sensor------------- 
Baggage weighs: 19.0 kg
baggage is on conveyor belt-------
---------baggage detected by sensor------------- 
Baggage weighs: 18.78 kg
baggage is on conveyor belt-------
---------baggage detected by sensor------------- 
Baggage weighs: 20.31 kg
baggage is on conveyor belt-------
---------baggage detected by sensor------------- 
Baggage weighs: 21.25 kg
baggage is on conveyor belt-------
---------baggage detected by sensor------------- 
Baggage weighs: 18.87 kg
baggage is on conveyor belt-------
---------baggage detected by sensor------------- 
Baggage weighs: 16.25 kg
baggage is on conveyor belt-------
---------baggage detected by sensor------------- 
Baggage weighs: 19.94 kg
baggage is on conveyor belt-------
---------baggage detected by sensor------------- 
Baggage weighs: 16.88 kg
baggage is on conveyor belt-------
---------baggage detected by sensor------------- 
Baggage weighs: 18.24 kg
baggage is on conveyor belt-------
---------baggage detected by sensor------------- 
Baggage weighs: 17.16 kg
baggage is on conveyor belt-------
---------baggage detected by sensor------------- 
Baggage weighs: 19.34 kg
baggage is on conveyor belt-------
---------baggage detected by sensor------------- 
Baggage weighs: 22.41 kg
baggage is on conveyor belt-------
---------baggage detected by sensor------------- 
Baggage weighs: 20.47 kg
baggage is on conveyor belt-------
---------baggage detected by sensor------------- 
Baggage weighs: 18.81 kg
baggage is on conveyor belt-------
---------baggage detected by sensor------------- 
Baggage weighs: 18.56 kg
baggage is on conveyor belt-------
---------baggage detected by sensor------------- 
Baggage weighs: 17.77 kg
baggage is on conveyor belt-------
---------baggage detected by sensor------------- 
Baggage weighs: 19.32 kg
baggage is on conveyor belt-------
---------baggage detected by sensor------------- 
Baggage weighs: 19.21 kg
baggage is on conveyor belt-------
---------baggage detected by sensor------------- 
Baggage weighs: 19.13 kg
baggage is on conveyor belt-------
---------baggage detected by sensor------------- 
Baggage weighs: 20.39 kg
baggage is on conveyor belt-------
---------baggage detected by sensor------------- 
Baggage weighs: 21.03 kg
baggage is on conveyor belt-------
---------baggage detected by sensor------------- 
Baggage weighs: 20.05 kg
baggage is on conveyor belt-------
---------baggage detected by sensor------------- 
Baggage weighs: 21.92 kg
baggage is on conveyor belt-------
---------baggage detected by sensor------------- 
Baggage weighs: 19.37 kg
baggage is on conveyor belt-------
---------baggage detected by sensor------------- 
Baggage weighs: 20.35 kg
baggage is on conveyor belt-------
---------baggage detected by sensor------------- 
Baggage weighs: 18.73 kg
baggage is on conveyor belt-------
---------baggage detected by sensor------------- 
Baggage weighs: 20.33 kg
baggage is on conveyor belt-------
---------baggage detected by sensor------------- 
Baggage weighs: 22.01 kg
baggage is on conveyor belt-------
---------baggage detected by sensor------------- 
Baggage weighs: 19.27 kg
baggage is on conveyor belt-------
---------baggage detected by sensor------------- 
Baggage weighs: 21.18 kg
baggage is on conveyor belt-------
---------baggage detected by sensor------------- 
Baggage weighs: 17.16 kg
baggage is on conveyor belt-------
---------baggage detected by sensor------------- 
Baggage weighs: 20.04 kg
baggage is on conveyor belt-------
---------baggage detected by sensor------------- 
Baggage weighs: 20.91 kg
baggage is on conveyor belt-------
---------baggage detected by sensor------------- 
Baggage weighs: 20.3 kg
baggage is on conveyor belt-------
---------baggage detected by sensor------------- 
Baggage weighs: 20.38 kg
baggage is on conveyor belt-------
---------baggage detected by sensor------------- 
Baggage weighs: 16.54 kg
baggage is on conveyor belt-------
---------baggage detected by sensor------------- 
Baggage weighs: 18.87 kg
baggage is on conveyor belt-------
---------baggage detected by sensor------------- 
Baggage weighs: 20.22 kg
baggage is on conveyor belt-------
---------baggage detected by sensor------------- 
Baggage weighs: 20.75 kg
baggage is on conveyor belt-------
---------baggage detected by sensor------------- 
Baggage weighs: 17.4 kg
baggage is on conveyor belt-------
---------baggage detected by sensor------------- 
Baggage weighs: 20.27 kg
baggage is on conveyor belt-------
---------baggage detected by sensor------------- 
Baggage weighs: 17.04 kg
baggage is on conveyor belt-------
---------baggage detected by sensor------------- 
Baggage weighs: 19.84 kg
baggage is on conveyor belt-------
---------baggage detected by sensor------------- 
Baggage weighs: 17.34 kg
baggage is on conveyor belt-------
---------baggage detected by sensor------------- 
Baggage weighs: 18.75 kg
baggage is on conveyor belt-------
---------baggage detected by sensor------------- 
Baggage weighs: 19.12 kg
baggage is on conveyor belt-------
---------baggage detected by sensor------------- 
Baggage weighs: 18.29 kg
baggage is on conveyor belt-------
---------baggage detected by sensor------------- 
Baggage weighs: 17.94 kg
baggage is on conveyor belt-------
---------baggage detected by sensor------------- 
Baggage weighs: 19.09 kg
baggage is on conveyor belt-------
---------baggage detected by sensor------------- 
Baggage weighs: 22.39 kg
baggage is on conveyor belt-------
---------baggage detected by sensor------------- 
Baggage weighs: 21.23 kg
baggage is on conveyor belt-------
---------baggage detected by sensor------------- 
Baggage weighs: 17.56 kg
baggage is on conveyor belt-------
---------baggage detected by sensor------------- 
Baggage weighs: 18.37 kg
baggage is on conveyor belt-------
---------baggage detected by sensor------------- 
Baggage weighs: 21.4 kg
baggage is on conveyor belt-------
---------baggage detected by sensor------------- 
Baggage weighs: 20.25 kg
baggage is on conveyor belt-------
---------baggage detected by sensor------------- 
Baggage weighs: 23.0 kg
baggage is on conveyor belt-------
---------baggage detected by sensor------------- 
Baggage weighs: 17.01 kg
baggage is on conveyor belt-------
---------baggage detected by sensor------------- 
Baggage weighs: 17.39 kg
baggage is on conveyor belt-------
---------baggage detected by sensor------------- 
Baggage weighs: 16.7 kg
baggage is on conveyor belt-------
---------baggage detected by sensor------------- 
Baggage weighs: 16.23 kg
baggage is on conveyor belt-------
---------baggage detected by sensor------------- 
Baggage weighs: 19.13 kg
baggage is on conveyor belt-------
---------baggage detected by sensor------------- 
Baggage weighs: 21.07 kg
baggage is on conveyor belt-------
---------baggage detected by sensor------------- 
Baggage weighs: 17.87 kg
baggage is on conveyor belt-------
---------baggage detected by sensor------------- 
Baggage weighs: 19.92 kg
baggage is on conveyor belt-------
---------baggage detected by sensor------------- 
Baggage weighs: 19.22 kg
baggage is on conveyor belt-------
---------baggage detected by sensor------------- 
Baggage weighs: 21.53 kg
baggage is on conveyor belt-------
---------baggage detected by sensor------------- 
Baggage weighs: 20.29 kg
baggage is on conveyor belt-------
---------baggage detected by sensor------------- 
Baggage weighs: 19.32 kg
baggage is on conveyor belt-------
---------baggage detected by sensor------------- 
Baggage weighs: 17.25 kg
baggage is on conveyor belt-------
---------baggage detected by sensor------------- 
Baggage weighs: 21.3 kg
baggage is on conveyor belt-------
---------baggage detected by sensor------------- 
Baggage weighs: 16.79 kg
baggage is on conveyor belt-------
---------baggage detected by sensor------------- 
Baggage weighs: 19.55 kg
baggage is on conveyor belt-------
---------baggage detected by sensor------------- 
Baggage weighs: 18.88 kg
baggage is on conveyor belt-------
---------baggage detected by sensor------------- 
Baggage weighs: 22.33 kg
baggage is on conveyor belt-------
---------baggage detected by sensor------------- 
Baggage weighs: 20.62 kg
baggage is on conveyor belt-------
---------baggage detected by sensor------------- 
Baggage weighs: 19.42 kg
baggage is on conveyor belt-------
---------baggage detected by sensor------------- 
Baggage weighs: 17.54 kg
baggage is on conveyor belt-------
---------baggage detected by sensor------------- 
Baggage weighs: 21.51 kg
baggage is on conveyor belt-------
---------baggage detected by sensor------------- 
Baggage weighs: 19.46 kg
baggage is on conveyor belt-------
---------baggage detected by sensor------------- 
Baggage weighs: 17.83 kg
baggage is on conveyor belt-------
---------baggage detected by sensor------------- 
Baggage weighs: 17.75 kg
baggage is on conveyor belt-------
---------baggage detected by sensor------------- 
Baggage weighs: 17.44 kg
baggage is on conveyor belt-------
---------baggage detected by sensor------------- 
Baggage weighs: 19.53 kg
baggage is on conveyor belt-------
---------baggage detected by sensor------------- 
Baggage weighs: 17.51 kg
baggage is on conveyor belt-------
---------baggage detected by sensor------------- 
Baggage weighs: 18.2 kg
baggage is on conveyor belt-------
---------baggage detected by sensor------------- 
Baggage weighs: 21.55 kg
baggage is on conveyor belt-------
---------baggage detected by sensor------------- 
Baggage weighs: 19.67 kg
baggage is on conveyor belt-------
---------baggage detected by sensor------------- 
Baggage weighs: 19.52 kg
baggage is on conveyor belt-------
---------baggage detected by sensor------------- 
Baggage weighs: 21.06 kg
baggage is on conveyor belt-------
---------baggage detected by sensor------------- 
Baggage weighs: 17.44 kg
baggage is on conveyor belt-------
---------baggage detected by sensor------------- 
Baggage weighs: 19.21 kg
baggage is on conveyor belt-------
---------baggage detected by sensor------------- 
Baggage weighs: 21.65 kg
baggage is on conveyor belt-------
---------baggage detected by sensor------------- 
Baggage weighs: 19.64 kg
baggage is on conveyor belt-------
---------baggage detected by sensor------------- 
Baggage weighs: 21.03 kg
baggage is on conveyor belt-------
---------baggage detected by sensor------------- 
Baggage weighs: 19.76 kg
baggage is on conveyor belt-------
---------baggage detected by sensor------------- 
Baggage weighs: 21.01 kg
baggage is on conveyor belt-------
---------baggage detected by sensor------------- 
Baggage weighs: 19.11 kg
baggage is on conveyor belt-------
---------baggage detected by sensor------------- 
Baggage weighs: 18.54 kg
baggage is on conveyor belt-------
---------baggage detected by sensor------------- 
Baggage weighs: 16.86 kg
baggage is on conveyor belt-------
---------baggage detected by sensor------------- 
Baggage weighs: 16.59 kg
baggage is on conveyor belt-------
---------baggage detected by sensor------------- 
Baggage weighs: 19.26 kg
baggage is on conveyor belt-------
---------baggage detected by sensor------------- 
Baggage weighs: 18.34 kg
baggage is on conveyor belt-------
---------baggage detected by sensor------------- 
Baggage weighs: 19.09 kg
baggage is on conveyor belt-------
---------baggage detected by sensor------------- 
Baggage weighs: 22.38 kg
baggage is on conveyor belt-------
---------baggage detected by sensor------------- 
Baggage weighs: 22.12 kg
baggage is on conveyor belt-------
---------baggage detected by sensor------------- 
Baggage weighs: 16.75 kg
baggage is on conveyor belt-------
---------baggage detected by sensor------------- 
Baggage weighs: 20.36 kg
baggage is on conveyor belt-------
---------baggage detected by sensor------------- 
Baggage weighs: 20.94 kg
baggage is on conveyor belt-------
---------baggage detected by sensor------------- 
Baggage weighs: 19.8 kg
baggage is on conveyor belt-------
---------baggage detected by sensor------------- 
Baggage weighs: 19.12 kg
baggage is on conveyor belt-------
---------baggage detected by sensor------------- 
Baggage weighs: 16.93 kg
baggage is on conveyor belt-------
---------baggage detected by sensor------------- 
Baggage weighs: 20.48 kg
baggage is on conveyor belt-------
---------baggage detected by sensor------------- 
Baggage weighs: 17.63 kg
baggage is on conveyor belt-------
---------baggage detected by sensor------------- 
Baggage weighs: 19.86 kg
baggage is on conveyor belt-------
---------baggage detected by sensor------------- 
Baggage weighs: 19.4 kg
baggage is on conveyor belt-------
---------baggage detected by sensor------------- 
Baggage weighs: 19.0 kg
baggage is on conveyor belt-------
---------baggage detected by sensor------------- 
Baggage weighs: 20.5 kg
baggage is on conveyor belt-------
---------baggage detected by sensor------------- 
Baggage weighs: 21.9 kg
baggage is on conveyor belt-------
---------baggage detected by sensor------------- 
Baggage weighs: 19.82 kg
baggage is on conveyor belt-------
---------baggage detected by sensor------------- 
Baggage weighs: 18.98 kg
baggage is on conveyor belt-------
---------baggage detected by sensor------------- 
Baggage weighs: 19.28 kg
baggage is on conveyor belt-------
---------baggage detected by sensor------------- 
Baggage weighs: 18.06 kg
baggage is on conveyor belt-------
---------baggage detected by sensor------------- 
Baggage weighs: 20.2 kg
baggage is on conveyor belt-------
---------baggage detected by sensor------------- 
Baggage weighs: 19.74 kg
baggage is on conveyor belt-------
---------baggage detected by sensor------------- 
Baggage weighs: 17.44 kg
baggage is on conveyor belt-------
---------baggage detected by sensor------------- 
Baggage weighs: 19.36 kg
baggage is on conveyor belt-------
---------baggage detected by sensor------------- 
Baggage weighs: 20.4 kg
baggage is on conveyor belt-------
---------baggage detected by sensor------------- 
Baggage weighs: 18.92 kg
baggage is on conveyor belt-------
---------baggage detected by sensor------------- 
Baggage weighs: 18.48 kg
baggage is on conveyor belt-------
---------baggage detected by sensor------------- 
Baggage weighs: 17.34 kg
baggage is on conveyor belt-------
---------baggage detected by sensor------------- 
Baggage weighs: 20.57 kg
baggage is on conveyor belt-------
---------baggage detected by sensor------------- 
Baggage weighs: 17.19 kg
baggage is on conveyor belt-------
---------baggage detected by sensor------------- 
Baggage weighs: 18.25 kg
baggage is on conveyor belt-------
---------baggage detected by sensor------------- 
Baggage weighs: 19.29 kg
baggage is on conveyor belt-------
---------baggage detected by sensor------------- 
Baggage weighs: 16.86 kg
baggage is on conveyor belt-------
---------baggage detected by sensor------------- 
Baggage weighs: 19.34 kg
baggage is on conveyor belt-------
---------baggage detected by sensor------------- 
Baggage weighs: 19.32 kg
baggage is on conveyor belt-------
---------baggage detected by sensor------------- 
Baggage weighs: 18.15 kg
baggage is on conveyor belt-------
---------baggage detected by sensor------------- 
Baggage weighs: 18.98 kg
baggage is on conveyor belt-------
---------baggage detected by sensor------------- 
Baggage weighs: 21.84 kg
baggage is on conveyor belt-------
---------baggage detected by sensor------------- 
Baggage weighs: 20.53 kg
baggage is on conveyor belt-------
---------baggage detected by sensor------------- 
Baggage weighs: 20.62 kg
baggage is on conveyor belt-------
---------baggage detected by sensor------------- 
Baggage weighs: 20.7 kg
baggage is on conveyor belt-------
---------baggage detected by sensor------------- 
Baggage weighs: 19.64 kg
baggage is on conveyor belt-------
---------baggage detected by sensor------------- 
Baggage weighs: 16.11 kg
baggage is on conveyor belt-------
---------baggage detected by sensor------------- 
Baggage weighs: 22.24 kg
baggage is on conveyor belt-------
---------baggage detected by sensor------------- 
Baggage weighs: 21.47 kg
baggage is on conveyor belt-------
---------baggage detected by sensor------------- 
Baggage weighs: 20.73 kg
baggage is on conveyor belt-------
---------baggage detected by sensor------------- 
Baggage weighs: 19.51 kg
baggage is on conveyor belt-------
---------baggage detected by sensor------------- 
Baggage weighs: 20.11 kg
baggage is on conveyor belt-------
---------baggage detected by sensor------------- 
Baggage weighs: 20.36 kg
baggage is on conveyor belt-------
---------baggage detected by sensor------------- 
Baggage weighs: 18.84 kg
baggage is on conveyor belt-------
---------baggage detected by sensor------------- 
Baggage weighs: 22.61 kg
baggage is on conveyor belt-------
---------baggage detected by sensor------------- 
Baggage weighs: 20.07 kg
baggage is on conveyor belt-------
---------baggage detected by sensor------------- 
Baggage weighs: 20.28 kg
baggage is on conveyor belt-------
---------baggage detected by sensor------------- 
Baggage weighs: 17.9 kg
baggage is on conveyor belt-------
---------baggage detected by sensor------------- 
Baggage weighs: 18.13 kg
baggage is on conveyor belt-------
---------baggage detected by sensor------------- 
Baggage weighs: 18.32 kg
baggage is on conveyor belt-------
---------baggage detected by sensor------------- 
Baggage weighs: 19.3 kg
baggage is on conveyor belt-------
---------baggage detected by sensor------------- 
Baggage weighs: 21.34 kg
baggage is on conveyor belt-------
---------baggage detected by sensor------------- 
Baggage weighs: 19.74 kg
baggage is on conveyor belt-------
---------baggage detected by sensor------------- 
Baggage weighs: 18.46 kg
baggage is on conveyor belt-------
---------baggage detected by sensor------------- 
Baggage weighs: 19.49 kg
baggage is on conveyor belt-------
---------baggage detected by sensor------------- 
Baggage weighs: 17.97 kg
baggage is on conveyor belt-------
---------baggage detected by sensor------------- 
Baggage weighs: 21.32 kg
baggage is on conveyor belt-------
---------baggage detected by sensor------------- 
Baggage weighs: 16.41 kg
baggage is on conveyor belt-------
---------baggage detected by sensor------------- 
Baggage weighs: 16.36 kg
baggage is on conveyor belt-------
---------baggage detected by sensor------------- 
Baggage weighs: 16.24 kg
baggage is on conveyor belt-------
---------baggage detected by sensor------------- 
Baggage weighs: 16.65 kg
baggage is on conveyor belt-------
---------baggage detected by sensor------------- 
Baggage weighs: 20.17 kg
baggage is on conveyor belt-------
---------baggage detected by sensor------------- 
Baggage weighs: 21.08 kg
baggage is on conveyor belt-------
---------baggage detected by sensor------------- 
Baggage weighs: 18.0 kg
baggage is on conveyor belt-------
---------baggage detected by sensor------------- 
Baggage weighs: 17.49 kg
baggage is on conveyor belt-------
---------baggage detected by sensor------------- 
Baggage weighs: 19.3 kg
baggage is on conveyor belt-------
---------baggage detected by sensor------------- 
Baggage weighs: 18.34 kg
baggage is on conveyor belt-------
---------baggage detected by sensor------------- 
Baggage weighs: 19.57 kg
Seat with ID: 36B has been reserved for you!

BOARDING PASS FOR DOMENIC ROSALES
-----------------------------------------------------------------------------
LUFTHANSA                      k0vgmfcdzkk89qc /  Domenic Rosales
Domenic Rosales                                     /  k0vgmfcdzkk89qc
FRA   LH2121   E  30.Oct                       /  FRA
HKG                                            /  HKG
SEAT ID: 36B                                   /  LH2121 E 30.Oct
SEQ: 190                                      / GATE: A05   22:00
MAX 1  HANDLUGGAGE/ LUGGAGE
-----------------------------------------------------------------------------
sorry Domenic Rosales we have no voucher for you! Have a nice day!

---------------------------------------------------------------------------------------------------------------
scanning passport with passport id: ZPFQBSYEC
searching for ticket in fast bag drop database..............
Ticket found for Edmundo Haley and Flight LH2121
----searching flight seat for Edmundo Haley---------
Found a seat with ID 36C
Below details were found in database
------------------------------------------
Name: Edmundo Haley
Flight ID: LH2121
Source: FRA
Destination: HKG
Gate No: A05
Boarding time: 22:00
Ticket ID: vey4hdyucwemjyf
Booking Class: E
------------------------------------------

Proceed with check-in for flight LH2121 ?
Type YES to CHECK-IN or NO to cancel CHECK-IN
Edmundo Haley is deciding whether to check-in or to go back home and sleep............
YES CHECK-IN
Checking you in...............
baggage is on conveyor belt-------
---------baggage detected by sensor------------- 
Baggage weighs: 21.58 kg
baggage is on conveyor belt-------
---------baggage detected by sensor------------- 
Baggage weighs: 20.43 kg
baggage is on conveyor belt-------
---------baggage detected by sensor------------- 
Baggage weighs: 18.47 kg
baggage is on conveyor belt-------
---------baggage detected by sensor------------- 
Baggage weighs: 17.86 kg
baggage is on conveyor belt-------
---------baggage detected by sensor------------- 
Baggage weighs: 18.65 kg
baggage is on conveyor belt-------
---------baggage detected by sensor------------- 
Baggage weighs: 19.27 kg
baggage is on conveyor belt-------
---------baggage detected by sensor------------- 
Baggage weighs: 17.42 kg
baggage is on conveyor belt-------
---------baggage detected by sensor------------- 
Baggage weighs: 19.16 kg
baggage is on conveyor belt-------
---------baggage detected by sensor------------- 
Baggage weighs: 19.52 kg
baggage is on conveyor belt-------
---------baggage detected by sensor------------- 
Baggage weighs: 17.51 kg
baggage is on conveyor belt-------
---------baggage detected by sensor------------- 
Baggage weighs: 17.38 kg
baggage is on conveyor belt-------
---------baggage detected by sensor------------- 
Baggage weighs: 18.67 kg
baggage is on conveyor belt-------
---------baggage detected by sensor------------- 
Baggage weighs: 16.98 kg
baggage is on conveyor belt-------
---------baggage detected by sensor------------- 
Baggage weighs: 21.26 kg
baggage is on conveyor belt-------
---------baggage detected by sensor------------- 
Baggage weighs: 18.3 kg
baggage is on conveyor belt-------
---------baggage detected by sensor------------- 
Baggage weighs: 16.81 kg
baggage is on conveyor belt-------
---------baggage detected by sensor------------- 
Baggage weighs: 20.91 kg
baggage is on conveyor belt-------
---------baggage detected by sensor------------- 
Baggage weighs: 21.21 kg
baggage is on conveyor belt-------
---------baggage detected by sensor------------- 
Baggage weighs: 19.69 kg
baggage is on conveyor belt-------
---------baggage detected by sensor------------- 
Baggage weighs: 18.67 kg
baggage is on conveyor belt-------
---------baggage detected by sensor------------- 
Baggage weighs: 19.12 kg
baggage is on conveyor belt-------
---------baggage detected by sensor------------- 
Baggage weighs: 16.42 kg
baggage is on conveyor belt-------
---------baggage detected by sensor------------- 
Baggage weighs: 19.17 kg
baggage is on conveyor belt-------
---------baggage detected by sensor------------- 
Baggage weighs: 19.0 kg
baggage is on conveyor belt-------
---------baggage detected by sensor------------- 
Baggage weighs: 18.78 kg
baggage is on conveyor belt-------
---------baggage detected by sensor------------- 
Baggage weighs: 20.31 kg
baggage is on conveyor belt-------
---------baggage detected by sensor------------- 
Baggage weighs: 21.25 kg
baggage is on conveyor belt-------
---------baggage detected by sensor------------- 
Baggage weighs: 18.87 kg
baggage is on conveyor belt-------
---------baggage detected by sensor------------- 
Baggage weighs: 16.25 kg
baggage is on conveyor belt-------
---------baggage detected by sensor------------- 
Baggage weighs: 19.94 kg
baggage is on conveyor belt-------
---------baggage detected by sensor------------- 
Baggage weighs: 16.88 kg
baggage is on conveyor belt-------
---------baggage detected by sensor------------- 
Baggage weighs: 18.24 kg
baggage is on conveyor belt-------
---------baggage detected by sensor------------- 
Baggage weighs: 17.16 kg
baggage is on conveyor belt-------
---------baggage detected by sensor------------- 
Baggage weighs: 19.34 kg
baggage is on conveyor belt-------
---------baggage detected by sensor------------- 
Baggage weighs: 22.41 kg
baggage is on conveyor belt-------
---------baggage detected by sensor------------- 
Baggage weighs: 20.47 kg
baggage is on conveyor belt-------
---------baggage detected by sensor------------- 
Baggage weighs: 18.81 kg
baggage is on conveyor belt-------
---------baggage detected by sensor------------- 
Baggage weighs: 18.56 kg
baggage is on conveyor belt-------
---------baggage detected by sensor------------- 
Baggage weighs: 17.77 kg
baggage is on conveyor belt-------
---------baggage detected by sensor------------- 
Baggage weighs: 19.32 kg
baggage is on conveyor belt-------
---------baggage detected by sensor------------- 
Baggage weighs: 19.21 kg
baggage is on conveyor belt-------
---------baggage detected by sensor------------- 
Baggage weighs: 19.13 kg
baggage is on conveyor belt-------
---------baggage detected by sensor------------- 
Baggage weighs: 20.39 kg
baggage is on conveyor belt-------
---------baggage detected by sensor------------- 
Baggage weighs: 21.03 kg
baggage is on conveyor belt-------
---------baggage detected by sensor------------- 
Baggage weighs: 20.05 kg
baggage is on conveyor belt-------
---------baggage detected by sensor------------- 
Baggage weighs: 21.92 kg
baggage is on conveyor belt-------
---------baggage detected by sensor------------- 
Baggage weighs: 19.37 kg
baggage is on conveyor belt-------
---------baggage detected by sensor------------- 
Baggage weighs: 20.35 kg
baggage is on conveyor belt-------
---------baggage detected by sensor------------- 
Baggage weighs: 18.73 kg
baggage is on conveyor belt-------
---------baggage detected by sensor------------- 
Baggage weighs: 20.33 kg
baggage is on conveyor belt-------
---------baggage detected by sensor------------- 
Baggage weighs: 22.01 kg
baggage is on conveyor belt-------
---------baggage detected by sensor------------- 
Baggage weighs: 19.27 kg
baggage is on conveyor belt-------
---------baggage detected by sensor------------- 
Baggage weighs: 21.18 kg
baggage is on conveyor belt-------
---------baggage detected by sensor------------- 
Baggage weighs: 17.16 kg
baggage is on conveyor belt-------
---------baggage detected by sensor------------- 
Baggage weighs: 20.04 kg
baggage is on conveyor belt-------
---------baggage detected by sensor------------- 
Baggage weighs: 20.91 kg
baggage is on conveyor belt-------
---------baggage detected by sensor------------- 
Baggage weighs: 20.3 kg
baggage is on conveyor belt-------
---------baggage detected by sensor------------- 
Baggage weighs: 20.38 kg
baggage is on conveyor belt-------
---------baggage detected by sensor------------- 
Baggage weighs: 16.54 kg
baggage is on conveyor belt-------
---------baggage detected by sensor------------- 
Baggage weighs: 18.87 kg
baggage is on conveyor belt-------
---------baggage detected by sensor------------- 
Baggage weighs: 20.22 kg
baggage is on conveyor belt-------
---------baggage detected by sensor------------- 
Baggage weighs: 20.75 kg
baggage is on conveyor belt-------
---------baggage detected by sensor------------- 
Baggage weighs: 17.4 kg
baggage is on conveyor belt-------
---------baggage detected by sensor------------- 
Baggage weighs: 20.27 kg
baggage is on conveyor belt-------
---------baggage detected by sensor------------- 
Baggage weighs: 17.04 kg
baggage is on conveyor belt-------
---------baggage detected by sensor------------- 
Baggage weighs: 19.84 kg
baggage is on conveyor belt-------
---------baggage detected by sensor------------- 
Baggage weighs: 17.34 kg
baggage is on conveyor belt-------
---------baggage detected by sensor------------- 
Baggage weighs: 18.75 kg
baggage is on conveyor belt-------
---------baggage detected by sensor------------- 
Baggage weighs: 19.12 kg
baggage is on conveyor belt-------
---------baggage detected by sensor------------- 
Baggage weighs: 18.29 kg
baggage is on conveyor belt-------
---------baggage detected by sensor------------- 
Baggage weighs: 17.94 kg
baggage is on conveyor belt-------
---------baggage detected by sensor------------- 
Baggage weighs: 19.09 kg
baggage is on conveyor belt-------
---------baggage detected by sensor------------- 
Baggage weighs: 22.39 kg
baggage is on conveyor belt-------
---------baggage detected by sensor------------- 
Baggage weighs: 21.23 kg
baggage is on conveyor belt-------
---------baggage detected by sensor------------- 
Baggage weighs: 17.56 kg
baggage is on conveyor belt-------
---------baggage detected by sensor------------- 
Baggage weighs: 18.37 kg
baggage is on conveyor belt-------
---------baggage detected by sensor------------- 
Baggage weighs: 21.4 kg
baggage is on conveyor belt-------
---------baggage detected by sensor------------- 
Baggage weighs: 20.25 kg
baggage is on conveyor belt-------
---------baggage detected by sensor------------- 
Baggage weighs: 23.0 kg
baggage is on conveyor belt-------
---------baggage detected by sensor------------- 
Baggage weighs: 17.01 kg
baggage is on conveyor belt-------
---------baggage detected by sensor------------- 
Baggage weighs: 17.39 kg
baggage is on conveyor belt-------
---------baggage detected by sensor------------- 
Baggage weighs: 16.7 kg
baggage is on conveyor belt-------
---------baggage detected by sensor------------- 
Baggage weighs: 16.23 kg
baggage is on conveyor belt-------
---------baggage detected by sensor------------- 
Baggage weighs: 19.13 kg
baggage is on conveyor belt-------
---------baggage detected by sensor------------- 
Baggage weighs: 21.07 kg
baggage is on conveyor belt-------
---------baggage detected by sensor------------- 
Baggage weighs: 17.87 kg
baggage is on conveyor belt-------
---------baggage detected by sensor------------- 
Baggage weighs: 19.92 kg
baggage is on conveyor belt-------
---------baggage detected by sensor------------- 
Baggage weighs: 19.22 kg
baggage is on conveyor belt-------
---------baggage detected by sensor------------- 
Baggage weighs: 21.53 kg
baggage is on conveyor belt-------
---------baggage detected by sensor------------- 
Baggage weighs: 20.29 kg
baggage is on conveyor belt-------
---------baggage detected by sensor------------- 
Baggage weighs: 19.32 kg
baggage is on conveyor belt-------
---------baggage detected by sensor------------- 
Baggage weighs: 17.25 kg
baggage is on conveyor belt-------
---------baggage detected by sensor------------- 
Baggage weighs: 21.3 kg
baggage is on conveyor belt-------
---------baggage detected by sensor------------- 
Baggage weighs: 16.79 kg
baggage is on conveyor belt-------
---------baggage detected by sensor------------- 
Baggage weighs: 19.55 kg
baggage is on conveyor belt-------
---------baggage detected by sensor------------- 
Baggage weighs: 18.88 kg
baggage is on conveyor belt-------
---------baggage detected by sensor------------- 
Baggage weighs: 22.33 kg
baggage is on conveyor belt-------
---------baggage detected by sensor------------- 
Baggage weighs: 20.62 kg
baggage is on conveyor belt-------
---------baggage detected by sensor------------- 
Baggage weighs: 19.42 kg
baggage is on conveyor belt-------
---------baggage detected by sensor------------- 
Baggage weighs: 17.54 kg
baggage is on conveyor belt-------
---------baggage detected by sensor------------- 
Baggage weighs: 21.51 kg
baggage is on conveyor belt-------
---------baggage detected by sensor------------- 
Baggage weighs: 19.46 kg
baggage is on conveyor belt-------
---------baggage detected by sensor------------- 
Baggage weighs: 17.83 kg
baggage is on conveyor belt-------
---------baggage detected by sensor------------- 
Baggage weighs: 17.75 kg
baggage is on conveyor belt-------
---------baggage detected by sensor------------- 
Baggage weighs: 17.44 kg
baggage is on conveyor belt-------
---------baggage detected by sensor------------- 
Baggage weighs: 19.53 kg
baggage is on conveyor belt-------
---------baggage detected by sensor------------- 
Baggage weighs: 17.51 kg
baggage is on conveyor belt-------
---------baggage detected by sensor------------- 
Baggage weighs: 18.2 kg
baggage is on conveyor belt-------
---------baggage detected by sensor------------- 
Baggage weighs: 21.55 kg
baggage is on conveyor belt-------
---------baggage detected by sensor------------- 
Baggage weighs: 19.67 kg
baggage is on conveyor belt-------
---------baggage detected by sensor------------- 
Baggage weighs: 19.52 kg
baggage is on conveyor belt-------
---------baggage detected by sensor------------- 
Baggage weighs: 21.06 kg
baggage is on conveyor belt-------
---------baggage detected by sensor------------- 
Baggage weighs: 17.44 kg
baggage is on conveyor belt-------
---------baggage detected by sensor------------- 
Baggage weighs: 19.21 kg
baggage is on conveyor belt-------
---------baggage detected by sensor------------- 
Baggage weighs: 21.65 kg
baggage is on conveyor belt-------
---------baggage detected by sensor------------- 
Baggage weighs: 19.64 kg
baggage is on conveyor belt-------
---------baggage detected by sensor------------- 
Baggage weighs: 21.03 kg
baggage is on conveyor belt-------
---------baggage detected by sensor------------- 
Baggage weighs: 19.76 kg
baggage is on conveyor belt-------
---------baggage detected by sensor------------- 
Baggage weighs: 21.01 kg
baggage is on conveyor belt-------
---------baggage detected by sensor------------- 
Baggage weighs: 19.11 kg
baggage is on conveyor belt-------
---------baggage detected by sensor------------- 
Baggage weighs: 18.54 kg
baggage is on conveyor belt-------
---------baggage detected by sensor------------- 
Baggage weighs: 16.86 kg
baggage is on conveyor belt-------
---------baggage detected by sensor------------- 
Baggage weighs: 16.59 kg
baggage is on conveyor belt-------
---------baggage detected by sensor------------- 
Baggage weighs: 19.26 kg
baggage is on conveyor belt-------
---------baggage detected by sensor------------- 
Baggage weighs: 18.34 kg
baggage is on conveyor belt-------
---------baggage detected by sensor------------- 
Baggage weighs: 19.09 kg
baggage is on conveyor belt-------
---------baggage detected by sensor------------- 
Baggage weighs: 22.38 kg
baggage is on conveyor belt-------
---------baggage detected by sensor------------- 
Baggage weighs: 22.12 kg
baggage is on conveyor belt-------
---------baggage detected by sensor------------- 
Baggage weighs: 16.75 kg
baggage is on conveyor belt-------
---------baggage detected by sensor------------- 
Baggage weighs: 20.36 kg
baggage is on conveyor belt-------
---------baggage detected by sensor------------- 
Baggage weighs: 20.94 kg
baggage is on conveyor belt-------
---------baggage detected by sensor------------- 
Baggage weighs: 19.8 kg
baggage is on conveyor belt-------
---------baggage detected by sensor------------- 
Baggage weighs: 19.12 kg
baggage is on conveyor belt-------
---------baggage detected by sensor------------- 
Baggage weighs: 16.93 kg
baggage is on conveyor belt-------
---------baggage detected by sensor------------- 
Baggage weighs: 20.48 kg
baggage is on conveyor belt-------
---------baggage detected by sensor------------- 
Baggage weighs: 17.63 kg
baggage is on conveyor belt-------
---------baggage detected by sensor------------- 
Baggage weighs: 19.86 kg
baggage is on conveyor belt-------
---------baggage detected by sensor------------- 
Baggage weighs: 19.4 kg
baggage is on conveyor belt-------
---------baggage detected by sensor------------- 
Baggage weighs: 19.0 kg
baggage is on conveyor belt-------
---------baggage detected by sensor------------- 
Baggage weighs: 20.5 kg
baggage is on conveyor belt-------
---------baggage detected by sensor------------- 
Baggage weighs: 21.9 kg
baggage is on conveyor belt-------
---------baggage detected by sensor------------- 
Baggage weighs: 19.82 kg
baggage is on conveyor belt-------
---------baggage detected by sensor------------- 
Baggage weighs: 18.98 kg
baggage is on conveyor belt-------
---------baggage detected by sensor------------- 
Baggage weighs: 19.28 kg
baggage is on conveyor belt-------
---------baggage detected by sensor------------- 
Baggage weighs: 18.06 kg
baggage is on conveyor belt-------
---------baggage detected by sensor------------- 
Baggage weighs: 20.2 kg
baggage is on conveyor belt-------
---------baggage detected by sensor------------- 
Baggage weighs: 19.74 kg
baggage is on conveyor belt-------
---------baggage detected by sensor------------- 
Baggage weighs: 17.44 kg
baggage is on conveyor belt-------
---------baggage detected by sensor------------- 
Baggage weighs: 19.36 kg
baggage is on conveyor belt-------
---------baggage detected by sensor------------- 
Baggage weighs: 20.4 kg
baggage is on conveyor belt-------
---------baggage detected by sensor------------- 
Baggage weighs: 18.92 kg
baggage is on conveyor belt-------
---------baggage detected by sensor------------- 
Baggage weighs: 18.48 kg
baggage is on conveyor belt-------
---------baggage detected by sensor------------- 
Baggage weighs: 17.34 kg
baggage is on conveyor belt-------
---------baggage detected by sensor------------- 
Baggage weighs: 20.57 kg
baggage is on conveyor belt-------
---------baggage detected by sensor------------- 
Baggage weighs: 17.19 kg
baggage is on conveyor belt-------
---------baggage detected by sensor------------- 
Baggage weighs: 18.25 kg
baggage is on conveyor belt-------
---------baggage detected by sensor------------- 
Baggage weighs: 19.29 kg
baggage is on conveyor belt-------
---------baggage detected by sensor------------- 
Baggage weighs: 16.86 kg
baggage is on conveyor belt-------
---------baggage detected by sensor------------- 
Baggage weighs: 19.34 kg
baggage is on conveyor belt-------
---------baggage detected by sensor------------- 
Baggage weighs: 19.32 kg
baggage is on conveyor belt-------
---------baggage detected by sensor------------- 
Baggage weighs: 18.15 kg
baggage is on conveyor belt-------
---------baggage detected by sensor------------- 
Baggage weighs: 18.98 kg
baggage is on conveyor belt-------
---------baggage detected by sensor------------- 
Baggage weighs: 21.84 kg
baggage is on conveyor belt-------
---------baggage detected by sensor------------- 
Baggage weighs: 20.53 kg
baggage is on conveyor belt-------
---------baggage detected by sensor------------- 
Baggage weighs: 20.62 kg
baggage is on conveyor belt-------
---------baggage detected by sensor------------- 
Baggage weighs: 20.7 kg
baggage is on conveyor belt-------
---------baggage detected by sensor------------- 
Baggage weighs: 19.64 kg
baggage is on conveyor belt-------
---------baggage detected by sensor------------- 
Baggage weighs: 16.11 kg
baggage is on conveyor belt-------
---------baggage detected by sensor------------- 
Baggage weighs: 22.24 kg
baggage is on conveyor belt-------
---------baggage detected by sensor------------- 
Baggage weighs: 21.47 kg
baggage is on conveyor belt-------
---------baggage detected by sensor------------- 
Baggage weighs: 20.73 kg
baggage is on conveyor belt-------
---------baggage detected by sensor------------- 
Baggage weighs: 19.51 kg
baggage is on conveyor belt-------
---------baggage detected by sensor------------- 
Baggage weighs: 20.11 kg
baggage is on conveyor belt-------
---------baggage detected by sensor------------- 
Baggage weighs: 20.36 kg
baggage is on conveyor belt-------
---------baggage detected by sensor------------- 
Baggage weighs: 18.84 kg
baggage is on conveyor belt-------
---------baggage detected by sensor------------- 
Baggage weighs: 22.61 kg
baggage is on conveyor belt-------
---------baggage detected by sensor------------- 
Baggage weighs: 20.07 kg
baggage is on conveyor belt-------
---------baggage detected by sensor------------- 
Baggage weighs: 20.28 kg
baggage is on conveyor belt-------
---------baggage detected by sensor------------- 
Baggage weighs: 17.9 kg
baggage is on conveyor belt-------
---------baggage detected by sensor------------- 
Baggage weighs: 18.13 kg
baggage is on conveyor belt-------
---------baggage detected by sensor------------- 
Baggage weighs: 18.32 kg
baggage is on conveyor belt-------
---------baggage detected by sensor------------- 
Baggage weighs: 19.3 kg
baggage is on conveyor belt-------
---------baggage detected by sensor------------- 
Baggage weighs: 21.34 kg
baggage is on conveyor belt-------
---------baggage detected by sensor------------- 
Baggage weighs: 19.74 kg
baggage is on conveyor belt-------
---------baggage detected by sensor------------- 
Baggage weighs: 18.46 kg
baggage is on conveyor belt-------
---------baggage detected by sensor------------- 
Baggage weighs: 19.49 kg
baggage is on conveyor belt-------
---------baggage detected by sensor------------- 
Baggage weighs: 17.97 kg
baggage is on conveyor belt-------
---------baggage detected by sensor------------- 
Baggage weighs: 21.32 kg
baggage is on conveyor belt-------
---------baggage detected by sensor------------- 
Baggage weighs: 16.41 kg
baggage is on conveyor belt-------
---------baggage detected by sensor------------- 
Baggage weighs: 16.36 kg
baggage is on conveyor belt-------
---------baggage detected by sensor------------- 
Baggage weighs: 16.24 kg
baggage is on conveyor belt-------
---------baggage detected by sensor------------- 
Baggage weighs: 16.65 kg
baggage is on conveyor belt-------
---------baggage detected by sensor------------- 
Baggage weighs: 20.17 kg
baggage is on conveyor belt-------
---------baggage detected by sensor------------- 
Baggage weighs: 21.08 kg
baggage is on conveyor belt-------
---------baggage detected by sensor------------- 
Baggage weighs: 18.0 kg
baggage is on conveyor belt-------
---------baggage detected by sensor------------- 
Baggage weighs: 17.49 kg
baggage is on conveyor belt-------
---------baggage detected by sensor------------- 
Baggage weighs: 19.3 kg
baggage is on conveyor belt-------
---------baggage detected by sensor------------- 
Baggage weighs: 18.34 kg
baggage is on conveyor belt-------
---------baggage detected by sensor------------- 
Baggage weighs: 19.57 kg
baggage is on conveyor belt-------
---------baggage detected by sensor------------- 
Baggage weighs: 18.99 kg
Seat with ID: 36C has been reserved for you!

BOARDING PASS FOR EDMUNDO HALEY
-----------------------------------------------------------------------------
LUFTHANSA                      vey4hdyucwemjyf /  Edmundo Haley
Edmundo Haley                                     /  vey4hdyucwemjyf
FRA   LH2121   E  30.Oct                       /  FRA
HKG                                            /  HKG
SEAT ID: 36C                                   /  LH2121 E 30.Oct
SEQ: 191                                      / GATE: A05   22:00
MAX 1  HANDLUGGAGE/ LUGGAGE
-----------------------------------------------------------------------------
sorry Edmundo Haley we have no voucher for you! Have a nice day!

---------------------------------------------------------------------------------------------------------------
scanning passport with passport id: T7G9JTVKZ
searching for ticket in fast bag drop database..............
Ticket found for Dannie Miller and Flight LH2121
----searching flight seat for Dannie Miller---------
Found a seat with ID 36D
Below details were found in database
------------------------------------------
Name: Dannie Miller
Flight ID: LH2121
Source: FRA
Destination: HKG
Gate No: A05
Boarding time: 22:00
Ticket ID: 9lhyqwyeolemfpu
Booking Class: E
------------------------------------------

Proceed with check-in for flight LH2121 ?
Type YES to CHECK-IN or NO to cancel CHECK-IN
Dannie Miller is deciding whether to check-in or to go back home and sleep............
YES CHECK-IN
Checking you in...............
baggage is on conveyor belt-------
---------baggage detected by sensor------------- 
Baggage weighs: 21.58 kg
baggage is on conveyor belt-------
---------baggage detected by sensor------------- 
Baggage weighs: 20.43 kg
baggage is on conveyor belt-------
---------baggage detected by sensor------------- 
Baggage weighs: 18.47 kg
baggage is on conveyor belt-------
---------baggage detected by sensor------------- 
Baggage weighs: 17.86 kg
baggage is on conveyor belt-------
---------baggage detected by sensor------------- 
Baggage weighs: 18.65 kg
baggage is on conveyor belt-------
---------baggage detected by sensor------------- 
Baggage weighs: 19.27 kg
baggage is on conveyor belt-------
---------baggage detected by sensor------------- 
Baggage weighs: 17.42 kg
baggage is on conveyor belt-------
---------baggage detected by sensor------------- 
Baggage weighs: 19.16 kg
baggage is on conveyor belt-------
---------baggage detected by sensor------------- 
Baggage weighs: 19.52 kg
baggage is on conveyor belt-------
---------baggage detected by sensor------------- 
Baggage weighs: 17.51 kg
baggage is on conveyor belt-------
---------baggage detected by sensor------------- 
Baggage weighs: 17.38 kg
baggage is on conveyor belt-------
---------baggage detected by sensor------------- 
Baggage weighs: 18.67 kg
baggage is on conveyor belt-------
---------baggage detected by sensor------------- 
Baggage weighs: 16.98 kg
baggage is on conveyor belt-------
---------baggage detected by sensor------------- 
Baggage weighs: 21.26 kg
baggage is on conveyor belt-------
---------baggage detected by sensor------------- 
Baggage weighs: 18.3 kg
baggage is on conveyor belt-------
---------baggage detected by sensor------------- 
Baggage weighs: 16.81 kg
baggage is on conveyor belt-------
---------baggage detected by sensor------------- 
Baggage weighs: 20.91 kg
baggage is on conveyor belt-------
---------baggage detected by sensor------------- 
Baggage weighs: 21.21 kg
baggage is on conveyor belt-------
---------baggage detected by sensor------------- 
Baggage weighs: 19.69 kg
baggage is on conveyor belt-------
---------baggage detected by sensor------------- 
Baggage weighs: 18.67 kg
baggage is on conveyor belt-------
---------baggage detected by sensor------------- 
Baggage weighs: 19.12 kg
baggage is on conveyor belt-------
---------baggage detected by sensor------------- 
Baggage weighs: 16.42 kg
baggage is on conveyor belt-------
---------baggage detected by sensor------------- 
Baggage weighs: 19.17 kg
baggage is on conveyor belt-------
---------baggage detected by sensor------------- 
Baggage weighs: 19.0 kg
baggage is on conveyor belt-------
---------baggage detected by sensor------------- 
Baggage weighs: 18.78 kg
baggage is on conveyor belt-------
---------baggage detected by sensor------------- 
Baggage weighs: 20.31 kg
baggage is on conveyor belt-------
---------baggage detected by sensor------------- 
Baggage weighs: 21.25 kg
baggage is on conveyor belt-------
---------baggage detected by sensor------------- 
Baggage weighs: 18.87 kg
baggage is on conveyor belt-------
---------baggage detected by sensor------------- 
Baggage weighs: 16.25 kg
baggage is on conveyor belt-------
---------baggage detected by sensor------------- 
Baggage weighs: 19.94 kg
baggage is on conveyor belt-------
---------baggage detected by sensor------------- 
Baggage weighs: 16.88 kg
baggage is on conveyor belt-------
---------baggage detected by sensor------------- 
Baggage weighs: 18.24 kg
baggage is on conveyor belt-------
---------baggage detected by sensor------------- 
Baggage weighs: 17.16 kg
baggage is on conveyor belt-------
---------baggage detected by sensor------------- 
Baggage weighs: 19.34 kg
baggage is on conveyor belt-------
---------baggage detected by sensor------------- 
Baggage weighs: 22.41 kg
baggage is on conveyor belt-------
---------baggage detected by sensor------------- 
Baggage weighs: 20.47 kg
baggage is on conveyor belt-------
---------baggage detected by sensor------------- 
Baggage weighs: 18.81 kg
baggage is on conveyor belt-------
---------baggage detected by sensor------------- 
Baggage weighs: 18.56 kg
baggage is on conveyor belt-------
---------baggage detected by sensor------------- 
Baggage weighs: 17.77 kg
baggage is on conveyor belt-------
---------baggage detected by sensor------------- 
Baggage weighs: 19.32 kg
baggage is on conveyor belt-------
---------baggage detected by sensor------------- 
Baggage weighs: 19.21 kg
baggage is on conveyor belt-------
---------baggage detected by sensor------------- 
Baggage weighs: 19.13 kg
baggage is on conveyor belt-------
---------baggage detected by sensor------------- 
Baggage weighs: 20.39 kg
baggage is on conveyor belt-------
---------baggage detected by sensor------------- 
Baggage weighs: 21.03 kg
baggage is on conveyor belt-------
---------baggage detected by sensor------------- 
Baggage weighs: 20.05 kg
baggage is on conveyor belt-------
---------baggage detected by sensor------------- 
Baggage weighs: 21.92 kg
baggage is on conveyor belt-------
---------baggage detected by sensor------------- 
Baggage weighs: 19.37 kg
baggage is on conveyor belt-------
---------baggage detected by sensor------------- 
Baggage weighs: 20.35 kg
baggage is on conveyor belt-------
---------baggage detected by sensor------------- 
Baggage weighs: 18.73 kg
baggage is on conveyor belt-------
---------baggage detected by sensor------------- 
Baggage weighs: 20.33 kg
baggage is on conveyor belt-------
---------baggage detected by sensor------------- 
Baggage weighs: 22.01 kg
baggage is on conveyor belt-------
---------baggage detected by sensor------------- 
Baggage weighs: 19.27 kg
baggage is on conveyor belt-------
---------baggage detected by sensor------------- 
Baggage weighs: 21.18 kg
baggage is on conveyor belt-------
---------baggage detected by sensor------------- 
Baggage weighs: 17.16 kg
baggage is on conveyor belt-------
---------baggage detected by sensor------------- 
Baggage weighs: 20.04 kg
baggage is on conveyor belt-------
---------baggage detected by sensor------------- 
Baggage weighs: 20.91 kg
baggage is on conveyor belt-------
---------baggage detected by sensor------------- 
Baggage weighs: 20.3 kg
baggage is on conveyor belt-------
---------baggage detected by sensor------------- 
Baggage weighs: 20.38 kg
baggage is on conveyor belt-------
---------baggage detected by sensor------------- 
Baggage weighs: 16.54 kg
baggage is on conveyor belt-------
---------baggage detected by sensor------------- 
Baggage weighs: 18.87 kg
baggage is on conveyor belt-------
---------baggage detected by sensor------------- 
Baggage weighs: 20.22 kg
baggage is on conveyor belt-------
---------baggage detected by sensor------------- 
Baggage weighs: 20.75 kg
baggage is on conveyor belt-------
---------baggage detected by sensor------------- 
Baggage weighs: 17.4 kg
baggage is on conveyor belt-------
---------baggage detected by sensor------------- 
Baggage weighs: 20.27 kg
baggage is on conveyor belt-------
---------baggage detected by sensor------------- 
Baggage weighs: 17.04 kg
baggage is on conveyor belt-------
---------baggage detected by sensor------------- 
Baggage weighs: 19.84 kg
baggage is on conveyor belt-------
---------baggage detected by sensor------------- 
Baggage weighs: 17.34 kg
baggage is on conveyor belt-------
---------baggage detected by sensor------------- 
Baggage weighs: 18.75 kg
baggage is on conveyor belt-------
---------baggage detected by sensor------------- 
Baggage weighs: 19.12 kg
baggage is on conveyor belt-------
---------baggage detected by sensor------------- 
Baggage weighs: 18.29 kg
baggage is on conveyor belt-------
---------baggage detected by sensor------------- 
Baggage weighs: 17.94 kg
baggage is on conveyor belt-------
---------baggage detected by sensor------------- 
Baggage weighs: 19.09 kg
baggage is on conveyor belt-------
---------baggage detected by sensor------------- 
Baggage weighs: 22.39 kg
baggage is on conveyor belt-------
---------baggage detected by sensor------------- 
Baggage weighs: 21.23 kg
baggage is on conveyor belt-------
---------baggage detected by sensor------------- 
Baggage weighs: 17.56 kg
baggage is on conveyor belt-------
---------baggage detected by sensor------------- 
Baggage weighs: 18.37 kg
baggage is on conveyor belt-------
---------baggage detected by sensor------------- 
Baggage weighs: 21.4 kg
baggage is on conveyor belt-------
---------baggage detected by sensor------------- 
Baggage weighs: 20.25 kg
baggage is on conveyor belt-------
---------baggage detected by sensor------------- 
Baggage weighs: 23.0 kg
baggage is on conveyor belt-------
---------baggage detected by sensor------------- 
Baggage weighs: 17.01 kg
baggage is on conveyor belt-------
---------baggage detected by sensor------------- 
Baggage weighs: 17.39 kg
baggage is on conveyor belt-------
---------baggage detected by sensor------------- 
Baggage weighs: 16.7 kg
baggage is on conveyor belt-------
---------baggage detected by sensor------------- 
Baggage weighs: 16.23 kg
baggage is on conveyor belt-------
---------baggage detected by sensor------------- 
Baggage weighs: 19.13 kg
baggage is on conveyor belt-------
---------baggage detected by sensor------------- 
Baggage weighs: 21.07 kg
baggage is on conveyor belt-------
---------baggage detected by sensor------------- 
Baggage weighs: 17.87 kg
baggage is on conveyor belt-------
---------baggage detected by sensor------------- 
Baggage weighs: 19.92 kg
baggage is on conveyor belt-------
---------baggage detected by sensor------------- 
Baggage weighs: 19.22 kg
baggage is on conveyor belt-------
---------baggage detected by sensor------------- 
Baggage weighs: 21.53 kg
baggage is on conveyor belt-------
---------baggage detected by sensor------------- 
Baggage weighs: 20.29 kg
baggage is on conveyor belt-------
---------baggage detected by sensor------------- 
Baggage weighs: 19.32 kg
baggage is on conveyor belt-------
---------baggage detected by sensor------------- 
Baggage weighs: 17.25 kg
baggage is on conveyor belt-------
---------baggage detected by sensor------------- 
Baggage weighs: 21.3 kg
baggage is on conveyor belt-------
---------baggage detected by sensor------------- 
Baggage weighs: 16.79 kg
baggage is on conveyor belt-------
---------baggage detected by sensor------------- 
Baggage weighs: 19.55 kg
baggage is on conveyor belt-------
---------baggage detected by sensor------------- 
Baggage weighs: 18.88 kg
baggage is on conveyor belt-------
---------baggage detected by sensor------------- 
Baggage weighs: 22.33 kg
baggage is on conveyor belt-------
---------baggage detected by sensor------------- 
Baggage weighs: 20.62 kg
baggage is on conveyor belt-------
---------baggage detected by sensor------------- 
Baggage weighs: 19.42 kg
baggage is on conveyor belt-------
---------baggage detected by sensor------------- 
Baggage weighs: 17.54 kg
baggage is on conveyor belt-------
---------baggage detected by sensor------------- 
Baggage weighs: 21.51 kg
baggage is on conveyor belt-------
---------baggage detected by sensor------------- 
Baggage weighs: 19.46 kg
baggage is on conveyor belt-------
---------baggage detected by sensor------------- 
Baggage weighs: 17.83 kg
baggage is on conveyor belt-------
---------baggage detected by sensor------------- 
Baggage weighs: 17.75 kg
baggage is on conveyor belt-------
---------baggage detected by sensor------------- 
Baggage weighs: 17.44 kg
baggage is on conveyor belt-------
---------baggage detected by sensor------------- 
Baggage weighs: 19.53 kg
baggage is on conveyor belt-------
---------baggage detected by sensor------------- 
Baggage weighs: 17.51 kg
baggage is on conveyor belt-------
---------baggage detected by sensor------------- 
Baggage weighs: 18.2 kg
baggage is on conveyor belt-------
---------baggage detected by sensor------------- 
Baggage weighs: 21.55 kg
baggage is on conveyor belt-------
---------baggage detected by sensor------------- 
Baggage weighs: 19.67 kg
baggage is on conveyor belt-------
---------baggage detected by sensor------------- 
Baggage weighs: 19.52 kg
baggage is on conveyor belt-------
---------baggage detected by sensor------------- 
Baggage weighs: 21.06 kg
baggage is on conveyor belt-------
---------baggage detected by sensor------------- 
Baggage weighs: 17.44 kg
baggage is on conveyor belt-------
---------baggage detected by sensor------------- 
Baggage weighs: 19.21 kg
baggage is on conveyor belt-------
---------baggage detected by sensor------------- 
Baggage weighs: 21.65 kg
baggage is on conveyor belt-------
---------baggage detected by sensor------------- 
Baggage weighs: 19.64 kg
baggage is on conveyor belt-------
---------baggage detected by sensor------------- 
Baggage weighs: 21.03 kg
baggage is on conveyor belt-------
---------baggage detected by sensor------------- 
Baggage weighs: 19.76 kg
baggage is on conveyor belt-------
---------baggage detected by sensor------------- 
Baggage weighs: 21.01 kg
baggage is on conveyor belt-------
---------baggage detected by sensor------------- 
Baggage weighs: 19.11 kg
baggage is on conveyor belt-------
---------baggage detected by sensor------------- 
Baggage weighs: 18.54 kg
baggage is on conveyor belt-------
---------baggage detected by sensor------------- 
Baggage weighs: 16.86 kg
baggage is on conveyor belt-------
---------baggage detected by sensor------------- 
Baggage weighs: 16.59 kg
baggage is on conveyor belt-------
---------baggage detected by sensor------------- 
Baggage weighs: 19.26 kg
baggage is on conveyor belt-------
---------baggage detected by sensor------------- 
Baggage weighs: 18.34 kg
baggage is on conveyor belt-------
---------baggage detected by sensor------------- 
Baggage weighs: 19.09 kg
baggage is on conveyor belt-------
---------baggage detected by sensor------------- 
Baggage weighs: 22.38 kg
baggage is on conveyor belt-------
---------baggage detected by sensor------------- 
Baggage weighs: 22.12 kg
baggage is on conveyor belt-------
---------baggage detected by sensor------------- 
Baggage weighs: 16.75 kg
baggage is on conveyor belt-------
---------baggage detected by sensor------------- 
Baggage weighs: 20.36 kg
baggage is on conveyor belt-------
---------baggage detected by sensor------------- 
Baggage weighs: 20.94 kg
baggage is on conveyor belt-------
---------baggage detected by sensor------------- 
Baggage weighs: 19.8 kg
baggage is on conveyor belt-------
---------baggage detected by sensor------------- 
Baggage weighs: 19.12 kg
baggage is on conveyor belt-------
---------baggage detected by sensor------------- 
Baggage weighs: 16.93 kg
baggage is on conveyor belt-------
---------baggage detected by sensor------------- 
Baggage weighs: 20.48 kg
baggage is on conveyor belt-------
---------baggage detected by sensor------------- 
Baggage weighs: 17.63 kg
baggage is on conveyor belt-------
---------baggage detected by sensor------------- 
Baggage weighs: 19.86 kg
baggage is on conveyor belt-------
---------baggage detected by sensor------------- 
Baggage weighs: 19.4 kg
baggage is on conveyor belt-------
---------baggage detected by sensor------------- 
Baggage weighs: 19.0 kg
baggage is on conveyor belt-------
---------baggage detected by sensor------------- 
Baggage weighs: 20.5 kg
baggage is on conveyor belt-------
---------baggage detected by sensor------------- 
Baggage weighs: 21.9 kg
baggage is on conveyor belt-------
---------baggage detected by sensor------------- 
Baggage weighs: 19.82 kg
baggage is on conveyor belt-------
---------baggage detected by sensor------------- 
Baggage weighs: 18.98 kg
baggage is on conveyor belt-------
---------baggage detected by sensor------------- 
Baggage weighs: 19.28 kg
baggage is on conveyor belt-------
---------baggage detected by sensor------------- 
Baggage weighs: 18.06 kg
baggage is on conveyor belt-------
---------baggage detected by sensor------------- 
Baggage weighs: 20.2 kg
baggage is on conveyor belt-------
---------baggage detected by sensor------------- 
Baggage weighs: 19.74 kg
baggage is on conveyor belt-------
---------baggage detected by sensor------------- 
Baggage weighs: 17.44 kg
baggage is on conveyor belt-------
---------baggage detected by sensor------------- 
Baggage weighs: 19.36 kg
baggage is on conveyor belt-------
---------baggage detected by sensor------------- 
Baggage weighs: 20.4 kg
baggage is on conveyor belt-------
---------baggage detected by sensor------------- 
Baggage weighs: 18.92 kg
baggage is on conveyor belt-------
---------baggage detected by sensor------------- 
Baggage weighs: 18.48 kg
baggage is on conveyor belt-------
---------baggage detected by sensor------------- 
Baggage weighs: 17.34 kg
baggage is on conveyor belt-------
---------baggage detected by sensor------------- 
Baggage weighs: 20.57 kg
baggage is on conveyor belt-------
---------baggage detected by sensor------------- 
Baggage weighs: 17.19 kg
baggage is on conveyor belt-------
---------baggage detected by sensor------------- 
Baggage weighs: 18.25 kg
baggage is on conveyor belt-------
---------baggage detected by sensor------------- 
Baggage weighs: 19.29 kg
baggage is on conveyor belt-------
---------baggage detected by sensor------------- 
Baggage weighs: 16.86 kg
baggage is on conveyor belt-------
---------baggage detected by sensor------------- 
Baggage weighs: 19.34 kg
baggage is on conveyor belt-------
---------baggage detected by sensor------------- 
Baggage weighs: 19.32 kg
baggage is on conveyor belt-------
---------baggage detected by sensor------------- 
Baggage weighs: 18.15 kg
baggage is on conveyor belt-------
---------baggage detected by sensor------------- 
Baggage weighs: 18.98 kg
baggage is on conveyor belt-------
---------baggage detected by sensor------------- 
Baggage weighs: 21.84 kg
baggage is on conveyor belt-------
---------baggage detected by sensor------------- 
Baggage weighs: 20.53 kg
baggage is on conveyor belt-------
---------baggage detected by sensor------------- 
Baggage weighs: 20.62 kg
baggage is on conveyor belt-------
---------baggage detected by sensor------------- 
Baggage weighs: 20.7 kg
baggage is on conveyor belt-------
---------baggage detected by sensor------------- 
Baggage weighs: 19.64 kg
baggage is on conveyor belt-------
---------baggage detected by sensor------------- 
Baggage weighs: 16.11 kg
baggage is on conveyor belt-------
---------baggage detected by sensor------------- 
Baggage weighs: 22.24 kg
baggage is on conveyor belt-------
---------baggage detected by sensor------------- 
Baggage weighs: 21.47 kg
baggage is on conveyor belt-------
---------baggage detected by sensor------------- 
Baggage weighs: 20.73 kg
baggage is on conveyor belt-------
---------baggage detected by sensor------------- 
Baggage weighs: 19.51 kg
baggage is on conveyor belt-------
---------baggage detected by sensor------------- 
Baggage weighs: 20.11 kg
baggage is on conveyor belt-------
---------baggage detected by sensor------------- 
Baggage weighs: 20.36 kg
baggage is on conveyor belt-------
---------baggage detected by sensor------------- 
Baggage weighs: 18.84 kg
baggage is on conveyor belt-------
---------baggage detected by sensor------------- 
Baggage weighs: 22.61 kg
baggage is on conveyor belt-------
---------baggage detected by sensor------------- 
Baggage weighs: 20.07 kg
baggage is on conveyor belt-------
---------baggage detected by sensor------------- 
Baggage weighs: 20.28 kg
baggage is on conveyor belt-------
---------baggage detected by sensor------------- 
Baggage weighs: 17.9 kg
baggage is on conveyor belt-------
---------baggage detected by sensor------------- 
Baggage weighs: 18.13 kg
baggage is on conveyor belt-------
---------baggage detected by sensor------------- 
Baggage weighs: 18.32 kg
baggage is on conveyor belt-------
---------baggage detected by sensor------------- 
Baggage weighs: 19.3 kg
baggage is on conveyor belt-------
---------baggage detected by sensor------------- 
Baggage weighs: 21.34 kg
baggage is on conveyor belt-------
---------baggage detected by sensor------------- 
Baggage weighs: 19.74 kg
baggage is on conveyor belt-------
---------baggage detected by sensor------------- 
Baggage weighs: 18.46 kg
baggage is on conveyor belt-------
---------baggage detected by sensor------------- 
Baggage weighs: 19.49 kg
baggage is on conveyor belt-------
---------baggage detected by sensor------------- 
Baggage weighs: 17.97 kg
baggage is on conveyor belt-------
---------baggage detected by sensor------------- 
Baggage weighs: 21.32 kg
baggage is on conveyor belt-------
---------baggage detected by sensor------------- 
Baggage weighs: 16.41 kg
baggage is on conveyor belt-------
---------baggage detected by sensor------------- 
Baggage weighs: 16.36 kg
baggage is on conveyor belt-------
---------baggage detected by sensor------------- 
Baggage weighs: 16.24 kg
baggage is on conveyor belt-------
---------baggage detected by sensor------------- 
Baggage weighs: 16.65 kg
baggage is on conveyor belt-------
---------baggage detected by sensor------------- 
Baggage weighs: 20.17 kg
baggage is on conveyor belt-------
---------baggage detected by sensor------------- 
Baggage weighs: 21.08 kg
baggage is on conveyor belt-------
---------baggage detected by sensor------------- 
Baggage weighs: 18.0 kg
baggage is on conveyor belt-------
---------baggage detected by sensor------------- 
Baggage weighs: 17.49 kg
baggage is on conveyor belt-------
---------baggage detected by sensor------------- 
Baggage weighs: 19.3 kg
baggage is on conveyor belt-------
---------baggage detected by sensor------------- 
Baggage weighs: 18.34 kg
baggage is on conveyor belt-------
---------baggage detected by sensor------------- 
Baggage weighs: 19.57 kg
baggage is on conveyor belt-------
---------baggage detected by sensor------------- 
Baggage weighs: 18.99 kg
baggage is on conveyor belt-------
---------baggage detected by sensor------------- 
Baggage weighs: 20.13 kg
Seat with ID: 36D has been reserved for you!

BOARDING PASS FOR DANNIE MILLER
-----------------------------------------------------------------------------
LUFTHANSA                      9lhyqwyeolemfpu /  Dannie Miller
Dannie Miller                                     /  9lhyqwyeolemfpu
FRA   LH2121   E  30.Oct                       /  FRA
HKG                                            /  HKG
SEAT ID: 36D                                   /  LH2121 E 30.Oct
SEQ: 192                                      / GATE: A05   22:00
MAX 1  HANDLUGGAGE/ LUGGAGE
-----------------------------------------------------------------------------
sorry Dannie Miller we have no voucher for you! Have a nice day!

---------------------------------------------------------------------------------------------------------------
scanning passport with passport id: BLO6GSC0A
searching for ticket in fast bag drop database..............
Ticket found for Gary Bennett and Flight LH2121
----searching flight seat for Gary Bennett---------
Found a seat with ID 36E
Below details were found in database
------------------------------------------
Name: Gary Bennett
Flight ID: LH2121
Source: FRA
Destination: HKG
Gate No: A05
Boarding time: 22:00
Ticket ID: rk00hombqmcglcq
Booking Class: E
------------------------------------------

Proceed with check-in for flight LH2121 ?
Type YES to CHECK-IN or NO to cancel CHECK-IN
Gary Bennett is deciding whether to check-in or to go back home and sleep............
YES CHECK-IN
Checking you in...............
baggage is on conveyor belt-------
---------baggage detected by sensor------------- 
Baggage weighs: 21.58 kg
baggage is on conveyor belt-------
---------baggage detected by sensor------------- 
Baggage weighs: 20.43 kg
baggage is on conveyor belt-------
---------baggage detected by sensor------------- 
Baggage weighs: 18.47 kg
baggage is on conveyor belt-------
---------baggage detected by sensor------------- 
Baggage weighs: 17.86 kg
baggage is on conveyor belt-------
---------baggage detected by sensor------------- 
Baggage weighs: 18.65 kg
baggage is on conveyor belt-------
---------baggage detected by sensor------------- 
Baggage weighs: 19.27 kg
baggage is on conveyor belt-------
---------baggage detected by sensor------------- 
Baggage weighs: 17.42 kg
baggage is on conveyor belt-------
---------baggage detected by sensor------------- 
Baggage weighs: 19.16 kg
baggage is on conveyor belt-------
---------baggage detected by sensor------------- 
Baggage weighs: 19.52 kg
baggage is on conveyor belt-------
---------baggage detected by sensor------------- 
Baggage weighs: 17.51 kg
baggage is on conveyor belt-------
---------baggage detected by sensor------------- 
Baggage weighs: 17.38 kg
baggage is on conveyor belt-------
---------baggage detected by sensor------------- 
Baggage weighs: 18.67 kg
baggage is on conveyor belt-------
---------baggage detected by sensor------------- 
Baggage weighs: 16.98 kg
baggage is on conveyor belt-------
---------baggage detected by sensor------------- 
Baggage weighs: 21.26 kg
baggage is on conveyor belt-------
---------baggage detected by sensor------------- 
Baggage weighs: 18.3 kg
baggage is on conveyor belt-------
---------baggage detected by sensor------------- 
Baggage weighs: 16.81 kg
baggage is on conveyor belt-------
---------baggage detected by sensor------------- 
Baggage weighs: 20.91 kg
baggage is on conveyor belt-------
---------baggage detected by sensor------------- 
Baggage weighs: 21.21 kg
baggage is on conveyor belt-------
---------baggage detected by sensor------------- 
Baggage weighs: 19.69 kg
baggage is on conveyor belt-------
---------baggage detected by sensor------------- 
Baggage weighs: 18.67 kg
baggage is on conveyor belt-------
---------baggage detected by sensor------------- 
Baggage weighs: 19.12 kg
baggage is on conveyor belt-------
---------baggage detected by sensor------------- 
Baggage weighs: 16.42 kg
baggage is on conveyor belt-------
---------baggage detected by sensor------------- 
Baggage weighs: 19.17 kg
baggage is on conveyor belt-------
---------baggage detected by sensor------------- 
Baggage weighs: 19.0 kg
baggage is on conveyor belt-------
---------baggage detected by sensor------------- 
Baggage weighs: 18.78 kg
baggage is on conveyor belt-------
---------baggage detected by sensor------------- 
Baggage weighs: 20.31 kg
baggage is on conveyor belt-------
---------baggage detected by sensor------------- 
Baggage weighs: 21.25 kg
baggage is on conveyor belt-------
---------baggage detected by sensor------------- 
Baggage weighs: 18.87 kg
baggage is on conveyor belt-------
---------baggage detected by sensor------------- 
Baggage weighs: 16.25 kg
baggage is on conveyor belt-------
---------baggage detected by sensor------------- 
Baggage weighs: 19.94 kg
baggage is on conveyor belt-------
---------baggage detected by sensor------------- 
Baggage weighs: 16.88 kg
baggage is on conveyor belt-------
---------baggage detected by sensor------------- 
Baggage weighs: 18.24 kg
baggage is on conveyor belt-------
---------baggage detected by sensor------------- 
Baggage weighs: 17.16 kg
baggage is on conveyor belt-------
---------baggage detected by sensor------------- 
Baggage weighs: 19.34 kg
baggage is on conveyor belt-------
---------baggage detected by sensor------------- 
Baggage weighs: 22.41 kg
baggage is on conveyor belt-------
---------baggage detected by sensor------------- 
Baggage weighs: 20.47 kg
baggage is on conveyor belt-------
---------baggage detected by sensor------------- 
Baggage weighs: 18.81 kg
baggage is on conveyor belt-------
---------baggage detected by sensor------------- 
Baggage weighs: 18.56 kg
baggage is on conveyor belt-------
---------baggage detected by sensor------------- 
Baggage weighs: 17.77 kg
baggage is on conveyor belt-------
---------baggage detected by sensor------------- 
Baggage weighs: 19.32 kg
baggage is on conveyor belt-------
---------baggage detected by sensor------------- 
Baggage weighs: 19.21 kg
baggage is on conveyor belt-------
---------baggage detected by sensor------------- 
Baggage weighs: 19.13 kg
baggage is on conveyor belt-------
---------baggage detected by sensor------------- 
Baggage weighs: 20.39 kg
baggage is on conveyor belt-------
---------baggage detected by sensor------------- 
Baggage weighs: 21.03 kg
baggage is on conveyor belt-------
---------baggage detected by sensor------------- 
Baggage weighs: 20.05 kg
baggage is on conveyor belt-------
---------baggage detected by sensor------------- 
Baggage weighs: 21.92 kg
baggage is on conveyor belt-------
---------baggage detected by sensor------------- 
Baggage weighs: 19.37 kg
baggage is on conveyor belt-------
---------baggage detected by sensor------------- 
Baggage weighs: 20.35 kg
baggage is on conveyor belt-------
---------baggage detected by sensor------------- 
Baggage weighs: 18.73 kg
baggage is on conveyor belt-------
---------baggage detected by sensor------------- 
Baggage weighs: 20.33 kg
baggage is on conveyor belt-------
---------baggage detected by sensor------------- 
Baggage weighs: 22.01 kg
baggage is on conveyor belt-------
---------baggage detected by sensor------------- 
Baggage weighs: 19.27 kg
baggage is on conveyor belt-------
---------baggage detected by sensor------------- 
Baggage weighs: 21.18 kg
baggage is on conveyor belt-------
---------baggage detected by sensor------------- 
Baggage weighs: 17.16 kg
baggage is on conveyor belt-------
---------baggage detected by sensor------------- 
Baggage weighs: 20.04 kg
baggage is on conveyor belt-------
---------baggage detected by sensor------------- 
Baggage weighs: 20.91 kg
baggage is on conveyor belt-------
---------baggage detected by sensor------------- 
Baggage weighs: 20.3 kg
baggage is on conveyor belt-------
---------baggage detected by sensor------------- 
Baggage weighs: 20.38 kg
baggage is on conveyor belt-------
---------baggage detected by sensor------------- 
Baggage weighs: 16.54 kg
baggage is on conveyor belt-------
---------baggage detected by sensor------------- 
Baggage weighs: 18.87 kg
baggage is on conveyor belt-------
---------baggage detected by sensor------------- 
Baggage weighs: 20.22 kg
baggage is on conveyor belt-------
---------baggage detected by sensor------------- 
Baggage weighs: 20.75 kg
baggage is on conveyor belt-------
---------baggage detected by sensor------------- 
Baggage weighs: 17.4 kg
baggage is on conveyor belt-------
---------baggage detected by sensor------------- 
Baggage weighs: 20.27 kg
baggage is on conveyor belt-------
---------baggage detected by sensor------------- 
Baggage weighs: 17.04 kg
baggage is on conveyor belt-------
---------baggage detected by sensor------------- 
Baggage weighs: 19.84 kg
baggage is on conveyor belt-------
---------baggage detected by sensor------------- 
Baggage weighs: 17.34 kg
baggage is on conveyor belt-------
---------baggage detected by sensor------------- 
Baggage weighs: 18.75 kg
baggage is on conveyor belt-------
---------baggage detected by sensor------------- 
Baggage weighs: 19.12 kg
baggage is on conveyor belt-------
---------baggage detected by sensor------------- 
Baggage weighs: 18.29 kg
baggage is on conveyor belt-------
---------baggage detected by sensor------------- 
Baggage weighs: 17.94 kg
baggage is on conveyor belt-------
---------baggage detected by sensor------------- 
Baggage weighs: 19.09 kg
baggage is on conveyor belt-------
---------baggage detected by sensor------------- 
Baggage weighs: 22.39 kg
baggage is on conveyor belt-------
---------baggage detected by sensor------------- 
Baggage weighs: 21.23 kg
baggage is on conveyor belt-------
---------baggage detected by sensor------------- 
Baggage weighs: 17.56 kg
baggage is on conveyor belt-------
---------baggage detected by sensor------------- 
Baggage weighs: 18.37 kg
baggage is on conveyor belt-------
---------baggage detected by sensor------------- 
Baggage weighs: 21.4 kg
baggage is on conveyor belt-------
---------baggage detected by sensor------------- 
Baggage weighs: 20.25 kg
baggage is on conveyor belt-------
---------baggage detected by sensor------------- 
Baggage weighs: 23.0 kg
baggage is on conveyor belt-------
---------baggage detected by sensor------------- 
Baggage weighs: 17.01 kg
baggage is on conveyor belt-------
---------baggage detected by sensor------------- 
Baggage weighs: 17.39 kg
baggage is on conveyor belt-------
---------baggage detected by sensor------------- 
Baggage weighs: 16.7 kg
baggage is on conveyor belt-------
---------baggage detected by sensor------------- 
Baggage weighs: 16.23 kg
baggage is on conveyor belt-------
---------baggage detected by sensor------------- 
Baggage weighs: 19.13 kg
baggage is on conveyor belt-------
---------baggage detected by sensor------------- 
Baggage weighs: 21.07 kg
baggage is on conveyor belt-------
---------baggage detected by sensor------------- 
Baggage weighs: 17.87 kg
baggage is on conveyor belt-------
---------baggage detected by sensor------------- 
Baggage weighs: 19.92 kg
baggage is on conveyor belt-------
---------baggage detected by sensor------------- 
Baggage weighs: 19.22 kg
baggage is on conveyor belt-------
---------baggage detected by sensor------------- 
Baggage weighs: 21.53 kg
baggage is on conveyor belt-------
---------baggage detected by sensor------------- 
Baggage weighs: 20.29 kg
baggage is on conveyor belt-------
---------baggage detected by sensor------------- 
Baggage weighs: 19.32 kg
baggage is on conveyor belt-------
---------baggage detected by sensor------------- 
Baggage weighs: 17.25 kg
baggage is on conveyor belt-------
---------baggage detected by sensor------------- 
Baggage weighs: 21.3 kg
baggage is on conveyor belt-------
---------baggage detected by sensor------------- 
Baggage weighs: 16.79 kg
baggage is on conveyor belt-------
---------baggage detected by sensor------------- 
Baggage weighs: 19.55 kg
baggage is on conveyor belt-------
---------baggage detected by sensor------------- 
Baggage weighs: 18.88 kg
baggage is on conveyor belt-------
---------baggage detected by sensor------------- 
Baggage weighs: 22.33 kg
baggage is on conveyor belt-------
---------baggage detected by sensor------------- 
Baggage weighs: 20.62 kg
baggage is on conveyor belt-------
---------baggage detected by sensor------------- 
Baggage weighs: 19.42 kg
baggage is on conveyor belt-------
---------baggage detected by sensor------------- 
Baggage weighs: 17.54 kg
baggage is on conveyor belt-------
---------baggage detected by sensor------------- 
Baggage weighs: 21.51 kg
baggage is on conveyor belt-------
---------baggage detected by sensor------------- 
Baggage weighs: 19.46 kg
baggage is on conveyor belt-------
---------baggage detected by sensor------------- 
Baggage weighs: 17.83 kg
baggage is on conveyor belt-------
---------baggage detected by sensor------------- 
Baggage weighs: 17.75 kg
baggage is on conveyor belt-------
---------baggage detected by sensor------------- 
Baggage weighs: 17.44 kg
baggage is on conveyor belt-------
---------baggage detected by sensor------------- 
Baggage weighs: 19.53 kg
baggage is on conveyor belt-------
---------baggage detected by sensor------------- 
Baggage weighs: 17.51 kg
baggage is on conveyor belt-------
---------baggage detected by sensor------------- 
Baggage weighs: 18.2 kg
baggage is on conveyor belt-------
---------baggage detected by sensor------------- 
Baggage weighs: 21.55 kg
baggage is on conveyor belt-------
---------baggage detected by sensor------------- 
Baggage weighs: 19.67 kg
baggage is on conveyor belt-------
---------baggage detected by sensor------------- 
Baggage weighs: 19.52 kg
baggage is on conveyor belt-------
---------baggage detected by sensor------------- 
Baggage weighs: 21.06 kg
baggage is on conveyor belt-------
---------baggage detected by sensor------------- 
Baggage weighs: 17.44 kg
baggage is on conveyor belt-------
---------baggage detected by sensor------------- 
Baggage weighs: 19.21 kg
baggage is on conveyor belt-------
---------baggage detected by sensor------------- 
Baggage weighs: 21.65 kg
baggage is on conveyor belt-------
---------baggage detected by sensor------------- 
Baggage weighs: 19.64 kg
baggage is on conveyor belt-------
---------baggage detected by sensor------------- 
Baggage weighs: 21.03 kg
baggage is on conveyor belt-------
---------baggage detected by sensor------------- 
Baggage weighs: 19.76 kg
baggage is on conveyor belt-------
---------baggage detected by sensor------------- 
Baggage weighs: 21.01 kg
baggage is on conveyor belt-------
---------baggage detected by sensor------------- 
Baggage weighs: 19.11 kg
baggage is on conveyor belt-------
---------baggage detected by sensor------------- 
Baggage weighs: 18.54 kg
baggage is on conveyor belt-------
---------baggage detected by sensor------------- 
Baggage weighs: 16.86 kg
baggage is on conveyor belt-------
---------baggage detected by sensor------------- 
Baggage weighs: 16.59 kg
baggage is on conveyor belt-------
---------baggage detected by sensor------------- 
Baggage weighs: 19.26 kg
baggage is on conveyor belt-------
---------baggage detected by sensor------------- 
Baggage weighs: 18.34 kg
baggage is on conveyor belt-------
---------baggage detected by sensor------------- 
Baggage weighs: 19.09 kg
baggage is on conveyor belt-------
---------baggage detected by sensor------------- 
Baggage weighs: 22.38 kg
baggage is on conveyor belt-------
---------baggage detected by sensor------------- 
Baggage weighs: 22.12 kg
baggage is on conveyor belt-------
---------baggage detected by sensor------------- 
Baggage weighs: 16.75 kg
baggage is on conveyor belt-------
---------baggage detected by sensor------------- 
Baggage weighs: 20.36 kg
baggage is on conveyor belt-------
---------baggage detected by sensor------------- 
Baggage weighs: 20.94 kg
baggage is on conveyor belt-------
---------baggage detected by sensor------------- 
Baggage weighs: 19.8 kg
baggage is on conveyor belt-------
---------baggage detected by sensor------------- 
Baggage weighs: 19.12 kg
baggage is on conveyor belt-------
---------baggage detected by sensor------------- 
Baggage weighs: 16.93 kg
baggage is on conveyor belt-------
---------baggage detected by sensor------------- 
Baggage weighs: 20.48 kg
baggage is on conveyor belt-------
---------baggage detected by sensor------------- 
Baggage weighs: 17.63 kg
baggage is on conveyor belt-------
---------baggage detected by sensor------------- 
Baggage weighs: 19.86 kg
baggage is on conveyor belt-------
---------baggage detected by sensor------------- 
Baggage weighs: 19.4 kg
baggage is on conveyor belt-------
---------baggage detected by sensor------------- 
Baggage weighs: 19.0 kg
baggage is on conveyor belt-------
---------baggage detected by sensor------------- 
Baggage weighs: 20.5 kg
baggage is on conveyor belt-------
---------baggage detected by sensor------------- 
Baggage weighs: 21.9 kg
baggage is on conveyor belt-------
---------baggage detected by sensor------------- 
Baggage weighs: 19.82 kg
baggage is on conveyor belt-------
---------baggage detected by sensor------------- 
Baggage weighs: 18.98 kg
baggage is on conveyor belt-------
---------baggage detected by sensor------------- 
Baggage weighs: 19.28 kg
baggage is on conveyor belt-------
---------baggage detected by sensor------------- 
Baggage weighs: 18.06 kg
baggage is on conveyor belt-------
---------baggage detected by sensor------------- 
Baggage weighs: 20.2 kg
baggage is on conveyor belt-------
---------baggage detected by sensor------------- 
Baggage weighs: 19.74 kg
baggage is on conveyor belt-------
---------baggage detected by sensor------------- 
Baggage weighs: 17.44 kg
baggage is on conveyor belt-------
---------baggage detected by sensor------------- 
Baggage weighs: 19.36 kg
baggage is on conveyor belt-------
---------baggage detected by sensor------------- 
Baggage weighs: 20.4 kg
baggage is on conveyor belt-------
---------baggage detected by sensor------------- 
Baggage weighs: 18.92 kg
baggage is on conveyor belt-------
---------baggage detected by sensor------------- 
Baggage weighs: 18.48 kg
baggage is on conveyor belt-------
---------baggage detected by sensor------------- 
Baggage weighs: 17.34 kg
baggage is on conveyor belt-------
---------baggage detected by sensor------------- 
Baggage weighs: 20.57 kg
baggage is on conveyor belt-------
---------baggage detected by sensor------------- 
Baggage weighs: 17.19 kg
baggage is on conveyor belt-------
---------baggage detected by sensor------------- 
Baggage weighs: 18.25 kg
baggage is on conveyor belt-------
---------baggage detected by sensor------------- 
Baggage weighs: 19.29 kg
baggage is on conveyor belt-------
---------baggage detected by sensor------------- 
Baggage weighs: 16.86 kg
baggage is on conveyor belt-------
---------baggage detected by sensor------------- 
Baggage weighs: 19.34 kg
baggage is on conveyor belt-------
---------baggage detected by sensor------------- 
Baggage weighs: 19.32 kg
baggage is on conveyor belt-------
---------baggage detected by sensor------------- 
Baggage weighs: 18.15 kg
baggage is on conveyor belt-------
---------baggage detected by sensor------------- 
Baggage weighs: 18.98 kg
baggage is on conveyor belt-------
---------baggage detected by sensor------------- 
Baggage weighs: 21.84 kg
baggage is on conveyor belt-------
---------baggage detected by sensor------------- 
Baggage weighs: 20.53 kg
baggage is on conveyor belt-------
---------baggage detected by sensor------------- 
Baggage weighs: 20.62 kg
baggage is on conveyor belt-------
---------baggage detected by sensor------------- 
Baggage weighs: 20.7 kg
baggage is on conveyor belt-------
---------baggage detected by sensor------------- 
Baggage weighs: 19.64 kg
baggage is on conveyor belt-------
---------baggage detected by sensor------------- 
Baggage weighs: 16.11 kg
baggage is on conveyor belt-------
---------baggage detected by sensor------------- 
Baggage weighs: 22.24 kg
baggage is on conveyor belt-------
---------baggage detected by sensor------------- 
Baggage weighs: 21.47 kg
baggage is on conveyor belt-------
---------baggage detected by sensor------------- 
Baggage weighs: 20.73 kg
baggage is on conveyor belt-------
---------baggage detected by sensor------------- 
Baggage weighs: 19.51 kg
baggage is on conveyor belt-------
---------baggage detected by sensor------------- 
Baggage weighs: 20.11 kg
baggage is on conveyor belt-------
---------baggage detected by sensor------------- 
Baggage weighs: 20.36 kg
baggage is on conveyor belt-------
---------baggage detected by sensor------------- 
Baggage weighs: 18.84 kg
baggage is on conveyor belt-------
---------baggage detected by sensor------------- 
Baggage weighs: 22.61 kg
baggage is on conveyor belt-------
---------baggage detected by sensor------------- 
Baggage weighs: 20.07 kg
baggage is on conveyor belt-------
---------baggage detected by sensor------------- 
Baggage weighs: 20.28 kg
baggage is on conveyor belt-------
---------baggage detected by sensor------------- 
Baggage weighs: 17.9 kg
baggage is on conveyor belt-------
---------baggage detected by sensor------------- 
Baggage weighs: 18.13 kg
baggage is on conveyor belt-------
---------baggage detected by sensor------------- 
Baggage weighs: 18.32 kg
baggage is on conveyor belt-------
---------baggage detected by sensor------------- 
Baggage weighs: 19.3 kg
baggage is on conveyor belt-------
---------baggage detected by sensor------------- 
Baggage weighs: 21.34 kg
baggage is on conveyor belt-------
---------baggage detected by sensor------------- 
Baggage weighs: 19.74 kg
baggage is on conveyor belt-------
---------baggage detected by sensor------------- 
Baggage weighs: 18.46 kg
baggage is on conveyor belt-------
---------baggage detected by sensor------------- 
Baggage weighs: 19.49 kg
baggage is on conveyor belt-------
---------baggage detected by sensor------------- 
Baggage weighs: 17.97 kg
baggage is on conveyor belt-------
---------baggage detected by sensor------------- 
Baggage weighs: 21.32 kg
baggage is on conveyor belt-------
---------baggage detected by sensor------------- 
Baggage weighs: 16.41 kg
baggage is on conveyor belt-------
---------baggage detected by sensor------------- 
Baggage weighs: 16.36 kg
baggage is on conveyor belt-------
---------baggage detected by sensor------------- 
Baggage weighs: 16.24 kg
baggage is on conveyor belt-------
---------baggage detected by sensor------------- 
Baggage weighs: 16.65 kg
baggage is on conveyor belt-------
---------baggage detected by sensor------------- 
Baggage weighs: 20.17 kg
baggage is on conveyor belt-------
---------baggage detected by sensor------------- 
Baggage weighs: 21.08 kg
baggage is on conveyor belt-------
---------baggage detected by sensor------------- 
Baggage weighs: 18.0 kg
baggage is on conveyor belt-------
---------baggage detected by sensor------------- 
Baggage weighs: 17.49 kg
baggage is on conveyor belt-------
---------baggage detected by sensor------------- 
Baggage weighs: 19.3 kg
baggage is on conveyor belt-------
---------baggage detected by sensor------------- 
Baggage weighs: 18.34 kg
baggage is on conveyor belt-------
---------baggage detected by sensor------------- 
Baggage weighs: 19.57 kg
baggage is on conveyor belt-------
---------baggage detected by sensor------------- 
Baggage weighs: 18.99 kg
baggage is on conveyor belt-------
---------baggage detected by sensor------------- 
Baggage weighs: 20.13 kg
baggage is on conveyor belt-------
---------baggage detected by sensor------------- 
Baggage weighs: 21.59 kg
Seat with ID: 36E has been reserved for you!

BOARDING PASS FOR GARY BENNETT
-----------------------------------------------------------------------------
LUFTHANSA                      rk00hombqmcglcq /  Gary Bennett
Gary Bennett                                     /  rk00hombqmcglcq
FRA   LH2121   E  30.Oct                       /  FRA
HKG                                            /  HKG
SEAT ID: 36E                                   /  LH2121 E 30.Oct
SEQ: 193                                      / GATE: A05   22:00
MAX 1  HANDLUGGAGE/ LUGGAGE
-----------------------------------------------------------------------------
sorry Gary Bennett we have no voucher for you! Have a nice day!

---------------------------------------------------------------------------------------------------------------
scanning passport with passport id: A7TEM98LZ
searching for ticket in fast bag drop database..............
Ticket found for Katheryn Jimenez and Flight LH2121
----searching flight seat for Katheryn Jimenez---------
Found a seat with ID 36G
Below details were found in database
------------------------------------------
Name: Katheryn Jimenez
Flight ID: LH2121
Source: FRA
Destination: HKG
Gate No: A05
Boarding time: 22:00
Ticket ID: dn35di1munq40zp
Booking Class: E
------------------------------------------

Proceed with check-in for flight LH2121 ?
Type YES to CHECK-IN or NO to cancel CHECK-IN
Katheryn Jimenez is deciding whether to check-in or to go back home and sleep............
YES CHECK-IN
Checking you in...............
baggage is on conveyor belt-------
---------baggage detected by sensor------------- 
Baggage weighs: 21.58 kg
baggage is on conveyor belt-------
---------baggage detected by sensor------------- 
Baggage weighs: 20.43 kg
baggage is on conveyor belt-------
---------baggage detected by sensor------------- 
Baggage weighs: 18.47 kg
baggage is on conveyor belt-------
---------baggage detected by sensor------------- 
Baggage weighs: 17.86 kg
baggage is on conveyor belt-------
---------baggage detected by sensor------------- 
Baggage weighs: 18.65 kg
baggage is on conveyor belt-------
---------baggage detected by sensor------------- 
Baggage weighs: 19.27 kg
baggage is on conveyor belt-------
---------baggage detected by sensor------------- 
Baggage weighs: 17.42 kg
baggage is on conveyor belt-------
---------baggage detected by sensor------------- 
Baggage weighs: 19.16 kg
baggage is on conveyor belt-------
---------baggage detected by sensor------------- 
Baggage weighs: 19.52 kg
baggage is on conveyor belt-------
---------baggage detected by sensor------------- 
Baggage weighs: 17.51 kg
baggage is on conveyor belt-------
---------baggage detected by sensor------------- 
Baggage weighs: 17.38 kg
baggage is on conveyor belt-------
---------baggage detected by sensor------------- 
Baggage weighs: 18.67 kg
baggage is on conveyor belt-------
---------baggage detected by sensor------------- 
Baggage weighs: 16.98 kg
baggage is on conveyor belt-------
---------baggage detected by sensor------------- 
Baggage weighs: 21.26 kg
baggage is on conveyor belt-------
---------baggage detected by sensor------------- 
Baggage weighs: 18.3 kg
baggage is on conveyor belt-------
---------baggage detected by sensor------------- 
Baggage weighs: 16.81 kg
baggage is on conveyor belt-------
---------baggage detected by sensor------------- 
Baggage weighs: 20.91 kg
baggage is on conveyor belt-------
---------baggage detected by sensor------------- 
Baggage weighs: 21.21 kg
baggage is on conveyor belt-------
---------baggage detected by sensor------------- 
Baggage weighs: 19.69 kg
baggage is on conveyor belt-------
---------baggage detected by sensor------------- 
Baggage weighs: 18.67 kg
baggage is on conveyor belt-------
---------baggage detected by sensor------------- 
Baggage weighs: 19.12 kg
baggage is on conveyor belt-------
---------baggage detected by sensor------------- 
Baggage weighs: 16.42 kg
baggage is on conveyor belt-------
---------baggage detected by sensor------------- 
Baggage weighs: 19.17 kg
baggage is on conveyor belt-------
---------baggage detected by sensor------------- 
Baggage weighs: 19.0 kg
baggage is on conveyor belt-------
---------baggage detected by sensor------------- 
Baggage weighs: 18.78 kg
baggage is on conveyor belt-------
---------baggage detected by sensor------------- 
Baggage weighs: 20.31 kg
baggage is on conveyor belt-------
---------baggage detected by sensor------------- 
Baggage weighs: 21.25 kg
baggage is on conveyor belt-------
---------baggage detected by sensor------------- 
Baggage weighs: 18.87 kg
baggage is on conveyor belt-------
---------baggage detected by sensor------------- 
Baggage weighs: 16.25 kg
baggage is on conveyor belt-------
---------baggage detected by sensor------------- 
Baggage weighs: 19.94 kg
baggage is on conveyor belt-------
---------baggage detected by sensor------------- 
Baggage weighs: 16.88 kg
baggage is on conveyor belt-------
---------baggage detected by sensor------------- 
Baggage weighs: 18.24 kg
baggage is on conveyor belt-------
---------baggage detected by sensor------------- 
Baggage weighs: 17.16 kg
baggage is on conveyor belt-------
---------baggage detected by sensor------------- 
Baggage weighs: 19.34 kg
baggage is on conveyor belt-------
---------baggage detected by sensor------------- 
Baggage weighs: 22.41 kg
baggage is on conveyor belt-------
---------baggage detected by sensor------------- 
Baggage weighs: 20.47 kg
baggage is on conveyor belt-------
---------baggage detected by sensor------------- 
Baggage weighs: 18.81 kg
baggage is on conveyor belt-------
---------baggage detected by sensor------------- 
Baggage weighs: 18.56 kg
baggage is on conveyor belt-------
---------baggage detected by sensor------------- 
Baggage weighs: 17.77 kg
baggage is on conveyor belt-------
---------baggage detected by sensor------------- 
Baggage weighs: 19.32 kg
baggage is on conveyor belt-------
---------baggage detected by sensor------------- 
Baggage weighs: 19.21 kg
baggage is on conveyor belt-------
---------baggage detected by sensor------------- 
Baggage weighs: 19.13 kg
baggage is on conveyor belt-------
---------baggage detected by sensor------------- 
Baggage weighs: 20.39 kg
baggage is on conveyor belt-------
---------baggage detected by sensor------------- 
Baggage weighs: 21.03 kg
baggage is on conveyor belt-------
---------baggage detected by sensor------------- 
Baggage weighs: 20.05 kg
baggage is on conveyor belt-------
---------baggage detected by sensor------------- 
Baggage weighs: 21.92 kg
baggage is on conveyor belt-------
---------baggage detected by sensor------------- 
Baggage weighs: 19.37 kg
baggage is on conveyor belt-------
---------baggage detected by sensor------------- 
Baggage weighs: 20.35 kg
baggage is on conveyor belt-------
---------baggage detected by sensor------------- 
Baggage weighs: 18.73 kg
baggage is on conveyor belt-------
---------baggage detected by sensor------------- 
Baggage weighs: 20.33 kg
baggage is on conveyor belt-------
---------baggage detected by sensor------------- 
Baggage weighs: 22.01 kg
baggage is on conveyor belt-------
---------baggage detected by sensor------------- 
Baggage weighs: 19.27 kg
baggage is on conveyor belt-------
---------baggage detected by sensor------------- 
Baggage weighs: 21.18 kg
baggage is on conveyor belt-------
---------baggage detected by sensor------------- 
Baggage weighs: 17.16 kg
baggage is on conveyor belt-------
---------baggage detected by sensor------------- 
Baggage weighs: 20.04 kg
baggage is on conveyor belt-------
---------baggage detected by sensor------------- 
Baggage weighs: 20.91 kg
baggage is on conveyor belt-------
---------baggage detected by sensor------------- 
Baggage weighs: 20.3 kg
baggage is on conveyor belt-------
---------baggage detected by sensor------------- 
Baggage weighs: 20.38 kg
baggage is on conveyor belt-------
---------baggage detected by sensor------------- 
Baggage weighs: 16.54 kg
baggage is on conveyor belt-------
---------baggage detected by sensor------------- 
Baggage weighs: 18.87 kg
baggage is on conveyor belt-------
---------baggage detected by sensor------------- 
Baggage weighs: 20.22 kg
baggage is on conveyor belt-------
---------baggage detected by sensor------------- 
Baggage weighs: 20.75 kg
baggage is on conveyor belt-------
---------baggage detected by sensor------------- 
Baggage weighs: 17.4 kg
baggage is on conveyor belt-------
---------baggage detected by sensor------------- 
Baggage weighs: 20.27 kg
baggage is on conveyor belt-------
---------baggage detected by sensor------------- 
Baggage weighs: 17.04 kg
baggage is on conveyor belt-------
---------baggage detected by sensor------------- 
Baggage weighs: 19.84 kg
baggage is on conveyor belt-------
---------baggage detected by sensor------------- 
Baggage weighs: 17.34 kg
baggage is on conveyor belt-------
---------baggage detected by sensor------------- 
Baggage weighs: 18.75 kg
baggage is on conveyor belt-------
---------baggage detected by sensor------------- 
Baggage weighs: 19.12 kg
baggage is on conveyor belt-------
---------baggage detected by sensor------------- 
Baggage weighs: 18.29 kg
baggage is on conveyor belt-------
---------baggage detected by sensor------------- 
Baggage weighs: 17.94 kg
baggage is on conveyor belt-------
---------baggage detected by sensor------------- 
Baggage weighs: 19.09 kg
baggage is on conveyor belt-------
---------baggage detected by sensor------------- 
Baggage weighs: 22.39 kg
baggage is on conveyor belt-------
---------baggage detected by sensor------------- 
Baggage weighs: 21.23 kg
baggage is on conveyor belt-------
---------baggage detected by sensor------------- 
Baggage weighs: 17.56 kg
baggage is on conveyor belt-------
---------baggage detected by sensor------------- 
Baggage weighs: 18.37 kg
baggage is on conveyor belt-------
---------baggage detected by sensor------------- 
Baggage weighs: 21.4 kg
baggage is on conveyor belt-------
---------baggage detected by sensor------------- 
Baggage weighs: 20.25 kg
baggage is on conveyor belt-------
---------baggage detected by sensor------------- 
Baggage weighs: 23.0 kg
baggage is on conveyor belt-------
---------baggage detected by sensor------------- 
Baggage weighs: 17.01 kg
baggage is on conveyor belt-------
---------baggage detected by sensor------------- 
Baggage weighs: 17.39 kg
baggage is on conveyor belt-------
---------baggage detected by sensor------------- 
Baggage weighs: 16.7 kg
baggage is on conveyor belt-------
---------baggage detected by sensor------------- 
Baggage weighs: 16.23 kg
baggage is on conveyor belt-------
---------baggage detected by sensor------------- 
Baggage weighs: 19.13 kg
baggage is on conveyor belt-------
---------baggage detected by sensor------------- 
Baggage weighs: 21.07 kg
baggage is on conveyor belt-------
---------baggage detected by sensor------------- 
Baggage weighs: 17.87 kg
baggage is on conveyor belt-------
---------baggage detected by sensor------------- 
Baggage weighs: 19.92 kg
baggage is on conveyor belt-------
---------baggage detected by sensor------------- 
Baggage weighs: 19.22 kg
baggage is on conveyor belt-------
---------baggage detected by sensor------------- 
Baggage weighs: 21.53 kg
baggage is on conveyor belt-------
---------baggage detected by sensor------------- 
Baggage weighs: 20.29 kg
baggage is on conveyor belt-------
---------baggage detected by sensor------------- 
Baggage weighs: 19.32 kg
baggage is on conveyor belt-------
---------baggage detected by sensor------------- 
Baggage weighs: 17.25 kg
baggage is on conveyor belt-------
---------baggage detected by sensor------------- 
Baggage weighs: 21.3 kg
baggage is on conveyor belt-------
---------baggage detected by sensor------------- 
Baggage weighs: 16.79 kg
baggage is on conveyor belt-------
---------baggage detected by sensor------------- 
Baggage weighs: 19.55 kg
baggage is on conveyor belt-------
---------baggage detected by sensor------------- 
Baggage weighs: 18.88 kg
baggage is on conveyor belt-------
---------baggage detected by sensor------------- 
Baggage weighs: 22.33 kg
baggage is on conveyor belt-------
---------baggage detected by sensor------------- 
Baggage weighs: 20.62 kg
baggage is on conveyor belt-------
---------baggage detected by sensor------------- 
Baggage weighs: 19.42 kg
baggage is on conveyor belt-------
---------baggage detected by sensor------------- 
Baggage weighs: 17.54 kg
baggage is on conveyor belt-------
---------baggage detected by sensor------------- 
Baggage weighs: 21.51 kg
baggage is on conveyor belt-------
---------baggage detected by sensor------------- 
Baggage weighs: 19.46 kg
baggage is on conveyor belt-------
---------baggage detected by sensor------------- 
Baggage weighs: 17.83 kg
baggage is on conveyor belt-------
---------baggage detected by sensor------------- 
Baggage weighs: 17.75 kg
baggage is on conveyor belt-------
---------baggage detected by sensor------------- 
Baggage weighs: 17.44 kg
baggage is on conveyor belt-------
---------baggage detected by sensor------------- 
Baggage weighs: 19.53 kg
baggage is on conveyor belt-------
---------baggage detected by sensor------------- 
Baggage weighs: 17.51 kg
baggage is on conveyor belt-------
---------baggage detected by sensor------------- 
Baggage weighs: 18.2 kg
baggage is on conveyor belt-------
---------baggage detected by sensor------------- 
Baggage weighs: 21.55 kg
baggage is on conveyor belt-------
---------baggage detected by sensor------------- 
Baggage weighs: 19.67 kg
baggage is on conveyor belt-------
---------baggage detected by sensor------------- 
Baggage weighs: 19.52 kg
baggage is on conveyor belt-------
---------baggage detected by sensor------------- 
Baggage weighs: 21.06 kg
baggage is on conveyor belt-------
---------baggage detected by sensor------------- 
Baggage weighs: 17.44 kg
baggage is on conveyor belt-------
---------baggage detected by sensor------------- 
Baggage weighs: 19.21 kg
baggage is on conveyor belt-------
---------baggage detected by sensor------------- 
Baggage weighs: 21.65 kg
baggage is on conveyor belt-------
---------baggage detected by sensor------------- 
Baggage weighs: 19.64 kg
baggage is on conveyor belt-------
---------baggage detected by sensor------------- 
Baggage weighs: 21.03 kg
baggage is on conveyor belt-------
---------baggage detected by sensor------------- 
Baggage weighs: 19.76 kg
baggage is on conveyor belt-------
---------baggage detected by sensor------------- 
Baggage weighs: 21.01 kg
baggage is on conveyor belt-------
---------baggage detected by sensor------------- 
Baggage weighs: 19.11 kg
baggage is on conveyor belt-------
---------baggage detected by sensor------------- 
Baggage weighs: 18.54 kg
baggage is on conveyor belt-------
---------baggage detected by sensor------------- 
Baggage weighs: 16.86 kg
baggage is on conveyor belt-------
---------baggage detected by sensor------------- 
Baggage weighs: 16.59 kg
baggage is on conveyor belt-------
---------baggage detected by sensor------------- 
Baggage weighs: 19.26 kg
baggage is on conveyor belt-------
---------baggage detected by sensor------------- 
Baggage weighs: 18.34 kg
baggage is on conveyor belt-------
---------baggage detected by sensor------------- 
Baggage weighs: 19.09 kg
baggage is on conveyor belt-------
---------baggage detected by sensor------------- 
Baggage weighs: 22.38 kg
baggage is on conveyor belt-------
---------baggage detected by sensor------------- 
Baggage weighs: 22.12 kg
baggage is on conveyor belt-------
---------baggage detected by sensor------------- 
Baggage weighs: 16.75 kg
baggage is on conveyor belt-------
---------baggage detected by sensor------------- 
Baggage weighs: 20.36 kg
baggage is on conveyor belt-------
---------baggage detected by sensor------------- 
Baggage weighs: 20.94 kg
baggage is on conveyor belt-------
---------baggage detected by sensor------------- 
Baggage weighs: 19.8 kg
baggage is on conveyor belt-------
---------baggage detected by sensor------------- 
Baggage weighs: 19.12 kg
baggage is on conveyor belt-------
---------baggage detected by sensor------------- 
Baggage weighs: 16.93 kg
baggage is on conveyor belt-------
---------baggage detected by sensor------------- 
Baggage weighs: 20.48 kg
baggage is on conveyor belt-------
---------baggage detected by sensor------------- 
Baggage weighs: 17.63 kg
baggage is on conveyor belt-------
---------baggage detected by sensor------------- 
Baggage weighs: 19.86 kg
baggage is on conveyor belt-------
---------baggage detected by sensor------------- 
Baggage weighs: 19.4 kg
baggage is on conveyor belt-------
---------baggage detected by sensor------------- 
Baggage weighs: 19.0 kg
baggage is on conveyor belt-------
---------baggage detected by sensor------------- 
Baggage weighs: 20.5 kg
baggage is on conveyor belt-------
---------baggage detected by sensor------------- 
Baggage weighs: 21.9 kg
baggage is on conveyor belt-------
---------baggage detected by sensor------------- 
Baggage weighs: 19.82 kg
baggage is on conveyor belt-------
---------baggage detected by sensor------------- 
Baggage weighs: 18.98 kg
baggage is on conveyor belt-------
---------baggage detected by sensor------------- 
Baggage weighs: 19.28 kg
baggage is on conveyor belt-------
---------baggage detected by sensor------------- 
Baggage weighs: 18.06 kg
baggage is on conveyor belt-------
---------baggage detected by sensor------------- 
Baggage weighs: 20.2 kg
baggage is on conveyor belt-------
---------baggage detected by sensor------------- 
Baggage weighs: 19.74 kg
baggage is on conveyor belt-------
---------baggage detected by sensor------------- 
Baggage weighs: 17.44 kg
baggage is on conveyor belt-------
---------baggage detected by sensor------------- 
Baggage weighs: 19.36 kg
baggage is on conveyor belt-------
---------baggage detected by sensor------------- 
Baggage weighs: 20.4 kg
baggage is on conveyor belt-------
---------baggage detected by sensor------------- 
Baggage weighs: 18.92 kg
baggage is on conveyor belt-------
---------baggage detected by sensor------------- 
Baggage weighs: 18.48 kg
baggage is on conveyor belt-------
---------baggage detected by sensor------------- 
Baggage weighs: 17.34 kg
baggage is on conveyor belt-------
---------baggage detected by sensor------------- 
Baggage weighs: 20.57 kg
baggage is on conveyor belt-------
---------baggage detected by sensor------------- 
Baggage weighs: 17.19 kg
baggage is on conveyor belt-------
---------baggage detected by sensor------------- 
Baggage weighs: 18.25 kg
baggage is on conveyor belt-------
---------baggage detected by sensor------------- 
Baggage weighs: 19.29 kg
baggage is on conveyor belt-------
---------baggage detected by sensor------------- 
Baggage weighs: 16.86 kg
baggage is on conveyor belt-------
---------baggage detected by sensor------------- 
Baggage weighs: 19.34 kg
baggage is on conveyor belt-------
---------baggage detected by sensor------------- 
Baggage weighs: 19.32 kg
baggage is on conveyor belt-------
---------baggage detected by sensor------------- 
Baggage weighs: 18.15 kg
baggage is on conveyor belt-------
---------baggage detected by sensor------------- 
Baggage weighs: 18.98 kg
baggage is on conveyor belt-------
---------baggage detected by sensor------------- 
Baggage weighs: 21.84 kg
baggage is on conveyor belt-------
---------baggage detected by sensor------------- 
Baggage weighs: 20.53 kg
baggage is on conveyor belt-------
---------baggage detected by sensor------------- 
Baggage weighs: 20.62 kg
baggage is on conveyor belt-------
---------baggage detected by sensor------------- 
Baggage weighs: 20.7 kg
baggage is on conveyor belt-------
---------baggage detected by sensor------------- 
Baggage weighs: 19.64 kg
baggage is on conveyor belt-------
---------baggage detected by sensor------------- 
Baggage weighs: 16.11 kg
baggage is on conveyor belt-------
---------baggage detected by sensor------------- 
Baggage weighs: 22.24 kg
baggage is on conveyor belt-------
---------baggage detected by sensor------------- 
Baggage weighs: 21.47 kg
baggage is on conveyor belt-------
---------baggage detected by sensor------------- 
Baggage weighs: 20.73 kg
baggage is on conveyor belt-------
---------baggage detected by sensor------------- 
Baggage weighs: 19.51 kg
baggage is on conveyor belt-------
---------baggage detected by sensor------------- 
Baggage weighs: 20.11 kg
baggage is on conveyor belt-------
---------baggage detected by sensor------------- 
Baggage weighs: 20.36 kg
baggage is on conveyor belt-------
---------baggage detected by sensor------------- 
Baggage weighs: 18.84 kg
baggage is on conveyor belt-------
---------baggage detected by sensor------------- 
Baggage weighs: 22.61 kg
baggage is on conveyor belt-------
---------baggage detected by sensor------------- 
Baggage weighs: 20.07 kg
baggage is on conveyor belt-------
---------baggage detected by sensor------------- 
Baggage weighs: 20.28 kg
baggage is on conveyor belt-------
---------baggage detected by sensor------------- 
Baggage weighs: 17.9 kg
baggage is on conveyor belt-------
---------baggage detected by sensor------------- 
Baggage weighs: 18.13 kg
baggage is on conveyor belt-------
---------baggage detected by sensor------------- 
Baggage weighs: 18.32 kg
baggage is on conveyor belt-------
---------baggage detected by sensor------------- 
Baggage weighs: 19.3 kg
baggage is on conveyor belt-------
---------baggage detected by sensor------------- 
Baggage weighs: 21.34 kg
baggage is on conveyor belt-------
---------baggage detected by sensor------------- 
Baggage weighs: 19.74 kg
baggage is on conveyor belt-------
---------baggage detected by sensor------------- 
Baggage weighs: 18.46 kg
baggage is on conveyor belt-------
---------baggage detected by sensor------------- 
Baggage weighs: 19.49 kg
baggage is on conveyor belt-------
---------baggage detected by sensor------------- 
Baggage weighs: 17.97 kg
baggage is on conveyor belt-------
---------baggage detected by sensor------------- 
Baggage weighs: 21.32 kg
baggage is on conveyor belt-------
---------baggage detected by sensor------------- 
Baggage weighs: 16.41 kg
baggage is on conveyor belt-------
---------baggage detected by sensor------------- 
Baggage weighs: 16.36 kg
baggage is on conveyor belt-------
---------baggage detected by sensor------------- 
Baggage weighs: 16.24 kg
baggage is on conveyor belt-------
---------baggage detected by sensor------------- 
Baggage weighs: 16.65 kg
baggage is on conveyor belt-------
---------baggage detected by sensor------------- 
Baggage weighs: 20.17 kg
baggage is on conveyor belt-------
---------baggage detected by sensor------------- 
Baggage weighs: 21.08 kg
baggage is on conveyor belt-------
---------baggage detected by sensor------------- 
Baggage weighs: 18.0 kg
baggage is on conveyor belt-------
---------baggage detected by sensor------------- 
Baggage weighs: 17.49 kg
baggage is on conveyor belt-------
---------baggage detected by sensor------------- 
Baggage weighs: 19.3 kg
baggage is on conveyor belt-------
---------baggage detected by sensor------------- 
Baggage weighs: 18.34 kg
baggage is on conveyor belt-------
---------baggage detected by sensor------------- 
Baggage weighs: 19.57 kg
baggage is on conveyor belt-------
---------baggage detected by sensor------------- 
Baggage weighs: 18.99 kg
baggage is on conveyor belt-------
---------baggage detected by sensor------------- 
Baggage weighs: 20.13 kg
baggage is on conveyor belt-------
---------baggage detected by sensor------------- 
Baggage weighs: 21.59 kg
baggage is on conveyor belt-------
---------baggage detected by sensor------------- 
Baggage weighs: 17.75 kg
Seat with ID: 36G has been reserved for you!

BOARDING PASS FOR KATHERYN JIMENEZ
-----------------------------------------------------------------------------
LUFTHANSA                      dn35di1munq40zp /  Katheryn Jimenez
Katheryn Jimenez                                     /  dn35di1munq40zp
FRA   LH2121   E  30.Oct                       /  FRA
HKG                                            /  HKG
SEAT ID: 36G                                   /  LH2121 E 30.Oct
SEQ: 194                                      / GATE: A05   22:00
MAX 1  HANDLUGGAGE/ LUGGAGE
-----------------------------------------------------------------------------
sorry Katheryn Jimenez we have no voucher for you! Have a nice day!

---------------------------------------------------------------------------------------------------------------
scanning passport with passport id: TN94HM0EM
searching for ticket in fast bag drop database..............
Ticket found for Beatriz Yu and Flight LH2121
----searching flight seat for Beatriz Yu---------
Found a seat with ID 36H
Below details were found in database
------------------------------------------
Name: Beatriz Yu
Flight ID: LH2121
Source: FRA
Destination: HKG
Gate No: A05
Boarding time: 22:00
Ticket ID: yr4f5e175l5tj3q
Booking Class: E
------------------------------------------

Proceed with check-in for flight LH2121 ?
Type YES to CHECK-IN or NO to cancel CHECK-IN
Beatriz Yu is deciding whether to check-in or to go back home and sleep............
YES CHECK-IN
Checking you in...............
baggage is on conveyor belt-------
---------baggage detected by sensor------------- 
Baggage weighs: 21.58 kg
baggage is on conveyor belt-------
---------baggage detected by sensor------------- 
Baggage weighs: 20.43 kg
baggage is on conveyor belt-------
---------baggage detected by sensor------------- 
Baggage weighs: 18.47 kg
baggage is on conveyor belt-------
---------baggage detected by sensor------------- 
Baggage weighs: 17.86 kg
baggage is on conveyor belt-------
---------baggage detected by sensor------------- 
Baggage weighs: 18.65 kg
baggage is on conveyor belt-------
---------baggage detected by sensor------------- 
Baggage weighs: 19.27 kg
baggage is on conveyor belt-------
---------baggage detected by sensor------------- 
Baggage weighs: 17.42 kg
baggage is on conveyor belt-------
---------baggage detected by sensor------------- 
Baggage weighs: 19.16 kg
baggage is on conveyor belt-------
---------baggage detected by sensor------------- 
Baggage weighs: 19.52 kg
baggage is on conveyor belt-------
---------baggage detected by sensor------------- 
Baggage weighs: 17.51 kg
baggage is on conveyor belt-------
---------baggage detected by sensor------------- 
Baggage weighs: 17.38 kg
baggage is on conveyor belt-------
---------baggage detected by sensor------------- 
Baggage weighs: 18.67 kg
baggage is on conveyor belt-------
---------baggage detected by sensor------------- 
Baggage weighs: 16.98 kg
baggage is on conveyor belt-------
---------baggage detected by sensor------------- 
Baggage weighs: 21.26 kg
baggage is on conveyor belt-------
---------baggage detected by sensor------------- 
Baggage weighs: 18.3 kg
baggage is on conveyor belt-------
---------baggage detected by sensor------------- 
Baggage weighs: 16.81 kg
baggage is on conveyor belt-------
---------baggage detected by sensor------------- 
Baggage weighs: 20.91 kg
baggage is on conveyor belt-------
---------baggage detected by sensor------------- 
Baggage weighs: 21.21 kg
baggage is on conveyor belt-------
---------baggage detected by sensor------------- 
Baggage weighs: 19.69 kg
baggage is on conveyor belt-------
---------baggage detected by sensor------------- 
Baggage weighs: 18.67 kg
baggage is on conveyor belt-------
---------baggage detected by sensor------------- 
Baggage weighs: 19.12 kg
baggage is on conveyor belt-------
---------baggage detected by sensor------------- 
Baggage weighs: 16.42 kg
baggage is on conveyor belt-------
---------baggage detected by sensor------------- 
Baggage weighs: 19.17 kg
baggage is on conveyor belt-------
---------baggage detected by sensor------------- 
Baggage weighs: 19.0 kg
baggage is on conveyor belt-------
---------baggage detected by sensor------------- 
Baggage weighs: 18.78 kg
baggage is on conveyor belt-------
---------baggage detected by sensor------------- 
Baggage weighs: 20.31 kg
baggage is on conveyor belt-------
---------baggage detected by sensor------------- 
Baggage weighs: 21.25 kg
baggage is on conveyor belt-------
---------baggage detected by sensor------------- 
Baggage weighs: 18.87 kg
baggage is on conveyor belt-------
---------baggage detected by sensor------------- 
Baggage weighs: 16.25 kg
baggage is on conveyor belt-------
---------baggage detected by sensor------------- 
Baggage weighs: 19.94 kg
baggage is on conveyor belt-------
---------baggage detected by sensor------------- 
Baggage weighs: 16.88 kg
baggage is on conveyor belt-------
---------baggage detected by sensor------------- 
Baggage weighs: 18.24 kg
baggage is on conveyor belt-------
---------baggage detected by sensor------------- 
Baggage weighs: 17.16 kg
baggage is on conveyor belt-------
---------baggage detected by sensor------------- 
Baggage weighs: 19.34 kg
baggage is on conveyor belt-------
---------baggage detected by sensor------------- 
Baggage weighs: 22.41 kg
baggage is on conveyor belt-------
---------baggage detected by sensor------------- 
Baggage weighs: 20.47 kg
baggage is on conveyor belt-------
---------baggage detected by sensor------------- 
Baggage weighs: 18.81 kg
baggage is on conveyor belt-------
---------baggage detected by sensor------------- 
Baggage weighs: 18.56 kg
baggage is on conveyor belt-------
---------baggage detected by sensor------------- 
Baggage weighs: 17.77 kg
baggage is on conveyor belt-------
---------baggage detected by sensor------------- 
Baggage weighs: 19.32 kg
baggage is on conveyor belt-------
---------baggage detected by sensor------------- 
Baggage weighs: 19.21 kg
baggage is on conveyor belt-------
---------baggage detected by sensor------------- 
Baggage weighs: 19.13 kg
baggage is on conveyor belt-------
---------baggage detected by sensor------------- 
Baggage weighs: 20.39 kg
baggage is on conveyor belt-------
---------baggage detected by sensor------------- 
Baggage weighs: 21.03 kg
baggage is on conveyor belt-------
---------baggage detected by sensor------------- 
Baggage weighs: 20.05 kg
baggage is on conveyor belt-------
---------baggage detected by sensor------------- 
Baggage weighs: 21.92 kg
baggage is on conveyor belt-------
---------baggage detected by sensor------------- 
Baggage weighs: 19.37 kg
baggage is on conveyor belt-------
---------baggage detected by sensor------------- 
Baggage weighs: 20.35 kg
baggage is on conveyor belt-------
---------baggage detected by sensor------------- 
Baggage weighs: 18.73 kg
baggage is on conveyor belt-------
---------baggage detected by sensor------------- 
Baggage weighs: 20.33 kg
baggage is on conveyor belt-------
---------baggage detected by sensor------------- 
Baggage weighs: 22.01 kg
baggage is on conveyor belt-------
---------baggage detected by sensor------------- 
Baggage weighs: 19.27 kg
baggage is on conveyor belt-------
---------baggage detected by sensor------------- 
Baggage weighs: 21.18 kg
baggage is on conveyor belt-------
---------baggage detected by sensor------------- 
Baggage weighs: 17.16 kg
baggage is on conveyor belt-------
---------baggage detected by sensor------------- 
Baggage weighs: 20.04 kg
baggage is on conveyor belt-------
---------baggage detected by sensor------------- 
Baggage weighs: 20.91 kg
baggage is on conveyor belt-------
---------baggage detected by sensor------------- 
Baggage weighs: 20.3 kg
baggage is on conveyor belt-------
---------baggage detected by sensor------------- 
Baggage weighs: 20.38 kg
baggage is on conveyor belt-------
---------baggage detected by sensor------------- 
Baggage weighs: 16.54 kg
baggage is on conveyor belt-------
---------baggage detected by sensor------------- 
Baggage weighs: 18.87 kg
baggage is on conveyor belt-------
---------baggage detected by sensor------------- 
Baggage weighs: 20.22 kg
baggage is on conveyor belt-------
---------baggage detected by sensor------------- 
Baggage weighs: 20.75 kg
baggage is on conveyor belt-------
---------baggage detected by sensor------------- 
Baggage weighs: 17.4 kg
baggage is on conveyor belt-------
---------baggage detected by sensor------------- 
Baggage weighs: 20.27 kg
baggage is on conveyor belt-------
---------baggage detected by sensor------------- 
Baggage weighs: 17.04 kg
baggage is on conveyor belt-------
---------baggage detected by sensor------------- 
Baggage weighs: 19.84 kg
baggage is on conveyor belt-------
---------baggage detected by sensor------------- 
Baggage weighs: 17.34 kg
baggage is on conveyor belt-------
---------baggage detected by sensor------------- 
Baggage weighs: 18.75 kg
baggage is on conveyor belt-------
---------baggage detected by sensor------------- 
Baggage weighs: 19.12 kg
baggage is on conveyor belt-------
---------baggage detected by sensor------------- 
Baggage weighs: 18.29 kg
baggage is on conveyor belt-------
---------baggage detected by sensor------------- 
Baggage weighs: 17.94 kg
baggage is on conveyor belt-------
---------baggage detected by sensor------------- 
Baggage weighs: 19.09 kg
baggage is on conveyor belt-------
---------baggage detected by sensor------------- 
Baggage weighs: 22.39 kg
baggage is on conveyor belt-------
---------baggage detected by sensor------------- 
Baggage weighs: 21.23 kg
baggage is on conveyor belt-------
---------baggage detected by sensor------------- 
Baggage weighs: 17.56 kg
baggage is on conveyor belt-------
---------baggage detected by sensor------------- 
Baggage weighs: 18.37 kg
baggage is on conveyor belt-------
---------baggage detected by sensor------------- 
Baggage weighs: 21.4 kg
baggage is on conveyor belt-------
---------baggage detected by sensor------------- 
Baggage weighs: 20.25 kg
baggage is on conveyor belt-------
---------baggage detected by sensor------------- 
Baggage weighs: 23.0 kg
baggage is on conveyor belt-------
---------baggage detected by sensor------------- 
Baggage weighs: 17.01 kg
baggage is on conveyor belt-------
---------baggage detected by sensor------------- 
Baggage weighs: 17.39 kg
baggage is on conveyor belt-------
---------baggage detected by sensor------------- 
Baggage weighs: 16.7 kg
baggage is on conveyor belt-------
---------baggage detected by sensor------------- 
Baggage weighs: 16.23 kg
baggage is on conveyor belt-------
---------baggage detected by sensor------------- 
Baggage weighs: 19.13 kg
baggage is on conveyor belt-------
---------baggage detected by sensor------------- 
Baggage weighs: 21.07 kg
baggage is on conveyor belt-------
---------baggage detected by sensor------------- 
Baggage weighs: 17.87 kg
baggage is on conveyor belt-------
---------baggage detected by sensor------------- 
Baggage weighs: 19.92 kg
baggage is on conveyor belt-------
---------baggage detected by sensor------------- 
Baggage weighs: 19.22 kg
baggage is on conveyor belt-------
---------baggage detected by sensor------------- 
Baggage weighs: 21.53 kg
baggage is on conveyor belt-------
---------baggage detected by sensor------------- 
Baggage weighs: 20.29 kg
baggage is on conveyor belt-------
---------baggage detected by sensor------------- 
Baggage weighs: 19.32 kg
baggage is on conveyor belt-------
---------baggage detected by sensor------------- 
Baggage weighs: 17.25 kg
baggage is on conveyor belt-------
---------baggage detected by sensor------------- 
Baggage weighs: 21.3 kg
baggage is on conveyor belt-------
---------baggage detected by sensor------------- 
Baggage weighs: 16.79 kg
baggage is on conveyor belt-------
---------baggage detected by sensor------------- 
Baggage weighs: 19.55 kg
baggage is on conveyor belt-------
---------baggage detected by sensor------------- 
Baggage weighs: 18.88 kg
baggage is on conveyor belt-------
---------baggage detected by sensor------------- 
Baggage weighs: 22.33 kg
baggage is on conveyor belt-------
---------baggage detected by sensor------------- 
Baggage weighs: 20.62 kg
baggage is on conveyor belt-------
---------baggage detected by sensor------------- 
Baggage weighs: 19.42 kg
baggage is on conveyor belt-------
---------baggage detected by sensor------------- 
Baggage weighs: 17.54 kg
baggage is on conveyor belt-------
---------baggage detected by sensor------------- 
Baggage weighs: 21.51 kg
baggage is on conveyor belt-------
---------baggage detected by sensor------------- 
Baggage weighs: 19.46 kg
baggage is on conveyor belt-------
---------baggage detected by sensor------------- 
Baggage weighs: 17.83 kg
baggage is on conveyor belt-------
---------baggage detected by sensor------------- 
Baggage weighs: 17.75 kg
baggage is on conveyor belt-------
---------baggage detected by sensor------------- 
Baggage weighs: 17.44 kg
baggage is on conveyor belt-------
---------baggage detected by sensor------------- 
Baggage weighs: 19.53 kg
baggage is on conveyor belt-------
---------baggage detected by sensor------------- 
Baggage weighs: 17.51 kg
baggage is on conveyor belt-------
---------baggage detected by sensor------------- 
Baggage weighs: 18.2 kg
baggage is on conveyor belt-------
---------baggage detected by sensor------------- 
Baggage weighs: 21.55 kg
baggage is on conveyor belt-------
---------baggage detected by sensor------------- 
Baggage weighs: 19.67 kg
baggage is on conveyor belt-------
---------baggage detected by sensor------------- 
Baggage weighs: 19.52 kg
baggage is on conveyor belt-------
---------baggage detected by sensor------------- 
Baggage weighs: 21.06 kg
baggage is on conveyor belt-------
---------baggage detected by sensor------------- 
Baggage weighs: 17.44 kg
baggage is on conveyor belt-------
---------baggage detected by sensor------------- 
Baggage weighs: 19.21 kg
baggage is on conveyor belt-------
---------baggage detected by sensor------------- 
Baggage weighs: 21.65 kg
baggage is on conveyor belt-------
---------baggage detected by sensor------------- 
Baggage weighs: 19.64 kg
baggage is on conveyor belt-------
---------baggage detected by sensor------------- 
Baggage weighs: 21.03 kg
baggage is on conveyor belt-------
---------baggage detected by sensor------------- 
Baggage weighs: 19.76 kg
baggage is on conveyor belt-------
---------baggage detected by sensor------------- 
Baggage weighs: 21.01 kg
baggage is on conveyor belt-------
---------baggage detected by sensor------------- 
Baggage weighs: 19.11 kg
baggage is on conveyor belt-------
---------baggage detected by sensor------------- 
Baggage weighs: 18.54 kg
baggage is on conveyor belt-------
---------baggage detected by sensor------------- 
Baggage weighs: 16.86 kg
baggage is on conveyor belt-------
---------baggage detected by sensor------------- 
Baggage weighs: 16.59 kg
baggage is on conveyor belt-------
---------baggage detected by sensor------------- 
Baggage weighs: 19.26 kg
baggage is on conveyor belt-------
---------baggage detected by sensor------------- 
Baggage weighs: 18.34 kg
baggage is on conveyor belt-------
---------baggage detected by sensor------------- 
Baggage weighs: 19.09 kg
baggage is on conveyor belt-------
---------baggage detected by sensor------------- 
Baggage weighs: 22.38 kg
baggage is on conveyor belt-------
---------baggage detected by sensor------------- 
Baggage weighs: 22.12 kg
baggage is on conveyor belt-------
---------baggage detected by sensor------------- 
Baggage weighs: 16.75 kg
baggage is on conveyor belt-------
---------baggage detected by sensor------------- 
Baggage weighs: 20.36 kg
baggage is on conveyor belt-------
---------baggage detected by sensor------------- 
Baggage weighs: 20.94 kg
baggage is on conveyor belt-------
---------baggage detected by sensor------------- 
Baggage weighs: 19.8 kg
baggage is on conveyor belt-------
---------baggage detected by sensor------------- 
Baggage weighs: 19.12 kg
baggage is on conveyor belt-------
---------baggage detected by sensor------------- 
Baggage weighs: 16.93 kg
baggage is on conveyor belt-------
---------baggage detected by sensor------------- 
Baggage weighs: 20.48 kg
baggage is on conveyor belt-------
---------baggage detected by sensor------------- 
Baggage weighs: 17.63 kg
baggage is on conveyor belt-------
---------baggage detected by sensor------------- 
Baggage weighs: 19.86 kg
baggage is on conveyor belt-------
---------baggage detected by sensor------------- 
Baggage weighs: 19.4 kg
baggage is on conveyor belt-------
---------baggage detected by sensor------------- 
Baggage weighs: 19.0 kg
baggage is on conveyor belt-------
---------baggage detected by sensor------------- 
Baggage weighs: 20.5 kg
baggage is on conveyor belt-------
---------baggage detected by sensor------------- 
Baggage weighs: 21.9 kg
baggage is on conveyor belt-------
---------baggage detected by sensor------------- 
Baggage weighs: 19.82 kg
baggage is on conveyor belt-------
---------baggage detected by sensor------------- 
Baggage weighs: 18.98 kg
baggage is on conveyor belt-------
---------baggage detected by sensor------------- 
Baggage weighs: 19.28 kg
baggage is on conveyor belt-------
---------baggage detected by sensor------------- 
Baggage weighs: 18.06 kg
baggage is on conveyor belt-------
---------baggage detected by sensor------------- 
Baggage weighs: 20.2 kg
baggage is on conveyor belt-------
---------baggage detected by sensor------------- 
Baggage weighs: 19.74 kg
baggage is on conveyor belt-------
---------baggage detected by sensor------------- 
Baggage weighs: 17.44 kg
baggage is on conveyor belt-------
---------baggage detected by sensor------------- 
Baggage weighs: 19.36 kg
baggage is on conveyor belt-------
---------baggage detected by sensor------------- 
Baggage weighs: 20.4 kg
baggage is on conveyor belt-------
---------baggage detected by sensor------------- 
Baggage weighs: 18.92 kg
baggage is on conveyor belt-------
---------baggage detected by sensor------------- 
Baggage weighs: 18.48 kg
baggage is on conveyor belt-------
---------baggage detected by sensor------------- 
Baggage weighs: 17.34 kg
baggage is on conveyor belt-------
---------baggage detected by sensor------------- 
Baggage weighs: 20.57 kg
baggage is on conveyor belt-------
---------baggage detected by sensor------------- 
Baggage weighs: 17.19 kg
baggage is on conveyor belt-------
---------baggage detected by sensor------------- 
Baggage weighs: 18.25 kg
baggage is on conveyor belt-------
---------baggage detected by sensor------------- 
Baggage weighs: 19.29 kg
baggage is on conveyor belt-------
---------baggage detected by sensor------------- 
Baggage weighs: 16.86 kg
baggage is on conveyor belt-------
---------baggage detected by sensor------------- 
Baggage weighs: 19.34 kg
baggage is on conveyor belt-------
---------baggage detected by sensor------------- 
Baggage weighs: 19.32 kg
baggage is on conveyor belt-------
---------baggage detected by sensor------------- 
Baggage weighs: 18.15 kg
baggage is on conveyor belt-------
---------baggage detected by sensor------------- 
Baggage weighs: 18.98 kg
baggage is on conveyor belt-------
---------baggage detected by sensor------------- 
Baggage weighs: 21.84 kg
baggage is on conveyor belt-------
---------baggage detected by sensor------------- 
Baggage weighs: 20.53 kg
baggage is on conveyor belt-------
---------baggage detected by sensor------------- 
Baggage weighs: 20.62 kg
baggage is on conveyor belt-------
---------baggage detected by sensor------------- 
Baggage weighs: 20.7 kg
baggage is on conveyor belt-------
---------baggage detected by sensor------------- 
Baggage weighs: 19.64 kg
baggage is on conveyor belt-------
---------baggage detected by sensor------------- 
Baggage weighs: 16.11 kg
baggage is on conveyor belt-------
---------baggage detected by sensor------------- 
Baggage weighs: 22.24 kg
baggage is on conveyor belt-------
---------baggage detected by sensor------------- 
Baggage weighs: 21.47 kg
baggage is on conveyor belt-------
---------baggage detected by sensor------------- 
Baggage weighs: 20.73 kg
baggage is on conveyor belt-------
---------baggage detected by sensor------------- 
Baggage weighs: 19.51 kg
baggage is on conveyor belt-------
---------baggage detected by sensor------------- 
Baggage weighs: 20.11 kg
baggage is on conveyor belt-------
---------baggage detected by sensor------------- 
Baggage weighs: 20.36 kg
baggage is on conveyor belt-------
---------baggage detected by sensor------------- 
Baggage weighs: 18.84 kg
baggage is on conveyor belt-------
---------baggage detected by sensor------------- 
Baggage weighs: 22.61 kg
baggage is on conveyor belt-------
---------baggage detected by sensor------------- 
Baggage weighs: 20.07 kg
baggage is on conveyor belt-------
---------baggage detected by sensor------------- 
Baggage weighs: 20.28 kg
baggage is on conveyor belt-------
---------baggage detected by sensor------------- 
Baggage weighs: 17.9 kg
baggage is on conveyor belt-------
---------baggage detected by sensor------------- 
Baggage weighs: 18.13 kg
baggage is on conveyor belt-------
---------baggage detected by sensor------------- 
Baggage weighs: 18.32 kg
baggage is on conveyor belt-------
---------baggage detected by sensor------------- 
Baggage weighs: 19.3 kg
baggage is on conveyor belt-------
---------baggage detected by sensor------------- 
Baggage weighs: 21.34 kg
baggage is on conveyor belt-------
---------baggage detected by sensor------------- 
Baggage weighs: 19.74 kg
baggage is on conveyor belt-------
---------baggage detected by sensor------------- 
Baggage weighs: 18.46 kg
baggage is on conveyor belt-------
---------baggage detected by sensor------------- 
Baggage weighs: 19.49 kg
baggage is on conveyor belt-------
---------baggage detected by sensor------------- 
Baggage weighs: 17.97 kg
baggage is on conveyor belt-------
---------baggage detected by sensor------------- 
Baggage weighs: 21.32 kg
baggage is on conveyor belt-------
---------baggage detected by sensor------------- 
Baggage weighs: 16.41 kg
baggage is on conveyor belt-------
---------baggage detected by sensor------------- 
Baggage weighs: 16.36 kg
baggage is on conveyor belt-------
---------baggage detected by sensor------------- 
Baggage weighs: 16.24 kg
baggage is on conveyor belt-------
---------baggage detected by sensor------------- 
Baggage weighs: 16.65 kg
baggage is on conveyor belt-------
---------baggage detected by sensor------------- 
Baggage weighs: 20.17 kg
baggage is on conveyor belt-------
---------baggage detected by sensor------------- 
Baggage weighs: 21.08 kg
baggage is on conveyor belt-------
---------baggage detected by sensor------------- 
Baggage weighs: 18.0 kg
baggage is on conveyor belt-------
---------baggage detected by sensor------------- 
Baggage weighs: 17.49 kg
baggage is on conveyor belt-------
---------baggage detected by sensor------------- 
Baggage weighs: 19.3 kg
baggage is on conveyor belt-------
---------baggage detected by sensor------------- 
Baggage weighs: 18.34 kg
baggage is on conveyor belt-------
---------baggage detected by sensor------------- 
Baggage weighs: 19.57 kg
baggage is on conveyor belt-------
---------baggage detected by sensor------------- 
Baggage weighs: 18.99 kg
baggage is on conveyor belt-------
---------baggage detected by sensor------------- 
Baggage weighs: 20.13 kg
baggage is on conveyor belt-------
---------baggage detected by sensor------------- 
Baggage weighs: 21.59 kg
baggage is on conveyor belt-------
---------baggage detected by sensor------------- 
Baggage weighs: 17.75 kg
baggage is on conveyor belt-------
---------baggage detected by sensor------------- 
Baggage weighs: 18.88 kg
Seat with ID: 36H has been reserved for you!

BOARDING PASS FOR BEATRIZ YU
-----------------------------------------------------------------------------
LUFTHANSA                      yr4f5e175l5tj3q /  Beatriz Yu
Beatriz Yu                                     /  yr4f5e175l5tj3q
FRA   LH2121   E  30.Oct                       /  FRA
HKG                                            /  HKG
SEAT ID: 36H                                   /  LH2121 E 30.Oct
SEQ: 195                                      / GATE: A05   22:00
MAX 1  HANDLUGGAGE/ LUGGAGE
-----------------------------------------------------------------------------
sorry Beatriz Yu we have no voucher for you! Have a nice day!

---------------------------------------------------------------------------------------------------------------
scanning passport with passport id: YK72H7VEB
searching for ticket in fast bag drop database..............
Ticket found for Roderick Barr and Flight LH2121
----searching flight seat for Roderick Barr---------
Found a seat with ID 36J
Below details were found in database
------------------------------------------
Name: Roderick Barr
Flight ID: LH2121
Source: FRA
Destination: HKG
Gate No: A05
Boarding time: 22:00
Ticket ID: m8ekwjrm9ko0b1f
Booking Class: E
------------------------------------------

Proceed with check-in for flight LH2121 ?
Type YES to CHECK-IN or NO to cancel CHECK-IN
Roderick Barr is deciding whether to check-in or to go back home and sleep............
YES CHECK-IN
Checking you in...............
baggage is on conveyor belt-------
---------baggage detected by sensor------------- 
Baggage weighs: 21.58 kg
baggage is on conveyor belt-------
---------baggage detected by sensor------------- 
Baggage weighs: 20.43 kg
baggage is on conveyor belt-------
---------baggage detected by sensor------------- 
Baggage weighs: 18.47 kg
baggage is on conveyor belt-------
---------baggage detected by sensor------------- 
Baggage weighs: 17.86 kg
baggage is on conveyor belt-------
---------baggage detected by sensor------------- 
Baggage weighs: 18.65 kg
baggage is on conveyor belt-------
---------baggage detected by sensor------------- 
Baggage weighs: 19.27 kg
baggage is on conveyor belt-------
---------baggage detected by sensor------------- 
Baggage weighs: 17.42 kg
baggage is on conveyor belt-------
---------baggage detected by sensor------------- 
Baggage weighs: 19.16 kg
baggage is on conveyor belt-------
---------baggage detected by sensor------------- 
Baggage weighs: 19.52 kg
baggage is on conveyor belt-------
---------baggage detected by sensor------------- 
Baggage weighs: 17.51 kg
baggage is on conveyor belt-------
---------baggage detected by sensor------------- 
Baggage weighs: 17.38 kg
baggage is on conveyor belt-------
---------baggage detected by sensor------------- 
Baggage weighs: 18.67 kg
baggage is on conveyor belt-------
---------baggage detected by sensor------------- 
Baggage weighs: 16.98 kg
baggage is on conveyor belt-------
---------baggage detected by sensor------------- 
Baggage weighs: 21.26 kg
baggage is on conveyor belt-------
---------baggage detected by sensor------------- 
Baggage weighs: 18.3 kg
baggage is on conveyor belt-------
---------baggage detected by sensor------------- 
Baggage weighs: 16.81 kg
baggage is on conveyor belt-------
---------baggage detected by sensor------------- 
Baggage weighs: 20.91 kg
baggage is on conveyor belt-------
---------baggage detected by sensor------------- 
Baggage weighs: 21.21 kg
baggage is on conveyor belt-------
---------baggage detected by sensor------------- 
Baggage weighs: 19.69 kg
baggage is on conveyor belt-------
---------baggage detected by sensor------------- 
Baggage weighs: 18.67 kg
baggage is on conveyor belt-------
---------baggage detected by sensor------------- 
Baggage weighs: 19.12 kg
baggage is on conveyor belt-------
---------baggage detected by sensor------------- 
Baggage weighs: 16.42 kg
baggage is on conveyor belt-------
---------baggage detected by sensor------------- 
Baggage weighs: 19.17 kg
baggage is on conveyor belt-------
---------baggage detected by sensor------------- 
Baggage weighs: 19.0 kg
baggage is on conveyor belt-------
---------baggage detected by sensor------------- 
Baggage weighs: 18.78 kg
baggage is on conveyor belt-------
---------baggage detected by sensor------------- 
Baggage weighs: 20.31 kg
baggage is on conveyor belt-------
---------baggage detected by sensor------------- 
Baggage weighs: 21.25 kg
baggage is on conveyor belt-------
---------baggage detected by sensor------------- 
Baggage weighs: 18.87 kg
baggage is on conveyor belt-------
---------baggage detected by sensor------------- 
Baggage weighs: 16.25 kg
baggage is on conveyor belt-------
---------baggage detected by sensor------------- 
Baggage weighs: 19.94 kg
baggage is on conveyor belt-------
---------baggage detected by sensor------------- 
Baggage weighs: 16.88 kg
baggage is on conveyor belt-------
---------baggage detected by sensor------------- 
Baggage weighs: 18.24 kg
baggage is on conveyor belt-------
---------baggage detected by sensor------------- 
Baggage weighs: 17.16 kg
baggage is on conveyor belt-------
---------baggage detected by sensor------------- 
Baggage weighs: 19.34 kg
baggage is on conveyor belt-------
---------baggage detected by sensor------------- 
Baggage weighs: 22.41 kg
baggage is on conveyor belt-------
---------baggage detected by sensor------------- 
Baggage weighs: 20.47 kg
baggage is on conveyor belt-------
---------baggage detected by sensor------------- 
Baggage weighs: 18.81 kg
baggage is on conveyor belt-------
---------baggage detected by sensor------------- 
Baggage weighs: 18.56 kg
baggage is on conveyor belt-------
---------baggage detected by sensor------------- 
Baggage weighs: 17.77 kg
baggage is on conveyor belt-------
---------baggage detected by sensor------------- 
Baggage weighs: 19.32 kg
baggage is on conveyor belt-------
---------baggage detected by sensor------------- 
Baggage weighs: 19.21 kg
baggage is on conveyor belt-------
---------baggage detected by sensor------------- 
Baggage weighs: 19.13 kg
baggage is on conveyor belt-------
---------baggage detected by sensor------------- 
Baggage weighs: 20.39 kg
baggage is on conveyor belt-------
---------baggage detected by sensor------------- 
Baggage weighs: 21.03 kg
baggage is on conveyor belt-------
---------baggage detected by sensor------------- 
Baggage weighs: 20.05 kg
baggage is on conveyor belt-------
---------baggage detected by sensor------------- 
Baggage weighs: 21.92 kg
baggage is on conveyor belt-------
---------baggage detected by sensor------------- 
Baggage weighs: 19.37 kg
baggage is on conveyor belt-------
---------baggage detected by sensor------------- 
Baggage weighs: 20.35 kg
baggage is on conveyor belt-------
---------baggage detected by sensor------------- 
Baggage weighs: 18.73 kg
baggage is on conveyor belt-------
---------baggage detected by sensor------------- 
Baggage weighs: 20.33 kg
baggage is on conveyor belt-------
---------baggage detected by sensor------------- 
Baggage weighs: 22.01 kg
baggage is on conveyor belt-------
---------baggage detected by sensor------------- 
Baggage weighs: 19.27 kg
baggage is on conveyor belt-------
---------baggage detected by sensor------------- 
Baggage weighs: 21.18 kg
baggage is on conveyor belt-------
---------baggage detected by sensor------------- 
Baggage weighs: 17.16 kg
baggage is on conveyor belt-------
---------baggage detected by sensor------------- 
Baggage weighs: 20.04 kg
baggage is on conveyor belt-------
---------baggage detected by sensor------------- 
Baggage weighs: 20.91 kg
baggage is on conveyor belt-------
---------baggage detected by sensor------------- 
Baggage weighs: 20.3 kg
baggage is on conveyor belt-------
---------baggage detected by sensor------------- 
Baggage weighs: 20.38 kg
baggage is on conveyor belt-------
---------baggage detected by sensor------------- 
Baggage weighs: 16.54 kg
baggage is on conveyor belt-------
---------baggage detected by sensor------------- 
Baggage weighs: 18.87 kg
baggage is on conveyor belt-------
---------baggage detected by sensor------------- 
Baggage weighs: 20.22 kg
baggage is on conveyor belt-------
---------baggage detected by sensor------------- 
Baggage weighs: 20.75 kg
baggage is on conveyor belt-------
---------baggage detected by sensor------------- 
Baggage weighs: 17.4 kg
baggage is on conveyor belt-------
---------baggage detected by sensor------------- 
Baggage weighs: 20.27 kg
baggage is on conveyor belt-------
---------baggage detected by sensor------------- 
Baggage weighs: 17.04 kg
baggage is on conveyor belt-------
---------baggage detected by sensor------------- 
Baggage weighs: 19.84 kg
baggage is on conveyor belt-------
---------baggage detected by sensor------------- 
Baggage weighs: 17.34 kg
baggage is on conveyor belt-------
---------baggage detected by sensor------------- 
Baggage weighs: 18.75 kg
baggage is on conveyor belt-------
---------baggage detected by sensor------------- 
Baggage weighs: 19.12 kg
baggage is on conveyor belt-------
---------baggage detected by sensor------------- 
Baggage weighs: 18.29 kg
baggage is on conveyor belt-------
---------baggage detected by sensor------------- 
Baggage weighs: 17.94 kg
baggage is on conveyor belt-------
---------baggage detected by sensor------------- 
Baggage weighs: 19.09 kg
baggage is on conveyor belt-------
---------baggage detected by sensor------------- 
Baggage weighs: 22.39 kg
baggage is on conveyor belt-------
---------baggage detected by sensor------------- 
Baggage weighs: 21.23 kg
baggage is on conveyor belt-------
---------baggage detected by sensor------------- 
Baggage weighs: 17.56 kg
baggage is on conveyor belt-------
---------baggage detected by sensor------------- 
Baggage weighs: 18.37 kg
baggage is on conveyor belt-------
---------baggage detected by sensor------------- 
Baggage weighs: 21.4 kg
baggage is on conveyor belt-------
---------baggage detected by sensor------------- 
Baggage weighs: 20.25 kg
baggage is on conveyor belt-------
---------baggage detected by sensor------------- 
Baggage weighs: 23.0 kg
baggage is on conveyor belt-------
---------baggage detected by sensor------------- 
Baggage weighs: 17.01 kg
baggage is on conveyor belt-------
---------baggage detected by sensor------------- 
Baggage weighs: 17.39 kg
baggage is on conveyor belt-------
---------baggage detected by sensor------------- 
Baggage weighs: 16.7 kg
baggage is on conveyor belt-------
---------baggage detected by sensor------------- 
Baggage weighs: 16.23 kg
baggage is on conveyor belt-------
---------baggage detected by sensor------------- 
Baggage weighs: 19.13 kg
baggage is on conveyor belt-------
---------baggage detected by sensor------------- 
Baggage weighs: 21.07 kg
baggage is on conveyor belt-------
---------baggage detected by sensor------------- 
Baggage weighs: 17.87 kg
baggage is on conveyor belt-------
---------baggage detected by sensor------------- 
Baggage weighs: 19.92 kg
baggage is on conveyor belt-------
---------baggage detected by sensor------------- 
Baggage weighs: 19.22 kg
baggage is on conveyor belt-------
---------baggage detected by sensor------------- 
Baggage weighs: 21.53 kg
baggage is on conveyor belt-------
---------baggage detected by sensor------------- 
Baggage weighs: 20.29 kg
baggage is on conveyor belt-------
---------baggage detected by sensor------------- 
Baggage weighs: 19.32 kg
baggage is on conveyor belt-------
---------baggage detected by sensor------------- 
Baggage weighs: 17.25 kg
baggage is on conveyor belt-------
---------baggage detected by sensor------------- 
Baggage weighs: 21.3 kg
baggage is on conveyor belt-------
---------baggage detected by sensor------------- 
Baggage weighs: 16.79 kg
baggage is on conveyor belt-------
---------baggage detected by sensor------------- 
Baggage weighs: 19.55 kg
baggage is on conveyor belt-------
---------baggage detected by sensor------------- 
Baggage weighs: 18.88 kg
baggage is on conveyor belt-------
---------baggage detected by sensor------------- 
Baggage weighs: 22.33 kg
baggage is on conveyor belt-------
---------baggage detected by sensor------------- 
Baggage weighs: 20.62 kg
baggage is on conveyor belt-------
---------baggage detected by sensor------------- 
Baggage weighs: 19.42 kg
baggage is on conveyor belt-------
---------baggage detected by sensor------------- 
Baggage weighs: 17.54 kg
baggage is on conveyor belt-------
---------baggage detected by sensor------------- 
Baggage weighs: 21.51 kg
baggage is on conveyor belt-------
---------baggage detected by sensor------------- 
Baggage weighs: 19.46 kg
baggage is on conveyor belt-------
---------baggage detected by sensor------------- 
Baggage weighs: 17.83 kg
baggage is on conveyor belt-------
---------baggage detected by sensor------------- 
Baggage weighs: 17.75 kg
baggage is on conveyor belt-------
---------baggage detected by sensor------------- 
Baggage weighs: 17.44 kg
baggage is on conveyor belt-------
---------baggage detected by sensor------------- 
Baggage weighs: 19.53 kg
baggage is on conveyor belt-------
---------baggage detected by sensor------------- 
Baggage weighs: 17.51 kg
baggage is on conveyor belt-------
---------baggage detected by sensor------------- 
Baggage weighs: 18.2 kg
baggage is on conveyor belt-------
---------baggage detected by sensor------------- 
Baggage weighs: 21.55 kg
baggage is on conveyor belt-------
---------baggage detected by sensor------------- 
Baggage weighs: 19.67 kg
baggage is on conveyor belt-------
---------baggage detected by sensor------------- 
Baggage weighs: 19.52 kg
baggage is on conveyor belt-------
---------baggage detected by sensor------------- 
Baggage weighs: 21.06 kg
baggage is on conveyor belt-------
---------baggage detected by sensor------------- 
Baggage weighs: 17.44 kg
baggage is on conveyor belt-------
---------baggage detected by sensor------------- 
Baggage weighs: 19.21 kg
baggage is on conveyor belt-------
---------baggage detected by sensor------------- 
Baggage weighs: 21.65 kg
baggage is on conveyor belt-------
---------baggage detected by sensor------------- 
Baggage weighs: 19.64 kg
baggage is on conveyor belt-------
---------baggage detected by sensor------------- 
Baggage weighs: 21.03 kg
baggage is on conveyor belt-------
---------baggage detected by sensor------------- 
Baggage weighs: 19.76 kg
baggage is on conveyor belt-------
---------baggage detected by sensor------------- 
Baggage weighs: 21.01 kg
baggage is on conveyor belt-------
---------baggage detected by sensor------------- 
Baggage weighs: 19.11 kg
baggage is on conveyor belt-------
---------baggage detected by sensor------------- 
Baggage weighs: 18.54 kg
baggage is on conveyor belt-------
---------baggage detected by sensor------------- 
Baggage weighs: 16.86 kg
baggage is on conveyor belt-------
---------baggage detected by sensor------------- 
Baggage weighs: 16.59 kg
baggage is on conveyor belt-------
---------baggage detected by sensor------------- 
Baggage weighs: 19.26 kg
baggage is on conveyor belt-------
---------baggage detected by sensor------------- 
Baggage weighs: 18.34 kg
baggage is on conveyor belt-------
---------baggage detected by sensor------------- 
Baggage weighs: 19.09 kg
baggage is on conveyor belt-------
---------baggage detected by sensor------------- 
Baggage weighs: 22.38 kg
baggage is on conveyor belt-------
---------baggage detected by sensor------------- 
Baggage weighs: 22.12 kg
baggage is on conveyor belt-------
---------baggage detected by sensor------------- 
Baggage weighs: 16.75 kg
baggage is on conveyor belt-------
---------baggage detected by sensor------------- 
Baggage weighs: 20.36 kg
baggage is on conveyor belt-------
---------baggage detected by sensor------------- 
Baggage weighs: 20.94 kg
baggage is on conveyor belt-------
---------baggage detected by sensor------------- 
Baggage weighs: 19.8 kg
baggage is on conveyor belt-------
---------baggage detected by sensor------------- 
Baggage weighs: 19.12 kg
baggage is on conveyor belt-------
---------baggage detected by sensor------------- 
Baggage weighs: 16.93 kg
baggage is on conveyor belt-------
---------baggage detected by sensor------------- 
Baggage weighs: 20.48 kg
baggage is on conveyor belt-------
---------baggage detected by sensor------------- 
Baggage weighs: 17.63 kg
baggage is on conveyor belt-------
---------baggage detected by sensor------------- 
Baggage weighs: 19.86 kg
baggage is on conveyor belt-------
---------baggage detected by sensor------------- 
Baggage weighs: 19.4 kg
baggage is on conveyor belt-------
---------baggage detected by sensor------------- 
Baggage weighs: 19.0 kg
baggage is on conveyor belt-------
---------baggage detected by sensor------------- 
Baggage weighs: 20.5 kg
baggage is on conveyor belt-------
---------baggage detected by sensor------------- 
Baggage weighs: 21.9 kg
baggage is on conveyor belt-------
---------baggage detected by sensor------------- 
Baggage weighs: 19.82 kg
baggage is on conveyor belt-------
---------baggage detected by sensor------------- 
Baggage weighs: 18.98 kg
baggage is on conveyor belt-------
---------baggage detected by sensor------------- 
Baggage weighs: 19.28 kg
baggage is on conveyor belt-------
---------baggage detected by sensor------------- 
Baggage weighs: 18.06 kg
baggage is on conveyor belt-------
---------baggage detected by sensor------------- 
Baggage weighs: 20.2 kg
baggage is on conveyor belt-------
---------baggage detected by sensor------------- 
Baggage weighs: 19.74 kg
baggage is on conveyor belt-------
---------baggage detected by sensor------------- 
Baggage weighs: 17.44 kg
baggage is on conveyor belt-------
---------baggage detected by sensor------------- 
Baggage weighs: 19.36 kg
baggage is on conveyor belt-------
---------baggage detected by sensor------------- 
Baggage weighs: 20.4 kg
baggage is on conveyor belt-------
---------baggage detected by sensor------------- 
Baggage weighs: 18.92 kg
baggage is on conveyor belt-------
---------baggage detected by sensor------------- 
Baggage weighs: 18.48 kg
baggage is on conveyor belt-------
---------baggage detected by sensor------------- 
Baggage weighs: 17.34 kg
baggage is on conveyor belt-------
---------baggage detected by sensor------------- 
Baggage weighs: 20.57 kg
baggage is on conveyor belt-------
---------baggage detected by sensor------------- 
Baggage weighs: 17.19 kg
baggage is on conveyor belt-------
---------baggage detected by sensor------------- 
Baggage weighs: 18.25 kg
baggage is on conveyor belt-------
---------baggage detected by sensor------------- 
Baggage weighs: 19.29 kg
baggage is on conveyor belt-------
---------baggage detected by sensor------------- 
Baggage weighs: 16.86 kg
baggage is on conveyor belt-------
---------baggage detected by sensor------------- 
Baggage weighs: 19.34 kg
baggage is on conveyor belt-------
---------baggage detected by sensor------------- 
Baggage weighs: 19.32 kg
baggage is on conveyor belt-------
---------baggage detected by sensor------------- 
Baggage weighs: 18.15 kg
baggage is on conveyor belt-------
---------baggage detected by sensor------------- 
Baggage weighs: 18.98 kg
baggage is on conveyor belt-------
---------baggage detected by sensor------------- 
Baggage weighs: 21.84 kg
baggage is on conveyor belt-------
---------baggage detected by sensor------------- 
Baggage weighs: 20.53 kg
baggage is on conveyor belt-------
---------baggage detected by sensor------------- 
Baggage weighs: 20.62 kg
baggage is on conveyor belt-------
---------baggage detected by sensor------------- 
Baggage weighs: 20.7 kg
baggage is on conveyor belt-------
---------baggage detected by sensor------------- 
Baggage weighs: 19.64 kg
baggage is on conveyor belt-------
---------baggage detected by sensor------------- 
Baggage weighs: 16.11 kg
baggage is on conveyor belt-------
---------baggage detected by sensor------------- 
Baggage weighs: 22.24 kg
baggage is on conveyor belt-------
---------baggage detected by sensor------------- 
Baggage weighs: 21.47 kg
baggage is on conveyor belt-------
---------baggage detected by sensor------------- 
Baggage weighs: 20.73 kg
baggage is on conveyor belt-------
---------baggage detected by sensor------------- 
Baggage weighs: 19.51 kg
baggage is on conveyor belt-------
---------baggage detected by sensor------------- 
Baggage weighs: 20.11 kg
baggage is on conveyor belt-------
---------baggage detected by sensor------------- 
Baggage weighs: 20.36 kg
baggage is on conveyor belt-------
---------baggage detected by sensor------------- 
Baggage weighs: 18.84 kg
baggage is on conveyor belt-------
---------baggage detected by sensor------------- 
Baggage weighs: 22.61 kg
baggage is on conveyor belt-------
---------baggage detected by sensor------------- 
Baggage weighs: 20.07 kg
baggage is on conveyor belt-------
---------baggage detected by sensor------------- 
Baggage weighs: 20.28 kg
baggage is on conveyor belt-------
---------baggage detected by sensor------------- 
Baggage weighs: 17.9 kg
baggage is on conveyor belt-------
---------baggage detected by sensor------------- 
Baggage weighs: 18.13 kg
baggage is on conveyor belt-------
---------baggage detected by sensor------------- 
Baggage weighs: 18.32 kg
baggage is on conveyor belt-------
---------baggage detected by sensor------------- 
Baggage weighs: 19.3 kg
baggage is on conveyor belt-------
---------baggage detected by sensor------------- 
Baggage weighs: 21.34 kg
baggage is on conveyor belt-------
---------baggage detected by sensor------------- 
Baggage weighs: 19.74 kg
baggage is on conveyor belt-------
---------baggage detected by sensor------------- 
Baggage weighs: 18.46 kg
baggage is on conveyor belt-------
---------baggage detected by sensor------------- 
Baggage weighs: 19.49 kg
baggage is on conveyor belt-------
---------baggage detected by sensor------------- 
Baggage weighs: 17.97 kg
baggage is on conveyor belt-------
---------baggage detected by sensor------------- 
Baggage weighs: 21.32 kg
baggage is on conveyor belt-------
---------baggage detected by sensor------------- 
Baggage weighs: 16.41 kg
baggage is on conveyor belt-------
---------baggage detected by sensor------------- 
Baggage weighs: 16.36 kg
baggage is on conveyor belt-------
---------baggage detected by sensor------------- 
Baggage weighs: 16.24 kg
baggage is on conveyor belt-------
---------baggage detected by sensor------------- 
Baggage weighs: 16.65 kg
baggage is on conveyor belt-------
---------baggage detected by sensor------------- 
Baggage weighs: 20.17 kg
baggage is on conveyor belt-------
---------baggage detected by sensor------------- 
Baggage weighs: 21.08 kg
baggage is on conveyor belt-------
---------baggage detected by sensor------------- 
Baggage weighs: 18.0 kg
baggage is on conveyor belt-------
---------baggage detected by sensor------------- 
Baggage weighs: 17.49 kg
baggage is on conveyor belt-------
---------baggage detected by sensor------------- 
Baggage weighs: 19.3 kg
baggage is on conveyor belt-------
---------baggage detected by sensor------------- 
Baggage weighs: 18.34 kg
baggage is on conveyor belt-------
---------baggage detected by sensor------------- 
Baggage weighs: 19.57 kg
baggage is on conveyor belt-------
---------baggage detected by sensor------------- 
Baggage weighs: 18.99 kg
baggage is on conveyor belt-------
---------baggage detected by sensor------------- 
Baggage weighs: 20.13 kg
baggage is on conveyor belt-------
---------baggage detected by sensor------------- 
Baggage weighs: 21.59 kg
baggage is on conveyor belt-------
---------baggage detected by sensor------------- 
Baggage weighs: 17.75 kg
baggage is on conveyor belt-------
---------baggage detected by sensor------------- 
Baggage weighs: 18.88 kg
baggage is on conveyor belt-------
---------baggage detected by sensor------------- 
Baggage weighs: 17.64 kg
Seat with ID: 36J has been reserved for you!

BOARDING PASS FOR RODERICK BARR
-----------------------------------------------------------------------------
LUFTHANSA                      m8ekwjrm9ko0b1f /  Roderick Barr
Roderick Barr                                     /  m8ekwjrm9ko0b1f
FRA   LH2121   E  30.Oct                       /  FRA
HKG                                            /  HKG
SEAT ID: 36J                                   /  LH2121 E 30.Oct
SEQ: 196                                      / GATE: A05   22:00
MAX 1  HANDLUGGAGE/ LUGGAGE
-----------------------------------------------------------------------------
sorry Roderick Barr we have no voucher for you! Have a nice day!

---------------------------------------------------------------------------------------------------------------
scanning passport with passport id: ZVRPF0MS1
searching for ticket in fast bag drop database..............
Ticket found for Kristine Christensen and Flight LH2121
----searching flight seat for Kristine Christensen---------
Found a seat with ID 36K
Below details were found in database
------------------------------------------
Name: Kristine Christensen
Flight ID: LH2121
Source: FRA
Destination: HKG
Gate No: A05
Boarding time: 22:00
Ticket ID: 1k8duusvra980b3
Booking Class: E
------------------------------------------

Proceed with check-in for flight LH2121 ?
Type YES to CHECK-IN or NO to cancel CHECK-IN
Kristine Christensen is deciding whether to check-in or to go back home and sleep............
YES CHECK-IN
Checking you in...............
baggage is on conveyor belt-------
---------baggage detected by sensor------------- 
Baggage weighs: 21.58 kg
baggage is on conveyor belt-------
---------baggage detected by sensor------------- 
Baggage weighs: 20.43 kg
baggage is on conveyor belt-------
---------baggage detected by sensor------------- 
Baggage weighs: 18.47 kg
baggage is on conveyor belt-------
---------baggage detected by sensor------------- 
Baggage weighs: 17.86 kg
baggage is on conveyor belt-------
---------baggage detected by sensor------------- 
Baggage weighs: 18.65 kg
baggage is on conveyor belt-------
---------baggage detected by sensor------------- 
Baggage weighs: 19.27 kg
baggage is on conveyor belt-------
---------baggage detected by sensor------------- 
Baggage weighs: 17.42 kg
baggage is on conveyor belt-------
---------baggage detected by sensor------------- 
Baggage weighs: 19.16 kg
baggage is on conveyor belt-------
---------baggage detected by sensor------------- 
Baggage weighs: 19.52 kg
baggage is on conveyor belt-------
---------baggage detected by sensor------------- 
Baggage weighs: 17.51 kg
baggage is on conveyor belt-------
---------baggage detected by sensor------------- 
Baggage weighs: 17.38 kg
baggage is on conveyor belt-------
---------baggage detected by sensor------------- 
Baggage weighs: 18.67 kg
baggage is on conveyor belt-------
---------baggage detected by sensor------------- 
Baggage weighs: 16.98 kg
baggage is on conveyor belt-------
---------baggage detected by sensor------------- 
Baggage weighs: 21.26 kg
baggage is on conveyor belt-------
---------baggage detected by sensor------------- 
Baggage weighs: 18.3 kg
baggage is on conveyor belt-------
---------baggage detected by sensor------------- 
Baggage weighs: 16.81 kg
baggage is on conveyor belt-------
---------baggage detected by sensor------------- 
Baggage weighs: 20.91 kg
baggage is on conveyor belt-------
---------baggage detected by sensor------------- 
Baggage weighs: 21.21 kg
baggage is on conveyor belt-------
---------baggage detected by sensor------------- 
Baggage weighs: 19.69 kg
baggage is on conveyor belt-------
---------baggage detected by sensor------------- 
Baggage weighs: 18.67 kg
baggage is on conveyor belt-------
---------baggage detected by sensor------------- 
Baggage weighs: 19.12 kg
baggage is on conveyor belt-------
---------baggage detected by sensor------------- 
Baggage weighs: 16.42 kg
baggage is on conveyor belt-------
---------baggage detected by sensor------------- 
Baggage weighs: 19.17 kg
baggage is on conveyor belt-------
---------baggage detected by sensor------------- 
Baggage weighs: 19.0 kg
baggage is on conveyor belt-------
---------baggage detected by sensor------------- 
Baggage weighs: 18.78 kg
baggage is on conveyor belt-------
---------baggage detected by sensor------------- 
Baggage weighs: 20.31 kg
baggage is on conveyor belt-------
---------baggage detected by sensor------------- 
Baggage weighs: 21.25 kg
baggage is on conveyor belt-------
---------baggage detected by sensor------------- 
Baggage weighs: 18.87 kg
baggage is on conveyor belt-------
---------baggage detected by sensor------------- 
Baggage weighs: 16.25 kg
baggage is on conveyor belt-------
---------baggage detected by sensor------------- 
Baggage weighs: 19.94 kg
baggage is on conveyor belt-------
---------baggage detected by sensor------------- 
Baggage weighs: 16.88 kg
baggage is on conveyor belt-------
---------baggage detected by sensor------------- 
Baggage weighs: 18.24 kg
baggage is on conveyor belt-------
---------baggage detected by sensor------------- 
Baggage weighs: 17.16 kg
baggage is on conveyor belt-------
---------baggage detected by sensor------------- 
Baggage weighs: 19.34 kg
baggage is on conveyor belt-------
---------baggage detected by sensor------------- 
Baggage weighs: 22.41 kg
baggage is on conveyor belt-------
---------baggage detected by sensor------------- 
Baggage weighs: 20.47 kg
baggage is on conveyor belt-------
---------baggage detected by sensor------------- 
Baggage weighs: 18.81 kg
baggage is on conveyor belt-------
---------baggage detected by sensor------------- 
Baggage weighs: 18.56 kg
baggage is on conveyor belt-------
---------baggage detected by sensor------------- 
Baggage weighs: 17.77 kg
baggage is on conveyor belt-------
---------baggage detected by sensor------------- 
Baggage weighs: 19.32 kg
baggage is on conveyor belt-------
---------baggage detected by sensor------------- 
Baggage weighs: 19.21 kg
baggage is on conveyor belt-------
---------baggage detected by sensor------------- 
Baggage weighs: 19.13 kg
baggage is on conveyor belt-------
---------baggage detected by sensor------------- 
Baggage weighs: 20.39 kg
baggage is on conveyor belt-------
---------baggage detected by sensor------------- 
Baggage weighs: 21.03 kg
baggage is on conveyor belt-------
---------baggage detected by sensor------------- 
Baggage weighs: 20.05 kg
baggage is on conveyor belt-------
---------baggage detected by sensor------------- 
Baggage weighs: 21.92 kg
baggage is on conveyor belt-------
---------baggage detected by sensor------------- 
Baggage weighs: 19.37 kg
baggage is on conveyor belt-------
---------baggage detected by sensor------------- 
Baggage weighs: 20.35 kg
baggage is on conveyor belt-------
---------baggage detected by sensor------------- 
Baggage weighs: 18.73 kg
baggage is on conveyor belt-------
---------baggage detected by sensor------------- 
Baggage weighs: 20.33 kg
baggage is on conveyor belt-------
---------baggage detected by sensor------------- 
Baggage weighs: 22.01 kg
baggage is on conveyor belt-------
---------baggage detected by sensor------------- 
Baggage weighs: 19.27 kg
baggage is on conveyor belt-------
---------baggage detected by sensor------------- 
Baggage weighs: 21.18 kg
baggage is on conveyor belt-------
---------baggage detected by sensor------------- 
Baggage weighs: 17.16 kg
baggage is on conveyor belt-------
---------baggage detected by sensor------------- 
Baggage weighs: 20.04 kg
baggage is on conveyor belt-------
---------baggage detected by sensor------------- 
Baggage weighs: 20.91 kg
baggage is on conveyor belt-------
---------baggage detected by sensor------------- 
Baggage weighs: 20.3 kg
baggage is on conveyor belt-------
---------baggage detected by sensor------------- 
Baggage weighs: 20.38 kg
baggage is on conveyor belt-------
---------baggage detected by sensor------------- 
Baggage weighs: 16.54 kg
baggage is on conveyor belt-------
---------baggage detected by sensor------------- 
Baggage weighs: 18.87 kg
baggage is on conveyor belt-------
---------baggage detected by sensor------------- 
Baggage weighs: 20.22 kg
baggage is on conveyor belt-------
---------baggage detected by sensor------------- 
Baggage weighs: 20.75 kg
baggage is on conveyor belt-------
---------baggage detected by sensor------------- 
Baggage weighs: 17.4 kg
baggage is on conveyor belt-------
---------baggage detected by sensor------------- 
Baggage weighs: 20.27 kg
baggage is on conveyor belt-------
---------baggage detected by sensor------------- 
Baggage weighs: 17.04 kg
baggage is on conveyor belt-------
---------baggage detected by sensor------------- 
Baggage weighs: 19.84 kg
baggage is on conveyor belt-------
---------baggage detected by sensor------------- 
Baggage weighs: 17.34 kg
baggage is on conveyor belt-------
---------baggage detected by sensor------------- 
Baggage weighs: 18.75 kg
baggage is on conveyor belt-------
---------baggage detected by sensor------------- 
Baggage weighs: 19.12 kg
baggage is on conveyor belt-------
---------baggage detected by sensor------------- 
Baggage weighs: 18.29 kg
baggage is on conveyor belt-------
---------baggage detected by sensor------------- 
Baggage weighs: 17.94 kg
baggage is on conveyor belt-------
---------baggage detected by sensor------------- 
Baggage weighs: 19.09 kg
baggage is on conveyor belt-------
---------baggage detected by sensor------------- 
Baggage weighs: 22.39 kg
baggage is on conveyor belt-------
---------baggage detected by sensor------------- 
Baggage weighs: 21.23 kg
baggage is on conveyor belt-------
---------baggage detected by sensor------------- 
Baggage weighs: 17.56 kg
baggage is on conveyor belt-------
---------baggage detected by sensor------------- 
Baggage weighs: 18.37 kg
baggage is on conveyor belt-------
---------baggage detected by sensor------------- 
Baggage weighs: 21.4 kg
baggage is on conveyor belt-------
---------baggage detected by sensor------------- 
Baggage weighs: 20.25 kg
baggage is on conveyor belt-------
---------baggage detected by sensor------------- 
Baggage weighs: 23.0 kg
baggage is on conveyor belt-------
---------baggage detected by sensor------------- 
Baggage weighs: 17.01 kg
baggage is on conveyor belt-------
---------baggage detected by sensor------------- 
Baggage weighs: 17.39 kg
baggage is on conveyor belt-------
---------baggage detected by sensor------------- 
Baggage weighs: 16.7 kg
baggage is on conveyor belt-------
---------baggage detected by sensor------------- 
Baggage weighs: 16.23 kg
baggage is on conveyor belt-------
---------baggage detected by sensor------------- 
Baggage weighs: 19.13 kg
baggage is on conveyor belt-------
---------baggage detected by sensor------------- 
Baggage weighs: 21.07 kg
baggage is on conveyor belt-------
---------baggage detected by sensor------------- 
Baggage weighs: 17.87 kg
baggage is on conveyor belt-------
---------baggage detected by sensor------------- 
Baggage weighs: 19.92 kg
baggage is on conveyor belt-------
---------baggage detected by sensor------------- 
Baggage weighs: 19.22 kg
baggage is on conveyor belt-------
---------baggage detected by sensor------------- 
Baggage weighs: 21.53 kg
baggage is on conveyor belt-------
---------baggage detected by sensor------------- 
Baggage weighs: 20.29 kg
baggage is on conveyor belt-------
---------baggage detected by sensor------------- 
Baggage weighs: 19.32 kg
baggage is on conveyor belt-------
---------baggage detected by sensor------------- 
Baggage weighs: 17.25 kg
baggage is on conveyor belt-------
---------baggage detected by sensor------------- 
Baggage weighs: 21.3 kg
baggage is on conveyor belt-------
---------baggage detected by sensor------------- 
Baggage weighs: 16.79 kg
baggage is on conveyor belt-------
---------baggage detected by sensor------------- 
Baggage weighs: 19.55 kg
baggage is on conveyor belt-------
---------baggage detected by sensor------------- 
Baggage weighs: 18.88 kg
baggage is on conveyor belt-------
---------baggage detected by sensor------------- 
Baggage weighs: 22.33 kg
baggage is on conveyor belt-------
---------baggage detected by sensor------------- 
Baggage weighs: 20.62 kg
baggage is on conveyor belt-------
---------baggage detected by sensor------------- 
Baggage weighs: 19.42 kg
baggage is on conveyor belt-------
---------baggage detected by sensor------------- 
Baggage weighs: 17.54 kg
baggage is on conveyor belt-------
---------baggage detected by sensor------------- 
Baggage weighs: 21.51 kg
baggage is on conveyor belt-------
---------baggage detected by sensor------------- 
Baggage weighs: 19.46 kg
baggage is on conveyor belt-------
---------baggage detected by sensor------------- 
Baggage weighs: 17.83 kg
baggage is on conveyor belt-------
---------baggage detected by sensor------------- 
Baggage weighs: 17.75 kg
baggage is on conveyor belt-------
---------baggage detected by sensor------------- 
Baggage weighs: 17.44 kg
baggage is on conveyor belt-------
---------baggage detected by sensor------------- 
Baggage weighs: 19.53 kg
baggage is on conveyor belt-------
---------baggage detected by sensor------------- 
Baggage weighs: 17.51 kg
baggage is on conveyor belt-------
---------baggage detected by sensor------------- 
Baggage weighs: 18.2 kg
baggage is on conveyor belt-------
---------baggage detected by sensor------------- 
Baggage weighs: 21.55 kg
baggage is on conveyor belt-------
---------baggage detected by sensor------------- 
Baggage weighs: 19.67 kg
baggage is on conveyor belt-------
---------baggage detected by sensor------------- 
Baggage weighs: 19.52 kg
baggage is on conveyor belt-------
---------baggage detected by sensor------------- 
Baggage weighs: 21.06 kg
baggage is on conveyor belt-------
---------baggage detected by sensor------------- 
Baggage weighs: 17.44 kg
baggage is on conveyor belt-------
---------baggage detected by sensor------------- 
Baggage weighs: 19.21 kg
baggage is on conveyor belt-------
---------baggage detected by sensor------------- 
Baggage weighs: 21.65 kg
baggage is on conveyor belt-------
---------baggage detected by sensor------------- 
Baggage weighs: 19.64 kg
baggage is on conveyor belt-------
---------baggage detected by sensor------------- 
Baggage weighs: 21.03 kg
baggage is on conveyor belt-------
---------baggage detected by sensor------------- 
Baggage weighs: 19.76 kg
baggage is on conveyor belt-------
---------baggage detected by sensor------------- 
Baggage weighs: 21.01 kg
baggage is on conveyor belt-------
---------baggage detected by sensor------------- 
Baggage weighs: 19.11 kg
baggage is on conveyor belt-------
---------baggage detected by sensor------------- 
Baggage weighs: 18.54 kg
baggage is on conveyor belt-------
---------baggage detected by sensor------------- 
Baggage weighs: 16.86 kg
baggage is on conveyor belt-------
---------baggage detected by sensor------------- 
Baggage weighs: 16.59 kg
baggage is on conveyor belt-------
---------baggage detected by sensor------------- 
Baggage weighs: 19.26 kg
baggage is on conveyor belt-------
---------baggage detected by sensor------------- 
Baggage weighs: 18.34 kg
baggage is on conveyor belt-------
---------baggage detected by sensor------------- 
Baggage weighs: 19.09 kg
baggage is on conveyor belt-------
---------baggage detected by sensor------------- 
Baggage weighs: 22.38 kg
baggage is on conveyor belt-------
---------baggage detected by sensor------------- 
Baggage weighs: 22.12 kg
baggage is on conveyor belt-------
---------baggage detected by sensor------------- 
Baggage weighs: 16.75 kg
baggage is on conveyor belt-------
---------baggage detected by sensor------------- 
Baggage weighs: 20.36 kg
baggage is on conveyor belt-------
---------baggage detected by sensor------------- 
Baggage weighs: 20.94 kg
baggage is on conveyor belt-------
---------baggage detected by sensor------------- 
Baggage weighs: 19.8 kg
baggage is on conveyor belt-------
---------baggage detected by sensor------------- 
Baggage weighs: 19.12 kg
baggage is on conveyor belt-------
---------baggage detected by sensor------------- 
Baggage weighs: 16.93 kg
baggage is on conveyor belt-------
---------baggage detected by sensor------------- 
Baggage weighs: 20.48 kg
baggage is on conveyor belt-------
---------baggage detected by sensor------------- 
Baggage weighs: 17.63 kg
baggage is on conveyor belt-------
---------baggage detected by sensor------------- 
Baggage weighs: 19.86 kg
baggage is on conveyor belt-------
---------baggage detected by sensor------------- 
Baggage weighs: 19.4 kg
baggage is on conveyor belt-------
---------baggage detected by sensor------------- 
Baggage weighs: 19.0 kg
baggage is on conveyor belt-------
---------baggage detected by sensor------------- 
Baggage weighs: 20.5 kg
baggage is on conveyor belt-------
---------baggage detected by sensor------------- 
Baggage weighs: 21.9 kg
baggage is on conveyor belt-------
---------baggage detected by sensor------------- 
Baggage weighs: 19.82 kg
baggage is on conveyor belt-------
---------baggage detected by sensor------------- 
Baggage weighs: 18.98 kg
baggage is on conveyor belt-------
---------baggage detected by sensor------------- 
Baggage weighs: 19.28 kg
baggage is on conveyor belt-------
---------baggage detected by sensor------------- 
Baggage weighs: 18.06 kg
baggage is on conveyor belt-------
---------baggage detected by sensor------------- 
Baggage weighs: 20.2 kg
baggage is on conveyor belt-------
---------baggage detected by sensor------------- 
Baggage weighs: 19.74 kg
baggage is on conveyor belt-------
---------baggage detected by sensor------------- 
Baggage weighs: 17.44 kg
baggage is on conveyor belt-------
---------baggage detected by sensor------------- 
Baggage weighs: 19.36 kg
baggage is on conveyor belt-------
---------baggage detected by sensor------------- 
Baggage weighs: 20.4 kg
baggage is on conveyor belt-------
---------baggage detected by sensor------------- 
Baggage weighs: 18.92 kg
baggage is on conveyor belt-------
---------baggage detected by sensor------------- 
Baggage weighs: 18.48 kg
baggage is on conveyor belt-------
---------baggage detected by sensor------------- 
Baggage weighs: 17.34 kg
baggage is on conveyor belt-------
---------baggage detected by sensor------------- 
Baggage weighs: 20.57 kg
baggage is on conveyor belt-------
---------baggage detected by sensor------------- 
Baggage weighs: 17.19 kg
baggage is on conveyor belt-------
---------baggage detected by sensor------------- 
Baggage weighs: 18.25 kg
baggage is on conveyor belt-------
---------baggage detected by sensor------------- 
Baggage weighs: 19.29 kg
baggage is on conveyor belt-------
---------baggage detected by sensor------------- 
Baggage weighs: 16.86 kg
baggage is on conveyor belt-------
---------baggage detected by sensor------------- 
Baggage weighs: 19.34 kg
baggage is on conveyor belt-------
---------baggage detected by sensor------------- 
Baggage weighs: 19.32 kg
baggage is on conveyor belt-------
---------baggage detected by sensor------------- 
Baggage weighs: 18.15 kg
baggage is on conveyor belt-------
---------baggage detected by sensor------------- 
Baggage weighs: 18.98 kg
baggage is on conveyor belt-------
---------baggage detected by sensor------------- 
Baggage weighs: 21.84 kg
baggage is on conveyor belt-------
---------baggage detected by sensor------------- 
Baggage weighs: 20.53 kg
baggage is on conveyor belt-------
---------baggage detected by sensor------------- 
Baggage weighs: 20.62 kg
baggage is on conveyor belt-------
---------baggage detected by sensor------------- 
Baggage weighs: 20.7 kg
baggage is on conveyor belt-------
---------baggage detected by sensor------------- 
Baggage weighs: 19.64 kg
baggage is on conveyor belt-------
---------baggage detected by sensor------------- 
Baggage weighs: 16.11 kg
baggage is on conveyor belt-------
---------baggage detected by sensor------------- 
Baggage weighs: 22.24 kg
baggage is on conveyor belt-------
---------baggage detected by sensor------------- 
Baggage weighs: 21.47 kg
baggage is on conveyor belt-------
---------baggage detected by sensor------------- 
Baggage weighs: 20.73 kg
baggage is on conveyor belt-------
---------baggage detected by sensor------------- 
Baggage weighs: 19.51 kg
baggage is on conveyor belt-------
---------baggage detected by sensor------------- 
Baggage weighs: 20.11 kg
baggage is on conveyor belt-------
---------baggage detected by sensor------------- 
Baggage weighs: 20.36 kg
baggage is on conveyor belt-------
---------baggage detected by sensor------------- 
Baggage weighs: 18.84 kg
baggage is on conveyor belt-------
---------baggage detected by sensor------------- 
Baggage weighs: 22.61 kg
baggage is on conveyor belt-------
---------baggage detected by sensor------------- 
Baggage weighs: 20.07 kg
baggage is on conveyor belt-------
---------baggage detected by sensor------------- 
Baggage weighs: 20.28 kg
baggage is on conveyor belt-------
---------baggage detected by sensor------------- 
Baggage weighs: 17.9 kg
baggage is on conveyor belt-------
---------baggage detected by sensor------------- 
Baggage weighs: 18.13 kg
baggage is on conveyor belt-------
---------baggage detected by sensor------------- 
Baggage weighs: 18.32 kg
baggage is on conveyor belt-------
---------baggage detected by sensor------------- 
Baggage weighs: 19.3 kg
baggage is on conveyor belt-------
---------baggage detected by sensor------------- 
Baggage weighs: 21.34 kg
baggage is on conveyor belt-------
---------baggage detected by sensor------------- 
Baggage weighs: 19.74 kg
baggage is on conveyor belt-------
---------baggage detected by sensor------------- 
Baggage weighs: 18.46 kg
baggage is on conveyor belt-------
---------baggage detected by sensor------------- 
Baggage weighs: 19.49 kg
baggage is on conveyor belt-------
---------baggage detected by sensor------------- 
Baggage weighs: 17.97 kg
baggage is on conveyor belt-------
---------baggage detected by sensor------------- 
Baggage weighs: 21.32 kg
baggage is on conveyor belt-------
---------baggage detected by sensor------------- 
Baggage weighs: 16.41 kg
baggage is on conveyor belt-------
---------baggage detected by sensor------------- 
Baggage weighs: 16.36 kg
baggage is on conveyor belt-------
---------baggage detected by sensor------------- 
Baggage weighs: 16.24 kg
baggage is on conveyor belt-------
---------baggage detected by sensor------------- 
Baggage weighs: 16.65 kg
baggage is on conveyor belt-------
---------baggage detected by sensor------------- 
Baggage weighs: 20.17 kg
baggage is on conveyor belt-------
---------baggage detected by sensor------------- 
Baggage weighs: 21.08 kg
baggage is on conveyor belt-------
---------baggage detected by sensor------------- 
Baggage weighs: 18.0 kg
baggage is on conveyor belt-------
---------baggage detected by sensor------------- 
Baggage weighs: 17.49 kg
baggage is on conveyor belt-------
---------baggage detected by sensor------------- 
Baggage weighs: 19.3 kg
baggage is on conveyor belt-------
---------baggage detected by sensor------------- 
Baggage weighs: 18.34 kg
baggage is on conveyor belt-------
---------baggage detected by sensor------------- 
Baggage weighs: 19.57 kg
baggage is on conveyor belt-------
---------baggage detected by sensor------------- 
Baggage weighs: 18.99 kg
baggage is on conveyor belt-------
---------baggage detected by sensor------------- 
Baggage weighs: 20.13 kg
baggage is on conveyor belt-------
---------baggage detected by sensor------------- 
Baggage weighs: 21.59 kg
baggage is on conveyor belt-------
---------baggage detected by sensor------------- 
Baggage weighs: 17.75 kg
baggage is on conveyor belt-------
---------baggage detected by sensor------------- 
Baggage weighs: 18.88 kg
baggage is on conveyor belt-------
---------baggage detected by sensor------------- 
Baggage weighs: 17.64 kg
baggage is on conveyor belt-------
---------baggage detected by sensor------------- 
Baggage weighs: 17.28 kg
Seat with ID: 36K has been reserved for you!

BOARDING PASS FOR KRISTINE CHRISTENSEN
-----------------------------------------------------------------------------
LUFTHANSA                      1k8duusvra980b3 /  Kristine Christensen
Kristine Christensen                                     /  1k8duusvra980b3
FRA   LH2121   E  30.Oct                       /  FRA
HKG                                            /  HKG
SEAT ID: 36K                                   /  LH2121 E 30.Oct
SEQ: 197                                      / GATE: A05   22:00
MAX 1  HANDLUGGAGE/ LUGGAGE
-----------------------------------------------------------------------------
sorry Kristine Christensen we have no voucher for you! Have a nice day!

---------------------------------------------------------------------------------------------------------------
scanning passport with passport id: CD2VTZ0EV
searching for ticket in fast bag drop database..............
Ticket found for Mabel Richardson and Flight LH2121
----searching flight seat for Mabel Richardson---------
Found a seat with ID 37A
Below details were found in database
------------------------------------------
Name: Mabel Richardson
Flight ID: LH2121
Source: FRA
Destination: HKG
Gate No: A05
Boarding time: 22:00
Ticket ID: zjssxj4ql23b1vn
Booking Class: E
------------------------------------------

Proceed with check-in for flight LH2121 ?
Type YES to CHECK-IN or NO to cancel CHECK-IN
Mabel Richardson is deciding whether to check-in or to go back home and sleep............
YES CHECK-IN
Checking you in...............
baggage is on conveyor belt-------
---------baggage detected by sensor------------- 
Baggage weighs: 21.58 kg
baggage is on conveyor belt-------
---------baggage detected by sensor------------- 
Baggage weighs: 20.43 kg
baggage is on conveyor belt-------
---------baggage detected by sensor------------- 
Baggage weighs: 18.47 kg
baggage is on conveyor belt-------
---------baggage detected by sensor------------- 
Baggage weighs: 17.86 kg
baggage is on conveyor belt-------
---------baggage detected by sensor------------- 
Baggage weighs: 18.65 kg
baggage is on conveyor belt-------
---------baggage detected by sensor------------- 
Baggage weighs: 19.27 kg
baggage is on conveyor belt-------
---------baggage detected by sensor------------- 
Baggage weighs: 17.42 kg
baggage is on conveyor belt-------
---------baggage detected by sensor------------- 
Baggage weighs: 19.16 kg
baggage is on conveyor belt-------
---------baggage detected by sensor------------- 
Baggage weighs: 19.52 kg
baggage is on conveyor belt-------
---------baggage detected by sensor------------- 
Baggage weighs: 17.51 kg
baggage is on conveyor belt-------
---------baggage detected by sensor------------- 
Baggage weighs: 17.38 kg
baggage is on conveyor belt-------
---------baggage detected by sensor------------- 
Baggage weighs: 18.67 kg
baggage is on conveyor belt-------
---------baggage detected by sensor------------- 
Baggage weighs: 16.98 kg
baggage is on conveyor belt-------
---------baggage detected by sensor------------- 
Baggage weighs: 21.26 kg
baggage is on conveyor belt-------
---------baggage detected by sensor------------- 
Baggage weighs: 18.3 kg
baggage is on conveyor belt-------
---------baggage detected by sensor------------- 
Baggage weighs: 16.81 kg
baggage is on conveyor belt-------
---------baggage detected by sensor------------- 
Baggage weighs: 20.91 kg
baggage is on conveyor belt-------
---------baggage detected by sensor------------- 
Baggage weighs: 21.21 kg
baggage is on conveyor belt-------
---------baggage detected by sensor------------- 
Baggage weighs: 19.69 kg
baggage is on conveyor belt-------
---------baggage detected by sensor------------- 
Baggage weighs: 18.67 kg
baggage is on conveyor belt-------
---------baggage detected by sensor------------- 
Baggage weighs: 19.12 kg
baggage is on conveyor belt-------
---------baggage detected by sensor------------- 
Baggage weighs: 16.42 kg
baggage is on conveyor belt-------
---------baggage detected by sensor------------- 
Baggage weighs: 19.17 kg
baggage is on conveyor belt-------
---------baggage detected by sensor------------- 
Baggage weighs: 19.0 kg
baggage is on conveyor belt-------
---------baggage detected by sensor------------- 
Baggage weighs: 18.78 kg
baggage is on conveyor belt-------
---------baggage detected by sensor------------- 
Baggage weighs: 20.31 kg
baggage is on conveyor belt-------
---------baggage detected by sensor------------- 
Baggage weighs: 21.25 kg
baggage is on conveyor belt-------
---------baggage detected by sensor------------- 
Baggage weighs: 18.87 kg
baggage is on conveyor belt-------
---------baggage detected by sensor------------- 
Baggage weighs: 16.25 kg
baggage is on conveyor belt-------
---------baggage detected by sensor------------- 
Baggage weighs: 19.94 kg
baggage is on conveyor belt-------
---------baggage detected by sensor------------- 
Baggage weighs: 16.88 kg
baggage is on conveyor belt-------
---------baggage detected by sensor------------- 
Baggage weighs: 18.24 kg
baggage is on conveyor belt-------
---------baggage detected by sensor------------- 
Baggage weighs: 17.16 kg
baggage is on conveyor belt-------
---------baggage detected by sensor------------- 
Baggage weighs: 19.34 kg
baggage is on conveyor belt-------
---------baggage detected by sensor------------- 
Baggage weighs: 22.41 kg
baggage is on conveyor belt-------
---------baggage detected by sensor------------- 
Baggage weighs: 20.47 kg
baggage is on conveyor belt-------
---------baggage detected by sensor------------- 
Baggage weighs: 18.81 kg
baggage is on conveyor belt-------
---------baggage detected by sensor------------- 
Baggage weighs: 18.56 kg
baggage is on conveyor belt-------
---------baggage detected by sensor------------- 
Baggage weighs: 17.77 kg
baggage is on conveyor belt-------
---------baggage detected by sensor------------- 
Baggage weighs: 19.32 kg
baggage is on conveyor belt-------
---------baggage detected by sensor------------- 
Baggage weighs: 19.21 kg
baggage is on conveyor belt-------
---------baggage detected by sensor------------- 
Baggage weighs: 19.13 kg
baggage is on conveyor belt-------
---------baggage detected by sensor------------- 
Baggage weighs: 20.39 kg
baggage is on conveyor belt-------
---------baggage detected by sensor------------- 
Baggage weighs: 21.03 kg
baggage is on conveyor belt-------
---------baggage detected by sensor------------- 
Baggage weighs: 20.05 kg
baggage is on conveyor belt-------
---------baggage detected by sensor------------- 
Baggage weighs: 21.92 kg
baggage is on conveyor belt-------
---------baggage detected by sensor------------- 
Baggage weighs: 19.37 kg
baggage is on conveyor belt-------
---------baggage detected by sensor------------- 
Baggage weighs: 20.35 kg
baggage is on conveyor belt-------
---------baggage detected by sensor------------- 
Baggage weighs: 18.73 kg
baggage is on conveyor belt-------
---------baggage detected by sensor------------- 
Baggage weighs: 20.33 kg
baggage is on conveyor belt-------
---------baggage detected by sensor------------- 
Baggage weighs: 22.01 kg
baggage is on conveyor belt-------
---------baggage detected by sensor------------- 
Baggage weighs: 19.27 kg
baggage is on conveyor belt-------
---------baggage detected by sensor------------- 
Baggage weighs: 21.18 kg
baggage is on conveyor belt-------
---------baggage detected by sensor------------- 
Baggage weighs: 17.16 kg
baggage is on conveyor belt-------
---------baggage detected by sensor------------- 
Baggage weighs: 20.04 kg
baggage is on conveyor belt-------
---------baggage detected by sensor------------- 
Baggage weighs: 20.91 kg
baggage is on conveyor belt-------
---------baggage detected by sensor------------- 
Baggage weighs: 20.3 kg
baggage is on conveyor belt-------
---------baggage detected by sensor------------- 
Baggage weighs: 20.38 kg
baggage is on conveyor belt-------
---------baggage detected by sensor------------- 
Baggage weighs: 16.54 kg
baggage is on conveyor belt-------
---------baggage detected by sensor------------- 
Baggage weighs: 18.87 kg
baggage is on conveyor belt-------
---------baggage detected by sensor------------- 
Baggage weighs: 20.22 kg
baggage is on conveyor belt-------
---------baggage detected by sensor------------- 
Baggage weighs: 20.75 kg
baggage is on conveyor belt-------
---------baggage detected by sensor------------- 
Baggage weighs: 17.4 kg
baggage is on conveyor belt-------
---------baggage detected by sensor------------- 
Baggage weighs: 20.27 kg
baggage is on conveyor belt-------
---------baggage detected by sensor------------- 
Baggage weighs: 17.04 kg
baggage is on conveyor belt-------
---------baggage detected by sensor------------- 
Baggage weighs: 19.84 kg
baggage is on conveyor belt-------
---------baggage detected by sensor------------- 
Baggage weighs: 17.34 kg
baggage is on conveyor belt-------
---------baggage detected by sensor------------- 
Baggage weighs: 18.75 kg
baggage is on conveyor belt-------
---------baggage detected by sensor------------- 
Baggage weighs: 19.12 kg
baggage is on conveyor belt-------
---------baggage detected by sensor------------- 
Baggage weighs: 18.29 kg
baggage is on conveyor belt-------
---------baggage detected by sensor------------- 
Baggage weighs: 17.94 kg
baggage is on conveyor belt-------
---------baggage detected by sensor------------- 
Baggage weighs: 19.09 kg
baggage is on conveyor belt-------
---------baggage detected by sensor------------- 
Baggage weighs: 22.39 kg
baggage is on conveyor belt-------
---------baggage detected by sensor------------- 
Baggage weighs: 21.23 kg
baggage is on conveyor belt-------
---------baggage detected by sensor------------- 
Baggage weighs: 17.56 kg
baggage is on conveyor belt-------
---------baggage detected by sensor------------- 
Baggage weighs: 18.37 kg
baggage is on conveyor belt-------
---------baggage detected by sensor------------- 
Baggage weighs: 21.4 kg
baggage is on conveyor belt-------
---------baggage detected by sensor------------- 
Baggage weighs: 20.25 kg
baggage is on conveyor belt-------
---------baggage detected by sensor------------- 
Baggage weighs: 23.0 kg
baggage is on conveyor belt-------
---------baggage detected by sensor------------- 
Baggage weighs: 17.01 kg
baggage is on conveyor belt-------
---------baggage detected by sensor------------- 
Baggage weighs: 17.39 kg
baggage is on conveyor belt-------
---------baggage detected by sensor------------- 
Baggage weighs: 16.7 kg
baggage is on conveyor belt-------
---------baggage detected by sensor------------- 
Baggage weighs: 16.23 kg
baggage is on conveyor belt-------
---------baggage detected by sensor------------- 
Baggage weighs: 19.13 kg
baggage is on conveyor belt-------
---------baggage detected by sensor------------- 
Baggage weighs: 21.07 kg
baggage is on conveyor belt-------
---------baggage detected by sensor------------- 
Baggage weighs: 17.87 kg
baggage is on conveyor belt-------
---------baggage detected by sensor------------- 
Baggage weighs: 19.92 kg
baggage is on conveyor belt-------
---------baggage detected by sensor------------- 
Baggage weighs: 19.22 kg
baggage is on conveyor belt-------
---------baggage detected by sensor------------- 
Baggage weighs: 21.53 kg
baggage is on conveyor belt-------
---------baggage detected by sensor------------- 
Baggage weighs: 20.29 kg
baggage is on conveyor belt-------
---------baggage detected by sensor------------- 
Baggage weighs: 19.32 kg
baggage is on conveyor belt-------
---------baggage detected by sensor------------- 
Baggage weighs: 17.25 kg
baggage is on conveyor belt-------
---------baggage detected by sensor------------- 
Baggage weighs: 21.3 kg
baggage is on conveyor belt-------
---------baggage detected by sensor------------- 
Baggage weighs: 16.79 kg
baggage is on conveyor belt-------
---------baggage detected by sensor------------- 
Baggage weighs: 19.55 kg
baggage is on conveyor belt-------
---------baggage detected by sensor------------- 
Baggage weighs: 18.88 kg
baggage is on conveyor belt-------
---------baggage detected by sensor------------- 
Baggage weighs: 22.33 kg
baggage is on conveyor belt-------
---------baggage detected by sensor------------- 
Baggage weighs: 20.62 kg
baggage is on conveyor belt-------
---------baggage detected by sensor------------- 
Baggage weighs: 19.42 kg
baggage is on conveyor belt-------
---------baggage detected by sensor------------- 
Baggage weighs: 17.54 kg
baggage is on conveyor belt-------
---------baggage detected by sensor------------- 
Baggage weighs: 21.51 kg
baggage is on conveyor belt-------
---------baggage detected by sensor------------- 
Baggage weighs: 19.46 kg
baggage is on conveyor belt-------
---------baggage detected by sensor------------- 
Baggage weighs: 17.83 kg
baggage is on conveyor belt-------
---------baggage detected by sensor------------- 
Baggage weighs: 17.75 kg
baggage is on conveyor belt-------
---------baggage detected by sensor------------- 
Baggage weighs: 17.44 kg
baggage is on conveyor belt-------
---------baggage detected by sensor------------- 
Baggage weighs: 19.53 kg
baggage is on conveyor belt-------
---------baggage detected by sensor------------- 
Baggage weighs: 17.51 kg
baggage is on conveyor belt-------
---------baggage detected by sensor------------- 
Baggage weighs: 18.2 kg
baggage is on conveyor belt-------
---------baggage detected by sensor------------- 
Baggage weighs: 21.55 kg
baggage is on conveyor belt-------
---------baggage detected by sensor------------- 
Baggage weighs: 19.67 kg
baggage is on conveyor belt-------
---------baggage detected by sensor------------- 
Baggage weighs: 19.52 kg
baggage is on conveyor belt-------
---------baggage detected by sensor------------- 
Baggage weighs: 21.06 kg
baggage is on conveyor belt-------
---------baggage detected by sensor------------- 
Baggage weighs: 17.44 kg
baggage is on conveyor belt-------
---------baggage detected by sensor------------- 
Baggage weighs: 19.21 kg
baggage is on conveyor belt-------
---------baggage detected by sensor------------- 
Baggage weighs: 21.65 kg
baggage is on conveyor belt-------
---------baggage detected by sensor------------- 
Baggage weighs: 19.64 kg
baggage is on conveyor belt-------
---------baggage detected by sensor------------- 
Baggage weighs: 21.03 kg
baggage is on conveyor belt-------
---------baggage detected by sensor------------- 
Baggage weighs: 19.76 kg
baggage is on conveyor belt-------
---------baggage detected by sensor------------- 
Baggage weighs: 21.01 kg
baggage is on conveyor belt-------
---------baggage detected by sensor------------- 
Baggage weighs: 19.11 kg
baggage is on conveyor belt-------
---------baggage detected by sensor------------- 
Baggage weighs: 18.54 kg
baggage is on conveyor belt-------
---------baggage detected by sensor------------- 
Baggage weighs: 16.86 kg
baggage is on conveyor belt-------
---------baggage detected by sensor------------- 
Baggage weighs: 16.59 kg
baggage is on conveyor belt-------
---------baggage detected by sensor------------- 
Baggage weighs: 19.26 kg
baggage is on conveyor belt-------
---------baggage detected by sensor------------- 
Baggage weighs: 18.34 kg
baggage is on conveyor belt-------
---------baggage detected by sensor------------- 
Baggage weighs: 19.09 kg
baggage is on conveyor belt-------
---------baggage detected by sensor------------- 
Baggage weighs: 22.38 kg
baggage is on conveyor belt-------
---------baggage detected by sensor------------- 
Baggage weighs: 22.12 kg
baggage is on conveyor belt-------
---------baggage detected by sensor------------- 
Baggage weighs: 16.75 kg
baggage is on conveyor belt-------
---------baggage detected by sensor------------- 
Baggage weighs: 20.36 kg
baggage is on conveyor belt-------
---------baggage detected by sensor------------- 
Baggage weighs: 20.94 kg
baggage is on conveyor belt-------
---------baggage detected by sensor------------- 
Baggage weighs: 19.8 kg
baggage is on conveyor belt-------
---------baggage detected by sensor------------- 
Baggage weighs: 19.12 kg
baggage is on conveyor belt-------
---------baggage detected by sensor------------- 
Baggage weighs: 16.93 kg
baggage is on conveyor belt-------
---------baggage detected by sensor------------- 
Baggage weighs: 20.48 kg
baggage is on conveyor belt-------
---------baggage detected by sensor------------- 
Baggage weighs: 17.63 kg
baggage is on conveyor belt-------
---------baggage detected by sensor------------- 
Baggage weighs: 19.86 kg
baggage is on conveyor belt-------
---------baggage detected by sensor------------- 
Baggage weighs: 19.4 kg
baggage is on conveyor belt-------
---------baggage detected by sensor------------- 
Baggage weighs: 19.0 kg
baggage is on conveyor belt-------
---------baggage detected by sensor------------- 
Baggage weighs: 20.5 kg
baggage is on conveyor belt-------
---------baggage detected by sensor------------- 
Baggage weighs: 21.9 kg
baggage is on conveyor belt-------
---------baggage detected by sensor------------- 
Baggage weighs: 19.82 kg
baggage is on conveyor belt-------
---------baggage detected by sensor------------- 
Baggage weighs: 18.98 kg
baggage is on conveyor belt-------
---------baggage detected by sensor------------- 
Baggage weighs: 19.28 kg
baggage is on conveyor belt-------
---------baggage detected by sensor------------- 
Baggage weighs: 18.06 kg
baggage is on conveyor belt-------
---------baggage detected by sensor------------- 
Baggage weighs: 20.2 kg
baggage is on conveyor belt-------
---------baggage detected by sensor------------- 
Baggage weighs: 19.74 kg
baggage is on conveyor belt-------
---------baggage detected by sensor------------- 
Baggage weighs: 17.44 kg
baggage is on conveyor belt-------
---------baggage detected by sensor------------- 
Baggage weighs: 19.36 kg
baggage is on conveyor belt-------
---------baggage detected by sensor------------- 
Baggage weighs: 20.4 kg
baggage is on conveyor belt-------
---------baggage detected by sensor------------- 
Baggage weighs: 18.92 kg
baggage is on conveyor belt-------
---------baggage detected by sensor------------- 
Baggage weighs: 18.48 kg
baggage is on conveyor belt-------
---------baggage detected by sensor------------- 
Baggage weighs: 17.34 kg
baggage is on conveyor belt-------
---------baggage detected by sensor------------- 
Baggage weighs: 20.57 kg
baggage is on conveyor belt-------
---------baggage detected by sensor------------- 
Baggage weighs: 17.19 kg
baggage is on conveyor belt-------
---------baggage detected by sensor------------- 
Baggage weighs: 18.25 kg
baggage is on conveyor belt-------
---------baggage detected by sensor------------- 
Baggage weighs: 19.29 kg
baggage is on conveyor belt-------
---------baggage detected by sensor------------- 
Baggage weighs: 16.86 kg
baggage is on conveyor belt-------
---------baggage detected by sensor------------- 
Baggage weighs: 19.34 kg
baggage is on conveyor belt-------
---------baggage detected by sensor------------- 
Baggage weighs: 19.32 kg
baggage is on conveyor belt-------
---------baggage detected by sensor------------- 
Baggage weighs: 18.15 kg
baggage is on conveyor belt-------
---------baggage detected by sensor------------- 
Baggage weighs: 18.98 kg
baggage is on conveyor belt-------
---------baggage detected by sensor------------- 
Baggage weighs: 21.84 kg
baggage is on conveyor belt-------
---------baggage detected by sensor------------- 
Baggage weighs: 20.53 kg
baggage is on conveyor belt-------
---------baggage detected by sensor------------- 
Baggage weighs: 20.62 kg
baggage is on conveyor belt-------
---------baggage detected by sensor------------- 
Baggage weighs: 20.7 kg
baggage is on conveyor belt-------
---------baggage detected by sensor------------- 
Baggage weighs: 19.64 kg
baggage is on conveyor belt-------
---------baggage detected by sensor------------- 
Baggage weighs: 16.11 kg
baggage is on conveyor belt-------
---------baggage detected by sensor------------- 
Baggage weighs: 22.24 kg
baggage is on conveyor belt-------
---------baggage detected by sensor------------- 
Baggage weighs: 21.47 kg
baggage is on conveyor belt-------
---------baggage detected by sensor------------- 
Baggage weighs: 20.73 kg
baggage is on conveyor belt-------
---------baggage detected by sensor------------- 
Baggage weighs: 19.51 kg
baggage is on conveyor belt-------
---------baggage detected by sensor------------- 
Baggage weighs: 20.11 kg
baggage is on conveyor belt-------
---------baggage detected by sensor------------- 
Baggage weighs: 20.36 kg
baggage is on conveyor belt-------
---------baggage detected by sensor------------- 
Baggage weighs: 18.84 kg
baggage is on conveyor belt-------
---------baggage detected by sensor------------- 
Baggage weighs: 22.61 kg
baggage is on conveyor belt-------
---------baggage detected by sensor------------- 
Baggage weighs: 20.07 kg
baggage is on conveyor belt-------
---------baggage detected by sensor------------- 
Baggage weighs: 20.28 kg
baggage is on conveyor belt-------
---------baggage detected by sensor------------- 
Baggage weighs: 17.9 kg
baggage is on conveyor belt-------
---------baggage detected by sensor------------- 
Baggage weighs: 18.13 kg
baggage is on conveyor belt-------
---------baggage detected by sensor------------- 
Baggage weighs: 18.32 kg
baggage is on conveyor belt-------
---------baggage detected by sensor------------- 
Baggage weighs: 19.3 kg
baggage is on conveyor belt-------
---------baggage detected by sensor------------- 
Baggage weighs: 21.34 kg
baggage is on conveyor belt-------
---------baggage detected by sensor------------- 
Baggage weighs: 19.74 kg
baggage is on conveyor belt-------
---------baggage detected by sensor------------- 
Baggage weighs: 18.46 kg
baggage is on conveyor belt-------
---------baggage detected by sensor------------- 
Baggage weighs: 19.49 kg
baggage is on conveyor belt-------
---------baggage detected by sensor------------- 
Baggage weighs: 17.97 kg
baggage is on conveyor belt-------
---------baggage detected by sensor------------- 
Baggage weighs: 21.32 kg
baggage is on conveyor belt-------
---------baggage detected by sensor------------- 
Baggage weighs: 16.41 kg
baggage is on conveyor belt-------
---------baggage detected by sensor------------- 
Baggage weighs: 16.36 kg
baggage is on conveyor belt-------
---------baggage detected by sensor------------- 
Baggage weighs: 16.24 kg
baggage is on conveyor belt-------
---------baggage detected by sensor------------- 
Baggage weighs: 16.65 kg
baggage is on conveyor belt-------
---------baggage detected by sensor------------- 
Baggage weighs: 20.17 kg
baggage is on conveyor belt-------
---------baggage detected by sensor------------- 
Baggage weighs: 21.08 kg
baggage is on conveyor belt-------
---------baggage detected by sensor------------- 
Baggage weighs: 18.0 kg
baggage is on conveyor belt-------
---------baggage detected by sensor------------- 
Baggage weighs: 17.49 kg
baggage is on conveyor belt-------
---------baggage detected by sensor------------- 
Baggage weighs: 19.3 kg
baggage is on conveyor belt-------
---------baggage detected by sensor------------- 
Baggage weighs: 18.34 kg
baggage is on conveyor belt-------
---------baggage detected by sensor------------- 
Baggage weighs: 19.57 kg
baggage is on conveyor belt-------
---------baggage detected by sensor------------- 
Baggage weighs: 18.99 kg
baggage is on conveyor belt-------
---------baggage detected by sensor------------- 
Baggage weighs: 20.13 kg
baggage is on conveyor belt-------
---------baggage detected by sensor------------- 
Baggage weighs: 21.59 kg
baggage is on conveyor belt-------
---------baggage detected by sensor------------- 
Baggage weighs: 17.75 kg
baggage is on conveyor belt-------
---------baggage detected by sensor------------- 
Baggage weighs: 18.88 kg
baggage is on conveyor belt-------
---------baggage detected by sensor------------- 
Baggage weighs: 17.64 kg
baggage is on conveyor belt-------
---------baggage detected by sensor------------- 
Baggage weighs: 17.28 kg
baggage is on conveyor belt-------
---------baggage detected by sensor------------- 
Baggage weighs: 19.89 kg
Seat with ID: 37A has been reserved for you!

BOARDING PASS FOR MABEL RICHARDSON
-----------------------------------------------------------------------------
LUFTHANSA                      zjssxj4ql23b1vn /  Mabel Richardson
Mabel Richardson                                     /  zjssxj4ql23b1vn
FRA   LH2121   E  30.Oct                       /  FRA
HKG                                            /  HKG
SEAT ID: 37A                                   /  LH2121 E 30.Oct
SEQ: 198                                      / GATE: A05   22:00
MAX 1  HANDLUGGAGE/ LUGGAGE
-----------------------------------------------------------------------------
sorry Mabel Richardson we have no voucher for you! Have a nice day!

---------------------------------------------------------------------------------------------------------------
scanning passport with passport id: L6RI6J4Z2
searching for ticket in fast bag drop database..............
Ticket found for Garry Barnett and Flight LH2121
----searching flight seat for Garry Barnett---------
Found a seat with ID 37B
Below details were found in database
------------------------------------------
Name: Garry Barnett
Flight ID: LH2121
Source: FRA
Destination: HKG
Gate No: A05
Boarding time: 22:00
Ticket ID: lcmajb2y8csk3x2
Booking Class: E
------------------------------------------

Proceed with check-in for flight LH2121 ?
Type YES to CHECK-IN or NO to cancel CHECK-IN
Garry Barnett is deciding whether to check-in or to go back home and sleep............
YES CHECK-IN
Checking you in...............
baggage is on conveyor belt-------
---------baggage detected by sensor------------- 
Baggage weighs: 21.58 kg
baggage is on conveyor belt-------
---------baggage detected by sensor------------- 
Baggage weighs: 20.43 kg
baggage is on conveyor belt-------
---------baggage detected by sensor------------- 
Baggage weighs: 18.47 kg
baggage is on conveyor belt-------
---------baggage detected by sensor------------- 
Baggage weighs: 17.86 kg
baggage is on conveyor belt-------
---------baggage detected by sensor------------- 
Baggage weighs: 18.65 kg
baggage is on conveyor belt-------
---------baggage detected by sensor------------- 
Baggage weighs: 19.27 kg
baggage is on conveyor belt-------
---------baggage detected by sensor------------- 
Baggage weighs: 17.42 kg
baggage is on conveyor belt-------
---------baggage detected by sensor------------- 
Baggage weighs: 19.16 kg
baggage is on conveyor belt-------
---------baggage detected by sensor------------- 
Baggage weighs: 19.52 kg
baggage is on conveyor belt-------
---------baggage detected by sensor------------- 
Baggage weighs: 17.51 kg
baggage is on conveyor belt-------
---------baggage detected by sensor------------- 
Baggage weighs: 17.38 kg
baggage is on conveyor belt-------
---------baggage detected by sensor------------- 
Baggage weighs: 18.67 kg
baggage is on conveyor belt-------
---------baggage detected by sensor------------- 
Baggage weighs: 16.98 kg
baggage is on conveyor belt-------
---------baggage detected by sensor------------- 
Baggage weighs: 21.26 kg
baggage is on conveyor belt-------
---------baggage detected by sensor------------- 
Baggage weighs: 18.3 kg
baggage is on conveyor belt-------
---------baggage detected by sensor------------- 
Baggage weighs: 16.81 kg
baggage is on conveyor belt-------
---------baggage detected by sensor------------- 
Baggage weighs: 20.91 kg
baggage is on conveyor belt-------
---------baggage detected by sensor------------- 
Baggage weighs: 21.21 kg
baggage is on conveyor belt-------
---------baggage detected by sensor------------- 
Baggage weighs: 19.69 kg
baggage is on conveyor belt-------
---------baggage detected by sensor------------- 
Baggage weighs: 18.67 kg
baggage is on conveyor belt-------
---------baggage detected by sensor------------- 
Baggage weighs: 19.12 kg
baggage is on conveyor belt-------
---------baggage detected by sensor------------- 
Baggage weighs: 16.42 kg
baggage is on conveyor belt-------
---------baggage detected by sensor------------- 
Baggage weighs: 19.17 kg
baggage is on conveyor belt-------
---------baggage detected by sensor------------- 
Baggage weighs: 19.0 kg
baggage is on conveyor belt-------
---------baggage detected by sensor------------- 
Baggage weighs: 18.78 kg
baggage is on conveyor belt-------
---------baggage detected by sensor------------- 
Baggage weighs: 20.31 kg
baggage is on conveyor belt-------
---------baggage detected by sensor------------- 
Baggage weighs: 21.25 kg
baggage is on conveyor belt-------
---------baggage detected by sensor------------- 
Baggage weighs: 18.87 kg
baggage is on conveyor belt-------
---------baggage detected by sensor------------- 
Baggage weighs: 16.25 kg
baggage is on conveyor belt-------
---------baggage detected by sensor------------- 
Baggage weighs: 19.94 kg
baggage is on conveyor belt-------
---------baggage detected by sensor------------- 
Baggage weighs: 16.88 kg
baggage is on conveyor belt-------
---------baggage detected by sensor------------- 
Baggage weighs: 18.24 kg
baggage is on conveyor belt-------
---------baggage detected by sensor------------- 
Baggage weighs: 17.16 kg
baggage is on conveyor belt-------
---------baggage detected by sensor------------- 
Baggage weighs: 19.34 kg
baggage is on conveyor belt-------
---------baggage detected by sensor------------- 
Baggage weighs: 22.41 kg
baggage is on conveyor belt-------
---------baggage detected by sensor------------- 
Baggage weighs: 20.47 kg
baggage is on conveyor belt-------
---------baggage detected by sensor------------- 
Baggage weighs: 18.81 kg
baggage is on conveyor belt-------
---------baggage detected by sensor------------- 
Baggage weighs: 18.56 kg
baggage is on conveyor belt-------
---------baggage detected by sensor------------- 
Baggage weighs: 17.77 kg
baggage is on conveyor belt-------
---------baggage detected by sensor------------- 
Baggage weighs: 19.32 kg
baggage is on conveyor belt-------
---------baggage detected by sensor------------- 
Baggage weighs: 19.21 kg
baggage is on conveyor belt-------
---------baggage detected by sensor------------- 
Baggage weighs: 19.13 kg
baggage is on conveyor belt-------
---------baggage detected by sensor------------- 
Baggage weighs: 20.39 kg
baggage is on conveyor belt-------
---------baggage detected by sensor------------- 
Baggage weighs: 21.03 kg
baggage is on conveyor belt-------
---------baggage detected by sensor------------- 
Baggage weighs: 20.05 kg
baggage is on conveyor belt-------
---------baggage detected by sensor------------- 
Baggage weighs: 21.92 kg
baggage is on conveyor belt-------
---------baggage detected by sensor------------- 
Baggage weighs: 19.37 kg
baggage is on conveyor belt-------
---------baggage detected by sensor------------- 
Baggage weighs: 20.35 kg
baggage is on conveyor belt-------
---------baggage detected by sensor------------- 
Baggage weighs: 18.73 kg
baggage is on conveyor belt-------
---------baggage detected by sensor------------- 
Baggage weighs: 20.33 kg
baggage is on conveyor belt-------
---------baggage detected by sensor------------- 
Baggage weighs: 22.01 kg
baggage is on conveyor belt-------
---------baggage detected by sensor------------- 
Baggage weighs: 19.27 kg
baggage is on conveyor belt-------
---------baggage detected by sensor------------- 
Baggage weighs: 21.18 kg
baggage is on conveyor belt-------
---------baggage detected by sensor------------- 
Baggage weighs: 17.16 kg
baggage is on conveyor belt-------
---------baggage detected by sensor------------- 
Baggage weighs: 20.04 kg
baggage is on conveyor belt-------
---------baggage detected by sensor------------- 
Baggage weighs: 20.91 kg
baggage is on conveyor belt-------
---------baggage detected by sensor------------- 
Baggage weighs: 20.3 kg
baggage is on conveyor belt-------
---------baggage detected by sensor------------- 
Baggage weighs: 20.38 kg
baggage is on conveyor belt-------
---------baggage detected by sensor------------- 
Baggage weighs: 16.54 kg
baggage is on conveyor belt-------
---------baggage detected by sensor------------- 
Baggage weighs: 18.87 kg
baggage is on conveyor belt-------
---------baggage detected by sensor------------- 
Baggage weighs: 20.22 kg
baggage is on conveyor belt-------
---------baggage detected by sensor------------- 
Baggage weighs: 20.75 kg
baggage is on conveyor belt-------
---------baggage detected by sensor------------- 
Baggage weighs: 17.4 kg
baggage is on conveyor belt-------
---------baggage detected by sensor------------- 
Baggage weighs: 20.27 kg
baggage is on conveyor belt-------
---------baggage detected by sensor------------- 
Baggage weighs: 17.04 kg
baggage is on conveyor belt-------
---------baggage detected by sensor------------- 
Baggage weighs: 19.84 kg
baggage is on conveyor belt-------
---------baggage detected by sensor------------- 
Baggage weighs: 17.34 kg
baggage is on conveyor belt-------
---------baggage detected by sensor------------- 
Baggage weighs: 18.75 kg
baggage is on conveyor belt-------
---------baggage detected by sensor------------- 
Baggage weighs: 19.12 kg
baggage is on conveyor belt-------
---------baggage detected by sensor------------- 
Baggage weighs: 18.29 kg
baggage is on conveyor belt-------
---------baggage detected by sensor------------- 
Baggage weighs: 17.94 kg
baggage is on conveyor belt-------
---------baggage detected by sensor------------- 
Baggage weighs: 19.09 kg
baggage is on conveyor belt-------
---------baggage detected by sensor------------- 
Baggage weighs: 22.39 kg
baggage is on conveyor belt-------
---------baggage detected by sensor------------- 
Baggage weighs: 21.23 kg
baggage is on conveyor belt-------
---------baggage detected by sensor------------- 
Baggage weighs: 17.56 kg
baggage is on conveyor belt-------
---------baggage detected by sensor------------- 
Baggage weighs: 18.37 kg
baggage is on conveyor belt-------
---------baggage detected by sensor------------- 
Baggage weighs: 21.4 kg
baggage is on conveyor belt-------
---------baggage detected by sensor------------- 
Baggage weighs: 20.25 kg
baggage is on conveyor belt-------
---------baggage detected by sensor------------- 
Baggage weighs: 23.0 kg
baggage is on conveyor belt-------
---------baggage detected by sensor------------- 
Baggage weighs: 17.01 kg
baggage is on conveyor belt-------
---------baggage detected by sensor------------- 
Baggage weighs: 17.39 kg
baggage is on conveyor belt-------
---------baggage detected by sensor------------- 
Baggage weighs: 16.7 kg
baggage is on conveyor belt-------
---------baggage detected by sensor------------- 
Baggage weighs: 16.23 kg
baggage is on conveyor belt-------
---------baggage detected by sensor------------- 
Baggage weighs: 19.13 kg
baggage is on conveyor belt-------
---------baggage detected by sensor------------- 
Baggage weighs: 21.07 kg
baggage is on conveyor belt-------
---------baggage detected by sensor------------- 
Baggage weighs: 17.87 kg
baggage is on conveyor belt-------
---------baggage detected by sensor------------- 
Baggage weighs: 19.92 kg
baggage is on conveyor belt-------
---------baggage detected by sensor------------- 
Baggage weighs: 19.22 kg
baggage is on conveyor belt-------
---------baggage detected by sensor------------- 
Baggage weighs: 21.53 kg
baggage is on conveyor belt-------
---------baggage detected by sensor------------- 
Baggage weighs: 20.29 kg
baggage is on conveyor belt-------
---------baggage detected by sensor------------- 
Baggage weighs: 19.32 kg
baggage is on conveyor belt-------
---------baggage detected by sensor------------- 
Baggage weighs: 17.25 kg
baggage is on conveyor belt-------
---------baggage detected by sensor------------- 
Baggage weighs: 21.3 kg
baggage is on conveyor belt-------
---------baggage detected by sensor------------- 
Baggage weighs: 16.79 kg
baggage is on conveyor belt-------
---------baggage detected by sensor------------- 
Baggage weighs: 19.55 kg
baggage is on conveyor belt-------
---------baggage detected by sensor------------- 
Baggage weighs: 18.88 kg
baggage is on conveyor belt-------
---------baggage detected by sensor------------- 
Baggage weighs: 22.33 kg
baggage is on conveyor belt-------
---------baggage detected by sensor------------- 
Baggage weighs: 20.62 kg
baggage is on conveyor belt-------
---------baggage detected by sensor------------- 
Baggage weighs: 19.42 kg
baggage is on conveyor belt-------
---------baggage detected by sensor------------- 
Baggage weighs: 17.54 kg
baggage is on conveyor belt-------
---------baggage detected by sensor------------- 
Baggage weighs: 21.51 kg
baggage is on conveyor belt-------
---------baggage detected by sensor------------- 
Baggage weighs: 19.46 kg
baggage is on conveyor belt-------
---------baggage detected by sensor------------- 
Baggage weighs: 17.83 kg
baggage is on conveyor belt-------
---------baggage detected by sensor------------- 
Baggage weighs: 17.75 kg
baggage is on conveyor belt-------
---------baggage detected by sensor------------- 
Baggage weighs: 17.44 kg
baggage is on conveyor belt-------
---------baggage detected by sensor------------- 
Baggage weighs: 19.53 kg
baggage is on conveyor belt-------
---------baggage detected by sensor------------- 
Baggage weighs: 17.51 kg
baggage is on conveyor belt-------
---------baggage detected by sensor------------- 
Baggage weighs: 18.2 kg
baggage is on conveyor belt-------
---------baggage detected by sensor------------- 
Baggage weighs: 21.55 kg
baggage is on conveyor belt-------
---------baggage detected by sensor------------- 
Baggage weighs: 19.67 kg
baggage is on conveyor belt-------
---------baggage detected by sensor------------- 
Baggage weighs: 19.52 kg
baggage is on conveyor belt-------
---------baggage detected by sensor------------- 
Baggage weighs: 21.06 kg
baggage is on conveyor belt-------
---------baggage detected by sensor------------- 
Baggage weighs: 17.44 kg
baggage is on conveyor belt-------
---------baggage detected by sensor------------- 
Baggage weighs: 19.21 kg
baggage is on conveyor belt-------
---------baggage detected by sensor------------- 
Baggage weighs: 21.65 kg
baggage is on conveyor belt-------
---------baggage detected by sensor------------- 
Baggage weighs: 19.64 kg
baggage is on conveyor belt-------
---------baggage detected by sensor------------- 
Baggage weighs: 21.03 kg
baggage is on conveyor belt-------
---------baggage detected by sensor------------- 
Baggage weighs: 19.76 kg
baggage is on conveyor belt-------
---------baggage detected by sensor------------- 
Baggage weighs: 21.01 kg
baggage is on conveyor belt-------
---------baggage detected by sensor------------- 
Baggage weighs: 19.11 kg
baggage is on conveyor belt-------
---------baggage detected by sensor------------- 
Baggage weighs: 18.54 kg
baggage is on conveyor belt-------
---------baggage detected by sensor------------- 
Baggage weighs: 16.86 kg
baggage is on conveyor belt-------
---------baggage detected by sensor------------- 
Baggage weighs: 16.59 kg
baggage is on conveyor belt-------
---------baggage detected by sensor------------- 
Baggage weighs: 19.26 kg
baggage is on conveyor belt-------
---------baggage detected by sensor------------- 
Baggage weighs: 18.34 kg
baggage is on conveyor belt-------
---------baggage detected by sensor------------- 
Baggage weighs: 19.09 kg
baggage is on conveyor belt-------
---------baggage detected by sensor------------- 
Baggage weighs: 22.38 kg
baggage is on conveyor belt-------
---------baggage detected by sensor------------- 
Baggage weighs: 22.12 kg
baggage is on conveyor belt-------
---------baggage detected by sensor------------- 
Baggage weighs: 16.75 kg
baggage is on conveyor belt-------
---------baggage detected by sensor------------- 
Baggage weighs: 20.36 kg
baggage is on conveyor belt-------
---------baggage detected by sensor------------- 
Baggage weighs: 20.94 kg
baggage is on conveyor belt-------
---------baggage detected by sensor------------- 
Baggage weighs: 19.8 kg
baggage is on conveyor belt-------
---------baggage detected by sensor------------- 
Baggage weighs: 19.12 kg
baggage is on conveyor belt-------
---------baggage detected by sensor------------- 
Baggage weighs: 16.93 kg
baggage is on conveyor belt-------
---------baggage detected by sensor------------- 
Baggage weighs: 20.48 kg
baggage is on conveyor belt-------
---------baggage detected by sensor------------- 
Baggage weighs: 17.63 kg
baggage is on conveyor belt-------
---------baggage detected by sensor------------- 
Baggage weighs: 19.86 kg
baggage is on conveyor belt-------
---------baggage detected by sensor------------- 
Baggage weighs: 19.4 kg
baggage is on conveyor belt-------
---------baggage detected by sensor------------- 
Baggage weighs: 19.0 kg
baggage is on conveyor belt-------
---------baggage detected by sensor------------- 
Baggage weighs: 20.5 kg
baggage is on conveyor belt-------
---------baggage detected by sensor------------- 
Baggage weighs: 21.9 kg
baggage is on conveyor belt-------
---------baggage detected by sensor------------- 
Baggage weighs: 19.82 kg
baggage is on conveyor belt-------
---------baggage detected by sensor------------- 
Baggage weighs: 18.98 kg
baggage is on conveyor belt-------
---------baggage detected by sensor------------- 
Baggage weighs: 19.28 kg
baggage is on conveyor belt-------
---------baggage detected by sensor------------- 
Baggage weighs: 18.06 kg
baggage is on conveyor belt-------
---------baggage detected by sensor------------- 
Baggage weighs: 20.2 kg
baggage is on conveyor belt-------
---------baggage detected by sensor------------- 
Baggage weighs: 19.74 kg
baggage is on conveyor belt-------
---------baggage detected by sensor------------- 
Baggage weighs: 17.44 kg
baggage is on conveyor belt-------
---------baggage detected by sensor------------- 
Baggage weighs: 19.36 kg
baggage is on conveyor belt-------
---------baggage detected by sensor------------- 
Baggage weighs: 20.4 kg
baggage is on conveyor belt-------
---------baggage detected by sensor------------- 
Baggage weighs: 18.92 kg
baggage is on conveyor belt-------
---------baggage detected by sensor------------- 
Baggage weighs: 18.48 kg
baggage is on conveyor belt-------
---------baggage detected by sensor------------- 
Baggage weighs: 17.34 kg
baggage is on conveyor belt-------
---------baggage detected by sensor------------- 
Baggage weighs: 20.57 kg
baggage is on conveyor belt-------
---------baggage detected by sensor------------- 
Baggage weighs: 17.19 kg
baggage is on conveyor belt-------
---------baggage detected by sensor------------- 
Baggage weighs: 18.25 kg
baggage is on conveyor belt-------
---------baggage detected by sensor------------- 
Baggage weighs: 19.29 kg
baggage is on conveyor belt-------
---------baggage detected by sensor------------- 
Baggage weighs: 16.86 kg
baggage is on conveyor belt-------
---------baggage detected by sensor------------- 
Baggage weighs: 19.34 kg
baggage is on conveyor belt-------
---------baggage detected by sensor------------- 
Baggage weighs: 19.32 kg
baggage is on conveyor belt-------
---------baggage detected by sensor------------- 
Baggage weighs: 18.15 kg
baggage is on conveyor belt-------
---------baggage detected by sensor------------- 
Baggage weighs: 18.98 kg
baggage is on conveyor belt-------
---------baggage detected by sensor------------- 
Baggage weighs: 21.84 kg
baggage is on conveyor belt-------
---------baggage detected by sensor------------- 
Baggage weighs: 20.53 kg
baggage is on conveyor belt-------
---------baggage detected by sensor------------- 
Baggage weighs: 20.62 kg
baggage is on conveyor belt-------
---------baggage detected by sensor------------- 
Baggage weighs: 20.7 kg
baggage is on conveyor belt-------
---------baggage detected by sensor------------- 
Baggage weighs: 19.64 kg
baggage is on conveyor belt-------
---------baggage detected by sensor------------- 
Baggage weighs: 16.11 kg
baggage is on conveyor belt-------
---------baggage detected by sensor------------- 
Baggage weighs: 22.24 kg
baggage is on conveyor belt-------
---------baggage detected by sensor------------- 
Baggage weighs: 21.47 kg
baggage is on conveyor belt-------
---------baggage detected by sensor------------- 
Baggage weighs: 20.73 kg
baggage is on conveyor belt-------
---------baggage detected by sensor------------- 
Baggage weighs: 19.51 kg
baggage is on conveyor belt-------
---------baggage detected by sensor------------- 
Baggage weighs: 20.11 kg
baggage is on conveyor belt-------
---------baggage detected by sensor------------- 
Baggage weighs: 20.36 kg
baggage is on conveyor belt-------
---------baggage detected by sensor------------- 
Baggage weighs: 18.84 kg
baggage is on conveyor belt-------
---------baggage detected by sensor------------- 
Baggage weighs: 22.61 kg
baggage is on conveyor belt-------
---------baggage detected by sensor------------- 
Baggage weighs: 20.07 kg
baggage is on conveyor belt-------
---------baggage detected by sensor------------- 
Baggage weighs: 20.28 kg
baggage is on conveyor belt-------
---------baggage detected by sensor------------- 
Baggage weighs: 17.9 kg
baggage is on conveyor belt-------
---------baggage detected by sensor------------- 
Baggage weighs: 18.13 kg
baggage is on conveyor belt-------
---------baggage detected by sensor------------- 
Baggage weighs: 18.32 kg
baggage is on conveyor belt-------
---------baggage detected by sensor------------- 
Baggage weighs: 19.3 kg
baggage is on conveyor belt-------
---------baggage detected by sensor------------- 
Baggage weighs: 21.34 kg
baggage is on conveyor belt-------
---------baggage detected by sensor------------- 
Baggage weighs: 19.74 kg
baggage is on conveyor belt-------
---------baggage detected by sensor------------- 
Baggage weighs: 18.46 kg
baggage is on conveyor belt-------
---------baggage detected by sensor------------- 
Baggage weighs: 19.49 kg
baggage is on conveyor belt-------
---------baggage detected by sensor------------- 
Baggage weighs: 17.97 kg
baggage is on conveyor belt-------
---------baggage detected by sensor------------- 
Baggage weighs: 21.32 kg
baggage is on conveyor belt-------
---------baggage detected by sensor------------- 
Baggage weighs: 16.41 kg
baggage is on conveyor belt-------
---------baggage detected by sensor------------- 
Baggage weighs: 16.36 kg
baggage is on conveyor belt-------
---------baggage detected by sensor------------- 
Baggage weighs: 16.24 kg
baggage is on conveyor belt-------
---------baggage detected by sensor------------- 
Baggage weighs: 16.65 kg
baggage is on conveyor belt-------
---------baggage detected by sensor------------- 
Baggage weighs: 20.17 kg
baggage is on conveyor belt-------
---------baggage detected by sensor------------- 
Baggage weighs: 21.08 kg
baggage is on conveyor belt-------
---------baggage detected by sensor------------- 
Baggage weighs: 18.0 kg
baggage is on conveyor belt-------
---------baggage detected by sensor------------- 
Baggage weighs: 17.49 kg
baggage is on conveyor belt-------
---------baggage detected by sensor------------- 
Baggage weighs: 19.3 kg
baggage is on conveyor belt-------
---------baggage detected by sensor------------- 
Baggage weighs: 18.34 kg
baggage is on conveyor belt-------
---------baggage detected by sensor------------- 
Baggage weighs: 19.57 kg
baggage is on conveyor belt-------
---------baggage detected by sensor------------- 
Baggage weighs: 18.99 kg
baggage is on conveyor belt-------
---------baggage detected by sensor------------- 
Baggage weighs: 20.13 kg
baggage is on conveyor belt-------
---------baggage detected by sensor------------- 
Baggage weighs: 21.59 kg
baggage is on conveyor belt-------
---------baggage detected by sensor------------- 
Baggage weighs: 17.75 kg
baggage is on conveyor belt-------
---------baggage detected by sensor------------- 
Baggage weighs: 18.88 kg
baggage is on conveyor belt-------
---------baggage detected by sensor------------- 
Baggage weighs: 17.64 kg
baggage is on conveyor belt-------
---------baggage detected by sensor------------- 
Baggage weighs: 17.28 kg
baggage is on conveyor belt-------
---------baggage detected by sensor------------- 
Baggage weighs: 19.89 kg
baggage is on conveyor belt-------
---------baggage detected by sensor------------- 
Baggage weighs: 16.14 kg
Seat with ID: 37B has been reserved for you!

BOARDING PASS FOR GARRY BARNETT
-----------------------------------------------------------------------------
LUFTHANSA                      lcmajb2y8csk3x2 /  Garry Barnett
Garry Barnett                                     /  lcmajb2y8csk3x2
FRA   LH2121   E  30.Oct                       /  FRA
HKG                                            /  HKG
SEAT ID: 37B                                   /  LH2121 E 30.Oct
SEQ: 199                                      / GATE: A05   22:00
MAX 1  HANDLUGGAGE/ LUGGAGE
-----------------------------------------------------------------------------
sorry Garry Barnett we have no voucher for you! Have a nice day!

---------------------------------------------------------------------------------------------------------------
scanning passport with passport id: EH4OYL11H
searching for ticket in fast bag drop database..............
Ticket found for Joy Stafford and Flight LH2121
----searching flight seat for Joy Stafford---------
Found a seat with ID 37C
Below details were found in database
------------------------------------------
Name: Joy Stafford
Flight ID: LH2121
Source: FRA
Destination: HKG
Gate No: A05
Boarding time: 22:00
Ticket ID: tp4ue0apyl0xex8
Booking Class: E
------------------------------------------

Proceed with check-in for flight LH2121 ?
Type YES to CHECK-IN or NO to cancel CHECK-IN
Joy Stafford is deciding whether to check-in or to go back home and sleep............
YES CHECK-IN
Checking you in...............
baggage is on conveyor belt-------
---------baggage detected by sensor------------- 
Baggage weighs: 21.58 kg
baggage is on conveyor belt-------
---------baggage detected by sensor------------- 
Baggage weighs: 20.43 kg
baggage is on conveyor belt-------
---------baggage detected by sensor------------- 
Baggage weighs: 18.47 kg
baggage is on conveyor belt-------
---------baggage detected by sensor------------- 
Baggage weighs: 17.86 kg
baggage is on conveyor belt-------
---------baggage detected by sensor------------- 
Baggage weighs: 18.65 kg
baggage is on conveyor belt-------
---------baggage detected by sensor------------- 
Baggage weighs: 19.27 kg
baggage is on conveyor belt-------
---------baggage detected by sensor------------- 
Baggage weighs: 17.42 kg
baggage is on conveyor belt-------
---------baggage detected by sensor------------- 
Baggage weighs: 19.16 kg
baggage is on conveyor belt-------
---------baggage detected by sensor------------- 
Baggage weighs: 19.52 kg
baggage is on conveyor belt-------
---------baggage detected by sensor------------- 
Baggage weighs: 17.51 kg
baggage is on conveyor belt-------
---------baggage detected by sensor------------- 
Baggage weighs: 17.38 kg
baggage is on conveyor belt-------
---------baggage detected by sensor------------- 
Baggage weighs: 18.67 kg
baggage is on conveyor belt-------
---------baggage detected by sensor------------- 
Baggage weighs: 16.98 kg
baggage is on conveyor belt-------
---------baggage detected by sensor------------- 
Baggage weighs: 21.26 kg
baggage is on conveyor belt-------
---------baggage detected by sensor------------- 
Baggage weighs: 18.3 kg
baggage is on conveyor belt-------
---------baggage detected by sensor------------- 
Baggage weighs: 16.81 kg
baggage is on conveyor belt-------
---------baggage detected by sensor------------- 
Baggage weighs: 20.91 kg
baggage is on conveyor belt-------
---------baggage detected by sensor------------- 
Baggage weighs: 21.21 kg
baggage is on conveyor belt-------
---------baggage detected by sensor------------- 
Baggage weighs: 19.69 kg
baggage is on conveyor belt-------
---------baggage detected by sensor------------- 
Baggage weighs: 18.67 kg
baggage is on conveyor belt-------
---------baggage detected by sensor------------- 
Baggage weighs: 19.12 kg
baggage is on conveyor belt-------
---------baggage detected by sensor------------- 
Baggage weighs: 16.42 kg
baggage is on conveyor belt-------
---------baggage detected by sensor------------- 
Baggage weighs: 19.17 kg
baggage is on conveyor belt-------
---------baggage detected by sensor------------- 
Baggage weighs: 19.0 kg
baggage is on conveyor belt-------
---------baggage detected by sensor------------- 
Baggage weighs: 18.78 kg
baggage is on conveyor belt-------
---------baggage detected by sensor------------- 
Baggage weighs: 20.31 kg
baggage is on conveyor belt-------
---------baggage detected by sensor------------- 
Baggage weighs: 21.25 kg
baggage is on conveyor belt-------
---------baggage detected by sensor------------- 
Baggage weighs: 18.87 kg
baggage is on conveyor belt-------
---------baggage detected by sensor------------- 
Baggage weighs: 16.25 kg
baggage is on conveyor belt-------
---------baggage detected by sensor------------- 
Baggage weighs: 19.94 kg
baggage is on conveyor belt-------
---------baggage detected by sensor------------- 
Baggage weighs: 16.88 kg
baggage is on conveyor belt-------
---------baggage detected by sensor------------- 
Baggage weighs: 18.24 kg
baggage is on conveyor belt-------
---------baggage detected by sensor------------- 
Baggage weighs: 17.16 kg
baggage is on conveyor belt-------
---------baggage detected by sensor------------- 
Baggage weighs: 19.34 kg
baggage is on conveyor belt-------
---------baggage detected by sensor------------- 
Baggage weighs: 22.41 kg
baggage is on conveyor belt-------
---------baggage detected by sensor------------- 
Baggage weighs: 20.47 kg
baggage is on conveyor belt-------
---------baggage detected by sensor------------- 
Baggage weighs: 18.81 kg
baggage is on conveyor belt-------
---------baggage detected by sensor------------- 
Baggage weighs: 18.56 kg
baggage is on conveyor belt-------
---------baggage detected by sensor------------- 
Baggage weighs: 17.77 kg
baggage is on conveyor belt-------
---------baggage detected by sensor------------- 
Baggage weighs: 19.32 kg
baggage is on conveyor belt-------
---------baggage detected by sensor------------- 
Baggage weighs: 19.21 kg
baggage is on conveyor belt-------
---------baggage detected by sensor------------- 
Baggage weighs: 19.13 kg
baggage is on conveyor belt-------
---------baggage detected by sensor------------- 
Baggage weighs: 20.39 kg
baggage is on conveyor belt-------
---------baggage detected by sensor------------- 
Baggage weighs: 21.03 kg
baggage is on conveyor belt-------
---------baggage detected by sensor------------- 
Baggage weighs: 20.05 kg
baggage is on conveyor belt-------
---------baggage detected by sensor------------- 
Baggage weighs: 21.92 kg
baggage is on conveyor belt-------
---------baggage detected by sensor------------- 
Baggage weighs: 19.37 kg
baggage is on conveyor belt-------
---------baggage detected by sensor------------- 
Baggage weighs: 20.35 kg
baggage is on conveyor belt-------
---------baggage detected by sensor------------- 
Baggage weighs: 18.73 kg
baggage is on conveyor belt-------
---------baggage detected by sensor------------- 
Baggage weighs: 20.33 kg
baggage is on conveyor belt-------
---------baggage detected by sensor------------- 
Baggage weighs: 22.01 kg
baggage is on conveyor belt-------
---------baggage detected by sensor------------- 
Baggage weighs: 19.27 kg
baggage is on conveyor belt-------
---------baggage detected by sensor------------- 
Baggage weighs: 21.18 kg
baggage is on conveyor belt-------
---------baggage detected by sensor------------- 
Baggage weighs: 17.16 kg
baggage is on conveyor belt-------
---------baggage detected by sensor------------- 
Baggage weighs: 20.04 kg
baggage is on conveyor belt-------
---------baggage detected by sensor------------- 
Baggage weighs: 20.91 kg
baggage is on conveyor belt-------
---------baggage detected by sensor------------- 
Baggage weighs: 20.3 kg
baggage is on conveyor belt-------
---------baggage detected by sensor------------- 
Baggage weighs: 20.38 kg
baggage is on conveyor belt-------
---------baggage detected by sensor------------- 
Baggage weighs: 16.54 kg
baggage is on conveyor belt-------
---------baggage detected by sensor------------- 
Baggage weighs: 18.87 kg
baggage is on conveyor belt-------
---------baggage detected by sensor------------- 
Baggage weighs: 20.22 kg
baggage is on conveyor belt-------
---------baggage detected by sensor------------- 
Baggage weighs: 20.75 kg
baggage is on conveyor belt-------
---------baggage detected by sensor------------- 
Baggage weighs: 17.4 kg
baggage is on conveyor belt-------
---------baggage detected by sensor------------- 
Baggage weighs: 20.27 kg
baggage is on conveyor belt-------
---------baggage detected by sensor------------- 
Baggage weighs: 17.04 kg
baggage is on conveyor belt-------
---------baggage detected by sensor------------- 
Baggage weighs: 19.84 kg
baggage is on conveyor belt-------
---------baggage detected by sensor------------- 
Baggage weighs: 17.34 kg
baggage is on conveyor belt-------
---------baggage detected by sensor------------- 
Baggage weighs: 18.75 kg
baggage is on conveyor belt-------
---------baggage detected by sensor------------- 
Baggage weighs: 19.12 kg
baggage is on conveyor belt-------
---------baggage detected by sensor------------- 
Baggage weighs: 18.29 kg
baggage is on conveyor belt-------
---------baggage detected by sensor------------- 
Baggage weighs: 17.94 kg
baggage is on conveyor belt-------
---------baggage detected by sensor------------- 
Baggage weighs: 19.09 kg
baggage is on conveyor belt-------
---------baggage detected by sensor------------- 
Baggage weighs: 22.39 kg
baggage is on conveyor belt-------
---------baggage detected by sensor------------- 
Baggage weighs: 21.23 kg
baggage is on conveyor belt-------
---------baggage detected by sensor------------- 
Baggage weighs: 17.56 kg
baggage is on conveyor belt-------
---------baggage detected by sensor------------- 
Baggage weighs: 18.37 kg
baggage is on conveyor belt-------
---------baggage detected by sensor------------- 
Baggage weighs: 21.4 kg
baggage is on conveyor belt-------
---------baggage detected by sensor------------- 
Baggage weighs: 20.25 kg
baggage is on conveyor belt-------
---------baggage detected by sensor------------- 
Baggage weighs: 23.0 kg
baggage is on conveyor belt-------
---------baggage detected by sensor------------- 
Baggage weighs: 17.01 kg
baggage is on conveyor belt-------
---------baggage detected by sensor------------- 
Baggage weighs: 17.39 kg
baggage is on conveyor belt-------
---------baggage detected by sensor------------- 
Baggage weighs: 16.7 kg
baggage is on conveyor belt-------
---------baggage detected by sensor------------- 
Baggage weighs: 16.23 kg
baggage is on conveyor belt-------
---------baggage detected by sensor------------- 
Baggage weighs: 19.13 kg
baggage is on conveyor belt-------
---------baggage detected by sensor------------- 
Baggage weighs: 21.07 kg
baggage is on conveyor belt-------
---------baggage detected by sensor------------- 
Baggage weighs: 17.87 kg
baggage is on conveyor belt-------
---------baggage detected by sensor------------- 
Baggage weighs: 19.92 kg
baggage is on conveyor belt-------
---------baggage detected by sensor------------- 
Baggage weighs: 19.22 kg
baggage is on conveyor belt-------
---------baggage detected by sensor------------- 
Baggage weighs: 21.53 kg
baggage is on conveyor belt-------
---------baggage detected by sensor------------- 
Baggage weighs: 20.29 kg
baggage is on conveyor belt-------
---------baggage detected by sensor------------- 
Baggage weighs: 19.32 kg
baggage is on conveyor belt-------
---------baggage detected by sensor------------- 
Baggage weighs: 17.25 kg
baggage is on conveyor belt-------
---------baggage detected by sensor------------- 
Baggage weighs: 21.3 kg
baggage is on conveyor belt-------
---------baggage detected by sensor------------- 
Baggage weighs: 16.79 kg
baggage is on conveyor belt-------
---------baggage detected by sensor------------- 
Baggage weighs: 19.55 kg
baggage is on conveyor belt-------
---------baggage detected by sensor------------- 
Baggage weighs: 18.88 kg
baggage is on conveyor belt-------
---------baggage detected by sensor------------- 
Baggage weighs: 22.33 kg
baggage is on conveyor belt-------
---------baggage detected by sensor------------- 
Baggage weighs: 20.62 kg
baggage is on conveyor belt-------
---------baggage detected by sensor------------- 
Baggage weighs: 19.42 kg
baggage is on conveyor belt-------
---------baggage detected by sensor------------- 
Baggage weighs: 17.54 kg
baggage is on conveyor belt-------
---------baggage detected by sensor------------- 
Baggage weighs: 21.51 kg
baggage is on conveyor belt-------
---------baggage detected by sensor------------- 
Baggage weighs: 19.46 kg
baggage is on conveyor belt-------
---------baggage detected by sensor------------- 
Baggage weighs: 17.83 kg
baggage is on conveyor belt-------
---------baggage detected by sensor------------- 
Baggage weighs: 17.75 kg
baggage is on conveyor belt-------
---------baggage detected by sensor------------- 
Baggage weighs: 17.44 kg
baggage is on conveyor belt-------
---------baggage detected by sensor------------- 
Baggage weighs: 19.53 kg
baggage is on conveyor belt-------
---------baggage detected by sensor------------- 
Baggage weighs: 17.51 kg
baggage is on conveyor belt-------
---------baggage detected by sensor------------- 
Baggage weighs: 18.2 kg
baggage is on conveyor belt-------
---------baggage detected by sensor------------- 
Baggage weighs: 21.55 kg
baggage is on conveyor belt-------
---------baggage detected by sensor------------- 
Baggage weighs: 19.67 kg
baggage is on conveyor belt-------
---------baggage detected by sensor------------- 
Baggage weighs: 19.52 kg
baggage is on conveyor belt-------
---------baggage detected by sensor------------- 
Baggage weighs: 21.06 kg
baggage is on conveyor belt-------
---------baggage detected by sensor------------- 
Baggage weighs: 17.44 kg
baggage is on conveyor belt-------
---------baggage detected by sensor------------- 
Baggage weighs: 19.21 kg
baggage is on conveyor belt-------
---------baggage detected by sensor------------- 
Baggage weighs: 21.65 kg
baggage is on conveyor belt-------
---------baggage detected by sensor------------- 
Baggage weighs: 19.64 kg
baggage is on conveyor belt-------
---------baggage detected by sensor------------- 
Baggage weighs: 21.03 kg
baggage is on conveyor belt-------
---------baggage detected by sensor------------- 
Baggage weighs: 19.76 kg
baggage is on conveyor belt-------
---------baggage detected by sensor------------- 
Baggage weighs: 21.01 kg
baggage is on conveyor belt-------
---------baggage detected by sensor------------- 
Baggage weighs: 19.11 kg
baggage is on conveyor belt-------
---------baggage detected by sensor------------- 
Baggage weighs: 18.54 kg
baggage is on conveyor belt-------
---------baggage detected by sensor------------- 
Baggage weighs: 16.86 kg
baggage is on conveyor belt-------
---------baggage detected by sensor------------- 
Baggage weighs: 16.59 kg
baggage is on conveyor belt-------
---------baggage detected by sensor------------- 
Baggage weighs: 19.26 kg
baggage is on conveyor belt-------
---------baggage detected by sensor------------- 
Baggage weighs: 18.34 kg
baggage is on conveyor belt-------
---------baggage detected by sensor------------- 
Baggage weighs: 19.09 kg
baggage is on conveyor belt-------
---------baggage detected by sensor------------- 
Baggage weighs: 22.38 kg
baggage is on conveyor belt-------
---------baggage detected by sensor------------- 
Baggage weighs: 22.12 kg
baggage is on conveyor belt-------
---------baggage detected by sensor------------- 
Baggage weighs: 16.75 kg
baggage is on conveyor belt-------
---------baggage detected by sensor------------- 
Baggage weighs: 20.36 kg
baggage is on conveyor belt-------
---------baggage detected by sensor------------- 
Baggage weighs: 20.94 kg
baggage is on conveyor belt-------
---------baggage detected by sensor------------- 
Baggage weighs: 19.8 kg
baggage is on conveyor belt-------
---------baggage detected by sensor------------- 
Baggage weighs: 19.12 kg
baggage is on conveyor belt-------
---------baggage detected by sensor------------- 
Baggage weighs: 16.93 kg
baggage is on conveyor belt-------
---------baggage detected by sensor------------- 
Baggage weighs: 20.48 kg
baggage is on conveyor belt-------
---------baggage detected by sensor------------- 
Baggage weighs: 17.63 kg
baggage is on conveyor belt-------
---------baggage detected by sensor------------- 
Baggage weighs: 19.86 kg
baggage is on conveyor belt-------
---------baggage detected by sensor------------- 
Baggage weighs: 19.4 kg
baggage is on conveyor belt-------
---------baggage detected by sensor------------- 
Baggage weighs: 19.0 kg
baggage is on conveyor belt-------
---------baggage detected by sensor------------- 
Baggage weighs: 20.5 kg
baggage is on conveyor belt-------
---------baggage detected by sensor------------- 
Baggage weighs: 21.9 kg
baggage is on conveyor belt-------
---------baggage detected by sensor------------- 
Baggage weighs: 19.82 kg
baggage is on conveyor belt-------
---------baggage detected by sensor------------- 
Baggage weighs: 18.98 kg
baggage is on conveyor belt-------
---------baggage detected by sensor------------- 
Baggage weighs: 19.28 kg
baggage is on conveyor belt-------
---------baggage detected by sensor------------- 
Baggage weighs: 18.06 kg
baggage is on conveyor belt-------
---------baggage detected by sensor------------- 
Baggage weighs: 20.2 kg
baggage is on conveyor belt-------
---------baggage detected by sensor------------- 
Baggage weighs: 19.74 kg
baggage is on conveyor belt-------
---------baggage detected by sensor------------- 
Baggage weighs: 17.44 kg
baggage is on conveyor belt-------
---------baggage detected by sensor------------- 
Baggage weighs: 19.36 kg
baggage is on conveyor belt-------
---------baggage detected by sensor------------- 
Baggage weighs: 20.4 kg
baggage is on conveyor belt-------
---------baggage detected by sensor------------- 
Baggage weighs: 18.92 kg
baggage is on conveyor belt-------
---------baggage detected by sensor------------- 
Baggage weighs: 18.48 kg
baggage is on conveyor belt-------
---------baggage detected by sensor------------- 
Baggage weighs: 17.34 kg
baggage is on conveyor belt-------
---------baggage detected by sensor------------- 
Baggage weighs: 20.57 kg
baggage is on conveyor belt-------
---------baggage detected by sensor------------- 
Baggage weighs: 17.19 kg
baggage is on conveyor belt-------
---------baggage detected by sensor------------- 
Baggage weighs: 18.25 kg
baggage is on conveyor belt-------
---------baggage detected by sensor------------- 
Baggage weighs: 19.29 kg
baggage is on conveyor belt-------
---------baggage detected by sensor------------- 
Baggage weighs: 16.86 kg
baggage is on conveyor belt-------
---------baggage detected by sensor------------- 
Baggage weighs: 19.34 kg
baggage is on conveyor belt-------
---------baggage detected by sensor------------- 
Baggage weighs: 19.32 kg
baggage is on conveyor belt-------
---------baggage detected by sensor------------- 
Baggage weighs: 18.15 kg
baggage is on conveyor belt-------
---------baggage detected by sensor------------- 
Baggage weighs: 18.98 kg
baggage is on conveyor belt-------
---------baggage detected by sensor------------- 
Baggage weighs: 21.84 kg
baggage is on conveyor belt-------
---------baggage detected by sensor------------- 
Baggage weighs: 20.53 kg
baggage is on conveyor belt-------
---------baggage detected by sensor------------- 
Baggage weighs: 20.62 kg
baggage is on conveyor belt-------
---------baggage detected by sensor------------- 
Baggage weighs: 20.7 kg
baggage is on conveyor belt-------
---------baggage detected by sensor------------- 
Baggage weighs: 19.64 kg
baggage is on conveyor belt-------
---------baggage detected by sensor------------- 
Baggage weighs: 16.11 kg
baggage is on conveyor belt-------
---------baggage detected by sensor------------- 
Baggage weighs: 22.24 kg
baggage is on conveyor belt-------
---------baggage detected by sensor------------- 
Baggage weighs: 21.47 kg
baggage is on conveyor belt-------
---------baggage detected by sensor------------- 
Baggage weighs: 20.73 kg
baggage is on conveyor belt-------
---------baggage detected by sensor------------- 
Baggage weighs: 19.51 kg
baggage is on conveyor belt-------
---------baggage detected by sensor------------- 
Baggage weighs: 20.11 kg
baggage is on conveyor belt-------
---------baggage detected by sensor------------- 
Baggage weighs: 20.36 kg
baggage is on conveyor belt-------
---------baggage detected by sensor------------- 
Baggage weighs: 18.84 kg
baggage is on conveyor belt-------
---------baggage detected by sensor------------- 
Baggage weighs: 22.61 kg
baggage is on conveyor belt-------
---------baggage detected by sensor------------- 
Baggage weighs: 20.07 kg
baggage is on conveyor belt-------
---------baggage detected by sensor------------- 
Baggage weighs: 20.28 kg
baggage is on conveyor belt-------
---------baggage detected by sensor------------- 
Baggage weighs: 17.9 kg
baggage is on conveyor belt-------
---------baggage detected by sensor------------- 
Baggage weighs: 18.13 kg
baggage is on conveyor belt-------
---------baggage detected by sensor------------- 
Baggage weighs: 18.32 kg
baggage is on conveyor belt-------
---------baggage detected by sensor------------- 
Baggage weighs: 19.3 kg
baggage is on conveyor belt-------
---------baggage detected by sensor------------- 
Baggage weighs: 21.34 kg
baggage is on conveyor belt-------
---------baggage detected by sensor------------- 
Baggage weighs: 19.74 kg
baggage is on conveyor belt-------
---------baggage detected by sensor------------- 
Baggage weighs: 18.46 kg
baggage is on conveyor belt-------
---------baggage detected by sensor------------- 
Baggage weighs: 19.49 kg
baggage is on conveyor belt-------
---------baggage detected by sensor------------- 
Baggage weighs: 17.97 kg
baggage is on conveyor belt-------
---------baggage detected by sensor------------- 
Baggage weighs: 21.32 kg
baggage is on conveyor belt-------
---------baggage detected by sensor------------- 
Baggage weighs: 16.41 kg
baggage is on conveyor belt-------
---------baggage detected by sensor------------- 
Baggage weighs: 16.36 kg
baggage is on conveyor belt-------
---------baggage detected by sensor------------- 
Baggage weighs: 16.24 kg
baggage is on conveyor belt-------
---------baggage detected by sensor------------- 
Baggage weighs: 16.65 kg
baggage is on conveyor belt-------
---------baggage detected by sensor------------- 
Baggage weighs: 20.17 kg
baggage is on conveyor belt-------
---------baggage detected by sensor------------- 
Baggage weighs: 21.08 kg
baggage is on conveyor belt-------
---------baggage detected by sensor------------- 
Baggage weighs: 18.0 kg
baggage is on conveyor belt-------
---------baggage detected by sensor------------- 
Baggage weighs: 17.49 kg
baggage is on conveyor belt-------
---------baggage detected by sensor------------- 
Baggage weighs: 19.3 kg
baggage is on conveyor belt-------
---------baggage detected by sensor------------- 
Baggage weighs: 18.34 kg
baggage is on conveyor belt-------
---------baggage detected by sensor------------- 
Baggage weighs: 19.57 kg
baggage is on conveyor belt-------
---------baggage detected by sensor------------- 
Baggage weighs: 18.99 kg
baggage is on conveyor belt-------
---------baggage detected by sensor------------- 
Baggage weighs: 20.13 kg
baggage is on conveyor belt-------
---------baggage detected by sensor------------- 
Baggage weighs: 21.59 kg
baggage is on conveyor belt-------
---------baggage detected by sensor------------- 
Baggage weighs: 17.75 kg
baggage is on conveyor belt-------
---------baggage detected by sensor------------- 
Baggage weighs: 18.88 kg
baggage is on conveyor belt-------
---------baggage detected by sensor------------- 
Baggage weighs: 17.64 kg
baggage is on conveyor belt-------
---------baggage detected by sensor------------- 
Baggage weighs: 17.28 kg
baggage is on conveyor belt-------
---------baggage detected by sensor------------- 
Baggage weighs: 19.89 kg
baggage is on conveyor belt-------
---------baggage detected by sensor------------- 
Baggage weighs: 16.14 kg
baggage is on conveyor belt-------
---------baggage detected by sensor------------- 
Baggage weighs: 19.6 kg
Seat with ID: 37C has been reserved for you!

BOARDING PASS FOR JOY STAFFORD
-----------------------------------------------------------------------------
LUFTHANSA                      tp4ue0apyl0xex8 /  Joy Stafford
Joy Stafford                                     /  tp4ue0apyl0xex8
FRA   LH2121   E  30.Oct                       /  FRA
HKG                                            /  HKG
SEAT ID: 37C                                   /  LH2121 E 30.Oct
SEQ: 200                                      / GATE: A05   22:00
MAX 1  HANDLUGGAGE/ LUGGAGE
-----------------------------------------------------------------------------
sorry Joy Stafford we have no voucher for you! Have a nice day!

---------------------------------------------------------------------------------------------------------------
scanning passport with passport id: 8CXLWGAV6
searching for ticket in fast bag drop database..............
Ticket found for Florentino Mcfarland and Flight LH2121
----searching flight seat for Florentino Mcfarland---------
Found a seat with ID 37D
Below details were found in database
------------------------------------------
Name: Florentino Mcfarland
Flight ID: LH2121
Source: FRA
Destination: HKG
Gate No: A05
Boarding time: 22:00
Ticket ID: 0b5ksmle6vbu7cu
Booking Class: E
------------------------------------------

Proceed with check-in for flight LH2121 ?
Type YES to CHECK-IN or NO to cancel CHECK-IN
Florentino Mcfarland is deciding whether to check-in or to go back home and sleep............
YES CHECK-IN
Checking you in...............
baggage is on conveyor belt-------
---------baggage detected by sensor------------- 
Baggage weighs: 21.58 kg
baggage is on conveyor belt-------
---------baggage detected by sensor------------- 
Baggage weighs: 20.43 kg
baggage is on conveyor belt-------
---------baggage detected by sensor------------- 
Baggage weighs: 18.47 kg
baggage is on conveyor belt-------
---------baggage detected by sensor------------- 
Baggage weighs: 17.86 kg
baggage is on conveyor belt-------
---------baggage detected by sensor------------- 
Baggage weighs: 18.65 kg
baggage is on conveyor belt-------
---------baggage detected by sensor------------- 
Baggage weighs: 19.27 kg
baggage is on conveyor belt-------
---------baggage detected by sensor------------- 
Baggage weighs: 17.42 kg
baggage is on conveyor belt-------
---------baggage detected by sensor------------- 
Baggage weighs: 19.16 kg
baggage is on conveyor belt-------
---------baggage detected by sensor------------- 
Baggage weighs: 19.52 kg
baggage is on conveyor belt-------
---------baggage detected by sensor------------- 
Baggage weighs: 17.51 kg
baggage is on conveyor belt-------
---------baggage detected by sensor------------- 
Baggage weighs: 17.38 kg
baggage is on conveyor belt-------
---------baggage detected by sensor------------- 
Baggage weighs: 18.67 kg
baggage is on conveyor belt-------
---------baggage detected by sensor------------- 
Baggage weighs: 16.98 kg
baggage is on conveyor belt-------
---------baggage detected by sensor------------- 
Baggage weighs: 21.26 kg
baggage is on conveyor belt-------
---------baggage detected by sensor------------- 
Baggage weighs: 18.3 kg
baggage is on conveyor belt-------
---------baggage detected by sensor------------- 
Baggage weighs: 16.81 kg
baggage is on conveyor belt-------
---------baggage detected by sensor------------- 
Baggage weighs: 20.91 kg
baggage is on conveyor belt-------
---------baggage detected by sensor------------- 
Baggage weighs: 21.21 kg
baggage is on conveyor belt-------
---------baggage detected by sensor------------- 
Baggage weighs: 19.69 kg
baggage is on conveyor belt-------
---------baggage detected by sensor------------- 
Baggage weighs: 18.67 kg
baggage is on conveyor belt-------
---------baggage detected by sensor------------- 
Baggage weighs: 19.12 kg
baggage is on conveyor belt-------
---------baggage detected by sensor------------- 
Baggage weighs: 16.42 kg
baggage is on conveyor belt-------
---------baggage detected by sensor------------- 
Baggage weighs: 19.17 kg
baggage is on conveyor belt-------
---------baggage detected by sensor------------- 
Baggage weighs: 19.0 kg
baggage is on conveyor belt-------
---------baggage detected by sensor------------- 
Baggage weighs: 18.78 kg
baggage is on conveyor belt-------
---------baggage detected by sensor------------- 
Baggage weighs: 20.31 kg
baggage is on conveyor belt-------
---------baggage detected by sensor------------- 
Baggage weighs: 21.25 kg
baggage is on conveyor belt-------
---------baggage detected by sensor------------- 
Baggage weighs: 18.87 kg
baggage is on conveyor belt-------
---------baggage detected by sensor------------- 
Baggage weighs: 16.25 kg
baggage is on conveyor belt-------
---------baggage detected by sensor------------- 
Baggage weighs: 19.94 kg
baggage is on conveyor belt-------
---------baggage detected by sensor------------- 
Baggage weighs: 16.88 kg
baggage is on conveyor belt-------
---------baggage detected by sensor------------- 
Baggage weighs: 18.24 kg
baggage is on conveyor belt-------
---------baggage detected by sensor------------- 
Baggage weighs: 17.16 kg
baggage is on conveyor belt-------
---------baggage detected by sensor------------- 
Baggage weighs: 19.34 kg
baggage is on conveyor belt-------
---------baggage detected by sensor------------- 
Baggage weighs: 22.41 kg
baggage is on conveyor belt-------
---------baggage detected by sensor------------- 
Baggage weighs: 20.47 kg
baggage is on conveyor belt-------
---------baggage detected by sensor------------- 
Baggage weighs: 18.81 kg
baggage is on conveyor belt-------
---------baggage detected by sensor------------- 
Baggage weighs: 18.56 kg
baggage is on conveyor belt-------
---------baggage detected by sensor------------- 
Baggage weighs: 17.77 kg
baggage is on conveyor belt-------
---------baggage detected by sensor------------- 
Baggage weighs: 19.32 kg
baggage is on conveyor belt-------
---------baggage detected by sensor------------- 
Baggage weighs: 19.21 kg
baggage is on conveyor belt-------
---------baggage detected by sensor------------- 
Baggage weighs: 19.13 kg
baggage is on conveyor belt-------
---------baggage detected by sensor------------- 
Baggage weighs: 20.39 kg
baggage is on conveyor belt-------
---------baggage detected by sensor------------- 
Baggage weighs: 21.03 kg
baggage is on conveyor belt-------
---------baggage detected by sensor------------- 
Baggage weighs: 20.05 kg
baggage is on conveyor belt-------
---------baggage detected by sensor------------- 
Baggage weighs: 21.92 kg
baggage is on conveyor belt-------
---------baggage detected by sensor------------- 
Baggage weighs: 19.37 kg
baggage is on conveyor belt-------
---------baggage detected by sensor------------- 
Baggage weighs: 20.35 kg
baggage is on conveyor belt-------
---------baggage detected by sensor------------- 
Baggage weighs: 18.73 kg
baggage is on conveyor belt-------
---------baggage detected by sensor------------- 
Baggage weighs: 20.33 kg
baggage is on conveyor belt-------
---------baggage detected by sensor------------- 
Baggage weighs: 22.01 kg
baggage is on conveyor belt-------
---------baggage detected by sensor------------- 
Baggage weighs: 19.27 kg
baggage is on conveyor belt-------
---------baggage detected by sensor------------- 
Baggage weighs: 21.18 kg
baggage is on conveyor belt-------
---------baggage detected by sensor------------- 
Baggage weighs: 17.16 kg
baggage is on conveyor belt-------
---------baggage detected by sensor------------- 
Baggage weighs: 20.04 kg
baggage is on conveyor belt-------
---------baggage detected by sensor------------- 
Baggage weighs: 20.91 kg
baggage is on conveyor belt-------
---------baggage detected by sensor------------- 
Baggage weighs: 20.3 kg
baggage is on conveyor belt-------
---------baggage detected by sensor------------- 
Baggage weighs: 20.38 kg
baggage is on conveyor belt-------
---------baggage detected by sensor------------- 
Baggage weighs: 16.54 kg
baggage is on conveyor belt-------
---------baggage detected by sensor------------- 
Baggage weighs: 18.87 kg
baggage is on conveyor belt-------
---------baggage detected by sensor------------- 
Baggage weighs: 20.22 kg
baggage is on conveyor belt-------
---------baggage detected by sensor------------- 
Baggage weighs: 20.75 kg
baggage is on conveyor belt-------
---------baggage detected by sensor------------- 
Baggage weighs: 17.4 kg
baggage is on conveyor belt-------
---------baggage detected by sensor------------- 
Baggage weighs: 20.27 kg
baggage is on conveyor belt-------
---------baggage detected by sensor------------- 
Baggage weighs: 17.04 kg
baggage is on conveyor belt-------
---------baggage detected by sensor------------- 
Baggage weighs: 19.84 kg
baggage is on conveyor belt-------
---------baggage detected by sensor------------- 
Baggage weighs: 17.34 kg
baggage is on conveyor belt-------
---------baggage detected by sensor------------- 
Baggage weighs: 18.75 kg
baggage is on conveyor belt-------
---------baggage detected by sensor------------- 
Baggage weighs: 19.12 kg
baggage is on conveyor belt-------
---------baggage detected by sensor------------- 
Baggage weighs: 18.29 kg
baggage is on conveyor belt-------
---------baggage detected by sensor------------- 
Baggage weighs: 17.94 kg
baggage is on conveyor belt-------
---------baggage detected by sensor------------- 
Baggage weighs: 19.09 kg
baggage is on conveyor belt-------
---------baggage detected by sensor------------- 
Baggage weighs: 22.39 kg
baggage is on conveyor belt-------
---------baggage detected by sensor------------- 
Baggage weighs: 21.23 kg
baggage is on conveyor belt-------
---------baggage detected by sensor------------- 
Baggage weighs: 17.56 kg
baggage is on conveyor belt-------
---------baggage detected by sensor------------- 
Baggage weighs: 18.37 kg
baggage is on conveyor belt-------
---------baggage detected by sensor------------- 
Baggage weighs: 21.4 kg
baggage is on conveyor belt-------
---------baggage detected by sensor------------- 
Baggage weighs: 20.25 kg
baggage is on conveyor belt-------
---------baggage detected by sensor------------- 
Baggage weighs: 23.0 kg
baggage is on conveyor belt-------
---------baggage detected by sensor------------- 
Baggage weighs: 17.01 kg
baggage is on conveyor belt-------
---------baggage detected by sensor------------- 
Baggage weighs: 17.39 kg
baggage is on conveyor belt-------
---------baggage detected by sensor------------- 
Baggage weighs: 16.7 kg
baggage is on conveyor belt-------
---------baggage detected by sensor------------- 
Baggage weighs: 16.23 kg
baggage is on conveyor belt-------
---------baggage detected by sensor------------- 
Baggage weighs: 19.13 kg
baggage is on conveyor belt-------
---------baggage detected by sensor------------- 
Baggage weighs: 21.07 kg
baggage is on conveyor belt-------
---------baggage detected by sensor------------- 
Baggage weighs: 17.87 kg
baggage is on conveyor belt-------
---------baggage detected by sensor------------- 
Baggage weighs: 19.92 kg
baggage is on conveyor belt-------
---------baggage detected by sensor------------- 
Baggage weighs: 19.22 kg
baggage is on conveyor belt-------
---------baggage detected by sensor------------- 
Baggage weighs: 21.53 kg
baggage is on conveyor belt-------
---------baggage detected by sensor------------- 
Baggage weighs: 20.29 kg
baggage is on conveyor belt-------
---------baggage detected by sensor------------- 
Baggage weighs: 19.32 kg
baggage is on conveyor belt-------
---------baggage detected by sensor------------- 
Baggage weighs: 17.25 kg
baggage is on conveyor belt-------
---------baggage detected by sensor------------- 
Baggage weighs: 21.3 kg
baggage is on conveyor belt-------
---------baggage detected by sensor------------- 
Baggage weighs: 16.79 kg
baggage is on conveyor belt-------
---------baggage detected by sensor------------- 
Baggage weighs: 19.55 kg
baggage is on conveyor belt-------
---------baggage detected by sensor------------- 
Baggage weighs: 18.88 kg
baggage is on conveyor belt-------
---------baggage detected by sensor------------- 
Baggage weighs: 22.33 kg
baggage is on conveyor belt-------
---------baggage detected by sensor------------- 
Baggage weighs: 20.62 kg
baggage is on conveyor belt-------
---------baggage detected by sensor------------- 
Baggage weighs: 19.42 kg
baggage is on conveyor belt-------
---------baggage detected by sensor------------- 
Baggage weighs: 17.54 kg
baggage is on conveyor belt-------
---------baggage detected by sensor------------- 
Baggage weighs: 21.51 kg
baggage is on conveyor belt-------
---------baggage detected by sensor------------- 
Baggage weighs: 19.46 kg
baggage is on conveyor belt-------
---------baggage detected by sensor------------- 
Baggage weighs: 17.83 kg
baggage is on conveyor belt-------
---------baggage detected by sensor------------- 
Baggage weighs: 17.75 kg
baggage is on conveyor belt-------
---------baggage detected by sensor------------- 
Baggage weighs: 17.44 kg
baggage is on conveyor belt-------
---------baggage detected by sensor------------- 
Baggage weighs: 19.53 kg
baggage is on conveyor belt-------
---------baggage detected by sensor------------- 
Baggage weighs: 17.51 kg
baggage is on conveyor belt-------
---------baggage detected by sensor------------- 
Baggage weighs: 18.2 kg
baggage is on conveyor belt-------
---------baggage detected by sensor------------- 
Baggage weighs: 21.55 kg
baggage is on conveyor belt-------
---------baggage detected by sensor------------- 
Baggage weighs: 19.67 kg
baggage is on conveyor belt-------
---------baggage detected by sensor------------- 
Baggage weighs: 19.52 kg
baggage is on conveyor belt-------
---------baggage detected by sensor------------- 
Baggage weighs: 21.06 kg
baggage is on conveyor belt-------
---------baggage detected by sensor------------- 
Baggage weighs: 17.44 kg
baggage is on conveyor belt-------
---------baggage detected by sensor------------- 
Baggage weighs: 19.21 kg
baggage is on conveyor belt-------
---------baggage detected by sensor------------- 
Baggage weighs: 21.65 kg
baggage is on conveyor belt-------
---------baggage detected by sensor------------- 
Baggage weighs: 19.64 kg
baggage is on conveyor belt-------
---------baggage detected by sensor------------- 
Baggage weighs: 21.03 kg
baggage is on conveyor belt-------
---------baggage detected by sensor------------- 
Baggage weighs: 19.76 kg
baggage is on conveyor belt-------
---------baggage detected by sensor------------- 
Baggage weighs: 21.01 kg
baggage is on conveyor belt-------
---------baggage detected by sensor------------- 
Baggage weighs: 19.11 kg
baggage is on conveyor belt-------
---------baggage detected by sensor------------- 
Baggage weighs: 18.54 kg
baggage is on conveyor belt-------
---------baggage detected by sensor------------- 
Baggage weighs: 16.86 kg
baggage is on conveyor belt-------
---------baggage detected by sensor------------- 
Baggage weighs: 16.59 kg
baggage is on conveyor belt-------
---------baggage detected by sensor------------- 
Baggage weighs: 19.26 kg
baggage is on conveyor belt-------
---------baggage detected by sensor------------- 
Baggage weighs: 18.34 kg
baggage is on conveyor belt-------
---------baggage detected by sensor------------- 
Baggage weighs: 19.09 kg
baggage is on conveyor belt-------
---------baggage detected by sensor------------- 
Baggage weighs: 22.38 kg
baggage is on conveyor belt-------
---------baggage detected by sensor------------- 
Baggage weighs: 22.12 kg
baggage is on conveyor belt-------
---------baggage detected by sensor------------- 
Baggage weighs: 16.75 kg
baggage is on conveyor belt-------
---------baggage detected by sensor------------- 
Baggage weighs: 20.36 kg
baggage is on conveyor belt-------
---------baggage detected by sensor------------- 
Baggage weighs: 20.94 kg
baggage is on conveyor belt-------
---------baggage detected by sensor------------- 
Baggage weighs: 19.8 kg
baggage is on conveyor belt-------
---------baggage detected by sensor------------- 
Baggage weighs: 19.12 kg
baggage is on conveyor belt-------
---------baggage detected by sensor------------- 
Baggage weighs: 16.93 kg
baggage is on conveyor belt-------
---------baggage detected by sensor------------- 
Baggage weighs: 20.48 kg
baggage is on conveyor belt-------
---------baggage detected by sensor------------- 
Baggage weighs: 17.63 kg
baggage is on conveyor belt-------
---------baggage detected by sensor------------- 
Baggage weighs: 19.86 kg
baggage is on conveyor belt-------
---------baggage detected by sensor------------- 
Baggage weighs: 19.4 kg
baggage is on conveyor belt-------
---------baggage detected by sensor------------- 
Baggage weighs: 19.0 kg
baggage is on conveyor belt-------
---------baggage detected by sensor------------- 
Baggage weighs: 20.5 kg
baggage is on conveyor belt-------
---------baggage detected by sensor------------- 
Baggage weighs: 21.9 kg
baggage is on conveyor belt-------
---------baggage detected by sensor------------- 
Baggage weighs: 19.82 kg
baggage is on conveyor belt-------
---------baggage detected by sensor------------- 
Baggage weighs: 18.98 kg
baggage is on conveyor belt-------
---------baggage detected by sensor------------- 
Baggage weighs: 19.28 kg
baggage is on conveyor belt-------
---------baggage detected by sensor------------- 
Baggage weighs: 18.06 kg
baggage is on conveyor belt-------
---------baggage detected by sensor------------- 
Baggage weighs: 20.2 kg
baggage is on conveyor belt-------
---------baggage detected by sensor------------- 
Baggage weighs: 19.74 kg
baggage is on conveyor belt-------
---------baggage detected by sensor------------- 
Baggage weighs: 17.44 kg
baggage is on conveyor belt-------
---------baggage detected by sensor------------- 
Baggage weighs: 19.36 kg
baggage is on conveyor belt-------
---------baggage detected by sensor------------- 
Baggage weighs: 20.4 kg
baggage is on conveyor belt-------
---------baggage detected by sensor------------- 
Baggage weighs: 18.92 kg
baggage is on conveyor belt-------
---------baggage detected by sensor------------- 
Baggage weighs: 18.48 kg
baggage is on conveyor belt-------
---------baggage detected by sensor------------- 
Baggage weighs: 17.34 kg
baggage is on conveyor belt-------
---------baggage detected by sensor------------- 
Baggage weighs: 20.57 kg
baggage is on conveyor belt-------
---------baggage detected by sensor------------- 
Baggage weighs: 17.19 kg
baggage is on conveyor belt-------
---------baggage detected by sensor------------- 
Baggage weighs: 18.25 kg
baggage is on conveyor belt-------
---------baggage detected by sensor------------- 
Baggage weighs: 19.29 kg
baggage is on conveyor belt-------
---------baggage detected by sensor------------- 
Baggage weighs: 16.86 kg
baggage is on conveyor belt-------
---------baggage detected by sensor------------- 
Baggage weighs: 19.34 kg
baggage is on conveyor belt-------
---------baggage detected by sensor------------- 
Baggage weighs: 19.32 kg
baggage is on conveyor belt-------
---------baggage detected by sensor------------- 
Baggage weighs: 18.15 kg
baggage is on conveyor belt-------
---------baggage detected by sensor------------- 
Baggage weighs: 18.98 kg
baggage is on conveyor belt-------
---------baggage detected by sensor------------- 
Baggage weighs: 21.84 kg
baggage is on conveyor belt-------
---------baggage detected by sensor------------- 
Baggage weighs: 20.53 kg
baggage is on conveyor belt-------
---------baggage detected by sensor------------- 
Baggage weighs: 20.62 kg
baggage is on conveyor belt-------
---------baggage detected by sensor------------- 
Baggage weighs: 20.7 kg
baggage is on conveyor belt-------
---------baggage detected by sensor------------- 
Baggage weighs: 19.64 kg
baggage is on conveyor belt-------
---------baggage detected by sensor------------- 
Baggage weighs: 16.11 kg
baggage is on conveyor belt-------
---------baggage detected by sensor------------- 
Baggage weighs: 22.24 kg
baggage is on conveyor belt-------
---------baggage detected by sensor------------- 
Baggage weighs: 21.47 kg
baggage is on conveyor belt-------
---------baggage detected by sensor------------- 
Baggage weighs: 20.73 kg
baggage is on conveyor belt-------
---------baggage detected by sensor------------- 
Baggage weighs: 19.51 kg
baggage is on conveyor belt-------
---------baggage detected by sensor------------- 
Baggage weighs: 20.11 kg
baggage is on conveyor belt-------
---------baggage detected by sensor------------- 
Baggage weighs: 20.36 kg
baggage is on conveyor belt-------
---------baggage detected by sensor------------- 
Baggage weighs: 18.84 kg
baggage is on conveyor belt-------
---------baggage detected by sensor------------- 
Baggage weighs: 22.61 kg
baggage is on conveyor belt-------
---------baggage detected by sensor------------- 
Baggage weighs: 20.07 kg
baggage is on conveyor belt-------
---------baggage detected by sensor------------- 
Baggage weighs: 20.28 kg
baggage is on conveyor belt-------
---------baggage detected by sensor------------- 
Baggage weighs: 17.9 kg
baggage is on conveyor belt-------
---------baggage detected by sensor------------- 
Baggage weighs: 18.13 kg
baggage is on conveyor belt-------
---------baggage detected by sensor------------- 
Baggage weighs: 18.32 kg
baggage is on conveyor belt-------
---------baggage detected by sensor------------- 
Baggage weighs: 19.3 kg
baggage is on conveyor belt-------
---------baggage detected by sensor------------- 
Baggage weighs: 21.34 kg
baggage is on conveyor belt-------
---------baggage detected by sensor------------- 
Baggage weighs: 19.74 kg
baggage is on conveyor belt-------
---------baggage detected by sensor------------- 
Baggage weighs: 18.46 kg
baggage is on conveyor belt-------
---------baggage detected by sensor------------- 
Baggage weighs: 19.49 kg
baggage is on conveyor belt-------
---------baggage detected by sensor------------- 
Baggage weighs: 17.97 kg
baggage is on conveyor belt-------
---------baggage detected by sensor------------- 
Baggage weighs: 21.32 kg
baggage is on conveyor belt-------
---------baggage detected by sensor------------- 
Baggage weighs: 16.41 kg
baggage is on conveyor belt-------
---------baggage detected by sensor------------- 
Baggage weighs: 16.36 kg
baggage is on conveyor belt-------
---------baggage detected by sensor------------- 
Baggage weighs: 16.24 kg
baggage is on conveyor belt-------
---------baggage detected by sensor------------- 
Baggage weighs: 16.65 kg
baggage is on conveyor belt-------
---------baggage detected by sensor------------- 
Baggage weighs: 20.17 kg
baggage is on conveyor belt-------
---------baggage detected by sensor------------- 
Baggage weighs: 21.08 kg
baggage is on conveyor belt-------
---------baggage detected by sensor------------- 
Baggage weighs: 18.0 kg
baggage is on conveyor belt-------
---------baggage detected by sensor------------- 
Baggage weighs: 17.49 kg
baggage is on conveyor belt-------
---------baggage detected by sensor------------- 
Baggage weighs: 19.3 kg
baggage is on conveyor belt-------
---------baggage detected by sensor------------- 
Baggage weighs: 18.34 kg
baggage is on conveyor belt-------
---------baggage detected by sensor------------- 
Baggage weighs: 19.57 kg
baggage is on conveyor belt-------
---------baggage detected by sensor------------- 
Baggage weighs: 18.99 kg
baggage is on conveyor belt-------
---------baggage detected by sensor------------- 
Baggage weighs: 20.13 kg
baggage is on conveyor belt-------
---------baggage detected by sensor------------- 
Baggage weighs: 21.59 kg
baggage is on conveyor belt-------
---------baggage detected by sensor------------- 
Baggage weighs: 17.75 kg
baggage is on conveyor belt-------
---------baggage detected by sensor------------- 
Baggage weighs: 18.88 kg
baggage is on conveyor belt-------
---------baggage detected by sensor------------- 
Baggage weighs: 17.64 kg
baggage is on conveyor belt-------
---------baggage detected by sensor------------- 
Baggage weighs: 17.28 kg
baggage is on conveyor belt-------
---------baggage detected by sensor------------- 
Baggage weighs: 19.89 kg
baggage is on conveyor belt-------
---------baggage detected by sensor------------- 
Baggage weighs: 16.14 kg
baggage is on conveyor belt-------
---------baggage detected by sensor------------- 
Baggage weighs: 19.6 kg
baggage is on conveyor belt-------
---------baggage detected by sensor------------- 
Baggage weighs: 19.1 kg
Seat with ID: 37D has been reserved for you!

BOARDING PASS FOR FLORENTINO MCFARLAND
-----------------------------------------------------------------------------
LUFTHANSA                      0b5ksmle6vbu7cu /  Florentino Mcfarland
Florentino Mcfarland                                     /  0b5ksmle6vbu7cu
FRA   LH2121   E  30.Oct                       /  FRA
HKG                                            /  HKG
SEAT ID: 37D                                   /  LH2121 E 30.Oct
SEQ: 201                                      / GATE: A05   22:00
MAX 1  HANDLUGGAGE/ LUGGAGE
-----------------------------------------------------------------------------
sorry Florentino Mcfarland we have no voucher for you! Have a nice day!

---------------------------------------------------------------------------------------------------------------
scanning passport with passport id: LMEYRWGO8
searching for ticket in fast bag drop database..............
Ticket found for Jame Walsh and Flight LH2121
----searching flight seat for Jame Walsh---------
Found a seat with ID 37E
Below details were found in database
------------------------------------------
Name: Jame Walsh
Flight ID: LH2121
Source: FRA
Destination: HKG
Gate No: A05
Boarding time: 22:00
Ticket ID: ug05m1rwdsvogkh
Booking Class: E
------------------------------------------

Proceed with check-in for flight LH2121 ?
Type YES to CHECK-IN or NO to cancel CHECK-IN
Jame Walsh is deciding whether to check-in or to go back home and sleep............
YES CHECK-IN
Checking you in...............
baggage is on conveyor belt-------
---------baggage detected by sensor------------- 
Baggage weighs: 21.58 kg
baggage is on conveyor belt-------
---------baggage detected by sensor------------- 
Baggage weighs: 20.43 kg
baggage is on conveyor belt-------
---------baggage detected by sensor------------- 
Baggage weighs: 18.47 kg
baggage is on conveyor belt-------
---------baggage detected by sensor------------- 
Baggage weighs: 17.86 kg
baggage is on conveyor belt-------
---------baggage detected by sensor------------- 
Baggage weighs: 18.65 kg
baggage is on conveyor belt-------
---------baggage detected by sensor------------- 
Baggage weighs: 19.27 kg
baggage is on conveyor belt-------
---------baggage detected by sensor------------- 
Baggage weighs: 17.42 kg
baggage is on conveyor belt-------
---------baggage detected by sensor------------- 
Baggage weighs: 19.16 kg
baggage is on conveyor belt-------
---------baggage detected by sensor------------- 
Baggage weighs: 19.52 kg
baggage is on conveyor belt-------
---------baggage detected by sensor------------- 
Baggage weighs: 17.51 kg
baggage is on conveyor belt-------
---------baggage detected by sensor------------- 
Baggage weighs: 17.38 kg
baggage is on conveyor belt-------
---------baggage detected by sensor------------- 
Baggage weighs: 18.67 kg
baggage is on conveyor belt-------
---------baggage detected by sensor------------- 
Baggage weighs: 16.98 kg
baggage is on conveyor belt-------
---------baggage detected by sensor------------- 
Baggage weighs: 21.26 kg
baggage is on conveyor belt-------
---------baggage detected by sensor------------- 
Baggage weighs: 18.3 kg
baggage is on conveyor belt-------
---------baggage detected by sensor------------- 
Baggage weighs: 16.81 kg
baggage is on conveyor belt-------
---------baggage detected by sensor------------- 
Baggage weighs: 20.91 kg
baggage is on conveyor belt-------
---------baggage detected by sensor------------- 
Baggage weighs: 21.21 kg
baggage is on conveyor belt-------
---------baggage detected by sensor------------- 
Baggage weighs: 19.69 kg
baggage is on conveyor belt-------
---------baggage detected by sensor------------- 
Baggage weighs: 18.67 kg
baggage is on conveyor belt-------
---------baggage detected by sensor------------- 
Baggage weighs: 19.12 kg
baggage is on conveyor belt-------
---------baggage detected by sensor------------- 
Baggage weighs: 16.42 kg
baggage is on conveyor belt-------
---------baggage detected by sensor------------- 
Baggage weighs: 19.17 kg
baggage is on conveyor belt-------
---------baggage detected by sensor------------- 
Baggage weighs: 19.0 kg
baggage is on conveyor belt-------
---------baggage detected by sensor------------- 
Baggage weighs: 18.78 kg
baggage is on conveyor belt-------
---------baggage detected by sensor------------- 
Baggage weighs: 20.31 kg
baggage is on conveyor belt-------
---------baggage detected by sensor------------- 
Baggage weighs: 21.25 kg
baggage is on conveyor belt-------
---------baggage detected by sensor------------- 
Baggage weighs: 18.87 kg
baggage is on conveyor belt-------
---------baggage detected by sensor------------- 
Baggage weighs: 16.25 kg
baggage is on conveyor belt-------
---------baggage detected by sensor------------- 
Baggage weighs: 19.94 kg
baggage is on conveyor belt-------
---------baggage detected by sensor------------- 
Baggage weighs: 16.88 kg
baggage is on conveyor belt-------
---------baggage detected by sensor------------- 
Baggage weighs: 18.24 kg
baggage is on conveyor belt-------
---------baggage detected by sensor------------- 
Baggage weighs: 17.16 kg
baggage is on conveyor belt-------
---------baggage detected by sensor------------- 
Baggage weighs: 19.34 kg
baggage is on conveyor belt-------
---------baggage detected by sensor------------- 
Baggage weighs: 22.41 kg
baggage is on conveyor belt-------
---------baggage detected by sensor------------- 
Baggage weighs: 20.47 kg
baggage is on conveyor belt-------
---------baggage detected by sensor------------- 
Baggage weighs: 18.81 kg
baggage is on conveyor belt-------
---------baggage detected by sensor------------- 
Baggage weighs: 18.56 kg
baggage is on conveyor belt-------
---------baggage detected by sensor------------- 
Baggage weighs: 17.77 kg
baggage is on conveyor belt-------
---------baggage detected by sensor------------- 
Baggage weighs: 19.32 kg
baggage is on conveyor belt-------
---------baggage detected by sensor------------- 
Baggage weighs: 19.21 kg
baggage is on conveyor belt-------
---------baggage detected by sensor------------- 
Baggage weighs: 19.13 kg
baggage is on conveyor belt-------
---------baggage detected by sensor------------- 
Baggage weighs: 20.39 kg
baggage is on conveyor belt-------
---------baggage detected by sensor------------- 
Baggage weighs: 21.03 kg
baggage is on conveyor belt-------
---------baggage detected by sensor------------- 
Baggage weighs: 20.05 kg
baggage is on conveyor belt-------
---------baggage detected by sensor------------- 
Baggage weighs: 21.92 kg
baggage is on conveyor belt-------
---------baggage detected by sensor------------- 
Baggage weighs: 19.37 kg
baggage is on conveyor belt-------
---------baggage detected by sensor------------- 
Baggage weighs: 20.35 kg
baggage is on conveyor belt-------
---------baggage detected by sensor------------- 
Baggage weighs: 18.73 kg
baggage is on conveyor belt-------
---------baggage detected by sensor------------- 
Baggage weighs: 20.33 kg
baggage is on conveyor belt-------
---------baggage detected by sensor------------- 
Baggage weighs: 22.01 kg
baggage is on conveyor belt-------
---------baggage detected by sensor------------- 
Baggage weighs: 19.27 kg
baggage is on conveyor belt-------
---------baggage detected by sensor------------- 
Baggage weighs: 21.18 kg
baggage is on conveyor belt-------
---------baggage detected by sensor------------- 
Baggage weighs: 17.16 kg
baggage is on conveyor belt-------
---------baggage detected by sensor------------- 
Baggage weighs: 20.04 kg
baggage is on conveyor belt-------
---------baggage detected by sensor------------- 
Baggage weighs: 20.91 kg
baggage is on conveyor belt-------
---------baggage detected by sensor------------- 
Baggage weighs: 20.3 kg
baggage is on conveyor belt-------
---------baggage detected by sensor------------- 
Baggage weighs: 20.38 kg
baggage is on conveyor belt-------
---------baggage detected by sensor------------- 
Baggage weighs: 16.54 kg
baggage is on conveyor belt-------
---------baggage detected by sensor------------- 
Baggage weighs: 18.87 kg
baggage is on conveyor belt-------
---------baggage detected by sensor------------- 
Baggage weighs: 20.22 kg
baggage is on conveyor belt-------
---------baggage detected by sensor------------- 
Baggage weighs: 20.75 kg
baggage is on conveyor belt-------
---------baggage detected by sensor------------- 
Baggage weighs: 17.4 kg
baggage is on conveyor belt-------
---------baggage detected by sensor------------- 
Baggage weighs: 20.27 kg
baggage is on conveyor belt-------
---------baggage detected by sensor------------- 
Baggage weighs: 17.04 kg
baggage is on conveyor belt-------
---------baggage detected by sensor------------- 
Baggage weighs: 19.84 kg
baggage is on conveyor belt-------
---------baggage detected by sensor------------- 
Baggage weighs: 17.34 kg
baggage is on conveyor belt-------
---------baggage detected by sensor------------- 
Baggage weighs: 18.75 kg
baggage is on conveyor belt-------
---------baggage detected by sensor------------- 
Baggage weighs: 19.12 kg
baggage is on conveyor belt-------
---------baggage detected by sensor------------- 
Baggage weighs: 18.29 kg
baggage is on conveyor belt-------
---------baggage detected by sensor------------- 
Baggage weighs: 17.94 kg
baggage is on conveyor belt-------
---------baggage detected by sensor------------- 
Baggage weighs: 19.09 kg
baggage is on conveyor belt-------
---------baggage detected by sensor------------- 
Baggage weighs: 22.39 kg
baggage is on conveyor belt-------
---------baggage detected by sensor------------- 
Baggage weighs: 21.23 kg
baggage is on conveyor belt-------
---------baggage detected by sensor------------- 
Baggage weighs: 17.56 kg
baggage is on conveyor belt-------
---------baggage detected by sensor------------- 
Baggage weighs: 18.37 kg
baggage is on conveyor belt-------
---------baggage detected by sensor------------- 
Baggage weighs: 21.4 kg
baggage is on conveyor belt-------
---------baggage detected by sensor------------- 
Baggage weighs: 20.25 kg
baggage is on conveyor belt-------
---------baggage detected by sensor------------- 
Baggage weighs: 23.0 kg
baggage is on conveyor belt-------
---------baggage detected by sensor------------- 
Baggage weighs: 17.01 kg
baggage is on conveyor belt-------
---------baggage detected by sensor------------- 
Baggage weighs: 17.39 kg
baggage is on conveyor belt-------
---------baggage detected by sensor------------- 
Baggage weighs: 16.7 kg
baggage is on conveyor belt-------
---------baggage detected by sensor------------- 
Baggage weighs: 16.23 kg
baggage is on conveyor belt-------
---------baggage detected by sensor------------- 
Baggage weighs: 19.13 kg
baggage is on conveyor belt-------
---------baggage detected by sensor------------- 
Baggage weighs: 21.07 kg
baggage is on conveyor belt-------
---------baggage detected by sensor------------- 
Baggage weighs: 17.87 kg
baggage is on conveyor belt-------
---------baggage detected by sensor------------- 
Baggage weighs: 19.92 kg
baggage is on conveyor belt-------
---------baggage detected by sensor------------- 
Baggage weighs: 19.22 kg
baggage is on conveyor belt-------
---------baggage detected by sensor------------- 
Baggage weighs: 21.53 kg
baggage is on conveyor belt-------
---------baggage detected by sensor------------- 
Baggage weighs: 20.29 kg
baggage is on conveyor belt-------
---------baggage detected by sensor------------- 
Baggage weighs: 19.32 kg
baggage is on conveyor belt-------
---------baggage detected by sensor------------- 
Baggage weighs: 17.25 kg
baggage is on conveyor belt-------
---------baggage detected by sensor------------- 
Baggage weighs: 21.3 kg
baggage is on conveyor belt-------
---------baggage detected by sensor------------- 
Baggage weighs: 16.79 kg
baggage is on conveyor belt-------
---------baggage detected by sensor------------- 
Baggage weighs: 19.55 kg
baggage is on conveyor belt-------
---------baggage detected by sensor------------- 
Baggage weighs: 18.88 kg
baggage is on conveyor belt-------
---------baggage detected by sensor------------- 
Baggage weighs: 22.33 kg
baggage is on conveyor belt-------
---------baggage detected by sensor------------- 
Baggage weighs: 20.62 kg
baggage is on conveyor belt-------
---------baggage detected by sensor------------- 
Baggage weighs: 19.42 kg
baggage is on conveyor belt-------
---------baggage detected by sensor------------- 
Baggage weighs: 17.54 kg
baggage is on conveyor belt-------
---------baggage detected by sensor------------- 
Baggage weighs: 21.51 kg
baggage is on conveyor belt-------
---------baggage detected by sensor------------- 
Baggage weighs: 19.46 kg
baggage is on conveyor belt-------
---------baggage detected by sensor------------- 
Baggage weighs: 17.83 kg
baggage is on conveyor belt-------
---------baggage detected by sensor------------- 
Baggage weighs: 17.75 kg
baggage is on conveyor belt-------
---------baggage detected by sensor------------- 
Baggage weighs: 17.44 kg
baggage is on conveyor belt-------
---------baggage detected by sensor------------- 
Baggage weighs: 19.53 kg
baggage is on conveyor belt-------
---------baggage detected by sensor------------- 
Baggage weighs: 17.51 kg
baggage is on conveyor belt-------
---------baggage detected by sensor------------- 
Baggage weighs: 18.2 kg
baggage is on conveyor belt-------
---------baggage detected by sensor------------- 
Baggage weighs: 21.55 kg
baggage is on conveyor belt-------
---------baggage detected by sensor------------- 
Baggage weighs: 19.67 kg
baggage is on conveyor belt-------
---------baggage detected by sensor------------- 
Baggage weighs: 19.52 kg
baggage is on conveyor belt-------
---------baggage detected by sensor------------- 
Baggage weighs: 21.06 kg
baggage is on conveyor belt-------
---------baggage detected by sensor------------- 
Baggage weighs: 17.44 kg
baggage is on conveyor belt-------
---------baggage detected by sensor------------- 
Baggage weighs: 19.21 kg
baggage is on conveyor belt-------
---------baggage detected by sensor------------- 
Baggage weighs: 21.65 kg
baggage is on conveyor belt-------
---------baggage detected by sensor------------- 
Baggage weighs: 19.64 kg
baggage is on conveyor belt-------
---------baggage detected by sensor------------- 
Baggage weighs: 21.03 kg
baggage is on conveyor belt-------
---------baggage detected by sensor------------- 
Baggage weighs: 19.76 kg
baggage is on conveyor belt-------
---------baggage detected by sensor------------- 
Baggage weighs: 21.01 kg
baggage is on conveyor belt-------
---------baggage detected by sensor------------- 
Baggage weighs: 19.11 kg
baggage is on conveyor belt-------
---------baggage detected by sensor------------- 
Baggage weighs: 18.54 kg
baggage is on conveyor belt-------
---------baggage detected by sensor------------- 
Baggage weighs: 16.86 kg
baggage is on conveyor belt-------
---------baggage detected by sensor------------- 
Baggage weighs: 16.59 kg
baggage is on conveyor belt-------
---------baggage detected by sensor------------- 
Baggage weighs: 19.26 kg
baggage is on conveyor belt-------
---------baggage detected by sensor------------- 
Baggage weighs: 18.34 kg
baggage is on conveyor belt-------
---------baggage detected by sensor------------- 
Baggage weighs: 19.09 kg
baggage is on conveyor belt-------
---------baggage detected by sensor------------- 
Baggage weighs: 22.38 kg
baggage is on conveyor belt-------
---------baggage detected by sensor------------- 
Baggage weighs: 22.12 kg
baggage is on conveyor belt-------
---------baggage detected by sensor------------- 
Baggage weighs: 16.75 kg
baggage is on conveyor belt-------
---------baggage detected by sensor------------- 
Baggage weighs: 20.36 kg
baggage is on conveyor belt-------
---------baggage detected by sensor------------- 
Baggage weighs: 20.94 kg
baggage is on conveyor belt-------
---------baggage detected by sensor------------- 
Baggage weighs: 19.8 kg
baggage is on conveyor belt-------
---------baggage detected by sensor------------- 
Baggage weighs: 19.12 kg
baggage is on conveyor belt-------
---------baggage detected by sensor------------- 
Baggage weighs: 16.93 kg
baggage is on conveyor belt-------
---------baggage detected by sensor------------- 
Baggage weighs: 20.48 kg
baggage is on conveyor belt-------
---------baggage detected by sensor------------- 
Baggage weighs: 17.63 kg
baggage is on conveyor belt-------
---------baggage detected by sensor------------- 
Baggage weighs: 19.86 kg
baggage is on conveyor belt-------
---------baggage detected by sensor------------- 
Baggage weighs: 19.4 kg
baggage is on conveyor belt-------
---------baggage detected by sensor------------- 
Baggage weighs: 19.0 kg
baggage is on conveyor belt-------
---------baggage detected by sensor------------- 
Baggage weighs: 20.5 kg
baggage is on conveyor belt-------
---------baggage detected by sensor------------- 
Baggage weighs: 21.9 kg
baggage is on conveyor belt-------
---------baggage detected by sensor------------- 
Baggage weighs: 19.82 kg
baggage is on conveyor belt-------
---------baggage detected by sensor------------- 
Baggage weighs: 18.98 kg
baggage is on conveyor belt-------
---------baggage detected by sensor------------- 
Baggage weighs: 19.28 kg
baggage is on conveyor belt-------
---------baggage detected by sensor------------- 
Baggage weighs: 18.06 kg
baggage is on conveyor belt-------
---------baggage detected by sensor------------- 
Baggage weighs: 20.2 kg
baggage is on conveyor belt-------
---------baggage detected by sensor------------- 
Baggage weighs: 19.74 kg
baggage is on conveyor belt-------
---------baggage detected by sensor------------- 
Baggage weighs: 17.44 kg
baggage is on conveyor belt-------
---------baggage detected by sensor------------- 
Baggage weighs: 19.36 kg
baggage is on conveyor belt-------
---------baggage detected by sensor------------- 
Baggage weighs: 20.4 kg
baggage is on conveyor belt-------
---------baggage detected by sensor------------- 
Baggage weighs: 18.92 kg
baggage is on conveyor belt-------
---------baggage detected by sensor------------- 
Baggage weighs: 18.48 kg
baggage is on conveyor belt-------
---------baggage detected by sensor------------- 
Baggage weighs: 17.34 kg
baggage is on conveyor belt-------
---------baggage detected by sensor------------- 
Baggage weighs: 20.57 kg
baggage is on conveyor belt-------
---------baggage detected by sensor------------- 
Baggage weighs: 17.19 kg
baggage is on conveyor belt-------
---------baggage detected by sensor------------- 
Baggage weighs: 18.25 kg
baggage is on conveyor belt-------
---------baggage detected by sensor------------- 
Baggage weighs: 19.29 kg
baggage is on conveyor belt-------
---------baggage detected by sensor------------- 
Baggage weighs: 16.86 kg
baggage is on conveyor belt-------
---------baggage detected by sensor------------- 
Baggage weighs: 19.34 kg
baggage is on conveyor belt-------
---------baggage detected by sensor------------- 
Baggage weighs: 19.32 kg
baggage is on conveyor belt-------
---------baggage detected by sensor------------- 
Baggage weighs: 18.15 kg
baggage is on conveyor belt-------
---------baggage detected by sensor------------- 
Baggage weighs: 18.98 kg
baggage is on conveyor belt-------
---------baggage detected by sensor------------- 
Baggage weighs: 21.84 kg
baggage is on conveyor belt-------
---------baggage detected by sensor------------- 
Baggage weighs: 20.53 kg
baggage is on conveyor belt-------
---------baggage detected by sensor------------- 
Baggage weighs: 20.62 kg
baggage is on conveyor belt-------
---------baggage detected by sensor------------- 
Baggage weighs: 20.7 kg
baggage is on conveyor belt-------
---------baggage detected by sensor------------- 
Baggage weighs: 19.64 kg
baggage is on conveyor belt-------
---------baggage detected by sensor------------- 
Baggage weighs: 16.11 kg
baggage is on conveyor belt-------
---------baggage detected by sensor------------- 
Baggage weighs: 22.24 kg
baggage is on conveyor belt-------
---------baggage detected by sensor------------- 
Baggage weighs: 21.47 kg
baggage is on conveyor belt-------
---------baggage detected by sensor------------- 
Baggage weighs: 20.73 kg
baggage is on conveyor belt-------
---------baggage detected by sensor------------- 
Baggage weighs: 19.51 kg
baggage is on conveyor belt-------
---------baggage detected by sensor------------- 
Baggage weighs: 20.11 kg
baggage is on conveyor belt-------
---------baggage detected by sensor------------- 
Baggage weighs: 20.36 kg
baggage is on conveyor belt-------
---------baggage detected by sensor------------- 
Baggage weighs: 18.84 kg
baggage is on conveyor belt-------
---------baggage detected by sensor------------- 
Baggage weighs: 22.61 kg
baggage is on conveyor belt-------
---------baggage detected by sensor------------- 
Baggage weighs: 20.07 kg
baggage is on conveyor belt-------
---------baggage detected by sensor------------- 
Baggage weighs: 20.28 kg
baggage is on conveyor belt-------
---------baggage detected by sensor------------- 
Baggage weighs: 17.9 kg
baggage is on conveyor belt-------
---------baggage detected by sensor------------- 
Baggage weighs: 18.13 kg
baggage is on conveyor belt-------
---------baggage detected by sensor------------- 
Baggage weighs: 18.32 kg
baggage is on conveyor belt-------
---------baggage detected by sensor------------- 
Baggage weighs: 19.3 kg
baggage is on conveyor belt-------
---------baggage detected by sensor------------- 
Baggage weighs: 21.34 kg
baggage is on conveyor belt-------
---------baggage detected by sensor------------- 
Baggage weighs: 19.74 kg
baggage is on conveyor belt-------
---------baggage detected by sensor------------- 
Baggage weighs: 18.46 kg
baggage is on conveyor belt-------
---------baggage detected by sensor------------- 
Baggage weighs: 19.49 kg
baggage is on conveyor belt-------
---------baggage detected by sensor------------- 
Baggage weighs: 17.97 kg
baggage is on conveyor belt-------
---------baggage detected by sensor------------- 
Baggage weighs: 21.32 kg
baggage is on conveyor belt-------
---------baggage detected by sensor------------- 
Baggage weighs: 16.41 kg
baggage is on conveyor belt-------
---------baggage detected by sensor------------- 
Baggage weighs: 16.36 kg
baggage is on conveyor belt-------
---------baggage detected by sensor------------- 
Baggage weighs: 16.24 kg
baggage is on conveyor belt-------
---------baggage detected by sensor------------- 
Baggage weighs: 16.65 kg
baggage is on conveyor belt-------
---------baggage detected by sensor------------- 
Baggage weighs: 20.17 kg
baggage is on conveyor belt-------
---------baggage detected by sensor------------- 
Baggage weighs: 21.08 kg
baggage is on conveyor belt-------
---------baggage detected by sensor------------- 
Baggage weighs: 18.0 kg
baggage is on conveyor belt-------
---------baggage detected by sensor------------- 
Baggage weighs: 17.49 kg
baggage is on conveyor belt-------
---------baggage detected by sensor------------- 
Baggage weighs: 19.3 kg
baggage is on conveyor belt-------
---------baggage detected by sensor------------- 
Baggage weighs: 18.34 kg
baggage is on conveyor belt-------
---------baggage detected by sensor------------- 
Baggage weighs: 19.57 kg
baggage is on conveyor belt-------
---------baggage detected by sensor------------- 
Baggage weighs: 18.99 kg
baggage is on conveyor belt-------
---------baggage detected by sensor------------- 
Baggage weighs: 20.13 kg
baggage is on conveyor belt-------
---------baggage detected by sensor------------- 
Baggage weighs: 21.59 kg
baggage is on conveyor belt-------
---------baggage detected by sensor------------- 
Baggage weighs: 17.75 kg
baggage is on conveyor belt-------
---------baggage detected by sensor------------- 
Baggage weighs: 18.88 kg
baggage is on conveyor belt-------
---------baggage detected by sensor------------- 
Baggage weighs: 17.64 kg
baggage is on conveyor belt-------
---------baggage detected by sensor------------- 
Baggage weighs: 17.28 kg
baggage is on conveyor belt-------
---------baggage detected by sensor------------- 
Baggage weighs: 19.89 kg
baggage is on conveyor belt-------
---------baggage detected by sensor------------- 
Baggage weighs: 16.14 kg
baggage is on conveyor belt-------
---------baggage detected by sensor------------- 
Baggage weighs: 19.6 kg
baggage is on conveyor belt-------
---------baggage detected by sensor------------- 
Baggage weighs: 19.1 kg
baggage is on conveyor belt-------
---------baggage detected by sensor------------- 
Baggage weighs: 16.76 kg
Seat with ID: 37E has been reserved for you!

BOARDING PASS FOR JAME WALSH
-----------------------------------------------------------------------------
LUFTHANSA                      ug05m1rwdsvogkh /  Jame Walsh
Jame Walsh                                     /  ug05m1rwdsvogkh
FRA   LH2121   E  30.Oct                       /  FRA
HKG                                            /  HKG
SEAT ID: 37E                                   /  LH2121 E 30.Oct
SEQ: 202                                      / GATE: A05   22:00
MAX 1  HANDLUGGAGE/ LUGGAGE
-----------------------------------------------------------------------------
sorry Jame Walsh we have no voucher for you! Have a nice day!

---------------------------------------------------------------------------------------------------------------
scanning passport with passport id: CR5KOT67S
searching for ticket in fast bag drop database..............
Ticket found for Clement Kelley and Flight LH2121
----searching flight seat for Clement Kelley---------
Found a seat with ID 37G
Below details were found in database
------------------------------------------
Name: Clement Kelley
Flight ID: LH2121
Source: FRA
Destination: HKG
Gate No: A05
Boarding time: 22:00
Ticket ID: 5szryeni5f46pc0
Booking Class: E
------------------------------------------

Proceed with check-in for flight LH2121 ?
Type YES to CHECK-IN or NO to cancel CHECK-IN
Clement Kelley is deciding whether to check-in or to go back home and sleep............
YES CHECK-IN
Checking you in...............
baggage is on conveyor belt-------
---------baggage detected by sensor------------- 
Baggage weighs: 21.58 kg
baggage is on conveyor belt-------
---------baggage detected by sensor------------- 
Baggage weighs: 20.43 kg
baggage is on conveyor belt-------
---------baggage detected by sensor------------- 
Baggage weighs: 18.47 kg
baggage is on conveyor belt-------
---------baggage detected by sensor------------- 
Baggage weighs: 17.86 kg
baggage is on conveyor belt-------
---------baggage detected by sensor------------- 
Baggage weighs: 18.65 kg
baggage is on conveyor belt-------
---------baggage detected by sensor------------- 
Baggage weighs: 19.27 kg
baggage is on conveyor belt-------
---------baggage detected by sensor------------- 
Baggage weighs: 17.42 kg
baggage is on conveyor belt-------
---------baggage detected by sensor------------- 
Baggage weighs: 19.16 kg
baggage is on conveyor belt-------
---------baggage detected by sensor------------- 
Baggage weighs: 19.52 kg
baggage is on conveyor belt-------
---------baggage detected by sensor------------- 
Baggage weighs: 17.51 kg
baggage is on conveyor belt-------
---------baggage detected by sensor------------- 
Baggage weighs: 17.38 kg
baggage is on conveyor belt-------
---------baggage detected by sensor------------- 
Baggage weighs: 18.67 kg
baggage is on conveyor belt-------
---------baggage detected by sensor------------- 
Baggage weighs: 16.98 kg
baggage is on conveyor belt-------
---------baggage detected by sensor------------- 
Baggage weighs: 21.26 kg
baggage is on conveyor belt-------
---------baggage detected by sensor------------- 
Baggage weighs: 18.3 kg
baggage is on conveyor belt-------
---------baggage detected by sensor------------- 
Baggage weighs: 16.81 kg
baggage is on conveyor belt-------
---------baggage detected by sensor------------- 
Baggage weighs: 20.91 kg
baggage is on conveyor belt-------
---------baggage detected by sensor------------- 
Baggage weighs: 21.21 kg
baggage is on conveyor belt-------
---------baggage detected by sensor------------- 
Baggage weighs: 19.69 kg
baggage is on conveyor belt-------
---------baggage detected by sensor------------- 
Baggage weighs: 18.67 kg
baggage is on conveyor belt-------
---------baggage detected by sensor------------- 
Baggage weighs: 19.12 kg
baggage is on conveyor belt-------
---------baggage detected by sensor------------- 
Baggage weighs: 16.42 kg
baggage is on conveyor belt-------
---------baggage detected by sensor------------- 
Baggage weighs: 19.17 kg
baggage is on conveyor belt-------
---------baggage detected by sensor------------- 
Baggage weighs: 19.0 kg
baggage is on conveyor belt-------
---------baggage detected by sensor------------- 
Baggage weighs: 18.78 kg
baggage is on conveyor belt-------
---------baggage detected by sensor------------- 
Baggage weighs: 20.31 kg
baggage is on conveyor belt-------
---------baggage detected by sensor------------- 
Baggage weighs: 21.25 kg
baggage is on conveyor belt-------
---------baggage detected by sensor------------- 
Baggage weighs: 18.87 kg
baggage is on conveyor belt-------
---------baggage detected by sensor------------- 
Baggage weighs: 16.25 kg
baggage is on conveyor belt-------
---------baggage detected by sensor------------- 
Baggage weighs: 19.94 kg
baggage is on conveyor belt-------
---------baggage detected by sensor------------- 
Baggage weighs: 16.88 kg
baggage is on conveyor belt-------
---------baggage detected by sensor------------- 
Baggage weighs: 18.24 kg
baggage is on conveyor belt-------
---------baggage detected by sensor------------- 
Baggage weighs: 17.16 kg
baggage is on conveyor belt-------
---------baggage detected by sensor------------- 
Baggage weighs: 19.34 kg
baggage is on conveyor belt-------
---------baggage detected by sensor------------- 
Baggage weighs: 22.41 kg
baggage is on conveyor belt-------
---------baggage detected by sensor------------- 
Baggage weighs: 20.47 kg
baggage is on conveyor belt-------
---------baggage detected by sensor------------- 
Baggage weighs: 18.81 kg
baggage is on conveyor belt-------
---------baggage detected by sensor------------- 
Baggage weighs: 18.56 kg
baggage is on conveyor belt-------
---------baggage detected by sensor------------- 
Baggage weighs: 17.77 kg
baggage is on conveyor belt-------
---------baggage detected by sensor------------- 
Baggage weighs: 19.32 kg
baggage is on conveyor belt-------
---------baggage detected by sensor------------- 
Baggage weighs: 19.21 kg
baggage is on conveyor belt-------
---------baggage detected by sensor------------- 
Baggage weighs: 19.13 kg
baggage is on conveyor belt-------
---------baggage detected by sensor------------- 
Baggage weighs: 20.39 kg
baggage is on conveyor belt-------
---------baggage detected by sensor------------- 
Baggage weighs: 21.03 kg
baggage is on conveyor belt-------
---------baggage detected by sensor------------- 
Baggage weighs: 20.05 kg
baggage is on conveyor belt-------
---------baggage detected by sensor------------- 
Baggage weighs: 21.92 kg
baggage is on conveyor belt-------
---------baggage detected by sensor------------- 
Baggage weighs: 19.37 kg
baggage is on conveyor belt-------
---------baggage detected by sensor------------- 
Baggage weighs: 20.35 kg
baggage is on conveyor belt-------
---------baggage detected by sensor------------- 
Baggage weighs: 18.73 kg
baggage is on conveyor belt-------
---------baggage detected by sensor------------- 
Baggage weighs: 20.33 kg
baggage is on conveyor belt-------
---------baggage detected by sensor------------- 
Baggage weighs: 22.01 kg
baggage is on conveyor belt-------
---------baggage detected by sensor------------- 
Baggage weighs: 19.27 kg
baggage is on conveyor belt-------
---------baggage detected by sensor------------- 
Baggage weighs: 21.18 kg
baggage is on conveyor belt-------
---------baggage detected by sensor------------- 
Baggage weighs: 17.16 kg
baggage is on conveyor belt-------
---------baggage detected by sensor------------- 
Baggage weighs: 20.04 kg
baggage is on conveyor belt-------
---------baggage detected by sensor------------- 
Baggage weighs: 20.91 kg
baggage is on conveyor belt-------
---------baggage detected by sensor------------- 
Baggage weighs: 20.3 kg
baggage is on conveyor belt-------
---------baggage detected by sensor------------- 
Baggage weighs: 20.38 kg
baggage is on conveyor belt-------
---------baggage detected by sensor------------- 
Baggage weighs: 16.54 kg
baggage is on conveyor belt-------
---------baggage detected by sensor------------- 
Baggage weighs: 18.87 kg
baggage is on conveyor belt-------
---------baggage detected by sensor------------- 
Baggage weighs: 20.22 kg
baggage is on conveyor belt-------
---------baggage detected by sensor------------- 
Baggage weighs: 20.75 kg
baggage is on conveyor belt-------
---------baggage detected by sensor------------- 
Baggage weighs: 17.4 kg
baggage is on conveyor belt-------
---------baggage detected by sensor------------- 
Baggage weighs: 20.27 kg
baggage is on conveyor belt-------
---------baggage detected by sensor------------- 
Baggage weighs: 17.04 kg
baggage is on conveyor belt-------
---------baggage detected by sensor------------- 
Baggage weighs: 19.84 kg
baggage is on conveyor belt-------
---------baggage detected by sensor------------- 
Baggage weighs: 17.34 kg
baggage is on conveyor belt-------
---------baggage detected by sensor------------- 
Baggage weighs: 18.75 kg
baggage is on conveyor belt-------
---------baggage detected by sensor------------- 
Baggage weighs: 19.12 kg
baggage is on conveyor belt-------
---------baggage detected by sensor------------- 
Baggage weighs: 18.29 kg
baggage is on conveyor belt-------
---------baggage detected by sensor------------- 
Baggage weighs: 17.94 kg
baggage is on conveyor belt-------
---------baggage detected by sensor------------- 
Baggage weighs: 19.09 kg
baggage is on conveyor belt-------
---------baggage detected by sensor------------- 
Baggage weighs: 22.39 kg
baggage is on conveyor belt-------
---------baggage detected by sensor------------- 
Baggage weighs: 21.23 kg
baggage is on conveyor belt-------
---------baggage detected by sensor------------- 
Baggage weighs: 17.56 kg
baggage is on conveyor belt-------
---------baggage detected by sensor------------- 
Baggage weighs: 18.37 kg
baggage is on conveyor belt-------
---------baggage detected by sensor------------- 
Baggage weighs: 21.4 kg
baggage is on conveyor belt-------
---------baggage detected by sensor------------- 
Baggage weighs: 20.25 kg
baggage is on conveyor belt-------
---------baggage detected by sensor------------- 
Baggage weighs: 23.0 kg
baggage is on conveyor belt-------
---------baggage detected by sensor------------- 
Baggage weighs: 17.01 kg
baggage is on conveyor belt-------
---------baggage detected by sensor------------- 
Baggage weighs: 17.39 kg
baggage is on conveyor belt-------
---------baggage detected by sensor------------- 
Baggage weighs: 16.7 kg
baggage is on conveyor belt-------
---------baggage detected by sensor------------- 
Baggage weighs: 16.23 kg
baggage is on conveyor belt-------
---------baggage detected by sensor------------- 
Baggage weighs: 19.13 kg
baggage is on conveyor belt-------
---------baggage detected by sensor------------- 
Baggage weighs: 21.07 kg
baggage is on conveyor belt-------
---------baggage detected by sensor------------- 
Baggage weighs: 17.87 kg
baggage is on conveyor belt-------
---------baggage detected by sensor------------- 
Baggage weighs: 19.92 kg
baggage is on conveyor belt-------
---------baggage detected by sensor------------- 
Baggage weighs: 19.22 kg
baggage is on conveyor belt-------
---------baggage detected by sensor------------- 
Baggage weighs: 21.53 kg
baggage is on conveyor belt-------
---------baggage detected by sensor------------- 
Baggage weighs: 20.29 kg
baggage is on conveyor belt-------
---------baggage detected by sensor------------- 
Baggage weighs: 19.32 kg
baggage is on conveyor belt-------
---------baggage detected by sensor------------- 
Baggage weighs: 17.25 kg
baggage is on conveyor belt-------
---------baggage detected by sensor------------- 
Baggage weighs: 21.3 kg
baggage is on conveyor belt-------
---------baggage detected by sensor------------- 
Baggage weighs: 16.79 kg
baggage is on conveyor belt-------
---------baggage detected by sensor------------- 
Baggage weighs: 19.55 kg
baggage is on conveyor belt-------
---------baggage detected by sensor------------- 
Baggage weighs: 18.88 kg
baggage is on conveyor belt-------
---------baggage detected by sensor------------- 
Baggage weighs: 22.33 kg
baggage is on conveyor belt-------
---------baggage detected by sensor------------- 
Baggage weighs: 20.62 kg
baggage is on conveyor belt-------
---------baggage detected by sensor------------- 
Baggage weighs: 19.42 kg
baggage is on conveyor belt-------
---------baggage detected by sensor------------- 
Baggage weighs: 17.54 kg
baggage is on conveyor belt-------
---------baggage detected by sensor------------- 
Baggage weighs: 21.51 kg
baggage is on conveyor belt-------
---------baggage detected by sensor------------- 
Baggage weighs: 19.46 kg
baggage is on conveyor belt-------
---------baggage detected by sensor------------- 
Baggage weighs: 17.83 kg
baggage is on conveyor belt-------
---------baggage detected by sensor------------- 
Baggage weighs: 17.75 kg
baggage is on conveyor belt-------
---------baggage detected by sensor------------- 
Baggage weighs: 17.44 kg
baggage is on conveyor belt-------
---------baggage detected by sensor------------- 
Baggage weighs: 19.53 kg
baggage is on conveyor belt-------
---------baggage detected by sensor------------- 
Baggage weighs: 17.51 kg
baggage is on conveyor belt-------
---------baggage detected by sensor------------- 
Baggage weighs: 18.2 kg
baggage is on conveyor belt-------
---------baggage detected by sensor------------- 
Baggage weighs: 21.55 kg
baggage is on conveyor belt-------
---------baggage detected by sensor------------- 
Baggage weighs: 19.67 kg
baggage is on conveyor belt-------
---------baggage detected by sensor------------- 
Baggage weighs: 19.52 kg
baggage is on conveyor belt-------
---------baggage detected by sensor------------- 
Baggage weighs: 21.06 kg
baggage is on conveyor belt-------
---------baggage detected by sensor------------- 
Baggage weighs: 17.44 kg
baggage is on conveyor belt-------
---------baggage detected by sensor------------- 
Baggage weighs: 19.21 kg
baggage is on conveyor belt-------
---------baggage detected by sensor------------- 
Baggage weighs: 21.65 kg
baggage is on conveyor belt-------
---------baggage detected by sensor------------- 
Baggage weighs: 19.64 kg
baggage is on conveyor belt-------
---------baggage detected by sensor------------- 
Baggage weighs: 21.03 kg
baggage is on conveyor belt-------
---------baggage detected by sensor------------- 
Baggage weighs: 19.76 kg
baggage is on conveyor belt-------
---------baggage detected by sensor------------- 
Baggage weighs: 21.01 kg
baggage is on conveyor belt-------
---------baggage detected by sensor------------- 
Baggage weighs: 19.11 kg
baggage is on conveyor belt-------
---------baggage detected by sensor------------- 
Baggage weighs: 18.54 kg
baggage is on conveyor belt-------
---------baggage detected by sensor------------- 
Baggage weighs: 16.86 kg
baggage is on conveyor belt-------
---------baggage detected by sensor------------- 
Baggage weighs: 16.59 kg
baggage is on conveyor belt-------
---------baggage detected by sensor------------- 
Baggage weighs: 19.26 kg
baggage is on conveyor belt-------
---------baggage detected by sensor------------- 
Baggage weighs: 18.34 kg
baggage is on conveyor belt-------
---------baggage detected by sensor------------- 
Baggage weighs: 19.09 kg
baggage is on conveyor belt-------
---------baggage detected by sensor------------- 
Baggage weighs: 22.38 kg
baggage is on conveyor belt-------
---------baggage detected by sensor------------- 
Baggage weighs: 22.12 kg
baggage is on conveyor belt-------
---------baggage detected by sensor------------- 
Baggage weighs: 16.75 kg
baggage is on conveyor belt-------
---------baggage detected by sensor------------- 
Baggage weighs: 20.36 kg
baggage is on conveyor belt-------
---------baggage detected by sensor------------- 
Baggage weighs: 20.94 kg
baggage is on conveyor belt-------
---------baggage detected by sensor------------- 
Baggage weighs: 19.8 kg
baggage is on conveyor belt-------
---------baggage detected by sensor------------- 
Baggage weighs: 19.12 kg
baggage is on conveyor belt-------
---------baggage detected by sensor------------- 
Baggage weighs: 16.93 kg
baggage is on conveyor belt-------
---------baggage detected by sensor------------- 
Baggage weighs: 20.48 kg
baggage is on conveyor belt-------
---------baggage detected by sensor------------- 
Baggage weighs: 17.63 kg
baggage is on conveyor belt-------
---------baggage detected by sensor------------- 
Baggage weighs: 19.86 kg
baggage is on conveyor belt-------
---------baggage detected by sensor------------- 
Baggage weighs: 19.4 kg
baggage is on conveyor belt-------
---------baggage detected by sensor------------- 
Baggage weighs: 19.0 kg
baggage is on conveyor belt-------
---------baggage detected by sensor------------- 
Baggage weighs: 20.5 kg
baggage is on conveyor belt-------
---------baggage detected by sensor------------- 
Baggage weighs: 21.9 kg
baggage is on conveyor belt-------
---------baggage detected by sensor------------- 
Baggage weighs: 19.82 kg
baggage is on conveyor belt-------
---------baggage detected by sensor------------- 
Baggage weighs: 18.98 kg
baggage is on conveyor belt-------
---------baggage detected by sensor------------- 
Baggage weighs: 19.28 kg
baggage is on conveyor belt-------
---------baggage detected by sensor------------- 
Baggage weighs: 18.06 kg
baggage is on conveyor belt-------
---------baggage detected by sensor------------- 
Baggage weighs: 20.2 kg
baggage is on conveyor belt-------
---------baggage detected by sensor------------- 
Baggage weighs: 19.74 kg
baggage is on conveyor belt-------
---------baggage detected by sensor------------- 
Baggage weighs: 17.44 kg
baggage is on conveyor belt-------
---------baggage detected by sensor------------- 
Baggage weighs: 19.36 kg
baggage is on conveyor belt-------
---------baggage detected by sensor------------- 
Baggage weighs: 20.4 kg
baggage is on conveyor belt-------
---------baggage detected by sensor------------- 
Baggage weighs: 18.92 kg
baggage is on conveyor belt-------
---------baggage detected by sensor------------- 
Baggage weighs: 18.48 kg
baggage is on conveyor belt-------
---------baggage detected by sensor------------- 
Baggage weighs: 17.34 kg
baggage is on conveyor belt-------
---------baggage detected by sensor------------- 
Baggage weighs: 20.57 kg
baggage is on conveyor belt-------
---------baggage detected by sensor------------- 
Baggage weighs: 17.19 kg
baggage is on conveyor belt-------
---------baggage detected by sensor------------- 
Baggage weighs: 18.25 kg
baggage is on conveyor belt-------
---------baggage detected by sensor------------- 
Baggage weighs: 19.29 kg
baggage is on conveyor belt-------
---------baggage detected by sensor------------- 
Baggage weighs: 16.86 kg
baggage is on conveyor belt-------
---------baggage detected by sensor------------- 
Baggage weighs: 19.34 kg
baggage is on conveyor belt-------
---------baggage detected by sensor------------- 
Baggage weighs: 19.32 kg
baggage is on conveyor belt-------
---------baggage detected by sensor------------- 
Baggage weighs: 18.15 kg
baggage is on conveyor belt-------
---------baggage detected by sensor------------- 
Baggage weighs: 18.98 kg
baggage is on conveyor belt-------
---------baggage detected by sensor------------- 
Baggage weighs: 21.84 kg
baggage is on conveyor belt-------
---------baggage detected by sensor------------- 
Baggage weighs: 20.53 kg
baggage is on conveyor belt-------
---------baggage detected by sensor------------- 
Baggage weighs: 20.62 kg
baggage is on conveyor belt-------
---------baggage detected by sensor------------- 
Baggage weighs: 20.7 kg
baggage is on conveyor belt-------
---------baggage detected by sensor------------- 
Baggage weighs: 19.64 kg
baggage is on conveyor belt-------
---------baggage detected by sensor------------- 
Baggage weighs: 16.11 kg
baggage is on conveyor belt-------
---------baggage detected by sensor------------- 
Baggage weighs: 22.24 kg
baggage is on conveyor belt-------
---------baggage detected by sensor------------- 
Baggage weighs: 21.47 kg
baggage is on conveyor belt-------
---------baggage detected by sensor------------- 
Baggage weighs: 20.73 kg
baggage is on conveyor belt-------
---------baggage detected by sensor------------- 
Baggage weighs: 19.51 kg
baggage is on conveyor belt-------
---------baggage detected by sensor------------- 
Baggage weighs: 20.11 kg
baggage is on conveyor belt-------
---------baggage detected by sensor------------- 
Baggage weighs: 20.36 kg
baggage is on conveyor belt-------
---------baggage detected by sensor------------- 
Baggage weighs: 18.84 kg
baggage is on conveyor belt-------
---------baggage detected by sensor------------- 
Baggage weighs: 22.61 kg
baggage is on conveyor belt-------
---------baggage detected by sensor------------- 
Baggage weighs: 20.07 kg
baggage is on conveyor belt-------
---------baggage detected by sensor------------- 
Baggage weighs: 20.28 kg
baggage is on conveyor belt-------
---------baggage detected by sensor------------- 
Baggage weighs: 17.9 kg
baggage is on conveyor belt-------
---------baggage detected by sensor------------- 
Baggage weighs: 18.13 kg
baggage is on conveyor belt-------
---------baggage detected by sensor------------- 
Baggage weighs: 18.32 kg
baggage is on conveyor belt-------
---------baggage detected by sensor------------- 
Baggage weighs: 19.3 kg
baggage is on conveyor belt-------
---------baggage detected by sensor------------- 
Baggage weighs: 21.34 kg
baggage is on conveyor belt-------
---------baggage detected by sensor------------- 
Baggage weighs: 19.74 kg
baggage is on conveyor belt-------
---------baggage detected by sensor------------- 
Baggage weighs: 18.46 kg
baggage is on conveyor belt-------
---------baggage detected by sensor------------- 
Baggage weighs: 19.49 kg
baggage is on conveyor belt-------
---------baggage detected by sensor------------- 
Baggage weighs: 17.97 kg
baggage is on conveyor belt-------
---------baggage detected by sensor------------- 
Baggage weighs: 21.32 kg
baggage is on conveyor belt-------
---------baggage detected by sensor------------- 
Baggage weighs: 16.41 kg
baggage is on conveyor belt-------
---------baggage detected by sensor------------- 
Baggage weighs: 16.36 kg
baggage is on conveyor belt-------
---------baggage detected by sensor------------- 
Baggage weighs: 16.24 kg
baggage is on conveyor belt-------
---------baggage detected by sensor------------- 
Baggage weighs: 16.65 kg
baggage is on conveyor belt-------
---------baggage detected by sensor------------- 
Baggage weighs: 20.17 kg
baggage is on conveyor belt-------
---------baggage detected by sensor------------- 
Baggage weighs: 21.08 kg
baggage is on conveyor belt-------
---------baggage detected by sensor------------- 
Baggage weighs: 18.0 kg
baggage is on conveyor belt-------
---------baggage detected by sensor------------- 
Baggage weighs: 17.49 kg
baggage is on conveyor belt-------
---------baggage detected by sensor------------- 
Baggage weighs: 19.3 kg
baggage is on conveyor belt-------
---------baggage detected by sensor------------- 
Baggage weighs: 18.34 kg
baggage is on conveyor belt-------
---------baggage detected by sensor------------- 
Baggage weighs: 19.57 kg
baggage is on conveyor belt-------
---------baggage detected by sensor------------- 
Baggage weighs: 18.99 kg
baggage is on conveyor belt-------
---------baggage detected by sensor------------- 
Baggage weighs: 20.13 kg
baggage is on conveyor belt-------
---------baggage detected by sensor------------- 
Baggage weighs: 21.59 kg
baggage is on conveyor belt-------
---------baggage detected by sensor------------- 
Baggage weighs: 17.75 kg
baggage is on conveyor belt-------
---------baggage detected by sensor------------- 
Baggage weighs: 18.88 kg
baggage is on conveyor belt-------
---------baggage detected by sensor------------- 
Baggage weighs: 17.64 kg
baggage is on conveyor belt-------
---------baggage detected by sensor------------- 
Baggage weighs: 17.28 kg
baggage is on conveyor belt-------
---------baggage detected by sensor------------- 
Baggage weighs: 19.89 kg
baggage is on conveyor belt-------
---------baggage detected by sensor------------- 
Baggage weighs: 16.14 kg
baggage is on conveyor belt-------
---------baggage detected by sensor------------- 
Baggage weighs: 19.6 kg
baggage is on conveyor belt-------
---------baggage detected by sensor------------- 
Baggage weighs: 19.1 kg
baggage is on conveyor belt-------
---------baggage detected by sensor------------- 
Baggage weighs: 16.76 kg
baggage is on conveyor belt-------
---------baggage detected by sensor------------- 
Baggage weighs: 22.78 kg
Seat with ID: 37G has been reserved for you!

BOARDING PASS FOR CLEMENT KELLEY
-----------------------------------------------------------------------------
LUFTHANSA                      5szryeni5f46pc0 /  Clement Kelley
Clement Kelley                                     /  5szryeni5f46pc0
FRA   LH2121   E  30.Oct                       /  FRA
HKG                                            /  HKG
SEAT ID: 37G                                   /  LH2121 E 30.Oct
SEQ: 203                                      / GATE: A05   22:00
MAX 1  HANDLUGGAGE/ LUGGAGE
-----------------------------------------------------------------------------
sorry Clement Kelley we have no voucher for you! Have a nice day!

---------------------------------------------------------------------------------------------------------------
scanning passport with passport id: FH71IRBCP
searching for ticket in fast bag drop database..............
Ticket found for Donovan Hull and Flight LH2121
----searching flight seat for Donovan Hull---------
Found a seat with ID 37H
Below details were found in database
------------------------------------------
Name: Donovan Hull
Flight ID: LH2121
Source: FRA
Destination: HKG
Gate No: A05
Boarding time: 22:00
Ticket ID: m354cttvir8zxs7
Booking Class: E
------------------------------------------

Proceed with check-in for flight LH2121 ?
Type YES to CHECK-IN or NO to cancel CHECK-IN
Donovan Hull is deciding whether to check-in or to go back home and sleep............
YES CHECK-IN
Checking you in...............
baggage is on conveyor belt-------
---------baggage detected by sensor------------- 
Baggage weighs: 21.58 kg
baggage is on conveyor belt-------
---------baggage detected by sensor------------- 
Baggage weighs: 20.43 kg
baggage is on conveyor belt-------
---------baggage detected by sensor------------- 
Baggage weighs: 18.47 kg
baggage is on conveyor belt-------
---------baggage detected by sensor------------- 
Baggage weighs: 17.86 kg
baggage is on conveyor belt-------
---------baggage detected by sensor------------- 
Baggage weighs: 18.65 kg
baggage is on conveyor belt-------
---------baggage detected by sensor------------- 
Baggage weighs: 19.27 kg
baggage is on conveyor belt-------
---------baggage detected by sensor------------- 
Baggage weighs: 17.42 kg
baggage is on conveyor belt-------
---------baggage detected by sensor------------- 
Baggage weighs: 19.16 kg
baggage is on conveyor belt-------
---------baggage detected by sensor------------- 
Baggage weighs: 19.52 kg
baggage is on conveyor belt-------
---------baggage detected by sensor------------- 
Baggage weighs: 17.51 kg
baggage is on conveyor belt-------
---------baggage detected by sensor------------- 
Baggage weighs: 17.38 kg
baggage is on conveyor belt-------
---------baggage detected by sensor------------- 
Baggage weighs: 18.67 kg
baggage is on conveyor belt-------
---------baggage detected by sensor------------- 
Baggage weighs: 16.98 kg
baggage is on conveyor belt-------
---------baggage detected by sensor------------- 
Baggage weighs: 21.26 kg
baggage is on conveyor belt-------
---------baggage detected by sensor------------- 
Baggage weighs: 18.3 kg
baggage is on conveyor belt-------
---------baggage detected by sensor------------- 
Baggage weighs: 16.81 kg
baggage is on conveyor belt-------
---------baggage detected by sensor------------- 
Baggage weighs: 20.91 kg
baggage is on conveyor belt-------
---------baggage detected by sensor------------- 
Baggage weighs: 21.21 kg
baggage is on conveyor belt-------
---------baggage detected by sensor------------- 
Baggage weighs: 19.69 kg
baggage is on conveyor belt-------
---------baggage detected by sensor------------- 
Baggage weighs: 18.67 kg
baggage is on conveyor belt-------
---------baggage detected by sensor------------- 
Baggage weighs: 19.12 kg
baggage is on conveyor belt-------
---------baggage detected by sensor------------- 
Baggage weighs: 16.42 kg
baggage is on conveyor belt-------
---------baggage detected by sensor------------- 
Baggage weighs: 19.17 kg
baggage is on conveyor belt-------
---------baggage detected by sensor------------- 
Baggage weighs: 19.0 kg
baggage is on conveyor belt-------
---------baggage detected by sensor------------- 
Baggage weighs: 18.78 kg
baggage is on conveyor belt-------
---------baggage detected by sensor------------- 
Baggage weighs: 20.31 kg
baggage is on conveyor belt-------
---------baggage detected by sensor------------- 
Baggage weighs: 21.25 kg
baggage is on conveyor belt-------
---------baggage detected by sensor------------- 
Baggage weighs: 18.87 kg
baggage is on conveyor belt-------
---------baggage detected by sensor------------- 
Baggage weighs: 16.25 kg
baggage is on conveyor belt-------
---------baggage detected by sensor------------- 
Baggage weighs: 19.94 kg
baggage is on conveyor belt-------
---------baggage detected by sensor------------- 
Baggage weighs: 16.88 kg
baggage is on conveyor belt-------
---------baggage detected by sensor------------- 
Baggage weighs: 18.24 kg
baggage is on conveyor belt-------
---------baggage detected by sensor------------- 
Baggage weighs: 17.16 kg
baggage is on conveyor belt-------
---------baggage detected by sensor------------- 
Baggage weighs: 19.34 kg
baggage is on conveyor belt-------
---------baggage detected by sensor------------- 
Baggage weighs: 22.41 kg
baggage is on conveyor belt-------
---------baggage detected by sensor------------- 
Baggage weighs: 20.47 kg
baggage is on conveyor belt-------
---------baggage detected by sensor------------- 
Baggage weighs: 18.81 kg
baggage is on conveyor belt-------
---------baggage detected by sensor------------- 
Baggage weighs: 18.56 kg
baggage is on conveyor belt-------
---------baggage detected by sensor------------- 
Baggage weighs: 17.77 kg
baggage is on conveyor belt-------
---------baggage detected by sensor------------- 
Baggage weighs: 19.32 kg
baggage is on conveyor belt-------
---------baggage detected by sensor------------- 
Baggage weighs: 19.21 kg
baggage is on conveyor belt-------
---------baggage detected by sensor------------- 
Baggage weighs: 19.13 kg
baggage is on conveyor belt-------
---------baggage detected by sensor------------- 
Baggage weighs: 20.39 kg
baggage is on conveyor belt-------
---------baggage detected by sensor------------- 
Baggage weighs: 21.03 kg
baggage is on conveyor belt-------
---------baggage detected by sensor------------- 
Baggage weighs: 20.05 kg
baggage is on conveyor belt-------
---------baggage detected by sensor------------- 
Baggage weighs: 21.92 kg
baggage is on conveyor belt-------
---------baggage detected by sensor------------- 
Baggage weighs: 19.37 kg
baggage is on conveyor belt-------
---------baggage detected by sensor------------- 
Baggage weighs: 20.35 kg
baggage is on conveyor belt-------
---------baggage detected by sensor------------- 
Baggage weighs: 18.73 kg
baggage is on conveyor belt-------
---------baggage detected by sensor------------- 
Baggage weighs: 20.33 kg
baggage is on conveyor belt-------
---------baggage detected by sensor------------- 
Baggage weighs: 22.01 kg
baggage is on conveyor belt-------
---------baggage detected by sensor------------- 
Baggage weighs: 19.27 kg
baggage is on conveyor belt-------
---------baggage detected by sensor------------- 
Baggage weighs: 21.18 kg
baggage is on conveyor belt-------
---------baggage detected by sensor------------- 
Baggage weighs: 17.16 kg
baggage is on conveyor belt-------
---------baggage detected by sensor------------- 
Baggage weighs: 20.04 kg
baggage is on conveyor belt-------
---------baggage detected by sensor------------- 
Baggage weighs: 20.91 kg
baggage is on conveyor belt-------
---------baggage detected by sensor------------- 
Baggage weighs: 20.3 kg
baggage is on conveyor belt-------
---------baggage detected by sensor------------- 
Baggage weighs: 20.38 kg
baggage is on conveyor belt-------
---------baggage detected by sensor------------- 
Baggage weighs: 16.54 kg
baggage is on conveyor belt-------
---------baggage detected by sensor------------- 
Baggage weighs: 18.87 kg
baggage is on conveyor belt-------
---------baggage detected by sensor------------- 
Baggage weighs: 20.22 kg
baggage is on conveyor belt-------
---------baggage detected by sensor------------- 
Baggage weighs: 20.75 kg
baggage is on conveyor belt-------
---------baggage detected by sensor------------- 
Baggage weighs: 17.4 kg
baggage is on conveyor belt-------
---------baggage detected by sensor------------- 
Baggage weighs: 20.27 kg
baggage is on conveyor belt-------
---------baggage detected by sensor------------- 
Baggage weighs: 17.04 kg
baggage is on conveyor belt-------
---------baggage detected by sensor------------- 
Baggage weighs: 19.84 kg
baggage is on conveyor belt-------
---------baggage detected by sensor------------- 
Baggage weighs: 17.34 kg
baggage is on conveyor belt-------
---------baggage detected by sensor------------- 
Baggage weighs: 18.75 kg
baggage is on conveyor belt-------
---------baggage detected by sensor------------- 
Baggage weighs: 19.12 kg
baggage is on conveyor belt-------
---------baggage detected by sensor------------- 
Baggage weighs: 18.29 kg
baggage is on conveyor belt-------
---------baggage detected by sensor------------- 
Baggage weighs: 17.94 kg
baggage is on conveyor belt-------
---------baggage detected by sensor------------- 
Baggage weighs: 19.09 kg
baggage is on conveyor belt-------
---------baggage detected by sensor------------- 
Baggage weighs: 22.39 kg
baggage is on conveyor belt-------
---------baggage detected by sensor------------- 
Baggage weighs: 21.23 kg
baggage is on conveyor belt-------
---------baggage detected by sensor------------- 
Baggage weighs: 17.56 kg
baggage is on conveyor belt-------
---------baggage detected by sensor------------- 
Baggage weighs: 18.37 kg
baggage is on conveyor belt-------
---------baggage detected by sensor------------- 
Baggage weighs: 21.4 kg
baggage is on conveyor belt-------
---------baggage detected by sensor------------- 
Baggage weighs: 20.25 kg
baggage is on conveyor belt-------
---------baggage detected by sensor------------- 
Baggage weighs: 23.0 kg
baggage is on conveyor belt-------
---------baggage detected by sensor------------- 
Baggage weighs: 17.01 kg
baggage is on conveyor belt-------
---------baggage detected by sensor------------- 
Baggage weighs: 17.39 kg
baggage is on conveyor belt-------
---------baggage detected by sensor------------- 
Baggage weighs: 16.7 kg
baggage is on conveyor belt-------
---------baggage detected by sensor------------- 
Baggage weighs: 16.23 kg
baggage is on conveyor belt-------
---------baggage detected by sensor------------- 
Baggage weighs: 19.13 kg
baggage is on conveyor belt-------
---------baggage detected by sensor------------- 
Baggage weighs: 21.07 kg
baggage is on conveyor belt-------
---------baggage detected by sensor------------- 
Baggage weighs: 17.87 kg
baggage is on conveyor belt-------
---------baggage detected by sensor------------- 
Baggage weighs: 19.92 kg
baggage is on conveyor belt-------
---------baggage detected by sensor------------- 
Baggage weighs: 19.22 kg
baggage is on conveyor belt-------
---------baggage detected by sensor------------- 
Baggage weighs: 21.53 kg
baggage is on conveyor belt-------
---------baggage detected by sensor------------- 
Baggage weighs: 20.29 kg
baggage is on conveyor belt-------
---------baggage detected by sensor------------- 
Baggage weighs: 19.32 kg
baggage is on conveyor belt-------
---------baggage detected by sensor------------- 
Baggage weighs: 17.25 kg
baggage is on conveyor belt-------
---------baggage detected by sensor------------- 
Baggage weighs: 21.3 kg
baggage is on conveyor belt-------
---------baggage detected by sensor------------- 
Baggage weighs: 16.79 kg
baggage is on conveyor belt-------
---------baggage detected by sensor------------- 
Baggage weighs: 19.55 kg
baggage is on conveyor belt-------
---------baggage detected by sensor------------- 
Baggage weighs: 18.88 kg
baggage is on conveyor belt-------
---------baggage detected by sensor------------- 
Baggage weighs: 22.33 kg
baggage is on conveyor belt-------
---------baggage detected by sensor------------- 
Baggage weighs: 20.62 kg
baggage is on conveyor belt-------
---------baggage detected by sensor------------- 
Baggage weighs: 19.42 kg
baggage is on conveyor belt-------
---------baggage detected by sensor------------- 
Baggage weighs: 17.54 kg
baggage is on conveyor belt-------
---------baggage detected by sensor------------- 
Baggage weighs: 21.51 kg
baggage is on conveyor belt-------
---------baggage detected by sensor------------- 
Baggage weighs: 19.46 kg
baggage is on conveyor belt-------
---------baggage detected by sensor------------- 
Baggage weighs: 17.83 kg
baggage is on conveyor belt-------
---------baggage detected by sensor------------- 
Baggage weighs: 17.75 kg
baggage is on conveyor belt-------
---------baggage detected by sensor------------- 
Baggage weighs: 17.44 kg
baggage is on conveyor belt-------
---------baggage detected by sensor------------- 
Baggage weighs: 19.53 kg
baggage is on conveyor belt-------
---------baggage detected by sensor------------- 
Baggage weighs: 17.51 kg
baggage is on conveyor belt-------
---------baggage detected by sensor------------- 
Baggage weighs: 18.2 kg
baggage is on conveyor belt-------
---------baggage detected by sensor------------- 
Baggage weighs: 21.55 kg
baggage is on conveyor belt-------
---------baggage detected by sensor------------- 
Baggage weighs: 19.67 kg
baggage is on conveyor belt-------
---------baggage detected by sensor------------- 
Baggage weighs: 19.52 kg
baggage is on conveyor belt-------
---------baggage detected by sensor------------- 
Baggage weighs: 21.06 kg
baggage is on conveyor belt-------
---------baggage detected by sensor------------- 
Baggage weighs: 17.44 kg
baggage is on conveyor belt-------
---------baggage detected by sensor------------- 
Baggage weighs: 19.21 kg
baggage is on conveyor belt-------
---------baggage detected by sensor------------- 
Baggage weighs: 21.65 kg
baggage is on conveyor belt-------
---------baggage detected by sensor------------- 
Baggage weighs: 19.64 kg
baggage is on conveyor belt-------
---------baggage detected by sensor------------- 
Baggage weighs: 21.03 kg
baggage is on conveyor belt-------
---------baggage detected by sensor------------- 
Baggage weighs: 19.76 kg
baggage is on conveyor belt-------
---------baggage detected by sensor------------- 
Baggage weighs: 21.01 kg
baggage is on conveyor belt-------
---------baggage detected by sensor------------- 
Baggage weighs: 19.11 kg
baggage is on conveyor belt-------
---------baggage detected by sensor------------- 
Baggage weighs: 18.54 kg
baggage is on conveyor belt-------
---------baggage detected by sensor------------- 
Baggage weighs: 16.86 kg
baggage is on conveyor belt-------
---------baggage detected by sensor------------- 
Baggage weighs: 16.59 kg
baggage is on conveyor belt-------
---------baggage detected by sensor------------- 
Baggage weighs: 19.26 kg
baggage is on conveyor belt-------
---------baggage detected by sensor------------- 
Baggage weighs: 18.34 kg
baggage is on conveyor belt-------
---------baggage detected by sensor------------- 
Baggage weighs: 19.09 kg
baggage is on conveyor belt-------
---------baggage detected by sensor------------- 
Baggage weighs: 22.38 kg
baggage is on conveyor belt-------
---------baggage detected by sensor------------- 
Baggage weighs: 22.12 kg
baggage is on conveyor belt-------
---------baggage detected by sensor------------- 
Baggage weighs: 16.75 kg
baggage is on conveyor belt-------
---------baggage detected by sensor------------- 
Baggage weighs: 20.36 kg
baggage is on conveyor belt-------
---------baggage detected by sensor------------- 
Baggage weighs: 20.94 kg
baggage is on conveyor belt-------
---------baggage detected by sensor------------- 
Baggage weighs: 19.8 kg
baggage is on conveyor belt-------
---------baggage detected by sensor------------- 
Baggage weighs: 19.12 kg
baggage is on conveyor belt-------
---------baggage detected by sensor------------- 
Baggage weighs: 16.93 kg
baggage is on conveyor belt-------
---------baggage detected by sensor------------- 
Baggage weighs: 20.48 kg
baggage is on conveyor belt-------
---------baggage detected by sensor------------- 
Baggage weighs: 17.63 kg
baggage is on conveyor belt-------
---------baggage detected by sensor------------- 
Baggage weighs: 19.86 kg
baggage is on conveyor belt-------
---------baggage detected by sensor------------- 
Baggage weighs: 19.4 kg
baggage is on conveyor belt-------
---------baggage detected by sensor------------- 
Baggage weighs: 19.0 kg
baggage is on conveyor belt-------
---------baggage detected by sensor------------- 
Baggage weighs: 20.5 kg
baggage is on conveyor belt-------
---------baggage detected by sensor------------- 
Baggage weighs: 21.9 kg
baggage is on conveyor belt-------
---------baggage detected by sensor------------- 
Baggage weighs: 19.82 kg
baggage is on conveyor belt-------
---------baggage detected by sensor------------- 
Baggage weighs: 18.98 kg
baggage is on conveyor belt-------
---------baggage detected by sensor------------- 
Baggage weighs: 19.28 kg
baggage is on conveyor belt-------
---------baggage detected by sensor------------- 
Baggage weighs: 18.06 kg
baggage is on conveyor belt-------
---------baggage detected by sensor------------- 
Baggage weighs: 20.2 kg
baggage is on conveyor belt-------
---------baggage detected by sensor------------- 
Baggage weighs: 19.74 kg
baggage is on conveyor belt-------
---------baggage detected by sensor------------- 
Baggage weighs: 17.44 kg
baggage is on conveyor belt-------
---------baggage detected by sensor------------- 
Baggage weighs: 19.36 kg
baggage is on conveyor belt-------
---------baggage detected by sensor------------- 
Baggage weighs: 20.4 kg
baggage is on conveyor belt-------
---------baggage detected by sensor------------- 
Baggage weighs: 18.92 kg
baggage is on conveyor belt-------
---------baggage detected by sensor------------- 
Baggage weighs: 18.48 kg
baggage is on conveyor belt-------
---------baggage detected by sensor------------- 
Baggage weighs: 17.34 kg
baggage is on conveyor belt-------
---------baggage detected by sensor------------- 
Baggage weighs: 20.57 kg
baggage is on conveyor belt-------
---------baggage detected by sensor------------- 
Baggage weighs: 17.19 kg
baggage is on conveyor belt-------
---------baggage detected by sensor------------- 
Baggage weighs: 18.25 kg
baggage is on conveyor belt-------
---------baggage detected by sensor------------- 
Baggage weighs: 19.29 kg
baggage is on conveyor belt-------
---------baggage detected by sensor------------- 
Baggage weighs: 16.86 kg
baggage is on conveyor belt-------
---------baggage detected by sensor------------- 
Baggage weighs: 19.34 kg
baggage is on conveyor belt-------
---------baggage detected by sensor------------- 
Baggage weighs: 19.32 kg
baggage is on conveyor belt-------
---------baggage detected by sensor------------- 
Baggage weighs: 18.15 kg
baggage is on conveyor belt-------
---------baggage detected by sensor------------- 
Baggage weighs: 18.98 kg
baggage is on conveyor belt-------
---------baggage detected by sensor------------- 
Baggage weighs: 21.84 kg
baggage is on conveyor belt-------
---------baggage detected by sensor------------- 
Baggage weighs: 20.53 kg
baggage is on conveyor belt-------
---------baggage detected by sensor------------- 
Baggage weighs: 20.62 kg
baggage is on conveyor belt-------
---------baggage detected by sensor------------- 
Baggage weighs: 20.7 kg
baggage is on conveyor belt-------
---------baggage detected by sensor------------- 
Baggage weighs: 19.64 kg
baggage is on conveyor belt-------
---------baggage detected by sensor------------- 
Baggage weighs: 16.11 kg
baggage is on conveyor belt-------
---------baggage detected by sensor------------- 
Baggage weighs: 22.24 kg
baggage is on conveyor belt-------
---------baggage detected by sensor------------- 
Baggage weighs: 21.47 kg
baggage is on conveyor belt-------
---------baggage detected by sensor------------- 
Baggage weighs: 20.73 kg
baggage is on conveyor belt-------
---------baggage detected by sensor------------- 
Baggage weighs: 19.51 kg
baggage is on conveyor belt-------
---------baggage detected by sensor------------- 
Baggage weighs: 20.11 kg
baggage is on conveyor belt-------
---------baggage detected by sensor------------- 
Baggage weighs: 20.36 kg
baggage is on conveyor belt-------
---------baggage detected by sensor------------- 
Baggage weighs: 18.84 kg
baggage is on conveyor belt-------
---------baggage detected by sensor------------- 
Baggage weighs: 22.61 kg
baggage is on conveyor belt-------
---------baggage detected by sensor------------- 
Baggage weighs: 20.07 kg
baggage is on conveyor belt-------
---------baggage detected by sensor------------- 
Baggage weighs: 20.28 kg
baggage is on conveyor belt-------
---------baggage detected by sensor------------- 
Baggage weighs: 17.9 kg
baggage is on conveyor belt-------
---------baggage detected by sensor------------- 
Baggage weighs: 18.13 kg
baggage is on conveyor belt-------
---------baggage detected by sensor------------- 
Baggage weighs: 18.32 kg
baggage is on conveyor belt-------
---------baggage detected by sensor------------- 
Baggage weighs: 19.3 kg
baggage is on conveyor belt-------
---------baggage detected by sensor------------- 
Baggage weighs: 21.34 kg
baggage is on conveyor belt-------
---------baggage detected by sensor------------- 
Baggage weighs: 19.74 kg
baggage is on conveyor belt-------
---------baggage detected by sensor------------- 
Baggage weighs: 18.46 kg
baggage is on conveyor belt-------
---------baggage detected by sensor------------- 
Baggage weighs: 19.49 kg
baggage is on conveyor belt-------
---------baggage detected by sensor------------- 
Baggage weighs: 17.97 kg
baggage is on conveyor belt-------
---------baggage detected by sensor------------- 
Baggage weighs: 21.32 kg
baggage is on conveyor belt-------
---------baggage detected by sensor------------- 
Baggage weighs: 16.41 kg
baggage is on conveyor belt-------
---------baggage detected by sensor------------- 
Baggage weighs: 16.36 kg
baggage is on conveyor belt-------
---------baggage detected by sensor------------- 
Baggage weighs: 16.24 kg
baggage is on conveyor belt-------
---------baggage detected by sensor------------- 
Baggage weighs: 16.65 kg
baggage is on conveyor belt-------
---------baggage detected by sensor------------- 
Baggage weighs: 20.17 kg
baggage is on conveyor belt-------
---------baggage detected by sensor------------- 
Baggage weighs: 21.08 kg
baggage is on conveyor belt-------
---------baggage detected by sensor------------- 
Baggage weighs: 18.0 kg
baggage is on conveyor belt-------
---------baggage detected by sensor------------- 
Baggage weighs: 17.49 kg
baggage is on conveyor belt-------
---------baggage detected by sensor------------- 
Baggage weighs: 19.3 kg
baggage is on conveyor belt-------
---------baggage detected by sensor------------- 
Baggage weighs: 18.34 kg
baggage is on conveyor belt-------
---------baggage detected by sensor------------- 
Baggage weighs: 19.57 kg
baggage is on conveyor belt-------
---------baggage detected by sensor------------- 
Baggage weighs: 18.99 kg
baggage is on conveyor belt-------
---------baggage detected by sensor------------- 
Baggage weighs: 20.13 kg
baggage is on conveyor belt-------
---------baggage detected by sensor------------- 
Baggage weighs: 21.59 kg
baggage is on conveyor belt-------
---------baggage detected by sensor------------- 
Baggage weighs: 17.75 kg
baggage is on conveyor belt-------
---------baggage detected by sensor------------- 
Baggage weighs: 18.88 kg
baggage is on conveyor belt-------
---------baggage detected by sensor------------- 
Baggage weighs: 17.64 kg
baggage is on conveyor belt-------
---------baggage detected by sensor------------- 
Baggage weighs: 17.28 kg
baggage is on conveyor belt-------
---------baggage detected by sensor------------- 
Baggage weighs: 19.89 kg
baggage is on conveyor belt-------
---------baggage detected by sensor------------- 
Baggage weighs: 16.14 kg
baggage is on conveyor belt-------
---------baggage detected by sensor------------- 
Baggage weighs: 19.6 kg
baggage is on conveyor belt-------
---------baggage detected by sensor------------- 
Baggage weighs: 19.1 kg
baggage is on conveyor belt-------
---------baggage detected by sensor------------- 
Baggage weighs: 16.76 kg
baggage is on conveyor belt-------
---------baggage detected by sensor------------- 
Baggage weighs: 22.78 kg
baggage is on conveyor belt-------
---------baggage detected by sensor------------- 
Baggage weighs: 16.41 kg
Seat with ID: 37H has been reserved for you!

BOARDING PASS FOR DONOVAN HULL
-----------------------------------------------------------------------------
LUFTHANSA                      m354cttvir8zxs7 /  Donovan Hull
Donovan Hull                                     /  m354cttvir8zxs7
FRA   LH2121   E  30.Oct                       /  FRA
HKG                                            /  HKG
SEAT ID: 37H                                   /  LH2121 E 30.Oct
SEQ: 204                                      / GATE: A05   22:00
MAX 1  HANDLUGGAGE/ LUGGAGE
-----------------------------------------------------------------------------
sorry Donovan Hull we have no voucher for you! Have a nice day!

---------------------------------------------------------------------------------------------------------------
scanning passport with passport id: 1P2R2982Q
searching for ticket in fast bag drop database..............
Ticket found for Berry Coffey and Flight LH2121
----searching flight seat for Berry Coffey---------
Found a seat with ID 37J
Below details were found in database
------------------------------------------
Name: Berry Coffey
Flight ID: LH2121
Source: FRA
Destination: HKG
Gate No: A05
Boarding time: 22:00
Ticket ID: 7yhe6iyyxhvwfiq
Booking Class: E
------------------------------------------

Proceed with check-in for flight LH2121 ?
Type YES to CHECK-IN or NO to cancel CHECK-IN
Berry Coffey is deciding whether to check-in or to go back home and sleep............
YES CHECK-IN
Checking you in...............
baggage is on conveyor belt-------
---------baggage detected by sensor------------- 
Baggage weighs: 21.58 kg
baggage is on conveyor belt-------
---------baggage detected by sensor------------- 
Baggage weighs: 20.43 kg
baggage is on conveyor belt-------
---------baggage detected by sensor------------- 
Baggage weighs: 18.47 kg
baggage is on conveyor belt-------
---------baggage detected by sensor------------- 
Baggage weighs: 17.86 kg
baggage is on conveyor belt-------
---------baggage detected by sensor------------- 
Baggage weighs: 18.65 kg
baggage is on conveyor belt-------
---------baggage detected by sensor------------- 
Baggage weighs: 19.27 kg
baggage is on conveyor belt-------
---------baggage detected by sensor------------- 
Baggage weighs: 17.42 kg
baggage is on conveyor belt-------
---------baggage detected by sensor------------- 
Baggage weighs: 19.16 kg
baggage is on conveyor belt-------
---------baggage detected by sensor------------- 
Baggage weighs: 19.52 kg
baggage is on conveyor belt-------
---------baggage detected by sensor------------- 
Baggage weighs: 17.51 kg
baggage is on conveyor belt-------
---------baggage detected by sensor------------- 
Baggage weighs: 17.38 kg
baggage is on conveyor belt-------
---------baggage detected by sensor------------- 
Baggage weighs: 18.67 kg
baggage is on conveyor belt-------
---------baggage detected by sensor------------- 
Baggage weighs: 16.98 kg
baggage is on conveyor belt-------
---------baggage detected by sensor------------- 
Baggage weighs: 21.26 kg
baggage is on conveyor belt-------
---------baggage detected by sensor------------- 
Baggage weighs: 18.3 kg
baggage is on conveyor belt-------
---------baggage detected by sensor------------- 
Baggage weighs: 16.81 kg
baggage is on conveyor belt-------
---------baggage detected by sensor------------- 
Baggage weighs: 20.91 kg
baggage is on conveyor belt-------
---------baggage detected by sensor------------- 
Baggage weighs: 21.21 kg
baggage is on conveyor belt-------
---------baggage detected by sensor------------- 
Baggage weighs: 19.69 kg
baggage is on conveyor belt-------
---------baggage detected by sensor------------- 
Baggage weighs: 18.67 kg
baggage is on conveyor belt-------
---------baggage detected by sensor------------- 
Baggage weighs: 19.12 kg
baggage is on conveyor belt-------
---------baggage detected by sensor------------- 
Baggage weighs: 16.42 kg
baggage is on conveyor belt-------
---------baggage detected by sensor------------- 
Baggage weighs: 19.17 kg
baggage is on conveyor belt-------
---------baggage detected by sensor------------- 
Baggage weighs: 19.0 kg
baggage is on conveyor belt-------
---------baggage detected by sensor------------- 
Baggage weighs: 18.78 kg
baggage is on conveyor belt-------
---------baggage detected by sensor------------- 
Baggage weighs: 20.31 kg
baggage is on conveyor belt-------
---------baggage detected by sensor------------- 
Baggage weighs: 21.25 kg
baggage is on conveyor belt-------
---------baggage detected by sensor------------- 
Baggage weighs: 18.87 kg
baggage is on conveyor belt-------
---------baggage detected by sensor------------- 
Baggage weighs: 16.25 kg
baggage is on conveyor belt-------
---------baggage detected by sensor------------- 
Baggage weighs: 19.94 kg
baggage is on conveyor belt-------
---------baggage detected by sensor------------- 
Baggage weighs: 16.88 kg
baggage is on conveyor belt-------
---------baggage detected by sensor------------- 
Baggage weighs: 18.24 kg
baggage is on conveyor belt-------
---------baggage detected by sensor------------- 
Baggage weighs: 17.16 kg
baggage is on conveyor belt-------
---------baggage detected by sensor------------- 
Baggage weighs: 19.34 kg
baggage is on conveyor belt-------
---------baggage detected by sensor------------- 
Baggage weighs: 22.41 kg
baggage is on conveyor belt-------
---------baggage detected by sensor------------- 
Baggage weighs: 20.47 kg
baggage is on conveyor belt-------
---------baggage detected by sensor------------- 
Baggage weighs: 18.81 kg
baggage is on conveyor belt-------
---------baggage detected by sensor------------- 
Baggage weighs: 18.56 kg
baggage is on conveyor belt-------
---------baggage detected by sensor------------- 
Baggage weighs: 17.77 kg
baggage is on conveyor belt-------
---------baggage detected by sensor------------- 
Baggage weighs: 19.32 kg
baggage is on conveyor belt-------
---------baggage detected by sensor------------- 
Baggage weighs: 19.21 kg
baggage is on conveyor belt-------
---------baggage detected by sensor------------- 
Baggage weighs: 19.13 kg
baggage is on conveyor belt-------
---------baggage detected by sensor------------- 
Baggage weighs: 20.39 kg
baggage is on conveyor belt-------
---------baggage detected by sensor------------- 
Baggage weighs: 21.03 kg
baggage is on conveyor belt-------
---------baggage detected by sensor------------- 
Baggage weighs: 20.05 kg
baggage is on conveyor belt-------
---------baggage detected by sensor------------- 
Baggage weighs: 21.92 kg
baggage is on conveyor belt-------
---------baggage detected by sensor------------- 
Baggage weighs: 19.37 kg
baggage is on conveyor belt-------
---------baggage detected by sensor------------- 
Baggage weighs: 20.35 kg
baggage is on conveyor belt-------
---------baggage detected by sensor------------- 
Baggage weighs: 18.73 kg
baggage is on conveyor belt-------
---------baggage detected by sensor------------- 
Baggage weighs: 20.33 kg
baggage is on conveyor belt-------
---------baggage detected by sensor------------- 
Baggage weighs: 22.01 kg
baggage is on conveyor belt-------
---------baggage detected by sensor------------- 
Baggage weighs: 19.27 kg
baggage is on conveyor belt-------
---------baggage detected by sensor------------- 
Baggage weighs: 21.18 kg
baggage is on conveyor belt-------
---------baggage detected by sensor------------- 
Baggage weighs: 17.16 kg
baggage is on conveyor belt-------
---------baggage detected by sensor------------- 
Baggage weighs: 20.04 kg
baggage is on conveyor belt-------
---------baggage detected by sensor------------- 
Baggage weighs: 20.91 kg
baggage is on conveyor belt-------
---------baggage detected by sensor------------- 
Baggage weighs: 20.3 kg
baggage is on conveyor belt-------
---------baggage detected by sensor------------- 
Baggage weighs: 20.38 kg
baggage is on conveyor belt-------
---------baggage detected by sensor------------- 
Baggage weighs: 16.54 kg
baggage is on conveyor belt-------
---------baggage detected by sensor------------- 
Baggage weighs: 18.87 kg
baggage is on conveyor belt-------
---------baggage detected by sensor------------- 
Baggage weighs: 20.22 kg
baggage is on conveyor belt-------
---------baggage detected by sensor------------- 
Baggage weighs: 20.75 kg
baggage is on conveyor belt-------
---------baggage detected by sensor------------- 
Baggage weighs: 17.4 kg
baggage is on conveyor belt-------
---------baggage detected by sensor------------- 
Baggage weighs: 20.27 kg
baggage is on conveyor belt-------
---------baggage detected by sensor------------- 
Baggage weighs: 17.04 kg
baggage is on conveyor belt-------
---------baggage detected by sensor------------- 
Baggage weighs: 19.84 kg
baggage is on conveyor belt-------
---------baggage detected by sensor------------- 
Baggage weighs: 17.34 kg
baggage is on conveyor belt-------
---------baggage detected by sensor------------- 
Baggage weighs: 18.75 kg
baggage is on conveyor belt-------
---------baggage detected by sensor------------- 
Baggage weighs: 19.12 kg
baggage is on conveyor belt-------
---------baggage detected by sensor------------- 
Baggage weighs: 18.29 kg
baggage is on conveyor belt-------
---------baggage detected by sensor------------- 
Baggage weighs: 17.94 kg
baggage is on conveyor belt-------
---------baggage detected by sensor------------- 
Baggage weighs: 19.09 kg
baggage is on conveyor belt-------
---------baggage detected by sensor------------- 
Baggage weighs: 22.39 kg
baggage is on conveyor belt-------
---------baggage detected by sensor------------- 
Baggage weighs: 21.23 kg
baggage is on conveyor belt-------
---------baggage detected by sensor------------- 
Baggage weighs: 17.56 kg
baggage is on conveyor belt-------
---------baggage detected by sensor------------- 
Baggage weighs: 18.37 kg
baggage is on conveyor belt-------
---------baggage detected by sensor------------- 
Baggage weighs: 21.4 kg
baggage is on conveyor belt-------
---------baggage detected by sensor------------- 
Baggage weighs: 20.25 kg
baggage is on conveyor belt-------
---------baggage detected by sensor------------- 
Baggage weighs: 23.0 kg
baggage is on conveyor belt-------
---------baggage detected by sensor------------- 
Baggage weighs: 17.01 kg
baggage is on conveyor belt-------
---------baggage detected by sensor------------- 
Baggage weighs: 17.39 kg
baggage is on conveyor belt-------
---------baggage detected by sensor------------- 
Baggage weighs: 16.7 kg
baggage is on conveyor belt-------
---------baggage detected by sensor------------- 
Baggage weighs: 16.23 kg
baggage is on conveyor belt-------
---------baggage detected by sensor------------- 
Baggage weighs: 19.13 kg
baggage is on conveyor belt-------
---------baggage detected by sensor------------- 
Baggage weighs: 21.07 kg
baggage is on conveyor belt-------
---------baggage detected by sensor------------- 
Baggage weighs: 17.87 kg
baggage is on conveyor belt-------
---------baggage detected by sensor------------- 
Baggage weighs: 19.92 kg
baggage is on conveyor belt-------
---------baggage detected by sensor------------- 
Baggage weighs: 19.22 kg
baggage is on conveyor belt-------
---------baggage detected by sensor------------- 
Baggage weighs: 21.53 kg
baggage is on conveyor belt-------
---------baggage detected by sensor------------- 
Baggage weighs: 20.29 kg
baggage is on conveyor belt-------
---------baggage detected by sensor------------- 
Baggage weighs: 19.32 kg
baggage is on conveyor belt-------
---------baggage detected by sensor------------- 
Baggage weighs: 17.25 kg
baggage is on conveyor belt-------
---------baggage detected by sensor------------- 
Baggage weighs: 21.3 kg
baggage is on conveyor belt-------
---------baggage detected by sensor------------- 
Baggage weighs: 16.79 kg
baggage is on conveyor belt-------
---------baggage detected by sensor------------- 
Baggage weighs: 19.55 kg
baggage is on conveyor belt-------
---------baggage detected by sensor------------- 
Baggage weighs: 18.88 kg
baggage is on conveyor belt-------
---------baggage detected by sensor------------- 
Baggage weighs: 22.33 kg
baggage is on conveyor belt-------
---------baggage detected by sensor------------- 
Baggage weighs: 20.62 kg
baggage is on conveyor belt-------
---------baggage detected by sensor------------- 
Baggage weighs: 19.42 kg
baggage is on conveyor belt-------
---------baggage detected by sensor------------- 
Baggage weighs: 17.54 kg
baggage is on conveyor belt-------
---------baggage detected by sensor------------- 
Baggage weighs: 21.51 kg
baggage is on conveyor belt-------
---------baggage detected by sensor------------- 
Baggage weighs: 19.46 kg
baggage is on conveyor belt-------
---------baggage detected by sensor------------- 
Baggage weighs: 17.83 kg
baggage is on conveyor belt-------
---------baggage detected by sensor------------- 
Baggage weighs: 17.75 kg
baggage is on conveyor belt-------
---------baggage detected by sensor------------- 
Baggage weighs: 17.44 kg
baggage is on conveyor belt-------
---------baggage detected by sensor------------- 
Baggage weighs: 19.53 kg
baggage is on conveyor belt-------
---------baggage detected by sensor------------- 
Baggage weighs: 17.51 kg
baggage is on conveyor belt-------
---------baggage detected by sensor------------- 
Baggage weighs: 18.2 kg
baggage is on conveyor belt-------
---------baggage detected by sensor------------- 
Baggage weighs: 21.55 kg
baggage is on conveyor belt-------
---------baggage detected by sensor------------- 
Baggage weighs: 19.67 kg
baggage is on conveyor belt-------
---------baggage detected by sensor------------- 
Baggage weighs: 19.52 kg
baggage is on conveyor belt-------
---------baggage detected by sensor------------- 
Baggage weighs: 21.06 kg
baggage is on conveyor belt-------
---------baggage detected by sensor------------- 
Baggage weighs: 17.44 kg
baggage is on conveyor belt-------
---------baggage detected by sensor------------- 
Baggage weighs: 19.21 kg
baggage is on conveyor belt-------
---------baggage detected by sensor------------- 
Baggage weighs: 21.65 kg
baggage is on conveyor belt-------
---------baggage detected by sensor------------- 
Baggage weighs: 19.64 kg
baggage is on conveyor belt-------
---------baggage detected by sensor------------- 
Baggage weighs: 21.03 kg
baggage is on conveyor belt-------
---------baggage detected by sensor------------- 
Baggage weighs: 19.76 kg
baggage is on conveyor belt-------
---------baggage detected by sensor------------- 
Baggage weighs: 21.01 kg
baggage is on conveyor belt-------
---------baggage detected by sensor------------- 
Baggage weighs: 19.11 kg
baggage is on conveyor belt-------
---------baggage detected by sensor------------- 
Baggage weighs: 18.54 kg
baggage is on conveyor belt-------
---------baggage detected by sensor------------- 
Baggage weighs: 16.86 kg
baggage is on conveyor belt-------
---------baggage detected by sensor------------- 
Baggage weighs: 16.59 kg
baggage is on conveyor belt-------
---------baggage detected by sensor------------- 
Baggage weighs: 19.26 kg
baggage is on conveyor belt-------
---------baggage detected by sensor------------- 
Baggage weighs: 18.34 kg
baggage is on conveyor belt-------
---------baggage detected by sensor------------- 
Baggage weighs: 19.09 kg
baggage is on conveyor belt-------
---------baggage detected by sensor------------- 
Baggage weighs: 22.38 kg
baggage is on conveyor belt-------
---------baggage detected by sensor------------- 
Baggage weighs: 22.12 kg
baggage is on conveyor belt-------
---------baggage detected by sensor------------- 
Baggage weighs: 16.75 kg
baggage is on conveyor belt-------
---------baggage detected by sensor------------- 
Baggage weighs: 20.36 kg
baggage is on conveyor belt-------
---------baggage detected by sensor------------- 
Baggage weighs: 20.94 kg
baggage is on conveyor belt-------
---------baggage detected by sensor------------- 
Baggage weighs: 19.8 kg
baggage is on conveyor belt-------
---------baggage detected by sensor------------- 
Baggage weighs: 19.12 kg
baggage is on conveyor belt-------
---------baggage detected by sensor------------- 
Baggage weighs: 16.93 kg
baggage is on conveyor belt-------
---------baggage detected by sensor------------- 
Baggage weighs: 20.48 kg
baggage is on conveyor belt-------
---------baggage detected by sensor------------- 
Baggage weighs: 17.63 kg
baggage is on conveyor belt-------
---------baggage detected by sensor------------- 
Baggage weighs: 19.86 kg
baggage is on conveyor belt-------
---------baggage detected by sensor------------- 
Baggage weighs: 19.4 kg
baggage is on conveyor belt-------
---------baggage detected by sensor------------- 
Baggage weighs: 19.0 kg
baggage is on conveyor belt-------
---------baggage detected by sensor------------- 
Baggage weighs: 20.5 kg
baggage is on conveyor belt-------
---------baggage detected by sensor------------- 
Baggage weighs: 21.9 kg
baggage is on conveyor belt-------
---------baggage detected by sensor------------- 
Baggage weighs: 19.82 kg
baggage is on conveyor belt-------
---------baggage detected by sensor------------- 
Baggage weighs: 18.98 kg
baggage is on conveyor belt-------
---------baggage detected by sensor------------- 
Baggage weighs: 19.28 kg
baggage is on conveyor belt-------
---------baggage detected by sensor------------- 
Baggage weighs: 18.06 kg
baggage is on conveyor belt-------
---------baggage detected by sensor------------- 
Baggage weighs: 20.2 kg
baggage is on conveyor belt-------
---------baggage detected by sensor------------- 
Baggage weighs: 19.74 kg
baggage is on conveyor belt-------
---------baggage detected by sensor------------- 
Baggage weighs: 17.44 kg
baggage is on conveyor belt-------
---------baggage detected by sensor------------- 
Baggage weighs: 19.36 kg
baggage is on conveyor belt-------
---------baggage detected by sensor------------- 
Baggage weighs: 20.4 kg
baggage is on conveyor belt-------
---------baggage detected by sensor------------- 
Baggage weighs: 18.92 kg
baggage is on conveyor belt-------
---------baggage detected by sensor------------- 
Baggage weighs: 18.48 kg
baggage is on conveyor belt-------
---------baggage detected by sensor------------- 
Baggage weighs: 17.34 kg
baggage is on conveyor belt-------
---------baggage detected by sensor------------- 
Baggage weighs: 20.57 kg
baggage is on conveyor belt-------
---------baggage detected by sensor------------- 
Baggage weighs: 17.19 kg
baggage is on conveyor belt-------
---------baggage detected by sensor------------- 
Baggage weighs: 18.25 kg
baggage is on conveyor belt-------
---------baggage detected by sensor------------- 
Baggage weighs: 19.29 kg
baggage is on conveyor belt-------
---------baggage detected by sensor------------- 
Baggage weighs: 16.86 kg
baggage is on conveyor belt-------
---------baggage detected by sensor------------- 
Baggage weighs: 19.34 kg
baggage is on conveyor belt-------
---------baggage detected by sensor------------- 
Baggage weighs: 19.32 kg
baggage is on conveyor belt-------
---------baggage detected by sensor------------- 
Baggage weighs: 18.15 kg
baggage is on conveyor belt-------
---------baggage detected by sensor------------- 
Baggage weighs: 18.98 kg
baggage is on conveyor belt-------
---------baggage detected by sensor------------- 
Baggage weighs: 21.84 kg
baggage is on conveyor belt-------
---------baggage detected by sensor------------- 
Baggage weighs: 20.53 kg
baggage is on conveyor belt-------
---------baggage detected by sensor------------- 
Baggage weighs: 20.62 kg
baggage is on conveyor belt-------
---------baggage detected by sensor------------- 
Baggage weighs: 20.7 kg
baggage is on conveyor belt-------
---------baggage detected by sensor------------- 
Baggage weighs: 19.64 kg
baggage is on conveyor belt-------
---------baggage detected by sensor------------- 
Baggage weighs: 16.11 kg
baggage is on conveyor belt-------
---------baggage detected by sensor------------- 
Baggage weighs: 22.24 kg
baggage is on conveyor belt-------
---------baggage detected by sensor------------- 
Baggage weighs: 21.47 kg
baggage is on conveyor belt-------
---------baggage detected by sensor------------- 
Baggage weighs: 20.73 kg
baggage is on conveyor belt-------
---------baggage detected by sensor------------- 
Baggage weighs: 19.51 kg
baggage is on conveyor belt-------
---------baggage detected by sensor------------- 
Baggage weighs: 20.11 kg
baggage is on conveyor belt-------
---------baggage detected by sensor------------- 
Baggage weighs: 20.36 kg
baggage is on conveyor belt-------
---------baggage detected by sensor------------- 
Baggage weighs: 18.84 kg
baggage is on conveyor belt-------
---------baggage detected by sensor------------- 
Baggage weighs: 22.61 kg
baggage is on conveyor belt-------
---------baggage detected by sensor------------- 
Baggage weighs: 20.07 kg
baggage is on conveyor belt-------
---------baggage detected by sensor------------- 
Baggage weighs: 20.28 kg
baggage is on conveyor belt-------
---------baggage detected by sensor------------- 
Baggage weighs: 17.9 kg
baggage is on conveyor belt-------
---------baggage detected by sensor------------- 
Baggage weighs: 18.13 kg
baggage is on conveyor belt-------
---------baggage detected by sensor------------- 
Baggage weighs: 18.32 kg
baggage is on conveyor belt-------
---------baggage detected by sensor------------- 
Baggage weighs: 19.3 kg
baggage is on conveyor belt-------
---------baggage detected by sensor------------- 
Baggage weighs: 21.34 kg
baggage is on conveyor belt-------
---------baggage detected by sensor------------- 
Baggage weighs: 19.74 kg
baggage is on conveyor belt-------
---------baggage detected by sensor------------- 
Baggage weighs: 18.46 kg
baggage is on conveyor belt-------
---------baggage detected by sensor------------- 
Baggage weighs: 19.49 kg
baggage is on conveyor belt-------
---------baggage detected by sensor------------- 
Baggage weighs: 17.97 kg
baggage is on conveyor belt-------
---------baggage detected by sensor------------- 
Baggage weighs: 21.32 kg
baggage is on conveyor belt-------
---------baggage detected by sensor------------- 
Baggage weighs: 16.41 kg
baggage is on conveyor belt-------
---------baggage detected by sensor------------- 
Baggage weighs: 16.36 kg
baggage is on conveyor belt-------
---------baggage detected by sensor------------- 
Baggage weighs: 16.24 kg
baggage is on conveyor belt-------
---------baggage detected by sensor------------- 
Baggage weighs: 16.65 kg
baggage is on conveyor belt-------
---------baggage detected by sensor------------- 
Baggage weighs: 20.17 kg
baggage is on conveyor belt-------
---------baggage detected by sensor------------- 
Baggage weighs: 21.08 kg
baggage is on conveyor belt-------
---------baggage detected by sensor------------- 
Baggage weighs: 18.0 kg
baggage is on conveyor belt-------
---------baggage detected by sensor------------- 
Baggage weighs: 17.49 kg
baggage is on conveyor belt-------
---------baggage detected by sensor------------- 
Baggage weighs: 19.3 kg
baggage is on conveyor belt-------
---------baggage detected by sensor------------- 
Baggage weighs: 18.34 kg
baggage is on conveyor belt-------
---------baggage detected by sensor------------- 
Baggage weighs: 19.57 kg
baggage is on conveyor belt-------
---------baggage detected by sensor------------- 
Baggage weighs: 18.99 kg
baggage is on conveyor belt-------
---------baggage detected by sensor------------- 
Baggage weighs: 20.13 kg
baggage is on conveyor belt-------
---------baggage detected by sensor------------- 
Baggage weighs: 21.59 kg
baggage is on conveyor belt-------
---------baggage detected by sensor------------- 
Baggage weighs: 17.75 kg
baggage is on conveyor belt-------
---------baggage detected by sensor------------- 
Baggage weighs: 18.88 kg
baggage is on conveyor belt-------
---------baggage detected by sensor------------- 
Baggage weighs: 17.64 kg
baggage is on conveyor belt-------
---------baggage detected by sensor------------- 
Baggage weighs: 17.28 kg
baggage is on conveyor belt-------
---------baggage detected by sensor------------- 
Baggage weighs: 19.89 kg
baggage is on conveyor belt-------
---------baggage detected by sensor------------- 
Baggage weighs: 16.14 kg
baggage is on conveyor belt-------
---------baggage detected by sensor------------- 
Baggage weighs: 19.6 kg
baggage is on conveyor belt-------
---------baggage detected by sensor------------- 
Baggage weighs: 19.1 kg
baggage is on conveyor belt-------
---------baggage detected by sensor------------- 
Baggage weighs: 16.76 kg
baggage is on conveyor belt-------
---------baggage detected by sensor------------- 
Baggage weighs: 22.78 kg
baggage is on conveyor belt-------
---------baggage detected by sensor------------- 
Baggage weighs: 16.41 kg
baggage is on conveyor belt-------
---------baggage detected by sensor------------- 
Baggage weighs: 19.48 kg
Seat with ID: 37J has been reserved for you!

BOARDING PASS FOR BERRY COFFEY
-----------------------------------------------------------------------------
LUFTHANSA                      7yhe6iyyxhvwfiq /  Berry Coffey
Berry Coffey                                     /  7yhe6iyyxhvwfiq
FRA   LH2121   E  30.Oct                       /  FRA
HKG                                            /  HKG
SEAT ID: 37J                                   /  LH2121 E 30.Oct
SEQ: 205                                      / GATE: A05   22:00
MAX 1  HANDLUGGAGE/ LUGGAGE
-----------------------------------------------------------------------------
sorry Berry Coffey we have no voucher for you! Have a nice day!

---------------------------------------------------------------------------------------------------------------
scanning passport with passport id: P6C57B68W
searching for ticket in fast bag drop database..............
Ticket found for Arthur May and Flight LH2121
----searching flight seat for Arthur May---------
Found a seat with ID 37K
Below details were found in database
------------------------------------------
Name: Arthur May
Flight ID: LH2121
Source: FRA
Destination: HKG
Gate No: A05
Boarding time: 22:00
Ticket ID: x3lh89xpjmf5oj4
Booking Class: E
------------------------------------------

Proceed with check-in for flight LH2121 ?
Type YES to CHECK-IN or NO to cancel CHECK-IN
Arthur May is deciding whether to check-in or to go back home and sleep............
YES CHECK-IN
Checking you in...............
baggage is on conveyor belt-------
---------baggage detected by sensor------------- 
Baggage weighs: 21.58 kg
baggage is on conveyor belt-------
---------baggage detected by sensor------------- 
Baggage weighs: 20.43 kg
baggage is on conveyor belt-------
---------baggage detected by sensor------------- 
Baggage weighs: 18.47 kg
baggage is on conveyor belt-------
---------baggage detected by sensor------------- 
Baggage weighs: 17.86 kg
baggage is on conveyor belt-------
---------baggage detected by sensor------------- 
Baggage weighs: 18.65 kg
baggage is on conveyor belt-------
---------baggage detected by sensor------------- 
Baggage weighs: 19.27 kg
baggage is on conveyor belt-------
---------baggage detected by sensor------------- 
Baggage weighs: 17.42 kg
baggage is on conveyor belt-------
---------baggage detected by sensor------------- 
Baggage weighs: 19.16 kg
baggage is on conveyor belt-------
---------baggage detected by sensor------------- 
Baggage weighs: 19.52 kg
baggage is on conveyor belt-------
---------baggage detected by sensor------------- 
Baggage weighs: 17.51 kg
baggage is on conveyor belt-------
---------baggage detected by sensor------------- 
Baggage weighs: 17.38 kg
baggage is on conveyor belt-------
---------baggage detected by sensor------------- 
Baggage weighs: 18.67 kg
baggage is on conveyor belt-------
---------baggage detected by sensor------------- 
Baggage weighs: 16.98 kg
baggage is on conveyor belt-------
---------baggage detected by sensor------------- 
Baggage weighs: 21.26 kg
baggage is on conveyor belt-------
---------baggage detected by sensor------------- 
Baggage weighs: 18.3 kg
baggage is on conveyor belt-------
---------baggage detected by sensor------------- 
Baggage weighs: 16.81 kg
baggage is on conveyor belt-------
---------baggage detected by sensor------------- 
Baggage weighs: 20.91 kg
baggage is on conveyor belt-------
---------baggage detected by sensor------------- 
Baggage weighs: 21.21 kg
baggage is on conveyor belt-------
---------baggage detected by sensor------------- 
Baggage weighs: 19.69 kg
baggage is on conveyor belt-------
---------baggage detected by sensor------------- 
Baggage weighs: 18.67 kg
baggage is on conveyor belt-------
---------baggage detected by sensor------------- 
Baggage weighs: 19.12 kg
baggage is on conveyor belt-------
---------baggage detected by sensor------------- 
Baggage weighs: 16.42 kg
baggage is on conveyor belt-------
---------baggage detected by sensor------------- 
Baggage weighs: 19.17 kg
baggage is on conveyor belt-------
---------baggage detected by sensor------------- 
Baggage weighs: 19.0 kg
baggage is on conveyor belt-------
---------baggage detected by sensor------------- 
Baggage weighs: 18.78 kg
baggage is on conveyor belt-------
---------baggage detected by sensor------------- 
Baggage weighs: 20.31 kg
baggage is on conveyor belt-------
---------baggage detected by sensor------------- 
Baggage weighs: 21.25 kg
baggage is on conveyor belt-------
---------baggage detected by sensor------------- 
Baggage weighs: 18.87 kg
baggage is on conveyor belt-------
---------baggage detected by sensor------------- 
Baggage weighs: 16.25 kg
baggage is on conveyor belt-------
---------baggage detected by sensor------------- 
Baggage weighs: 19.94 kg
baggage is on conveyor belt-------
---------baggage detected by sensor------------- 
Baggage weighs: 16.88 kg
baggage is on conveyor belt-------
---------baggage detected by sensor------------- 
Baggage weighs: 18.24 kg
baggage is on conveyor belt-------
---------baggage detected by sensor------------- 
Baggage weighs: 17.16 kg
baggage is on conveyor belt-------
---------baggage detected by sensor------------- 
Baggage weighs: 19.34 kg
baggage is on conveyor belt-------
---------baggage detected by sensor------------- 
Baggage weighs: 22.41 kg
baggage is on conveyor belt-------
---------baggage detected by sensor------------- 
Baggage weighs: 20.47 kg
baggage is on conveyor belt-------
---------baggage detected by sensor------------- 
Baggage weighs: 18.81 kg
baggage is on conveyor belt-------
---------baggage detected by sensor------------- 
Baggage weighs: 18.56 kg
baggage is on conveyor belt-------
---------baggage detected by sensor------------- 
Baggage weighs: 17.77 kg
baggage is on conveyor belt-------
---------baggage detected by sensor------------- 
Baggage weighs: 19.32 kg
baggage is on conveyor belt-------
---------baggage detected by sensor------------- 
Baggage weighs: 19.21 kg
baggage is on conveyor belt-------
---------baggage detected by sensor------------- 
Baggage weighs: 19.13 kg
baggage is on conveyor belt-------
---------baggage detected by sensor------------- 
Baggage weighs: 20.39 kg
baggage is on conveyor belt-------
---------baggage detected by sensor------------- 
Baggage weighs: 21.03 kg
baggage is on conveyor belt-------
---------baggage detected by sensor------------- 
Baggage weighs: 20.05 kg
baggage is on conveyor belt-------
---------baggage detected by sensor------------- 
Baggage weighs: 21.92 kg
baggage is on conveyor belt-------
---------baggage detected by sensor------------- 
Baggage weighs: 19.37 kg
baggage is on conveyor belt-------
---------baggage detected by sensor------------- 
Baggage weighs: 20.35 kg
baggage is on conveyor belt-------
---------baggage detected by sensor------------- 
Baggage weighs: 18.73 kg
baggage is on conveyor belt-------
---------baggage detected by sensor------------- 
Baggage weighs: 20.33 kg
baggage is on conveyor belt-------
---------baggage detected by sensor------------- 
Baggage weighs: 22.01 kg
baggage is on conveyor belt-------
---------baggage detected by sensor------------- 
Baggage weighs: 19.27 kg
baggage is on conveyor belt-------
---------baggage detected by sensor------------- 
Baggage weighs: 21.18 kg
baggage is on conveyor belt-------
---------baggage detected by sensor------------- 
Baggage weighs: 17.16 kg
baggage is on conveyor belt-------
---------baggage detected by sensor------------- 
Baggage weighs: 20.04 kg
baggage is on conveyor belt-------
---------baggage detected by sensor------------- 
Baggage weighs: 20.91 kg
baggage is on conveyor belt-------
---------baggage detected by sensor------------- 
Baggage weighs: 20.3 kg
baggage is on conveyor belt-------
---------baggage detected by sensor------------- 
Baggage weighs: 20.38 kg
baggage is on conveyor belt-------
---------baggage detected by sensor------------- 
Baggage weighs: 16.54 kg
baggage is on conveyor belt-------
---------baggage detected by sensor------------- 
Baggage weighs: 18.87 kg
baggage is on conveyor belt-------
---------baggage detected by sensor------------- 
Baggage weighs: 20.22 kg
baggage is on conveyor belt-------
---------baggage detected by sensor------------- 
Baggage weighs: 20.75 kg
baggage is on conveyor belt-------
---------baggage detected by sensor------------- 
Baggage weighs: 17.4 kg
baggage is on conveyor belt-------
---------baggage detected by sensor------------- 
Baggage weighs: 20.27 kg
baggage is on conveyor belt-------
---------baggage detected by sensor------------- 
Baggage weighs: 17.04 kg
baggage is on conveyor belt-------
---------baggage detected by sensor------------- 
Baggage weighs: 19.84 kg
baggage is on conveyor belt-------
---------baggage detected by sensor------------- 
Baggage weighs: 17.34 kg
baggage is on conveyor belt-------
---------baggage detected by sensor------------- 
Baggage weighs: 18.75 kg
baggage is on conveyor belt-------
---------baggage detected by sensor------------- 
Baggage weighs: 19.12 kg
baggage is on conveyor belt-------
---------baggage detected by sensor------------- 
Baggage weighs: 18.29 kg
baggage is on conveyor belt-------
---------baggage detected by sensor------------- 
Baggage weighs: 17.94 kg
baggage is on conveyor belt-------
---------baggage detected by sensor------------- 
Baggage weighs: 19.09 kg
baggage is on conveyor belt-------
---------baggage detected by sensor------------- 
Baggage weighs: 22.39 kg
baggage is on conveyor belt-------
---------baggage detected by sensor------------- 
Baggage weighs: 21.23 kg
baggage is on conveyor belt-------
---------baggage detected by sensor------------- 
Baggage weighs: 17.56 kg
baggage is on conveyor belt-------
---------baggage detected by sensor------------- 
Baggage weighs: 18.37 kg
baggage is on conveyor belt-------
---------baggage detected by sensor------------- 
Baggage weighs: 21.4 kg
baggage is on conveyor belt-------
---------baggage detected by sensor------------- 
Baggage weighs: 20.25 kg
baggage is on conveyor belt-------
---------baggage detected by sensor------------- 
Baggage weighs: 23.0 kg
baggage is on conveyor belt-------
---------baggage detected by sensor------------- 
Baggage weighs: 17.01 kg
baggage is on conveyor belt-------
---------baggage detected by sensor------------- 
Baggage weighs: 17.39 kg
baggage is on conveyor belt-------
---------baggage detected by sensor------------- 
Baggage weighs: 16.7 kg
baggage is on conveyor belt-------
---------baggage detected by sensor------------- 
Baggage weighs: 16.23 kg
baggage is on conveyor belt-------
---------baggage detected by sensor------------- 
Baggage weighs: 19.13 kg
baggage is on conveyor belt-------
---------baggage detected by sensor------------- 
Baggage weighs: 21.07 kg
baggage is on conveyor belt-------
---------baggage detected by sensor------------- 
Baggage weighs: 17.87 kg
baggage is on conveyor belt-------
---------baggage detected by sensor------------- 
Baggage weighs: 19.92 kg
baggage is on conveyor belt-------
---------baggage detected by sensor------------- 
Baggage weighs: 19.22 kg
baggage is on conveyor belt-------
---------baggage detected by sensor------------- 
Baggage weighs: 21.53 kg
baggage is on conveyor belt-------
---------baggage detected by sensor------------- 
Baggage weighs: 20.29 kg
baggage is on conveyor belt-------
---------baggage detected by sensor------------- 
Baggage weighs: 19.32 kg
baggage is on conveyor belt-------
---------baggage detected by sensor------------- 
Baggage weighs: 17.25 kg
baggage is on conveyor belt-------
---------baggage detected by sensor------------- 
Baggage weighs: 21.3 kg
baggage is on conveyor belt-------
---------baggage detected by sensor------------- 
Baggage weighs: 16.79 kg
baggage is on conveyor belt-------
---------baggage detected by sensor------------- 
Baggage weighs: 19.55 kg
baggage is on conveyor belt-------
---------baggage detected by sensor------------- 
Baggage weighs: 18.88 kg
baggage is on conveyor belt-------
---------baggage detected by sensor------------- 
Baggage weighs: 22.33 kg
baggage is on conveyor belt-------
---------baggage detected by sensor------------- 
Baggage weighs: 20.62 kg
baggage is on conveyor belt-------
---------baggage detected by sensor------------- 
Baggage weighs: 19.42 kg
baggage is on conveyor belt-------
---------baggage detected by sensor------------- 
Baggage weighs: 17.54 kg
baggage is on conveyor belt-------
---------baggage detected by sensor------------- 
Baggage weighs: 21.51 kg
baggage is on conveyor belt-------
---------baggage detected by sensor------------- 
Baggage weighs: 19.46 kg
baggage is on conveyor belt-------
---------baggage detected by sensor------------- 
Baggage weighs: 17.83 kg
baggage is on conveyor belt-------
---------baggage detected by sensor------------- 
Baggage weighs: 17.75 kg
baggage is on conveyor belt-------
---------baggage detected by sensor------------- 
Baggage weighs: 17.44 kg
baggage is on conveyor belt-------
---------baggage detected by sensor------------- 
Baggage weighs: 19.53 kg
baggage is on conveyor belt-------
---------baggage detected by sensor------------- 
Baggage weighs: 17.51 kg
baggage is on conveyor belt-------
---------baggage detected by sensor------------- 
Baggage weighs: 18.2 kg
baggage is on conveyor belt-------
---------baggage detected by sensor------------- 
Baggage weighs: 21.55 kg
baggage is on conveyor belt-------
---------baggage detected by sensor------------- 
Baggage weighs: 19.67 kg
baggage is on conveyor belt-------
---------baggage detected by sensor------------- 
Baggage weighs: 19.52 kg
baggage is on conveyor belt-------
---------baggage detected by sensor------------- 
Baggage weighs: 21.06 kg
baggage is on conveyor belt-------
---------baggage detected by sensor------------- 
Baggage weighs: 17.44 kg
baggage is on conveyor belt-------
---------baggage detected by sensor------------- 
Baggage weighs: 19.21 kg
baggage is on conveyor belt-------
---------baggage detected by sensor------------- 
Baggage weighs: 21.65 kg
baggage is on conveyor belt-------
---------baggage detected by sensor------------- 
Baggage weighs: 19.64 kg
baggage is on conveyor belt-------
---------baggage detected by sensor------------- 
Baggage weighs: 21.03 kg
baggage is on conveyor belt-------
---------baggage detected by sensor------------- 
Baggage weighs: 19.76 kg
baggage is on conveyor belt-------
---------baggage detected by sensor------------- 
Baggage weighs: 21.01 kg
baggage is on conveyor belt-------
---------baggage detected by sensor------------- 
Baggage weighs: 19.11 kg
baggage is on conveyor belt-------
---------baggage detected by sensor------------- 
Baggage weighs: 18.54 kg
baggage is on conveyor belt-------
---------baggage detected by sensor------------- 
Baggage weighs: 16.86 kg
baggage is on conveyor belt-------
---------baggage detected by sensor------------- 
Baggage weighs: 16.59 kg
baggage is on conveyor belt-------
---------baggage detected by sensor------------- 
Baggage weighs: 19.26 kg
baggage is on conveyor belt-------
---------baggage detected by sensor------------- 
Baggage weighs: 18.34 kg
baggage is on conveyor belt-------
---------baggage detected by sensor------------- 
Baggage weighs: 19.09 kg
baggage is on conveyor belt-------
---------baggage detected by sensor------------- 
Baggage weighs: 22.38 kg
baggage is on conveyor belt-------
---------baggage detected by sensor------------- 
Baggage weighs: 22.12 kg
baggage is on conveyor belt-------
---------baggage detected by sensor------------- 
Baggage weighs: 16.75 kg
baggage is on conveyor belt-------
---------baggage detected by sensor------------- 
Baggage weighs: 20.36 kg
baggage is on conveyor belt-------
---------baggage detected by sensor------------- 
Baggage weighs: 20.94 kg
baggage is on conveyor belt-------
---------baggage detected by sensor------------- 
Baggage weighs: 19.8 kg
baggage is on conveyor belt-------
---------baggage detected by sensor------------- 
Baggage weighs: 19.12 kg
baggage is on conveyor belt-------
---------baggage detected by sensor------------- 
Baggage weighs: 16.93 kg
baggage is on conveyor belt-------
---------baggage detected by sensor------------- 
Baggage weighs: 20.48 kg
baggage is on conveyor belt-------
---------baggage detected by sensor------------- 
Baggage weighs: 17.63 kg
baggage is on conveyor belt-------
---------baggage detected by sensor------------- 
Baggage weighs: 19.86 kg
baggage is on conveyor belt-------
---------baggage detected by sensor------------- 
Baggage weighs: 19.4 kg
baggage is on conveyor belt-------
---------baggage detected by sensor------------- 
Baggage weighs: 19.0 kg
baggage is on conveyor belt-------
---------baggage detected by sensor------------- 
Baggage weighs: 20.5 kg
baggage is on conveyor belt-------
---------baggage detected by sensor------------- 
Baggage weighs: 21.9 kg
baggage is on conveyor belt-------
---------baggage detected by sensor------------- 
Baggage weighs: 19.82 kg
baggage is on conveyor belt-------
---------baggage detected by sensor------------- 
Baggage weighs: 18.98 kg
baggage is on conveyor belt-------
---------baggage detected by sensor------------- 
Baggage weighs: 19.28 kg
baggage is on conveyor belt-------
---------baggage detected by sensor------------- 
Baggage weighs: 18.06 kg
baggage is on conveyor belt-------
---------baggage detected by sensor------------- 
Baggage weighs: 20.2 kg
baggage is on conveyor belt-------
---------baggage detected by sensor------------- 
Baggage weighs: 19.74 kg
baggage is on conveyor belt-------
---------baggage detected by sensor------------- 
Baggage weighs: 17.44 kg
baggage is on conveyor belt-------
---------baggage detected by sensor------------- 
Baggage weighs: 19.36 kg
baggage is on conveyor belt-------
---------baggage detected by sensor------------- 
Baggage weighs: 20.4 kg
baggage is on conveyor belt-------
---------baggage detected by sensor------------- 
Baggage weighs: 18.92 kg
baggage is on conveyor belt-------
---------baggage detected by sensor------------- 
Baggage weighs: 18.48 kg
baggage is on conveyor belt-------
---------baggage detected by sensor------------- 
Baggage weighs: 17.34 kg
baggage is on conveyor belt-------
---------baggage detected by sensor------------- 
Baggage weighs: 20.57 kg
baggage is on conveyor belt-------
---------baggage detected by sensor------------- 
Baggage weighs: 17.19 kg
baggage is on conveyor belt-------
---------baggage detected by sensor------------- 
Baggage weighs: 18.25 kg
baggage is on conveyor belt-------
---------baggage detected by sensor------------- 
Baggage weighs: 19.29 kg
baggage is on conveyor belt-------
---------baggage detected by sensor------------- 
Baggage weighs: 16.86 kg
baggage is on conveyor belt-------
---------baggage detected by sensor------------- 
Baggage weighs: 19.34 kg
baggage is on conveyor belt-------
---------baggage detected by sensor------------- 
Baggage weighs: 19.32 kg
baggage is on conveyor belt-------
---------baggage detected by sensor------------- 
Baggage weighs: 18.15 kg
baggage is on conveyor belt-------
---------baggage detected by sensor------------- 
Baggage weighs: 18.98 kg
baggage is on conveyor belt-------
---------baggage detected by sensor------------- 
Baggage weighs: 21.84 kg
baggage is on conveyor belt-------
---------baggage detected by sensor------------- 
Baggage weighs: 20.53 kg
baggage is on conveyor belt-------
---------baggage detected by sensor------------- 
Baggage weighs: 20.62 kg
baggage is on conveyor belt-------
---------baggage detected by sensor------------- 
Baggage weighs: 20.7 kg
baggage is on conveyor belt-------
---------baggage detected by sensor------------- 
Baggage weighs: 19.64 kg
baggage is on conveyor belt-------
---------baggage detected by sensor------------- 
Baggage weighs: 16.11 kg
baggage is on conveyor belt-------
---------baggage detected by sensor------------- 
Baggage weighs: 22.24 kg
baggage is on conveyor belt-------
---------baggage detected by sensor------------- 
Baggage weighs: 21.47 kg
baggage is on conveyor belt-------
---------baggage detected by sensor------------- 
Baggage weighs: 20.73 kg
baggage is on conveyor belt-------
---------baggage detected by sensor------------- 
Baggage weighs: 19.51 kg
baggage is on conveyor belt-------
---------baggage detected by sensor------------- 
Baggage weighs: 20.11 kg
baggage is on conveyor belt-------
---------baggage detected by sensor------------- 
Baggage weighs: 20.36 kg
baggage is on conveyor belt-------
---------baggage detected by sensor------------- 
Baggage weighs: 18.84 kg
baggage is on conveyor belt-------
---------baggage detected by sensor------------- 
Baggage weighs: 22.61 kg
baggage is on conveyor belt-------
---------baggage detected by sensor------------- 
Baggage weighs: 20.07 kg
baggage is on conveyor belt-------
---------baggage detected by sensor------------- 
Baggage weighs: 20.28 kg
baggage is on conveyor belt-------
---------baggage detected by sensor------------- 
Baggage weighs: 17.9 kg
baggage is on conveyor belt-------
---------baggage detected by sensor------------- 
Baggage weighs: 18.13 kg
baggage is on conveyor belt-------
---------baggage detected by sensor------------- 
Baggage weighs: 18.32 kg
baggage is on conveyor belt-------
---------baggage detected by sensor------------- 
Baggage weighs: 19.3 kg
baggage is on conveyor belt-------
---------baggage detected by sensor------------- 
Baggage weighs: 21.34 kg
baggage is on conveyor belt-------
---------baggage detected by sensor------------- 
Baggage weighs: 19.74 kg
baggage is on conveyor belt-------
---------baggage detected by sensor------------- 
Baggage weighs: 18.46 kg
baggage is on conveyor belt-------
---------baggage detected by sensor------------- 
Baggage weighs: 19.49 kg
baggage is on conveyor belt-------
---------baggage detected by sensor------------- 
Baggage weighs: 17.97 kg
baggage is on conveyor belt-------
---------baggage detected by sensor------------- 
Baggage weighs: 21.32 kg
baggage is on conveyor belt-------
---------baggage detected by sensor------------- 
Baggage weighs: 16.41 kg
baggage is on conveyor belt-------
---------baggage detected by sensor------------- 
Baggage weighs: 16.36 kg
baggage is on conveyor belt-------
---------baggage detected by sensor------------- 
Baggage weighs: 16.24 kg
baggage is on conveyor belt-------
---------baggage detected by sensor------------- 
Baggage weighs: 16.65 kg
baggage is on conveyor belt-------
---------baggage detected by sensor------------- 
Baggage weighs: 20.17 kg
baggage is on conveyor belt-------
---------baggage detected by sensor------------- 
Baggage weighs: 21.08 kg
baggage is on conveyor belt-------
---------baggage detected by sensor------------- 
Baggage weighs: 18.0 kg
baggage is on conveyor belt-------
---------baggage detected by sensor------------- 
Baggage weighs: 17.49 kg
baggage is on conveyor belt-------
---------baggage detected by sensor------------- 
Baggage weighs: 19.3 kg
baggage is on conveyor belt-------
---------baggage detected by sensor------------- 
Baggage weighs: 18.34 kg
baggage is on conveyor belt-------
---------baggage detected by sensor------------- 
Baggage weighs: 19.57 kg
baggage is on conveyor belt-------
---------baggage detected by sensor------------- 
Baggage weighs: 18.99 kg
baggage is on conveyor belt-------
---------baggage detected by sensor------------- 
Baggage weighs: 20.13 kg
baggage is on conveyor belt-------
---------baggage detected by sensor------------- 
Baggage weighs: 21.59 kg
baggage is on conveyor belt-------
---------baggage detected by sensor------------- 
Baggage weighs: 17.75 kg
baggage is on conveyor belt-------
---------baggage detected by sensor------------- 
Baggage weighs: 18.88 kg
baggage is on conveyor belt-------
---------baggage detected by sensor------------- 
Baggage weighs: 17.64 kg
baggage is on conveyor belt-------
---------baggage detected by sensor------------- 
Baggage weighs: 17.28 kg
baggage is on conveyor belt-------
---------baggage detected by sensor------------- 
Baggage weighs: 19.89 kg
baggage is on conveyor belt-------
---------baggage detected by sensor------------- 
Baggage weighs: 16.14 kg
baggage is on conveyor belt-------
---------baggage detected by sensor------------- 
Baggage weighs: 19.6 kg
baggage is on conveyor belt-------
---------baggage detected by sensor------------- 
Baggage weighs: 19.1 kg
baggage is on conveyor belt-------
---------baggage detected by sensor------------- 
Baggage weighs: 16.76 kg
baggage is on conveyor belt-------
---------baggage detected by sensor------------- 
Baggage weighs: 22.78 kg
baggage is on conveyor belt-------
---------baggage detected by sensor------------- 
Baggage weighs: 16.41 kg
baggage is on conveyor belt-------
---------baggage detected by sensor------------- 
Baggage weighs: 19.48 kg
baggage is on conveyor belt-------
---------baggage detected by sensor------------- 
Baggage weighs: 19.0 kg
Seat with ID: 37K has been reserved for you!

BOARDING PASS FOR ARTHUR MAY
-----------------------------------------------------------------------------
LUFTHANSA                      x3lh89xpjmf5oj4 /  Arthur May
Arthur May                                     /  x3lh89xpjmf5oj4
FRA   LH2121   E  30.Oct                       /  FRA
HKG                                            /  HKG
SEAT ID: 37K                                   /  LH2121 E 30.Oct
SEQ: 206                                      / GATE: A05   22:00
MAX 1  HANDLUGGAGE/ LUGGAGE
-----------------------------------------------------------------------------
sorry Arthur May we have no voucher for you! Have a nice day!

---------------------------------------------------------------------------------------------------------------
scanning passport with passport id: USO04L7GX
searching for ticket in fast bag drop database..............
Ticket found for Byron Benson and Flight LH2121
----searching flight seat for Byron Benson---------
Found a seat with ID 38A
Below details were found in database
------------------------------------------
Name: Byron Benson
Flight ID: LH2121
Source: FRA
Destination: HKG
Gate No: A05
Boarding time: 22:00
Ticket ID: x0t55yyfntiao1u
Booking Class: E
------------------------------------------

Proceed with check-in for flight LH2121 ?
Type YES to CHECK-IN or NO to cancel CHECK-IN
Byron Benson is deciding whether to check-in or to go back home and sleep............
YES CHECK-IN
Checking you in...............
baggage is on conveyor belt-------
---------baggage detected by sensor------------- 
Baggage weighs: 21.58 kg
baggage is on conveyor belt-------
---------baggage detected by sensor------------- 
Baggage weighs: 20.43 kg
baggage is on conveyor belt-------
---------baggage detected by sensor------------- 
Baggage weighs: 18.47 kg
baggage is on conveyor belt-------
---------baggage detected by sensor------------- 
Baggage weighs: 17.86 kg
baggage is on conveyor belt-------
---------baggage detected by sensor------------- 
Baggage weighs: 18.65 kg
baggage is on conveyor belt-------
---------baggage detected by sensor------------- 
Baggage weighs: 19.27 kg
baggage is on conveyor belt-------
---------baggage detected by sensor------------- 
Baggage weighs: 17.42 kg
baggage is on conveyor belt-------
---------baggage detected by sensor------------- 
Baggage weighs: 19.16 kg
baggage is on conveyor belt-------
---------baggage detected by sensor------------- 
Baggage weighs: 19.52 kg
baggage is on conveyor belt-------
---------baggage detected by sensor------------- 
Baggage weighs: 17.51 kg
baggage is on conveyor belt-------
---------baggage detected by sensor------------- 
Baggage weighs: 17.38 kg
baggage is on conveyor belt-------
---------baggage detected by sensor------------- 
Baggage weighs: 18.67 kg
baggage is on conveyor belt-------
---------baggage detected by sensor------------- 
Baggage weighs: 16.98 kg
baggage is on conveyor belt-------
---------baggage detected by sensor------------- 
Baggage weighs: 21.26 kg
baggage is on conveyor belt-------
---------baggage detected by sensor------------- 
Baggage weighs: 18.3 kg
baggage is on conveyor belt-------
---------baggage detected by sensor------------- 
Baggage weighs: 16.81 kg
baggage is on conveyor belt-------
---------baggage detected by sensor------------- 
Baggage weighs: 20.91 kg
baggage is on conveyor belt-------
---------baggage detected by sensor------------- 
Baggage weighs: 21.21 kg
baggage is on conveyor belt-------
---------baggage detected by sensor------------- 
Baggage weighs: 19.69 kg
baggage is on conveyor belt-------
---------baggage detected by sensor------------- 
Baggage weighs: 18.67 kg
baggage is on conveyor belt-------
---------baggage detected by sensor------------- 
Baggage weighs: 19.12 kg
baggage is on conveyor belt-------
---------baggage detected by sensor------------- 
Baggage weighs: 16.42 kg
baggage is on conveyor belt-------
---------baggage detected by sensor------------- 
Baggage weighs: 19.17 kg
baggage is on conveyor belt-------
---------baggage detected by sensor------------- 
Baggage weighs: 19.0 kg
baggage is on conveyor belt-------
---------baggage detected by sensor------------- 
Baggage weighs: 18.78 kg
baggage is on conveyor belt-------
---------baggage detected by sensor------------- 
Baggage weighs: 20.31 kg
baggage is on conveyor belt-------
---------baggage detected by sensor------------- 
Baggage weighs: 21.25 kg
baggage is on conveyor belt-------
---------baggage detected by sensor------------- 
Baggage weighs: 18.87 kg
baggage is on conveyor belt-------
---------baggage detected by sensor------------- 
Baggage weighs: 16.25 kg
baggage is on conveyor belt-------
---------baggage detected by sensor------------- 
Baggage weighs: 19.94 kg
baggage is on conveyor belt-------
---------baggage detected by sensor------------- 
Baggage weighs: 16.88 kg
baggage is on conveyor belt-------
---------baggage detected by sensor------------- 
Baggage weighs: 18.24 kg
baggage is on conveyor belt-------
---------baggage detected by sensor------------- 
Baggage weighs: 17.16 kg
baggage is on conveyor belt-------
---------baggage detected by sensor------------- 
Baggage weighs: 19.34 kg
baggage is on conveyor belt-------
---------baggage detected by sensor------------- 
Baggage weighs: 22.41 kg
baggage is on conveyor belt-------
---------baggage detected by sensor------------- 
Baggage weighs: 20.47 kg
baggage is on conveyor belt-------
---------baggage detected by sensor------------- 
Baggage weighs: 18.81 kg
baggage is on conveyor belt-------
---------baggage detected by sensor------------- 
Baggage weighs: 18.56 kg
baggage is on conveyor belt-------
---------baggage detected by sensor------------- 
Baggage weighs: 17.77 kg
baggage is on conveyor belt-------
---------baggage detected by sensor------------- 
Baggage weighs: 19.32 kg
baggage is on conveyor belt-------
---------baggage detected by sensor------------- 
Baggage weighs: 19.21 kg
baggage is on conveyor belt-------
---------baggage detected by sensor------------- 
Baggage weighs: 19.13 kg
baggage is on conveyor belt-------
---------baggage detected by sensor------------- 
Baggage weighs: 20.39 kg
baggage is on conveyor belt-------
---------baggage detected by sensor------------- 
Baggage weighs: 21.03 kg
baggage is on conveyor belt-------
---------baggage detected by sensor------------- 
Baggage weighs: 20.05 kg
baggage is on conveyor belt-------
---------baggage detected by sensor------------- 
Baggage weighs: 21.92 kg
baggage is on conveyor belt-------
---------baggage detected by sensor------------- 
Baggage weighs: 19.37 kg
baggage is on conveyor belt-------
---------baggage detected by sensor------------- 
Baggage weighs: 20.35 kg
baggage is on conveyor belt-------
---------baggage detected by sensor------------- 
Baggage weighs: 18.73 kg
baggage is on conveyor belt-------
---------baggage detected by sensor------------- 
Baggage weighs: 20.33 kg
baggage is on conveyor belt-------
---------baggage detected by sensor------------- 
Baggage weighs: 22.01 kg
baggage is on conveyor belt-------
---------baggage detected by sensor------------- 
Baggage weighs: 19.27 kg
baggage is on conveyor belt-------
---------baggage detected by sensor------------- 
Baggage weighs: 21.18 kg
baggage is on conveyor belt-------
---------baggage detected by sensor------------- 
Baggage weighs: 17.16 kg
baggage is on conveyor belt-------
---------baggage detected by sensor------------- 
Baggage weighs: 20.04 kg
baggage is on conveyor belt-------
---------baggage detected by sensor------------- 
Baggage weighs: 20.91 kg
baggage is on conveyor belt-------
---------baggage detected by sensor------------- 
Baggage weighs: 20.3 kg
baggage is on conveyor belt-------
---------baggage detected by sensor------------- 
Baggage weighs: 20.38 kg
baggage is on conveyor belt-------
---------baggage detected by sensor------------- 
Baggage weighs: 16.54 kg
baggage is on conveyor belt-------
---------baggage detected by sensor------------- 
Baggage weighs: 18.87 kg
baggage is on conveyor belt-------
---------baggage detected by sensor------------- 
Baggage weighs: 20.22 kg
baggage is on conveyor belt-------
---------baggage detected by sensor------------- 
Baggage weighs: 20.75 kg
baggage is on conveyor belt-------
---------baggage detected by sensor------------- 
Baggage weighs: 17.4 kg
baggage is on conveyor belt-------
---------baggage detected by sensor------------- 
Baggage weighs: 20.27 kg
baggage is on conveyor belt-------
---------baggage detected by sensor------------- 
Baggage weighs: 17.04 kg
baggage is on conveyor belt-------
---------baggage detected by sensor------------- 
Baggage weighs: 19.84 kg
baggage is on conveyor belt-------
---------baggage detected by sensor------------- 
Baggage weighs: 17.34 kg
baggage is on conveyor belt-------
---------baggage detected by sensor------------- 
Baggage weighs: 18.75 kg
baggage is on conveyor belt-------
---------baggage detected by sensor------------- 
Baggage weighs: 19.12 kg
baggage is on conveyor belt-------
---------baggage detected by sensor------------- 
Baggage weighs: 18.29 kg
baggage is on conveyor belt-------
---------baggage detected by sensor------------- 
Baggage weighs: 17.94 kg
baggage is on conveyor belt-------
---------baggage detected by sensor------------- 
Baggage weighs: 19.09 kg
baggage is on conveyor belt-------
---------baggage detected by sensor------------- 
Baggage weighs: 22.39 kg
baggage is on conveyor belt-------
---------baggage detected by sensor------------- 
Baggage weighs: 21.23 kg
baggage is on conveyor belt-------
---------baggage detected by sensor------------- 
Baggage weighs: 17.56 kg
baggage is on conveyor belt-------
---------baggage detected by sensor------------- 
Baggage weighs: 18.37 kg
baggage is on conveyor belt-------
---------baggage detected by sensor------------- 
Baggage weighs: 21.4 kg
baggage is on conveyor belt-------
---------baggage detected by sensor------------- 
Baggage weighs: 20.25 kg
baggage is on conveyor belt-------
---------baggage detected by sensor------------- 
Baggage weighs: 23.0 kg
baggage is on conveyor belt-------
---------baggage detected by sensor------------- 
Baggage weighs: 17.01 kg
baggage is on conveyor belt-------
---------baggage detected by sensor------------- 
Baggage weighs: 17.39 kg
baggage is on conveyor belt-------
---------baggage detected by sensor------------- 
Baggage weighs: 16.7 kg
baggage is on conveyor belt-------
---------baggage detected by sensor------------- 
Baggage weighs: 16.23 kg
baggage is on conveyor belt-------
---------baggage detected by sensor------------- 
Baggage weighs: 19.13 kg
baggage is on conveyor belt-------
---------baggage detected by sensor------------- 
Baggage weighs: 21.07 kg
baggage is on conveyor belt-------
---------baggage detected by sensor------------- 
Baggage weighs: 17.87 kg
baggage is on conveyor belt-------
---------baggage detected by sensor------------- 
Baggage weighs: 19.92 kg
baggage is on conveyor belt-------
---------baggage detected by sensor------------- 
Baggage weighs: 19.22 kg
baggage is on conveyor belt-------
---------baggage detected by sensor------------- 
Baggage weighs: 21.53 kg
baggage is on conveyor belt-------
---------baggage detected by sensor------------- 
Baggage weighs: 20.29 kg
baggage is on conveyor belt-------
---------baggage detected by sensor------------- 
Baggage weighs: 19.32 kg
baggage is on conveyor belt-------
---------baggage detected by sensor------------- 
Baggage weighs: 17.25 kg
baggage is on conveyor belt-------
---------baggage detected by sensor------------- 
Baggage weighs: 21.3 kg
baggage is on conveyor belt-------
---------baggage detected by sensor------------- 
Baggage weighs: 16.79 kg
baggage is on conveyor belt-------
---------baggage detected by sensor------------- 
Baggage weighs: 19.55 kg
baggage is on conveyor belt-------
---------baggage detected by sensor------------- 
Baggage weighs: 18.88 kg
baggage is on conveyor belt-------
---------baggage detected by sensor------------- 
Baggage weighs: 22.33 kg
baggage is on conveyor belt-------
---------baggage detected by sensor------------- 
Baggage weighs: 20.62 kg
baggage is on conveyor belt-------
---------baggage detected by sensor------------- 
Baggage weighs: 19.42 kg
baggage is on conveyor belt-------
---------baggage detected by sensor------------- 
Baggage weighs: 17.54 kg
baggage is on conveyor belt-------
---------baggage detected by sensor------------- 
Baggage weighs: 21.51 kg
baggage is on conveyor belt-------
---------baggage detected by sensor------------- 
Baggage weighs: 19.46 kg
baggage is on conveyor belt-------
---------baggage detected by sensor------------- 
Baggage weighs: 17.83 kg
baggage is on conveyor belt-------
---------baggage detected by sensor------------- 
Baggage weighs: 17.75 kg
baggage is on conveyor belt-------
---------baggage detected by sensor------------- 
Baggage weighs: 17.44 kg
baggage is on conveyor belt-------
---------baggage detected by sensor------------- 
Baggage weighs: 19.53 kg
baggage is on conveyor belt-------
---------baggage detected by sensor------------- 
Baggage weighs: 17.51 kg
baggage is on conveyor belt-------
---------baggage detected by sensor------------- 
Baggage weighs: 18.2 kg
baggage is on conveyor belt-------
---------baggage detected by sensor------------- 
Baggage weighs: 21.55 kg
baggage is on conveyor belt-------
---------baggage detected by sensor------------- 
Baggage weighs: 19.67 kg
baggage is on conveyor belt-------
---------baggage detected by sensor------------- 
Baggage weighs: 19.52 kg
baggage is on conveyor belt-------
---------baggage detected by sensor------------- 
Baggage weighs: 21.06 kg
baggage is on conveyor belt-------
---------baggage detected by sensor------------- 
Baggage weighs: 17.44 kg
baggage is on conveyor belt-------
---------baggage detected by sensor------------- 
Baggage weighs: 19.21 kg
baggage is on conveyor belt-------
---------baggage detected by sensor------------- 
Baggage weighs: 21.65 kg
baggage is on conveyor belt-------
---------baggage detected by sensor------------- 
Baggage weighs: 19.64 kg
baggage is on conveyor belt-------
---------baggage detected by sensor------------- 
Baggage weighs: 21.03 kg
baggage is on conveyor belt-------
---------baggage detected by sensor------------- 
Baggage weighs: 19.76 kg
baggage is on conveyor belt-------
---------baggage detected by sensor------------- 
Baggage weighs: 21.01 kg
baggage is on conveyor belt-------
---------baggage detected by sensor------------- 
Baggage weighs: 19.11 kg
baggage is on conveyor belt-------
---------baggage detected by sensor------------- 
Baggage weighs: 18.54 kg
baggage is on conveyor belt-------
---------baggage detected by sensor------------- 
Baggage weighs: 16.86 kg
baggage is on conveyor belt-------
---------baggage detected by sensor------------- 
Baggage weighs: 16.59 kg
baggage is on conveyor belt-------
---------baggage detected by sensor------------- 
Baggage weighs: 19.26 kg
baggage is on conveyor belt-------
---------baggage detected by sensor------------- 
Baggage weighs: 18.34 kg
baggage is on conveyor belt-------
---------baggage detected by sensor------------- 
Baggage weighs: 19.09 kg
baggage is on conveyor belt-------
---------baggage detected by sensor------------- 
Baggage weighs: 22.38 kg
baggage is on conveyor belt-------
---------baggage detected by sensor------------- 
Baggage weighs: 22.12 kg
baggage is on conveyor belt-------
---------baggage detected by sensor------------- 
Baggage weighs: 16.75 kg
baggage is on conveyor belt-------
---------baggage detected by sensor------------- 
Baggage weighs: 20.36 kg
baggage is on conveyor belt-------
---------baggage detected by sensor------------- 
Baggage weighs: 20.94 kg
baggage is on conveyor belt-------
---------baggage detected by sensor------------- 
Baggage weighs: 19.8 kg
baggage is on conveyor belt-------
---------baggage detected by sensor------------- 
Baggage weighs: 19.12 kg
baggage is on conveyor belt-------
---------baggage detected by sensor------------- 
Baggage weighs: 16.93 kg
baggage is on conveyor belt-------
---------baggage detected by sensor------------- 
Baggage weighs: 20.48 kg
baggage is on conveyor belt-------
---------baggage detected by sensor------------- 
Baggage weighs: 17.63 kg
baggage is on conveyor belt-------
---------baggage detected by sensor------------- 
Baggage weighs: 19.86 kg
baggage is on conveyor belt-------
---------baggage detected by sensor------------- 
Baggage weighs: 19.4 kg
baggage is on conveyor belt-------
---------baggage detected by sensor------------- 
Baggage weighs: 19.0 kg
baggage is on conveyor belt-------
---------baggage detected by sensor------------- 
Baggage weighs: 20.5 kg
baggage is on conveyor belt-------
---------baggage detected by sensor------------- 
Baggage weighs: 21.9 kg
baggage is on conveyor belt-------
---------baggage detected by sensor------------- 
Baggage weighs: 19.82 kg
baggage is on conveyor belt-------
---------baggage detected by sensor------------- 
Baggage weighs: 18.98 kg
baggage is on conveyor belt-------
---------baggage detected by sensor------------- 
Baggage weighs: 19.28 kg
baggage is on conveyor belt-------
---------baggage detected by sensor------------- 
Baggage weighs: 18.06 kg
baggage is on conveyor belt-------
---------baggage detected by sensor------------- 
Baggage weighs: 20.2 kg
baggage is on conveyor belt-------
---------baggage detected by sensor------------- 
Baggage weighs: 19.74 kg
baggage is on conveyor belt-------
---------baggage detected by sensor------------- 
Baggage weighs: 17.44 kg
baggage is on conveyor belt-------
---------baggage detected by sensor------------- 
Baggage weighs: 19.36 kg
baggage is on conveyor belt-------
---------baggage detected by sensor------------- 
Baggage weighs: 20.4 kg
baggage is on conveyor belt-------
---------baggage detected by sensor------------- 
Baggage weighs: 18.92 kg
baggage is on conveyor belt-------
---------baggage detected by sensor------------- 
Baggage weighs: 18.48 kg
baggage is on conveyor belt-------
---------baggage detected by sensor------------- 
Baggage weighs: 17.34 kg
baggage is on conveyor belt-------
---------baggage detected by sensor------------- 
Baggage weighs: 20.57 kg
baggage is on conveyor belt-------
---------baggage detected by sensor------------- 
Baggage weighs: 17.19 kg
baggage is on conveyor belt-------
---------baggage detected by sensor------------- 
Baggage weighs: 18.25 kg
baggage is on conveyor belt-------
---------baggage detected by sensor------------- 
Baggage weighs: 19.29 kg
baggage is on conveyor belt-------
---------baggage detected by sensor------------- 
Baggage weighs: 16.86 kg
baggage is on conveyor belt-------
---------baggage detected by sensor------------- 
Baggage weighs: 19.34 kg
baggage is on conveyor belt-------
---------baggage detected by sensor------------- 
Baggage weighs: 19.32 kg
baggage is on conveyor belt-------
---------baggage detected by sensor------------- 
Baggage weighs: 18.15 kg
baggage is on conveyor belt-------
---------baggage detected by sensor------------- 
Baggage weighs: 18.98 kg
baggage is on conveyor belt-------
---------baggage detected by sensor------------- 
Baggage weighs: 21.84 kg
baggage is on conveyor belt-------
---------baggage detected by sensor------------- 
Baggage weighs: 20.53 kg
baggage is on conveyor belt-------
---------baggage detected by sensor------------- 
Baggage weighs: 20.62 kg
baggage is on conveyor belt-------
---------baggage detected by sensor------------- 
Baggage weighs: 20.7 kg
baggage is on conveyor belt-------
---------baggage detected by sensor------------- 
Baggage weighs: 19.64 kg
baggage is on conveyor belt-------
---------baggage detected by sensor------------- 
Baggage weighs: 16.11 kg
baggage is on conveyor belt-------
---------baggage detected by sensor------------- 
Baggage weighs: 22.24 kg
baggage is on conveyor belt-------
---------baggage detected by sensor------------- 
Baggage weighs: 21.47 kg
baggage is on conveyor belt-------
---------baggage detected by sensor------------- 
Baggage weighs: 20.73 kg
baggage is on conveyor belt-------
---------baggage detected by sensor------------- 
Baggage weighs: 19.51 kg
baggage is on conveyor belt-------
---------baggage detected by sensor------------- 
Baggage weighs: 20.11 kg
baggage is on conveyor belt-------
---------baggage detected by sensor------------- 
Baggage weighs: 20.36 kg
baggage is on conveyor belt-------
---------baggage detected by sensor------------- 
Baggage weighs: 18.84 kg
baggage is on conveyor belt-------
---------baggage detected by sensor------------- 
Baggage weighs: 22.61 kg
baggage is on conveyor belt-------
---------baggage detected by sensor------------- 
Baggage weighs: 20.07 kg
baggage is on conveyor belt-------
---------baggage detected by sensor------------- 
Baggage weighs: 20.28 kg
baggage is on conveyor belt-------
---------baggage detected by sensor------------- 
Baggage weighs: 17.9 kg
baggage is on conveyor belt-------
---------baggage detected by sensor------------- 
Baggage weighs: 18.13 kg
baggage is on conveyor belt-------
---------baggage detected by sensor------------- 
Baggage weighs: 18.32 kg
baggage is on conveyor belt-------
---------baggage detected by sensor------------- 
Baggage weighs: 19.3 kg
baggage is on conveyor belt-------
---------baggage detected by sensor------------- 
Baggage weighs: 21.34 kg
baggage is on conveyor belt-------
---------baggage detected by sensor------------- 
Baggage weighs: 19.74 kg
baggage is on conveyor belt-------
---------baggage detected by sensor------------- 
Baggage weighs: 18.46 kg
baggage is on conveyor belt-------
---------baggage detected by sensor------------- 
Baggage weighs: 19.49 kg
baggage is on conveyor belt-------
---------baggage detected by sensor------------- 
Baggage weighs: 17.97 kg
baggage is on conveyor belt-------
---------baggage detected by sensor------------- 
Baggage weighs: 21.32 kg
baggage is on conveyor belt-------
---------baggage detected by sensor------------- 
Baggage weighs: 16.41 kg
baggage is on conveyor belt-------
---------baggage detected by sensor------------- 
Baggage weighs: 16.36 kg
baggage is on conveyor belt-------
---------baggage detected by sensor------------- 
Baggage weighs: 16.24 kg
baggage is on conveyor belt-------
---------baggage detected by sensor------------- 
Baggage weighs: 16.65 kg
baggage is on conveyor belt-------
---------baggage detected by sensor------------- 
Baggage weighs: 20.17 kg
baggage is on conveyor belt-------
---------baggage detected by sensor------------- 
Baggage weighs: 21.08 kg
baggage is on conveyor belt-------
---------baggage detected by sensor------------- 
Baggage weighs: 18.0 kg
baggage is on conveyor belt-------
---------baggage detected by sensor------------- 
Baggage weighs: 17.49 kg
baggage is on conveyor belt-------
---------baggage detected by sensor------------- 
Baggage weighs: 19.3 kg
baggage is on conveyor belt-------
---------baggage detected by sensor------------- 
Baggage weighs: 18.34 kg
baggage is on conveyor belt-------
---------baggage detected by sensor------------- 
Baggage weighs: 19.57 kg
baggage is on conveyor belt-------
---------baggage detected by sensor------------- 
Baggage weighs: 18.99 kg
baggage is on conveyor belt-------
---------baggage detected by sensor------------- 
Baggage weighs: 20.13 kg
baggage is on conveyor belt-------
---------baggage detected by sensor------------- 
Baggage weighs: 21.59 kg
baggage is on conveyor belt-------
---------baggage detected by sensor------------- 
Baggage weighs: 17.75 kg
baggage is on conveyor belt-------
---------baggage detected by sensor------------- 
Baggage weighs: 18.88 kg
baggage is on conveyor belt-------
---------baggage detected by sensor------------- 
Baggage weighs: 17.64 kg
baggage is on conveyor belt-------
---------baggage detected by sensor------------- 
Baggage weighs: 17.28 kg
baggage is on conveyor belt-------
---------baggage detected by sensor------------- 
Baggage weighs: 19.89 kg
baggage is on conveyor belt-------
---------baggage detected by sensor------------- 
Baggage weighs: 16.14 kg
baggage is on conveyor belt-------
---------baggage detected by sensor------------- 
Baggage weighs: 19.6 kg
baggage is on conveyor belt-------
---------baggage detected by sensor------------- 
Baggage weighs: 19.1 kg
baggage is on conveyor belt-------
---------baggage detected by sensor------------- 
Baggage weighs: 16.76 kg
baggage is on conveyor belt-------
---------baggage detected by sensor------------- 
Baggage weighs: 22.78 kg
baggage is on conveyor belt-------
---------baggage detected by sensor------------- 
Baggage weighs: 16.41 kg
baggage is on conveyor belt-------
---------baggage detected by sensor------------- 
Baggage weighs: 19.48 kg
baggage is on conveyor belt-------
---------baggage detected by sensor------------- 
Baggage weighs: 19.0 kg
baggage is on conveyor belt-------
---------baggage detected by sensor------------- 
Baggage weighs: 21.58 kg
Seat with ID: 38A has been reserved for you!

BOARDING PASS FOR BYRON BENSON
-----------------------------------------------------------------------------
LUFTHANSA                      x0t55yyfntiao1u /  Byron Benson
Byron Benson                                     /  x0t55yyfntiao1u
FRA   LH2121   E  30.Oct                       /  FRA
HKG                                            /  HKG
SEAT ID: 38A                                   /  LH2121 E 30.Oct
SEQ: 207                                      / GATE: A05   22:00
MAX 1  HANDLUGGAGE/ LUGGAGE
-----------------------------------------------------------------------------
sorry Byron Benson we have no voucher for you! Have a nice day!

---------------------------------------------------------------------------------------------------------------
scanning passport with passport id: J3N392XQ7
searching for ticket in fast bag drop database..............
Ticket found for Laverne Chase and Flight LH2121
----searching flight seat for Laverne Chase---------
Found a seat with ID 38B
Below details were found in database
------------------------------------------
Name: Laverne Chase
Flight ID: LH2121
Source: FRA
Destination: HKG
Gate No: A05
Boarding time: 22:00
Ticket ID: vtjipa2bi9i1m97
Booking Class: E
------------------------------------------

Proceed with check-in for flight LH2121 ?
Type YES to CHECK-IN or NO to cancel CHECK-IN
Laverne Chase is deciding whether to check-in or to go back home and sleep............
YES CHECK-IN
Checking you in...............
baggage is on conveyor belt-------
---------baggage detected by sensor------------- 
Baggage weighs: 21.58 kg
baggage is on conveyor belt-------
---------baggage detected by sensor------------- 
Baggage weighs: 20.43 kg
baggage is on conveyor belt-------
---------baggage detected by sensor------------- 
Baggage weighs: 18.47 kg
baggage is on conveyor belt-------
---------baggage detected by sensor------------- 
Baggage weighs: 17.86 kg
baggage is on conveyor belt-------
---------baggage detected by sensor------------- 
Baggage weighs: 18.65 kg
baggage is on conveyor belt-------
---------baggage detected by sensor------------- 
Baggage weighs: 19.27 kg
baggage is on conveyor belt-------
---------baggage detected by sensor------------- 
Baggage weighs: 17.42 kg
baggage is on conveyor belt-------
---------baggage detected by sensor------------- 
Baggage weighs: 19.16 kg
baggage is on conveyor belt-------
---------baggage detected by sensor------------- 
Baggage weighs: 19.52 kg
baggage is on conveyor belt-------
---------baggage detected by sensor------------- 
Baggage weighs: 17.51 kg
baggage is on conveyor belt-------
---------baggage detected by sensor------------- 
Baggage weighs: 17.38 kg
baggage is on conveyor belt-------
---------baggage detected by sensor------------- 
Baggage weighs: 18.67 kg
baggage is on conveyor belt-------
---------baggage detected by sensor------------- 
Baggage weighs: 16.98 kg
baggage is on conveyor belt-------
---------baggage detected by sensor------------- 
Baggage weighs: 21.26 kg
baggage is on conveyor belt-------
---------baggage detected by sensor------------- 
Baggage weighs: 18.3 kg
baggage is on conveyor belt-------
---------baggage detected by sensor------------- 
Baggage weighs: 16.81 kg
baggage is on conveyor belt-------
---------baggage detected by sensor------------- 
Baggage weighs: 20.91 kg
baggage is on conveyor belt-------
---------baggage detected by sensor------------- 
Baggage weighs: 21.21 kg
baggage is on conveyor belt-------
---------baggage detected by sensor------------- 
Baggage weighs: 19.69 kg
baggage is on conveyor belt-------
---------baggage detected by sensor------------- 
Baggage weighs: 18.67 kg
baggage is on conveyor belt-------
---------baggage detected by sensor------------- 
Baggage weighs: 19.12 kg
baggage is on conveyor belt-------
---------baggage detected by sensor------------- 
Baggage weighs: 16.42 kg
baggage is on conveyor belt-------
---------baggage detected by sensor------------- 
Baggage weighs: 19.17 kg
baggage is on conveyor belt-------
---------baggage detected by sensor------------- 
Baggage weighs: 19.0 kg
baggage is on conveyor belt-------
---------baggage detected by sensor------------- 
Baggage weighs: 18.78 kg
baggage is on conveyor belt-------
---------baggage detected by sensor------------- 
Baggage weighs: 20.31 kg
baggage is on conveyor belt-------
---------baggage detected by sensor------------- 
Baggage weighs: 21.25 kg
baggage is on conveyor belt-------
---------baggage detected by sensor------------- 
Baggage weighs: 18.87 kg
baggage is on conveyor belt-------
---------baggage detected by sensor------------- 
Baggage weighs: 16.25 kg
baggage is on conveyor belt-------
---------baggage detected by sensor------------- 
Baggage weighs: 19.94 kg
baggage is on conveyor belt-------
---------baggage detected by sensor------------- 
Baggage weighs: 16.88 kg
baggage is on conveyor belt-------
---------baggage detected by sensor------------- 
Baggage weighs: 18.24 kg
baggage is on conveyor belt-------
---------baggage detected by sensor------------- 
Baggage weighs: 17.16 kg
baggage is on conveyor belt-------
---------baggage detected by sensor------------- 
Baggage weighs: 19.34 kg
baggage is on conveyor belt-------
---------baggage detected by sensor------------- 
Baggage weighs: 22.41 kg
baggage is on conveyor belt-------
---------baggage detected by sensor------------- 
Baggage weighs: 20.47 kg
baggage is on conveyor belt-------
---------baggage detected by sensor------------- 
Baggage weighs: 18.81 kg
baggage is on conveyor belt-------
---------baggage detected by sensor------------- 
Baggage weighs: 18.56 kg
baggage is on conveyor belt-------
---------baggage detected by sensor------------- 
Baggage weighs: 17.77 kg
baggage is on conveyor belt-------
---------baggage detected by sensor------------- 
Baggage weighs: 19.32 kg
baggage is on conveyor belt-------
---------baggage detected by sensor------------- 
Baggage weighs: 19.21 kg
baggage is on conveyor belt-------
---------baggage detected by sensor------------- 
Baggage weighs: 19.13 kg
baggage is on conveyor belt-------
---------baggage detected by sensor------------- 
Baggage weighs: 20.39 kg
baggage is on conveyor belt-------
---------baggage detected by sensor------------- 
Baggage weighs: 21.03 kg
baggage is on conveyor belt-------
---------baggage detected by sensor------------- 
Baggage weighs: 20.05 kg
baggage is on conveyor belt-------
---------baggage detected by sensor------------- 
Baggage weighs: 21.92 kg
baggage is on conveyor belt-------
---------baggage detected by sensor------------- 
Baggage weighs: 19.37 kg
baggage is on conveyor belt-------
---------baggage detected by sensor------------- 
Baggage weighs: 20.35 kg
baggage is on conveyor belt-------
---------baggage detected by sensor------------- 
Baggage weighs: 18.73 kg
baggage is on conveyor belt-------
---------baggage detected by sensor------------- 
Baggage weighs: 20.33 kg
baggage is on conveyor belt-------
---------baggage detected by sensor------------- 
Baggage weighs: 22.01 kg
baggage is on conveyor belt-------
---------baggage detected by sensor------------- 
Baggage weighs: 19.27 kg
baggage is on conveyor belt-------
---------baggage detected by sensor------------- 
Baggage weighs: 21.18 kg
baggage is on conveyor belt-------
---------baggage detected by sensor------------- 
Baggage weighs: 17.16 kg
baggage is on conveyor belt-------
---------baggage detected by sensor------------- 
Baggage weighs: 20.04 kg
baggage is on conveyor belt-------
---------baggage detected by sensor------------- 
Baggage weighs: 20.91 kg
baggage is on conveyor belt-------
---------baggage detected by sensor------------- 
Baggage weighs: 20.3 kg
baggage is on conveyor belt-------
---------baggage detected by sensor------------- 
Baggage weighs: 20.38 kg
baggage is on conveyor belt-------
---------baggage detected by sensor------------- 
Baggage weighs: 16.54 kg
baggage is on conveyor belt-------
---------baggage detected by sensor------------- 
Baggage weighs: 18.87 kg
baggage is on conveyor belt-------
---------baggage detected by sensor------------- 
Baggage weighs: 20.22 kg
baggage is on conveyor belt-------
---------baggage detected by sensor------------- 
Baggage weighs: 20.75 kg
baggage is on conveyor belt-------
---------baggage detected by sensor------------- 
Baggage weighs: 17.4 kg
baggage is on conveyor belt-------
---------baggage detected by sensor------------- 
Baggage weighs: 20.27 kg
baggage is on conveyor belt-------
---------baggage detected by sensor------------- 
Baggage weighs: 17.04 kg
baggage is on conveyor belt-------
---------baggage detected by sensor------------- 
Baggage weighs: 19.84 kg
baggage is on conveyor belt-------
---------baggage detected by sensor------------- 
Baggage weighs: 17.34 kg
baggage is on conveyor belt-------
---------baggage detected by sensor------------- 
Baggage weighs: 18.75 kg
baggage is on conveyor belt-------
---------baggage detected by sensor------------- 
Baggage weighs: 19.12 kg
baggage is on conveyor belt-------
---------baggage detected by sensor------------- 
Baggage weighs: 18.29 kg
baggage is on conveyor belt-------
---------baggage detected by sensor------------- 
Baggage weighs: 17.94 kg
baggage is on conveyor belt-------
---------baggage detected by sensor------------- 
Baggage weighs: 19.09 kg
baggage is on conveyor belt-------
---------baggage detected by sensor------------- 
Baggage weighs: 22.39 kg
baggage is on conveyor belt-------
---------baggage detected by sensor------------- 
Baggage weighs: 21.23 kg
baggage is on conveyor belt-------
---------baggage detected by sensor------------- 
Baggage weighs: 17.56 kg
baggage is on conveyor belt-------
---------baggage detected by sensor------------- 
Baggage weighs: 18.37 kg
baggage is on conveyor belt-------
---------baggage detected by sensor------------- 
Baggage weighs: 21.4 kg
baggage is on conveyor belt-------
---------baggage detected by sensor------------- 
Baggage weighs: 20.25 kg
baggage is on conveyor belt-------
---------baggage detected by sensor------------- 
Baggage weighs: 23.0 kg
baggage is on conveyor belt-------
---------baggage detected by sensor------------- 
Baggage weighs: 17.01 kg
baggage is on conveyor belt-------
---------baggage detected by sensor------------- 
Baggage weighs: 17.39 kg
baggage is on conveyor belt-------
---------baggage detected by sensor------------- 
Baggage weighs: 16.7 kg
baggage is on conveyor belt-------
---------baggage detected by sensor------------- 
Baggage weighs: 16.23 kg
baggage is on conveyor belt-------
---------baggage detected by sensor------------- 
Baggage weighs: 19.13 kg
baggage is on conveyor belt-------
---------baggage detected by sensor------------- 
Baggage weighs: 21.07 kg
baggage is on conveyor belt-------
---------baggage detected by sensor------------- 
Baggage weighs: 17.87 kg
baggage is on conveyor belt-------
---------baggage detected by sensor------------- 
Baggage weighs: 19.92 kg
baggage is on conveyor belt-------
---------baggage detected by sensor------------- 
Baggage weighs: 19.22 kg
baggage is on conveyor belt-------
---------baggage detected by sensor------------- 
Baggage weighs: 21.53 kg
baggage is on conveyor belt-------
---------baggage detected by sensor------------- 
Baggage weighs: 20.29 kg
baggage is on conveyor belt-------
---------baggage detected by sensor------------- 
Baggage weighs: 19.32 kg
baggage is on conveyor belt-------
---------baggage detected by sensor------------- 
Baggage weighs: 17.25 kg
baggage is on conveyor belt-------
---------baggage detected by sensor------------- 
Baggage weighs: 21.3 kg
baggage is on conveyor belt-------
---------baggage detected by sensor------------- 
Baggage weighs: 16.79 kg
baggage is on conveyor belt-------
---------baggage detected by sensor------------- 
Baggage weighs: 19.55 kg
baggage is on conveyor belt-------
---------baggage detected by sensor------------- 
Baggage weighs: 18.88 kg
baggage is on conveyor belt-------
---------baggage detected by sensor------------- 
Baggage weighs: 22.33 kg
baggage is on conveyor belt-------
---------baggage detected by sensor------------- 
Baggage weighs: 20.62 kg
baggage is on conveyor belt-------
---------baggage detected by sensor------------- 
Baggage weighs: 19.42 kg
baggage is on conveyor belt-------
---------baggage detected by sensor------------- 
Baggage weighs: 17.54 kg
baggage is on conveyor belt-------
---------baggage detected by sensor------------- 
Baggage weighs: 21.51 kg
baggage is on conveyor belt-------
---------baggage detected by sensor------------- 
Baggage weighs: 19.46 kg
baggage is on conveyor belt-------
---------baggage detected by sensor------------- 
Baggage weighs: 17.83 kg
baggage is on conveyor belt-------
---------baggage detected by sensor------------- 
Baggage weighs: 17.75 kg
baggage is on conveyor belt-------
---------baggage detected by sensor------------- 
Baggage weighs: 17.44 kg
baggage is on conveyor belt-------
---------baggage detected by sensor------------- 
Baggage weighs: 19.53 kg
baggage is on conveyor belt-------
---------baggage detected by sensor------------- 
Baggage weighs: 17.51 kg
baggage is on conveyor belt-------
---------baggage detected by sensor------------- 
Baggage weighs: 18.2 kg
baggage is on conveyor belt-------
---------baggage detected by sensor------------- 
Baggage weighs: 21.55 kg
baggage is on conveyor belt-------
---------baggage detected by sensor------------- 
Baggage weighs: 19.67 kg
baggage is on conveyor belt-------
---------baggage detected by sensor------------- 
Baggage weighs: 19.52 kg
baggage is on conveyor belt-------
---------baggage detected by sensor------------- 
Baggage weighs: 21.06 kg
baggage is on conveyor belt-------
---------baggage detected by sensor------------- 
Baggage weighs: 17.44 kg
baggage is on conveyor belt-------
---------baggage detected by sensor------------- 
Baggage weighs: 19.21 kg
baggage is on conveyor belt-------
---------baggage detected by sensor------------- 
Baggage weighs: 21.65 kg
baggage is on conveyor belt-------
---------baggage detected by sensor------------- 
Baggage weighs: 19.64 kg
baggage is on conveyor belt-------
---------baggage detected by sensor------------- 
Baggage weighs: 21.03 kg
baggage is on conveyor belt-------
---------baggage detected by sensor------------- 
Baggage weighs: 19.76 kg
baggage is on conveyor belt-------
---------baggage detected by sensor------------- 
Baggage weighs: 21.01 kg
baggage is on conveyor belt-------
---------baggage detected by sensor------------- 
Baggage weighs: 19.11 kg
baggage is on conveyor belt-------
---------baggage detected by sensor------------- 
Baggage weighs: 18.54 kg
baggage is on conveyor belt-------
---------baggage detected by sensor------------- 
Baggage weighs: 16.86 kg
baggage is on conveyor belt-------
---------baggage detected by sensor------------- 
Baggage weighs: 16.59 kg
baggage is on conveyor belt-------
---------baggage detected by sensor------------- 
Baggage weighs: 19.26 kg
baggage is on conveyor belt-------
---------baggage detected by sensor------------- 
Baggage weighs: 18.34 kg
baggage is on conveyor belt-------
---------baggage detected by sensor------------- 
Baggage weighs: 19.09 kg
baggage is on conveyor belt-------
---------baggage detected by sensor------------- 
Baggage weighs: 22.38 kg
baggage is on conveyor belt-------
---------baggage detected by sensor------------- 
Baggage weighs: 22.12 kg
baggage is on conveyor belt-------
---------baggage detected by sensor------------- 
Baggage weighs: 16.75 kg
baggage is on conveyor belt-------
---------baggage detected by sensor------------- 
Baggage weighs: 20.36 kg
baggage is on conveyor belt-------
---------baggage detected by sensor------------- 
Baggage weighs: 20.94 kg
baggage is on conveyor belt-------
---------baggage detected by sensor------------- 
Baggage weighs: 19.8 kg
baggage is on conveyor belt-------
---------baggage detected by sensor------------- 
Baggage weighs: 19.12 kg
baggage is on conveyor belt-------
---------baggage detected by sensor------------- 
Baggage weighs: 16.93 kg
baggage is on conveyor belt-------
---------baggage detected by sensor------------- 
Baggage weighs: 20.48 kg
baggage is on conveyor belt-------
---------baggage detected by sensor------------- 
Baggage weighs: 17.63 kg
baggage is on conveyor belt-------
---------baggage detected by sensor------------- 
Baggage weighs: 19.86 kg
baggage is on conveyor belt-------
---------baggage detected by sensor------------- 
Baggage weighs: 19.4 kg
baggage is on conveyor belt-------
---------baggage detected by sensor------------- 
Baggage weighs: 19.0 kg
baggage is on conveyor belt-------
---------baggage detected by sensor------------- 
Baggage weighs: 20.5 kg
baggage is on conveyor belt-------
---------baggage detected by sensor------------- 
Baggage weighs: 21.9 kg
baggage is on conveyor belt-------
---------baggage detected by sensor------------- 
Baggage weighs: 19.82 kg
baggage is on conveyor belt-------
---------baggage detected by sensor------------- 
Baggage weighs: 18.98 kg
baggage is on conveyor belt-------
---------baggage detected by sensor------------- 
Baggage weighs: 19.28 kg
baggage is on conveyor belt-------
---------baggage detected by sensor------------- 
Baggage weighs: 18.06 kg
baggage is on conveyor belt-------
---------baggage detected by sensor------------- 
Baggage weighs: 20.2 kg
baggage is on conveyor belt-------
---------baggage detected by sensor------------- 
Baggage weighs: 19.74 kg
baggage is on conveyor belt-------
---------baggage detected by sensor------------- 
Baggage weighs: 17.44 kg
baggage is on conveyor belt-------
---------baggage detected by sensor------------- 
Baggage weighs: 19.36 kg
baggage is on conveyor belt-------
---------baggage detected by sensor------------- 
Baggage weighs: 20.4 kg
baggage is on conveyor belt-------
---------baggage detected by sensor------------- 
Baggage weighs: 18.92 kg
baggage is on conveyor belt-------
---------baggage detected by sensor------------- 
Baggage weighs: 18.48 kg
baggage is on conveyor belt-------
---------baggage detected by sensor------------- 
Baggage weighs: 17.34 kg
baggage is on conveyor belt-------
---------baggage detected by sensor------------- 
Baggage weighs: 20.57 kg
baggage is on conveyor belt-------
---------baggage detected by sensor------------- 
Baggage weighs: 17.19 kg
baggage is on conveyor belt-------
---------baggage detected by sensor------------- 
Baggage weighs: 18.25 kg
baggage is on conveyor belt-------
---------baggage detected by sensor------------- 
Baggage weighs: 19.29 kg
baggage is on conveyor belt-------
---------baggage detected by sensor------------- 
Baggage weighs: 16.86 kg
baggage is on conveyor belt-------
---------baggage detected by sensor------------- 
Baggage weighs: 19.34 kg
baggage is on conveyor belt-------
---------baggage detected by sensor------------- 
Baggage weighs: 19.32 kg
baggage is on conveyor belt-------
---------baggage detected by sensor------------- 
Baggage weighs: 18.15 kg
baggage is on conveyor belt-------
---------baggage detected by sensor------------- 
Baggage weighs: 18.98 kg
baggage is on conveyor belt-------
---------baggage detected by sensor------------- 
Baggage weighs: 21.84 kg
baggage is on conveyor belt-------
---------baggage detected by sensor------------- 
Baggage weighs: 20.53 kg
baggage is on conveyor belt-------
---------baggage detected by sensor------------- 
Baggage weighs: 20.62 kg
baggage is on conveyor belt-------
---------baggage detected by sensor------------- 
Baggage weighs: 20.7 kg
baggage is on conveyor belt-------
---------baggage detected by sensor------------- 
Baggage weighs: 19.64 kg
baggage is on conveyor belt-------
---------baggage detected by sensor------------- 
Baggage weighs: 16.11 kg
baggage is on conveyor belt-------
---------baggage detected by sensor------------- 
Baggage weighs: 22.24 kg
baggage is on conveyor belt-------
---------baggage detected by sensor------------- 
Baggage weighs: 21.47 kg
baggage is on conveyor belt-------
---------baggage detected by sensor------------- 
Baggage weighs: 20.73 kg
baggage is on conveyor belt-------
---------baggage detected by sensor------------- 
Baggage weighs: 19.51 kg
baggage is on conveyor belt-------
---------baggage detected by sensor------------- 
Baggage weighs: 20.11 kg
baggage is on conveyor belt-------
---------baggage detected by sensor------------- 
Baggage weighs: 20.36 kg
baggage is on conveyor belt-------
---------baggage detected by sensor------------- 
Baggage weighs: 18.84 kg
baggage is on conveyor belt-------
---------baggage detected by sensor------------- 
Baggage weighs: 22.61 kg
baggage is on conveyor belt-------
---------baggage detected by sensor------------- 
Baggage weighs: 20.07 kg
baggage is on conveyor belt-------
---------baggage detected by sensor------------- 
Baggage weighs: 20.28 kg
baggage is on conveyor belt-------
---------baggage detected by sensor------------- 
Baggage weighs: 17.9 kg
baggage is on conveyor belt-------
---------baggage detected by sensor------------- 
Baggage weighs: 18.13 kg
baggage is on conveyor belt-------
---------baggage detected by sensor------------- 
Baggage weighs: 18.32 kg
baggage is on conveyor belt-------
---------baggage detected by sensor------------- 
Baggage weighs: 19.3 kg
baggage is on conveyor belt-------
---------baggage detected by sensor------------- 
Baggage weighs: 21.34 kg
baggage is on conveyor belt-------
---------baggage detected by sensor------------- 
Baggage weighs: 19.74 kg
baggage is on conveyor belt-------
---------baggage detected by sensor------------- 
Baggage weighs: 18.46 kg
baggage is on conveyor belt-------
---------baggage detected by sensor------------- 
Baggage weighs: 19.49 kg
baggage is on conveyor belt-------
---------baggage detected by sensor------------- 
Baggage weighs: 17.97 kg
baggage is on conveyor belt-------
---------baggage detected by sensor------------- 
Baggage weighs: 21.32 kg
baggage is on conveyor belt-------
---------baggage detected by sensor------------- 
Baggage weighs: 16.41 kg
baggage is on conveyor belt-------
---------baggage detected by sensor------------- 
Baggage weighs: 16.36 kg
baggage is on conveyor belt-------
---------baggage detected by sensor------------- 
Baggage weighs: 16.24 kg
baggage is on conveyor belt-------
---------baggage detected by sensor------------- 
Baggage weighs: 16.65 kg
baggage is on conveyor belt-------
---------baggage detected by sensor------------- 
Baggage weighs: 20.17 kg
baggage is on conveyor belt-------
---------baggage detected by sensor------------- 
Baggage weighs: 21.08 kg
baggage is on conveyor belt-------
---------baggage detected by sensor------------- 
Baggage weighs: 18.0 kg
baggage is on conveyor belt-------
---------baggage detected by sensor------------- 
Baggage weighs: 17.49 kg
baggage is on conveyor belt-------
---------baggage detected by sensor------------- 
Baggage weighs: 19.3 kg
baggage is on conveyor belt-------
---------baggage detected by sensor------------- 
Baggage weighs: 18.34 kg
baggage is on conveyor belt-------
---------baggage detected by sensor------------- 
Baggage weighs: 19.57 kg
baggage is on conveyor belt-------
---------baggage detected by sensor------------- 
Baggage weighs: 18.99 kg
baggage is on conveyor belt-------
---------baggage detected by sensor------------- 
Baggage weighs: 20.13 kg
baggage is on conveyor belt-------
---------baggage detected by sensor------------- 
Baggage weighs: 21.59 kg
baggage is on conveyor belt-------
---------baggage detected by sensor------------- 
Baggage weighs: 17.75 kg
baggage is on conveyor belt-------
---------baggage detected by sensor------------- 
Baggage weighs: 18.88 kg
baggage is on conveyor belt-------
---------baggage detected by sensor------------- 
Baggage weighs: 17.64 kg
baggage is on conveyor belt-------
---------baggage detected by sensor------------- 
Baggage weighs: 17.28 kg
baggage is on conveyor belt-------
---------baggage detected by sensor------------- 
Baggage weighs: 19.89 kg
baggage is on conveyor belt-------
---------baggage detected by sensor------------- 
Baggage weighs: 16.14 kg
baggage is on conveyor belt-------
---------baggage detected by sensor------------- 
Baggage weighs: 19.6 kg
baggage is on conveyor belt-------
---------baggage detected by sensor------------- 
Baggage weighs: 19.1 kg
baggage is on conveyor belt-------
---------baggage detected by sensor------------- 
Baggage weighs: 16.76 kg
baggage is on conveyor belt-------
---------baggage detected by sensor------------- 
Baggage weighs: 22.78 kg
baggage is on conveyor belt-------
---------baggage detected by sensor------------- 
Baggage weighs: 16.41 kg
baggage is on conveyor belt-------
---------baggage detected by sensor------------- 
Baggage weighs: 19.48 kg
baggage is on conveyor belt-------
---------baggage detected by sensor------------- 
Baggage weighs: 19.0 kg
baggage is on conveyor belt-------
---------baggage detected by sensor------------- 
Baggage weighs: 21.58 kg
baggage is on conveyor belt-------
---------baggage detected by sensor------------- 
Baggage weighs: 21.07 kg
Seat with ID: 38B has been reserved for you!

BOARDING PASS FOR LAVERNE CHASE
-----------------------------------------------------------------------------
LUFTHANSA                      vtjipa2bi9i1m97 /  Laverne Chase
Laverne Chase                                     /  vtjipa2bi9i1m97
FRA   LH2121   E  30.Oct                       /  FRA
HKG                                            /  HKG
SEAT ID: 38B                                   /  LH2121 E 30.Oct
SEQ: 208                                      / GATE: A05   22:00
MAX 1  HANDLUGGAGE/ LUGGAGE
-----------------------------------------------------------------------------
sorry Laverne Chase we have no voucher for you! Have a nice day!

---------------------------------------------------------------------------------------------------------------
scanning passport with passport id: EACJX6P2I
searching for ticket in fast bag drop database..............
Ticket found for Granville Hogan and Flight LH2121
----searching flight seat for Granville Hogan---------
Found a seat with ID 38C
Below details were found in database
------------------------------------------
Name: Granville Hogan
Flight ID: LH2121
Source: FRA
Destination: HKG
Gate No: A05
Boarding time: 22:00
Ticket ID: 09b1ekas8xxin0m
Booking Class: E
------------------------------------------

Proceed with check-in for flight LH2121 ?
Type YES to CHECK-IN or NO to cancel CHECK-IN
Granville Hogan is deciding whether to check-in or to go back home and sleep............
YES CHECK-IN
Checking you in...............
baggage is on conveyor belt-------
---------baggage detected by sensor------------- 
Baggage weighs: 21.58 kg
baggage is on conveyor belt-------
---------baggage detected by sensor------------- 
Baggage weighs: 20.43 kg
baggage is on conveyor belt-------
---------baggage detected by sensor------------- 
Baggage weighs: 18.47 kg
baggage is on conveyor belt-------
---------baggage detected by sensor------------- 
Baggage weighs: 17.86 kg
baggage is on conveyor belt-------
---------baggage detected by sensor------------- 
Baggage weighs: 18.65 kg
baggage is on conveyor belt-------
---------baggage detected by sensor------------- 
Baggage weighs: 19.27 kg
baggage is on conveyor belt-------
---------baggage detected by sensor------------- 
Baggage weighs: 17.42 kg
baggage is on conveyor belt-------
---------baggage detected by sensor------------- 
Baggage weighs: 19.16 kg
baggage is on conveyor belt-------
---------baggage detected by sensor------------- 
Baggage weighs: 19.52 kg
baggage is on conveyor belt-------
---------baggage detected by sensor------------- 
Baggage weighs: 17.51 kg
baggage is on conveyor belt-------
---------baggage detected by sensor------------- 
Baggage weighs: 17.38 kg
baggage is on conveyor belt-------
---------baggage detected by sensor------------- 
Baggage weighs: 18.67 kg
baggage is on conveyor belt-------
---------baggage detected by sensor------------- 
Baggage weighs: 16.98 kg
baggage is on conveyor belt-------
---------baggage detected by sensor------------- 
Baggage weighs: 21.26 kg
baggage is on conveyor belt-------
---------baggage detected by sensor------------- 
Baggage weighs: 18.3 kg
baggage is on conveyor belt-------
---------baggage detected by sensor------------- 
Baggage weighs: 16.81 kg
baggage is on conveyor belt-------
---------baggage detected by sensor------------- 
Baggage weighs: 20.91 kg
baggage is on conveyor belt-------
---------baggage detected by sensor------------- 
Baggage weighs: 21.21 kg
baggage is on conveyor belt-------
---------baggage detected by sensor------------- 
Baggage weighs: 19.69 kg
baggage is on conveyor belt-------
---------baggage detected by sensor------------- 
Baggage weighs: 18.67 kg
baggage is on conveyor belt-------
---------baggage detected by sensor------------- 
Baggage weighs: 19.12 kg
baggage is on conveyor belt-------
---------baggage detected by sensor------------- 
Baggage weighs: 16.42 kg
baggage is on conveyor belt-------
---------baggage detected by sensor------------- 
Baggage weighs: 19.17 kg
baggage is on conveyor belt-------
---------baggage detected by sensor------------- 
Baggage weighs: 19.0 kg
baggage is on conveyor belt-------
---------baggage detected by sensor------------- 
Baggage weighs: 18.78 kg
baggage is on conveyor belt-------
---------baggage detected by sensor------------- 
Baggage weighs: 20.31 kg
baggage is on conveyor belt-------
---------baggage detected by sensor------------- 
Baggage weighs: 21.25 kg
baggage is on conveyor belt-------
---------baggage detected by sensor------------- 
Baggage weighs: 18.87 kg
baggage is on conveyor belt-------
---------baggage detected by sensor------------- 
Baggage weighs: 16.25 kg
baggage is on conveyor belt-------
---------baggage detected by sensor------------- 
Baggage weighs: 19.94 kg
baggage is on conveyor belt-------
---------baggage detected by sensor------------- 
Baggage weighs: 16.88 kg
baggage is on conveyor belt-------
---------baggage detected by sensor------------- 
Baggage weighs: 18.24 kg
baggage is on conveyor belt-------
---------baggage detected by sensor------------- 
Baggage weighs: 17.16 kg
baggage is on conveyor belt-------
---------baggage detected by sensor------------- 
Baggage weighs: 19.34 kg
baggage is on conveyor belt-------
---------baggage detected by sensor------------- 
Baggage weighs: 22.41 kg
baggage is on conveyor belt-------
---------baggage detected by sensor------------- 
Baggage weighs: 20.47 kg
baggage is on conveyor belt-------
---------baggage detected by sensor------------- 
Baggage weighs: 18.81 kg
baggage is on conveyor belt-------
---------baggage detected by sensor------------- 
Baggage weighs: 18.56 kg
baggage is on conveyor belt-------
---------baggage detected by sensor------------- 
Baggage weighs: 17.77 kg
baggage is on conveyor belt-------
---------baggage detected by sensor------------- 
Baggage weighs: 19.32 kg
baggage is on conveyor belt-------
---------baggage detected by sensor------------- 
Baggage weighs: 19.21 kg
baggage is on conveyor belt-------
---------baggage detected by sensor------------- 
Baggage weighs: 19.13 kg
baggage is on conveyor belt-------
---------baggage detected by sensor------------- 
Baggage weighs: 20.39 kg
baggage is on conveyor belt-------
---------baggage detected by sensor------------- 
Baggage weighs: 21.03 kg
baggage is on conveyor belt-------
---------baggage detected by sensor------------- 
Baggage weighs: 20.05 kg
baggage is on conveyor belt-------
---------baggage detected by sensor------------- 
Baggage weighs: 21.92 kg
baggage is on conveyor belt-------
---------baggage detected by sensor------------- 
Baggage weighs: 19.37 kg
baggage is on conveyor belt-------
---------baggage detected by sensor------------- 
Baggage weighs: 20.35 kg
baggage is on conveyor belt-------
---------baggage detected by sensor------------- 
Baggage weighs: 18.73 kg
baggage is on conveyor belt-------
---------baggage detected by sensor------------- 
Baggage weighs: 20.33 kg
baggage is on conveyor belt-------
---------baggage detected by sensor------------- 
Baggage weighs: 22.01 kg
baggage is on conveyor belt-------
---------baggage detected by sensor------------- 
Baggage weighs: 19.27 kg
baggage is on conveyor belt-------
---------baggage detected by sensor------------- 
Baggage weighs: 21.18 kg
baggage is on conveyor belt-------
---------baggage detected by sensor------------- 
Baggage weighs: 17.16 kg
baggage is on conveyor belt-------
---------baggage detected by sensor------------- 
Baggage weighs: 20.04 kg
baggage is on conveyor belt-------
---------baggage detected by sensor------------- 
Baggage weighs: 20.91 kg
baggage is on conveyor belt-------
---------baggage detected by sensor------------- 
Baggage weighs: 20.3 kg
baggage is on conveyor belt-------
---------baggage detected by sensor------------- 
Baggage weighs: 20.38 kg
baggage is on conveyor belt-------
---------baggage detected by sensor------------- 
Baggage weighs: 16.54 kg
baggage is on conveyor belt-------
---------baggage detected by sensor------------- 
Baggage weighs: 18.87 kg
baggage is on conveyor belt-------
---------baggage detected by sensor------------- 
Baggage weighs: 20.22 kg
baggage is on conveyor belt-------
---------baggage detected by sensor------------- 
Baggage weighs: 20.75 kg
baggage is on conveyor belt-------
---------baggage detected by sensor------------- 
Baggage weighs: 17.4 kg
baggage is on conveyor belt-------
---------baggage detected by sensor------------- 
Baggage weighs: 20.27 kg
baggage is on conveyor belt-------
---------baggage detected by sensor------------- 
Baggage weighs: 17.04 kg
baggage is on conveyor belt-------
---------baggage detected by sensor------------- 
Baggage weighs: 19.84 kg
baggage is on conveyor belt-------
---------baggage detected by sensor------------- 
Baggage weighs: 17.34 kg
baggage is on conveyor belt-------
---------baggage detected by sensor------------- 
Baggage weighs: 18.75 kg
baggage is on conveyor belt-------
---------baggage detected by sensor------------- 
Baggage weighs: 19.12 kg
baggage is on conveyor belt-------
---------baggage detected by sensor------------- 
Baggage weighs: 18.29 kg
baggage is on conveyor belt-------
---------baggage detected by sensor------------- 
Baggage weighs: 17.94 kg
baggage is on conveyor belt-------
---------baggage detected by sensor------------- 
Baggage weighs: 19.09 kg
baggage is on conveyor belt-------
---------baggage detected by sensor------------- 
Baggage weighs: 22.39 kg
baggage is on conveyor belt-------
---------baggage detected by sensor------------- 
Baggage weighs: 21.23 kg
baggage is on conveyor belt-------
---------baggage detected by sensor------------- 
Baggage weighs: 17.56 kg
baggage is on conveyor belt-------
---------baggage detected by sensor------------- 
Baggage weighs: 18.37 kg
baggage is on conveyor belt-------
---------baggage detected by sensor------------- 
Baggage weighs: 21.4 kg
baggage is on conveyor belt-------
---------baggage detected by sensor------------- 
Baggage weighs: 20.25 kg
baggage is on conveyor belt-------
---------baggage detected by sensor------------- 
Baggage weighs: 23.0 kg
baggage is on conveyor belt-------
---------baggage detected by sensor------------- 
Baggage weighs: 17.01 kg
baggage is on conveyor belt-------
---------baggage detected by sensor------------- 
Baggage weighs: 17.39 kg
baggage is on conveyor belt-------
---------baggage detected by sensor------------- 
Baggage weighs: 16.7 kg
baggage is on conveyor belt-------
---------baggage detected by sensor------------- 
Baggage weighs: 16.23 kg
baggage is on conveyor belt-------
---------baggage detected by sensor------------- 
Baggage weighs: 19.13 kg
baggage is on conveyor belt-------
---------baggage detected by sensor------------- 
Baggage weighs: 21.07 kg
baggage is on conveyor belt-------
---------baggage detected by sensor------------- 
Baggage weighs: 17.87 kg
baggage is on conveyor belt-------
---------baggage detected by sensor------------- 
Baggage weighs: 19.92 kg
baggage is on conveyor belt-------
---------baggage detected by sensor------------- 
Baggage weighs: 19.22 kg
baggage is on conveyor belt-------
---------baggage detected by sensor------------- 
Baggage weighs: 21.53 kg
baggage is on conveyor belt-------
---------baggage detected by sensor------------- 
Baggage weighs: 20.29 kg
baggage is on conveyor belt-------
---------baggage detected by sensor------------- 
Baggage weighs: 19.32 kg
baggage is on conveyor belt-------
---------baggage detected by sensor------------- 
Baggage weighs: 17.25 kg
baggage is on conveyor belt-------
---------baggage detected by sensor------------- 
Baggage weighs: 21.3 kg
baggage is on conveyor belt-------
---------baggage detected by sensor------------- 
Baggage weighs: 16.79 kg
baggage is on conveyor belt-------
---------baggage detected by sensor------------- 
Baggage weighs: 19.55 kg
baggage is on conveyor belt-------
---------baggage detected by sensor------------- 
Baggage weighs: 18.88 kg
baggage is on conveyor belt-------
---------baggage detected by sensor------------- 
Baggage weighs: 22.33 kg
baggage is on conveyor belt-------
---------baggage detected by sensor------------- 
Baggage weighs: 20.62 kg
baggage is on conveyor belt-------
---------baggage detected by sensor------------- 
Baggage weighs: 19.42 kg
baggage is on conveyor belt-------
---------baggage detected by sensor------------- 
Baggage weighs: 17.54 kg
baggage is on conveyor belt-------
---------baggage detected by sensor------------- 
Baggage weighs: 21.51 kg
baggage is on conveyor belt-------
---------baggage detected by sensor------------- 
Baggage weighs: 19.46 kg
baggage is on conveyor belt-------
---------baggage detected by sensor------------- 
Baggage weighs: 17.83 kg
baggage is on conveyor belt-------
---------baggage detected by sensor------------- 
Baggage weighs: 17.75 kg
baggage is on conveyor belt-------
---------baggage detected by sensor------------- 
Baggage weighs: 17.44 kg
baggage is on conveyor belt-------
---------baggage detected by sensor------------- 
Baggage weighs: 19.53 kg
baggage is on conveyor belt-------
---------baggage detected by sensor------------- 
Baggage weighs: 17.51 kg
baggage is on conveyor belt-------
---------baggage detected by sensor------------- 
Baggage weighs: 18.2 kg
baggage is on conveyor belt-------
---------baggage detected by sensor------------- 
Baggage weighs: 21.55 kg
baggage is on conveyor belt-------
---------baggage detected by sensor------------- 
Baggage weighs: 19.67 kg
baggage is on conveyor belt-------
---------baggage detected by sensor------------- 
Baggage weighs: 19.52 kg
baggage is on conveyor belt-------
---------baggage detected by sensor------------- 
Baggage weighs: 21.06 kg
baggage is on conveyor belt-------
---------baggage detected by sensor------------- 
Baggage weighs: 17.44 kg
baggage is on conveyor belt-------
---------baggage detected by sensor------------- 
Baggage weighs: 19.21 kg
baggage is on conveyor belt-------
---------baggage detected by sensor------------- 
Baggage weighs: 21.65 kg
baggage is on conveyor belt-------
---------baggage detected by sensor------------- 
Baggage weighs: 19.64 kg
baggage is on conveyor belt-------
---------baggage detected by sensor------------- 
Baggage weighs: 21.03 kg
baggage is on conveyor belt-------
---------baggage detected by sensor------------- 
Baggage weighs: 19.76 kg
baggage is on conveyor belt-------
---------baggage detected by sensor------------- 
Baggage weighs: 21.01 kg
baggage is on conveyor belt-------
---------baggage detected by sensor------------- 
Baggage weighs: 19.11 kg
baggage is on conveyor belt-------
---------baggage detected by sensor------------- 
Baggage weighs: 18.54 kg
baggage is on conveyor belt-------
---------baggage detected by sensor------------- 
Baggage weighs: 16.86 kg
baggage is on conveyor belt-------
---------baggage detected by sensor------------- 
Baggage weighs: 16.59 kg
baggage is on conveyor belt-------
---------baggage detected by sensor------------- 
Baggage weighs: 19.26 kg
baggage is on conveyor belt-------
---------baggage detected by sensor------------- 
Baggage weighs: 18.34 kg
baggage is on conveyor belt-------
---------baggage detected by sensor------------- 
Baggage weighs: 19.09 kg
baggage is on conveyor belt-------
---------baggage detected by sensor------------- 
Baggage weighs: 22.38 kg
baggage is on conveyor belt-------
---------baggage detected by sensor------------- 
Baggage weighs: 22.12 kg
baggage is on conveyor belt-------
---------baggage detected by sensor------------- 
Baggage weighs: 16.75 kg
baggage is on conveyor belt-------
---------baggage detected by sensor------------- 
Baggage weighs: 20.36 kg
baggage is on conveyor belt-------
---------baggage detected by sensor------------- 
Baggage weighs: 20.94 kg
baggage is on conveyor belt-------
---------baggage detected by sensor------------- 
Baggage weighs: 19.8 kg
baggage is on conveyor belt-------
---------baggage detected by sensor------------- 
Baggage weighs: 19.12 kg
baggage is on conveyor belt-------
---------baggage detected by sensor------------- 
Baggage weighs: 16.93 kg
baggage is on conveyor belt-------
---------baggage detected by sensor------------- 
Baggage weighs: 20.48 kg
baggage is on conveyor belt-------
---------baggage detected by sensor------------- 
Baggage weighs: 17.63 kg
baggage is on conveyor belt-------
---------baggage detected by sensor------------- 
Baggage weighs: 19.86 kg
baggage is on conveyor belt-------
---------baggage detected by sensor------------- 
Baggage weighs: 19.4 kg
baggage is on conveyor belt-------
---------baggage detected by sensor------------- 
Baggage weighs: 19.0 kg
baggage is on conveyor belt-------
---------baggage detected by sensor------------- 
Baggage weighs: 20.5 kg
baggage is on conveyor belt-------
---------baggage detected by sensor------------- 
Baggage weighs: 21.9 kg
baggage is on conveyor belt-------
---------baggage detected by sensor------------- 
Baggage weighs: 19.82 kg
baggage is on conveyor belt-------
---------baggage detected by sensor------------- 
Baggage weighs: 18.98 kg
baggage is on conveyor belt-------
---------baggage detected by sensor------------- 
Baggage weighs: 19.28 kg
baggage is on conveyor belt-------
---------baggage detected by sensor------------- 
Baggage weighs: 18.06 kg
baggage is on conveyor belt-------
---------baggage detected by sensor------------- 
Baggage weighs: 20.2 kg
baggage is on conveyor belt-------
---------baggage detected by sensor------------- 
Baggage weighs: 19.74 kg
baggage is on conveyor belt-------
---------baggage detected by sensor------------- 
Baggage weighs: 17.44 kg
baggage is on conveyor belt-------
---------baggage detected by sensor------------- 
Baggage weighs: 19.36 kg
baggage is on conveyor belt-------
---------baggage detected by sensor------------- 
Baggage weighs: 20.4 kg
baggage is on conveyor belt-------
---------baggage detected by sensor------------- 
Baggage weighs: 18.92 kg
baggage is on conveyor belt-------
---------baggage detected by sensor------------- 
Baggage weighs: 18.48 kg
baggage is on conveyor belt-------
---------baggage detected by sensor------------- 
Baggage weighs: 17.34 kg
baggage is on conveyor belt-------
---------baggage detected by sensor------------- 
Baggage weighs: 20.57 kg
baggage is on conveyor belt-------
---------baggage detected by sensor------------- 
Baggage weighs: 17.19 kg
baggage is on conveyor belt-------
---------baggage detected by sensor------------- 
Baggage weighs: 18.25 kg
baggage is on conveyor belt-------
---------baggage detected by sensor------------- 
Baggage weighs: 19.29 kg
baggage is on conveyor belt-------
---------baggage detected by sensor------------- 
Baggage weighs: 16.86 kg
baggage is on conveyor belt-------
---------baggage detected by sensor------------- 
Baggage weighs: 19.34 kg
baggage is on conveyor belt-------
---------baggage detected by sensor------------- 
Baggage weighs: 19.32 kg
baggage is on conveyor belt-------
---------baggage detected by sensor------------- 
Baggage weighs: 18.15 kg
baggage is on conveyor belt-------
---------baggage detected by sensor------------- 
Baggage weighs: 18.98 kg
baggage is on conveyor belt-------
---------baggage detected by sensor------------- 
Baggage weighs: 21.84 kg
baggage is on conveyor belt-------
---------baggage detected by sensor------------- 
Baggage weighs: 20.53 kg
baggage is on conveyor belt-------
---------baggage detected by sensor------------- 
Baggage weighs: 20.62 kg
baggage is on conveyor belt-------
---------baggage detected by sensor------------- 
Baggage weighs: 20.7 kg
baggage is on conveyor belt-------
---------baggage detected by sensor------------- 
Baggage weighs: 19.64 kg
baggage is on conveyor belt-------
---------baggage detected by sensor------------- 
Baggage weighs: 16.11 kg
baggage is on conveyor belt-------
---------baggage detected by sensor------------- 
Baggage weighs: 22.24 kg
baggage is on conveyor belt-------
---------baggage detected by sensor------------- 
Baggage weighs: 21.47 kg
baggage is on conveyor belt-------
---------baggage detected by sensor------------- 
Baggage weighs: 20.73 kg
baggage is on conveyor belt-------
---------baggage detected by sensor------------- 
Baggage weighs: 19.51 kg
baggage is on conveyor belt-------
---------baggage detected by sensor------------- 
Baggage weighs: 20.11 kg
baggage is on conveyor belt-------
---------baggage detected by sensor------------- 
Baggage weighs: 20.36 kg
baggage is on conveyor belt-------
---------baggage detected by sensor------------- 
Baggage weighs: 18.84 kg
baggage is on conveyor belt-------
---------baggage detected by sensor------------- 
Baggage weighs: 22.61 kg
baggage is on conveyor belt-------
---------baggage detected by sensor------------- 
Baggage weighs: 20.07 kg
baggage is on conveyor belt-------
---------baggage detected by sensor------------- 
Baggage weighs: 20.28 kg
baggage is on conveyor belt-------
---------baggage detected by sensor------------- 
Baggage weighs: 17.9 kg
baggage is on conveyor belt-------
---------baggage detected by sensor------------- 
Baggage weighs: 18.13 kg
baggage is on conveyor belt-------
---------baggage detected by sensor------------- 
Baggage weighs: 18.32 kg
baggage is on conveyor belt-------
---------baggage detected by sensor------------- 
Baggage weighs: 19.3 kg
baggage is on conveyor belt-------
---------baggage detected by sensor------------- 
Baggage weighs: 21.34 kg
baggage is on conveyor belt-------
---------baggage detected by sensor------------- 
Baggage weighs: 19.74 kg
baggage is on conveyor belt-------
---------baggage detected by sensor------------- 
Baggage weighs: 18.46 kg
baggage is on conveyor belt-------
---------baggage detected by sensor------------- 
Baggage weighs: 19.49 kg
baggage is on conveyor belt-------
---------baggage detected by sensor------------- 
Baggage weighs: 17.97 kg
baggage is on conveyor belt-------
---------baggage detected by sensor------------- 
Baggage weighs: 21.32 kg
baggage is on conveyor belt-------
---------baggage detected by sensor------------- 
Baggage weighs: 16.41 kg
baggage is on conveyor belt-------
---------baggage detected by sensor------------- 
Baggage weighs: 16.36 kg
baggage is on conveyor belt-------
---------baggage detected by sensor------------- 
Baggage weighs: 16.24 kg
baggage is on conveyor belt-------
---------baggage detected by sensor------------- 
Baggage weighs: 16.65 kg
baggage is on conveyor belt-------
---------baggage detected by sensor------------- 
Baggage weighs: 20.17 kg
baggage is on conveyor belt-------
---------baggage detected by sensor------------- 
Baggage weighs: 21.08 kg
baggage is on conveyor belt-------
---------baggage detected by sensor------------- 
Baggage weighs: 18.0 kg
baggage is on conveyor belt-------
---------baggage detected by sensor------------- 
Baggage weighs: 17.49 kg
baggage is on conveyor belt-------
---------baggage detected by sensor------------- 
Baggage weighs: 19.3 kg
baggage is on conveyor belt-------
---------baggage detected by sensor------------- 
Baggage weighs: 18.34 kg
baggage is on conveyor belt-------
---------baggage detected by sensor------------- 
Baggage weighs: 19.57 kg
baggage is on conveyor belt-------
---------baggage detected by sensor------------- 
Baggage weighs: 18.99 kg
baggage is on conveyor belt-------
---------baggage detected by sensor------------- 
Baggage weighs: 20.13 kg
baggage is on conveyor belt-------
---------baggage detected by sensor------------- 
Baggage weighs: 21.59 kg
baggage is on conveyor belt-------
---------baggage detected by sensor------------- 
Baggage weighs: 17.75 kg
baggage is on conveyor belt-------
---------baggage detected by sensor------------- 
Baggage weighs: 18.88 kg
baggage is on conveyor belt-------
---------baggage detected by sensor------------- 
Baggage weighs: 17.64 kg
baggage is on conveyor belt-------
---------baggage detected by sensor------------- 
Baggage weighs: 17.28 kg
baggage is on conveyor belt-------
---------baggage detected by sensor------------- 
Baggage weighs: 19.89 kg
baggage is on conveyor belt-------
---------baggage detected by sensor------------- 
Baggage weighs: 16.14 kg
baggage is on conveyor belt-------
---------baggage detected by sensor------------- 
Baggage weighs: 19.6 kg
baggage is on conveyor belt-------
---------baggage detected by sensor------------- 
Baggage weighs: 19.1 kg
baggage is on conveyor belt-------
---------baggage detected by sensor------------- 
Baggage weighs: 16.76 kg
baggage is on conveyor belt-------
---------baggage detected by sensor------------- 
Baggage weighs: 22.78 kg
baggage is on conveyor belt-------
---------baggage detected by sensor------------- 
Baggage weighs: 16.41 kg
baggage is on conveyor belt-------
---------baggage detected by sensor------------- 
Baggage weighs: 19.48 kg
baggage is on conveyor belt-------
---------baggage detected by sensor------------- 
Baggage weighs: 19.0 kg
baggage is on conveyor belt-------
---------baggage detected by sensor------------- 
Baggage weighs: 21.58 kg
baggage is on conveyor belt-------
---------baggage detected by sensor------------- 
Baggage weighs: 21.07 kg
baggage is on conveyor belt-------
---------baggage detected by sensor------------- 
Baggage weighs: 16.28 kg
Seat with ID: 38C has been reserved for you!

BOARDING PASS FOR GRANVILLE HOGAN
-----------------------------------------------------------------------------
LUFTHANSA                      09b1ekas8xxin0m /  Granville Hogan
Granville Hogan                                     /  09b1ekas8xxin0m
FRA   LH2121   E  30.Oct                       /  FRA
HKG                                            /  HKG
SEAT ID: 38C                                   /  LH2121 E 30.Oct
SEQ: 209                                      / GATE: A05   22:00
MAX 1  HANDLUGGAGE/ LUGGAGE
-----------------------------------------------------------------------------
sorry Granville Hogan we have no voucher for you! Have a nice day!

---------------------------------------------------------------------------------------------------------------
scanning passport with passport id: R9GM19O1Z
searching for ticket in fast bag drop database..............
Ticket found for Bonnie Gray and Flight LH2121
----searching flight seat for Bonnie Gray---------
Found a seat with ID 38D
Below details were found in database
------------------------------------------
Name: Bonnie Gray
Flight ID: LH2121
Source: FRA
Destination: HKG
Gate No: A05
Boarding time: 22:00
Ticket ID: hkatel3a2ts1uz9
Booking Class: E
------------------------------------------

Proceed with check-in for flight LH2121 ?
Type YES to CHECK-IN or NO to cancel CHECK-IN
Bonnie Gray is deciding whether to check-in or to go back home and sleep............
YES CHECK-IN
Checking you in...............
baggage is on conveyor belt-------
---------baggage detected by sensor------------- 
Baggage weighs: 21.58 kg
baggage is on conveyor belt-------
---------baggage detected by sensor------------- 
Baggage weighs: 20.43 kg
baggage is on conveyor belt-------
---------baggage detected by sensor------------- 
Baggage weighs: 18.47 kg
baggage is on conveyor belt-------
---------baggage detected by sensor------------- 
Baggage weighs: 17.86 kg
baggage is on conveyor belt-------
---------baggage detected by sensor------------- 
Baggage weighs: 18.65 kg
baggage is on conveyor belt-------
---------baggage detected by sensor------------- 
Baggage weighs: 19.27 kg
baggage is on conveyor belt-------
---------baggage detected by sensor------------- 
Baggage weighs: 17.42 kg
baggage is on conveyor belt-------
---------baggage detected by sensor------------- 
Baggage weighs: 19.16 kg
baggage is on conveyor belt-------
---------baggage detected by sensor------------- 
Baggage weighs: 19.52 kg
baggage is on conveyor belt-------
---------baggage detected by sensor------------- 
Baggage weighs: 17.51 kg
baggage is on conveyor belt-------
---------baggage detected by sensor------------- 
Baggage weighs: 17.38 kg
baggage is on conveyor belt-------
---------baggage detected by sensor------------- 
Baggage weighs: 18.67 kg
baggage is on conveyor belt-------
---------baggage detected by sensor------------- 
Baggage weighs: 16.98 kg
baggage is on conveyor belt-------
---------baggage detected by sensor------------- 
Baggage weighs: 21.26 kg
baggage is on conveyor belt-------
---------baggage detected by sensor------------- 
Baggage weighs: 18.3 kg
baggage is on conveyor belt-------
---------baggage detected by sensor------------- 
Baggage weighs: 16.81 kg
baggage is on conveyor belt-------
---------baggage detected by sensor------------- 
Baggage weighs: 20.91 kg
baggage is on conveyor belt-------
---------baggage detected by sensor------------- 
Baggage weighs: 21.21 kg
baggage is on conveyor belt-------
---------baggage detected by sensor------------- 
Baggage weighs: 19.69 kg
baggage is on conveyor belt-------
---------baggage detected by sensor------------- 
Baggage weighs: 18.67 kg
baggage is on conveyor belt-------
---------baggage detected by sensor------------- 
Baggage weighs: 19.12 kg
baggage is on conveyor belt-------
---------baggage detected by sensor------------- 
Baggage weighs: 16.42 kg
baggage is on conveyor belt-------
---------baggage detected by sensor------------- 
Baggage weighs: 19.17 kg
baggage is on conveyor belt-------
---------baggage detected by sensor------------- 
Baggage weighs: 19.0 kg
baggage is on conveyor belt-------
---------baggage detected by sensor------------- 
Baggage weighs: 18.78 kg
baggage is on conveyor belt-------
---------baggage detected by sensor------------- 
Baggage weighs: 20.31 kg
baggage is on conveyor belt-------
---------baggage detected by sensor------------- 
Baggage weighs: 21.25 kg
baggage is on conveyor belt-------
---------baggage detected by sensor------------- 
Baggage weighs: 18.87 kg
baggage is on conveyor belt-------
---------baggage detected by sensor------------- 
Baggage weighs: 16.25 kg
baggage is on conveyor belt-------
---------baggage detected by sensor------------- 
Baggage weighs: 19.94 kg
baggage is on conveyor belt-------
---------baggage detected by sensor------------- 
Baggage weighs: 16.88 kg
baggage is on conveyor belt-------
---------baggage detected by sensor------------- 
Baggage weighs: 18.24 kg
baggage is on conveyor belt-------
---------baggage detected by sensor------------- 
Baggage weighs: 17.16 kg
baggage is on conveyor belt-------
---------baggage detected by sensor------------- 
Baggage weighs: 19.34 kg
baggage is on conveyor belt-------
---------baggage detected by sensor------------- 
Baggage weighs: 22.41 kg
baggage is on conveyor belt-------
---------baggage detected by sensor------------- 
Baggage weighs: 20.47 kg
baggage is on conveyor belt-------
---------baggage detected by sensor------------- 
Baggage weighs: 18.81 kg
baggage is on conveyor belt-------
---------baggage detected by sensor------------- 
Baggage weighs: 18.56 kg
baggage is on conveyor belt-------
---------baggage detected by sensor------------- 
Baggage weighs: 17.77 kg
baggage is on conveyor belt-------
---------baggage detected by sensor------------- 
Baggage weighs: 19.32 kg
baggage is on conveyor belt-------
---------baggage detected by sensor------------- 
Baggage weighs: 19.21 kg
baggage is on conveyor belt-------
---------baggage detected by sensor------------- 
Baggage weighs: 19.13 kg
baggage is on conveyor belt-------
---------baggage detected by sensor------------- 
Baggage weighs: 20.39 kg
baggage is on conveyor belt-------
---------baggage detected by sensor------------- 
Baggage weighs: 21.03 kg
baggage is on conveyor belt-------
---------baggage detected by sensor------------- 
Baggage weighs: 20.05 kg
baggage is on conveyor belt-------
---------baggage detected by sensor------------- 
Baggage weighs: 21.92 kg
baggage is on conveyor belt-------
---------baggage detected by sensor------------- 
Baggage weighs: 19.37 kg
baggage is on conveyor belt-------
---------baggage detected by sensor------------- 
Baggage weighs: 20.35 kg
baggage is on conveyor belt-------
---------baggage detected by sensor------------- 
Baggage weighs: 18.73 kg
baggage is on conveyor belt-------
---------baggage detected by sensor------------- 
Baggage weighs: 20.33 kg
baggage is on conveyor belt-------
---------baggage detected by sensor------------- 
Baggage weighs: 22.01 kg
baggage is on conveyor belt-------
---------baggage detected by sensor------------- 
Baggage weighs: 19.27 kg
baggage is on conveyor belt-------
---------baggage detected by sensor------------- 
Baggage weighs: 21.18 kg
baggage is on conveyor belt-------
---------baggage detected by sensor------------- 
Baggage weighs: 17.16 kg
baggage is on conveyor belt-------
---------baggage detected by sensor------------- 
Baggage weighs: 20.04 kg
baggage is on conveyor belt-------
---------baggage detected by sensor------------- 
Baggage weighs: 20.91 kg
baggage is on conveyor belt-------
---------baggage detected by sensor------------- 
Baggage weighs: 20.3 kg
baggage is on conveyor belt-------
---------baggage detected by sensor------------- 
Baggage weighs: 20.38 kg
baggage is on conveyor belt-------
---------baggage detected by sensor------------- 
Baggage weighs: 16.54 kg
baggage is on conveyor belt-------
---------baggage detected by sensor------------- 
Baggage weighs: 18.87 kg
baggage is on conveyor belt-------
---------baggage detected by sensor------------- 
Baggage weighs: 20.22 kg
baggage is on conveyor belt-------
---------baggage detected by sensor------------- 
Baggage weighs: 20.75 kg
baggage is on conveyor belt-------
---------baggage detected by sensor------------- 
Baggage weighs: 17.4 kg
baggage is on conveyor belt-------
---------baggage detected by sensor------------- 
Baggage weighs: 20.27 kg
baggage is on conveyor belt-------
---------baggage detected by sensor------------- 
Baggage weighs: 17.04 kg
baggage is on conveyor belt-------
---------baggage detected by sensor------------- 
Baggage weighs: 19.84 kg
baggage is on conveyor belt-------
---------baggage detected by sensor------------- 
Baggage weighs: 17.34 kg
baggage is on conveyor belt-------
---------baggage detected by sensor------------- 
Baggage weighs: 18.75 kg
baggage is on conveyor belt-------
---------baggage detected by sensor------------- 
Baggage weighs: 19.12 kg
baggage is on conveyor belt-------
---------baggage detected by sensor------------- 
Baggage weighs: 18.29 kg
baggage is on conveyor belt-------
---------baggage detected by sensor------------- 
Baggage weighs: 17.94 kg
baggage is on conveyor belt-------
---------baggage detected by sensor------------- 
Baggage weighs: 19.09 kg
baggage is on conveyor belt-------
---------baggage detected by sensor------------- 
Baggage weighs: 22.39 kg
baggage is on conveyor belt-------
---------baggage detected by sensor------------- 
Baggage weighs: 21.23 kg
baggage is on conveyor belt-------
---------baggage detected by sensor------------- 
Baggage weighs: 17.56 kg
baggage is on conveyor belt-------
---------baggage detected by sensor------------- 
Baggage weighs: 18.37 kg
baggage is on conveyor belt-------
---------baggage detected by sensor------------- 
Baggage weighs: 21.4 kg
baggage is on conveyor belt-------
---------baggage detected by sensor------------- 
Baggage weighs: 20.25 kg
baggage is on conveyor belt-------
---------baggage detected by sensor------------- 
Baggage weighs: 23.0 kg
baggage is on conveyor belt-------
---------baggage detected by sensor------------- 
Baggage weighs: 17.01 kg
baggage is on conveyor belt-------
---------baggage detected by sensor------------- 
Baggage weighs: 17.39 kg
baggage is on conveyor belt-------
---------baggage detected by sensor------------- 
Baggage weighs: 16.7 kg
baggage is on conveyor belt-------
---------baggage detected by sensor------------- 
Baggage weighs: 16.23 kg
baggage is on conveyor belt-------
---------baggage detected by sensor------------- 
Baggage weighs: 19.13 kg
baggage is on conveyor belt-------
---------baggage detected by sensor------------- 
Baggage weighs: 21.07 kg
baggage is on conveyor belt-------
---------baggage detected by sensor------------- 
Baggage weighs: 17.87 kg
baggage is on conveyor belt-------
---------baggage detected by sensor------------- 
Baggage weighs: 19.92 kg
baggage is on conveyor belt-------
---------baggage detected by sensor------------- 
Baggage weighs: 19.22 kg
baggage is on conveyor belt-------
---------baggage detected by sensor------------- 
Baggage weighs: 21.53 kg
baggage is on conveyor belt-------
---------baggage detected by sensor------------- 
Baggage weighs: 20.29 kg
baggage is on conveyor belt-------
---------baggage detected by sensor------------- 
Baggage weighs: 19.32 kg
baggage is on conveyor belt-------
---------baggage detected by sensor------------- 
Baggage weighs: 17.25 kg
baggage is on conveyor belt-------
---------baggage detected by sensor------------- 
Baggage weighs: 21.3 kg
baggage is on conveyor belt-------
---------baggage detected by sensor------------- 
Baggage weighs: 16.79 kg
baggage is on conveyor belt-------
---------baggage detected by sensor------------- 
Baggage weighs: 19.55 kg
baggage is on conveyor belt-------
---------baggage detected by sensor------------- 
Baggage weighs: 18.88 kg
baggage is on conveyor belt-------
---------baggage detected by sensor------------- 
Baggage weighs: 22.33 kg
baggage is on conveyor belt-------
---------baggage detected by sensor------------- 
Baggage weighs: 20.62 kg
baggage is on conveyor belt-------
---------baggage detected by sensor------------- 
Baggage weighs: 19.42 kg
baggage is on conveyor belt-------
---------baggage detected by sensor------------- 
Baggage weighs: 17.54 kg
baggage is on conveyor belt-------
---------baggage detected by sensor------------- 
Baggage weighs: 21.51 kg
baggage is on conveyor belt-------
---------baggage detected by sensor------------- 
Baggage weighs: 19.46 kg
baggage is on conveyor belt-------
---------baggage detected by sensor------------- 
Baggage weighs: 17.83 kg
baggage is on conveyor belt-------
---------baggage detected by sensor------------- 
Baggage weighs: 17.75 kg
baggage is on conveyor belt-------
---------baggage detected by sensor------------- 
Baggage weighs: 17.44 kg
baggage is on conveyor belt-------
---------baggage detected by sensor------------- 
Baggage weighs: 19.53 kg
baggage is on conveyor belt-------
---------baggage detected by sensor------------- 
Baggage weighs: 17.51 kg
baggage is on conveyor belt-------
---------baggage detected by sensor------------- 
Baggage weighs: 18.2 kg
baggage is on conveyor belt-------
---------baggage detected by sensor------------- 
Baggage weighs: 21.55 kg
baggage is on conveyor belt-------
---------baggage detected by sensor------------- 
Baggage weighs: 19.67 kg
baggage is on conveyor belt-------
---------baggage detected by sensor------------- 
Baggage weighs: 19.52 kg
baggage is on conveyor belt-------
---------baggage detected by sensor------------- 
Baggage weighs: 21.06 kg
baggage is on conveyor belt-------
---------baggage detected by sensor------------- 
Baggage weighs: 17.44 kg
baggage is on conveyor belt-------
---------baggage detected by sensor------------- 
Baggage weighs: 19.21 kg
baggage is on conveyor belt-------
---------baggage detected by sensor------------- 
Baggage weighs: 21.65 kg
baggage is on conveyor belt-------
---------baggage detected by sensor------------- 
Baggage weighs: 19.64 kg
baggage is on conveyor belt-------
---------baggage detected by sensor------------- 
Baggage weighs: 21.03 kg
baggage is on conveyor belt-------
---------baggage detected by sensor------------- 
Baggage weighs: 19.76 kg
baggage is on conveyor belt-------
---------baggage detected by sensor------------- 
Baggage weighs: 21.01 kg
baggage is on conveyor belt-------
---------baggage detected by sensor------------- 
Baggage weighs: 19.11 kg
baggage is on conveyor belt-------
---------baggage detected by sensor------------- 
Baggage weighs: 18.54 kg
baggage is on conveyor belt-------
---------baggage detected by sensor------------- 
Baggage weighs: 16.86 kg
baggage is on conveyor belt-------
---------baggage detected by sensor------------- 
Baggage weighs: 16.59 kg
baggage is on conveyor belt-------
---------baggage detected by sensor------------- 
Baggage weighs: 19.26 kg
baggage is on conveyor belt-------
---------baggage detected by sensor------------- 
Baggage weighs: 18.34 kg
baggage is on conveyor belt-------
---------baggage detected by sensor------------- 
Baggage weighs: 19.09 kg
baggage is on conveyor belt-------
---------baggage detected by sensor------------- 
Baggage weighs: 22.38 kg
baggage is on conveyor belt-------
---------baggage detected by sensor------------- 
Baggage weighs: 22.12 kg
baggage is on conveyor belt-------
---------baggage detected by sensor------------- 
Baggage weighs: 16.75 kg
baggage is on conveyor belt-------
---------baggage detected by sensor------------- 
Baggage weighs: 20.36 kg
baggage is on conveyor belt-------
---------baggage detected by sensor------------- 
Baggage weighs: 20.94 kg
baggage is on conveyor belt-------
---------baggage detected by sensor------------- 
Baggage weighs: 19.8 kg
baggage is on conveyor belt-------
---------baggage detected by sensor------------- 
Baggage weighs: 19.12 kg
baggage is on conveyor belt-------
---------baggage detected by sensor------------- 
Baggage weighs: 16.93 kg
baggage is on conveyor belt-------
---------baggage detected by sensor------------- 
Baggage weighs: 20.48 kg
baggage is on conveyor belt-------
---------baggage detected by sensor------------- 
Baggage weighs: 17.63 kg
baggage is on conveyor belt-------
---------baggage detected by sensor------------- 
Baggage weighs: 19.86 kg
baggage is on conveyor belt-------
---------baggage detected by sensor------------- 
Baggage weighs: 19.4 kg
baggage is on conveyor belt-------
---------baggage detected by sensor------------- 
Baggage weighs: 19.0 kg
baggage is on conveyor belt-------
---------baggage detected by sensor------------- 
Baggage weighs: 20.5 kg
baggage is on conveyor belt-------
---------baggage detected by sensor------------- 
Baggage weighs: 21.9 kg
baggage is on conveyor belt-------
---------baggage detected by sensor------------- 
Baggage weighs: 19.82 kg
baggage is on conveyor belt-------
---------baggage detected by sensor------------- 
Baggage weighs: 18.98 kg
baggage is on conveyor belt-------
---------baggage detected by sensor------------- 
Baggage weighs: 19.28 kg
baggage is on conveyor belt-------
---------baggage detected by sensor------------- 
Baggage weighs: 18.06 kg
baggage is on conveyor belt-------
---------baggage detected by sensor------------- 
Baggage weighs: 20.2 kg
baggage is on conveyor belt-------
---------baggage detected by sensor------------- 
Baggage weighs: 19.74 kg
baggage is on conveyor belt-------
---------baggage detected by sensor------------- 
Baggage weighs: 17.44 kg
baggage is on conveyor belt-------
---------baggage detected by sensor------------- 
Baggage weighs: 19.36 kg
baggage is on conveyor belt-------
---------baggage detected by sensor------------- 
Baggage weighs: 20.4 kg
baggage is on conveyor belt-------
---------baggage detected by sensor------------- 
Baggage weighs: 18.92 kg
baggage is on conveyor belt-------
---------baggage detected by sensor------------- 
Baggage weighs: 18.48 kg
baggage is on conveyor belt-------
---------baggage detected by sensor------------- 
Baggage weighs: 17.34 kg
baggage is on conveyor belt-------
---------baggage detected by sensor------------- 
Baggage weighs: 20.57 kg
baggage is on conveyor belt-------
---------baggage detected by sensor------------- 
Baggage weighs: 17.19 kg
baggage is on conveyor belt-------
---------baggage detected by sensor------------- 
Baggage weighs: 18.25 kg
baggage is on conveyor belt-------
---------baggage detected by sensor------------- 
Baggage weighs: 19.29 kg
baggage is on conveyor belt-------
---------baggage detected by sensor------------- 
Baggage weighs: 16.86 kg
baggage is on conveyor belt-------
---------baggage detected by sensor------------- 
Baggage weighs: 19.34 kg
baggage is on conveyor belt-------
---------baggage detected by sensor------------- 
Baggage weighs: 19.32 kg
baggage is on conveyor belt-------
---------baggage detected by sensor------------- 
Baggage weighs: 18.15 kg
baggage is on conveyor belt-------
---------baggage detected by sensor------------- 
Baggage weighs: 18.98 kg
baggage is on conveyor belt-------
---------baggage detected by sensor------------- 
Baggage weighs: 21.84 kg
baggage is on conveyor belt-------
---------baggage detected by sensor------------- 
Baggage weighs: 20.53 kg
baggage is on conveyor belt-------
---------baggage detected by sensor------------- 
Baggage weighs: 20.62 kg
baggage is on conveyor belt-------
---------baggage detected by sensor------------- 
Baggage weighs: 20.7 kg
baggage is on conveyor belt-------
---------baggage detected by sensor------------- 
Baggage weighs: 19.64 kg
baggage is on conveyor belt-------
---------baggage detected by sensor------------- 
Baggage weighs: 16.11 kg
baggage is on conveyor belt-------
---------baggage detected by sensor------------- 
Baggage weighs: 22.24 kg
baggage is on conveyor belt-------
---------baggage detected by sensor------------- 
Baggage weighs: 21.47 kg
baggage is on conveyor belt-------
---------baggage detected by sensor------------- 
Baggage weighs: 20.73 kg
baggage is on conveyor belt-------
---------baggage detected by sensor------------- 
Baggage weighs: 19.51 kg
baggage is on conveyor belt-------
---------baggage detected by sensor------------- 
Baggage weighs: 20.11 kg
baggage is on conveyor belt-------
---------baggage detected by sensor------------- 
Baggage weighs: 20.36 kg
baggage is on conveyor belt-------
---------baggage detected by sensor------------- 
Baggage weighs: 18.84 kg
baggage is on conveyor belt-------
---------baggage detected by sensor------------- 
Baggage weighs: 22.61 kg
baggage is on conveyor belt-------
---------baggage detected by sensor------------- 
Baggage weighs: 20.07 kg
baggage is on conveyor belt-------
---------baggage detected by sensor------------- 
Baggage weighs: 20.28 kg
baggage is on conveyor belt-------
---------baggage detected by sensor------------- 
Baggage weighs: 17.9 kg
baggage is on conveyor belt-------
---------baggage detected by sensor------------- 
Baggage weighs: 18.13 kg
baggage is on conveyor belt-------
---------baggage detected by sensor------------- 
Baggage weighs: 18.32 kg
baggage is on conveyor belt-------
---------baggage detected by sensor------------- 
Baggage weighs: 19.3 kg
baggage is on conveyor belt-------
---------baggage detected by sensor------------- 
Baggage weighs: 21.34 kg
baggage is on conveyor belt-------
---------baggage detected by sensor------------- 
Baggage weighs: 19.74 kg
baggage is on conveyor belt-------
---------baggage detected by sensor------------- 
Baggage weighs: 18.46 kg
baggage is on conveyor belt-------
---------baggage detected by sensor------------- 
Baggage weighs: 19.49 kg
baggage is on conveyor belt-------
---------baggage detected by sensor------------- 
Baggage weighs: 17.97 kg
baggage is on conveyor belt-------
---------baggage detected by sensor------------- 
Baggage weighs: 21.32 kg
baggage is on conveyor belt-------
---------baggage detected by sensor------------- 
Baggage weighs: 16.41 kg
baggage is on conveyor belt-------
---------baggage detected by sensor------------- 
Baggage weighs: 16.36 kg
baggage is on conveyor belt-------
---------baggage detected by sensor------------- 
Baggage weighs: 16.24 kg
baggage is on conveyor belt-------
---------baggage detected by sensor------------- 
Baggage weighs: 16.65 kg
baggage is on conveyor belt-------
---------baggage detected by sensor------------- 
Baggage weighs: 20.17 kg
baggage is on conveyor belt-------
---------baggage detected by sensor------------- 
Baggage weighs: 21.08 kg
baggage is on conveyor belt-------
---------baggage detected by sensor------------- 
Baggage weighs: 18.0 kg
baggage is on conveyor belt-------
---------baggage detected by sensor------------- 
Baggage weighs: 17.49 kg
baggage is on conveyor belt-------
---------baggage detected by sensor------------- 
Baggage weighs: 19.3 kg
baggage is on conveyor belt-------
---------baggage detected by sensor------------- 
Baggage weighs: 18.34 kg
baggage is on conveyor belt-------
---------baggage detected by sensor------------- 
Baggage weighs: 19.57 kg
baggage is on conveyor belt-------
---------baggage detected by sensor------------- 
Baggage weighs: 18.99 kg
baggage is on conveyor belt-------
---------baggage detected by sensor------------- 
Baggage weighs: 20.13 kg
baggage is on conveyor belt-------
---------baggage detected by sensor------------- 
Baggage weighs: 21.59 kg
baggage is on conveyor belt-------
---------baggage detected by sensor------------- 
Baggage weighs: 17.75 kg
baggage is on conveyor belt-------
---------baggage detected by sensor------------- 
Baggage weighs: 18.88 kg
baggage is on conveyor belt-------
---------baggage detected by sensor------------- 
Baggage weighs: 17.64 kg
baggage is on conveyor belt-------
---------baggage detected by sensor------------- 
Baggage weighs: 17.28 kg
baggage is on conveyor belt-------
---------baggage detected by sensor------------- 
Baggage weighs: 19.89 kg
baggage is on conveyor belt-------
---------baggage detected by sensor------------- 
Baggage weighs: 16.14 kg
baggage is on conveyor belt-------
---------baggage detected by sensor------------- 
Baggage weighs: 19.6 kg
baggage is on conveyor belt-------
---------baggage detected by sensor------------- 
Baggage weighs: 19.1 kg
baggage is on conveyor belt-------
---------baggage detected by sensor------------- 
Baggage weighs: 16.76 kg
baggage is on conveyor belt-------
---------baggage detected by sensor------------- 
Baggage weighs: 22.78 kg
baggage is on conveyor belt-------
---------baggage detected by sensor------------- 
Baggage weighs: 16.41 kg
baggage is on conveyor belt-------
---------baggage detected by sensor------------- 
Baggage weighs: 19.48 kg
baggage is on conveyor belt-------
---------baggage detected by sensor------------- 
Baggage weighs: 19.0 kg
baggage is on conveyor belt-------
---------baggage detected by sensor------------- 
Baggage weighs: 21.58 kg
baggage is on conveyor belt-------
---------baggage detected by sensor------------- 
Baggage weighs: 21.07 kg
baggage is on conveyor belt-------
---------baggage detected by sensor------------- 
Baggage weighs: 16.28 kg
baggage is on conveyor belt-------
---------baggage detected by sensor------------- 
Baggage weighs: 20.22 kg
Seat with ID: 38D has been reserved for you!

BOARDING PASS FOR BONNIE GRAY
-----------------------------------------------------------------------------
LUFTHANSA                      hkatel3a2ts1uz9 /  Bonnie Gray
Bonnie Gray                                     /  hkatel3a2ts1uz9
FRA   LH2121   E  30.Oct                       /  FRA
HKG                                            /  HKG
SEAT ID: 38D                                   /  LH2121 E 30.Oct
SEQ: 210                                      / GATE: A05   22:00
MAX 1  HANDLUGGAGE/ LUGGAGE
-----------------------------------------------------------------------------
sorry Bonnie Gray we have no voucher for you! Have a nice day!

---------------------------------------------------------------------------------------------------------------
scanning passport with passport id: W6RA2SBTR
searching for ticket in fast bag drop database..............
Ticket found for Everette Hobbs and Flight LH2121
----searching flight seat for Everette Hobbs---------
Found a seat with ID 38E
Below details were found in database
------------------------------------------
Name: Everette Hobbs
Flight ID: LH2121
Source: FRA
Destination: HKG
Gate No: A05
Boarding time: 22:00
Ticket ID: piq0y57evf23148
Booking Class: E
------------------------------------------

Proceed with check-in for flight LH2121 ?
Type YES to CHECK-IN or NO to cancel CHECK-IN
Everette Hobbs is deciding whether to check-in or to go back home and sleep............
YES CHECK-IN
Checking you in...............
baggage is on conveyor belt-------
---------baggage detected by sensor------------- 
Baggage weighs: 21.58 kg
baggage is on conveyor belt-------
---------baggage detected by sensor------------- 
Baggage weighs: 20.43 kg
baggage is on conveyor belt-------
---------baggage detected by sensor------------- 
Baggage weighs: 18.47 kg
baggage is on conveyor belt-------
---------baggage detected by sensor------------- 
Baggage weighs: 17.86 kg
baggage is on conveyor belt-------
---------baggage detected by sensor------------- 
Baggage weighs: 18.65 kg
baggage is on conveyor belt-------
---------baggage detected by sensor------------- 
Baggage weighs: 19.27 kg
baggage is on conveyor belt-------
---------baggage detected by sensor------------- 
Baggage weighs: 17.42 kg
baggage is on conveyor belt-------
---------baggage detected by sensor------------- 
Baggage weighs: 19.16 kg
baggage is on conveyor belt-------
---------baggage detected by sensor------------- 
Baggage weighs: 19.52 kg
baggage is on conveyor belt-------
---------baggage detected by sensor------------- 
Baggage weighs: 17.51 kg
baggage is on conveyor belt-------
---------baggage detected by sensor------------- 
Baggage weighs: 17.38 kg
baggage is on conveyor belt-------
---------baggage detected by sensor------------- 
Baggage weighs: 18.67 kg
baggage is on conveyor belt-------
---------baggage detected by sensor------------- 
Baggage weighs: 16.98 kg
baggage is on conveyor belt-------
---------baggage detected by sensor------------- 
Baggage weighs: 21.26 kg
baggage is on conveyor belt-------
---------baggage detected by sensor------------- 
Baggage weighs: 18.3 kg
baggage is on conveyor belt-------
---------baggage detected by sensor------------- 
Baggage weighs: 16.81 kg
baggage is on conveyor belt-------
---------baggage detected by sensor------------- 
Baggage weighs: 20.91 kg
baggage is on conveyor belt-------
---------baggage detected by sensor------------- 
Baggage weighs: 21.21 kg
baggage is on conveyor belt-------
---------baggage detected by sensor------------- 
Baggage weighs: 19.69 kg
baggage is on conveyor belt-------
---------baggage detected by sensor------------- 
Baggage weighs: 18.67 kg
baggage is on conveyor belt-------
---------baggage detected by sensor------------- 
Baggage weighs: 19.12 kg
baggage is on conveyor belt-------
---------baggage detected by sensor------------- 
Baggage weighs: 16.42 kg
baggage is on conveyor belt-------
---------baggage detected by sensor------------- 
Baggage weighs: 19.17 kg
baggage is on conveyor belt-------
---------baggage detected by sensor------------- 
Baggage weighs: 19.0 kg
baggage is on conveyor belt-------
---------baggage detected by sensor------------- 
Baggage weighs: 18.78 kg
baggage is on conveyor belt-------
---------baggage detected by sensor------------- 
Baggage weighs: 20.31 kg
baggage is on conveyor belt-------
---------baggage detected by sensor------------- 
Baggage weighs: 21.25 kg
baggage is on conveyor belt-------
---------baggage detected by sensor------------- 
Baggage weighs: 18.87 kg
baggage is on conveyor belt-------
---------baggage detected by sensor------------- 
Baggage weighs: 16.25 kg
baggage is on conveyor belt-------
---------baggage detected by sensor------------- 
Baggage weighs: 19.94 kg
baggage is on conveyor belt-------
---------baggage detected by sensor------------- 
Baggage weighs: 16.88 kg
baggage is on conveyor belt-------
---------baggage detected by sensor------------- 
Baggage weighs: 18.24 kg
baggage is on conveyor belt-------
---------baggage detected by sensor------------- 
Baggage weighs: 17.16 kg
baggage is on conveyor belt-------
---------baggage detected by sensor------------- 
Baggage weighs: 19.34 kg
baggage is on conveyor belt-------
---------baggage detected by sensor------------- 
Baggage weighs: 22.41 kg
baggage is on conveyor belt-------
---------baggage detected by sensor------------- 
Baggage weighs: 20.47 kg
baggage is on conveyor belt-------
---------baggage detected by sensor------------- 
Baggage weighs: 18.81 kg
baggage is on conveyor belt-------
---------baggage detected by sensor------------- 
Baggage weighs: 18.56 kg
baggage is on conveyor belt-------
---------baggage detected by sensor------------- 
Baggage weighs: 17.77 kg
baggage is on conveyor belt-------
---------baggage detected by sensor------------- 
Baggage weighs: 19.32 kg
baggage is on conveyor belt-------
---------baggage detected by sensor------------- 
Baggage weighs: 19.21 kg
baggage is on conveyor belt-------
---------baggage detected by sensor------------- 
Baggage weighs: 19.13 kg
baggage is on conveyor belt-------
---------baggage detected by sensor------------- 
Baggage weighs: 20.39 kg
baggage is on conveyor belt-------
---------baggage detected by sensor------------- 
Baggage weighs: 21.03 kg
baggage is on conveyor belt-------
---------baggage detected by sensor------------- 
Baggage weighs: 20.05 kg
baggage is on conveyor belt-------
---------baggage detected by sensor------------- 
Baggage weighs: 21.92 kg
baggage is on conveyor belt-------
---------baggage detected by sensor------------- 
Baggage weighs: 19.37 kg
baggage is on conveyor belt-------
---------baggage detected by sensor------------- 
Baggage weighs: 20.35 kg
baggage is on conveyor belt-------
---------baggage detected by sensor------------- 
Baggage weighs: 18.73 kg
baggage is on conveyor belt-------
---------baggage detected by sensor------------- 
Baggage weighs: 20.33 kg
baggage is on conveyor belt-------
---------baggage detected by sensor------------- 
Baggage weighs: 22.01 kg
baggage is on conveyor belt-------
---------baggage detected by sensor------------- 
Baggage weighs: 19.27 kg
baggage is on conveyor belt-------
---------baggage detected by sensor------------- 
Baggage weighs: 21.18 kg
baggage is on conveyor belt-------
---------baggage detected by sensor------------- 
Baggage weighs: 17.16 kg
baggage is on conveyor belt-------
---------baggage detected by sensor------------- 
Baggage weighs: 20.04 kg
baggage is on conveyor belt-------
---------baggage detected by sensor------------- 
Baggage weighs: 20.91 kg
baggage is on conveyor belt-------
---------baggage detected by sensor------------- 
Baggage weighs: 20.3 kg
baggage is on conveyor belt-------
---------baggage detected by sensor------------- 
Baggage weighs: 20.38 kg
baggage is on conveyor belt-------
---------baggage detected by sensor------------- 
Baggage weighs: 16.54 kg
baggage is on conveyor belt-------
---------baggage detected by sensor------------- 
Baggage weighs: 18.87 kg
baggage is on conveyor belt-------
---------baggage detected by sensor------------- 
Baggage weighs: 20.22 kg
baggage is on conveyor belt-------
---------baggage detected by sensor------------- 
Baggage weighs: 20.75 kg
baggage is on conveyor belt-------
---------baggage detected by sensor------------- 
Baggage weighs: 17.4 kg
baggage is on conveyor belt-------
---------baggage detected by sensor------------- 
Baggage weighs: 20.27 kg
baggage is on conveyor belt-------
---------baggage detected by sensor------------- 
Baggage weighs: 17.04 kg
baggage is on conveyor belt-------
---------baggage detected by sensor------------- 
Baggage weighs: 19.84 kg
baggage is on conveyor belt-------
---------baggage detected by sensor------------- 
Baggage weighs: 17.34 kg
baggage is on conveyor belt-------
---------baggage detected by sensor------------- 
Baggage weighs: 18.75 kg
baggage is on conveyor belt-------
---------baggage detected by sensor------------- 
Baggage weighs: 19.12 kg
baggage is on conveyor belt-------
---------baggage detected by sensor------------- 
Baggage weighs: 18.29 kg
baggage is on conveyor belt-------
---------baggage detected by sensor------------- 
Baggage weighs: 17.94 kg
baggage is on conveyor belt-------
---------baggage detected by sensor------------- 
Baggage weighs: 19.09 kg
baggage is on conveyor belt-------
---------baggage detected by sensor------------- 
Baggage weighs: 22.39 kg
baggage is on conveyor belt-------
---------baggage detected by sensor------------- 
Baggage weighs: 21.23 kg
baggage is on conveyor belt-------
---------baggage detected by sensor------------- 
Baggage weighs: 17.56 kg
baggage is on conveyor belt-------
---------baggage detected by sensor------------- 
Baggage weighs: 18.37 kg
baggage is on conveyor belt-------
---------baggage detected by sensor------------- 
Baggage weighs: 21.4 kg
baggage is on conveyor belt-------
---------baggage detected by sensor------------- 
Baggage weighs: 20.25 kg
baggage is on conveyor belt-------
---------baggage detected by sensor------------- 
Baggage weighs: 23.0 kg
baggage is on conveyor belt-------
---------baggage detected by sensor------------- 
Baggage weighs: 17.01 kg
baggage is on conveyor belt-------
---------baggage detected by sensor------------- 
Baggage weighs: 17.39 kg
baggage is on conveyor belt-------
---------baggage detected by sensor------------- 
Baggage weighs: 16.7 kg
baggage is on conveyor belt-------
---------baggage detected by sensor------------- 
Baggage weighs: 16.23 kg
baggage is on conveyor belt-------
---------baggage detected by sensor------------- 
Baggage weighs: 19.13 kg
baggage is on conveyor belt-------
---------baggage detected by sensor------------- 
Baggage weighs: 21.07 kg
baggage is on conveyor belt-------
---------baggage detected by sensor------------- 
Baggage weighs: 17.87 kg
baggage is on conveyor belt-------
---------baggage detected by sensor------------- 
Baggage weighs: 19.92 kg
baggage is on conveyor belt-------
---------baggage detected by sensor------------- 
Baggage weighs: 19.22 kg
baggage is on conveyor belt-------
---------baggage detected by sensor------------- 
Baggage weighs: 21.53 kg
baggage is on conveyor belt-------
---------baggage detected by sensor------------- 
Baggage weighs: 20.29 kg
baggage is on conveyor belt-------
---------baggage detected by sensor------------- 
Baggage weighs: 19.32 kg
baggage is on conveyor belt-------
---------baggage detected by sensor------------- 
Baggage weighs: 17.25 kg
baggage is on conveyor belt-------
---------baggage detected by sensor------------- 
Baggage weighs: 21.3 kg
baggage is on conveyor belt-------
---------baggage detected by sensor------------- 
Baggage weighs: 16.79 kg
baggage is on conveyor belt-------
---------baggage detected by sensor------------- 
Baggage weighs: 19.55 kg
baggage is on conveyor belt-------
---------baggage detected by sensor------------- 
Baggage weighs: 18.88 kg
baggage is on conveyor belt-------
---------baggage detected by sensor------------- 
Baggage weighs: 22.33 kg
baggage is on conveyor belt-------
---------baggage detected by sensor------------- 
Baggage weighs: 20.62 kg
baggage is on conveyor belt-------
---------baggage detected by sensor------------- 
Baggage weighs: 19.42 kg
baggage is on conveyor belt-------
---------baggage detected by sensor------------- 
Baggage weighs: 17.54 kg
baggage is on conveyor belt-------
---------baggage detected by sensor------------- 
Baggage weighs: 21.51 kg
baggage is on conveyor belt-------
---------baggage detected by sensor------------- 
Baggage weighs: 19.46 kg
baggage is on conveyor belt-------
---------baggage detected by sensor------------- 
Baggage weighs: 17.83 kg
baggage is on conveyor belt-------
---------baggage detected by sensor------------- 
Baggage weighs: 17.75 kg
baggage is on conveyor belt-------
---------baggage detected by sensor------------- 
Baggage weighs: 17.44 kg
baggage is on conveyor belt-------
---------baggage detected by sensor------------- 
Baggage weighs: 19.53 kg
baggage is on conveyor belt-------
---------baggage detected by sensor------------- 
Baggage weighs: 17.51 kg
baggage is on conveyor belt-------
---------baggage detected by sensor------------- 
Baggage weighs: 18.2 kg
baggage is on conveyor belt-------
---------baggage detected by sensor------------- 
Baggage weighs: 21.55 kg
baggage is on conveyor belt-------
---------baggage detected by sensor------------- 
Baggage weighs: 19.67 kg
baggage is on conveyor belt-------
---------baggage detected by sensor------------- 
Baggage weighs: 19.52 kg
baggage is on conveyor belt-------
---------baggage detected by sensor------------- 
Baggage weighs: 21.06 kg
baggage is on conveyor belt-------
---------baggage detected by sensor------------- 
Baggage weighs: 17.44 kg
baggage is on conveyor belt-------
---------baggage detected by sensor------------- 
Baggage weighs: 19.21 kg
baggage is on conveyor belt-------
---------baggage detected by sensor------------- 
Baggage weighs: 21.65 kg
baggage is on conveyor belt-------
---------baggage detected by sensor------------- 
Baggage weighs: 19.64 kg
baggage is on conveyor belt-------
---------baggage detected by sensor------------- 
Baggage weighs: 21.03 kg
baggage is on conveyor belt-------
---------baggage detected by sensor------------- 
Baggage weighs: 19.76 kg
baggage is on conveyor belt-------
---------baggage detected by sensor------------- 
Baggage weighs: 21.01 kg
baggage is on conveyor belt-------
---------baggage detected by sensor------------- 
Baggage weighs: 19.11 kg
baggage is on conveyor belt-------
---------baggage detected by sensor------------- 
Baggage weighs: 18.54 kg
baggage is on conveyor belt-------
---------baggage detected by sensor------------- 
Baggage weighs: 16.86 kg
baggage is on conveyor belt-------
---------baggage detected by sensor------------- 
Baggage weighs: 16.59 kg
baggage is on conveyor belt-------
---------baggage detected by sensor------------- 
Baggage weighs: 19.26 kg
baggage is on conveyor belt-------
---------baggage detected by sensor------------- 
Baggage weighs: 18.34 kg
baggage is on conveyor belt-------
---------baggage detected by sensor------------- 
Baggage weighs: 19.09 kg
baggage is on conveyor belt-------
---------baggage detected by sensor------------- 
Baggage weighs: 22.38 kg
baggage is on conveyor belt-------
---------baggage detected by sensor------------- 
Baggage weighs: 22.12 kg
baggage is on conveyor belt-------
---------baggage detected by sensor------------- 
Baggage weighs: 16.75 kg
baggage is on conveyor belt-------
---------baggage detected by sensor------------- 
Baggage weighs: 20.36 kg
baggage is on conveyor belt-------
---------baggage detected by sensor------------- 
Baggage weighs: 20.94 kg
baggage is on conveyor belt-------
---------baggage detected by sensor------------- 
Baggage weighs: 19.8 kg
baggage is on conveyor belt-------
---------baggage detected by sensor------------- 
Baggage weighs: 19.12 kg
baggage is on conveyor belt-------
---------baggage detected by sensor------------- 
Baggage weighs: 16.93 kg
baggage is on conveyor belt-------
---------baggage detected by sensor------------- 
Baggage weighs: 20.48 kg
baggage is on conveyor belt-------
---------baggage detected by sensor------------- 
Baggage weighs: 17.63 kg
baggage is on conveyor belt-------
---------baggage detected by sensor------------- 
Baggage weighs: 19.86 kg
baggage is on conveyor belt-------
---------baggage detected by sensor------------- 
Baggage weighs: 19.4 kg
baggage is on conveyor belt-------
---------baggage detected by sensor------------- 
Baggage weighs: 19.0 kg
baggage is on conveyor belt-------
---------baggage detected by sensor------------- 
Baggage weighs: 20.5 kg
baggage is on conveyor belt-------
---------baggage detected by sensor------------- 
Baggage weighs: 21.9 kg
baggage is on conveyor belt-------
---------baggage detected by sensor------------- 
Baggage weighs: 19.82 kg
baggage is on conveyor belt-------
---------baggage detected by sensor------------- 
Baggage weighs: 18.98 kg
baggage is on conveyor belt-------
---------baggage detected by sensor------------- 
Baggage weighs: 19.28 kg
baggage is on conveyor belt-------
---------baggage detected by sensor------------- 
Baggage weighs: 18.06 kg
baggage is on conveyor belt-------
---------baggage detected by sensor------------- 
Baggage weighs: 20.2 kg
baggage is on conveyor belt-------
---------baggage detected by sensor------------- 
Baggage weighs: 19.74 kg
baggage is on conveyor belt-------
---------baggage detected by sensor------------- 
Baggage weighs: 17.44 kg
baggage is on conveyor belt-------
---------baggage detected by sensor------------- 
Baggage weighs: 19.36 kg
baggage is on conveyor belt-------
---------baggage detected by sensor------------- 
Baggage weighs: 20.4 kg
baggage is on conveyor belt-------
---------baggage detected by sensor------------- 
Baggage weighs: 18.92 kg
baggage is on conveyor belt-------
---------baggage detected by sensor------------- 
Baggage weighs: 18.48 kg
baggage is on conveyor belt-------
---------baggage detected by sensor------------- 
Baggage weighs: 17.34 kg
baggage is on conveyor belt-------
---------baggage detected by sensor------------- 
Baggage weighs: 20.57 kg
baggage is on conveyor belt-------
---------baggage detected by sensor------------- 
Baggage weighs: 17.19 kg
baggage is on conveyor belt-------
---------baggage detected by sensor------------- 
Baggage weighs: 18.25 kg
baggage is on conveyor belt-------
---------baggage detected by sensor------------- 
Baggage weighs: 19.29 kg
baggage is on conveyor belt-------
---------baggage detected by sensor------------- 
Baggage weighs: 16.86 kg
baggage is on conveyor belt-------
---------baggage detected by sensor------------- 
Baggage weighs: 19.34 kg
baggage is on conveyor belt-------
---------baggage detected by sensor------------- 
Baggage weighs: 19.32 kg
baggage is on conveyor belt-------
---------baggage detected by sensor------------- 
Baggage weighs: 18.15 kg
baggage is on conveyor belt-------
---------baggage detected by sensor------------- 
Baggage weighs: 18.98 kg
baggage is on conveyor belt-------
---------baggage detected by sensor------------- 
Baggage weighs: 21.84 kg
baggage is on conveyor belt-------
---------baggage detected by sensor------------- 
Baggage weighs: 20.53 kg
baggage is on conveyor belt-------
---------baggage detected by sensor------------- 
Baggage weighs: 20.62 kg
baggage is on conveyor belt-------
---------baggage detected by sensor------------- 
Baggage weighs: 20.7 kg
baggage is on conveyor belt-------
---------baggage detected by sensor------------- 
Baggage weighs: 19.64 kg
baggage is on conveyor belt-------
---------baggage detected by sensor------------- 
Baggage weighs: 16.11 kg
baggage is on conveyor belt-------
---------baggage detected by sensor------------- 
Baggage weighs: 22.24 kg
baggage is on conveyor belt-------
---------baggage detected by sensor------------- 
Baggage weighs: 21.47 kg
baggage is on conveyor belt-------
---------baggage detected by sensor------------- 
Baggage weighs: 20.73 kg
baggage is on conveyor belt-------
---------baggage detected by sensor------------- 
Baggage weighs: 19.51 kg
baggage is on conveyor belt-------
---------baggage detected by sensor------------- 
Baggage weighs: 20.11 kg
baggage is on conveyor belt-------
---------baggage detected by sensor------------- 
Baggage weighs: 20.36 kg
baggage is on conveyor belt-------
---------baggage detected by sensor------------- 
Baggage weighs: 18.84 kg
baggage is on conveyor belt-------
---------baggage detected by sensor------------- 
Baggage weighs: 22.61 kg
baggage is on conveyor belt-------
---------baggage detected by sensor------------- 
Baggage weighs: 20.07 kg
baggage is on conveyor belt-------
---------baggage detected by sensor------------- 
Baggage weighs: 20.28 kg
baggage is on conveyor belt-------
---------baggage detected by sensor------------- 
Baggage weighs: 17.9 kg
baggage is on conveyor belt-------
---------baggage detected by sensor------------- 
Baggage weighs: 18.13 kg
baggage is on conveyor belt-------
---------baggage detected by sensor------------- 
Baggage weighs: 18.32 kg
baggage is on conveyor belt-------
---------baggage detected by sensor------------- 
Baggage weighs: 19.3 kg
baggage is on conveyor belt-------
---------baggage detected by sensor------------- 
Baggage weighs: 21.34 kg
baggage is on conveyor belt-------
---------baggage detected by sensor------------- 
Baggage weighs: 19.74 kg
baggage is on conveyor belt-------
---------baggage detected by sensor------------- 
Baggage weighs: 18.46 kg
baggage is on conveyor belt-------
---------baggage detected by sensor------------- 
Baggage weighs: 19.49 kg
baggage is on conveyor belt-------
---------baggage detected by sensor------------- 
Baggage weighs: 17.97 kg
baggage is on conveyor belt-------
---------baggage detected by sensor------------- 
Baggage weighs: 21.32 kg
baggage is on conveyor belt-------
---------baggage detected by sensor------------- 
Baggage weighs: 16.41 kg
baggage is on conveyor belt-------
---------baggage detected by sensor------------- 
Baggage weighs: 16.36 kg
baggage is on conveyor belt-------
---------baggage detected by sensor------------- 
Baggage weighs: 16.24 kg
baggage is on conveyor belt-------
---------baggage detected by sensor------------- 
Baggage weighs: 16.65 kg
baggage is on conveyor belt-------
---------baggage detected by sensor------------- 
Baggage weighs: 20.17 kg
baggage is on conveyor belt-------
---------baggage detected by sensor------------- 
Baggage weighs: 21.08 kg
baggage is on conveyor belt-------
---------baggage detected by sensor------------- 
Baggage weighs: 18.0 kg
baggage is on conveyor belt-------
---------baggage detected by sensor------------- 
Baggage weighs: 17.49 kg
baggage is on conveyor belt-------
---------baggage detected by sensor------------- 
Baggage weighs: 19.3 kg
baggage is on conveyor belt-------
---------baggage detected by sensor------------- 
Baggage weighs: 18.34 kg
baggage is on conveyor belt-------
---------baggage detected by sensor------------- 
Baggage weighs: 19.57 kg
baggage is on conveyor belt-------
---------baggage detected by sensor------------- 
Baggage weighs: 18.99 kg
baggage is on conveyor belt-------
---------baggage detected by sensor------------- 
Baggage weighs: 20.13 kg
baggage is on conveyor belt-------
---------baggage detected by sensor------------- 
Baggage weighs: 21.59 kg
baggage is on conveyor belt-------
---------baggage detected by sensor------------- 
Baggage weighs: 17.75 kg
baggage is on conveyor belt-------
---------baggage detected by sensor------------- 
Baggage weighs: 18.88 kg
baggage is on conveyor belt-------
---------baggage detected by sensor------------- 
Baggage weighs: 17.64 kg
baggage is on conveyor belt-------
---------baggage detected by sensor------------- 
Baggage weighs: 17.28 kg
baggage is on conveyor belt-------
---------baggage detected by sensor------------- 
Baggage weighs: 19.89 kg
baggage is on conveyor belt-------
---------baggage detected by sensor------------- 
Baggage weighs: 16.14 kg
baggage is on conveyor belt-------
---------baggage detected by sensor------------- 
Baggage weighs: 19.6 kg
baggage is on conveyor belt-------
---------baggage detected by sensor------------- 
Baggage weighs: 19.1 kg
baggage is on conveyor belt-------
---------baggage detected by sensor------------- 
Baggage weighs: 16.76 kg
baggage is on conveyor belt-------
---------baggage detected by sensor------------- 
Baggage weighs: 22.78 kg
baggage is on conveyor belt-------
---------baggage detected by sensor------------- 
Baggage weighs: 16.41 kg
baggage is on conveyor belt-------
---------baggage detected by sensor------------- 
Baggage weighs: 19.48 kg
baggage is on conveyor belt-------
---------baggage detected by sensor------------- 
Baggage weighs: 19.0 kg
baggage is on conveyor belt-------
---------baggage detected by sensor------------- 
Baggage weighs: 21.58 kg
baggage is on conveyor belt-------
---------baggage detected by sensor------------- 
Baggage weighs: 21.07 kg
baggage is on conveyor belt-------
---------baggage detected by sensor------------- 
Baggage weighs: 16.28 kg
baggage is on conveyor belt-------
---------baggage detected by sensor------------- 
Baggage weighs: 20.22 kg
baggage is on conveyor belt-------
---------baggage detected by sensor------------- 
Baggage weighs: 17.58 kg
Seat with ID: 38E has been reserved for you!

BOARDING PASS FOR EVERETTE HOBBS
-----------------------------------------------------------------------------
LUFTHANSA                      piq0y57evf23148 /  Everette Hobbs
Everette Hobbs                                     /  piq0y57evf23148
FRA   LH2121   E  30.Oct                       /  FRA
HKG                                            /  HKG
SEAT ID: 38E                                   /  LH2121 E 30.Oct
SEQ: 211                                      / GATE: A05   22:00
MAX 1  HANDLUGGAGE/ LUGGAGE
-----------------------------------------------------------------------------
sorry Everette Hobbs we have no voucher for you! Have a nice day!

---------------------------------------------------------------------------------------------------------------
scanning passport with passport id: 5KTVYZ3VY
searching for ticket in fast bag drop database..............
Ticket found for Cecelia Harrell and Flight LH2121
----searching flight seat for Cecelia Harrell---------
Found a seat with ID 38G
Below details were found in database
------------------------------------------
Name: Cecelia Harrell
Flight ID: LH2121
Source: FRA
Destination: HKG
Gate No: A05
Boarding time: 22:00
Ticket ID: as6bwubvjgbcqdd
Booking Class: E
------------------------------------------

Proceed with check-in for flight LH2121 ?
Type YES to CHECK-IN or NO to cancel CHECK-IN
Cecelia Harrell is deciding whether to check-in or to go back home and sleep............
YES CHECK-IN
Checking you in...............
baggage is on conveyor belt-------
---------baggage detected by sensor------------- 
Baggage weighs: 21.58 kg
baggage is on conveyor belt-------
---------baggage detected by sensor------------- 
Baggage weighs: 20.43 kg
baggage is on conveyor belt-------
---------baggage detected by sensor------------- 
Baggage weighs: 18.47 kg
baggage is on conveyor belt-------
---------baggage detected by sensor------------- 
Baggage weighs: 17.86 kg
baggage is on conveyor belt-------
---------baggage detected by sensor------------- 
Baggage weighs: 18.65 kg
baggage is on conveyor belt-------
---------baggage detected by sensor------------- 
Baggage weighs: 19.27 kg
baggage is on conveyor belt-------
---------baggage detected by sensor------------- 
Baggage weighs: 17.42 kg
baggage is on conveyor belt-------
---------baggage detected by sensor------------- 
Baggage weighs: 19.16 kg
baggage is on conveyor belt-------
---------baggage detected by sensor------------- 
Baggage weighs: 19.52 kg
baggage is on conveyor belt-------
---------baggage detected by sensor------------- 
Baggage weighs: 17.51 kg
baggage is on conveyor belt-------
---------baggage detected by sensor------------- 
Baggage weighs: 17.38 kg
baggage is on conveyor belt-------
---------baggage detected by sensor------------- 
Baggage weighs: 18.67 kg
baggage is on conveyor belt-------
---------baggage detected by sensor------------- 
Baggage weighs: 16.98 kg
baggage is on conveyor belt-------
---------baggage detected by sensor------------- 
Baggage weighs: 21.26 kg
baggage is on conveyor belt-------
---------baggage detected by sensor------------- 
Baggage weighs: 18.3 kg
baggage is on conveyor belt-------
---------baggage detected by sensor------------- 
Baggage weighs: 16.81 kg
baggage is on conveyor belt-------
---------baggage detected by sensor------------- 
Baggage weighs: 20.91 kg
baggage is on conveyor belt-------
---------baggage detected by sensor------------- 
Baggage weighs: 21.21 kg
baggage is on conveyor belt-------
---------baggage detected by sensor------------- 
Baggage weighs: 19.69 kg
baggage is on conveyor belt-------
---------baggage detected by sensor------------- 
Baggage weighs: 18.67 kg
baggage is on conveyor belt-------
---------baggage detected by sensor------------- 
Baggage weighs: 19.12 kg
baggage is on conveyor belt-------
---------baggage detected by sensor------------- 
Baggage weighs: 16.42 kg
baggage is on conveyor belt-------
---------baggage detected by sensor------------- 
Baggage weighs: 19.17 kg
baggage is on conveyor belt-------
---------baggage detected by sensor------------- 
Baggage weighs: 19.0 kg
baggage is on conveyor belt-------
---------baggage detected by sensor------------- 
Baggage weighs: 18.78 kg
baggage is on conveyor belt-------
---------baggage detected by sensor------------- 
Baggage weighs: 20.31 kg
baggage is on conveyor belt-------
---------baggage detected by sensor------------- 
Baggage weighs: 21.25 kg
baggage is on conveyor belt-------
---------baggage detected by sensor------------- 
Baggage weighs: 18.87 kg
baggage is on conveyor belt-------
---------baggage detected by sensor------------- 
Baggage weighs: 16.25 kg
baggage is on conveyor belt-------
---------baggage detected by sensor------------- 
Baggage weighs: 19.94 kg
baggage is on conveyor belt-------
---------baggage detected by sensor------------- 
Baggage weighs: 16.88 kg
baggage is on conveyor belt-------
---------baggage detected by sensor------------- 
Baggage weighs: 18.24 kg
baggage is on conveyor belt-------
---------baggage detected by sensor------------- 
Baggage weighs: 17.16 kg
baggage is on conveyor belt-------
---------baggage detected by sensor------------- 
Baggage weighs: 19.34 kg
baggage is on conveyor belt-------
---------baggage detected by sensor------------- 
Baggage weighs: 22.41 kg
baggage is on conveyor belt-------
---------baggage detected by sensor------------- 
Baggage weighs: 20.47 kg
baggage is on conveyor belt-------
---------baggage detected by sensor------------- 
Baggage weighs: 18.81 kg
baggage is on conveyor belt-------
---------baggage detected by sensor------------- 
Baggage weighs: 18.56 kg
baggage is on conveyor belt-------
---------baggage detected by sensor------------- 
Baggage weighs: 17.77 kg
baggage is on conveyor belt-------
---------baggage detected by sensor------------- 
Baggage weighs: 19.32 kg
baggage is on conveyor belt-------
---------baggage detected by sensor------------- 
Baggage weighs: 19.21 kg
baggage is on conveyor belt-------
---------baggage detected by sensor------------- 
Baggage weighs: 19.13 kg
baggage is on conveyor belt-------
---------baggage detected by sensor------------- 
Baggage weighs: 20.39 kg
baggage is on conveyor belt-------
---------baggage detected by sensor------------- 
Baggage weighs: 21.03 kg
baggage is on conveyor belt-------
---------baggage detected by sensor------------- 
Baggage weighs: 20.05 kg
baggage is on conveyor belt-------
---------baggage detected by sensor------------- 
Baggage weighs: 21.92 kg
baggage is on conveyor belt-------
---------baggage detected by sensor------------- 
Baggage weighs: 19.37 kg
baggage is on conveyor belt-------
---------baggage detected by sensor------------- 
Baggage weighs: 20.35 kg
baggage is on conveyor belt-------
---------baggage detected by sensor------------- 
Baggage weighs: 18.73 kg
baggage is on conveyor belt-------
---------baggage detected by sensor------------- 
Baggage weighs: 20.33 kg
baggage is on conveyor belt-------
---------baggage detected by sensor------------- 
Baggage weighs: 22.01 kg
baggage is on conveyor belt-------
---------baggage detected by sensor------------- 
Baggage weighs: 19.27 kg
baggage is on conveyor belt-------
---------baggage detected by sensor------------- 
Baggage weighs: 21.18 kg
baggage is on conveyor belt-------
---------baggage detected by sensor------------- 
Baggage weighs: 17.16 kg
baggage is on conveyor belt-------
---------baggage detected by sensor------------- 
Baggage weighs: 20.04 kg
baggage is on conveyor belt-------
---------baggage detected by sensor------------- 
Baggage weighs: 20.91 kg
baggage is on conveyor belt-------
---------baggage detected by sensor------------- 
Baggage weighs: 20.3 kg
baggage is on conveyor belt-------
---------baggage detected by sensor------------- 
Baggage weighs: 20.38 kg
baggage is on conveyor belt-------
---------baggage detected by sensor------------- 
Baggage weighs: 16.54 kg
baggage is on conveyor belt-------
---------baggage detected by sensor------------- 
Baggage weighs: 18.87 kg
baggage is on conveyor belt-------
---------baggage detected by sensor------------- 
Baggage weighs: 20.22 kg
baggage is on conveyor belt-------
---------baggage detected by sensor------------- 
Baggage weighs: 20.75 kg
baggage is on conveyor belt-------
---------baggage detected by sensor------------- 
Baggage weighs: 17.4 kg
baggage is on conveyor belt-------
---------baggage detected by sensor------------- 
Baggage weighs: 20.27 kg
baggage is on conveyor belt-------
---------baggage detected by sensor------------- 
Baggage weighs: 17.04 kg
baggage is on conveyor belt-------
---------baggage detected by sensor------------- 
Baggage weighs: 19.84 kg
baggage is on conveyor belt-------
---------baggage detected by sensor------------- 
Baggage weighs: 17.34 kg
baggage is on conveyor belt-------
---------baggage detected by sensor------------- 
Baggage weighs: 18.75 kg
baggage is on conveyor belt-------
---------baggage detected by sensor------------- 
Baggage weighs: 19.12 kg
baggage is on conveyor belt-------
---------baggage detected by sensor------------- 
Baggage weighs: 18.29 kg
baggage is on conveyor belt-------
---------baggage detected by sensor------------- 
Baggage weighs: 17.94 kg
baggage is on conveyor belt-------
---------baggage detected by sensor------------- 
Baggage weighs: 19.09 kg
baggage is on conveyor belt-------
---------baggage detected by sensor------------- 
Baggage weighs: 22.39 kg
baggage is on conveyor belt-------
---------baggage detected by sensor------------- 
Baggage weighs: 21.23 kg
baggage is on conveyor belt-------
---------baggage detected by sensor------------- 
Baggage weighs: 17.56 kg
baggage is on conveyor belt-------
---------baggage detected by sensor------------- 
Baggage weighs: 18.37 kg
baggage is on conveyor belt-------
---------baggage detected by sensor------------- 
Baggage weighs: 21.4 kg
baggage is on conveyor belt-------
---------baggage detected by sensor------------- 
Baggage weighs: 20.25 kg
baggage is on conveyor belt-------
---------baggage detected by sensor------------- 
Baggage weighs: 23.0 kg
baggage is on conveyor belt-------
---------baggage detected by sensor------------- 
Baggage weighs: 17.01 kg
baggage is on conveyor belt-------
---------baggage detected by sensor------------- 
Baggage weighs: 17.39 kg
baggage is on conveyor belt-------
---------baggage detected by sensor------------- 
Baggage weighs: 16.7 kg
baggage is on conveyor belt-------
---------baggage detected by sensor------------- 
Baggage weighs: 16.23 kg
baggage is on conveyor belt-------
---------baggage detected by sensor------------- 
Baggage weighs: 19.13 kg
baggage is on conveyor belt-------
---------baggage detected by sensor------------- 
Baggage weighs: 21.07 kg
baggage is on conveyor belt-------
---------baggage detected by sensor------------- 
Baggage weighs: 17.87 kg
baggage is on conveyor belt-------
---------baggage detected by sensor------------- 
Baggage weighs: 19.92 kg
baggage is on conveyor belt-------
---------baggage detected by sensor------------- 
Baggage weighs: 19.22 kg
baggage is on conveyor belt-------
---------baggage detected by sensor------------- 
Baggage weighs: 21.53 kg
baggage is on conveyor belt-------
---------baggage detected by sensor------------- 
Baggage weighs: 20.29 kg
baggage is on conveyor belt-------
---------baggage detected by sensor------------- 
Baggage weighs: 19.32 kg
baggage is on conveyor belt-------
---------baggage detected by sensor------------- 
Baggage weighs: 17.25 kg
baggage is on conveyor belt-------
---------baggage detected by sensor------------- 
Baggage weighs: 21.3 kg
baggage is on conveyor belt-------
---------baggage detected by sensor------------- 
Baggage weighs: 16.79 kg
baggage is on conveyor belt-------
---------baggage detected by sensor------------- 
Baggage weighs: 19.55 kg
baggage is on conveyor belt-------
---------baggage detected by sensor------------- 
Baggage weighs: 18.88 kg
baggage is on conveyor belt-------
---------baggage detected by sensor------------- 
Baggage weighs: 22.33 kg
baggage is on conveyor belt-------
---------baggage detected by sensor------------- 
Baggage weighs: 20.62 kg
baggage is on conveyor belt-------
---------baggage detected by sensor------------- 
Baggage weighs: 19.42 kg
baggage is on conveyor belt-------
---------baggage detected by sensor------------- 
Baggage weighs: 17.54 kg
baggage is on conveyor belt-------
---------baggage detected by sensor------------- 
Baggage weighs: 21.51 kg
baggage is on conveyor belt-------
---------baggage detected by sensor------------- 
Baggage weighs: 19.46 kg
baggage is on conveyor belt-------
---------baggage detected by sensor------------- 
Baggage weighs: 17.83 kg
baggage is on conveyor belt-------
---------baggage detected by sensor------------- 
Baggage weighs: 17.75 kg
baggage is on conveyor belt-------
---------baggage detected by sensor------------- 
Baggage weighs: 17.44 kg
baggage is on conveyor belt-------
---------baggage detected by sensor------------- 
Baggage weighs: 19.53 kg
baggage is on conveyor belt-------
---------baggage detected by sensor------------- 
Baggage weighs: 17.51 kg
baggage is on conveyor belt-------
---------baggage detected by sensor------------- 
Baggage weighs: 18.2 kg
baggage is on conveyor belt-------
---------baggage detected by sensor------------- 
Baggage weighs: 21.55 kg
baggage is on conveyor belt-------
---------baggage detected by sensor------------- 
Baggage weighs: 19.67 kg
baggage is on conveyor belt-------
---------baggage detected by sensor------------- 
Baggage weighs: 19.52 kg
baggage is on conveyor belt-------
---------baggage detected by sensor------------- 
Baggage weighs: 21.06 kg
baggage is on conveyor belt-------
---------baggage detected by sensor------------- 
Baggage weighs: 17.44 kg
baggage is on conveyor belt-------
---------baggage detected by sensor------------- 
Baggage weighs: 19.21 kg
baggage is on conveyor belt-------
---------baggage detected by sensor------------- 
Baggage weighs: 21.65 kg
baggage is on conveyor belt-------
---------baggage detected by sensor------------- 
Baggage weighs: 19.64 kg
baggage is on conveyor belt-------
---------baggage detected by sensor------------- 
Baggage weighs: 21.03 kg
baggage is on conveyor belt-------
---------baggage detected by sensor------------- 
Baggage weighs: 19.76 kg
baggage is on conveyor belt-------
---------baggage detected by sensor------------- 
Baggage weighs: 21.01 kg
baggage is on conveyor belt-------
---------baggage detected by sensor------------- 
Baggage weighs: 19.11 kg
baggage is on conveyor belt-------
---------baggage detected by sensor------------- 
Baggage weighs: 18.54 kg
baggage is on conveyor belt-------
---------baggage detected by sensor------------- 
Baggage weighs: 16.86 kg
baggage is on conveyor belt-------
---------baggage detected by sensor------------- 
Baggage weighs: 16.59 kg
baggage is on conveyor belt-------
---------baggage detected by sensor------------- 
Baggage weighs: 19.26 kg
baggage is on conveyor belt-------
---------baggage detected by sensor------------- 
Baggage weighs: 18.34 kg
baggage is on conveyor belt-------
---------baggage detected by sensor------------- 
Baggage weighs: 19.09 kg
baggage is on conveyor belt-------
---------baggage detected by sensor------------- 
Baggage weighs: 22.38 kg
baggage is on conveyor belt-------
---------baggage detected by sensor------------- 
Baggage weighs: 22.12 kg
baggage is on conveyor belt-------
---------baggage detected by sensor------------- 
Baggage weighs: 16.75 kg
baggage is on conveyor belt-------
---------baggage detected by sensor------------- 
Baggage weighs: 20.36 kg
baggage is on conveyor belt-------
---------baggage detected by sensor------------- 
Baggage weighs: 20.94 kg
baggage is on conveyor belt-------
---------baggage detected by sensor------------- 
Baggage weighs: 19.8 kg
baggage is on conveyor belt-------
---------baggage detected by sensor------------- 
Baggage weighs: 19.12 kg
baggage is on conveyor belt-------
---------baggage detected by sensor------------- 
Baggage weighs: 16.93 kg
baggage is on conveyor belt-------
---------baggage detected by sensor------------- 
Baggage weighs: 20.48 kg
baggage is on conveyor belt-------
---------baggage detected by sensor------------- 
Baggage weighs: 17.63 kg
baggage is on conveyor belt-------
---------baggage detected by sensor------------- 
Baggage weighs: 19.86 kg
baggage is on conveyor belt-------
---------baggage detected by sensor------------- 
Baggage weighs: 19.4 kg
baggage is on conveyor belt-------
---------baggage detected by sensor------------- 
Baggage weighs: 19.0 kg
baggage is on conveyor belt-------
---------baggage detected by sensor------------- 
Baggage weighs: 20.5 kg
baggage is on conveyor belt-------
---------baggage detected by sensor------------- 
Baggage weighs: 21.9 kg
baggage is on conveyor belt-------
---------baggage detected by sensor------------- 
Baggage weighs: 19.82 kg
baggage is on conveyor belt-------
---------baggage detected by sensor------------- 
Baggage weighs: 18.98 kg
baggage is on conveyor belt-------
---------baggage detected by sensor------------- 
Baggage weighs: 19.28 kg
baggage is on conveyor belt-------
---------baggage detected by sensor------------- 
Baggage weighs: 18.06 kg
baggage is on conveyor belt-------
---------baggage detected by sensor------------- 
Baggage weighs: 20.2 kg
baggage is on conveyor belt-------
---------baggage detected by sensor------------- 
Baggage weighs: 19.74 kg
baggage is on conveyor belt-------
---------baggage detected by sensor------------- 
Baggage weighs: 17.44 kg
baggage is on conveyor belt-------
---------baggage detected by sensor------------- 
Baggage weighs: 19.36 kg
baggage is on conveyor belt-------
---------baggage detected by sensor------------- 
Baggage weighs: 20.4 kg
baggage is on conveyor belt-------
---------baggage detected by sensor------------- 
Baggage weighs: 18.92 kg
baggage is on conveyor belt-------
---------baggage detected by sensor------------- 
Baggage weighs: 18.48 kg
baggage is on conveyor belt-------
---------baggage detected by sensor------------- 
Baggage weighs: 17.34 kg
baggage is on conveyor belt-------
---------baggage detected by sensor------------- 
Baggage weighs: 20.57 kg
baggage is on conveyor belt-------
---------baggage detected by sensor------------- 
Baggage weighs: 17.19 kg
baggage is on conveyor belt-------
---------baggage detected by sensor------------- 
Baggage weighs: 18.25 kg
baggage is on conveyor belt-------
---------baggage detected by sensor------------- 
Baggage weighs: 19.29 kg
baggage is on conveyor belt-------
---------baggage detected by sensor------------- 
Baggage weighs: 16.86 kg
baggage is on conveyor belt-------
---------baggage detected by sensor------------- 
Baggage weighs: 19.34 kg
baggage is on conveyor belt-------
---------baggage detected by sensor------------- 
Baggage weighs: 19.32 kg
baggage is on conveyor belt-------
---------baggage detected by sensor------------- 
Baggage weighs: 18.15 kg
baggage is on conveyor belt-------
---------baggage detected by sensor------------- 
Baggage weighs: 18.98 kg
baggage is on conveyor belt-------
---------baggage detected by sensor------------- 
Baggage weighs: 21.84 kg
baggage is on conveyor belt-------
---------baggage detected by sensor------------- 
Baggage weighs: 20.53 kg
baggage is on conveyor belt-------
---------baggage detected by sensor------------- 
Baggage weighs: 20.62 kg
baggage is on conveyor belt-------
---------baggage detected by sensor------------- 
Baggage weighs: 20.7 kg
baggage is on conveyor belt-------
---------baggage detected by sensor------------- 
Baggage weighs: 19.64 kg
baggage is on conveyor belt-------
---------baggage detected by sensor------------- 
Baggage weighs: 16.11 kg
baggage is on conveyor belt-------
---------baggage detected by sensor------------- 
Baggage weighs: 22.24 kg
baggage is on conveyor belt-------
---------baggage detected by sensor------------- 
Baggage weighs: 21.47 kg
baggage is on conveyor belt-------
---------baggage detected by sensor------------- 
Baggage weighs: 20.73 kg
baggage is on conveyor belt-------
---------baggage detected by sensor------------- 
Baggage weighs: 19.51 kg
baggage is on conveyor belt-------
---------baggage detected by sensor------------- 
Baggage weighs: 20.11 kg
baggage is on conveyor belt-------
---------baggage detected by sensor------------- 
Baggage weighs: 20.36 kg
baggage is on conveyor belt-------
---------baggage detected by sensor------------- 
Baggage weighs: 18.84 kg
baggage is on conveyor belt-------
---------baggage detected by sensor------------- 
Baggage weighs: 22.61 kg
baggage is on conveyor belt-------
---------baggage detected by sensor------------- 
Baggage weighs: 20.07 kg
baggage is on conveyor belt-------
---------baggage detected by sensor------------- 
Baggage weighs: 20.28 kg
baggage is on conveyor belt-------
---------baggage detected by sensor------------- 
Baggage weighs: 17.9 kg
baggage is on conveyor belt-------
---------baggage detected by sensor------------- 
Baggage weighs: 18.13 kg
baggage is on conveyor belt-------
---------baggage detected by sensor------------- 
Baggage weighs: 18.32 kg
baggage is on conveyor belt-------
---------baggage detected by sensor------------- 
Baggage weighs: 19.3 kg
baggage is on conveyor belt-------
---------baggage detected by sensor------------- 
Baggage weighs: 21.34 kg
baggage is on conveyor belt-------
---------baggage detected by sensor------------- 
Baggage weighs: 19.74 kg
baggage is on conveyor belt-------
---------baggage detected by sensor------------- 
Baggage weighs: 18.46 kg
baggage is on conveyor belt-------
---------baggage detected by sensor------------- 
Baggage weighs: 19.49 kg
baggage is on conveyor belt-------
---------baggage detected by sensor------------- 
Baggage weighs: 17.97 kg
baggage is on conveyor belt-------
---------baggage detected by sensor------------- 
Baggage weighs: 21.32 kg
baggage is on conveyor belt-------
---------baggage detected by sensor------------- 
Baggage weighs: 16.41 kg
baggage is on conveyor belt-------
---------baggage detected by sensor------------- 
Baggage weighs: 16.36 kg
baggage is on conveyor belt-------
---------baggage detected by sensor------------- 
Baggage weighs: 16.24 kg
baggage is on conveyor belt-------
---------baggage detected by sensor------------- 
Baggage weighs: 16.65 kg
baggage is on conveyor belt-------
---------baggage detected by sensor------------- 
Baggage weighs: 20.17 kg
baggage is on conveyor belt-------
---------baggage detected by sensor------------- 
Baggage weighs: 21.08 kg
baggage is on conveyor belt-------
---------baggage detected by sensor------------- 
Baggage weighs: 18.0 kg
baggage is on conveyor belt-------
---------baggage detected by sensor------------- 
Baggage weighs: 17.49 kg
baggage is on conveyor belt-------
---------baggage detected by sensor------------- 
Baggage weighs: 19.3 kg
baggage is on conveyor belt-------
---------baggage detected by sensor------------- 
Baggage weighs: 18.34 kg
baggage is on conveyor belt-------
---------baggage detected by sensor------------- 
Baggage weighs: 19.57 kg
baggage is on conveyor belt-------
---------baggage detected by sensor------------- 
Baggage weighs: 18.99 kg
baggage is on conveyor belt-------
---------baggage detected by sensor------------- 
Baggage weighs: 20.13 kg
baggage is on conveyor belt-------
---------baggage detected by sensor------------- 
Baggage weighs: 21.59 kg
baggage is on conveyor belt-------
---------baggage detected by sensor------------- 
Baggage weighs: 17.75 kg
baggage is on conveyor belt-------
---------baggage detected by sensor------------- 
Baggage weighs: 18.88 kg
baggage is on conveyor belt-------
---------baggage detected by sensor------------- 
Baggage weighs: 17.64 kg
baggage is on conveyor belt-------
---------baggage detected by sensor------------- 
Baggage weighs: 17.28 kg
baggage is on conveyor belt-------
---------baggage detected by sensor------------- 
Baggage weighs: 19.89 kg
baggage is on conveyor belt-------
---------baggage detected by sensor------------- 
Baggage weighs: 16.14 kg
baggage is on conveyor belt-------
---------baggage detected by sensor------------- 
Baggage weighs: 19.6 kg
baggage is on conveyor belt-------
---------baggage detected by sensor------------- 
Baggage weighs: 19.1 kg
baggage is on conveyor belt-------
---------baggage detected by sensor------------- 
Baggage weighs: 16.76 kg
baggage is on conveyor belt-------
---------baggage detected by sensor------------- 
Baggage weighs: 22.78 kg
baggage is on conveyor belt-------
---------baggage detected by sensor------------- 
Baggage weighs: 16.41 kg
baggage is on conveyor belt-------
---------baggage detected by sensor------------- 
Baggage weighs: 19.48 kg
baggage is on conveyor belt-------
---------baggage detected by sensor------------- 
Baggage weighs: 19.0 kg
baggage is on conveyor belt-------
---------baggage detected by sensor------------- 
Baggage weighs: 21.58 kg
baggage is on conveyor belt-------
---------baggage detected by sensor------------- 
Baggage weighs: 21.07 kg
baggage is on conveyor belt-------
---------baggage detected by sensor------------- 
Baggage weighs: 16.28 kg
baggage is on conveyor belt-------
---------baggage detected by sensor------------- 
Baggage weighs: 20.22 kg
baggage is on conveyor belt-------
---------baggage detected by sensor------------- 
Baggage weighs: 17.58 kg
baggage is on conveyor belt-------
---------baggage detected by sensor------------- 
Baggage weighs: 17.69 kg
Seat with ID: 38G has been reserved for you!

BOARDING PASS FOR CECELIA HARRELL
-----------------------------------------------------------------------------
LUFTHANSA                      as6bwubvjgbcqdd /  Cecelia Harrell
Cecelia Harrell                                     /  as6bwubvjgbcqdd
FRA   LH2121   E  30.Oct                       /  FRA
HKG                                            /  HKG
SEAT ID: 38G                                   /  LH2121 E 30.Oct
SEQ: 212                                      / GATE: A05   22:00
MAX 1  HANDLUGGAGE/ LUGGAGE
-----------------------------------------------------------------------------
sorry Cecelia Harrell we have no voucher for you! Have a nice day!

---------------------------------------------------------------------------------------------------------------
scanning passport with passport id: RPPZ0ANVI
searching for ticket in fast bag drop database..............
Ticket found for Carlo Jackson and Flight LH2121
----searching flight seat for Carlo Jackson---------
Found a seat with ID 38H
Below details were found in database
------------------------------------------
Name: Carlo Jackson
Flight ID: LH2121
Source: FRA
Destination: HKG
Gate No: A05
Boarding time: 22:00
Ticket ID: ngkf59m5avza0kw
Booking Class: E
------------------------------------------

Proceed with check-in for flight LH2121 ?
Type YES to CHECK-IN or NO to cancel CHECK-IN
Carlo Jackson is deciding whether to check-in or to go back home and sleep............
YES CHECK-IN
Checking you in...............
baggage is on conveyor belt-------
---------baggage detected by sensor------------- 
Baggage weighs: 21.58 kg
baggage is on conveyor belt-------
---------baggage detected by sensor------------- 
Baggage weighs: 20.43 kg
baggage is on conveyor belt-------
---------baggage detected by sensor------------- 
Baggage weighs: 18.47 kg
baggage is on conveyor belt-------
---------baggage detected by sensor------------- 
Baggage weighs: 17.86 kg
baggage is on conveyor belt-------
---------baggage detected by sensor------------- 
Baggage weighs: 18.65 kg
baggage is on conveyor belt-------
---------baggage detected by sensor------------- 
Baggage weighs: 19.27 kg
baggage is on conveyor belt-------
---------baggage detected by sensor------------- 
Baggage weighs: 17.42 kg
baggage is on conveyor belt-------
---------baggage detected by sensor------------- 
Baggage weighs: 19.16 kg
baggage is on conveyor belt-------
---------baggage detected by sensor------------- 
Baggage weighs: 19.52 kg
baggage is on conveyor belt-------
---------baggage detected by sensor------------- 
Baggage weighs: 17.51 kg
baggage is on conveyor belt-------
---------baggage detected by sensor------------- 
Baggage weighs: 17.38 kg
baggage is on conveyor belt-------
---------baggage detected by sensor------------- 
Baggage weighs: 18.67 kg
baggage is on conveyor belt-------
---------baggage detected by sensor------------- 
Baggage weighs: 16.98 kg
baggage is on conveyor belt-------
---------baggage detected by sensor------------- 
Baggage weighs: 21.26 kg
baggage is on conveyor belt-------
---------baggage detected by sensor------------- 
Baggage weighs: 18.3 kg
baggage is on conveyor belt-------
---------baggage detected by sensor------------- 
Baggage weighs: 16.81 kg
baggage is on conveyor belt-------
---------baggage detected by sensor------------- 
Baggage weighs: 20.91 kg
baggage is on conveyor belt-------
---------baggage detected by sensor------------- 
Baggage weighs: 21.21 kg
baggage is on conveyor belt-------
---------baggage detected by sensor------------- 
Baggage weighs: 19.69 kg
baggage is on conveyor belt-------
---------baggage detected by sensor------------- 
Baggage weighs: 18.67 kg
baggage is on conveyor belt-------
---------baggage detected by sensor------------- 
Baggage weighs: 19.12 kg
baggage is on conveyor belt-------
---------baggage detected by sensor------------- 
Baggage weighs: 16.42 kg
baggage is on conveyor belt-------
---------baggage detected by sensor------------- 
Baggage weighs: 19.17 kg
baggage is on conveyor belt-------
---------baggage detected by sensor------------- 
Baggage weighs: 19.0 kg
baggage is on conveyor belt-------
---------baggage detected by sensor------------- 
Baggage weighs: 18.78 kg
baggage is on conveyor belt-------
---------baggage detected by sensor------------- 
Baggage weighs: 20.31 kg
baggage is on conveyor belt-------
---------baggage detected by sensor------------- 
Baggage weighs: 21.25 kg
baggage is on conveyor belt-------
---------baggage detected by sensor------------- 
Baggage weighs: 18.87 kg
baggage is on conveyor belt-------
---------baggage detected by sensor------------- 
Baggage weighs: 16.25 kg
baggage is on conveyor belt-------
---------baggage detected by sensor------------- 
Baggage weighs: 19.94 kg
baggage is on conveyor belt-------
---------baggage detected by sensor------------- 
Baggage weighs: 16.88 kg
baggage is on conveyor belt-------
---------baggage detected by sensor------------- 
Baggage weighs: 18.24 kg
baggage is on conveyor belt-------
---------baggage detected by sensor------------- 
Baggage weighs: 17.16 kg
baggage is on conveyor belt-------
---------baggage detected by sensor------------- 
Baggage weighs: 19.34 kg
baggage is on conveyor belt-------
---------baggage detected by sensor------------- 
Baggage weighs: 22.41 kg
baggage is on conveyor belt-------
---------baggage detected by sensor------------- 
Baggage weighs: 20.47 kg
baggage is on conveyor belt-------
---------baggage detected by sensor------------- 
Baggage weighs: 18.81 kg
baggage is on conveyor belt-------
---------baggage detected by sensor------------- 
Baggage weighs: 18.56 kg
baggage is on conveyor belt-------
---------baggage detected by sensor------------- 
Baggage weighs: 17.77 kg
baggage is on conveyor belt-------
---------baggage detected by sensor------------- 
Baggage weighs: 19.32 kg
baggage is on conveyor belt-------
---------baggage detected by sensor------------- 
Baggage weighs: 19.21 kg
baggage is on conveyor belt-------
---------baggage detected by sensor------------- 
Baggage weighs: 19.13 kg
baggage is on conveyor belt-------
---------baggage detected by sensor------------- 
Baggage weighs: 20.39 kg
baggage is on conveyor belt-------
---------baggage detected by sensor------------- 
Baggage weighs: 21.03 kg
baggage is on conveyor belt-------
---------baggage detected by sensor------------- 
Baggage weighs: 20.05 kg
baggage is on conveyor belt-------
---------baggage detected by sensor------------- 
Baggage weighs: 21.92 kg
baggage is on conveyor belt-------
---------baggage detected by sensor------------- 
Baggage weighs: 19.37 kg
baggage is on conveyor belt-------
---------baggage detected by sensor------------- 
Baggage weighs: 20.35 kg
baggage is on conveyor belt-------
---------baggage detected by sensor------------- 
Baggage weighs: 18.73 kg
baggage is on conveyor belt-------
---------baggage detected by sensor------------- 
Baggage weighs: 20.33 kg
baggage is on conveyor belt-------
---------baggage detected by sensor------------- 
Baggage weighs: 22.01 kg
baggage is on conveyor belt-------
---------baggage detected by sensor------------- 
Baggage weighs: 19.27 kg
baggage is on conveyor belt-------
---------baggage detected by sensor------------- 
Baggage weighs: 21.18 kg
baggage is on conveyor belt-------
---------baggage detected by sensor------------- 
Baggage weighs: 17.16 kg
baggage is on conveyor belt-------
---------baggage detected by sensor------------- 
Baggage weighs: 20.04 kg
baggage is on conveyor belt-------
---------baggage detected by sensor------------- 
Baggage weighs: 20.91 kg
baggage is on conveyor belt-------
---------baggage detected by sensor------------- 
Baggage weighs: 20.3 kg
baggage is on conveyor belt-------
---------baggage detected by sensor------------- 
Baggage weighs: 20.38 kg
baggage is on conveyor belt-------
---------baggage detected by sensor------------- 
Baggage weighs: 16.54 kg
baggage is on conveyor belt-------
---------baggage detected by sensor------------- 
Baggage weighs: 18.87 kg
baggage is on conveyor belt-------
---------baggage detected by sensor------------- 
Baggage weighs: 20.22 kg
baggage is on conveyor belt-------
---------baggage detected by sensor------------- 
Baggage weighs: 20.75 kg
baggage is on conveyor belt-------
---------baggage detected by sensor------------- 
Baggage weighs: 17.4 kg
baggage is on conveyor belt-------
---------baggage detected by sensor------------- 
Baggage weighs: 20.27 kg
baggage is on conveyor belt-------
---------baggage detected by sensor------------- 
Baggage weighs: 17.04 kg
baggage is on conveyor belt-------
---------baggage detected by sensor------------- 
Baggage weighs: 19.84 kg
baggage is on conveyor belt-------
---------baggage detected by sensor------------- 
Baggage weighs: 17.34 kg
baggage is on conveyor belt-------
---------baggage detected by sensor------------- 
Baggage weighs: 18.75 kg
baggage is on conveyor belt-------
---------baggage detected by sensor------------- 
Baggage weighs: 19.12 kg
baggage is on conveyor belt-------
---------baggage detected by sensor------------- 
Baggage weighs: 18.29 kg
baggage is on conveyor belt-------
---------baggage detected by sensor------------- 
Baggage weighs: 17.94 kg
baggage is on conveyor belt-------
---------baggage detected by sensor------------- 
Baggage weighs: 19.09 kg
baggage is on conveyor belt-------
---------baggage detected by sensor------------- 
Baggage weighs: 22.39 kg
baggage is on conveyor belt-------
---------baggage detected by sensor------------- 
Baggage weighs: 21.23 kg
baggage is on conveyor belt-------
---------baggage detected by sensor------------- 
Baggage weighs: 17.56 kg
baggage is on conveyor belt-------
---------baggage detected by sensor------------- 
Baggage weighs: 18.37 kg
baggage is on conveyor belt-------
---------baggage detected by sensor------------- 
Baggage weighs: 21.4 kg
baggage is on conveyor belt-------
---------baggage detected by sensor------------- 
Baggage weighs: 20.25 kg
baggage is on conveyor belt-------
---------baggage detected by sensor------------- 
Baggage weighs: 23.0 kg
baggage is on conveyor belt-------
---------baggage detected by sensor------------- 
Baggage weighs: 17.01 kg
baggage is on conveyor belt-------
---------baggage detected by sensor------------- 
Baggage weighs: 17.39 kg
baggage is on conveyor belt-------
---------baggage detected by sensor------------- 
Baggage weighs: 16.7 kg
baggage is on conveyor belt-------
---------baggage detected by sensor------------- 
Baggage weighs: 16.23 kg
baggage is on conveyor belt-------
---------baggage detected by sensor------------- 
Baggage weighs: 19.13 kg
baggage is on conveyor belt-------
---------baggage detected by sensor------------- 
Baggage weighs: 21.07 kg
baggage is on conveyor belt-------
---------baggage detected by sensor------------- 
Baggage weighs: 17.87 kg
baggage is on conveyor belt-------
---------baggage detected by sensor------------- 
Baggage weighs: 19.92 kg
baggage is on conveyor belt-------
---------baggage detected by sensor------------- 
Baggage weighs: 19.22 kg
baggage is on conveyor belt-------
---------baggage detected by sensor------------- 
Baggage weighs: 21.53 kg
baggage is on conveyor belt-------
---------baggage detected by sensor------------- 
Baggage weighs: 20.29 kg
baggage is on conveyor belt-------
---------baggage detected by sensor------------- 
Baggage weighs: 19.32 kg
baggage is on conveyor belt-------
---------baggage detected by sensor------------- 
Baggage weighs: 17.25 kg
baggage is on conveyor belt-------
---------baggage detected by sensor------------- 
Baggage weighs: 21.3 kg
baggage is on conveyor belt-------
---------baggage detected by sensor------------- 
Baggage weighs: 16.79 kg
baggage is on conveyor belt-------
---------baggage detected by sensor------------- 
Baggage weighs: 19.55 kg
baggage is on conveyor belt-------
---------baggage detected by sensor------------- 
Baggage weighs: 18.88 kg
baggage is on conveyor belt-------
---------baggage detected by sensor------------- 
Baggage weighs: 22.33 kg
baggage is on conveyor belt-------
---------baggage detected by sensor------------- 
Baggage weighs: 20.62 kg
baggage is on conveyor belt-------
---------baggage detected by sensor------------- 
Baggage weighs: 19.42 kg
baggage is on conveyor belt-------
---------baggage detected by sensor------------- 
Baggage weighs: 17.54 kg
baggage is on conveyor belt-------
---------baggage detected by sensor------------- 
Baggage weighs: 21.51 kg
baggage is on conveyor belt-------
---------baggage detected by sensor------------- 
Baggage weighs: 19.46 kg
baggage is on conveyor belt-------
---------baggage detected by sensor------------- 
Baggage weighs: 17.83 kg
baggage is on conveyor belt-------
---------baggage detected by sensor------------- 
Baggage weighs: 17.75 kg
baggage is on conveyor belt-------
---------baggage detected by sensor------------- 
Baggage weighs: 17.44 kg
baggage is on conveyor belt-------
---------baggage detected by sensor------------- 
Baggage weighs: 19.53 kg
baggage is on conveyor belt-------
---------baggage detected by sensor------------- 
Baggage weighs: 17.51 kg
baggage is on conveyor belt-------
---------baggage detected by sensor------------- 
Baggage weighs: 18.2 kg
baggage is on conveyor belt-------
---------baggage detected by sensor------------- 
Baggage weighs: 21.55 kg
baggage is on conveyor belt-------
---------baggage detected by sensor------------- 
Baggage weighs: 19.67 kg
baggage is on conveyor belt-------
---------baggage detected by sensor------------- 
Baggage weighs: 19.52 kg
baggage is on conveyor belt-------
---------baggage detected by sensor------------- 
Baggage weighs: 21.06 kg
baggage is on conveyor belt-------
---------baggage detected by sensor------------- 
Baggage weighs: 17.44 kg
baggage is on conveyor belt-------
---------baggage detected by sensor------------- 
Baggage weighs: 19.21 kg
baggage is on conveyor belt-------
---------baggage detected by sensor------------- 
Baggage weighs: 21.65 kg
baggage is on conveyor belt-------
---------baggage detected by sensor------------- 
Baggage weighs: 19.64 kg
baggage is on conveyor belt-------
---------baggage detected by sensor------------- 
Baggage weighs: 21.03 kg
baggage is on conveyor belt-------
---------baggage detected by sensor------------- 
Baggage weighs: 19.76 kg
baggage is on conveyor belt-------
---------baggage detected by sensor------------- 
Baggage weighs: 21.01 kg
baggage is on conveyor belt-------
---------baggage detected by sensor------------- 
Baggage weighs: 19.11 kg
baggage is on conveyor belt-------
---------baggage detected by sensor------------- 
Baggage weighs: 18.54 kg
baggage is on conveyor belt-------
---------baggage detected by sensor------------- 
Baggage weighs: 16.86 kg
baggage is on conveyor belt-------
---------baggage detected by sensor------------- 
Baggage weighs: 16.59 kg
baggage is on conveyor belt-------
---------baggage detected by sensor------------- 
Baggage weighs: 19.26 kg
baggage is on conveyor belt-------
---------baggage detected by sensor------------- 
Baggage weighs: 18.34 kg
baggage is on conveyor belt-------
---------baggage detected by sensor------------- 
Baggage weighs: 19.09 kg
baggage is on conveyor belt-------
---------baggage detected by sensor------------- 
Baggage weighs: 22.38 kg
baggage is on conveyor belt-------
---------baggage detected by sensor------------- 
Baggage weighs: 22.12 kg
baggage is on conveyor belt-------
---------baggage detected by sensor------------- 
Baggage weighs: 16.75 kg
baggage is on conveyor belt-------
---------baggage detected by sensor------------- 
Baggage weighs: 20.36 kg
baggage is on conveyor belt-------
---------baggage detected by sensor------------- 
Baggage weighs: 20.94 kg
baggage is on conveyor belt-------
---------baggage detected by sensor------------- 
Baggage weighs: 19.8 kg
baggage is on conveyor belt-------
---------baggage detected by sensor------------- 
Baggage weighs: 19.12 kg
baggage is on conveyor belt-------
---------baggage detected by sensor------------- 
Baggage weighs: 16.93 kg
baggage is on conveyor belt-------
---------baggage detected by sensor------------- 
Baggage weighs: 20.48 kg
baggage is on conveyor belt-------
---------baggage detected by sensor------------- 
Baggage weighs: 17.63 kg
baggage is on conveyor belt-------
---------baggage detected by sensor------------- 
Baggage weighs: 19.86 kg
baggage is on conveyor belt-------
---------baggage detected by sensor------------- 
Baggage weighs: 19.4 kg
baggage is on conveyor belt-------
---------baggage detected by sensor------------- 
Baggage weighs: 19.0 kg
baggage is on conveyor belt-------
---------baggage detected by sensor------------- 
Baggage weighs: 20.5 kg
baggage is on conveyor belt-------
---------baggage detected by sensor------------- 
Baggage weighs: 21.9 kg
baggage is on conveyor belt-------
---------baggage detected by sensor------------- 
Baggage weighs: 19.82 kg
baggage is on conveyor belt-------
---------baggage detected by sensor------------- 
Baggage weighs: 18.98 kg
baggage is on conveyor belt-------
---------baggage detected by sensor------------- 
Baggage weighs: 19.28 kg
baggage is on conveyor belt-------
---------baggage detected by sensor------------- 
Baggage weighs: 18.06 kg
baggage is on conveyor belt-------
---------baggage detected by sensor------------- 
Baggage weighs: 20.2 kg
baggage is on conveyor belt-------
---------baggage detected by sensor------------- 
Baggage weighs: 19.74 kg
baggage is on conveyor belt-------
---------baggage detected by sensor------------- 
Baggage weighs: 17.44 kg
baggage is on conveyor belt-------
---------baggage detected by sensor------------- 
Baggage weighs: 19.36 kg
baggage is on conveyor belt-------
---------baggage detected by sensor------------- 
Baggage weighs: 20.4 kg
baggage is on conveyor belt-------
---------baggage detected by sensor------------- 
Baggage weighs: 18.92 kg
baggage is on conveyor belt-------
---------baggage detected by sensor------------- 
Baggage weighs: 18.48 kg
baggage is on conveyor belt-------
---------baggage detected by sensor------------- 
Baggage weighs: 17.34 kg
baggage is on conveyor belt-------
---------baggage detected by sensor------------- 
Baggage weighs: 20.57 kg
baggage is on conveyor belt-------
---------baggage detected by sensor------------- 
Baggage weighs: 17.19 kg
baggage is on conveyor belt-------
---------baggage detected by sensor------------- 
Baggage weighs: 18.25 kg
baggage is on conveyor belt-------
---------baggage detected by sensor------------- 
Baggage weighs: 19.29 kg
baggage is on conveyor belt-------
---------baggage detected by sensor------------- 
Baggage weighs: 16.86 kg
baggage is on conveyor belt-------
---------baggage detected by sensor------------- 
Baggage weighs: 19.34 kg
baggage is on conveyor belt-------
---------baggage detected by sensor------------- 
Baggage weighs: 19.32 kg
baggage is on conveyor belt-------
---------baggage detected by sensor------------- 
Baggage weighs: 18.15 kg
baggage is on conveyor belt-------
---------baggage detected by sensor------------- 
Baggage weighs: 18.98 kg
baggage is on conveyor belt-------
---------baggage detected by sensor------------- 
Baggage weighs: 21.84 kg
baggage is on conveyor belt-------
---------baggage detected by sensor------------- 
Baggage weighs: 20.53 kg
baggage is on conveyor belt-------
---------baggage detected by sensor------------- 
Baggage weighs: 20.62 kg
baggage is on conveyor belt-------
---------baggage detected by sensor------------- 
Baggage weighs: 20.7 kg
baggage is on conveyor belt-------
---------baggage detected by sensor------------- 
Baggage weighs: 19.64 kg
baggage is on conveyor belt-------
---------baggage detected by sensor------------- 
Baggage weighs: 16.11 kg
baggage is on conveyor belt-------
---------baggage detected by sensor------------- 
Baggage weighs: 22.24 kg
baggage is on conveyor belt-------
---------baggage detected by sensor------------- 
Baggage weighs: 21.47 kg
baggage is on conveyor belt-------
---------baggage detected by sensor------------- 
Baggage weighs: 20.73 kg
baggage is on conveyor belt-------
---------baggage detected by sensor------------- 
Baggage weighs: 19.51 kg
baggage is on conveyor belt-------
---------baggage detected by sensor------------- 
Baggage weighs: 20.11 kg
baggage is on conveyor belt-------
---------baggage detected by sensor------------- 
Baggage weighs: 20.36 kg
baggage is on conveyor belt-------
---------baggage detected by sensor------------- 
Baggage weighs: 18.84 kg
baggage is on conveyor belt-------
---------baggage detected by sensor------------- 
Baggage weighs: 22.61 kg
baggage is on conveyor belt-------
---------baggage detected by sensor------------- 
Baggage weighs: 20.07 kg
baggage is on conveyor belt-------
---------baggage detected by sensor------------- 
Baggage weighs: 20.28 kg
baggage is on conveyor belt-------
---------baggage detected by sensor------------- 
Baggage weighs: 17.9 kg
baggage is on conveyor belt-------
---------baggage detected by sensor------------- 
Baggage weighs: 18.13 kg
baggage is on conveyor belt-------
---------baggage detected by sensor------------- 
Baggage weighs: 18.32 kg
baggage is on conveyor belt-------
---------baggage detected by sensor------------- 
Baggage weighs: 19.3 kg
baggage is on conveyor belt-------
---------baggage detected by sensor------------- 
Baggage weighs: 21.34 kg
baggage is on conveyor belt-------
---------baggage detected by sensor------------- 
Baggage weighs: 19.74 kg
baggage is on conveyor belt-------
---------baggage detected by sensor------------- 
Baggage weighs: 18.46 kg
baggage is on conveyor belt-------
---------baggage detected by sensor------------- 
Baggage weighs: 19.49 kg
baggage is on conveyor belt-------
---------baggage detected by sensor------------- 
Baggage weighs: 17.97 kg
baggage is on conveyor belt-------
---------baggage detected by sensor------------- 
Baggage weighs: 21.32 kg
baggage is on conveyor belt-------
---------baggage detected by sensor------------- 
Baggage weighs: 16.41 kg
baggage is on conveyor belt-------
---------baggage detected by sensor------------- 
Baggage weighs: 16.36 kg
baggage is on conveyor belt-------
---------baggage detected by sensor------------- 
Baggage weighs: 16.24 kg
baggage is on conveyor belt-------
---------baggage detected by sensor------------- 
Baggage weighs: 16.65 kg
baggage is on conveyor belt-------
---------baggage detected by sensor------------- 
Baggage weighs: 20.17 kg
baggage is on conveyor belt-------
---------baggage detected by sensor------------- 
Baggage weighs: 21.08 kg
baggage is on conveyor belt-------
---------baggage detected by sensor------------- 
Baggage weighs: 18.0 kg
baggage is on conveyor belt-------
---------baggage detected by sensor------------- 
Baggage weighs: 17.49 kg
baggage is on conveyor belt-------
---------baggage detected by sensor------------- 
Baggage weighs: 19.3 kg
baggage is on conveyor belt-------
---------baggage detected by sensor------------- 
Baggage weighs: 18.34 kg
baggage is on conveyor belt-------
---------baggage detected by sensor------------- 
Baggage weighs: 19.57 kg
baggage is on conveyor belt-------
---------baggage detected by sensor------------- 
Baggage weighs: 18.99 kg
baggage is on conveyor belt-------
---------baggage detected by sensor------------- 
Baggage weighs: 20.13 kg
baggage is on conveyor belt-------
---------baggage detected by sensor------------- 
Baggage weighs: 21.59 kg
baggage is on conveyor belt-------
---------baggage detected by sensor------------- 
Baggage weighs: 17.75 kg
baggage is on conveyor belt-------
---------baggage detected by sensor------------- 
Baggage weighs: 18.88 kg
baggage is on conveyor belt-------
---------baggage detected by sensor------------- 
Baggage weighs: 17.64 kg
baggage is on conveyor belt-------
---------baggage detected by sensor------------- 
Baggage weighs: 17.28 kg
baggage is on conveyor belt-------
---------baggage detected by sensor------------- 
Baggage weighs: 19.89 kg
baggage is on conveyor belt-------
---------baggage detected by sensor------------- 
Baggage weighs: 16.14 kg
baggage is on conveyor belt-------
---------baggage detected by sensor------------- 
Baggage weighs: 19.6 kg
baggage is on conveyor belt-------
---------baggage detected by sensor------------- 
Baggage weighs: 19.1 kg
baggage is on conveyor belt-------
---------baggage detected by sensor------------- 
Baggage weighs: 16.76 kg
baggage is on conveyor belt-------
---------baggage detected by sensor------------- 
Baggage weighs: 22.78 kg
baggage is on conveyor belt-------
---------baggage detected by sensor------------- 
Baggage weighs: 16.41 kg
baggage is on conveyor belt-------
---------baggage detected by sensor------------- 
Baggage weighs: 19.48 kg
baggage is on conveyor belt-------
---------baggage detected by sensor------------- 
Baggage weighs: 19.0 kg
baggage is on conveyor belt-------
---------baggage detected by sensor------------- 
Baggage weighs: 21.58 kg
baggage is on conveyor belt-------
---------baggage detected by sensor------------- 
Baggage weighs: 21.07 kg
baggage is on conveyor belt-------
---------baggage detected by sensor------------- 
Baggage weighs: 16.28 kg
baggage is on conveyor belt-------
---------baggage detected by sensor------------- 
Baggage weighs: 20.22 kg
baggage is on conveyor belt-------
---------baggage detected by sensor------------- 
Baggage weighs: 17.58 kg
baggage is on conveyor belt-------
---------baggage detected by sensor------------- 
Baggage weighs: 17.69 kg
baggage is on conveyor belt-------
---------baggage detected by sensor------------- 
Baggage weighs: 19.1 kg
Seat with ID: 38H has been reserved for you!

BOARDING PASS FOR CARLO JACKSON
-----------------------------------------------------------------------------
LUFTHANSA                      ngkf59m5avza0kw /  Carlo Jackson
Carlo Jackson                                     /  ngkf59m5avza0kw
FRA   LH2121   E  30.Oct                       /  FRA
HKG                                            /  HKG
SEAT ID: 38H                                   /  LH2121 E 30.Oct
SEQ: 213                                      / GATE: A05   22:00
MAX 1  HANDLUGGAGE/ LUGGAGE
-----------------------------------------------------------------------------
sorry Carlo Jackson we have no voucher for you! Have a nice day!

---------------------------------------------------------------------------------------------------------------
scanning passport with passport id: 2XMO5F81A
searching for ticket in fast bag drop database..............
Ticket found for Rosendo Stephens and Flight LH2121
----searching flight seat for Rosendo Stephens---------
Found a seat with ID 38J
Below details were found in database
------------------------------------------
Name: Rosendo Stephens
Flight ID: LH2121
Source: FRA
Destination: HKG
Gate No: A05
Boarding time: 22:00
Ticket ID: dl6tqgirjhn0wm9
Booking Class: E
------------------------------------------

Proceed with check-in for flight LH2121 ?
Type YES to CHECK-IN or NO to cancel CHECK-IN
Rosendo Stephens is deciding whether to check-in or to go back home and sleep............
YES CHECK-IN
Checking you in...............
baggage is on conveyor belt-------
---------baggage detected by sensor------------- 
Baggage weighs: 21.58 kg
baggage is on conveyor belt-------
---------baggage detected by sensor------------- 
Baggage weighs: 20.43 kg
baggage is on conveyor belt-------
---------baggage detected by sensor------------- 
Baggage weighs: 18.47 kg
baggage is on conveyor belt-------
---------baggage detected by sensor------------- 
Baggage weighs: 17.86 kg
baggage is on conveyor belt-------
---------baggage detected by sensor------------- 
Baggage weighs: 18.65 kg
baggage is on conveyor belt-------
---------baggage detected by sensor------------- 
Baggage weighs: 19.27 kg
baggage is on conveyor belt-------
---------baggage detected by sensor------------- 
Baggage weighs: 17.42 kg
baggage is on conveyor belt-------
---------baggage detected by sensor------------- 
Baggage weighs: 19.16 kg
baggage is on conveyor belt-------
---------baggage detected by sensor------------- 
Baggage weighs: 19.52 kg
baggage is on conveyor belt-------
---------baggage detected by sensor------------- 
Baggage weighs: 17.51 kg
baggage is on conveyor belt-------
---------baggage detected by sensor------------- 
Baggage weighs: 17.38 kg
baggage is on conveyor belt-------
---------baggage detected by sensor------------- 
Baggage weighs: 18.67 kg
baggage is on conveyor belt-------
---------baggage detected by sensor------------- 
Baggage weighs: 16.98 kg
baggage is on conveyor belt-------
---------baggage detected by sensor------------- 
Baggage weighs: 21.26 kg
baggage is on conveyor belt-------
---------baggage detected by sensor------------- 
Baggage weighs: 18.3 kg
baggage is on conveyor belt-------
---------baggage detected by sensor------------- 
Baggage weighs: 16.81 kg
baggage is on conveyor belt-------
---------baggage detected by sensor------------- 
Baggage weighs: 20.91 kg
baggage is on conveyor belt-------
---------baggage detected by sensor------------- 
Baggage weighs: 21.21 kg
baggage is on conveyor belt-------
---------baggage detected by sensor------------- 
Baggage weighs: 19.69 kg
baggage is on conveyor belt-------
---------baggage detected by sensor------------- 
Baggage weighs: 18.67 kg
baggage is on conveyor belt-------
---------baggage detected by sensor------------- 
Baggage weighs: 19.12 kg
baggage is on conveyor belt-------
---------baggage detected by sensor------------- 
Baggage weighs: 16.42 kg
baggage is on conveyor belt-------
---------baggage detected by sensor------------- 
Baggage weighs: 19.17 kg
baggage is on conveyor belt-------
---------baggage detected by sensor------------- 
Baggage weighs: 19.0 kg
baggage is on conveyor belt-------
---------baggage detected by sensor------------- 
Baggage weighs: 18.78 kg
baggage is on conveyor belt-------
---------baggage detected by sensor------------- 
Baggage weighs: 20.31 kg
baggage is on conveyor belt-------
---------baggage detected by sensor------------- 
Baggage weighs: 21.25 kg
baggage is on conveyor belt-------
---------baggage detected by sensor------------- 
Baggage weighs: 18.87 kg
baggage is on conveyor belt-------
---------baggage detected by sensor------------- 
Baggage weighs: 16.25 kg
baggage is on conveyor belt-------
---------baggage detected by sensor------------- 
Baggage weighs: 19.94 kg
baggage is on conveyor belt-------
---------baggage detected by sensor------------- 
Baggage weighs: 16.88 kg
baggage is on conveyor belt-------
---------baggage detected by sensor------------- 
Baggage weighs: 18.24 kg
baggage is on conveyor belt-------
---------baggage detected by sensor------------- 
Baggage weighs: 17.16 kg
baggage is on conveyor belt-------
---------baggage detected by sensor------------- 
Baggage weighs: 19.34 kg
baggage is on conveyor belt-------
---------baggage detected by sensor------------- 
Baggage weighs: 22.41 kg
baggage is on conveyor belt-------
---------baggage detected by sensor------------- 
Baggage weighs: 20.47 kg
baggage is on conveyor belt-------
---------baggage detected by sensor------------- 
Baggage weighs: 18.81 kg
baggage is on conveyor belt-------
---------baggage detected by sensor------------- 
Baggage weighs: 18.56 kg
baggage is on conveyor belt-------
---------baggage detected by sensor------------- 
Baggage weighs: 17.77 kg
baggage is on conveyor belt-------
---------baggage detected by sensor------------- 
Baggage weighs: 19.32 kg
baggage is on conveyor belt-------
---------baggage detected by sensor------------- 
Baggage weighs: 19.21 kg
baggage is on conveyor belt-------
---------baggage detected by sensor------------- 
Baggage weighs: 19.13 kg
baggage is on conveyor belt-------
---------baggage detected by sensor------------- 
Baggage weighs: 20.39 kg
baggage is on conveyor belt-------
---------baggage detected by sensor------------- 
Baggage weighs: 21.03 kg
baggage is on conveyor belt-------
---------baggage detected by sensor------------- 
Baggage weighs: 20.05 kg
baggage is on conveyor belt-------
---------baggage detected by sensor------------- 
Baggage weighs: 21.92 kg
baggage is on conveyor belt-------
---------baggage detected by sensor------------- 
Baggage weighs: 19.37 kg
baggage is on conveyor belt-------
---------baggage detected by sensor------------- 
Baggage weighs: 20.35 kg
baggage is on conveyor belt-------
---------baggage detected by sensor------------- 
Baggage weighs: 18.73 kg
baggage is on conveyor belt-------
---------baggage detected by sensor------------- 
Baggage weighs: 20.33 kg
baggage is on conveyor belt-------
---------baggage detected by sensor------------- 
Baggage weighs: 22.01 kg
baggage is on conveyor belt-------
---------baggage detected by sensor------------- 
Baggage weighs: 19.27 kg
baggage is on conveyor belt-------
---------baggage detected by sensor------------- 
Baggage weighs: 21.18 kg
baggage is on conveyor belt-------
---------baggage detected by sensor------------- 
Baggage weighs: 17.16 kg
baggage is on conveyor belt-------
---------baggage detected by sensor------------- 
Baggage weighs: 20.04 kg
baggage is on conveyor belt-------
---------baggage detected by sensor------------- 
Baggage weighs: 20.91 kg
baggage is on conveyor belt-------
---------baggage detected by sensor------------- 
Baggage weighs: 20.3 kg
baggage is on conveyor belt-------
---------baggage detected by sensor------------- 
Baggage weighs: 20.38 kg
baggage is on conveyor belt-------
---------baggage detected by sensor------------- 
Baggage weighs: 16.54 kg
baggage is on conveyor belt-------
---------baggage detected by sensor------------- 
Baggage weighs: 18.87 kg
baggage is on conveyor belt-------
---------baggage detected by sensor------------- 
Baggage weighs: 20.22 kg
baggage is on conveyor belt-------
---------baggage detected by sensor------------- 
Baggage weighs: 20.75 kg
baggage is on conveyor belt-------
---------baggage detected by sensor------------- 
Baggage weighs: 17.4 kg
baggage is on conveyor belt-------
---------baggage detected by sensor------------- 
Baggage weighs: 20.27 kg
baggage is on conveyor belt-------
---------baggage detected by sensor------------- 
Baggage weighs: 17.04 kg
baggage is on conveyor belt-------
---------baggage detected by sensor------------- 
Baggage weighs: 19.84 kg
baggage is on conveyor belt-------
---------baggage detected by sensor------------- 
Baggage weighs: 17.34 kg
baggage is on conveyor belt-------
---------baggage detected by sensor------------- 
Baggage weighs: 18.75 kg
baggage is on conveyor belt-------
---------baggage detected by sensor------------- 
Baggage weighs: 19.12 kg
baggage is on conveyor belt-------
---------baggage detected by sensor------------- 
Baggage weighs: 18.29 kg
baggage is on conveyor belt-------
---------baggage detected by sensor------------- 
Baggage weighs: 17.94 kg
baggage is on conveyor belt-------
---------baggage detected by sensor------------- 
Baggage weighs: 19.09 kg
baggage is on conveyor belt-------
---------baggage detected by sensor------------- 
Baggage weighs: 22.39 kg
baggage is on conveyor belt-------
---------baggage detected by sensor------------- 
Baggage weighs: 21.23 kg
baggage is on conveyor belt-------
---------baggage detected by sensor------------- 
Baggage weighs: 17.56 kg
baggage is on conveyor belt-------
---------baggage detected by sensor------------- 
Baggage weighs: 18.37 kg
baggage is on conveyor belt-------
---------baggage detected by sensor------------- 
Baggage weighs: 21.4 kg
baggage is on conveyor belt-------
---------baggage detected by sensor------------- 
Baggage weighs: 20.25 kg
baggage is on conveyor belt-------
---------baggage detected by sensor------------- 
Baggage weighs: 23.0 kg
baggage is on conveyor belt-------
---------baggage detected by sensor------------- 
Baggage weighs: 17.01 kg
baggage is on conveyor belt-------
---------baggage detected by sensor------------- 
Baggage weighs: 17.39 kg
baggage is on conveyor belt-------
---------baggage detected by sensor------------- 
Baggage weighs: 16.7 kg
baggage is on conveyor belt-------
---------baggage detected by sensor------------- 
Baggage weighs: 16.23 kg
baggage is on conveyor belt-------
---------baggage detected by sensor------------- 
Baggage weighs: 19.13 kg
baggage is on conveyor belt-------
---------baggage detected by sensor------------- 
Baggage weighs: 21.07 kg
baggage is on conveyor belt-------
---------baggage detected by sensor------------- 
Baggage weighs: 17.87 kg
baggage is on conveyor belt-------
---------baggage detected by sensor------------- 
Baggage weighs: 19.92 kg
baggage is on conveyor belt-------
---------baggage detected by sensor------------- 
Baggage weighs: 19.22 kg
baggage is on conveyor belt-------
---------baggage detected by sensor------------- 
Baggage weighs: 21.53 kg
baggage is on conveyor belt-------
---------baggage detected by sensor------------- 
Baggage weighs: 20.29 kg
baggage is on conveyor belt-------
---------baggage detected by sensor------------- 
Baggage weighs: 19.32 kg
baggage is on conveyor belt-------
---------baggage detected by sensor------------- 
Baggage weighs: 17.25 kg
baggage is on conveyor belt-------
---------baggage detected by sensor------------- 
Baggage weighs: 21.3 kg
baggage is on conveyor belt-------
---------baggage detected by sensor------------- 
Baggage weighs: 16.79 kg
baggage is on conveyor belt-------
---------baggage detected by sensor------------- 
Baggage weighs: 19.55 kg
baggage is on conveyor belt-------
---------baggage detected by sensor------------- 
Baggage weighs: 18.88 kg
baggage is on conveyor belt-------
---------baggage detected by sensor------------- 
Baggage weighs: 22.33 kg
baggage is on conveyor belt-------
---------baggage detected by sensor------------- 
Baggage weighs: 20.62 kg
baggage is on conveyor belt-------
---------baggage detected by sensor------------- 
Baggage weighs: 19.42 kg
baggage is on conveyor belt-------
---------baggage detected by sensor------------- 
Baggage weighs: 17.54 kg
baggage is on conveyor belt-------
---------baggage detected by sensor------------- 
Baggage weighs: 21.51 kg
baggage is on conveyor belt-------
---------baggage detected by sensor------------- 
Baggage weighs: 19.46 kg
baggage is on conveyor belt-------
---------baggage detected by sensor------------- 
Baggage weighs: 17.83 kg
baggage is on conveyor belt-------
---------baggage detected by sensor------------- 
Baggage weighs: 17.75 kg
baggage is on conveyor belt-------
---------baggage detected by sensor------------- 
Baggage weighs: 17.44 kg
baggage is on conveyor belt-------
---------baggage detected by sensor------------- 
Baggage weighs: 19.53 kg
baggage is on conveyor belt-------
---------baggage detected by sensor------------- 
Baggage weighs: 17.51 kg
baggage is on conveyor belt-------
---------baggage detected by sensor------------- 
Baggage weighs: 18.2 kg
baggage is on conveyor belt-------
---------baggage detected by sensor------------- 
Baggage weighs: 21.55 kg
baggage is on conveyor belt-------
---------baggage detected by sensor------------- 
Baggage weighs: 19.67 kg
baggage is on conveyor belt-------
---------baggage detected by sensor------------- 
Baggage weighs: 19.52 kg
baggage is on conveyor belt-------
---------baggage detected by sensor------------- 
Baggage weighs: 21.06 kg
baggage is on conveyor belt-------
---------baggage detected by sensor------------- 
Baggage weighs: 17.44 kg
baggage is on conveyor belt-------
---------baggage detected by sensor------------- 
Baggage weighs: 19.21 kg
baggage is on conveyor belt-------
---------baggage detected by sensor------------- 
Baggage weighs: 21.65 kg
baggage is on conveyor belt-------
---------baggage detected by sensor------------- 
Baggage weighs: 19.64 kg
baggage is on conveyor belt-------
---------baggage detected by sensor------------- 
Baggage weighs: 21.03 kg
baggage is on conveyor belt-------
---------baggage detected by sensor------------- 
Baggage weighs: 19.76 kg
baggage is on conveyor belt-------
---------baggage detected by sensor------------- 
Baggage weighs: 21.01 kg
baggage is on conveyor belt-------
---------baggage detected by sensor------------- 
Baggage weighs: 19.11 kg
baggage is on conveyor belt-------
---------baggage detected by sensor------------- 
Baggage weighs: 18.54 kg
baggage is on conveyor belt-------
---------baggage detected by sensor------------- 
Baggage weighs: 16.86 kg
baggage is on conveyor belt-------
---------baggage detected by sensor------------- 
Baggage weighs: 16.59 kg
baggage is on conveyor belt-------
---------baggage detected by sensor------------- 
Baggage weighs: 19.26 kg
baggage is on conveyor belt-------
---------baggage detected by sensor------------- 
Baggage weighs: 18.34 kg
baggage is on conveyor belt-------
---------baggage detected by sensor------------- 
Baggage weighs: 19.09 kg
baggage is on conveyor belt-------
---------baggage detected by sensor------------- 
Baggage weighs: 22.38 kg
baggage is on conveyor belt-------
---------baggage detected by sensor------------- 
Baggage weighs: 22.12 kg
baggage is on conveyor belt-------
---------baggage detected by sensor------------- 
Baggage weighs: 16.75 kg
baggage is on conveyor belt-------
---------baggage detected by sensor------------- 
Baggage weighs: 20.36 kg
baggage is on conveyor belt-------
---------baggage detected by sensor------------- 
Baggage weighs: 20.94 kg
baggage is on conveyor belt-------
---------baggage detected by sensor------------- 
Baggage weighs: 19.8 kg
baggage is on conveyor belt-------
---------baggage detected by sensor------------- 
Baggage weighs: 19.12 kg
baggage is on conveyor belt-------
---------baggage detected by sensor------------- 
Baggage weighs: 16.93 kg
baggage is on conveyor belt-------
---------baggage detected by sensor------------- 
Baggage weighs: 20.48 kg
baggage is on conveyor belt-------
---------baggage detected by sensor------------- 
Baggage weighs: 17.63 kg
baggage is on conveyor belt-------
---------baggage detected by sensor------------- 
Baggage weighs: 19.86 kg
baggage is on conveyor belt-------
---------baggage detected by sensor------------- 
Baggage weighs: 19.4 kg
baggage is on conveyor belt-------
---------baggage detected by sensor------------- 
Baggage weighs: 19.0 kg
baggage is on conveyor belt-------
---------baggage detected by sensor------------- 
Baggage weighs: 20.5 kg
baggage is on conveyor belt-------
---------baggage detected by sensor------------- 
Baggage weighs: 21.9 kg
baggage is on conveyor belt-------
---------baggage detected by sensor------------- 
Baggage weighs: 19.82 kg
baggage is on conveyor belt-------
---------baggage detected by sensor------------- 
Baggage weighs: 18.98 kg
baggage is on conveyor belt-------
---------baggage detected by sensor------------- 
Baggage weighs: 19.28 kg
baggage is on conveyor belt-------
---------baggage detected by sensor------------- 
Baggage weighs: 18.06 kg
baggage is on conveyor belt-------
---------baggage detected by sensor------------- 
Baggage weighs: 20.2 kg
baggage is on conveyor belt-------
---------baggage detected by sensor------------- 
Baggage weighs: 19.74 kg
baggage is on conveyor belt-------
---------baggage detected by sensor------------- 
Baggage weighs: 17.44 kg
baggage is on conveyor belt-------
---------baggage detected by sensor------------- 
Baggage weighs: 19.36 kg
baggage is on conveyor belt-------
---------baggage detected by sensor------------- 
Baggage weighs: 20.4 kg
baggage is on conveyor belt-------
---------baggage detected by sensor------------- 
Baggage weighs: 18.92 kg
baggage is on conveyor belt-------
---------baggage detected by sensor------------- 
Baggage weighs: 18.48 kg
baggage is on conveyor belt-------
---------baggage detected by sensor------------- 
Baggage weighs: 17.34 kg
baggage is on conveyor belt-------
---------baggage detected by sensor------------- 
Baggage weighs: 20.57 kg
baggage is on conveyor belt-------
---------baggage detected by sensor------------- 
Baggage weighs: 17.19 kg
baggage is on conveyor belt-------
---------baggage detected by sensor------------- 
Baggage weighs: 18.25 kg
baggage is on conveyor belt-------
---------baggage detected by sensor------------- 
Baggage weighs: 19.29 kg
baggage is on conveyor belt-------
---------baggage detected by sensor------------- 
Baggage weighs: 16.86 kg
baggage is on conveyor belt-------
---------baggage detected by sensor------------- 
Baggage weighs: 19.34 kg
baggage is on conveyor belt-------
---------baggage detected by sensor------------- 
Baggage weighs: 19.32 kg
baggage is on conveyor belt-------
---------baggage detected by sensor------------- 
Baggage weighs: 18.15 kg
baggage is on conveyor belt-------
---------baggage detected by sensor------------- 
Baggage weighs: 18.98 kg
baggage is on conveyor belt-------
---------baggage detected by sensor------------- 
Baggage weighs: 21.84 kg
baggage is on conveyor belt-------
---------baggage detected by sensor------------- 
Baggage weighs: 20.53 kg
baggage is on conveyor belt-------
---------baggage detected by sensor------------- 
Baggage weighs: 20.62 kg
baggage is on conveyor belt-------
---------baggage detected by sensor------------- 
Baggage weighs: 20.7 kg
baggage is on conveyor belt-------
---------baggage detected by sensor------------- 
Baggage weighs: 19.64 kg
baggage is on conveyor belt-------
---------baggage detected by sensor------------- 
Baggage weighs: 16.11 kg
baggage is on conveyor belt-------
---------baggage detected by sensor------------- 
Baggage weighs: 22.24 kg
baggage is on conveyor belt-------
---------baggage detected by sensor------------- 
Baggage weighs: 21.47 kg
baggage is on conveyor belt-------
---------baggage detected by sensor------------- 
Baggage weighs: 20.73 kg
baggage is on conveyor belt-------
---------baggage detected by sensor------------- 
Baggage weighs: 19.51 kg
baggage is on conveyor belt-------
---------baggage detected by sensor------------- 
Baggage weighs: 20.11 kg
baggage is on conveyor belt-------
---------baggage detected by sensor------------- 
Baggage weighs: 20.36 kg
baggage is on conveyor belt-------
---------baggage detected by sensor------------- 
Baggage weighs: 18.84 kg
baggage is on conveyor belt-------
---------baggage detected by sensor------------- 
Baggage weighs: 22.61 kg
baggage is on conveyor belt-------
---------baggage detected by sensor------------- 
Baggage weighs: 20.07 kg
baggage is on conveyor belt-------
---------baggage detected by sensor------------- 
Baggage weighs: 20.28 kg
baggage is on conveyor belt-------
---------baggage detected by sensor------------- 
Baggage weighs: 17.9 kg
baggage is on conveyor belt-------
---------baggage detected by sensor------------- 
Baggage weighs: 18.13 kg
baggage is on conveyor belt-------
---------baggage detected by sensor------------- 
Baggage weighs: 18.32 kg
baggage is on conveyor belt-------
---------baggage detected by sensor------------- 
Baggage weighs: 19.3 kg
baggage is on conveyor belt-------
---------baggage detected by sensor------------- 
Baggage weighs: 21.34 kg
baggage is on conveyor belt-------
---------baggage detected by sensor------------- 
Baggage weighs: 19.74 kg
baggage is on conveyor belt-------
---------baggage detected by sensor------------- 
Baggage weighs: 18.46 kg
baggage is on conveyor belt-------
---------baggage detected by sensor------------- 
Baggage weighs: 19.49 kg
baggage is on conveyor belt-------
---------baggage detected by sensor------------- 
Baggage weighs: 17.97 kg
baggage is on conveyor belt-------
---------baggage detected by sensor------------- 
Baggage weighs: 21.32 kg
baggage is on conveyor belt-------
---------baggage detected by sensor------------- 
Baggage weighs: 16.41 kg
baggage is on conveyor belt-------
---------baggage detected by sensor------------- 
Baggage weighs: 16.36 kg
baggage is on conveyor belt-------
---------baggage detected by sensor------------- 
Baggage weighs: 16.24 kg
baggage is on conveyor belt-------
---------baggage detected by sensor------------- 
Baggage weighs: 16.65 kg
baggage is on conveyor belt-------
---------baggage detected by sensor------------- 
Baggage weighs: 20.17 kg
baggage is on conveyor belt-------
---------baggage detected by sensor------------- 
Baggage weighs: 21.08 kg
baggage is on conveyor belt-------
---------baggage detected by sensor------------- 
Baggage weighs: 18.0 kg
baggage is on conveyor belt-------
---------baggage detected by sensor------------- 
Baggage weighs: 17.49 kg
baggage is on conveyor belt-------
---------baggage detected by sensor------------- 
Baggage weighs: 19.3 kg
baggage is on conveyor belt-------
---------baggage detected by sensor------------- 
Baggage weighs: 18.34 kg
baggage is on conveyor belt-------
---------baggage detected by sensor------------- 
Baggage weighs: 19.57 kg
baggage is on conveyor belt-------
---------baggage detected by sensor------------- 
Baggage weighs: 18.99 kg
baggage is on conveyor belt-------
---------baggage detected by sensor------------- 
Baggage weighs: 20.13 kg
baggage is on conveyor belt-------
---------baggage detected by sensor------------- 
Baggage weighs: 21.59 kg
baggage is on conveyor belt-------
---------baggage detected by sensor------------- 
Baggage weighs: 17.75 kg
baggage is on conveyor belt-------
---------baggage detected by sensor------------- 
Baggage weighs: 18.88 kg
baggage is on conveyor belt-------
---------baggage detected by sensor------------- 
Baggage weighs: 17.64 kg
baggage is on conveyor belt-------
---------baggage detected by sensor------------- 
Baggage weighs: 17.28 kg
baggage is on conveyor belt-------
---------baggage detected by sensor------------- 
Baggage weighs: 19.89 kg
baggage is on conveyor belt-------
---------baggage detected by sensor------------- 
Baggage weighs: 16.14 kg
baggage is on conveyor belt-------
---------baggage detected by sensor------------- 
Baggage weighs: 19.6 kg
baggage is on conveyor belt-------
---------baggage detected by sensor------------- 
Baggage weighs: 19.1 kg
baggage is on conveyor belt-------
---------baggage detected by sensor------------- 
Baggage weighs: 16.76 kg
baggage is on conveyor belt-------
---------baggage detected by sensor------------- 
Baggage weighs: 22.78 kg
baggage is on conveyor belt-------
---------baggage detected by sensor------------- 
Baggage weighs: 16.41 kg
baggage is on conveyor belt-------
---------baggage detected by sensor------------- 
Baggage weighs: 19.48 kg
baggage is on conveyor belt-------
---------baggage detected by sensor------------- 
Baggage weighs: 19.0 kg
baggage is on conveyor belt-------
---------baggage detected by sensor------------- 
Baggage weighs: 21.58 kg
baggage is on conveyor belt-------
---------baggage detected by sensor------------- 
Baggage weighs: 21.07 kg
baggage is on conveyor belt-------
---------baggage detected by sensor------------- 
Baggage weighs: 16.28 kg
baggage is on conveyor belt-------
---------baggage detected by sensor------------- 
Baggage weighs: 20.22 kg
baggage is on conveyor belt-------
---------baggage detected by sensor------------- 
Baggage weighs: 17.58 kg
baggage is on conveyor belt-------
---------baggage detected by sensor------------- 
Baggage weighs: 17.69 kg
baggage is on conveyor belt-------
---------baggage detected by sensor------------- 
Baggage weighs: 19.1 kg
baggage is on conveyor belt-------
---------baggage detected by sensor------------- 
Baggage weighs: 18.5 kg
Seat with ID: 38J has been reserved for you!

BOARDING PASS FOR ROSENDO STEPHENS
-----------------------------------------------------------------------------
LUFTHANSA                      dl6tqgirjhn0wm9 /  Rosendo Stephens
Rosendo Stephens                                     /  dl6tqgirjhn0wm9
FRA   LH2121   E  30.Oct                       /  FRA
HKG                                            /  HKG
SEAT ID: 38J                                   /  LH2121 E 30.Oct
SEQ: 214                                      / GATE: A05   22:00
MAX 1  HANDLUGGAGE/ LUGGAGE
-----------------------------------------------------------------------------
sorry Rosendo Stephens we have no voucher for you! Have a nice day!

---------------------------------------------------------------------------------------------------------------
scanning passport with passport id: F6I8RLFAF
searching for ticket in fast bag drop database..............
Ticket found for Myron Clements and Flight LH2121
----searching flight seat for Myron Clements---------
Found a seat with ID 38K
Below details were found in database
------------------------------------------
Name: Myron Clements
Flight ID: LH2121
Source: FRA
Destination: HKG
Gate No: A05
Boarding time: 22:00
Ticket ID: ue1d6z7ppbp7w2q
Booking Class: E
------------------------------------------

Proceed with check-in for flight LH2121 ?
Type YES to CHECK-IN or NO to cancel CHECK-IN
Myron Clements is deciding whether to check-in or to go back home and sleep............
YES CHECK-IN
Checking you in...............
baggage is on conveyor belt-------
---------baggage detected by sensor------------- 
Baggage weighs: 21.58 kg
baggage is on conveyor belt-------
---------baggage detected by sensor------------- 
Baggage weighs: 20.43 kg
baggage is on conveyor belt-------
---------baggage detected by sensor------------- 
Baggage weighs: 18.47 kg
baggage is on conveyor belt-------
---------baggage detected by sensor------------- 
Baggage weighs: 17.86 kg
baggage is on conveyor belt-------
---------baggage detected by sensor------------- 
Baggage weighs: 18.65 kg
baggage is on conveyor belt-------
---------baggage detected by sensor------------- 
Baggage weighs: 19.27 kg
baggage is on conveyor belt-------
---------baggage detected by sensor------------- 
Baggage weighs: 17.42 kg
baggage is on conveyor belt-------
---------baggage detected by sensor------------- 
Baggage weighs: 19.16 kg
baggage is on conveyor belt-------
---------baggage detected by sensor------------- 
Baggage weighs: 19.52 kg
baggage is on conveyor belt-------
---------baggage detected by sensor------------- 
Baggage weighs: 17.51 kg
baggage is on conveyor belt-------
---------baggage detected by sensor------------- 
Baggage weighs: 17.38 kg
baggage is on conveyor belt-------
---------baggage detected by sensor------------- 
Baggage weighs: 18.67 kg
baggage is on conveyor belt-------
---------baggage detected by sensor------------- 
Baggage weighs: 16.98 kg
baggage is on conveyor belt-------
---------baggage detected by sensor------------- 
Baggage weighs: 21.26 kg
baggage is on conveyor belt-------
---------baggage detected by sensor------------- 
Baggage weighs: 18.3 kg
baggage is on conveyor belt-------
---------baggage detected by sensor------------- 
Baggage weighs: 16.81 kg
baggage is on conveyor belt-------
---------baggage detected by sensor------------- 
Baggage weighs: 20.91 kg
baggage is on conveyor belt-------
---------baggage detected by sensor------------- 
Baggage weighs: 21.21 kg
baggage is on conveyor belt-------
---------baggage detected by sensor------------- 
Baggage weighs: 19.69 kg
baggage is on conveyor belt-------
---------baggage detected by sensor------------- 
Baggage weighs: 18.67 kg
baggage is on conveyor belt-------
---------baggage detected by sensor------------- 
Baggage weighs: 19.12 kg
baggage is on conveyor belt-------
---------baggage detected by sensor------------- 
Baggage weighs: 16.42 kg
baggage is on conveyor belt-------
---------baggage detected by sensor------------- 
Baggage weighs: 19.17 kg
baggage is on conveyor belt-------
---------baggage detected by sensor------------- 
Baggage weighs: 19.0 kg
baggage is on conveyor belt-------
---------baggage detected by sensor------------- 
Baggage weighs: 18.78 kg
baggage is on conveyor belt-------
---------baggage detected by sensor------------- 
Baggage weighs: 20.31 kg
baggage is on conveyor belt-------
---------baggage detected by sensor------------- 
Baggage weighs: 21.25 kg
baggage is on conveyor belt-------
---------baggage detected by sensor------------- 
Baggage weighs: 18.87 kg
baggage is on conveyor belt-------
---------baggage detected by sensor------------- 
Baggage weighs: 16.25 kg
baggage is on conveyor belt-------
---------baggage detected by sensor------------- 
Baggage weighs: 19.94 kg
baggage is on conveyor belt-------
---------baggage detected by sensor------------- 
Baggage weighs: 16.88 kg
baggage is on conveyor belt-------
---------baggage detected by sensor------------- 
Baggage weighs: 18.24 kg
baggage is on conveyor belt-------
---------baggage detected by sensor------------- 
Baggage weighs: 17.16 kg
baggage is on conveyor belt-------
---------baggage detected by sensor------------- 
Baggage weighs: 19.34 kg
baggage is on conveyor belt-------
---------baggage detected by sensor------------- 
Baggage weighs: 22.41 kg
baggage is on conveyor belt-------
---------baggage detected by sensor------------- 
Baggage weighs: 20.47 kg
baggage is on conveyor belt-------
---------baggage detected by sensor------------- 
Baggage weighs: 18.81 kg
baggage is on conveyor belt-------
---------baggage detected by sensor------------- 
Baggage weighs: 18.56 kg
baggage is on conveyor belt-------
---------baggage detected by sensor------------- 
Baggage weighs: 17.77 kg
baggage is on conveyor belt-------
---------baggage detected by sensor------------- 
Baggage weighs: 19.32 kg
baggage is on conveyor belt-------
---------baggage detected by sensor------------- 
Baggage weighs: 19.21 kg
baggage is on conveyor belt-------
---------baggage detected by sensor------------- 
Baggage weighs: 19.13 kg
baggage is on conveyor belt-------
---------baggage detected by sensor------------- 
Baggage weighs: 20.39 kg
baggage is on conveyor belt-------
---------baggage detected by sensor------------- 
Baggage weighs: 21.03 kg
baggage is on conveyor belt-------
---------baggage detected by sensor------------- 
Baggage weighs: 20.05 kg
baggage is on conveyor belt-------
---------baggage detected by sensor------------- 
Baggage weighs: 21.92 kg
baggage is on conveyor belt-------
---------baggage detected by sensor------------- 
Baggage weighs: 19.37 kg
baggage is on conveyor belt-------
---------baggage detected by sensor------------- 
Baggage weighs: 20.35 kg
baggage is on conveyor belt-------
---------baggage detected by sensor------------- 
Baggage weighs: 18.73 kg
baggage is on conveyor belt-------
---------baggage detected by sensor------------- 
Baggage weighs: 20.33 kg
baggage is on conveyor belt-------
---------baggage detected by sensor------------- 
Baggage weighs: 22.01 kg
baggage is on conveyor belt-------
---------baggage detected by sensor------------- 
Baggage weighs: 19.27 kg
baggage is on conveyor belt-------
---------baggage detected by sensor------------- 
Baggage weighs: 21.18 kg
baggage is on conveyor belt-------
---------baggage detected by sensor------------- 
Baggage weighs: 17.16 kg
baggage is on conveyor belt-------
---------baggage detected by sensor------------- 
Baggage weighs: 20.04 kg
baggage is on conveyor belt-------
---------baggage detected by sensor------------- 
Baggage weighs: 20.91 kg
baggage is on conveyor belt-------
---------baggage detected by sensor------------- 
Baggage weighs: 20.3 kg
baggage is on conveyor belt-------
---------baggage detected by sensor------------- 
Baggage weighs: 20.38 kg
baggage is on conveyor belt-------
---------baggage detected by sensor------------- 
Baggage weighs: 16.54 kg
baggage is on conveyor belt-------
---------baggage detected by sensor------------- 
Baggage weighs: 18.87 kg
baggage is on conveyor belt-------
---------baggage detected by sensor------------- 
Baggage weighs: 20.22 kg
baggage is on conveyor belt-------
---------baggage detected by sensor------------- 
Baggage weighs: 20.75 kg
baggage is on conveyor belt-------
---------baggage detected by sensor------------- 
Baggage weighs: 17.4 kg
baggage is on conveyor belt-------
---------baggage detected by sensor------------- 
Baggage weighs: 20.27 kg
baggage is on conveyor belt-------
---------baggage detected by sensor------------- 
Baggage weighs: 17.04 kg
baggage is on conveyor belt-------
---------baggage detected by sensor------------- 
Baggage weighs: 19.84 kg
baggage is on conveyor belt-------
---------baggage detected by sensor------------- 
Baggage weighs: 17.34 kg
baggage is on conveyor belt-------
---------baggage detected by sensor------------- 
Baggage weighs: 18.75 kg
baggage is on conveyor belt-------
---------baggage detected by sensor------------- 
Baggage weighs: 19.12 kg
baggage is on conveyor belt-------
---------baggage detected by sensor------------- 
Baggage weighs: 18.29 kg
baggage is on conveyor belt-------
---------baggage detected by sensor------------- 
Baggage weighs: 17.94 kg
baggage is on conveyor belt-------
---------baggage detected by sensor------------- 
Baggage weighs: 19.09 kg
baggage is on conveyor belt-------
---------baggage detected by sensor------------- 
Baggage weighs: 22.39 kg
baggage is on conveyor belt-------
---------baggage detected by sensor------------- 
Baggage weighs: 21.23 kg
baggage is on conveyor belt-------
---------baggage detected by sensor------------- 
Baggage weighs: 17.56 kg
baggage is on conveyor belt-------
---------baggage detected by sensor------------- 
Baggage weighs: 18.37 kg
baggage is on conveyor belt-------
---------baggage detected by sensor------------- 
Baggage weighs: 21.4 kg
baggage is on conveyor belt-------
---------baggage detected by sensor------------- 
Baggage weighs: 20.25 kg
baggage is on conveyor belt-------
---------baggage detected by sensor------------- 
Baggage weighs: 23.0 kg
baggage is on conveyor belt-------
---------baggage detected by sensor------------- 
Baggage weighs: 17.01 kg
baggage is on conveyor belt-------
---------baggage detected by sensor------------- 
Baggage weighs: 17.39 kg
baggage is on conveyor belt-------
---------baggage detected by sensor------------- 
Baggage weighs: 16.7 kg
baggage is on conveyor belt-------
---------baggage detected by sensor------------- 
Baggage weighs: 16.23 kg
baggage is on conveyor belt-------
---------baggage detected by sensor------------- 
Baggage weighs: 19.13 kg
baggage is on conveyor belt-------
---------baggage detected by sensor------------- 
Baggage weighs: 21.07 kg
baggage is on conveyor belt-------
---------baggage detected by sensor------------- 
Baggage weighs: 17.87 kg
baggage is on conveyor belt-------
---------baggage detected by sensor------------- 
Baggage weighs: 19.92 kg
baggage is on conveyor belt-------
---------baggage detected by sensor------------- 
Baggage weighs: 19.22 kg
baggage is on conveyor belt-------
---------baggage detected by sensor------------- 
Baggage weighs: 21.53 kg
baggage is on conveyor belt-------
---------baggage detected by sensor------------- 
Baggage weighs: 20.29 kg
baggage is on conveyor belt-------
---------baggage detected by sensor------------- 
Baggage weighs: 19.32 kg
baggage is on conveyor belt-------
---------baggage detected by sensor------------- 
Baggage weighs: 17.25 kg
baggage is on conveyor belt-------
---------baggage detected by sensor------------- 
Baggage weighs: 21.3 kg
baggage is on conveyor belt-------
---------baggage detected by sensor------------- 
Baggage weighs: 16.79 kg
baggage is on conveyor belt-------
---------baggage detected by sensor------------- 
Baggage weighs: 19.55 kg
baggage is on conveyor belt-------
---------baggage detected by sensor------------- 
Baggage weighs: 18.88 kg
baggage is on conveyor belt-------
---------baggage detected by sensor------------- 
Baggage weighs: 22.33 kg
baggage is on conveyor belt-------
---------baggage detected by sensor------------- 
Baggage weighs: 20.62 kg
baggage is on conveyor belt-------
---------baggage detected by sensor------------- 
Baggage weighs: 19.42 kg
baggage is on conveyor belt-------
---------baggage detected by sensor------------- 
Baggage weighs: 17.54 kg
baggage is on conveyor belt-------
---------baggage detected by sensor------------- 
Baggage weighs: 21.51 kg
baggage is on conveyor belt-------
---------baggage detected by sensor------------- 
Baggage weighs: 19.46 kg
baggage is on conveyor belt-------
---------baggage detected by sensor------------- 
Baggage weighs: 17.83 kg
baggage is on conveyor belt-------
---------baggage detected by sensor------------- 
Baggage weighs: 17.75 kg
baggage is on conveyor belt-------
---------baggage detected by sensor------------- 
Baggage weighs: 17.44 kg
baggage is on conveyor belt-------
---------baggage detected by sensor------------- 
Baggage weighs: 19.53 kg
baggage is on conveyor belt-------
---------baggage detected by sensor------------- 
Baggage weighs: 17.51 kg
baggage is on conveyor belt-------
---------baggage detected by sensor------------- 
Baggage weighs: 18.2 kg
baggage is on conveyor belt-------
---------baggage detected by sensor------------- 
Baggage weighs: 21.55 kg
baggage is on conveyor belt-------
---------baggage detected by sensor------------- 
Baggage weighs: 19.67 kg
baggage is on conveyor belt-------
---------baggage detected by sensor------------- 
Baggage weighs: 19.52 kg
baggage is on conveyor belt-------
---------baggage detected by sensor------------- 
Baggage weighs: 21.06 kg
baggage is on conveyor belt-------
---------baggage detected by sensor------------- 
Baggage weighs: 17.44 kg
baggage is on conveyor belt-------
---------baggage detected by sensor------------- 
Baggage weighs: 19.21 kg
baggage is on conveyor belt-------
---------baggage detected by sensor------------- 
Baggage weighs: 21.65 kg
baggage is on conveyor belt-------
---------baggage detected by sensor------------- 
Baggage weighs: 19.64 kg
baggage is on conveyor belt-------
---------baggage detected by sensor------------- 
Baggage weighs: 21.03 kg
baggage is on conveyor belt-------
---------baggage detected by sensor------------- 
Baggage weighs: 19.76 kg
baggage is on conveyor belt-------
---------baggage detected by sensor------------- 
Baggage weighs: 21.01 kg
baggage is on conveyor belt-------
---------baggage detected by sensor------------- 
Baggage weighs: 19.11 kg
baggage is on conveyor belt-------
---------baggage detected by sensor------------- 
Baggage weighs: 18.54 kg
baggage is on conveyor belt-------
---------baggage detected by sensor------------- 
Baggage weighs: 16.86 kg
baggage is on conveyor belt-------
---------baggage detected by sensor------------- 
Baggage weighs: 16.59 kg
baggage is on conveyor belt-------
---------baggage detected by sensor------------- 
Baggage weighs: 19.26 kg
baggage is on conveyor belt-------
---------baggage detected by sensor------------- 
Baggage weighs: 18.34 kg
baggage is on conveyor belt-------
---------baggage detected by sensor------------- 
Baggage weighs: 19.09 kg
baggage is on conveyor belt-------
---------baggage detected by sensor------------- 
Baggage weighs: 22.38 kg
baggage is on conveyor belt-------
---------baggage detected by sensor------------- 
Baggage weighs: 22.12 kg
baggage is on conveyor belt-------
---------baggage detected by sensor------------- 
Baggage weighs: 16.75 kg
baggage is on conveyor belt-------
---------baggage detected by sensor------------- 
Baggage weighs: 20.36 kg
baggage is on conveyor belt-------
---------baggage detected by sensor------------- 
Baggage weighs: 20.94 kg
baggage is on conveyor belt-------
---------baggage detected by sensor------------- 
Baggage weighs: 19.8 kg
baggage is on conveyor belt-------
---------baggage detected by sensor------------- 
Baggage weighs: 19.12 kg
baggage is on conveyor belt-------
---------baggage detected by sensor------------- 
Baggage weighs: 16.93 kg
baggage is on conveyor belt-------
---------baggage detected by sensor------------- 
Baggage weighs: 20.48 kg
baggage is on conveyor belt-------
---------baggage detected by sensor------------- 
Baggage weighs: 17.63 kg
baggage is on conveyor belt-------
---------baggage detected by sensor------------- 
Baggage weighs: 19.86 kg
baggage is on conveyor belt-------
---------baggage detected by sensor------------- 
Baggage weighs: 19.4 kg
baggage is on conveyor belt-------
---------baggage detected by sensor------------- 
Baggage weighs: 19.0 kg
baggage is on conveyor belt-------
---------baggage detected by sensor------------- 
Baggage weighs: 20.5 kg
baggage is on conveyor belt-------
---------baggage detected by sensor------------- 
Baggage weighs: 21.9 kg
baggage is on conveyor belt-------
---------baggage detected by sensor------------- 
Baggage weighs: 19.82 kg
baggage is on conveyor belt-------
---------baggage detected by sensor------------- 
Baggage weighs: 18.98 kg
baggage is on conveyor belt-------
---------baggage detected by sensor------------- 
Baggage weighs: 19.28 kg
baggage is on conveyor belt-------
---------baggage detected by sensor------------- 
Baggage weighs: 18.06 kg
baggage is on conveyor belt-------
---------baggage detected by sensor------------- 
Baggage weighs: 20.2 kg
baggage is on conveyor belt-------
---------baggage detected by sensor------------- 
Baggage weighs: 19.74 kg
baggage is on conveyor belt-------
---------baggage detected by sensor------------- 
Baggage weighs: 17.44 kg
baggage is on conveyor belt-------
---------baggage detected by sensor------------- 
Baggage weighs: 19.36 kg
baggage is on conveyor belt-------
---------baggage detected by sensor------------- 
Baggage weighs: 20.4 kg
baggage is on conveyor belt-------
---------baggage detected by sensor------------- 
Baggage weighs: 18.92 kg
baggage is on conveyor belt-------
---------baggage detected by sensor------------- 
Baggage weighs: 18.48 kg
baggage is on conveyor belt-------
---------baggage detected by sensor------------- 
Baggage weighs: 17.34 kg
baggage is on conveyor belt-------
---------baggage detected by sensor------------- 
Baggage weighs: 20.57 kg
baggage is on conveyor belt-------
---------baggage detected by sensor------------- 
Baggage weighs: 17.19 kg
baggage is on conveyor belt-------
---------baggage detected by sensor------------- 
Baggage weighs: 18.25 kg
baggage is on conveyor belt-------
---------baggage detected by sensor------------- 
Baggage weighs: 19.29 kg
baggage is on conveyor belt-------
---------baggage detected by sensor------------- 
Baggage weighs: 16.86 kg
baggage is on conveyor belt-------
---------baggage detected by sensor------------- 
Baggage weighs: 19.34 kg
baggage is on conveyor belt-------
---------baggage detected by sensor------------- 
Baggage weighs: 19.32 kg
baggage is on conveyor belt-------
---------baggage detected by sensor------------- 
Baggage weighs: 18.15 kg
baggage is on conveyor belt-------
---------baggage detected by sensor------------- 
Baggage weighs: 18.98 kg
baggage is on conveyor belt-------
---------baggage detected by sensor------------- 
Baggage weighs: 21.84 kg
baggage is on conveyor belt-------
---------baggage detected by sensor------------- 
Baggage weighs: 20.53 kg
baggage is on conveyor belt-------
---------baggage detected by sensor------------- 
Baggage weighs: 20.62 kg
baggage is on conveyor belt-------
---------baggage detected by sensor------------- 
Baggage weighs: 20.7 kg
baggage is on conveyor belt-------
---------baggage detected by sensor------------- 
Baggage weighs: 19.64 kg
baggage is on conveyor belt-------
---------baggage detected by sensor------------- 
Baggage weighs: 16.11 kg
baggage is on conveyor belt-------
---------baggage detected by sensor------------- 
Baggage weighs: 22.24 kg
baggage is on conveyor belt-------
---------baggage detected by sensor------------- 
Baggage weighs: 21.47 kg
baggage is on conveyor belt-------
---------baggage detected by sensor------------- 
Baggage weighs: 20.73 kg
baggage is on conveyor belt-------
---------baggage detected by sensor------------- 
Baggage weighs: 19.51 kg
baggage is on conveyor belt-------
---------baggage detected by sensor------------- 
Baggage weighs: 20.11 kg
baggage is on conveyor belt-------
---------baggage detected by sensor------------- 
Baggage weighs: 20.36 kg
baggage is on conveyor belt-------
---------baggage detected by sensor------------- 
Baggage weighs: 18.84 kg
baggage is on conveyor belt-------
---------baggage detected by sensor------------- 
Baggage weighs: 22.61 kg
baggage is on conveyor belt-------
---------baggage detected by sensor------------- 
Baggage weighs: 20.07 kg
baggage is on conveyor belt-------
---------baggage detected by sensor------------- 
Baggage weighs: 20.28 kg
baggage is on conveyor belt-------
---------baggage detected by sensor------------- 
Baggage weighs: 17.9 kg
baggage is on conveyor belt-------
---------baggage detected by sensor------------- 
Baggage weighs: 18.13 kg
baggage is on conveyor belt-------
---------baggage detected by sensor------------- 
Baggage weighs: 18.32 kg
baggage is on conveyor belt-------
---------baggage detected by sensor------------- 
Baggage weighs: 19.3 kg
baggage is on conveyor belt-------
---------baggage detected by sensor------------- 
Baggage weighs: 21.34 kg
baggage is on conveyor belt-------
---------baggage detected by sensor------------- 
Baggage weighs: 19.74 kg
baggage is on conveyor belt-------
---------baggage detected by sensor------------- 
Baggage weighs: 18.46 kg
baggage is on conveyor belt-------
---------baggage detected by sensor------------- 
Baggage weighs: 19.49 kg
baggage is on conveyor belt-------
---------baggage detected by sensor------------- 
Baggage weighs: 17.97 kg
baggage is on conveyor belt-------
---------baggage detected by sensor------------- 
Baggage weighs: 21.32 kg
baggage is on conveyor belt-------
---------baggage detected by sensor------------- 
Baggage weighs: 16.41 kg
baggage is on conveyor belt-------
---------baggage detected by sensor------------- 
Baggage weighs: 16.36 kg
baggage is on conveyor belt-------
---------baggage detected by sensor------------- 
Baggage weighs: 16.24 kg
baggage is on conveyor belt-------
---------baggage detected by sensor------------- 
Baggage weighs: 16.65 kg
baggage is on conveyor belt-------
---------baggage detected by sensor------------- 
Baggage weighs: 20.17 kg
baggage is on conveyor belt-------
---------baggage detected by sensor------------- 
Baggage weighs: 21.08 kg
baggage is on conveyor belt-------
---------baggage detected by sensor------------- 
Baggage weighs: 18.0 kg
baggage is on conveyor belt-------
---------baggage detected by sensor------------- 
Baggage weighs: 17.49 kg
baggage is on conveyor belt-------
---------baggage detected by sensor------------- 
Baggage weighs: 19.3 kg
baggage is on conveyor belt-------
---------baggage detected by sensor------------- 
Baggage weighs: 18.34 kg
baggage is on conveyor belt-------
---------baggage detected by sensor------------- 
Baggage weighs: 19.57 kg
baggage is on conveyor belt-------
---------baggage detected by sensor------------- 
Baggage weighs: 18.99 kg
baggage is on conveyor belt-------
---------baggage detected by sensor------------- 
Baggage weighs: 20.13 kg
baggage is on conveyor belt-------
---------baggage detected by sensor------------- 
Baggage weighs: 21.59 kg
baggage is on conveyor belt-------
---------baggage detected by sensor------------- 
Baggage weighs: 17.75 kg
baggage is on conveyor belt-------
---------baggage detected by sensor------------- 
Baggage weighs: 18.88 kg
baggage is on conveyor belt-------
---------baggage detected by sensor------------- 
Baggage weighs: 17.64 kg
baggage is on conveyor belt-------
---------baggage detected by sensor------------- 
Baggage weighs: 17.28 kg
baggage is on conveyor belt-------
---------baggage detected by sensor------------- 
Baggage weighs: 19.89 kg
baggage is on conveyor belt-------
---------baggage detected by sensor------------- 
Baggage weighs: 16.14 kg
baggage is on conveyor belt-------
---------baggage detected by sensor------------- 
Baggage weighs: 19.6 kg
baggage is on conveyor belt-------
---------baggage detected by sensor------------- 
Baggage weighs: 19.1 kg
baggage is on conveyor belt-------
---------baggage detected by sensor------------- 
Baggage weighs: 16.76 kg
baggage is on conveyor belt-------
---------baggage detected by sensor------------- 
Baggage weighs: 22.78 kg
baggage is on conveyor belt-------
---------baggage detected by sensor------------- 
Baggage weighs: 16.41 kg
baggage is on conveyor belt-------
---------baggage detected by sensor------------- 
Baggage weighs: 19.48 kg
baggage is on conveyor belt-------
---------baggage detected by sensor------------- 
Baggage weighs: 19.0 kg
baggage is on conveyor belt-------
---------baggage detected by sensor------------- 
Baggage weighs: 21.58 kg
baggage is on conveyor belt-------
---------baggage detected by sensor------------- 
Baggage weighs: 21.07 kg
baggage is on conveyor belt-------
---------baggage detected by sensor------------- 
Baggage weighs: 16.28 kg
baggage is on conveyor belt-------
---------baggage detected by sensor------------- 
Baggage weighs: 20.22 kg
baggage is on conveyor belt-------
---------baggage detected by sensor------------- 
Baggage weighs: 17.58 kg
baggage is on conveyor belt-------
---------baggage detected by sensor------------- 
Baggage weighs: 17.69 kg
baggage is on conveyor belt-------
---------baggage detected by sensor------------- 
Baggage weighs: 19.1 kg
baggage is on conveyor belt-------
---------baggage detected by sensor------------- 
Baggage weighs: 18.5 kg
baggage is on conveyor belt-------
---------baggage detected by sensor------------- 
Baggage weighs: 19.06 kg
Seat with ID: 38K has been reserved for you!

BOARDING PASS FOR MYRON CLEMENTS
-----------------------------------------------------------------------------
LUFTHANSA                      ue1d6z7ppbp7w2q /  Myron Clements
Myron Clements                                     /  ue1d6z7ppbp7w2q
FRA   LH2121   E  30.Oct                       /  FRA
HKG                                            /  HKG
SEAT ID: 38K                                   /  LH2121 E 30.Oct
SEQ: 215                                      / GATE: A05   22:00
MAX 1  HANDLUGGAGE/ LUGGAGE
-----------------------------------------------------------------------------
sorry Myron Clements we have no voucher for you! Have a nice day!

---------------------------------------------------------------------------------------------------------------
scanning passport with passport id: KRH2V5UAX
searching for ticket in fast bag drop database..............
Ticket found for Dirk Norris and Flight LH2121
----searching flight seat for Dirk Norris---------
Found a seat with ID 39A
Below details were found in database
------------------------------------------
Name: Dirk Norris
Flight ID: LH2121
Source: FRA
Destination: HKG
Gate No: A05
Boarding time: 22:00
Ticket ID: xkrldoh5nr2nwcv
Booking Class: E
------------------------------------------

Proceed with check-in for flight LH2121 ?
Type YES to CHECK-IN or NO to cancel CHECK-IN
Dirk Norris is deciding whether to check-in or to go back home and sleep............
YES CHECK-IN
Checking you in...............
baggage is on conveyor belt-------
---------baggage detected by sensor------------- 
Baggage weighs: 21.58 kg
baggage is on conveyor belt-------
---------baggage detected by sensor------------- 
Baggage weighs: 20.43 kg
baggage is on conveyor belt-------
---------baggage detected by sensor------------- 
Baggage weighs: 18.47 kg
baggage is on conveyor belt-------
---------baggage detected by sensor------------- 
Baggage weighs: 17.86 kg
baggage is on conveyor belt-------
---------baggage detected by sensor------------- 
Baggage weighs: 18.65 kg
baggage is on conveyor belt-------
---------baggage detected by sensor------------- 
Baggage weighs: 19.27 kg
baggage is on conveyor belt-------
---------baggage detected by sensor------------- 
Baggage weighs: 17.42 kg
baggage is on conveyor belt-------
---------baggage detected by sensor------------- 
Baggage weighs: 19.16 kg
baggage is on conveyor belt-------
---------baggage detected by sensor------------- 
Baggage weighs: 19.52 kg
baggage is on conveyor belt-------
---------baggage detected by sensor------------- 
Baggage weighs: 17.51 kg
baggage is on conveyor belt-------
---------baggage detected by sensor------------- 
Baggage weighs: 17.38 kg
baggage is on conveyor belt-------
---------baggage detected by sensor------------- 
Baggage weighs: 18.67 kg
baggage is on conveyor belt-------
---------baggage detected by sensor------------- 
Baggage weighs: 16.98 kg
baggage is on conveyor belt-------
---------baggage detected by sensor------------- 
Baggage weighs: 21.26 kg
baggage is on conveyor belt-------
---------baggage detected by sensor------------- 
Baggage weighs: 18.3 kg
baggage is on conveyor belt-------
---------baggage detected by sensor------------- 
Baggage weighs: 16.81 kg
baggage is on conveyor belt-------
---------baggage detected by sensor------------- 
Baggage weighs: 20.91 kg
baggage is on conveyor belt-------
---------baggage detected by sensor------------- 
Baggage weighs: 21.21 kg
baggage is on conveyor belt-------
---------baggage detected by sensor------------- 
Baggage weighs: 19.69 kg
baggage is on conveyor belt-------
---------baggage detected by sensor------------- 
Baggage weighs: 18.67 kg
baggage is on conveyor belt-------
---------baggage detected by sensor------------- 
Baggage weighs: 19.12 kg
baggage is on conveyor belt-------
---------baggage detected by sensor------------- 
Baggage weighs: 16.42 kg
baggage is on conveyor belt-------
---------baggage detected by sensor------------- 
Baggage weighs: 19.17 kg
baggage is on conveyor belt-------
---------baggage detected by sensor------------- 
Baggage weighs: 19.0 kg
baggage is on conveyor belt-------
---------baggage detected by sensor------------- 
Baggage weighs: 18.78 kg
baggage is on conveyor belt-------
---------baggage detected by sensor------------- 
Baggage weighs: 20.31 kg
baggage is on conveyor belt-------
---------baggage detected by sensor------------- 
Baggage weighs: 21.25 kg
baggage is on conveyor belt-------
---------baggage detected by sensor------------- 
Baggage weighs: 18.87 kg
baggage is on conveyor belt-------
---------baggage detected by sensor------------- 
Baggage weighs: 16.25 kg
baggage is on conveyor belt-------
---------baggage detected by sensor------------- 
Baggage weighs: 19.94 kg
baggage is on conveyor belt-------
---------baggage detected by sensor------------- 
Baggage weighs: 16.88 kg
baggage is on conveyor belt-------
---------baggage detected by sensor------------- 
Baggage weighs: 18.24 kg
baggage is on conveyor belt-------
---------baggage detected by sensor------------- 
Baggage weighs: 17.16 kg
baggage is on conveyor belt-------
---------baggage detected by sensor------------- 
Baggage weighs: 19.34 kg
baggage is on conveyor belt-------
---------baggage detected by sensor------------- 
Baggage weighs: 22.41 kg
baggage is on conveyor belt-------
---------baggage detected by sensor------------- 
Baggage weighs: 20.47 kg
baggage is on conveyor belt-------
---------baggage detected by sensor------------- 
Baggage weighs: 18.81 kg
baggage is on conveyor belt-------
---------baggage detected by sensor------------- 
Baggage weighs: 18.56 kg
baggage is on conveyor belt-------
---------baggage detected by sensor------------- 
Baggage weighs: 17.77 kg
baggage is on conveyor belt-------
---------baggage detected by sensor------------- 
Baggage weighs: 19.32 kg
baggage is on conveyor belt-------
---------baggage detected by sensor------------- 
Baggage weighs: 19.21 kg
baggage is on conveyor belt-------
---------baggage detected by sensor------------- 
Baggage weighs: 19.13 kg
baggage is on conveyor belt-------
---------baggage detected by sensor------------- 
Baggage weighs: 20.39 kg
baggage is on conveyor belt-------
---------baggage detected by sensor------------- 
Baggage weighs: 21.03 kg
baggage is on conveyor belt-------
---------baggage detected by sensor------------- 
Baggage weighs: 20.05 kg
baggage is on conveyor belt-------
---------baggage detected by sensor------------- 
Baggage weighs: 21.92 kg
baggage is on conveyor belt-------
---------baggage detected by sensor------------- 
Baggage weighs: 19.37 kg
baggage is on conveyor belt-------
---------baggage detected by sensor------------- 
Baggage weighs: 20.35 kg
baggage is on conveyor belt-------
---------baggage detected by sensor------------- 
Baggage weighs: 18.73 kg
baggage is on conveyor belt-------
---------baggage detected by sensor------------- 
Baggage weighs: 20.33 kg
baggage is on conveyor belt-------
---------baggage detected by sensor------------- 
Baggage weighs: 22.01 kg
baggage is on conveyor belt-------
---------baggage detected by sensor------------- 
Baggage weighs: 19.27 kg
baggage is on conveyor belt-------
---------baggage detected by sensor------------- 
Baggage weighs: 21.18 kg
baggage is on conveyor belt-------
---------baggage detected by sensor------------- 
Baggage weighs: 17.16 kg
baggage is on conveyor belt-------
---------baggage detected by sensor------------- 
Baggage weighs: 20.04 kg
baggage is on conveyor belt-------
---------baggage detected by sensor------------- 
Baggage weighs: 20.91 kg
baggage is on conveyor belt-------
---------baggage detected by sensor------------- 
Baggage weighs: 20.3 kg
baggage is on conveyor belt-------
---------baggage detected by sensor------------- 
Baggage weighs: 20.38 kg
baggage is on conveyor belt-------
---------baggage detected by sensor------------- 
Baggage weighs: 16.54 kg
baggage is on conveyor belt-------
---------baggage detected by sensor------------- 
Baggage weighs: 18.87 kg
baggage is on conveyor belt-------
---------baggage detected by sensor------------- 
Baggage weighs: 20.22 kg
baggage is on conveyor belt-------
---------baggage detected by sensor------------- 
Baggage weighs: 20.75 kg
baggage is on conveyor belt-------
---------baggage detected by sensor------------- 
Baggage weighs: 17.4 kg
baggage is on conveyor belt-------
---------baggage detected by sensor------------- 
Baggage weighs: 20.27 kg
baggage is on conveyor belt-------
---------baggage detected by sensor------------- 
Baggage weighs: 17.04 kg
baggage is on conveyor belt-------
---------baggage detected by sensor------------- 
Baggage weighs: 19.84 kg
baggage is on conveyor belt-------
---------baggage detected by sensor------------- 
Baggage weighs: 17.34 kg
baggage is on conveyor belt-------
---------baggage detected by sensor------------- 
Baggage weighs: 18.75 kg
baggage is on conveyor belt-------
---------baggage detected by sensor------------- 
Baggage weighs: 19.12 kg
baggage is on conveyor belt-------
---------baggage detected by sensor------------- 
Baggage weighs: 18.29 kg
baggage is on conveyor belt-------
---------baggage detected by sensor------------- 
Baggage weighs: 17.94 kg
baggage is on conveyor belt-------
---------baggage detected by sensor------------- 
Baggage weighs: 19.09 kg
baggage is on conveyor belt-------
---------baggage detected by sensor------------- 
Baggage weighs: 22.39 kg
baggage is on conveyor belt-------
---------baggage detected by sensor------------- 
Baggage weighs: 21.23 kg
baggage is on conveyor belt-------
---------baggage detected by sensor------------- 
Baggage weighs: 17.56 kg
baggage is on conveyor belt-------
---------baggage detected by sensor------------- 
Baggage weighs: 18.37 kg
baggage is on conveyor belt-------
---------baggage detected by sensor------------- 
Baggage weighs: 21.4 kg
baggage is on conveyor belt-------
---------baggage detected by sensor------------- 
Baggage weighs: 20.25 kg
baggage is on conveyor belt-------
---------baggage detected by sensor------------- 
Baggage weighs: 23.0 kg
baggage is on conveyor belt-------
---------baggage detected by sensor------------- 
Baggage weighs: 17.01 kg
baggage is on conveyor belt-------
---------baggage detected by sensor------------- 
Baggage weighs: 17.39 kg
baggage is on conveyor belt-------
---------baggage detected by sensor------------- 
Baggage weighs: 16.7 kg
baggage is on conveyor belt-------
---------baggage detected by sensor------------- 
Baggage weighs: 16.23 kg
baggage is on conveyor belt-------
---------baggage detected by sensor------------- 
Baggage weighs: 19.13 kg
baggage is on conveyor belt-------
---------baggage detected by sensor------------- 
Baggage weighs: 21.07 kg
baggage is on conveyor belt-------
---------baggage detected by sensor------------- 
Baggage weighs: 17.87 kg
baggage is on conveyor belt-------
---------baggage detected by sensor------------- 
Baggage weighs: 19.92 kg
baggage is on conveyor belt-------
---------baggage detected by sensor------------- 
Baggage weighs: 19.22 kg
baggage is on conveyor belt-------
---------baggage detected by sensor------------- 
Baggage weighs: 21.53 kg
baggage is on conveyor belt-------
---------baggage detected by sensor------------- 
Baggage weighs: 20.29 kg
baggage is on conveyor belt-------
---------baggage detected by sensor------------- 
Baggage weighs: 19.32 kg
baggage is on conveyor belt-------
---------baggage detected by sensor------------- 
Baggage weighs: 17.25 kg
baggage is on conveyor belt-------
---------baggage detected by sensor------------- 
Baggage weighs: 21.3 kg
baggage is on conveyor belt-------
---------baggage detected by sensor------------- 
Baggage weighs: 16.79 kg
baggage is on conveyor belt-------
---------baggage detected by sensor------------- 
Baggage weighs: 19.55 kg
baggage is on conveyor belt-------
---------baggage detected by sensor------------- 
Baggage weighs: 18.88 kg
baggage is on conveyor belt-------
---------baggage detected by sensor------------- 
Baggage weighs: 22.33 kg
baggage is on conveyor belt-------
---------baggage detected by sensor------------- 
Baggage weighs: 20.62 kg
baggage is on conveyor belt-------
---------baggage detected by sensor------------- 
Baggage weighs: 19.42 kg
baggage is on conveyor belt-------
---------baggage detected by sensor------------- 
Baggage weighs: 17.54 kg
baggage is on conveyor belt-------
---------baggage detected by sensor------------- 
Baggage weighs: 21.51 kg
baggage is on conveyor belt-------
---------baggage detected by sensor------------- 
Baggage weighs: 19.46 kg
baggage is on conveyor belt-------
---------baggage detected by sensor------------- 
Baggage weighs: 17.83 kg
baggage is on conveyor belt-------
---------baggage detected by sensor------------- 
Baggage weighs: 17.75 kg
baggage is on conveyor belt-------
---------baggage detected by sensor------------- 
Baggage weighs: 17.44 kg
baggage is on conveyor belt-------
---------baggage detected by sensor------------- 
Baggage weighs: 19.53 kg
baggage is on conveyor belt-------
---------baggage detected by sensor------------- 
Baggage weighs: 17.51 kg
baggage is on conveyor belt-------
---------baggage detected by sensor------------- 
Baggage weighs: 18.2 kg
baggage is on conveyor belt-------
---------baggage detected by sensor------------- 
Baggage weighs: 21.55 kg
baggage is on conveyor belt-------
---------baggage detected by sensor------------- 
Baggage weighs: 19.67 kg
baggage is on conveyor belt-------
---------baggage detected by sensor------------- 
Baggage weighs: 19.52 kg
baggage is on conveyor belt-------
---------baggage detected by sensor------------- 
Baggage weighs: 21.06 kg
baggage is on conveyor belt-------
---------baggage detected by sensor------------- 
Baggage weighs: 17.44 kg
baggage is on conveyor belt-------
---------baggage detected by sensor------------- 
Baggage weighs: 19.21 kg
baggage is on conveyor belt-------
---------baggage detected by sensor------------- 
Baggage weighs: 21.65 kg
baggage is on conveyor belt-------
---------baggage detected by sensor------------- 
Baggage weighs: 19.64 kg
baggage is on conveyor belt-------
---------baggage detected by sensor------------- 
Baggage weighs: 21.03 kg
baggage is on conveyor belt-------
---------baggage detected by sensor------------- 
Baggage weighs: 19.76 kg
baggage is on conveyor belt-------
---------baggage detected by sensor------------- 
Baggage weighs: 21.01 kg
baggage is on conveyor belt-------
---------baggage detected by sensor------------- 
Baggage weighs: 19.11 kg
baggage is on conveyor belt-------
---------baggage detected by sensor------------- 
Baggage weighs: 18.54 kg
baggage is on conveyor belt-------
---------baggage detected by sensor------------- 
Baggage weighs: 16.86 kg
baggage is on conveyor belt-------
---------baggage detected by sensor------------- 
Baggage weighs: 16.59 kg
baggage is on conveyor belt-------
---------baggage detected by sensor------------- 
Baggage weighs: 19.26 kg
baggage is on conveyor belt-------
---------baggage detected by sensor------------- 
Baggage weighs: 18.34 kg
baggage is on conveyor belt-------
---------baggage detected by sensor------------- 
Baggage weighs: 19.09 kg
baggage is on conveyor belt-------
---------baggage detected by sensor------------- 
Baggage weighs: 22.38 kg
baggage is on conveyor belt-------
---------baggage detected by sensor------------- 
Baggage weighs: 22.12 kg
baggage is on conveyor belt-------
---------baggage detected by sensor------------- 
Baggage weighs: 16.75 kg
baggage is on conveyor belt-------
---------baggage detected by sensor------------- 
Baggage weighs: 20.36 kg
baggage is on conveyor belt-------
---------baggage detected by sensor------------- 
Baggage weighs: 20.94 kg
baggage is on conveyor belt-------
---------baggage detected by sensor------------- 
Baggage weighs: 19.8 kg
baggage is on conveyor belt-------
---------baggage detected by sensor------------- 
Baggage weighs: 19.12 kg
baggage is on conveyor belt-------
---------baggage detected by sensor------------- 
Baggage weighs: 16.93 kg
baggage is on conveyor belt-------
---------baggage detected by sensor------------- 
Baggage weighs: 20.48 kg
baggage is on conveyor belt-------
---------baggage detected by sensor------------- 
Baggage weighs: 17.63 kg
baggage is on conveyor belt-------
---------baggage detected by sensor------------- 
Baggage weighs: 19.86 kg
baggage is on conveyor belt-------
---------baggage detected by sensor------------- 
Baggage weighs: 19.4 kg
baggage is on conveyor belt-------
---------baggage detected by sensor------------- 
Baggage weighs: 19.0 kg
baggage is on conveyor belt-------
---------baggage detected by sensor------------- 
Baggage weighs: 20.5 kg
baggage is on conveyor belt-------
---------baggage detected by sensor------------- 
Baggage weighs: 21.9 kg
baggage is on conveyor belt-------
---------baggage detected by sensor------------- 
Baggage weighs: 19.82 kg
baggage is on conveyor belt-------
---------baggage detected by sensor------------- 
Baggage weighs: 18.98 kg
baggage is on conveyor belt-------
---------baggage detected by sensor------------- 
Baggage weighs: 19.28 kg
baggage is on conveyor belt-------
---------baggage detected by sensor------------- 
Baggage weighs: 18.06 kg
baggage is on conveyor belt-------
---------baggage detected by sensor------------- 
Baggage weighs: 20.2 kg
baggage is on conveyor belt-------
---------baggage detected by sensor------------- 
Baggage weighs: 19.74 kg
baggage is on conveyor belt-------
---------baggage detected by sensor------------- 
Baggage weighs: 17.44 kg
baggage is on conveyor belt-------
---------baggage detected by sensor------------- 
Baggage weighs: 19.36 kg
baggage is on conveyor belt-------
---------baggage detected by sensor------------- 
Baggage weighs: 20.4 kg
baggage is on conveyor belt-------
---------baggage detected by sensor------------- 
Baggage weighs: 18.92 kg
baggage is on conveyor belt-------
---------baggage detected by sensor------------- 
Baggage weighs: 18.48 kg
baggage is on conveyor belt-------
---------baggage detected by sensor------------- 
Baggage weighs: 17.34 kg
baggage is on conveyor belt-------
---------baggage detected by sensor------------- 
Baggage weighs: 20.57 kg
baggage is on conveyor belt-------
---------baggage detected by sensor------------- 
Baggage weighs: 17.19 kg
baggage is on conveyor belt-------
---------baggage detected by sensor------------- 
Baggage weighs: 18.25 kg
baggage is on conveyor belt-------
---------baggage detected by sensor------------- 
Baggage weighs: 19.29 kg
baggage is on conveyor belt-------
---------baggage detected by sensor------------- 
Baggage weighs: 16.86 kg
baggage is on conveyor belt-------
---------baggage detected by sensor------------- 
Baggage weighs: 19.34 kg
baggage is on conveyor belt-------
---------baggage detected by sensor------------- 
Baggage weighs: 19.32 kg
baggage is on conveyor belt-------
---------baggage detected by sensor------------- 
Baggage weighs: 18.15 kg
baggage is on conveyor belt-------
---------baggage detected by sensor------------- 
Baggage weighs: 18.98 kg
baggage is on conveyor belt-------
---------baggage detected by sensor------------- 
Baggage weighs: 21.84 kg
baggage is on conveyor belt-------
---------baggage detected by sensor------------- 
Baggage weighs: 20.53 kg
baggage is on conveyor belt-------
---------baggage detected by sensor------------- 
Baggage weighs: 20.62 kg
baggage is on conveyor belt-------
---------baggage detected by sensor------------- 
Baggage weighs: 20.7 kg
baggage is on conveyor belt-------
---------baggage detected by sensor------------- 
Baggage weighs: 19.64 kg
baggage is on conveyor belt-------
---------baggage detected by sensor------------- 
Baggage weighs: 16.11 kg
baggage is on conveyor belt-------
---------baggage detected by sensor------------- 
Baggage weighs: 22.24 kg
baggage is on conveyor belt-------
---------baggage detected by sensor------------- 
Baggage weighs: 21.47 kg
baggage is on conveyor belt-------
---------baggage detected by sensor------------- 
Baggage weighs: 20.73 kg
baggage is on conveyor belt-------
---------baggage detected by sensor------------- 
Baggage weighs: 19.51 kg
baggage is on conveyor belt-------
---------baggage detected by sensor------------- 
Baggage weighs: 20.11 kg
baggage is on conveyor belt-------
---------baggage detected by sensor------------- 
Baggage weighs: 20.36 kg
baggage is on conveyor belt-------
---------baggage detected by sensor------------- 
Baggage weighs: 18.84 kg
baggage is on conveyor belt-------
---------baggage detected by sensor------------- 
Baggage weighs: 22.61 kg
baggage is on conveyor belt-------
---------baggage detected by sensor------------- 
Baggage weighs: 20.07 kg
baggage is on conveyor belt-------
---------baggage detected by sensor------------- 
Baggage weighs: 20.28 kg
baggage is on conveyor belt-------
---------baggage detected by sensor------------- 
Baggage weighs: 17.9 kg
baggage is on conveyor belt-------
---------baggage detected by sensor------------- 
Baggage weighs: 18.13 kg
baggage is on conveyor belt-------
---------baggage detected by sensor------------- 
Baggage weighs: 18.32 kg
baggage is on conveyor belt-------
---------baggage detected by sensor------------- 
Baggage weighs: 19.3 kg
baggage is on conveyor belt-------
---------baggage detected by sensor------------- 
Baggage weighs: 21.34 kg
baggage is on conveyor belt-------
---------baggage detected by sensor------------- 
Baggage weighs: 19.74 kg
baggage is on conveyor belt-------
---------baggage detected by sensor------------- 
Baggage weighs: 18.46 kg
baggage is on conveyor belt-------
---------baggage detected by sensor------------- 
Baggage weighs: 19.49 kg
baggage is on conveyor belt-------
---------baggage detected by sensor------------- 
Baggage weighs: 17.97 kg
baggage is on conveyor belt-------
---------baggage detected by sensor------------- 
Baggage weighs: 21.32 kg
baggage is on conveyor belt-------
---------baggage detected by sensor------------- 
Baggage weighs: 16.41 kg
baggage is on conveyor belt-------
---------baggage detected by sensor------------- 
Baggage weighs: 16.36 kg
baggage is on conveyor belt-------
---------baggage detected by sensor------------- 
Baggage weighs: 16.24 kg
baggage is on conveyor belt-------
---------baggage detected by sensor------------- 
Baggage weighs: 16.65 kg
baggage is on conveyor belt-------
---------baggage detected by sensor------------- 
Baggage weighs: 20.17 kg
baggage is on conveyor belt-------
---------baggage detected by sensor------------- 
Baggage weighs: 21.08 kg
baggage is on conveyor belt-------
---------baggage detected by sensor------------- 
Baggage weighs: 18.0 kg
baggage is on conveyor belt-------
---------baggage detected by sensor------------- 
Baggage weighs: 17.49 kg
baggage is on conveyor belt-------
---------baggage detected by sensor------------- 
Baggage weighs: 19.3 kg
baggage is on conveyor belt-------
---------baggage detected by sensor------------- 
Baggage weighs: 18.34 kg
baggage is on conveyor belt-------
---------baggage detected by sensor------------- 
Baggage weighs: 19.57 kg
baggage is on conveyor belt-------
---------baggage detected by sensor------------- 
Baggage weighs: 18.99 kg
baggage is on conveyor belt-------
---------baggage detected by sensor------------- 
Baggage weighs: 20.13 kg
baggage is on conveyor belt-------
---------baggage detected by sensor------------- 
Baggage weighs: 21.59 kg
baggage is on conveyor belt-------
---------baggage detected by sensor------------- 
Baggage weighs: 17.75 kg
baggage is on conveyor belt-------
---------baggage detected by sensor------------- 
Baggage weighs: 18.88 kg
baggage is on conveyor belt-------
---------baggage detected by sensor------------- 
Baggage weighs: 17.64 kg
baggage is on conveyor belt-------
---------baggage detected by sensor------------- 
Baggage weighs: 17.28 kg
baggage is on conveyor belt-------
---------baggage detected by sensor------------- 
Baggage weighs: 19.89 kg
baggage is on conveyor belt-------
---------baggage detected by sensor------------- 
Baggage weighs: 16.14 kg
baggage is on conveyor belt-------
---------baggage detected by sensor------------- 
Baggage weighs: 19.6 kg
baggage is on conveyor belt-------
---------baggage detected by sensor------------- 
Baggage weighs: 19.1 kg
baggage is on conveyor belt-------
---------baggage detected by sensor------------- 
Baggage weighs: 16.76 kg
baggage is on conveyor belt-------
---------baggage detected by sensor------------- 
Baggage weighs: 22.78 kg
baggage is on conveyor belt-------
---------baggage detected by sensor------------- 
Baggage weighs: 16.41 kg
baggage is on conveyor belt-------
---------baggage detected by sensor------------- 
Baggage weighs: 19.48 kg
baggage is on conveyor belt-------
---------baggage detected by sensor------------- 
Baggage weighs: 19.0 kg
baggage is on conveyor belt-------
---------baggage detected by sensor------------- 
Baggage weighs: 21.58 kg
baggage is on conveyor belt-------
---------baggage detected by sensor------------- 
Baggage weighs: 21.07 kg
baggage is on conveyor belt-------
---------baggage detected by sensor------------- 
Baggage weighs: 16.28 kg
baggage is on conveyor belt-------
---------baggage detected by sensor------------- 
Baggage weighs: 20.22 kg
baggage is on conveyor belt-------
---------baggage detected by sensor------------- 
Baggage weighs: 17.58 kg
baggage is on conveyor belt-------
---------baggage detected by sensor------------- 
Baggage weighs: 17.69 kg
baggage is on conveyor belt-------
---------baggage detected by sensor------------- 
Baggage weighs: 19.1 kg
baggage is on conveyor belt-------
---------baggage detected by sensor------------- 
Baggage weighs: 18.5 kg
baggage is on conveyor belt-------
---------baggage detected by sensor------------- 
Baggage weighs: 19.06 kg
baggage is on conveyor belt-------
---------baggage detected by sensor------------- 
Baggage weighs: 21.45 kg
Seat with ID: 39A has been reserved for you!

BOARDING PASS FOR DIRK NORRIS
-----------------------------------------------------------------------------
LUFTHANSA                      xkrldoh5nr2nwcv /  Dirk Norris
Dirk Norris                                     /  xkrldoh5nr2nwcv
FRA   LH2121   E  30.Oct                       /  FRA
HKG                                            /  HKG
SEAT ID: 39A                                   /  LH2121 E 30.Oct
SEQ: 216                                      / GATE: A05   22:00
MAX 1  HANDLUGGAGE/ LUGGAGE
-----------------------------------------------------------------------------
sorry Dirk Norris we have no voucher for you! Have a nice day!

---------------------------------------------------------------------------------------------------------------
scanning passport with passport id: AZY78YX3V
searching for ticket in fast bag drop database..............
Ticket found for Marguerite Ballard and Flight LH2121
----searching flight seat for Marguerite Ballard---------
Found a seat with ID 39B
Below details were found in database
------------------------------------------
Name: Marguerite Ballard
Flight ID: LH2121
Source: FRA
Destination: HKG
Gate No: A05
Boarding time: 22:00
Ticket ID: ce847dqingyspbu
Booking Class: E
------------------------------------------

Proceed with check-in for flight LH2121 ?
Type YES to CHECK-IN or NO to cancel CHECK-IN
Marguerite Ballard is deciding whether to check-in or to go back home and sleep............
YES CHECK-IN
Checking you in...............
baggage is on conveyor belt-------
---------baggage detected by sensor------------- 
Baggage weighs: 21.58 kg
baggage is on conveyor belt-------
---------baggage detected by sensor------------- 
Baggage weighs: 20.43 kg
baggage is on conveyor belt-------
---------baggage detected by sensor------------- 
Baggage weighs: 18.47 kg
baggage is on conveyor belt-------
---------baggage detected by sensor------------- 
Baggage weighs: 17.86 kg
baggage is on conveyor belt-------
---------baggage detected by sensor------------- 
Baggage weighs: 18.65 kg
baggage is on conveyor belt-------
---------baggage detected by sensor------------- 
Baggage weighs: 19.27 kg
baggage is on conveyor belt-------
---------baggage detected by sensor------------- 
Baggage weighs: 17.42 kg
baggage is on conveyor belt-------
---------baggage detected by sensor------------- 
Baggage weighs: 19.16 kg
baggage is on conveyor belt-------
---------baggage detected by sensor------------- 
Baggage weighs: 19.52 kg
baggage is on conveyor belt-------
---------baggage detected by sensor------------- 
Baggage weighs: 17.51 kg
baggage is on conveyor belt-------
---------baggage detected by sensor------------- 
Baggage weighs: 17.38 kg
baggage is on conveyor belt-------
---------baggage detected by sensor------------- 
Baggage weighs: 18.67 kg
baggage is on conveyor belt-------
---------baggage detected by sensor------------- 
Baggage weighs: 16.98 kg
baggage is on conveyor belt-------
---------baggage detected by sensor------------- 
Baggage weighs: 21.26 kg
baggage is on conveyor belt-------
---------baggage detected by sensor------------- 
Baggage weighs: 18.3 kg
baggage is on conveyor belt-------
---------baggage detected by sensor------------- 
Baggage weighs: 16.81 kg
baggage is on conveyor belt-------
---------baggage detected by sensor------------- 
Baggage weighs: 20.91 kg
baggage is on conveyor belt-------
---------baggage detected by sensor------------- 
Baggage weighs: 21.21 kg
baggage is on conveyor belt-------
---------baggage detected by sensor------------- 
Baggage weighs: 19.69 kg
baggage is on conveyor belt-------
---------baggage detected by sensor------------- 
Baggage weighs: 18.67 kg
baggage is on conveyor belt-------
---------baggage detected by sensor------------- 
Baggage weighs: 19.12 kg
baggage is on conveyor belt-------
---------baggage detected by sensor------------- 
Baggage weighs: 16.42 kg
baggage is on conveyor belt-------
---------baggage detected by sensor------------- 
Baggage weighs: 19.17 kg
baggage is on conveyor belt-------
---------baggage detected by sensor------------- 
Baggage weighs: 19.0 kg
baggage is on conveyor belt-------
---------baggage detected by sensor------------- 
Baggage weighs: 18.78 kg
baggage is on conveyor belt-------
---------baggage detected by sensor------------- 
Baggage weighs: 20.31 kg
baggage is on conveyor belt-------
---------baggage detected by sensor------------- 
Baggage weighs: 21.25 kg
baggage is on conveyor belt-------
---------baggage detected by sensor------------- 
Baggage weighs: 18.87 kg
baggage is on conveyor belt-------
---------baggage detected by sensor------------- 
Baggage weighs: 16.25 kg
baggage is on conveyor belt-------
---------baggage detected by sensor------------- 
Baggage weighs: 19.94 kg
baggage is on conveyor belt-------
---------baggage detected by sensor------------- 
Baggage weighs: 16.88 kg
baggage is on conveyor belt-------
---------baggage detected by sensor------------- 
Baggage weighs: 18.24 kg
baggage is on conveyor belt-------
---------baggage detected by sensor------------- 
Baggage weighs: 17.16 kg
baggage is on conveyor belt-------
---------baggage detected by sensor------------- 
Baggage weighs: 19.34 kg
baggage is on conveyor belt-------
---------baggage detected by sensor------------- 
Baggage weighs: 22.41 kg
baggage is on conveyor belt-------
---------baggage detected by sensor------------- 
Baggage weighs: 20.47 kg
baggage is on conveyor belt-------
---------baggage detected by sensor------------- 
Baggage weighs: 18.81 kg
baggage is on conveyor belt-------
---------baggage detected by sensor------------- 
Baggage weighs: 18.56 kg
baggage is on conveyor belt-------
---------baggage detected by sensor------------- 
Baggage weighs: 17.77 kg
baggage is on conveyor belt-------
---------baggage detected by sensor------------- 
Baggage weighs: 19.32 kg
baggage is on conveyor belt-------
---------baggage detected by sensor------------- 
Baggage weighs: 19.21 kg
baggage is on conveyor belt-------
---------baggage detected by sensor------------- 
Baggage weighs: 19.13 kg
baggage is on conveyor belt-------
---------baggage detected by sensor------------- 
Baggage weighs: 20.39 kg
baggage is on conveyor belt-------
---------baggage detected by sensor------------- 
Baggage weighs: 21.03 kg
baggage is on conveyor belt-------
---------baggage detected by sensor------------- 
Baggage weighs: 20.05 kg
baggage is on conveyor belt-------
---------baggage detected by sensor------------- 
Baggage weighs: 21.92 kg
baggage is on conveyor belt-------
---------baggage detected by sensor------------- 
Baggage weighs: 19.37 kg
baggage is on conveyor belt-------
---------baggage detected by sensor------------- 
Baggage weighs: 20.35 kg
baggage is on conveyor belt-------
---------baggage detected by sensor------------- 
Baggage weighs: 18.73 kg
baggage is on conveyor belt-------
---------baggage detected by sensor------------- 
Baggage weighs: 20.33 kg
baggage is on conveyor belt-------
---------baggage detected by sensor------------- 
Baggage weighs: 22.01 kg
baggage is on conveyor belt-------
---------baggage detected by sensor------------- 
Baggage weighs: 19.27 kg
baggage is on conveyor belt-------
---------baggage detected by sensor------------- 
Baggage weighs: 21.18 kg
baggage is on conveyor belt-------
---------baggage detected by sensor------------- 
Baggage weighs: 17.16 kg
baggage is on conveyor belt-------
---------baggage detected by sensor------------- 
Baggage weighs: 20.04 kg
baggage is on conveyor belt-------
---------baggage detected by sensor------------- 
Baggage weighs: 20.91 kg
baggage is on conveyor belt-------
---------baggage detected by sensor------------- 
Baggage weighs: 20.3 kg
baggage is on conveyor belt-------
---------baggage detected by sensor------------- 
Baggage weighs: 20.38 kg
baggage is on conveyor belt-------
---------baggage detected by sensor------------- 
Baggage weighs: 16.54 kg
baggage is on conveyor belt-------
---------baggage detected by sensor------------- 
Baggage weighs: 18.87 kg
baggage is on conveyor belt-------
---------baggage detected by sensor------------- 
Baggage weighs: 20.22 kg
baggage is on conveyor belt-------
---------baggage detected by sensor------------- 
Baggage weighs: 20.75 kg
baggage is on conveyor belt-------
---------baggage detected by sensor------------- 
Baggage weighs: 17.4 kg
baggage is on conveyor belt-------
---------baggage detected by sensor------------- 
Baggage weighs: 20.27 kg
baggage is on conveyor belt-------
---------baggage detected by sensor------------- 
Baggage weighs: 17.04 kg
baggage is on conveyor belt-------
---------baggage detected by sensor------------- 
Baggage weighs: 19.84 kg
baggage is on conveyor belt-------
---------baggage detected by sensor------------- 
Baggage weighs: 17.34 kg
baggage is on conveyor belt-------
---------baggage detected by sensor------------- 
Baggage weighs: 18.75 kg
baggage is on conveyor belt-------
---------baggage detected by sensor------------- 
Baggage weighs: 19.12 kg
baggage is on conveyor belt-------
---------baggage detected by sensor------------- 
Baggage weighs: 18.29 kg
baggage is on conveyor belt-------
---------baggage detected by sensor------------- 
Baggage weighs: 17.94 kg
baggage is on conveyor belt-------
---------baggage detected by sensor------------- 
Baggage weighs: 19.09 kg
baggage is on conveyor belt-------
---------baggage detected by sensor------------- 
Baggage weighs: 22.39 kg
baggage is on conveyor belt-------
---------baggage detected by sensor------------- 
Baggage weighs: 21.23 kg
baggage is on conveyor belt-------
---------baggage detected by sensor------------- 
Baggage weighs: 17.56 kg
baggage is on conveyor belt-------
---------baggage detected by sensor------------- 
Baggage weighs: 18.37 kg
baggage is on conveyor belt-------
---------baggage detected by sensor------------- 
Baggage weighs: 21.4 kg
baggage is on conveyor belt-------
---------baggage detected by sensor------------- 
Baggage weighs: 20.25 kg
baggage is on conveyor belt-------
---------baggage detected by sensor------------- 
Baggage weighs: 23.0 kg
baggage is on conveyor belt-------
---------baggage detected by sensor------------- 
Baggage weighs: 17.01 kg
baggage is on conveyor belt-------
---------baggage detected by sensor------------- 
Baggage weighs: 17.39 kg
baggage is on conveyor belt-------
---------baggage detected by sensor------------- 
Baggage weighs: 16.7 kg
baggage is on conveyor belt-------
---------baggage detected by sensor------------- 
Baggage weighs: 16.23 kg
baggage is on conveyor belt-------
---------baggage detected by sensor------------- 
Baggage weighs: 19.13 kg
baggage is on conveyor belt-------
---------baggage detected by sensor------------- 
Baggage weighs: 21.07 kg
baggage is on conveyor belt-------
---------baggage detected by sensor------------- 
Baggage weighs: 17.87 kg
baggage is on conveyor belt-------
---------baggage detected by sensor------------- 
Baggage weighs: 19.92 kg
baggage is on conveyor belt-------
---------baggage detected by sensor------------- 
Baggage weighs: 19.22 kg
baggage is on conveyor belt-------
---------baggage detected by sensor------------- 
Baggage weighs: 21.53 kg
baggage is on conveyor belt-------
---------baggage detected by sensor------------- 
Baggage weighs: 20.29 kg
baggage is on conveyor belt-------
---------baggage detected by sensor------------- 
Baggage weighs: 19.32 kg
baggage is on conveyor belt-------
---------baggage detected by sensor------------- 
Baggage weighs: 17.25 kg
baggage is on conveyor belt-------
---------baggage detected by sensor------------- 
Baggage weighs: 21.3 kg
baggage is on conveyor belt-------
---------baggage detected by sensor------------- 
Baggage weighs: 16.79 kg
baggage is on conveyor belt-------
---------baggage detected by sensor------------- 
Baggage weighs: 19.55 kg
baggage is on conveyor belt-------
---------baggage detected by sensor------------- 
Baggage weighs: 18.88 kg
baggage is on conveyor belt-------
---------baggage detected by sensor------------- 
Baggage weighs: 22.33 kg
baggage is on conveyor belt-------
---------baggage detected by sensor------------- 
Baggage weighs: 20.62 kg
baggage is on conveyor belt-------
---------baggage detected by sensor------------- 
Baggage weighs: 19.42 kg
baggage is on conveyor belt-------
---------baggage detected by sensor------------- 
Baggage weighs: 17.54 kg
baggage is on conveyor belt-------
---------baggage detected by sensor------------- 
Baggage weighs: 21.51 kg
baggage is on conveyor belt-------
---------baggage detected by sensor------------- 
Baggage weighs: 19.46 kg
baggage is on conveyor belt-------
---------baggage detected by sensor------------- 
Baggage weighs: 17.83 kg
baggage is on conveyor belt-------
---------baggage detected by sensor------------- 
Baggage weighs: 17.75 kg
baggage is on conveyor belt-------
---------baggage detected by sensor------------- 
Baggage weighs: 17.44 kg
baggage is on conveyor belt-------
---------baggage detected by sensor------------- 
Baggage weighs: 19.53 kg
baggage is on conveyor belt-------
---------baggage detected by sensor------------- 
Baggage weighs: 17.51 kg
baggage is on conveyor belt-------
---------baggage detected by sensor------------- 
Baggage weighs: 18.2 kg
baggage is on conveyor belt-------
---------baggage detected by sensor------------- 
Baggage weighs: 21.55 kg
baggage is on conveyor belt-------
---------baggage detected by sensor------------- 
Baggage weighs: 19.67 kg
baggage is on conveyor belt-------
---------baggage detected by sensor------------- 
Baggage weighs: 19.52 kg
baggage is on conveyor belt-------
---------baggage detected by sensor------------- 
Baggage weighs: 21.06 kg
baggage is on conveyor belt-------
---------baggage detected by sensor------------- 
Baggage weighs: 17.44 kg
baggage is on conveyor belt-------
---------baggage detected by sensor------------- 
Baggage weighs: 19.21 kg
baggage is on conveyor belt-------
---------baggage detected by sensor------------- 
Baggage weighs: 21.65 kg
baggage is on conveyor belt-------
---------baggage detected by sensor------------- 
Baggage weighs: 19.64 kg
baggage is on conveyor belt-------
---------baggage detected by sensor------------- 
Baggage weighs: 21.03 kg
baggage is on conveyor belt-------
---------baggage detected by sensor------------- 
Baggage weighs: 19.76 kg
baggage is on conveyor belt-------
---------baggage detected by sensor------------- 
Baggage weighs: 21.01 kg
baggage is on conveyor belt-------
---------baggage detected by sensor------------- 
Baggage weighs: 19.11 kg
baggage is on conveyor belt-------
---------baggage detected by sensor------------- 
Baggage weighs: 18.54 kg
baggage is on conveyor belt-------
---------baggage detected by sensor------------- 
Baggage weighs: 16.86 kg
baggage is on conveyor belt-------
---------baggage detected by sensor------------- 
Baggage weighs: 16.59 kg
baggage is on conveyor belt-------
---------baggage detected by sensor------------- 
Baggage weighs: 19.26 kg
baggage is on conveyor belt-------
---------baggage detected by sensor------------- 
Baggage weighs: 18.34 kg
baggage is on conveyor belt-------
---------baggage detected by sensor------------- 
Baggage weighs: 19.09 kg
baggage is on conveyor belt-------
---------baggage detected by sensor------------- 
Baggage weighs: 22.38 kg
baggage is on conveyor belt-------
---------baggage detected by sensor------------- 
Baggage weighs: 22.12 kg
baggage is on conveyor belt-------
---------baggage detected by sensor------------- 
Baggage weighs: 16.75 kg
baggage is on conveyor belt-------
---------baggage detected by sensor------------- 
Baggage weighs: 20.36 kg
baggage is on conveyor belt-------
---------baggage detected by sensor------------- 
Baggage weighs: 20.94 kg
baggage is on conveyor belt-------
---------baggage detected by sensor------------- 
Baggage weighs: 19.8 kg
baggage is on conveyor belt-------
---------baggage detected by sensor------------- 
Baggage weighs: 19.12 kg
baggage is on conveyor belt-------
---------baggage detected by sensor------------- 
Baggage weighs: 16.93 kg
baggage is on conveyor belt-------
---------baggage detected by sensor------------- 
Baggage weighs: 20.48 kg
baggage is on conveyor belt-------
---------baggage detected by sensor------------- 
Baggage weighs: 17.63 kg
baggage is on conveyor belt-------
---------baggage detected by sensor------------- 
Baggage weighs: 19.86 kg
baggage is on conveyor belt-------
---------baggage detected by sensor------------- 
Baggage weighs: 19.4 kg
baggage is on conveyor belt-------
---------baggage detected by sensor------------- 
Baggage weighs: 19.0 kg
baggage is on conveyor belt-------
---------baggage detected by sensor------------- 
Baggage weighs: 20.5 kg
baggage is on conveyor belt-------
---------baggage detected by sensor------------- 
Baggage weighs: 21.9 kg
baggage is on conveyor belt-------
---------baggage detected by sensor------------- 
Baggage weighs: 19.82 kg
baggage is on conveyor belt-------
---------baggage detected by sensor------------- 
Baggage weighs: 18.98 kg
baggage is on conveyor belt-------
---------baggage detected by sensor------------- 
Baggage weighs: 19.28 kg
baggage is on conveyor belt-------
---------baggage detected by sensor------------- 
Baggage weighs: 18.06 kg
baggage is on conveyor belt-------
---------baggage detected by sensor------------- 
Baggage weighs: 20.2 kg
baggage is on conveyor belt-------
---------baggage detected by sensor------------- 
Baggage weighs: 19.74 kg
baggage is on conveyor belt-------
---------baggage detected by sensor------------- 
Baggage weighs: 17.44 kg
baggage is on conveyor belt-------
---------baggage detected by sensor------------- 
Baggage weighs: 19.36 kg
baggage is on conveyor belt-------
---------baggage detected by sensor------------- 
Baggage weighs: 20.4 kg
baggage is on conveyor belt-------
---------baggage detected by sensor------------- 
Baggage weighs: 18.92 kg
baggage is on conveyor belt-------
---------baggage detected by sensor------------- 
Baggage weighs: 18.48 kg
baggage is on conveyor belt-------
---------baggage detected by sensor------------- 
Baggage weighs: 17.34 kg
baggage is on conveyor belt-------
---------baggage detected by sensor------------- 
Baggage weighs: 20.57 kg
baggage is on conveyor belt-------
---------baggage detected by sensor------------- 
Baggage weighs: 17.19 kg
baggage is on conveyor belt-------
---------baggage detected by sensor------------- 
Baggage weighs: 18.25 kg
baggage is on conveyor belt-------
---------baggage detected by sensor------------- 
Baggage weighs: 19.29 kg
baggage is on conveyor belt-------
---------baggage detected by sensor------------- 
Baggage weighs: 16.86 kg
baggage is on conveyor belt-------
---------baggage detected by sensor------------- 
Baggage weighs: 19.34 kg
baggage is on conveyor belt-------
---------baggage detected by sensor------------- 
Baggage weighs: 19.32 kg
baggage is on conveyor belt-------
---------baggage detected by sensor------------- 
Baggage weighs: 18.15 kg
baggage is on conveyor belt-------
---------baggage detected by sensor------------- 
Baggage weighs: 18.98 kg
baggage is on conveyor belt-------
---------baggage detected by sensor------------- 
Baggage weighs: 21.84 kg
baggage is on conveyor belt-------
---------baggage detected by sensor------------- 
Baggage weighs: 20.53 kg
baggage is on conveyor belt-------
---------baggage detected by sensor------------- 
Baggage weighs: 20.62 kg
baggage is on conveyor belt-------
---------baggage detected by sensor------------- 
Baggage weighs: 20.7 kg
baggage is on conveyor belt-------
---------baggage detected by sensor------------- 
Baggage weighs: 19.64 kg
baggage is on conveyor belt-------
---------baggage detected by sensor------------- 
Baggage weighs: 16.11 kg
baggage is on conveyor belt-------
---------baggage detected by sensor------------- 
Baggage weighs: 22.24 kg
baggage is on conveyor belt-------
---------baggage detected by sensor------------- 
Baggage weighs: 21.47 kg
baggage is on conveyor belt-------
---------baggage detected by sensor------------- 
Baggage weighs: 20.73 kg
baggage is on conveyor belt-------
---------baggage detected by sensor------------- 
Baggage weighs: 19.51 kg
baggage is on conveyor belt-------
---------baggage detected by sensor------------- 
Baggage weighs: 20.11 kg
baggage is on conveyor belt-------
---------baggage detected by sensor------------- 
Baggage weighs: 20.36 kg
baggage is on conveyor belt-------
---------baggage detected by sensor------------- 
Baggage weighs: 18.84 kg
baggage is on conveyor belt-------
---------baggage detected by sensor------------- 
Baggage weighs: 22.61 kg
baggage is on conveyor belt-------
---------baggage detected by sensor------------- 
Baggage weighs: 20.07 kg
baggage is on conveyor belt-------
---------baggage detected by sensor------------- 
Baggage weighs: 20.28 kg
baggage is on conveyor belt-------
---------baggage detected by sensor------------- 
Baggage weighs: 17.9 kg
baggage is on conveyor belt-------
---------baggage detected by sensor------------- 
Baggage weighs: 18.13 kg
baggage is on conveyor belt-------
---------baggage detected by sensor------------- 
Baggage weighs: 18.32 kg
baggage is on conveyor belt-------
---------baggage detected by sensor------------- 
Baggage weighs: 19.3 kg
baggage is on conveyor belt-------
---------baggage detected by sensor------------- 
Baggage weighs: 21.34 kg
baggage is on conveyor belt-------
---------baggage detected by sensor------------- 
Baggage weighs: 19.74 kg
baggage is on conveyor belt-------
---------baggage detected by sensor------------- 
Baggage weighs: 18.46 kg
baggage is on conveyor belt-------
---------baggage detected by sensor------------- 
Baggage weighs: 19.49 kg
baggage is on conveyor belt-------
---------baggage detected by sensor------------- 
Baggage weighs: 17.97 kg
baggage is on conveyor belt-------
---------baggage detected by sensor------------- 
Baggage weighs: 21.32 kg
baggage is on conveyor belt-------
---------baggage detected by sensor------------- 
Baggage weighs: 16.41 kg
baggage is on conveyor belt-------
---------baggage detected by sensor------------- 
Baggage weighs: 16.36 kg
baggage is on conveyor belt-------
---------baggage detected by sensor------------- 
Baggage weighs: 16.24 kg
baggage is on conveyor belt-------
---------baggage detected by sensor------------- 
Baggage weighs: 16.65 kg
baggage is on conveyor belt-------
---------baggage detected by sensor------------- 
Baggage weighs: 20.17 kg
baggage is on conveyor belt-------
---------baggage detected by sensor------------- 
Baggage weighs: 21.08 kg
baggage is on conveyor belt-------
---------baggage detected by sensor------------- 
Baggage weighs: 18.0 kg
baggage is on conveyor belt-------
---------baggage detected by sensor------------- 
Baggage weighs: 17.49 kg
baggage is on conveyor belt-------
---------baggage detected by sensor------------- 
Baggage weighs: 19.3 kg
baggage is on conveyor belt-------
---------baggage detected by sensor------------- 
Baggage weighs: 18.34 kg
baggage is on conveyor belt-------
---------baggage detected by sensor------------- 
Baggage weighs: 19.57 kg
baggage is on conveyor belt-------
---------baggage detected by sensor------------- 
Baggage weighs: 18.99 kg
baggage is on conveyor belt-------
---------baggage detected by sensor------------- 
Baggage weighs: 20.13 kg
baggage is on conveyor belt-------
---------baggage detected by sensor------------- 
Baggage weighs: 21.59 kg
baggage is on conveyor belt-------
---------baggage detected by sensor------------- 
Baggage weighs: 17.75 kg
baggage is on conveyor belt-------
---------baggage detected by sensor------------- 
Baggage weighs: 18.88 kg
baggage is on conveyor belt-------
---------baggage detected by sensor------------- 
Baggage weighs: 17.64 kg
baggage is on conveyor belt-------
---------baggage detected by sensor------------- 
Baggage weighs: 17.28 kg
baggage is on conveyor belt-------
---------baggage detected by sensor------------- 
Baggage weighs: 19.89 kg
baggage is on conveyor belt-------
---------baggage detected by sensor------------- 
Baggage weighs: 16.14 kg
baggage is on conveyor belt-------
---------baggage detected by sensor------------- 
Baggage weighs: 19.6 kg
baggage is on conveyor belt-------
---------baggage detected by sensor------------- 
Baggage weighs: 19.1 kg
baggage is on conveyor belt-------
---------baggage detected by sensor------------- 
Baggage weighs: 16.76 kg
baggage is on conveyor belt-------
---------baggage detected by sensor------------- 
Baggage weighs: 22.78 kg
baggage is on conveyor belt-------
---------baggage detected by sensor------------- 
Baggage weighs: 16.41 kg
baggage is on conveyor belt-------
---------baggage detected by sensor------------- 
Baggage weighs: 19.48 kg
baggage is on conveyor belt-------
---------baggage detected by sensor------------- 
Baggage weighs: 19.0 kg
baggage is on conveyor belt-------
---------baggage detected by sensor------------- 
Baggage weighs: 21.58 kg
baggage is on conveyor belt-------
---------baggage detected by sensor------------- 
Baggage weighs: 21.07 kg
baggage is on conveyor belt-------
---------baggage detected by sensor------------- 
Baggage weighs: 16.28 kg
baggage is on conveyor belt-------
---------baggage detected by sensor------------- 
Baggage weighs: 20.22 kg
baggage is on conveyor belt-------
---------baggage detected by sensor------------- 
Baggage weighs: 17.58 kg
baggage is on conveyor belt-------
---------baggage detected by sensor------------- 
Baggage weighs: 17.69 kg
baggage is on conveyor belt-------
---------baggage detected by sensor------------- 
Baggage weighs: 19.1 kg
baggage is on conveyor belt-------
---------baggage detected by sensor------------- 
Baggage weighs: 18.5 kg
baggage is on conveyor belt-------
---------baggage detected by sensor------------- 
Baggage weighs: 19.06 kg
baggage is on conveyor belt-------
---------baggage detected by sensor------------- 
Baggage weighs: 21.45 kg
baggage is on conveyor belt-------
---------baggage detected by sensor------------- 
Baggage weighs: 19.0 kg
Seat with ID: 39B has been reserved for you!

BOARDING PASS FOR MARGUERITE BALLARD
-----------------------------------------------------------------------------
LUFTHANSA                      ce847dqingyspbu /  Marguerite Ballard
Marguerite Ballard                                     /  ce847dqingyspbu
FRA   LH2121   E  30.Oct                       /  FRA
HKG                                            /  HKG
SEAT ID: 39B                                   /  LH2121 E 30.Oct
SEQ: 217                                      / GATE: A05   22:00
MAX 1  HANDLUGGAGE/ LUGGAGE
-----------------------------------------------------------------------------
sorry Marguerite Ballard we have no voucher for you! Have a nice day!

---------------------------------------------------------------------------------------------------------------
scanning passport with passport id: NOJGPYKH8
searching for ticket in fast bag drop database..............
Ticket found for Ada Dean and Flight LH2121
----searching flight seat for Ada Dean---------
Found a seat with ID 39C
Below details were found in database
------------------------------------------
Name: Ada Dean
Flight ID: LH2121
Source: FRA
Destination: HKG
Gate No: A05
Boarding time: 22:00
Ticket ID: q5un50zf2r54pm7
Booking Class: E
------------------------------------------

Proceed with check-in for flight LH2121 ?
Type YES to CHECK-IN or NO to cancel CHECK-IN
Ada Dean is deciding whether to check-in or to go back home and sleep............
YES CHECK-IN
Checking you in...............
baggage is on conveyor belt-------
---------baggage detected by sensor------------- 
Baggage weighs: 21.58 kg
baggage is on conveyor belt-------
---------baggage detected by sensor------------- 
Baggage weighs: 20.43 kg
baggage is on conveyor belt-------
---------baggage detected by sensor------------- 
Baggage weighs: 18.47 kg
baggage is on conveyor belt-------
---------baggage detected by sensor------------- 
Baggage weighs: 17.86 kg
baggage is on conveyor belt-------
---------baggage detected by sensor------------- 
Baggage weighs: 18.65 kg
baggage is on conveyor belt-------
---------baggage detected by sensor------------- 
Baggage weighs: 19.27 kg
baggage is on conveyor belt-------
---------baggage detected by sensor------------- 
Baggage weighs: 17.42 kg
baggage is on conveyor belt-------
---------baggage detected by sensor------------- 
Baggage weighs: 19.16 kg
baggage is on conveyor belt-------
---------baggage detected by sensor------------- 
Baggage weighs: 19.52 kg
baggage is on conveyor belt-------
---------baggage detected by sensor------------- 
Baggage weighs: 17.51 kg
baggage is on conveyor belt-------
---------baggage detected by sensor------------- 
Baggage weighs: 17.38 kg
baggage is on conveyor belt-------
---------baggage detected by sensor------------- 
Baggage weighs: 18.67 kg
baggage is on conveyor belt-------
---------baggage detected by sensor------------- 
Baggage weighs: 16.98 kg
baggage is on conveyor belt-------
---------baggage detected by sensor------------- 
Baggage weighs: 21.26 kg
baggage is on conveyor belt-------
---------baggage detected by sensor------------- 
Baggage weighs: 18.3 kg
baggage is on conveyor belt-------
---------baggage detected by sensor------------- 
Baggage weighs: 16.81 kg
baggage is on conveyor belt-------
---------baggage detected by sensor------------- 
Baggage weighs: 20.91 kg
baggage is on conveyor belt-------
---------baggage detected by sensor------------- 
Baggage weighs: 21.21 kg
baggage is on conveyor belt-------
---------baggage detected by sensor------------- 
Baggage weighs: 19.69 kg
baggage is on conveyor belt-------
---------baggage detected by sensor------------- 
Baggage weighs: 18.67 kg
baggage is on conveyor belt-------
---------baggage detected by sensor------------- 
Baggage weighs: 19.12 kg
baggage is on conveyor belt-------
---------baggage detected by sensor------------- 
Baggage weighs: 16.42 kg
baggage is on conveyor belt-------
---------baggage detected by sensor------------- 
Baggage weighs: 19.17 kg
baggage is on conveyor belt-------
---------baggage detected by sensor------------- 
Baggage weighs: 19.0 kg
baggage is on conveyor belt-------
---------baggage detected by sensor------------- 
Baggage weighs: 18.78 kg
baggage is on conveyor belt-------
---------baggage detected by sensor------------- 
Baggage weighs: 20.31 kg
baggage is on conveyor belt-------
---------baggage detected by sensor------------- 
Baggage weighs: 21.25 kg
baggage is on conveyor belt-------
---------baggage detected by sensor------------- 
Baggage weighs: 18.87 kg
baggage is on conveyor belt-------
---------baggage detected by sensor------------- 
Baggage weighs: 16.25 kg
baggage is on conveyor belt-------
---------baggage detected by sensor------------- 
Baggage weighs: 19.94 kg
baggage is on conveyor belt-------
---------baggage detected by sensor------------- 
Baggage weighs: 16.88 kg
baggage is on conveyor belt-------
---------baggage detected by sensor------------- 
Baggage weighs: 18.24 kg
baggage is on conveyor belt-------
---------baggage detected by sensor------------- 
Baggage weighs: 17.16 kg
baggage is on conveyor belt-------
---------baggage detected by sensor------------- 
Baggage weighs: 19.34 kg
baggage is on conveyor belt-------
---------baggage detected by sensor------------- 
Baggage weighs: 22.41 kg
baggage is on conveyor belt-------
---------baggage detected by sensor------------- 
Baggage weighs: 20.47 kg
baggage is on conveyor belt-------
---------baggage detected by sensor------------- 
Baggage weighs: 18.81 kg
baggage is on conveyor belt-------
---------baggage detected by sensor------------- 
Baggage weighs: 18.56 kg
baggage is on conveyor belt-------
---------baggage detected by sensor------------- 
Baggage weighs: 17.77 kg
baggage is on conveyor belt-------
---------baggage detected by sensor------------- 
Baggage weighs: 19.32 kg
baggage is on conveyor belt-------
---------baggage detected by sensor------------- 
Baggage weighs: 19.21 kg
baggage is on conveyor belt-------
---------baggage detected by sensor------------- 
Baggage weighs: 19.13 kg
baggage is on conveyor belt-------
---------baggage detected by sensor------------- 
Baggage weighs: 20.39 kg
baggage is on conveyor belt-------
---------baggage detected by sensor------------- 
Baggage weighs: 21.03 kg
baggage is on conveyor belt-------
---------baggage detected by sensor------------- 
Baggage weighs: 20.05 kg
baggage is on conveyor belt-------
---------baggage detected by sensor------------- 
Baggage weighs: 21.92 kg
baggage is on conveyor belt-------
---------baggage detected by sensor------------- 
Baggage weighs: 19.37 kg
baggage is on conveyor belt-------
---------baggage detected by sensor------------- 
Baggage weighs: 20.35 kg
baggage is on conveyor belt-------
---------baggage detected by sensor------------- 
Baggage weighs: 18.73 kg
baggage is on conveyor belt-------
---------baggage detected by sensor------------- 
Baggage weighs: 20.33 kg
baggage is on conveyor belt-------
---------baggage detected by sensor------------- 
Baggage weighs: 22.01 kg
baggage is on conveyor belt-------
---------baggage detected by sensor------------- 
Baggage weighs: 19.27 kg
baggage is on conveyor belt-------
---------baggage detected by sensor------------- 
Baggage weighs: 21.18 kg
baggage is on conveyor belt-------
---------baggage detected by sensor------------- 
Baggage weighs: 17.16 kg
baggage is on conveyor belt-------
---------baggage detected by sensor------------- 
Baggage weighs: 20.04 kg
baggage is on conveyor belt-------
---------baggage detected by sensor------------- 
Baggage weighs: 20.91 kg
baggage is on conveyor belt-------
---------baggage detected by sensor------------- 
Baggage weighs: 20.3 kg
baggage is on conveyor belt-------
---------baggage detected by sensor------------- 
Baggage weighs: 20.38 kg
baggage is on conveyor belt-------
---------baggage detected by sensor------------- 
Baggage weighs: 16.54 kg
baggage is on conveyor belt-------
---------baggage detected by sensor------------- 
Baggage weighs: 18.87 kg
baggage is on conveyor belt-------
---------baggage detected by sensor------------- 
Baggage weighs: 20.22 kg
baggage is on conveyor belt-------
---------baggage detected by sensor------------- 
Baggage weighs: 20.75 kg
baggage is on conveyor belt-------
---------baggage detected by sensor------------- 
Baggage weighs: 17.4 kg
baggage is on conveyor belt-------
---------baggage detected by sensor------------- 
Baggage weighs: 20.27 kg
baggage is on conveyor belt-------
---------baggage detected by sensor------------- 
Baggage weighs: 17.04 kg
baggage is on conveyor belt-------
---------baggage detected by sensor------------- 
Baggage weighs: 19.84 kg
baggage is on conveyor belt-------
---------baggage detected by sensor------------- 
Baggage weighs: 17.34 kg
baggage is on conveyor belt-------
---------baggage detected by sensor------------- 
Baggage weighs: 18.75 kg
baggage is on conveyor belt-------
---------baggage detected by sensor------------- 
Baggage weighs: 19.12 kg
baggage is on conveyor belt-------
---------baggage detected by sensor------------- 
Baggage weighs: 18.29 kg
baggage is on conveyor belt-------
---------baggage detected by sensor------------- 
Baggage weighs: 17.94 kg
baggage is on conveyor belt-------
---------baggage detected by sensor------------- 
Baggage weighs: 19.09 kg
baggage is on conveyor belt-------
---------baggage detected by sensor------------- 
Baggage weighs: 22.39 kg
baggage is on conveyor belt-------
---------baggage detected by sensor------------- 
Baggage weighs: 21.23 kg
baggage is on conveyor belt-------
---------baggage detected by sensor------------- 
Baggage weighs: 17.56 kg
baggage is on conveyor belt-------
---------baggage detected by sensor------------- 
Baggage weighs: 18.37 kg
baggage is on conveyor belt-------
---------baggage detected by sensor------------- 
Baggage weighs: 21.4 kg
baggage is on conveyor belt-------
---------baggage detected by sensor------------- 
Baggage weighs: 20.25 kg
baggage is on conveyor belt-------
---------baggage detected by sensor------------- 
Baggage weighs: 23.0 kg
baggage is on conveyor belt-------
---------baggage detected by sensor------------- 
Baggage weighs: 17.01 kg
baggage is on conveyor belt-------
---------baggage detected by sensor------------- 
Baggage weighs: 17.39 kg
baggage is on conveyor belt-------
---------baggage detected by sensor------------- 
Baggage weighs: 16.7 kg
baggage is on conveyor belt-------
---------baggage detected by sensor------------- 
Baggage weighs: 16.23 kg
baggage is on conveyor belt-------
---------baggage detected by sensor------------- 
Baggage weighs: 19.13 kg
baggage is on conveyor belt-------
---------baggage detected by sensor------------- 
Baggage weighs: 21.07 kg
baggage is on conveyor belt-------
---------baggage detected by sensor------------- 
Baggage weighs: 17.87 kg
baggage is on conveyor belt-------
---------baggage detected by sensor------------- 
Baggage weighs: 19.92 kg
baggage is on conveyor belt-------
---------baggage detected by sensor------------- 
Baggage weighs: 19.22 kg
baggage is on conveyor belt-------
---------baggage detected by sensor------------- 
Baggage weighs: 21.53 kg
baggage is on conveyor belt-------
---------baggage detected by sensor------------- 
Baggage weighs: 20.29 kg
baggage is on conveyor belt-------
---------baggage detected by sensor------------- 
Baggage weighs: 19.32 kg
baggage is on conveyor belt-------
---------baggage detected by sensor------------- 
Baggage weighs: 17.25 kg
baggage is on conveyor belt-------
---------baggage detected by sensor------------- 
Baggage weighs: 21.3 kg
baggage is on conveyor belt-------
---------baggage detected by sensor------------- 
Baggage weighs: 16.79 kg
baggage is on conveyor belt-------
---------baggage detected by sensor------------- 
Baggage weighs: 19.55 kg
baggage is on conveyor belt-------
---------baggage detected by sensor------------- 
Baggage weighs: 18.88 kg
baggage is on conveyor belt-------
---------baggage detected by sensor------------- 
Baggage weighs: 22.33 kg
baggage is on conveyor belt-------
---------baggage detected by sensor------------- 
Baggage weighs: 20.62 kg
baggage is on conveyor belt-------
---------baggage detected by sensor------------- 
Baggage weighs: 19.42 kg
baggage is on conveyor belt-------
---------baggage detected by sensor------------- 
Baggage weighs: 17.54 kg
baggage is on conveyor belt-------
---------baggage detected by sensor------------- 
Baggage weighs: 21.51 kg
baggage is on conveyor belt-------
---------baggage detected by sensor------------- 
Baggage weighs: 19.46 kg
baggage is on conveyor belt-------
---------baggage detected by sensor------------- 
Baggage weighs: 17.83 kg
baggage is on conveyor belt-------
---------baggage detected by sensor------------- 
Baggage weighs: 17.75 kg
baggage is on conveyor belt-------
---------baggage detected by sensor------------- 
Baggage weighs: 17.44 kg
baggage is on conveyor belt-------
---------baggage detected by sensor------------- 
Baggage weighs: 19.53 kg
baggage is on conveyor belt-------
---------baggage detected by sensor------------- 
Baggage weighs: 17.51 kg
baggage is on conveyor belt-------
---------baggage detected by sensor------------- 
Baggage weighs: 18.2 kg
baggage is on conveyor belt-------
---------baggage detected by sensor------------- 
Baggage weighs: 21.55 kg
baggage is on conveyor belt-------
---------baggage detected by sensor------------- 
Baggage weighs: 19.67 kg
baggage is on conveyor belt-------
---------baggage detected by sensor------------- 
Baggage weighs: 19.52 kg
baggage is on conveyor belt-------
---------baggage detected by sensor------------- 
Baggage weighs: 21.06 kg
baggage is on conveyor belt-------
---------baggage detected by sensor------------- 
Baggage weighs: 17.44 kg
baggage is on conveyor belt-------
---------baggage detected by sensor------------- 
Baggage weighs: 19.21 kg
baggage is on conveyor belt-------
---------baggage detected by sensor------------- 
Baggage weighs: 21.65 kg
baggage is on conveyor belt-------
---------baggage detected by sensor------------- 
Baggage weighs: 19.64 kg
baggage is on conveyor belt-------
---------baggage detected by sensor------------- 
Baggage weighs: 21.03 kg
baggage is on conveyor belt-------
---------baggage detected by sensor------------- 
Baggage weighs: 19.76 kg
baggage is on conveyor belt-------
---------baggage detected by sensor------------- 
Baggage weighs: 21.01 kg
baggage is on conveyor belt-------
---------baggage detected by sensor------------- 
Baggage weighs: 19.11 kg
baggage is on conveyor belt-------
---------baggage detected by sensor------------- 
Baggage weighs: 18.54 kg
baggage is on conveyor belt-------
---------baggage detected by sensor------------- 
Baggage weighs: 16.86 kg
baggage is on conveyor belt-------
---------baggage detected by sensor------------- 
Baggage weighs: 16.59 kg
baggage is on conveyor belt-------
---------baggage detected by sensor------------- 
Baggage weighs: 19.26 kg
baggage is on conveyor belt-------
---------baggage detected by sensor------------- 
Baggage weighs: 18.34 kg
baggage is on conveyor belt-------
---------baggage detected by sensor------------- 
Baggage weighs: 19.09 kg
baggage is on conveyor belt-------
---------baggage detected by sensor------------- 
Baggage weighs: 22.38 kg
baggage is on conveyor belt-------
---------baggage detected by sensor------------- 
Baggage weighs: 22.12 kg
baggage is on conveyor belt-------
---------baggage detected by sensor------------- 
Baggage weighs: 16.75 kg
baggage is on conveyor belt-------
---------baggage detected by sensor------------- 
Baggage weighs: 20.36 kg
baggage is on conveyor belt-------
---------baggage detected by sensor------------- 
Baggage weighs: 20.94 kg
baggage is on conveyor belt-------
---------baggage detected by sensor------------- 
Baggage weighs: 19.8 kg
baggage is on conveyor belt-------
---------baggage detected by sensor------------- 
Baggage weighs: 19.12 kg
baggage is on conveyor belt-------
---------baggage detected by sensor------------- 
Baggage weighs: 16.93 kg
baggage is on conveyor belt-------
---------baggage detected by sensor------------- 
Baggage weighs: 20.48 kg
baggage is on conveyor belt-------
---------baggage detected by sensor------------- 
Baggage weighs: 17.63 kg
baggage is on conveyor belt-------
---------baggage detected by sensor------------- 
Baggage weighs: 19.86 kg
baggage is on conveyor belt-------
---------baggage detected by sensor------------- 
Baggage weighs: 19.4 kg
baggage is on conveyor belt-------
---------baggage detected by sensor------------- 
Baggage weighs: 19.0 kg
baggage is on conveyor belt-------
---------baggage detected by sensor------------- 
Baggage weighs: 20.5 kg
baggage is on conveyor belt-------
---------baggage detected by sensor------------- 
Baggage weighs: 21.9 kg
baggage is on conveyor belt-------
---------baggage detected by sensor------------- 
Baggage weighs: 19.82 kg
baggage is on conveyor belt-------
---------baggage detected by sensor------------- 
Baggage weighs: 18.98 kg
baggage is on conveyor belt-------
---------baggage detected by sensor------------- 
Baggage weighs: 19.28 kg
baggage is on conveyor belt-------
---------baggage detected by sensor------------- 
Baggage weighs: 18.06 kg
baggage is on conveyor belt-------
---------baggage detected by sensor------------- 
Baggage weighs: 20.2 kg
baggage is on conveyor belt-------
---------baggage detected by sensor------------- 
Baggage weighs: 19.74 kg
baggage is on conveyor belt-------
---------baggage detected by sensor------------- 
Baggage weighs: 17.44 kg
baggage is on conveyor belt-------
---------baggage detected by sensor------------- 
Baggage weighs: 19.36 kg
baggage is on conveyor belt-------
---------baggage detected by sensor------------- 
Baggage weighs: 20.4 kg
baggage is on conveyor belt-------
---------baggage detected by sensor------------- 
Baggage weighs: 18.92 kg
baggage is on conveyor belt-------
---------baggage detected by sensor------------- 
Baggage weighs: 18.48 kg
baggage is on conveyor belt-------
---------baggage detected by sensor------------- 
Baggage weighs: 17.34 kg
baggage is on conveyor belt-------
---------baggage detected by sensor------------- 
Baggage weighs: 20.57 kg
baggage is on conveyor belt-------
---------baggage detected by sensor------------- 
Baggage weighs: 17.19 kg
baggage is on conveyor belt-------
---------baggage detected by sensor------------- 
Baggage weighs: 18.25 kg
baggage is on conveyor belt-------
---------baggage detected by sensor------------- 
Baggage weighs: 19.29 kg
baggage is on conveyor belt-------
---------baggage detected by sensor------------- 
Baggage weighs: 16.86 kg
baggage is on conveyor belt-------
---------baggage detected by sensor------------- 
Baggage weighs: 19.34 kg
baggage is on conveyor belt-------
---------baggage detected by sensor------------- 
Baggage weighs: 19.32 kg
baggage is on conveyor belt-------
---------baggage detected by sensor------------- 
Baggage weighs: 18.15 kg
baggage is on conveyor belt-------
---------baggage detected by sensor------------- 
Baggage weighs: 18.98 kg
baggage is on conveyor belt-------
---------baggage detected by sensor------------- 
Baggage weighs: 21.84 kg
baggage is on conveyor belt-------
---------baggage detected by sensor------------- 
Baggage weighs: 20.53 kg
baggage is on conveyor belt-------
---------baggage detected by sensor------------- 
Baggage weighs: 20.62 kg
baggage is on conveyor belt-------
---------baggage detected by sensor------------- 
Baggage weighs: 20.7 kg
baggage is on conveyor belt-------
---------baggage detected by sensor------------- 
Baggage weighs: 19.64 kg
baggage is on conveyor belt-------
---------baggage detected by sensor------------- 
Baggage weighs: 16.11 kg
baggage is on conveyor belt-------
---------baggage detected by sensor------------- 
Baggage weighs: 22.24 kg
baggage is on conveyor belt-------
---------baggage detected by sensor------------- 
Baggage weighs: 21.47 kg
baggage is on conveyor belt-------
---------baggage detected by sensor------------- 
Baggage weighs: 20.73 kg
baggage is on conveyor belt-------
---------baggage detected by sensor------------- 
Baggage weighs: 19.51 kg
baggage is on conveyor belt-------
---------baggage detected by sensor------------- 
Baggage weighs: 20.11 kg
baggage is on conveyor belt-------
---------baggage detected by sensor------------- 
Baggage weighs: 20.36 kg
baggage is on conveyor belt-------
---------baggage detected by sensor------------- 
Baggage weighs: 18.84 kg
baggage is on conveyor belt-------
---------baggage detected by sensor------------- 
Baggage weighs: 22.61 kg
baggage is on conveyor belt-------
---------baggage detected by sensor------------- 
Baggage weighs: 20.07 kg
baggage is on conveyor belt-------
---------baggage detected by sensor------------- 
Baggage weighs: 20.28 kg
baggage is on conveyor belt-------
---------baggage detected by sensor------------- 
Baggage weighs: 17.9 kg
baggage is on conveyor belt-------
---------baggage detected by sensor------------- 
Baggage weighs: 18.13 kg
baggage is on conveyor belt-------
---------baggage detected by sensor------------- 
Baggage weighs: 18.32 kg
baggage is on conveyor belt-------
---------baggage detected by sensor------------- 
Baggage weighs: 19.3 kg
baggage is on conveyor belt-------
---------baggage detected by sensor------------- 
Baggage weighs: 21.34 kg
baggage is on conveyor belt-------
---------baggage detected by sensor------------- 
Baggage weighs: 19.74 kg
baggage is on conveyor belt-------
---------baggage detected by sensor------------- 
Baggage weighs: 18.46 kg
baggage is on conveyor belt-------
---------baggage detected by sensor------------- 
Baggage weighs: 19.49 kg
baggage is on conveyor belt-------
---------baggage detected by sensor------------- 
Baggage weighs: 17.97 kg
baggage is on conveyor belt-------
---------baggage detected by sensor------------- 
Baggage weighs: 21.32 kg
baggage is on conveyor belt-------
---------baggage detected by sensor------------- 
Baggage weighs: 16.41 kg
baggage is on conveyor belt-------
---------baggage detected by sensor------------- 
Baggage weighs: 16.36 kg
baggage is on conveyor belt-------
---------baggage detected by sensor------------- 
Baggage weighs: 16.24 kg
baggage is on conveyor belt-------
---------baggage detected by sensor------------- 
Baggage weighs: 16.65 kg
baggage is on conveyor belt-------
---------baggage detected by sensor------------- 
Baggage weighs: 20.17 kg
baggage is on conveyor belt-------
---------baggage detected by sensor------------- 
Baggage weighs: 21.08 kg
baggage is on conveyor belt-------
---------baggage detected by sensor------------- 
Baggage weighs: 18.0 kg
baggage is on conveyor belt-------
---------baggage detected by sensor------------- 
Baggage weighs: 17.49 kg
baggage is on conveyor belt-------
---------baggage detected by sensor------------- 
Baggage weighs: 19.3 kg
baggage is on conveyor belt-------
---------baggage detected by sensor------------- 
Baggage weighs: 18.34 kg
baggage is on conveyor belt-------
---------baggage detected by sensor------------- 
Baggage weighs: 19.57 kg
baggage is on conveyor belt-------
---------baggage detected by sensor------------- 
Baggage weighs: 18.99 kg
baggage is on conveyor belt-------
---------baggage detected by sensor------------- 
Baggage weighs: 20.13 kg
baggage is on conveyor belt-------
---------baggage detected by sensor------------- 
Baggage weighs: 21.59 kg
baggage is on conveyor belt-------
---------baggage detected by sensor------------- 
Baggage weighs: 17.75 kg
baggage is on conveyor belt-------
---------baggage detected by sensor------------- 
Baggage weighs: 18.88 kg
baggage is on conveyor belt-------
---------baggage detected by sensor------------- 
Baggage weighs: 17.64 kg
baggage is on conveyor belt-------
---------baggage detected by sensor------------- 
Baggage weighs: 17.28 kg
baggage is on conveyor belt-------
---------baggage detected by sensor------------- 
Baggage weighs: 19.89 kg
baggage is on conveyor belt-------
---------baggage detected by sensor------------- 
Baggage weighs: 16.14 kg
baggage is on conveyor belt-------
---------baggage detected by sensor------------- 
Baggage weighs: 19.6 kg
baggage is on conveyor belt-------
---------baggage detected by sensor------------- 
Baggage weighs: 19.1 kg
baggage is on conveyor belt-------
---------baggage detected by sensor------------- 
Baggage weighs: 16.76 kg
baggage is on conveyor belt-------
---------baggage detected by sensor------------- 
Baggage weighs: 22.78 kg
baggage is on conveyor belt-------
---------baggage detected by sensor------------- 
Baggage weighs: 16.41 kg
baggage is on conveyor belt-------
---------baggage detected by sensor------------- 
Baggage weighs: 19.48 kg
baggage is on conveyor belt-------
---------baggage detected by sensor------------- 
Baggage weighs: 19.0 kg
baggage is on conveyor belt-------
---------baggage detected by sensor------------- 
Baggage weighs: 21.58 kg
baggage is on conveyor belt-------
---------baggage detected by sensor------------- 
Baggage weighs: 21.07 kg
baggage is on conveyor belt-------
---------baggage detected by sensor------------- 
Baggage weighs: 16.28 kg
baggage is on conveyor belt-------
---------baggage detected by sensor------------- 
Baggage weighs: 20.22 kg
baggage is on conveyor belt-------
---------baggage detected by sensor------------- 
Baggage weighs: 17.58 kg
baggage is on conveyor belt-------
---------baggage detected by sensor------------- 
Baggage weighs: 17.69 kg
baggage is on conveyor belt-------
---------baggage detected by sensor------------- 
Baggage weighs: 19.1 kg
baggage is on conveyor belt-------
---------baggage detected by sensor------------- 
Baggage weighs: 18.5 kg
baggage is on conveyor belt-------
---------baggage detected by sensor------------- 
Baggage weighs: 19.06 kg
baggage is on conveyor belt-------
---------baggage detected by sensor------------- 
Baggage weighs: 21.45 kg
baggage is on conveyor belt-------
---------baggage detected by sensor------------- 
Baggage weighs: 19.0 kg
baggage is on conveyor belt-------
---------baggage detected by sensor------------- 
Baggage weighs: 20.87 kg
Seat with ID: 39C has been reserved for you!

BOARDING PASS FOR ADA DEAN
-----------------------------------------------------------------------------
LUFTHANSA                      q5un50zf2r54pm7 /  Ada Dean
Ada Dean                                     /  q5un50zf2r54pm7
FRA   LH2121   E  30.Oct                       /  FRA
HKG                                            /  HKG
SEAT ID: 39C                                   /  LH2121 E 30.Oct
SEQ: 218                                      / GATE: A05   22:00
MAX 1  HANDLUGGAGE/ LUGGAGE
-----------------------------------------------------------------------------
sorry Ada Dean we have no voucher for you! Have a nice day!

---------------------------------------------------------------------------------------------------------------
scanning passport with passport id: UNM5P9HYE
searching for ticket in fast bag drop database..............
Ticket found for Stewart Ellison and Flight LH2121
----searching flight seat for Stewart Ellison---------
Found a seat with ID 39D
Below details were found in database
------------------------------------------
Name: Stewart Ellison
Flight ID: LH2121
Source: FRA
Destination: HKG
Gate No: A05
Boarding time: 22:00
Ticket ID: x6ujjztpu47skgj
Booking Class: E
------------------------------------------

Proceed with check-in for flight LH2121 ?
Type YES to CHECK-IN or NO to cancel CHECK-IN
Stewart Ellison is deciding whether to check-in or to go back home and sleep............
YES CHECK-IN
Checking you in...............
baggage is on conveyor belt-------
---------baggage detected by sensor------------- 
Baggage weighs: 21.58 kg
baggage is on conveyor belt-------
---------baggage detected by sensor------------- 
Baggage weighs: 20.43 kg
baggage is on conveyor belt-------
---------baggage detected by sensor------------- 
Baggage weighs: 18.47 kg
baggage is on conveyor belt-------
---------baggage detected by sensor------------- 
Baggage weighs: 17.86 kg
baggage is on conveyor belt-------
---------baggage detected by sensor------------- 
Baggage weighs: 18.65 kg
baggage is on conveyor belt-------
---------baggage detected by sensor------------- 
Baggage weighs: 19.27 kg
baggage is on conveyor belt-------
---------baggage detected by sensor------------- 
Baggage weighs: 17.42 kg
baggage is on conveyor belt-------
---------baggage detected by sensor------------- 
Baggage weighs: 19.16 kg
baggage is on conveyor belt-------
---------baggage detected by sensor------------- 
Baggage weighs: 19.52 kg
baggage is on conveyor belt-------
---------baggage detected by sensor------------- 
Baggage weighs: 17.51 kg
baggage is on conveyor belt-------
---------baggage detected by sensor------------- 
Baggage weighs: 17.38 kg
baggage is on conveyor belt-------
---------baggage detected by sensor------------- 
Baggage weighs: 18.67 kg
baggage is on conveyor belt-------
---------baggage detected by sensor------------- 
Baggage weighs: 16.98 kg
baggage is on conveyor belt-------
---------baggage detected by sensor------------- 
Baggage weighs: 21.26 kg
baggage is on conveyor belt-------
---------baggage detected by sensor------------- 
Baggage weighs: 18.3 kg
baggage is on conveyor belt-------
---------baggage detected by sensor------------- 
Baggage weighs: 16.81 kg
baggage is on conveyor belt-------
---------baggage detected by sensor------------- 
Baggage weighs: 20.91 kg
baggage is on conveyor belt-------
---------baggage detected by sensor------------- 
Baggage weighs: 21.21 kg
baggage is on conveyor belt-------
---------baggage detected by sensor------------- 
Baggage weighs: 19.69 kg
baggage is on conveyor belt-------
---------baggage detected by sensor------------- 
Baggage weighs: 18.67 kg
baggage is on conveyor belt-------
---------baggage detected by sensor------------- 
Baggage weighs: 19.12 kg
baggage is on conveyor belt-------
---------baggage detected by sensor------------- 
Baggage weighs: 16.42 kg
baggage is on conveyor belt-------
---------baggage detected by sensor------------- 
Baggage weighs: 19.17 kg
baggage is on conveyor belt-------
---------baggage detected by sensor------------- 
Baggage weighs: 19.0 kg
baggage is on conveyor belt-------
---------baggage detected by sensor------------- 
Baggage weighs: 18.78 kg
baggage is on conveyor belt-------
---------baggage detected by sensor------------- 
Baggage weighs: 20.31 kg
baggage is on conveyor belt-------
---------baggage detected by sensor------------- 
Baggage weighs: 21.25 kg
baggage is on conveyor belt-------
---------baggage detected by sensor------------- 
Baggage weighs: 18.87 kg
baggage is on conveyor belt-------
---------baggage detected by sensor------------- 
Baggage weighs: 16.25 kg
baggage is on conveyor belt-------
---------baggage detected by sensor------------- 
Baggage weighs: 19.94 kg
baggage is on conveyor belt-------
---------baggage detected by sensor------------- 
Baggage weighs: 16.88 kg
baggage is on conveyor belt-------
---------baggage detected by sensor------------- 
Baggage weighs: 18.24 kg
baggage is on conveyor belt-------
---------baggage detected by sensor------------- 
Baggage weighs: 17.16 kg
baggage is on conveyor belt-------
---------baggage detected by sensor------------- 
Baggage weighs: 19.34 kg
baggage is on conveyor belt-------
---------baggage detected by sensor------------- 
Baggage weighs: 22.41 kg
baggage is on conveyor belt-------
---------baggage detected by sensor------------- 
Baggage weighs: 20.47 kg
baggage is on conveyor belt-------
---------baggage detected by sensor------------- 
Baggage weighs: 18.81 kg
baggage is on conveyor belt-------
---------baggage detected by sensor------------- 
Baggage weighs: 18.56 kg
baggage is on conveyor belt-------
---------baggage detected by sensor------------- 
Baggage weighs: 17.77 kg
baggage is on conveyor belt-------
---------baggage detected by sensor------------- 
Baggage weighs: 19.32 kg
baggage is on conveyor belt-------
---------baggage detected by sensor------------- 
Baggage weighs: 19.21 kg
baggage is on conveyor belt-------
---------baggage detected by sensor------------- 
Baggage weighs: 19.13 kg
baggage is on conveyor belt-------
---------baggage detected by sensor------------- 
Baggage weighs: 20.39 kg
baggage is on conveyor belt-------
---------baggage detected by sensor------------- 
Baggage weighs: 21.03 kg
baggage is on conveyor belt-------
---------baggage detected by sensor------------- 
Baggage weighs: 20.05 kg
baggage is on conveyor belt-------
---------baggage detected by sensor------------- 
Baggage weighs: 21.92 kg
baggage is on conveyor belt-------
---------baggage detected by sensor------------- 
Baggage weighs: 19.37 kg
baggage is on conveyor belt-------
---------baggage detected by sensor------------- 
Baggage weighs: 20.35 kg
baggage is on conveyor belt-------
---------baggage detected by sensor------------- 
Baggage weighs: 18.73 kg
baggage is on conveyor belt-------
---------baggage detected by sensor------------- 
Baggage weighs: 20.33 kg
baggage is on conveyor belt-------
---------baggage detected by sensor------------- 
Baggage weighs: 22.01 kg
baggage is on conveyor belt-------
---------baggage detected by sensor------------- 
Baggage weighs: 19.27 kg
baggage is on conveyor belt-------
---------baggage detected by sensor------------- 
Baggage weighs: 21.18 kg
baggage is on conveyor belt-------
---------baggage detected by sensor------------- 
Baggage weighs: 17.16 kg
baggage is on conveyor belt-------
---------baggage detected by sensor------------- 
Baggage weighs: 20.04 kg
baggage is on conveyor belt-------
---------baggage detected by sensor------------- 
Baggage weighs: 20.91 kg
baggage is on conveyor belt-------
---------baggage detected by sensor------------- 
Baggage weighs: 20.3 kg
baggage is on conveyor belt-------
---------baggage detected by sensor------------- 
Baggage weighs: 20.38 kg
baggage is on conveyor belt-------
---------baggage detected by sensor------------- 
Baggage weighs: 16.54 kg
baggage is on conveyor belt-------
---------baggage detected by sensor------------- 
Baggage weighs: 18.87 kg
baggage is on conveyor belt-------
---------baggage detected by sensor------------- 
Baggage weighs: 20.22 kg
baggage is on conveyor belt-------
---------baggage detected by sensor------------- 
Baggage weighs: 20.75 kg
baggage is on conveyor belt-------
---------baggage detected by sensor------------- 
Baggage weighs: 17.4 kg
baggage is on conveyor belt-------
---------baggage detected by sensor------------- 
Baggage weighs: 20.27 kg
baggage is on conveyor belt-------
---------baggage detected by sensor------------- 
Baggage weighs: 17.04 kg
baggage is on conveyor belt-------
---------baggage detected by sensor------------- 
Baggage weighs: 19.84 kg
baggage is on conveyor belt-------
---------baggage detected by sensor------------- 
Baggage weighs: 17.34 kg
baggage is on conveyor belt-------
---------baggage detected by sensor------------- 
Baggage weighs: 18.75 kg
baggage is on conveyor belt-------
---------baggage detected by sensor------------- 
Baggage weighs: 19.12 kg
baggage is on conveyor belt-------
---------baggage detected by sensor------------- 
Baggage weighs: 18.29 kg
baggage is on conveyor belt-------
---------baggage detected by sensor------------- 
Baggage weighs: 17.94 kg
baggage is on conveyor belt-------
---------baggage detected by sensor------------- 
Baggage weighs: 19.09 kg
baggage is on conveyor belt-------
---------baggage detected by sensor------------- 
Baggage weighs: 22.39 kg
baggage is on conveyor belt-------
---------baggage detected by sensor------------- 
Baggage weighs: 21.23 kg
baggage is on conveyor belt-------
---------baggage detected by sensor------------- 
Baggage weighs: 17.56 kg
baggage is on conveyor belt-------
---------baggage detected by sensor------------- 
Baggage weighs: 18.37 kg
baggage is on conveyor belt-------
---------baggage detected by sensor------------- 
Baggage weighs: 21.4 kg
baggage is on conveyor belt-------
---------baggage detected by sensor------------- 
Baggage weighs: 20.25 kg
baggage is on conveyor belt-------
---------baggage detected by sensor------------- 
Baggage weighs: 23.0 kg
baggage is on conveyor belt-------
---------baggage detected by sensor------------- 
Baggage weighs: 17.01 kg
baggage is on conveyor belt-------
---------baggage detected by sensor------------- 
Baggage weighs: 17.39 kg
baggage is on conveyor belt-------
---------baggage detected by sensor------------- 
Baggage weighs: 16.7 kg
baggage is on conveyor belt-------
---------baggage detected by sensor------------- 
Baggage weighs: 16.23 kg
baggage is on conveyor belt-------
---------baggage detected by sensor------------- 
Baggage weighs: 19.13 kg
baggage is on conveyor belt-------
---------baggage detected by sensor------------- 
Baggage weighs: 21.07 kg
baggage is on conveyor belt-------
---------baggage detected by sensor------------- 
Baggage weighs: 17.87 kg
baggage is on conveyor belt-------
---------baggage detected by sensor------------- 
Baggage weighs: 19.92 kg
baggage is on conveyor belt-------
---------baggage detected by sensor------------- 
Baggage weighs: 19.22 kg
baggage is on conveyor belt-------
---------baggage detected by sensor------------- 
Baggage weighs: 21.53 kg
baggage is on conveyor belt-------
---------baggage detected by sensor------------- 
Baggage weighs: 20.29 kg
baggage is on conveyor belt-------
---------baggage detected by sensor------------- 
Baggage weighs: 19.32 kg
baggage is on conveyor belt-------
---------baggage detected by sensor------------- 
Baggage weighs: 17.25 kg
baggage is on conveyor belt-------
---------baggage detected by sensor------------- 
Baggage weighs: 21.3 kg
baggage is on conveyor belt-------
---------baggage detected by sensor------------- 
Baggage weighs: 16.79 kg
baggage is on conveyor belt-------
---------baggage detected by sensor------------- 
Baggage weighs: 19.55 kg
baggage is on conveyor belt-------
---------baggage detected by sensor------------- 
Baggage weighs: 18.88 kg
baggage is on conveyor belt-------
---------baggage detected by sensor------------- 
Baggage weighs: 22.33 kg
baggage is on conveyor belt-------
---------baggage detected by sensor------------- 
Baggage weighs: 20.62 kg
baggage is on conveyor belt-------
---------baggage detected by sensor------------- 
Baggage weighs: 19.42 kg
baggage is on conveyor belt-------
---------baggage detected by sensor------------- 
Baggage weighs: 17.54 kg
baggage is on conveyor belt-------
---------baggage detected by sensor------------- 
Baggage weighs: 21.51 kg
baggage is on conveyor belt-------
---------baggage detected by sensor------------- 
Baggage weighs: 19.46 kg
baggage is on conveyor belt-------
---------baggage detected by sensor------------- 
Baggage weighs: 17.83 kg
baggage is on conveyor belt-------
---------baggage detected by sensor------------- 
Baggage weighs: 17.75 kg
baggage is on conveyor belt-------
---------baggage detected by sensor------------- 
Baggage weighs: 17.44 kg
baggage is on conveyor belt-------
---------baggage detected by sensor------------- 
Baggage weighs: 19.53 kg
baggage is on conveyor belt-------
---------baggage detected by sensor------------- 
Baggage weighs: 17.51 kg
baggage is on conveyor belt-------
---------baggage detected by sensor------------- 
Baggage weighs: 18.2 kg
baggage is on conveyor belt-------
---------baggage detected by sensor------------- 
Baggage weighs: 21.55 kg
baggage is on conveyor belt-------
---------baggage detected by sensor------------- 
Baggage weighs: 19.67 kg
baggage is on conveyor belt-------
---------baggage detected by sensor------------- 
Baggage weighs: 19.52 kg
baggage is on conveyor belt-------
---------baggage detected by sensor------------- 
Baggage weighs: 21.06 kg
baggage is on conveyor belt-------
---------baggage detected by sensor------------- 
Baggage weighs: 17.44 kg
baggage is on conveyor belt-------
---------baggage detected by sensor------------- 
Baggage weighs: 19.21 kg
baggage is on conveyor belt-------
---------baggage detected by sensor------------- 
Baggage weighs: 21.65 kg
baggage is on conveyor belt-------
---------baggage detected by sensor------------- 
Baggage weighs: 19.64 kg
baggage is on conveyor belt-------
---------baggage detected by sensor------------- 
Baggage weighs: 21.03 kg
baggage is on conveyor belt-------
---------baggage detected by sensor------------- 
Baggage weighs: 19.76 kg
baggage is on conveyor belt-------
---------baggage detected by sensor------------- 
Baggage weighs: 21.01 kg
baggage is on conveyor belt-------
---------baggage detected by sensor------------- 
Baggage weighs: 19.11 kg
baggage is on conveyor belt-------
---------baggage detected by sensor------------- 
Baggage weighs: 18.54 kg
baggage is on conveyor belt-------
---------baggage detected by sensor------------- 
Baggage weighs: 16.86 kg
baggage is on conveyor belt-------
---------baggage detected by sensor------------- 
Baggage weighs: 16.59 kg
baggage is on conveyor belt-------
---------baggage detected by sensor------------- 
Baggage weighs: 19.26 kg
baggage is on conveyor belt-------
---------baggage detected by sensor------------- 
Baggage weighs: 18.34 kg
baggage is on conveyor belt-------
---------baggage detected by sensor------------- 
Baggage weighs: 19.09 kg
baggage is on conveyor belt-------
---------baggage detected by sensor------------- 
Baggage weighs: 22.38 kg
baggage is on conveyor belt-------
---------baggage detected by sensor------------- 
Baggage weighs: 22.12 kg
baggage is on conveyor belt-------
---------baggage detected by sensor------------- 
Baggage weighs: 16.75 kg
baggage is on conveyor belt-------
---------baggage detected by sensor------------- 
Baggage weighs: 20.36 kg
baggage is on conveyor belt-------
---------baggage detected by sensor------------- 
Baggage weighs: 20.94 kg
baggage is on conveyor belt-------
---------baggage detected by sensor------------- 
Baggage weighs: 19.8 kg
baggage is on conveyor belt-------
---------baggage detected by sensor------------- 
Baggage weighs: 19.12 kg
baggage is on conveyor belt-------
---------baggage detected by sensor------------- 
Baggage weighs: 16.93 kg
baggage is on conveyor belt-------
---------baggage detected by sensor------------- 
Baggage weighs: 20.48 kg
baggage is on conveyor belt-------
---------baggage detected by sensor------------- 
Baggage weighs: 17.63 kg
baggage is on conveyor belt-------
---------baggage detected by sensor------------- 
Baggage weighs: 19.86 kg
baggage is on conveyor belt-------
---------baggage detected by sensor------------- 
Baggage weighs: 19.4 kg
baggage is on conveyor belt-------
---------baggage detected by sensor------------- 
Baggage weighs: 19.0 kg
baggage is on conveyor belt-------
---------baggage detected by sensor------------- 
Baggage weighs: 20.5 kg
baggage is on conveyor belt-------
---------baggage detected by sensor------------- 
Baggage weighs: 21.9 kg
baggage is on conveyor belt-------
---------baggage detected by sensor------------- 
Baggage weighs: 19.82 kg
baggage is on conveyor belt-------
---------baggage detected by sensor------------- 
Baggage weighs: 18.98 kg
baggage is on conveyor belt-------
---------baggage detected by sensor------------- 
Baggage weighs: 19.28 kg
baggage is on conveyor belt-------
---------baggage detected by sensor------------- 
Baggage weighs: 18.06 kg
baggage is on conveyor belt-------
---------baggage detected by sensor------------- 
Baggage weighs: 20.2 kg
baggage is on conveyor belt-------
---------baggage detected by sensor------------- 
Baggage weighs: 19.74 kg
baggage is on conveyor belt-------
---------baggage detected by sensor------------- 
Baggage weighs: 17.44 kg
baggage is on conveyor belt-------
---------baggage detected by sensor------------- 
Baggage weighs: 19.36 kg
baggage is on conveyor belt-------
---------baggage detected by sensor------------- 
Baggage weighs: 20.4 kg
baggage is on conveyor belt-------
---------baggage detected by sensor------------- 
Baggage weighs: 18.92 kg
baggage is on conveyor belt-------
---------baggage detected by sensor------------- 
Baggage weighs: 18.48 kg
baggage is on conveyor belt-------
---------baggage detected by sensor------------- 
Baggage weighs: 17.34 kg
baggage is on conveyor belt-------
---------baggage detected by sensor------------- 
Baggage weighs: 20.57 kg
baggage is on conveyor belt-------
---------baggage detected by sensor------------- 
Baggage weighs: 17.19 kg
baggage is on conveyor belt-------
---------baggage detected by sensor------------- 
Baggage weighs: 18.25 kg
baggage is on conveyor belt-------
---------baggage detected by sensor------------- 
Baggage weighs: 19.29 kg
baggage is on conveyor belt-------
---------baggage detected by sensor------------- 
Baggage weighs: 16.86 kg
baggage is on conveyor belt-------
---------baggage detected by sensor------------- 
Baggage weighs: 19.34 kg
baggage is on conveyor belt-------
---------baggage detected by sensor------------- 
Baggage weighs: 19.32 kg
baggage is on conveyor belt-------
---------baggage detected by sensor------------- 
Baggage weighs: 18.15 kg
baggage is on conveyor belt-------
---------baggage detected by sensor------------- 
Baggage weighs: 18.98 kg
baggage is on conveyor belt-------
---------baggage detected by sensor------------- 
Baggage weighs: 21.84 kg
baggage is on conveyor belt-------
---------baggage detected by sensor------------- 
Baggage weighs: 20.53 kg
baggage is on conveyor belt-------
---------baggage detected by sensor------------- 
Baggage weighs: 20.62 kg
baggage is on conveyor belt-------
---------baggage detected by sensor------------- 
Baggage weighs: 20.7 kg
baggage is on conveyor belt-------
---------baggage detected by sensor------------- 
Baggage weighs: 19.64 kg
baggage is on conveyor belt-------
---------baggage detected by sensor------------- 
Baggage weighs: 16.11 kg
baggage is on conveyor belt-------
---------baggage detected by sensor------------- 
Baggage weighs: 22.24 kg
baggage is on conveyor belt-------
---------baggage detected by sensor------------- 
Baggage weighs: 21.47 kg
baggage is on conveyor belt-------
---------baggage detected by sensor------------- 
Baggage weighs: 20.73 kg
baggage is on conveyor belt-------
---------baggage detected by sensor------------- 
Baggage weighs: 19.51 kg
baggage is on conveyor belt-------
---------baggage detected by sensor------------- 
Baggage weighs: 20.11 kg
baggage is on conveyor belt-------
---------baggage detected by sensor------------- 
Baggage weighs: 20.36 kg
baggage is on conveyor belt-------
---------baggage detected by sensor------------- 
Baggage weighs: 18.84 kg
baggage is on conveyor belt-------
---------baggage detected by sensor------------- 
Baggage weighs: 22.61 kg
baggage is on conveyor belt-------
---------baggage detected by sensor------------- 
Baggage weighs: 20.07 kg
baggage is on conveyor belt-------
---------baggage detected by sensor------------- 
Baggage weighs: 20.28 kg
baggage is on conveyor belt-------
---------baggage detected by sensor------------- 
Baggage weighs: 17.9 kg
baggage is on conveyor belt-------
---------baggage detected by sensor------------- 
Baggage weighs: 18.13 kg
baggage is on conveyor belt-------
---------baggage detected by sensor------------- 
Baggage weighs: 18.32 kg
baggage is on conveyor belt-------
---------baggage detected by sensor------------- 
Baggage weighs: 19.3 kg
baggage is on conveyor belt-------
---------baggage detected by sensor------------- 
Baggage weighs: 21.34 kg
baggage is on conveyor belt-------
---------baggage detected by sensor------------- 
Baggage weighs: 19.74 kg
baggage is on conveyor belt-------
---------baggage detected by sensor------------- 
Baggage weighs: 18.46 kg
baggage is on conveyor belt-------
---------baggage detected by sensor------------- 
Baggage weighs: 19.49 kg
baggage is on conveyor belt-------
---------baggage detected by sensor------------- 
Baggage weighs: 17.97 kg
baggage is on conveyor belt-------
---------baggage detected by sensor------------- 
Baggage weighs: 21.32 kg
baggage is on conveyor belt-------
---------baggage detected by sensor------------- 
Baggage weighs: 16.41 kg
baggage is on conveyor belt-------
---------baggage detected by sensor------------- 
Baggage weighs: 16.36 kg
baggage is on conveyor belt-------
---------baggage detected by sensor------------- 
Baggage weighs: 16.24 kg
baggage is on conveyor belt-------
---------baggage detected by sensor------------- 
Baggage weighs: 16.65 kg
baggage is on conveyor belt-------
---------baggage detected by sensor------------- 
Baggage weighs: 20.17 kg
baggage is on conveyor belt-------
---------baggage detected by sensor------------- 
Baggage weighs: 21.08 kg
baggage is on conveyor belt-------
---------baggage detected by sensor------------- 
Baggage weighs: 18.0 kg
baggage is on conveyor belt-------
---------baggage detected by sensor------------- 
Baggage weighs: 17.49 kg
baggage is on conveyor belt-------
---------baggage detected by sensor------------- 
Baggage weighs: 19.3 kg
baggage is on conveyor belt-------
---------baggage detected by sensor------------- 
Baggage weighs: 18.34 kg
baggage is on conveyor belt-------
---------baggage detected by sensor------------- 
Baggage weighs: 19.57 kg
baggage is on conveyor belt-------
---------baggage detected by sensor------------- 
Baggage weighs: 18.99 kg
baggage is on conveyor belt-------
---------baggage detected by sensor------------- 
Baggage weighs: 20.13 kg
baggage is on conveyor belt-------
---------baggage detected by sensor------------- 
Baggage weighs: 21.59 kg
baggage is on conveyor belt-------
---------baggage detected by sensor------------- 
Baggage weighs: 17.75 kg
baggage is on conveyor belt-------
---------baggage detected by sensor------------- 
Baggage weighs: 18.88 kg
baggage is on conveyor belt-------
---------baggage detected by sensor------------- 
Baggage weighs: 17.64 kg
baggage is on conveyor belt-------
---------baggage detected by sensor------------- 
Baggage weighs: 17.28 kg
baggage is on conveyor belt-------
---------baggage detected by sensor------------- 
Baggage weighs: 19.89 kg
baggage is on conveyor belt-------
---------baggage detected by sensor------------- 
Baggage weighs: 16.14 kg
baggage is on conveyor belt-------
---------baggage detected by sensor------------- 
Baggage weighs: 19.6 kg
baggage is on conveyor belt-------
---------baggage detected by sensor------------- 
Baggage weighs: 19.1 kg
baggage is on conveyor belt-------
---------baggage detected by sensor------------- 
Baggage weighs: 16.76 kg
baggage is on conveyor belt-------
---------baggage detected by sensor------------- 
Baggage weighs: 22.78 kg
baggage is on conveyor belt-------
---------baggage detected by sensor------------- 
Baggage weighs: 16.41 kg
baggage is on conveyor belt-------
---------baggage detected by sensor------------- 
Baggage weighs: 19.48 kg
baggage is on conveyor belt-------
---------baggage detected by sensor------------- 
Baggage weighs: 19.0 kg
baggage is on conveyor belt-------
---------baggage detected by sensor------------- 
Baggage weighs: 21.58 kg
baggage is on conveyor belt-------
---------baggage detected by sensor------------- 
Baggage weighs: 21.07 kg
baggage is on conveyor belt-------
---------baggage detected by sensor------------- 
Baggage weighs: 16.28 kg
baggage is on conveyor belt-------
---------baggage detected by sensor------------- 
Baggage weighs: 20.22 kg
baggage is on conveyor belt-------
---------baggage detected by sensor------------- 
Baggage weighs: 17.58 kg
baggage is on conveyor belt-------
---------baggage detected by sensor------------- 
Baggage weighs: 17.69 kg
baggage is on conveyor belt-------
---------baggage detected by sensor------------- 
Baggage weighs: 19.1 kg
baggage is on conveyor belt-------
---------baggage detected by sensor------------- 
Baggage weighs: 18.5 kg
baggage is on conveyor belt-------
---------baggage detected by sensor------------- 
Baggage weighs: 19.06 kg
baggage is on conveyor belt-------
---------baggage detected by sensor------------- 
Baggage weighs: 21.45 kg
baggage is on conveyor belt-------
---------baggage detected by sensor------------- 
Baggage weighs: 19.0 kg
baggage is on conveyor belt-------
---------baggage detected by sensor------------- 
Baggage weighs: 20.87 kg
baggage is on conveyor belt-------
---------baggage detected by sensor------------- 
Baggage weighs: 22.55 kg
Seat with ID: 39D has been reserved for you!

BOARDING PASS FOR STEWART ELLISON
-----------------------------------------------------------------------------
LUFTHANSA                      x6ujjztpu47skgj /  Stewart Ellison
Stewart Ellison                                     /  x6ujjztpu47skgj
FRA   LH2121   E  30.Oct                       /  FRA
HKG                                            /  HKG
SEAT ID: 39D                                   /  LH2121 E 30.Oct
SEQ: 219                                      / GATE: A05   22:00
MAX 1  HANDLUGGAGE/ LUGGAGE
-----------------------------------------------------------------------------
sorry Stewart Ellison we have no voucher for you! Have a nice day!

---------------------------------------------------------------------------------------------------------------
scanning passport with passport id: 3O6VYXWWR
searching for ticket in fast bag drop database..............
Ticket found for Alva Joyce and Flight LH2121
----searching flight seat for Alva Joyce---------
Found a seat with ID 39E
Below details were found in database
------------------------------------------
Name: Alva Joyce
Flight ID: LH2121
Source: FRA
Destination: HKG
Gate No: A05
Boarding time: 22:00
Ticket ID: o0s8elauowbwrs9
Booking Class: E
------------------------------------------

Proceed with check-in for flight LH2121 ?
Type YES to CHECK-IN or NO to cancel CHECK-IN
Alva Joyce is deciding whether to check-in or to go back home and sleep............
YES CHECK-IN
Checking you in...............
baggage is on conveyor belt-------
---------baggage detected by sensor------------- 
Baggage weighs: 21.58 kg
baggage is on conveyor belt-------
---------baggage detected by sensor------------- 
Baggage weighs: 20.43 kg
baggage is on conveyor belt-------
---------baggage detected by sensor------------- 
Baggage weighs: 18.47 kg
baggage is on conveyor belt-------
---------baggage detected by sensor------------- 
Baggage weighs: 17.86 kg
baggage is on conveyor belt-------
---------baggage detected by sensor------------- 
Baggage weighs: 18.65 kg
baggage is on conveyor belt-------
---------baggage detected by sensor------------- 
Baggage weighs: 19.27 kg
baggage is on conveyor belt-------
---------baggage detected by sensor------------- 
Baggage weighs: 17.42 kg
baggage is on conveyor belt-------
---------baggage detected by sensor------------- 
Baggage weighs: 19.16 kg
baggage is on conveyor belt-------
---------baggage detected by sensor------------- 
Baggage weighs: 19.52 kg
baggage is on conveyor belt-------
---------baggage detected by sensor------------- 
Baggage weighs: 17.51 kg
baggage is on conveyor belt-------
---------baggage detected by sensor------------- 
Baggage weighs: 17.38 kg
baggage is on conveyor belt-------
---------baggage detected by sensor------------- 
Baggage weighs: 18.67 kg
baggage is on conveyor belt-------
---------baggage detected by sensor------------- 
Baggage weighs: 16.98 kg
baggage is on conveyor belt-------
---------baggage detected by sensor------------- 
Baggage weighs: 21.26 kg
baggage is on conveyor belt-------
---------baggage detected by sensor------------- 
Baggage weighs: 18.3 kg
baggage is on conveyor belt-------
---------baggage detected by sensor------------- 
Baggage weighs: 16.81 kg
baggage is on conveyor belt-------
---------baggage detected by sensor------------- 
Baggage weighs: 20.91 kg
baggage is on conveyor belt-------
---------baggage detected by sensor------------- 
Baggage weighs: 21.21 kg
baggage is on conveyor belt-------
---------baggage detected by sensor------------- 
Baggage weighs: 19.69 kg
baggage is on conveyor belt-------
---------baggage detected by sensor------------- 
Baggage weighs: 18.67 kg
baggage is on conveyor belt-------
---------baggage detected by sensor------------- 
Baggage weighs: 19.12 kg
baggage is on conveyor belt-------
---------baggage detected by sensor------------- 
Baggage weighs: 16.42 kg
baggage is on conveyor belt-------
---------baggage detected by sensor------------- 
Baggage weighs: 19.17 kg
baggage is on conveyor belt-------
---------baggage detected by sensor------------- 
Baggage weighs: 19.0 kg
baggage is on conveyor belt-------
---------baggage detected by sensor------------- 
Baggage weighs: 18.78 kg
baggage is on conveyor belt-------
---------baggage detected by sensor------------- 
Baggage weighs: 20.31 kg
baggage is on conveyor belt-------
---------baggage detected by sensor------------- 
Baggage weighs: 21.25 kg
baggage is on conveyor belt-------
---------baggage detected by sensor------------- 
Baggage weighs: 18.87 kg
baggage is on conveyor belt-------
---------baggage detected by sensor------------- 
Baggage weighs: 16.25 kg
baggage is on conveyor belt-------
---------baggage detected by sensor------------- 
Baggage weighs: 19.94 kg
baggage is on conveyor belt-------
---------baggage detected by sensor------------- 
Baggage weighs: 16.88 kg
baggage is on conveyor belt-------
---------baggage detected by sensor------------- 
Baggage weighs: 18.24 kg
baggage is on conveyor belt-------
---------baggage detected by sensor------------- 
Baggage weighs: 17.16 kg
baggage is on conveyor belt-------
---------baggage detected by sensor------------- 
Baggage weighs: 19.34 kg
baggage is on conveyor belt-------
---------baggage detected by sensor------------- 
Baggage weighs: 22.41 kg
baggage is on conveyor belt-------
---------baggage detected by sensor------------- 
Baggage weighs: 20.47 kg
baggage is on conveyor belt-------
---------baggage detected by sensor------------- 
Baggage weighs: 18.81 kg
baggage is on conveyor belt-------
---------baggage detected by sensor------------- 
Baggage weighs: 18.56 kg
baggage is on conveyor belt-------
---------baggage detected by sensor------------- 
Baggage weighs: 17.77 kg
baggage is on conveyor belt-------
---------baggage detected by sensor------------- 
Baggage weighs: 19.32 kg
baggage is on conveyor belt-------
---------baggage detected by sensor------------- 
Baggage weighs: 19.21 kg
baggage is on conveyor belt-------
---------baggage detected by sensor------------- 
Baggage weighs: 19.13 kg
baggage is on conveyor belt-------
---------baggage detected by sensor------------- 
Baggage weighs: 20.39 kg
baggage is on conveyor belt-------
---------baggage detected by sensor------------- 
Baggage weighs: 21.03 kg
baggage is on conveyor belt-------
---------baggage detected by sensor------------- 
Baggage weighs: 20.05 kg
baggage is on conveyor belt-------
---------baggage detected by sensor------------- 
Baggage weighs: 21.92 kg
baggage is on conveyor belt-------
---------baggage detected by sensor------------- 
Baggage weighs: 19.37 kg
baggage is on conveyor belt-------
---------baggage detected by sensor------------- 
Baggage weighs: 20.35 kg
baggage is on conveyor belt-------
---------baggage detected by sensor------------- 
Baggage weighs: 18.73 kg
baggage is on conveyor belt-------
---------baggage detected by sensor------------- 
Baggage weighs: 20.33 kg
baggage is on conveyor belt-------
---------baggage detected by sensor------------- 
Baggage weighs: 22.01 kg
baggage is on conveyor belt-------
---------baggage detected by sensor------------- 
Baggage weighs: 19.27 kg
baggage is on conveyor belt-------
---------baggage detected by sensor------------- 
Baggage weighs: 21.18 kg
baggage is on conveyor belt-------
---------baggage detected by sensor------------- 
Baggage weighs: 17.16 kg
baggage is on conveyor belt-------
---------baggage detected by sensor------------- 
Baggage weighs: 20.04 kg
baggage is on conveyor belt-------
---------baggage detected by sensor------------- 
Baggage weighs: 20.91 kg
baggage is on conveyor belt-------
---------baggage detected by sensor------------- 
Baggage weighs: 20.3 kg
baggage is on conveyor belt-------
---------baggage detected by sensor------------- 
Baggage weighs: 20.38 kg
baggage is on conveyor belt-------
---------baggage detected by sensor------------- 
Baggage weighs: 16.54 kg
baggage is on conveyor belt-------
---------baggage detected by sensor------------- 
Baggage weighs: 18.87 kg
baggage is on conveyor belt-------
---------baggage detected by sensor------------- 
Baggage weighs: 20.22 kg
baggage is on conveyor belt-------
---------baggage detected by sensor------------- 
Baggage weighs: 20.75 kg
baggage is on conveyor belt-------
---------baggage detected by sensor------------- 
Baggage weighs: 17.4 kg
baggage is on conveyor belt-------
---------baggage detected by sensor------------- 
Baggage weighs: 20.27 kg
baggage is on conveyor belt-------
---------baggage detected by sensor------------- 
Baggage weighs: 17.04 kg
baggage is on conveyor belt-------
---------baggage detected by sensor------------- 
Baggage weighs: 19.84 kg
baggage is on conveyor belt-------
---------baggage detected by sensor------------- 
Baggage weighs: 17.34 kg
baggage is on conveyor belt-------
---------baggage detected by sensor------------- 
Baggage weighs: 18.75 kg
baggage is on conveyor belt-------
---------baggage detected by sensor------------- 
Baggage weighs: 19.12 kg
baggage is on conveyor belt-------
---------baggage detected by sensor------------- 
Baggage weighs: 18.29 kg
baggage is on conveyor belt-------
---------baggage detected by sensor------------- 
Baggage weighs: 17.94 kg
baggage is on conveyor belt-------
---------baggage detected by sensor------------- 
Baggage weighs: 19.09 kg
baggage is on conveyor belt-------
---------baggage detected by sensor------------- 
Baggage weighs: 22.39 kg
baggage is on conveyor belt-------
---------baggage detected by sensor------------- 
Baggage weighs: 21.23 kg
baggage is on conveyor belt-------
---------baggage detected by sensor------------- 
Baggage weighs: 17.56 kg
baggage is on conveyor belt-------
---------baggage detected by sensor------------- 
Baggage weighs: 18.37 kg
baggage is on conveyor belt-------
---------baggage detected by sensor------------- 
Baggage weighs: 21.4 kg
baggage is on conveyor belt-------
---------baggage detected by sensor------------- 
Baggage weighs: 20.25 kg
baggage is on conveyor belt-------
---------baggage detected by sensor------------- 
Baggage weighs: 23.0 kg
baggage is on conveyor belt-------
---------baggage detected by sensor------------- 
Baggage weighs: 17.01 kg
baggage is on conveyor belt-------
---------baggage detected by sensor------------- 
Baggage weighs: 17.39 kg
baggage is on conveyor belt-------
---------baggage detected by sensor------------- 
Baggage weighs: 16.7 kg
baggage is on conveyor belt-------
---------baggage detected by sensor------------- 
Baggage weighs: 16.23 kg
baggage is on conveyor belt-------
---------baggage detected by sensor------------- 
Baggage weighs: 19.13 kg
baggage is on conveyor belt-------
---------baggage detected by sensor------------- 
Baggage weighs: 21.07 kg
baggage is on conveyor belt-------
---------baggage detected by sensor------------- 
Baggage weighs: 17.87 kg
baggage is on conveyor belt-------
---------baggage detected by sensor------------- 
Baggage weighs: 19.92 kg
baggage is on conveyor belt-------
---------baggage detected by sensor------------- 
Baggage weighs: 19.22 kg
baggage is on conveyor belt-------
---------baggage detected by sensor------------- 
Baggage weighs: 21.53 kg
baggage is on conveyor belt-------
---------baggage detected by sensor------------- 
Baggage weighs: 20.29 kg
baggage is on conveyor belt-------
---------baggage detected by sensor------------- 
Baggage weighs: 19.32 kg
baggage is on conveyor belt-------
---------baggage detected by sensor------------- 
Baggage weighs: 17.25 kg
baggage is on conveyor belt-------
---------baggage detected by sensor------------- 
Baggage weighs: 21.3 kg
baggage is on conveyor belt-------
---------baggage detected by sensor------------- 
Baggage weighs: 16.79 kg
baggage is on conveyor belt-------
---------baggage detected by sensor------------- 
Baggage weighs: 19.55 kg
baggage is on conveyor belt-------
---------baggage detected by sensor------------- 
Baggage weighs: 18.88 kg
baggage is on conveyor belt-------
---------baggage detected by sensor------------- 
Baggage weighs: 22.33 kg
baggage is on conveyor belt-------
---------baggage detected by sensor------------- 
Baggage weighs: 20.62 kg
baggage is on conveyor belt-------
---------baggage detected by sensor------------- 
Baggage weighs: 19.42 kg
baggage is on conveyor belt-------
---------baggage detected by sensor------------- 
Baggage weighs: 17.54 kg
baggage is on conveyor belt-------
---------baggage detected by sensor------------- 
Baggage weighs: 21.51 kg
baggage is on conveyor belt-------
---------baggage detected by sensor------------- 
Baggage weighs: 19.46 kg
baggage is on conveyor belt-------
---------baggage detected by sensor------------- 
Baggage weighs: 17.83 kg
baggage is on conveyor belt-------
---------baggage detected by sensor------------- 
Baggage weighs: 17.75 kg
baggage is on conveyor belt-------
---------baggage detected by sensor------------- 
Baggage weighs: 17.44 kg
baggage is on conveyor belt-------
---------baggage detected by sensor------------- 
Baggage weighs: 19.53 kg
baggage is on conveyor belt-------
---------baggage detected by sensor------------- 
Baggage weighs: 17.51 kg
baggage is on conveyor belt-------
---------baggage detected by sensor------------- 
Baggage weighs: 18.2 kg
baggage is on conveyor belt-------
---------baggage detected by sensor------------- 
Baggage weighs: 21.55 kg
baggage is on conveyor belt-------
---------baggage detected by sensor------------- 
Baggage weighs: 19.67 kg
baggage is on conveyor belt-------
---------baggage detected by sensor------------- 
Baggage weighs: 19.52 kg
baggage is on conveyor belt-------
---------baggage detected by sensor------------- 
Baggage weighs: 21.06 kg
baggage is on conveyor belt-------
---------baggage detected by sensor------------- 
Baggage weighs: 17.44 kg
baggage is on conveyor belt-------
---------baggage detected by sensor------------- 
Baggage weighs: 19.21 kg
baggage is on conveyor belt-------
---------baggage detected by sensor------------- 
Baggage weighs: 21.65 kg
baggage is on conveyor belt-------
---------baggage detected by sensor------------- 
Baggage weighs: 19.64 kg
baggage is on conveyor belt-------
---------baggage detected by sensor------------- 
Baggage weighs: 21.03 kg
baggage is on conveyor belt-------
---------baggage detected by sensor------------- 
Baggage weighs: 19.76 kg
baggage is on conveyor belt-------
---------baggage detected by sensor------------- 
Baggage weighs: 21.01 kg
baggage is on conveyor belt-------
---------baggage detected by sensor------------- 
Baggage weighs: 19.11 kg
baggage is on conveyor belt-------
---------baggage detected by sensor------------- 
Baggage weighs: 18.54 kg
baggage is on conveyor belt-------
---------baggage detected by sensor------------- 
Baggage weighs: 16.86 kg
baggage is on conveyor belt-------
---------baggage detected by sensor------------- 
Baggage weighs: 16.59 kg
baggage is on conveyor belt-------
---------baggage detected by sensor------------- 
Baggage weighs: 19.26 kg
baggage is on conveyor belt-------
---------baggage detected by sensor------------- 
Baggage weighs: 18.34 kg
baggage is on conveyor belt-------
---------baggage detected by sensor------------- 
Baggage weighs: 19.09 kg
baggage is on conveyor belt-------
---------baggage detected by sensor------------- 
Baggage weighs: 22.38 kg
baggage is on conveyor belt-------
---------baggage detected by sensor------------- 
Baggage weighs: 22.12 kg
baggage is on conveyor belt-------
---------baggage detected by sensor------------- 
Baggage weighs: 16.75 kg
baggage is on conveyor belt-------
---------baggage detected by sensor------------- 
Baggage weighs: 20.36 kg
baggage is on conveyor belt-------
---------baggage detected by sensor------------- 
Baggage weighs: 20.94 kg
baggage is on conveyor belt-------
---------baggage detected by sensor------------- 
Baggage weighs: 19.8 kg
baggage is on conveyor belt-------
---------baggage detected by sensor------------- 
Baggage weighs: 19.12 kg
baggage is on conveyor belt-------
---------baggage detected by sensor------------- 
Baggage weighs: 16.93 kg
baggage is on conveyor belt-------
---------baggage detected by sensor------------- 
Baggage weighs: 20.48 kg
baggage is on conveyor belt-------
---------baggage detected by sensor------------- 
Baggage weighs: 17.63 kg
baggage is on conveyor belt-------
---------baggage detected by sensor------------- 
Baggage weighs: 19.86 kg
baggage is on conveyor belt-------
---------baggage detected by sensor------------- 
Baggage weighs: 19.4 kg
baggage is on conveyor belt-------
---------baggage detected by sensor------------- 
Baggage weighs: 19.0 kg
baggage is on conveyor belt-------
---------baggage detected by sensor------------- 
Baggage weighs: 20.5 kg
baggage is on conveyor belt-------
---------baggage detected by sensor------------- 
Baggage weighs: 21.9 kg
baggage is on conveyor belt-------
---------baggage detected by sensor------------- 
Baggage weighs: 19.82 kg
baggage is on conveyor belt-------
---------baggage detected by sensor------------- 
Baggage weighs: 18.98 kg
baggage is on conveyor belt-------
---------baggage detected by sensor------------- 
Baggage weighs: 19.28 kg
baggage is on conveyor belt-------
---------baggage detected by sensor------------- 
Baggage weighs: 18.06 kg
baggage is on conveyor belt-------
---------baggage detected by sensor------------- 
Baggage weighs: 20.2 kg
baggage is on conveyor belt-------
---------baggage detected by sensor------------- 
Baggage weighs: 19.74 kg
baggage is on conveyor belt-------
---------baggage detected by sensor------------- 
Baggage weighs: 17.44 kg
baggage is on conveyor belt-------
---------baggage detected by sensor------------- 
Baggage weighs: 19.36 kg
baggage is on conveyor belt-------
---------baggage detected by sensor------------- 
Baggage weighs: 20.4 kg
baggage is on conveyor belt-------
---------baggage detected by sensor------------- 
Baggage weighs: 18.92 kg
baggage is on conveyor belt-------
---------baggage detected by sensor------------- 
Baggage weighs: 18.48 kg
baggage is on conveyor belt-------
---------baggage detected by sensor------------- 
Baggage weighs: 17.34 kg
baggage is on conveyor belt-------
---------baggage detected by sensor------------- 
Baggage weighs: 20.57 kg
baggage is on conveyor belt-------
---------baggage detected by sensor------------- 
Baggage weighs: 17.19 kg
baggage is on conveyor belt-------
---------baggage detected by sensor------------- 
Baggage weighs: 18.25 kg
baggage is on conveyor belt-------
---------baggage detected by sensor------------- 
Baggage weighs: 19.29 kg
baggage is on conveyor belt-------
---------baggage detected by sensor------------- 
Baggage weighs: 16.86 kg
baggage is on conveyor belt-------
---------baggage detected by sensor------------- 
Baggage weighs: 19.34 kg
baggage is on conveyor belt-------
---------baggage detected by sensor------------- 
Baggage weighs: 19.32 kg
baggage is on conveyor belt-------
---------baggage detected by sensor------------- 
Baggage weighs: 18.15 kg
baggage is on conveyor belt-------
---------baggage detected by sensor------------- 
Baggage weighs: 18.98 kg
baggage is on conveyor belt-------
---------baggage detected by sensor------------- 
Baggage weighs: 21.84 kg
baggage is on conveyor belt-------
---------baggage detected by sensor------------- 
Baggage weighs: 20.53 kg
baggage is on conveyor belt-------
---------baggage detected by sensor------------- 
Baggage weighs: 20.62 kg
baggage is on conveyor belt-------
---------baggage detected by sensor------------- 
Baggage weighs: 20.7 kg
baggage is on conveyor belt-------
---------baggage detected by sensor------------- 
Baggage weighs: 19.64 kg
baggage is on conveyor belt-------
---------baggage detected by sensor------------- 
Baggage weighs: 16.11 kg
baggage is on conveyor belt-------
---------baggage detected by sensor------------- 
Baggage weighs: 22.24 kg
baggage is on conveyor belt-------
---------baggage detected by sensor------------- 
Baggage weighs: 21.47 kg
baggage is on conveyor belt-------
---------baggage detected by sensor------------- 
Baggage weighs: 20.73 kg
baggage is on conveyor belt-------
---------baggage detected by sensor------------- 
Baggage weighs: 19.51 kg
baggage is on conveyor belt-------
---------baggage detected by sensor------------- 
Baggage weighs: 20.11 kg
baggage is on conveyor belt-------
---------baggage detected by sensor------------- 
Baggage weighs: 20.36 kg
baggage is on conveyor belt-------
---------baggage detected by sensor------------- 
Baggage weighs: 18.84 kg
baggage is on conveyor belt-------
---------baggage detected by sensor------------- 
Baggage weighs: 22.61 kg
baggage is on conveyor belt-------
---------baggage detected by sensor------------- 
Baggage weighs: 20.07 kg
baggage is on conveyor belt-------
---------baggage detected by sensor------------- 
Baggage weighs: 20.28 kg
baggage is on conveyor belt-------
---------baggage detected by sensor------------- 
Baggage weighs: 17.9 kg
baggage is on conveyor belt-------
---------baggage detected by sensor------------- 
Baggage weighs: 18.13 kg
baggage is on conveyor belt-------
---------baggage detected by sensor------------- 
Baggage weighs: 18.32 kg
baggage is on conveyor belt-------
---------baggage detected by sensor------------- 
Baggage weighs: 19.3 kg
baggage is on conveyor belt-------
---------baggage detected by sensor------------- 
Baggage weighs: 21.34 kg
baggage is on conveyor belt-------
---------baggage detected by sensor------------- 
Baggage weighs: 19.74 kg
baggage is on conveyor belt-------
---------baggage detected by sensor------------- 
Baggage weighs: 18.46 kg
baggage is on conveyor belt-------
---------baggage detected by sensor------------- 
Baggage weighs: 19.49 kg
baggage is on conveyor belt-------
---------baggage detected by sensor------------- 
Baggage weighs: 17.97 kg
baggage is on conveyor belt-------
---------baggage detected by sensor------------- 
Baggage weighs: 21.32 kg
baggage is on conveyor belt-------
---------baggage detected by sensor------------- 
Baggage weighs: 16.41 kg
baggage is on conveyor belt-------
---------baggage detected by sensor------------- 
Baggage weighs: 16.36 kg
baggage is on conveyor belt-------
---------baggage detected by sensor------------- 
Baggage weighs: 16.24 kg
baggage is on conveyor belt-------
---------baggage detected by sensor------------- 
Baggage weighs: 16.65 kg
baggage is on conveyor belt-------
---------baggage detected by sensor------------- 
Baggage weighs: 20.17 kg
baggage is on conveyor belt-------
---------baggage detected by sensor------------- 
Baggage weighs: 21.08 kg
baggage is on conveyor belt-------
---------baggage detected by sensor------------- 
Baggage weighs: 18.0 kg
baggage is on conveyor belt-------
---------baggage detected by sensor------------- 
Baggage weighs: 17.49 kg
baggage is on conveyor belt-------
---------baggage detected by sensor------------- 
Baggage weighs: 19.3 kg
baggage is on conveyor belt-------
---------baggage detected by sensor------------- 
Baggage weighs: 18.34 kg
baggage is on conveyor belt-------
---------baggage detected by sensor------------- 
Baggage weighs: 19.57 kg
baggage is on conveyor belt-------
---------baggage detected by sensor------------- 
Baggage weighs: 18.99 kg
baggage is on conveyor belt-------
---------baggage detected by sensor------------- 
Baggage weighs: 20.13 kg
baggage is on conveyor belt-------
---------baggage detected by sensor------------- 
Baggage weighs: 21.59 kg
baggage is on conveyor belt-------
---------baggage detected by sensor------------- 
Baggage weighs: 17.75 kg
baggage is on conveyor belt-------
---------baggage detected by sensor------------- 
Baggage weighs: 18.88 kg
baggage is on conveyor belt-------
---------baggage detected by sensor------------- 
Baggage weighs: 17.64 kg
baggage is on conveyor belt-------
---------baggage detected by sensor------------- 
Baggage weighs: 17.28 kg
baggage is on conveyor belt-------
---------baggage detected by sensor------------- 
Baggage weighs: 19.89 kg
baggage is on conveyor belt-------
---------baggage detected by sensor------------- 
Baggage weighs: 16.14 kg
baggage is on conveyor belt-------
---------baggage detected by sensor------------- 
Baggage weighs: 19.6 kg
baggage is on conveyor belt-------
---------baggage detected by sensor------------- 
Baggage weighs: 19.1 kg
baggage is on conveyor belt-------
---------baggage detected by sensor------------- 
Baggage weighs: 16.76 kg
baggage is on conveyor belt-------
---------baggage detected by sensor------------- 
Baggage weighs: 22.78 kg
baggage is on conveyor belt-------
---------baggage detected by sensor------------- 
Baggage weighs: 16.41 kg
baggage is on conveyor belt-------
---------baggage detected by sensor------------- 
Baggage weighs: 19.48 kg
baggage is on conveyor belt-------
---------baggage detected by sensor------------- 
Baggage weighs: 19.0 kg
baggage is on conveyor belt-------
---------baggage detected by sensor------------- 
Baggage weighs: 21.58 kg
baggage is on conveyor belt-------
---------baggage detected by sensor------------- 
Baggage weighs: 21.07 kg
baggage is on conveyor belt-------
---------baggage detected by sensor------------- 
Baggage weighs: 16.28 kg
baggage is on conveyor belt-------
---------baggage detected by sensor------------- 
Baggage weighs: 20.22 kg
baggage is on conveyor belt-------
---------baggage detected by sensor------------- 
Baggage weighs: 17.58 kg
baggage is on conveyor belt-------
---------baggage detected by sensor------------- 
Baggage weighs: 17.69 kg
baggage is on conveyor belt-------
---------baggage detected by sensor------------- 
Baggage weighs: 19.1 kg
baggage is on conveyor belt-------
---------baggage detected by sensor------------- 
Baggage weighs: 18.5 kg
baggage is on conveyor belt-------
---------baggage detected by sensor------------- 
Baggage weighs: 19.06 kg
baggage is on conveyor belt-------
---------baggage detected by sensor------------- 
Baggage weighs: 21.45 kg
baggage is on conveyor belt-------
---------baggage detected by sensor------------- 
Baggage weighs: 19.0 kg
baggage is on conveyor belt-------
---------baggage detected by sensor------------- 
Baggage weighs: 20.87 kg
baggage is on conveyor belt-------
---------baggage detected by sensor------------- 
Baggage weighs: 22.55 kg
baggage is on conveyor belt-------
---------baggage detected by sensor------------- 
Baggage weighs: 21.43 kg
Seat with ID: 39E has been reserved for you!

BOARDING PASS FOR ALVA JOYCE
-----------------------------------------------------------------------------
LUFTHANSA                      o0s8elauowbwrs9 /  Alva Joyce
Alva Joyce                                     /  o0s8elauowbwrs9
FRA   LH2121   E  30.Oct                       /  FRA
HKG                                            /  HKG
SEAT ID: 39E                                   /  LH2121 E 30.Oct
SEQ: 220                                      / GATE: A05   22:00
MAX 1  HANDLUGGAGE/ LUGGAGE
-----------------------------------------------------------------------------
sorry Alva Joyce we have no voucher for you! Have a nice day!

---------------------------------------------------------------------------------------------------------------
scanning passport with passport id: 4MFMBXPHG
searching for ticket in fast bag drop database..............
Ticket found for Dale Gamble and Flight LH2121
----searching flight seat for Dale Gamble---------
Found a seat with ID 39G
Below details were found in database
------------------------------------------
Name: Dale Gamble
Flight ID: LH2121
Source: FRA
Destination: HKG
Gate No: A05
Boarding time: 22:00
Ticket ID: p8n9m59gto6irc8
Booking Class: E
------------------------------------------

Proceed with check-in for flight LH2121 ?
Type YES to CHECK-IN or NO to cancel CHECK-IN
Dale Gamble is deciding whether to check-in or to go back home and sleep............
YES CHECK-IN
Checking you in...............
baggage is on conveyor belt-------
---------baggage detected by sensor------------- 
Baggage weighs: 21.58 kg
baggage is on conveyor belt-------
---------baggage detected by sensor------------- 
Baggage weighs: 20.43 kg
baggage is on conveyor belt-------
---------baggage detected by sensor------------- 
Baggage weighs: 18.47 kg
baggage is on conveyor belt-------
---------baggage detected by sensor------------- 
Baggage weighs: 17.86 kg
baggage is on conveyor belt-------
---------baggage detected by sensor------------- 
Baggage weighs: 18.65 kg
baggage is on conveyor belt-------
---------baggage detected by sensor------------- 
Baggage weighs: 19.27 kg
baggage is on conveyor belt-------
---------baggage detected by sensor------------- 
Baggage weighs: 17.42 kg
baggage is on conveyor belt-------
---------baggage detected by sensor------------- 
Baggage weighs: 19.16 kg
baggage is on conveyor belt-------
---------baggage detected by sensor------------- 
Baggage weighs: 19.52 kg
baggage is on conveyor belt-------
---------baggage detected by sensor------------- 
Baggage weighs: 17.51 kg
baggage is on conveyor belt-------
---------baggage detected by sensor------------- 
Baggage weighs: 17.38 kg
baggage is on conveyor belt-------
---------baggage detected by sensor------------- 
Baggage weighs: 18.67 kg
baggage is on conveyor belt-------
---------baggage detected by sensor------------- 
Baggage weighs: 16.98 kg
baggage is on conveyor belt-------
---------baggage detected by sensor------------- 
Baggage weighs: 21.26 kg
baggage is on conveyor belt-------
---------baggage detected by sensor------------- 
Baggage weighs: 18.3 kg
baggage is on conveyor belt-------
---------baggage detected by sensor------------- 
Baggage weighs: 16.81 kg
baggage is on conveyor belt-------
---------baggage detected by sensor------------- 
Baggage weighs: 20.91 kg
baggage is on conveyor belt-------
---------baggage detected by sensor------------- 
Baggage weighs: 21.21 kg
baggage is on conveyor belt-------
---------baggage detected by sensor------------- 
Baggage weighs: 19.69 kg
baggage is on conveyor belt-------
---------baggage detected by sensor------------- 
Baggage weighs: 18.67 kg
baggage is on conveyor belt-------
---------baggage detected by sensor------------- 
Baggage weighs: 19.12 kg
baggage is on conveyor belt-------
---------baggage detected by sensor------------- 
Baggage weighs: 16.42 kg
baggage is on conveyor belt-------
---------baggage detected by sensor------------- 
Baggage weighs: 19.17 kg
baggage is on conveyor belt-------
---------baggage detected by sensor------------- 
Baggage weighs: 19.0 kg
baggage is on conveyor belt-------
---------baggage detected by sensor------------- 
Baggage weighs: 18.78 kg
baggage is on conveyor belt-------
---------baggage detected by sensor------------- 
Baggage weighs: 20.31 kg
baggage is on conveyor belt-------
---------baggage detected by sensor------------- 
Baggage weighs: 21.25 kg
baggage is on conveyor belt-------
---------baggage detected by sensor------------- 
Baggage weighs: 18.87 kg
baggage is on conveyor belt-------
---------baggage detected by sensor------------- 
Baggage weighs: 16.25 kg
baggage is on conveyor belt-------
---------baggage detected by sensor------------- 
Baggage weighs: 19.94 kg
baggage is on conveyor belt-------
---------baggage detected by sensor------------- 
Baggage weighs: 16.88 kg
baggage is on conveyor belt-------
---------baggage detected by sensor------------- 
Baggage weighs: 18.24 kg
baggage is on conveyor belt-------
---------baggage detected by sensor------------- 
Baggage weighs: 17.16 kg
baggage is on conveyor belt-------
---------baggage detected by sensor------------- 
Baggage weighs: 19.34 kg
baggage is on conveyor belt-------
---------baggage detected by sensor------------- 
Baggage weighs: 22.41 kg
baggage is on conveyor belt-------
---------baggage detected by sensor------------- 
Baggage weighs: 20.47 kg
baggage is on conveyor belt-------
---------baggage detected by sensor------------- 
Baggage weighs: 18.81 kg
baggage is on conveyor belt-------
---------baggage detected by sensor------------- 
Baggage weighs: 18.56 kg
baggage is on conveyor belt-------
---------baggage detected by sensor------------- 
Baggage weighs: 17.77 kg
baggage is on conveyor belt-------
---------baggage detected by sensor------------- 
Baggage weighs: 19.32 kg
baggage is on conveyor belt-------
---------baggage detected by sensor------------- 
Baggage weighs: 19.21 kg
baggage is on conveyor belt-------
---------baggage detected by sensor------------- 
Baggage weighs: 19.13 kg
baggage is on conveyor belt-------
---------baggage detected by sensor------------- 
Baggage weighs: 20.39 kg
baggage is on conveyor belt-------
---------baggage detected by sensor------------- 
Baggage weighs: 21.03 kg
baggage is on conveyor belt-------
---------baggage detected by sensor------------- 
Baggage weighs: 20.05 kg
baggage is on conveyor belt-------
---------baggage detected by sensor------------- 
Baggage weighs: 21.92 kg
baggage is on conveyor belt-------
---------baggage detected by sensor------------- 
Baggage weighs: 19.37 kg
baggage is on conveyor belt-------
---------baggage detected by sensor------------- 
Baggage weighs: 20.35 kg
baggage is on conveyor belt-------
---------baggage detected by sensor------------- 
Baggage weighs: 18.73 kg
baggage is on conveyor belt-------
---------baggage detected by sensor------------- 
Baggage weighs: 20.33 kg
baggage is on conveyor belt-------
---------baggage detected by sensor------------- 
Baggage weighs: 22.01 kg
baggage is on conveyor belt-------
---------baggage detected by sensor------------- 
Baggage weighs: 19.27 kg
baggage is on conveyor belt-------
---------baggage detected by sensor------------- 
Baggage weighs: 21.18 kg
baggage is on conveyor belt-------
---------baggage detected by sensor------------- 
Baggage weighs: 17.16 kg
baggage is on conveyor belt-------
---------baggage detected by sensor------------- 
Baggage weighs: 20.04 kg
baggage is on conveyor belt-------
---------baggage detected by sensor------------- 
Baggage weighs: 20.91 kg
baggage is on conveyor belt-------
---------baggage detected by sensor------------- 
Baggage weighs: 20.3 kg
baggage is on conveyor belt-------
---------baggage detected by sensor------------- 
Baggage weighs: 20.38 kg
baggage is on conveyor belt-------
---------baggage detected by sensor------------- 
Baggage weighs: 16.54 kg
baggage is on conveyor belt-------
---------baggage detected by sensor------------- 
Baggage weighs: 18.87 kg
baggage is on conveyor belt-------
---------baggage detected by sensor------------- 
Baggage weighs: 20.22 kg
baggage is on conveyor belt-------
---------baggage detected by sensor------------- 
Baggage weighs: 20.75 kg
baggage is on conveyor belt-------
---------baggage detected by sensor------------- 
Baggage weighs: 17.4 kg
baggage is on conveyor belt-------
---------baggage detected by sensor------------- 
Baggage weighs: 20.27 kg
baggage is on conveyor belt-------
---------baggage detected by sensor------------- 
Baggage weighs: 17.04 kg
baggage is on conveyor belt-------
---------baggage detected by sensor------------- 
Baggage weighs: 19.84 kg
baggage is on conveyor belt-------
---------baggage detected by sensor------------- 
Baggage weighs: 17.34 kg
baggage is on conveyor belt-------
---------baggage detected by sensor------------- 
Baggage weighs: 18.75 kg
baggage is on conveyor belt-------
---------baggage detected by sensor------------- 
Baggage weighs: 19.12 kg
baggage is on conveyor belt-------
---------baggage detected by sensor------------- 
Baggage weighs: 18.29 kg
baggage is on conveyor belt-------
---------baggage detected by sensor------------- 
Baggage weighs: 17.94 kg
baggage is on conveyor belt-------
---------baggage detected by sensor------------- 
Baggage weighs: 19.09 kg
baggage is on conveyor belt-------
---------baggage detected by sensor------------- 
Baggage weighs: 22.39 kg
baggage is on conveyor belt-------
---------baggage detected by sensor------------- 
Baggage weighs: 21.23 kg
baggage is on conveyor belt-------
---------baggage detected by sensor------------- 
Baggage weighs: 17.56 kg
baggage is on conveyor belt-------
---------baggage detected by sensor------------- 
Baggage weighs: 18.37 kg
baggage is on conveyor belt-------
---------baggage detected by sensor------------- 
Baggage weighs: 21.4 kg
baggage is on conveyor belt-------
---------baggage detected by sensor------------- 
Baggage weighs: 20.25 kg
baggage is on conveyor belt-------
---------baggage detected by sensor------------- 
Baggage weighs: 23.0 kg
baggage is on conveyor belt-------
---------baggage detected by sensor------------- 
Baggage weighs: 17.01 kg
baggage is on conveyor belt-------
---------baggage detected by sensor------------- 
Baggage weighs: 17.39 kg
baggage is on conveyor belt-------
---------baggage detected by sensor------------- 
Baggage weighs: 16.7 kg
baggage is on conveyor belt-------
---------baggage detected by sensor------------- 
Baggage weighs: 16.23 kg
baggage is on conveyor belt-------
---------baggage detected by sensor------------- 
Baggage weighs: 19.13 kg
baggage is on conveyor belt-------
---------baggage detected by sensor------------- 
Baggage weighs: 21.07 kg
baggage is on conveyor belt-------
---------baggage detected by sensor------------- 
Baggage weighs: 17.87 kg
baggage is on conveyor belt-------
---------baggage detected by sensor------------- 
Baggage weighs: 19.92 kg
baggage is on conveyor belt-------
---------baggage detected by sensor------------- 
Baggage weighs: 19.22 kg
baggage is on conveyor belt-------
---------baggage detected by sensor------------- 
Baggage weighs: 21.53 kg
baggage is on conveyor belt-------
---------baggage detected by sensor------------- 
Baggage weighs: 20.29 kg
baggage is on conveyor belt-------
---------baggage detected by sensor------------- 
Baggage weighs: 19.32 kg
baggage is on conveyor belt-------
---------baggage detected by sensor------------- 
Baggage weighs: 17.25 kg
baggage is on conveyor belt-------
---------baggage detected by sensor------------- 
Baggage weighs: 21.3 kg
baggage is on conveyor belt-------
---------baggage detected by sensor------------- 
Baggage weighs: 16.79 kg
baggage is on conveyor belt-------
---------baggage detected by sensor------------- 
Baggage weighs: 19.55 kg
baggage is on conveyor belt-------
---------baggage detected by sensor------------- 
Baggage weighs: 18.88 kg
baggage is on conveyor belt-------
---------baggage detected by sensor------------- 
Baggage weighs: 22.33 kg
baggage is on conveyor belt-------
---------baggage detected by sensor------------- 
Baggage weighs: 20.62 kg
baggage is on conveyor belt-------
---------baggage detected by sensor------------- 
Baggage weighs: 19.42 kg
baggage is on conveyor belt-------
---------baggage detected by sensor------------- 
Baggage weighs: 17.54 kg
baggage is on conveyor belt-------
---------baggage detected by sensor------------- 
Baggage weighs: 21.51 kg
baggage is on conveyor belt-------
---------baggage detected by sensor------------- 
Baggage weighs: 19.46 kg
baggage is on conveyor belt-------
---------baggage detected by sensor------------- 
Baggage weighs: 17.83 kg
baggage is on conveyor belt-------
---------baggage detected by sensor------------- 
Baggage weighs: 17.75 kg
baggage is on conveyor belt-------
---------baggage detected by sensor------------- 
Baggage weighs: 17.44 kg
baggage is on conveyor belt-------
---------baggage detected by sensor------------- 
Baggage weighs: 19.53 kg
baggage is on conveyor belt-------
---------baggage detected by sensor------------- 
Baggage weighs: 17.51 kg
baggage is on conveyor belt-------
---------baggage detected by sensor------------- 
Baggage weighs: 18.2 kg
baggage is on conveyor belt-------
---------baggage detected by sensor------------- 
Baggage weighs: 21.55 kg
baggage is on conveyor belt-------
---------baggage detected by sensor------------- 
Baggage weighs: 19.67 kg
baggage is on conveyor belt-------
---------baggage detected by sensor------------- 
Baggage weighs: 19.52 kg
baggage is on conveyor belt-------
---------baggage detected by sensor------------- 
Baggage weighs: 21.06 kg
baggage is on conveyor belt-------
---------baggage detected by sensor------------- 
Baggage weighs: 17.44 kg
baggage is on conveyor belt-------
---------baggage detected by sensor------------- 
Baggage weighs: 19.21 kg
baggage is on conveyor belt-------
---------baggage detected by sensor------------- 
Baggage weighs: 21.65 kg
baggage is on conveyor belt-------
---------baggage detected by sensor------------- 
Baggage weighs: 19.64 kg
baggage is on conveyor belt-------
---------baggage detected by sensor------------- 
Baggage weighs: 21.03 kg
baggage is on conveyor belt-------
---------baggage detected by sensor------------- 
Baggage weighs: 19.76 kg
baggage is on conveyor belt-------
---------baggage detected by sensor------------- 
Baggage weighs: 21.01 kg
baggage is on conveyor belt-------
---------baggage detected by sensor------------- 
Baggage weighs: 19.11 kg
baggage is on conveyor belt-------
---------baggage detected by sensor------------- 
Baggage weighs: 18.54 kg
baggage is on conveyor belt-------
---------baggage detected by sensor------------- 
Baggage weighs: 16.86 kg
baggage is on conveyor belt-------
---------baggage detected by sensor------------- 
Baggage weighs: 16.59 kg
baggage is on conveyor belt-------
---------baggage detected by sensor------------- 
Baggage weighs: 19.26 kg
baggage is on conveyor belt-------
---------baggage detected by sensor------------- 
Baggage weighs: 18.34 kg
baggage is on conveyor belt-------
---------baggage detected by sensor------------- 
Baggage weighs: 19.09 kg
baggage is on conveyor belt-------
---------baggage detected by sensor------------- 
Baggage weighs: 22.38 kg
baggage is on conveyor belt-------
---------baggage detected by sensor------------- 
Baggage weighs: 22.12 kg
baggage is on conveyor belt-------
---------baggage detected by sensor------------- 
Baggage weighs: 16.75 kg
baggage is on conveyor belt-------
---------baggage detected by sensor------------- 
Baggage weighs: 20.36 kg
baggage is on conveyor belt-------
---------baggage detected by sensor------------- 
Baggage weighs: 20.94 kg
baggage is on conveyor belt-------
---------baggage detected by sensor------------- 
Baggage weighs: 19.8 kg
baggage is on conveyor belt-------
---------baggage detected by sensor------------- 
Baggage weighs: 19.12 kg
baggage is on conveyor belt-------
---------baggage detected by sensor------------- 
Baggage weighs: 16.93 kg
baggage is on conveyor belt-------
---------baggage detected by sensor------------- 
Baggage weighs: 20.48 kg
baggage is on conveyor belt-------
---------baggage detected by sensor------------- 
Baggage weighs: 17.63 kg
baggage is on conveyor belt-------
---------baggage detected by sensor------------- 
Baggage weighs: 19.86 kg
baggage is on conveyor belt-------
---------baggage detected by sensor------------- 
Baggage weighs: 19.4 kg
baggage is on conveyor belt-------
---------baggage detected by sensor------------- 
Baggage weighs: 19.0 kg
baggage is on conveyor belt-------
---------baggage detected by sensor------------- 
Baggage weighs: 20.5 kg
baggage is on conveyor belt-------
---------baggage detected by sensor------------- 
Baggage weighs: 21.9 kg
baggage is on conveyor belt-------
---------baggage detected by sensor------------- 
Baggage weighs: 19.82 kg
baggage is on conveyor belt-------
---------baggage detected by sensor------------- 
Baggage weighs: 18.98 kg
baggage is on conveyor belt-------
---------baggage detected by sensor------------- 
Baggage weighs: 19.28 kg
baggage is on conveyor belt-------
---------baggage detected by sensor------------- 
Baggage weighs: 18.06 kg
baggage is on conveyor belt-------
---------baggage detected by sensor------------- 
Baggage weighs: 20.2 kg
baggage is on conveyor belt-------
---------baggage detected by sensor------------- 
Baggage weighs: 19.74 kg
baggage is on conveyor belt-------
---------baggage detected by sensor------------- 
Baggage weighs: 17.44 kg
baggage is on conveyor belt-------
---------baggage detected by sensor------------- 
Baggage weighs: 19.36 kg
baggage is on conveyor belt-------
---------baggage detected by sensor------------- 
Baggage weighs: 20.4 kg
baggage is on conveyor belt-------
---------baggage detected by sensor------------- 
Baggage weighs: 18.92 kg
baggage is on conveyor belt-------
---------baggage detected by sensor------------- 
Baggage weighs: 18.48 kg
baggage is on conveyor belt-------
---------baggage detected by sensor------------- 
Baggage weighs: 17.34 kg
baggage is on conveyor belt-------
---------baggage detected by sensor------------- 
Baggage weighs: 20.57 kg
baggage is on conveyor belt-------
---------baggage detected by sensor------------- 
Baggage weighs: 17.19 kg
baggage is on conveyor belt-------
---------baggage detected by sensor------------- 
Baggage weighs: 18.25 kg
baggage is on conveyor belt-------
---------baggage detected by sensor------------- 
Baggage weighs: 19.29 kg
baggage is on conveyor belt-------
---------baggage detected by sensor------------- 
Baggage weighs: 16.86 kg
baggage is on conveyor belt-------
---------baggage detected by sensor------------- 
Baggage weighs: 19.34 kg
baggage is on conveyor belt-------
---------baggage detected by sensor------------- 
Baggage weighs: 19.32 kg
baggage is on conveyor belt-------
---------baggage detected by sensor------------- 
Baggage weighs: 18.15 kg
baggage is on conveyor belt-------
---------baggage detected by sensor------------- 
Baggage weighs: 18.98 kg
baggage is on conveyor belt-------
---------baggage detected by sensor------------- 
Baggage weighs: 21.84 kg
baggage is on conveyor belt-------
---------baggage detected by sensor------------- 
Baggage weighs: 20.53 kg
baggage is on conveyor belt-------
---------baggage detected by sensor------------- 
Baggage weighs: 20.62 kg
baggage is on conveyor belt-------
---------baggage detected by sensor------------- 
Baggage weighs: 20.7 kg
baggage is on conveyor belt-------
---------baggage detected by sensor------------- 
Baggage weighs: 19.64 kg
baggage is on conveyor belt-------
---------baggage detected by sensor------------- 
Baggage weighs: 16.11 kg
baggage is on conveyor belt-------
---------baggage detected by sensor------------- 
Baggage weighs: 22.24 kg
baggage is on conveyor belt-------
---------baggage detected by sensor------------- 
Baggage weighs: 21.47 kg
baggage is on conveyor belt-------
---------baggage detected by sensor------------- 
Baggage weighs: 20.73 kg
baggage is on conveyor belt-------
---------baggage detected by sensor------------- 
Baggage weighs: 19.51 kg
baggage is on conveyor belt-------
---------baggage detected by sensor------------- 
Baggage weighs: 20.11 kg
baggage is on conveyor belt-------
---------baggage detected by sensor------------- 
Baggage weighs: 20.36 kg
baggage is on conveyor belt-------
---------baggage detected by sensor------------- 
Baggage weighs: 18.84 kg
baggage is on conveyor belt-------
---------baggage detected by sensor------------- 
Baggage weighs: 22.61 kg
baggage is on conveyor belt-------
---------baggage detected by sensor------------- 
Baggage weighs: 20.07 kg
baggage is on conveyor belt-------
---------baggage detected by sensor------------- 
Baggage weighs: 20.28 kg
baggage is on conveyor belt-------
---------baggage detected by sensor------------- 
Baggage weighs: 17.9 kg
baggage is on conveyor belt-------
---------baggage detected by sensor------------- 
Baggage weighs: 18.13 kg
baggage is on conveyor belt-------
---------baggage detected by sensor------------- 
Baggage weighs: 18.32 kg
baggage is on conveyor belt-------
---------baggage detected by sensor------------- 
Baggage weighs: 19.3 kg
baggage is on conveyor belt-------
---------baggage detected by sensor------------- 
Baggage weighs: 21.34 kg
baggage is on conveyor belt-------
---------baggage detected by sensor------------- 
Baggage weighs: 19.74 kg
baggage is on conveyor belt-------
---------baggage detected by sensor------------- 
Baggage weighs: 18.46 kg
baggage is on conveyor belt-------
---------baggage detected by sensor------------- 
Baggage weighs: 19.49 kg
baggage is on conveyor belt-------
---------baggage detected by sensor------------- 
Baggage weighs: 17.97 kg
baggage is on conveyor belt-------
---------baggage detected by sensor------------- 
Baggage weighs: 21.32 kg
baggage is on conveyor belt-------
---------baggage detected by sensor------------- 
Baggage weighs: 16.41 kg
baggage is on conveyor belt-------
---------baggage detected by sensor------------- 
Baggage weighs: 16.36 kg
baggage is on conveyor belt-------
---------baggage detected by sensor------------- 
Baggage weighs: 16.24 kg
baggage is on conveyor belt-------
---------baggage detected by sensor------------- 
Baggage weighs: 16.65 kg
baggage is on conveyor belt-------
---------baggage detected by sensor------------- 
Baggage weighs: 20.17 kg
baggage is on conveyor belt-------
---------baggage detected by sensor------------- 
Baggage weighs: 21.08 kg
baggage is on conveyor belt-------
---------baggage detected by sensor------------- 
Baggage weighs: 18.0 kg
baggage is on conveyor belt-------
---------baggage detected by sensor------------- 
Baggage weighs: 17.49 kg
baggage is on conveyor belt-------
---------baggage detected by sensor------------- 
Baggage weighs: 19.3 kg
baggage is on conveyor belt-------
---------baggage detected by sensor------------- 
Baggage weighs: 18.34 kg
baggage is on conveyor belt-------
---------baggage detected by sensor------------- 
Baggage weighs: 19.57 kg
baggage is on conveyor belt-------
---------baggage detected by sensor------------- 
Baggage weighs: 18.99 kg
baggage is on conveyor belt-------
---------baggage detected by sensor------------- 
Baggage weighs: 20.13 kg
baggage is on conveyor belt-------
---------baggage detected by sensor------------- 
Baggage weighs: 21.59 kg
baggage is on conveyor belt-------
---------baggage detected by sensor------------- 
Baggage weighs: 17.75 kg
baggage is on conveyor belt-------
---------baggage detected by sensor------------- 
Baggage weighs: 18.88 kg
baggage is on conveyor belt-------
---------baggage detected by sensor------------- 
Baggage weighs: 17.64 kg
baggage is on conveyor belt-------
---------baggage detected by sensor------------- 
Baggage weighs: 17.28 kg
baggage is on conveyor belt-------
---------baggage detected by sensor------------- 
Baggage weighs: 19.89 kg
baggage is on conveyor belt-------
---------baggage detected by sensor------------- 
Baggage weighs: 16.14 kg
baggage is on conveyor belt-------
---------baggage detected by sensor------------- 
Baggage weighs: 19.6 kg
baggage is on conveyor belt-------
---------baggage detected by sensor------------- 
Baggage weighs: 19.1 kg
baggage is on conveyor belt-------
---------baggage detected by sensor------------- 
Baggage weighs: 16.76 kg
baggage is on conveyor belt-------
---------baggage detected by sensor------------- 
Baggage weighs: 22.78 kg
baggage is on conveyor belt-------
---------baggage detected by sensor------------- 
Baggage weighs: 16.41 kg
baggage is on conveyor belt-------
---------baggage detected by sensor------------- 
Baggage weighs: 19.48 kg
baggage is on conveyor belt-------
---------baggage detected by sensor------------- 
Baggage weighs: 19.0 kg
baggage is on conveyor belt-------
---------baggage detected by sensor------------- 
Baggage weighs: 21.58 kg
baggage is on conveyor belt-------
---------baggage detected by sensor------------- 
Baggage weighs: 21.07 kg
baggage is on conveyor belt-------
---------baggage detected by sensor------------- 
Baggage weighs: 16.28 kg
baggage is on conveyor belt-------
---------baggage detected by sensor------------- 
Baggage weighs: 20.22 kg
baggage is on conveyor belt-------
---------baggage detected by sensor------------- 
Baggage weighs: 17.58 kg
baggage is on conveyor belt-------
---------baggage detected by sensor------------- 
Baggage weighs: 17.69 kg
baggage is on conveyor belt-------
---------baggage detected by sensor------------- 
Baggage weighs: 19.1 kg
baggage is on conveyor belt-------
---------baggage detected by sensor------------- 
Baggage weighs: 18.5 kg
baggage is on conveyor belt-------
---------baggage detected by sensor------------- 
Baggage weighs: 19.06 kg
baggage is on conveyor belt-------
---------baggage detected by sensor------------- 
Baggage weighs: 21.45 kg
baggage is on conveyor belt-------
---------baggage detected by sensor------------- 
Baggage weighs: 19.0 kg
baggage is on conveyor belt-------
---------baggage detected by sensor------------- 
Baggage weighs: 20.87 kg
baggage is on conveyor belt-------
---------baggage detected by sensor------------- 
Baggage weighs: 22.55 kg
baggage is on conveyor belt-------
---------baggage detected by sensor------------- 
Baggage weighs: 21.43 kg
baggage is on conveyor belt-------
---------baggage detected by sensor------------- 
Baggage weighs: 16.99 kg
Seat with ID: 39G has been reserved for you!

BOARDING PASS FOR DALE GAMBLE
-----------------------------------------------------------------------------
LUFTHANSA                      p8n9m59gto6irc8 /  Dale Gamble
Dale Gamble                                     /  p8n9m59gto6irc8
FRA   LH2121   E  30.Oct                       /  FRA
HKG                                            /  HKG
SEAT ID: 39G                                   /  LH2121 E 30.Oct
SEQ: 221                                      / GATE: A05   22:00
MAX 1  HANDLUGGAGE/ LUGGAGE
-----------------------------------------------------------------------------
sorry Dale Gamble we have no voucher for you! Have a nice day!

---------------------------------------------------------------------------------------------------------------
scanning passport with passport id: 4712QLB51
searching for ticket in fast bag drop database..............
Ticket found for Goldie Melendez and Flight LH2121
----searching flight seat for Goldie Melendez---------
Found a seat with ID 39H
Below details were found in database
------------------------------------------
Name: Goldie Melendez
Flight ID: LH2121
Source: FRA
Destination: HKG
Gate No: A05
Boarding time: 22:00
Ticket ID: 0fsgyvpsbk26f9u
Booking Class: E
------------------------------------------

Proceed with check-in for flight LH2121 ?
Type YES to CHECK-IN or NO to cancel CHECK-IN
Goldie Melendez is deciding whether to check-in or to go back home and sleep............
YES CHECK-IN
Checking you in...............
baggage is on conveyor belt-------
---------baggage detected by sensor------------- 
Baggage weighs: 21.58 kg
baggage is on conveyor belt-------
---------baggage detected by sensor------------- 
Baggage weighs: 20.43 kg
baggage is on conveyor belt-------
---------baggage detected by sensor------------- 
Baggage weighs: 18.47 kg
baggage is on conveyor belt-------
---------baggage detected by sensor------------- 
Baggage weighs: 17.86 kg
baggage is on conveyor belt-------
---------baggage detected by sensor------------- 
Baggage weighs: 18.65 kg
baggage is on conveyor belt-------
---------baggage detected by sensor------------- 
Baggage weighs: 19.27 kg
baggage is on conveyor belt-------
---------baggage detected by sensor------------- 
Baggage weighs: 17.42 kg
baggage is on conveyor belt-------
---------baggage detected by sensor------------- 
Baggage weighs: 19.16 kg
baggage is on conveyor belt-------
---------baggage detected by sensor------------- 
Baggage weighs: 19.52 kg
baggage is on conveyor belt-------
---------baggage detected by sensor------------- 
Baggage weighs: 17.51 kg
baggage is on conveyor belt-------
---------baggage detected by sensor------------- 
Baggage weighs: 17.38 kg
baggage is on conveyor belt-------
---------baggage detected by sensor------------- 
Baggage weighs: 18.67 kg
baggage is on conveyor belt-------
---------baggage detected by sensor------------- 
Baggage weighs: 16.98 kg
baggage is on conveyor belt-------
---------baggage detected by sensor------------- 
Baggage weighs: 21.26 kg
baggage is on conveyor belt-------
---------baggage detected by sensor------------- 
Baggage weighs: 18.3 kg
baggage is on conveyor belt-------
---------baggage detected by sensor------------- 
Baggage weighs: 16.81 kg
baggage is on conveyor belt-------
---------baggage detected by sensor------------- 
Baggage weighs: 20.91 kg
baggage is on conveyor belt-------
---------baggage detected by sensor------------- 
Baggage weighs: 21.21 kg
baggage is on conveyor belt-------
---------baggage detected by sensor------------- 
Baggage weighs: 19.69 kg
baggage is on conveyor belt-------
---------baggage detected by sensor------------- 
Baggage weighs: 18.67 kg
baggage is on conveyor belt-------
---------baggage detected by sensor------------- 
Baggage weighs: 19.12 kg
baggage is on conveyor belt-------
---------baggage detected by sensor------------- 
Baggage weighs: 16.42 kg
baggage is on conveyor belt-------
---------baggage detected by sensor------------- 
Baggage weighs: 19.17 kg
baggage is on conveyor belt-------
---------baggage detected by sensor------------- 
Baggage weighs: 19.0 kg
baggage is on conveyor belt-------
---------baggage detected by sensor------------- 
Baggage weighs: 18.78 kg
baggage is on conveyor belt-------
---------baggage detected by sensor------------- 
Baggage weighs: 20.31 kg
baggage is on conveyor belt-------
---------baggage detected by sensor------------- 
Baggage weighs: 21.25 kg
baggage is on conveyor belt-------
---------baggage detected by sensor------------- 
Baggage weighs: 18.87 kg
baggage is on conveyor belt-------
---------baggage detected by sensor------------- 
Baggage weighs: 16.25 kg
baggage is on conveyor belt-------
---------baggage detected by sensor------------- 
Baggage weighs: 19.94 kg
baggage is on conveyor belt-------
---------baggage detected by sensor------------- 
Baggage weighs: 16.88 kg
baggage is on conveyor belt-------
---------baggage detected by sensor------------- 
Baggage weighs: 18.24 kg
baggage is on conveyor belt-------
---------baggage detected by sensor------------- 
Baggage weighs: 17.16 kg
baggage is on conveyor belt-------
---------baggage detected by sensor------------- 
Baggage weighs: 19.34 kg
baggage is on conveyor belt-------
---------baggage detected by sensor------------- 
Baggage weighs: 22.41 kg
baggage is on conveyor belt-------
---------baggage detected by sensor------------- 
Baggage weighs: 20.47 kg
baggage is on conveyor belt-------
---------baggage detected by sensor------------- 
Baggage weighs: 18.81 kg
baggage is on conveyor belt-------
---------baggage detected by sensor------------- 
Baggage weighs: 18.56 kg
baggage is on conveyor belt-------
---------baggage detected by sensor------------- 
Baggage weighs: 17.77 kg
baggage is on conveyor belt-------
---------baggage detected by sensor------------- 
Baggage weighs: 19.32 kg
baggage is on conveyor belt-------
---------baggage detected by sensor------------- 
Baggage weighs: 19.21 kg
baggage is on conveyor belt-------
---------baggage detected by sensor------------- 
Baggage weighs: 19.13 kg
baggage is on conveyor belt-------
---------baggage detected by sensor------------- 
Baggage weighs: 20.39 kg
baggage is on conveyor belt-------
---------baggage detected by sensor------------- 
Baggage weighs: 21.03 kg
baggage is on conveyor belt-------
---------baggage detected by sensor------------- 
Baggage weighs: 20.05 kg
baggage is on conveyor belt-------
---------baggage detected by sensor------------- 
Baggage weighs: 21.92 kg
baggage is on conveyor belt-------
---------baggage detected by sensor------------- 
Baggage weighs: 19.37 kg
baggage is on conveyor belt-------
---------baggage detected by sensor------------- 
Baggage weighs: 20.35 kg
baggage is on conveyor belt-------
---------baggage detected by sensor------------- 
Baggage weighs: 18.73 kg
baggage is on conveyor belt-------
---------baggage detected by sensor------------- 
Baggage weighs: 20.33 kg
baggage is on conveyor belt-------
---------baggage detected by sensor------------- 
Baggage weighs: 22.01 kg
baggage is on conveyor belt-------
---------baggage detected by sensor------------- 
Baggage weighs: 19.27 kg
baggage is on conveyor belt-------
---------baggage detected by sensor------------- 
Baggage weighs: 21.18 kg
baggage is on conveyor belt-------
---------baggage detected by sensor------------- 
Baggage weighs: 17.16 kg
baggage is on conveyor belt-------
---------baggage detected by sensor------------- 
Baggage weighs: 20.04 kg
baggage is on conveyor belt-------
---------baggage detected by sensor------------- 
Baggage weighs: 20.91 kg
baggage is on conveyor belt-------
---------baggage detected by sensor------------- 
Baggage weighs: 20.3 kg
baggage is on conveyor belt-------
---------baggage detected by sensor------------- 
Baggage weighs: 20.38 kg
baggage is on conveyor belt-------
---------baggage detected by sensor------------- 
Baggage weighs: 16.54 kg
baggage is on conveyor belt-------
---------baggage detected by sensor------------- 
Baggage weighs: 18.87 kg
baggage is on conveyor belt-------
---------baggage detected by sensor------------- 
Baggage weighs: 20.22 kg
baggage is on conveyor belt-------
---------baggage detected by sensor------------- 
Baggage weighs: 20.75 kg
baggage is on conveyor belt-------
---------baggage detected by sensor------------- 
Baggage weighs: 17.4 kg
baggage is on conveyor belt-------
---------baggage detected by sensor------------- 
Baggage weighs: 20.27 kg
baggage is on conveyor belt-------
---------baggage detected by sensor------------- 
Baggage weighs: 17.04 kg
baggage is on conveyor belt-------
---------baggage detected by sensor------------- 
Baggage weighs: 19.84 kg
baggage is on conveyor belt-------
---------baggage detected by sensor------------- 
Baggage weighs: 17.34 kg
baggage is on conveyor belt-------
---------baggage detected by sensor------------- 
Baggage weighs: 18.75 kg
baggage is on conveyor belt-------
---------baggage detected by sensor------------- 
Baggage weighs: 19.12 kg
baggage is on conveyor belt-------
---------baggage detected by sensor------------- 
Baggage weighs: 18.29 kg
baggage is on conveyor belt-------
---------baggage detected by sensor------------- 
Baggage weighs: 17.94 kg
baggage is on conveyor belt-------
---------baggage detected by sensor------------- 
Baggage weighs: 19.09 kg
baggage is on conveyor belt-------
---------baggage detected by sensor------------- 
Baggage weighs: 22.39 kg
baggage is on conveyor belt-------
---------baggage detected by sensor------------- 
Baggage weighs: 21.23 kg
baggage is on conveyor belt-------
---------baggage detected by sensor------------- 
Baggage weighs: 17.56 kg
baggage is on conveyor belt-------
---------baggage detected by sensor------------- 
Baggage weighs: 18.37 kg
baggage is on conveyor belt-------
---------baggage detected by sensor------------- 
Baggage weighs: 21.4 kg
baggage is on conveyor belt-------
---------baggage detected by sensor------------- 
Baggage weighs: 20.25 kg
baggage is on conveyor belt-------
---------baggage detected by sensor------------- 
Baggage weighs: 23.0 kg
baggage is on conveyor belt-------
---------baggage detected by sensor------------- 
Baggage weighs: 17.01 kg
baggage is on conveyor belt-------
---------baggage detected by sensor------------- 
Baggage weighs: 17.39 kg
baggage is on conveyor belt-------
---------baggage detected by sensor------------- 
Baggage weighs: 16.7 kg
baggage is on conveyor belt-------
---------baggage detected by sensor------------- 
Baggage weighs: 16.23 kg
baggage is on conveyor belt-------
---------baggage detected by sensor------------- 
Baggage weighs: 19.13 kg
baggage is on conveyor belt-------
---------baggage detected by sensor------------- 
Baggage weighs: 21.07 kg
baggage is on conveyor belt-------
---------baggage detected by sensor------------- 
Baggage weighs: 17.87 kg
baggage is on conveyor belt-------
---------baggage detected by sensor------------- 
Baggage weighs: 19.92 kg
baggage is on conveyor belt-------
---------baggage detected by sensor------------- 
Baggage weighs: 19.22 kg
baggage is on conveyor belt-------
---------baggage detected by sensor------------- 
Baggage weighs: 21.53 kg
baggage is on conveyor belt-------
---------baggage detected by sensor------------- 
Baggage weighs: 20.29 kg
baggage is on conveyor belt-------
---------baggage detected by sensor------------- 
Baggage weighs: 19.32 kg
baggage is on conveyor belt-------
---------baggage detected by sensor------------- 
Baggage weighs: 17.25 kg
baggage is on conveyor belt-------
---------baggage detected by sensor------------- 
Baggage weighs: 21.3 kg
baggage is on conveyor belt-------
---------baggage detected by sensor------------- 
Baggage weighs: 16.79 kg
baggage is on conveyor belt-------
---------baggage detected by sensor------------- 
Baggage weighs: 19.55 kg
baggage is on conveyor belt-------
---------baggage detected by sensor------------- 
Baggage weighs: 18.88 kg
baggage is on conveyor belt-------
---------baggage detected by sensor------------- 
Baggage weighs: 22.33 kg
baggage is on conveyor belt-------
---------baggage detected by sensor------------- 
Baggage weighs: 20.62 kg
baggage is on conveyor belt-------
---------baggage detected by sensor------------- 
Baggage weighs: 19.42 kg
baggage is on conveyor belt-------
---------baggage detected by sensor------------- 
Baggage weighs: 17.54 kg
baggage is on conveyor belt-------
---------baggage detected by sensor------------- 
Baggage weighs: 21.51 kg
baggage is on conveyor belt-------
---------baggage detected by sensor------------- 
Baggage weighs: 19.46 kg
baggage is on conveyor belt-------
---------baggage detected by sensor------------- 
Baggage weighs: 17.83 kg
baggage is on conveyor belt-------
---------baggage detected by sensor------------- 
Baggage weighs: 17.75 kg
baggage is on conveyor belt-------
---------baggage detected by sensor------------- 
Baggage weighs: 17.44 kg
baggage is on conveyor belt-------
---------baggage detected by sensor------------- 
Baggage weighs: 19.53 kg
baggage is on conveyor belt-------
---------baggage detected by sensor------------- 
Baggage weighs: 17.51 kg
baggage is on conveyor belt-------
---------baggage detected by sensor------------- 
Baggage weighs: 18.2 kg
baggage is on conveyor belt-------
---------baggage detected by sensor------------- 
Baggage weighs: 21.55 kg
baggage is on conveyor belt-------
---------baggage detected by sensor------------- 
Baggage weighs: 19.67 kg
baggage is on conveyor belt-------
---------baggage detected by sensor------------- 
Baggage weighs: 19.52 kg
baggage is on conveyor belt-------
---------baggage detected by sensor------------- 
Baggage weighs: 21.06 kg
baggage is on conveyor belt-------
---------baggage detected by sensor------------- 
Baggage weighs: 17.44 kg
baggage is on conveyor belt-------
---------baggage detected by sensor------------- 
Baggage weighs: 19.21 kg
baggage is on conveyor belt-------
---------baggage detected by sensor------------- 
Baggage weighs: 21.65 kg
baggage is on conveyor belt-------
---------baggage detected by sensor------------- 
Baggage weighs: 19.64 kg
baggage is on conveyor belt-------
---------baggage detected by sensor------------- 
Baggage weighs: 21.03 kg
baggage is on conveyor belt-------
---------baggage detected by sensor------------- 
Baggage weighs: 19.76 kg
baggage is on conveyor belt-------
---------baggage detected by sensor------------- 
Baggage weighs: 21.01 kg
baggage is on conveyor belt-------
---------baggage detected by sensor------------- 
Baggage weighs: 19.11 kg
baggage is on conveyor belt-------
---------baggage detected by sensor------------- 
Baggage weighs: 18.54 kg
baggage is on conveyor belt-------
---------baggage detected by sensor------------- 
Baggage weighs: 16.86 kg
baggage is on conveyor belt-------
---------baggage detected by sensor------------- 
Baggage weighs: 16.59 kg
baggage is on conveyor belt-------
---------baggage detected by sensor------------- 
Baggage weighs: 19.26 kg
baggage is on conveyor belt-------
---------baggage detected by sensor------------- 
Baggage weighs: 18.34 kg
baggage is on conveyor belt-------
---------baggage detected by sensor------------- 
Baggage weighs: 19.09 kg
baggage is on conveyor belt-------
---------baggage detected by sensor------------- 
Baggage weighs: 22.38 kg
baggage is on conveyor belt-------
---------baggage detected by sensor------------- 
Baggage weighs: 22.12 kg
baggage is on conveyor belt-------
---------baggage detected by sensor------------- 
Baggage weighs: 16.75 kg
baggage is on conveyor belt-------
---------baggage detected by sensor------------- 
Baggage weighs: 20.36 kg
baggage is on conveyor belt-------
---------baggage detected by sensor------------- 
Baggage weighs: 20.94 kg
baggage is on conveyor belt-------
---------baggage detected by sensor------------- 
Baggage weighs: 19.8 kg
baggage is on conveyor belt-------
---------baggage detected by sensor------------- 
Baggage weighs: 19.12 kg
baggage is on conveyor belt-------
---------baggage detected by sensor------------- 
Baggage weighs: 16.93 kg
baggage is on conveyor belt-------
---------baggage detected by sensor------------- 
Baggage weighs: 20.48 kg
baggage is on conveyor belt-------
---------baggage detected by sensor------------- 
Baggage weighs: 17.63 kg
baggage is on conveyor belt-------
---------baggage detected by sensor------------- 
Baggage weighs: 19.86 kg
baggage is on conveyor belt-------
---------baggage detected by sensor------------- 
Baggage weighs: 19.4 kg
baggage is on conveyor belt-------
---------baggage detected by sensor------------- 
Baggage weighs: 19.0 kg
baggage is on conveyor belt-------
---------baggage detected by sensor------------- 
Baggage weighs: 20.5 kg
baggage is on conveyor belt-------
---------baggage detected by sensor------------- 
Baggage weighs: 21.9 kg
baggage is on conveyor belt-------
---------baggage detected by sensor------------- 
Baggage weighs: 19.82 kg
baggage is on conveyor belt-------
---------baggage detected by sensor------------- 
Baggage weighs: 18.98 kg
baggage is on conveyor belt-------
---------baggage detected by sensor------------- 
Baggage weighs: 19.28 kg
baggage is on conveyor belt-------
---------baggage detected by sensor------------- 
Baggage weighs: 18.06 kg
baggage is on conveyor belt-------
---------baggage detected by sensor------------- 
Baggage weighs: 20.2 kg
baggage is on conveyor belt-------
---------baggage detected by sensor------------- 
Baggage weighs: 19.74 kg
baggage is on conveyor belt-------
---------baggage detected by sensor------------- 
Baggage weighs: 17.44 kg
baggage is on conveyor belt-------
---------baggage detected by sensor------------- 
Baggage weighs: 19.36 kg
baggage is on conveyor belt-------
---------baggage detected by sensor------------- 
Baggage weighs: 20.4 kg
baggage is on conveyor belt-------
---------baggage detected by sensor------------- 
Baggage weighs: 18.92 kg
baggage is on conveyor belt-------
---------baggage detected by sensor------------- 
Baggage weighs: 18.48 kg
baggage is on conveyor belt-------
---------baggage detected by sensor------------- 
Baggage weighs: 17.34 kg
baggage is on conveyor belt-------
---------baggage detected by sensor------------- 
Baggage weighs: 20.57 kg
baggage is on conveyor belt-------
---------baggage detected by sensor------------- 
Baggage weighs: 17.19 kg
baggage is on conveyor belt-------
---------baggage detected by sensor------------- 
Baggage weighs: 18.25 kg
baggage is on conveyor belt-------
---------baggage detected by sensor------------- 
Baggage weighs: 19.29 kg
baggage is on conveyor belt-------
---------baggage detected by sensor------------- 
Baggage weighs: 16.86 kg
baggage is on conveyor belt-------
---------baggage detected by sensor------------- 
Baggage weighs: 19.34 kg
baggage is on conveyor belt-------
---------baggage detected by sensor------------- 
Baggage weighs: 19.32 kg
baggage is on conveyor belt-------
---------baggage detected by sensor------------- 
Baggage weighs: 18.15 kg
baggage is on conveyor belt-------
---------baggage detected by sensor------------- 
Baggage weighs: 18.98 kg
baggage is on conveyor belt-------
---------baggage detected by sensor------------- 
Baggage weighs: 21.84 kg
baggage is on conveyor belt-------
---------baggage detected by sensor------------- 
Baggage weighs: 20.53 kg
baggage is on conveyor belt-------
---------baggage detected by sensor------------- 
Baggage weighs: 20.62 kg
baggage is on conveyor belt-------
---------baggage detected by sensor------------- 
Baggage weighs: 20.7 kg
baggage is on conveyor belt-------
---------baggage detected by sensor------------- 
Baggage weighs: 19.64 kg
baggage is on conveyor belt-------
---------baggage detected by sensor------------- 
Baggage weighs: 16.11 kg
baggage is on conveyor belt-------
---------baggage detected by sensor------------- 
Baggage weighs: 22.24 kg
baggage is on conveyor belt-------
---------baggage detected by sensor------------- 
Baggage weighs: 21.47 kg
baggage is on conveyor belt-------
---------baggage detected by sensor------------- 
Baggage weighs: 20.73 kg
baggage is on conveyor belt-------
---------baggage detected by sensor------------- 
Baggage weighs: 19.51 kg
baggage is on conveyor belt-------
---------baggage detected by sensor------------- 
Baggage weighs: 20.11 kg
baggage is on conveyor belt-------
---------baggage detected by sensor------------- 
Baggage weighs: 20.36 kg
baggage is on conveyor belt-------
---------baggage detected by sensor------------- 
Baggage weighs: 18.84 kg
baggage is on conveyor belt-------
---------baggage detected by sensor------------- 
Baggage weighs: 22.61 kg
baggage is on conveyor belt-------
---------baggage detected by sensor------------- 
Baggage weighs: 20.07 kg
baggage is on conveyor belt-------
---------baggage detected by sensor------------- 
Baggage weighs: 20.28 kg
baggage is on conveyor belt-------
---------baggage detected by sensor------------- 
Baggage weighs: 17.9 kg
baggage is on conveyor belt-------
---------baggage detected by sensor------------- 
Baggage weighs: 18.13 kg
baggage is on conveyor belt-------
---------baggage detected by sensor------------- 
Baggage weighs: 18.32 kg
baggage is on conveyor belt-------
---------baggage detected by sensor------------- 
Baggage weighs: 19.3 kg
baggage is on conveyor belt-------
---------baggage detected by sensor------------- 
Baggage weighs: 21.34 kg
baggage is on conveyor belt-------
---------baggage detected by sensor------------- 
Baggage weighs: 19.74 kg
baggage is on conveyor belt-------
---------baggage detected by sensor------------- 
Baggage weighs: 18.46 kg
baggage is on conveyor belt-------
---------baggage detected by sensor------------- 
Baggage weighs: 19.49 kg
baggage is on conveyor belt-------
---------baggage detected by sensor------------- 
Baggage weighs: 17.97 kg
baggage is on conveyor belt-------
---------baggage detected by sensor------------- 
Baggage weighs: 21.32 kg
baggage is on conveyor belt-------
---------baggage detected by sensor------------- 
Baggage weighs: 16.41 kg
baggage is on conveyor belt-------
---------baggage detected by sensor------------- 
Baggage weighs: 16.36 kg
baggage is on conveyor belt-------
---------baggage detected by sensor------------- 
Baggage weighs: 16.24 kg
baggage is on conveyor belt-------
---------baggage detected by sensor------------- 
Baggage weighs: 16.65 kg
baggage is on conveyor belt-------
---------baggage detected by sensor------------- 
Baggage weighs: 20.17 kg
baggage is on conveyor belt-------
---------baggage detected by sensor------------- 
Baggage weighs: 21.08 kg
baggage is on conveyor belt-------
---------baggage detected by sensor------------- 
Baggage weighs: 18.0 kg
baggage is on conveyor belt-------
---------baggage detected by sensor------------- 
Baggage weighs: 17.49 kg
baggage is on conveyor belt-------
---------baggage detected by sensor------------- 
Baggage weighs: 19.3 kg
baggage is on conveyor belt-------
---------baggage detected by sensor------------- 
Baggage weighs: 18.34 kg
baggage is on conveyor belt-------
---------baggage detected by sensor------------- 
Baggage weighs: 19.57 kg
baggage is on conveyor belt-------
---------baggage detected by sensor------------- 
Baggage weighs: 18.99 kg
baggage is on conveyor belt-------
---------baggage detected by sensor------------- 
Baggage weighs: 20.13 kg
baggage is on conveyor belt-------
---------baggage detected by sensor------------- 
Baggage weighs: 21.59 kg
baggage is on conveyor belt-------
---------baggage detected by sensor------------- 
Baggage weighs: 17.75 kg
baggage is on conveyor belt-------
---------baggage detected by sensor------------- 
Baggage weighs: 18.88 kg
baggage is on conveyor belt-------
---------baggage detected by sensor------------- 
Baggage weighs: 17.64 kg
baggage is on conveyor belt-------
---------baggage detected by sensor------------- 
Baggage weighs: 17.28 kg
baggage is on conveyor belt-------
---------baggage detected by sensor------------- 
Baggage weighs: 19.89 kg
baggage is on conveyor belt-------
---------baggage detected by sensor------------- 
Baggage weighs: 16.14 kg
baggage is on conveyor belt-------
---------baggage detected by sensor------------- 
Baggage weighs: 19.6 kg
baggage is on conveyor belt-------
---------baggage detected by sensor------------- 
Baggage weighs: 19.1 kg
baggage is on conveyor belt-------
---------baggage detected by sensor------------- 
Baggage weighs: 16.76 kg
baggage is on conveyor belt-------
---------baggage detected by sensor------------- 
Baggage weighs: 22.78 kg
baggage is on conveyor belt-------
---------baggage detected by sensor------------- 
Baggage weighs: 16.41 kg
baggage is on conveyor belt-------
---------baggage detected by sensor------------- 
Baggage weighs: 19.48 kg
baggage is on conveyor belt-------
---------baggage detected by sensor------------- 
Baggage weighs: 19.0 kg
baggage is on conveyor belt-------
---------baggage detected by sensor------------- 
Baggage weighs: 21.58 kg
baggage is on conveyor belt-------
---------baggage detected by sensor------------- 
Baggage weighs: 21.07 kg
baggage is on conveyor belt-------
---------baggage detected by sensor------------- 
Baggage weighs: 16.28 kg
baggage is on conveyor belt-------
---------baggage detected by sensor------------- 
Baggage weighs: 20.22 kg
baggage is on conveyor belt-------
---------baggage detected by sensor------------- 
Baggage weighs: 17.58 kg
baggage is on conveyor belt-------
---------baggage detected by sensor------------- 
Baggage weighs: 17.69 kg
baggage is on conveyor belt-------
---------baggage detected by sensor------------- 
Baggage weighs: 19.1 kg
baggage is on conveyor belt-------
---------baggage detected by sensor------------- 
Baggage weighs: 18.5 kg
baggage is on conveyor belt-------
---------baggage detected by sensor------------- 
Baggage weighs: 19.06 kg
baggage is on conveyor belt-------
---------baggage detected by sensor------------- 
Baggage weighs: 21.45 kg
baggage is on conveyor belt-------
---------baggage detected by sensor------------- 
Baggage weighs: 19.0 kg
baggage is on conveyor belt-------
---------baggage detected by sensor------------- 
Baggage weighs: 20.87 kg
baggage is on conveyor belt-------
---------baggage detected by sensor------------- 
Baggage weighs: 22.55 kg
baggage is on conveyor belt-------
---------baggage detected by sensor------------- 
Baggage weighs: 21.43 kg
baggage is on conveyor belt-------
---------baggage detected by sensor------------- 
Baggage weighs: 16.99 kg
baggage is on conveyor belt-------
---------baggage detected by sensor------------- 
Baggage weighs: 16.52 kg
Seat with ID: 39H has been reserved for you!

BOARDING PASS FOR GOLDIE MELENDEZ
-----------------------------------------------------------------------------
LUFTHANSA                      0fsgyvpsbk26f9u /  Goldie Melendez
Goldie Melendez                                     /  0fsgyvpsbk26f9u
FRA   LH2121   E  30.Oct                       /  FRA
HKG                                            /  HKG
SEAT ID: 39H                                   /  LH2121 E 30.Oct
SEQ: 222                                      / GATE: A05   22:00
MAX 1  HANDLUGGAGE/ LUGGAGE
-----------------------------------------------------------------------------
sorry Goldie Melendez we have no voucher for you! Have a nice day!

---------------------------------------------------------------------------------------------------------------
scanning passport with passport id: Y3AP3LJ9S
searching for ticket in fast bag drop database..............
Ticket found for Aisha Mooney and Flight LH2121
----searching flight seat for Aisha Mooney---------
Found a seat with ID 39J
Below details were found in database
------------------------------------------
Name: Aisha Mooney
Flight ID: LH2121
Source: FRA
Destination: HKG
Gate No: A05
Boarding time: 22:00
Ticket ID: m3ee6wmmew4fmmb
Booking Class: E
------------------------------------------

Proceed with check-in for flight LH2121 ?
Type YES to CHECK-IN or NO to cancel CHECK-IN
Aisha Mooney is deciding whether to check-in or to go back home and sleep............
YES CHECK-IN
Checking you in...............
baggage is on conveyor belt-------
---------baggage detected by sensor------------- 
Baggage weighs: 21.58 kg
baggage is on conveyor belt-------
---------baggage detected by sensor------------- 
Baggage weighs: 20.43 kg
baggage is on conveyor belt-------
---------baggage detected by sensor------------- 
Baggage weighs: 18.47 kg
baggage is on conveyor belt-------
---------baggage detected by sensor------------- 
Baggage weighs: 17.86 kg
baggage is on conveyor belt-------
---------baggage detected by sensor------------- 
Baggage weighs: 18.65 kg
baggage is on conveyor belt-------
---------baggage detected by sensor------------- 
Baggage weighs: 19.27 kg
baggage is on conveyor belt-------
---------baggage detected by sensor------------- 
Baggage weighs: 17.42 kg
baggage is on conveyor belt-------
---------baggage detected by sensor------------- 
Baggage weighs: 19.16 kg
baggage is on conveyor belt-------
---------baggage detected by sensor------------- 
Baggage weighs: 19.52 kg
baggage is on conveyor belt-------
---------baggage detected by sensor------------- 
Baggage weighs: 17.51 kg
baggage is on conveyor belt-------
---------baggage detected by sensor------------- 
Baggage weighs: 17.38 kg
baggage is on conveyor belt-------
---------baggage detected by sensor------------- 
Baggage weighs: 18.67 kg
baggage is on conveyor belt-------
---------baggage detected by sensor------------- 
Baggage weighs: 16.98 kg
baggage is on conveyor belt-------
---------baggage detected by sensor------------- 
Baggage weighs: 21.26 kg
baggage is on conveyor belt-------
---------baggage detected by sensor------------- 
Baggage weighs: 18.3 kg
baggage is on conveyor belt-------
---------baggage detected by sensor------------- 
Baggage weighs: 16.81 kg
baggage is on conveyor belt-------
---------baggage detected by sensor------------- 
Baggage weighs: 20.91 kg
baggage is on conveyor belt-------
---------baggage detected by sensor------------- 
Baggage weighs: 21.21 kg
baggage is on conveyor belt-------
---------baggage detected by sensor------------- 
Baggage weighs: 19.69 kg
baggage is on conveyor belt-------
---------baggage detected by sensor------------- 
Baggage weighs: 18.67 kg
baggage is on conveyor belt-------
---------baggage detected by sensor------------- 
Baggage weighs: 19.12 kg
baggage is on conveyor belt-------
---------baggage detected by sensor------------- 
Baggage weighs: 16.42 kg
baggage is on conveyor belt-------
---------baggage detected by sensor------------- 
Baggage weighs: 19.17 kg
baggage is on conveyor belt-------
---------baggage detected by sensor------------- 
Baggage weighs: 19.0 kg
baggage is on conveyor belt-------
---------baggage detected by sensor------------- 
Baggage weighs: 18.78 kg
baggage is on conveyor belt-------
---------baggage detected by sensor------------- 
Baggage weighs: 20.31 kg
baggage is on conveyor belt-------
---------baggage detected by sensor------------- 
Baggage weighs: 21.25 kg
baggage is on conveyor belt-------
---------baggage detected by sensor------------- 
Baggage weighs: 18.87 kg
baggage is on conveyor belt-------
---------baggage detected by sensor------------- 
Baggage weighs: 16.25 kg
baggage is on conveyor belt-------
---------baggage detected by sensor------------- 
Baggage weighs: 19.94 kg
baggage is on conveyor belt-------
---------baggage detected by sensor------------- 
Baggage weighs: 16.88 kg
baggage is on conveyor belt-------
---------baggage detected by sensor------------- 
Baggage weighs: 18.24 kg
baggage is on conveyor belt-------
---------baggage detected by sensor------------- 
Baggage weighs: 17.16 kg
baggage is on conveyor belt-------
---------baggage detected by sensor------------- 
Baggage weighs: 19.34 kg
baggage is on conveyor belt-------
---------baggage detected by sensor------------- 
Baggage weighs: 22.41 kg
baggage is on conveyor belt-------
---------baggage detected by sensor------------- 
Baggage weighs: 20.47 kg
baggage is on conveyor belt-------
---------baggage detected by sensor------------- 
Baggage weighs: 18.81 kg
baggage is on conveyor belt-------
---------baggage detected by sensor------------- 
Baggage weighs: 18.56 kg
baggage is on conveyor belt-------
---------baggage detected by sensor------------- 
Baggage weighs: 17.77 kg
baggage is on conveyor belt-------
---------baggage detected by sensor------------- 
Baggage weighs: 19.32 kg
baggage is on conveyor belt-------
---------baggage detected by sensor------------- 
Baggage weighs: 19.21 kg
baggage is on conveyor belt-------
---------baggage detected by sensor------------- 
Baggage weighs: 19.13 kg
baggage is on conveyor belt-------
---------baggage detected by sensor------------- 
Baggage weighs: 20.39 kg
baggage is on conveyor belt-------
---------baggage detected by sensor------------- 
Baggage weighs: 21.03 kg
baggage is on conveyor belt-------
---------baggage detected by sensor------------- 
Baggage weighs: 20.05 kg
baggage is on conveyor belt-------
---------baggage detected by sensor------------- 
Baggage weighs: 21.92 kg
baggage is on conveyor belt-------
---------baggage detected by sensor------------- 
Baggage weighs: 19.37 kg
baggage is on conveyor belt-------
---------baggage detected by sensor------------- 
Baggage weighs: 20.35 kg
baggage is on conveyor belt-------
---------baggage detected by sensor------------- 
Baggage weighs: 18.73 kg
baggage is on conveyor belt-------
---------baggage detected by sensor------------- 
Baggage weighs: 20.33 kg
baggage is on conveyor belt-------
---------baggage detected by sensor------------- 
Baggage weighs: 22.01 kg
baggage is on conveyor belt-------
---------baggage detected by sensor------------- 
Baggage weighs: 19.27 kg
baggage is on conveyor belt-------
---------baggage detected by sensor------------- 
Baggage weighs: 21.18 kg
baggage is on conveyor belt-------
---------baggage detected by sensor------------- 
Baggage weighs: 17.16 kg
baggage is on conveyor belt-------
---------baggage detected by sensor------------- 
Baggage weighs: 20.04 kg
baggage is on conveyor belt-------
---------baggage detected by sensor------------- 
Baggage weighs: 20.91 kg
baggage is on conveyor belt-------
---------baggage detected by sensor------------- 
Baggage weighs: 20.3 kg
baggage is on conveyor belt-------
---------baggage detected by sensor------------- 
Baggage weighs: 20.38 kg
baggage is on conveyor belt-------
---------baggage detected by sensor------------- 
Baggage weighs: 16.54 kg
baggage is on conveyor belt-------
---------baggage detected by sensor------------- 
Baggage weighs: 18.87 kg
baggage is on conveyor belt-------
---------baggage detected by sensor------------- 
Baggage weighs: 20.22 kg
baggage is on conveyor belt-------
---------baggage detected by sensor------------- 
Baggage weighs: 20.75 kg
baggage is on conveyor belt-------
---------baggage detected by sensor------------- 
Baggage weighs: 17.4 kg
baggage is on conveyor belt-------
---------baggage detected by sensor------------- 
Baggage weighs: 20.27 kg
baggage is on conveyor belt-------
---------baggage detected by sensor------------- 
Baggage weighs: 17.04 kg
baggage is on conveyor belt-------
---------baggage detected by sensor------------- 
Baggage weighs: 19.84 kg
baggage is on conveyor belt-------
---------baggage detected by sensor------------- 
Baggage weighs: 17.34 kg
baggage is on conveyor belt-------
---------baggage detected by sensor------------- 
Baggage weighs: 18.75 kg
baggage is on conveyor belt-------
---------baggage detected by sensor------------- 
Baggage weighs: 19.12 kg
baggage is on conveyor belt-------
---------baggage detected by sensor------------- 
Baggage weighs: 18.29 kg
baggage is on conveyor belt-------
---------baggage detected by sensor------------- 
Baggage weighs: 17.94 kg
baggage is on conveyor belt-------
---------baggage detected by sensor------------- 
Baggage weighs: 19.09 kg
baggage is on conveyor belt-------
---------baggage detected by sensor------------- 
Baggage weighs: 22.39 kg
baggage is on conveyor belt-------
---------baggage detected by sensor------------- 
Baggage weighs: 21.23 kg
baggage is on conveyor belt-------
---------baggage detected by sensor------------- 
Baggage weighs: 17.56 kg
baggage is on conveyor belt-------
---------baggage detected by sensor------------- 
Baggage weighs: 18.37 kg
baggage is on conveyor belt-------
---------baggage detected by sensor------------- 
Baggage weighs: 21.4 kg
baggage is on conveyor belt-------
---------baggage detected by sensor------------- 
Baggage weighs: 20.25 kg
baggage is on conveyor belt-------
---------baggage detected by sensor------------- 
Baggage weighs: 23.0 kg
baggage is on conveyor belt-------
---------baggage detected by sensor------------- 
Baggage weighs: 17.01 kg
baggage is on conveyor belt-------
---------baggage detected by sensor------------- 
Baggage weighs: 17.39 kg
baggage is on conveyor belt-------
---------baggage detected by sensor------------- 
Baggage weighs: 16.7 kg
baggage is on conveyor belt-------
---------baggage detected by sensor------------- 
Baggage weighs: 16.23 kg
baggage is on conveyor belt-------
---------baggage detected by sensor------------- 
Baggage weighs: 19.13 kg
baggage is on conveyor belt-------
---------baggage detected by sensor------------- 
Baggage weighs: 21.07 kg
baggage is on conveyor belt-------
---------baggage detected by sensor------------- 
Baggage weighs: 17.87 kg
baggage is on conveyor belt-------
---------baggage detected by sensor------------- 
Baggage weighs: 19.92 kg
baggage is on conveyor belt-------
---------baggage detected by sensor------------- 
Baggage weighs: 19.22 kg
baggage is on conveyor belt-------
---------baggage detected by sensor------------- 
Baggage weighs: 21.53 kg
baggage is on conveyor belt-------
---------baggage detected by sensor------------- 
Baggage weighs: 20.29 kg
baggage is on conveyor belt-------
---------baggage detected by sensor------------- 
Baggage weighs: 19.32 kg
baggage is on conveyor belt-------
---------baggage detected by sensor------------- 
Baggage weighs: 17.25 kg
baggage is on conveyor belt-------
---------baggage detected by sensor------------- 
Baggage weighs: 21.3 kg
baggage is on conveyor belt-------
---------baggage detected by sensor------------- 
Baggage weighs: 16.79 kg
baggage is on conveyor belt-------
---------baggage detected by sensor------------- 
Baggage weighs: 19.55 kg
baggage is on conveyor belt-------
---------baggage detected by sensor------------- 
Baggage weighs: 18.88 kg
baggage is on conveyor belt-------
---------baggage detected by sensor------------- 
Baggage weighs: 22.33 kg
baggage is on conveyor belt-------
---------baggage detected by sensor------------- 
Baggage weighs: 20.62 kg
baggage is on conveyor belt-------
---------baggage detected by sensor------------- 
Baggage weighs: 19.42 kg
baggage is on conveyor belt-------
---------baggage detected by sensor------------- 
Baggage weighs: 17.54 kg
baggage is on conveyor belt-------
---------baggage detected by sensor------------- 
Baggage weighs: 21.51 kg
baggage is on conveyor belt-------
---------baggage detected by sensor------------- 
Baggage weighs: 19.46 kg
baggage is on conveyor belt-------
---------baggage detected by sensor------------- 
Baggage weighs: 17.83 kg
baggage is on conveyor belt-------
---------baggage detected by sensor------------- 
Baggage weighs: 17.75 kg
baggage is on conveyor belt-------
---------baggage detected by sensor------------- 
Baggage weighs: 17.44 kg
baggage is on conveyor belt-------
---------baggage detected by sensor------------- 
Baggage weighs: 19.53 kg
baggage is on conveyor belt-------
---------baggage detected by sensor------------- 
Baggage weighs: 17.51 kg
baggage is on conveyor belt-------
---------baggage detected by sensor------------- 
Baggage weighs: 18.2 kg
baggage is on conveyor belt-------
---------baggage detected by sensor------------- 
Baggage weighs: 21.55 kg
baggage is on conveyor belt-------
---------baggage detected by sensor------------- 
Baggage weighs: 19.67 kg
baggage is on conveyor belt-------
---------baggage detected by sensor------------- 
Baggage weighs: 19.52 kg
baggage is on conveyor belt-------
---------baggage detected by sensor------------- 
Baggage weighs: 21.06 kg
baggage is on conveyor belt-------
---------baggage detected by sensor------------- 
Baggage weighs: 17.44 kg
baggage is on conveyor belt-------
---------baggage detected by sensor------------- 
Baggage weighs: 19.21 kg
baggage is on conveyor belt-------
---------baggage detected by sensor------------- 
Baggage weighs: 21.65 kg
baggage is on conveyor belt-------
---------baggage detected by sensor------------- 
Baggage weighs: 19.64 kg
baggage is on conveyor belt-------
---------baggage detected by sensor------------- 
Baggage weighs: 21.03 kg
baggage is on conveyor belt-------
---------baggage detected by sensor------------- 
Baggage weighs: 19.76 kg
baggage is on conveyor belt-------
---------baggage detected by sensor------------- 
Baggage weighs: 21.01 kg
baggage is on conveyor belt-------
---------baggage detected by sensor------------- 
Baggage weighs: 19.11 kg
baggage is on conveyor belt-------
---------baggage detected by sensor------------- 
Baggage weighs: 18.54 kg
baggage is on conveyor belt-------
---------baggage detected by sensor------------- 
Baggage weighs: 16.86 kg
baggage is on conveyor belt-------
---------baggage detected by sensor------------- 
Baggage weighs: 16.59 kg
baggage is on conveyor belt-------
---------baggage detected by sensor------------- 
Baggage weighs: 19.26 kg
baggage is on conveyor belt-------
---------baggage detected by sensor------------- 
Baggage weighs: 18.34 kg
baggage is on conveyor belt-------
---------baggage detected by sensor------------- 
Baggage weighs: 19.09 kg
baggage is on conveyor belt-------
---------baggage detected by sensor------------- 
Baggage weighs: 22.38 kg
baggage is on conveyor belt-------
---------baggage detected by sensor------------- 
Baggage weighs: 22.12 kg
baggage is on conveyor belt-------
---------baggage detected by sensor------------- 
Baggage weighs: 16.75 kg
baggage is on conveyor belt-------
---------baggage detected by sensor------------- 
Baggage weighs: 20.36 kg
baggage is on conveyor belt-------
---------baggage detected by sensor------------- 
Baggage weighs: 20.94 kg
baggage is on conveyor belt-------
---------baggage detected by sensor------------- 
Baggage weighs: 19.8 kg
baggage is on conveyor belt-------
---------baggage detected by sensor------------- 
Baggage weighs: 19.12 kg
baggage is on conveyor belt-------
---------baggage detected by sensor------------- 
Baggage weighs: 16.93 kg
baggage is on conveyor belt-------
---------baggage detected by sensor------------- 
Baggage weighs: 20.48 kg
baggage is on conveyor belt-------
---------baggage detected by sensor------------- 
Baggage weighs: 17.63 kg
baggage is on conveyor belt-------
---------baggage detected by sensor------------- 
Baggage weighs: 19.86 kg
baggage is on conveyor belt-------
---------baggage detected by sensor------------- 
Baggage weighs: 19.4 kg
baggage is on conveyor belt-------
---------baggage detected by sensor------------- 
Baggage weighs: 19.0 kg
baggage is on conveyor belt-------
---------baggage detected by sensor------------- 
Baggage weighs: 20.5 kg
baggage is on conveyor belt-------
---------baggage detected by sensor------------- 
Baggage weighs: 21.9 kg
baggage is on conveyor belt-------
---------baggage detected by sensor------------- 
Baggage weighs: 19.82 kg
baggage is on conveyor belt-------
---------baggage detected by sensor------------- 
Baggage weighs: 18.98 kg
baggage is on conveyor belt-------
---------baggage detected by sensor------------- 
Baggage weighs: 19.28 kg
baggage is on conveyor belt-------
---------baggage detected by sensor------------- 
Baggage weighs: 18.06 kg
baggage is on conveyor belt-------
---------baggage detected by sensor------------- 
Baggage weighs: 20.2 kg
baggage is on conveyor belt-------
---------baggage detected by sensor------------- 
Baggage weighs: 19.74 kg
baggage is on conveyor belt-------
---------baggage detected by sensor------------- 
Baggage weighs: 17.44 kg
baggage is on conveyor belt-------
---------baggage detected by sensor------------- 
Baggage weighs: 19.36 kg
baggage is on conveyor belt-------
---------baggage detected by sensor------------- 
Baggage weighs: 20.4 kg
baggage is on conveyor belt-------
---------baggage detected by sensor------------- 
Baggage weighs: 18.92 kg
baggage is on conveyor belt-------
---------baggage detected by sensor------------- 
Baggage weighs: 18.48 kg
baggage is on conveyor belt-------
---------baggage detected by sensor------------- 
Baggage weighs: 17.34 kg
baggage is on conveyor belt-------
---------baggage detected by sensor------------- 
Baggage weighs: 20.57 kg
baggage is on conveyor belt-------
---------baggage detected by sensor------------- 
Baggage weighs: 17.19 kg
baggage is on conveyor belt-------
---------baggage detected by sensor------------- 
Baggage weighs: 18.25 kg
baggage is on conveyor belt-------
---------baggage detected by sensor------------- 
Baggage weighs: 19.29 kg
baggage is on conveyor belt-------
---------baggage detected by sensor------------- 
Baggage weighs: 16.86 kg
baggage is on conveyor belt-------
---------baggage detected by sensor------------- 
Baggage weighs: 19.34 kg
baggage is on conveyor belt-------
---------baggage detected by sensor------------- 
Baggage weighs: 19.32 kg
baggage is on conveyor belt-------
---------baggage detected by sensor------------- 
Baggage weighs: 18.15 kg
baggage is on conveyor belt-------
---------baggage detected by sensor------------- 
Baggage weighs: 18.98 kg
baggage is on conveyor belt-------
---------baggage detected by sensor------------- 
Baggage weighs: 21.84 kg
baggage is on conveyor belt-------
---------baggage detected by sensor------------- 
Baggage weighs: 20.53 kg
baggage is on conveyor belt-------
---------baggage detected by sensor------------- 
Baggage weighs: 20.62 kg
baggage is on conveyor belt-------
---------baggage detected by sensor------------- 
Baggage weighs: 20.7 kg
baggage is on conveyor belt-------
---------baggage detected by sensor------------- 
Baggage weighs: 19.64 kg
baggage is on conveyor belt-------
---------baggage detected by sensor------------- 
Baggage weighs: 16.11 kg
baggage is on conveyor belt-------
---------baggage detected by sensor------------- 
Baggage weighs: 22.24 kg
baggage is on conveyor belt-------
---------baggage detected by sensor------------- 
Baggage weighs: 21.47 kg
baggage is on conveyor belt-------
---------baggage detected by sensor------------- 
Baggage weighs: 20.73 kg
baggage is on conveyor belt-------
---------baggage detected by sensor------------- 
Baggage weighs: 19.51 kg
baggage is on conveyor belt-------
---------baggage detected by sensor------------- 
Baggage weighs: 20.11 kg
baggage is on conveyor belt-------
---------baggage detected by sensor------------- 
Baggage weighs: 20.36 kg
baggage is on conveyor belt-------
---------baggage detected by sensor------------- 
Baggage weighs: 18.84 kg
baggage is on conveyor belt-------
---------baggage detected by sensor------------- 
Baggage weighs: 22.61 kg
baggage is on conveyor belt-------
---------baggage detected by sensor------------- 
Baggage weighs: 20.07 kg
baggage is on conveyor belt-------
---------baggage detected by sensor------------- 
Baggage weighs: 20.28 kg
baggage is on conveyor belt-------
---------baggage detected by sensor------------- 
Baggage weighs: 17.9 kg
baggage is on conveyor belt-------
---------baggage detected by sensor------------- 
Baggage weighs: 18.13 kg
baggage is on conveyor belt-------
---------baggage detected by sensor------------- 
Baggage weighs: 18.32 kg
baggage is on conveyor belt-------
---------baggage detected by sensor------------- 
Baggage weighs: 19.3 kg
baggage is on conveyor belt-------
---------baggage detected by sensor------------- 
Baggage weighs: 21.34 kg
baggage is on conveyor belt-------
---------baggage detected by sensor------------- 
Baggage weighs: 19.74 kg
baggage is on conveyor belt-------
---------baggage detected by sensor------------- 
Baggage weighs: 18.46 kg
baggage is on conveyor belt-------
---------baggage detected by sensor------------- 
Baggage weighs: 19.49 kg
baggage is on conveyor belt-------
---------baggage detected by sensor------------- 
Baggage weighs: 17.97 kg
baggage is on conveyor belt-------
---------baggage detected by sensor------------- 
Baggage weighs: 21.32 kg
baggage is on conveyor belt-------
---------baggage detected by sensor------------- 
Baggage weighs: 16.41 kg
baggage is on conveyor belt-------
---------baggage detected by sensor------------- 
Baggage weighs: 16.36 kg
baggage is on conveyor belt-------
---------baggage detected by sensor------------- 
Baggage weighs: 16.24 kg
baggage is on conveyor belt-------
---------baggage detected by sensor------------- 
Baggage weighs: 16.65 kg
baggage is on conveyor belt-------
---------baggage detected by sensor------------- 
Baggage weighs: 20.17 kg
baggage is on conveyor belt-------
---------baggage detected by sensor------------- 
Baggage weighs: 21.08 kg
baggage is on conveyor belt-------
---------baggage detected by sensor------------- 
Baggage weighs: 18.0 kg
baggage is on conveyor belt-------
---------baggage detected by sensor------------- 
Baggage weighs: 17.49 kg
baggage is on conveyor belt-------
---------baggage detected by sensor------------- 
Baggage weighs: 19.3 kg
baggage is on conveyor belt-------
---------baggage detected by sensor------------- 
Baggage weighs: 18.34 kg
baggage is on conveyor belt-------
---------baggage detected by sensor------------- 
Baggage weighs: 19.57 kg
baggage is on conveyor belt-------
---------baggage detected by sensor------------- 
Baggage weighs: 18.99 kg
baggage is on conveyor belt-------
---------baggage detected by sensor------------- 
Baggage weighs: 20.13 kg
baggage is on conveyor belt-------
---------baggage detected by sensor------------- 
Baggage weighs: 21.59 kg
baggage is on conveyor belt-------
---------baggage detected by sensor------------- 
Baggage weighs: 17.75 kg
baggage is on conveyor belt-------
---------baggage detected by sensor------------- 
Baggage weighs: 18.88 kg
baggage is on conveyor belt-------
---------baggage detected by sensor------------- 
Baggage weighs: 17.64 kg
baggage is on conveyor belt-------
---------baggage detected by sensor------------- 
Baggage weighs: 17.28 kg
baggage is on conveyor belt-------
---------baggage detected by sensor------------- 
Baggage weighs: 19.89 kg
baggage is on conveyor belt-------
---------baggage detected by sensor------------- 
Baggage weighs: 16.14 kg
baggage is on conveyor belt-------
---------baggage detected by sensor------------- 
Baggage weighs: 19.6 kg
baggage is on conveyor belt-------
---------baggage detected by sensor------------- 
Baggage weighs: 19.1 kg
baggage is on conveyor belt-------
---------baggage detected by sensor------------- 
Baggage weighs: 16.76 kg
baggage is on conveyor belt-------
---------baggage detected by sensor------------- 
Baggage weighs: 22.78 kg
baggage is on conveyor belt-------
---------baggage detected by sensor------------- 
Baggage weighs: 16.41 kg
baggage is on conveyor belt-------
---------baggage detected by sensor------------- 
Baggage weighs: 19.48 kg
baggage is on conveyor belt-------
---------baggage detected by sensor------------- 
Baggage weighs: 19.0 kg
baggage is on conveyor belt-------
---------baggage detected by sensor------------- 
Baggage weighs: 21.58 kg
baggage is on conveyor belt-------
---------baggage detected by sensor------------- 
Baggage weighs: 21.07 kg
baggage is on conveyor belt-------
---------baggage detected by sensor------------- 
Baggage weighs: 16.28 kg
baggage is on conveyor belt-------
---------baggage detected by sensor------------- 
Baggage weighs: 20.22 kg
baggage is on conveyor belt-------
---------baggage detected by sensor------------- 
Baggage weighs: 17.58 kg
baggage is on conveyor belt-------
---------baggage detected by sensor------------- 
Baggage weighs: 17.69 kg
baggage is on conveyor belt-------
---------baggage detected by sensor------------- 
Baggage weighs: 19.1 kg
baggage is on conveyor belt-------
---------baggage detected by sensor------------- 
Baggage weighs: 18.5 kg
baggage is on conveyor belt-------
---------baggage detected by sensor------------- 
Baggage weighs: 19.06 kg
baggage is on conveyor belt-------
---------baggage detected by sensor------------- 
Baggage weighs: 21.45 kg
baggage is on conveyor belt-------
---------baggage detected by sensor------------- 
Baggage weighs: 19.0 kg
baggage is on conveyor belt-------
---------baggage detected by sensor------------- 
Baggage weighs: 20.87 kg
baggage is on conveyor belt-------
---------baggage detected by sensor------------- 
Baggage weighs: 22.55 kg
baggage is on conveyor belt-------
---------baggage detected by sensor------------- 
Baggage weighs: 21.43 kg
baggage is on conveyor belt-------
---------baggage detected by sensor------------- 
Baggage weighs: 16.99 kg
baggage is on conveyor belt-------
---------baggage detected by sensor------------- 
Baggage weighs: 16.52 kg
baggage is on conveyor belt-------
---------baggage detected by sensor------------- 
Baggage weighs: 20.55 kg
Seat with ID: 39J has been reserved for you!

BOARDING PASS FOR AISHA MOONEY
-----------------------------------------------------------------------------
LUFTHANSA                      m3ee6wmmew4fmmb /  Aisha Mooney
Aisha Mooney                                     /  m3ee6wmmew4fmmb
FRA   LH2121   E  30.Oct                       /  FRA
HKG                                            /  HKG
SEAT ID: 39J                                   /  LH2121 E 30.Oct
SEQ: 223                                      / GATE: A05   22:00
MAX 1  HANDLUGGAGE/ LUGGAGE
-----------------------------------------------------------------------------
sorry Aisha Mooney we have no voucher for you! Have a nice day!

---------------------------------------------------------------------------------------------------------------
scanning passport with passport id: TCM17QO4V
searching for ticket in fast bag drop database..............
Ticket found for Danny Knapp and Flight LH2121
----searching flight seat for Danny Knapp---------
Found a seat with ID 39K
Below details were found in database
------------------------------------------
Name: Danny Knapp
Flight ID: LH2121
Source: FRA
Destination: HKG
Gate No: A05
Boarding time: 22:00
Ticket ID: 351dpvcjkjuby7v
Booking Class: E
------------------------------------------

Proceed with check-in for flight LH2121 ?
Type YES to CHECK-IN or NO to cancel CHECK-IN
Danny Knapp is deciding whether to check-in or to go back home and sleep............
YES CHECK-IN
Checking you in...............
baggage is on conveyor belt-------
---------baggage detected by sensor------------- 
Baggage weighs: 21.58 kg
baggage is on conveyor belt-------
---------baggage detected by sensor------------- 
Baggage weighs: 20.43 kg
baggage is on conveyor belt-------
---------baggage detected by sensor------------- 
Baggage weighs: 18.47 kg
baggage is on conveyor belt-------
---------baggage detected by sensor------------- 
Baggage weighs: 17.86 kg
baggage is on conveyor belt-------
---------baggage detected by sensor------------- 
Baggage weighs: 18.65 kg
baggage is on conveyor belt-------
---------baggage detected by sensor------------- 
Baggage weighs: 19.27 kg
baggage is on conveyor belt-------
---------baggage detected by sensor------------- 
Baggage weighs: 17.42 kg
baggage is on conveyor belt-------
---------baggage detected by sensor------------- 
Baggage weighs: 19.16 kg
baggage is on conveyor belt-------
---------baggage detected by sensor------------- 
Baggage weighs: 19.52 kg
baggage is on conveyor belt-------
---------baggage detected by sensor------------- 
Baggage weighs: 17.51 kg
baggage is on conveyor belt-------
---------baggage detected by sensor------------- 
Baggage weighs: 17.38 kg
baggage is on conveyor belt-------
---------baggage detected by sensor------------- 
Baggage weighs: 18.67 kg
baggage is on conveyor belt-------
---------baggage detected by sensor------------- 
Baggage weighs: 16.98 kg
baggage is on conveyor belt-------
---------baggage detected by sensor------------- 
Baggage weighs: 21.26 kg
baggage is on conveyor belt-------
---------baggage detected by sensor------------- 
Baggage weighs: 18.3 kg
baggage is on conveyor belt-------
---------baggage detected by sensor------------- 
Baggage weighs: 16.81 kg
baggage is on conveyor belt-------
---------baggage detected by sensor------------- 
Baggage weighs: 20.91 kg
baggage is on conveyor belt-------
---------baggage detected by sensor------------- 
Baggage weighs: 21.21 kg
baggage is on conveyor belt-------
---------baggage detected by sensor------------- 
Baggage weighs: 19.69 kg
baggage is on conveyor belt-------
---------baggage detected by sensor------------- 
Baggage weighs: 18.67 kg
baggage is on conveyor belt-------
---------baggage detected by sensor------------- 
Baggage weighs: 19.12 kg
baggage is on conveyor belt-------
---------baggage detected by sensor------------- 
Baggage weighs: 16.42 kg
baggage is on conveyor belt-------
---------baggage detected by sensor------------- 
Baggage weighs: 19.17 kg
baggage is on conveyor belt-------
---------baggage detected by sensor------------- 
Baggage weighs: 19.0 kg
baggage is on conveyor belt-------
---------baggage detected by sensor------------- 
Baggage weighs: 18.78 kg
baggage is on conveyor belt-------
---------baggage detected by sensor------------- 
Baggage weighs: 20.31 kg
baggage is on conveyor belt-------
---------baggage detected by sensor------------- 
Baggage weighs: 21.25 kg
baggage is on conveyor belt-------
---------baggage detected by sensor------------- 
Baggage weighs: 18.87 kg
baggage is on conveyor belt-------
---------baggage detected by sensor------------- 
Baggage weighs: 16.25 kg
baggage is on conveyor belt-------
---------baggage detected by sensor------------- 
Baggage weighs: 19.94 kg
baggage is on conveyor belt-------
---------baggage detected by sensor------------- 
Baggage weighs: 16.88 kg
baggage is on conveyor belt-------
---------baggage detected by sensor------------- 
Baggage weighs: 18.24 kg
baggage is on conveyor belt-------
---------baggage detected by sensor------------- 
Baggage weighs: 17.16 kg
baggage is on conveyor belt-------
---------baggage detected by sensor------------- 
Baggage weighs: 19.34 kg
baggage is on conveyor belt-------
---------baggage detected by sensor------------- 
Baggage weighs: 22.41 kg
baggage is on conveyor belt-------
---------baggage detected by sensor------------- 
Baggage weighs: 20.47 kg
baggage is on conveyor belt-------
---------baggage detected by sensor------------- 
Baggage weighs: 18.81 kg
baggage is on conveyor belt-------
---------baggage detected by sensor------------- 
Baggage weighs: 18.56 kg
baggage is on conveyor belt-------
---------baggage detected by sensor------------- 
Baggage weighs: 17.77 kg
baggage is on conveyor belt-------
---------baggage detected by sensor------------- 
Baggage weighs: 19.32 kg
baggage is on conveyor belt-------
---------baggage detected by sensor------------- 
Baggage weighs: 19.21 kg
baggage is on conveyor belt-------
---------baggage detected by sensor------------- 
Baggage weighs: 19.13 kg
baggage is on conveyor belt-------
---------baggage detected by sensor------------- 
Baggage weighs: 20.39 kg
baggage is on conveyor belt-------
---------baggage detected by sensor------------- 
Baggage weighs: 21.03 kg
baggage is on conveyor belt-------
---------baggage detected by sensor------------- 
Baggage weighs: 20.05 kg
baggage is on conveyor belt-------
---------baggage detected by sensor------------- 
Baggage weighs: 21.92 kg
baggage is on conveyor belt-------
---------baggage detected by sensor------------- 
Baggage weighs: 19.37 kg
baggage is on conveyor belt-------
---------baggage detected by sensor------------- 
Baggage weighs: 20.35 kg
baggage is on conveyor belt-------
---------baggage detected by sensor------------- 
Baggage weighs: 18.73 kg
baggage is on conveyor belt-------
---------baggage detected by sensor------------- 
Baggage weighs: 20.33 kg
baggage is on conveyor belt-------
---------baggage detected by sensor------------- 
Baggage weighs: 22.01 kg
baggage is on conveyor belt-------
---------baggage detected by sensor------------- 
Baggage weighs: 19.27 kg
baggage is on conveyor belt-------
---------baggage detected by sensor------------- 
Baggage weighs: 21.18 kg
baggage is on conveyor belt-------
---------baggage detected by sensor------------- 
Baggage weighs: 17.16 kg
baggage is on conveyor belt-------
---------baggage detected by sensor------------- 
Baggage weighs: 20.04 kg
baggage is on conveyor belt-------
---------baggage detected by sensor------------- 
Baggage weighs: 20.91 kg
baggage is on conveyor belt-------
---------baggage detected by sensor------------- 
Baggage weighs: 20.3 kg
baggage is on conveyor belt-------
---------baggage detected by sensor------------- 
Baggage weighs: 20.38 kg
baggage is on conveyor belt-------
---------baggage detected by sensor------------- 
Baggage weighs: 16.54 kg
baggage is on conveyor belt-------
---------baggage detected by sensor------------- 
Baggage weighs: 18.87 kg
baggage is on conveyor belt-------
---------baggage detected by sensor------------- 
Baggage weighs: 20.22 kg
baggage is on conveyor belt-------
---------baggage detected by sensor------------- 
Baggage weighs: 20.75 kg
baggage is on conveyor belt-------
---------baggage detected by sensor------------- 
Baggage weighs: 17.4 kg
baggage is on conveyor belt-------
---------baggage detected by sensor------------- 
Baggage weighs: 20.27 kg
baggage is on conveyor belt-------
---------baggage detected by sensor------------- 
Baggage weighs: 17.04 kg
baggage is on conveyor belt-------
---------baggage detected by sensor------------- 
Baggage weighs: 19.84 kg
baggage is on conveyor belt-------
---------baggage detected by sensor------------- 
Baggage weighs: 17.34 kg
baggage is on conveyor belt-------
---------baggage detected by sensor------------- 
Baggage weighs: 18.75 kg
baggage is on conveyor belt-------
---------baggage detected by sensor------------- 
Baggage weighs: 19.12 kg
baggage is on conveyor belt-------
---------baggage detected by sensor------------- 
Baggage weighs: 18.29 kg
baggage is on conveyor belt-------
---------baggage detected by sensor------------- 
Baggage weighs: 17.94 kg
baggage is on conveyor belt-------
---------baggage detected by sensor------------- 
Baggage weighs: 19.09 kg
baggage is on conveyor belt-------
---------baggage detected by sensor------------- 
Baggage weighs: 22.39 kg
baggage is on conveyor belt-------
---------baggage detected by sensor------------- 
Baggage weighs: 21.23 kg
baggage is on conveyor belt-------
---------baggage detected by sensor------------- 
Baggage weighs: 17.56 kg
baggage is on conveyor belt-------
---------baggage detected by sensor------------- 
Baggage weighs: 18.37 kg
baggage is on conveyor belt-------
---------baggage detected by sensor------------- 
Baggage weighs: 21.4 kg
baggage is on conveyor belt-------
---------baggage detected by sensor------------- 
Baggage weighs: 20.25 kg
baggage is on conveyor belt-------
---------baggage detected by sensor------------- 
Baggage weighs: 23.0 kg
baggage is on conveyor belt-------
---------baggage detected by sensor------------- 
Baggage weighs: 17.01 kg
baggage is on conveyor belt-------
---------baggage detected by sensor------------- 
Baggage weighs: 17.39 kg
baggage is on conveyor belt-------
---------baggage detected by sensor------------- 
Baggage weighs: 16.7 kg
baggage is on conveyor belt-------
---------baggage detected by sensor------------- 
Baggage weighs: 16.23 kg
baggage is on conveyor belt-------
---------baggage detected by sensor------------- 
Baggage weighs: 19.13 kg
baggage is on conveyor belt-------
---------baggage detected by sensor------------- 
Baggage weighs: 21.07 kg
baggage is on conveyor belt-------
---------baggage detected by sensor------------- 
Baggage weighs: 17.87 kg
baggage is on conveyor belt-------
---------baggage detected by sensor------------- 
Baggage weighs: 19.92 kg
baggage is on conveyor belt-------
---------baggage detected by sensor------------- 
Baggage weighs: 19.22 kg
baggage is on conveyor belt-------
---------baggage detected by sensor------------- 
Baggage weighs: 21.53 kg
baggage is on conveyor belt-------
---------baggage detected by sensor------------- 
Baggage weighs: 20.29 kg
baggage is on conveyor belt-------
---------baggage detected by sensor------------- 
Baggage weighs: 19.32 kg
baggage is on conveyor belt-------
---------baggage detected by sensor------------- 
Baggage weighs: 17.25 kg
baggage is on conveyor belt-------
---------baggage detected by sensor------------- 
Baggage weighs: 21.3 kg
baggage is on conveyor belt-------
---------baggage detected by sensor------------- 
Baggage weighs: 16.79 kg
baggage is on conveyor belt-------
---------baggage detected by sensor------------- 
Baggage weighs: 19.55 kg
baggage is on conveyor belt-------
---------baggage detected by sensor------------- 
Baggage weighs: 18.88 kg
baggage is on conveyor belt-------
---------baggage detected by sensor------------- 
Baggage weighs: 22.33 kg
baggage is on conveyor belt-------
---------baggage detected by sensor------------- 
Baggage weighs: 20.62 kg
baggage is on conveyor belt-------
---------baggage detected by sensor------------- 
Baggage weighs: 19.42 kg
baggage is on conveyor belt-------
---------baggage detected by sensor------------- 
Baggage weighs: 17.54 kg
baggage is on conveyor belt-------
---------baggage detected by sensor------------- 
Baggage weighs: 21.51 kg
baggage is on conveyor belt-------
---------baggage detected by sensor------------- 
Baggage weighs: 19.46 kg
baggage is on conveyor belt-------
---------baggage detected by sensor------------- 
Baggage weighs: 17.83 kg
baggage is on conveyor belt-------
---------baggage detected by sensor------------- 
Baggage weighs: 17.75 kg
baggage is on conveyor belt-------
---------baggage detected by sensor------------- 
Baggage weighs: 17.44 kg
baggage is on conveyor belt-------
---------baggage detected by sensor------------- 
Baggage weighs: 19.53 kg
baggage is on conveyor belt-------
---------baggage detected by sensor------------- 
Baggage weighs: 17.51 kg
baggage is on conveyor belt-------
---------baggage detected by sensor------------- 
Baggage weighs: 18.2 kg
baggage is on conveyor belt-------
---------baggage detected by sensor------------- 
Baggage weighs: 21.55 kg
baggage is on conveyor belt-------
---------baggage detected by sensor------------- 
Baggage weighs: 19.67 kg
baggage is on conveyor belt-------
---------baggage detected by sensor------------- 
Baggage weighs: 19.52 kg
baggage is on conveyor belt-------
---------baggage detected by sensor------------- 
Baggage weighs: 21.06 kg
baggage is on conveyor belt-------
---------baggage detected by sensor------------- 
Baggage weighs: 17.44 kg
baggage is on conveyor belt-------
---------baggage detected by sensor------------- 
Baggage weighs: 19.21 kg
baggage is on conveyor belt-------
---------baggage detected by sensor------------- 
Baggage weighs: 21.65 kg
baggage is on conveyor belt-------
---------baggage detected by sensor------------- 
Baggage weighs: 19.64 kg
baggage is on conveyor belt-------
---------baggage detected by sensor------------- 
Baggage weighs: 21.03 kg
baggage is on conveyor belt-------
---------baggage detected by sensor------------- 
Baggage weighs: 19.76 kg
baggage is on conveyor belt-------
---------baggage detected by sensor------------- 
Baggage weighs: 21.01 kg
baggage is on conveyor belt-------
---------baggage detected by sensor------------- 
Baggage weighs: 19.11 kg
baggage is on conveyor belt-------
---------baggage detected by sensor------------- 
Baggage weighs: 18.54 kg
baggage is on conveyor belt-------
---------baggage detected by sensor------------- 
Baggage weighs: 16.86 kg
baggage is on conveyor belt-------
---------baggage detected by sensor------------- 
Baggage weighs: 16.59 kg
baggage is on conveyor belt-------
---------baggage detected by sensor------------- 
Baggage weighs: 19.26 kg
baggage is on conveyor belt-------
---------baggage detected by sensor------------- 
Baggage weighs: 18.34 kg
baggage is on conveyor belt-------
---------baggage detected by sensor------------- 
Baggage weighs: 19.09 kg
baggage is on conveyor belt-------
---------baggage detected by sensor------------- 
Baggage weighs: 22.38 kg
baggage is on conveyor belt-------
---------baggage detected by sensor------------- 
Baggage weighs: 22.12 kg
baggage is on conveyor belt-------
---------baggage detected by sensor------------- 
Baggage weighs: 16.75 kg
baggage is on conveyor belt-------
---------baggage detected by sensor------------- 
Baggage weighs: 20.36 kg
baggage is on conveyor belt-------
---------baggage detected by sensor------------- 
Baggage weighs: 20.94 kg
baggage is on conveyor belt-------
---------baggage detected by sensor------------- 
Baggage weighs: 19.8 kg
baggage is on conveyor belt-------
---------baggage detected by sensor------------- 
Baggage weighs: 19.12 kg
baggage is on conveyor belt-------
---------baggage detected by sensor------------- 
Baggage weighs: 16.93 kg
baggage is on conveyor belt-------
---------baggage detected by sensor------------- 
Baggage weighs: 20.48 kg
baggage is on conveyor belt-------
---------baggage detected by sensor------------- 
Baggage weighs: 17.63 kg
baggage is on conveyor belt-------
---------baggage detected by sensor------------- 
Baggage weighs: 19.86 kg
baggage is on conveyor belt-------
---------baggage detected by sensor------------- 
Baggage weighs: 19.4 kg
baggage is on conveyor belt-------
---------baggage detected by sensor------------- 
Baggage weighs: 19.0 kg
baggage is on conveyor belt-------
---------baggage detected by sensor------------- 
Baggage weighs: 20.5 kg
baggage is on conveyor belt-------
---------baggage detected by sensor------------- 
Baggage weighs: 21.9 kg
baggage is on conveyor belt-------
---------baggage detected by sensor------------- 
Baggage weighs: 19.82 kg
baggage is on conveyor belt-------
---------baggage detected by sensor------------- 
Baggage weighs: 18.98 kg
baggage is on conveyor belt-------
---------baggage detected by sensor------------- 
Baggage weighs: 19.28 kg
baggage is on conveyor belt-------
---------baggage detected by sensor------------- 
Baggage weighs: 18.06 kg
baggage is on conveyor belt-------
---------baggage detected by sensor------------- 
Baggage weighs: 20.2 kg
baggage is on conveyor belt-------
---------baggage detected by sensor------------- 
Baggage weighs: 19.74 kg
baggage is on conveyor belt-------
---------baggage detected by sensor------------- 
Baggage weighs: 17.44 kg
baggage is on conveyor belt-------
---------baggage detected by sensor------------- 
Baggage weighs: 19.36 kg
baggage is on conveyor belt-------
---------baggage detected by sensor------------- 
Baggage weighs: 20.4 kg
baggage is on conveyor belt-------
---------baggage detected by sensor------------- 
Baggage weighs: 18.92 kg
baggage is on conveyor belt-------
---------baggage detected by sensor------------- 
Baggage weighs: 18.48 kg
baggage is on conveyor belt-------
---------baggage detected by sensor------------- 
Baggage weighs: 17.34 kg
baggage is on conveyor belt-------
---------baggage detected by sensor------------- 
Baggage weighs: 20.57 kg
baggage is on conveyor belt-------
---------baggage detected by sensor------------- 
Baggage weighs: 17.19 kg
baggage is on conveyor belt-------
---------baggage detected by sensor------------- 
Baggage weighs: 18.25 kg
baggage is on conveyor belt-------
---------baggage detected by sensor------------- 
Baggage weighs: 19.29 kg
baggage is on conveyor belt-------
---------baggage detected by sensor------------- 
Baggage weighs: 16.86 kg
baggage is on conveyor belt-------
---------baggage detected by sensor------------- 
Baggage weighs: 19.34 kg
baggage is on conveyor belt-------
---------baggage detected by sensor------------- 
Baggage weighs: 19.32 kg
baggage is on conveyor belt-------
---------baggage detected by sensor------------- 
Baggage weighs: 18.15 kg
baggage is on conveyor belt-------
---------baggage detected by sensor------------- 
Baggage weighs: 18.98 kg
baggage is on conveyor belt-------
---------baggage detected by sensor------------- 
Baggage weighs: 21.84 kg
baggage is on conveyor belt-------
---------baggage detected by sensor------------- 
Baggage weighs: 20.53 kg
baggage is on conveyor belt-------
---------baggage detected by sensor------------- 
Baggage weighs: 20.62 kg
baggage is on conveyor belt-------
---------baggage detected by sensor------------- 
Baggage weighs: 20.7 kg
baggage is on conveyor belt-------
---------baggage detected by sensor------------- 
Baggage weighs: 19.64 kg
baggage is on conveyor belt-------
---------baggage detected by sensor------------- 
Baggage weighs: 16.11 kg
baggage is on conveyor belt-------
---------baggage detected by sensor------------- 
Baggage weighs: 22.24 kg
baggage is on conveyor belt-------
---------baggage detected by sensor------------- 
Baggage weighs: 21.47 kg
baggage is on conveyor belt-------
---------baggage detected by sensor------------- 
Baggage weighs: 20.73 kg
baggage is on conveyor belt-------
---------baggage detected by sensor------------- 
Baggage weighs: 19.51 kg
baggage is on conveyor belt-------
---------baggage detected by sensor------------- 
Baggage weighs: 20.11 kg
baggage is on conveyor belt-------
---------baggage detected by sensor------------- 
Baggage weighs: 20.36 kg
baggage is on conveyor belt-------
---------baggage detected by sensor------------- 
Baggage weighs: 18.84 kg
baggage is on conveyor belt-------
---------baggage detected by sensor------------- 
Baggage weighs: 22.61 kg
baggage is on conveyor belt-------
---------baggage detected by sensor------------- 
Baggage weighs: 20.07 kg
baggage is on conveyor belt-------
---------baggage detected by sensor------------- 
Baggage weighs: 20.28 kg
baggage is on conveyor belt-------
---------baggage detected by sensor------------- 
Baggage weighs: 17.9 kg
baggage is on conveyor belt-------
---------baggage detected by sensor------------- 
Baggage weighs: 18.13 kg
baggage is on conveyor belt-------
---------baggage detected by sensor------------- 
Baggage weighs: 18.32 kg
baggage is on conveyor belt-------
---------baggage detected by sensor------------- 
Baggage weighs: 19.3 kg
baggage is on conveyor belt-------
---------baggage detected by sensor------------- 
Baggage weighs: 21.34 kg
baggage is on conveyor belt-------
---------baggage detected by sensor------------- 
Baggage weighs: 19.74 kg
baggage is on conveyor belt-------
---------baggage detected by sensor------------- 
Baggage weighs: 18.46 kg
baggage is on conveyor belt-------
---------baggage detected by sensor------------- 
Baggage weighs: 19.49 kg
baggage is on conveyor belt-------
---------baggage detected by sensor------------- 
Baggage weighs: 17.97 kg
baggage is on conveyor belt-------
---------baggage detected by sensor------------- 
Baggage weighs: 21.32 kg
baggage is on conveyor belt-------
---------baggage detected by sensor------------- 
Baggage weighs: 16.41 kg
baggage is on conveyor belt-------
---------baggage detected by sensor------------- 
Baggage weighs: 16.36 kg
baggage is on conveyor belt-------
---------baggage detected by sensor------------- 
Baggage weighs: 16.24 kg
baggage is on conveyor belt-------
---------baggage detected by sensor------------- 
Baggage weighs: 16.65 kg
baggage is on conveyor belt-------
---------baggage detected by sensor------------- 
Baggage weighs: 20.17 kg
baggage is on conveyor belt-------
---------baggage detected by sensor------------- 
Baggage weighs: 21.08 kg
baggage is on conveyor belt-------
---------baggage detected by sensor------------- 
Baggage weighs: 18.0 kg
baggage is on conveyor belt-------
---------baggage detected by sensor------------- 
Baggage weighs: 17.49 kg
baggage is on conveyor belt-------
---------baggage detected by sensor------------- 
Baggage weighs: 19.3 kg
baggage is on conveyor belt-------
---------baggage detected by sensor------------- 
Baggage weighs: 18.34 kg
baggage is on conveyor belt-------
---------baggage detected by sensor------------- 
Baggage weighs: 19.57 kg
baggage is on conveyor belt-------
---------baggage detected by sensor------------- 
Baggage weighs: 18.99 kg
baggage is on conveyor belt-------
---------baggage detected by sensor------------- 
Baggage weighs: 20.13 kg
baggage is on conveyor belt-------
---------baggage detected by sensor------------- 
Baggage weighs: 21.59 kg
baggage is on conveyor belt-------
---------baggage detected by sensor------------- 
Baggage weighs: 17.75 kg
baggage is on conveyor belt-------
---------baggage detected by sensor------------- 
Baggage weighs: 18.88 kg
baggage is on conveyor belt-------
---------baggage detected by sensor------------- 
Baggage weighs: 17.64 kg
baggage is on conveyor belt-------
---------baggage detected by sensor------------- 
Baggage weighs: 17.28 kg
baggage is on conveyor belt-------
---------baggage detected by sensor------------- 
Baggage weighs: 19.89 kg
baggage is on conveyor belt-------
---------baggage detected by sensor------------- 
Baggage weighs: 16.14 kg
baggage is on conveyor belt-------
---------baggage detected by sensor------------- 
Baggage weighs: 19.6 kg
baggage is on conveyor belt-------
---------baggage detected by sensor------------- 
Baggage weighs: 19.1 kg
baggage is on conveyor belt-------
---------baggage detected by sensor------------- 
Baggage weighs: 16.76 kg
baggage is on conveyor belt-------
---------baggage detected by sensor------------- 
Baggage weighs: 22.78 kg
baggage is on conveyor belt-------
---------baggage detected by sensor------------- 
Baggage weighs: 16.41 kg
baggage is on conveyor belt-------
---------baggage detected by sensor------------- 
Baggage weighs: 19.48 kg
baggage is on conveyor belt-------
---------baggage detected by sensor------------- 
Baggage weighs: 19.0 kg
baggage is on conveyor belt-------
---------baggage detected by sensor------------- 
Baggage weighs: 21.58 kg
baggage is on conveyor belt-------
---------baggage detected by sensor------------- 
Baggage weighs: 21.07 kg
baggage is on conveyor belt-------
---------baggage detected by sensor------------- 
Baggage weighs: 16.28 kg
baggage is on conveyor belt-------
---------baggage detected by sensor------------- 
Baggage weighs: 20.22 kg
baggage is on conveyor belt-------
---------baggage detected by sensor------------- 
Baggage weighs: 17.58 kg
baggage is on conveyor belt-------
---------baggage detected by sensor------------- 
Baggage weighs: 17.69 kg
baggage is on conveyor belt-------
---------baggage detected by sensor------------- 
Baggage weighs: 19.1 kg
baggage is on conveyor belt-------
---------baggage detected by sensor------------- 
Baggage weighs: 18.5 kg
baggage is on conveyor belt-------
---------baggage detected by sensor------------- 
Baggage weighs: 19.06 kg
baggage is on conveyor belt-------
---------baggage detected by sensor------------- 
Baggage weighs: 21.45 kg
baggage is on conveyor belt-------
---------baggage detected by sensor------------- 
Baggage weighs: 19.0 kg
baggage is on conveyor belt-------
---------baggage detected by sensor------------- 
Baggage weighs: 20.87 kg
baggage is on conveyor belt-------
---------baggage detected by sensor------------- 
Baggage weighs: 22.55 kg
baggage is on conveyor belt-------
---------baggage detected by sensor------------- 
Baggage weighs: 21.43 kg
baggage is on conveyor belt-------
---------baggage detected by sensor------------- 
Baggage weighs: 16.99 kg
baggage is on conveyor belt-------
---------baggage detected by sensor------------- 
Baggage weighs: 16.52 kg
baggage is on conveyor belt-------
---------baggage detected by sensor------------- 
Baggage weighs: 20.55 kg
baggage is on conveyor belt-------
---------baggage detected by sensor------------- 
Baggage weighs: 21.64 kg
Seat with ID: 39K has been reserved for you!

BOARDING PASS FOR DANNY KNAPP
-----------------------------------------------------------------------------
LUFTHANSA                      351dpvcjkjuby7v /  Danny Knapp
Danny Knapp                                     /  351dpvcjkjuby7v
FRA   LH2121   E  30.Oct                       /  FRA
HKG                                            /  HKG
SEAT ID: 39K                                   /  LH2121 E 30.Oct
SEQ: 224                                      / GATE: A05   22:00
MAX 1  HANDLUGGAGE/ LUGGAGE
-----------------------------------------------------------------------------
sorry Danny Knapp we have no voucher for you! Have a nice day!

---------------------------------------------------------------------------------------------------------------
scanning passport with passport id: B4UC4XHMV
searching for ticket in fast bag drop database..............
Ticket found for Darnell Hodge and Flight LH2121
----searching flight seat for Darnell Hodge---------
Found a seat with ID 40A
Below details were found in database
------------------------------------------
Name: Darnell Hodge
Flight ID: LH2121
Source: FRA
Destination: HKG
Gate No: A05
Boarding time: 22:00
Ticket ID: bwjq1xn60i53ru6
Booking Class: E
------------------------------------------

Proceed with check-in for flight LH2121 ?
Type YES to CHECK-IN or NO to cancel CHECK-IN
Darnell Hodge is deciding whether to check-in or to go back home and sleep............
YES CHECK-IN
Checking you in...............
baggage is on conveyor belt-------
---------baggage detected by sensor------------- 
Baggage weighs: 21.58 kg
baggage is on conveyor belt-------
---------baggage detected by sensor------------- 
Baggage weighs: 20.43 kg
baggage is on conveyor belt-------
---------baggage detected by sensor------------- 
Baggage weighs: 18.47 kg
baggage is on conveyor belt-------
---------baggage detected by sensor------------- 
Baggage weighs: 17.86 kg
baggage is on conveyor belt-------
---------baggage detected by sensor------------- 
Baggage weighs: 18.65 kg
baggage is on conveyor belt-------
---------baggage detected by sensor------------- 
Baggage weighs: 19.27 kg
baggage is on conveyor belt-------
---------baggage detected by sensor------------- 
Baggage weighs: 17.42 kg
baggage is on conveyor belt-------
---------baggage detected by sensor------------- 
Baggage weighs: 19.16 kg
baggage is on conveyor belt-------
---------baggage detected by sensor------------- 
Baggage weighs: 19.52 kg
baggage is on conveyor belt-------
---------baggage detected by sensor------------- 
Baggage weighs: 17.51 kg
baggage is on conveyor belt-------
---------baggage detected by sensor------------- 
Baggage weighs: 17.38 kg
baggage is on conveyor belt-------
---------baggage detected by sensor------------- 
Baggage weighs: 18.67 kg
baggage is on conveyor belt-------
---------baggage detected by sensor------------- 
Baggage weighs: 16.98 kg
baggage is on conveyor belt-------
---------baggage detected by sensor------------- 
Baggage weighs: 21.26 kg
baggage is on conveyor belt-------
---------baggage detected by sensor------------- 
Baggage weighs: 18.3 kg
baggage is on conveyor belt-------
---------baggage detected by sensor------------- 
Baggage weighs: 16.81 kg
baggage is on conveyor belt-------
---------baggage detected by sensor------------- 
Baggage weighs: 20.91 kg
baggage is on conveyor belt-------
---------baggage detected by sensor------------- 
Baggage weighs: 21.21 kg
baggage is on conveyor belt-------
---------baggage detected by sensor------------- 
Baggage weighs: 19.69 kg
baggage is on conveyor belt-------
---------baggage detected by sensor------------- 
Baggage weighs: 18.67 kg
baggage is on conveyor belt-------
---------baggage detected by sensor------------- 
Baggage weighs: 19.12 kg
baggage is on conveyor belt-------
---------baggage detected by sensor------------- 
Baggage weighs: 16.42 kg
baggage is on conveyor belt-------
---------baggage detected by sensor------------- 
Baggage weighs: 19.17 kg
baggage is on conveyor belt-------
---------baggage detected by sensor------------- 
Baggage weighs: 19.0 kg
baggage is on conveyor belt-------
---------baggage detected by sensor------------- 
Baggage weighs: 18.78 kg
baggage is on conveyor belt-------
---------baggage detected by sensor------------- 
Baggage weighs: 20.31 kg
baggage is on conveyor belt-------
---------baggage detected by sensor------------- 
Baggage weighs: 21.25 kg
baggage is on conveyor belt-------
---------baggage detected by sensor------------- 
Baggage weighs: 18.87 kg
baggage is on conveyor belt-------
---------baggage detected by sensor------------- 
Baggage weighs: 16.25 kg
baggage is on conveyor belt-------
---------baggage detected by sensor------------- 
Baggage weighs: 19.94 kg
baggage is on conveyor belt-------
---------baggage detected by sensor------------- 
Baggage weighs: 16.88 kg
baggage is on conveyor belt-------
---------baggage detected by sensor------------- 
Baggage weighs: 18.24 kg
baggage is on conveyor belt-------
---------baggage detected by sensor------------- 
Baggage weighs: 17.16 kg
baggage is on conveyor belt-------
---------baggage detected by sensor------------- 
Baggage weighs: 19.34 kg
baggage is on conveyor belt-------
---------baggage detected by sensor------------- 
Baggage weighs: 22.41 kg
baggage is on conveyor belt-------
---------baggage detected by sensor------------- 
Baggage weighs: 20.47 kg
baggage is on conveyor belt-------
---------baggage detected by sensor------------- 
Baggage weighs: 18.81 kg
baggage is on conveyor belt-------
---------baggage detected by sensor------------- 
Baggage weighs: 18.56 kg
baggage is on conveyor belt-------
---------baggage detected by sensor------------- 
Baggage weighs: 17.77 kg
baggage is on conveyor belt-------
---------baggage detected by sensor------------- 
Baggage weighs: 19.32 kg
baggage is on conveyor belt-------
---------baggage detected by sensor------------- 
Baggage weighs: 19.21 kg
baggage is on conveyor belt-------
---------baggage detected by sensor------------- 
Baggage weighs: 19.13 kg
baggage is on conveyor belt-------
---------baggage detected by sensor------------- 
Baggage weighs: 20.39 kg
baggage is on conveyor belt-------
---------baggage detected by sensor------------- 
Baggage weighs: 21.03 kg
baggage is on conveyor belt-------
---------baggage detected by sensor------------- 
Baggage weighs: 20.05 kg
baggage is on conveyor belt-------
---------baggage detected by sensor------------- 
Baggage weighs: 21.92 kg
baggage is on conveyor belt-------
---------baggage detected by sensor------------- 
Baggage weighs: 19.37 kg
baggage is on conveyor belt-------
---------baggage detected by sensor------------- 
Baggage weighs: 20.35 kg
baggage is on conveyor belt-------
---------baggage detected by sensor------------- 
Baggage weighs: 18.73 kg
baggage is on conveyor belt-------
---------baggage detected by sensor------------- 
Baggage weighs: 20.33 kg
baggage is on conveyor belt-------
---------baggage detected by sensor------------- 
Baggage weighs: 22.01 kg
baggage is on conveyor belt-------
---------baggage detected by sensor------------- 
Baggage weighs: 19.27 kg
baggage is on conveyor belt-------
---------baggage detected by sensor------------- 
Baggage weighs: 21.18 kg
baggage is on conveyor belt-------
---------baggage detected by sensor------------- 
Baggage weighs: 17.16 kg
baggage is on conveyor belt-------
---------baggage detected by sensor------------- 
Baggage weighs: 20.04 kg
baggage is on conveyor belt-------
---------baggage detected by sensor------------- 
Baggage weighs: 20.91 kg
baggage is on conveyor belt-------
---------baggage detected by sensor------------- 
Baggage weighs: 20.3 kg
baggage is on conveyor belt-------
---------baggage detected by sensor------------- 
Baggage weighs: 20.38 kg
baggage is on conveyor belt-------
---------baggage detected by sensor------------- 
Baggage weighs: 16.54 kg
baggage is on conveyor belt-------
---------baggage detected by sensor------------- 
Baggage weighs: 18.87 kg
baggage is on conveyor belt-------
---------baggage detected by sensor------------- 
Baggage weighs: 20.22 kg
baggage is on conveyor belt-------
---------baggage detected by sensor------------- 
Baggage weighs: 20.75 kg
baggage is on conveyor belt-------
---------baggage detected by sensor------------- 
Baggage weighs: 17.4 kg
baggage is on conveyor belt-------
---------baggage detected by sensor------------- 
Baggage weighs: 20.27 kg
baggage is on conveyor belt-------
---------baggage detected by sensor------------- 
Baggage weighs: 17.04 kg
baggage is on conveyor belt-------
---------baggage detected by sensor------------- 
Baggage weighs: 19.84 kg
baggage is on conveyor belt-------
---------baggage detected by sensor------------- 
Baggage weighs: 17.34 kg
baggage is on conveyor belt-------
---------baggage detected by sensor------------- 
Baggage weighs: 18.75 kg
baggage is on conveyor belt-------
---------baggage detected by sensor------------- 
Baggage weighs: 19.12 kg
baggage is on conveyor belt-------
---------baggage detected by sensor------------- 
Baggage weighs: 18.29 kg
baggage is on conveyor belt-------
---------baggage detected by sensor------------- 
Baggage weighs: 17.94 kg
baggage is on conveyor belt-------
---------baggage detected by sensor------------- 
Baggage weighs: 19.09 kg
baggage is on conveyor belt-------
---------baggage detected by sensor------------- 
Baggage weighs: 22.39 kg
baggage is on conveyor belt-------
---------baggage detected by sensor------------- 
Baggage weighs: 21.23 kg
baggage is on conveyor belt-------
---------baggage detected by sensor------------- 
Baggage weighs: 17.56 kg
baggage is on conveyor belt-------
---------baggage detected by sensor------------- 
Baggage weighs: 18.37 kg
baggage is on conveyor belt-------
---------baggage detected by sensor------------- 
Baggage weighs: 21.4 kg
baggage is on conveyor belt-------
---------baggage detected by sensor------------- 
Baggage weighs: 20.25 kg
baggage is on conveyor belt-------
---------baggage detected by sensor------------- 
Baggage weighs: 23.0 kg
baggage is on conveyor belt-------
---------baggage detected by sensor------------- 
Baggage weighs: 17.01 kg
baggage is on conveyor belt-------
---------baggage detected by sensor------------- 
Baggage weighs: 17.39 kg
baggage is on conveyor belt-------
---------baggage detected by sensor------------- 
Baggage weighs: 16.7 kg
baggage is on conveyor belt-------
---------baggage detected by sensor------------- 
Baggage weighs: 16.23 kg
baggage is on conveyor belt-------
---------baggage detected by sensor------------- 
Baggage weighs: 19.13 kg
baggage is on conveyor belt-------
---------baggage detected by sensor------------- 
Baggage weighs: 21.07 kg
baggage is on conveyor belt-------
---------baggage detected by sensor------------- 
Baggage weighs: 17.87 kg
baggage is on conveyor belt-------
---------baggage detected by sensor------------- 
Baggage weighs: 19.92 kg
baggage is on conveyor belt-------
---------baggage detected by sensor------------- 
Baggage weighs: 19.22 kg
baggage is on conveyor belt-------
---------baggage detected by sensor------------- 
Baggage weighs: 21.53 kg
baggage is on conveyor belt-------
---------baggage detected by sensor------------- 
Baggage weighs: 20.29 kg
baggage is on conveyor belt-------
---------baggage detected by sensor------------- 
Baggage weighs: 19.32 kg
baggage is on conveyor belt-------
---------baggage detected by sensor------------- 
Baggage weighs: 17.25 kg
baggage is on conveyor belt-------
---------baggage detected by sensor------------- 
Baggage weighs: 21.3 kg
baggage is on conveyor belt-------
---------baggage detected by sensor------------- 
Baggage weighs: 16.79 kg
baggage is on conveyor belt-------
---------baggage detected by sensor------------- 
Baggage weighs: 19.55 kg
baggage is on conveyor belt-------
---------baggage detected by sensor------------- 
Baggage weighs: 18.88 kg
baggage is on conveyor belt-------
---------baggage detected by sensor------------- 
Baggage weighs: 22.33 kg
baggage is on conveyor belt-------
---------baggage detected by sensor------------- 
Baggage weighs: 20.62 kg
baggage is on conveyor belt-------
---------baggage detected by sensor------------- 
Baggage weighs: 19.42 kg
baggage is on conveyor belt-------
---------baggage detected by sensor------------- 
Baggage weighs: 17.54 kg
baggage is on conveyor belt-------
---------baggage detected by sensor------------- 
Baggage weighs: 21.51 kg
baggage is on conveyor belt-------
---------baggage detected by sensor------------- 
Baggage weighs: 19.46 kg
baggage is on conveyor belt-------
---------baggage detected by sensor------------- 
Baggage weighs: 17.83 kg
baggage is on conveyor belt-------
---------baggage detected by sensor------------- 
Baggage weighs: 17.75 kg
baggage is on conveyor belt-------
---------baggage detected by sensor------------- 
Baggage weighs: 17.44 kg
baggage is on conveyor belt-------
---------baggage detected by sensor------------- 
Baggage weighs: 19.53 kg
baggage is on conveyor belt-------
---------baggage detected by sensor------------- 
Baggage weighs: 17.51 kg
baggage is on conveyor belt-------
---------baggage detected by sensor------------- 
Baggage weighs: 18.2 kg
baggage is on conveyor belt-------
---------baggage detected by sensor------------- 
Baggage weighs: 21.55 kg
baggage is on conveyor belt-------
---------baggage detected by sensor------------- 
Baggage weighs: 19.67 kg
baggage is on conveyor belt-------
---------baggage detected by sensor------------- 
Baggage weighs: 19.52 kg
baggage is on conveyor belt-------
---------baggage detected by sensor------------- 
Baggage weighs: 21.06 kg
baggage is on conveyor belt-------
---------baggage detected by sensor------------- 
Baggage weighs: 17.44 kg
baggage is on conveyor belt-------
---------baggage detected by sensor------------- 
Baggage weighs: 19.21 kg
baggage is on conveyor belt-------
---------baggage detected by sensor------------- 
Baggage weighs: 21.65 kg
baggage is on conveyor belt-------
---------baggage detected by sensor------------- 
Baggage weighs: 19.64 kg
baggage is on conveyor belt-------
---------baggage detected by sensor------------- 
Baggage weighs: 21.03 kg
baggage is on conveyor belt-------
---------baggage detected by sensor------------- 
Baggage weighs: 19.76 kg
baggage is on conveyor belt-------
---------baggage detected by sensor------------- 
Baggage weighs: 21.01 kg
baggage is on conveyor belt-------
---------baggage detected by sensor------------- 
Baggage weighs: 19.11 kg
baggage is on conveyor belt-------
---------baggage detected by sensor------------- 
Baggage weighs: 18.54 kg
baggage is on conveyor belt-------
---------baggage detected by sensor------------- 
Baggage weighs: 16.86 kg
baggage is on conveyor belt-------
---------baggage detected by sensor------------- 
Baggage weighs: 16.59 kg
baggage is on conveyor belt-------
---------baggage detected by sensor------------- 
Baggage weighs: 19.26 kg
baggage is on conveyor belt-------
---------baggage detected by sensor------------- 
Baggage weighs: 18.34 kg
baggage is on conveyor belt-------
---------baggage detected by sensor------------- 
Baggage weighs: 19.09 kg
baggage is on conveyor belt-------
---------baggage detected by sensor------------- 
Baggage weighs: 22.38 kg
baggage is on conveyor belt-------
---------baggage detected by sensor------------- 
Baggage weighs: 22.12 kg
baggage is on conveyor belt-------
---------baggage detected by sensor------------- 
Baggage weighs: 16.75 kg
baggage is on conveyor belt-------
---------baggage detected by sensor------------- 
Baggage weighs: 20.36 kg
baggage is on conveyor belt-------
---------baggage detected by sensor------------- 
Baggage weighs: 20.94 kg
baggage is on conveyor belt-------
---------baggage detected by sensor------------- 
Baggage weighs: 19.8 kg
baggage is on conveyor belt-------
---------baggage detected by sensor------------- 
Baggage weighs: 19.12 kg
baggage is on conveyor belt-------
---------baggage detected by sensor------------- 
Baggage weighs: 16.93 kg
baggage is on conveyor belt-------
---------baggage detected by sensor------------- 
Baggage weighs: 20.48 kg
baggage is on conveyor belt-------
---------baggage detected by sensor------------- 
Baggage weighs: 17.63 kg
baggage is on conveyor belt-------
---------baggage detected by sensor------------- 
Baggage weighs: 19.86 kg
baggage is on conveyor belt-------
---------baggage detected by sensor------------- 
Baggage weighs: 19.4 kg
baggage is on conveyor belt-------
---------baggage detected by sensor------------- 
Baggage weighs: 19.0 kg
baggage is on conveyor belt-------
---------baggage detected by sensor------------- 
Baggage weighs: 20.5 kg
baggage is on conveyor belt-------
---------baggage detected by sensor------------- 
Baggage weighs: 21.9 kg
baggage is on conveyor belt-------
---------baggage detected by sensor------------- 
Baggage weighs: 19.82 kg
baggage is on conveyor belt-------
---------baggage detected by sensor------------- 
Baggage weighs: 18.98 kg
baggage is on conveyor belt-------
---------baggage detected by sensor------------- 
Baggage weighs: 19.28 kg
baggage is on conveyor belt-------
---------baggage detected by sensor------------- 
Baggage weighs: 18.06 kg
baggage is on conveyor belt-------
---------baggage detected by sensor------------- 
Baggage weighs: 20.2 kg
baggage is on conveyor belt-------
---------baggage detected by sensor------------- 
Baggage weighs: 19.74 kg
baggage is on conveyor belt-------
---------baggage detected by sensor------------- 
Baggage weighs: 17.44 kg
baggage is on conveyor belt-------
---------baggage detected by sensor------------- 
Baggage weighs: 19.36 kg
baggage is on conveyor belt-------
---------baggage detected by sensor------------- 
Baggage weighs: 20.4 kg
baggage is on conveyor belt-------
---------baggage detected by sensor------------- 
Baggage weighs: 18.92 kg
baggage is on conveyor belt-------
---------baggage detected by sensor------------- 
Baggage weighs: 18.48 kg
baggage is on conveyor belt-------
---------baggage detected by sensor------------- 
Baggage weighs: 17.34 kg
baggage is on conveyor belt-------
---------baggage detected by sensor------------- 
Baggage weighs: 20.57 kg
baggage is on conveyor belt-------
---------baggage detected by sensor------------- 
Baggage weighs: 17.19 kg
baggage is on conveyor belt-------
---------baggage detected by sensor------------- 
Baggage weighs: 18.25 kg
baggage is on conveyor belt-------
---------baggage detected by sensor------------- 
Baggage weighs: 19.29 kg
baggage is on conveyor belt-------
---------baggage detected by sensor------------- 
Baggage weighs: 16.86 kg
baggage is on conveyor belt-------
---------baggage detected by sensor------------- 
Baggage weighs: 19.34 kg
baggage is on conveyor belt-------
---------baggage detected by sensor------------- 
Baggage weighs: 19.32 kg
baggage is on conveyor belt-------
---------baggage detected by sensor------------- 
Baggage weighs: 18.15 kg
baggage is on conveyor belt-------
---------baggage detected by sensor------------- 
Baggage weighs: 18.98 kg
baggage is on conveyor belt-------
---------baggage detected by sensor------------- 
Baggage weighs: 21.84 kg
baggage is on conveyor belt-------
---------baggage detected by sensor------------- 
Baggage weighs: 20.53 kg
baggage is on conveyor belt-------
---------baggage detected by sensor------------- 
Baggage weighs: 20.62 kg
baggage is on conveyor belt-------
---------baggage detected by sensor------------- 
Baggage weighs: 20.7 kg
baggage is on conveyor belt-------
---------baggage detected by sensor------------- 
Baggage weighs: 19.64 kg
baggage is on conveyor belt-------
---------baggage detected by sensor------------- 
Baggage weighs: 16.11 kg
baggage is on conveyor belt-------
---------baggage detected by sensor------------- 
Baggage weighs: 22.24 kg
baggage is on conveyor belt-------
---------baggage detected by sensor------------- 
Baggage weighs: 21.47 kg
baggage is on conveyor belt-------
---------baggage detected by sensor------------- 
Baggage weighs: 20.73 kg
baggage is on conveyor belt-------
---------baggage detected by sensor------------- 
Baggage weighs: 19.51 kg
baggage is on conveyor belt-------
---------baggage detected by sensor------------- 
Baggage weighs: 20.11 kg
baggage is on conveyor belt-------
---------baggage detected by sensor------------- 
Baggage weighs: 20.36 kg
baggage is on conveyor belt-------
---------baggage detected by sensor------------- 
Baggage weighs: 18.84 kg
baggage is on conveyor belt-------
---------baggage detected by sensor------------- 
Baggage weighs: 22.61 kg
baggage is on conveyor belt-------
---------baggage detected by sensor------------- 
Baggage weighs: 20.07 kg
baggage is on conveyor belt-------
---------baggage detected by sensor------------- 
Baggage weighs: 20.28 kg
baggage is on conveyor belt-------
---------baggage detected by sensor------------- 
Baggage weighs: 17.9 kg
baggage is on conveyor belt-------
---------baggage detected by sensor------------- 
Baggage weighs: 18.13 kg
baggage is on conveyor belt-------
---------baggage detected by sensor------------- 
Baggage weighs: 18.32 kg
baggage is on conveyor belt-------
---------baggage detected by sensor------------- 
Baggage weighs: 19.3 kg
baggage is on conveyor belt-------
---------baggage detected by sensor------------- 
Baggage weighs: 21.34 kg
baggage is on conveyor belt-------
---------baggage detected by sensor------------- 
Baggage weighs: 19.74 kg
baggage is on conveyor belt-------
---------baggage detected by sensor------------- 
Baggage weighs: 18.46 kg
baggage is on conveyor belt-------
---------baggage detected by sensor------------- 
Baggage weighs: 19.49 kg
baggage is on conveyor belt-------
---------baggage detected by sensor------------- 
Baggage weighs: 17.97 kg
baggage is on conveyor belt-------
---------baggage detected by sensor------------- 
Baggage weighs: 21.32 kg
baggage is on conveyor belt-------
---------baggage detected by sensor------------- 
Baggage weighs: 16.41 kg
baggage is on conveyor belt-------
---------baggage detected by sensor------------- 
Baggage weighs: 16.36 kg
baggage is on conveyor belt-------
---------baggage detected by sensor------------- 
Baggage weighs: 16.24 kg
baggage is on conveyor belt-------
---------baggage detected by sensor------------- 
Baggage weighs: 16.65 kg
baggage is on conveyor belt-------
---------baggage detected by sensor------------- 
Baggage weighs: 20.17 kg
baggage is on conveyor belt-------
---------baggage detected by sensor------------- 
Baggage weighs: 21.08 kg
baggage is on conveyor belt-------
---------baggage detected by sensor------------- 
Baggage weighs: 18.0 kg
baggage is on conveyor belt-------
---------baggage detected by sensor------------- 
Baggage weighs: 17.49 kg
baggage is on conveyor belt-------
---------baggage detected by sensor------------- 
Baggage weighs: 19.3 kg
baggage is on conveyor belt-------
---------baggage detected by sensor------------- 
Baggage weighs: 18.34 kg
baggage is on conveyor belt-------
---------baggage detected by sensor------------- 
Baggage weighs: 19.57 kg
baggage is on conveyor belt-------
---------baggage detected by sensor------------- 
Baggage weighs: 18.99 kg
baggage is on conveyor belt-------
---------baggage detected by sensor------------- 
Baggage weighs: 20.13 kg
baggage is on conveyor belt-------
---------baggage detected by sensor------------- 
Baggage weighs: 21.59 kg
baggage is on conveyor belt-------
---------baggage detected by sensor------------- 
Baggage weighs: 17.75 kg
baggage is on conveyor belt-------
---------baggage detected by sensor------------- 
Baggage weighs: 18.88 kg
baggage is on conveyor belt-------
---------baggage detected by sensor------------- 
Baggage weighs: 17.64 kg
baggage is on conveyor belt-------
---------baggage detected by sensor------------- 
Baggage weighs: 17.28 kg
baggage is on conveyor belt-------
---------baggage detected by sensor------------- 
Baggage weighs: 19.89 kg
baggage is on conveyor belt-------
---------baggage detected by sensor------------- 
Baggage weighs: 16.14 kg
baggage is on conveyor belt-------
---------baggage detected by sensor------------- 
Baggage weighs: 19.6 kg
baggage is on conveyor belt-------
---------baggage detected by sensor------------- 
Baggage weighs: 19.1 kg
baggage is on conveyor belt-------
---------baggage detected by sensor------------- 
Baggage weighs: 16.76 kg
baggage is on conveyor belt-------
---------baggage detected by sensor------------- 
Baggage weighs: 22.78 kg
baggage is on conveyor belt-------
---------baggage detected by sensor------------- 
Baggage weighs: 16.41 kg
baggage is on conveyor belt-------
---------baggage detected by sensor------------- 
Baggage weighs: 19.48 kg
baggage is on conveyor belt-------
---------baggage detected by sensor------------- 
Baggage weighs: 19.0 kg
baggage is on conveyor belt-------
---------baggage detected by sensor------------- 
Baggage weighs: 21.58 kg
baggage is on conveyor belt-------
---------baggage detected by sensor------------- 
Baggage weighs: 21.07 kg
baggage is on conveyor belt-------
---------baggage detected by sensor------------- 
Baggage weighs: 16.28 kg
baggage is on conveyor belt-------
---------baggage detected by sensor------------- 
Baggage weighs: 20.22 kg
baggage is on conveyor belt-------
---------baggage detected by sensor------------- 
Baggage weighs: 17.58 kg
baggage is on conveyor belt-------
---------baggage detected by sensor------------- 
Baggage weighs: 17.69 kg
baggage is on conveyor belt-------
---------baggage detected by sensor------------- 
Baggage weighs: 19.1 kg
baggage is on conveyor belt-------
---------baggage detected by sensor------------- 
Baggage weighs: 18.5 kg
baggage is on conveyor belt-------
---------baggage detected by sensor------------- 
Baggage weighs: 19.06 kg
baggage is on conveyor belt-------
---------baggage detected by sensor------------- 
Baggage weighs: 21.45 kg
baggage is on conveyor belt-------
---------baggage detected by sensor------------- 
Baggage weighs: 19.0 kg
baggage is on conveyor belt-------
---------baggage detected by sensor------------- 
Baggage weighs: 20.87 kg
baggage is on conveyor belt-------
---------baggage detected by sensor------------- 
Baggage weighs: 22.55 kg
baggage is on conveyor belt-------
---------baggage detected by sensor------------- 
Baggage weighs: 21.43 kg
baggage is on conveyor belt-------
---------baggage detected by sensor------------- 
Baggage weighs: 16.99 kg
baggage is on conveyor belt-------
---------baggage detected by sensor------------- 
Baggage weighs: 16.52 kg
baggage is on conveyor belt-------
---------baggage detected by sensor------------- 
Baggage weighs: 20.55 kg
baggage is on conveyor belt-------
---------baggage detected by sensor------------- 
Baggage weighs: 21.64 kg
baggage is on conveyor belt-------
---------baggage detected by sensor------------- 
Baggage weighs: 18.94 kg
Seat with ID: 40A has been reserved for you!

BOARDING PASS FOR DARNELL HODGE
-----------------------------------------------------------------------------
LUFTHANSA                      bwjq1xn60i53ru6 /  Darnell Hodge
Darnell Hodge                                     /  bwjq1xn60i53ru6
FRA   LH2121   E  30.Oct                       /  FRA
HKG                                            /  HKG
SEAT ID: 40A                                   /  LH2121 E 30.Oct
SEQ: 225                                      / GATE: A05   22:00
MAX 1  HANDLUGGAGE/ LUGGAGE
-----------------------------------------------------------------------------
sorry Darnell Hodge we have no voucher for you! Have a nice day!

---------------------------------------------------------------------------------------------------------------
scanning passport with passport id: BP0J4Y4SX
searching for ticket in fast bag drop database..............
Ticket found for Krystal Dennis and Flight LH2121
----searching flight seat for Krystal Dennis---------
Found a seat with ID 40B
Below details were found in database
------------------------------------------
Name: Krystal Dennis
Flight ID: LH2121
Source: FRA
Destination: HKG
Gate No: A05
Boarding time: 22:00
Ticket ID: wg69g8tstnyw44o
Booking Class: E
------------------------------------------

Proceed with check-in for flight LH2121 ?
Type YES to CHECK-IN or NO to cancel CHECK-IN
Krystal Dennis is deciding whether to check-in or to go back home and sleep............
YES CHECK-IN
Checking you in...............
baggage is on conveyor belt-------
---------baggage detected by sensor------------- 
Baggage weighs: 21.58 kg
baggage is on conveyor belt-------
---------baggage detected by sensor------------- 
Baggage weighs: 20.43 kg
baggage is on conveyor belt-------
---------baggage detected by sensor------------- 
Baggage weighs: 18.47 kg
baggage is on conveyor belt-------
---------baggage detected by sensor------------- 
Baggage weighs: 17.86 kg
baggage is on conveyor belt-------
---------baggage detected by sensor------------- 
Baggage weighs: 18.65 kg
baggage is on conveyor belt-------
---------baggage detected by sensor------------- 
Baggage weighs: 19.27 kg
baggage is on conveyor belt-------
---------baggage detected by sensor------------- 
Baggage weighs: 17.42 kg
baggage is on conveyor belt-------
---------baggage detected by sensor------------- 
Baggage weighs: 19.16 kg
baggage is on conveyor belt-------
---------baggage detected by sensor------------- 
Baggage weighs: 19.52 kg
baggage is on conveyor belt-------
---------baggage detected by sensor------------- 
Baggage weighs: 17.51 kg
baggage is on conveyor belt-------
---------baggage detected by sensor------------- 
Baggage weighs: 17.38 kg
baggage is on conveyor belt-------
---------baggage detected by sensor------------- 
Baggage weighs: 18.67 kg
baggage is on conveyor belt-------
---------baggage detected by sensor------------- 
Baggage weighs: 16.98 kg
baggage is on conveyor belt-------
---------baggage detected by sensor------------- 
Baggage weighs: 21.26 kg
baggage is on conveyor belt-------
---------baggage detected by sensor------------- 
Baggage weighs: 18.3 kg
baggage is on conveyor belt-------
---------baggage detected by sensor------------- 
Baggage weighs: 16.81 kg
baggage is on conveyor belt-------
---------baggage detected by sensor------------- 
Baggage weighs: 20.91 kg
baggage is on conveyor belt-------
---------baggage detected by sensor------------- 
Baggage weighs: 21.21 kg
baggage is on conveyor belt-------
---------baggage detected by sensor------------- 
Baggage weighs: 19.69 kg
baggage is on conveyor belt-------
---------baggage detected by sensor------------- 
Baggage weighs: 18.67 kg
baggage is on conveyor belt-------
---------baggage detected by sensor------------- 
Baggage weighs: 19.12 kg
baggage is on conveyor belt-------
---------baggage detected by sensor------------- 
Baggage weighs: 16.42 kg
baggage is on conveyor belt-------
---------baggage detected by sensor------------- 
Baggage weighs: 19.17 kg
baggage is on conveyor belt-------
---------baggage detected by sensor------------- 
Baggage weighs: 19.0 kg
baggage is on conveyor belt-------
---------baggage detected by sensor------------- 
Baggage weighs: 18.78 kg
baggage is on conveyor belt-------
---------baggage detected by sensor------------- 
Baggage weighs: 20.31 kg
baggage is on conveyor belt-------
---------baggage detected by sensor------------- 
Baggage weighs: 21.25 kg
baggage is on conveyor belt-------
---------baggage detected by sensor------------- 
Baggage weighs: 18.87 kg
baggage is on conveyor belt-------
---------baggage detected by sensor------------- 
Baggage weighs: 16.25 kg
baggage is on conveyor belt-------
---------baggage detected by sensor------------- 
Baggage weighs: 19.94 kg
baggage is on conveyor belt-------
---------baggage detected by sensor------------- 
Baggage weighs: 16.88 kg
baggage is on conveyor belt-------
---------baggage detected by sensor------------- 
Baggage weighs: 18.24 kg
baggage is on conveyor belt-------
---------baggage detected by sensor------------- 
Baggage weighs: 17.16 kg
baggage is on conveyor belt-------
---------baggage detected by sensor------------- 
Baggage weighs: 19.34 kg
baggage is on conveyor belt-------
---------baggage detected by sensor------------- 
Baggage weighs: 22.41 kg
baggage is on conveyor belt-------
---------baggage detected by sensor------------- 
Baggage weighs: 20.47 kg
baggage is on conveyor belt-------
---------baggage detected by sensor------------- 
Baggage weighs: 18.81 kg
baggage is on conveyor belt-------
---------baggage detected by sensor------------- 
Baggage weighs: 18.56 kg
baggage is on conveyor belt-------
---------baggage detected by sensor------------- 
Baggage weighs: 17.77 kg
baggage is on conveyor belt-------
---------baggage detected by sensor------------- 
Baggage weighs: 19.32 kg
baggage is on conveyor belt-------
---------baggage detected by sensor------------- 
Baggage weighs: 19.21 kg
baggage is on conveyor belt-------
---------baggage detected by sensor------------- 
Baggage weighs: 19.13 kg
baggage is on conveyor belt-------
---------baggage detected by sensor------------- 
Baggage weighs: 20.39 kg
baggage is on conveyor belt-------
---------baggage detected by sensor------------- 
Baggage weighs: 21.03 kg
baggage is on conveyor belt-------
---------baggage detected by sensor------------- 
Baggage weighs: 20.05 kg
baggage is on conveyor belt-------
---------baggage detected by sensor------------- 
Baggage weighs: 21.92 kg
baggage is on conveyor belt-------
---------baggage detected by sensor------------- 
Baggage weighs: 19.37 kg
baggage is on conveyor belt-------
---------baggage detected by sensor------------- 
Baggage weighs: 20.35 kg
baggage is on conveyor belt-------
---------baggage detected by sensor------------- 
Baggage weighs: 18.73 kg
baggage is on conveyor belt-------
---------baggage detected by sensor------------- 
Baggage weighs: 20.33 kg
baggage is on conveyor belt-------
---------baggage detected by sensor------------- 
Baggage weighs: 22.01 kg
baggage is on conveyor belt-------
---------baggage detected by sensor------------- 
Baggage weighs: 19.27 kg
baggage is on conveyor belt-------
---------baggage detected by sensor------------- 
Baggage weighs: 21.18 kg
baggage is on conveyor belt-------
---------baggage detected by sensor------------- 
Baggage weighs: 17.16 kg
baggage is on conveyor belt-------
---------baggage detected by sensor------------- 
Baggage weighs: 20.04 kg
baggage is on conveyor belt-------
---------baggage detected by sensor------------- 
Baggage weighs: 20.91 kg
baggage is on conveyor belt-------
---------baggage detected by sensor------------- 
Baggage weighs: 20.3 kg
baggage is on conveyor belt-------
---------baggage detected by sensor------------- 
Baggage weighs: 20.38 kg
baggage is on conveyor belt-------
---------baggage detected by sensor------------- 
Baggage weighs: 16.54 kg
baggage is on conveyor belt-------
---------baggage detected by sensor------------- 
Baggage weighs: 18.87 kg
baggage is on conveyor belt-------
---------baggage detected by sensor------------- 
Baggage weighs: 20.22 kg
baggage is on conveyor belt-------
---------baggage detected by sensor------------- 
Baggage weighs: 20.75 kg
baggage is on conveyor belt-------
---------baggage detected by sensor------------- 
Baggage weighs: 17.4 kg
baggage is on conveyor belt-------
---------baggage detected by sensor------------- 
Baggage weighs: 20.27 kg
baggage is on conveyor belt-------
---------baggage detected by sensor------------- 
Baggage weighs: 17.04 kg
baggage is on conveyor belt-------
---------baggage detected by sensor------------- 
Baggage weighs: 19.84 kg
baggage is on conveyor belt-------
---------baggage detected by sensor------------- 
Baggage weighs: 17.34 kg
baggage is on conveyor belt-------
---------baggage detected by sensor------------- 
Baggage weighs: 18.75 kg
baggage is on conveyor belt-------
---------baggage detected by sensor------------- 
Baggage weighs: 19.12 kg
baggage is on conveyor belt-------
---------baggage detected by sensor------------- 
Baggage weighs: 18.29 kg
baggage is on conveyor belt-------
---------baggage detected by sensor------------- 
Baggage weighs: 17.94 kg
baggage is on conveyor belt-------
---------baggage detected by sensor------------- 
Baggage weighs: 19.09 kg
baggage is on conveyor belt-------
---------baggage detected by sensor------------- 
Baggage weighs: 22.39 kg
baggage is on conveyor belt-------
---------baggage detected by sensor------------- 
Baggage weighs: 21.23 kg
baggage is on conveyor belt-------
---------baggage detected by sensor------------- 
Baggage weighs: 17.56 kg
baggage is on conveyor belt-------
---------baggage detected by sensor------------- 
Baggage weighs: 18.37 kg
baggage is on conveyor belt-------
---------baggage detected by sensor------------- 
Baggage weighs: 21.4 kg
baggage is on conveyor belt-------
---------baggage detected by sensor------------- 
Baggage weighs: 20.25 kg
baggage is on conveyor belt-------
---------baggage detected by sensor------------- 
Baggage weighs: 23.0 kg
baggage is on conveyor belt-------
---------baggage detected by sensor------------- 
Baggage weighs: 17.01 kg
baggage is on conveyor belt-------
---------baggage detected by sensor------------- 
Baggage weighs: 17.39 kg
baggage is on conveyor belt-------
---------baggage detected by sensor------------- 
Baggage weighs: 16.7 kg
baggage is on conveyor belt-------
---------baggage detected by sensor------------- 
Baggage weighs: 16.23 kg
baggage is on conveyor belt-------
---------baggage detected by sensor------------- 
Baggage weighs: 19.13 kg
baggage is on conveyor belt-------
---------baggage detected by sensor------------- 
Baggage weighs: 21.07 kg
baggage is on conveyor belt-------
---------baggage detected by sensor------------- 
Baggage weighs: 17.87 kg
baggage is on conveyor belt-------
---------baggage detected by sensor------------- 
Baggage weighs: 19.92 kg
baggage is on conveyor belt-------
---------baggage detected by sensor------------- 
Baggage weighs: 19.22 kg
baggage is on conveyor belt-------
---------baggage detected by sensor------------- 
Baggage weighs: 21.53 kg
baggage is on conveyor belt-------
---------baggage detected by sensor------------- 
Baggage weighs: 20.29 kg
baggage is on conveyor belt-------
---------baggage detected by sensor------------- 
Baggage weighs: 19.32 kg
baggage is on conveyor belt-------
---------baggage detected by sensor------------- 
Baggage weighs: 17.25 kg
baggage is on conveyor belt-------
---------baggage detected by sensor------------- 
Baggage weighs: 21.3 kg
baggage is on conveyor belt-------
---------baggage detected by sensor------------- 
Baggage weighs: 16.79 kg
baggage is on conveyor belt-------
---------baggage detected by sensor------------- 
Baggage weighs: 19.55 kg
baggage is on conveyor belt-------
---------baggage detected by sensor------------- 
Baggage weighs: 18.88 kg
baggage is on conveyor belt-------
---------baggage detected by sensor------------- 
Baggage weighs: 22.33 kg
baggage is on conveyor belt-------
---------baggage detected by sensor------------- 
Baggage weighs: 20.62 kg
baggage is on conveyor belt-------
---------baggage detected by sensor------------- 
Baggage weighs: 19.42 kg
baggage is on conveyor belt-------
---------baggage detected by sensor------------- 
Baggage weighs: 17.54 kg
baggage is on conveyor belt-------
---------baggage detected by sensor------------- 
Baggage weighs: 21.51 kg
baggage is on conveyor belt-------
---------baggage detected by sensor------------- 
Baggage weighs: 19.46 kg
baggage is on conveyor belt-------
---------baggage detected by sensor------------- 
Baggage weighs: 17.83 kg
baggage is on conveyor belt-------
---------baggage detected by sensor------------- 
Baggage weighs: 17.75 kg
baggage is on conveyor belt-------
---------baggage detected by sensor------------- 
Baggage weighs: 17.44 kg
baggage is on conveyor belt-------
---------baggage detected by sensor------------- 
Baggage weighs: 19.53 kg
baggage is on conveyor belt-------
---------baggage detected by sensor------------- 
Baggage weighs: 17.51 kg
baggage is on conveyor belt-------
---------baggage detected by sensor------------- 
Baggage weighs: 18.2 kg
baggage is on conveyor belt-------
---------baggage detected by sensor------------- 
Baggage weighs: 21.55 kg
baggage is on conveyor belt-------
---------baggage detected by sensor------------- 
Baggage weighs: 19.67 kg
baggage is on conveyor belt-------
---------baggage detected by sensor------------- 
Baggage weighs: 19.52 kg
baggage is on conveyor belt-------
---------baggage detected by sensor------------- 
Baggage weighs: 21.06 kg
baggage is on conveyor belt-------
---------baggage detected by sensor------------- 
Baggage weighs: 17.44 kg
baggage is on conveyor belt-------
---------baggage detected by sensor------------- 
Baggage weighs: 19.21 kg
baggage is on conveyor belt-------
---------baggage detected by sensor------------- 
Baggage weighs: 21.65 kg
baggage is on conveyor belt-------
---------baggage detected by sensor------------- 
Baggage weighs: 19.64 kg
baggage is on conveyor belt-------
---------baggage detected by sensor------------- 
Baggage weighs: 21.03 kg
baggage is on conveyor belt-------
---------baggage detected by sensor------------- 
Baggage weighs: 19.76 kg
baggage is on conveyor belt-------
---------baggage detected by sensor------------- 
Baggage weighs: 21.01 kg
baggage is on conveyor belt-------
---------baggage detected by sensor------------- 
Baggage weighs: 19.11 kg
baggage is on conveyor belt-------
---------baggage detected by sensor------------- 
Baggage weighs: 18.54 kg
baggage is on conveyor belt-------
---------baggage detected by sensor------------- 
Baggage weighs: 16.86 kg
baggage is on conveyor belt-------
---------baggage detected by sensor------------- 
Baggage weighs: 16.59 kg
baggage is on conveyor belt-------
---------baggage detected by sensor------------- 
Baggage weighs: 19.26 kg
baggage is on conveyor belt-------
---------baggage detected by sensor------------- 
Baggage weighs: 18.34 kg
baggage is on conveyor belt-------
---------baggage detected by sensor------------- 
Baggage weighs: 19.09 kg
baggage is on conveyor belt-------
---------baggage detected by sensor------------- 
Baggage weighs: 22.38 kg
baggage is on conveyor belt-------
---------baggage detected by sensor------------- 
Baggage weighs: 22.12 kg
baggage is on conveyor belt-------
---------baggage detected by sensor------------- 
Baggage weighs: 16.75 kg
baggage is on conveyor belt-------
---------baggage detected by sensor------------- 
Baggage weighs: 20.36 kg
baggage is on conveyor belt-------
---------baggage detected by sensor------------- 
Baggage weighs: 20.94 kg
baggage is on conveyor belt-------
---------baggage detected by sensor------------- 
Baggage weighs: 19.8 kg
baggage is on conveyor belt-------
---------baggage detected by sensor------------- 
Baggage weighs: 19.12 kg
baggage is on conveyor belt-------
---------baggage detected by sensor------------- 
Baggage weighs: 16.93 kg
baggage is on conveyor belt-------
---------baggage detected by sensor------------- 
Baggage weighs: 20.48 kg
baggage is on conveyor belt-------
---------baggage detected by sensor------------- 
Baggage weighs: 17.63 kg
baggage is on conveyor belt-------
---------baggage detected by sensor------------- 
Baggage weighs: 19.86 kg
baggage is on conveyor belt-------
---------baggage detected by sensor------------- 
Baggage weighs: 19.4 kg
baggage is on conveyor belt-------
---------baggage detected by sensor------------- 
Baggage weighs: 19.0 kg
baggage is on conveyor belt-------
---------baggage detected by sensor------------- 
Baggage weighs: 20.5 kg
baggage is on conveyor belt-------
---------baggage detected by sensor------------- 
Baggage weighs: 21.9 kg
baggage is on conveyor belt-------
---------baggage detected by sensor------------- 
Baggage weighs: 19.82 kg
baggage is on conveyor belt-------
---------baggage detected by sensor------------- 
Baggage weighs: 18.98 kg
baggage is on conveyor belt-------
---------baggage detected by sensor------------- 
Baggage weighs: 19.28 kg
baggage is on conveyor belt-------
---------baggage detected by sensor------------- 
Baggage weighs: 18.06 kg
baggage is on conveyor belt-------
---------baggage detected by sensor------------- 
Baggage weighs: 20.2 kg
baggage is on conveyor belt-------
---------baggage detected by sensor------------- 
Baggage weighs: 19.74 kg
baggage is on conveyor belt-------
---------baggage detected by sensor------------- 
Baggage weighs: 17.44 kg
baggage is on conveyor belt-------
---------baggage detected by sensor------------- 
Baggage weighs: 19.36 kg
baggage is on conveyor belt-------
---------baggage detected by sensor------------- 
Baggage weighs: 20.4 kg
baggage is on conveyor belt-------
---------baggage detected by sensor------------- 
Baggage weighs: 18.92 kg
baggage is on conveyor belt-------
---------baggage detected by sensor------------- 
Baggage weighs: 18.48 kg
baggage is on conveyor belt-------
---------baggage detected by sensor------------- 
Baggage weighs: 17.34 kg
baggage is on conveyor belt-------
---------baggage detected by sensor------------- 
Baggage weighs: 20.57 kg
baggage is on conveyor belt-------
---------baggage detected by sensor------------- 
Baggage weighs: 17.19 kg
baggage is on conveyor belt-------
---------baggage detected by sensor------------- 
Baggage weighs: 18.25 kg
baggage is on conveyor belt-------
---------baggage detected by sensor------------- 
Baggage weighs: 19.29 kg
baggage is on conveyor belt-------
---------baggage detected by sensor------------- 
Baggage weighs: 16.86 kg
baggage is on conveyor belt-------
---------baggage detected by sensor------------- 
Baggage weighs: 19.34 kg
baggage is on conveyor belt-------
---------baggage detected by sensor------------- 
Baggage weighs: 19.32 kg
baggage is on conveyor belt-------
---------baggage detected by sensor------------- 
Baggage weighs: 18.15 kg
baggage is on conveyor belt-------
---------baggage detected by sensor------------- 
Baggage weighs: 18.98 kg
baggage is on conveyor belt-------
---------baggage detected by sensor------------- 
Baggage weighs: 21.84 kg
baggage is on conveyor belt-------
---------baggage detected by sensor------------- 
Baggage weighs: 20.53 kg
baggage is on conveyor belt-------
---------baggage detected by sensor------------- 
Baggage weighs: 20.62 kg
baggage is on conveyor belt-------
---------baggage detected by sensor------------- 
Baggage weighs: 20.7 kg
baggage is on conveyor belt-------
---------baggage detected by sensor------------- 
Baggage weighs: 19.64 kg
baggage is on conveyor belt-------
---------baggage detected by sensor------------- 
Baggage weighs: 16.11 kg
baggage is on conveyor belt-------
---------baggage detected by sensor------------- 
Baggage weighs: 22.24 kg
baggage is on conveyor belt-------
---------baggage detected by sensor------------- 
Baggage weighs: 21.47 kg
baggage is on conveyor belt-------
---------baggage detected by sensor------------- 
Baggage weighs: 20.73 kg
baggage is on conveyor belt-------
---------baggage detected by sensor------------- 
Baggage weighs: 19.51 kg
baggage is on conveyor belt-------
---------baggage detected by sensor------------- 
Baggage weighs: 20.11 kg
baggage is on conveyor belt-------
---------baggage detected by sensor------------- 
Baggage weighs: 20.36 kg
baggage is on conveyor belt-------
---------baggage detected by sensor------------- 
Baggage weighs: 18.84 kg
baggage is on conveyor belt-------
---------baggage detected by sensor------------- 
Baggage weighs: 22.61 kg
baggage is on conveyor belt-------
---------baggage detected by sensor------------- 
Baggage weighs: 20.07 kg
baggage is on conveyor belt-------
---------baggage detected by sensor------------- 
Baggage weighs: 20.28 kg
baggage is on conveyor belt-------
---------baggage detected by sensor------------- 
Baggage weighs: 17.9 kg
baggage is on conveyor belt-------
---------baggage detected by sensor------------- 
Baggage weighs: 18.13 kg
baggage is on conveyor belt-------
---------baggage detected by sensor------------- 
Baggage weighs: 18.32 kg
baggage is on conveyor belt-------
---------baggage detected by sensor------------- 
Baggage weighs: 19.3 kg
baggage is on conveyor belt-------
---------baggage detected by sensor------------- 
Baggage weighs: 21.34 kg
baggage is on conveyor belt-------
---------baggage detected by sensor------------- 
Baggage weighs: 19.74 kg
baggage is on conveyor belt-------
---------baggage detected by sensor------------- 
Baggage weighs: 18.46 kg
baggage is on conveyor belt-------
---------baggage detected by sensor------------- 
Baggage weighs: 19.49 kg
baggage is on conveyor belt-------
---------baggage detected by sensor------------- 
Baggage weighs: 17.97 kg
baggage is on conveyor belt-------
---------baggage detected by sensor------------- 
Baggage weighs: 21.32 kg
baggage is on conveyor belt-------
---------baggage detected by sensor------------- 
Baggage weighs: 16.41 kg
baggage is on conveyor belt-------
---------baggage detected by sensor------------- 
Baggage weighs: 16.36 kg
baggage is on conveyor belt-------
---------baggage detected by sensor------------- 
Baggage weighs: 16.24 kg
baggage is on conveyor belt-------
---------baggage detected by sensor------------- 
Baggage weighs: 16.65 kg
baggage is on conveyor belt-------
---------baggage detected by sensor------------- 
Baggage weighs: 20.17 kg
baggage is on conveyor belt-------
---------baggage detected by sensor------------- 
Baggage weighs: 21.08 kg
baggage is on conveyor belt-------
---------baggage detected by sensor------------- 
Baggage weighs: 18.0 kg
baggage is on conveyor belt-------
---------baggage detected by sensor------------- 
Baggage weighs: 17.49 kg
baggage is on conveyor belt-------
---------baggage detected by sensor------------- 
Baggage weighs: 19.3 kg
baggage is on conveyor belt-------
---------baggage detected by sensor------------- 
Baggage weighs: 18.34 kg
baggage is on conveyor belt-------
---------baggage detected by sensor------------- 
Baggage weighs: 19.57 kg
baggage is on conveyor belt-------
---------baggage detected by sensor------------- 
Baggage weighs: 18.99 kg
baggage is on conveyor belt-------
---------baggage detected by sensor------------- 
Baggage weighs: 20.13 kg
baggage is on conveyor belt-------
---------baggage detected by sensor------------- 
Baggage weighs: 21.59 kg
baggage is on conveyor belt-------
---------baggage detected by sensor------------- 
Baggage weighs: 17.75 kg
baggage is on conveyor belt-------
---------baggage detected by sensor------------- 
Baggage weighs: 18.88 kg
baggage is on conveyor belt-------
---------baggage detected by sensor------------- 
Baggage weighs: 17.64 kg
baggage is on conveyor belt-------
---------baggage detected by sensor------------- 
Baggage weighs: 17.28 kg
baggage is on conveyor belt-------
---------baggage detected by sensor------------- 
Baggage weighs: 19.89 kg
baggage is on conveyor belt-------
---------baggage detected by sensor------------- 
Baggage weighs: 16.14 kg
baggage is on conveyor belt-------
---------baggage detected by sensor------------- 
Baggage weighs: 19.6 kg
baggage is on conveyor belt-------
---------baggage detected by sensor------------- 
Baggage weighs: 19.1 kg
baggage is on conveyor belt-------
---------baggage detected by sensor------------- 
Baggage weighs: 16.76 kg
baggage is on conveyor belt-------
---------baggage detected by sensor------------- 
Baggage weighs: 22.78 kg
baggage is on conveyor belt-------
---------baggage detected by sensor------------- 
Baggage weighs: 16.41 kg
baggage is on conveyor belt-------
---------baggage detected by sensor------------- 
Baggage weighs: 19.48 kg
baggage is on conveyor belt-------
---------baggage detected by sensor------------- 
Baggage weighs: 19.0 kg
baggage is on conveyor belt-------
---------baggage detected by sensor------------- 
Baggage weighs: 21.58 kg
baggage is on conveyor belt-------
---------baggage detected by sensor------------- 
Baggage weighs: 21.07 kg
baggage is on conveyor belt-------
---------baggage detected by sensor------------- 
Baggage weighs: 16.28 kg
baggage is on conveyor belt-------
---------baggage detected by sensor------------- 
Baggage weighs: 20.22 kg
baggage is on conveyor belt-------
---------baggage detected by sensor------------- 
Baggage weighs: 17.58 kg
baggage is on conveyor belt-------
---------baggage detected by sensor------------- 
Baggage weighs: 17.69 kg
baggage is on conveyor belt-------
---------baggage detected by sensor------------- 
Baggage weighs: 19.1 kg
baggage is on conveyor belt-------
---------baggage detected by sensor------------- 
Baggage weighs: 18.5 kg
baggage is on conveyor belt-------
---------baggage detected by sensor------------- 
Baggage weighs: 19.06 kg
baggage is on conveyor belt-------
---------baggage detected by sensor------------- 
Baggage weighs: 21.45 kg
baggage is on conveyor belt-------
---------baggage detected by sensor------------- 
Baggage weighs: 19.0 kg
baggage is on conveyor belt-------
---------baggage detected by sensor------------- 
Baggage weighs: 20.87 kg
baggage is on conveyor belt-------
---------baggage detected by sensor------------- 
Baggage weighs: 22.55 kg
baggage is on conveyor belt-------
---------baggage detected by sensor------------- 
Baggage weighs: 21.43 kg
baggage is on conveyor belt-------
---------baggage detected by sensor------------- 
Baggage weighs: 16.99 kg
baggage is on conveyor belt-------
---------baggage detected by sensor------------- 
Baggage weighs: 16.52 kg
baggage is on conveyor belt-------
---------baggage detected by sensor------------- 
Baggage weighs: 20.55 kg
baggage is on conveyor belt-------
---------baggage detected by sensor------------- 
Baggage weighs: 21.64 kg
baggage is on conveyor belt-------
---------baggage detected by sensor------------- 
Baggage weighs: 18.94 kg
baggage is on conveyor belt-------
---------baggage detected by sensor------------- 
Baggage weighs: 20.28 kg
Seat with ID: 40B has been reserved for you!

BOARDING PASS FOR KRYSTAL DENNIS
-----------------------------------------------------------------------------
LUFTHANSA                      wg69g8tstnyw44o /  Krystal Dennis
Krystal Dennis                                     /  wg69g8tstnyw44o
FRA   LH2121   E  30.Oct                       /  FRA
HKG                                            /  HKG
SEAT ID: 40B                                   /  LH2121 E 30.Oct
SEQ: 226                                      / GATE: A05   22:00
MAX 1  HANDLUGGAGE/ LUGGAGE
-----------------------------------------------------------------------------
sorry Krystal Dennis we have no voucher for you! Have a nice day!

---------------------------------------------------------------------------------------------------------------
scanning passport with passport id: 6ZNOUSMQT
searching for ticket in fast bag drop database..............
Ticket found for Etta Jackson and Flight LH2121
----searching flight seat for Etta Jackson---------
Found a seat with ID 40C
Below details were found in database
------------------------------------------
Name: Etta Jackson
Flight ID: LH2121
Source: FRA
Destination: HKG
Gate No: A05
Boarding time: 22:00
Ticket ID: 2v19fcdnl7a21ai
Booking Class: E
------------------------------------------

Proceed with check-in for flight LH2121 ?
Type YES to CHECK-IN or NO to cancel CHECK-IN
Etta Jackson is deciding whether to check-in or to go back home and sleep............
YES CHECK-IN
Checking you in...............
baggage is on conveyor belt-------
---------baggage detected by sensor------------- 
Baggage weighs: 21.58 kg
baggage is on conveyor belt-------
---------baggage detected by sensor------------- 
Baggage weighs: 20.43 kg
baggage is on conveyor belt-------
---------baggage detected by sensor------------- 
Baggage weighs: 18.47 kg
baggage is on conveyor belt-------
---------baggage detected by sensor------------- 
Baggage weighs: 17.86 kg
baggage is on conveyor belt-------
---------baggage detected by sensor------------- 
Baggage weighs: 18.65 kg
baggage is on conveyor belt-------
---------baggage detected by sensor------------- 
Baggage weighs: 19.27 kg
baggage is on conveyor belt-------
---------baggage detected by sensor------------- 
Baggage weighs: 17.42 kg
baggage is on conveyor belt-------
---------baggage detected by sensor------------- 
Baggage weighs: 19.16 kg
baggage is on conveyor belt-------
---------baggage detected by sensor------------- 
Baggage weighs: 19.52 kg
baggage is on conveyor belt-------
---------baggage detected by sensor------------- 
Baggage weighs: 17.51 kg
baggage is on conveyor belt-------
---------baggage detected by sensor------------- 
Baggage weighs: 17.38 kg
baggage is on conveyor belt-------
---------baggage detected by sensor------------- 
Baggage weighs: 18.67 kg
baggage is on conveyor belt-------
---------baggage detected by sensor------------- 
Baggage weighs: 16.98 kg
baggage is on conveyor belt-------
---------baggage detected by sensor------------- 
Baggage weighs: 21.26 kg
baggage is on conveyor belt-------
---------baggage detected by sensor------------- 
Baggage weighs: 18.3 kg
baggage is on conveyor belt-------
---------baggage detected by sensor------------- 
Baggage weighs: 16.81 kg
baggage is on conveyor belt-------
---------baggage detected by sensor------------- 
Baggage weighs: 20.91 kg
baggage is on conveyor belt-------
---------baggage detected by sensor------------- 
Baggage weighs: 21.21 kg
baggage is on conveyor belt-------
---------baggage detected by sensor------------- 
Baggage weighs: 19.69 kg
baggage is on conveyor belt-------
---------baggage detected by sensor------------- 
Baggage weighs: 18.67 kg
baggage is on conveyor belt-------
---------baggage detected by sensor------------- 
Baggage weighs: 19.12 kg
baggage is on conveyor belt-------
---------baggage detected by sensor------------- 
Baggage weighs: 16.42 kg
baggage is on conveyor belt-------
---------baggage detected by sensor------------- 
Baggage weighs: 19.17 kg
baggage is on conveyor belt-------
---------baggage detected by sensor------------- 
Baggage weighs: 19.0 kg
baggage is on conveyor belt-------
---------baggage detected by sensor------------- 
Baggage weighs: 18.78 kg
baggage is on conveyor belt-------
---------baggage detected by sensor------------- 
Baggage weighs: 20.31 kg
baggage is on conveyor belt-------
---------baggage detected by sensor------------- 
Baggage weighs: 21.25 kg
baggage is on conveyor belt-------
---------baggage detected by sensor------------- 
Baggage weighs: 18.87 kg
baggage is on conveyor belt-------
---------baggage detected by sensor------------- 
Baggage weighs: 16.25 kg
baggage is on conveyor belt-------
---------baggage detected by sensor------------- 
Baggage weighs: 19.94 kg
baggage is on conveyor belt-------
---------baggage detected by sensor------------- 
Baggage weighs: 16.88 kg
baggage is on conveyor belt-------
---------baggage detected by sensor------------- 
Baggage weighs: 18.24 kg
baggage is on conveyor belt-------
---------baggage detected by sensor------------- 
Baggage weighs: 17.16 kg
baggage is on conveyor belt-------
---------baggage detected by sensor------------- 
Baggage weighs: 19.34 kg
baggage is on conveyor belt-------
---------baggage detected by sensor------------- 
Baggage weighs: 22.41 kg
baggage is on conveyor belt-------
---------baggage detected by sensor------------- 
Baggage weighs: 20.47 kg
baggage is on conveyor belt-------
---------baggage detected by sensor------------- 
Baggage weighs: 18.81 kg
baggage is on conveyor belt-------
---------baggage detected by sensor------------- 
Baggage weighs: 18.56 kg
baggage is on conveyor belt-------
---------baggage detected by sensor------------- 
Baggage weighs: 17.77 kg
baggage is on conveyor belt-------
---------baggage detected by sensor------------- 
Baggage weighs: 19.32 kg
baggage is on conveyor belt-------
---------baggage detected by sensor------------- 
Baggage weighs: 19.21 kg
baggage is on conveyor belt-------
---------baggage detected by sensor------------- 
Baggage weighs: 19.13 kg
baggage is on conveyor belt-------
---------baggage detected by sensor------------- 
Baggage weighs: 20.39 kg
baggage is on conveyor belt-------
---------baggage detected by sensor------------- 
Baggage weighs: 21.03 kg
baggage is on conveyor belt-------
---------baggage detected by sensor------------- 
Baggage weighs: 20.05 kg
baggage is on conveyor belt-------
---------baggage detected by sensor------------- 
Baggage weighs: 21.92 kg
baggage is on conveyor belt-------
---------baggage detected by sensor------------- 
Baggage weighs: 19.37 kg
baggage is on conveyor belt-------
---------baggage detected by sensor------------- 
Baggage weighs: 20.35 kg
baggage is on conveyor belt-------
---------baggage detected by sensor------------- 
Baggage weighs: 18.73 kg
baggage is on conveyor belt-------
---------baggage detected by sensor------------- 
Baggage weighs: 20.33 kg
baggage is on conveyor belt-------
---------baggage detected by sensor------------- 
Baggage weighs: 22.01 kg
baggage is on conveyor belt-------
---------baggage detected by sensor------------- 
Baggage weighs: 19.27 kg
baggage is on conveyor belt-------
---------baggage detected by sensor------------- 
Baggage weighs: 21.18 kg
baggage is on conveyor belt-------
---------baggage detected by sensor------------- 
Baggage weighs: 17.16 kg
baggage is on conveyor belt-------
---------baggage detected by sensor------------- 
Baggage weighs: 20.04 kg
baggage is on conveyor belt-------
---------baggage detected by sensor------------- 
Baggage weighs: 20.91 kg
baggage is on conveyor belt-------
---------baggage detected by sensor------------- 
Baggage weighs: 20.3 kg
baggage is on conveyor belt-------
---------baggage detected by sensor------------- 
Baggage weighs: 20.38 kg
baggage is on conveyor belt-------
---------baggage detected by sensor------------- 
Baggage weighs: 16.54 kg
baggage is on conveyor belt-------
---------baggage detected by sensor------------- 
Baggage weighs: 18.87 kg
baggage is on conveyor belt-------
---------baggage detected by sensor------------- 
Baggage weighs: 20.22 kg
baggage is on conveyor belt-------
---------baggage detected by sensor------------- 
Baggage weighs: 20.75 kg
baggage is on conveyor belt-------
---------baggage detected by sensor------------- 
Baggage weighs: 17.4 kg
baggage is on conveyor belt-------
---------baggage detected by sensor------------- 
Baggage weighs: 20.27 kg
baggage is on conveyor belt-------
---------baggage detected by sensor------------- 
Baggage weighs: 17.04 kg
baggage is on conveyor belt-------
---------baggage detected by sensor------------- 
Baggage weighs: 19.84 kg
baggage is on conveyor belt-------
---------baggage detected by sensor------------- 
Baggage weighs: 17.34 kg
baggage is on conveyor belt-------
---------baggage detected by sensor------------- 
Baggage weighs: 18.75 kg
baggage is on conveyor belt-------
---------baggage detected by sensor------------- 
Baggage weighs: 19.12 kg
baggage is on conveyor belt-------
---------baggage detected by sensor------------- 
Baggage weighs: 18.29 kg
baggage is on conveyor belt-------
---------baggage detected by sensor------------- 
Baggage weighs: 17.94 kg
baggage is on conveyor belt-------
---------baggage detected by sensor------------- 
Baggage weighs: 19.09 kg
baggage is on conveyor belt-------
---------baggage detected by sensor------------- 
Baggage weighs: 22.39 kg
baggage is on conveyor belt-------
---------baggage detected by sensor------------- 
Baggage weighs: 21.23 kg
baggage is on conveyor belt-------
---------baggage detected by sensor------------- 
Baggage weighs: 17.56 kg
baggage is on conveyor belt-------
---------baggage detected by sensor------------- 
Baggage weighs: 18.37 kg
baggage is on conveyor belt-------
---------baggage detected by sensor------------- 
Baggage weighs: 21.4 kg
baggage is on conveyor belt-------
---------baggage detected by sensor------------- 
Baggage weighs: 20.25 kg
baggage is on conveyor belt-------
---------baggage detected by sensor------------- 
Baggage weighs: 23.0 kg
baggage is on conveyor belt-------
---------baggage detected by sensor------------- 
Baggage weighs: 17.01 kg
baggage is on conveyor belt-------
---------baggage detected by sensor------------- 
Baggage weighs: 17.39 kg
baggage is on conveyor belt-------
---------baggage detected by sensor------------- 
Baggage weighs: 16.7 kg
baggage is on conveyor belt-------
---------baggage detected by sensor------------- 
Baggage weighs: 16.23 kg
baggage is on conveyor belt-------
---------baggage detected by sensor------------- 
Baggage weighs: 19.13 kg
baggage is on conveyor belt-------
---------baggage detected by sensor------------- 
Baggage weighs: 21.07 kg
baggage is on conveyor belt-------
---------baggage detected by sensor------------- 
Baggage weighs: 17.87 kg
baggage is on conveyor belt-------
---------baggage detected by sensor------------- 
Baggage weighs: 19.92 kg
baggage is on conveyor belt-------
---------baggage detected by sensor------------- 
Baggage weighs: 19.22 kg
baggage is on conveyor belt-------
---------baggage detected by sensor------------- 
Baggage weighs: 21.53 kg
baggage is on conveyor belt-------
---------baggage detected by sensor------------- 
Baggage weighs: 20.29 kg
baggage is on conveyor belt-------
---------baggage detected by sensor------------- 
Baggage weighs: 19.32 kg
baggage is on conveyor belt-------
---------baggage detected by sensor------------- 
Baggage weighs: 17.25 kg
baggage is on conveyor belt-------
---------baggage detected by sensor------------- 
Baggage weighs: 21.3 kg
baggage is on conveyor belt-------
---------baggage detected by sensor------------- 
Baggage weighs: 16.79 kg
baggage is on conveyor belt-------
---------baggage detected by sensor------------- 
Baggage weighs: 19.55 kg
baggage is on conveyor belt-------
---------baggage detected by sensor------------- 
Baggage weighs: 18.88 kg
baggage is on conveyor belt-------
---------baggage detected by sensor------------- 
Baggage weighs: 22.33 kg
baggage is on conveyor belt-------
---------baggage detected by sensor------------- 
Baggage weighs: 20.62 kg
baggage is on conveyor belt-------
---------baggage detected by sensor------------- 
Baggage weighs: 19.42 kg
baggage is on conveyor belt-------
---------baggage detected by sensor------------- 
Baggage weighs: 17.54 kg
baggage is on conveyor belt-------
---------baggage detected by sensor------------- 
Baggage weighs: 21.51 kg
baggage is on conveyor belt-------
---------baggage detected by sensor------------- 
Baggage weighs: 19.46 kg
baggage is on conveyor belt-------
---------baggage detected by sensor------------- 
Baggage weighs: 17.83 kg
baggage is on conveyor belt-------
---------baggage detected by sensor------------- 
Baggage weighs: 17.75 kg
baggage is on conveyor belt-------
---------baggage detected by sensor------------- 
Baggage weighs: 17.44 kg
baggage is on conveyor belt-------
---------baggage detected by sensor------------- 
Baggage weighs: 19.53 kg
baggage is on conveyor belt-------
---------baggage detected by sensor------------- 
Baggage weighs: 17.51 kg
baggage is on conveyor belt-------
---------baggage detected by sensor------------- 
Baggage weighs: 18.2 kg
baggage is on conveyor belt-------
---------baggage detected by sensor------------- 
Baggage weighs: 21.55 kg
baggage is on conveyor belt-------
---------baggage detected by sensor------------- 
Baggage weighs: 19.67 kg
baggage is on conveyor belt-------
---------baggage detected by sensor------------- 
Baggage weighs: 19.52 kg
baggage is on conveyor belt-------
---------baggage detected by sensor------------- 
Baggage weighs: 21.06 kg
baggage is on conveyor belt-------
---------baggage detected by sensor------------- 
Baggage weighs: 17.44 kg
baggage is on conveyor belt-------
---------baggage detected by sensor------------- 
Baggage weighs: 19.21 kg
baggage is on conveyor belt-------
---------baggage detected by sensor------------- 
Baggage weighs: 21.65 kg
baggage is on conveyor belt-------
---------baggage detected by sensor------------- 
Baggage weighs: 19.64 kg
baggage is on conveyor belt-------
---------baggage detected by sensor------------- 
Baggage weighs: 21.03 kg
baggage is on conveyor belt-------
---------baggage detected by sensor------------- 
Baggage weighs: 19.76 kg
baggage is on conveyor belt-------
---------baggage detected by sensor------------- 
Baggage weighs: 21.01 kg
baggage is on conveyor belt-------
---------baggage detected by sensor------------- 
Baggage weighs: 19.11 kg
baggage is on conveyor belt-------
---------baggage detected by sensor------------- 
Baggage weighs: 18.54 kg
baggage is on conveyor belt-------
---------baggage detected by sensor------------- 
Baggage weighs: 16.86 kg
baggage is on conveyor belt-------
---------baggage detected by sensor------------- 
Baggage weighs: 16.59 kg
baggage is on conveyor belt-------
---------baggage detected by sensor------------- 
Baggage weighs: 19.26 kg
baggage is on conveyor belt-------
---------baggage detected by sensor------------- 
Baggage weighs: 18.34 kg
baggage is on conveyor belt-------
---------baggage detected by sensor------------- 
Baggage weighs: 19.09 kg
baggage is on conveyor belt-------
---------baggage detected by sensor------------- 
Baggage weighs: 22.38 kg
baggage is on conveyor belt-------
---------baggage detected by sensor------------- 
Baggage weighs: 22.12 kg
baggage is on conveyor belt-------
---------baggage detected by sensor------------- 
Baggage weighs: 16.75 kg
baggage is on conveyor belt-------
---------baggage detected by sensor------------- 
Baggage weighs: 20.36 kg
baggage is on conveyor belt-------
---------baggage detected by sensor------------- 
Baggage weighs: 20.94 kg
baggage is on conveyor belt-------
---------baggage detected by sensor------------- 
Baggage weighs: 19.8 kg
baggage is on conveyor belt-------
---------baggage detected by sensor------------- 
Baggage weighs: 19.12 kg
baggage is on conveyor belt-------
---------baggage detected by sensor------------- 
Baggage weighs: 16.93 kg
baggage is on conveyor belt-------
---------baggage detected by sensor------------- 
Baggage weighs: 20.48 kg
baggage is on conveyor belt-------
---------baggage detected by sensor------------- 
Baggage weighs: 17.63 kg
baggage is on conveyor belt-------
---------baggage detected by sensor------------- 
Baggage weighs: 19.86 kg
baggage is on conveyor belt-------
---------baggage detected by sensor------------- 
Baggage weighs: 19.4 kg
baggage is on conveyor belt-------
---------baggage detected by sensor------------- 
Baggage weighs: 19.0 kg
baggage is on conveyor belt-------
---------baggage detected by sensor------------- 
Baggage weighs: 20.5 kg
baggage is on conveyor belt-------
---------baggage detected by sensor------------- 
Baggage weighs: 21.9 kg
baggage is on conveyor belt-------
---------baggage detected by sensor------------- 
Baggage weighs: 19.82 kg
baggage is on conveyor belt-------
---------baggage detected by sensor------------- 
Baggage weighs: 18.98 kg
baggage is on conveyor belt-------
---------baggage detected by sensor------------- 
Baggage weighs: 19.28 kg
baggage is on conveyor belt-------
---------baggage detected by sensor------------- 
Baggage weighs: 18.06 kg
baggage is on conveyor belt-------
---------baggage detected by sensor------------- 
Baggage weighs: 20.2 kg
baggage is on conveyor belt-------
---------baggage detected by sensor------------- 
Baggage weighs: 19.74 kg
baggage is on conveyor belt-------
---------baggage detected by sensor------------- 
Baggage weighs: 17.44 kg
baggage is on conveyor belt-------
---------baggage detected by sensor------------- 
Baggage weighs: 19.36 kg
baggage is on conveyor belt-------
---------baggage detected by sensor------------- 
Baggage weighs: 20.4 kg
baggage is on conveyor belt-------
---------baggage detected by sensor------------- 
Baggage weighs: 18.92 kg
baggage is on conveyor belt-------
---------baggage detected by sensor------------- 
Baggage weighs: 18.48 kg
baggage is on conveyor belt-------
---------baggage detected by sensor------------- 
Baggage weighs: 17.34 kg
baggage is on conveyor belt-------
---------baggage detected by sensor------------- 
Baggage weighs: 20.57 kg
baggage is on conveyor belt-------
---------baggage detected by sensor------------- 
Baggage weighs: 17.19 kg
baggage is on conveyor belt-------
---------baggage detected by sensor------------- 
Baggage weighs: 18.25 kg
baggage is on conveyor belt-------
---------baggage detected by sensor------------- 
Baggage weighs: 19.29 kg
baggage is on conveyor belt-------
---------baggage detected by sensor------------- 
Baggage weighs: 16.86 kg
baggage is on conveyor belt-------
---------baggage detected by sensor------------- 
Baggage weighs: 19.34 kg
baggage is on conveyor belt-------
---------baggage detected by sensor------------- 
Baggage weighs: 19.32 kg
baggage is on conveyor belt-------
---------baggage detected by sensor------------- 
Baggage weighs: 18.15 kg
baggage is on conveyor belt-------
---------baggage detected by sensor------------- 
Baggage weighs: 18.98 kg
baggage is on conveyor belt-------
---------baggage detected by sensor------------- 
Baggage weighs: 21.84 kg
baggage is on conveyor belt-------
---------baggage detected by sensor------------- 
Baggage weighs: 20.53 kg
baggage is on conveyor belt-------
---------baggage detected by sensor------------- 
Baggage weighs: 20.62 kg
baggage is on conveyor belt-------
---------baggage detected by sensor------------- 
Baggage weighs: 20.7 kg
baggage is on conveyor belt-------
---------baggage detected by sensor------------- 
Baggage weighs: 19.64 kg
baggage is on conveyor belt-------
---------baggage detected by sensor------------- 
Baggage weighs: 16.11 kg
baggage is on conveyor belt-------
---------baggage detected by sensor------------- 
Baggage weighs: 22.24 kg
baggage is on conveyor belt-------
---------baggage detected by sensor------------- 
Baggage weighs: 21.47 kg
baggage is on conveyor belt-------
---------baggage detected by sensor------------- 
Baggage weighs: 20.73 kg
baggage is on conveyor belt-------
---------baggage detected by sensor------------- 
Baggage weighs: 19.51 kg
baggage is on conveyor belt-------
---------baggage detected by sensor------------- 
Baggage weighs: 20.11 kg
baggage is on conveyor belt-------
---------baggage detected by sensor------------- 
Baggage weighs: 20.36 kg
baggage is on conveyor belt-------
---------baggage detected by sensor------------- 
Baggage weighs: 18.84 kg
baggage is on conveyor belt-------
---------baggage detected by sensor------------- 
Baggage weighs: 22.61 kg
baggage is on conveyor belt-------
---------baggage detected by sensor------------- 
Baggage weighs: 20.07 kg
baggage is on conveyor belt-------
---------baggage detected by sensor------------- 
Baggage weighs: 20.28 kg
baggage is on conveyor belt-------
---------baggage detected by sensor------------- 
Baggage weighs: 17.9 kg
baggage is on conveyor belt-------
---------baggage detected by sensor------------- 
Baggage weighs: 18.13 kg
baggage is on conveyor belt-------
---------baggage detected by sensor------------- 
Baggage weighs: 18.32 kg
baggage is on conveyor belt-------
---------baggage detected by sensor------------- 
Baggage weighs: 19.3 kg
baggage is on conveyor belt-------
---------baggage detected by sensor------------- 
Baggage weighs: 21.34 kg
baggage is on conveyor belt-------
---------baggage detected by sensor------------- 
Baggage weighs: 19.74 kg
baggage is on conveyor belt-------
---------baggage detected by sensor------------- 
Baggage weighs: 18.46 kg
baggage is on conveyor belt-------
---------baggage detected by sensor------------- 
Baggage weighs: 19.49 kg
baggage is on conveyor belt-------
---------baggage detected by sensor------------- 
Baggage weighs: 17.97 kg
baggage is on conveyor belt-------
---------baggage detected by sensor------------- 
Baggage weighs: 21.32 kg
baggage is on conveyor belt-------
---------baggage detected by sensor------------- 
Baggage weighs: 16.41 kg
baggage is on conveyor belt-------
---------baggage detected by sensor------------- 
Baggage weighs: 16.36 kg
baggage is on conveyor belt-------
---------baggage detected by sensor------------- 
Baggage weighs: 16.24 kg
baggage is on conveyor belt-------
---------baggage detected by sensor------------- 
Baggage weighs: 16.65 kg
baggage is on conveyor belt-------
---------baggage detected by sensor------------- 
Baggage weighs: 20.17 kg
baggage is on conveyor belt-------
---------baggage detected by sensor------------- 
Baggage weighs: 21.08 kg
baggage is on conveyor belt-------
---------baggage detected by sensor------------- 
Baggage weighs: 18.0 kg
baggage is on conveyor belt-------
---------baggage detected by sensor------------- 
Baggage weighs: 17.49 kg
baggage is on conveyor belt-------
---------baggage detected by sensor------------- 
Baggage weighs: 19.3 kg
baggage is on conveyor belt-------
---------baggage detected by sensor------------- 
Baggage weighs: 18.34 kg
baggage is on conveyor belt-------
---------baggage detected by sensor------------- 
Baggage weighs: 19.57 kg
baggage is on conveyor belt-------
---------baggage detected by sensor------------- 
Baggage weighs: 18.99 kg
baggage is on conveyor belt-------
---------baggage detected by sensor------------- 
Baggage weighs: 20.13 kg
baggage is on conveyor belt-------
---------baggage detected by sensor------------- 
Baggage weighs: 21.59 kg
baggage is on conveyor belt-------
---------baggage detected by sensor------------- 
Baggage weighs: 17.75 kg
baggage is on conveyor belt-------
---------baggage detected by sensor------------- 
Baggage weighs: 18.88 kg
baggage is on conveyor belt-------
---------baggage detected by sensor------------- 
Baggage weighs: 17.64 kg
baggage is on conveyor belt-------
---------baggage detected by sensor------------- 
Baggage weighs: 17.28 kg
baggage is on conveyor belt-------
---------baggage detected by sensor------------- 
Baggage weighs: 19.89 kg
baggage is on conveyor belt-------
---------baggage detected by sensor------------- 
Baggage weighs: 16.14 kg
baggage is on conveyor belt-------
---------baggage detected by sensor------------- 
Baggage weighs: 19.6 kg
baggage is on conveyor belt-------
---------baggage detected by sensor------------- 
Baggage weighs: 19.1 kg
baggage is on conveyor belt-------
---------baggage detected by sensor------------- 
Baggage weighs: 16.76 kg
baggage is on conveyor belt-------
---------baggage detected by sensor------------- 
Baggage weighs: 22.78 kg
baggage is on conveyor belt-------
---------baggage detected by sensor------------- 
Baggage weighs: 16.41 kg
baggage is on conveyor belt-------
---------baggage detected by sensor------------- 
Baggage weighs: 19.48 kg
baggage is on conveyor belt-------
---------baggage detected by sensor------------- 
Baggage weighs: 19.0 kg
baggage is on conveyor belt-------
---------baggage detected by sensor------------- 
Baggage weighs: 21.58 kg
baggage is on conveyor belt-------
---------baggage detected by sensor------------- 
Baggage weighs: 21.07 kg
baggage is on conveyor belt-------
---------baggage detected by sensor------------- 
Baggage weighs: 16.28 kg
baggage is on conveyor belt-------
---------baggage detected by sensor------------- 
Baggage weighs: 20.22 kg
baggage is on conveyor belt-------
---------baggage detected by sensor------------- 
Baggage weighs: 17.58 kg
baggage is on conveyor belt-------
---------baggage detected by sensor------------- 
Baggage weighs: 17.69 kg
baggage is on conveyor belt-------
---------baggage detected by sensor------------- 
Baggage weighs: 19.1 kg
baggage is on conveyor belt-------
---------baggage detected by sensor------------- 
Baggage weighs: 18.5 kg
baggage is on conveyor belt-------
---------baggage detected by sensor------------- 
Baggage weighs: 19.06 kg
baggage is on conveyor belt-------
---------baggage detected by sensor------------- 
Baggage weighs: 21.45 kg
baggage is on conveyor belt-------
---------baggage detected by sensor------------- 
Baggage weighs: 19.0 kg
baggage is on conveyor belt-------
---------baggage detected by sensor------------- 
Baggage weighs: 20.87 kg
baggage is on conveyor belt-------
---------baggage detected by sensor------------- 
Baggage weighs: 22.55 kg
baggage is on conveyor belt-------
---------baggage detected by sensor------------- 
Baggage weighs: 21.43 kg
baggage is on conveyor belt-------
---------baggage detected by sensor------------- 
Baggage weighs: 16.99 kg
baggage is on conveyor belt-------
---------baggage detected by sensor------------- 
Baggage weighs: 16.52 kg
baggage is on conveyor belt-------
---------baggage detected by sensor------------- 
Baggage weighs: 20.55 kg
baggage is on conveyor belt-------
---------baggage detected by sensor------------- 
Baggage weighs: 21.64 kg
baggage is on conveyor belt-------
---------baggage detected by sensor------------- 
Baggage weighs: 18.94 kg
baggage is on conveyor belt-------
---------baggage detected by sensor------------- 
Baggage weighs: 20.28 kg
baggage is on conveyor belt-------
---------baggage detected by sensor------------- 
Baggage weighs: 18.3 kg
Seat with ID: 40C has been reserved for you!

BOARDING PASS FOR ETTA JACKSON
-----------------------------------------------------------------------------
LUFTHANSA                      2v19fcdnl7a21ai /  Etta Jackson
Etta Jackson                                     /  2v19fcdnl7a21ai
FRA   LH2121   E  30.Oct                       /  FRA
HKG                                            /  HKG
SEAT ID: 40C                                   /  LH2121 E 30.Oct
SEQ: 227                                      / GATE: A05   22:00
MAX 1  HANDLUGGAGE/ LUGGAGE
-----------------------------------------------------------------------------
sorry Etta Jackson we have no voucher for you! Have a nice day!

---------------------------------------------------------------------------------------------------------------
scanning passport with passport id: INLSALQYR
searching for ticket in fast bag drop database..............
Ticket found for Joseph Stokes and Flight LH2121
----searching flight seat for Joseph Stokes---------
Found a seat with ID 40D
Below details were found in database
------------------------------------------
Name: Joseph Stokes
Flight ID: LH2121
Source: FRA
Destination: HKG
Gate No: A05
Boarding time: 22:00
Ticket ID: 4jp5cty7dki6t4r
Booking Class: E
------------------------------------------

Proceed with check-in for flight LH2121 ?
Type YES to CHECK-IN or NO to cancel CHECK-IN
Joseph Stokes is deciding whether to check-in or to go back home and sleep............
YES CHECK-IN
Checking you in...............
baggage is on conveyor belt-------
---------baggage detected by sensor------------- 
Baggage weighs: 21.58 kg
baggage is on conveyor belt-------
---------baggage detected by sensor------------- 
Baggage weighs: 20.43 kg
baggage is on conveyor belt-------
---------baggage detected by sensor------------- 
Baggage weighs: 18.47 kg
baggage is on conveyor belt-------
---------baggage detected by sensor------------- 
Baggage weighs: 17.86 kg
baggage is on conveyor belt-------
---------baggage detected by sensor------------- 
Baggage weighs: 18.65 kg
baggage is on conveyor belt-------
---------baggage detected by sensor------------- 
Baggage weighs: 19.27 kg
baggage is on conveyor belt-------
---------baggage detected by sensor------------- 
Baggage weighs: 17.42 kg
baggage is on conveyor belt-------
---------baggage detected by sensor------------- 
Baggage weighs: 19.16 kg
baggage is on conveyor belt-------
---------baggage detected by sensor------------- 
Baggage weighs: 19.52 kg
baggage is on conveyor belt-------
---------baggage detected by sensor------------- 
Baggage weighs: 17.51 kg
baggage is on conveyor belt-------
---------baggage detected by sensor------------- 
Baggage weighs: 17.38 kg
baggage is on conveyor belt-------
---------baggage detected by sensor------------- 
Baggage weighs: 18.67 kg
baggage is on conveyor belt-------
---------baggage detected by sensor------------- 
Baggage weighs: 16.98 kg
baggage is on conveyor belt-------
---------baggage detected by sensor------------- 
Baggage weighs: 21.26 kg
baggage is on conveyor belt-------
---------baggage detected by sensor------------- 
Baggage weighs: 18.3 kg
baggage is on conveyor belt-------
---------baggage detected by sensor------------- 
Baggage weighs: 16.81 kg
baggage is on conveyor belt-------
---------baggage detected by sensor------------- 
Baggage weighs: 20.91 kg
baggage is on conveyor belt-------
---------baggage detected by sensor------------- 
Baggage weighs: 21.21 kg
baggage is on conveyor belt-------
---------baggage detected by sensor------------- 
Baggage weighs: 19.69 kg
baggage is on conveyor belt-------
---------baggage detected by sensor------------- 
Baggage weighs: 18.67 kg
baggage is on conveyor belt-------
---------baggage detected by sensor------------- 
Baggage weighs: 19.12 kg
baggage is on conveyor belt-------
---------baggage detected by sensor------------- 
Baggage weighs: 16.42 kg
baggage is on conveyor belt-------
---------baggage detected by sensor------------- 
Baggage weighs: 19.17 kg
baggage is on conveyor belt-------
---------baggage detected by sensor------------- 
Baggage weighs: 19.0 kg
baggage is on conveyor belt-------
---------baggage detected by sensor------------- 
Baggage weighs: 18.78 kg
baggage is on conveyor belt-------
---------baggage detected by sensor------------- 
Baggage weighs: 20.31 kg
baggage is on conveyor belt-------
---------baggage detected by sensor------------- 
Baggage weighs: 21.25 kg
baggage is on conveyor belt-------
---------baggage detected by sensor------------- 
Baggage weighs: 18.87 kg
baggage is on conveyor belt-------
---------baggage detected by sensor------------- 
Baggage weighs: 16.25 kg
baggage is on conveyor belt-------
---------baggage detected by sensor------------- 
Baggage weighs: 19.94 kg
baggage is on conveyor belt-------
---------baggage detected by sensor------------- 
Baggage weighs: 16.88 kg
baggage is on conveyor belt-------
---------baggage detected by sensor------------- 
Baggage weighs: 18.24 kg
baggage is on conveyor belt-------
---------baggage detected by sensor------------- 
Baggage weighs: 17.16 kg
baggage is on conveyor belt-------
---------baggage detected by sensor------------- 
Baggage weighs: 19.34 kg
baggage is on conveyor belt-------
---------baggage detected by sensor------------- 
Baggage weighs: 22.41 kg
baggage is on conveyor belt-------
---------baggage detected by sensor------------- 
Baggage weighs: 20.47 kg
baggage is on conveyor belt-------
---------baggage detected by sensor------------- 
Baggage weighs: 18.81 kg
baggage is on conveyor belt-------
---------baggage detected by sensor------------- 
Baggage weighs: 18.56 kg
baggage is on conveyor belt-------
---------baggage detected by sensor------------- 
Baggage weighs: 17.77 kg
baggage is on conveyor belt-------
---------baggage detected by sensor------------- 
Baggage weighs: 19.32 kg
baggage is on conveyor belt-------
---------baggage detected by sensor------------- 
Baggage weighs: 19.21 kg
baggage is on conveyor belt-------
---------baggage detected by sensor------------- 
Baggage weighs: 19.13 kg
baggage is on conveyor belt-------
---------baggage detected by sensor------------- 
Baggage weighs: 20.39 kg
baggage is on conveyor belt-------
---------baggage detected by sensor------------- 
Baggage weighs: 21.03 kg
baggage is on conveyor belt-------
---------baggage detected by sensor------------- 
Baggage weighs: 20.05 kg
baggage is on conveyor belt-------
---------baggage detected by sensor------------- 
Baggage weighs: 21.92 kg
baggage is on conveyor belt-------
---------baggage detected by sensor------------- 
Baggage weighs: 19.37 kg
baggage is on conveyor belt-------
---------baggage detected by sensor------------- 
Baggage weighs: 20.35 kg
baggage is on conveyor belt-------
---------baggage detected by sensor------------- 
Baggage weighs: 18.73 kg
baggage is on conveyor belt-------
---------baggage detected by sensor------------- 
Baggage weighs: 20.33 kg
baggage is on conveyor belt-------
---------baggage detected by sensor------------- 
Baggage weighs: 22.01 kg
baggage is on conveyor belt-------
---------baggage detected by sensor------------- 
Baggage weighs: 19.27 kg
baggage is on conveyor belt-------
---------baggage detected by sensor------------- 
Baggage weighs: 21.18 kg
baggage is on conveyor belt-------
---------baggage detected by sensor------------- 
Baggage weighs: 17.16 kg
baggage is on conveyor belt-------
---------baggage detected by sensor------------- 
Baggage weighs: 20.04 kg
baggage is on conveyor belt-------
---------baggage detected by sensor------------- 
Baggage weighs: 20.91 kg
baggage is on conveyor belt-------
---------baggage detected by sensor------------- 
Baggage weighs: 20.3 kg
baggage is on conveyor belt-------
---------baggage detected by sensor------------- 
Baggage weighs: 20.38 kg
baggage is on conveyor belt-------
---------baggage detected by sensor------------- 
Baggage weighs: 16.54 kg
baggage is on conveyor belt-------
---------baggage detected by sensor------------- 
Baggage weighs: 18.87 kg
baggage is on conveyor belt-------
---------baggage detected by sensor------------- 
Baggage weighs: 20.22 kg
baggage is on conveyor belt-------
---------baggage detected by sensor------------- 
Baggage weighs: 20.75 kg
baggage is on conveyor belt-------
---------baggage detected by sensor------------- 
Baggage weighs: 17.4 kg
baggage is on conveyor belt-------
---------baggage detected by sensor------------- 
Baggage weighs: 20.27 kg
baggage is on conveyor belt-------
---------baggage detected by sensor------------- 
Baggage weighs: 17.04 kg
baggage is on conveyor belt-------
---------baggage detected by sensor------------- 
Baggage weighs: 19.84 kg
baggage is on conveyor belt-------
---------baggage detected by sensor------------- 
Baggage weighs: 17.34 kg
baggage is on conveyor belt-------
---------baggage detected by sensor------------- 
Baggage weighs: 18.75 kg
baggage is on conveyor belt-------
---------baggage detected by sensor------------- 
Baggage weighs: 19.12 kg
baggage is on conveyor belt-------
---------baggage detected by sensor------------- 
Baggage weighs: 18.29 kg
baggage is on conveyor belt-------
---------baggage detected by sensor------------- 
Baggage weighs: 17.94 kg
baggage is on conveyor belt-------
---------baggage detected by sensor------------- 
Baggage weighs: 19.09 kg
baggage is on conveyor belt-------
---------baggage detected by sensor------------- 
Baggage weighs: 22.39 kg
baggage is on conveyor belt-------
---------baggage detected by sensor------------- 
Baggage weighs: 21.23 kg
baggage is on conveyor belt-------
---------baggage detected by sensor------------- 
Baggage weighs: 17.56 kg
baggage is on conveyor belt-------
---------baggage detected by sensor------------- 
Baggage weighs: 18.37 kg
baggage is on conveyor belt-------
---------baggage detected by sensor------------- 
Baggage weighs: 21.4 kg
baggage is on conveyor belt-------
---------baggage detected by sensor------------- 
Baggage weighs: 20.25 kg
baggage is on conveyor belt-------
---------baggage detected by sensor------------- 
Baggage weighs: 23.0 kg
baggage is on conveyor belt-------
---------baggage detected by sensor------------- 
Baggage weighs: 17.01 kg
baggage is on conveyor belt-------
---------baggage detected by sensor------------- 
Baggage weighs: 17.39 kg
baggage is on conveyor belt-------
---------baggage detected by sensor------------- 
Baggage weighs: 16.7 kg
baggage is on conveyor belt-------
---------baggage detected by sensor------------- 
Baggage weighs: 16.23 kg
baggage is on conveyor belt-------
---------baggage detected by sensor------------- 
Baggage weighs: 19.13 kg
baggage is on conveyor belt-------
---------baggage detected by sensor------------- 
Baggage weighs: 21.07 kg
baggage is on conveyor belt-------
---------baggage detected by sensor------------- 
Baggage weighs: 17.87 kg
baggage is on conveyor belt-------
---------baggage detected by sensor------------- 
Baggage weighs: 19.92 kg
baggage is on conveyor belt-------
---------baggage detected by sensor------------- 
Baggage weighs: 19.22 kg
baggage is on conveyor belt-------
---------baggage detected by sensor------------- 
Baggage weighs: 21.53 kg
baggage is on conveyor belt-------
---------baggage detected by sensor------------- 
Baggage weighs: 20.29 kg
baggage is on conveyor belt-------
---------baggage detected by sensor------------- 
Baggage weighs: 19.32 kg
baggage is on conveyor belt-------
---------baggage detected by sensor------------- 
Baggage weighs: 17.25 kg
baggage is on conveyor belt-------
---------baggage detected by sensor------------- 
Baggage weighs: 21.3 kg
baggage is on conveyor belt-------
---------baggage detected by sensor------------- 
Baggage weighs: 16.79 kg
baggage is on conveyor belt-------
---------baggage detected by sensor------------- 
Baggage weighs: 19.55 kg
baggage is on conveyor belt-------
---------baggage detected by sensor------------- 
Baggage weighs: 18.88 kg
baggage is on conveyor belt-------
---------baggage detected by sensor------------- 
Baggage weighs: 22.33 kg
baggage is on conveyor belt-------
---------baggage detected by sensor------------- 
Baggage weighs: 20.62 kg
baggage is on conveyor belt-------
---------baggage detected by sensor------------- 
Baggage weighs: 19.42 kg
baggage is on conveyor belt-------
---------baggage detected by sensor------------- 
Baggage weighs: 17.54 kg
baggage is on conveyor belt-------
---------baggage detected by sensor------------- 
Baggage weighs: 21.51 kg
baggage is on conveyor belt-------
---------baggage detected by sensor------------- 
Baggage weighs: 19.46 kg
baggage is on conveyor belt-------
---------baggage detected by sensor------------- 
Baggage weighs: 17.83 kg
baggage is on conveyor belt-------
---------baggage detected by sensor------------- 
Baggage weighs: 17.75 kg
baggage is on conveyor belt-------
---------baggage detected by sensor------------- 
Baggage weighs: 17.44 kg
baggage is on conveyor belt-------
---------baggage detected by sensor------------- 
Baggage weighs: 19.53 kg
baggage is on conveyor belt-------
---------baggage detected by sensor------------- 
Baggage weighs: 17.51 kg
baggage is on conveyor belt-------
---------baggage detected by sensor------------- 
Baggage weighs: 18.2 kg
baggage is on conveyor belt-------
---------baggage detected by sensor------------- 
Baggage weighs: 21.55 kg
baggage is on conveyor belt-------
---------baggage detected by sensor------------- 
Baggage weighs: 19.67 kg
baggage is on conveyor belt-------
---------baggage detected by sensor------------- 
Baggage weighs: 19.52 kg
baggage is on conveyor belt-------
---------baggage detected by sensor------------- 
Baggage weighs: 21.06 kg
baggage is on conveyor belt-------
---------baggage detected by sensor------------- 
Baggage weighs: 17.44 kg
baggage is on conveyor belt-------
---------baggage detected by sensor------------- 
Baggage weighs: 19.21 kg
baggage is on conveyor belt-------
---------baggage detected by sensor------------- 
Baggage weighs: 21.65 kg
baggage is on conveyor belt-------
---------baggage detected by sensor------------- 
Baggage weighs: 19.64 kg
baggage is on conveyor belt-------
---------baggage detected by sensor------------- 
Baggage weighs: 21.03 kg
baggage is on conveyor belt-------
---------baggage detected by sensor------------- 
Baggage weighs: 19.76 kg
baggage is on conveyor belt-------
---------baggage detected by sensor------------- 
Baggage weighs: 21.01 kg
baggage is on conveyor belt-------
---------baggage detected by sensor------------- 
Baggage weighs: 19.11 kg
baggage is on conveyor belt-------
---------baggage detected by sensor------------- 
Baggage weighs: 18.54 kg
baggage is on conveyor belt-------
---------baggage detected by sensor------------- 
Baggage weighs: 16.86 kg
baggage is on conveyor belt-------
---------baggage detected by sensor------------- 
Baggage weighs: 16.59 kg
baggage is on conveyor belt-------
---------baggage detected by sensor------------- 
Baggage weighs: 19.26 kg
baggage is on conveyor belt-------
---------baggage detected by sensor------------- 
Baggage weighs: 18.34 kg
baggage is on conveyor belt-------
---------baggage detected by sensor------------- 
Baggage weighs: 19.09 kg
baggage is on conveyor belt-------
---------baggage detected by sensor------------- 
Baggage weighs: 22.38 kg
baggage is on conveyor belt-------
---------baggage detected by sensor------------- 
Baggage weighs: 22.12 kg
baggage is on conveyor belt-------
---------baggage detected by sensor------------- 
Baggage weighs: 16.75 kg
baggage is on conveyor belt-------
---------baggage detected by sensor------------- 
Baggage weighs: 20.36 kg
baggage is on conveyor belt-------
---------baggage detected by sensor------------- 
Baggage weighs: 20.94 kg
baggage is on conveyor belt-------
---------baggage detected by sensor------------- 
Baggage weighs: 19.8 kg
baggage is on conveyor belt-------
---------baggage detected by sensor------------- 
Baggage weighs: 19.12 kg
baggage is on conveyor belt-------
---------baggage detected by sensor------------- 
Baggage weighs: 16.93 kg
baggage is on conveyor belt-------
---------baggage detected by sensor------------- 
Baggage weighs: 20.48 kg
baggage is on conveyor belt-------
---------baggage detected by sensor------------- 
Baggage weighs: 17.63 kg
baggage is on conveyor belt-------
---------baggage detected by sensor------------- 
Baggage weighs: 19.86 kg
baggage is on conveyor belt-------
---------baggage detected by sensor------------- 
Baggage weighs: 19.4 kg
baggage is on conveyor belt-------
---------baggage detected by sensor------------- 
Baggage weighs: 19.0 kg
baggage is on conveyor belt-------
---------baggage detected by sensor------------- 
Baggage weighs: 20.5 kg
baggage is on conveyor belt-------
---------baggage detected by sensor------------- 
Baggage weighs: 21.9 kg
baggage is on conveyor belt-------
---------baggage detected by sensor------------- 
Baggage weighs: 19.82 kg
baggage is on conveyor belt-------
---------baggage detected by sensor------------- 
Baggage weighs: 18.98 kg
baggage is on conveyor belt-------
---------baggage detected by sensor------------- 
Baggage weighs: 19.28 kg
baggage is on conveyor belt-------
---------baggage detected by sensor------------- 
Baggage weighs: 18.06 kg
baggage is on conveyor belt-------
---------baggage detected by sensor------------- 
Baggage weighs: 20.2 kg
baggage is on conveyor belt-------
---------baggage detected by sensor------------- 
Baggage weighs: 19.74 kg
baggage is on conveyor belt-------
---------baggage detected by sensor------------- 
Baggage weighs: 17.44 kg
baggage is on conveyor belt-------
---------baggage detected by sensor------------- 
Baggage weighs: 19.36 kg
baggage is on conveyor belt-------
---------baggage detected by sensor------------- 
Baggage weighs: 20.4 kg
baggage is on conveyor belt-------
---------baggage detected by sensor------------- 
Baggage weighs: 18.92 kg
baggage is on conveyor belt-------
---------baggage detected by sensor------------- 
Baggage weighs: 18.48 kg
baggage is on conveyor belt-------
---------baggage detected by sensor------------- 
Baggage weighs: 17.34 kg
baggage is on conveyor belt-------
---------baggage detected by sensor------------- 
Baggage weighs: 20.57 kg
baggage is on conveyor belt-------
---------baggage detected by sensor------------- 
Baggage weighs: 17.19 kg
baggage is on conveyor belt-------
---------baggage detected by sensor------------- 
Baggage weighs: 18.25 kg
baggage is on conveyor belt-------
---------baggage detected by sensor------------- 
Baggage weighs: 19.29 kg
baggage is on conveyor belt-------
---------baggage detected by sensor------------- 
Baggage weighs: 16.86 kg
baggage is on conveyor belt-------
---------baggage detected by sensor------------- 
Baggage weighs: 19.34 kg
baggage is on conveyor belt-------
---------baggage detected by sensor------------- 
Baggage weighs: 19.32 kg
baggage is on conveyor belt-------
---------baggage detected by sensor------------- 
Baggage weighs: 18.15 kg
baggage is on conveyor belt-------
---------baggage detected by sensor------------- 
Baggage weighs: 18.98 kg
baggage is on conveyor belt-------
---------baggage detected by sensor------------- 
Baggage weighs: 21.84 kg
baggage is on conveyor belt-------
---------baggage detected by sensor------------- 
Baggage weighs: 20.53 kg
baggage is on conveyor belt-------
---------baggage detected by sensor------------- 
Baggage weighs: 20.62 kg
baggage is on conveyor belt-------
---------baggage detected by sensor------------- 
Baggage weighs: 20.7 kg
baggage is on conveyor belt-------
---------baggage detected by sensor------------- 
Baggage weighs: 19.64 kg
baggage is on conveyor belt-------
---------baggage detected by sensor------------- 
Baggage weighs: 16.11 kg
baggage is on conveyor belt-------
---------baggage detected by sensor------------- 
Baggage weighs: 22.24 kg
baggage is on conveyor belt-------
---------baggage detected by sensor------------- 
Baggage weighs: 21.47 kg
baggage is on conveyor belt-------
---------baggage detected by sensor------------- 
Baggage weighs: 20.73 kg
baggage is on conveyor belt-------
---------baggage detected by sensor------------- 
Baggage weighs: 19.51 kg
baggage is on conveyor belt-------
---------baggage detected by sensor------------- 
Baggage weighs: 20.11 kg
baggage is on conveyor belt-------
---------baggage detected by sensor------------- 
Baggage weighs: 20.36 kg
baggage is on conveyor belt-------
---------baggage detected by sensor------------- 
Baggage weighs: 18.84 kg
baggage is on conveyor belt-------
---------baggage detected by sensor------------- 
Baggage weighs: 22.61 kg
baggage is on conveyor belt-------
---------baggage detected by sensor------------- 
Baggage weighs: 20.07 kg
baggage is on conveyor belt-------
---------baggage detected by sensor------------- 
Baggage weighs: 20.28 kg
baggage is on conveyor belt-------
---------baggage detected by sensor------------- 
Baggage weighs: 17.9 kg
baggage is on conveyor belt-------
---------baggage detected by sensor------------- 
Baggage weighs: 18.13 kg
baggage is on conveyor belt-------
---------baggage detected by sensor------------- 
Baggage weighs: 18.32 kg
baggage is on conveyor belt-------
---------baggage detected by sensor------------- 
Baggage weighs: 19.3 kg
baggage is on conveyor belt-------
---------baggage detected by sensor------------- 
Baggage weighs: 21.34 kg
baggage is on conveyor belt-------
---------baggage detected by sensor------------- 
Baggage weighs: 19.74 kg
baggage is on conveyor belt-------
---------baggage detected by sensor------------- 
Baggage weighs: 18.46 kg
baggage is on conveyor belt-------
---------baggage detected by sensor------------- 
Baggage weighs: 19.49 kg
baggage is on conveyor belt-------
---------baggage detected by sensor------------- 
Baggage weighs: 17.97 kg
baggage is on conveyor belt-------
---------baggage detected by sensor------------- 
Baggage weighs: 21.32 kg
baggage is on conveyor belt-------
---------baggage detected by sensor------------- 
Baggage weighs: 16.41 kg
baggage is on conveyor belt-------
---------baggage detected by sensor------------- 
Baggage weighs: 16.36 kg
baggage is on conveyor belt-------
---------baggage detected by sensor------------- 
Baggage weighs: 16.24 kg
baggage is on conveyor belt-------
---------baggage detected by sensor------------- 
Baggage weighs: 16.65 kg
baggage is on conveyor belt-------
---------baggage detected by sensor------------- 
Baggage weighs: 20.17 kg
baggage is on conveyor belt-------
---------baggage detected by sensor------------- 
Baggage weighs: 21.08 kg
baggage is on conveyor belt-------
---------baggage detected by sensor------------- 
Baggage weighs: 18.0 kg
baggage is on conveyor belt-------
---------baggage detected by sensor------------- 
Baggage weighs: 17.49 kg
baggage is on conveyor belt-------
---------baggage detected by sensor------------- 
Baggage weighs: 19.3 kg
baggage is on conveyor belt-------
---------baggage detected by sensor------------- 
Baggage weighs: 18.34 kg
baggage is on conveyor belt-------
---------baggage detected by sensor------------- 
Baggage weighs: 19.57 kg
baggage is on conveyor belt-------
---------baggage detected by sensor------------- 
Baggage weighs: 18.99 kg
baggage is on conveyor belt-------
---------baggage detected by sensor------------- 
Baggage weighs: 20.13 kg
baggage is on conveyor belt-------
---------baggage detected by sensor------------- 
Baggage weighs: 21.59 kg
baggage is on conveyor belt-------
---------baggage detected by sensor------------- 
Baggage weighs: 17.75 kg
baggage is on conveyor belt-------
---------baggage detected by sensor------------- 
Baggage weighs: 18.88 kg
baggage is on conveyor belt-------
---------baggage detected by sensor------------- 
Baggage weighs: 17.64 kg
baggage is on conveyor belt-------
---------baggage detected by sensor------------- 
Baggage weighs: 17.28 kg
baggage is on conveyor belt-------
---------baggage detected by sensor------------- 
Baggage weighs: 19.89 kg
baggage is on conveyor belt-------
---------baggage detected by sensor------------- 
Baggage weighs: 16.14 kg
baggage is on conveyor belt-------
---------baggage detected by sensor------------- 
Baggage weighs: 19.6 kg
baggage is on conveyor belt-------
---------baggage detected by sensor------------- 
Baggage weighs: 19.1 kg
baggage is on conveyor belt-------
---------baggage detected by sensor------------- 
Baggage weighs: 16.76 kg
baggage is on conveyor belt-------
---------baggage detected by sensor------------- 
Baggage weighs: 22.78 kg
baggage is on conveyor belt-------
---------baggage detected by sensor------------- 
Baggage weighs: 16.41 kg
baggage is on conveyor belt-------
---------baggage detected by sensor------------- 
Baggage weighs: 19.48 kg
baggage is on conveyor belt-------
---------baggage detected by sensor------------- 
Baggage weighs: 19.0 kg
baggage is on conveyor belt-------
---------baggage detected by sensor------------- 
Baggage weighs: 21.58 kg
baggage is on conveyor belt-------
---------baggage detected by sensor------------- 
Baggage weighs: 21.07 kg
baggage is on conveyor belt-------
---------baggage detected by sensor------------- 
Baggage weighs: 16.28 kg
baggage is on conveyor belt-------
---------baggage detected by sensor------------- 
Baggage weighs: 20.22 kg
baggage is on conveyor belt-------
---------baggage detected by sensor------------- 
Baggage weighs: 17.58 kg
baggage is on conveyor belt-------
---------baggage detected by sensor------------- 
Baggage weighs: 17.69 kg
baggage is on conveyor belt-------
---------baggage detected by sensor------------- 
Baggage weighs: 19.1 kg
baggage is on conveyor belt-------
---------baggage detected by sensor------------- 
Baggage weighs: 18.5 kg
baggage is on conveyor belt-------
---------baggage detected by sensor------------- 
Baggage weighs: 19.06 kg
baggage is on conveyor belt-------
---------baggage detected by sensor------------- 
Baggage weighs: 21.45 kg
baggage is on conveyor belt-------
---------baggage detected by sensor------------- 
Baggage weighs: 19.0 kg
baggage is on conveyor belt-------
---------baggage detected by sensor------------- 
Baggage weighs: 20.87 kg
baggage is on conveyor belt-------
---------baggage detected by sensor------------- 
Baggage weighs: 22.55 kg
baggage is on conveyor belt-------
---------baggage detected by sensor------------- 
Baggage weighs: 21.43 kg
baggage is on conveyor belt-------
---------baggage detected by sensor------------- 
Baggage weighs: 16.99 kg
baggage is on conveyor belt-------
---------baggage detected by sensor------------- 
Baggage weighs: 16.52 kg
baggage is on conveyor belt-------
---------baggage detected by sensor------------- 
Baggage weighs: 20.55 kg
baggage is on conveyor belt-------
---------baggage detected by sensor------------- 
Baggage weighs: 21.64 kg
baggage is on conveyor belt-------
---------baggage detected by sensor------------- 
Baggage weighs: 18.94 kg
baggage is on conveyor belt-------
---------baggage detected by sensor------------- 
Baggage weighs: 20.28 kg
baggage is on conveyor belt-------
---------baggage detected by sensor------------- 
Baggage weighs: 18.3 kg
baggage is on conveyor belt-------
---------baggage detected by sensor------------- 
Baggage weighs: 20.49 kg
Seat with ID: 40D has been reserved for you!

BOARDING PASS FOR JOSEPH STOKES
-----------------------------------------------------------------------------
LUFTHANSA                      4jp5cty7dki6t4r /  Joseph Stokes
Joseph Stokes                                     /  4jp5cty7dki6t4r
FRA   LH2121   E  30.Oct                       /  FRA
HKG                                            /  HKG
SEAT ID: 40D                                   /  LH2121 E 30.Oct
SEQ: 228                                      / GATE: A05   22:00
MAX 1  HANDLUGGAGE/ LUGGAGE
-----------------------------------------------------------------------------
sorry Joseph Stokes we have no voucher for you! Have a nice day!

---------------------------------------------------------------------------------------------------------------
scanning passport with passport id: 4PT7Y0HKQ
searching for ticket in fast bag drop database..............
Ticket found for Roberto Armstrong and Flight LH2121
----searching flight seat for Roberto Armstrong---------
Found a seat with ID 40E
Below details were found in database
------------------------------------------
Name: Roberto Armstrong
Flight ID: LH2121
Source: FRA
Destination: HKG
Gate No: A05
Boarding time: 22:00
Ticket ID: 71w7415uk4y932e
Booking Class: E
------------------------------------------

Proceed with check-in for flight LH2121 ?
Type YES to CHECK-IN or NO to cancel CHECK-IN
Roberto Armstrong is deciding whether to check-in or to go back home and sleep............
YES CHECK-IN
Checking you in...............
baggage is on conveyor belt-------
---------baggage detected by sensor------------- 
Baggage weighs: 21.58 kg
baggage is on conveyor belt-------
---------baggage detected by sensor------------- 
Baggage weighs: 20.43 kg
baggage is on conveyor belt-------
---------baggage detected by sensor------------- 
Baggage weighs: 18.47 kg
baggage is on conveyor belt-------
---------baggage detected by sensor------------- 
Baggage weighs: 17.86 kg
baggage is on conveyor belt-------
---------baggage detected by sensor------------- 
Baggage weighs: 18.65 kg
baggage is on conveyor belt-------
---------baggage detected by sensor------------- 
Baggage weighs: 19.27 kg
baggage is on conveyor belt-------
---------baggage detected by sensor------------- 
Baggage weighs: 17.42 kg
baggage is on conveyor belt-------
---------baggage detected by sensor------------- 
Baggage weighs: 19.16 kg
baggage is on conveyor belt-------
---------baggage detected by sensor------------- 
Baggage weighs: 19.52 kg
baggage is on conveyor belt-------
---------baggage detected by sensor------------- 
Baggage weighs: 17.51 kg
baggage is on conveyor belt-------
---------baggage detected by sensor------------- 
Baggage weighs: 17.38 kg
baggage is on conveyor belt-------
---------baggage detected by sensor------------- 
Baggage weighs: 18.67 kg
baggage is on conveyor belt-------
---------baggage detected by sensor------------- 
Baggage weighs: 16.98 kg
baggage is on conveyor belt-------
---------baggage detected by sensor------------- 
Baggage weighs: 21.26 kg
baggage is on conveyor belt-------
---------baggage detected by sensor------------- 
Baggage weighs: 18.3 kg
baggage is on conveyor belt-------
---------baggage detected by sensor------------- 
Baggage weighs: 16.81 kg
baggage is on conveyor belt-------
---------baggage detected by sensor------------- 
Baggage weighs: 20.91 kg
baggage is on conveyor belt-------
---------baggage detected by sensor------------- 
Baggage weighs: 21.21 kg
baggage is on conveyor belt-------
---------baggage detected by sensor------------- 
Baggage weighs: 19.69 kg
baggage is on conveyor belt-------
---------baggage detected by sensor------------- 
Baggage weighs: 18.67 kg
baggage is on conveyor belt-------
---------baggage detected by sensor------------- 
Baggage weighs: 19.12 kg
baggage is on conveyor belt-------
---------baggage detected by sensor------------- 
Baggage weighs: 16.42 kg
baggage is on conveyor belt-------
---------baggage detected by sensor------------- 
Baggage weighs: 19.17 kg
baggage is on conveyor belt-------
---------baggage detected by sensor------------- 
Baggage weighs: 19.0 kg
baggage is on conveyor belt-------
---------baggage detected by sensor------------- 
Baggage weighs: 18.78 kg
baggage is on conveyor belt-------
---------baggage detected by sensor------------- 
Baggage weighs: 20.31 kg
baggage is on conveyor belt-------
---------baggage detected by sensor------------- 
Baggage weighs: 21.25 kg
baggage is on conveyor belt-------
---------baggage detected by sensor------------- 
Baggage weighs: 18.87 kg
baggage is on conveyor belt-------
---------baggage detected by sensor------------- 
Baggage weighs: 16.25 kg
baggage is on conveyor belt-------
---------baggage detected by sensor------------- 
Baggage weighs: 19.94 kg
baggage is on conveyor belt-------
---------baggage detected by sensor------------- 
Baggage weighs: 16.88 kg
baggage is on conveyor belt-------
---------baggage detected by sensor------------- 
Baggage weighs: 18.24 kg
baggage is on conveyor belt-------
---------baggage detected by sensor------------- 
Baggage weighs: 17.16 kg
baggage is on conveyor belt-------
---------baggage detected by sensor------------- 
Baggage weighs: 19.34 kg
baggage is on conveyor belt-------
---------baggage detected by sensor------------- 
Baggage weighs: 22.41 kg
baggage is on conveyor belt-------
---------baggage detected by sensor------------- 
Baggage weighs: 20.47 kg
baggage is on conveyor belt-------
---------baggage detected by sensor------------- 
Baggage weighs: 18.81 kg
baggage is on conveyor belt-------
---------baggage detected by sensor------------- 
Baggage weighs: 18.56 kg
baggage is on conveyor belt-------
---------baggage detected by sensor------------- 
Baggage weighs: 17.77 kg
baggage is on conveyor belt-------
---------baggage detected by sensor------------- 
Baggage weighs: 19.32 kg
baggage is on conveyor belt-------
---------baggage detected by sensor------------- 
Baggage weighs: 19.21 kg
baggage is on conveyor belt-------
---------baggage detected by sensor------------- 
Baggage weighs: 19.13 kg
baggage is on conveyor belt-------
---------baggage detected by sensor------------- 
Baggage weighs: 20.39 kg
baggage is on conveyor belt-------
---------baggage detected by sensor------------- 
Baggage weighs: 21.03 kg
baggage is on conveyor belt-------
---------baggage detected by sensor------------- 
Baggage weighs: 20.05 kg
baggage is on conveyor belt-------
---------baggage detected by sensor------------- 
Baggage weighs: 21.92 kg
baggage is on conveyor belt-------
---------baggage detected by sensor------------- 
Baggage weighs: 19.37 kg
baggage is on conveyor belt-------
---------baggage detected by sensor------------- 
Baggage weighs: 20.35 kg
baggage is on conveyor belt-------
---------baggage detected by sensor------------- 
Baggage weighs: 18.73 kg
baggage is on conveyor belt-------
---------baggage detected by sensor------------- 
Baggage weighs: 20.33 kg
baggage is on conveyor belt-------
---------baggage detected by sensor------------- 
Baggage weighs: 22.01 kg
baggage is on conveyor belt-------
---------baggage detected by sensor------------- 
Baggage weighs: 19.27 kg
baggage is on conveyor belt-------
---------baggage detected by sensor------------- 
Baggage weighs: 21.18 kg
baggage is on conveyor belt-------
---------baggage detected by sensor------------- 
Baggage weighs: 17.16 kg
baggage is on conveyor belt-------
---------baggage detected by sensor------------- 
Baggage weighs: 20.04 kg
baggage is on conveyor belt-------
---------baggage detected by sensor------------- 
Baggage weighs: 20.91 kg
baggage is on conveyor belt-------
---------baggage detected by sensor------------- 
Baggage weighs: 20.3 kg
baggage is on conveyor belt-------
---------baggage detected by sensor------------- 
Baggage weighs: 20.38 kg
baggage is on conveyor belt-------
---------baggage detected by sensor------------- 
Baggage weighs: 16.54 kg
baggage is on conveyor belt-------
---------baggage detected by sensor------------- 
Baggage weighs: 18.87 kg
baggage is on conveyor belt-------
---------baggage detected by sensor------------- 
Baggage weighs: 20.22 kg
baggage is on conveyor belt-------
---------baggage detected by sensor------------- 
Baggage weighs: 20.75 kg
baggage is on conveyor belt-------
---------baggage detected by sensor------------- 
Baggage weighs: 17.4 kg
baggage is on conveyor belt-------
---------baggage detected by sensor------------- 
Baggage weighs: 20.27 kg
baggage is on conveyor belt-------
---------baggage detected by sensor------------- 
Baggage weighs: 17.04 kg
baggage is on conveyor belt-------
---------baggage detected by sensor------------- 
Baggage weighs: 19.84 kg
baggage is on conveyor belt-------
---------baggage detected by sensor------------- 
Baggage weighs: 17.34 kg
baggage is on conveyor belt-------
---------baggage detected by sensor------------- 
Baggage weighs: 18.75 kg
baggage is on conveyor belt-------
---------baggage detected by sensor------------- 
Baggage weighs: 19.12 kg
baggage is on conveyor belt-------
---------baggage detected by sensor------------- 
Baggage weighs: 18.29 kg
baggage is on conveyor belt-------
---------baggage detected by sensor------------- 
Baggage weighs: 17.94 kg
baggage is on conveyor belt-------
---------baggage detected by sensor------------- 
Baggage weighs: 19.09 kg
baggage is on conveyor belt-------
---------baggage detected by sensor------------- 
Baggage weighs: 22.39 kg
baggage is on conveyor belt-------
---------baggage detected by sensor------------- 
Baggage weighs: 21.23 kg
baggage is on conveyor belt-------
---------baggage detected by sensor------------- 
Baggage weighs: 17.56 kg
baggage is on conveyor belt-------
---------baggage detected by sensor------------- 
Baggage weighs: 18.37 kg
baggage is on conveyor belt-------
---------baggage detected by sensor------------- 
Baggage weighs: 21.4 kg
baggage is on conveyor belt-------
---------baggage detected by sensor------------- 
Baggage weighs: 20.25 kg
baggage is on conveyor belt-------
---------baggage detected by sensor------------- 
Baggage weighs: 23.0 kg
baggage is on conveyor belt-------
---------baggage detected by sensor------------- 
Baggage weighs: 17.01 kg
baggage is on conveyor belt-------
---------baggage detected by sensor------------- 
Baggage weighs: 17.39 kg
baggage is on conveyor belt-------
---------baggage detected by sensor------------- 
Baggage weighs: 16.7 kg
baggage is on conveyor belt-------
---------baggage detected by sensor------------- 
Baggage weighs: 16.23 kg
baggage is on conveyor belt-------
---------baggage detected by sensor------------- 
Baggage weighs: 19.13 kg
baggage is on conveyor belt-------
---------baggage detected by sensor------------- 
Baggage weighs: 21.07 kg
baggage is on conveyor belt-------
---------baggage detected by sensor------------- 
Baggage weighs: 17.87 kg
baggage is on conveyor belt-------
---------baggage detected by sensor------------- 
Baggage weighs: 19.92 kg
baggage is on conveyor belt-------
---------baggage detected by sensor------------- 
Baggage weighs: 19.22 kg
baggage is on conveyor belt-------
---------baggage detected by sensor------------- 
Baggage weighs: 21.53 kg
baggage is on conveyor belt-------
---------baggage detected by sensor------------- 
Baggage weighs: 20.29 kg
baggage is on conveyor belt-------
---------baggage detected by sensor------------- 
Baggage weighs: 19.32 kg
baggage is on conveyor belt-------
---------baggage detected by sensor------------- 
Baggage weighs: 17.25 kg
baggage is on conveyor belt-------
---------baggage detected by sensor------------- 
Baggage weighs: 21.3 kg
baggage is on conveyor belt-------
---------baggage detected by sensor------------- 
Baggage weighs: 16.79 kg
baggage is on conveyor belt-------
---------baggage detected by sensor------------- 
Baggage weighs: 19.55 kg
baggage is on conveyor belt-------
---------baggage detected by sensor------------- 
Baggage weighs: 18.88 kg
baggage is on conveyor belt-------
---------baggage detected by sensor------------- 
Baggage weighs: 22.33 kg
baggage is on conveyor belt-------
---------baggage detected by sensor------------- 
Baggage weighs: 20.62 kg
baggage is on conveyor belt-------
---------baggage detected by sensor------------- 
Baggage weighs: 19.42 kg
baggage is on conveyor belt-------
---------baggage detected by sensor------------- 
Baggage weighs: 17.54 kg
baggage is on conveyor belt-------
---------baggage detected by sensor------------- 
Baggage weighs: 21.51 kg
baggage is on conveyor belt-------
---------baggage detected by sensor------------- 
Baggage weighs: 19.46 kg
baggage is on conveyor belt-------
---------baggage detected by sensor------------- 
Baggage weighs: 17.83 kg
baggage is on conveyor belt-------
---------baggage detected by sensor------------- 
Baggage weighs: 17.75 kg
baggage is on conveyor belt-------
---------baggage detected by sensor------------- 
Baggage weighs: 17.44 kg
baggage is on conveyor belt-------
---------baggage detected by sensor------------- 
Baggage weighs: 19.53 kg
baggage is on conveyor belt-------
---------baggage detected by sensor------------- 
Baggage weighs: 17.51 kg
baggage is on conveyor belt-------
---------baggage detected by sensor------------- 
Baggage weighs: 18.2 kg
baggage is on conveyor belt-------
---------baggage detected by sensor------------- 
Baggage weighs: 21.55 kg
baggage is on conveyor belt-------
---------baggage detected by sensor------------- 
Baggage weighs: 19.67 kg
baggage is on conveyor belt-------
---------baggage detected by sensor------------- 
Baggage weighs: 19.52 kg
baggage is on conveyor belt-------
---------baggage detected by sensor------------- 
Baggage weighs: 21.06 kg
baggage is on conveyor belt-------
---------baggage detected by sensor------------- 
Baggage weighs: 17.44 kg
baggage is on conveyor belt-------
---------baggage detected by sensor------------- 
Baggage weighs: 19.21 kg
baggage is on conveyor belt-------
---------baggage detected by sensor------------- 
Baggage weighs: 21.65 kg
baggage is on conveyor belt-------
---------baggage detected by sensor------------- 
Baggage weighs: 19.64 kg
baggage is on conveyor belt-------
---------baggage detected by sensor------------- 
Baggage weighs: 21.03 kg
baggage is on conveyor belt-------
---------baggage detected by sensor------------- 
Baggage weighs: 19.76 kg
baggage is on conveyor belt-------
---------baggage detected by sensor------------- 
Baggage weighs: 21.01 kg
baggage is on conveyor belt-------
---------baggage detected by sensor------------- 
Baggage weighs: 19.11 kg
baggage is on conveyor belt-------
---------baggage detected by sensor------------- 
Baggage weighs: 18.54 kg
baggage is on conveyor belt-------
---------baggage detected by sensor------------- 
Baggage weighs: 16.86 kg
baggage is on conveyor belt-------
---------baggage detected by sensor------------- 
Baggage weighs: 16.59 kg
baggage is on conveyor belt-------
---------baggage detected by sensor------------- 
Baggage weighs: 19.26 kg
baggage is on conveyor belt-------
---------baggage detected by sensor------------- 
Baggage weighs: 18.34 kg
baggage is on conveyor belt-------
---------baggage detected by sensor------------- 
Baggage weighs: 19.09 kg
baggage is on conveyor belt-------
---------baggage detected by sensor------------- 
Baggage weighs: 22.38 kg
baggage is on conveyor belt-------
---------baggage detected by sensor------------- 
Baggage weighs: 22.12 kg
baggage is on conveyor belt-------
---------baggage detected by sensor------------- 
Baggage weighs: 16.75 kg
baggage is on conveyor belt-------
---------baggage detected by sensor------------- 
Baggage weighs: 20.36 kg
baggage is on conveyor belt-------
---------baggage detected by sensor------------- 
Baggage weighs: 20.94 kg
baggage is on conveyor belt-------
---------baggage detected by sensor------------- 
Baggage weighs: 19.8 kg
baggage is on conveyor belt-------
---------baggage detected by sensor------------- 
Baggage weighs: 19.12 kg
baggage is on conveyor belt-------
---------baggage detected by sensor------------- 
Baggage weighs: 16.93 kg
baggage is on conveyor belt-------
---------baggage detected by sensor------------- 
Baggage weighs: 20.48 kg
baggage is on conveyor belt-------
---------baggage detected by sensor------------- 
Baggage weighs: 17.63 kg
baggage is on conveyor belt-------
---------baggage detected by sensor------------- 
Baggage weighs: 19.86 kg
baggage is on conveyor belt-------
---------baggage detected by sensor------------- 
Baggage weighs: 19.4 kg
baggage is on conveyor belt-------
---------baggage detected by sensor------------- 
Baggage weighs: 19.0 kg
baggage is on conveyor belt-------
---------baggage detected by sensor------------- 
Baggage weighs: 20.5 kg
baggage is on conveyor belt-------
---------baggage detected by sensor------------- 
Baggage weighs: 21.9 kg
baggage is on conveyor belt-------
---------baggage detected by sensor------------- 
Baggage weighs: 19.82 kg
baggage is on conveyor belt-------
---------baggage detected by sensor------------- 
Baggage weighs: 18.98 kg
baggage is on conveyor belt-------
---------baggage detected by sensor------------- 
Baggage weighs: 19.28 kg
baggage is on conveyor belt-------
---------baggage detected by sensor------------- 
Baggage weighs: 18.06 kg
baggage is on conveyor belt-------
---------baggage detected by sensor------------- 
Baggage weighs: 20.2 kg
baggage is on conveyor belt-------
---------baggage detected by sensor------------- 
Baggage weighs: 19.74 kg
baggage is on conveyor belt-------
---------baggage detected by sensor------------- 
Baggage weighs: 17.44 kg
baggage is on conveyor belt-------
---------baggage detected by sensor------------- 
Baggage weighs: 19.36 kg
baggage is on conveyor belt-------
---------baggage detected by sensor------------- 
Baggage weighs: 20.4 kg
baggage is on conveyor belt-------
---------baggage detected by sensor------------- 
Baggage weighs: 18.92 kg
baggage is on conveyor belt-------
---------baggage detected by sensor------------- 
Baggage weighs: 18.48 kg
baggage is on conveyor belt-------
---------baggage detected by sensor------------- 
Baggage weighs: 17.34 kg
baggage is on conveyor belt-------
---------baggage detected by sensor------------- 
Baggage weighs: 20.57 kg
baggage is on conveyor belt-------
---------baggage detected by sensor------------- 
Baggage weighs: 17.19 kg
baggage is on conveyor belt-------
---------baggage detected by sensor------------- 
Baggage weighs: 18.25 kg
baggage is on conveyor belt-------
---------baggage detected by sensor------------- 
Baggage weighs: 19.29 kg
baggage is on conveyor belt-------
---------baggage detected by sensor------------- 
Baggage weighs: 16.86 kg
baggage is on conveyor belt-------
---------baggage detected by sensor------------- 
Baggage weighs: 19.34 kg
baggage is on conveyor belt-------
---------baggage detected by sensor------------- 
Baggage weighs: 19.32 kg
baggage is on conveyor belt-------
---------baggage detected by sensor------------- 
Baggage weighs: 18.15 kg
baggage is on conveyor belt-------
---------baggage detected by sensor------------- 
Baggage weighs: 18.98 kg
baggage is on conveyor belt-------
---------baggage detected by sensor------------- 
Baggage weighs: 21.84 kg
baggage is on conveyor belt-------
---------baggage detected by sensor------------- 
Baggage weighs: 20.53 kg
baggage is on conveyor belt-------
---------baggage detected by sensor------------- 
Baggage weighs: 20.62 kg
baggage is on conveyor belt-------
---------baggage detected by sensor------------- 
Baggage weighs: 20.7 kg
baggage is on conveyor belt-------
---------baggage detected by sensor------------- 
Baggage weighs: 19.64 kg
baggage is on conveyor belt-------
---------baggage detected by sensor------------- 
Baggage weighs: 16.11 kg
baggage is on conveyor belt-------
---------baggage detected by sensor------------- 
Baggage weighs: 22.24 kg
baggage is on conveyor belt-------
---------baggage detected by sensor------------- 
Baggage weighs: 21.47 kg
baggage is on conveyor belt-------
---------baggage detected by sensor------------- 
Baggage weighs: 20.73 kg
baggage is on conveyor belt-------
---------baggage detected by sensor------------- 
Baggage weighs: 19.51 kg
baggage is on conveyor belt-------
---------baggage detected by sensor------------- 
Baggage weighs: 20.11 kg
baggage is on conveyor belt-------
---------baggage detected by sensor------------- 
Baggage weighs: 20.36 kg
baggage is on conveyor belt-------
---------baggage detected by sensor------------- 
Baggage weighs: 18.84 kg
baggage is on conveyor belt-------
---------baggage detected by sensor------------- 
Baggage weighs: 22.61 kg
baggage is on conveyor belt-------
---------baggage detected by sensor------------- 
Baggage weighs: 20.07 kg
baggage is on conveyor belt-------
---------baggage detected by sensor------------- 
Baggage weighs: 20.28 kg
baggage is on conveyor belt-------
---------baggage detected by sensor------------- 
Baggage weighs: 17.9 kg
baggage is on conveyor belt-------
---------baggage detected by sensor------------- 
Baggage weighs: 18.13 kg
baggage is on conveyor belt-------
---------baggage detected by sensor------------- 
Baggage weighs: 18.32 kg
baggage is on conveyor belt-------
---------baggage detected by sensor------------- 
Baggage weighs: 19.3 kg
baggage is on conveyor belt-------
---------baggage detected by sensor------------- 
Baggage weighs: 21.34 kg
baggage is on conveyor belt-------
---------baggage detected by sensor------------- 
Baggage weighs: 19.74 kg
baggage is on conveyor belt-------
---------baggage detected by sensor------------- 
Baggage weighs: 18.46 kg
baggage is on conveyor belt-------
---------baggage detected by sensor------------- 
Baggage weighs: 19.49 kg
baggage is on conveyor belt-------
---------baggage detected by sensor------------- 
Baggage weighs: 17.97 kg
baggage is on conveyor belt-------
---------baggage detected by sensor------------- 
Baggage weighs: 21.32 kg
baggage is on conveyor belt-------
---------baggage detected by sensor------------- 
Baggage weighs: 16.41 kg
baggage is on conveyor belt-------
---------baggage detected by sensor------------- 
Baggage weighs: 16.36 kg
baggage is on conveyor belt-------
---------baggage detected by sensor------------- 
Baggage weighs: 16.24 kg
baggage is on conveyor belt-------
---------baggage detected by sensor------------- 
Baggage weighs: 16.65 kg
baggage is on conveyor belt-------
---------baggage detected by sensor------------- 
Baggage weighs: 20.17 kg
baggage is on conveyor belt-------
---------baggage detected by sensor------------- 
Baggage weighs: 21.08 kg
baggage is on conveyor belt-------
---------baggage detected by sensor------------- 
Baggage weighs: 18.0 kg
baggage is on conveyor belt-------
---------baggage detected by sensor------------- 
Baggage weighs: 17.49 kg
baggage is on conveyor belt-------
---------baggage detected by sensor------------- 
Baggage weighs: 19.3 kg
baggage is on conveyor belt-------
---------baggage detected by sensor------------- 
Baggage weighs: 18.34 kg
baggage is on conveyor belt-------
---------baggage detected by sensor------------- 
Baggage weighs: 19.57 kg
baggage is on conveyor belt-------
---------baggage detected by sensor------------- 
Baggage weighs: 18.99 kg
baggage is on conveyor belt-------
---------baggage detected by sensor------------- 
Baggage weighs: 20.13 kg
baggage is on conveyor belt-------
---------baggage detected by sensor------------- 
Baggage weighs: 21.59 kg
baggage is on conveyor belt-------
---------baggage detected by sensor------------- 
Baggage weighs: 17.75 kg
baggage is on conveyor belt-------
---------baggage detected by sensor------------- 
Baggage weighs: 18.88 kg
baggage is on conveyor belt-------
---------baggage detected by sensor------------- 
Baggage weighs: 17.64 kg
baggage is on conveyor belt-------
---------baggage detected by sensor------------- 
Baggage weighs: 17.28 kg
baggage is on conveyor belt-------
---------baggage detected by sensor------------- 
Baggage weighs: 19.89 kg
baggage is on conveyor belt-------
---------baggage detected by sensor------------- 
Baggage weighs: 16.14 kg
baggage is on conveyor belt-------
---------baggage detected by sensor------------- 
Baggage weighs: 19.6 kg
baggage is on conveyor belt-------
---------baggage detected by sensor------------- 
Baggage weighs: 19.1 kg
baggage is on conveyor belt-------
---------baggage detected by sensor------------- 
Baggage weighs: 16.76 kg
baggage is on conveyor belt-------
---------baggage detected by sensor------------- 
Baggage weighs: 22.78 kg
baggage is on conveyor belt-------
---------baggage detected by sensor------------- 
Baggage weighs: 16.41 kg
baggage is on conveyor belt-------
---------baggage detected by sensor------------- 
Baggage weighs: 19.48 kg
baggage is on conveyor belt-------
---------baggage detected by sensor------------- 
Baggage weighs: 19.0 kg
baggage is on conveyor belt-------
---------baggage detected by sensor------------- 
Baggage weighs: 21.58 kg
baggage is on conveyor belt-------
---------baggage detected by sensor------------- 
Baggage weighs: 21.07 kg
baggage is on conveyor belt-------
---------baggage detected by sensor------------- 
Baggage weighs: 16.28 kg
baggage is on conveyor belt-------
---------baggage detected by sensor------------- 
Baggage weighs: 20.22 kg
baggage is on conveyor belt-------
---------baggage detected by sensor------------- 
Baggage weighs: 17.58 kg
baggage is on conveyor belt-------
---------baggage detected by sensor------------- 
Baggage weighs: 17.69 kg
baggage is on conveyor belt-------
---------baggage detected by sensor------------- 
Baggage weighs: 19.1 kg
baggage is on conveyor belt-------
---------baggage detected by sensor------------- 
Baggage weighs: 18.5 kg
baggage is on conveyor belt-------
---------baggage detected by sensor------------- 
Baggage weighs: 19.06 kg
baggage is on conveyor belt-------
---------baggage detected by sensor------------- 
Baggage weighs: 21.45 kg
baggage is on conveyor belt-------
---------baggage detected by sensor------------- 
Baggage weighs: 19.0 kg
baggage is on conveyor belt-------
---------baggage detected by sensor------------- 
Baggage weighs: 20.87 kg
baggage is on conveyor belt-------
---------baggage detected by sensor------------- 
Baggage weighs: 22.55 kg
baggage is on conveyor belt-------
---------baggage detected by sensor------------- 
Baggage weighs: 21.43 kg
baggage is on conveyor belt-------
---------baggage detected by sensor------------- 
Baggage weighs: 16.99 kg
baggage is on conveyor belt-------
---------baggage detected by sensor------------- 
Baggage weighs: 16.52 kg
baggage is on conveyor belt-------
---------baggage detected by sensor------------- 
Baggage weighs: 20.55 kg
baggage is on conveyor belt-------
---------baggage detected by sensor------------- 
Baggage weighs: 21.64 kg
baggage is on conveyor belt-------
---------baggage detected by sensor------------- 
Baggage weighs: 18.94 kg
baggage is on conveyor belt-------
---------baggage detected by sensor------------- 
Baggage weighs: 20.28 kg
baggage is on conveyor belt-------
---------baggage detected by sensor------------- 
Baggage weighs: 18.3 kg
baggage is on conveyor belt-------
---------baggage detected by sensor------------- 
Baggage weighs: 20.49 kg
baggage is on conveyor belt-------
---------baggage detected by sensor------------- 
Baggage weighs: 17.77 kg
Seat with ID: 40E has been reserved for you!

BOARDING PASS FOR ROBERTO ARMSTRONG
-----------------------------------------------------------------------------
LUFTHANSA                      71w7415uk4y932e /  Roberto Armstrong
Roberto Armstrong                                     /  71w7415uk4y932e
FRA   LH2121   E  30.Oct                       /  FRA
HKG                                            /  HKG
SEAT ID: 40E                                   /  LH2121 E 30.Oct
SEQ: 229                                      / GATE: A05   22:00
MAX 1  HANDLUGGAGE/ LUGGAGE
-----------------------------------------------------------------------------
sorry Roberto Armstrong we have no voucher for you! Have a nice day!

---------------------------------------------------------------------------------------------------------------
scanning passport with passport id: BOL553EMN
searching for ticket in fast bag drop database..............
Ticket found for Nathaniel Reeves and Flight LH2121
----searching flight seat for Nathaniel Reeves---------
Found a seat with ID 40G
Below details were found in database
------------------------------------------
Name: Nathaniel Reeves
Flight ID: LH2121
Source: FRA
Destination: HKG
Gate No: A05
Boarding time: 22:00
Ticket ID: 86nlb4mvx09neiy
Booking Class: E
------------------------------------------

Proceed with check-in for flight LH2121 ?
Type YES to CHECK-IN or NO to cancel CHECK-IN
Nathaniel Reeves is deciding whether to check-in or to go back home and sleep............
YES CHECK-IN
Checking you in...............
baggage is on conveyor belt-------
---------baggage detected by sensor------------- 
Baggage weighs: 21.58 kg
baggage is on conveyor belt-------
---------baggage detected by sensor------------- 
Baggage weighs: 20.43 kg
baggage is on conveyor belt-------
---------baggage detected by sensor------------- 
Baggage weighs: 18.47 kg
baggage is on conveyor belt-------
---------baggage detected by sensor------------- 
Baggage weighs: 17.86 kg
baggage is on conveyor belt-------
---------baggage detected by sensor------------- 
Baggage weighs: 18.65 kg
baggage is on conveyor belt-------
---------baggage detected by sensor------------- 
Baggage weighs: 19.27 kg
baggage is on conveyor belt-------
---------baggage detected by sensor------------- 
Baggage weighs: 17.42 kg
baggage is on conveyor belt-------
---------baggage detected by sensor------------- 
Baggage weighs: 19.16 kg
baggage is on conveyor belt-------
---------baggage detected by sensor------------- 
Baggage weighs: 19.52 kg
baggage is on conveyor belt-------
---------baggage detected by sensor------------- 
Baggage weighs: 17.51 kg
baggage is on conveyor belt-------
---------baggage detected by sensor------------- 
Baggage weighs: 17.38 kg
baggage is on conveyor belt-------
---------baggage detected by sensor------------- 
Baggage weighs: 18.67 kg
baggage is on conveyor belt-------
---------baggage detected by sensor------------- 
Baggage weighs: 16.98 kg
baggage is on conveyor belt-------
---------baggage detected by sensor------------- 
Baggage weighs: 21.26 kg
baggage is on conveyor belt-------
---------baggage detected by sensor------------- 
Baggage weighs: 18.3 kg
baggage is on conveyor belt-------
---------baggage detected by sensor------------- 
Baggage weighs: 16.81 kg
baggage is on conveyor belt-------
---------baggage detected by sensor------------- 
Baggage weighs: 20.91 kg
baggage is on conveyor belt-------
---------baggage detected by sensor------------- 
Baggage weighs: 21.21 kg
baggage is on conveyor belt-------
---------baggage detected by sensor------------- 
Baggage weighs: 19.69 kg
baggage is on conveyor belt-------
---------baggage detected by sensor------------- 
Baggage weighs: 18.67 kg
baggage is on conveyor belt-------
---------baggage detected by sensor------------- 
Baggage weighs: 19.12 kg
baggage is on conveyor belt-------
---------baggage detected by sensor------------- 
Baggage weighs: 16.42 kg
baggage is on conveyor belt-------
---------baggage detected by sensor------------- 
Baggage weighs: 19.17 kg
baggage is on conveyor belt-------
---------baggage detected by sensor------------- 
Baggage weighs: 19.0 kg
baggage is on conveyor belt-------
---------baggage detected by sensor------------- 
Baggage weighs: 18.78 kg
baggage is on conveyor belt-------
---------baggage detected by sensor------------- 
Baggage weighs: 20.31 kg
baggage is on conveyor belt-------
---------baggage detected by sensor------------- 
Baggage weighs: 21.25 kg
baggage is on conveyor belt-------
---------baggage detected by sensor------------- 
Baggage weighs: 18.87 kg
baggage is on conveyor belt-------
---------baggage detected by sensor------------- 
Baggage weighs: 16.25 kg
baggage is on conveyor belt-------
---------baggage detected by sensor------------- 
Baggage weighs: 19.94 kg
baggage is on conveyor belt-------
---------baggage detected by sensor------------- 
Baggage weighs: 16.88 kg
baggage is on conveyor belt-------
---------baggage detected by sensor------------- 
Baggage weighs: 18.24 kg
baggage is on conveyor belt-------
---------baggage detected by sensor------------- 
Baggage weighs: 17.16 kg
baggage is on conveyor belt-------
---------baggage detected by sensor------------- 
Baggage weighs: 19.34 kg
baggage is on conveyor belt-------
---------baggage detected by sensor------------- 
Baggage weighs: 22.41 kg
baggage is on conveyor belt-------
---------baggage detected by sensor------------- 
Baggage weighs: 20.47 kg
baggage is on conveyor belt-------
---------baggage detected by sensor------------- 
Baggage weighs: 18.81 kg
baggage is on conveyor belt-------
---------baggage detected by sensor------------- 
Baggage weighs: 18.56 kg
baggage is on conveyor belt-------
---------baggage detected by sensor------------- 
Baggage weighs: 17.77 kg
baggage is on conveyor belt-------
---------baggage detected by sensor------------- 
Baggage weighs: 19.32 kg
baggage is on conveyor belt-------
---------baggage detected by sensor------------- 
Baggage weighs: 19.21 kg
baggage is on conveyor belt-------
---------baggage detected by sensor------------- 
Baggage weighs: 19.13 kg
baggage is on conveyor belt-------
---------baggage detected by sensor------------- 
Baggage weighs: 20.39 kg
baggage is on conveyor belt-------
---------baggage detected by sensor------------- 
Baggage weighs: 21.03 kg
baggage is on conveyor belt-------
---------baggage detected by sensor------------- 
Baggage weighs: 20.05 kg
baggage is on conveyor belt-------
---------baggage detected by sensor------------- 
Baggage weighs: 21.92 kg
baggage is on conveyor belt-------
---------baggage detected by sensor------------- 
Baggage weighs: 19.37 kg
baggage is on conveyor belt-------
---------baggage detected by sensor------------- 
Baggage weighs: 20.35 kg
baggage is on conveyor belt-------
---------baggage detected by sensor------------- 
Baggage weighs: 18.73 kg
baggage is on conveyor belt-------
---------baggage detected by sensor------------- 
Baggage weighs: 20.33 kg
baggage is on conveyor belt-------
---------baggage detected by sensor------------- 
Baggage weighs: 22.01 kg
baggage is on conveyor belt-------
---------baggage detected by sensor------------- 
Baggage weighs: 19.27 kg
baggage is on conveyor belt-------
---------baggage detected by sensor------------- 
Baggage weighs: 21.18 kg
baggage is on conveyor belt-------
---------baggage detected by sensor------------- 
Baggage weighs: 17.16 kg
baggage is on conveyor belt-------
---------baggage detected by sensor------------- 
Baggage weighs: 20.04 kg
baggage is on conveyor belt-------
---------baggage detected by sensor------------- 
Baggage weighs: 20.91 kg
baggage is on conveyor belt-------
---------baggage detected by sensor------------- 
Baggage weighs: 20.3 kg
baggage is on conveyor belt-------
---------baggage detected by sensor------------- 
Baggage weighs: 20.38 kg
baggage is on conveyor belt-------
---------baggage detected by sensor------------- 
Baggage weighs: 16.54 kg
baggage is on conveyor belt-------
---------baggage detected by sensor------------- 
Baggage weighs: 18.87 kg
baggage is on conveyor belt-------
---------baggage detected by sensor------------- 
Baggage weighs: 20.22 kg
baggage is on conveyor belt-------
---------baggage detected by sensor------------- 
Baggage weighs: 20.75 kg
baggage is on conveyor belt-------
---------baggage detected by sensor------------- 
Baggage weighs: 17.4 kg
baggage is on conveyor belt-------
---------baggage detected by sensor------------- 
Baggage weighs: 20.27 kg
baggage is on conveyor belt-------
---------baggage detected by sensor------------- 
Baggage weighs: 17.04 kg
baggage is on conveyor belt-------
---------baggage detected by sensor------------- 
Baggage weighs: 19.84 kg
baggage is on conveyor belt-------
---------baggage detected by sensor------------- 
Baggage weighs: 17.34 kg
baggage is on conveyor belt-------
---------baggage detected by sensor------------- 
Baggage weighs: 18.75 kg
baggage is on conveyor belt-------
---------baggage detected by sensor------------- 
Baggage weighs: 19.12 kg
baggage is on conveyor belt-------
---------baggage detected by sensor------------- 
Baggage weighs: 18.29 kg
baggage is on conveyor belt-------
---------baggage detected by sensor------------- 
Baggage weighs: 17.94 kg
baggage is on conveyor belt-------
---------baggage detected by sensor------------- 
Baggage weighs: 19.09 kg
baggage is on conveyor belt-------
---------baggage detected by sensor------------- 
Baggage weighs: 22.39 kg
baggage is on conveyor belt-------
---------baggage detected by sensor------------- 
Baggage weighs: 21.23 kg
baggage is on conveyor belt-------
---------baggage detected by sensor------------- 
Baggage weighs: 17.56 kg
baggage is on conveyor belt-------
---------baggage detected by sensor------------- 
Baggage weighs: 18.37 kg
baggage is on conveyor belt-------
---------baggage detected by sensor------------- 
Baggage weighs: 21.4 kg
baggage is on conveyor belt-------
---------baggage detected by sensor------------- 
Baggage weighs: 20.25 kg
baggage is on conveyor belt-------
---------baggage detected by sensor------------- 
Baggage weighs: 23.0 kg
baggage is on conveyor belt-------
---------baggage detected by sensor------------- 
Baggage weighs: 17.01 kg
baggage is on conveyor belt-------
---------baggage detected by sensor------------- 
Baggage weighs: 17.39 kg
baggage is on conveyor belt-------
---------baggage detected by sensor------------- 
Baggage weighs: 16.7 kg
baggage is on conveyor belt-------
---------baggage detected by sensor------------- 
Baggage weighs: 16.23 kg
baggage is on conveyor belt-------
---------baggage detected by sensor------------- 
Baggage weighs: 19.13 kg
baggage is on conveyor belt-------
---------baggage detected by sensor------------- 
Baggage weighs: 21.07 kg
baggage is on conveyor belt-------
---------baggage detected by sensor------------- 
Baggage weighs: 17.87 kg
baggage is on conveyor belt-------
---------baggage detected by sensor------------- 
Baggage weighs: 19.92 kg
baggage is on conveyor belt-------
---------baggage detected by sensor------------- 
Baggage weighs: 19.22 kg
baggage is on conveyor belt-------
---------baggage detected by sensor------------- 
Baggage weighs: 21.53 kg
baggage is on conveyor belt-------
---------baggage detected by sensor------------- 
Baggage weighs: 20.29 kg
baggage is on conveyor belt-------
---------baggage detected by sensor------------- 
Baggage weighs: 19.32 kg
baggage is on conveyor belt-------
---------baggage detected by sensor------------- 
Baggage weighs: 17.25 kg
baggage is on conveyor belt-------
---------baggage detected by sensor------------- 
Baggage weighs: 21.3 kg
baggage is on conveyor belt-------
---------baggage detected by sensor------------- 
Baggage weighs: 16.79 kg
baggage is on conveyor belt-------
---------baggage detected by sensor------------- 
Baggage weighs: 19.55 kg
baggage is on conveyor belt-------
---------baggage detected by sensor------------- 
Baggage weighs: 18.88 kg
baggage is on conveyor belt-------
---------baggage detected by sensor------------- 
Baggage weighs: 22.33 kg
baggage is on conveyor belt-------
---------baggage detected by sensor------------- 
Baggage weighs: 20.62 kg
baggage is on conveyor belt-------
---------baggage detected by sensor------------- 
Baggage weighs: 19.42 kg
baggage is on conveyor belt-------
---------baggage detected by sensor------------- 
Baggage weighs: 17.54 kg
baggage is on conveyor belt-------
---------baggage detected by sensor------------- 
Baggage weighs: 21.51 kg
baggage is on conveyor belt-------
---------baggage detected by sensor------------- 
Baggage weighs: 19.46 kg
baggage is on conveyor belt-------
---------baggage detected by sensor------------- 
Baggage weighs: 17.83 kg
baggage is on conveyor belt-------
---------baggage detected by sensor------------- 
Baggage weighs: 17.75 kg
baggage is on conveyor belt-------
---------baggage detected by sensor------------- 
Baggage weighs: 17.44 kg
baggage is on conveyor belt-------
---------baggage detected by sensor------------- 
Baggage weighs: 19.53 kg
baggage is on conveyor belt-------
---------baggage detected by sensor------------- 
Baggage weighs: 17.51 kg
baggage is on conveyor belt-------
---------baggage detected by sensor------------- 
Baggage weighs: 18.2 kg
baggage is on conveyor belt-------
---------baggage detected by sensor------------- 
Baggage weighs: 21.55 kg
baggage is on conveyor belt-------
---------baggage detected by sensor------------- 
Baggage weighs: 19.67 kg
baggage is on conveyor belt-------
---------baggage detected by sensor------------- 
Baggage weighs: 19.52 kg
baggage is on conveyor belt-------
---------baggage detected by sensor------------- 
Baggage weighs: 21.06 kg
baggage is on conveyor belt-------
---------baggage detected by sensor------------- 
Baggage weighs: 17.44 kg
baggage is on conveyor belt-------
---------baggage detected by sensor------------- 
Baggage weighs: 19.21 kg
baggage is on conveyor belt-------
---------baggage detected by sensor------------- 
Baggage weighs: 21.65 kg
baggage is on conveyor belt-------
---------baggage detected by sensor------------- 
Baggage weighs: 19.64 kg
baggage is on conveyor belt-------
---------baggage detected by sensor------------- 
Baggage weighs: 21.03 kg
baggage is on conveyor belt-------
---------baggage detected by sensor------------- 
Baggage weighs: 19.76 kg
baggage is on conveyor belt-------
---------baggage detected by sensor------------- 
Baggage weighs: 21.01 kg
baggage is on conveyor belt-------
---------baggage detected by sensor------------- 
Baggage weighs: 19.11 kg
baggage is on conveyor belt-------
---------baggage detected by sensor------------- 
Baggage weighs: 18.54 kg
baggage is on conveyor belt-------
---------baggage detected by sensor------------- 
Baggage weighs: 16.86 kg
baggage is on conveyor belt-------
---------baggage detected by sensor------------- 
Baggage weighs: 16.59 kg
baggage is on conveyor belt-------
---------baggage detected by sensor------------- 
Baggage weighs: 19.26 kg
baggage is on conveyor belt-------
---------baggage detected by sensor------------- 
Baggage weighs: 18.34 kg
baggage is on conveyor belt-------
---------baggage detected by sensor------------- 
Baggage weighs: 19.09 kg
baggage is on conveyor belt-------
---------baggage detected by sensor------------- 
Baggage weighs: 22.38 kg
baggage is on conveyor belt-------
---------baggage detected by sensor------------- 
Baggage weighs: 22.12 kg
baggage is on conveyor belt-------
---------baggage detected by sensor------------- 
Baggage weighs: 16.75 kg
baggage is on conveyor belt-------
---------baggage detected by sensor------------- 
Baggage weighs: 20.36 kg
baggage is on conveyor belt-------
---------baggage detected by sensor------------- 
Baggage weighs: 20.94 kg
baggage is on conveyor belt-------
---------baggage detected by sensor------------- 
Baggage weighs: 19.8 kg
baggage is on conveyor belt-------
---------baggage detected by sensor------------- 
Baggage weighs: 19.12 kg
baggage is on conveyor belt-------
---------baggage detected by sensor------------- 
Baggage weighs: 16.93 kg
baggage is on conveyor belt-------
---------baggage detected by sensor------------- 
Baggage weighs: 20.48 kg
baggage is on conveyor belt-------
---------baggage detected by sensor------------- 
Baggage weighs: 17.63 kg
baggage is on conveyor belt-------
---------baggage detected by sensor------------- 
Baggage weighs: 19.86 kg
baggage is on conveyor belt-------
---------baggage detected by sensor------------- 
Baggage weighs: 19.4 kg
baggage is on conveyor belt-------
---------baggage detected by sensor------------- 
Baggage weighs: 19.0 kg
baggage is on conveyor belt-------
---------baggage detected by sensor------------- 
Baggage weighs: 20.5 kg
baggage is on conveyor belt-------
---------baggage detected by sensor------------- 
Baggage weighs: 21.9 kg
baggage is on conveyor belt-------
---------baggage detected by sensor------------- 
Baggage weighs: 19.82 kg
baggage is on conveyor belt-------
---------baggage detected by sensor------------- 
Baggage weighs: 18.98 kg
baggage is on conveyor belt-------
---------baggage detected by sensor------------- 
Baggage weighs: 19.28 kg
baggage is on conveyor belt-------
---------baggage detected by sensor------------- 
Baggage weighs: 18.06 kg
baggage is on conveyor belt-------
---------baggage detected by sensor------------- 
Baggage weighs: 20.2 kg
baggage is on conveyor belt-------
---------baggage detected by sensor------------- 
Baggage weighs: 19.74 kg
baggage is on conveyor belt-------
---------baggage detected by sensor------------- 
Baggage weighs: 17.44 kg
baggage is on conveyor belt-------
---------baggage detected by sensor------------- 
Baggage weighs: 19.36 kg
baggage is on conveyor belt-------
---------baggage detected by sensor------------- 
Baggage weighs: 20.4 kg
baggage is on conveyor belt-------
---------baggage detected by sensor------------- 
Baggage weighs: 18.92 kg
baggage is on conveyor belt-------
---------baggage detected by sensor------------- 
Baggage weighs: 18.48 kg
baggage is on conveyor belt-------
---------baggage detected by sensor------------- 
Baggage weighs: 17.34 kg
baggage is on conveyor belt-------
---------baggage detected by sensor------------- 
Baggage weighs: 20.57 kg
baggage is on conveyor belt-------
---------baggage detected by sensor------------- 
Baggage weighs: 17.19 kg
baggage is on conveyor belt-------
---------baggage detected by sensor------------- 
Baggage weighs: 18.25 kg
baggage is on conveyor belt-------
---------baggage detected by sensor------------- 
Baggage weighs: 19.29 kg
baggage is on conveyor belt-------
---------baggage detected by sensor------------- 
Baggage weighs: 16.86 kg
baggage is on conveyor belt-------
---------baggage detected by sensor------------- 
Baggage weighs: 19.34 kg
baggage is on conveyor belt-------
---------baggage detected by sensor------------- 
Baggage weighs: 19.32 kg
baggage is on conveyor belt-------
---------baggage detected by sensor------------- 
Baggage weighs: 18.15 kg
baggage is on conveyor belt-------
---------baggage detected by sensor------------- 
Baggage weighs: 18.98 kg
baggage is on conveyor belt-------
---------baggage detected by sensor------------- 
Baggage weighs: 21.84 kg
baggage is on conveyor belt-------
---------baggage detected by sensor------------- 
Baggage weighs: 20.53 kg
baggage is on conveyor belt-------
---------baggage detected by sensor------------- 
Baggage weighs: 20.62 kg
baggage is on conveyor belt-------
---------baggage detected by sensor------------- 
Baggage weighs: 20.7 kg
baggage is on conveyor belt-------
---------baggage detected by sensor------------- 
Baggage weighs: 19.64 kg
baggage is on conveyor belt-------
---------baggage detected by sensor------------- 
Baggage weighs: 16.11 kg
baggage is on conveyor belt-------
---------baggage detected by sensor------------- 
Baggage weighs: 22.24 kg
baggage is on conveyor belt-------
---------baggage detected by sensor------------- 
Baggage weighs: 21.47 kg
baggage is on conveyor belt-------
---------baggage detected by sensor------------- 
Baggage weighs: 20.73 kg
baggage is on conveyor belt-------
---------baggage detected by sensor------------- 
Baggage weighs: 19.51 kg
baggage is on conveyor belt-------
---------baggage detected by sensor------------- 
Baggage weighs: 20.11 kg
baggage is on conveyor belt-------
---------baggage detected by sensor------------- 
Baggage weighs: 20.36 kg
baggage is on conveyor belt-------
---------baggage detected by sensor------------- 
Baggage weighs: 18.84 kg
baggage is on conveyor belt-------
---------baggage detected by sensor------------- 
Baggage weighs: 22.61 kg
baggage is on conveyor belt-------
---------baggage detected by sensor------------- 
Baggage weighs: 20.07 kg
baggage is on conveyor belt-------
---------baggage detected by sensor------------- 
Baggage weighs: 20.28 kg
baggage is on conveyor belt-------
---------baggage detected by sensor------------- 
Baggage weighs: 17.9 kg
baggage is on conveyor belt-------
---------baggage detected by sensor------------- 
Baggage weighs: 18.13 kg
baggage is on conveyor belt-------
---------baggage detected by sensor------------- 
Baggage weighs: 18.32 kg
baggage is on conveyor belt-------
---------baggage detected by sensor------------- 
Baggage weighs: 19.3 kg
baggage is on conveyor belt-------
---------baggage detected by sensor------------- 
Baggage weighs: 21.34 kg
baggage is on conveyor belt-------
---------baggage detected by sensor------------- 
Baggage weighs: 19.74 kg
baggage is on conveyor belt-------
---------baggage detected by sensor------------- 
Baggage weighs: 18.46 kg
baggage is on conveyor belt-------
---------baggage detected by sensor------------- 
Baggage weighs: 19.49 kg
baggage is on conveyor belt-------
---------baggage detected by sensor------------- 
Baggage weighs: 17.97 kg
baggage is on conveyor belt-------
---------baggage detected by sensor------------- 
Baggage weighs: 21.32 kg
baggage is on conveyor belt-------
---------baggage detected by sensor------------- 
Baggage weighs: 16.41 kg
baggage is on conveyor belt-------
---------baggage detected by sensor------------- 
Baggage weighs: 16.36 kg
baggage is on conveyor belt-------
---------baggage detected by sensor------------- 
Baggage weighs: 16.24 kg
baggage is on conveyor belt-------
---------baggage detected by sensor------------- 
Baggage weighs: 16.65 kg
baggage is on conveyor belt-------
---------baggage detected by sensor------------- 
Baggage weighs: 20.17 kg
baggage is on conveyor belt-------
---------baggage detected by sensor------------- 
Baggage weighs: 21.08 kg
baggage is on conveyor belt-------
---------baggage detected by sensor------------- 
Baggage weighs: 18.0 kg
baggage is on conveyor belt-------
---------baggage detected by sensor------------- 
Baggage weighs: 17.49 kg
baggage is on conveyor belt-------
---------baggage detected by sensor------------- 
Baggage weighs: 19.3 kg
baggage is on conveyor belt-------
---------baggage detected by sensor------------- 
Baggage weighs: 18.34 kg
baggage is on conveyor belt-------
---------baggage detected by sensor------------- 
Baggage weighs: 19.57 kg
baggage is on conveyor belt-------
---------baggage detected by sensor------------- 
Baggage weighs: 18.99 kg
baggage is on conveyor belt-------
---------baggage detected by sensor------------- 
Baggage weighs: 20.13 kg
baggage is on conveyor belt-------
---------baggage detected by sensor------------- 
Baggage weighs: 21.59 kg
baggage is on conveyor belt-------
---------baggage detected by sensor------------- 
Baggage weighs: 17.75 kg
baggage is on conveyor belt-------
---------baggage detected by sensor------------- 
Baggage weighs: 18.88 kg
baggage is on conveyor belt-------
---------baggage detected by sensor------------- 
Baggage weighs: 17.64 kg
baggage is on conveyor belt-------
---------baggage detected by sensor------------- 
Baggage weighs: 17.28 kg
baggage is on conveyor belt-------
---------baggage detected by sensor------------- 
Baggage weighs: 19.89 kg
baggage is on conveyor belt-------
---------baggage detected by sensor------------- 
Baggage weighs: 16.14 kg
baggage is on conveyor belt-------
---------baggage detected by sensor------------- 
Baggage weighs: 19.6 kg
baggage is on conveyor belt-------
---------baggage detected by sensor------------- 
Baggage weighs: 19.1 kg
baggage is on conveyor belt-------
---------baggage detected by sensor------------- 
Baggage weighs: 16.76 kg
baggage is on conveyor belt-------
---------baggage detected by sensor------------- 
Baggage weighs: 22.78 kg
baggage is on conveyor belt-------
---------baggage detected by sensor------------- 
Baggage weighs: 16.41 kg
baggage is on conveyor belt-------
---------baggage detected by sensor------------- 
Baggage weighs: 19.48 kg
baggage is on conveyor belt-------
---------baggage detected by sensor------------- 
Baggage weighs: 19.0 kg
baggage is on conveyor belt-------
---------baggage detected by sensor------------- 
Baggage weighs: 21.58 kg
baggage is on conveyor belt-------
---------baggage detected by sensor------------- 
Baggage weighs: 21.07 kg
baggage is on conveyor belt-------
---------baggage detected by sensor------------- 
Baggage weighs: 16.28 kg
baggage is on conveyor belt-------
---------baggage detected by sensor------------- 
Baggage weighs: 20.22 kg
baggage is on conveyor belt-------
---------baggage detected by sensor------------- 
Baggage weighs: 17.58 kg
baggage is on conveyor belt-------
---------baggage detected by sensor------------- 
Baggage weighs: 17.69 kg
baggage is on conveyor belt-------
---------baggage detected by sensor------------- 
Baggage weighs: 19.1 kg
baggage is on conveyor belt-------
---------baggage detected by sensor------------- 
Baggage weighs: 18.5 kg
baggage is on conveyor belt-------
---------baggage detected by sensor------------- 
Baggage weighs: 19.06 kg
baggage is on conveyor belt-------
---------baggage detected by sensor------------- 
Baggage weighs: 21.45 kg
baggage is on conveyor belt-------
---------baggage detected by sensor------------- 
Baggage weighs: 19.0 kg
baggage is on conveyor belt-------
---------baggage detected by sensor------------- 
Baggage weighs: 20.87 kg
baggage is on conveyor belt-------
---------baggage detected by sensor------------- 
Baggage weighs: 22.55 kg
baggage is on conveyor belt-------
---------baggage detected by sensor------------- 
Baggage weighs: 21.43 kg
baggage is on conveyor belt-------
---------baggage detected by sensor------------- 
Baggage weighs: 16.99 kg
baggage is on conveyor belt-------
---------baggage detected by sensor------------- 
Baggage weighs: 16.52 kg
baggage is on conveyor belt-------
---------baggage detected by sensor------------- 
Baggage weighs: 20.55 kg
baggage is on conveyor belt-------
---------baggage detected by sensor------------- 
Baggage weighs: 21.64 kg
baggage is on conveyor belt-------
---------baggage detected by sensor------------- 
Baggage weighs: 18.94 kg
baggage is on conveyor belt-------
---------baggage detected by sensor------------- 
Baggage weighs: 20.28 kg
baggage is on conveyor belt-------
---------baggage detected by sensor------------- 
Baggage weighs: 18.3 kg
baggage is on conveyor belt-------
---------baggage detected by sensor------------- 
Baggage weighs: 20.49 kg
baggage is on conveyor belt-------
---------baggage detected by sensor------------- 
Baggage weighs: 17.77 kg
baggage is on conveyor belt-------
---------baggage detected by sensor------------- 
Baggage weighs: 21.55 kg
Seat with ID: 40G has been reserved for you!

BOARDING PASS FOR NATHANIEL REEVES
-----------------------------------------------------------------------------
LUFTHANSA                      86nlb4mvx09neiy /  Nathaniel Reeves
Nathaniel Reeves                                     /  86nlb4mvx09neiy
FRA   LH2121   E  30.Oct                       /  FRA
HKG                                            /  HKG
SEAT ID: 40G                                   /  LH2121 E 30.Oct
SEQ: 230                                      / GATE: A05   22:00
MAX 1  HANDLUGGAGE/ LUGGAGE
-----------------------------------------------------------------------------
sorry Nathaniel Reeves we have no voucher for you! Have a nice day!

---------------------------------------------------------------------------------------------------------------
scanning passport with passport id: 14O0JWN65
searching for ticket in fast bag drop database..............
Ticket found for Clyde Barrow and Flight LH2121
----searching flight seat for Clyde Barrow---------
Found a seat with ID 40H
Below details were found in database
------------------------------------------
Name: Clyde Barrow
Flight ID: LH2121
Source: FRA
Destination: HKG
Gate No: A05
Boarding time: 22:00
Ticket ID: 89cb6uebuccwdqg
Booking Class: E
------------------------------------------

Proceed with check-in for flight LH2121 ?
Type YES to CHECK-IN or NO to cancel CHECK-IN
Clyde Barrow is deciding whether to check-in or to go back home and sleep............
YES CHECK-IN
Checking you in...............
baggage is on conveyor belt-------
---------baggage detected by sensor------------- 
Baggage weighs: 21.58 kg
baggage is on conveyor belt-------
---------baggage detected by sensor------------- 
Baggage weighs: 20.43 kg
baggage is on conveyor belt-------
---------baggage detected by sensor------------- 
Baggage weighs: 18.47 kg
baggage is on conveyor belt-------
---------baggage detected by sensor------------- 
Baggage weighs: 17.86 kg
baggage is on conveyor belt-------
---------baggage detected by sensor------------- 
Baggage weighs: 18.65 kg
baggage is on conveyor belt-------
---------baggage detected by sensor------------- 
Baggage weighs: 19.27 kg
baggage is on conveyor belt-------
---------baggage detected by sensor------------- 
Baggage weighs: 17.42 kg
baggage is on conveyor belt-------
---------baggage detected by sensor------------- 
Baggage weighs: 19.16 kg
baggage is on conveyor belt-------
---------baggage detected by sensor------------- 
Baggage weighs: 19.52 kg
baggage is on conveyor belt-------
---------baggage detected by sensor------------- 
Baggage weighs: 17.51 kg
baggage is on conveyor belt-------
---------baggage detected by sensor------------- 
Baggage weighs: 17.38 kg
baggage is on conveyor belt-------
---------baggage detected by sensor------------- 
Baggage weighs: 18.67 kg
baggage is on conveyor belt-------
---------baggage detected by sensor------------- 
Baggage weighs: 16.98 kg
baggage is on conveyor belt-------
---------baggage detected by sensor------------- 
Baggage weighs: 21.26 kg
baggage is on conveyor belt-------
---------baggage detected by sensor------------- 
Baggage weighs: 18.3 kg
baggage is on conveyor belt-------
---------baggage detected by sensor------------- 
Baggage weighs: 16.81 kg
baggage is on conveyor belt-------
---------baggage detected by sensor------------- 
Baggage weighs: 20.91 kg
baggage is on conveyor belt-------
---------baggage detected by sensor------------- 
Baggage weighs: 21.21 kg
baggage is on conveyor belt-------
---------baggage detected by sensor------------- 
Baggage weighs: 19.69 kg
baggage is on conveyor belt-------
---------baggage detected by sensor------------- 
Baggage weighs: 18.67 kg
baggage is on conveyor belt-------
---------baggage detected by sensor------------- 
Baggage weighs: 19.12 kg
baggage is on conveyor belt-------
---------baggage detected by sensor------------- 
Baggage weighs: 16.42 kg
baggage is on conveyor belt-------
---------baggage detected by sensor------------- 
Baggage weighs: 19.17 kg
baggage is on conveyor belt-------
---------baggage detected by sensor------------- 
Baggage weighs: 19.0 kg
baggage is on conveyor belt-------
---------baggage detected by sensor------------- 
Baggage weighs: 18.78 kg
baggage is on conveyor belt-------
---------baggage detected by sensor------------- 
Baggage weighs: 20.31 kg
baggage is on conveyor belt-------
---------baggage detected by sensor------------- 
Baggage weighs: 21.25 kg
baggage is on conveyor belt-------
---------baggage detected by sensor------------- 
Baggage weighs: 18.87 kg
baggage is on conveyor belt-------
---------baggage detected by sensor------------- 
Baggage weighs: 16.25 kg
baggage is on conveyor belt-------
---------baggage detected by sensor------------- 
Baggage weighs: 19.94 kg
baggage is on conveyor belt-------
---------baggage detected by sensor------------- 
Baggage weighs: 16.88 kg
baggage is on conveyor belt-------
---------baggage detected by sensor------------- 
Baggage weighs: 18.24 kg
baggage is on conveyor belt-------
---------baggage detected by sensor------------- 
Baggage weighs: 17.16 kg
baggage is on conveyor belt-------
---------baggage detected by sensor------------- 
Baggage weighs: 19.34 kg
baggage is on conveyor belt-------
---------baggage detected by sensor------------- 
Baggage weighs: 22.41 kg
baggage is on conveyor belt-------
---------baggage detected by sensor------------- 
Baggage weighs: 20.47 kg
baggage is on conveyor belt-------
---------baggage detected by sensor------------- 
Baggage weighs: 18.81 kg
baggage is on conveyor belt-------
---------baggage detected by sensor------------- 
Baggage weighs: 18.56 kg
baggage is on conveyor belt-------
---------baggage detected by sensor------------- 
Baggage weighs: 17.77 kg
baggage is on conveyor belt-------
---------baggage detected by sensor------------- 
Baggage weighs: 19.32 kg
baggage is on conveyor belt-------
---------baggage detected by sensor------------- 
Baggage weighs: 19.21 kg
baggage is on conveyor belt-------
---------baggage detected by sensor------------- 
Baggage weighs: 19.13 kg
baggage is on conveyor belt-------
---------baggage detected by sensor------------- 
Baggage weighs: 20.39 kg
baggage is on conveyor belt-------
---------baggage detected by sensor------------- 
Baggage weighs: 21.03 kg
baggage is on conveyor belt-------
---------baggage detected by sensor------------- 
Baggage weighs: 20.05 kg
baggage is on conveyor belt-------
---------baggage detected by sensor------------- 
Baggage weighs: 21.92 kg
baggage is on conveyor belt-------
---------baggage detected by sensor------------- 
Baggage weighs: 19.37 kg
baggage is on conveyor belt-------
---------baggage detected by sensor------------- 
Baggage weighs: 20.35 kg
baggage is on conveyor belt-------
---------baggage detected by sensor------------- 
Baggage weighs: 18.73 kg
baggage is on conveyor belt-------
---------baggage detected by sensor------------- 
Baggage weighs: 20.33 kg
baggage is on conveyor belt-------
---------baggage detected by sensor------------- 
Baggage weighs: 22.01 kg
baggage is on conveyor belt-------
---------baggage detected by sensor------------- 
Baggage weighs: 19.27 kg
baggage is on conveyor belt-------
---------baggage detected by sensor------------- 
Baggage weighs: 21.18 kg
baggage is on conveyor belt-------
---------baggage detected by sensor------------- 
Baggage weighs: 17.16 kg
baggage is on conveyor belt-------
---------baggage detected by sensor------------- 
Baggage weighs: 20.04 kg
baggage is on conveyor belt-------
---------baggage detected by sensor------------- 
Baggage weighs: 20.91 kg
baggage is on conveyor belt-------
---------baggage detected by sensor------------- 
Baggage weighs: 20.3 kg
baggage is on conveyor belt-------
---------baggage detected by sensor------------- 
Baggage weighs: 20.38 kg
baggage is on conveyor belt-------
---------baggage detected by sensor------------- 
Baggage weighs: 16.54 kg
baggage is on conveyor belt-------
---------baggage detected by sensor------------- 
Baggage weighs: 18.87 kg
baggage is on conveyor belt-------
---------baggage detected by sensor------------- 
Baggage weighs: 20.22 kg
baggage is on conveyor belt-------
---------baggage detected by sensor------------- 
Baggage weighs: 20.75 kg
baggage is on conveyor belt-------
---------baggage detected by sensor------------- 
Baggage weighs: 17.4 kg
baggage is on conveyor belt-------
---------baggage detected by sensor------------- 
Baggage weighs: 20.27 kg
baggage is on conveyor belt-------
---------baggage detected by sensor------------- 
Baggage weighs: 17.04 kg
baggage is on conveyor belt-------
---------baggage detected by sensor------------- 
Baggage weighs: 19.84 kg
baggage is on conveyor belt-------
---------baggage detected by sensor------------- 
Baggage weighs: 17.34 kg
baggage is on conveyor belt-------
---------baggage detected by sensor------------- 
Baggage weighs: 18.75 kg
baggage is on conveyor belt-------
---------baggage detected by sensor------------- 
Baggage weighs: 19.12 kg
baggage is on conveyor belt-------
---------baggage detected by sensor------------- 
Baggage weighs: 18.29 kg
baggage is on conveyor belt-------
---------baggage detected by sensor------------- 
Baggage weighs: 17.94 kg
baggage is on conveyor belt-------
---------baggage detected by sensor------------- 
Baggage weighs: 19.09 kg
baggage is on conveyor belt-------
---------baggage detected by sensor------------- 
Baggage weighs: 22.39 kg
baggage is on conveyor belt-------
---------baggage detected by sensor------------- 
Baggage weighs: 21.23 kg
baggage is on conveyor belt-------
---------baggage detected by sensor------------- 
Baggage weighs: 17.56 kg
baggage is on conveyor belt-------
---------baggage detected by sensor------------- 
Baggage weighs: 18.37 kg
baggage is on conveyor belt-------
---------baggage detected by sensor------------- 
Baggage weighs: 21.4 kg
baggage is on conveyor belt-------
---------baggage detected by sensor------------- 
Baggage weighs: 20.25 kg
baggage is on conveyor belt-------
---------baggage detected by sensor------------- 
Baggage weighs: 23.0 kg
baggage is on conveyor belt-------
---------baggage detected by sensor------------- 
Baggage weighs: 17.01 kg
baggage is on conveyor belt-------
---------baggage detected by sensor------------- 
Baggage weighs: 17.39 kg
baggage is on conveyor belt-------
---------baggage detected by sensor------------- 
Baggage weighs: 16.7 kg
baggage is on conveyor belt-------
---------baggage detected by sensor------------- 
Baggage weighs: 16.23 kg
baggage is on conveyor belt-------
---------baggage detected by sensor------------- 
Baggage weighs: 19.13 kg
baggage is on conveyor belt-------
---------baggage detected by sensor------------- 
Baggage weighs: 21.07 kg
baggage is on conveyor belt-------
---------baggage detected by sensor------------- 
Baggage weighs: 17.87 kg
baggage is on conveyor belt-------
---------baggage detected by sensor------------- 
Baggage weighs: 19.92 kg
baggage is on conveyor belt-------
---------baggage detected by sensor------------- 
Baggage weighs: 19.22 kg
baggage is on conveyor belt-------
---------baggage detected by sensor------------- 
Baggage weighs: 21.53 kg
baggage is on conveyor belt-------
---------baggage detected by sensor------------- 
Baggage weighs: 20.29 kg
baggage is on conveyor belt-------
---------baggage detected by sensor------------- 
Baggage weighs: 19.32 kg
baggage is on conveyor belt-------
---------baggage detected by sensor------------- 
Baggage weighs: 17.25 kg
baggage is on conveyor belt-------
---------baggage detected by sensor------------- 
Baggage weighs: 21.3 kg
baggage is on conveyor belt-------
---------baggage detected by sensor------------- 
Baggage weighs: 16.79 kg
baggage is on conveyor belt-------
---------baggage detected by sensor------------- 
Baggage weighs: 19.55 kg
baggage is on conveyor belt-------
---------baggage detected by sensor------------- 
Baggage weighs: 18.88 kg
baggage is on conveyor belt-------
---------baggage detected by sensor------------- 
Baggage weighs: 22.33 kg
baggage is on conveyor belt-------
---------baggage detected by sensor------------- 
Baggage weighs: 20.62 kg
baggage is on conveyor belt-------
---------baggage detected by sensor------------- 
Baggage weighs: 19.42 kg
baggage is on conveyor belt-------
---------baggage detected by sensor------------- 
Baggage weighs: 17.54 kg
baggage is on conveyor belt-------
---------baggage detected by sensor------------- 
Baggage weighs: 21.51 kg
baggage is on conveyor belt-------
---------baggage detected by sensor------------- 
Baggage weighs: 19.46 kg
baggage is on conveyor belt-------
---------baggage detected by sensor------------- 
Baggage weighs: 17.83 kg
baggage is on conveyor belt-------
---------baggage detected by sensor------------- 
Baggage weighs: 17.75 kg
baggage is on conveyor belt-------
---------baggage detected by sensor------------- 
Baggage weighs: 17.44 kg
baggage is on conveyor belt-------
---------baggage detected by sensor------------- 
Baggage weighs: 19.53 kg
baggage is on conveyor belt-------
---------baggage detected by sensor------------- 
Baggage weighs: 17.51 kg
baggage is on conveyor belt-------
---------baggage detected by sensor------------- 
Baggage weighs: 18.2 kg
baggage is on conveyor belt-------
---------baggage detected by sensor------------- 
Baggage weighs: 21.55 kg
baggage is on conveyor belt-------
---------baggage detected by sensor------------- 
Baggage weighs: 19.67 kg
baggage is on conveyor belt-------
---------baggage detected by sensor------------- 
Baggage weighs: 19.52 kg
baggage is on conveyor belt-------
---------baggage detected by sensor------------- 
Baggage weighs: 21.06 kg
baggage is on conveyor belt-------
---------baggage detected by sensor------------- 
Baggage weighs: 17.44 kg
baggage is on conveyor belt-------
---------baggage detected by sensor------------- 
Baggage weighs: 19.21 kg
baggage is on conveyor belt-------
---------baggage detected by sensor------------- 
Baggage weighs: 21.65 kg
baggage is on conveyor belt-------
---------baggage detected by sensor------------- 
Baggage weighs: 19.64 kg
baggage is on conveyor belt-------
---------baggage detected by sensor------------- 
Baggage weighs: 21.03 kg
baggage is on conveyor belt-------
---------baggage detected by sensor------------- 
Baggage weighs: 19.76 kg
baggage is on conveyor belt-------
---------baggage detected by sensor------------- 
Baggage weighs: 21.01 kg
baggage is on conveyor belt-------
---------baggage detected by sensor------------- 
Baggage weighs: 19.11 kg
baggage is on conveyor belt-------
---------baggage detected by sensor------------- 
Baggage weighs: 18.54 kg
baggage is on conveyor belt-------
---------baggage detected by sensor------------- 
Baggage weighs: 16.86 kg
baggage is on conveyor belt-------
---------baggage detected by sensor------------- 
Baggage weighs: 16.59 kg
baggage is on conveyor belt-------
---------baggage detected by sensor------------- 
Baggage weighs: 19.26 kg
baggage is on conveyor belt-------
---------baggage detected by sensor------------- 
Baggage weighs: 18.34 kg
baggage is on conveyor belt-------
---------baggage detected by sensor------------- 
Baggage weighs: 19.09 kg
baggage is on conveyor belt-------
---------baggage detected by sensor------------- 
Baggage weighs: 22.38 kg
baggage is on conveyor belt-------
---------baggage detected by sensor------------- 
Baggage weighs: 22.12 kg
baggage is on conveyor belt-------
---------baggage detected by sensor------------- 
Baggage weighs: 16.75 kg
baggage is on conveyor belt-------
---------baggage detected by sensor------------- 
Baggage weighs: 20.36 kg
baggage is on conveyor belt-------
---------baggage detected by sensor------------- 
Baggage weighs: 20.94 kg
baggage is on conveyor belt-------
---------baggage detected by sensor------------- 
Baggage weighs: 19.8 kg
baggage is on conveyor belt-------
---------baggage detected by sensor------------- 
Baggage weighs: 19.12 kg
baggage is on conveyor belt-------
---------baggage detected by sensor------------- 
Baggage weighs: 16.93 kg
baggage is on conveyor belt-------
---------baggage detected by sensor------------- 
Baggage weighs: 20.48 kg
baggage is on conveyor belt-------
---------baggage detected by sensor------------- 
Baggage weighs: 17.63 kg
baggage is on conveyor belt-------
---------baggage detected by sensor------------- 
Baggage weighs: 19.86 kg
baggage is on conveyor belt-------
---------baggage detected by sensor------------- 
Baggage weighs: 19.4 kg
baggage is on conveyor belt-------
---------baggage detected by sensor------------- 
Baggage weighs: 19.0 kg
baggage is on conveyor belt-------
---------baggage detected by sensor------------- 
Baggage weighs: 20.5 kg
baggage is on conveyor belt-------
---------baggage detected by sensor------------- 
Baggage weighs: 21.9 kg
baggage is on conveyor belt-------
---------baggage detected by sensor------------- 
Baggage weighs: 19.82 kg
baggage is on conveyor belt-------
---------baggage detected by sensor------------- 
Baggage weighs: 18.98 kg
baggage is on conveyor belt-------
---------baggage detected by sensor------------- 
Baggage weighs: 19.28 kg
baggage is on conveyor belt-------
---------baggage detected by sensor------------- 
Baggage weighs: 18.06 kg
baggage is on conveyor belt-------
---------baggage detected by sensor------------- 
Baggage weighs: 20.2 kg
baggage is on conveyor belt-------
---------baggage detected by sensor------------- 
Baggage weighs: 19.74 kg
baggage is on conveyor belt-------
---------baggage detected by sensor------------- 
Baggage weighs: 17.44 kg
baggage is on conveyor belt-------
---------baggage detected by sensor------------- 
Baggage weighs: 19.36 kg
baggage is on conveyor belt-------
---------baggage detected by sensor------------- 
Baggage weighs: 20.4 kg
baggage is on conveyor belt-------
---------baggage detected by sensor------------- 
Baggage weighs: 18.92 kg
baggage is on conveyor belt-------
---------baggage detected by sensor------------- 
Baggage weighs: 18.48 kg
baggage is on conveyor belt-------
---------baggage detected by sensor------------- 
Baggage weighs: 17.34 kg
baggage is on conveyor belt-------
---------baggage detected by sensor------------- 
Baggage weighs: 20.57 kg
baggage is on conveyor belt-------
---------baggage detected by sensor------------- 
Baggage weighs: 17.19 kg
baggage is on conveyor belt-------
---------baggage detected by sensor------------- 
Baggage weighs: 18.25 kg
baggage is on conveyor belt-------
---------baggage detected by sensor------------- 
Baggage weighs: 19.29 kg
baggage is on conveyor belt-------
---------baggage detected by sensor------------- 
Baggage weighs: 16.86 kg
baggage is on conveyor belt-------
---------baggage detected by sensor------------- 
Baggage weighs: 19.34 kg
baggage is on conveyor belt-------
---------baggage detected by sensor------------- 
Baggage weighs: 19.32 kg
baggage is on conveyor belt-------
---------baggage detected by sensor------------- 
Baggage weighs: 18.15 kg
baggage is on conveyor belt-------
---------baggage detected by sensor------------- 
Baggage weighs: 18.98 kg
baggage is on conveyor belt-------
---------baggage detected by sensor------------- 
Baggage weighs: 21.84 kg
baggage is on conveyor belt-------
---------baggage detected by sensor------------- 
Baggage weighs: 20.53 kg
baggage is on conveyor belt-------
---------baggage detected by sensor------------- 
Baggage weighs: 20.62 kg
baggage is on conveyor belt-------
---------baggage detected by sensor------------- 
Baggage weighs: 20.7 kg
baggage is on conveyor belt-------
---------baggage detected by sensor------------- 
Baggage weighs: 19.64 kg
baggage is on conveyor belt-------
---------baggage detected by sensor------------- 
Baggage weighs: 16.11 kg
baggage is on conveyor belt-------
---------baggage detected by sensor------------- 
Baggage weighs: 22.24 kg
baggage is on conveyor belt-------
---------baggage detected by sensor------------- 
Baggage weighs: 21.47 kg
baggage is on conveyor belt-------
---------baggage detected by sensor------------- 
Baggage weighs: 20.73 kg
baggage is on conveyor belt-------
---------baggage detected by sensor------------- 
Baggage weighs: 19.51 kg
baggage is on conveyor belt-------
---------baggage detected by sensor------------- 
Baggage weighs: 20.11 kg
baggage is on conveyor belt-------
---------baggage detected by sensor------------- 
Baggage weighs: 20.36 kg
baggage is on conveyor belt-------
---------baggage detected by sensor------------- 
Baggage weighs: 18.84 kg
baggage is on conveyor belt-------
---------baggage detected by sensor------------- 
Baggage weighs: 22.61 kg
baggage is on conveyor belt-------
---------baggage detected by sensor------------- 
Baggage weighs: 20.07 kg
baggage is on conveyor belt-------
---------baggage detected by sensor------------- 
Baggage weighs: 20.28 kg
baggage is on conveyor belt-------
---------baggage detected by sensor------------- 
Baggage weighs: 17.9 kg
baggage is on conveyor belt-------
---------baggage detected by sensor------------- 
Baggage weighs: 18.13 kg
baggage is on conveyor belt-------
---------baggage detected by sensor------------- 
Baggage weighs: 18.32 kg
baggage is on conveyor belt-------
---------baggage detected by sensor------------- 
Baggage weighs: 19.3 kg
baggage is on conveyor belt-------
---------baggage detected by sensor------------- 
Baggage weighs: 21.34 kg
baggage is on conveyor belt-------
---------baggage detected by sensor------------- 
Baggage weighs: 19.74 kg
baggage is on conveyor belt-------
---------baggage detected by sensor------------- 
Baggage weighs: 18.46 kg
baggage is on conveyor belt-------
---------baggage detected by sensor------------- 
Baggage weighs: 19.49 kg
baggage is on conveyor belt-------
---------baggage detected by sensor------------- 
Baggage weighs: 17.97 kg
baggage is on conveyor belt-------
---------baggage detected by sensor------------- 
Baggage weighs: 21.32 kg
baggage is on conveyor belt-------
---------baggage detected by sensor------------- 
Baggage weighs: 16.41 kg
baggage is on conveyor belt-------
---------baggage detected by sensor------------- 
Baggage weighs: 16.36 kg
baggage is on conveyor belt-------
---------baggage detected by sensor------------- 
Baggage weighs: 16.24 kg
baggage is on conveyor belt-------
---------baggage detected by sensor------------- 
Baggage weighs: 16.65 kg
baggage is on conveyor belt-------
---------baggage detected by sensor------------- 
Baggage weighs: 20.17 kg
baggage is on conveyor belt-------
---------baggage detected by sensor------------- 
Baggage weighs: 21.08 kg
baggage is on conveyor belt-------
---------baggage detected by sensor------------- 
Baggage weighs: 18.0 kg
baggage is on conveyor belt-------
---------baggage detected by sensor------------- 
Baggage weighs: 17.49 kg
baggage is on conveyor belt-------
---------baggage detected by sensor------------- 
Baggage weighs: 19.3 kg
baggage is on conveyor belt-------
---------baggage detected by sensor------------- 
Baggage weighs: 18.34 kg
baggage is on conveyor belt-------
---------baggage detected by sensor------------- 
Baggage weighs: 19.57 kg
baggage is on conveyor belt-------
---------baggage detected by sensor------------- 
Baggage weighs: 18.99 kg
baggage is on conveyor belt-------
---------baggage detected by sensor------------- 
Baggage weighs: 20.13 kg
baggage is on conveyor belt-------
---------baggage detected by sensor------------- 
Baggage weighs: 21.59 kg
baggage is on conveyor belt-------
---------baggage detected by sensor------------- 
Baggage weighs: 17.75 kg
baggage is on conveyor belt-------
---------baggage detected by sensor------------- 
Baggage weighs: 18.88 kg
baggage is on conveyor belt-------
---------baggage detected by sensor------------- 
Baggage weighs: 17.64 kg
baggage is on conveyor belt-------
---------baggage detected by sensor------------- 
Baggage weighs: 17.28 kg
baggage is on conveyor belt-------
---------baggage detected by sensor------------- 
Baggage weighs: 19.89 kg
baggage is on conveyor belt-------
---------baggage detected by sensor------------- 
Baggage weighs: 16.14 kg
baggage is on conveyor belt-------
---------baggage detected by sensor------------- 
Baggage weighs: 19.6 kg
baggage is on conveyor belt-------
---------baggage detected by sensor------------- 
Baggage weighs: 19.1 kg
baggage is on conveyor belt-------
---------baggage detected by sensor------------- 
Baggage weighs: 16.76 kg
baggage is on conveyor belt-------
---------baggage detected by sensor------------- 
Baggage weighs: 22.78 kg
baggage is on conveyor belt-------
---------baggage detected by sensor------------- 
Baggage weighs: 16.41 kg
baggage is on conveyor belt-------
---------baggage detected by sensor------------- 
Baggage weighs: 19.48 kg
baggage is on conveyor belt-------
---------baggage detected by sensor------------- 
Baggage weighs: 19.0 kg
baggage is on conveyor belt-------
---------baggage detected by sensor------------- 
Baggage weighs: 21.58 kg
baggage is on conveyor belt-------
---------baggage detected by sensor------------- 
Baggage weighs: 21.07 kg
baggage is on conveyor belt-------
---------baggage detected by sensor------------- 
Baggage weighs: 16.28 kg
baggage is on conveyor belt-------
---------baggage detected by sensor------------- 
Baggage weighs: 20.22 kg
baggage is on conveyor belt-------
---------baggage detected by sensor------------- 
Baggage weighs: 17.58 kg
baggage is on conveyor belt-------
---------baggage detected by sensor------------- 
Baggage weighs: 17.69 kg
baggage is on conveyor belt-------
---------baggage detected by sensor------------- 
Baggage weighs: 19.1 kg
baggage is on conveyor belt-------
---------baggage detected by sensor------------- 
Baggage weighs: 18.5 kg
baggage is on conveyor belt-------
---------baggage detected by sensor------------- 
Baggage weighs: 19.06 kg
baggage is on conveyor belt-------
---------baggage detected by sensor------------- 
Baggage weighs: 21.45 kg
baggage is on conveyor belt-------
---------baggage detected by sensor------------- 
Baggage weighs: 19.0 kg
baggage is on conveyor belt-------
---------baggage detected by sensor------------- 
Baggage weighs: 20.87 kg
baggage is on conveyor belt-------
---------baggage detected by sensor------------- 
Baggage weighs: 22.55 kg
baggage is on conveyor belt-------
---------baggage detected by sensor------------- 
Baggage weighs: 21.43 kg
baggage is on conveyor belt-------
---------baggage detected by sensor------------- 
Baggage weighs: 16.99 kg
baggage is on conveyor belt-------
---------baggage detected by sensor------------- 
Baggage weighs: 16.52 kg
baggage is on conveyor belt-------
---------baggage detected by sensor------------- 
Baggage weighs: 20.55 kg
baggage is on conveyor belt-------
---------baggage detected by sensor------------- 
Baggage weighs: 21.64 kg
baggage is on conveyor belt-------
---------baggage detected by sensor------------- 
Baggage weighs: 18.94 kg
baggage is on conveyor belt-------
---------baggage detected by sensor------------- 
Baggage weighs: 20.28 kg
baggage is on conveyor belt-------
---------baggage detected by sensor------------- 
Baggage weighs: 18.3 kg
baggage is on conveyor belt-------
---------baggage detected by sensor------------- 
Baggage weighs: 20.49 kg
baggage is on conveyor belt-------
---------baggage detected by sensor------------- 
Baggage weighs: 17.77 kg
baggage is on conveyor belt-------
---------baggage detected by sensor------------- 
Baggage weighs: 21.55 kg
baggage is on conveyor belt-------
---------baggage detected by sensor------------- 
Baggage weighs: 19.94 kg
Seat with ID: 40H has been reserved for you!

BOARDING PASS FOR CLYDE BARROW
-----------------------------------------------------------------------------
LUFTHANSA                      89cb6uebuccwdqg /  Clyde Barrow
Clyde Barrow                                     /  89cb6uebuccwdqg
FRA   LH2121   E  30.Oct                       /  FRA
HKG                                            /  HKG
SEAT ID: 40H                                   /  LH2121 E 30.Oct
SEQ: 231                                      / GATE: A05   22:00
MAX 1  HANDLUGGAGE/ LUGGAGE
-----------------------------------------------------------------------------
sorry Clyde Barrow we have no voucher for you! Have a nice day!

---------------------------------------------------------------------------------------------------------------
scanning passport with passport id: Z98EUUIHP
searching for ticket in fast bag drop database..............
Ticket found for Ada Cooke and Flight LH2121
----searching flight seat for Ada Cooke---------
Found a seat with ID 40J
Below details were found in database
------------------------------------------
Name: Ada Cooke
Flight ID: LH2121
Source: FRA
Destination: HKG
Gate No: A05
Boarding time: 22:00
Ticket ID: jenhsswd6qydt5l
Booking Class: E
------------------------------------------

Proceed with check-in for flight LH2121 ?
Type YES to CHECK-IN or NO to cancel CHECK-IN
Ada Cooke is deciding whether to check-in or to go back home and sleep............
YES CHECK-IN
Checking you in...............
baggage is on conveyor belt-------
---------baggage detected by sensor------------- 
Baggage weighs: 21.58 kg
baggage is on conveyor belt-------
---------baggage detected by sensor------------- 
Baggage weighs: 20.43 kg
baggage is on conveyor belt-------
---------baggage detected by sensor------------- 
Baggage weighs: 18.47 kg
baggage is on conveyor belt-------
---------baggage detected by sensor------------- 
Baggage weighs: 17.86 kg
baggage is on conveyor belt-------
---------baggage detected by sensor------------- 
Baggage weighs: 18.65 kg
baggage is on conveyor belt-------
---------baggage detected by sensor------------- 
Baggage weighs: 19.27 kg
baggage is on conveyor belt-------
---------baggage detected by sensor------------- 
Baggage weighs: 17.42 kg
baggage is on conveyor belt-------
---------baggage detected by sensor------------- 
Baggage weighs: 19.16 kg
baggage is on conveyor belt-------
---------baggage detected by sensor------------- 
Baggage weighs: 19.52 kg
baggage is on conveyor belt-------
---------baggage detected by sensor------------- 
Baggage weighs: 17.51 kg
baggage is on conveyor belt-------
---------baggage detected by sensor------------- 
Baggage weighs: 17.38 kg
baggage is on conveyor belt-------
---------baggage detected by sensor------------- 
Baggage weighs: 18.67 kg
baggage is on conveyor belt-------
---------baggage detected by sensor------------- 
Baggage weighs: 16.98 kg
baggage is on conveyor belt-------
---------baggage detected by sensor------------- 
Baggage weighs: 21.26 kg
baggage is on conveyor belt-------
---------baggage detected by sensor------------- 
Baggage weighs: 18.3 kg
baggage is on conveyor belt-------
---------baggage detected by sensor------------- 
Baggage weighs: 16.81 kg
baggage is on conveyor belt-------
---------baggage detected by sensor------------- 
Baggage weighs: 20.91 kg
baggage is on conveyor belt-------
---------baggage detected by sensor------------- 
Baggage weighs: 21.21 kg
baggage is on conveyor belt-------
---------baggage detected by sensor------------- 
Baggage weighs: 19.69 kg
baggage is on conveyor belt-------
---------baggage detected by sensor------------- 
Baggage weighs: 18.67 kg
baggage is on conveyor belt-------
---------baggage detected by sensor------------- 
Baggage weighs: 19.12 kg
baggage is on conveyor belt-------
---------baggage detected by sensor------------- 
Baggage weighs: 16.42 kg
baggage is on conveyor belt-------
---------baggage detected by sensor------------- 
Baggage weighs: 19.17 kg
baggage is on conveyor belt-------
---------baggage detected by sensor------------- 
Baggage weighs: 19.0 kg
baggage is on conveyor belt-------
---------baggage detected by sensor------------- 
Baggage weighs: 18.78 kg
baggage is on conveyor belt-------
---------baggage detected by sensor------------- 
Baggage weighs: 20.31 kg
baggage is on conveyor belt-------
---------baggage detected by sensor------------- 
Baggage weighs: 21.25 kg
baggage is on conveyor belt-------
---------baggage detected by sensor------------- 
Baggage weighs: 18.87 kg
baggage is on conveyor belt-------
---------baggage detected by sensor------------- 
Baggage weighs: 16.25 kg
baggage is on conveyor belt-------
---------baggage detected by sensor------------- 
Baggage weighs: 19.94 kg
baggage is on conveyor belt-------
---------baggage detected by sensor------------- 
Baggage weighs: 16.88 kg
baggage is on conveyor belt-------
---------baggage detected by sensor------------- 
Baggage weighs: 18.24 kg
baggage is on conveyor belt-------
---------baggage detected by sensor------------- 
Baggage weighs: 17.16 kg
baggage is on conveyor belt-------
---------baggage detected by sensor------------- 
Baggage weighs: 19.34 kg
baggage is on conveyor belt-------
---------baggage detected by sensor------------- 
Baggage weighs: 22.41 kg
baggage is on conveyor belt-------
---------baggage detected by sensor------------- 
Baggage weighs: 20.47 kg
baggage is on conveyor belt-------
---------baggage detected by sensor------------- 
Baggage weighs: 18.81 kg
baggage is on conveyor belt-------
---------baggage detected by sensor------------- 
Baggage weighs: 18.56 kg
baggage is on conveyor belt-------
---------baggage detected by sensor------------- 
Baggage weighs: 17.77 kg
baggage is on conveyor belt-------
---------baggage detected by sensor------------- 
Baggage weighs: 19.32 kg
baggage is on conveyor belt-------
---------baggage detected by sensor------------- 
Baggage weighs: 19.21 kg
baggage is on conveyor belt-------
---------baggage detected by sensor------------- 
Baggage weighs: 19.13 kg
baggage is on conveyor belt-------
---------baggage detected by sensor------------- 
Baggage weighs: 20.39 kg
baggage is on conveyor belt-------
---------baggage detected by sensor------------- 
Baggage weighs: 21.03 kg
baggage is on conveyor belt-------
---------baggage detected by sensor------------- 
Baggage weighs: 20.05 kg
baggage is on conveyor belt-------
---------baggage detected by sensor------------- 
Baggage weighs: 21.92 kg
baggage is on conveyor belt-------
---------baggage detected by sensor------------- 
Baggage weighs: 19.37 kg
baggage is on conveyor belt-------
---------baggage detected by sensor------------- 
Baggage weighs: 20.35 kg
baggage is on conveyor belt-------
---------baggage detected by sensor------------- 
Baggage weighs: 18.73 kg
baggage is on conveyor belt-------
---------baggage detected by sensor------------- 
Baggage weighs: 20.33 kg
baggage is on conveyor belt-------
---------baggage detected by sensor------------- 
Baggage weighs: 22.01 kg
baggage is on conveyor belt-------
---------baggage detected by sensor------------- 
Baggage weighs: 19.27 kg
baggage is on conveyor belt-------
---------baggage detected by sensor------------- 
Baggage weighs: 21.18 kg
baggage is on conveyor belt-------
---------baggage detected by sensor------------- 
Baggage weighs: 17.16 kg
baggage is on conveyor belt-------
---------baggage detected by sensor------------- 
Baggage weighs: 20.04 kg
baggage is on conveyor belt-------
---------baggage detected by sensor------------- 
Baggage weighs: 20.91 kg
baggage is on conveyor belt-------
---------baggage detected by sensor------------- 
Baggage weighs: 20.3 kg
baggage is on conveyor belt-------
---------baggage detected by sensor------------- 
Baggage weighs: 20.38 kg
baggage is on conveyor belt-------
---------baggage detected by sensor------------- 
Baggage weighs: 16.54 kg
baggage is on conveyor belt-------
---------baggage detected by sensor------------- 
Baggage weighs: 18.87 kg
baggage is on conveyor belt-------
---------baggage detected by sensor------------- 
Baggage weighs: 20.22 kg
baggage is on conveyor belt-------
---------baggage detected by sensor------------- 
Baggage weighs: 20.75 kg
baggage is on conveyor belt-------
---------baggage detected by sensor------------- 
Baggage weighs: 17.4 kg
baggage is on conveyor belt-------
---------baggage detected by sensor------------- 
Baggage weighs: 20.27 kg
baggage is on conveyor belt-------
---------baggage detected by sensor------------- 
Baggage weighs: 17.04 kg
baggage is on conveyor belt-------
---------baggage detected by sensor------------- 
Baggage weighs: 19.84 kg
baggage is on conveyor belt-------
---------baggage detected by sensor------------- 
Baggage weighs: 17.34 kg
baggage is on conveyor belt-------
---------baggage detected by sensor------------- 
Baggage weighs: 18.75 kg
baggage is on conveyor belt-------
---------baggage detected by sensor------------- 
Baggage weighs: 19.12 kg
baggage is on conveyor belt-------
---------baggage detected by sensor------------- 
Baggage weighs: 18.29 kg
baggage is on conveyor belt-------
---------baggage detected by sensor------------- 
Baggage weighs: 17.94 kg
baggage is on conveyor belt-------
---------baggage detected by sensor------------- 
Baggage weighs: 19.09 kg
baggage is on conveyor belt-------
---------baggage detected by sensor------------- 
Baggage weighs: 22.39 kg
baggage is on conveyor belt-------
---------baggage detected by sensor------------- 
Baggage weighs: 21.23 kg
baggage is on conveyor belt-------
---------baggage detected by sensor------------- 
Baggage weighs: 17.56 kg
baggage is on conveyor belt-------
---------baggage detected by sensor------------- 
Baggage weighs: 18.37 kg
baggage is on conveyor belt-------
---------baggage detected by sensor------------- 
Baggage weighs: 21.4 kg
baggage is on conveyor belt-------
---------baggage detected by sensor------------- 
Baggage weighs: 20.25 kg
baggage is on conveyor belt-------
---------baggage detected by sensor------------- 
Baggage weighs: 23.0 kg
baggage is on conveyor belt-------
---------baggage detected by sensor------------- 
Baggage weighs: 17.01 kg
baggage is on conveyor belt-------
---------baggage detected by sensor------------- 
Baggage weighs: 17.39 kg
baggage is on conveyor belt-------
---------baggage detected by sensor------------- 
Baggage weighs: 16.7 kg
baggage is on conveyor belt-------
---------baggage detected by sensor------------- 
Baggage weighs: 16.23 kg
baggage is on conveyor belt-------
---------baggage detected by sensor------------- 
Baggage weighs: 19.13 kg
baggage is on conveyor belt-------
---------baggage detected by sensor------------- 
Baggage weighs: 21.07 kg
baggage is on conveyor belt-------
---------baggage detected by sensor------------- 
Baggage weighs: 17.87 kg
baggage is on conveyor belt-------
---------baggage detected by sensor------------- 
Baggage weighs: 19.92 kg
baggage is on conveyor belt-------
---------baggage detected by sensor------------- 
Baggage weighs: 19.22 kg
baggage is on conveyor belt-------
---------baggage detected by sensor------------- 
Baggage weighs: 21.53 kg
baggage is on conveyor belt-------
---------baggage detected by sensor------------- 
Baggage weighs: 20.29 kg
baggage is on conveyor belt-------
---------baggage detected by sensor------------- 
Baggage weighs: 19.32 kg
baggage is on conveyor belt-------
---------baggage detected by sensor------------- 
Baggage weighs: 17.25 kg
baggage is on conveyor belt-------
---------baggage detected by sensor------------- 
Baggage weighs: 21.3 kg
baggage is on conveyor belt-------
---------baggage detected by sensor------------- 
Baggage weighs: 16.79 kg
baggage is on conveyor belt-------
---------baggage detected by sensor------------- 
Baggage weighs: 19.55 kg
baggage is on conveyor belt-------
---------baggage detected by sensor------------- 
Baggage weighs: 18.88 kg
baggage is on conveyor belt-------
---------baggage detected by sensor------------- 
Baggage weighs: 22.33 kg
baggage is on conveyor belt-------
---------baggage detected by sensor------------- 
Baggage weighs: 20.62 kg
baggage is on conveyor belt-------
---------baggage detected by sensor------------- 
Baggage weighs: 19.42 kg
baggage is on conveyor belt-------
---------baggage detected by sensor------------- 
Baggage weighs: 17.54 kg
baggage is on conveyor belt-------
---------baggage detected by sensor------------- 
Baggage weighs: 21.51 kg
baggage is on conveyor belt-------
---------baggage detected by sensor------------- 
Baggage weighs: 19.46 kg
baggage is on conveyor belt-------
---------baggage detected by sensor------------- 
Baggage weighs: 17.83 kg
baggage is on conveyor belt-------
---------baggage detected by sensor------------- 
Baggage weighs: 17.75 kg
baggage is on conveyor belt-------
---------baggage detected by sensor------------- 
Baggage weighs: 17.44 kg
baggage is on conveyor belt-------
---------baggage detected by sensor------------- 
Baggage weighs: 19.53 kg
baggage is on conveyor belt-------
---------baggage detected by sensor------------- 
Baggage weighs: 17.51 kg
baggage is on conveyor belt-------
---------baggage detected by sensor------------- 
Baggage weighs: 18.2 kg
baggage is on conveyor belt-------
---------baggage detected by sensor------------- 
Baggage weighs: 21.55 kg
baggage is on conveyor belt-------
---------baggage detected by sensor------------- 
Baggage weighs: 19.67 kg
baggage is on conveyor belt-------
---------baggage detected by sensor------------- 
Baggage weighs: 19.52 kg
baggage is on conveyor belt-------
---------baggage detected by sensor------------- 
Baggage weighs: 21.06 kg
baggage is on conveyor belt-------
---------baggage detected by sensor------------- 
Baggage weighs: 17.44 kg
baggage is on conveyor belt-------
---------baggage detected by sensor------------- 
Baggage weighs: 19.21 kg
baggage is on conveyor belt-------
---------baggage detected by sensor------------- 
Baggage weighs: 21.65 kg
baggage is on conveyor belt-------
---------baggage detected by sensor------------- 
Baggage weighs: 19.64 kg
baggage is on conveyor belt-------
---------baggage detected by sensor------------- 
Baggage weighs: 21.03 kg
baggage is on conveyor belt-------
---------baggage detected by sensor------------- 
Baggage weighs: 19.76 kg
baggage is on conveyor belt-------
---------baggage detected by sensor------------- 
Baggage weighs: 21.01 kg
baggage is on conveyor belt-------
---------baggage detected by sensor------------- 
Baggage weighs: 19.11 kg
baggage is on conveyor belt-------
---------baggage detected by sensor------------- 
Baggage weighs: 18.54 kg
baggage is on conveyor belt-------
---------baggage detected by sensor------------- 
Baggage weighs: 16.86 kg
baggage is on conveyor belt-------
---------baggage detected by sensor------------- 
Baggage weighs: 16.59 kg
baggage is on conveyor belt-------
---------baggage detected by sensor------------- 
Baggage weighs: 19.26 kg
baggage is on conveyor belt-------
---------baggage detected by sensor------------- 
Baggage weighs: 18.34 kg
baggage is on conveyor belt-------
---------baggage detected by sensor------------- 
Baggage weighs: 19.09 kg
baggage is on conveyor belt-------
---------baggage detected by sensor------------- 
Baggage weighs: 22.38 kg
baggage is on conveyor belt-------
---------baggage detected by sensor------------- 
Baggage weighs: 22.12 kg
baggage is on conveyor belt-------
---------baggage detected by sensor------------- 
Baggage weighs: 16.75 kg
baggage is on conveyor belt-------
---------baggage detected by sensor------------- 
Baggage weighs: 20.36 kg
baggage is on conveyor belt-------
---------baggage detected by sensor------------- 
Baggage weighs: 20.94 kg
baggage is on conveyor belt-------
---------baggage detected by sensor------------- 
Baggage weighs: 19.8 kg
baggage is on conveyor belt-------
---------baggage detected by sensor------------- 
Baggage weighs: 19.12 kg
baggage is on conveyor belt-------
---------baggage detected by sensor------------- 
Baggage weighs: 16.93 kg
baggage is on conveyor belt-------
---------baggage detected by sensor------------- 
Baggage weighs: 20.48 kg
baggage is on conveyor belt-------
---------baggage detected by sensor------------- 
Baggage weighs: 17.63 kg
baggage is on conveyor belt-------
---------baggage detected by sensor------------- 
Baggage weighs: 19.86 kg
baggage is on conveyor belt-------
---------baggage detected by sensor------------- 
Baggage weighs: 19.4 kg
baggage is on conveyor belt-------
---------baggage detected by sensor------------- 
Baggage weighs: 19.0 kg
baggage is on conveyor belt-------
---------baggage detected by sensor------------- 
Baggage weighs: 20.5 kg
baggage is on conveyor belt-------
---------baggage detected by sensor------------- 
Baggage weighs: 21.9 kg
baggage is on conveyor belt-------
---------baggage detected by sensor------------- 
Baggage weighs: 19.82 kg
baggage is on conveyor belt-------
---------baggage detected by sensor------------- 
Baggage weighs: 18.98 kg
baggage is on conveyor belt-------
---------baggage detected by sensor------------- 
Baggage weighs: 19.28 kg
baggage is on conveyor belt-------
---------baggage detected by sensor------------- 
Baggage weighs: 18.06 kg
baggage is on conveyor belt-------
---------baggage detected by sensor------------- 
Baggage weighs: 20.2 kg
baggage is on conveyor belt-------
---------baggage detected by sensor------------- 
Baggage weighs: 19.74 kg
baggage is on conveyor belt-------
---------baggage detected by sensor------------- 
Baggage weighs: 17.44 kg
baggage is on conveyor belt-------
---------baggage detected by sensor------------- 
Baggage weighs: 19.36 kg
baggage is on conveyor belt-------
---------baggage detected by sensor------------- 
Baggage weighs: 20.4 kg
baggage is on conveyor belt-------
---------baggage detected by sensor------------- 
Baggage weighs: 18.92 kg
baggage is on conveyor belt-------
---------baggage detected by sensor------------- 
Baggage weighs: 18.48 kg
baggage is on conveyor belt-------
---------baggage detected by sensor------------- 
Baggage weighs: 17.34 kg
baggage is on conveyor belt-------
---------baggage detected by sensor------------- 
Baggage weighs: 20.57 kg
baggage is on conveyor belt-------
---------baggage detected by sensor------------- 
Baggage weighs: 17.19 kg
baggage is on conveyor belt-------
---------baggage detected by sensor------------- 
Baggage weighs: 18.25 kg
baggage is on conveyor belt-------
---------baggage detected by sensor------------- 
Baggage weighs: 19.29 kg
baggage is on conveyor belt-------
---------baggage detected by sensor------------- 
Baggage weighs: 16.86 kg
baggage is on conveyor belt-------
---------baggage detected by sensor------------- 
Baggage weighs: 19.34 kg
baggage is on conveyor belt-------
---------baggage detected by sensor------------- 
Baggage weighs: 19.32 kg
baggage is on conveyor belt-------
---------baggage detected by sensor------------- 
Baggage weighs: 18.15 kg
baggage is on conveyor belt-------
---------baggage detected by sensor------------- 
Baggage weighs: 18.98 kg
baggage is on conveyor belt-------
---------baggage detected by sensor------------- 
Baggage weighs: 21.84 kg
baggage is on conveyor belt-------
---------baggage detected by sensor------------- 
Baggage weighs: 20.53 kg
baggage is on conveyor belt-------
---------baggage detected by sensor------------- 
Baggage weighs: 20.62 kg
baggage is on conveyor belt-------
---------baggage detected by sensor------------- 
Baggage weighs: 20.7 kg
baggage is on conveyor belt-------
---------baggage detected by sensor------------- 
Baggage weighs: 19.64 kg
baggage is on conveyor belt-------
---------baggage detected by sensor------------- 
Baggage weighs: 16.11 kg
baggage is on conveyor belt-------
---------baggage detected by sensor------------- 
Baggage weighs: 22.24 kg
baggage is on conveyor belt-------
---------baggage detected by sensor------------- 
Baggage weighs: 21.47 kg
baggage is on conveyor belt-------
---------baggage detected by sensor------------- 
Baggage weighs: 20.73 kg
baggage is on conveyor belt-------
---------baggage detected by sensor------------- 
Baggage weighs: 19.51 kg
baggage is on conveyor belt-------
---------baggage detected by sensor------------- 
Baggage weighs: 20.11 kg
baggage is on conveyor belt-------
---------baggage detected by sensor------------- 
Baggage weighs: 20.36 kg
baggage is on conveyor belt-------
---------baggage detected by sensor------------- 
Baggage weighs: 18.84 kg
baggage is on conveyor belt-------
---------baggage detected by sensor------------- 
Baggage weighs: 22.61 kg
baggage is on conveyor belt-------
---------baggage detected by sensor------------- 
Baggage weighs: 20.07 kg
baggage is on conveyor belt-------
---------baggage detected by sensor------------- 
Baggage weighs: 20.28 kg
baggage is on conveyor belt-------
---------baggage detected by sensor------------- 
Baggage weighs: 17.9 kg
baggage is on conveyor belt-------
---------baggage detected by sensor------------- 
Baggage weighs: 18.13 kg
baggage is on conveyor belt-------
---------baggage detected by sensor------------- 
Baggage weighs: 18.32 kg
baggage is on conveyor belt-------
---------baggage detected by sensor------------- 
Baggage weighs: 19.3 kg
baggage is on conveyor belt-------
---------baggage detected by sensor------------- 
Baggage weighs: 21.34 kg
baggage is on conveyor belt-------
---------baggage detected by sensor------------- 
Baggage weighs: 19.74 kg
baggage is on conveyor belt-------
---------baggage detected by sensor------------- 
Baggage weighs: 18.46 kg
baggage is on conveyor belt-------
---------baggage detected by sensor------------- 
Baggage weighs: 19.49 kg
baggage is on conveyor belt-------
---------baggage detected by sensor------------- 
Baggage weighs: 17.97 kg
baggage is on conveyor belt-------
---------baggage detected by sensor------------- 
Baggage weighs: 21.32 kg
baggage is on conveyor belt-------
---------baggage detected by sensor------------- 
Baggage weighs: 16.41 kg
baggage is on conveyor belt-------
---------baggage detected by sensor------------- 
Baggage weighs: 16.36 kg
baggage is on conveyor belt-------
---------baggage detected by sensor------------- 
Baggage weighs: 16.24 kg
baggage is on conveyor belt-------
---------baggage detected by sensor------------- 
Baggage weighs: 16.65 kg
baggage is on conveyor belt-------
---------baggage detected by sensor------------- 
Baggage weighs: 20.17 kg
baggage is on conveyor belt-------
---------baggage detected by sensor------------- 
Baggage weighs: 21.08 kg
baggage is on conveyor belt-------
---------baggage detected by sensor------------- 
Baggage weighs: 18.0 kg
baggage is on conveyor belt-------
---------baggage detected by sensor------------- 
Baggage weighs: 17.49 kg
baggage is on conveyor belt-------
---------baggage detected by sensor------------- 
Baggage weighs: 19.3 kg
baggage is on conveyor belt-------
---------baggage detected by sensor------------- 
Baggage weighs: 18.34 kg
baggage is on conveyor belt-------
---------baggage detected by sensor------------- 
Baggage weighs: 19.57 kg
baggage is on conveyor belt-------
---------baggage detected by sensor------------- 
Baggage weighs: 18.99 kg
baggage is on conveyor belt-------
---------baggage detected by sensor------------- 
Baggage weighs: 20.13 kg
baggage is on conveyor belt-------
---------baggage detected by sensor------------- 
Baggage weighs: 21.59 kg
baggage is on conveyor belt-------
---------baggage detected by sensor------------- 
Baggage weighs: 17.75 kg
baggage is on conveyor belt-------
---------baggage detected by sensor------------- 
Baggage weighs: 18.88 kg
baggage is on conveyor belt-------
---------baggage detected by sensor------------- 
Baggage weighs: 17.64 kg
baggage is on conveyor belt-------
---------baggage detected by sensor------------- 
Baggage weighs: 17.28 kg
baggage is on conveyor belt-------
---------baggage detected by sensor------------- 
Baggage weighs: 19.89 kg
baggage is on conveyor belt-------
---------baggage detected by sensor------------- 
Baggage weighs: 16.14 kg
baggage is on conveyor belt-------
---------baggage detected by sensor------------- 
Baggage weighs: 19.6 kg
baggage is on conveyor belt-------
---------baggage detected by sensor------------- 
Baggage weighs: 19.1 kg
baggage is on conveyor belt-------
---------baggage detected by sensor------------- 
Baggage weighs: 16.76 kg
baggage is on conveyor belt-------
---------baggage detected by sensor------------- 
Baggage weighs: 22.78 kg
baggage is on conveyor belt-------
---------baggage detected by sensor------------- 
Baggage weighs: 16.41 kg
baggage is on conveyor belt-------
---------baggage detected by sensor------------- 
Baggage weighs: 19.48 kg
baggage is on conveyor belt-------
---------baggage detected by sensor------------- 
Baggage weighs: 19.0 kg
baggage is on conveyor belt-------
---------baggage detected by sensor------------- 
Baggage weighs: 21.58 kg
baggage is on conveyor belt-------
---------baggage detected by sensor------------- 
Baggage weighs: 21.07 kg
baggage is on conveyor belt-------
---------baggage detected by sensor------------- 
Baggage weighs: 16.28 kg
baggage is on conveyor belt-------
---------baggage detected by sensor------------- 
Baggage weighs: 20.22 kg
baggage is on conveyor belt-------
---------baggage detected by sensor------------- 
Baggage weighs: 17.58 kg
baggage is on conveyor belt-------
---------baggage detected by sensor------------- 
Baggage weighs: 17.69 kg
baggage is on conveyor belt-------
---------baggage detected by sensor------------- 
Baggage weighs: 19.1 kg
baggage is on conveyor belt-------
---------baggage detected by sensor------------- 
Baggage weighs: 18.5 kg
baggage is on conveyor belt-------
---------baggage detected by sensor------------- 
Baggage weighs: 19.06 kg
baggage is on conveyor belt-------
---------baggage detected by sensor------------- 
Baggage weighs: 21.45 kg
baggage is on conveyor belt-------
---------baggage detected by sensor------------- 
Baggage weighs: 19.0 kg
baggage is on conveyor belt-------
---------baggage detected by sensor------------- 
Baggage weighs: 20.87 kg
baggage is on conveyor belt-------
---------baggage detected by sensor------------- 
Baggage weighs: 22.55 kg
baggage is on conveyor belt-------
---------baggage detected by sensor------------- 
Baggage weighs: 21.43 kg
baggage is on conveyor belt-------
---------baggage detected by sensor------------- 
Baggage weighs: 16.99 kg
baggage is on conveyor belt-------
---------baggage detected by sensor------------- 
Baggage weighs: 16.52 kg
baggage is on conveyor belt-------
---------baggage detected by sensor------------- 
Baggage weighs: 20.55 kg
baggage is on conveyor belt-------
---------baggage detected by sensor------------- 
Baggage weighs: 21.64 kg
baggage is on conveyor belt-------
---------baggage detected by sensor------------- 
Baggage weighs: 18.94 kg
baggage is on conveyor belt-------
---------baggage detected by sensor------------- 
Baggage weighs: 20.28 kg
baggage is on conveyor belt-------
---------baggage detected by sensor------------- 
Baggage weighs: 18.3 kg
baggage is on conveyor belt-------
---------baggage detected by sensor------------- 
Baggage weighs: 20.49 kg
baggage is on conveyor belt-------
---------baggage detected by sensor------------- 
Baggage weighs: 17.77 kg
baggage is on conveyor belt-------
---------baggage detected by sensor------------- 
Baggage weighs: 21.55 kg
baggage is on conveyor belt-------
---------baggage detected by sensor------------- 
Baggage weighs: 19.94 kg
baggage is on conveyor belt-------
---------baggage detected by sensor------------- 
Baggage weighs: 19.71 kg
Seat with ID: 40J has been reserved for you!

BOARDING PASS FOR ADA COOKE
-----------------------------------------------------------------------------
LUFTHANSA                      jenhsswd6qydt5l /  Ada Cooke
Ada Cooke                                     /  jenhsswd6qydt5l
FRA   LH2121   E  30.Oct                       /  FRA
HKG                                            /  HKG
SEAT ID: 40J                                   /  LH2121 E 30.Oct
SEQ: 232                                      / GATE: A05   22:00
MAX 1  HANDLUGGAGE/ LUGGAGE
-----------------------------------------------------------------------------
sorry Ada Cooke we have no voucher for you! Have a nice day!

---------------------------------------------------------------------------------------------------------------
scanning passport with passport id: W626OLEHC
searching for ticket in fast bag drop database..............
Ticket found for Hannah Wells and Flight LH2121
----searching flight seat for Hannah Wells---------
Found a seat with ID 40K
Below details were found in database
------------------------------------------
Name: Hannah Wells
Flight ID: LH2121
Source: FRA
Destination: HKG
Gate No: A05
Boarding time: 22:00
Ticket ID: 0hwf3s6e9d9223b
Booking Class: E
------------------------------------------

Proceed with check-in for flight LH2121 ?
Type YES to CHECK-IN or NO to cancel CHECK-IN
Hannah Wells is deciding whether to check-in or to go back home and sleep............
YES CHECK-IN
Checking you in...............
baggage is on conveyor belt-------
---------baggage detected by sensor------------- 
Baggage weighs: 21.58 kg
baggage is on conveyor belt-------
---------baggage detected by sensor------------- 
Baggage weighs: 20.43 kg
baggage is on conveyor belt-------
---------baggage detected by sensor------------- 
Baggage weighs: 18.47 kg
baggage is on conveyor belt-------
---------baggage detected by sensor------------- 
Baggage weighs: 17.86 kg
baggage is on conveyor belt-------
---------baggage detected by sensor------------- 
Baggage weighs: 18.65 kg
baggage is on conveyor belt-------
---------baggage detected by sensor------------- 
Baggage weighs: 19.27 kg
baggage is on conveyor belt-------
---------baggage detected by sensor------------- 
Baggage weighs: 17.42 kg
baggage is on conveyor belt-------
---------baggage detected by sensor------------- 
Baggage weighs: 19.16 kg
baggage is on conveyor belt-------
---------baggage detected by sensor------------- 
Baggage weighs: 19.52 kg
baggage is on conveyor belt-------
---------baggage detected by sensor------------- 
Baggage weighs: 17.51 kg
baggage is on conveyor belt-------
---------baggage detected by sensor------------- 
Baggage weighs: 17.38 kg
baggage is on conveyor belt-------
---------baggage detected by sensor------------- 
Baggage weighs: 18.67 kg
baggage is on conveyor belt-------
---------baggage detected by sensor------------- 
Baggage weighs: 16.98 kg
baggage is on conveyor belt-------
---------baggage detected by sensor------------- 
Baggage weighs: 21.26 kg
baggage is on conveyor belt-------
---------baggage detected by sensor------------- 
Baggage weighs: 18.3 kg
baggage is on conveyor belt-------
---------baggage detected by sensor------------- 
Baggage weighs: 16.81 kg
baggage is on conveyor belt-------
---------baggage detected by sensor------------- 
Baggage weighs: 20.91 kg
baggage is on conveyor belt-------
---------baggage detected by sensor------------- 
Baggage weighs: 21.21 kg
baggage is on conveyor belt-------
---------baggage detected by sensor------------- 
Baggage weighs: 19.69 kg
baggage is on conveyor belt-------
---------baggage detected by sensor------------- 
Baggage weighs: 18.67 kg
baggage is on conveyor belt-------
---------baggage detected by sensor------------- 
Baggage weighs: 19.12 kg
baggage is on conveyor belt-------
---------baggage detected by sensor------------- 
Baggage weighs: 16.42 kg
baggage is on conveyor belt-------
---------baggage detected by sensor------------- 
Baggage weighs: 19.17 kg
baggage is on conveyor belt-------
---------baggage detected by sensor------------- 
Baggage weighs: 19.0 kg
baggage is on conveyor belt-------
---------baggage detected by sensor------------- 
Baggage weighs: 18.78 kg
baggage is on conveyor belt-------
---------baggage detected by sensor------------- 
Baggage weighs: 20.31 kg
baggage is on conveyor belt-------
---------baggage detected by sensor------------- 
Baggage weighs: 21.25 kg
baggage is on conveyor belt-------
---------baggage detected by sensor------------- 
Baggage weighs: 18.87 kg
baggage is on conveyor belt-------
---------baggage detected by sensor------------- 
Baggage weighs: 16.25 kg
baggage is on conveyor belt-------
---------baggage detected by sensor------------- 
Baggage weighs: 19.94 kg
baggage is on conveyor belt-------
---------baggage detected by sensor------------- 
Baggage weighs: 16.88 kg
baggage is on conveyor belt-------
---------baggage detected by sensor------------- 
Baggage weighs: 18.24 kg
baggage is on conveyor belt-------
---------baggage detected by sensor------------- 
Baggage weighs: 17.16 kg
baggage is on conveyor belt-------
---------baggage detected by sensor------------- 
Baggage weighs: 19.34 kg
baggage is on conveyor belt-------
---------baggage detected by sensor------------- 
Baggage weighs: 22.41 kg
baggage is on conveyor belt-------
---------baggage detected by sensor------------- 
Baggage weighs: 20.47 kg
baggage is on conveyor belt-------
---------baggage detected by sensor------------- 
Baggage weighs: 18.81 kg
baggage is on conveyor belt-------
---------baggage detected by sensor------------- 
Baggage weighs: 18.56 kg
baggage is on conveyor belt-------
---------baggage detected by sensor------------- 
Baggage weighs: 17.77 kg
baggage is on conveyor belt-------
---------baggage detected by sensor------------- 
Baggage weighs: 19.32 kg
baggage is on conveyor belt-------
---------baggage detected by sensor------------- 
Baggage weighs: 19.21 kg
baggage is on conveyor belt-------
---------baggage detected by sensor------------- 
Baggage weighs: 19.13 kg
baggage is on conveyor belt-------
---------baggage detected by sensor------------- 
Baggage weighs: 20.39 kg
baggage is on conveyor belt-------
---------baggage detected by sensor------------- 
Baggage weighs: 21.03 kg
baggage is on conveyor belt-------
---------baggage detected by sensor------------- 
Baggage weighs: 20.05 kg
baggage is on conveyor belt-------
---------baggage detected by sensor------------- 
Baggage weighs: 21.92 kg
baggage is on conveyor belt-------
---------baggage detected by sensor------------- 
Baggage weighs: 19.37 kg
baggage is on conveyor belt-------
---------baggage detected by sensor------------- 
Baggage weighs: 20.35 kg
baggage is on conveyor belt-------
---------baggage detected by sensor------------- 
Baggage weighs: 18.73 kg
baggage is on conveyor belt-------
---------baggage detected by sensor------------- 
Baggage weighs: 20.33 kg
baggage is on conveyor belt-------
---------baggage detected by sensor------------- 
Baggage weighs: 22.01 kg
baggage is on conveyor belt-------
---------baggage detected by sensor------------- 
Baggage weighs: 19.27 kg
baggage is on conveyor belt-------
---------baggage detected by sensor------------- 
Baggage weighs: 21.18 kg
baggage is on conveyor belt-------
---------baggage detected by sensor------------- 
Baggage weighs: 17.16 kg
baggage is on conveyor belt-------
---------baggage detected by sensor------------- 
Baggage weighs: 20.04 kg
baggage is on conveyor belt-------
---------baggage detected by sensor------------- 
Baggage weighs: 20.91 kg
baggage is on conveyor belt-------
---------baggage detected by sensor------------- 
Baggage weighs: 20.3 kg
baggage is on conveyor belt-------
---------baggage detected by sensor------------- 
Baggage weighs: 20.38 kg
baggage is on conveyor belt-------
---------baggage detected by sensor------------- 
Baggage weighs: 16.54 kg
baggage is on conveyor belt-------
---------baggage detected by sensor------------- 
Baggage weighs: 18.87 kg
baggage is on conveyor belt-------
---------baggage detected by sensor------------- 
Baggage weighs: 20.22 kg
baggage is on conveyor belt-------
---------baggage detected by sensor------------- 
Baggage weighs: 20.75 kg
baggage is on conveyor belt-------
---------baggage detected by sensor------------- 
Baggage weighs: 17.4 kg
baggage is on conveyor belt-------
---------baggage detected by sensor------------- 
Baggage weighs: 20.27 kg
baggage is on conveyor belt-------
---------baggage detected by sensor------------- 
Baggage weighs: 17.04 kg
baggage is on conveyor belt-------
---------baggage detected by sensor------------- 
Baggage weighs: 19.84 kg
baggage is on conveyor belt-------
---------baggage detected by sensor------------- 
Baggage weighs: 17.34 kg
baggage is on conveyor belt-------
---------baggage detected by sensor------------- 
Baggage weighs: 18.75 kg
baggage is on conveyor belt-------
---------baggage detected by sensor------------- 
Baggage weighs: 19.12 kg
baggage is on conveyor belt-------
---------baggage detected by sensor------------- 
Baggage weighs: 18.29 kg
baggage is on conveyor belt-------
---------baggage detected by sensor------------- 
Baggage weighs: 17.94 kg
baggage is on conveyor belt-------
---------baggage detected by sensor------------- 
Baggage weighs: 19.09 kg
baggage is on conveyor belt-------
---------baggage detected by sensor------------- 
Baggage weighs: 22.39 kg
baggage is on conveyor belt-------
---------baggage detected by sensor------------- 
Baggage weighs: 21.23 kg
baggage is on conveyor belt-------
---------baggage detected by sensor------------- 
Baggage weighs: 17.56 kg
baggage is on conveyor belt-------
---------baggage detected by sensor------------- 
Baggage weighs: 18.37 kg
baggage is on conveyor belt-------
---------baggage detected by sensor------------- 
Baggage weighs: 21.4 kg
baggage is on conveyor belt-------
---------baggage detected by sensor------------- 
Baggage weighs: 20.25 kg
baggage is on conveyor belt-------
---------baggage detected by sensor------------- 
Baggage weighs: 23.0 kg
baggage is on conveyor belt-------
---------baggage detected by sensor------------- 
Baggage weighs: 17.01 kg
baggage is on conveyor belt-------
---------baggage detected by sensor------------- 
Baggage weighs: 17.39 kg
baggage is on conveyor belt-------
---------baggage detected by sensor------------- 
Baggage weighs: 16.7 kg
baggage is on conveyor belt-------
---------baggage detected by sensor------------- 
Baggage weighs: 16.23 kg
baggage is on conveyor belt-------
---------baggage detected by sensor------------- 
Baggage weighs: 19.13 kg
baggage is on conveyor belt-------
---------baggage detected by sensor------------- 
Baggage weighs: 21.07 kg
baggage is on conveyor belt-------
---------baggage detected by sensor------------- 
Baggage weighs: 17.87 kg
baggage is on conveyor belt-------
---------baggage detected by sensor------------- 
Baggage weighs: 19.92 kg
baggage is on conveyor belt-------
---------baggage detected by sensor------------- 
Baggage weighs: 19.22 kg
baggage is on conveyor belt-------
---------baggage detected by sensor------------- 
Baggage weighs: 21.53 kg
baggage is on conveyor belt-------
---------baggage detected by sensor------------- 
Baggage weighs: 20.29 kg
baggage is on conveyor belt-------
---------baggage detected by sensor------------- 
Baggage weighs: 19.32 kg
baggage is on conveyor belt-------
---------baggage detected by sensor------------- 
Baggage weighs: 17.25 kg
baggage is on conveyor belt-------
---------baggage detected by sensor------------- 
Baggage weighs: 21.3 kg
baggage is on conveyor belt-------
---------baggage detected by sensor------------- 
Baggage weighs: 16.79 kg
baggage is on conveyor belt-------
---------baggage detected by sensor------------- 
Baggage weighs: 19.55 kg
baggage is on conveyor belt-------
---------baggage detected by sensor------------- 
Baggage weighs: 18.88 kg
baggage is on conveyor belt-------
---------baggage detected by sensor------------- 
Baggage weighs: 22.33 kg
baggage is on conveyor belt-------
---------baggage detected by sensor------------- 
Baggage weighs: 20.62 kg
baggage is on conveyor belt-------
---------baggage detected by sensor------------- 
Baggage weighs: 19.42 kg
baggage is on conveyor belt-------
---------baggage detected by sensor------------- 
Baggage weighs: 17.54 kg
baggage is on conveyor belt-------
---------baggage detected by sensor------------- 
Baggage weighs: 21.51 kg
baggage is on conveyor belt-------
---------baggage detected by sensor------------- 
Baggage weighs: 19.46 kg
baggage is on conveyor belt-------
---------baggage detected by sensor------------- 
Baggage weighs: 17.83 kg
baggage is on conveyor belt-------
---------baggage detected by sensor------------- 
Baggage weighs: 17.75 kg
baggage is on conveyor belt-------
---------baggage detected by sensor------------- 
Baggage weighs: 17.44 kg
baggage is on conveyor belt-------
---------baggage detected by sensor------------- 
Baggage weighs: 19.53 kg
baggage is on conveyor belt-------
---------baggage detected by sensor------------- 
Baggage weighs: 17.51 kg
baggage is on conveyor belt-------
---------baggage detected by sensor------------- 
Baggage weighs: 18.2 kg
baggage is on conveyor belt-------
---------baggage detected by sensor------------- 
Baggage weighs: 21.55 kg
baggage is on conveyor belt-------
---------baggage detected by sensor------------- 
Baggage weighs: 19.67 kg
baggage is on conveyor belt-------
---------baggage detected by sensor------------- 
Baggage weighs: 19.52 kg
baggage is on conveyor belt-------
---------baggage detected by sensor------------- 
Baggage weighs: 21.06 kg
baggage is on conveyor belt-------
---------baggage detected by sensor------------- 
Baggage weighs: 17.44 kg
baggage is on conveyor belt-------
---------baggage detected by sensor------------- 
Baggage weighs: 19.21 kg
baggage is on conveyor belt-------
---------baggage detected by sensor------------- 
Baggage weighs: 21.65 kg
baggage is on conveyor belt-------
---------baggage detected by sensor------------- 
Baggage weighs: 19.64 kg
baggage is on conveyor belt-------
---------baggage detected by sensor------------- 
Baggage weighs: 21.03 kg
baggage is on conveyor belt-------
---------baggage detected by sensor------------- 
Baggage weighs: 19.76 kg
baggage is on conveyor belt-------
---------baggage detected by sensor------------- 
Baggage weighs: 21.01 kg
baggage is on conveyor belt-------
---------baggage detected by sensor------------- 
Baggage weighs: 19.11 kg
baggage is on conveyor belt-------
---------baggage detected by sensor------------- 
Baggage weighs: 18.54 kg
baggage is on conveyor belt-------
---------baggage detected by sensor------------- 
Baggage weighs: 16.86 kg
baggage is on conveyor belt-------
---------baggage detected by sensor------------- 
Baggage weighs: 16.59 kg
baggage is on conveyor belt-------
---------baggage detected by sensor------------- 
Baggage weighs: 19.26 kg
baggage is on conveyor belt-------
---------baggage detected by sensor------------- 
Baggage weighs: 18.34 kg
baggage is on conveyor belt-------
---------baggage detected by sensor------------- 
Baggage weighs: 19.09 kg
baggage is on conveyor belt-------
---------baggage detected by sensor------------- 
Baggage weighs: 22.38 kg
baggage is on conveyor belt-------
---------baggage detected by sensor------------- 
Baggage weighs: 22.12 kg
baggage is on conveyor belt-------
---------baggage detected by sensor------------- 
Baggage weighs: 16.75 kg
baggage is on conveyor belt-------
---------baggage detected by sensor------------- 
Baggage weighs: 20.36 kg
baggage is on conveyor belt-------
---------baggage detected by sensor------------- 
Baggage weighs: 20.94 kg
baggage is on conveyor belt-------
---------baggage detected by sensor------------- 
Baggage weighs: 19.8 kg
baggage is on conveyor belt-------
---------baggage detected by sensor------------- 
Baggage weighs: 19.12 kg
baggage is on conveyor belt-------
---------baggage detected by sensor------------- 
Baggage weighs: 16.93 kg
baggage is on conveyor belt-------
---------baggage detected by sensor------------- 
Baggage weighs: 20.48 kg
baggage is on conveyor belt-------
---------baggage detected by sensor------------- 
Baggage weighs: 17.63 kg
baggage is on conveyor belt-------
---------baggage detected by sensor------------- 
Baggage weighs: 19.86 kg
baggage is on conveyor belt-------
---------baggage detected by sensor------------- 
Baggage weighs: 19.4 kg
baggage is on conveyor belt-------
---------baggage detected by sensor------------- 
Baggage weighs: 19.0 kg
baggage is on conveyor belt-------
---------baggage detected by sensor------------- 
Baggage weighs: 20.5 kg
baggage is on conveyor belt-------
---------baggage detected by sensor------------- 
Baggage weighs: 21.9 kg
baggage is on conveyor belt-------
---------baggage detected by sensor------------- 
Baggage weighs: 19.82 kg
baggage is on conveyor belt-------
---------baggage detected by sensor------------- 
Baggage weighs: 18.98 kg
baggage is on conveyor belt-------
---------baggage detected by sensor------------- 
Baggage weighs: 19.28 kg
baggage is on conveyor belt-------
---------baggage detected by sensor------------- 
Baggage weighs: 18.06 kg
baggage is on conveyor belt-------
---------baggage detected by sensor------------- 
Baggage weighs: 20.2 kg
baggage is on conveyor belt-------
---------baggage detected by sensor------------- 
Baggage weighs: 19.74 kg
baggage is on conveyor belt-------
---------baggage detected by sensor------------- 
Baggage weighs: 17.44 kg
baggage is on conveyor belt-------
---------baggage detected by sensor------------- 
Baggage weighs: 19.36 kg
baggage is on conveyor belt-------
---------baggage detected by sensor------------- 
Baggage weighs: 20.4 kg
baggage is on conveyor belt-------
---------baggage detected by sensor------------- 
Baggage weighs: 18.92 kg
baggage is on conveyor belt-------
---------baggage detected by sensor------------- 
Baggage weighs: 18.48 kg
baggage is on conveyor belt-------
---------baggage detected by sensor------------- 
Baggage weighs: 17.34 kg
baggage is on conveyor belt-------
---------baggage detected by sensor------------- 
Baggage weighs: 20.57 kg
baggage is on conveyor belt-------
---------baggage detected by sensor------------- 
Baggage weighs: 17.19 kg
baggage is on conveyor belt-------
---------baggage detected by sensor------------- 
Baggage weighs: 18.25 kg
baggage is on conveyor belt-------
---------baggage detected by sensor------------- 
Baggage weighs: 19.29 kg
baggage is on conveyor belt-------
---------baggage detected by sensor------------- 
Baggage weighs: 16.86 kg
baggage is on conveyor belt-------
---------baggage detected by sensor------------- 
Baggage weighs: 19.34 kg
baggage is on conveyor belt-------
---------baggage detected by sensor------------- 
Baggage weighs: 19.32 kg
baggage is on conveyor belt-------
---------baggage detected by sensor------------- 
Baggage weighs: 18.15 kg
baggage is on conveyor belt-------
---------baggage detected by sensor------------- 
Baggage weighs: 18.98 kg
baggage is on conveyor belt-------
---------baggage detected by sensor------------- 
Baggage weighs: 21.84 kg
baggage is on conveyor belt-------
---------baggage detected by sensor------------- 
Baggage weighs: 20.53 kg
baggage is on conveyor belt-------
---------baggage detected by sensor------------- 
Baggage weighs: 20.62 kg
baggage is on conveyor belt-------
---------baggage detected by sensor------------- 
Baggage weighs: 20.7 kg
baggage is on conveyor belt-------
---------baggage detected by sensor------------- 
Baggage weighs: 19.64 kg
baggage is on conveyor belt-------
---------baggage detected by sensor------------- 
Baggage weighs: 16.11 kg
baggage is on conveyor belt-------
---------baggage detected by sensor------------- 
Baggage weighs: 22.24 kg
baggage is on conveyor belt-------
---------baggage detected by sensor------------- 
Baggage weighs: 21.47 kg
baggage is on conveyor belt-------
---------baggage detected by sensor------------- 
Baggage weighs: 20.73 kg
baggage is on conveyor belt-------
---------baggage detected by sensor------------- 
Baggage weighs: 19.51 kg
baggage is on conveyor belt-------
---------baggage detected by sensor------------- 
Baggage weighs: 20.11 kg
baggage is on conveyor belt-------
---------baggage detected by sensor------------- 
Baggage weighs: 20.36 kg
baggage is on conveyor belt-------
---------baggage detected by sensor------------- 
Baggage weighs: 18.84 kg
baggage is on conveyor belt-------
---------baggage detected by sensor------------- 
Baggage weighs: 22.61 kg
baggage is on conveyor belt-------
---------baggage detected by sensor------------- 
Baggage weighs: 20.07 kg
baggage is on conveyor belt-------
---------baggage detected by sensor------------- 
Baggage weighs: 20.28 kg
baggage is on conveyor belt-------
---------baggage detected by sensor------------- 
Baggage weighs: 17.9 kg
baggage is on conveyor belt-------
---------baggage detected by sensor------------- 
Baggage weighs: 18.13 kg
baggage is on conveyor belt-------
---------baggage detected by sensor------------- 
Baggage weighs: 18.32 kg
baggage is on conveyor belt-------
---------baggage detected by sensor------------- 
Baggage weighs: 19.3 kg
baggage is on conveyor belt-------
---------baggage detected by sensor------------- 
Baggage weighs: 21.34 kg
baggage is on conveyor belt-------
---------baggage detected by sensor------------- 
Baggage weighs: 19.74 kg
baggage is on conveyor belt-------
---------baggage detected by sensor------------- 
Baggage weighs: 18.46 kg
baggage is on conveyor belt-------
---------baggage detected by sensor------------- 
Baggage weighs: 19.49 kg
baggage is on conveyor belt-------
---------baggage detected by sensor------------- 
Baggage weighs: 17.97 kg
baggage is on conveyor belt-------
---------baggage detected by sensor------------- 
Baggage weighs: 21.32 kg
baggage is on conveyor belt-------
---------baggage detected by sensor------------- 
Baggage weighs: 16.41 kg
baggage is on conveyor belt-------
---------baggage detected by sensor------------- 
Baggage weighs: 16.36 kg
baggage is on conveyor belt-------
---------baggage detected by sensor------------- 
Baggage weighs: 16.24 kg
baggage is on conveyor belt-------
---------baggage detected by sensor------------- 
Baggage weighs: 16.65 kg
baggage is on conveyor belt-------
---------baggage detected by sensor------------- 
Baggage weighs: 20.17 kg
baggage is on conveyor belt-------
---------baggage detected by sensor------------- 
Baggage weighs: 21.08 kg
baggage is on conveyor belt-------
---------baggage detected by sensor------------- 
Baggage weighs: 18.0 kg
baggage is on conveyor belt-------
---------baggage detected by sensor------------- 
Baggage weighs: 17.49 kg
baggage is on conveyor belt-------
---------baggage detected by sensor------------- 
Baggage weighs: 19.3 kg
baggage is on conveyor belt-------
---------baggage detected by sensor------------- 
Baggage weighs: 18.34 kg
baggage is on conveyor belt-------
---------baggage detected by sensor------------- 
Baggage weighs: 19.57 kg
baggage is on conveyor belt-------
---------baggage detected by sensor------------- 
Baggage weighs: 18.99 kg
baggage is on conveyor belt-------
---------baggage detected by sensor------------- 
Baggage weighs: 20.13 kg
baggage is on conveyor belt-------
---------baggage detected by sensor------------- 
Baggage weighs: 21.59 kg
baggage is on conveyor belt-------
---------baggage detected by sensor------------- 
Baggage weighs: 17.75 kg
baggage is on conveyor belt-------
---------baggage detected by sensor------------- 
Baggage weighs: 18.88 kg
baggage is on conveyor belt-------
---------baggage detected by sensor------------- 
Baggage weighs: 17.64 kg
baggage is on conveyor belt-------
---------baggage detected by sensor------------- 
Baggage weighs: 17.28 kg
baggage is on conveyor belt-------
---------baggage detected by sensor------------- 
Baggage weighs: 19.89 kg
baggage is on conveyor belt-------
---------baggage detected by sensor------------- 
Baggage weighs: 16.14 kg
baggage is on conveyor belt-------
---------baggage detected by sensor------------- 
Baggage weighs: 19.6 kg
baggage is on conveyor belt-------
---------baggage detected by sensor------------- 
Baggage weighs: 19.1 kg
baggage is on conveyor belt-------
---------baggage detected by sensor------------- 
Baggage weighs: 16.76 kg
baggage is on conveyor belt-------
---------baggage detected by sensor------------- 
Baggage weighs: 22.78 kg
baggage is on conveyor belt-------
---------baggage detected by sensor------------- 
Baggage weighs: 16.41 kg
baggage is on conveyor belt-------
---------baggage detected by sensor------------- 
Baggage weighs: 19.48 kg
baggage is on conveyor belt-------
---------baggage detected by sensor------------- 
Baggage weighs: 19.0 kg
baggage is on conveyor belt-------
---------baggage detected by sensor------------- 
Baggage weighs: 21.58 kg
baggage is on conveyor belt-------
---------baggage detected by sensor------------- 
Baggage weighs: 21.07 kg
baggage is on conveyor belt-------
---------baggage detected by sensor------------- 
Baggage weighs: 16.28 kg
baggage is on conveyor belt-------
---------baggage detected by sensor------------- 
Baggage weighs: 20.22 kg
baggage is on conveyor belt-------
---------baggage detected by sensor------------- 
Baggage weighs: 17.58 kg
baggage is on conveyor belt-------
---------baggage detected by sensor------------- 
Baggage weighs: 17.69 kg
baggage is on conveyor belt-------
---------baggage detected by sensor------------- 
Baggage weighs: 19.1 kg
baggage is on conveyor belt-------
---------baggage detected by sensor------------- 
Baggage weighs: 18.5 kg
baggage is on conveyor belt-------
---------baggage detected by sensor------------- 
Baggage weighs: 19.06 kg
baggage is on conveyor belt-------
---------baggage detected by sensor------------- 
Baggage weighs: 21.45 kg
baggage is on conveyor belt-------
---------baggage detected by sensor------------- 
Baggage weighs: 19.0 kg
baggage is on conveyor belt-------
---------baggage detected by sensor------------- 
Baggage weighs: 20.87 kg
baggage is on conveyor belt-------
---------baggage detected by sensor------------- 
Baggage weighs: 22.55 kg
baggage is on conveyor belt-------
---------baggage detected by sensor------------- 
Baggage weighs: 21.43 kg
baggage is on conveyor belt-------
---------baggage detected by sensor------------- 
Baggage weighs: 16.99 kg
baggage is on conveyor belt-------
---------baggage detected by sensor------------- 
Baggage weighs: 16.52 kg
baggage is on conveyor belt-------
---------baggage detected by sensor------------- 
Baggage weighs: 20.55 kg
baggage is on conveyor belt-------
---------baggage detected by sensor------------- 
Baggage weighs: 21.64 kg
baggage is on conveyor belt-------
---------baggage detected by sensor------------- 
Baggage weighs: 18.94 kg
baggage is on conveyor belt-------
---------baggage detected by sensor------------- 
Baggage weighs: 20.28 kg
baggage is on conveyor belt-------
---------baggage detected by sensor------------- 
Baggage weighs: 18.3 kg
baggage is on conveyor belt-------
---------baggage detected by sensor------------- 
Baggage weighs: 20.49 kg
baggage is on conveyor belt-------
---------baggage detected by sensor------------- 
Baggage weighs: 17.77 kg
baggage is on conveyor belt-------
---------baggage detected by sensor------------- 
Baggage weighs: 21.55 kg
baggage is on conveyor belt-------
---------baggage detected by sensor------------- 
Baggage weighs: 19.94 kg
baggage is on conveyor belt-------
---------baggage detected by sensor------------- 
Baggage weighs: 19.71 kg
baggage is on conveyor belt-------
---------baggage detected by sensor------------- 
Baggage weighs: 16.27 kg
Seat with ID: 40K has been reserved for you!

BOARDING PASS FOR HANNAH WELLS
-----------------------------------------------------------------------------
LUFTHANSA                      0hwf3s6e9d9223b /  Hannah Wells
Hannah Wells                                     /  0hwf3s6e9d9223b
FRA   LH2121   E  30.Oct                       /  FRA
HKG                                            /  HKG
SEAT ID: 40K                                   /  LH2121 E 30.Oct
SEQ: 233                                      / GATE: A05   22:00
MAX 1  HANDLUGGAGE/ LUGGAGE
-----------------------------------------------------------------------------
sorry Hannah Wells we have no voucher for you! Have a nice day!

---------------------------------------------------------------------------------------------------------------
scanning passport with passport id: POWP4EV3H
searching for ticket in fast bag drop database..............
Ticket found for Sebastian Cardenas and Flight LH2121
----searching flight seat for Sebastian Cardenas---------
Found a seat with ID 41A
Below details were found in database
------------------------------------------
Name: Sebastian Cardenas
Flight ID: LH2121
Source: FRA
Destination: HKG
Gate No: A05
Boarding time: 22:00
Ticket ID: 5n4aoafoa3ugtiq
Booking Class: E
------------------------------------------

Proceed with check-in for flight LH2121 ?
Type YES to CHECK-IN or NO to cancel CHECK-IN
Sebastian Cardenas is deciding whether to check-in or to go back home and sleep............
YES CHECK-IN
Checking you in...............
baggage is on conveyor belt-------
---------baggage detected by sensor------------- 
Baggage weighs: 21.58 kg
baggage is on conveyor belt-------
---------baggage detected by sensor------------- 
Baggage weighs: 20.43 kg
baggage is on conveyor belt-------
---------baggage detected by sensor------------- 
Baggage weighs: 18.47 kg
baggage is on conveyor belt-------
---------baggage detected by sensor------------- 
Baggage weighs: 17.86 kg
baggage is on conveyor belt-------
---------baggage detected by sensor------------- 
Baggage weighs: 18.65 kg
baggage is on conveyor belt-------
---------baggage detected by sensor------------- 
Baggage weighs: 19.27 kg
baggage is on conveyor belt-------
---------baggage detected by sensor------------- 
Baggage weighs: 17.42 kg
baggage is on conveyor belt-------
---------baggage detected by sensor------------- 
Baggage weighs: 19.16 kg
baggage is on conveyor belt-------
---------baggage detected by sensor------------- 
Baggage weighs: 19.52 kg
baggage is on conveyor belt-------
---------baggage detected by sensor------------- 
Baggage weighs: 17.51 kg
baggage is on conveyor belt-------
---------baggage detected by sensor------------- 
Baggage weighs: 17.38 kg
baggage is on conveyor belt-------
---------baggage detected by sensor------------- 
Baggage weighs: 18.67 kg
baggage is on conveyor belt-------
---------baggage detected by sensor------------- 
Baggage weighs: 16.98 kg
baggage is on conveyor belt-------
---------baggage detected by sensor------------- 
Baggage weighs: 21.26 kg
baggage is on conveyor belt-------
---------baggage detected by sensor------------- 
Baggage weighs: 18.3 kg
baggage is on conveyor belt-------
---------baggage detected by sensor------------- 
Baggage weighs: 16.81 kg
baggage is on conveyor belt-------
---------baggage detected by sensor------------- 
Baggage weighs: 20.91 kg
baggage is on conveyor belt-------
---------baggage detected by sensor------------- 
Baggage weighs: 21.21 kg
baggage is on conveyor belt-------
---------baggage detected by sensor------------- 
Baggage weighs: 19.69 kg
baggage is on conveyor belt-------
---------baggage detected by sensor------------- 
Baggage weighs: 18.67 kg
baggage is on conveyor belt-------
---------baggage detected by sensor------------- 
Baggage weighs: 19.12 kg
baggage is on conveyor belt-------
---------baggage detected by sensor------------- 
Baggage weighs: 16.42 kg
baggage is on conveyor belt-------
---------baggage detected by sensor------------- 
Baggage weighs: 19.17 kg
baggage is on conveyor belt-------
---------baggage detected by sensor------------- 
Baggage weighs: 19.0 kg
baggage is on conveyor belt-------
---------baggage detected by sensor------------- 
Baggage weighs: 18.78 kg
baggage is on conveyor belt-------
---------baggage detected by sensor------------- 
Baggage weighs: 20.31 kg
baggage is on conveyor belt-------
---------baggage detected by sensor------------- 
Baggage weighs: 21.25 kg
baggage is on conveyor belt-------
---------baggage detected by sensor------------- 
Baggage weighs: 18.87 kg
baggage is on conveyor belt-------
---------baggage detected by sensor------------- 
Baggage weighs: 16.25 kg
baggage is on conveyor belt-------
---------baggage detected by sensor------------- 
Baggage weighs: 19.94 kg
baggage is on conveyor belt-------
---------baggage detected by sensor------------- 
Baggage weighs: 16.88 kg
baggage is on conveyor belt-------
---------baggage detected by sensor------------- 
Baggage weighs: 18.24 kg
baggage is on conveyor belt-------
---------baggage detected by sensor------------- 
Baggage weighs: 17.16 kg
baggage is on conveyor belt-------
---------baggage detected by sensor------------- 
Baggage weighs: 19.34 kg
baggage is on conveyor belt-------
---------baggage detected by sensor------------- 
Baggage weighs: 22.41 kg
baggage is on conveyor belt-------
---------baggage detected by sensor------------- 
Baggage weighs: 20.47 kg
baggage is on conveyor belt-------
---------baggage detected by sensor------------- 
Baggage weighs: 18.81 kg
baggage is on conveyor belt-------
---------baggage detected by sensor------------- 
Baggage weighs: 18.56 kg
baggage is on conveyor belt-------
---------baggage detected by sensor------------- 
Baggage weighs: 17.77 kg
baggage is on conveyor belt-------
---------baggage detected by sensor------------- 
Baggage weighs: 19.32 kg
baggage is on conveyor belt-------
---------baggage detected by sensor------------- 
Baggage weighs: 19.21 kg
baggage is on conveyor belt-------
---------baggage detected by sensor------------- 
Baggage weighs: 19.13 kg
baggage is on conveyor belt-------
---------baggage detected by sensor------------- 
Baggage weighs: 20.39 kg
baggage is on conveyor belt-------
---------baggage detected by sensor------------- 
Baggage weighs: 21.03 kg
baggage is on conveyor belt-------
---------baggage detected by sensor------------- 
Baggage weighs: 20.05 kg
baggage is on conveyor belt-------
---------baggage detected by sensor------------- 
Baggage weighs: 21.92 kg
baggage is on conveyor belt-------
---------baggage detected by sensor------------- 
Baggage weighs: 19.37 kg
baggage is on conveyor belt-------
---------baggage detected by sensor------------- 
Baggage weighs: 20.35 kg
baggage is on conveyor belt-------
---------baggage detected by sensor------------- 
Baggage weighs: 18.73 kg
baggage is on conveyor belt-------
---------baggage detected by sensor------------- 
Baggage weighs: 20.33 kg
baggage is on conveyor belt-------
---------baggage detected by sensor------------- 
Baggage weighs: 22.01 kg
baggage is on conveyor belt-------
---------baggage detected by sensor------------- 
Baggage weighs: 19.27 kg
baggage is on conveyor belt-------
---------baggage detected by sensor------------- 
Baggage weighs: 21.18 kg
baggage is on conveyor belt-------
---------baggage detected by sensor------------- 
Baggage weighs: 17.16 kg
baggage is on conveyor belt-------
---------baggage detected by sensor------------- 
Baggage weighs: 20.04 kg
baggage is on conveyor belt-------
---------baggage detected by sensor------------- 
Baggage weighs: 20.91 kg
baggage is on conveyor belt-------
---------baggage detected by sensor------------- 
Baggage weighs: 20.3 kg
baggage is on conveyor belt-------
---------baggage detected by sensor------------- 
Baggage weighs: 20.38 kg
baggage is on conveyor belt-------
---------baggage detected by sensor------------- 
Baggage weighs: 16.54 kg
baggage is on conveyor belt-------
---------baggage detected by sensor------------- 
Baggage weighs: 18.87 kg
baggage is on conveyor belt-------
---------baggage detected by sensor------------- 
Baggage weighs: 20.22 kg
baggage is on conveyor belt-------
---------baggage detected by sensor------------- 
Baggage weighs: 20.75 kg
baggage is on conveyor belt-------
---------baggage detected by sensor------------- 
Baggage weighs: 17.4 kg
baggage is on conveyor belt-------
---------baggage detected by sensor------------- 
Baggage weighs: 20.27 kg
baggage is on conveyor belt-------
---------baggage detected by sensor------------- 
Baggage weighs: 17.04 kg
baggage is on conveyor belt-------
---------baggage detected by sensor------------- 
Baggage weighs: 19.84 kg
baggage is on conveyor belt-------
---------baggage detected by sensor------------- 
Baggage weighs: 17.34 kg
baggage is on conveyor belt-------
---------baggage detected by sensor------------- 
Baggage weighs: 18.75 kg
baggage is on conveyor belt-------
---------baggage detected by sensor------------- 
Baggage weighs: 19.12 kg
baggage is on conveyor belt-------
---------baggage detected by sensor------------- 
Baggage weighs: 18.29 kg
baggage is on conveyor belt-------
---------baggage detected by sensor------------- 
Baggage weighs: 17.94 kg
baggage is on conveyor belt-------
---------baggage detected by sensor------------- 
Baggage weighs: 19.09 kg
baggage is on conveyor belt-------
---------baggage detected by sensor------------- 
Baggage weighs: 22.39 kg
baggage is on conveyor belt-------
---------baggage detected by sensor------------- 
Baggage weighs: 21.23 kg
baggage is on conveyor belt-------
---------baggage detected by sensor------------- 
Baggage weighs: 17.56 kg
baggage is on conveyor belt-------
---------baggage detected by sensor------------- 
Baggage weighs: 18.37 kg
baggage is on conveyor belt-------
---------baggage detected by sensor------------- 
Baggage weighs: 21.4 kg
baggage is on conveyor belt-------
---------baggage detected by sensor------------- 
Baggage weighs: 20.25 kg
baggage is on conveyor belt-------
---------baggage detected by sensor------------- 
Baggage weighs: 23.0 kg
baggage is on conveyor belt-------
---------baggage detected by sensor------------- 
Baggage weighs: 17.01 kg
baggage is on conveyor belt-------
---------baggage detected by sensor------------- 
Baggage weighs: 17.39 kg
baggage is on conveyor belt-------
---------baggage detected by sensor------------- 
Baggage weighs: 16.7 kg
baggage is on conveyor belt-------
---------baggage detected by sensor------------- 
Baggage weighs: 16.23 kg
baggage is on conveyor belt-------
---------baggage detected by sensor------------- 
Baggage weighs: 19.13 kg
baggage is on conveyor belt-------
---------baggage detected by sensor------------- 
Baggage weighs: 21.07 kg
baggage is on conveyor belt-------
---------baggage detected by sensor------------- 
Baggage weighs: 17.87 kg
baggage is on conveyor belt-------
---------baggage detected by sensor------------- 
Baggage weighs: 19.92 kg
baggage is on conveyor belt-------
---------baggage detected by sensor------------- 
Baggage weighs: 19.22 kg
baggage is on conveyor belt-------
---------baggage detected by sensor------------- 
Baggage weighs: 21.53 kg
baggage is on conveyor belt-------
---------baggage detected by sensor------------- 
Baggage weighs: 20.29 kg
baggage is on conveyor belt-------
---------baggage detected by sensor------------- 
Baggage weighs: 19.32 kg
baggage is on conveyor belt-------
---------baggage detected by sensor------------- 
Baggage weighs: 17.25 kg
baggage is on conveyor belt-------
---------baggage detected by sensor------------- 
Baggage weighs: 21.3 kg
baggage is on conveyor belt-------
---------baggage detected by sensor------------- 
Baggage weighs: 16.79 kg
baggage is on conveyor belt-------
---------baggage detected by sensor------------- 
Baggage weighs: 19.55 kg
baggage is on conveyor belt-------
---------baggage detected by sensor------------- 
Baggage weighs: 18.88 kg
baggage is on conveyor belt-------
---------baggage detected by sensor------------- 
Baggage weighs: 22.33 kg
baggage is on conveyor belt-------
---------baggage detected by sensor------------- 
Baggage weighs: 20.62 kg
baggage is on conveyor belt-------
---------baggage detected by sensor------------- 
Baggage weighs: 19.42 kg
baggage is on conveyor belt-------
---------baggage detected by sensor------------- 
Baggage weighs: 17.54 kg
baggage is on conveyor belt-------
---------baggage detected by sensor------------- 
Baggage weighs: 21.51 kg
baggage is on conveyor belt-------
---------baggage detected by sensor------------- 
Baggage weighs: 19.46 kg
baggage is on conveyor belt-------
---------baggage detected by sensor------------- 
Baggage weighs: 17.83 kg
baggage is on conveyor belt-------
---------baggage detected by sensor------------- 
Baggage weighs: 17.75 kg
baggage is on conveyor belt-------
---------baggage detected by sensor------------- 
Baggage weighs: 17.44 kg
baggage is on conveyor belt-------
---------baggage detected by sensor------------- 
Baggage weighs: 19.53 kg
baggage is on conveyor belt-------
---------baggage detected by sensor------------- 
Baggage weighs: 17.51 kg
baggage is on conveyor belt-------
---------baggage detected by sensor------------- 
Baggage weighs: 18.2 kg
baggage is on conveyor belt-------
---------baggage detected by sensor------------- 
Baggage weighs: 21.55 kg
baggage is on conveyor belt-------
---------baggage detected by sensor------------- 
Baggage weighs: 19.67 kg
baggage is on conveyor belt-------
---------baggage detected by sensor------------- 
Baggage weighs: 19.52 kg
baggage is on conveyor belt-------
---------baggage detected by sensor------------- 
Baggage weighs: 21.06 kg
baggage is on conveyor belt-------
---------baggage detected by sensor------------- 
Baggage weighs: 17.44 kg
baggage is on conveyor belt-------
---------baggage detected by sensor------------- 
Baggage weighs: 19.21 kg
baggage is on conveyor belt-------
---------baggage detected by sensor------------- 
Baggage weighs: 21.65 kg
baggage is on conveyor belt-------
---------baggage detected by sensor------------- 
Baggage weighs: 19.64 kg
baggage is on conveyor belt-------
---------baggage detected by sensor------------- 
Baggage weighs: 21.03 kg
baggage is on conveyor belt-------
---------baggage detected by sensor------------- 
Baggage weighs: 19.76 kg
baggage is on conveyor belt-------
---------baggage detected by sensor------------- 
Baggage weighs: 21.01 kg
baggage is on conveyor belt-------
---------baggage detected by sensor------------- 
Baggage weighs: 19.11 kg
baggage is on conveyor belt-------
---------baggage detected by sensor------------- 
Baggage weighs: 18.54 kg
baggage is on conveyor belt-------
---------baggage detected by sensor------------- 
Baggage weighs: 16.86 kg
baggage is on conveyor belt-------
---------baggage detected by sensor------------- 
Baggage weighs: 16.59 kg
baggage is on conveyor belt-------
---------baggage detected by sensor------------- 
Baggage weighs: 19.26 kg
baggage is on conveyor belt-------
---------baggage detected by sensor------------- 
Baggage weighs: 18.34 kg
baggage is on conveyor belt-------
---------baggage detected by sensor------------- 
Baggage weighs: 19.09 kg
baggage is on conveyor belt-------
---------baggage detected by sensor------------- 
Baggage weighs: 22.38 kg
baggage is on conveyor belt-------
---------baggage detected by sensor------------- 
Baggage weighs: 22.12 kg
baggage is on conveyor belt-------
---------baggage detected by sensor------------- 
Baggage weighs: 16.75 kg
baggage is on conveyor belt-------
---------baggage detected by sensor------------- 
Baggage weighs: 20.36 kg
baggage is on conveyor belt-------
---------baggage detected by sensor------------- 
Baggage weighs: 20.94 kg
baggage is on conveyor belt-------
---------baggage detected by sensor------------- 
Baggage weighs: 19.8 kg
baggage is on conveyor belt-------
---------baggage detected by sensor------------- 
Baggage weighs: 19.12 kg
baggage is on conveyor belt-------
---------baggage detected by sensor------------- 
Baggage weighs: 16.93 kg
baggage is on conveyor belt-------
---------baggage detected by sensor------------- 
Baggage weighs: 20.48 kg
baggage is on conveyor belt-------
---------baggage detected by sensor------------- 
Baggage weighs: 17.63 kg
baggage is on conveyor belt-------
---------baggage detected by sensor------------- 
Baggage weighs: 19.86 kg
baggage is on conveyor belt-------
---------baggage detected by sensor------------- 
Baggage weighs: 19.4 kg
baggage is on conveyor belt-------
---------baggage detected by sensor------------- 
Baggage weighs: 19.0 kg
baggage is on conveyor belt-------
---------baggage detected by sensor------------- 
Baggage weighs: 20.5 kg
baggage is on conveyor belt-------
---------baggage detected by sensor------------- 
Baggage weighs: 21.9 kg
baggage is on conveyor belt-------
---------baggage detected by sensor------------- 
Baggage weighs: 19.82 kg
baggage is on conveyor belt-------
---------baggage detected by sensor------------- 
Baggage weighs: 18.98 kg
baggage is on conveyor belt-------
---------baggage detected by sensor------------- 
Baggage weighs: 19.28 kg
baggage is on conveyor belt-------
---------baggage detected by sensor------------- 
Baggage weighs: 18.06 kg
baggage is on conveyor belt-------
---------baggage detected by sensor------------- 
Baggage weighs: 20.2 kg
baggage is on conveyor belt-------
---------baggage detected by sensor------------- 
Baggage weighs: 19.74 kg
baggage is on conveyor belt-------
---------baggage detected by sensor------------- 
Baggage weighs: 17.44 kg
baggage is on conveyor belt-------
---------baggage detected by sensor------------- 
Baggage weighs: 19.36 kg
baggage is on conveyor belt-------
---------baggage detected by sensor------------- 
Baggage weighs: 20.4 kg
baggage is on conveyor belt-------
---------baggage detected by sensor------------- 
Baggage weighs: 18.92 kg
baggage is on conveyor belt-------
---------baggage detected by sensor------------- 
Baggage weighs: 18.48 kg
baggage is on conveyor belt-------
---------baggage detected by sensor------------- 
Baggage weighs: 17.34 kg
baggage is on conveyor belt-------
---------baggage detected by sensor------------- 
Baggage weighs: 20.57 kg
baggage is on conveyor belt-------
---------baggage detected by sensor------------- 
Baggage weighs: 17.19 kg
baggage is on conveyor belt-------
---------baggage detected by sensor------------- 
Baggage weighs: 18.25 kg
baggage is on conveyor belt-------
---------baggage detected by sensor------------- 
Baggage weighs: 19.29 kg
baggage is on conveyor belt-------
---------baggage detected by sensor------------- 
Baggage weighs: 16.86 kg
baggage is on conveyor belt-------
---------baggage detected by sensor------------- 
Baggage weighs: 19.34 kg
baggage is on conveyor belt-------
---------baggage detected by sensor------------- 
Baggage weighs: 19.32 kg
baggage is on conveyor belt-------
---------baggage detected by sensor------------- 
Baggage weighs: 18.15 kg
baggage is on conveyor belt-------
---------baggage detected by sensor------------- 
Baggage weighs: 18.98 kg
baggage is on conveyor belt-------
---------baggage detected by sensor------------- 
Baggage weighs: 21.84 kg
baggage is on conveyor belt-------
---------baggage detected by sensor------------- 
Baggage weighs: 20.53 kg
baggage is on conveyor belt-------
---------baggage detected by sensor------------- 
Baggage weighs: 20.62 kg
baggage is on conveyor belt-------
---------baggage detected by sensor------------- 
Baggage weighs: 20.7 kg
baggage is on conveyor belt-------
---------baggage detected by sensor------------- 
Baggage weighs: 19.64 kg
baggage is on conveyor belt-------
---------baggage detected by sensor------------- 
Baggage weighs: 16.11 kg
baggage is on conveyor belt-------
---------baggage detected by sensor------------- 
Baggage weighs: 22.24 kg
baggage is on conveyor belt-------
---------baggage detected by sensor------------- 
Baggage weighs: 21.47 kg
baggage is on conveyor belt-------
---------baggage detected by sensor------------- 
Baggage weighs: 20.73 kg
baggage is on conveyor belt-------
---------baggage detected by sensor------------- 
Baggage weighs: 19.51 kg
baggage is on conveyor belt-------
---------baggage detected by sensor------------- 
Baggage weighs: 20.11 kg
baggage is on conveyor belt-------
---------baggage detected by sensor------------- 
Baggage weighs: 20.36 kg
baggage is on conveyor belt-------
---------baggage detected by sensor------------- 
Baggage weighs: 18.84 kg
baggage is on conveyor belt-------
---------baggage detected by sensor------------- 
Baggage weighs: 22.61 kg
baggage is on conveyor belt-------
---------baggage detected by sensor------------- 
Baggage weighs: 20.07 kg
baggage is on conveyor belt-------
---------baggage detected by sensor------------- 
Baggage weighs: 20.28 kg
baggage is on conveyor belt-------
---------baggage detected by sensor------------- 
Baggage weighs: 17.9 kg
baggage is on conveyor belt-------
---------baggage detected by sensor------------- 
Baggage weighs: 18.13 kg
baggage is on conveyor belt-------
---------baggage detected by sensor------------- 
Baggage weighs: 18.32 kg
baggage is on conveyor belt-------
---------baggage detected by sensor------------- 
Baggage weighs: 19.3 kg
baggage is on conveyor belt-------
---------baggage detected by sensor------------- 
Baggage weighs: 21.34 kg
baggage is on conveyor belt-------
---------baggage detected by sensor------------- 
Baggage weighs: 19.74 kg
baggage is on conveyor belt-------
---------baggage detected by sensor------------- 
Baggage weighs: 18.46 kg
baggage is on conveyor belt-------
---------baggage detected by sensor------------- 
Baggage weighs: 19.49 kg
baggage is on conveyor belt-------
---------baggage detected by sensor------------- 
Baggage weighs: 17.97 kg
baggage is on conveyor belt-------
---------baggage detected by sensor------------- 
Baggage weighs: 21.32 kg
baggage is on conveyor belt-------
---------baggage detected by sensor------------- 
Baggage weighs: 16.41 kg
baggage is on conveyor belt-------
---------baggage detected by sensor------------- 
Baggage weighs: 16.36 kg
baggage is on conveyor belt-------
---------baggage detected by sensor------------- 
Baggage weighs: 16.24 kg
baggage is on conveyor belt-------
---------baggage detected by sensor------------- 
Baggage weighs: 16.65 kg
baggage is on conveyor belt-------
---------baggage detected by sensor------------- 
Baggage weighs: 20.17 kg
baggage is on conveyor belt-------
---------baggage detected by sensor------------- 
Baggage weighs: 21.08 kg
baggage is on conveyor belt-------
---------baggage detected by sensor------------- 
Baggage weighs: 18.0 kg
baggage is on conveyor belt-------
---------baggage detected by sensor------------- 
Baggage weighs: 17.49 kg
baggage is on conveyor belt-------
---------baggage detected by sensor------------- 
Baggage weighs: 19.3 kg
baggage is on conveyor belt-------
---------baggage detected by sensor------------- 
Baggage weighs: 18.34 kg
baggage is on conveyor belt-------
---------baggage detected by sensor------------- 
Baggage weighs: 19.57 kg
baggage is on conveyor belt-------
---------baggage detected by sensor------------- 
Baggage weighs: 18.99 kg
baggage is on conveyor belt-------
---------baggage detected by sensor------------- 
Baggage weighs: 20.13 kg
baggage is on conveyor belt-------
---------baggage detected by sensor------------- 
Baggage weighs: 21.59 kg
baggage is on conveyor belt-------
---------baggage detected by sensor------------- 
Baggage weighs: 17.75 kg
baggage is on conveyor belt-------
---------baggage detected by sensor------------- 
Baggage weighs: 18.88 kg
baggage is on conveyor belt-------
---------baggage detected by sensor------------- 
Baggage weighs: 17.64 kg
baggage is on conveyor belt-------
---------baggage detected by sensor------------- 
Baggage weighs: 17.28 kg
baggage is on conveyor belt-------
---------baggage detected by sensor------------- 
Baggage weighs: 19.89 kg
baggage is on conveyor belt-------
---------baggage detected by sensor------------- 
Baggage weighs: 16.14 kg
baggage is on conveyor belt-------
---------baggage detected by sensor------------- 
Baggage weighs: 19.6 kg
baggage is on conveyor belt-------
---------baggage detected by sensor------------- 
Baggage weighs: 19.1 kg
baggage is on conveyor belt-------
---------baggage detected by sensor------------- 
Baggage weighs: 16.76 kg
baggage is on conveyor belt-------
---------baggage detected by sensor------------- 
Baggage weighs: 22.78 kg
baggage is on conveyor belt-------
---------baggage detected by sensor------------- 
Baggage weighs: 16.41 kg
baggage is on conveyor belt-------
---------baggage detected by sensor------------- 
Baggage weighs: 19.48 kg
baggage is on conveyor belt-------
---------baggage detected by sensor------------- 
Baggage weighs: 19.0 kg
baggage is on conveyor belt-------
---------baggage detected by sensor------------- 
Baggage weighs: 21.58 kg
baggage is on conveyor belt-------
---------baggage detected by sensor------------- 
Baggage weighs: 21.07 kg
baggage is on conveyor belt-------
---------baggage detected by sensor------------- 
Baggage weighs: 16.28 kg
baggage is on conveyor belt-------
---------baggage detected by sensor------------- 
Baggage weighs: 20.22 kg
baggage is on conveyor belt-------
---------baggage detected by sensor------------- 
Baggage weighs: 17.58 kg
baggage is on conveyor belt-------
---------baggage detected by sensor------------- 
Baggage weighs: 17.69 kg
baggage is on conveyor belt-------
---------baggage detected by sensor------------- 
Baggage weighs: 19.1 kg
baggage is on conveyor belt-------
---------baggage detected by sensor------------- 
Baggage weighs: 18.5 kg
baggage is on conveyor belt-------
---------baggage detected by sensor------------- 
Baggage weighs: 19.06 kg
baggage is on conveyor belt-------
---------baggage detected by sensor------------- 
Baggage weighs: 21.45 kg
baggage is on conveyor belt-------
---------baggage detected by sensor------------- 
Baggage weighs: 19.0 kg
baggage is on conveyor belt-------
---------baggage detected by sensor------------- 
Baggage weighs: 20.87 kg
baggage is on conveyor belt-------
---------baggage detected by sensor------------- 
Baggage weighs: 22.55 kg
baggage is on conveyor belt-------
---------baggage detected by sensor------------- 
Baggage weighs: 21.43 kg
baggage is on conveyor belt-------
---------baggage detected by sensor------------- 
Baggage weighs: 16.99 kg
baggage is on conveyor belt-------
---------baggage detected by sensor------------- 
Baggage weighs: 16.52 kg
baggage is on conveyor belt-------
---------baggage detected by sensor------------- 
Baggage weighs: 20.55 kg
baggage is on conveyor belt-------
---------baggage detected by sensor------------- 
Baggage weighs: 21.64 kg
baggage is on conveyor belt-------
---------baggage detected by sensor------------- 
Baggage weighs: 18.94 kg
baggage is on conveyor belt-------
---------baggage detected by sensor------------- 
Baggage weighs: 20.28 kg
baggage is on conveyor belt-------
---------baggage detected by sensor------------- 
Baggage weighs: 18.3 kg
baggage is on conveyor belt-------
---------baggage detected by sensor------------- 
Baggage weighs: 20.49 kg
baggage is on conveyor belt-------
---------baggage detected by sensor------------- 
Baggage weighs: 17.77 kg
baggage is on conveyor belt-------
---------baggage detected by sensor------------- 
Baggage weighs: 21.55 kg
baggage is on conveyor belt-------
---------baggage detected by sensor------------- 
Baggage weighs: 19.94 kg
baggage is on conveyor belt-------
---------baggage detected by sensor------------- 
Baggage weighs: 19.71 kg
baggage is on conveyor belt-------
---------baggage detected by sensor------------- 
Baggage weighs: 16.27 kg
baggage is on conveyor belt-------
---------baggage detected by sensor------------- 
Baggage weighs: 17.63 kg
Seat with ID: 41A has been reserved for you!

BOARDING PASS FOR SEBASTIAN CARDENAS
-----------------------------------------------------------------------------
LUFTHANSA                      5n4aoafoa3ugtiq /  Sebastian Cardenas
Sebastian Cardenas                                     /  5n4aoafoa3ugtiq
FRA   LH2121   E  30.Oct                       /  FRA
HKG                                            /  HKG
SEAT ID: 41A                                   /  LH2121 E 30.Oct
SEQ: 234                                      / GATE: A05   22:00
MAX 1  HANDLUGGAGE/ LUGGAGE
-----------------------------------------------------------------------------
sorry Sebastian Cardenas we have no voucher for you! Have a nice day!

---------------------------------------------------------------------------------------------------------------
scanning passport with passport id: 98NI18RU4
searching for ticket in fast bag drop database..............
Ticket found for Meagan Ramsey and Flight LH2121
----searching flight seat for Meagan Ramsey---------
Found a seat with ID 41B
Below details were found in database
------------------------------------------
Name: Meagan Ramsey
Flight ID: LH2121
Source: FRA
Destination: HKG
Gate No: A05
Boarding time: 22:00
Ticket ID: y3587uk78aox8mi
Booking Class: E
------------------------------------------

Proceed with check-in for flight LH2121 ?
Type YES to CHECK-IN or NO to cancel CHECK-IN
Meagan Ramsey is deciding whether to check-in or to go back home and sleep............
YES CHECK-IN
Checking you in...............
baggage is on conveyor belt-------
---------baggage detected by sensor------------- 
Baggage weighs: 21.58 kg
baggage is on conveyor belt-------
---------baggage detected by sensor------------- 
Baggage weighs: 20.43 kg
baggage is on conveyor belt-------
---------baggage detected by sensor------------- 
Baggage weighs: 18.47 kg
baggage is on conveyor belt-------
---------baggage detected by sensor------------- 
Baggage weighs: 17.86 kg
baggage is on conveyor belt-------
---------baggage detected by sensor------------- 
Baggage weighs: 18.65 kg
baggage is on conveyor belt-------
---------baggage detected by sensor------------- 
Baggage weighs: 19.27 kg
baggage is on conveyor belt-------
---------baggage detected by sensor------------- 
Baggage weighs: 17.42 kg
baggage is on conveyor belt-------
---------baggage detected by sensor------------- 
Baggage weighs: 19.16 kg
baggage is on conveyor belt-------
---------baggage detected by sensor------------- 
Baggage weighs: 19.52 kg
baggage is on conveyor belt-------
---------baggage detected by sensor------------- 
Baggage weighs: 17.51 kg
baggage is on conveyor belt-------
---------baggage detected by sensor------------- 
Baggage weighs: 17.38 kg
baggage is on conveyor belt-------
---------baggage detected by sensor------------- 
Baggage weighs: 18.67 kg
baggage is on conveyor belt-------
---------baggage detected by sensor------------- 
Baggage weighs: 16.98 kg
baggage is on conveyor belt-------
---------baggage detected by sensor------------- 
Baggage weighs: 21.26 kg
baggage is on conveyor belt-------
---------baggage detected by sensor------------- 
Baggage weighs: 18.3 kg
baggage is on conveyor belt-------
---------baggage detected by sensor------------- 
Baggage weighs: 16.81 kg
baggage is on conveyor belt-------
---------baggage detected by sensor------------- 
Baggage weighs: 20.91 kg
baggage is on conveyor belt-------
---------baggage detected by sensor------------- 
Baggage weighs: 21.21 kg
baggage is on conveyor belt-------
---------baggage detected by sensor------------- 
Baggage weighs: 19.69 kg
baggage is on conveyor belt-------
---------baggage detected by sensor------------- 
Baggage weighs: 18.67 kg
baggage is on conveyor belt-------
---------baggage detected by sensor------------- 
Baggage weighs: 19.12 kg
baggage is on conveyor belt-------
---------baggage detected by sensor------------- 
Baggage weighs: 16.42 kg
baggage is on conveyor belt-------
---------baggage detected by sensor------------- 
Baggage weighs: 19.17 kg
baggage is on conveyor belt-------
---------baggage detected by sensor------------- 
Baggage weighs: 19.0 kg
baggage is on conveyor belt-------
---------baggage detected by sensor------------- 
Baggage weighs: 18.78 kg
baggage is on conveyor belt-------
---------baggage detected by sensor------------- 
Baggage weighs: 20.31 kg
baggage is on conveyor belt-------
---------baggage detected by sensor------------- 
Baggage weighs: 21.25 kg
baggage is on conveyor belt-------
---------baggage detected by sensor------------- 
Baggage weighs: 18.87 kg
baggage is on conveyor belt-------
---------baggage detected by sensor------------- 
Baggage weighs: 16.25 kg
baggage is on conveyor belt-------
---------baggage detected by sensor------------- 
Baggage weighs: 19.94 kg
baggage is on conveyor belt-------
---------baggage detected by sensor------------- 
Baggage weighs: 16.88 kg
baggage is on conveyor belt-------
---------baggage detected by sensor------------- 
Baggage weighs: 18.24 kg
baggage is on conveyor belt-------
---------baggage detected by sensor------------- 
Baggage weighs: 17.16 kg
baggage is on conveyor belt-------
---------baggage detected by sensor------------- 
Baggage weighs: 19.34 kg
baggage is on conveyor belt-------
---------baggage detected by sensor------------- 
Baggage weighs: 22.41 kg
baggage is on conveyor belt-------
---------baggage detected by sensor------------- 
Baggage weighs: 20.47 kg
baggage is on conveyor belt-------
---------baggage detected by sensor------------- 
Baggage weighs: 18.81 kg
baggage is on conveyor belt-------
---------baggage detected by sensor------------- 
Baggage weighs: 18.56 kg
baggage is on conveyor belt-------
---------baggage detected by sensor------------- 
Baggage weighs: 17.77 kg
baggage is on conveyor belt-------
---------baggage detected by sensor------------- 
Baggage weighs: 19.32 kg
baggage is on conveyor belt-------
---------baggage detected by sensor------------- 
Baggage weighs: 19.21 kg
baggage is on conveyor belt-------
---------baggage detected by sensor------------- 
Baggage weighs: 19.13 kg
baggage is on conveyor belt-------
---------baggage detected by sensor------------- 
Baggage weighs: 20.39 kg
baggage is on conveyor belt-------
---------baggage detected by sensor------------- 
Baggage weighs: 21.03 kg
baggage is on conveyor belt-------
---------baggage detected by sensor------------- 
Baggage weighs: 20.05 kg
baggage is on conveyor belt-------
---------baggage detected by sensor------------- 
Baggage weighs: 21.92 kg
baggage is on conveyor belt-------
---------baggage detected by sensor------------- 
Baggage weighs: 19.37 kg
baggage is on conveyor belt-------
---------baggage detected by sensor------------- 
Baggage weighs: 20.35 kg
baggage is on conveyor belt-------
---------baggage detected by sensor------------- 
Baggage weighs: 18.73 kg
baggage is on conveyor belt-------
---------baggage detected by sensor------------- 
Baggage weighs: 20.33 kg
baggage is on conveyor belt-------
---------baggage detected by sensor------------- 
Baggage weighs: 22.01 kg
baggage is on conveyor belt-------
---------baggage detected by sensor------------- 
Baggage weighs: 19.27 kg
baggage is on conveyor belt-------
---------baggage detected by sensor------------- 
Baggage weighs: 21.18 kg
baggage is on conveyor belt-------
---------baggage detected by sensor------------- 
Baggage weighs: 17.16 kg
baggage is on conveyor belt-------
---------baggage detected by sensor------------- 
Baggage weighs: 20.04 kg
baggage is on conveyor belt-------
---------baggage detected by sensor------------- 
Baggage weighs: 20.91 kg
baggage is on conveyor belt-------
---------baggage detected by sensor------------- 
Baggage weighs: 20.3 kg
baggage is on conveyor belt-------
---------baggage detected by sensor------------- 
Baggage weighs: 20.38 kg
baggage is on conveyor belt-------
---------baggage detected by sensor------------- 
Baggage weighs: 16.54 kg
baggage is on conveyor belt-------
---------baggage detected by sensor------------- 
Baggage weighs: 18.87 kg
baggage is on conveyor belt-------
---------baggage detected by sensor------------- 
Baggage weighs: 20.22 kg
baggage is on conveyor belt-------
---------baggage detected by sensor------------- 
Baggage weighs: 20.75 kg
baggage is on conveyor belt-------
---------baggage detected by sensor------------- 
Baggage weighs: 17.4 kg
baggage is on conveyor belt-------
---------baggage detected by sensor------------- 
Baggage weighs: 20.27 kg
baggage is on conveyor belt-------
---------baggage detected by sensor------------- 
Baggage weighs: 17.04 kg
baggage is on conveyor belt-------
---------baggage detected by sensor------------- 
Baggage weighs: 19.84 kg
baggage is on conveyor belt-------
---------baggage detected by sensor------------- 
Baggage weighs: 17.34 kg
baggage is on conveyor belt-------
---------baggage detected by sensor------------- 
Baggage weighs: 18.75 kg
baggage is on conveyor belt-------
---------baggage detected by sensor------------- 
Baggage weighs: 19.12 kg
baggage is on conveyor belt-------
---------baggage detected by sensor------------- 
Baggage weighs: 18.29 kg
baggage is on conveyor belt-------
---------baggage detected by sensor------------- 
Baggage weighs: 17.94 kg
baggage is on conveyor belt-------
---------baggage detected by sensor------------- 
Baggage weighs: 19.09 kg
baggage is on conveyor belt-------
---------baggage detected by sensor------------- 
Baggage weighs: 22.39 kg
baggage is on conveyor belt-------
---------baggage detected by sensor------------- 
Baggage weighs: 21.23 kg
baggage is on conveyor belt-------
---------baggage detected by sensor------------- 
Baggage weighs: 17.56 kg
baggage is on conveyor belt-------
---------baggage detected by sensor------------- 
Baggage weighs: 18.37 kg
baggage is on conveyor belt-------
---------baggage detected by sensor------------- 
Baggage weighs: 21.4 kg
baggage is on conveyor belt-------
---------baggage detected by sensor------------- 
Baggage weighs: 20.25 kg
baggage is on conveyor belt-------
---------baggage detected by sensor------------- 
Baggage weighs: 23.0 kg
baggage is on conveyor belt-------
---------baggage detected by sensor------------- 
Baggage weighs: 17.01 kg
baggage is on conveyor belt-------
---------baggage detected by sensor------------- 
Baggage weighs: 17.39 kg
baggage is on conveyor belt-------
---------baggage detected by sensor------------- 
Baggage weighs: 16.7 kg
baggage is on conveyor belt-------
---------baggage detected by sensor------------- 
Baggage weighs: 16.23 kg
baggage is on conveyor belt-------
---------baggage detected by sensor------------- 
Baggage weighs: 19.13 kg
baggage is on conveyor belt-------
---------baggage detected by sensor------------- 
Baggage weighs: 21.07 kg
baggage is on conveyor belt-------
---------baggage detected by sensor------------- 
Baggage weighs: 17.87 kg
baggage is on conveyor belt-------
---------baggage detected by sensor------------- 
Baggage weighs: 19.92 kg
baggage is on conveyor belt-------
---------baggage detected by sensor------------- 
Baggage weighs: 19.22 kg
baggage is on conveyor belt-------
---------baggage detected by sensor------------- 
Baggage weighs: 21.53 kg
baggage is on conveyor belt-------
---------baggage detected by sensor------------- 
Baggage weighs: 20.29 kg
baggage is on conveyor belt-------
---------baggage detected by sensor------------- 
Baggage weighs: 19.32 kg
baggage is on conveyor belt-------
---------baggage detected by sensor------------- 
Baggage weighs: 17.25 kg
baggage is on conveyor belt-------
---------baggage detected by sensor------------- 
Baggage weighs: 21.3 kg
baggage is on conveyor belt-------
---------baggage detected by sensor------------- 
Baggage weighs: 16.79 kg
baggage is on conveyor belt-------
---------baggage detected by sensor------------- 
Baggage weighs: 19.55 kg
baggage is on conveyor belt-------
---------baggage detected by sensor------------- 
Baggage weighs: 18.88 kg
baggage is on conveyor belt-------
---------baggage detected by sensor------------- 
Baggage weighs: 22.33 kg
baggage is on conveyor belt-------
---------baggage detected by sensor------------- 
Baggage weighs: 20.62 kg
baggage is on conveyor belt-------
---------baggage detected by sensor------------- 
Baggage weighs: 19.42 kg
baggage is on conveyor belt-------
---------baggage detected by sensor------------- 
Baggage weighs: 17.54 kg
baggage is on conveyor belt-------
---------baggage detected by sensor------------- 
Baggage weighs: 21.51 kg
baggage is on conveyor belt-------
---------baggage detected by sensor------------- 
Baggage weighs: 19.46 kg
baggage is on conveyor belt-------
---------baggage detected by sensor------------- 
Baggage weighs: 17.83 kg
baggage is on conveyor belt-------
---------baggage detected by sensor------------- 
Baggage weighs: 17.75 kg
baggage is on conveyor belt-------
---------baggage detected by sensor------------- 
Baggage weighs: 17.44 kg
baggage is on conveyor belt-------
---------baggage detected by sensor------------- 
Baggage weighs: 19.53 kg
baggage is on conveyor belt-------
---------baggage detected by sensor------------- 
Baggage weighs: 17.51 kg
baggage is on conveyor belt-------
---------baggage detected by sensor------------- 
Baggage weighs: 18.2 kg
baggage is on conveyor belt-------
---------baggage detected by sensor------------- 
Baggage weighs: 21.55 kg
baggage is on conveyor belt-------
---------baggage detected by sensor------------- 
Baggage weighs: 19.67 kg
baggage is on conveyor belt-------
---------baggage detected by sensor------------- 
Baggage weighs: 19.52 kg
baggage is on conveyor belt-------
---------baggage detected by sensor------------- 
Baggage weighs: 21.06 kg
baggage is on conveyor belt-------
---------baggage detected by sensor------------- 
Baggage weighs: 17.44 kg
baggage is on conveyor belt-------
---------baggage detected by sensor------------- 
Baggage weighs: 19.21 kg
baggage is on conveyor belt-------
---------baggage detected by sensor------------- 
Baggage weighs: 21.65 kg
baggage is on conveyor belt-------
---------baggage detected by sensor------------- 
Baggage weighs: 19.64 kg
baggage is on conveyor belt-------
---------baggage detected by sensor------------- 
Baggage weighs: 21.03 kg
baggage is on conveyor belt-------
---------baggage detected by sensor------------- 
Baggage weighs: 19.76 kg
baggage is on conveyor belt-------
---------baggage detected by sensor------------- 
Baggage weighs: 21.01 kg
baggage is on conveyor belt-------
---------baggage detected by sensor------------- 
Baggage weighs: 19.11 kg
baggage is on conveyor belt-------
---------baggage detected by sensor------------- 
Baggage weighs: 18.54 kg
baggage is on conveyor belt-------
---------baggage detected by sensor------------- 
Baggage weighs: 16.86 kg
baggage is on conveyor belt-------
---------baggage detected by sensor------------- 
Baggage weighs: 16.59 kg
baggage is on conveyor belt-------
---------baggage detected by sensor------------- 
Baggage weighs: 19.26 kg
baggage is on conveyor belt-------
---------baggage detected by sensor------------- 
Baggage weighs: 18.34 kg
baggage is on conveyor belt-------
---------baggage detected by sensor------------- 
Baggage weighs: 19.09 kg
baggage is on conveyor belt-------
---------baggage detected by sensor------------- 
Baggage weighs: 22.38 kg
baggage is on conveyor belt-------
---------baggage detected by sensor------------- 
Baggage weighs: 22.12 kg
baggage is on conveyor belt-------
---------baggage detected by sensor------------- 
Baggage weighs: 16.75 kg
baggage is on conveyor belt-------
---------baggage detected by sensor------------- 
Baggage weighs: 20.36 kg
baggage is on conveyor belt-------
---------baggage detected by sensor------------- 
Baggage weighs: 20.94 kg
baggage is on conveyor belt-------
---------baggage detected by sensor------------- 
Baggage weighs: 19.8 kg
baggage is on conveyor belt-------
---------baggage detected by sensor------------- 
Baggage weighs: 19.12 kg
baggage is on conveyor belt-------
---------baggage detected by sensor------------- 
Baggage weighs: 16.93 kg
baggage is on conveyor belt-------
---------baggage detected by sensor------------- 
Baggage weighs: 20.48 kg
baggage is on conveyor belt-------
---------baggage detected by sensor------------- 
Baggage weighs: 17.63 kg
baggage is on conveyor belt-------
---------baggage detected by sensor------------- 
Baggage weighs: 19.86 kg
baggage is on conveyor belt-------
---------baggage detected by sensor------------- 
Baggage weighs: 19.4 kg
baggage is on conveyor belt-------
---------baggage detected by sensor------------- 
Baggage weighs: 19.0 kg
baggage is on conveyor belt-------
---------baggage detected by sensor------------- 
Baggage weighs: 20.5 kg
baggage is on conveyor belt-------
---------baggage detected by sensor------------- 
Baggage weighs: 21.9 kg
baggage is on conveyor belt-------
---------baggage detected by sensor------------- 
Baggage weighs: 19.82 kg
baggage is on conveyor belt-------
---------baggage detected by sensor------------- 
Baggage weighs: 18.98 kg
baggage is on conveyor belt-------
---------baggage detected by sensor------------- 
Baggage weighs: 19.28 kg
baggage is on conveyor belt-------
---------baggage detected by sensor------------- 
Baggage weighs: 18.06 kg
baggage is on conveyor belt-------
---------baggage detected by sensor------------- 
Baggage weighs: 20.2 kg
baggage is on conveyor belt-------
---------baggage detected by sensor------------- 
Baggage weighs: 19.74 kg
baggage is on conveyor belt-------
---------baggage detected by sensor------------- 
Baggage weighs: 17.44 kg
baggage is on conveyor belt-------
---------baggage detected by sensor------------- 
Baggage weighs: 19.36 kg
baggage is on conveyor belt-------
---------baggage detected by sensor------------- 
Baggage weighs: 20.4 kg
baggage is on conveyor belt-------
---------baggage detected by sensor------------- 
Baggage weighs: 18.92 kg
baggage is on conveyor belt-------
---------baggage detected by sensor------------- 
Baggage weighs: 18.48 kg
baggage is on conveyor belt-------
---------baggage detected by sensor------------- 
Baggage weighs: 17.34 kg
baggage is on conveyor belt-------
---------baggage detected by sensor------------- 
Baggage weighs: 20.57 kg
baggage is on conveyor belt-------
---------baggage detected by sensor------------- 
Baggage weighs: 17.19 kg
baggage is on conveyor belt-------
---------baggage detected by sensor------------- 
Baggage weighs: 18.25 kg
baggage is on conveyor belt-------
---------baggage detected by sensor------------- 
Baggage weighs: 19.29 kg
baggage is on conveyor belt-------
---------baggage detected by sensor------------- 
Baggage weighs: 16.86 kg
baggage is on conveyor belt-------
---------baggage detected by sensor------------- 
Baggage weighs: 19.34 kg
baggage is on conveyor belt-------
---------baggage detected by sensor------------- 
Baggage weighs: 19.32 kg
baggage is on conveyor belt-------
---------baggage detected by sensor------------- 
Baggage weighs: 18.15 kg
baggage is on conveyor belt-------
---------baggage detected by sensor------------- 
Baggage weighs: 18.98 kg
baggage is on conveyor belt-------
---------baggage detected by sensor------------- 
Baggage weighs: 21.84 kg
baggage is on conveyor belt-------
---------baggage detected by sensor------------- 
Baggage weighs: 20.53 kg
baggage is on conveyor belt-------
---------baggage detected by sensor------------- 
Baggage weighs: 20.62 kg
baggage is on conveyor belt-------
---------baggage detected by sensor------------- 
Baggage weighs: 20.7 kg
baggage is on conveyor belt-------
---------baggage detected by sensor------------- 
Baggage weighs: 19.64 kg
baggage is on conveyor belt-------
---------baggage detected by sensor------------- 
Baggage weighs: 16.11 kg
baggage is on conveyor belt-------
---------baggage detected by sensor------------- 
Baggage weighs: 22.24 kg
baggage is on conveyor belt-------
---------baggage detected by sensor------------- 
Baggage weighs: 21.47 kg
baggage is on conveyor belt-------
---------baggage detected by sensor------------- 
Baggage weighs: 20.73 kg
baggage is on conveyor belt-------
---------baggage detected by sensor------------- 
Baggage weighs: 19.51 kg
baggage is on conveyor belt-------
---------baggage detected by sensor------------- 
Baggage weighs: 20.11 kg
baggage is on conveyor belt-------
---------baggage detected by sensor------------- 
Baggage weighs: 20.36 kg
baggage is on conveyor belt-------
---------baggage detected by sensor------------- 
Baggage weighs: 18.84 kg
baggage is on conveyor belt-------
---------baggage detected by sensor------------- 
Baggage weighs: 22.61 kg
baggage is on conveyor belt-------
---------baggage detected by sensor------------- 
Baggage weighs: 20.07 kg
baggage is on conveyor belt-------
---------baggage detected by sensor------------- 
Baggage weighs: 20.28 kg
baggage is on conveyor belt-------
---------baggage detected by sensor------------- 
Baggage weighs: 17.9 kg
baggage is on conveyor belt-------
---------baggage detected by sensor------------- 
Baggage weighs: 18.13 kg
baggage is on conveyor belt-------
---------baggage detected by sensor------------- 
Baggage weighs: 18.32 kg
baggage is on conveyor belt-------
---------baggage detected by sensor------------- 
Baggage weighs: 19.3 kg
baggage is on conveyor belt-------
---------baggage detected by sensor------------- 
Baggage weighs: 21.34 kg
baggage is on conveyor belt-------
---------baggage detected by sensor------------- 
Baggage weighs: 19.74 kg
baggage is on conveyor belt-------
---------baggage detected by sensor------------- 
Baggage weighs: 18.46 kg
baggage is on conveyor belt-------
---------baggage detected by sensor------------- 
Baggage weighs: 19.49 kg
baggage is on conveyor belt-------
---------baggage detected by sensor------------- 
Baggage weighs: 17.97 kg
baggage is on conveyor belt-------
---------baggage detected by sensor------------- 
Baggage weighs: 21.32 kg
baggage is on conveyor belt-------
---------baggage detected by sensor------------- 
Baggage weighs: 16.41 kg
baggage is on conveyor belt-------
---------baggage detected by sensor------------- 
Baggage weighs: 16.36 kg
baggage is on conveyor belt-------
---------baggage detected by sensor------------- 
Baggage weighs: 16.24 kg
baggage is on conveyor belt-------
---------baggage detected by sensor------------- 
Baggage weighs: 16.65 kg
baggage is on conveyor belt-------
---------baggage detected by sensor------------- 
Baggage weighs: 20.17 kg
baggage is on conveyor belt-------
---------baggage detected by sensor------------- 
Baggage weighs: 21.08 kg
baggage is on conveyor belt-------
---------baggage detected by sensor------------- 
Baggage weighs: 18.0 kg
baggage is on conveyor belt-------
---------baggage detected by sensor------------- 
Baggage weighs: 17.49 kg
baggage is on conveyor belt-------
---------baggage detected by sensor------------- 
Baggage weighs: 19.3 kg
baggage is on conveyor belt-------
---------baggage detected by sensor------------- 
Baggage weighs: 18.34 kg
baggage is on conveyor belt-------
---------baggage detected by sensor------------- 
Baggage weighs: 19.57 kg
baggage is on conveyor belt-------
---------baggage detected by sensor------------- 
Baggage weighs: 18.99 kg
baggage is on conveyor belt-------
---------baggage detected by sensor------------- 
Baggage weighs: 20.13 kg
baggage is on conveyor belt-------
---------baggage detected by sensor------------- 
Baggage weighs: 21.59 kg
baggage is on conveyor belt-------
---------baggage detected by sensor------------- 
Baggage weighs: 17.75 kg
baggage is on conveyor belt-------
---------baggage detected by sensor------------- 
Baggage weighs: 18.88 kg
baggage is on conveyor belt-------
---------baggage detected by sensor------------- 
Baggage weighs: 17.64 kg
baggage is on conveyor belt-------
---------baggage detected by sensor------------- 
Baggage weighs: 17.28 kg
baggage is on conveyor belt-------
---------baggage detected by sensor------------- 
Baggage weighs: 19.89 kg
baggage is on conveyor belt-------
---------baggage detected by sensor------------- 
Baggage weighs: 16.14 kg
baggage is on conveyor belt-------
---------baggage detected by sensor------------- 
Baggage weighs: 19.6 kg
baggage is on conveyor belt-------
---------baggage detected by sensor------------- 
Baggage weighs: 19.1 kg
baggage is on conveyor belt-------
---------baggage detected by sensor------------- 
Baggage weighs: 16.76 kg
baggage is on conveyor belt-------
---------baggage detected by sensor------------- 
Baggage weighs: 22.78 kg
baggage is on conveyor belt-------
---------baggage detected by sensor------------- 
Baggage weighs: 16.41 kg
baggage is on conveyor belt-------
---------baggage detected by sensor------------- 
Baggage weighs: 19.48 kg
baggage is on conveyor belt-------
---------baggage detected by sensor------------- 
Baggage weighs: 19.0 kg
baggage is on conveyor belt-------
---------baggage detected by sensor------------- 
Baggage weighs: 21.58 kg
baggage is on conveyor belt-------
---------baggage detected by sensor------------- 
Baggage weighs: 21.07 kg
baggage is on conveyor belt-------
---------baggage detected by sensor------------- 
Baggage weighs: 16.28 kg
baggage is on conveyor belt-------
---------baggage detected by sensor------------- 
Baggage weighs: 20.22 kg
baggage is on conveyor belt-------
---------baggage detected by sensor------------- 
Baggage weighs: 17.58 kg
baggage is on conveyor belt-------
---------baggage detected by sensor------------- 
Baggage weighs: 17.69 kg
baggage is on conveyor belt-------
---------baggage detected by sensor------------- 
Baggage weighs: 19.1 kg
baggage is on conveyor belt-------
---------baggage detected by sensor------------- 
Baggage weighs: 18.5 kg
baggage is on conveyor belt-------
---------baggage detected by sensor------------- 
Baggage weighs: 19.06 kg
baggage is on conveyor belt-------
---------baggage detected by sensor------------- 
Baggage weighs: 21.45 kg
baggage is on conveyor belt-------
---------baggage detected by sensor------------- 
Baggage weighs: 19.0 kg
baggage is on conveyor belt-------
---------baggage detected by sensor------------- 
Baggage weighs: 20.87 kg
baggage is on conveyor belt-------
---------baggage detected by sensor------------- 
Baggage weighs: 22.55 kg
baggage is on conveyor belt-------
---------baggage detected by sensor------------- 
Baggage weighs: 21.43 kg
baggage is on conveyor belt-------
---------baggage detected by sensor------------- 
Baggage weighs: 16.99 kg
baggage is on conveyor belt-------
---------baggage detected by sensor------------- 
Baggage weighs: 16.52 kg
baggage is on conveyor belt-------
---------baggage detected by sensor------------- 
Baggage weighs: 20.55 kg
baggage is on conveyor belt-------
---------baggage detected by sensor------------- 
Baggage weighs: 21.64 kg
baggage is on conveyor belt-------
---------baggage detected by sensor------------- 
Baggage weighs: 18.94 kg
baggage is on conveyor belt-------
---------baggage detected by sensor------------- 
Baggage weighs: 20.28 kg
baggage is on conveyor belt-------
---------baggage detected by sensor------------- 
Baggage weighs: 18.3 kg
baggage is on conveyor belt-------
---------baggage detected by sensor------------- 
Baggage weighs: 20.49 kg
baggage is on conveyor belt-------
---------baggage detected by sensor------------- 
Baggage weighs: 17.77 kg
baggage is on conveyor belt-------
---------baggage detected by sensor------------- 
Baggage weighs: 21.55 kg
baggage is on conveyor belt-------
---------baggage detected by sensor------------- 
Baggage weighs: 19.94 kg
baggage is on conveyor belt-------
---------baggage detected by sensor------------- 
Baggage weighs: 19.71 kg
baggage is on conveyor belt-------
---------baggage detected by sensor------------- 
Baggage weighs: 16.27 kg
baggage is on conveyor belt-------
---------baggage detected by sensor------------- 
Baggage weighs: 17.63 kg
baggage is on conveyor belt-------
---------baggage detected by sensor------------- 
Baggage weighs: 20.96 kg
Seat with ID: 41B has been reserved for you!

BOARDING PASS FOR MEAGAN RAMSEY
-----------------------------------------------------------------------------
LUFTHANSA                      y3587uk78aox8mi /  Meagan Ramsey
Meagan Ramsey                                     /  y3587uk78aox8mi
FRA   LH2121   E  30.Oct                       /  FRA
HKG                                            /  HKG
SEAT ID: 41B                                   /  LH2121 E 30.Oct
SEQ: 235                                      / GATE: A05   22:00
MAX 1  HANDLUGGAGE/ LUGGAGE
-----------------------------------------------------------------------------
sorry Meagan Ramsey we have no voucher for you! Have a nice day!

---------------------------------------------------------------------------------------------------------------
scanning passport with passport id: GYNLPOATP
searching for ticket in fast bag drop database..............
Ticket found for Myrtle Holt and Flight LH2121
----searching flight seat for Myrtle Holt---------
Found a seat with ID 41C
Below details were found in database
------------------------------------------
Name: Myrtle Holt
Flight ID: LH2121
Source: FRA
Destination: HKG
Gate No: A05
Boarding time: 22:00
Ticket ID: 33uy39yz00khfdx
Booking Class: E
------------------------------------------

Proceed with check-in for flight LH2121 ?
Type YES to CHECK-IN or NO to cancel CHECK-IN
Myrtle Holt is deciding whether to check-in or to go back home and sleep............
YES CHECK-IN
Checking you in...............
baggage is on conveyor belt-------
---------baggage detected by sensor------------- 
Baggage weighs: 21.58 kg
baggage is on conveyor belt-------
---------baggage detected by sensor------------- 
Baggage weighs: 20.43 kg
baggage is on conveyor belt-------
---------baggage detected by sensor------------- 
Baggage weighs: 18.47 kg
baggage is on conveyor belt-------
---------baggage detected by sensor------------- 
Baggage weighs: 17.86 kg
baggage is on conveyor belt-------
---------baggage detected by sensor------------- 
Baggage weighs: 18.65 kg
baggage is on conveyor belt-------
---------baggage detected by sensor------------- 
Baggage weighs: 19.27 kg
baggage is on conveyor belt-------
---------baggage detected by sensor------------- 
Baggage weighs: 17.42 kg
baggage is on conveyor belt-------
---------baggage detected by sensor------------- 
Baggage weighs: 19.16 kg
baggage is on conveyor belt-------
---------baggage detected by sensor------------- 
Baggage weighs: 19.52 kg
baggage is on conveyor belt-------
---------baggage detected by sensor------------- 
Baggage weighs: 17.51 kg
baggage is on conveyor belt-------
---------baggage detected by sensor------------- 
Baggage weighs: 17.38 kg
baggage is on conveyor belt-------
---------baggage detected by sensor------------- 
Baggage weighs: 18.67 kg
baggage is on conveyor belt-------
---------baggage detected by sensor------------- 
Baggage weighs: 16.98 kg
baggage is on conveyor belt-------
---------baggage detected by sensor------------- 
Baggage weighs: 21.26 kg
baggage is on conveyor belt-------
---------baggage detected by sensor------------- 
Baggage weighs: 18.3 kg
baggage is on conveyor belt-------
---------baggage detected by sensor------------- 
Baggage weighs: 16.81 kg
baggage is on conveyor belt-------
---------baggage detected by sensor------------- 
Baggage weighs: 20.91 kg
baggage is on conveyor belt-------
---------baggage detected by sensor------------- 
Baggage weighs: 21.21 kg
baggage is on conveyor belt-------
---------baggage detected by sensor------------- 
Baggage weighs: 19.69 kg
baggage is on conveyor belt-------
---------baggage detected by sensor------------- 
Baggage weighs: 18.67 kg
baggage is on conveyor belt-------
---------baggage detected by sensor------------- 
Baggage weighs: 19.12 kg
baggage is on conveyor belt-------
---------baggage detected by sensor------------- 
Baggage weighs: 16.42 kg
baggage is on conveyor belt-------
---------baggage detected by sensor------------- 
Baggage weighs: 19.17 kg
baggage is on conveyor belt-------
---------baggage detected by sensor------------- 
Baggage weighs: 19.0 kg
baggage is on conveyor belt-------
---------baggage detected by sensor------------- 
Baggage weighs: 18.78 kg
baggage is on conveyor belt-------
---------baggage detected by sensor------------- 
Baggage weighs: 20.31 kg
baggage is on conveyor belt-------
---------baggage detected by sensor------------- 
Baggage weighs: 21.25 kg
baggage is on conveyor belt-------
---------baggage detected by sensor------------- 
Baggage weighs: 18.87 kg
baggage is on conveyor belt-------
---------baggage detected by sensor------------- 
Baggage weighs: 16.25 kg
baggage is on conveyor belt-------
---------baggage detected by sensor------------- 
Baggage weighs: 19.94 kg
baggage is on conveyor belt-------
---------baggage detected by sensor------------- 
Baggage weighs: 16.88 kg
baggage is on conveyor belt-------
---------baggage detected by sensor------------- 
Baggage weighs: 18.24 kg
baggage is on conveyor belt-------
---------baggage detected by sensor------------- 
Baggage weighs: 17.16 kg
baggage is on conveyor belt-------
---------baggage detected by sensor------------- 
Baggage weighs: 19.34 kg
baggage is on conveyor belt-------
---------baggage detected by sensor------------- 
Baggage weighs: 22.41 kg
baggage is on conveyor belt-------
---------baggage detected by sensor------------- 
Baggage weighs: 20.47 kg
baggage is on conveyor belt-------
---------baggage detected by sensor------------- 
Baggage weighs: 18.81 kg
baggage is on conveyor belt-------
---------baggage detected by sensor------------- 
Baggage weighs: 18.56 kg
baggage is on conveyor belt-------
---------baggage detected by sensor------------- 
Baggage weighs: 17.77 kg
baggage is on conveyor belt-------
---------baggage detected by sensor------------- 
Baggage weighs: 19.32 kg
baggage is on conveyor belt-------
---------baggage detected by sensor------------- 
Baggage weighs: 19.21 kg
baggage is on conveyor belt-------
---------baggage detected by sensor------------- 
Baggage weighs: 19.13 kg
baggage is on conveyor belt-------
---------baggage detected by sensor------------- 
Baggage weighs: 20.39 kg
baggage is on conveyor belt-------
---------baggage detected by sensor------------- 
Baggage weighs: 21.03 kg
baggage is on conveyor belt-------
---------baggage detected by sensor------------- 
Baggage weighs: 20.05 kg
baggage is on conveyor belt-------
---------baggage detected by sensor------------- 
Baggage weighs: 21.92 kg
baggage is on conveyor belt-------
---------baggage detected by sensor------------- 
Baggage weighs: 19.37 kg
baggage is on conveyor belt-------
---------baggage detected by sensor------------- 
Baggage weighs: 20.35 kg
baggage is on conveyor belt-------
---------baggage detected by sensor------------- 
Baggage weighs: 18.73 kg
baggage is on conveyor belt-------
---------baggage detected by sensor------------- 
Baggage weighs: 20.33 kg
baggage is on conveyor belt-------
---------baggage detected by sensor------------- 
Baggage weighs: 22.01 kg
baggage is on conveyor belt-------
---------baggage detected by sensor------------- 
Baggage weighs: 19.27 kg
baggage is on conveyor belt-------
---------baggage detected by sensor------------- 
Baggage weighs: 21.18 kg
baggage is on conveyor belt-------
---------baggage detected by sensor------------- 
Baggage weighs: 17.16 kg
baggage is on conveyor belt-------
---------baggage detected by sensor------------- 
Baggage weighs: 20.04 kg
baggage is on conveyor belt-------
---------baggage detected by sensor------------- 
Baggage weighs: 20.91 kg
baggage is on conveyor belt-------
---------baggage detected by sensor------------- 
Baggage weighs: 20.3 kg
baggage is on conveyor belt-------
---------baggage detected by sensor------------- 
Baggage weighs: 20.38 kg
baggage is on conveyor belt-------
---------baggage detected by sensor------------- 
Baggage weighs: 16.54 kg
baggage is on conveyor belt-------
---------baggage detected by sensor------------- 
Baggage weighs: 18.87 kg
baggage is on conveyor belt-------
---------baggage detected by sensor------------- 
Baggage weighs: 20.22 kg
baggage is on conveyor belt-------
---------baggage detected by sensor------------- 
Baggage weighs: 20.75 kg
baggage is on conveyor belt-------
---------baggage detected by sensor------------- 
Baggage weighs: 17.4 kg
baggage is on conveyor belt-------
---------baggage detected by sensor------------- 
Baggage weighs: 20.27 kg
baggage is on conveyor belt-------
---------baggage detected by sensor------------- 
Baggage weighs: 17.04 kg
baggage is on conveyor belt-------
---------baggage detected by sensor------------- 
Baggage weighs: 19.84 kg
baggage is on conveyor belt-------
---------baggage detected by sensor------------- 
Baggage weighs: 17.34 kg
baggage is on conveyor belt-------
---------baggage detected by sensor------------- 
Baggage weighs: 18.75 kg
baggage is on conveyor belt-------
---------baggage detected by sensor------------- 
Baggage weighs: 19.12 kg
baggage is on conveyor belt-------
---------baggage detected by sensor------------- 
Baggage weighs: 18.29 kg
baggage is on conveyor belt-------
---------baggage detected by sensor------------- 
Baggage weighs: 17.94 kg
baggage is on conveyor belt-------
---------baggage detected by sensor------------- 
Baggage weighs: 19.09 kg
baggage is on conveyor belt-------
---------baggage detected by sensor------------- 
Baggage weighs: 22.39 kg
baggage is on conveyor belt-------
---------baggage detected by sensor------------- 
Baggage weighs: 21.23 kg
baggage is on conveyor belt-------
---------baggage detected by sensor------------- 
Baggage weighs: 17.56 kg
baggage is on conveyor belt-------
---------baggage detected by sensor------------- 
Baggage weighs: 18.37 kg
baggage is on conveyor belt-------
---------baggage detected by sensor------------- 
Baggage weighs: 21.4 kg
baggage is on conveyor belt-------
---------baggage detected by sensor------------- 
Baggage weighs: 20.25 kg
baggage is on conveyor belt-------
---------baggage detected by sensor------------- 
Baggage weighs: 23.0 kg
baggage is on conveyor belt-------
---------baggage detected by sensor------------- 
Baggage weighs: 17.01 kg
baggage is on conveyor belt-------
---------baggage detected by sensor------------- 
Baggage weighs: 17.39 kg
baggage is on conveyor belt-------
---------baggage detected by sensor------------- 
Baggage weighs: 16.7 kg
baggage is on conveyor belt-------
---------baggage detected by sensor------------- 
Baggage weighs: 16.23 kg
baggage is on conveyor belt-------
---------baggage detected by sensor------------- 
Baggage weighs: 19.13 kg
baggage is on conveyor belt-------
---------baggage detected by sensor------------- 
Baggage weighs: 21.07 kg
baggage is on conveyor belt-------
---------baggage detected by sensor------------- 
Baggage weighs: 17.87 kg
baggage is on conveyor belt-------
---------baggage detected by sensor------------- 
Baggage weighs: 19.92 kg
baggage is on conveyor belt-------
---------baggage detected by sensor------------- 
Baggage weighs: 19.22 kg
baggage is on conveyor belt-------
---------baggage detected by sensor------------- 
Baggage weighs: 21.53 kg
baggage is on conveyor belt-------
---------baggage detected by sensor------------- 
Baggage weighs: 20.29 kg
baggage is on conveyor belt-------
---------baggage detected by sensor------------- 
Baggage weighs: 19.32 kg
baggage is on conveyor belt-------
---------baggage detected by sensor------------- 
Baggage weighs: 17.25 kg
baggage is on conveyor belt-------
---------baggage detected by sensor------------- 
Baggage weighs: 21.3 kg
baggage is on conveyor belt-------
---------baggage detected by sensor------------- 
Baggage weighs: 16.79 kg
baggage is on conveyor belt-------
---------baggage detected by sensor------------- 
Baggage weighs: 19.55 kg
baggage is on conveyor belt-------
---------baggage detected by sensor------------- 
Baggage weighs: 18.88 kg
baggage is on conveyor belt-------
---------baggage detected by sensor------------- 
Baggage weighs: 22.33 kg
baggage is on conveyor belt-------
---------baggage detected by sensor------------- 
Baggage weighs: 20.62 kg
baggage is on conveyor belt-------
---------baggage detected by sensor------------- 
Baggage weighs: 19.42 kg
baggage is on conveyor belt-------
---------baggage detected by sensor------------- 
Baggage weighs: 17.54 kg
baggage is on conveyor belt-------
---------baggage detected by sensor------------- 
Baggage weighs: 21.51 kg
baggage is on conveyor belt-------
---------baggage detected by sensor------------- 
Baggage weighs: 19.46 kg
baggage is on conveyor belt-------
---------baggage detected by sensor------------- 
Baggage weighs: 17.83 kg
baggage is on conveyor belt-------
---------baggage detected by sensor------------- 
Baggage weighs: 17.75 kg
baggage is on conveyor belt-------
---------baggage detected by sensor------------- 
Baggage weighs: 17.44 kg
baggage is on conveyor belt-------
---------baggage detected by sensor------------- 
Baggage weighs: 19.53 kg
baggage is on conveyor belt-------
---------baggage detected by sensor------------- 
Baggage weighs: 17.51 kg
baggage is on conveyor belt-------
---------baggage detected by sensor------------- 
Baggage weighs: 18.2 kg
baggage is on conveyor belt-------
---------baggage detected by sensor------------- 
Baggage weighs: 21.55 kg
baggage is on conveyor belt-------
---------baggage detected by sensor------------- 
Baggage weighs: 19.67 kg
baggage is on conveyor belt-------
---------baggage detected by sensor------------- 
Baggage weighs: 19.52 kg
baggage is on conveyor belt-------
---------baggage detected by sensor------------- 
Baggage weighs: 21.06 kg
baggage is on conveyor belt-------
---------baggage detected by sensor------------- 
Baggage weighs: 17.44 kg
baggage is on conveyor belt-------
---------baggage detected by sensor------------- 
Baggage weighs: 19.21 kg
baggage is on conveyor belt-------
---------baggage detected by sensor------------- 
Baggage weighs: 21.65 kg
baggage is on conveyor belt-------
---------baggage detected by sensor------------- 
Baggage weighs: 19.64 kg
baggage is on conveyor belt-------
---------baggage detected by sensor------------- 
Baggage weighs: 21.03 kg
baggage is on conveyor belt-------
---------baggage detected by sensor------------- 
Baggage weighs: 19.76 kg
baggage is on conveyor belt-------
---------baggage detected by sensor------------- 
Baggage weighs: 21.01 kg
baggage is on conveyor belt-------
---------baggage detected by sensor------------- 
Baggage weighs: 19.11 kg
baggage is on conveyor belt-------
---------baggage detected by sensor------------- 
Baggage weighs: 18.54 kg
baggage is on conveyor belt-------
---------baggage detected by sensor------------- 
Baggage weighs: 16.86 kg
baggage is on conveyor belt-------
---------baggage detected by sensor------------- 
Baggage weighs: 16.59 kg
baggage is on conveyor belt-------
---------baggage detected by sensor------------- 
Baggage weighs: 19.26 kg
baggage is on conveyor belt-------
---------baggage detected by sensor------------- 
Baggage weighs: 18.34 kg
baggage is on conveyor belt-------
---------baggage detected by sensor------------- 
Baggage weighs: 19.09 kg
baggage is on conveyor belt-------
---------baggage detected by sensor------------- 
Baggage weighs: 22.38 kg
baggage is on conveyor belt-------
---------baggage detected by sensor------------- 
Baggage weighs: 22.12 kg
baggage is on conveyor belt-------
---------baggage detected by sensor------------- 
Baggage weighs: 16.75 kg
baggage is on conveyor belt-------
---------baggage detected by sensor------------- 
Baggage weighs: 20.36 kg
baggage is on conveyor belt-------
---------baggage detected by sensor------------- 
Baggage weighs: 20.94 kg
baggage is on conveyor belt-------
---------baggage detected by sensor------------- 
Baggage weighs: 19.8 kg
baggage is on conveyor belt-------
---------baggage detected by sensor------------- 
Baggage weighs: 19.12 kg
baggage is on conveyor belt-------
---------baggage detected by sensor------------- 
Baggage weighs: 16.93 kg
baggage is on conveyor belt-------
---------baggage detected by sensor------------- 
Baggage weighs: 20.48 kg
baggage is on conveyor belt-------
---------baggage detected by sensor------------- 
Baggage weighs: 17.63 kg
baggage is on conveyor belt-------
---------baggage detected by sensor------------- 
Baggage weighs: 19.86 kg
baggage is on conveyor belt-------
---------baggage detected by sensor------------- 
Baggage weighs: 19.4 kg
baggage is on conveyor belt-------
---------baggage detected by sensor------------- 
Baggage weighs: 19.0 kg
baggage is on conveyor belt-------
---------baggage detected by sensor------------- 
Baggage weighs: 20.5 kg
baggage is on conveyor belt-------
---------baggage detected by sensor------------- 
Baggage weighs: 21.9 kg
baggage is on conveyor belt-------
---------baggage detected by sensor------------- 
Baggage weighs: 19.82 kg
baggage is on conveyor belt-------
---------baggage detected by sensor------------- 
Baggage weighs: 18.98 kg
baggage is on conveyor belt-------
---------baggage detected by sensor------------- 
Baggage weighs: 19.28 kg
baggage is on conveyor belt-------
---------baggage detected by sensor------------- 
Baggage weighs: 18.06 kg
baggage is on conveyor belt-------
---------baggage detected by sensor------------- 
Baggage weighs: 20.2 kg
baggage is on conveyor belt-------
---------baggage detected by sensor------------- 
Baggage weighs: 19.74 kg
baggage is on conveyor belt-------
---------baggage detected by sensor------------- 
Baggage weighs: 17.44 kg
baggage is on conveyor belt-------
---------baggage detected by sensor------------- 
Baggage weighs: 19.36 kg
baggage is on conveyor belt-------
---------baggage detected by sensor------------- 
Baggage weighs: 20.4 kg
baggage is on conveyor belt-------
---------baggage detected by sensor------------- 
Baggage weighs: 18.92 kg
baggage is on conveyor belt-------
---------baggage detected by sensor------------- 
Baggage weighs: 18.48 kg
baggage is on conveyor belt-------
---------baggage detected by sensor------------- 
Baggage weighs: 17.34 kg
baggage is on conveyor belt-------
---------baggage detected by sensor------------- 
Baggage weighs: 20.57 kg
baggage is on conveyor belt-------
---------baggage detected by sensor------------- 
Baggage weighs: 17.19 kg
baggage is on conveyor belt-------
---------baggage detected by sensor------------- 
Baggage weighs: 18.25 kg
baggage is on conveyor belt-------
---------baggage detected by sensor------------- 
Baggage weighs: 19.29 kg
baggage is on conveyor belt-------
---------baggage detected by sensor------------- 
Baggage weighs: 16.86 kg
baggage is on conveyor belt-------
---------baggage detected by sensor------------- 
Baggage weighs: 19.34 kg
baggage is on conveyor belt-------
---------baggage detected by sensor------------- 
Baggage weighs: 19.32 kg
baggage is on conveyor belt-------
---------baggage detected by sensor------------- 
Baggage weighs: 18.15 kg
baggage is on conveyor belt-------
---------baggage detected by sensor------------- 
Baggage weighs: 18.98 kg
baggage is on conveyor belt-------
---------baggage detected by sensor------------- 
Baggage weighs: 21.84 kg
baggage is on conveyor belt-------
---------baggage detected by sensor------------- 
Baggage weighs: 20.53 kg
baggage is on conveyor belt-------
---------baggage detected by sensor------------- 
Baggage weighs: 20.62 kg
baggage is on conveyor belt-------
---------baggage detected by sensor------------- 
Baggage weighs: 20.7 kg
baggage is on conveyor belt-------
---------baggage detected by sensor------------- 
Baggage weighs: 19.64 kg
baggage is on conveyor belt-------
---------baggage detected by sensor------------- 
Baggage weighs: 16.11 kg
baggage is on conveyor belt-------
---------baggage detected by sensor------------- 
Baggage weighs: 22.24 kg
baggage is on conveyor belt-------
---------baggage detected by sensor------------- 
Baggage weighs: 21.47 kg
baggage is on conveyor belt-------
---------baggage detected by sensor------------- 
Baggage weighs: 20.73 kg
baggage is on conveyor belt-------
---------baggage detected by sensor------------- 
Baggage weighs: 19.51 kg
baggage is on conveyor belt-------
---------baggage detected by sensor------------- 
Baggage weighs: 20.11 kg
baggage is on conveyor belt-------
---------baggage detected by sensor------------- 
Baggage weighs: 20.36 kg
baggage is on conveyor belt-------
---------baggage detected by sensor------------- 
Baggage weighs: 18.84 kg
baggage is on conveyor belt-------
---------baggage detected by sensor------------- 
Baggage weighs: 22.61 kg
baggage is on conveyor belt-------
---------baggage detected by sensor------------- 
Baggage weighs: 20.07 kg
baggage is on conveyor belt-------
---------baggage detected by sensor------------- 
Baggage weighs: 20.28 kg
baggage is on conveyor belt-------
---------baggage detected by sensor------------- 
Baggage weighs: 17.9 kg
baggage is on conveyor belt-------
---------baggage detected by sensor------------- 
Baggage weighs: 18.13 kg
baggage is on conveyor belt-------
---------baggage detected by sensor------------- 
Baggage weighs: 18.32 kg
baggage is on conveyor belt-------
---------baggage detected by sensor------------- 
Baggage weighs: 19.3 kg
baggage is on conveyor belt-------
---------baggage detected by sensor------------- 
Baggage weighs: 21.34 kg
baggage is on conveyor belt-------
---------baggage detected by sensor------------- 
Baggage weighs: 19.74 kg
baggage is on conveyor belt-------
---------baggage detected by sensor------------- 
Baggage weighs: 18.46 kg
baggage is on conveyor belt-------
---------baggage detected by sensor------------- 
Baggage weighs: 19.49 kg
baggage is on conveyor belt-------
---------baggage detected by sensor------------- 
Baggage weighs: 17.97 kg
baggage is on conveyor belt-------
---------baggage detected by sensor------------- 
Baggage weighs: 21.32 kg
baggage is on conveyor belt-------
---------baggage detected by sensor------------- 
Baggage weighs: 16.41 kg
baggage is on conveyor belt-------
---------baggage detected by sensor------------- 
Baggage weighs: 16.36 kg
baggage is on conveyor belt-------
---------baggage detected by sensor------------- 
Baggage weighs: 16.24 kg
baggage is on conveyor belt-------
---------baggage detected by sensor------------- 
Baggage weighs: 16.65 kg
baggage is on conveyor belt-------
---------baggage detected by sensor------------- 
Baggage weighs: 20.17 kg
baggage is on conveyor belt-------
---------baggage detected by sensor------------- 
Baggage weighs: 21.08 kg
baggage is on conveyor belt-------
---------baggage detected by sensor------------- 
Baggage weighs: 18.0 kg
baggage is on conveyor belt-------
---------baggage detected by sensor------------- 
Baggage weighs: 17.49 kg
baggage is on conveyor belt-------
---------baggage detected by sensor------------- 
Baggage weighs: 19.3 kg
baggage is on conveyor belt-------
---------baggage detected by sensor------------- 
Baggage weighs: 18.34 kg
baggage is on conveyor belt-------
---------baggage detected by sensor------------- 
Baggage weighs: 19.57 kg
baggage is on conveyor belt-------
---------baggage detected by sensor------------- 
Baggage weighs: 18.99 kg
baggage is on conveyor belt-------
---------baggage detected by sensor------------- 
Baggage weighs: 20.13 kg
baggage is on conveyor belt-------
---------baggage detected by sensor------------- 
Baggage weighs: 21.59 kg
baggage is on conveyor belt-------
---------baggage detected by sensor------------- 
Baggage weighs: 17.75 kg
baggage is on conveyor belt-------
---------baggage detected by sensor------------- 
Baggage weighs: 18.88 kg
baggage is on conveyor belt-------
---------baggage detected by sensor------------- 
Baggage weighs: 17.64 kg
baggage is on conveyor belt-------
---------baggage detected by sensor------------- 
Baggage weighs: 17.28 kg
baggage is on conveyor belt-------
---------baggage detected by sensor------------- 
Baggage weighs: 19.89 kg
baggage is on conveyor belt-------
---------baggage detected by sensor------------- 
Baggage weighs: 16.14 kg
baggage is on conveyor belt-------
---------baggage detected by sensor------------- 
Baggage weighs: 19.6 kg
baggage is on conveyor belt-------
---------baggage detected by sensor------------- 
Baggage weighs: 19.1 kg
baggage is on conveyor belt-------
---------baggage detected by sensor------------- 
Baggage weighs: 16.76 kg
baggage is on conveyor belt-------
---------baggage detected by sensor------------- 
Baggage weighs: 22.78 kg
baggage is on conveyor belt-------
---------baggage detected by sensor------------- 
Baggage weighs: 16.41 kg
baggage is on conveyor belt-------
---------baggage detected by sensor------------- 
Baggage weighs: 19.48 kg
baggage is on conveyor belt-------
---------baggage detected by sensor------------- 
Baggage weighs: 19.0 kg
baggage is on conveyor belt-------
---------baggage detected by sensor------------- 
Baggage weighs: 21.58 kg
baggage is on conveyor belt-------
---------baggage detected by sensor------------- 
Baggage weighs: 21.07 kg
baggage is on conveyor belt-------
---------baggage detected by sensor------------- 
Baggage weighs: 16.28 kg
baggage is on conveyor belt-------
---------baggage detected by sensor------------- 
Baggage weighs: 20.22 kg
baggage is on conveyor belt-------
---------baggage detected by sensor------------- 
Baggage weighs: 17.58 kg
baggage is on conveyor belt-------
---------baggage detected by sensor------------- 
Baggage weighs: 17.69 kg
baggage is on conveyor belt-------
---------baggage detected by sensor------------- 
Baggage weighs: 19.1 kg
baggage is on conveyor belt-------
---------baggage detected by sensor------------- 
Baggage weighs: 18.5 kg
baggage is on conveyor belt-------
---------baggage detected by sensor------------- 
Baggage weighs: 19.06 kg
baggage is on conveyor belt-------
---------baggage detected by sensor------------- 
Baggage weighs: 21.45 kg
baggage is on conveyor belt-------
---------baggage detected by sensor------------- 
Baggage weighs: 19.0 kg
baggage is on conveyor belt-------
---------baggage detected by sensor------------- 
Baggage weighs: 20.87 kg
baggage is on conveyor belt-------
---------baggage detected by sensor------------- 
Baggage weighs: 22.55 kg
baggage is on conveyor belt-------
---------baggage detected by sensor------------- 
Baggage weighs: 21.43 kg
baggage is on conveyor belt-------
---------baggage detected by sensor------------- 
Baggage weighs: 16.99 kg
baggage is on conveyor belt-------
---------baggage detected by sensor------------- 
Baggage weighs: 16.52 kg
baggage is on conveyor belt-------
---------baggage detected by sensor------------- 
Baggage weighs: 20.55 kg
baggage is on conveyor belt-------
---------baggage detected by sensor------------- 
Baggage weighs: 21.64 kg
baggage is on conveyor belt-------
---------baggage detected by sensor------------- 
Baggage weighs: 18.94 kg
baggage is on conveyor belt-------
---------baggage detected by sensor------------- 
Baggage weighs: 20.28 kg
baggage is on conveyor belt-------
---------baggage detected by sensor------------- 
Baggage weighs: 18.3 kg
baggage is on conveyor belt-------
---------baggage detected by sensor------------- 
Baggage weighs: 20.49 kg
baggage is on conveyor belt-------
---------baggage detected by sensor------------- 
Baggage weighs: 17.77 kg
baggage is on conveyor belt-------
---------baggage detected by sensor------------- 
Baggage weighs: 21.55 kg
baggage is on conveyor belt-------
---------baggage detected by sensor------------- 
Baggage weighs: 19.94 kg
baggage is on conveyor belt-------
---------baggage detected by sensor------------- 
Baggage weighs: 19.71 kg
baggage is on conveyor belt-------
---------baggage detected by sensor------------- 
Baggage weighs: 16.27 kg
baggage is on conveyor belt-------
---------baggage detected by sensor------------- 
Baggage weighs: 17.63 kg
baggage is on conveyor belt-------
---------baggage detected by sensor------------- 
Baggage weighs: 20.96 kg
baggage is on conveyor belt-------
---------baggage detected by sensor------------- 
Baggage weighs: 17.56 kg
Seat with ID: 41C has been reserved for you!

BOARDING PASS FOR MYRTLE HOLT
-----------------------------------------------------------------------------
LUFTHANSA                      33uy39yz00khfdx /  Myrtle Holt
Myrtle Holt                                     /  33uy39yz00khfdx
FRA   LH2121   E  30.Oct                       /  FRA
HKG                                            /  HKG
SEAT ID: 41C                                   /  LH2121 E 30.Oct
SEQ: 236                                      / GATE: A05   22:00
MAX 1  HANDLUGGAGE/ LUGGAGE
-----------------------------------------------------------------------------
sorry Myrtle Holt we have no voucher for you! Have a nice day!

---------------------------------------------------------------------------------------------------------------
scanning passport with passport id: 2M9K8J3UY
searching for ticket in fast bag drop database..............
Ticket found for Tommie Kent and Flight LH2121
----searching flight seat for Tommie Kent---------
Found a seat with ID 41D
Below details were found in database
------------------------------------------
Name: Tommie Kent
Flight ID: LH2121
Source: FRA
Destination: HKG
Gate No: A05
Boarding time: 22:00
Ticket ID: wt3asen31vvd633
Booking Class: E
------------------------------------------

Proceed with check-in for flight LH2121 ?
Type YES to CHECK-IN or NO to cancel CHECK-IN
Tommie Kent is deciding whether to check-in or to go back home and sleep............
YES CHECK-IN
Checking you in...............
baggage is on conveyor belt-------
---------baggage detected by sensor------------- 
Baggage weighs: 21.58 kg
baggage is on conveyor belt-------
---------baggage detected by sensor------------- 
Baggage weighs: 20.43 kg
baggage is on conveyor belt-------
---------baggage detected by sensor------------- 
Baggage weighs: 18.47 kg
baggage is on conveyor belt-------
---------baggage detected by sensor------------- 
Baggage weighs: 17.86 kg
baggage is on conveyor belt-------
---------baggage detected by sensor------------- 
Baggage weighs: 18.65 kg
baggage is on conveyor belt-------
---------baggage detected by sensor------------- 
Baggage weighs: 19.27 kg
baggage is on conveyor belt-------
---------baggage detected by sensor------------- 
Baggage weighs: 17.42 kg
baggage is on conveyor belt-------
---------baggage detected by sensor------------- 
Baggage weighs: 19.16 kg
baggage is on conveyor belt-------
---------baggage detected by sensor------------- 
Baggage weighs: 19.52 kg
baggage is on conveyor belt-------
---------baggage detected by sensor------------- 
Baggage weighs: 17.51 kg
baggage is on conveyor belt-------
---------baggage detected by sensor------------- 
Baggage weighs: 17.38 kg
baggage is on conveyor belt-------
---------baggage detected by sensor------------- 
Baggage weighs: 18.67 kg
baggage is on conveyor belt-------
---------baggage detected by sensor------------- 
Baggage weighs: 16.98 kg
baggage is on conveyor belt-------
---------baggage detected by sensor------------- 
Baggage weighs: 21.26 kg
baggage is on conveyor belt-------
---------baggage detected by sensor------------- 
Baggage weighs: 18.3 kg
baggage is on conveyor belt-------
---------baggage detected by sensor------------- 
Baggage weighs: 16.81 kg
baggage is on conveyor belt-------
---------baggage detected by sensor------------- 
Baggage weighs: 20.91 kg
baggage is on conveyor belt-------
---------baggage detected by sensor------------- 
Baggage weighs: 21.21 kg
baggage is on conveyor belt-------
---------baggage detected by sensor------------- 
Baggage weighs: 19.69 kg
baggage is on conveyor belt-------
---------baggage detected by sensor------------- 
Baggage weighs: 18.67 kg
baggage is on conveyor belt-------
---------baggage detected by sensor------------- 
Baggage weighs: 19.12 kg
baggage is on conveyor belt-------
---------baggage detected by sensor------------- 
Baggage weighs: 16.42 kg
baggage is on conveyor belt-------
---------baggage detected by sensor------------- 
Baggage weighs: 19.17 kg
baggage is on conveyor belt-------
---------baggage detected by sensor------------- 
Baggage weighs: 19.0 kg
baggage is on conveyor belt-------
---------baggage detected by sensor------------- 
Baggage weighs: 18.78 kg
baggage is on conveyor belt-------
---------baggage detected by sensor------------- 
Baggage weighs: 20.31 kg
baggage is on conveyor belt-------
---------baggage detected by sensor------------- 
Baggage weighs: 21.25 kg
baggage is on conveyor belt-------
---------baggage detected by sensor------------- 
Baggage weighs: 18.87 kg
baggage is on conveyor belt-------
---------baggage detected by sensor------------- 
Baggage weighs: 16.25 kg
baggage is on conveyor belt-------
---------baggage detected by sensor------------- 
Baggage weighs: 19.94 kg
baggage is on conveyor belt-------
---------baggage detected by sensor------------- 
Baggage weighs: 16.88 kg
baggage is on conveyor belt-------
---------baggage detected by sensor------------- 
Baggage weighs: 18.24 kg
baggage is on conveyor belt-------
---------baggage detected by sensor------------- 
Baggage weighs: 17.16 kg
baggage is on conveyor belt-------
---------baggage detected by sensor------------- 
Baggage weighs: 19.34 kg
baggage is on conveyor belt-------
---------baggage detected by sensor------------- 
Baggage weighs: 22.41 kg
baggage is on conveyor belt-------
---------baggage detected by sensor------------- 
Baggage weighs: 20.47 kg
baggage is on conveyor belt-------
---------baggage detected by sensor------------- 
Baggage weighs: 18.81 kg
baggage is on conveyor belt-------
---------baggage detected by sensor------------- 
Baggage weighs: 18.56 kg
baggage is on conveyor belt-------
---------baggage detected by sensor------------- 
Baggage weighs: 17.77 kg
baggage is on conveyor belt-------
---------baggage detected by sensor------------- 
Baggage weighs: 19.32 kg
baggage is on conveyor belt-------
---------baggage detected by sensor------------- 
Baggage weighs: 19.21 kg
baggage is on conveyor belt-------
---------baggage detected by sensor------------- 
Baggage weighs: 19.13 kg
baggage is on conveyor belt-------
---------baggage detected by sensor------------- 
Baggage weighs: 20.39 kg
baggage is on conveyor belt-------
---------baggage detected by sensor------------- 
Baggage weighs: 21.03 kg
baggage is on conveyor belt-------
---------baggage detected by sensor------------- 
Baggage weighs: 20.05 kg
baggage is on conveyor belt-------
---------baggage detected by sensor------------- 
Baggage weighs: 21.92 kg
baggage is on conveyor belt-------
---------baggage detected by sensor------------- 
Baggage weighs: 19.37 kg
baggage is on conveyor belt-------
---------baggage detected by sensor------------- 
Baggage weighs: 20.35 kg
baggage is on conveyor belt-------
---------baggage detected by sensor------------- 
Baggage weighs: 18.73 kg
baggage is on conveyor belt-------
---------baggage detected by sensor------------- 
Baggage weighs: 20.33 kg
baggage is on conveyor belt-------
---------baggage detected by sensor------------- 
Baggage weighs: 22.01 kg
baggage is on conveyor belt-------
---------baggage detected by sensor------------- 
Baggage weighs: 19.27 kg
baggage is on conveyor belt-------
---------baggage detected by sensor------------- 
Baggage weighs: 21.18 kg
baggage is on conveyor belt-------
---------baggage detected by sensor------------- 
Baggage weighs: 17.16 kg
baggage is on conveyor belt-------
---------baggage detected by sensor------------- 
Baggage weighs: 20.04 kg
baggage is on conveyor belt-------
---------baggage detected by sensor------------- 
Baggage weighs: 20.91 kg
baggage is on conveyor belt-------
---------baggage detected by sensor------------- 
Baggage weighs: 20.3 kg
baggage is on conveyor belt-------
---------baggage detected by sensor------------- 
Baggage weighs: 20.38 kg
baggage is on conveyor belt-------
---------baggage detected by sensor------------- 
Baggage weighs: 16.54 kg
baggage is on conveyor belt-------
---------baggage detected by sensor------------- 
Baggage weighs: 18.87 kg
baggage is on conveyor belt-------
---------baggage detected by sensor------------- 
Baggage weighs: 20.22 kg
baggage is on conveyor belt-------
---------baggage detected by sensor------------- 
Baggage weighs: 20.75 kg
baggage is on conveyor belt-------
---------baggage detected by sensor------------- 
Baggage weighs: 17.4 kg
baggage is on conveyor belt-------
---------baggage detected by sensor------------- 
Baggage weighs: 20.27 kg
baggage is on conveyor belt-------
---------baggage detected by sensor------------- 
Baggage weighs: 17.04 kg
baggage is on conveyor belt-------
---------baggage detected by sensor------------- 
Baggage weighs: 19.84 kg
baggage is on conveyor belt-------
---------baggage detected by sensor------------- 
Baggage weighs: 17.34 kg
baggage is on conveyor belt-------
---------baggage detected by sensor------------- 
Baggage weighs: 18.75 kg
baggage is on conveyor belt-------
---------baggage detected by sensor------------- 
Baggage weighs: 19.12 kg
baggage is on conveyor belt-------
---------baggage detected by sensor------------- 
Baggage weighs: 18.29 kg
baggage is on conveyor belt-------
---------baggage detected by sensor------------- 
Baggage weighs: 17.94 kg
baggage is on conveyor belt-------
---------baggage detected by sensor------------- 
Baggage weighs: 19.09 kg
baggage is on conveyor belt-------
---------baggage detected by sensor------------- 
Baggage weighs: 22.39 kg
baggage is on conveyor belt-------
---------baggage detected by sensor------------- 
Baggage weighs: 21.23 kg
baggage is on conveyor belt-------
---------baggage detected by sensor------------- 
Baggage weighs: 17.56 kg
baggage is on conveyor belt-------
---------baggage detected by sensor------------- 
Baggage weighs: 18.37 kg
baggage is on conveyor belt-------
---------baggage detected by sensor------------- 
Baggage weighs: 21.4 kg
baggage is on conveyor belt-------
---------baggage detected by sensor------------- 
Baggage weighs: 20.25 kg
baggage is on conveyor belt-------
---------baggage detected by sensor------------- 
Baggage weighs: 23.0 kg
baggage is on conveyor belt-------
---------baggage detected by sensor------------- 
Baggage weighs: 17.01 kg
baggage is on conveyor belt-------
---------baggage detected by sensor------------- 
Baggage weighs: 17.39 kg
baggage is on conveyor belt-------
---------baggage detected by sensor------------- 
Baggage weighs: 16.7 kg
baggage is on conveyor belt-------
---------baggage detected by sensor------------- 
Baggage weighs: 16.23 kg
baggage is on conveyor belt-------
---------baggage detected by sensor------------- 
Baggage weighs: 19.13 kg
baggage is on conveyor belt-------
---------baggage detected by sensor------------- 
Baggage weighs: 21.07 kg
baggage is on conveyor belt-------
---------baggage detected by sensor------------- 
Baggage weighs: 17.87 kg
baggage is on conveyor belt-------
---------baggage detected by sensor------------- 
Baggage weighs: 19.92 kg
baggage is on conveyor belt-------
---------baggage detected by sensor------------- 
Baggage weighs: 19.22 kg
baggage is on conveyor belt-------
---------baggage detected by sensor------------- 
Baggage weighs: 21.53 kg
baggage is on conveyor belt-------
---------baggage detected by sensor------------- 
Baggage weighs: 20.29 kg
baggage is on conveyor belt-------
---------baggage detected by sensor------------- 
Baggage weighs: 19.32 kg
baggage is on conveyor belt-------
---------baggage detected by sensor------------- 
Baggage weighs: 17.25 kg
baggage is on conveyor belt-------
---------baggage detected by sensor------------- 
Baggage weighs: 21.3 kg
baggage is on conveyor belt-------
---------baggage detected by sensor------------- 
Baggage weighs: 16.79 kg
baggage is on conveyor belt-------
---------baggage detected by sensor------------- 
Baggage weighs: 19.55 kg
baggage is on conveyor belt-------
---------baggage detected by sensor------------- 
Baggage weighs: 18.88 kg
baggage is on conveyor belt-------
---------baggage detected by sensor------------- 
Baggage weighs: 22.33 kg
baggage is on conveyor belt-------
---------baggage detected by sensor------------- 
Baggage weighs: 20.62 kg
baggage is on conveyor belt-------
---------baggage detected by sensor------------- 
Baggage weighs: 19.42 kg
baggage is on conveyor belt-------
---------baggage detected by sensor------------- 
Baggage weighs: 17.54 kg
baggage is on conveyor belt-------
---------baggage detected by sensor------------- 
Baggage weighs: 21.51 kg
baggage is on conveyor belt-------
---------baggage detected by sensor------------- 
Baggage weighs: 19.46 kg
baggage is on conveyor belt-------
---------baggage detected by sensor------------- 
Baggage weighs: 17.83 kg
baggage is on conveyor belt-------
---------baggage detected by sensor------------- 
Baggage weighs: 17.75 kg
baggage is on conveyor belt-------
---------baggage detected by sensor------------- 
Baggage weighs: 17.44 kg
baggage is on conveyor belt-------
---------baggage detected by sensor------------- 
Baggage weighs: 19.53 kg
baggage is on conveyor belt-------
---------baggage detected by sensor------------- 
Baggage weighs: 17.51 kg
baggage is on conveyor belt-------
---------baggage detected by sensor------------- 
Baggage weighs: 18.2 kg
baggage is on conveyor belt-------
---------baggage detected by sensor------------- 
Baggage weighs: 21.55 kg
baggage is on conveyor belt-------
---------baggage detected by sensor------------- 
Baggage weighs: 19.67 kg
baggage is on conveyor belt-------
---------baggage detected by sensor------------- 
Baggage weighs: 19.52 kg
baggage is on conveyor belt-------
---------baggage detected by sensor------------- 
Baggage weighs: 21.06 kg
baggage is on conveyor belt-------
---------baggage detected by sensor------------- 
Baggage weighs: 17.44 kg
baggage is on conveyor belt-------
---------baggage detected by sensor------------- 
Baggage weighs: 19.21 kg
baggage is on conveyor belt-------
---------baggage detected by sensor------------- 
Baggage weighs: 21.65 kg
baggage is on conveyor belt-------
---------baggage detected by sensor------------- 
Baggage weighs: 19.64 kg
baggage is on conveyor belt-------
---------baggage detected by sensor------------- 
Baggage weighs: 21.03 kg
baggage is on conveyor belt-------
---------baggage detected by sensor------------- 
Baggage weighs: 19.76 kg
baggage is on conveyor belt-------
---------baggage detected by sensor------------- 
Baggage weighs: 21.01 kg
baggage is on conveyor belt-------
---------baggage detected by sensor------------- 
Baggage weighs: 19.11 kg
baggage is on conveyor belt-------
---------baggage detected by sensor------------- 
Baggage weighs: 18.54 kg
baggage is on conveyor belt-------
---------baggage detected by sensor------------- 
Baggage weighs: 16.86 kg
baggage is on conveyor belt-------
---------baggage detected by sensor------------- 
Baggage weighs: 16.59 kg
baggage is on conveyor belt-------
---------baggage detected by sensor------------- 
Baggage weighs: 19.26 kg
baggage is on conveyor belt-------
---------baggage detected by sensor------------- 
Baggage weighs: 18.34 kg
baggage is on conveyor belt-------
---------baggage detected by sensor------------- 
Baggage weighs: 19.09 kg
baggage is on conveyor belt-------
---------baggage detected by sensor------------- 
Baggage weighs: 22.38 kg
baggage is on conveyor belt-------
---------baggage detected by sensor------------- 
Baggage weighs: 22.12 kg
baggage is on conveyor belt-------
---------baggage detected by sensor------------- 
Baggage weighs: 16.75 kg
baggage is on conveyor belt-------
---------baggage detected by sensor------------- 
Baggage weighs: 20.36 kg
baggage is on conveyor belt-------
---------baggage detected by sensor------------- 
Baggage weighs: 20.94 kg
baggage is on conveyor belt-------
---------baggage detected by sensor------------- 
Baggage weighs: 19.8 kg
baggage is on conveyor belt-------
---------baggage detected by sensor------------- 
Baggage weighs: 19.12 kg
baggage is on conveyor belt-------
---------baggage detected by sensor------------- 
Baggage weighs: 16.93 kg
baggage is on conveyor belt-------
---------baggage detected by sensor------------- 
Baggage weighs: 20.48 kg
baggage is on conveyor belt-------
---------baggage detected by sensor------------- 
Baggage weighs: 17.63 kg
baggage is on conveyor belt-------
---------baggage detected by sensor------------- 
Baggage weighs: 19.86 kg
baggage is on conveyor belt-------
---------baggage detected by sensor------------- 
Baggage weighs: 19.4 kg
baggage is on conveyor belt-------
---------baggage detected by sensor------------- 
Baggage weighs: 19.0 kg
baggage is on conveyor belt-------
---------baggage detected by sensor------------- 
Baggage weighs: 20.5 kg
baggage is on conveyor belt-------
---------baggage detected by sensor------------- 
Baggage weighs: 21.9 kg
baggage is on conveyor belt-------
---------baggage detected by sensor------------- 
Baggage weighs: 19.82 kg
baggage is on conveyor belt-------
---------baggage detected by sensor------------- 
Baggage weighs: 18.98 kg
baggage is on conveyor belt-------
---------baggage detected by sensor------------- 
Baggage weighs: 19.28 kg
baggage is on conveyor belt-------
---------baggage detected by sensor------------- 
Baggage weighs: 18.06 kg
baggage is on conveyor belt-------
---------baggage detected by sensor------------- 
Baggage weighs: 20.2 kg
baggage is on conveyor belt-------
---------baggage detected by sensor------------- 
Baggage weighs: 19.74 kg
baggage is on conveyor belt-------
---------baggage detected by sensor------------- 
Baggage weighs: 17.44 kg
baggage is on conveyor belt-------
---------baggage detected by sensor------------- 
Baggage weighs: 19.36 kg
baggage is on conveyor belt-------
---------baggage detected by sensor------------- 
Baggage weighs: 20.4 kg
baggage is on conveyor belt-------
---------baggage detected by sensor------------- 
Baggage weighs: 18.92 kg
baggage is on conveyor belt-------
---------baggage detected by sensor------------- 
Baggage weighs: 18.48 kg
baggage is on conveyor belt-------
---------baggage detected by sensor------------- 
Baggage weighs: 17.34 kg
baggage is on conveyor belt-------
---------baggage detected by sensor------------- 
Baggage weighs: 20.57 kg
baggage is on conveyor belt-------
---------baggage detected by sensor------------- 
Baggage weighs: 17.19 kg
baggage is on conveyor belt-------
---------baggage detected by sensor------------- 
Baggage weighs: 18.25 kg
baggage is on conveyor belt-------
---------baggage detected by sensor------------- 
Baggage weighs: 19.29 kg
baggage is on conveyor belt-------
---------baggage detected by sensor------------- 
Baggage weighs: 16.86 kg
baggage is on conveyor belt-------
---------baggage detected by sensor------------- 
Baggage weighs: 19.34 kg
baggage is on conveyor belt-------
---------baggage detected by sensor------------- 
Baggage weighs: 19.32 kg
baggage is on conveyor belt-------
---------baggage detected by sensor------------- 
Baggage weighs: 18.15 kg
baggage is on conveyor belt-------
---------baggage detected by sensor------------- 
Baggage weighs: 18.98 kg
baggage is on conveyor belt-------
---------baggage detected by sensor------------- 
Baggage weighs: 21.84 kg
baggage is on conveyor belt-------
---------baggage detected by sensor------------- 
Baggage weighs: 20.53 kg
baggage is on conveyor belt-------
---------baggage detected by sensor------------- 
Baggage weighs: 20.62 kg
baggage is on conveyor belt-------
---------baggage detected by sensor------------- 
Baggage weighs: 20.7 kg
baggage is on conveyor belt-------
---------baggage detected by sensor------------- 
Baggage weighs: 19.64 kg
baggage is on conveyor belt-------
---------baggage detected by sensor------------- 
Baggage weighs: 16.11 kg
baggage is on conveyor belt-------
---------baggage detected by sensor------------- 
Baggage weighs: 22.24 kg
baggage is on conveyor belt-------
---------baggage detected by sensor------------- 
Baggage weighs: 21.47 kg
baggage is on conveyor belt-------
---------baggage detected by sensor------------- 
Baggage weighs: 20.73 kg
baggage is on conveyor belt-------
---------baggage detected by sensor------------- 
Baggage weighs: 19.51 kg
baggage is on conveyor belt-------
---------baggage detected by sensor------------- 
Baggage weighs: 20.11 kg
baggage is on conveyor belt-------
---------baggage detected by sensor------------- 
Baggage weighs: 20.36 kg
baggage is on conveyor belt-------
---------baggage detected by sensor------------- 
Baggage weighs: 18.84 kg
baggage is on conveyor belt-------
---------baggage detected by sensor------------- 
Baggage weighs: 22.61 kg
baggage is on conveyor belt-------
---------baggage detected by sensor------------- 
Baggage weighs: 20.07 kg
baggage is on conveyor belt-------
---------baggage detected by sensor------------- 
Baggage weighs: 20.28 kg
baggage is on conveyor belt-------
---------baggage detected by sensor------------- 
Baggage weighs: 17.9 kg
baggage is on conveyor belt-------
---------baggage detected by sensor------------- 
Baggage weighs: 18.13 kg
baggage is on conveyor belt-------
---------baggage detected by sensor------------- 
Baggage weighs: 18.32 kg
baggage is on conveyor belt-------
---------baggage detected by sensor------------- 
Baggage weighs: 19.3 kg
baggage is on conveyor belt-------
---------baggage detected by sensor------------- 
Baggage weighs: 21.34 kg
baggage is on conveyor belt-------
---------baggage detected by sensor------------- 
Baggage weighs: 19.74 kg
baggage is on conveyor belt-------
---------baggage detected by sensor------------- 
Baggage weighs: 18.46 kg
baggage is on conveyor belt-------
---------baggage detected by sensor------------- 
Baggage weighs: 19.49 kg
baggage is on conveyor belt-------
---------baggage detected by sensor------------- 
Baggage weighs: 17.97 kg
baggage is on conveyor belt-------
---------baggage detected by sensor------------- 
Baggage weighs: 21.32 kg
baggage is on conveyor belt-------
---------baggage detected by sensor------------- 
Baggage weighs: 16.41 kg
baggage is on conveyor belt-------
---------baggage detected by sensor------------- 
Baggage weighs: 16.36 kg
baggage is on conveyor belt-------
---------baggage detected by sensor------------- 
Baggage weighs: 16.24 kg
baggage is on conveyor belt-------
---------baggage detected by sensor------------- 
Baggage weighs: 16.65 kg
baggage is on conveyor belt-------
---------baggage detected by sensor------------- 
Baggage weighs: 20.17 kg
baggage is on conveyor belt-------
---------baggage detected by sensor------------- 
Baggage weighs: 21.08 kg
baggage is on conveyor belt-------
---------baggage detected by sensor------------- 
Baggage weighs: 18.0 kg
baggage is on conveyor belt-------
---------baggage detected by sensor------------- 
Baggage weighs: 17.49 kg
baggage is on conveyor belt-------
---------baggage detected by sensor------------- 
Baggage weighs: 19.3 kg
baggage is on conveyor belt-------
---------baggage detected by sensor------------- 
Baggage weighs: 18.34 kg
baggage is on conveyor belt-------
---------baggage detected by sensor------------- 
Baggage weighs: 19.57 kg
baggage is on conveyor belt-------
---------baggage detected by sensor------------- 
Baggage weighs: 18.99 kg
baggage is on conveyor belt-------
---------baggage detected by sensor------------- 
Baggage weighs: 20.13 kg
baggage is on conveyor belt-------
---------baggage detected by sensor------------- 
Baggage weighs: 21.59 kg
baggage is on conveyor belt-------
---------baggage detected by sensor------------- 
Baggage weighs: 17.75 kg
baggage is on conveyor belt-------
---------baggage detected by sensor------------- 
Baggage weighs: 18.88 kg
baggage is on conveyor belt-------
---------baggage detected by sensor------------- 
Baggage weighs: 17.64 kg
baggage is on conveyor belt-------
---------baggage detected by sensor------------- 
Baggage weighs: 17.28 kg
baggage is on conveyor belt-------
---------baggage detected by sensor------------- 
Baggage weighs: 19.89 kg
baggage is on conveyor belt-------
---------baggage detected by sensor------------- 
Baggage weighs: 16.14 kg
baggage is on conveyor belt-------
---------baggage detected by sensor------------- 
Baggage weighs: 19.6 kg
baggage is on conveyor belt-------
---------baggage detected by sensor------------- 
Baggage weighs: 19.1 kg
baggage is on conveyor belt-------
---------baggage detected by sensor------------- 
Baggage weighs: 16.76 kg
baggage is on conveyor belt-------
---------baggage detected by sensor------------- 
Baggage weighs: 22.78 kg
baggage is on conveyor belt-------
---------baggage detected by sensor------------- 
Baggage weighs: 16.41 kg
baggage is on conveyor belt-------
---------baggage detected by sensor------------- 
Baggage weighs: 19.48 kg
baggage is on conveyor belt-------
---------baggage detected by sensor------------- 
Baggage weighs: 19.0 kg
baggage is on conveyor belt-------
---------baggage detected by sensor------------- 
Baggage weighs: 21.58 kg
baggage is on conveyor belt-------
---------baggage detected by sensor------------- 
Baggage weighs: 21.07 kg
baggage is on conveyor belt-------
---------baggage detected by sensor------------- 
Baggage weighs: 16.28 kg
baggage is on conveyor belt-------
---------baggage detected by sensor------------- 
Baggage weighs: 20.22 kg
baggage is on conveyor belt-------
---------baggage detected by sensor------------- 
Baggage weighs: 17.58 kg
baggage is on conveyor belt-------
---------baggage detected by sensor------------- 
Baggage weighs: 17.69 kg
baggage is on conveyor belt-------
---------baggage detected by sensor------------- 
Baggage weighs: 19.1 kg
baggage is on conveyor belt-------
---------baggage detected by sensor------------- 
Baggage weighs: 18.5 kg
baggage is on conveyor belt-------
---------baggage detected by sensor------------- 
Baggage weighs: 19.06 kg
baggage is on conveyor belt-------
---------baggage detected by sensor------------- 
Baggage weighs: 21.45 kg
baggage is on conveyor belt-------
---------baggage detected by sensor------------- 
Baggage weighs: 19.0 kg
baggage is on conveyor belt-------
---------baggage detected by sensor------------- 
Baggage weighs: 20.87 kg
baggage is on conveyor belt-------
---------baggage detected by sensor------------- 
Baggage weighs: 22.55 kg
baggage is on conveyor belt-------
---------baggage detected by sensor------------- 
Baggage weighs: 21.43 kg
baggage is on conveyor belt-------
---------baggage detected by sensor------------- 
Baggage weighs: 16.99 kg
baggage is on conveyor belt-------
---------baggage detected by sensor------------- 
Baggage weighs: 16.52 kg
baggage is on conveyor belt-------
---------baggage detected by sensor------------- 
Baggage weighs: 20.55 kg
baggage is on conveyor belt-------
---------baggage detected by sensor------------- 
Baggage weighs: 21.64 kg
baggage is on conveyor belt-------
---------baggage detected by sensor------------- 
Baggage weighs: 18.94 kg
baggage is on conveyor belt-------
---------baggage detected by sensor------------- 
Baggage weighs: 20.28 kg
baggage is on conveyor belt-------
---------baggage detected by sensor------------- 
Baggage weighs: 18.3 kg
baggage is on conveyor belt-------
---------baggage detected by sensor------------- 
Baggage weighs: 20.49 kg
baggage is on conveyor belt-------
---------baggage detected by sensor------------- 
Baggage weighs: 17.77 kg
baggage is on conveyor belt-------
---------baggage detected by sensor------------- 
Baggage weighs: 21.55 kg
baggage is on conveyor belt-------
---------baggage detected by sensor------------- 
Baggage weighs: 19.94 kg
baggage is on conveyor belt-------
---------baggage detected by sensor------------- 
Baggage weighs: 19.71 kg
baggage is on conveyor belt-------
---------baggage detected by sensor------------- 
Baggage weighs: 16.27 kg
baggage is on conveyor belt-------
---------baggage detected by sensor------------- 
Baggage weighs: 17.63 kg
baggage is on conveyor belt-------
---------baggage detected by sensor------------- 
Baggage weighs: 20.96 kg
baggage is on conveyor belt-------
---------baggage detected by sensor------------- 
Baggage weighs: 17.56 kg
baggage is on conveyor belt-------
---------baggage detected by sensor------------- 
Baggage weighs: 17.97 kg
Seat with ID: 41D has been reserved for you!

BOARDING PASS FOR TOMMIE KENT
-----------------------------------------------------------------------------
LUFTHANSA                      wt3asen31vvd633 /  Tommie Kent
Tommie Kent                                     /  wt3asen31vvd633
FRA   LH2121   E  30.Oct                       /  FRA
HKG                                            /  HKG
SEAT ID: 41D                                   /  LH2121 E 30.Oct
SEQ: 237                                      / GATE: A05   22:00
MAX 1  HANDLUGGAGE/ LUGGAGE
-----------------------------------------------------------------------------
sorry Tommie Kent we have no voucher for you! Have a nice day!

---------------------------------------------------------------------------------------------------------------
scanning passport with passport id: JIGHL3428
searching for ticket in fast bag drop database..............
Ticket found for Shelby Mercado and Flight LH2121
----searching flight seat for Shelby Mercado---------
Found a seat with ID 41E
Below details were found in database
------------------------------------------
Name: Shelby Mercado
Flight ID: LH2121
Source: FRA
Destination: HKG
Gate No: A05
Boarding time: 22:00
Ticket ID: njfwmag37ju924y
Booking Class: E
------------------------------------------

Proceed with check-in for flight LH2121 ?
Type YES to CHECK-IN or NO to cancel CHECK-IN
Shelby Mercado is deciding whether to check-in or to go back home and sleep............
YES CHECK-IN
Checking you in...............
baggage is on conveyor belt-------
---------baggage detected by sensor------------- 
Baggage weighs: 21.58 kg
baggage is on conveyor belt-------
---------baggage detected by sensor------------- 
Baggage weighs: 20.43 kg
baggage is on conveyor belt-------
---------baggage detected by sensor------------- 
Baggage weighs: 18.47 kg
baggage is on conveyor belt-------
---------baggage detected by sensor------------- 
Baggage weighs: 17.86 kg
baggage is on conveyor belt-------
---------baggage detected by sensor------------- 
Baggage weighs: 18.65 kg
baggage is on conveyor belt-------
---------baggage detected by sensor------------- 
Baggage weighs: 19.27 kg
baggage is on conveyor belt-------
---------baggage detected by sensor------------- 
Baggage weighs: 17.42 kg
baggage is on conveyor belt-------
---------baggage detected by sensor------------- 
Baggage weighs: 19.16 kg
baggage is on conveyor belt-------
---------baggage detected by sensor------------- 
Baggage weighs: 19.52 kg
baggage is on conveyor belt-------
---------baggage detected by sensor------------- 
Baggage weighs: 17.51 kg
baggage is on conveyor belt-------
---------baggage detected by sensor------------- 
Baggage weighs: 17.38 kg
baggage is on conveyor belt-------
---------baggage detected by sensor------------- 
Baggage weighs: 18.67 kg
baggage is on conveyor belt-------
---------baggage detected by sensor------------- 
Baggage weighs: 16.98 kg
baggage is on conveyor belt-------
---------baggage detected by sensor------------- 
Baggage weighs: 21.26 kg
baggage is on conveyor belt-------
---------baggage detected by sensor------------- 
Baggage weighs: 18.3 kg
baggage is on conveyor belt-------
---------baggage detected by sensor------------- 
Baggage weighs: 16.81 kg
baggage is on conveyor belt-------
---------baggage detected by sensor------------- 
Baggage weighs: 20.91 kg
baggage is on conveyor belt-------
---------baggage detected by sensor------------- 
Baggage weighs: 21.21 kg
baggage is on conveyor belt-------
---------baggage detected by sensor------------- 
Baggage weighs: 19.69 kg
baggage is on conveyor belt-------
---------baggage detected by sensor------------- 
Baggage weighs: 18.67 kg
baggage is on conveyor belt-------
---------baggage detected by sensor------------- 
Baggage weighs: 19.12 kg
baggage is on conveyor belt-------
---------baggage detected by sensor------------- 
Baggage weighs: 16.42 kg
baggage is on conveyor belt-------
---------baggage detected by sensor------------- 
Baggage weighs: 19.17 kg
baggage is on conveyor belt-------
---------baggage detected by sensor------------- 
Baggage weighs: 19.0 kg
baggage is on conveyor belt-------
---------baggage detected by sensor------------- 
Baggage weighs: 18.78 kg
baggage is on conveyor belt-------
---------baggage detected by sensor------------- 
Baggage weighs: 20.31 kg
baggage is on conveyor belt-------
---------baggage detected by sensor------------- 
Baggage weighs: 21.25 kg
baggage is on conveyor belt-------
---------baggage detected by sensor------------- 
Baggage weighs: 18.87 kg
baggage is on conveyor belt-------
---------baggage detected by sensor------------- 
Baggage weighs: 16.25 kg
baggage is on conveyor belt-------
---------baggage detected by sensor------------- 
Baggage weighs: 19.94 kg
baggage is on conveyor belt-------
---------baggage detected by sensor------------- 
Baggage weighs: 16.88 kg
baggage is on conveyor belt-------
---------baggage detected by sensor------------- 
Baggage weighs: 18.24 kg
baggage is on conveyor belt-------
---------baggage detected by sensor------------- 
Baggage weighs: 17.16 kg
baggage is on conveyor belt-------
---------baggage detected by sensor------------- 
Baggage weighs: 19.34 kg
baggage is on conveyor belt-------
---------baggage detected by sensor------------- 
Baggage weighs: 22.41 kg
baggage is on conveyor belt-------
---------baggage detected by sensor------------- 
Baggage weighs: 20.47 kg
baggage is on conveyor belt-------
---------baggage detected by sensor------------- 
Baggage weighs: 18.81 kg
baggage is on conveyor belt-------
---------baggage detected by sensor------------- 
Baggage weighs: 18.56 kg
baggage is on conveyor belt-------
---------baggage detected by sensor------------- 
Baggage weighs: 17.77 kg
baggage is on conveyor belt-------
---------baggage detected by sensor------------- 
Baggage weighs: 19.32 kg
baggage is on conveyor belt-------
---------baggage detected by sensor------------- 
Baggage weighs: 19.21 kg
baggage is on conveyor belt-------
---------baggage detected by sensor------------- 
Baggage weighs: 19.13 kg
baggage is on conveyor belt-------
---------baggage detected by sensor------------- 
Baggage weighs: 20.39 kg
baggage is on conveyor belt-------
---------baggage detected by sensor------------- 
Baggage weighs: 21.03 kg
baggage is on conveyor belt-------
---------baggage detected by sensor------------- 
Baggage weighs: 20.05 kg
baggage is on conveyor belt-------
---------baggage detected by sensor------------- 
Baggage weighs: 21.92 kg
baggage is on conveyor belt-------
---------baggage detected by sensor------------- 
Baggage weighs: 19.37 kg
baggage is on conveyor belt-------
---------baggage detected by sensor------------- 
Baggage weighs: 20.35 kg
baggage is on conveyor belt-------
---------baggage detected by sensor------------- 
Baggage weighs: 18.73 kg
baggage is on conveyor belt-------
---------baggage detected by sensor------------- 
Baggage weighs: 20.33 kg
baggage is on conveyor belt-------
---------baggage detected by sensor------------- 
Baggage weighs: 22.01 kg
baggage is on conveyor belt-------
---------baggage detected by sensor------------- 
Baggage weighs: 19.27 kg
baggage is on conveyor belt-------
---------baggage detected by sensor------------- 
Baggage weighs: 21.18 kg
baggage is on conveyor belt-------
---------baggage detected by sensor------------- 
Baggage weighs: 17.16 kg
baggage is on conveyor belt-------
---------baggage detected by sensor------------- 
Baggage weighs: 20.04 kg
baggage is on conveyor belt-------
---------baggage detected by sensor------------- 
Baggage weighs: 20.91 kg
baggage is on conveyor belt-------
---------baggage detected by sensor------------- 
Baggage weighs: 20.3 kg
baggage is on conveyor belt-------
---------baggage detected by sensor------------- 
Baggage weighs: 20.38 kg
baggage is on conveyor belt-------
---------baggage detected by sensor------------- 
Baggage weighs: 16.54 kg
baggage is on conveyor belt-------
---------baggage detected by sensor------------- 
Baggage weighs: 18.87 kg
baggage is on conveyor belt-------
---------baggage detected by sensor------------- 
Baggage weighs: 20.22 kg
baggage is on conveyor belt-------
---------baggage detected by sensor------------- 
Baggage weighs: 20.75 kg
baggage is on conveyor belt-------
---------baggage detected by sensor------------- 
Baggage weighs: 17.4 kg
baggage is on conveyor belt-------
---------baggage detected by sensor------------- 
Baggage weighs: 20.27 kg
baggage is on conveyor belt-------
---------baggage detected by sensor------------- 
Baggage weighs: 17.04 kg
baggage is on conveyor belt-------
---------baggage detected by sensor------------- 
Baggage weighs: 19.84 kg
baggage is on conveyor belt-------
---------baggage detected by sensor------------- 
Baggage weighs: 17.34 kg
baggage is on conveyor belt-------
---------baggage detected by sensor------------- 
Baggage weighs: 18.75 kg
baggage is on conveyor belt-------
---------baggage detected by sensor------------- 
Baggage weighs: 19.12 kg
baggage is on conveyor belt-------
---------baggage detected by sensor------------- 
Baggage weighs: 18.29 kg
baggage is on conveyor belt-------
---------baggage detected by sensor------------- 
Baggage weighs: 17.94 kg
baggage is on conveyor belt-------
---------baggage detected by sensor------------- 
Baggage weighs: 19.09 kg
baggage is on conveyor belt-------
---------baggage detected by sensor------------- 
Baggage weighs: 22.39 kg
baggage is on conveyor belt-------
---------baggage detected by sensor------------- 
Baggage weighs: 21.23 kg
baggage is on conveyor belt-------
---------baggage detected by sensor------------- 
Baggage weighs: 17.56 kg
baggage is on conveyor belt-------
---------baggage detected by sensor------------- 
Baggage weighs: 18.37 kg
baggage is on conveyor belt-------
---------baggage detected by sensor------------- 
Baggage weighs: 21.4 kg
baggage is on conveyor belt-------
---------baggage detected by sensor------------- 
Baggage weighs: 20.25 kg
baggage is on conveyor belt-------
---------baggage detected by sensor------------- 
Baggage weighs: 23.0 kg
baggage is on conveyor belt-------
---------baggage detected by sensor------------- 
Baggage weighs: 17.01 kg
baggage is on conveyor belt-------
---------baggage detected by sensor------------- 
Baggage weighs: 17.39 kg
baggage is on conveyor belt-------
---------baggage detected by sensor------------- 
Baggage weighs: 16.7 kg
baggage is on conveyor belt-------
---------baggage detected by sensor------------- 
Baggage weighs: 16.23 kg
baggage is on conveyor belt-------
---------baggage detected by sensor------------- 
Baggage weighs: 19.13 kg
baggage is on conveyor belt-------
---------baggage detected by sensor------------- 
Baggage weighs: 21.07 kg
baggage is on conveyor belt-------
---------baggage detected by sensor------------- 
Baggage weighs: 17.87 kg
baggage is on conveyor belt-------
---------baggage detected by sensor------------- 
Baggage weighs: 19.92 kg
baggage is on conveyor belt-------
---------baggage detected by sensor------------- 
Baggage weighs: 19.22 kg
baggage is on conveyor belt-------
---------baggage detected by sensor------------- 
Baggage weighs: 21.53 kg
baggage is on conveyor belt-------
---------baggage detected by sensor------------- 
Baggage weighs: 20.29 kg
baggage is on conveyor belt-------
---------baggage detected by sensor------------- 
Baggage weighs: 19.32 kg
baggage is on conveyor belt-------
---------baggage detected by sensor------------- 
Baggage weighs: 17.25 kg
baggage is on conveyor belt-------
---------baggage detected by sensor------------- 
Baggage weighs: 21.3 kg
baggage is on conveyor belt-------
---------baggage detected by sensor------------- 
Baggage weighs: 16.79 kg
baggage is on conveyor belt-------
---------baggage detected by sensor------------- 
Baggage weighs: 19.55 kg
baggage is on conveyor belt-------
---------baggage detected by sensor------------- 
Baggage weighs: 18.88 kg
baggage is on conveyor belt-------
---------baggage detected by sensor------------- 
Baggage weighs: 22.33 kg
baggage is on conveyor belt-------
---------baggage detected by sensor------------- 
Baggage weighs: 20.62 kg
baggage is on conveyor belt-------
---------baggage detected by sensor------------- 
Baggage weighs: 19.42 kg
baggage is on conveyor belt-------
---------baggage detected by sensor------------- 
Baggage weighs: 17.54 kg
baggage is on conveyor belt-------
---------baggage detected by sensor------------- 
Baggage weighs: 21.51 kg
baggage is on conveyor belt-------
---------baggage detected by sensor------------- 
Baggage weighs: 19.46 kg
baggage is on conveyor belt-------
---------baggage detected by sensor------------- 
Baggage weighs: 17.83 kg
baggage is on conveyor belt-------
---------baggage detected by sensor------------- 
Baggage weighs: 17.75 kg
baggage is on conveyor belt-------
---------baggage detected by sensor------------- 
Baggage weighs: 17.44 kg
baggage is on conveyor belt-------
---------baggage detected by sensor------------- 
Baggage weighs: 19.53 kg
baggage is on conveyor belt-------
---------baggage detected by sensor------------- 
Baggage weighs: 17.51 kg
baggage is on conveyor belt-------
---------baggage detected by sensor------------- 
Baggage weighs: 18.2 kg
baggage is on conveyor belt-------
---------baggage detected by sensor------------- 
Baggage weighs: 21.55 kg
baggage is on conveyor belt-------
---------baggage detected by sensor------------- 
Baggage weighs: 19.67 kg
baggage is on conveyor belt-------
---------baggage detected by sensor------------- 
Baggage weighs: 19.52 kg
baggage is on conveyor belt-------
---------baggage detected by sensor------------- 
Baggage weighs: 21.06 kg
baggage is on conveyor belt-------
---------baggage detected by sensor------------- 
Baggage weighs: 17.44 kg
baggage is on conveyor belt-------
---------baggage detected by sensor------------- 
Baggage weighs: 19.21 kg
baggage is on conveyor belt-------
---------baggage detected by sensor------------- 
Baggage weighs: 21.65 kg
baggage is on conveyor belt-------
---------baggage detected by sensor------------- 
Baggage weighs: 19.64 kg
baggage is on conveyor belt-------
---------baggage detected by sensor------------- 
Baggage weighs: 21.03 kg
baggage is on conveyor belt-------
---------baggage detected by sensor------------- 
Baggage weighs: 19.76 kg
baggage is on conveyor belt-------
---------baggage detected by sensor------------- 
Baggage weighs: 21.01 kg
baggage is on conveyor belt-------
---------baggage detected by sensor------------- 
Baggage weighs: 19.11 kg
baggage is on conveyor belt-------
---------baggage detected by sensor------------- 
Baggage weighs: 18.54 kg
baggage is on conveyor belt-------
---------baggage detected by sensor------------- 
Baggage weighs: 16.86 kg
baggage is on conveyor belt-------
---------baggage detected by sensor------------- 
Baggage weighs: 16.59 kg
baggage is on conveyor belt-------
---------baggage detected by sensor------------- 
Baggage weighs: 19.26 kg
baggage is on conveyor belt-------
---------baggage detected by sensor------------- 
Baggage weighs: 18.34 kg
baggage is on conveyor belt-------
---------baggage detected by sensor------------- 
Baggage weighs: 19.09 kg
baggage is on conveyor belt-------
---------baggage detected by sensor------------- 
Baggage weighs: 22.38 kg
baggage is on conveyor belt-------
---------baggage detected by sensor------------- 
Baggage weighs: 22.12 kg
baggage is on conveyor belt-------
---------baggage detected by sensor------------- 
Baggage weighs: 16.75 kg
baggage is on conveyor belt-------
---------baggage detected by sensor------------- 
Baggage weighs: 20.36 kg
baggage is on conveyor belt-------
---------baggage detected by sensor------------- 
Baggage weighs: 20.94 kg
baggage is on conveyor belt-------
---------baggage detected by sensor------------- 
Baggage weighs: 19.8 kg
baggage is on conveyor belt-------
---------baggage detected by sensor------------- 
Baggage weighs: 19.12 kg
baggage is on conveyor belt-------
---------baggage detected by sensor------------- 
Baggage weighs: 16.93 kg
baggage is on conveyor belt-------
---------baggage detected by sensor------------- 
Baggage weighs: 20.48 kg
baggage is on conveyor belt-------
---------baggage detected by sensor------------- 
Baggage weighs: 17.63 kg
baggage is on conveyor belt-------
---------baggage detected by sensor------------- 
Baggage weighs: 19.86 kg
baggage is on conveyor belt-------
---------baggage detected by sensor------------- 
Baggage weighs: 19.4 kg
baggage is on conveyor belt-------
---------baggage detected by sensor------------- 
Baggage weighs: 19.0 kg
baggage is on conveyor belt-------
---------baggage detected by sensor------------- 
Baggage weighs: 20.5 kg
baggage is on conveyor belt-------
---------baggage detected by sensor------------- 
Baggage weighs: 21.9 kg
baggage is on conveyor belt-------
---------baggage detected by sensor------------- 
Baggage weighs: 19.82 kg
baggage is on conveyor belt-------
---------baggage detected by sensor------------- 
Baggage weighs: 18.98 kg
baggage is on conveyor belt-------
---------baggage detected by sensor------------- 
Baggage weighs: 19.28 kg
baggage is on conveyor belt-------
---------baggage detected by sensor------------- 
Baggage weighs: 18.06 kg
baggage is on conveyor belt-------
---------baggage detected by sensor------------- 
Baggage weighs: 20.2 kg
baggage is on conveyor belt-------
---------baggage detected by sensor------------- 
Baggage weighs: 19.74 kg
baggage is on conveyor belt-------
---------baggage detected by sensor------------- 
Baggage weighs: 17.44 kg
baggage is on conveyor belt-------
---------baggage detected by sensor------------- 
Baggage weighs: 19.36 kg
baggage is on conveyor belt-------
---------baggage detected by sensor------------- 
Baggage weighs: 20.4 kg
baggage is on conveyor belt-------
---------baggage detected by sensor------------- 
Baggage weighs: 18.92 kg
baggage is on conveyor belt-------
---------baggage detected by sensor------------- 
Baggage weighs: 18.48 kg
baggage is on conveyor belt-------
---------baggage detected by sensor------------- 
Baggage weighs: 17.34 kg
baggage is on conveyor belt-------
---------baggage detected by sensor------------- 
Baggage weighs: 20.57 kg
baggage is on conveyor belt-------
---------baggage detected by sensor------------- 
Baggage weighs: 17.19 kg
baggage is on conveyor belt-------
---------baggage detected by sensor------------- 
Baggage weighs: 18.25 kg
baggage is on conveyor belt-------
---------baggage detected by sensor------------- 
Baggage weighs: 19.29 kg
baggage is on conveyor belt-------
---------baggage detected by sensor------------- 
Baggage weighs: 16.86 kg
baggage is on conveyor belt-------
---------baggage detected by sensor------------- 
Baggage weighs: 19.34 kg
baggage is on conveyor belt-------
---------baggage detected by sensor------------- 
Baggage weighs: 19.32 kg
baggage is on conveyor belt-------
---------baggage detected by sensor------------- 
Baggage weighs: 18.15 kg
baggage is on conveyor belt-------
---------baggage detected by sensor------------- 
Baggage weighs: 18.98 kg
baggage is on conveyor belt-------
---------baggage detected by sensor------------- 
Baggage weighs: 21.84 kg
baggage is on conveyor belt-------
---------baggage detected by sensor------------- 
Baggage weighs: 20.53 kg
baggage is on conveyor belt-------
---------baggage detected by sensor------------- 
Baggage weighs: 20.62 kg
baggage is on conveyor belt-------
---------baggage detected by sensor------------- 
Baggage weighs: 20.7 kg
baggage is on conveyor belt-------
---------baggage detected by sensor------------- 
Baggage weighs: 19.64 kg
baggage is on conveyor belt-------
---------baggage detected by sensor------------- 
Baggage weighs: 16.11 kg
baggage is on conveyor belt-------
---------baggage detected by sensor------------- 
Baggage weighs: 22.24 kg
baggage is on conveyor belt-------
---------baggage detected by sensor------------- 
Baggage weighs: 21.47 kg
baggage is on conveyor belt-------
---------baggage detected by sensor------------- 
Baggage weighs: 20.73 kg
baggage is on conveyor belt-------
---------baggage detected by sensor------------- 
Baggage weighs: 19.51 kg
baggage is on conveyor belt-------
---------baggage detected by sensor------------- 
Baggage weighs: 20.11 kg
baggage is on conveyor belt-------
---------baggage detected by sensor------------- 
Baggage weighs: 20.36 kg
baggage is on conveyor belt-------
---------baggage detected by sensor------------- 
Baggage weighs: 18.84 kg
baggage is on conveyor belt-------
---------baggage detected by sensor------------- 
Baggage weighs: 22.61 kg
baggage is on conveyor belt-------
---------baggage detected by sensor------------- 
Baggage weighs: 20.07 kg
baggage is on conveyor belt-------
---------baggage detected by sensor------------- 
Baggage weighs: 20.28 kg
baggage is on conveyor belt-------
---------baggage detected by sensor------------- 
Baggage weighs: 17.9 kg
baggage is on conveyor belt-------
---------baggage detected by sensor------------- 
Baggage weighs: 18.13 kg
baggage is on conveyor belt-------
---------baggage detected by sensor------------- 
Baggage weighs: 18.32 kg
baggage is on conveyor belt-------
---------baggage detected by sensor------------- 
Baggage weighs: 19.3 kg
baggage is on conveyor belt-------
---------baggage detected by sensor------------- 
Baggage weighs: 21.34 kg
baggage is on conveyor belt-------
---------baggage detected by sensor------------- 
Baggage weighs: 19.74 kg
baggage is on conveyor belt-------
---------baggage detected by sensor------------- 
Baggage weighs: 18.46 kg
baggage is on conveyor belt-------
---------baggage detected by sensor------------- 
Baggage weighs: 19.49 kg
baggage is on conveyor belt-------
---------baggage detected by sensor------------- 
Baggage weighs: 17.97 kg
baggage is on conveyor belt-------
---------baggage detected by sensor------------- 
Baggage weighs: 21.32 kg
baggage is on conveyor belt-------
---------baggage detected by sensor------------- 
Baggage weighs: 16.41 kg
baggage is on conveyor belt-------
---------baggage detected by sensor------------- 
Baggage weighs: 16.36 kg
baggage is on conveyor belt-------
---------baggage detected by sensor------------- 
Baggage weighs: 16.24 kg
baggage is on conveyor belt-------
---------baggage detected by sensor------------- 
Baggage weighs: 16.65 kg
baggage is on conveyor belt-------
---------baggage detected by sensor------------- 
Baggage weighs: 20.17 kg
baggage is on conveyor belt-------
---------baggage detected by sensor------------- 
Baggage weighs: 21.08 kg
baggage is on conveyor belt-------
---------baggage detected by sensor------------- 
Baggage weighs: 18.0 kg
baggage is on conveyor belt-------
---------baggage detected by sensor------------- 
Baggage weighs: 17.49 kg
baggage is on conveyor belt-------
---------baggage detected by sensor------------- 
Baggage weighs: 19.3 kg
baggage is on conveyor belt-------
---------baggage detected by sensor------------- 
Baggage weighs: 18.34 kg
baggage is on conveyor belt-------
---------baggage detected by sensor------------- 
Baggage weighs: 19.57 kg
baggage is on conveyor belt-------
---------baggage detected by sensor------------- 
Baggage weighs: 18.99 kg
baggage is on conveyor belt-------
---------baggage detected by sensor------------- 
Baggage weighs: 20.13 kg
baggage is on conveyor belt-------
---------baggage detected by sensor------------- 
Baggage weighs: 21.59 kg
baggage is on conveyor belt-------
---------baggage detected by sensor------------- 
Baggage weighs: 17.75 kg
baggage is on conveyor belt-------
---------baggage detected by sensor------------- 
Baggage weighs: 18.88 kg
baggage is on conveyor belt-------
---------baggage detected by sensor------------- 
Baggage weighs: 17.64 kg
baggage is on conveyor belt-------
---------baggage detected by sensor------------- 
Baggage weighs: 17.28 kg
baggage is on conveyor belt-------
---------baggage detected by sensor------------- 
Baggage weighs: 19.89 kg
baggage is on conveyor belt-------
---------baggage detected by sensor------------- 
Baggage weighs: 16.14 kg
baggage is on conveyor belt-------
---------baggage detected by sensor------------- 
Baggage weighs: 19.6 kg
baggage is on conveyor belt-------
---------baggage detected by sensor------------- 
Baggage weighs: 19.1 kg
baggage is on conveyor belt-------
---------baggage detected by sensor------------- 
Baggage weighs: 16.76 kg
baggage is on conveyor belt-------
---------baggage detected by sensor------------- 
Baggage weighs: 22.78 kg
baggage is on conveyor belt-------
---------baggage detected by sensor------------- 
Baggage weighs: 16.41 kg
baggage is on conveyor belt-------
---------baggage detected by sensor------------- 
Baggage weighs: 19.48 kg
baggage is on conveyor belt-------
---------baggage detected by sensor------------- 
Baggage weighs: 19.0 kg
baggage is on conveyor belt-------
---------baggage detected by sensor------------- 
Baggage weighs: 21.58 kg
baggage is on conveyor belt-------
---------baggage detected by sensor------------- 
Baggage weighs: 21.07 kg
baggage is on conveyor belt-------
---------baggage detected by sensor------------- 
Baggage weighs: 16.28 kg
baggage is on conveyor belt-------
---------baggage detected by sensor------------- 
Baggage weighs: 20.22 kg
baggage is on conveyor belt-------
---------baggage detected by sensor------------- 
Baggage weighs: 17.58 kg
baggage is on conveyor belt-------
---------baggage detected by sensor------------- 
Baggage weighs: 17.69 kg
baggage is on conveyor belt-------
---------baggage detected by sensor------------- 
Baggage weighs: 19.1 kg
baggage is on conveyor belt-------
---------baggage detected by sensor------------- 
Baggage weighs: 18.5 kg
baggage is on conveyor belt-------
---------baggage detected by sensor------------- 
Baggage weighs: 19.06 kg
baggage is on conveyor belt-------
---------baggage detected by sensor------------- 
Baggage weighs: 21.45 kg
baggage is on conveyor belt-------
---------baggage detected by sensor------------- 
Baggage weighs: 19.0 kg
baggage is on conveyor belt-------
---------baggage detected by sensor------------- 
Baggage weighs: 20.87 kg
baggage is on conveyor belt-------
---------baggage detected by sensor------------- 
Baggage weighs: 22.55 kg
baggage is on conveyor belt-------
---------baggage detected by sensor------------- 
Baggage weighs: 21.43 kg
baggage is on conveyor belt-------
---------baggage detected by sensor------------- 
Baggage weighs: 16.99 kg
baggage is on conveyor belt-------
---------baggage detected by sensor------------- 
Baggage weighs: 16.52 kg
baggage is on conveyor belt-------
---------baggage detected by sensor------------- 
Baggage weighs: 20.55 kg
baggage is on conveyor belt-------
---------baggage detected by sensor------------- 
Baggage weighs: 21.64 kg
baggage is on conveyor belt-------
---------baggage detected by sensor------------- 
Baggage weighs: 18.94 kg
baggage is on conveyor belt-------
---------baggage detected by sensor------------- 
Baggage weighs: 20.28 kg
baggage is on conveyor belt-------
---------baggage detected by sensor------------- 
Baggage weighs: 18.3 kg
baggage is on conveyor belt-------
---------baggage detected by sensor------------- 
Baggage weighs: 20.49 kg
baggage is on conveyor belt-------
---------baggage detected by sensor------------- 
Baggage weighs: 17.77 kg
baggage is on conveyor belt-------
---------baggage detected by sensor------------- 
Baggage weighs: 21.55 kg
baggage is on conveyor belt-------
---------baggage detected by sensor------------- 
Baggage weighs: 19.94 kg
baggage is on conveyor belt-------
---------baggage detected by sensor------------- 
Baggage weighs: 19.71 kg
baggage is on conveyor belt-------
---------baggage detected by sensor------------- 
Baggage weighs: 16.27 kg
baggage is on conveyor belt-------
---------baggage detected by sensor------------- 
Baggage weighs: 17.63 kg
baggage is on conveyor belt-------
---------baggage detected by sensor------------- 
Baggage weighs: 20.96 kg
baggage is on conveyor belt-------
---------baggage detected by sensor------------- 
Baggage weighs: 17.56 kg
baggage is on conveyor belt-------
---------baggage detected by sensor------------- 
Baggage weighs: 17.97 kg
baggage is on conveyor belt-------
---------baggage detected by sensor------------- 
Baggage weighs: 22.08 kg
Seat with ID: 41E has been reserved for you!

BOARDING PASS FOR SHELBY MERCADO
-----------------------------------------------------------------------------
LUFTHANSA                      njfwmag37ju924y /  Shelby Mercado
Shelby Mercado                                     /  njfwmag37ju924y
FRA   LH2121   E  30.Oct                       /  FRA
HKG                                            /  HKG
SEAT ID: 41E                                   /  LH2121 E 30.Oct
SEQ: 238                                      / GATE: A05   22:00
MAX 1  HANDLUGGAGE/ LUGGAGE
-----------------------------------------------------------------------------
sorry Shelby Mercado we have no voucher for you! Have a nice day!

---------------------------------------------------------------------------------------------------------------
scanning passport with passport id: OM8WRSASU
searching for ticket in fast bag drop database..............
Ticket found for Jonas Stone and Flight LH2121
----searching flight seat for Jonas Stone---------
Found a seat with ID 41G
Below details were found in database
------------------------------------------
Name: Jonas Stone
Flight ID: LH2121
Source: FRA
Destination: HKG
Gate No: A05
Boarding time: 22:00
Ticket ID: e8ewaqbyrvb80iv
Booking Class: E
------------------------------------------

Proceed with check-in for flight LH2121 ?
Type YES to CHECK-IN or NO to cancel CHECK-IN
Jonas Stone is deciding whether to check-in or to go back home and sleep............
YES CHECK-IN
Checking you in...............
baggage is on conveyor belt-------
---------baggage detected by sensor------------- 
Baggage weighs: 21.58 kg
baggage is on conveyor belt-------
---------baggage detected by sensor------------- 
Baggage weighs: 20.43 kg
baggage is on conveyor belt-------
---------baggage detected by sensor------------- 
Baggage weighs: 18.47 kg
baggage is on conveyor belt-------
---------baggage detected by sensor------------- 
Baggage weighs: 17.86 kg
baggage is on conveyor belt-------
---------baggage detected by sensor------------- 
Baggage weighs: 18.65 kg
baggage is on conveyor belt-------
---------baggage detected by sensor------------- 
Baggage weighs: 19.27 kg
baggage is on conveyor belt-------
---------baggage detected by sensor------------- 
Baggage weighs: 17.42 kg
baggage is on conveyor belt-------
---------baggage detected by sensor------------- 
Baggage weighs: 19.16 kg
baggage is on conveyor belt-------
---------baggage detected by sensor------------- 
Baggage weighs: 19.52 kg
baggage is on conveyor belt-------
---------baggage detected by sensor------------- 
Baggage weighs: 17.51 kg
baggage is on conveyor belt-------
---------baggage detected by sensor------------- 
Baggage weighs: 17.38 kg
baggage is on conveyor belt-------
---------baggage detected by sensor------------- 
Baggage weighs: 18.67 kg
baggage is on conveyor belt-------
---------baggage detected by sensor------------- 
Baggage weighs: 16.98 kg
baggage is on conveyor belt-------
---------baggage detected by sensor------------- 
Baggage weighs: 21.26 kg
baggage is on conveyor belt-------
---------baggage detected by sensor------------- 
Baggage weighs: 18.3 kg
baggage is on conveyor belt-------
---------baggage detected by sensor------------- 
Baggage weighs: 16.81 kg
baggage is on conveyor belt-------
---------baggage detected by sensor------------- 
Baggage weighs: 20.91 kg
baggage is on conveyor belt-------
---------baggage detected by sensor------------- 
Baggage weighs: 21.21 kg
baggage is on conveyor belt-------
---------baggage detected by sensor------------- 
Baggage weighs: 19.69 kg
baggage is on conveyor belt-------
---------baggage detected by sensor------------- 
Baggage weighs: 18.67 kg
baggage is on conveyor belt-------
---------baggage detected by sensor------------- 
Baggage weighs: 19.12 kg
baggage is on conveyor belt-------
---------baggage detected by sensor------------- 
Baggage weighs: 16.42 kg
baggage is on conveyor belt-------
---------baggage detected by sensor------------- 
Baggage weighs: 19.17 kg
baggage is on conveyor belt-------
---------baggage detected by sensor------------- 
Baggage weighs: 19.0 kg
baggage is on conveyor belt-------
---------baggage detected by sensor------------- 
Baggage weighs: 18.78 kg
baggage is on conveyor belt-------
---------baggage detected by sensor------------- 
Baggage weighs: 20.31 kg
baggage is on conveyor belt-------
---------baggage detected by sensor------------- 
Baggage weighs: 21.25 kg
baggage is on conveyor belt-------
---------baggage detected by sensor------------- 
Baggage weighs: 18.87 kg
baggage is on conveyor belt-------
---------baggage detected by sensor------------- 
Baggage weighs: 16.25 kg
baggage is on conveyor belt-------
---------baggage detected by sensor------------- 
Baggage weighs: 19.94 kg
baggage is on conveyor belt-------
---------baggage detected by sensor------------- 
Baggage weighs: 16.88 kg
baggage is on conveyor belt-------
---------baggage detected by sensor------------- 
Baggage weighs: 18.24 kg
baggage is on conveyor belt-------
---------baggage detected by sensor------------- 
Baggage weighs: 17.16 kg
baggage is on conveyor belt-------
---------baggage detected by sensor------------- 
Baggage weighs: 19.34 kg
baggage is on conveyor belt-------
---------baggage detected by sensor------------- 
Baggage weighs: 22.41 kg
baggage is on conveyor belt-------
---------baggage detected by sensor------------- 
Baggage weighs: 20.47 kg
baggage is on conveyor belt-------
---------baggage detected by sensor------------- 
Baggage weighs: 18.81 kg
baggage is on conveyor belt-------
---------baggage detected by sensor------------- 
Baggage weighs: 18.56 kg
baggage is on conveyor belt-------
---------baggage detected by sensor------------- 
Baggage weighs: 17.77 kg
baggage is on conveyor belt-------
---------baggage detected by sensor------------- 
Baggage weighs: 19.32 kg
baggage is on conveyor belt-------
---------baggage detected by sensor------------- 
Baggage weighs: 19.21 kg
baggage is on conveyor belt-------
---------baggage detected by sensor------------- 
Baggage weighs: 19.13 kg
baggage is on conveyor belt-------
---------baggage detected by sensor------------- 
Baggage weighs: 20.39 kg
baggage is on conveyor belt-------
---------baggage detected by sensor------------- 
Baggage weighs: 21.03 kg
baggage is on conveyor belt-------
---------baggage detected by sensor------------- 
Baggage weighs: 20.05 kg
baggage is on conveyor belt-------
---------baggage detected by sensor------------- 
Baggage weighs: 21.92 kg
baggage is on conveyor belt-------
---------baggage detected by sensor------------- 
Baggage weighs: 19.37 kg
baggage is on conveyor belt-------
---------baggage detected by sensor------------- 
Baggage weighs: 20.35 kg
baggage is on conveyor belt-------
---------baggage detected by sensor------------- 
Baggage weighs: 18.73 kg
baggage is on conveyor belt-------
---------baggage detected by sensor------------- 
Baggage weighs: 20.33 kg
baggage is on conveyor belt-------
---------baggage detected by sensor------------- 
Baggage weighs: 22.01 kg
baggage is on conveyor belt-------
---------baggage detected by sensor------------- 
Baggage weighs: 19.27 kg
baggage is on conveyor belt-------
---------baggage detected by sensor------------- 
Baggage weighs: 21.18 kg
baggage is on conveyor belt-------
---------baggage detected by sensor------------- 
Baggage weighs: 17.16 kg
baggage is on conveyor belt-------
---------baggage detected by sensor------------- 
Baggage weighs: 20.04 kg
baggage is on conveyor belt-------
---------baggage detected by sensor------------- 
Baggage weighs: 20.91 kg
baggage is on conveyor belt-------
---------baggage detected by sensor------------- 
Baggage weighs: 20.3 kg
baggage is on conveyor belt-------
---------baggage detected by sensor------------- 
Baggage weighs: 20.38 kg
baggage is on conveyor belt-------
---------baggage detected by sensor------------- 
Baggage weighs: 16.54 kg
baggage is on conveyor belt-------
---------baggage detected by sensor------------- 
Baggage weighs: 18.87 kg
baggage is on conveyor belt-------
---------baggage detected by sensor------------- 
Baggage weighs: 20.22 kg
baggage is on conveyor belt-------
---------baggage detected by sensor------------- 
Baggage weighs: 20.75 kg
baggage is on conveyor belt-------
---------baggage detected by sensor------------- 
Baggage weighs: 17.4 kg
baggage is on conveyor belt-------
---------baggage detected by sensor------------- 
Baggage weighs: 20.27 kg
baggage is on conveyor belt-------
---------baggage detected by sensor------------- 
Baggage weighs: 17.04 kg
baggage is on conveyor belt-------
---------baggage detected by sensor------------- 
Baggage weighs: 19.84 kg
baggage is on conveyor belt-------
---------baggage detected by sensor------------- 
Baggage weighs: 17.34 kg
baggage is on conveyor belt-------
---------baggage detected by sensor------------- 
Baggage weighs: 18.75 kg
baggage is on conveyor belt-------
---------baggage detected by sensor------------- 
Baggage weighs: 19.12 kg
baggage is on conveyor belt-------
---------baggage detected by sensor------------- 
Baggage weighs: 18.29 kg
baggage is on conveyor belt-------
---------baggage detected by sensor------------- 
Baggage weighs: 17.94 kg
baggage is on conveyor belt-------
---------baggage detected by sensor------------- 
Baggage weighs: 19.09 kg
baggage is on conveyor belt-------
---------baggage detected by sensor------------- 
Baggage weighs: 22.39 kg
baggage is on conveyor belt-------
---------baggage detected by sensor------------- 
Baggage weighs: 21.23 kg
baggage is on conveyor belt-------
---------baggage detected by sensor------------- 
Baggage weighs: 17.56 kg
baggage is on conveyor belt-------
---------baggage detected by sensor------------- 
Baggage weighs: 18.37 kg
baggage is on conveyor belt-------
---------baggage detected by sensor------------- 
Baggage weighs: 21.4 kg
baggage is on conveyor belt-------
---------baggage detected by sensor------------- 
Baggage weighs: 20.25 kg
baggage is on conveyor belt-------
---------baggage detected by sensor------------- 
Baggage weighs: 23.0 kg
baggage is on conveyor belt-------
---------baggage detected by sensor------------- 
Baggage weighs: 17.01 kg
baggage is on conveyor belt-------
---------baggage detected by sensor------------- 
Baggage weighs: 17.39 kg
baggage is on conveyor belt-------
---------baggage detected by sensor------------- 
Baggage weighs: 16.7 kg
baggage is on conveyor belt-------
---------baggage detected by sensor------------- 
Baggage weighs: 16.23 kg
baggage is on conveyor belt-------
---------baggage detected by sensor------------- 
Baggage weighs: 19.13 kg
baggage is on conveyor belt-------
---------baggage detected by sensor------------- 
Baggage weighs: 21.07 kg
baggage is on conveyor belt-------
---------baggage detected by sensor------------- 
Baggage weighs: 17.87 kg
baggage is on conveyor belt-------
---------baggage detected by sensor------------- 
Baggage weighs: 19.92 kg
baggage is on conveyor belt-------
---------baggage detected by sensor------------- 
Baggage weighs: 19.22 kg
baggage is on conveyor belt-------
---------baggage detected by sensor------------- 
Baggage weighs: 21.53 kg
baggage is on conveyor belt-------
---------baggage detected by sensor------------- 
Baggage weighs: 20.29 kg
baggage is on conveyor belt-------
---------baggage detected by sensor------------- 
Baggage weighs: 19.32 kg
baggage is on conveyor belt-------
---------baggage detected by sensor------------- 
Baggage weighs: 17.25 kg
baggage is on conveyor belt-------
---------baggage detected by sensor------------- 
Baggage weighs: 21.3 kg
baggage is on conveyor belt-------
---------baggage detected by sensor------------- 
Baggage weighs: 16.79 kg
baggage is on conveyor belt-------
---------baggage detected by sensor------------- 
Baggage weighs: 19.55 kg
baggage is on conveyor belt-------
---------baggage detected by sensor------------- 
Baggage weighs: 18.88 kg
baggage is on conveyor belt-------
---------baggage detected by sensor------------- 
Baggage weighs: 22.33 kg
baggage is on conveyor belt-------
---------baggage detected by sensor------------- 
Baggage weighs: 20.62 kg
baggage is on conveyor belt-------
---------baggage detected by sensor------------- 
Baggage weighs: 19.42 kg
baggage is on conveyor belt-------
---------baggage detected by sensor------------- 
Baggage weighs: 17.54 kg
baggage is on conveyor belt-------
---------baggage detected by sensor------------- 
Baggage weighs: 21.51 kg
baggage is on conveyor belt-------
---------baggage detected by sensor------------- 
Baggage weighs: 19.46 kg
baggage is on conveyor belt-------
---------baggage detected by sensor------------- 
Baggage weighs: 17.83 kg
baggage is on conveyor belt-------
---------baggage detected by sensor------------- 
Baggage weighs: 17.75 kg
baggage is on conveyor belt-------
---------baggage detected by sensor------------- 
Baggage weighs: 17.44 kg
baggage is on conveyor belt-------
---------baggage detected by sensor------------- 
Baggage weighs: 19.53 kg
baggage is on conveyor belt-------
---------baggage detected by sensor------------- 
Baggage weighs: 17.51 kg
baggage is on conveyor belt-------
---------baggage detected by sensor------------- 
Baggage weighs: 18.2 kg
baggage is on conveyor belt-------
---------baggage detected by sensor------------- 
Baggage weighs: 21.55 kg
baggage is on conveyor belt-------
---------baggage detected by sensor------------- 
Baggage weighs: 19.67 kg
baggage is on conveyor belt-------
---------baggage detected by sensor------------- 
Baggage weighs: 19.52 kg
baggage is on conveyor belt-------
---------baggage detected by sensor------------- 
Baggage weighs: 21.06 kg
baggage is on conveyor belt-------
---------baggage detected by sensor------------- 
Baggage weighs: 17.44 kg
baggage is on conveyor belt-------
---------baggage detected by sensor------------- 
Baggage weighs: 19.21 kg
baggage is on conveyor belt-------
---------baggage detected by sensor------------- 
Baggage weighs: 21.65 kg
baggage is on conveyor belt-------
---------baggage detected by sensor------------- 
Baggage weighs: 19.64 kg
baggage is on conveyor belt-------
---------baggage detected by sensor------------- 
Baggage weighs: 21.03 kg
baggage is on conveyor belt-------
---------baggage detected by sensor------------- 
Baggage weighs: 19.76 kg
baggage is on conveyor belt-------
---------baggage detected by sensor------------- 
Baggage weighs: 21.01 kg
baggage is on conveyor belt-------
---------baggage detected by sensor------------- 
Baggage weighs: 19.11 kg
baggage is on conveyor belt-------
---------baggage detected by sensor------------- 
Baggage weighs: 18.54 kg
baggage is on conveyor belt-------
---------baggage detected by sensor------------- 
Baggage weighs: 16.86 kg
baggage is on conveyor belt-------
---------baggage detected by sensor------------- 
Baggage weighs: 16.59 kg
baggage is on conveyor belt-------
---------baggage detected by sensor------------- 
Baggage weighs: 19.26 kg
baggage is on conveyor belt-------
---------baggage detected by sensor------------- 
Baggage weighs: 18.34 kg
baggage is on conveyor belt-------
---------baggage detected by sensor------------- 
Baggage weighs: 19.09 kg
baggage is on conveyor belt-------
---------baggage detected by sensor------------- 
Baggage weighs: 22.38 kg
baggage is on conveyor belt-------
---------baggage detected by sensor------------- 
Baggage weighs: 22.12 kg
baggage is on conveyor belt-------
---------baggage detected by sensor------------- 
Baggage weighs: 16.75 kg
baggage is on conveyor belt-------
---------baggage detected by sensor------------- 
Baggage weighs: 20.36 kg
baggage is on conveyor belt-------
---------baggage detected by sensor------------- 
Baggage weighs: 20.94 kg
baggage is on conveyor belt-------
---------baggage detected by sensor------------- 
Baggage weighs: 19.8 kg
baggage is on conveyor belt-------
---------baggage detected by sensor------------- 
Baggage weighs: 19.12 kg
baggage is on conveyor belt-------
---------baggage detected by sensor------------- 
Baggage weighs: 16.93 kg
baggage is on conveyor belt-------
---------baggage detected by sensor------------- 
Baggage weighs: 20.48 kg
baggage is on conveyor belt-------
---------baggage detected by sensor------------- 
Baggage weighs: 17.63 kg
baggage is on conveyor belt-------
---------baggage detected by sensor------------- 
Baggage weighs: 19.86 kg
baggage is on conveyor belt-------
---------baggage detected by sensor------------- 
Baggage weighs: 19.4 kg
baggage is on conveyor belt-------
---------baggage detected by sensor------------- 
Baggage weighs: 19.0 kg
baggage is on conveyor belt-------
---------baggage detected by sensor------------- 
Baggage weighs: 20.5 kg
baggage is on conveyor belt-------
---------baggage detected by sensor------------- 
Baggage weighs: 21.9 kg
baggage is on conveyor belt-------
---------baggage detected by sensor------------- 
Baggage weighs: 19.82 kg
baggage is on conveyor belt-------
---------baggage detected by sensor------------- 
Baggage weighs: 18.98 kg
baggage is on conveyor belt-------
---------baggage detected by sensor------------- 
Baggage weighs: 19.28 kg
baggage is on conveyor belt-------
---------baggage detected by sensor------------- 
Baggage weighs: 18.06 kg
baggage is on conveyor belt-------
---------baggage detected by sensor------------- 
Baggage weighs: 20.2 kg
baggage is on conveyor belt-------
---------baggage detected by sensor------------- 
Baggage weighs: 19.74 kg
baggage is on conveyor belt-------
---------baggage detected by sensor------------- 
Baggage weighs: 17.44 kg
baggage is on conveyor belt-------
---------baggage detected by sensor------------- 
Baggage weighs: 19.36 kg
baggage is on conveyor belt-------
---------baggage detected by sensor------------- 
Baggage weighs: 20.4 kg
baggage is on conveyor belt-------
---------baggage detected by sensor------------- 
Baggage weighs: 18.92 kg
baggage is on conveyor belt-------
---------baggage detected by sensor------------- 
Baggage weighs: 18.48 kg
baggage is on conveyor belt-------
---------baggage detected by sensor------------- 
Baggage weighs: 17.34 kg
baggage is on conveyor belt-------
---------baggage detected by sensor------------- 
Baggage weighs: 20.57 kg
baggage is on conveyor belt-------
---------baggage detected by sensor------------- 
Baggage weighs: 17.19 kg
baggage is on conveyor belt-------
---------baggage detected by sensor------------- 
Baggage weighs: 18.25 kg
baggage is on conveyor belt-------
---------baggage detected by sensor------------- 
Baggage weighs: 19.29 kg
baggage is on conveyor belt-------
---------baggage detected by sensor------------- 
Baggage weighs: 16.86 kg
baggage is on conveyor belt-------
---------baggage detected by sensor------------- 
Baggage weighs: 19.34 kg
baggage is on conveyor belt-------
---------baggage detected by sensor------------- 
Baggage weighs: 19.32 kg
baggage is on conveyor belt-------
---------baggage detected by sensor------------- 
Baggage weighs: 18.15 kg
baggage is on conveyor belt-------
---------baggage detected by sensor------------- 
Baggage weighs: 18.98 kg
baggage is on conveyor belt-------
---------baggage detected by sensor------------- 
Baggage weighs: 21.84 kg
baggage is on conveyor belt-------
---------baggage detected by sensor------------- 
Baggage weighs: 20.53 kg
baggage is on conveyor belt-------
---------baggage detected by sensor------------- 
Baggage weighs: 20.62 kg
baggage is on conveyor belt-------
---------baggage detected by sensor------------- 
Baggage weighs: 20.7 kg
baggage is on conveyor belt-------
---------baggage detected by sensor------------- 
Baggage weighs: 19.64 kg
baggage is on conveyor belt-------
---------baggage detected by sensor------------- 
Baggage weighs: 16.11 kg
baggage is on conveyor belt-------
---------baggage detected by sensor------------- 
Baggage weighs: 22.24 kg
baggage is on conveyor belt-------
---------baggage detected by sensor------------- 
Baggage weighs: 21.47 kg
baggage is on conveyor belt-------
---------baggage detected by sensor------------- 
Baggage weighs: 20.73 kg
baggage is on conveyor belt-------
---------baggage detected by sensor------------- 
Baggage weighs: 19.51 kg
baggage is on conveyor belt-------
---------baggage detected by sensor------------- 
Baggage weighs: 20.11 kg
baggage is on conveyor belt-------
---------baggage detected by sensor------------- 
Baggage weighs: 20.36 kg
baggage is on conveyor belt-------
---------baggage detected by sensor------------- 
Baggage weighs: 18.84 kg
baggage is on conveyor belt-------
---------baggage detected by sensor------------- 
Baggage weighs: 22.61 kg
baggage is on conveyor belt-------
---------baggage detected by sensor------------- 
Baggage weighs: 20.07 kg
baggage is on conveyor belt-------
---------baggage detected by sensor------------- 
Baggage weighs: 20.28 kg
baggage is on conveyor belt-------
---------baggage detected by sensor------------- 
Baggage weighs: 17.9 kg
baggage is on conveyor belt-------
---------baggage detected by sensor------------- 
Baggage weighs: 18.13 kg
baggage is on conveyor belt-------
---------baggage detected by sensor------------- 
Baggage weighs: 18.32 kg
baggage is on conveyor belt-------
---------baggage detected by sensor------------- 
Baggage weighs: 19.3 kg
baggage is on conveyor belt-------
---------baggage detected by sensor------------- 
Baggage weighs: 21.34 kg
baggage is on conveyor belt-------
---------baggage detected by sensor------------- 
Baggage weighs: 19.74 kg
baggage is on conveyor belt-------
---------baggage detected by sensor------------- 
Baggage weighs: 18.46 kg
baggage is on conveyor belt-------
---------baggage detected by sensor------------- 
Baggage weighs: 19.49 kg
baggage is on conveyor belt-------
---------baggage detected by sensor------------- 
Baggage weighs: 17.97 kg
baggage is on conveyor belt-------
---------baggage detected by sensor------------- 
Baggage weighs: 21.32 kg
baggage is on conveyor belt-------
---------baggage detected by sensor------------- 
Baggage weighs: 16.41 kg
baggage is on conveyor belt-------
---------baggage detected by sensor------------- 
Baggage weighs: 16.36 kg
baggage is on conveyor belt-------
---------baggage detected by sensor------------- 
Baggage weighs: 16.24 kg
baggage is on conveyor belt-------
---------baggage detected by sensor------------- 
Baggage weighs: 16.65 kg
baggage is on conveyor belt-------
---------baggage detected by sensor------------- 
Baggage weighs: 20.17 kg
baggage is on conveyor belt-------
---------baggage detected by sensor------------- 
Baggage weighs: 21.08 kg
baggage is on conveyor belt-------
---------baggage detected by sensor------------- 
Baggage weighs: 18.0 kg
baggage is on conveyor belt-------
---------baggage detected by sensor------------- 
Baggage weighs: 17.49 kg
baggage is on conveyor belt-------
---------baggage detected by sensor------------- 
Baggage weighs: 19.3 kg
baggage is on conveyor belt-------
---------baggage detected by sensor------------- 
Baggage weighs: 18.34 kg
baggage is on conveyor belt-------
---------baggage detected by sensor------------- 
Baggage weighs: 19.57 kg
baggage is on conveyor belt-------
---------baggage detected by sensor------------- 
Baggage weighs: 18.99 kg
baggage is on conveyor belt-------
---------baggage detected by sensor------------- 
Baggage weighs: 20.13 kg
baggage is on conveyor belt-------
---------baggage detected by sensor------------- 
Baggage weighs: 21.59 kg
baggage is on conveyor belt-------
---------baggage detected by sensor------------- 
Baggage weighs: 17.75 kg
baggage is on conveyor belt-------
---------baggage detected by sensor------------- 
Baggage weighs: 18.88 kg
baggage is on conveyor belt-------
---------baggage detected by sensor------------- 
Baggage weighs: 17.64 kg
baggage is on conveyor belt-------
---------baggage detected by sensor------------- 
Baggage weighs: 17.28 kg
baggage is on conveyor belt-------
---------baggage detected by sensor------------- 
Baggage weighs: 19.89 kg
baggage is on conveyor belt-------
---------baggage detected by sensor------------- 
Baggage weighs: 16.14 kg
baggage is on conveyor belt-------
---------baggage detected by sensor------------- 
Baggage weighs: 19.6 kg
baggage is on conveyor belt-------
---------baggage detected by sensor------------- 
Baggage weighs: 19.1 kg
baggage is on conveyor belt-------
---------baggage detected by sensor------------- 
Baggage weighs: 16.76 kg
baggage is on conveyor belt-------
---------baggage detected by sensor------------- 
Baggage weighs: 22.78 kg
baggage is on conveyor belt-------
---------baggage detected by sensor------------- 
Baggage weighs: 16.41 kg
baggage is on conveyor belt-------
---------baggage detected by sensor------------- 
Baggage weighs: 19.48 kg
baggage is on conveyor belt-------
---------baggage detected by sensor------------- 
Baggage weighs: 19.0 kg
baggage is on conveyor belt-------
---------baggage detected by sensor------------- 
Baggage weighs: 21.58 kg
baggage is on conveyor belt-------
---------baggage detected by sensor------------- 
Baggage weighs: 21.07 kg
baggage is on conveyor belt-------
---------baggage detected by sensor------------- 
Baggage weighs: 16.28 kg
baggage is on conveyor belt-------
---------baggage detected by sensor------------- 
Baggage weighs: 20.22 kg
baggage is on conveyor belt-------
---------baggage detected by sensor------------- 
Baggage weighs: 17.58 kg
baggage is on conveyor belt-------
---------baggage detected by sensor------------- 
Baggage weighs: 17.69 kg
baggage is on conveyor belt-------
---------baggage detected by sensor------------- 
Baggage weighs: 19.1 kg
baggage is on conveyor belt-------
---------baggage detected by sensor------------- 
Baggage weighs: 18.5 kg
baggage is on conveyor belt-------
---------baggage detected by sensor------------- 
Baggage weighs: 19.06 kg
baggage is on conveyor belt-------
---------baggage detected by sensor------------- 
Baggage weighs: 21.45 kg
baggage is on conveyor belt-------
---------baggage detected by sensor------------- 
Baggage weighs: 19.0 kg
baggage is on conveyor belt-------
---------baggage detected by sensor------------- 
Baggage weighs: 20.87 kg
baggage is on conveyor belt-------
---------baggage detected by sensor------------- 
Baggage weighs: 22.55 kg
baggage is on conveyor belt-------
---------baggage detected by sensor------------- 
Baggage weighs: 21.43 kg
baggage is on conveyor belt-------
---------baggage detected by sensor------------- 
Baggage weighs: 16.99 kg
baggage is on conveyor belt-------
---------baggage detected by sensor------------- 
Baggage weighs: 16.52 kg
baggage is on conveyor belt-------
---------baggage detected by sensor------------- 
Baggage weighs: 20.55 kg
baggage is on conveyor belt-------
---------baggage detected by sensor------------- 
Baggage weighs: 21.64 kg
baggage is on conveyor belt-------
---------baggage detected by sensor------------- 
Baggage weighs: 18.94 kg
baggage is on conveyor belt-------
---------baggage detected by sensor------------- 
Baggage weighs: 20.28 kg
baggage is on conveyor belt-------
---------baggage detected by sensor------------- 
Baggage weighs: 18.3 kg
baggage is on conveyor belt-------
---------baggage detected by sensor------------- 
Baggage weighs: 20.49 kg
baggage is on conveyor belt-------
---------baggage detected by sensor------------- 
Baggage weighs: 17.77 kg
baggage is on conveyor belt-------
---------baggage detected by sensor------------- 
Baggage weighs: 21.55 kg
baggage is on conveyor belt-------
---------baggage detected by sensor------------- 
Baggage weighs: 19.94 kg
baggage is on conveyor belt-------
---------baggage detected by sensor------------- 
Baggage weighs: 19.71 kg
baggage is on conveyor belt-------
---------baggage detected by sensor------------- 
Baggage weighs: 16.27 kg
baggage is on conveyor belt-------
---------baggage detected by sensor------------- 
Baggage weighs: 17.63 kg
baggage is on conveyor belt-------
---------baggage detected by sensor------------- 
Baggage weighs: 20.96 kg
baggage is on conveyor belt-------
---------baggage detected by sensor------------- 
Baggage weighs: 17.56 kg
baggage is on conveyor belt-------
---------baggage detected by sensor------------- 
Baggage weighs: 17.97 kg
baggage is on conveyor belt-------
---------baggage detected by sensor------------- 
Baggage weighs: 22.08 kg
baggage is on conveyor belt-------
---------baggage detected by sensor------------- 
Baggage weighs: 19.67 kg
Seat with ID: 41G has been reserved for you!

BOARDING PASS FOR JONAS STONE
-----------------------------------------------------------------------------
LUFTHANSA                      e8ewaqbyrvb80iv /  Jonas Stone
Jonas Stone                                     /  e8ewaqbyrvb80iv
FRA   LH2121   E  30.Oct                       /  FRA
HKG                                            /  HKG
SEAT ID: 41G                                   /  LH2121 E 30.Oct
SEQ: 239                                      / GATE: A05   22:00
MAX 1  HANDLUGGAGE/ LUGGAGE
-----------------------------------------------------------------------------
sorry Jonas Stone we have no voucher for you! Have a nice day!

---------------------------------------------------------------------------------------------------------------
scanning passport with passport id: YM2SLB7BM
searching for ticket in fast bag drop database..............
Ticket found for Alfreda Christian and Flight LH2121
----searching flight seat for Alfreda Christian---------
Found a seat with ID 41H
Below details were found in database
------------------------------------------
Name: Alfreda Christian
Flight ID: LH2121
Source: FRA
Destination: HKG
Gate No: A05
Boarding time: 22:00
Ticket ID: gplu1p37rhdpsrk
Booking Class: E
------------------------------------------

Proceed with check-in for flight LH2121 ?
Type YES to CHECK-IN or NO to cancel CHECK-IN
Alfreda Christian is deciding whether to check-in or to go back home and sleep............
YES CHECK-IN
Checking you in...............
baggage is on conveyor belt-------
---------baggage detected by sensor------------- 
Baggage weighs: 21.58 kg
baggage is on conveyor belt-------
---------baggage detected by sensor------------- 
Baggage weighs: 20.43 kg
baggage is on conveyor belt-------
---------baggage detected by sensor------------- 
Baggage weighs: 18.47 kg
baggage is on conveyor belt-------
---------baggage detected by sensor------------- 
Baggage weighs: 17.86 kg
baggage is on conveyor belt-------
---------baggage detected by sensor------------- 
Baggage weighs: 18.65 kg
baggage is on conveyor belt-------
---------baggage detected by sensor------------- 
Baggage weighs: 19.27 kg
baggage is on conveyor belt-------
---------baggage detected by sensor------------- 
Baggage weighs: 17.42 kg
baggage is on conveyor belt-------
---------baggage detected by sensor------------- 
Baggage weighs: 19.16 kg
baggage is on conveyor belt-------
---------baggage detected by sensor------------- 
Baggage weighs: 19.52 kg
baggage is on conveyor belt-------
---------baggage detected by sensor------------- 
Baggage weighs: 17.51 kg
baggage is on conveyor belt-------
---------baggage detected by sensor------------- 
Baggage weighs: 17.38 kg
baggage is on conveyor belt-------
---------baggage detected by sensor------------- 
Baggage weighs: 18.67 kg
baggage is on conveyor belt-------
---------baggage detected by sensor------------- 
Baggage weighs: 16.98 kg
baggage is on conveyor belt-------
---------baggage detected by sensor------------- 
Baggage weighs: 21.26 kg
baggage is on conveyor belt-------
---------baggage detected by sensor------------- 
Baggage weighs: 18.3 kg
baggage is on conveyor belt-------
---------baggage detected by sensor------------- 
Baggage weighs: 16.81 kg
baggage is on conveyor belt-------
---------baggage detected by sensor------------- 
Baggage weighs: 20.91 kg
baggage is on conveyor belt-------
---------baggage detected by sensor------------- 
Baggage weighs: 21.21 kg
baggage is on conveyor belt-------
---------baggage detected by sensor------------- 
Baggage weighs: 19.69 kg
baggage is on conveyor belt-------
---------baggage detected by sensor------------- 
Baggage weighs: 18.67 kg
baggage is on conveyor belt-------
---------baggage detected by sensor------------- 
Baggage weighs: 19.12 kg
baggage is on conveyor belt-------
---------baggage detected by sensor------------- 
Baggage weighs: 16.42 kg
baggage is on conveyor belt-------
---------baggage detected by sensor------------- 
Baggage weighs: 19.17 kg
baggage is on conveyor belt-------
---------baggage detected by sensor------------- 
Baggage weighs: 19.0 kg
baggage is on conveyor belt-------
---------baggage detected by sensor------------- 
Baggage weighs: 18.78 kg
baggage is on conveyor belt-------
---------baggage detected by sensor------------- 
Baggage weighs: 20.31 kg
baggage is on conveyor belt-------
---------baggage detected by sensor------------- 
Baggage weighs: 21.25 kg
baggage is on conveyor belt-------
---------baggage detected by sensor------------- 
Baggage weighs: 18.87 kg
baggage is on conveyor belt-------
---------baggage detected by sensor------------- 
Baggage weighs: 16.25 kg
baggage is on conveyor belt-------
---------baggage detected by sensor------------- 
Baggage weighs: 19.94 kg
baggage is on conveyor belt-------
---------baggage detected by sensor------------- 
Baggage weighs: 16.88 kg
baggage is on conveyor belt-------
---------baggage detected by sensor------------- 
Baggage weighs: 18.24 kg
baggage is on conveyor belt-------
---------baggage detected by sensor------------- 
Baggage weighs: 17.16 kg
baggage is on conveyor belt-------
---------baggage detected by sensor------------- 
Baggage weighs: 19.34 kg
baggage is on conveyor belt-------
---------baggage detected by sensor------------- 
Baggage weighs: 22.41 kg
baggage is on conveyor belt-------
---------baggage detected by sensor------------- 
Baggage weighs: 20.47 kg
baggage is on conveyor belt-------
---------baggage detected by sensor------------- 
Baggage weighs: 18.81 kg
baggage is on conveyor belt-------
---------baggage detected by sensor------------- 
Baggage weighs: 18.56 kg
baggage is on conveyor belt-------
---------baggage detected by sensor------------- 
Baggage weighs: 17.77 kg
baggage is on conveyor belt-------
---------baggage detected by sensor------------- 
Baggage weighs: 19.32 kg
baggage is on conveyor belt-------
---------baggage detected by sensor------------- 
Baggage weighs: 19.21 kg
baggage is on conveyor belt-------
---------baggage detected by sensor------------- 
Baggage weighs: 19.13 kg
baggage is on conveyor belt-------
---------baggage detected by sensor------------- 
Baggage weighs: 20.39 kg
baggage is on conveyor belt-------
---------baggage detected by sensor------------- 
Baggage weighs: 21.03 kg
baggage is on conveyor belt-------
---------baggage detected by sensor------------- 
Baggage weighs: 20.05 kg
baggage is on conveyor belt-------
---------baggage detected by sensor------------- 
Baggage weighs: 21.92 kg
baggage is on conveyor belt-------
---------baggage detected by sensor------------- 
Baggage weighs: 19.37 kg
baggage is on conveyor belt-------
---------baggage detected by sensor------------- 
Baggage weighs: 20.35 kg
baggage is on conveyor belt-------
---------baggage detected by sensor------------- 
Baggage weighs: 18.73 kg
baggage is on conveyor belt-------
---------baggage detected by sensor------------- 
Baggage weighs: 20.33 kg
baggage is on conveyor belt-------
---------baggage detected by sensor------------- 
Baggage weighs: 22.01 kg
baggage is on conveyor belt-------
---------baggage detected by sensor------------- 
Baggage weighs: 19.27 kg
baggage is on conveyor belt-------
---------baggage detected by sensor------------- 
Baggage weighs: 21.18 kg
baggage is on conveyor belt-------
---------baggage detected by sensor------------- 
Baggage weighs: 17.16 kg
baggage is on conveyor belt-------
---------baggage detected by sensor------------- 
Baggage weighs: 20.04 kg
baggage is on conveyor belt-------
---------baggage detected by sensor------------- 
Baggage weighs: 20.91 kg
baggage is on conveyor belt-------
---------baggage detected by sensor------------- 
Baggage weighs: 20.3 kg
baggage is on conveyor belt-------
---------baggage detected by sensor------------- 
Baggage weighs: 20.38 kg
baggage is on conveyor belt-------
---------baggage detected by sensor------------- 
Baggage weighs: 16.54 kg
baggage is on conveyor belt-------
---------baggage detected by sensor------------- 
Baggage weighs: 18.87 kg
baggage is on conveyor belt-------
---------baggage detected by sensor------------- 
Baggage weighs: 20.22 kg
baggage is on conveyor belt-------
---------baggage detected by sensor------------- 
Baggage weighs: 20.75 kg
baggage is on conveyor belt-------
---------baggage detected by sensor------------- 
Baggage weighs: 17.4 kg
baggage is on conveyor belt-------
---------baggage detected by sensor------------- 
Baggage weighs: 20.27 kg
baggage is on conveyor belt-------
---------baggage detected by sensor------------- 
Baggage weighs: 17.04 kg
baggage is on conveyor belt-------
---------baggage detected by sensor------------- 
Baggage weighs: 19.84 kg
baggage is on conveyor belt-------
---------baggage detected by sensor------------- 
Baggage weighs: 17.34 kg
baggage is on conveyor belt-------
---------baggage detected by sensor------------- 
Baggage weighs: 18.75 kg
baggage is on conveyor belt-------
---------baggage detected by sensor------------- 
Baggage weighs: 19.12 kg
baggage is on conveyor belt-------
---------baggage detected by sensor------------- 
Baggage weighs: 18.29 kg
baggage is on conveyor belt-------
---------baggage detected by sensor------------- 
Baggage weighs: 17.94 kg
baggage is on conveyor belt-------
---------baggage detected by sensor------------- 
Baggage weighs: 19.09 kg
baggage is on conveyor belt-------
---------baggage detected by sensor------------- 
Baggage weighs: 22.39 kg
baggage is on conveyor belt-------
---------baggage detected by sensor------------- 
Baggage weighs: 21.23 kg
baggage is on conveyor belt-------
---------baggage detected by sensor------------- 
Baggage weighs: 17.56 kg
baggage is on conveyor belt-------
---------baggage detected by sensor------------- 
Baggage weighs: 18.37 kg
baggage is on conveyor belt-------
---------baggage detected by sensor------------- 
Baggage weighs: 21.4 kg
baggage is on conveyor belt-------
---------baggage detected by sensor------------- 
Baggage weighs: 20.25 kg
baggage is on conveyor belt-------
---------baggage detected by sensor------------- 
Baggage weighs: 23.0 kg
baggage is on conveyor belt-------
---------baggage detected by sensor------------- 
Baggage weighs: 17.01 kg
baggage is on conveyor belt-------
---------baggage detected by sensor------------- 
Baggage weighs: 17.39 kg
baggage is on conveyor belt-------
---------baggage detected by sensor------------- 
Baggage weighs: 16.7 kg
baggage is on conveyor belt-------
---------baggage detected by sensor------------- 
Baggage weighs: 16.23 kg
baggage is on conveyor belt-------
---------baggage detected by sensor------------- 
Baggage weighs: 19.13 kg
baggage is on conveyor belt-------
---------baggage detected by sensor------------- 
Baggage weighs: 21.07 kg
baggage is on conveyor belt-------
---------baggage detected by sensor------------- 
Baggage weighs: 17.87 kg
baggage is on conveyor belt-------
---------baggage detected by sensor------------- 
Baggage weighs: 19.92 kg
baggage is on conveyor belt-------
---------baggage detected by sensor------------- 
Baggage weighs: 19.22 kg
baggage is on conveyor belt-------
---------baggage detected by sensor------------- 
Baggage weighs: 21.53 kg
baggage is on conveyor belt-------
---------baggage detected by sensor------------- 
Baggage weighs: 20.29 kg
baggage is on conveyor belt-------
---------baggage detected by sensor------------- 
Baggage weighs: 19.32 kg
baggage is on conveyor belt-------
---------baggage detected by sensor------------- 
Baggage weighs: 17.25 kg
baggage is on conveyor belt-------
---------baggage detected by sensor------------- 
Baggage weighs: 21.3 kg
baggage is on conveyor belt-------
---------baggage detected by sensor------------- 
Baggage weighs: 16.79 kg
baggage is on conveyor belt-------
---------baggage detected by sensor------------- 
Baggage weighs: 19.55 kg
baggage is on conveyor belt-------
---------baggage detected by sensor------------- 
Baggage weighs: 18.88 kg
baggage is on conveyor belt-------
---------baggage detected by sensor------------- 
Baggage weighs: 22.33 kg
baggage is on conveyor belt-------
---------baggage detected by sensor------------- 
Baggage weighs: 20.62 kg
baggage is on conveyor belt-------
---------baggage detected by sensor------------- 
Baggage weighs: 19.42 kg
baggage is on conveyor belt-------
---------baggage detected by sensor------------- 
Baggage weighs: 17.54 kg
baggage is on conveyor belt-------
---------baggage detected by sensor------------- 
Baggage weighs: 21.51 kg
baggage is on conveyor belt-------
---------baggage detected by sensor------------- 
Baggage weighs: 19.46 kg
baggage is on conveyor belt-------
---------baggage detected by sensor------------- 
Baggage weighs: 17.83 kg
baggage is on conveyor belt-------
---------baggage detected by sensor------------- 
Baggage weighs: 17.75 kg
baggage is on conveyor belt-------
---------baggage detected by sensor------------- 
Baggage weighs: 17.44 kg
baggage is on conveyor belt-------
---------baggage detected by sensor------------- 
Baggage weighs: 19.53 kg
baggage is on conveyor belt-------
---------baggage detected by sensor------------- 
Baggage weighs: 17.51 kg
baggage is on conveyor belt-------
---------baggage detected by sensor------------- 
Baggage weighs: 18.2 kg
baggage is on conveyor belt-------
---------baggage detected by sensor------------- 
Baggage weighs: 21.55 kg
baggage is on conveyor belt-------
---------baggage detected by sensor------------- 
Baggage weighs: 19.67 kg
baggage is on conveyor belt-------
---------baggage detected by sensor------------- 
Baggage weighs: 19.52 kg
baggage is on conveyor belt-------
---------baggage detected by sensor------------- 
Baggage weighs: 21.06 kg
baggage is on conveyor belt-------
---------baggage detected by sensor------------- 
Baggage weighs: 17.44 kg
baggage is on conveyor belt-------
---------baggage detected by sensor------------- 
Baggage weighs: 19.21 kg
baggage is on conveyor belt-------
---------baggage detected by sensor------------- 
Baggage weighs: 21.65 kg
baggage is on conveyor belt-------
---------baggage detected by sensor------------- 
Baggage weighs: 19.64 kg
baggage is on conveyor belt-------
---------baggage detected by sensor------------- 
Baggage weighs: 21.03 kg
baggage is on conveyor belt-------
---------baggage detected by sensor------------- 
Baggage weighs: 19.76 kg
baggage is on conveyor belt-------
---------baggage detected by sensor------------- 
Baggage weighs: 21.01 kg
baggage is on conveyor belt-------
---------baggage detected by sensor------------- 
Baggage weighs: 19.11 kg
baggage is on conveyor belt-------
---------baggage detected by sensor------------- 
Baggage weighs: 18.54 kg
baggage is on conveyor belt-------
---------baggage detected by sensor------------- 
Baggage weighs: 16.86 kg
baggage is on conveyor belt-------
---------baggage detected by sensor------------- 
Baggage weighs: 16.59 kg
baggage is on conveyor belt-------
---------baggage detected by sensor------------- 
Baggage weighs: 19.26 kg
baggage is on conveyor belt-------
---------baggage detected by sensor------------- 
Baggage weighs: 18.34 kg
baggage is on conveyor belt-------
---------baggage detected by sensor------------- 
Baggage weighs: 19.09 kg
baggage is on conveyor belt-------
---------baggage detected by sensor------------- 
Baggage weighs: 22.38 kg
baggage is on conveyor belt-------
---------baggage detected by sensor------------- 
Baggage weighs: 22.12 kg
baggage is on conveyor belt-------
---------baggage detected by sensor------------- 
Baggage weighs: 16.75 kg
baggage is on conveyor belt-------
---------baggage detected by sensor------------- 
Baggage weighs: 20.36 kg
baggage is on conveyor belt-------
---------baggage detected by sensor------------- 
Baggage weighs: 20.94 kg
baggage is on conveyor belt-------
---------baggage detected by sensor------------- 
Baggage weighs: 19.8 kg
baggage is on conveyor belt-------
---------baggage detected by sensor------------- 
Baggage weighs: 19.12 kg
baggage is on conveyor belt-------
---------baggage detected by sensor------------- 
Baggage weighs: 16.93 kg
baggage is on conveyor belt-------
---------baggage detected by sensor------------- 
Baggage weighs: 20.48 kg
baggage is on conveyor belt-------
---------baggage detected by sensor------------- 
Baggage weighs: 17.63 kg
baggage is on conveyor belt-------
---------baggage detected by sensor------------- 
Baggage weighs: 19.86 kg
baggage is on conveyor belt-------
---------baggage detected by sensor------------- 
Baggage weighs: 19.4 kg
baggage is on conveyor belt-------
---------baggage detected by sensor------------- 
Baggage weighs: 19.0 kg
baggage is on conveyor belt-------
---------baggage detected by sensor------------- 
Baggage weighs: 20.5 kg
baggage is on conveyor belt-------
---------baggage detected by sensor------------- 
Baggage weighs: 21.9 kg
baggage is on conveyor belt-------
---------baggage detected by sensor------------- 
Baggage weighs: 19.82 kg
baggage is on conveyor belt-------
---------baggage detected by sensor------------- 
Baggage weighs: 18.98 kg
baggage is on conveyor belt-------
---------baggage detected by sensor------------- 
Baggage weighs: 19.28 kg
baggage is on conveyor belt-------
---------baggage detected by sensor------------- 
Baggage weighs: 18.06 kg
baggage is on conveyor belt-------
---------baggage detected by sensor------------- 
Baggage weighs: 20.2 kg
baggage is on conveyor belt-------
---------baggage detected by sensor------------- 
Baggage weighs: 19.74 kg
baggage is on conveyor belt-------
---------baggage detected by sensor------------- 
Baggage weighs: 17.44 kg
baggage is on conveyor belt-------
---------baggage detected by sensor------------- 
Baggage weighs: 19.36 kg
baggage is on conveyor belt-------
---------baggage detected by sensor------------- 
Baggage weighs: 20.4 kg
baggage is on conveyor belt-------
---------baggage detected by sensor------------- 
Baggage weighs: 18.92 kg
baggage is on conveyor belt-------
---------baggage detected by sensor------------- 
Baggage weighs: 18.48 kg
baggage is on conveyor belt-------
---------baggage detected by sensor------------- 
Baggage weighs: 17.34 kg
baggage is on conveyor belt-------
---------baggage detected by sensor------------- 
Baggage weighs: 20.57 kg
baggage is on conveyor belt-------
---------baggage detected by sensor------------- 
Baggage weighs: 17.19 kg
baggage is on conveyor belt-------
---------baggage detected by sensor------------- 
Baggage weighs: 18.25 kg
baggage is on conveyor belt-------
---------baggage detected by sensor------------- 
Baggage weighs: 19.29 kg
baggage is on conveyor belt-------
---------baggage detected by sensor------------- 
Baggage weighs: 16.86 kg
baggage is on conveyor belt-------
---------baggage detected by sensor------------- 
Baggage weighs: 19.34 kg
baggage is on conveyor belt-------
---------baggage detected by sensor------------- 
Baggage weighs: 19.32 kg
baggage is on conveyor belt-------
---------baggage detected by sensor------------- 
Baggage weighs: 18.15 kg
baggage is on conveyor belt-------
---------baggage detected by sensor------------- 
Baggage weighs: 18.98 kg
baggage is on conveyor belt-------
---------baggage detected by sensor------------- 
Baggage weighs: 21.84 kg
baggage is on conveyor belt-------
---------baggage detected by sensor------------- 
Baggage weighs: 20.53 kg
baggage is on conveyor belt-------
---------baggage detected by sensor------------- 
Baggage weighs: 20.62 kg
baggage is on conveyor belt-------
---------baggage detected by sensor------------- 
Baggage weighs: 20.7 kg
baggage is on conveyor belt-------
---------baggage detected by sensor------------- 
Baggage weighs: 19.64 kg
baggage is on conveyor belt-------
---------baggage detected by sensor------------- 
Baggage weighs: 16.11 kg
baggage is on conveyor belt-------
---------baggage detected by sensor------------- 
Baggage weighs: 22.24 kg
baggage is on conveyor belt-------
---------baggage detected by sensor------------- 
Baggage weighs: 21.47 kg
baggage is on conveyor belt-------
---------baggage detected by sensor------------- 
Baggage weighs: 20.73 kg
baggage is on conveyor belt-------
---------baggage detected by sensor------------- 
Baggage weighs: 19.51 kg
baggage is on conveyor belt-------
---------baggage detected by sensor------------- 
Baggage weighs: 20.11 kg
baggage is on conveyor belt-------
---------baggage detected by sensor------------- 
Baggage weighs: 20.36 kg
baggage is on conveyor belt-------
---------baggage detected by sensor------------- 
Baggage weighs: 18.84 kg
baggage is on conveyor belt-------
---------baggage detected by sensor------------- 
Baggage weighs: 22.61 kg
baggage is on conveyor belt-------
---------baggage detected by sensor------------- 
Baggage weighs: 20.07 kg
baggage is on conveyor belt-------
---------baggage detected by sensor------------- 
Baggage weighs: 20.28 kg
baggage is on conveyor belt-------
---------baggage detected by sensor------------- 
Baggage weighs: 17.9 kg
baggage is on conveyor belt-------
---------baggage detected by sensor------------- 
Baggage weighs: 18.13 kg
baggage is on conveyor belt-------
---------baggage detected by sensor------------- 
Baggage weighs: 18.32 kg
baggage is on conveyor belt-------
---------baggage detected by sensor------------- 
Baggage weighs: 19.3 kg
baggage is on conveyor belt-------
---------baggage detected by sensor------------- 
Baggage weighs: 21.34 kg
baggage is on conveyor belt-------
---------baggage detected by sensor------------- 
Baggage weighs: 19.74 kg
baggage is on conveyor belt-------
---------baggage detected by sensor------------- 
Baggage weighs: 18.46 kg
baggage is on conveyor belt-------
---------baggage detected by sensor------------- 
Baggage weighs: 19.49 kg
baggage is on conveyor belt-------
---------baggage detected by sensor------------- 
Baggage weighs: 17.97 kg
baggage is on conveyor belt-------
---------baggage detected by sensor------------- 
Baggage weighs: 21.32 kg
baggage is on conveyor belt-------
---------baggage detected by sensor------------- 
Baggage weighs: 16.41 kg
baggage is on conveyor belt-------
---------baggage detected by sensor------------- 
Baggage weighs: 16.36 kg
baggage is on conveyor belt-------
---------baggage detected by sensor------------- 
Baggage weighs: 16.24 kg
baggage is on conveyor belt-------
---------baggage detected by sensor------------- 
Baggage weighs: 16.65 kg
baggage is on conveyor belt-------
---------baggage detected by sensor------------- 
Baggage weighs: 20.17 kg
baggage is on conveyor belt-------
---------baggage detected by sensor------------- 
Baggage weighs: 21.08 kg
baggage is on conveyor belt-------
---------baggage detected by sensor------------- 
Baggage weighs: 18.0 kg
baggage is on conveyor belt-------
---------baggage detected by sensor------------- 
Baggage weighs: 17.49 kg
baggage is on conveyor belt-------
---------baggage detected by sensor------------- 
Baggage weighs: 19.3 kg
baggage is on conveyor belt-------
---------baggage detected by sensor------------- 
Baggage weighs: 18.34 kg
baggage is on conveyor belt-------
---------baggage detected by sensor------------- 
Baggage weighs: 19.57 kg
baggage is on conveyor belt-------
---------baggage detected by sensor------------- 
Baggage weighs: 18.99 kg
baggage is on conveyor belt-------
---------baggage detected by sensor------------- 
Baggage weighs: 20.13 kg
baggage is on conveyor belt-------
---------baggage detected by sensor------------- 
Baggage weighs: 21.59 kg
baggage is on conveyor belt-------
---------baggage detected by sensor------------- 
Baggage weighs: 17.75 kg
baggage is on conveyor belt-------
---------baggage detected by sensor------------- 
Baggage weighs: 18.88 kg
baggage is on conveyor belt-------
---------baggage detected by sensor------------- 
Baggage weighs: 17.64 kg
baggage is on conveyor belt-------
---------baggage detected by sensor------------- 
Baggage weighs: 17.28 kg
baggage is on conveyor belt-------
---------baggage detected by sensor------------- 
Baggage weighs: 19.89 kg
baggage is on conveyor belt-------
---------baggage detected by sensor------------- 
Baggage weighs: 16.14 kg
baggage is on conveyor belt-------
---------baggage detected by sensor------------- 
Baggage weighs: 19.6 kg
baggage is on conveyor belt-------
---------baggage detected by sensor------------- 
Baggage weighs: 19.1 kg
baggage is on conveyor belt-------
---------baggage detected by sensor------------- 
Baggage weighs: 16.76 kg
baggage is on conveyor belt-------
---------baggage detected by sensor------------- 
Baggage weighs: 22.78 kg
baggage is on conveyor belt-------
---------baggage detected by sensor------------- 
Baggage weighs: 16.41 kg
baggage is on conveyor belt-------
---------baggage detected by sensor------------- 
Baggage weighs: 19.48 kg
baggage is on conveyor belt-------
---------baggage detected by sensor------------- 
Baggage weighs: 19.0 kg
baggage is on conveyor belt-------
---------baggage detected by sensor------------- 
Baggage weighs: 21.58 kg
baggage is on conveyor belt-------
---------baggage detected by sensor------------- 
Baggage weighs: 21.07 kg
baggage is on conveyor belt-------
---------baggage detected by sensor------------- 
Baggage weighs: 16.28 kg
baggage is on conveyor belt-------
---------baggage detected by sensor------------- 
Baggage weighs: 20.22 kg
baggage is on conveyor belt-------
---------baggage detected by sensor------------- 
Baggage weighs: 17.58 kg
baggage is on conveyor belt-------
---------baggage detected by sensor------------- 
Baggage weighs: 17.69 kg
baggage is on conveyor belt-------
---------baggage detected by sensor------------- 
Baggage weighs: 19.1 kg
baggage is on conveyor belt-------
---------baggage detected by sensor------------- 
Baggage weighs: 18.5 kg
baggage is on conveyor belt-------
---------baggage detected by sensor------------- 
Baggage weighs: 19.06 kg
baggage is on conveyor belt-------
---------baggage detected by sensor------------- 
Baggage weighs: 21.45 kg
baggage is on conveyor belt-------
---------baggage detected by sensor------------- 
Baggage weighs: 19.0 kg
baggage is on conveyor belt-------
---------baggage detected by sensor------------- 
Baggage weighs: 20.87 kg
baggage is on conveyor belt-------
---------baggage detected by sensor------------- 
Baggage weighs: 22.55 kg
baggage is on conveyor belt-------
---------baggage detected by sensor------------- 
Baggage weighs: 21.43 kg
baggage is on conveyor belt-------
---------baggage detected by sensor------------- 
Baggage weighs: 16.99 kg
baggage is on conveyor belt-------
---------baggage detected by sensor------------- 
Baggage weighs: 16.52 kg
baggage is on conveyor belt-------
---------baggage detected by sensor------------- 
Baggage weighs: 20.55 kg
baggage is on conveyor belt-------
---------baggage detected by sensor------------- 
Baggage weighs: 21.64 kg
baggage is on conveyor belt-------
---------baggage detected by sensor------------- 
Baggage weighs: 18.94 kg
baggage is on conveyor belt-------
---------baggage detected by sensor------------- 
Baggage weighs: 20.28 kg
baggage is on conveyor belt-------
---------baggage detected by sensor------------- 
Baggage weighs: 18.3 kg
baggage is on conveyor belt-------
---------baggage detected by sensor------------- 
Baggage weighs: 20.49 kg
baggage is on conveyor belt-------
---------baggage detected by sensor------------- 
Baggage weighs: 17.77 kg
baggage is on conveyor belt-------
---------baggage detected by sensor------------- 
Baggage weighs: 21.55 kg
baggage is on conveyor belt-------
---------baggage detected by sensor------------- 
Baggage weighs: 19.94 kg
baggage is on conveyor belt-------
---------baggage detected by sensor------------- 
Baggage weighs: 19.71 kg
baggage is on conveyor belt-------
---------baggage detected by sensor------------- 
Baggage weighs: 16.27 kg
baggage is on conveyor belt-------
---------baggage detected by sensor------------- 
Baggage weighs: 17.63 kg
baggage is on conveyor belt-------
---------baggage detected by sensor------------- 
Baggage weighs: 20.96 kg
baggage is on conveyor belt-------
---------baggage detected by sensor------------- 
Baggage weighs: 17.56 kg
baggage is on conveyor belt-------
---------baggage detected by sensor------------- 
Baggage weighs: 17.97 kg
baggage is on conveyor belt-------
---------baggage detected by sensor------------- 
Baggage weighs: 22.08 kg
baggage is on conveyor belt-------
---------baggage detected by sensor------------- 
Baggage weighs: 19.67 kg
baggage is on conveyor belt-------
---------baggage detected by sensor------------- 
Baggage weighs: 19.44 kg
Seat with ID: 41H has been reserved for you!

BOARDING PASS FOR ALFREDA CHRISTIAN
-----------------------------------------------------------------------------
LUFTHANSA                      gplu1p37rhdpsrk /  Alfreda Christian
Alfreda Christian                                     /  gplu1p37rhdpsrk
FRA   LH2121   E  30.Oct                       /  FRA
HKG                                            /  HKG
SEAT ID: 41H                                   /  LH2121 E 30.Oct
SEQ: 240                                      / GATE: A05   22:00
MAX 1  HANDLUGGAGE/ LUGGAGE
-----------------------------------------------------------------------------
sorry Alfreda Christian we have no voucher for you! Have a nice day!

---------------------------------------------------------------------------------------------------------------
scanning passport with passport id: K7QCH60HQ
searching for ticket in fast bag drop database..............
Ticket found for Mauro Howard and Flight LH2121
----searching flight seat for Mauro Howard---------
Found a seat with ID 41J
Below details were found in database
------------------------------------------
Name: Mauro Howard
Flight ID: LH2121
Source: FRA
Destination: HKG
Gate No: A05
Boarding time: 22:00
Ticket ID: z1att76kgynjs7y
Booking Class: E
------------------------------------------

Proceed with check-in for flight LH2121 ?
Type YES to CHECK-IN or NO to cancel CHECK-IN
Mauro Howard is deciding whether to check-in or to go back home and sleep............
YES CHECK-IN
Checking you in...............
baggage is on conveyor belt-------
---------baggage detected by sensor------------- 
Baggage weighs: 21.58 kg
baggage is on conveyor belt-------
---------baggage detected by sensor------------- 
Baggage weighs: 20.43 kg
baggage is on conveyor belt-------
---------baggage detected by sensor------------- 
Baggage weighs: 18.47 kg
baggage is on conveyor belt-------
---------baggage detected by sensor------------- 
Baggage weighs: 17.86 kg
baggage is on conveyor belt-------
---------baggage detected by sensor------------- 
Baggage weighs: 18.65 kg
baggage is on conveyor belt-------
---------baggage detected by sensor------------- 
Baggage weighs: 19.27 kg
baggage is on conveyor belt-------
---------baggage detected by sensor------------- 
Baggage weighs: 17.42 kg
baggage is on conveyor belt-------
---------baggage detected by sensor------------- 
Baggage weighs: 19.16 kg
baggage is on conveyor belt-------
---------baggage detected by sensor------------- 
Baggage weighs: 19.52 kg
baggage is on conveyor belt-------
---------baggage detected by sensor------------- 
Baggage weighs: 17.51 kg
baggage is on conveyor belt-------
---------baggage detected by sensor------------- 
Baggage weighs: 17.38 kg
baggage is on conveyor belt-------
---------baggage detected by sensor------------- 
Baggage weighs: 18.67 kg
baggage is on conveyor belt-------
---------baggage detected by sensor------------- 
Baggage weighs: 16.98 kg
baggage is on conveyor belt-------
---------baggage detected by sensor------------- 
Baggage weighs: 21.26 kg
baggage is on conveyor belt-------
---------baggage detected by sensor------------- 
Baggage weighs: 18.3 kg
baggage is on conveyor belt-------
---------baggage detected by sensor------------- 
Baggage weighs: 16.81 kg
baggage is on conveyor belt-------
---------baggage detected by sensor------------- 
Baggage weighs: 20.91 kg
baggage is on conveyor belt-------
---------baggage detected by sensor------------- 
Baggage weighs: 21.21 kg
baggage is on conveyor belt-------
---------baggage detected by sensor------------- 
Baggage weighs: 19.69 kg
baggage is on conveyor belt-------
---------baggage detected by sensor------------- 
Baggage weighs: 18.67 kg
baggage is on conveyor belt-------
---------baggage detected by sensor------------- 
Baggage weighs: 19.12 kg
baggage is on conveyor belt-------
---------baggage detected by sensor------------- 
Baggage weighs: 16.42 kg
baggage is on conveyor belt-------
---------baggage detected by sensor------------- 
Baggage weighs: 19.17 kg
baggage is on conveyor belt-------
---------baggage detected by sensor------------- 
Baggage weighs: 19.0 kg
baggage is on conveyor belt-------
---------baggage detected by sensor------------- 
Baggage weighs: 18.78 kg
baggage is on conveyor belt-------
---------baggage detected by sensor------------- 
Baggage weighs: 20.31 kg
baggage is on conveyor belt-------
---------baggage detected by sensor------------- 
Baggage weighs: 21.25 kg
baggage is on conveyor belt-------
---------baggage detected by sensor------------- 
Baggage weighs: 18.87 kg
baggage is on conveyor belt-------
---------baggage detected by sensor------------- 
Baggage weighs: 16.25 kg
baggage is on conveyor belt-------
---------baggage detected by sensor------------- 
Baggage weighs: 19.94 kg
baggage is on conveyor belt-------
---------baggage detected by sensor------------- 
Baggage weighs: 16.88 kg
baggage is on conveyor belt-------
---------baggage detected by sensor------------- 
Baggage weighs: 18.24 kg
baggage is on conveyor belt-------
---------baggage detected by sensor------------- 
Baggage weighs: 17.16 kg
baggage is on conveyor belt-------
---------baggage detected by sensor------------- 
Baggage weighs: 19.34 kg
baggage is on conveyor belt-------
---------baggage detected by sensor------------- 
Baggage weighs: 22.41 kg
baggage is on conveyor belt-------
---------baggage detected by sensor------------- 
Baggage weighs: 20.47 kg
baggage is on conveyor belt-------
---------baggage detected by sensor------------- 
Baggage weighs: 18.81 kg
baggage is on conveyor belt-------
---------baggage detected by sensor------------- 
Baggage weighs: 18.56 kg
baggage is on conveyor belt-------
---------baggage detected by sensor------------- 
Baggage weighs: 17.77 kg
baggage is on conveyor belt-------
---------baggage detected by sensor------------- 
Baggage weighs: 19.32 kg
baggage is on conveyor belt-------
---------baggage detected by sensor------------- 
Baggage weighs: 19.21 kg
baggage is on conveyor belt-------
---------baggage detected by sensor------------- 
Baggage weighs: 19.13 kg
baggage is on conveyor belt-------
---------baggage detected by sensor------------- 
Baggage weighs: 20.39 kg
baggage is on conveyor belt-------
---------baggage detected by sensor------------- 
Baggage weighs: 21.03 kg
baggage is on conveyor belt-------
---------baggage detected by sensor------------- 
Baggage weighs: 20.05 kg
baggage is on conveyor belt-------
---------baggage detected by sensor------------- 
Baggage weighs: 21.92 kg
baggage is on conveyor belt-------
---------baggage detected by sensor------------- 
Baggage weighs: 19.37 kg
baggage is on conveyor belt-------
---------baggage detected by sensor------------- 
Baggage weighs: 20.35 kg
baggage is on conveyor belt-------
---------baggage detected by sensor------------- 
Baggage weighs: 18.73 kg
baggage is on conveyor belt-------
---------baggage detected by sensor------------- 
Baggage weighs: 20.33 kg
baggage is on conveyor belt-------
---------baggage detected by sensor------------- 
Baggage weighs: 22.01 kg
baggage is on conveyor belt-------
---------baggage detected by sensor------------- 
Baggage weighs: 19.27 kg
baggage is on conveyor belt-------
---------baggage detected by sensor------------- 
Baggage weighs: 21.18 kg
baggage is on conveyor belt-------
---------baggage detected by sensor------------- 
Baggage weighs: 17.16 kg
baggage is on conveyor belt-------
---------baggage detected by sensor------------- 
Baggage weighs: 20.04 kg
baggage is on conveyor belt-------
---------baggage detected by sensor------------- 
Baggage weighs: 20.91 kg
baggage is on conveyor belt-------
---------baggage detected by sensor------------- 
Baggage weighs: 20.3 kg
baggage is on conveyor belt-------
---------baggage detected by sensor------------- 
Baggage weighs: 20.38 kg
baggage is on conveyor belt-------
---------baggage detected by sensor------------- 
Baggage weighs: 16.54 kg
baggage is on conveyor belt-------
---------baggage detected by sensor------------- 
Baggage weighs: 18.87 kg
baggage is on conveyor belt-------
---------baggage detected by sensor------------- 
Baggage weighs: 20.22 kg
baggage is on conveyor belt-------
---------baggage detected by sensor------------- 
Baggage weighs: 20.75 kg
baggage is on conveyor belt-------
---------baggage detected by sensor------------- 
Baggage weighs: 17.4 kg
baggage is on conveyor belt-------
---------baggage detected by sensor------------- 
Baggage weighs: 20.27 kg
baggage is on conveyor belt-------
---------baggage detected by sensor------------- 
Baggage weighs: 17.04 kg
baggage is on conveyor belt-------
---------baggage detected by sensor------------- 
Baggage weighs: 19.84 kg
baggage is on conveyor belt-------
---------baggage detected by sensor------------- 
Baggage weighs: 17.34 kg
baggage is on conveyor belt-------
---------baggage detected by sensor------------- 
Baggage weighs: 18.75 kg
baggage is on conveyor belt-------
---------baggage detected by sensor------------- 
Baggage weighs: 19.12 kg
baggage is on conveyor belt-------
---------baggage detected by sensor------------- 
Baggage weighs: 18.29 kg
baggage is on conveyor belt-------
---------baggage detected by sensor------------- 
Baggage weighs: 17.94 kg
baggage is on conveyor belt-------
---------baggage detected by sensor------------- 
Baggage weighs: 19.09 kg
baggage is on conveyor belt-------
---------baggage detected by sensor------------- 
Baggage weighs: 22.39 kg
baggage is on conveyor belt-------
---------baggage detected by sensor------------- 
Baggage weighs: 21.23 kg
baggage is on conveyor belt-------
---------baggage detected by sensor------------- 
Baggage weighs: 17.56 kg
baggage is on conveyor belt-------
---------baggage detected by sensor------------- 
Baggage weighs: 18.37 kg
baggage is on conveyor belt-------
---------baggage detected by sensor------------- 
Baggage weighs: 21.4 kg
baggage is on conveyor belt-------
---------baggage detected by sensor------------- 
Baggage weighs: 20.25 kg
baggage is on conveyor belt-------
---------baggage detected by sensor------------- 
Baggage weighs: 23.0 kg
baggage is on conveyor belt-------
---------baggage detected by sensor------------- 
Baggage weighs: 17.01 kg
baggage is on conveyor belt-------
---------baggage detected by sensor------------- 
Baggage weighs: 17.39 kg
baggage is on conveyor belt-------
---------baggage detected by sensor------------- 
Baggage weighs: 16.7 kg
baggage is on conveyor belt-------
---------baggage detected by sensor------------- 
Baggage weighs: 16.23 kg
baggage is on conveyor belt-------
---------baggage detected by sensor------------- 
Baggage weighs: 19.13 kg
baggage is on conveyor belt-------
---------baggage detected by sensor------------- 
Baggage weighs: 21.07 kg
baggage is on conveyor belt-------
---------baggage detected by sensor------------- 
Baggage weighs: 17.87 kg
baggage is on conveyor belt-------
---------baggage detected by sensor------------- 
Baggage weighs: 19.92 kg
baggage is on conveyor belt-------
---------baggage detected by sensor------------- 
Baggage weighs: 19.22 kg
baggage is on conveyor belt-------
---------baggage detected by sensor------------- 
Baggage weighs: 21.53 kg
baggage is on conveyor belt-------
---------baggage detected by sensor------------- 
Baggage weighs: 20.29 kg
baggage is on conveyor belt-------
---------baggage detected by sensor------------- 
Baggage weighs: 19.32 kg
baggage is on conveyor belt-------
---------baggage detected by sensor------------- 
Baggage weighs: 17.25 kg
baggage is on conveyor belt-------
---------baggage detected by sensor------------- 
Baggage weighs: 21.3 kg
baggage is on conveyor belt-------
---------baggage detected by sensor------------- 
Baggage weighs: 16.79 kg
baggage is on conveyor belt-------
---------baggage detected by sensor------------- 
Baggage weighs: 19.55 kg
baggage is on conveyor belt-------
---------baggage detected by sensor------------- 
Baggage weighs: 18.88 kg
baggage is on conveyor belt-------
---------baggage detected by sensor------------- 
Baggage weighs: 22.33 kg
baggage is on conveyor belt-------
---------baggage detected by sensor------------- 
Baggage weighs: 20.62 kg
baggage is on conveyor belt-------
---------baggage detected by sensor------------- 
Baggage weighs: 19.42 kg
baggage is on conveyor belt-------
---------baggage detected by sensor------------- 
Baggage weighs: 17.54 kg
baggage is on conveyor belt-------
---------baggage detected by sensor------------- 
Baggage weighs: 21.51 kg
baggage is on conveyor belt-------
---------baggage detected by sensor------------- 
Baggage weighs: 19.46 kg
baggage is on conveyor belt-------
---------baggage detected by sensor------------- 
Baggage weighs: 17.83 kg
baggage is on conveyor belt-------
---------baggage detected by sensor------------- 
Baggage weighs: 17.75 kg
baggage is on conveyor belt-------
---------baggage detected by sensor------------- 
Baggage weighs: 17.44 kg
baggage is on conveyor belt-------
---------baggage detected by sensor------------- 
Baggage weighs: 19.53 kg
baggage is on conveyor belt-------
---------baggage detected by sensor------------- 
Baggage weighs: 17.51 kg
baggage is on conveyor belt-------
---------baggage detected by sensor------------- 
Baggage weighs: 18.2 kg
baggage is on conveyor belt-------
---------baggage detected by sensor------------- 
Baggage weighs: 21.55 kg
baggage is on conveyor belt-------
---------baggage detected by sensor------------- 
Baggage weighs: 19.67 kg
baggage is on conveyor belt-------
---------baggage detected by sensor------------- 
Baggage weighs: 19.52 kg
baggage is on conveyor belt-------
---------baggage detected by sensor------------- 
Baggage weighs: 21.06 kg
baggage is on conveyor belt-------
---------baggage detected by sensor------------- 
Baggage weighs: 17.44 kg
baggage is on conveyor belt-------
---------baggage detected by sensor------------- 
Baggage weighs: 19.21 kg
baggage is on conveyor belt-------
---------baggage detected by sensor------------- 
Baggage weighs: 21.65 kg
baggage is on conveyor belt-------
---------baggage detected by sensor------------- 
Baggage weighs: 19.64 kg
baggage is on conveyor belt-------
---------baggage detected by sensor------------- 
Baggage weighs: 21.03 kg
baggage is on conveyor belt-------
---------baggage detected by sensor------------- 
Baggage weighs: 19.76 kg
baggage is on conveyor belt-------
---------baggage detected by sensor------------- 
Baggage weighs: 21.01 kg
baggage is on conveyor belt-------
---------baggage detected by sensor------------- 
Baggage weighs: 19.11 kg
baggage is on conveyor belt-------
---------baggage detected by sensor------------- 
Baggage weighs: 18.54 kg
baggage is on conveyor belt-------
---------baggage detected by sensor------------- 
Baggage weighs: 16.86 kg
baggage is on conveyor belt-------
---------baggage detected by sensor------------- 
Baggage weighs: 16.59 kg
baggage is on conveyor belt-------
---------baggage detected by sensor------------- 
Baggage weighs: 19.26 kg
baggage is on conveyor belt-------
---------baggage detected by sensor------------- 
Baggage weighs: 18.34 kg
baggage is on conveyor belt-------
---------baggage detected by sensor------------- 
Baggage weighs: 19.09 kg
baggage is on conveyor belt-------
---------baggage detected by sensor------------- 
Baggage weighs: 22.38 kg
baggage is on conveyor belt-------
---------baggage detected by sensor------------- 
Baggage weighs: 22.12 kg
baggage is on conveyor belt-------
---------baggage detected by sensor------------- 
Baggage weighs: 16.75 kg
baggage is on conveyor belt-------
---------baggage detected by sensor------------- 
Baggage weighs: 20.36 kg
baggage is on conveyor belt-------
---------baggage detected by sensor------------- 
Baggage weighs: 20.94 kg
baggage is on conveyor belt-------
---------baggage detected by sensor------------- 
Baggage weighs: 19.8 kg
baggage is on conveyor belt-------
---------baggage detected by sensor------------- 
Baggage weighs: 19.12 kg
baggage is on conveyor belt-------
---------baggage detected by sensor------------- 
Baggage weighs: 16.93 kg
baggage is on conveyor belt-------
---------baggage detected by sensor------------- 
Baggage weighs: 20.48 kg
baggage is on conveyor belt-------
---------baggage detected by sensor------------- 
Baggage weighs: 17.63 kg
baggage is on conveyor belt-------
---------baggage detected by sensor------------- 
Baggage weighs: 19.86 kg
baggage is on conveyor belt-------
---------baggage detected by sensor------------- 
Baggage weighs: 19.4 kg
baggage is on conveyor belt-------
---------baggage detected by sensor------------- 
Baggage weighs: 19.0 kg
baggage is on conveyor belt-------
---------baggage detected by sensor------------- 
Baggage weighs: 20.5 kg
baggage is on conveyor belt-------
---------baggage detected by sensor------------- 
Baggage weighs: 21.9 kg
baggage is on conveyor belt-------
---------baggage detected by sensor------------- 
Baggage weighs: 19.82 kg
baggage is on conveyor belt-------
---------baggage detected by sensor------------- 
Baggage weighs: 18.98 kg
baggage is on conveyor belt-------
---------baggage detected by sensor------------- 
Baggage weighs: 19.28 kg
baggage is on conveyor belt-------
---------baggage detected by sensor------------- 
Baggage weighs: 18.06 kg
baggage is on conveyor belt-------
---------baggage detected by sensor------------- 
Baggage weighs: 20.2 kg
baggage is on conveyor belt-------
---------baggage detected by sensor------------- 
Baggage weighs: 19.74 kg
baggage is on conveyor belt-------
---------baggage detected by sensor------------- 
Baggage weighs: 17.44 kg
baggage is on conveyor belt-------
---------baggage detected by sensor------------- 
Baggage weighs: 19.36 kg
baggage is on conveyor belt-------
---------baggage detected by sensor------------- 
Baggage weighs: 20.4 kg
baggage is on conveyor belt-------
---------baggage detected by sensor------------- 
Baggage weighs: 18.92 kg
baggage is on conveyor belt-------
---------baggage detected by sensor------------- 
Baggage weighs: 18.48 kg
baggage is on conveyor belt-------
---------baggage detected by sensor------------- 
Baggage weighs: 17.34 kg
baggage is on conveyor belt-------
---------baggage detected by sensor------------- 
Baggage weighs: 20.57 kg
baggage is on conveyor belt-------
---------baggage detected by sensor------------- 
Baggage weighs: 17.19 kg
baggage is on conveyor belt-------
---------baggage detected by sensor------------- 
Baggage weighs: 18.25 kg
baggage is on conveyor belt-------
---------baggage detected by sensor------------- 
Baggage weighs: 19.29 kg
baggage is on conveyor belt-------
---------baggage detected by sensor------------- 
Baggage weighs: 16.86 kg
baggage is on conveyor belt-------
---------baggage detected by sensor------------- 
Baggage weighs: 19.34 kg
baggage is on conveyor belt-------
---------baggage detected by sensor------------- 
Baggage weighs: 19.32 kg
baggage is on conveyor belt-------
---------baggage detected by sensor------------- 
Baggage weighs: 18.15 kg
baggage is on conveyor belt-------
---------baggage detected by sensor------------- 
Baggage weighs: 18.98 kg
baggage is on conveyor belt-------
---------baggage detected by sensor------------- 
Baggage weighs: 21.84 kg
baggage is on conveyor belt-------
---------baggage detected by sensor------------- 
Baggage weighs: 20.53 kg
baggage is on conveyor belt-------
---------baggage detected by sensor------------- 
Baggage weighs: 20.62 kg
baggage is on conveyor belt-------
---------baggage detected by sensor------------- 
Baggage weighs: 20.7 kg
baggage is on conveyor belt-------
---------baggage detected by sensor------------- 
Baggage weighs: 19.64 kg
baggage is on conveyor belt-------
---------baggage detected by sensor------------- 
Baggage weighs: 16.11 kg
baggage is on conveyor belt-------
---------baggage detected by sensor------------- 
Baggage weighs: 22.24 kg
baggage is on conveyor belt-------
---------baggage detected by sensor------------- 
Baggage weighs: 21.47 kg
baggage is on conveyor belt-------
---------baggage detected by sensor------------- 
Baggage weighs: 20.73 kg
baggage is on conveyor belt-------
---------baggage detected by sensor------------- 
Baggage weighs: 19.51 kg
baggage is on conveyor belt-------
---------baggage detected by sensor------------- 
Baggage weighs: 20.11 kg
baggage is on conveyor belt-------
---------baggage detected by sensor------------- 
Baggage weighs: 20.36 kg
baggage is on conveyor belt-------
---------baggage detected by sensor------------- 
Baggage weighs: 18.84 kg
baggage is on conveyor belt-------
---------baggage detected by sensor------------- 
Baggage weighs: 22.61 kg
baggage is on conveyor belt-------
---------baggage detected by sensor------------- 
Baggage weighs: 20.07 kg
baggage is on conveyor belt-------
---------baggage detected by sensor------------- 
Baggage weighs: 20.28 kg
baggage is on conveyor belt-------
---------baggage detected by sensor------------- 
Baggage weighs: 17.9 kg
baggage is on conveyor belt-------
---------baggage detected by sensor------------- 
Baggage weighs: 18.13 kg
baggage is on conveyor belt-------
---------baggage detected by sensor------------- 
Baggage weighs: 18.32 kg
baggage is on conveyor belt-------
---------baggage detected by sensor------------- 
Baggage weighs: 19.3 kg
baggage is on conveyor belt-------
---------baggage detected by sensor------------- 
Baggage weighs: 21.34 kg
baggage is on conveyor belt-------
---------baggage detected by sensor------------- 
Baggage weighs: 19.74 kg
baggage is on conveyor belt-------
---------baggage detected by sensor------------- 
Baggage weighs: 18.46 kg
baggage is on conveyor belt-------
---------baggage detected by sensor------------- 
Baggage weighs: 19.49 kg
baggage is on conveyor belt-------
---------baggage detected by sensor------------- 
Baggage weighs: 17.97 kg
baggage is on conveyor belt-------
---------baggage detected by sensor------------- 
Baggage weighs: 21.32 kg
baggage is on conveyor belt-------
---------baggage detected by sensor------------- 
Baggage weighs: 16.41 kg
baggage is on conveyor belt-------
---------baggage detected by sensor------------- 
Baggage weighs: 16.36 kg
baggage is on conveyor belt-------
---------baggage detected by sensor------------- 
Baggage weighs: 16.24 kg
baggage is on conveyor belt-------
---------baggage detected by sensor------------- 
Baggage weighs: 16.65 kg
baggage is on conveyor belt-------
---------baggage detected by sensor------------- 
Baggage weighs: 20.17 kg
baggage is on conveyor belt-------
---------baggage detected by sensor------------- 
Baggage weighs: 21.08 kg
baggage is on conveyor belt-------
---------baggage detected by sensor------------- 
Baggage weighs: 18.0 kg
baggage is on conveyor belt-------
---------baggage detected by sensor------------- 
Baggage weighs: 17.49 kg
baggage is on conveyor belt-------
---------baggage detected by sensor------------- 
Baggage weighs: 19.3 kg
baggage is on conveyor belt-------
---------baggage detected by sensor------------- 
Baggage weighs: 18.34 kg
baggage is on conveyor belt-------
---------baggage detected by sensor------------- 
Baggage weighs: 19.57 kg
baggage is on conveyor belt-------
---------baggage detected by sensor------------- 
Baggage weighs: 18.99 kg
baggage is on conveyor belt-------
---------baggage detected by sensor------------- 
Baggage weighs: 20.13 kg
baggage is on conveyor belt-------
---------baggage detected by sensor------------- 
Baggage weighs: 21.59 kg
baggage is on conveyor belt-------
---------baggage detected by sensor------------- 
Baggage weighs: 17.75 kg
baggage is on conveyor belt-------
---------baggage detected by sensor------------- 
Baggage weighs: 18.88 kg
baggage is on conveyor belt-------
---------baggage detected by sensor------------- 
Baggage weighs: 17.64 kg
baggage is on conveyor belt-------
---------baggage detected by sensor------------- 
Baggage weighs: 17.28 kg
baggage is on conveyor belt-------
---------baggage detected by sensor------------- 
Baggage weighs: 19.89 kg
baggage is on conveyor belt-------
---------baggage detected by sensor------------- 
Baggage weighs: 16.14 kg
baggage is on conveyor belt-------
---------baggage detected by sensor------------- 
Baggage weighs: 19.6 kg
baggage is on conveyor belt-------
---------baggage detected by sensor------------- 
Baggage weighs: 19.1 kg
baggage is on conveyor belt-------
---------baggage detected by sensor------------- 
Baggage weighs: 16.76 kg
baggage is on conveyor belt-------
---------baggage detected by sensor------------- 
Baggage weighs: 22.78 kg
baggage is on conveyor belt-------
---------baggage detected by sensor------------- 
Baggage weighs: 16.41 kg
baggage is on conveyor belt-------
---------baggage detected by sensor------------- 
Baggage weighs: 19.48 kg
baggage is on conveyor belt-------
---------baggage detected by sensor------------- 
Baggage weighs: 19.0 kg
baggage is on conveyor belt-------
---------baggage detected by sensor------------- 
Baggage weighs: 21.58 kg
baggage is on conveyor belt-------
---------baggage detected by sensor------------- 
Baggage weighs: 21.07 kg
baggage is on conveyor belt-------
---------baggage detected by sensor------------- 
Baggage weighs: 16.28 kg
baggage is on conveyor belt-------
---------baggage detected by sensor------------- 
Baggage weighs: 20.22 kg
baggage is on conveyor belt-------
---------baggage detected by sensor------------- 
Baggage weighs: 17.58 kg
baggage is on conveyor belt-------
---------baggage detected by sensor------------- 
Baggage weighs: 17.69 kg
baggage is on conveyor belt-------
---------baggage detected by sensor------------- 
Baggage weighs: 19.1 kg
baggage is on conveyor belt-------
---------baggage detected by sensor------------- 
Baggage weighs: 18.5 kg
baggage is on conveyor belt-------
---------baggage detected by sensor------------- 
Baggage weighs: 19.06 kg
baggage is on conveyor belt-------
---------baggage detected by sensor------------- 
Baggage weighs: 21.45 kg
baggage is on conveyor belt-------
---------baggage detected by sensor------------- 
Baggage weighs: 19.0 kg
baggage is on conveyor belt-------
---------baggage detected by sensor------------- 
Baggage weighs: 20.87 kg
baggage is on conveyor belt-------
---------baggage detected by sensor------------- 
Baggage weighs: 22.55 kg
baggage is on conveyor belt-------
---------baggage detected by sensor------------- 
Baggage weighs: 21.43 kg
baggage is on conveyor belt-------
---------baggage detected by sensor------------- 
Baggage weighs: 16.99 kg
baggage is on conveyor belt-------
---------baggage detected by sensor------------- 
Baggage weighs: 16.52 kg
baggage is on conveyor belt-------
---------baggage detected by sensor------------- 
Baggage weighs: 20.55 kg
baggage is on conveyor belt-------
---------baggage detected by sensor------------- 
Baggage weighs: 21.64 kg
baggage is on conveyor belt-------
---------baggage detected by sensor------------- 
Baggage weighs: 18.94 kg
baggage is on conveyor belt-------
---------baggage detected by sensor------------- 
Baggage weighs: 20.28 kg
baggage is on conveyor belt-------
---------baggage detected by sensor------------- 
Baggage weighs: 18.3 kg
baggage is on conveyor belt-------
---------baggage detected by sensor------------- 
Baggage weighs: 20.49 kg
baggage is on conveyor belt-------
---------baggage detected by sensor------------- 
Baggage weighs: 17.77 kg
baggage is on conveyor belt-------
---------baggage detected by sensor------------- 
Baggage weighs: 21.55 kg
baggage is on conveyor belt-------
---------baggage detected by sensor------------- 
Baggage weighs: 19.94 kg
baggage is on conveyor belt-------
---------baggage detected by sensor------------- 
Baggage weighs: 19.71 kg
baggage is on conveyor belt-------
---------baggage detected by sensor------------- 
Baggage weighs: 16.27 kg
baggage is on conveyor belt-------
---------baggage detected by sensor------------- 
Baggage weighs: 17.63 kg
baggage is on conveyor belt-------
---------baggage detected by sensor------------- 
Baggage weighs: 20.96 kg
baggage is on conveyor belt-------
---------baggage detected by sensor------------- 
Baggage weighs: 17.56 kg
baggage is on conveyor belt-------
---------baggage detected by sensor------------- 
Baggage weighs: 17.97 kg
baggage is on conveyor belt-------
---------baggage detected by sensor------------- 
Baggage weighs: 22.08 kg
baggage is on conveyor belt-------
---------baggage detected by sensor------------- 
Baggage weighs: 19.67 kg
baggage is on conveyor belt-------
---------baggage detected by sensor------------- 
Baggage weighs: 19.44 kg
baggage is on conveyor belt-------
---------baggage detected by sensor------------- 
Baggage weighs: 21.03 kg
Seat with ID: 41J has been reserved for you!

BOARDING PASS FOR MAURO HOWARD
-----------------------------------------------------------------------------
LUFTHANSA                      z1att76kgynjs7y /  Mauro Howard
Mauro Howard                                     /  z1att76kgynjs7y
FRA   LH2121   E  30.Oct                       /  FRA
HKG                                            /  HKG
SEAT ID: 41J                                   /  LH2121 E 30.Oct
SEQ: 241                                      / GATE: A05   22:00
MAX 1  HANDLUGGAGE/ LUGGAGE
-----------------------------------------------------------------------------
sorry Mauro Howard we have no voucher for you! Have a nice day!

---------------------------------------------------------------------------------------------------------------
scanning passport with passport id: E2T8689ZM
searching for ticket in fast bag drop database..............
Ticket found for Luther Wheeler and Flight LH2121
----searching flight seat for Luther Wheeler---------
Found a seat with ID 41K
Below details were found in database
------------------------------------------
Name: Luther Wheeler
Flight ID: LH2121
Source: FRA
Destination: HKG
Gate No: A05
Boarding time: 22:00
Ticket ID: htntgiyzrj5f5hi
Booking Class: E
------------------------------------------

Proceed with check-in for flight LH2121 ?
Type YES to CHECK-IN or NO to cancel CHECK-IN
Luther Wheeler is deciding whether to check-in or to go back home and sleep............
YES CHECK-IN
Checking you in...............
baggage is on conveyor belt-------
---------baggage detected by sensor------------- 
Baggage weighs: 21.58 kg
baggage is on conveyor belt-------
---------baggage detected by sensor------------- 
Baggage weighs: 20.43 kg
baggage is on conveyor belt-------
---------baggage detected by sensor------------- 
Baggage weighs: 18.47 kg
baggage is on conveyor belt-------
---------baggage detected by sensor------------- 
Baggage weighs: 17.86 kg
baggage is on conveyor belt-------
---------baggage detected by sensor------------- 
Baggage weighs: 18.65 kg
baggage is on conveyor belt-------
---------baggage detected by sensor------------- 
Baggage weighs: 19.27 kg
baggage is on conveyor belt-------
---------baggage detected by sensor------------- 
Baggage weighs: 17.42 kg
baggage is on conveyor belt-------
---------baggage detected by sensor------------- 
Baggage weighs: 19.16 kg
baggage is on conveyor belt-------
---------baggage detected by sensor------------- 
Baggage weighs: 19.52 kg
baggage is on conveyor belt-------
---------baggage detected by sensor------------- 
Baggage weighs: 17.51 kg
baggage is on conveyor belt-------
---------baggage detected by sensor------------- 
Baggage weighs: 17.38 kg
baggage is on conveyor belt-------
---------baggage detected by sensor------------- 
Baggage weighs: 18.67 kg
baggage is on conveyor belt-------
---------baggage detected by sensor------------- 
Baggage weighs: 16.98 kg
baggage is on conveyor belt-------
---------baggage detected by sensor------------- 
Baggage weighs: 21.26 kg
baggage is on conveyor belt-------
---------baggage detected by sensor------------- 
Baggage weighs: 18.3 kg
baggage is on conveyor belt-------
---------baggage detected by sensor------------- 
Baggage weighs: 16.81 kg
baggage is on conveyor belt-------
---------baggage detected by sensor------------- 
Baggage weighs: 20.91 kg
baggage is on conveyor belt-------
---------baggage detected by sensor------------- 
Baggage weighs: 21.21 kg
baggage is on conveyor belt-------
---------baggage detected by sensor------------- 
Baggage weighs: 19.69 kg
baggage is on conveyor belt-------
---------baggage detected by sensor------------- 
Baggage weighs: 18.67 kg
baggage is on conveyor belt-------
---------baggage detected by sensor------------- 
Baggage weighs: 19.12 kg
baggage is on conveyor belt-------
---------baggage detected by sensor------------- 
Baggage weighs: 16.42 kg
baggage is on conveyor belt-------
---------baggage detected by sensor------------- 
Baggage weighs: 19.17 kg
baggage is on conveyor belt-------
---------baggage detected by sensor------------- 
Baggage weighs: 19.0 kg
baggage is on conveyor belt-------
---------baggage detected by sensor------------- 
Baggage weighs: 18.78 kg
baggage is on conveyor belt-------
---------baggage detected by sensor------------- 
Baggage weighs: 20.31 kg
baggage is on conveyor belt-------
---------baggage detected by sensor------------- 
Baggage weighs: 21.25 kg
baggage is on conveyor belt-------
---------baggage detected by sensor------------- 
Baggage weighs: 18.87 kg
baggage is on conveyor belt-------
---------baggage detected by sensor------------- 
Baggage weighs: 16.25 kg
baggage is on conveyor belt-------
---------baggage detected by sensor------------- 
Baggage weighs: 19.94 kg
baggage is on conveyor belt-------
---------baggage detected by sensor------------- 
Baggage weighs: 16.88 kg
baggage is on conveyor belt-------
---------baggage detected by sensor------------- 
Baggage weighs: 18.24 kg
baggage is on conveyor belt-------
---------baggage detected by sensor------------- 
Baggage weighs: 17.16 kg
baggage is on conveyor belt-------
---------baggage detected by sensor------------- 
Baggage weighs: 19.34 kg
baggage is on conveyor belt-------
---------baggage detected by sensor------------- 
Baggage weighs: 22.41 kg
baggage is on conveyor belt-------
---------baggage detected by sensor------------- 
Baggage weighs: 20.47 kg
baggage is on conveyor belt-------
---------baggage detected by sensor------------- 
Baggage weighs: 18.81 kg
baggage is on conveyor belt-------
---------baggage detected by sensor------------- 
Baggage weighs: 18.56 kg
baggage is on conveyor belt-------
---------baggage detected by sensor------------- 
Baggage weighs: 17.77 kg
baggage is on conveyor belt-------
---------baggage detected by sensor------------- 
Baggage weighs: 19.32 kg
baggage is on conveyor belt-------
---------baggage detected by sensor------------- 
Baggage weighs: 19.21 kg
baggage is on conveyor belt-------
---------baggage detected by sensor------------- 
Baggage weighs: 19.13 kg
baggage is on conveyor belt-------
---------baggage detected by sensor------------- 
Baggage weighs: 20.39 kg
baggage is on conveyor belt-------
---------baggage detected by sensor------------- 
Baggage weighs: 21.03 kg
baggage is on conveyor belt-------
---------baggage detected by sensor------------- 
Baggage weighs: 20.05 kg
baggage is on conveyor belt-------
---------baggage detected by sensor------------- 
Baggage weighs: 21.92 kg
baggage is on conveyor belt-------
---------baggage detected by sensor------------- 
Baggage weighs: 19.37 kg
baggage is on conveyor belt-------
---------baggage detected by sensor------------- 
Baggage weighs: 20.35 kg
baggage is on conveyor belt-------
---------baggage detected by sensor------------- 
Baggage weighs: 18.73 kg
baggage is on conveyor belt-------
---------baggage detected by sensor------------- 
Baggage weighs: 20.33 kg
baggage is on conveyor belt-------
---------baggage detected by sensor------------- 
Baggage weighs: 22.01 kg
baggage is on conveyor belt-------
---------baggage detected by sensor------------- 
Baggage weighs: 19.27 kg
baggage is on conveyor belt-------
---------baggage detected by sensor------------- 
Baggage weighs: 21.18 kg
baggage is on conveyor belt-------
---------baggage detected by sensor------------- 
Baggage weighs: 17.16 kg
baggage is on conveyor belt-------
---------baggage detected by sensor------------- 
Baggage weighs: 20.04 kg
baggage is on conveyor belt-------
---------baggage detected by sensor------------- 
Baggage weighs: 20.91 kg
baggage is on conveyor belt-------
---------baggage detected by sensor------------- 
Baggage weighs: 20.3 kg
baggage is on conveyor belt-------
---------baggage detected by sensor------------- 
Baggage weighs: 20.38 kg
baggage is on conveyor belt-------
---------baggage detected by sensor------------- 
Baggage weighs: 16.54 kg
baggage is on conveyor belt-------
---------baggage detected by sensor------------- 
Baggage weighs: 18.87 kg
baggage is on conveyor belt-------
---------baggage detected by sensor------------- 
Baggage weighs: 20.22 kg
baggage is on conveyor belt-------
---------baggage detected by sensor------------- 
Baggage weighs: 20.75 kg
baggage is on conveyor belt-------
---------baggage detected by sensor------------- 
Baggage weighs: 17.4 kg
baggage is on conveyor belt-------
---------baggage detected by sensor------------- 
Baggage weighs: 20.27 kg
baggage is on conveyor belt-------
---------baggage detected by sensor------------- 
Baggage weighs: 17.04 kg
baggage is on conveyor belt-------
---------baggage detected by sensor------------- 
Baggage weighs: 19.84 kg
baggage is on conveyor belt-------
---------baggage detected by sensor------------- 
Baggage weighs: 17.34 kg
baggage is on conveyor belt-------
---------baggage detected by sensor------------- 
Baggage weighs: 18.75 kg
baggage is on conveyor belt-------
---------baggage detected by sensor------------- 
Baggage weighs: 19.12 kg
baggage is on conveyor belt-------
---------baggage detected by sensor------------- 
Baggage weighs: 18.29 kg
baggage is on conveyor belt-------
---------baggage detected by sensor------------- 
Baggage weighs: 17.94 kg
baggage is on conveyor belt-------
---------baggage detected by sensor------------- 
Baggage weighs: 19.09 kg
baggage is on conveyor belt-------
---------baggage detected by sensor------------- 
Baggage weighs: 22.39 kg
baggage is on conveyor belt-------
---------baggage detected by sensor------------- 
Baggage weighs: 21.23 kg
baggage is on conveyor belt-------
---------baggage detected by sensor------------- 
Baggage weighs: 17.56 kg
baggage is on conveyor belt-------
---------baggage detected by sensor------------- 
Baggage weighs: 18.37 kg
baggage is on conveyor belt-------
---------baggage detected by sensor------------- 
Baggage weighs: 21.4 kg
baggage is on conveyor belt-------
---------baggage detected by sensor------------- 
Baggage weighs: 20.25 kg
baggage is on conveyor belt-------
---------baggage detected by sensor------------- 
Baggage weighs: 23.0 kg
baggage is on conveyor belt-------
---------baggage detected by sensor------------- 
Baggage weighs: 17.01 kg
baggage is on conveyor belt-------
---------baggage detected by sensor------------- 
Baggage weighs: 17.39 kg
baggage is on conveyor belt-------
---------baggage detected by sensor------------- 
Baggage weighs: 16.7 kg
baggage is on conveyor belt-------
---------baggage detected by sensor------------- 
Baggage weighs: 16.23 kg
baggage is on conveyor belt-------
---------baggage detected by sensor------------- 
Baggage weighs: 19.13 kg
baggage is on conveyor belt-------
---------baggage detected by sensor------------- 
Baggage weighs: 21.07 kg
baggage is on conveyor belt-------
---------baggage detected by sensor------------- 
Baggage weighs: 17.87 kg
baggage is on conveyor belt-------
---------baggage detected by sensor------------- 
Baggage weighs: 19.92 kg
baggage is on conveyor belt-------
---------baggage detected by sensor------------- 
Baggage weighs: 19.22 kg
baggage is on conveyor belt-------
---------baggage detected by sensor------------- 
Baggage weighs: 21.53 kg
baggage is on conveyor belt-------
---------baggage detected by sensor------------- 
Baggage weighs: 20.29 kg
baggage is on conveyor belt-------
---------baggage detected by sensor------------- 
Baggage weighs: 19.32 kg
baggage is on conveyor belt-------
---------baggage detected by sensor------------- 
Baggage weighs: 17.25 kg
baggage is on conveyor belt-------
---------baggage detected by sensor------------- 
Baggage weighs: 21.3 kg
baggage is on conveyor belt-------
---------baggage detected by sensor------------- 
Baggage weighs: 16.79 kg
baggage is on conveyor belt-------
---------baggage detected by sensor------------- 
Baggage weighs: 19.55 kg
baggage is on conveyor belt-------
---------baggage detected by sensor------------- 
Baggage weighs: 18.88 kg
baggage is on conveyor belt-------
---------baggage detected by sensor------------- 
Baggage weighs: 22.33 kg
baggage is on conveyor belt-------
---------baggage detected by sensor------------- 
Baggage weighs: 20.62 kg
baggage is on conveyor belt-------
---------baggage detected by sensor------------- 
Baggage weighs: 19.42 kg
baggage is on conveyor belt-------
---------baggage detected by sensor------------- 
Baggage weighs: 17.54 kg
baggage is on conveyor belt-------
---------baggage detected by sensor------------- 
Baggage weighs: 21.51 kg
baggage is on conveyor belt-------
---------baggage detected by sensor------------- 
Baggage weighs: 19.46 kg
baggage is on conveyor belt-------
---------baggage detected by sensor------------- 
Baggage weighs: 17.83 kg
baggage is on conveyor belt-------
---------baggage detected by sensor------------- 
Baggage weighs: 17.75 kg
baggage is on conveyor belt-------
---------baggage detected by sensor------------- 
Baggage weighs: 17.44 kg
baggage is on conveyor belt-------
---------baggage detected by sensor------------- 
Baggage weighs: 19.53 kg
baggage is on conveyor belt-------
---------baggage detected by sensor------------- 
Baggage weighs: 17.51 kg
baggage is on conveyor belt-------
---------baggage detected by sensor------------- 
Baggage weighs: 18.2 kg
baggage is on conveyor belt-------
---------baggage detected by sensor------------- 
Baggage weighs: 21.55 kg
baggage is on conveyor belt-------
---------baggage detected by sensor------------- 
Baggage weighs: 19.67 kg
baggage is on conveyor belt-------
---------baggage detected by sensor------------- 
Baggage weighs: 19.52 kg
baggage is on conveyor belt-------
---------baggage detected by sensor------------- 
Baggage weighs: 21.06 kg
baggage is on conveyor belt-------
---------baggage detected by sensor------------- 
Baggage weighs: 17.44 kg
baggage is on conveyor belt-------
---------baggage detected by sensor------------- 
Baggage weighs: 19.21 kg
baggage is on conveyor belt-------
---------baggage detected by sensor------------- 
Baggage weighs: 21.65 kg
baggage is on conveyor belt-------
---------baggage detected by sensor------------- 
Baggage weighs: 19.64 kg
baggage is on conveyor belt-------
---------baggage detected by sensor------------- 
Baggage weighs: 21.03 kg
baggage is on conveyor belt-------
---------baggage detected by sensor------------- 
Baggage weighs: 19.76 kg
baggage is on conveyor belt-------
---------baggage detected by sensor------------- 
Baggage weighs: 21.01 kg
baggage is on conveyor belt-------
---------baggage detected by sensor------------- 
Baggage weighs: 19.11 kg
baggage is on conveyor belt-------
---------baggage detected by sensor------------- 
Baggage weighs: 18.54 kg
baggage is on conveyor belt-------
---------baggage detected by sensor------------- 
Baggage weighs: 16.86 kg
baggage is on conveyor belt-------
---------baggage detected by sensor------------- 
Baggage weighs: 16.59 kg
baggage is on conveyor belt-------
---------baggage detected by sensor------------- 
Baggage weighs: 19.26 kg
baggage is on conveyor belt-------
---------baggage detected by sensor------------- 
Baggage weighs: 18.34 kg
baggage is on conveyor belt-------
---------baggage detected by sensor------------- 
Baggage weighs: 19.09 kg
baggage is on conveyor belt-------
---------baggage detected by sensor------------- 
Baggage weighs: 22.38 kg
baggage is on conveyor belt-------
---------baggage detected by sensor------------- 
Baggage weighs: 22.12 kg
baggage is on conveyor belt-------
---------baggage detected by sensor------------- 
Baggage weighs: 16.75 kg
baggage is on conveyor belt-------
---------baggage detected by sensor------------- 
Baggage weighs: 20.36 kg
baggage is on conveyor belt-------
---------baggage detected by sensor------------- 
Baggage weighs: 20.94 kg
baggage is on conveyor belt-------
---------baggage detected by sensor------------- 
Baggage weighs: 19.8 kg
baggage is on conveyor belt-------
---------baggage detected by sensor------------- 
Baggage weighs: 19.12 kg
baggage is on conveyor belt-------
---------baggage detected by sensor------------- 
Baggage weighs: 16.93 kg
baggage is on conveyor belt-------
---------baggage detected by sensor------------- 
Baggage weighs: 20.48 kg
baggage is on conveyor belt-------
---------baggage detected by sensor------------- 
Baggage weighs: 17.63 kg
baggage is on conveyor belt-------
---------baggage detected by sensor------------- 
Baggage weighs: 19.86 kg
baggage is on conveyor belt-------
---------baggage detected by sensor------------- 
Baggage weighs: 19.4 kg
baggage is on conveyor belt-------
---------baggage detected by sensor------------- 
Baggage weighs: 19.0 kg
baggage is on conveyor belt-------
---------baggage detected by sensor------------- 
Baggage weighs: 20.5 kg
baggage is on conveyor belt-------
---------baggage detected by sensor------------- 
Baggage weighs: 21.9 kg
baggage is on conveyor belt-------
---------baggage detected by sensor------------- 
Baggage weighs: 19.82 kg
baggage is on conveyor belt-------
---------baggage detected by sensor------------- 
Baggage weighs: 18.98 kg
baggage is on conveyor belt-------
---------baggage detected by sensor------------- 
Baggage weighs: 19.28 kg
baggage is on conveyor belt-------
---------baggage detected by sensor------------- 
Baggage weighs: 18.06 kg
baggage is on conveyor belt-------
---------baggage detected by sensor------------- 
Baggage weighs: 20.2 kg
baggage is on conveyor belt-------
---------baggage detected by sensor------------- 
Baggage weighs: 19.74 kg
baggage is on conveyor belt-------
---------baggage detected by sensor------------- 
Baggage weighs: 17.44 kg
baggage is on conveyor belt-------
---------baggage detected by sensor------------- 
Baggage weighs: 19.36 kg
baggage is on conveyor belt-------
---------baggage detected by sensor------------- 
Baggage weighs: 20.4 kg
baggage is on conveyor belt-------
---------baggage detected by sensor------------- 
Baggage weighs: 18.92 kg
baggage is on conveyor belt-------
---------baggage detected by sensor------------- 
Baggage weighs: 18.48 kg
baggage is on conveyor belt-------
---------baggage detected by sensor------------- 
Baggage weighs: 17.34 kg
baggage is on conveyor belt-------
---------baggage detected by sensor------------- 
Baggage weighs: 20.57 kg
baggage is on conveyor belt-------
---------baggage detected by sensor------------- 
Baggage weighs: 17.19 kg
baggage is on conveyor belt-------
---------baggage detected by sensor------------- 
Baggage weighs: 18.25 kg
baggage is on conveyor belt-------
---------baggage detected by sensor------------- 
Baggage weighs: 19.29 kg
baggage is on conveyor belt-------
---------baggage detected by sensor------------- 
Baggage weighs: 16.86 kg
baggage is on conveyor belt-------
---------baggage detected by sensor------------- 
Baggage weighs: 19.34 kg
baggage is on conveyor belt-------
---------baggage detected by sensor------------- 
Baggage weighs: 19.32 kg
baggage is on conveyor belt-------
---------baggage detected by sensor------------- 
Baggage weighs: 18.15 kg
baggage is on conveyor belt-------
---------baggage detected by sensor------------- 
Baggage weighs: 18.98 kg
baggage is on conveyor belt-------
---------baggage detected by sensor------------- 
Baggage weighs: 21.84 kg
baggage is on conveyor belt-------
---------baggage detected by sensor------------- 
Baggage weighs: 20.53 kg
baggage is on conveyor belt-------
---------baggage detected by sensor------------- 
Baggage weighs: 20.62 kg
baggage is on conveyor belt-------
---------baggage detected by sensor------------- 
Baggage weighs: 20.7 kg
baggage is on conveyor belt-------
---------baggage detected by sensor------------- 
Baggage weighs: 19.64 kg
baggage is on conveyor belt-------
---------baggage detected by sensor------------- 
Baggage weighs: 16.11 kg
baggage is on conveyor belt-------
---------baggage detected by sensor------------- 
Baggage weighs: 22.24 kg
baggage is on conveyor belt-------
---------baggage detected by sensor------------- 
Baggage weighs: 21.47 kg
baggage is on conveyor belt-------
---------baggage detected by sensor------------- 
Baggage weighs: 20.73 kg
baggage is on conveyor belt-------
---------baggage detected by sensor------------- 
Baggage weighs: 19.51 kg
baggage is on conveyor belt-------
---------baggage detected by sensor------------- 
Baggage weighs: 20.11 kg
baggage is on conveyor belt-------
---------baggage detected by sensor------------- 
Baggage weighs: 20.36 kg
baggage is on conveyor belt-------
---------baggage detected by sensor------------- 
Baggage weighs: 18.84 kg
baggage is on conveyor belt-------
---------baggage detected by sensor------------- 
Baggage weighs: 22.61 kg
baggage is on conveyor belt-------
---------baggage detected by sensor------------- 
Baggage weighs: 20.07 kg
baggage is on conveyor belt-------
---------baggage detected by sensor------------- 
Baggage weighs: 20.28 kg
baggage is on conveyor belt-------
---------baggage detected by sensor------------- 
Baggage weighs: 17.9 kg
baggage is on conveyor belt-------
---------baggage detected by sensor------------- 
Baggage weighs: 18.13 kg
baggage is on conveyor belt-------
---------baggage detected by sensor------------- 
Baggage weighs: 18.32 kg
baggage is on conveyor belt-------
---------baggage detected by sensor------------- 
Baggage weighs: 19.3 kg
baggage is on conveyor belt-------
---------baggage detected by sensor------------- 
Baggage weighs: 21.34 kg
baggage is on conveyor belt-------
---------baggage detected by sensor------------- 
Baggage weighs: 19.74 kg
baggage is on conveyor belt-------
---------baggage detected by sensor------------- 
Baggage weighs: 18.46 kg
baggage is on conveyor belt-------
---------baggage detected by sensor------------- 
Baggage weighs: 19.49 kg
baggage is on conveyor belt-------
---------baggage detected by sensor------------- 
Baggage weighs: 17.97 kg
baggage is on conveyor belt-------
---------baggage detected by sensor------------- 
Baggage weighs: 21.32 kg
baggage is on conveyor belt-------
---------baggage detected by sensor------------- 
Baggage weighs: 16.41 kg
baggage is on conveyor belt-------
---------baggage detected by sensor------------- 
Baggage weighs: 16.36 kg
baggage is on conveyor belt-------
---------baggage detected by sensor------------- 
Baggage weighs: 16.24 kg
baggage is on conveyor belt-------
---------baggage detected by sensor------------- 
Baggage weighs: 16.65 kg
baggage is on conveyor belt-------
---------baggage detected by sensor------------- 
Baggage weighs: 20.17 kg
baggage is on conveyor belt-------
---------baggage detected by sensor------------- 
Baggage weighs: 21.08 kg
baggage is on conveyor belt-------
---------baggage detected by sensor------------- 
Baggage weighs: 18.0 kg
baggage is on conveyor belt-------
---------baggage detected by sensor------------- 
Baggage weighs: 17.49 kg
baggage is on conveyor belt-------
---------baggage detected by sensor------------- 
Baggage weighs: 19.3 kg
baggage is on conveyor belt-------
---------baggage detected by sensor------------- 
Baggage weighs: 18.34 kg
baggage is on conveyor belt-------
---------baggage detected by sensor------------- 
Baggage weighs: 19.57 kg
baggage is on conveyor belt-------
---------baggage detected by sensor------------- 
Baggage weighs: 18.99 kg
baggage is on conveyor belt-------
---------baggage detected by sensor------------- 
Baggage weighs: 20.13 kg
baggage is on conveyor belt-------
---------baggage detected by sensor------------- 
Baggage weighs: 21.59 kg
baggage is on conveyor belt-------
---------baggage detected by sensor------------- 
Baggage weighs: 17.75 kg
baggage is on conveyor belt-------
---------baggage detected by sensor------------- 
Baggage weighs: 18.88 kg
baggage is on conveyor belt-------
---------baggage detected by sensor------------- 
Baggage weighs: 17.64 kg
baggage is on conveyor belt-------
---------baggage detected by sensor------------- 
Baggage weighs: 17.28 kg
baggage is on conveyor belt-------
---------baggage detected by sensor------------- 
Baggage weighs: 19.89 kg
baggage is on conveyor belt-------
---------baggage detected by sensor------------- 
Baggage weighs: 16.14 kg
baggage is on conveyor belt-------
---------baggage detected by sensor------------- 
Baggage weighs: 19.6 kg
baggage is on conveyor belt-------
---------baggage detected by sensor------------- 
Baggage weighs: 19.1 kg
baggage is on conveyor belt-------
---------baggage detected by sensor------------- 
Baggage weighs: 16.76 kg
baggage is on conveyor belt-------
---------baggage detected by sensor------------- 
Baggage weighs: 22.78 kg
baggage is on conveyor belt-------
---------baggage detected by sensor------------- 
Baggage weighs: 16.41 kg
baggage is on conveyor belt-------
---------baggage detected by sensor------------- 
Baggage weighs: 19.48 kg
baggage is on conveyor belt-------
---------baggage detected by sensor------------- 
Baggage weighs: 19.0 kg
baggage is on conveyor belt-------
---------baggage detected by sensor------------- 
Baggage weighs: 21.58 kg
baggage is on conveyor belt-------
---------baggage detected by sensor------------- 
Baggage weighs: 21.07 kg
baggage is on conveyor belt-------
---------baggage detected by sensor------------- 
Baggage weighs: 16.28 kg
baggage is on conveyor belt-------
---------baggage detected by sensor------------- 
Baggage weighs: 20.22 kg
baggage is on conveyor belt-------
---------baggage detected by sensor------------- 
Baggage weighs: 17.58 kg
baggage is on conveyor belt-------
---------baggage detected by sensor------------- 
Baggage weighs: 17.69 kg
baggage is on conveyor belt-------
---------baggage detected by sensor------------- 
Baggage weighs: 19.1 kg
baggage is on conveyor belt-------
---------baggage detected by sensor------------- 
Baggage weighs: 18.5 kg
baggage is on conveyor belt-------
---------baggage detected by sensor------------- 
Baggage weighs: 19.06 kg
baggage is on conveyor belt-------
---------baggage detected by sensor------------- 
Baggage weighs: 21.45 kg
baggage is on conveyor belt-------
---------baggage detected by sensor------------- 
Baggage weighs: 19.0 kg
baggage is on conveyor belt-------
---------baggage detected by sensor------------- 
Baggage weighs: 20.87 kg
baggage is on conveyor belt-------
---------baggage detected by sensor------------- 
Baggage weighs: 22.55 kg
baggage is on conveyor belt-------
---------baggage detected by sensor------------- 
Baggage weighs: 21.43 kg
baggage is on conveyor belt-------
---------baggage detected by sensor------------- 
Baggage weighs: 16.99 kg
baggage is on conveyor belt-------
---------baggage detected by sensor------------- 
Baggage weighs: 16.52 kg
baggage is on conveyor belt-------
---------baggage detected by sensor------------- 
Baggage weighs: 20.55 kg
baggage is on conveyor belt-------
---------baggage detected by sensor------------- 
Baggage weighs: 21.64 kg
baggage is on conveyor belt-------
---------baggage detected by sensor------------- 
Baggage weighs: 18.94 kg
baggage is on conveyor belt-------
---------baggage detected by sensor------------- 
Baggage weighs: 20.28 kg
baggage is on conveyor belt-------
---------baggage detected by sensor------------- 
Baggage weighs: 18.3 kg
baggage is on conveyor belt-------
---------baggage detected by sensor------------- 
Baggage weighs: 20.49 kg
baggage is on conveyor belt-------
---------baggage detected by sensor------------- 
Baggage weighs: 17.77 kg
baggage is on conveyor belt-------
---------baggage detected by sensor------------- 
Baggage weighs: 21.55 kg
baggage is on conveyor belt-------
---------baggage detected by sensor------------- 
Baggage weighs: 19.94 kg
baggage is on conveyor belt-------
---------baggage detected by sensor------------- 
Baggage weighs: 19.71 kg
baggage is on conveyor belt-------
---------baggage detected by sensor------------- 
Baggage weighs: 16.27 kg
baggage is on conveyor belt-------
---------baggage detected by sensor------------- 
Baggage weighs: 17.63 kg
baggage is on conveyor belt-------
---------baggage detected by sensor------------- 
Baggage weighs: 20.96 kg
baggage is on conveyor belt-------
---------baggage detected by sensor------------- 
Baggage weighs: 17.56 kg
baggage is on conveyor belt-------
---------baggage detected by sensor------------- 
Baggage weighs: 17.97 kg
baggage is on conveyor belt-------
---------baggage detected by sensor------------- 
Baggage weighs: 22.08 kg
baggage is on conveyor belt-------
---------baggage detected by sensor------------- 
Baggage weighs: 19.67 kg
baggage is on conveyor belt-------
---------baggage detected by sensor------------- 
Baggage weighs: 19.44 kg
baggage is on conveyor belt-------
---------baggage detected by sensor------------- 
Baggage weighs: 21.03 kg
baggage is on conveyor belt-------
---------baggage detected by sensor------------- 
Baggage weighs: 18.57 kg
Seat with ID: 41K has been reserved for you!

BOARDING PASS FOR LUTHER WHEELER
-----------------------------------------------------------------------------
LUFTHANSA                      htntgiyzrj5f5hi /  Luther Wheeler
Luther Wheeler                                     /  htntgiyzrj5f5hi
FRA   LH2121   E  30.Oct                       /  FRA
HKG                                            /  HKG
SEAT ID: 41K                                   /  LH2121 E 30.Oct
SEQ: 242                                      / GATE: A05   22:00
MAX 1  HANDLUGGAGE/ LUGGAGE
-----------------------------------------------------------------------------
sorry Luther Wheeler we have no voucher for you! Have a nice day!

---------------------------------------------------------------------------------------------------------------
scanning passport with passport id: F2NQPGZGE
searching for ticket in fast bag drop database..............
Ticket found for Benito Caldwell and Flight LH2121
----searching flight seat for Benito Caldwell---------
Found a seat with ID 42D
Below details were found in database
------------------------------------------
Name: Benito Caldwell
Flight ID: LH2121
Source: FRA
Destination: HKG
Gate No: A05
Boarding time: 22:00
Ticket ID: z3ojn6s0etrothm
Booking Class: E
------------------------------------------

Proceed with check-in for flight LH2121 ?
Type YES to CHECK-IN or NO to cancel CHECK-IN
Benito Caldwell is deciding whether to check-in or to go back home and sleep............
YES CHECK-IN
Checking you in...............
baggage is on conveyor belt-------
---------baggage detected by sensor------------- 
Baggage weighs: 21.58 kg
baggage is on conveyor belt-------
---------baggage detected by sensor------------- 
Baggage weighs: 20.43 kg
baggage is on conveyor belt-------
---------baggage detected by sensor------------- 
Baggage weighs: 18.47 kg
baggage is on conveyor belt-------
---------baggage detected by sensor------------- 
Baggage weighs: 17.86 kg
baggage is on conveyor belt-------
---------baggage detected by sensor------------- 
Baggage weighs: 18.65 kg
baggage is on conveyor belt-------
---------baggage detected by sensor------------- 
Baggage weighs: 19.27 kg
baggage is on conveyor belt-------
---------baggage detected by sensor------------- 
Baggage weighs: 17.42 kg
baggage is on conveyor belt-------
---------baggage detected by sensor------------- 
Baggage weighs: 19.16 kg
baggage is on conveyor belt-------
---------baggage detected by sensor------------- 
Baggage weighs: 19.52 kg
baggage is on conveyor belt-------
---------baggage detected by sensor------------- 
Baggage weighs: 17.51 kg
baggage is on conveyor belt-------
---------baggage detected by sensor------------- 
Baggage weighs: 17.38 kg
baggage is on conveyor belt-------
---------baggage detected by sensor------------- 
Baggage weighs: 18.67 kg
baggage is on conveyor belt-------
---------baggage detected by sensor------------- 
Baggage weighs: 16.98 kg
baggage is on conveyor belt-------
---------baggage detected by sensor------------- 
Baggage weighs: 21.26 kg
baggage is on conveyor belt-------
---------baggage detected by sensor------------- 
Baggage weighs: 18.3 kg
baggage is on conveyor belt-------
---------baggage detected by sensor------------- 
Baggage weighs: 16.81 kg
baggage is on conveyor belt-------
---------baggage detected by sensor------------- 
Baggage weighs: 20.91 kg
baggage is on conveyor belt-------
---------baggage detected by sensor------------- 
Baggage weighs: 21.21 kg
baggage is on conveyor belt-------
---------baggage detected by sensor------------- 
Baggage weighs: 19.69 kg
baggage is on conveyor belt-------
---------baggage detected by sensor------------- 
Baggage weighs: 18.67 kg
baggage is on conveyor belt-------
---------baggage detected by sensor------------- 
Baggage weighs: 19.12 kg
baggage is on conveyor belt-------
---------baggage detected by sensor------------- 
Baggage weighs: 16.42 kg
baggage is on conveyor belt-------
---------baggage detected by sensor------------- 
Baggage weighs: 19.17 kg
baggage is on conveyor belt-------
---------baggage detected by sensor------------- 
Baggage weighs: 19.0 kg
baggage is on conveyor belt-------
---------baggage detected by sensor------------- 
Baggage weighs: 18.78 kg
baggage is on conveyor belt-------
---------baggage detected by sensor------------- 
Baggage weighs: 20.31 kg
baggage is on conveyor belt-------
---------baggage detected by sensor------------- 
Baggage weighs: 21.25 kg
baggage is on conveyor belt-------
---------baggage detected by sensor------------- 
Baggage weighs: 18.87 kg
baggage is on conveyor belt-------
---------baggage detected by sensor------------- 
Baggage weighs: 16.25 kg
baggage is on conveyor belt-------
---------baggage detected by sensor------------- 
Baggage weighs: 19.94 kg
baggage is on conveyor belt-------
---------baggage detected by sensor------------- 
Baggage weighs: 16.88 kg
baggage is on conveyor belt-------
---------baggage detected by sensor------------- 
Baggage weighs: 18.24 kg
baggage is on conveyor belt-------
---------baggage detected by sensor------------- 
Baggage weighs: 17.16 kg
baggage is on conveyor belt-------
---------baggage detected by sensor------------- 
Baggage weighs: 19.34 kg
baggage is on conveyor belt-------
---------baggage detected by sensor------------- 
Baggage weighs: 22.41 kg
baggage is on conveyor belt-------
---------baggage detected by sensor------------- 
Baggage weighs: 20.47 kg
baggage is on conveyor belt-------
---------baggage detected by sensor------------- 
Baggage weighs: 18.81 kg
baggage is on conveyor belt-------
---------baggage detected by sensor------------- 
Baggage weighs: 18.56 kg
baggage is on conveyor belt-------
---------baggage detected by sensor------------- 
Baggage weighs: 17.77 kg
baggage is on conveyor belt-------
---------baggage detected by sensor------------- 
Baggage weighs: 19.32 kg
baggage is on conveyor belt-------
---------baggage detected by sensor------------- 
Baggage weighs: 19.21 kg
baggage is on conveyor belt-------
---------baggage detected by sensor------------- 
Baggage weighs: 19.13 kg
baggage is on conveyor belt-------
---------baggage detected by sensor------------- 
Baggage weighs: 20.39 kg
baggage is on conveyor belt-------
---------baggage detected by sensor------------- 
Baggage weighs: 21.03 kg
baggage is on conveyor belt-------
---------baggage detected by sensor------------- 
Baggage weighs: 20.05 kg
baggage is on conveyor belt-------
---------baggage detected by sensor------------- 
Baggage weighs: 21.92 kg
baggage is on conveyor belt-------
---------baggage detected by sensor------------- 
Baggage weighs: 19.37 kg
baggage is on conveyor belt-------
---------baggage detected by sensor------------- 
Baggage weighs: 20.35 kg
baggage is on conveyor belt-------
---------baggage detected by sensor------------- 
Baggage weighs: 18.73 kg
baggage is on conveyor belt-------
---------baggage detected by sensor------------- 
Baggage weighs: 20.33 kg
baggage is on conveyor belt-------
---------baggage detected by sensor------------- 
Baggage weighs: 22.01 kg
baggage is on conveyor belt-------
---------baggage detected by sensor------------- 
Baggage weighs: 19.27 kg
baggage is on conveyor belt-------
---------baggage detected by sensor------------- 
Baggage weighs: 21.18 kg
baggage is on conveyor belt-------
---------baggage detected by sensor------------- 
Baggage weighs: 17.16 kg
baggage is on conveyor belt-------
---------baggage detected by sensor------------- 
Baggage weighs: 20.04 kg
baggage is on conveyor belt-------
---------baggage detected by sensor------------- 
Baggage weighs: 20.91 kg
baggage is on conveyor belt-------
---------baggage detected by sensor------------- 
Baggage weighs: 20.3 kg
baggage is on conveyor belt-------
---------baggage detected by sensor------------- 
Baggage weighs: 20.38 kg
baggage is on conveyor belt-------
---------baggage detected by sensor------------- 
Baggage weighs: 16.54 kg
baggage is on conveyor belt-------
---------baggage detected by sensor------------- 
Baggage weighs: 18.87 kg
baggage is on conveyor belt-------
---------baggage detected by sensor------------- 
Baggage weighs: 20.22 kg
baggage is on conveyor belt-------
---------baggage detected by sensor------------- 
Baggage weighs: 20.75 kg
baggage is on conveyor belt-------
---------baggage detected by sensor------------- 
Baggage weighs: 17.4 kg
baggage is on conveyor belt-------
---------baggage detected by sensor------------- 
Baggage weighs: 20.27 kg
baggage is on conveyor belt-------
---------baggage detected by sensor------------- 
Baggage weighs: 17.04 kg
baggage is on conveyor belt-------
---------baggage detected by sensor------------- 
Baggage weighs: 19.84 kg
baggage is on conveyor belt-------
---------baggage detected by sensor------------- 
Baggage weighs: 17.34 kg
baggage is on conveyor belt-------
---------baggage detected by sensor------------- 
Baggage weighs: 18.75 kg
baggage is on conveyor belt-------
---------baggage detected by sensor------------- 
Baggage weighs: 19.12 kg
baggage is on conveyor belt-------
---------baggage detected by sensor------------- 
Baggage weighs: 18.29 kg
baggage is on conveyor belt-------
---------baggage detected by sensor------------- 
Baggage weighs: 17.94 kg
baggage is on conveyor belt-------
---------baggage detected by sensor------------- 
Baggage weighs: 19.09 kg
baggage is on conveyor belt-------
---------baggage detected by sensor------------- 
Baggage weighs: 22.39 kg
baggage is on conveyor belt-------
---------baggage detected by sensor------------- 
Baggage weighs: 21.23 kg
baggage is on conveyor belt-------
---------baggage detected by sensor------------- 
Baggage weighs: 17.56 kg
baggage is on conveyor belt-------
---------baggage detected by sensor------------- 
Baggage weighs: 18.37 kg
baggage is on conveyor belt-------
---------baggage detected by sensor------------- 
Baggage weighs: 21.4 kg
baggage is on conveyor belt-------
---------baggage detected by sensor------------- 
Baggage weighs: 20.25 kg
baggage is on conveyor belt-------
---------baggage detected by sensor------------- 
Baggage weighs: 23.0 kg
baggage is on conveyor belt-------
---------baggage detected by sensor------------- 
Baggage weighs: 17.01 kg
baggage is on conveyor belt-------
---------baggage detected by sensor------------- 
Baggage weighs: 17.39 kg
baggage is on conveyor belt-------
---------baggage detected by sensor------------- 
Baggage weighs: 16.7 kg
baggage is on conveyor belt-------
---------baggage detected by sensor------------- 
Baggage weighs: 16.23 kg
baggage is on conveyor belt-------
---------baggage detected by sensor------------- 
Baggage weighs: 19.13 kg
baggage is on conveyor belt-------
---------baggage detected by sensor------------- 
Baggage weighs: 21.07 kg
baggage is on conveyor belt-------
---------baggage detected by sensor------------- 
Baggage weighs: 17.87 kg
baggage is on conveyor belt-------
---------baggage detected by sensor------------- 
Baggage weighs: 19.92 kg
baggage is on conveyor belt-------
---------baggage detected by sensor------------- 
Baggage weighs: 19.22 kg
baggage is on conveyor belt-------
---------baggage detected by sensor------------- 
Baggage weighs: 21.53 kg
baggage is on conveyor belt-------
---------baggage detected by sensor------------- 
Baggage weighs: 20.29 kg
baggage is on conveyor belt-------
---------baggage detected by sensor------------- 
Baggage weighs: 19.32 kg
baggage is on conveyor belt-------
---------baggage detected by sensor------------- 
Baggage weighs: 17.25 kg
baggage is on conveyor belt-------
---------baggage detected by sensor------------- 
Baggage weighs: 21.3 kg
baggage is on conveyor belt-------
---------baggage detected by sensor------------- 
Baggage weighs: 16.79 kg
baggage is on conveyor belt-------
---------baggage detected by sensor------------- 
Baggage weighs: 19.55 kg
baggage is on conveyor belt-------
---------baggage detected by sensor------------- 
Baggage weighs: 18.88 kg
baggage is on conveyor belt-------
---------baggage detected by sensor------------- 
Baggage weighs: 22.33 kg
baggage is on conveyor belt-------
---------baggage detected by sensor------------- 
Baggage weighs: 20.62 kg
baggage is on conveyor belt-------
---------baggage detected by sensor------------- 
Baggage weighs: 19.42 kg
baggage is on conveyor belt-------
---------baggage detected by sensor------------- 
Baggage weighs: 17.54 kg
baggage is on conveyor belt-------
---------baggage detected by sensor------------- 
Baggage weighs: 21.51 kg
baggage is on conveyor belt-------
---------baggage detected by sensor------------- 
Baggage weighs: 19.46 kg
baggage is on conveyor belt-------
---------baggage detected by sensor------------- 
Baggage weighs: 17.83 kg
baggage is on conveyor belt-------
---------baggage detected by sensor------------- 
Baggage weighs: 17.75 kg
baggage is on conveyor belt-------
---------baggage detected by sensor------------- 
Baggage weighs: 17.44 kg
baggage is on conveyor belt-------
---------baggage detected by sensor------------- 
Baggage weighs: 19.53 kg
baggage is on conveyor belt-------
---------baggage detected by sensor------------- 
Baggage weighs: 17.51 kg
baggage is on conveyor belt-------
---------baggage detected by sensor------------- 
Baggage weighs: 18.2 kg
baggage is on conveyor belt-------
---------baggage detected by sensor------------- 
Baggage weighs: 21.55 kg
baggage is on conveyor belt-------
---------baggage detected by sensor------------- 
Baggage weighs: 19.67 kg
baggage is on conveyor belt-------
---------baggage detected by sensor------------- 
Baggage weighs: 19.52 kg
baggage is on conveyor belt-------
---------baggage detected by sensor------------- 
Baggage weighs: 21.06 kg
baggage is on conveyor belt-------
---------baggage detected by sensor------------- 
Baggage weighs: 17.44 kg
baggage is on conveyor belt-------
---------baggage detected by sensor------------- 
Baggage weighs: 19.21 kg
baggage is on conveyor belt-------
---------baggage detected by sensor------------- 
Baggage weighs: 21.65 kg
baggage is on conveyor belt-------
---------baggage detected by sensor------------- 
Baggage weighs: 19.64 kg
baggage is on conveyor belt-------
---------baggage detected by sensor------------- 
Baggage weighs: 21.03 kg
baggage is on conveyor belt-------
---------baggage detected by sensor------------- 
Baggage weighs: 19.76 kg
baggage is on conveyor belt-------
---------baggage detected by sensor------------- 
Baggage weighs: 21.01 kg
baggage is on conveyor belt-------
---------baggage detected by sensor------------- 
Baggage weighs: 19.11 kg
baggage is on conveyor belt-------
---------baggage detected by sensor------------- 
Baggage weighs: 18.54 kg
baggage is on conveyor belt-------
---------baggage detected by sensor------------- 
Baggage weighs: 16.86 kg
baggage is on conveyor belt-------
---------baggage detected by sensor------------- 
Baggage weighs: 16.59 kg
baggage is on conveyor belt-------
---------baggage detected by sensor------------- 
Baggage weighs: 19.26 kg
baggage is on conveyor belt-------
---------baggage detected by sensor------------- 
Baggage weighs: 18.34 kg
baggage is on conveyor belt-------
---------baggage detected by sensor------------- 
Baggage weighs: 19.09 kg
baggage is on conveyor belt-------
---------baggage detected by sensor------------- 
Baggage weighs: 22.38 kg
baggage is on conveyor belt-------
---------baggage detected by sensor------------- 
Baggage weighs: 22.12 kg
baggage is on conveyor belt-------
---------baggage detected by sensor------------- 
Baggage weighs: 16.75 kg
baggage is on conveyor belt-------
---------baggage detected by sensor------------- 
Baggage weighs: 20.36 kg
baggage is on conveyor belt-------
---------baggage detected by sensor------------- 
Baggage weighs: 20.94 kg
baggage is on conveyor belt-------
---------baggage detected by sensor------------- 
Baggage weighs: 19.8 kg
baggage is on conveyor belt-------
---------baggage detected by sensor------------- 
Baggage weighs: 19.12 kg
baggage is on conveyor belt-------
---------baggage detected by sensor------------- 
Baggage weighs: 16.93 kg
baggage is on conveyor belt-------
---------baggage detected by sensor------------- 
Baggage weighs: 20.48 kg
baggage is on conveyor belt-------
---------baggage detected by sensor------------- 
Baggage weighs: 17.63 kg
baggage is on conveyor belt-------
---------baggage detected by sensor------------- 
Baggage weighs: 19.86 kg
baggage is on conveyor belt-------
---------baggage detected by sensor------------- 
Baggage weighs: 19.4 kg
baggage is on conveyor belt-------
---------baggage detected by sensor------------- 
Baggage weighs: 19.0 kg
baggage is on conveyor belt-------
---------baggage detected by sensor------------- 
Baggage weighs: 20.5 kg
baggage is on conveyor belt-------
---------baggage detected by sensor------------- 
Baggage weighs: 21.9 kg
baggage is on conveyor belt-------
---------baggage detected by sensor------------- 
Baggage weighs: 19.82 kg
baggage is on conveyor belt-------
---------baggage detected by sensor------------- 
Baggage weighs: 18.98 kg
baggage is on conveyor belt-------
---------baggage detected by sensor------------- 
Baggage weighs: 19.28 kg
baggage is on conveyor belt-------
---------baggage detected by sensor------------- 
Baggage weighs: 18.06 kg
baggage is on conveyor belt-------
---------baggage detected by sensor------------- 
Baggage weighs: 20.2 kg
baggage is on conveyor belt-------
---------baggage detected by sensor------------- 
Baggage weighs: 19.74 kg
baggage is on conveyor belt-------
---------baggage detected by sensor------------- 
Baggage weighs: 17.44 kg
baggage is on conveyor belt-------
---------baggage detected by sensor------------- 
Baggage weighs: 19.36 kg
baggage is on conveyor belt-------
---------baggage detected by sensor------------- 
Baggage weighs: 20.4 kg
baggage is on conveyor belt-------
---------baggage detected by sensor------------- 
Baggage weighs: 18.92 kg
baggage is on conveyor belt-------
---------baggage detected by sensor------------- 
Baggage weighs: 18.48 kg
baggage is on conveyor belt-------
---------baggage detected by sensor------------- 
Baggage weighs: 17.34 kg
baggage is on conveyor belt-------
---------baggage detected by sensor------------- 
Baggage weighs: 20.57 kg
baggage is on conveyor belt-------
---------baggage detected by sensor------------- 
Baggage weighs: 17.19 kg
baggage is on conveyor belt-------
---------baggage detected by sensor------------- 
Baggage weighs: 18.25 kg
baggage is on conveyor belt-------
---------baggage detected by sensor------------- 
Baggage weighs: 19.29 kg
baggage is on conveyor belt-------
---------baggage detected by sensor------------- 
Baggage weighs: 16.86 kg
baggage is on conveyor belt-------
---------baggage detected by sensor------------- 
Baggage weighs: 19.34 kg
baggage is on conveyor belt-------
---------baggage detected by sensor------------- 
Baggage weighs: 19.32 kg
baggage is on conveyor belt-------
---------baggage detected by sensor------------- 
Baggage weighs: 18.15 kg
baggage is on conveyor belt-------
---------baggage detected by sensor------------- 
Baggage weighs: 18.98 kg
baggage is on conveyor belt-------
---------baggage detected by sensor------------- 
Baggage weighs: 21.84 kg
baggage is on conveyor belt-------
---------baggage detected by sensor------------- 
Baggage weighs: 20.53 kg
baggage is on conveyor belt-------
---------baggage detected by sensor------------- 
Baggage weighs: 20.62 kg
baggage is on conveyor belt-------
---------baggage detected by sensor------------- 
Baggage weighs: 20.7 kg
baggage is on conveyor belt-------
---------baggage detected by sensor------------- 
Baggage weighs: 19.64 kg
baggage is on conveyor belt-------
---------baggage detected by sensor------------- 
Baggage weighs: 16.11 kg
baggage is on conveyor belt-------
---------baggage detected by sensor------------- 
Baggage weighs: 22.24 kg
baggage is on conveyor belt-------
---------baggage detected by sensor------------- 
Baggage weighs: 21.47 kg
baggage is on conveyor belt-------
---------baggage detected by sensor------------- 
Baggage weighs: 20.73 kg
baggage is on conveyor belt-------
---------baggage detected by sensor------------- 
Baggage weighs: 19.51 kg
baggage is on conveyor belt-------
---------baggage detected by sensor------------- 
Baggage weighs: 20.11 kg
baggage is on conveyor belt-------
---------baggage detected by sensor------------- 
Baggage weighs: 20.36 kg
baggage is on conveyor belt-------
---------baggage detected by sensor------------- 
Baggage weighs: 18.84 kg
baggage is on conveyor belt-------
---------baggage detected by sensor------------- 
Baggage weighs: 22.61 kg
baggage is on conveyor belt-------
---------baggage detected by sensor------------- 
Baggage weighs: 20.07 kg
baggage is on conveyor belt-------
---------baggage detected by sensor------------- 
Baggage weighs: 20.28 kg
baggage is on conveyor belt-------
---------baggage detected by sensor------------- 
Baggage weighs: 17.9 kg
baggage is on conveyor belt-------
---------baggage detected by sensor------------- 
Baggage weighs: 18.13 kg
baggage is on conveyor belt-------
---------baggage detected by sensor------------- 
Baggage weighs: 18.32 kg
baggage is on conveyor belt-------
---------baggage detected by sensor------------- 
Baggage weighs: 19.3 kg
baggage is on conveyor belt-------
---------baggage detected by sensor------------- 
Baggage weighs: 21.34 kg
baggage is on conveyor belt-------
---------baggage detected by sensor------------- 
Baggage weighs: 19.74 kg
baggage is on conveyor belt-------
---------baggage detected by sensor------------- 
Baggage weighs: 18.46 kg
baggage is on conveyor belt-------
---------baggage detected by sensor------------- 
Baggage weighs: 19.49 kg
baggage is on conveyor belt-------
---------baggage detected by sensor------------- 
Baggage weighs: 17.97 kg
baggage is on conveyor belt-------
---------baggage detected by sensor------------- 
Baggage weighs: 21.32 kg
baggage is on conveyor belt-------
---------baggage detected by sensor------------- 
Baggage weighs: 16.41 kg
baggage is on conveyor belt-------
---------baggage detected by sensor------------- 
Baggage weighs: 16.36 kg
baggage is on conveyor belt-------
---------baggage detected by sensor------------- 
Baggage weighs: 16.24 kg
baggage is on conveyor belt-------
---------baggage detected by sensor------------- 
Baggage weighs: 16.65 kg
baggage is on conveyor belt-------
---------baggage detected by sensor------------- 
Baggage weighs: 20.17 kg
baggage is on conveyor belt-------
---------baggage detected by sensor------------- 
Baggage weighs: 21.08 kg
baggage is on conveyor belt-------
---------baggage detected by sensor------------- 
Baggage weighs: 18.0 kg
baggage is on conveyor belt-------
---------baggage detected by sensor------------- 
Baggage weighs: 17.49 kg
baggage is on conveyor belt-------
---------baggage detected by sensor------------- 
Baggage weighs: 19.3 kg
baggage is on conveyor belt-------
---------baggage detected by sensor------------- 
Baggage weighs: 18.34 kg
baggage is on conveyor belt-------
---------baggage detected by sensor------------- 
Baggage weighs: 19.57 kg
baggage is on conveyor belt-------
---------baggage detected by sensor------------- 
Baggage weighs: 18.99 kg
baggage is on conveyor belt-------
---------baggage detected by sensor------------- 
Baggage weighs: 20.13 kg
baggage is on conveyor belt-------
---------baggage detected by sensor------------- 
Baggage weighs: 21.59 kg
baggage is on conveyor belt-------
---------baggage detected by sensor------------- 
Baggage weighs: 17.75 kg
baggage is on conveyor belt-------
---------baggage detected by sensor------------- 
Baggage weighs: 18.88 kg
baggage is on conveyor belt-------
---------baggage detected by sensor------------- 
Baggage weighs: 17.64 kg
baggage is on conveyor belt-------
---------baggage detected by sensor------------- 
Baggage weighs: 17.28 kg
baggage is on conveyor belt-------
---------baggage detected by sensor------------- 
Baggage weighs: 19.89 kg
baggage is on conveyor belt-------
---------baggage detected by sensor------------- 
Baggage weighs: 16.14 kg
baggage is on conveyor belt-------
---------baggage detected by sensor------------- 
Baggage weighs: 19.6 kg
baggage is on conveyor belt-------
---------baggage detected by sensor------------- 
Baggage weighs: 19.1 kg
baggage is on conveyor belt-------
---------baggage detected by sensor------------- 
Baggage weighs: 16.76 kg
baggage is on conveyor belt-------
---------baggage detected by sensor------------- 
Baggage weighs: 22.78 kg
baggage is on conveyor belt-------
---------baggage detected by sensor------------- 
Baggage weighs: 16.41 kg
baggage is on conveyor belt-------
---------baggage detected by sensor------------- 
Baggage weighs: 19.48 kg
baggage is on conveyor belt-------
---------baggage detected by sensor------------- 
Baggage weighs: 19.0 kg
baggage is on conveyor belt-------
---------baggage detected by sensor------------- 
Baggage weighs: 21.58 kg
baggage is on conveyor belt-------
---------baggage detected by sensor------------- 
Baggage weighs: 21.07 kg
baggage is on conveyor belt-------
---------baggage detected by sensor------------- 
Baggage weighs: 16.28 kg
baggage is on conveyor belt-------
---------baggage detected by sensor------------- 
Baggage weighs: 20.22 kg
baggage is on conveyor belt-------
---------baggage detected by sensor------------- 
Baggage weighs: 17.58 kg
baggage is on conveyor belt-------
---------baggage detected by sensor------------- 
Baggage weighs: 17.69 kg
baggage is on conveyor belt-------
---------baggage detected by sensor------------- 
Baggage weighs: 19.1 kg
baggage is on conveyor belt-------
---------baggage detected by sensor------------- 
Baggage weighs: 18.5 kg
baggage is on conveyor belt-------
---------baggage detected by sensor------------- 
Baggage weighs: 19.06 kg
baggage is on conveyor belt-------
---------baggage detected by sensor------------- 
Baggage weighs: 21.45 kg
baggage is on conveyor belt-------
---------baggage detected by sensor------------- 
Baggage weighs: 19.0 kg
baggage is on conveyor belt-------
---------baggage detected by sensor------------- 
Baggage weighs: 20.87 kg
baggage is on conveyor belt-------
---------baggage detected by sensor------------- 
Baggage weighs: 22.55 kg
baggage is on conveyor belt-------
---------baggage detected by sensor------------- 
Baggage weighs: 21.43 kg
baggage is on conveyor belt-------
---------baggage detected by sensor------------- 
Baggage weighs: 16.99 kg
baggage is on conveyor belt-------
---------baggage detected by sensor------------- 
Baggage weighs: 16.52 kg
baggage is on conveyor belt-------
---------baggage detected by sensor------------- 
Baggage weighs: 20.55 kg
baggage is on conveyor belt-------
---------baggage detected by sensor------------- 
Baggage weighs: 21.64 kg
baggage is on conveyor belt-------
---------baggage detected by sensor------------- 
Baggage weighs: 18.94 kg
baggage is on conveyor belt-------
---------baggage detected by sensor------------- 
Baggage weighs: 20.28 kg
baggage is on conveyor belt-------
---------baggage detected by sensor------------- 
Baggage weighs: 18.3 kg
baggage is on conveyor belt-------
---------baggage detected by sensor------------- 
Baggage weighs: 20.49 kg
baggage is on conveyor belt-------
---------baggage detected by sensor------------- 
Baggage weighs: 17.77 kg
baggage is on conveyor belt-------
---------baggage detected by sensor------------- 
Baggage weighs: 21.55 kg
baggage is on conveyor belt-------
---------baggage detected by sensor------------- 
Baggage weighs: 19.94 kg
baggage is on conveyor belt-------
---------baggage detected by sensor------------- 
Baggage weighs: 19.71 kg
baggage is on conveyor belt-------
---------baggage detected by sensor------------- 
Baggage weighs: 16.27 kg
baggage is on conveyor belt-------
---------baggage detected by sensor------------- 
Baggage weighs: 17.63 kg
baggage is on conveyor belt-------
---------baggage detected by sensor------------- 
Baggage weighs: 20.96 kg
baggage is on conveyor belt-------
---------baggage detected by sensor------------- 
Baggage weighs: 17.56 kg
baggage is on conveyor belt-------
---------baggage detected by sensor------------- 
Baggage weighs: 17.97 kg
baggage is on conveyor belt-------
---------baggage detected by sensor------------- 
Baggage weighs: 22.08 kg
baggage is on conveyor belt-------
---------baggage detected by sensor------------- 
Baggage weighs: 19.67 kg
baggage is on conveyor belt-------
---------baggage detected by sensor------------- 
Baggage weighs: 19.44 kg
baggage is on conveyor belt-------
---------baggage detected by sensor------------- 
Baggage weighs: 21.03 kg
baggage is on conveyor belt-------
---------baggage detected by sensor------------- 
Baggage weighs: 18.57 kg
baggage is on conveyor belt-------
---------baggage detected by sensor------------- 
Baggage weighs: 17.28 kg
Seat with ID: 42D has been reserved for you!

BOARDING PASS FOR BENITO CALDWELL
-----------------------------------------------------------------------------
LUFTHANSA                      z3ojn6s0etrothm /  Benito Caldwell
Benito Caldwell                                     /  z3ojn6s0etrothm
FRA   LH2121   E  30.Oct                       /  FRA
HKG                                            /  HKG
SEAT ID: 42D                                   /  LH2121 E 30.Oct
SEQ: 243                                      / GATE: A05   22:00
MAX 1  HANDLUGGAGE/ LUGGAGE
-----------------------------------------------------------------------------
sorry Benito Caldwell we have no voucher for you! Have a nice day!

---------------------------------------------------------------------------------------------------------------
scanning passport with passport id: BGNTGICN6
searching for ticket in fast bag drop database..............
Ticket found for Chas Mcclain and Flight LH2121
----searching flight seat for Chas Mcclain---------
Found a seat with ID 42E
Below details were found in database
------------------------------------------
Name: Chas Mcclain
Flight ID: LH2121
Source: FRA
Destination: HKG
Gate No: A05
Boarding time: 22:00
Ticket ID: 35epex3ay8audgf
Booking Class: E
------------------------------------------

Proceed with check-in for flight LH2121 ?
Type YES to CHECK-IN or NO to cancel CHECK-IN
Chas Mcclain is deciding whether to check-in or to go back home and sleep............
YES CHECK-IN
Checking you in...............
baggage is on conveyor belt-------
---------baggage detected by sensor------------- 
Baggage weighs: 21.58 kg
baggage is on conveyor belt-------
---------baggage detected by sensor------------- 
Baggage weighs: 20.43 kg
baggage is on conveyor belt-------
---------baggage detected by sensor------------- 
Baggage weighs: 18.47 kg
baggage is on conveyor belt-------
---------baggage detected by sensor------------- 
Baggage weighs: 17.86 kg
baggage is on conveyor belt-------
---------baggage detected by sensor------------- 
Baggage weighs: 18.65 kg
baggage is on conveyor belt-------
---------baggage detected by sensor------------- 
Baggage weighs: 19.27 kg
baggage is on conveyor belt-------
---------baggage detected by sensor------------- 
Baggage weighs: 17.42 kg
baggage is on conveyor belt-------
---------baggage detected by sensor------------- 
Baggage weighs: 19.16 kg
baggage is on conveyor belt-------
---------baggage detected by sensor------------- 
Baggage weighs: 19.52 kg
baggage is on conveyor belt-------
---------baggage detected by sensor------------- 
Baggage weighs: 17.51 kg
baggage is on conveyor belt-------
---------baggage detected by sensor------------- 
Baggage weighs: 17.38 kg
baggage is on conveyor belt-------
---------baggage detected by sensor------------- 
Baggage weighs: 18.67 kg
baggage is on conveyor belt-------
---------baggage detected by sensor------------- 
Baggage weighs: 16.98 kg
baggage is on conveyor belt-------
---------baggage detected by sensor------------- 
Baggage weighs: 21.26 kg
baggage is on conveyor belt-------
---------baggage detected by sensor------------- 
Baggage weighs: 18.3 kg
baggage is on conveyor belt-------
---------baggage detected by sensor------------- 
Baggage weighs: 16.81 kg
baggage is on conveyor belt-------
---------baggage detected by sensor------------- 
Baggage weighs: 20.91 kg
baggage is on conveyor belt-------
---------baggage detected by sensor------------- 
Baggage weighs: 21.21 kg
baggage is on conveyor belt-------
---------baggage detected by sensor------------- 
Baggage weighs: 19.69 kg
baggage is on conveyor belt-------
---------baggage detected by sensor------------- 
Baggage weighs: 18.67 kg
baggage is on conveyor belt-------
---------baggage detected by sensor------------- 
Baggage weighs: 19.12 kg
baggage is on conveyor belt-------
---------baggage detected by sensor------------- 
Baggage weighs: 16.42 kg
baggage is on conveyor belt-------
---------baggage detected by sensor------------- 
Baggage weighs: 19.17 kg
baggage is on conveyor belt-------
---------baggage detected by sensor------------- 
Baggage weighs: 19.0 kg
baggage is on conveyor belt-------
---------baggage detected by sensor------------- 
Baggage weighs: 18.78 kg
baggage is on conveyor belt-------
---------baggage detected by sensor------------- 
Baggage weighs: 20.31 kg
baggage is on conveyor belt-------
---------baggage detected by sensor------------- 
Baggage weighs: 21.25 kg
baggage is on conveyor belt-------
---------baggage detected by sensor------------- 
Baggage weighs: 18.87 kg
baggage is on conveyor belt-------
---------baggage detected by sensor------------- 
Baggage weighs: 16.25 kg
baggage is on conveyor belt-------
---------baggage detected by sensor------------- 
Baggage weighs: 19.94 kg
baggage is on conveyor belt-------
---------baggage detected by sensor------------- 
Baggage weighs: 16.88 kg
baggage is on conveyor belt-------
---------baggage detected by sensor------------- 
Baggage weighs: 18.24 kg
baggage is on conveyor belt-------
---------baggage detected by sensor------------- 
Baggage weighs: 17.16 kg
baggage is on conveyor belt-------
---------baggage detected by sensor------------- 
Baggage weighs: 19.34 kg
baggage is on conveyor belt-------
---------baggage detected by sensor------------- 
Baggage weighs: 22.41 kg
baggage is on conveyor belt-------
---------baggage detected by sensor------------- 
Baggage weighs: 20.47 kg
baggage is on conveyor belt-------
---------baggage detected by sensor------------- 
Baggage weighs: 18.81 kg
baggage is on conveyor belt-------
---------baggage detected by sensor------------- 
Baggage weighs: 18.56 kg
baggage is on conveyor belt-------
---------baggage detected by sensor------------- 
Baggage weighs: 17.77 kg
baggage is on conveyor belt-------
---------baggage detected by sensor------------- 
Baggage weighs: 19.32 kg
baggage is on conveyor belt-------
---------baggage detected by sensor------------- 
Baggage weighs: 19.21 kg
baggage is on conveyor belt-------
---------baggage detected by sensor------------- 
Baggage weighs: 19.13 kg
baggage is on conveyor belt-------
---------baggage detected by sensor------------- 
Baggage weighs: 20.39 kg
baggage is on conveyor belt-------
---------baggage detected by sensor------------- 
Baggage weighs: 21.03 kg
baggage is on conveyor belt-------
---------baggage detected by sensor------------- 
Baggage weighs: 20.05 kg
baggage is on conveyor belt-------
---------baggage detected by sensor------------- 
Baggage weighs: 21.92 kg
baggage is on conveyor belt-------
---------baggage detected by sensor------------- 
Baggage weighs: 19.37 kg
baggage is on conveyor belt-------
---------baggage detected by sensor------------- 
Baggage weighs: 20.35 kg
baggage is on conveyor belt-------
---------baggage detected by sensor------------- 
Baggage weighs: 18.73 kg
baggage is on conveyor belt-------
---------baggage detected by sensor------------- 
Baggage weighs: 20.33 kg
baggage is on conveyor belt-------
---------baggage detected by sensor------------- 
Baggage weighs: 22.01 kg
baggage is on conveyor belt-------
---------baggage detected by sensor------------- 
Baggage weighs: 19.27 kg
baggage is on conveyor belt-------
---------baggage detected by sensor------------- 
Baggage weighs: 21.18 kg
baggage is on conveyor belt-------
---------baggage detected by sensor------------- 
Baggage weighs: 17.16 kg
baggage is on conveyor belt-------
---------baggage detected by sensor------------- 
Baggage weighs: 20.04 kg
baggage is on conveyor belt-------
---------baggage detected by sensor------------- 
Baggage weighs: 20.91 kg
baggage is on conveyor belt-------
---------baggage detected by sensor------------- 
Baggage weighs: 20.3 kg
baggage is on conveyor belt-------
---------baggage detected by sensor------------- 
Baggage weighs: 20.38 kg
baggage is on conveyor belt-------
---------baggage detected by sensor------------- 
Baggage weighs: 16.54 kg
baggage is on conveyor belt-------
---------baggage detected by sensor------------- 
Baggage weighs: 18.87 kg
baggage is on conveyor belt-------
---------baggage detected by sensor------------- 
Baggage weighs: 20.22 kg
baggage is on conveyor belt-------
---------baggage detected by sensor------------- 
Baggage weighs: 20.75 kg
baggage is on conveyor belt-------
---------baggage detected by sensor------------- 
Baggage weighs: 17.4 kg
baggage is on conveyor belt-------
---------baggage detected by sensor------------- 
Baggage weighs: 20.27 kg
baggage is on conveyor belt-------
---------baggage detected by sensor------------- 
Baggage weighs: 17.04 kg
baggage is on conveyor belt-------
---------baggage detected by sensor------------- 
Baggage weighs: 19.84 kg
baggage is on conveyor belt-------
---------baggage detected by sensor------------- 
Baggage weighs: 17.34 kg
baggage is on conveyor belt-------
---------baggage detected by sensor------------- 
Baggage weighs: 18.75 kg
baggage is on conveyor belt-------
---------baggage detected by sensor------------- 
Baggage weighs: 19.12 kg
baggage is on conveyor belt-------
---------baggage detected by sensor------------- 
Baggage weighs: 18.29 kg
baggage is on conveyor belt-------
---------baggage detected by sensor------------- 
Baggage weighs: 17.94 kg
baggage is on conveyor belt-------
---------baggage detected by sensor------------- 
Baggage weighs: 19.09 kg
baggage is on conveyor belt-------
---------baggage detected by sensor------------- 
Baggage weighs: 22.39 kg
baggage is on conveyor belt-------
---------baggage detected by sensor------------- 
Baggage weighs: 21.23 kg
baggage is on conveyor belt-------
---------baggage detected by sensor------------- 
Baggage weighs: 17.56 kg
baggage is on conveyor belt-------
---------baggage detected by sensor------------- 
Baggage weighs: 18.37 kg
baggage is on conveyor belt-------
---------baggage detected by sensor------------- 
Baggage weighs: 21.4 kg
baggage is on conveyor belt-------
---------baggage detected by sensor------------- 
Baggage weighs: 20.25 kg
baggage is on conveyor belt-------
---------baggage detected by sensor------------- 
Baggage weighs: 23.0 kg
baggage is on conveyor belt-------
---------baggage detected by sensor------------- 
Baggage weighs: 17.01 kg
baggage is on conveyor belt-------
---------baggage detected by sensor------------- 
Baggage weighs: 17.39 kg
baggage is on conveyor belt-------
---------baggage detected by sensor------------- 
Baggage weighs: 16.7 kg
baggage is on conveyor belt-------
---------baggage detected by sensor------------- 
Baggage weighs: 16.23 kg
baggage is on conveyor belt-------
---------baggage detected by sensor------------- 
Baggage weighs: 19.13 kg
baggage is on conveyor belt-------
---------baggage detected by sensor------------- 
Baggage weighs: 21.07 kg
baggage is on conveyor belt-------
---------baggage detected by sensor------------- 
Baggage weighs: 17.87 kg
baggage is on conveyor belt-------
---------baggage detected by sensor------------- 
Baggage weighs: 19.92 kg
baggage is on conveyor belt-------
---------baggage detected by sensor------------- 
Baggage weighs: 19.22 kg
baggage is on conveyor belt-------
---------baggage detected by sensor------------- 
Baggage weighs: 21.53 kg
baggage is on conveyor belt-------
---------baggage detected by sensor------------- 
Baggage weighs: 20.29 kg
baggage is on conveyor belt-------
---------baggage detected by sensor------------- 
Baggage weighs: 19.32 kg
baggage is on conveyor belt-------
---------baggage detected by sensor------------- 
Baggage weighs: 17.25 kg
baggage is on conveyor belt-------
---------baggage detected by sensor------------- 
Baggage weighs: 21.3 kg
baggage is on conveyor belt-------
---------baggage detected by sensor------------- 
Baggage weighs: 16.79 kg
baggage is on conveyor belt-------
---------baggage detected by sensor------------- 
Baggage weighs: 19.55 kg
baggage is on conveyor belt-------
---------baggage detected by sensor------------- 
Baggage weighs: 18.88 kg
baggage is on conveyor belt-------
---------baggage detected by sensor------------- 
Baggage weighs: 22.33 kg
baggage is on conveyor belt-------
---------baggage detected by sensor------------- 
Baggage weighs: 20.62 kg
baggage is on conveyor belt-------
---------baggage detected by sensor------------- 
Baggage weighs: 19.42 kg
baggage is on conveyor belt-------
---------baggage detected by sensor------------- 
Baggage weighs: 17.54 kg
baggage is on conveyor belt-------
---------baggage detected by sensor------------- 
Baggage weighs: 21.51 kg
baggage is on conveyor belt-------
---------baggage detected by sensor------------- 
Baggage weighs: 19.46 kg
baggage is on conveyor belt-------
---------baggage detected by sensor------------- 
Baggage weighs: 17.83 kg
baggage is on conveyor belt-------
---------baggage detected by sensor------------- 
Baggage weighs: 17.75 kg
baggage is on conveyor belt-------
---------baggage detected by sensor------------- 
Baggage weighs: 17.44 kg
baggage is on conveyor belt-------
---------baggage detected by sensor------------- 
Baggage weighs: 19.53 kg
baggage is on conveyor belt-------
---------baggage detected by sensor------------- 
Baggage weighs: 17.51 kg
baggage is on conveyor belt-------
---------baggage detected by sensor------------- 
Baggage weighs: 18.2 kg
baggage is on conveyor belt-------
---------baggage detected by sensor------------- 
Baggage weighs: 21.55 kg
baggage is on conveyor belt-------
---------baggage detected by sensor------------- 
Baggage weighs: 19.67 kg
baggage is on conveyor belt-------
---------baggage detected by sensor------------- 
Baggage weighs: 19.52 kg
baggage is on conveyor belt-------
---------baggage detected by sensor------------- 
Baggage weighs: 21.06 kg
baggage is on conveyor belt-------
---------baggage detected by sensor------------- 
Baggage weighs: 17.44 kg
baggage is on conveyor belt-------
---------baggage detected by sensor------------- 
Baggage weighs: 19.21 kg
baggage is on conveyor belt-------
---------baggage detected by sensor------------- 
Baggage weighs: 21.65 kg
baggage is on conveyor belt-------
---------baggage detected by sensor------------- 
Baggage weighs: 19.64 kg
baggage is on conveyor belt-------
---------baggage detected by sensor------------- 
Baggage weighs: 21.03 kg
baggage is on conveyor belt-------
---------baggage detected by sensor------------- 
Baggage weighs: 19.76 kg
baggage is on conveyor belt-------
---------baggage detected by sensor------------- 
Baggage weighs: 21.01 kg
baggage is on conveyor belt-------
---------baggage detected by sensor------------- 
Baggage weighs: 19.11 kg
baggage is on conveyor belt-------
---------baggage detected by sensor------------- 
Baggage weighs: 18.54 kg
baggage is on conveyor belt-------
---------baggage detected by sensor------------- 
Baggage weighs: 16.86 kg
baggage is on conveyor belt-------
---------baggage detected by sensor------------- 
Baggage weighs: 16.59 kg
baggage is on conveyor belt-------
---------baggage detected by sensor------------- 
Baggage weighs: 19.26 kg
baggage is on conveyor belt-------
---------baggage detected by sensor------------- 
Baggage weighs: 18.34 kg
baggage is on conveyor belt-------
---------baggage detected by sensor------------- 
Baggage weighs: 19.09 kg
baggage is on conveyor belt-------
---------baggage detected by sensor------------- 
Baggage weighs: 22.38 kg
baggage is on conveyor belt-------
---------baggage detected by sensor------------- 
Baggage weighs: 22.12 kg
baggage is on conveyor belt-------
---------baggage detected by sensor------------- 
Baggage weighs: 16.75 kg
baggage is on conveyor belt-------
---------baggage detected by sensor------------- 
Baggage weighs: 20.36 kg
baggage is on conveyor belt-------
---------baggage detected by sensor------------- 
Baggage weighs: 20.94 kg
baggage is on conveyor belt-------
---------baggage detected by sensor------------- 
Baggage weighs: 19.8 kg
baggage is on conveyor belt-------
---------baggage detected by sensor------------- 
Baggage weighs: 19.12 kg
baggage is on conveyor belt-------
---------baggage detected by sensor------------- 
Baggage weighs: 16.93 kg
baggage is on conveyor belt-------
---------baggage detected by sensor------------- 
Baggage weighs: 20.48 kg
baggage is on conveyor belt-------
---------baggage detected by sensor------------- 
Baggage weighs: 17.63 kg
baggage is on conveyor belt-------
---------baggage detected by sensor------------- 
Baggage weighs: 19.86 kg
baggage is on conveyor belt-------
---------baggage detected by sensor------------- 
Baggage weighs: 19.4 kg
baggage is on conveyor belt-------
---------baggage detected by sensor------------- 
Baggage weighs: 19.0 kg
baggage is on conveyor belt-------
---------baggage detected by sensor------------- 
Baggage weighs: 20.5 kg
baggage is on conveyor belt-------
---------baggage detected by sensor------------- 
Baggage weighs: 21.9 kg
baggage is on conveyor belt-------
---------baggage detected by sensor------------- 
Baggage weighs: 19.82 kg
baggage is on conveyor belt-------
---------baggage detected by sensor------------- 
Baggage weighs: 18.98 kg
baggage is on conveyor belt-------
---------baggage detected by sensor------------- 
Baggage weighs: 19.28 kg
baggage is on conveyor belt-------
---------baggage detected by sensor------------- 
Baggage weighs: 18.06 kg
baggage is on conveyor belt-------
---------baggage detected by sensor------------- 
Baggage weighs: 20.2 kg
baggage is on conveyor belt-------
---------baggage detected by sensor------------- 
Baggage weighs: 19.74 kg
baggage is on conveyor belt-------
---------baggage detected by sensor------------- 
Baggage weighs: 17.44 kg
baggage is on conveyor belt-------
---------baggage detected by sensor------------- 
Baggage weighs: 19.36 kg
baggage is on conveyor belt-------
---------baggage detected by sensor------------- 
Baggage weighs: 20.4 kg
baggage is on conveyor belt-------
---------baggage detected by sensor------------- 
Baggage weighs: 18.92 kg
baggage is on conveyor belt-------
---------baggage detected by sensor------------- 
Baggage weighs: 18.48 kg
baggage is on conveyor belt-------
---------baggage detected by sensor------------- 
Baggage weighs: 17.34 kg
baggage is on conveyor belt-------
---------baggage detected by sensor------------- 
Baggage weighs: 20.57 kg
baggage is on conveyor belt-------
---------baggage detected by sensor------------- 
Baggage weighs: 17.19 kg
baggage is on conveyor belt-------
---------baggage detected by sensor------------- 
Baggage weighs: 18.25 kg
baggage is on conveyor belt-------
---------baggage detected by sensor------------- 
Baggage weighs: 19.29 kg
baggage is on conveyor belt-------
---------baggage detected by sensor------------- 
Baggage weighs: 16.86 kg
baggage is on conveyor belt-------
---------baggage detected by sensor------------- 
Baggage weighs: 19.34 kg
baggage is on conveyor belt-------
---------baggage detected by sensor------------- 
Baggage weighs: 19.32 kg
baggage is on conveyor belt-------
---------baggage detected by sensor------------- 
Baggage weighs: 18.15 kg
baggage is on conveyor belt-------
---------baggage detected by sensor------------- 
Baggage weighs: 18.98 kg
baggage is on conveyor belt-------
---------baggage detected by sensor------------- 
Baggage weighs: 21.84 kg
baggage is on conveyor belt-------
---------baggage detected by sensor------------- 
Baggage weighs: 20.53 kg
baggage is on conveyor belt-------
---------baggage detected by sensor------------- 
Baggage weighs: 20.62 kg
baggage is on conveyor belt-------
---------baggage detected by sensor------------- 
Baggage weighs: 20.7 kg
baggage is on conveyor belt-------
---------baggage detected by sensor------------- 
Baggage weighs: 19.64 kg
baggage is on conveyor belt-------
---------baggage detected by sensor------------- 
Baggage weighs: 16.11 kg
baggage is on conveyor belt-------
---------baggage detected by sensor------------- 
Baggage weighs: 22.24 kg
baggage is on conveyor belt-------
---------baggage detected by sensor------------- 
Baggage weighs: 21.47 kg
baggage is on conveyor belt-------
---------baggage detected by sensor------------- 
Baggage weighs: 20.73 kg
baggage is on conveyor belt-------
---------baggage detected by sensor------------- 
Baggage weighs: 19.51 kg
baggage is on conveyor belt-------
---------baggage detected by sensor------------- 
Baggage weighs: 20.11 kg
baggage is on conveyor belt-------
---------baggage detected by sensor------------- 
Baggage weighs: 20.36 kg
baggage is on conveyor belt-------
---------baggage detected by sensor------------- 
Baggage weighs: 18.84 kg
baggage is on conveyor belt-------
---------baggage detected by sensor------------- 
Baggage weighs: 22.61 kg
baggage is on conveyor belt-------
---------baggage detected by sensor------------- 
Baggage weighs: 20.07 kg
baggage is on conveyor belt-------
---------baggage detected by sensor------------- 
Baggage weighs: 20.28 kg
baggage is on conveyor belt-------
---------baggage detected by sensor------------- 
Baggage weighs: 17.9 kg
baggage is on conveyor belt-------
---------baggage detected by sensor------------- 
Baggage weighs: 18.13 kg
baggage is on conveyor belt-------
---------baggage detected by sensor------------- 
Baggage weighs: 18.32 kg
baggage is on conveyor belt-------
---------baggage detected by sensor------------- 
Baggage weighs: 19.3 kg
baggage is on conveyor belt-------
---------baggage detected by sensor------------- 
Baggage weighs: 21.34 kg
baggage is on conveyor belt-------
---------baggage detected by sensor------------- 
Baggage weighs: 19.74 kg
baggage is on conveyor belt-------
---------baggage detected by sensor------------- 
Baggage weighs: 18.46 kg
baggage is on conveyor belt-------
---------baggage detected by sensor------------- 
Baggage weighs: 19.49 kg
baggage is on conveyor belt-------
---------baggage detected by sensor------------- 
Baggage weighs: 17.97 kg
baggage is on conveyor belt-------
---------baggage detected by sensor------------- 
Baggage weighs: 21.32 kg
baggage is on conveyor belt-------
---------baggage detected by sensor------------- 
Baggage weighs: 16.41 kg
baggage is on conveyor belt-------
---------baggage detected by sensor------------- 
Baggage weighs: 16.36 kg
baggage is on conveyor belt-------
---------baggage detected by sensor------------- 
Baggage weighs: 16.24 kg
baggage is on conveyor belt-------
---------baggage detected by sensor------------- 
Baggage weighs: 16.65 kg
baggage is on conveyor belt-------
---------baggage detected by sensor------------- 
Baggage weighs: 20.17 kg
baggage is on conveyor belt-------
---------baggage detected by sensor------------- 
Baggage weighs: 21.08 kg
baggage is on conveyor belt-------
---------baggage detected by sensor------------- 
Baggage weighs: 18.0 kg
baggage is on conveyor belt-------
---------baggage detected by sensor------------- 
Baggage weighs: 17.49 kg
baggage is on conveyor belt-------
---------baggage detected by sensor------------- 
Baggage weighs: 19.3 kg
baggage is on conveyor belt-------
---------baggage detected by sensor------------- 
Baggage weighs: 18.34 kg
baggage is on conveyor belt-------
---------baggage detected by sensor------------- 
Baggage weighs: 19.57 kg
baggage is on conveyor belt-------
---------baggage detected by sensor------------- 
Baggage weighs: 18.99 kg
baggage is on conveyor belt-------
---------baggage detected by sensor------------- 
Baggage weighs: 20.13 kg
baggage is on conveyor belt-------
---------baggage detected by sensor------------- 
Baggage weighs: 21.59 kg
baggage is on conveyor belt-------
---------baggage detected by sensor------------- 
Baggage weighs: 17.75 kg
baggage is on conveyor belt-------
---------baggage detected by sensor------------- 
Baggage weighs: 18.88 kg
baggage is on conveyor belt-------
---------baggage detected by sensor------------- 
Baggage weighs: 17.64 kg
baggage is on conveyor belt-------
---------baggage detected by sensor------------- 
Baggage weighs: 17.28 kg
baggage is on conveyor belt-------
---------baggage detected by sensor------------- 
Baggage weighs: 19.89 kg
baggage is on conveyor belt-------
---------baggage detected by sensor------------- 
Baggage weighs: 16.14 kg
baggage is on conveyor belt-------
---------baggage detected by sensor------------- 
Baggage weighs: 19.6 kg
baggage is on conveyor belt-------
---------baggage detected by sensor------------- 
Baggage weighs: 19.1 kg
baggage is on conveyor belt-------
---------baggage detected by sensor------------- 
Baggage weighs: 16.76 kg
baggage is on conveyor belt-------
---------baggage detected by sensor------------- 
Baggage weighs: 22.78 kg
baggage is on conveyor belt-------
---------baggage detected by sensor------------- 
Baggage weighs: 16.41 kg
baggage is on conveyor belt-------
---------baggage detected by sensor------------- 
Baggage weighs: 19.48 kg
baggage is on conveyor belt-------
---------baggage detected by sensor------------- 
Baggage weighs: 19.0 kg
baggage is on conveyor belt-------
---------baggage detected by sensor------------- 
Baggage weighs: 21.58 kg
baggage is on conveyor belt-------
---------baggage detected by sensor------------- 
Baggage weighs: 21.07 kg
baggage is on conveyor belt-------
---------baggage detected by sensor------------- 
Baggage weighs: 16.28 kg
baggage is on conveyor belt-------
---------baggage detected by sensor------------- 
Baggage weighs: 20.22 kg
baggage is on conveyor belt-------
---------baggage detected by sensor------------- 
Baggage weighs: 17.58 kg
baggage is on conveyor belt-------
---------baggage detected by sensor------------- 
Baggage weighs: 17.69 kg
baggage is on conveyor belt-------
---------baggage detected by sensor------------- 
Baggage weighs: 19.1 kg
baggage is on conveyor belt-------
---------baggage detected by sensor------------- 
Baggage weighs: 18.5 kg
baggage is on conveyor belt-------
---------baggage detected by sensor------------- 
Baggage weighs: 19.06 kg
baggage is on conveyor belt-------
---------baggage detected by sensor------------- 
Baggage weighs: 21.45 kg
baggage is on conveyor belt-------
---------baggage detected by sensor------------- 
Baggage weighs: 19.0 kg
baggage is on conveyor belt-------
---------baggage detected by sensor------------- 
Baggage weighs: 20.87 kg
baggage is on conveyor belt-------
---------baggage detected by sensor------------- 
Baggage weighs: 22.55 kg
baggage is on conveyor belt-------
---------baggage detected by sensor------------- 
Baggage weighs: 21.43 kg
baggage is on conveyor belt-------
---------baggage detected by sensor------------- 
Baggage weighs: 16.99 kg
baggage is on conveyor belt-------
---------baggage detected by sensor------------- 
Baggage weighs: 16.52 kg
baggage is on conveyor belt-------
---------baggage detected by sensor------------- 
Baggage weighs: 20.55 kg
baggage is on conveyor belt-------
---------baggage detected by sensor------------- 
Baggage weighs: 21.64 kg
baggage is on conveyor belt-------
---------baggage detected by sensor------------- 
Baggage weighs: 18.94 kg
baggage is on conveyor belt-------
---------baggage detected by sensor------------- 
Baggage weighs: 20.28 kg
baggage is on conveyor belt-------
---------baggage detected by sensor------------- 
Baggage weighs: 18.3 kg
baggage is on conveyor belt-------
---------baggage detected by sensor------------- 
Baggage weighs: 20.49 kg
baggage is on conveyor belt-------
---------baggage detected by sensor------------- 
Baggage weighs: 17.77 kg
baggage is on conveyor belt-------
---------baggage detected by sensor------------- 
Baggage weighs: 21.55 kg
baggage is on conveyor belt-------
---------baggage detected by sensor------------- 
Baggage weighs: 19.94 kg
baggage is on conveyor belt-------
---------baggage detected by sensor------------- 
Baggage weighs: 19.71 kg
baggage is on conveyor belt-------
---------baggage detected by sensor------------- 
Baggage weighs: 16.27 kg
baggage is on conveyor belt-------
---------baggage detected by sensor------------- 
Baggage weighs: 17.63 kg
baggage is on conveyor belt-------
---------baggage detected by sensor------------- 
Baggage weighs: 20.96 kg
baggage is on conveyor belt-------
---------baggage detected by sensor------------- 
Baggage weighs: 17.56 kg
baggage is on conveyor belt-------
---------baggage detected by sensor------------- 
Baggage weighs: 17.97 kg
baggage is on conveyor belt-------
---------baggage detected by sensor------------- 
Baggage weighs: 22.08 kg
baggage is on conveyor belt-------
---------baggage detected by sensor------------- 
Baggage weighs: 19.67 kg
baggage is on conveyor belt-------
---------baggage detected by sensor------------- 
Baggage weighs: 19.44 kg
baggage is on conveyor belt-------
---------baggage detected by sensor------------- 
Baggage weighs: 21.03 kg
baggage is on conveyor belt-------
---------baggage detected by sensor------------- 
Baggage weighs: 18.57 kg
baggage is on conveyor belt-------
---------baggage detected by sensor------------- 
Baggage weighs: 17.28 kg
baggage is on conveyor belt-------
---------baggage detected by sensor------------- 
Baggage weighs: 21.53 kg
Seat with ID: 42E has been reserved for you!

BOARDING PASS FOR CHAS MCCLAIN
-----------------------------------------------------------------------------
LUFTHANSA                      35epex3ay8audgf /  Chas Mcclain
Chas Mcclain                                     /  35epex3ay8audgf
FRA   LH2121   E  30.Oct                       /  FRA
HKG                                            /  HKG
SEAT ID: 42E                                   /  LH2121 E 30.Oct
SEQ: 244                                      / GATE: A05   22:00
MAX 1  HANDLUGGAGE/ LUGGAGE
-----------------------------------------------------------------------------
sorry Chas Mcclain we have no voucher for you! Have a nice day!

---------------------------------------------------------------------------------------------------------------
scanning passport with passport id: WBAFB7DFO
searching for ticket in fast bag drop database..............
Ticket found for Dona Avery and Flight LH2121
----searching flight seat for Dona Avery---------
Found a seat with ID 42G
Below details were found in database
------------------------------------------
Name: Dona Avery
Flight ID: LH2121
Source: FRA
Destination: HKG
Gate No: A05
Boarding time: 22:00
Ticket ID: qucdw4vep0blbcl
Booking Class: E
------------------------------------------

Proceed with check-in for flight LH2121 ?
Type YES to CHECK-IN or NO to cancel CHECK-IN
Dona Avery is deciding whether to check-in or to go back home and sleep............
YES CHECK-IN
Checking you in...............
baggage is on conveyor belt-------
---------baggage detected by sensor------------- 
Baggage weighs: 21.58 kg
baggage is on conveyor belt-------
---------baggage detected by sensor------------- 
Baggage weighs: 20.43 kg
baggage is on conveyor belt-------
---------baggage detected by sensor------------- 
Baggage weighs: 18.47 kg
baggage is on conveyor belt-------
---------baggage detected by sensor------------- 
Baggage weighs: 17.86 kg
baggage is on conveyor belt-------
---------baggage detected by sensor------------- 
Baggage weighs: 18.65 kg
baggage is on conveyor belt-------
---------baggage detected by sensor------------- 
Baggage weighs: 19.27 kg
baggage is on conveyor belt-------
---------baggage detected by sensor------------- 
Baggage weighs: 17.42 kg
baggage is on conveyor belt-------
---------baggage detected by sensor------------- 
Baggage weighs: 19.16 kg
baggage is on conveyor belt-------
---------baggage detected by sensor------------- 
Baggage weighs: 19.52 kg
baggage is on conveyor belt-------
---------baggage detected by sensor------------- 
Baggage weighs: 17.51 kg
baggage is on conveyor belt-------
---------baggage detected by sensor------------- 
Baggage weighs: 17.38 kg
baggage is on conveyor belt-------
---------baggage detected by sensor------------- 
Baggage weighs: 18.67 kg
baggage is on conveyor belt-------
---------baggage detected by sensor------------- 
Baggage weighs: 16.98 kg
baggage is on conveyor belt-------
---------baggage detected by sensor------------- 
Baggage weighs: 21.26 kg
baggage is on conveyor belt-------
---------baggage detected by sensor------------- 
Baggage weighs: 18.3 kg
baggage is on conveyor belt-------
---------baggage detected by sensor------------- 
Baggage weighs: 16.81 kg
baggage is on conveyor belt-------
---------baggage detected by sensor------------- 
Baggage weighs: 20.91 kg
baggage is on conveyor belt-------
---------baggage detected by sensor------------- 
Baggage weighs: 21.21 kg
baggage is on conveyor belt-------
---------baggage detected by sensor------------- 
Baggage weighs: 19.69 kg
baggage is on conveyor belt-------
---------baggage detected by sensor------------- 
Baggage weighs: 18.67 kg
baggage is on conveyor belt-------
---------baggage detected by sensor------------- 
Baggage weighs: 19.12 kg
baggage is on conveyor belt-------
---------baggage detected by sensor------------- 
Baggage weighs: 16.42 kg
baggage is on conveyor belt-------
---------baggage detected by sensor------------- 
Baggage weighs: 19.17 kg
baggage is on conveyor belt-------
---------baggage detected by sensor------------- 
Baggage weighs: 19.0 kg
baggage is on conveyor belt-------
---------baggage detected by sensor------------- 
Baggage weighs: 18.78 kg
baggage is on conveyor belt-------
---------baggage detected by sensor------------- 
Baggage weighs: 20.31 kg
baggage is on conveyor belt-------
---------baggage detected by sensor------------- 
Baggage weighs: 21.25 kg
baggage is on conveyor belt-------
---------baggage detected by sensor------------- 
Baggage weighs: 18.87 kg
baggage is on conveyor belt-------
---------baggage detected by sensor------------- 
Baggage weighs: 16.25 kg
baggage is on conveyor belt-------
---------baggage detected by sensor------------- 
Baggage weighs: 19.94 kg
baggage is on conveyor belt-------
---------baggage detected by sensor------------- 
Baggage weighs: 16.88 kg
baggage is on conveyor belt-------
---------baggage detected by sensor------------- 
Baggage weighs: 18.24 kg
baggage is on conveyor belt-------
---------baggage detected by sensor------------- 
Baggage weighs: 17.16 kg
baggage is on conveyor belt-------
---------baggage detected by sensor------------- 
Baggage weighs: 19.34 kg
baggage is on conveyor belt-------
---------baggage detected by sensor------------- 
Baggage weighs: 22.41 kg
baggage is on conveyor belt-------
---------baggage detected by sensor------------- 
Baggage weighs: 20.47 kg
baggage is on conveyor belt-------
---------baggage detected by sensor------------- 
Baggage weighs: 18.81 kg
baggage is on conveyor belt-------
---------baggage detected by sensor------------- 
Baggage weighs: 18.56 kg
baggage is on conveyor belt-------
---------baggage detected by sensor------------- 
Baggage weighs: 17.77 kg
baggage is on conveyor belt-------
---------baggage detected by sensor------------- 
Baggage weighs: 19.32 kg
baggage is on conveyor belt-------
---------baggage detected by sensor------------- 
Baggage weighs: 19.21 kg
baggage is on conveyor belt-------
---------baggage detected by sensor------------- 
Baggage weighs: 19.13 kg
baggage is on conveyor belt-------
---------baggage detected by sensor------------- 
Baggage weighs: 20.39 kg
baggage is on conveyor belt-------
---------baggage detected by sensor------------- 
Baggage weighs: 21.03 kg
baggage is on conveyor belt-------
---------baggage detected by sensor------------- 
Baggage weighs: 20.05 kg
baggage is on conveyor belt-------
---------baggage detected by sensor------------- 
Baggage weighs: 21.92 kg
baggage is on conveyor belt-------
---------baggage detected by sensor------------- 
Baggage weighs: 19.37 kg
baggage is on conveyor belt-------
---------baggage detected by sensor------------- 
Baggage weighs: 20.35 kg
baggage is on conveyor belt-------
---------baggage detected by sensor------------- 
Baggage weighs: 18.73 kg
baggage is on conveyor belt-------
---------baggage detected by sensor------------- 
Baggage weighs: 20.33 kg
baggage is on conveyor belt-------
---------baggage detected by sensor------------- 
Baggage weighs: 22.01 kg
baggage is on conveyor belt-------
---------baggage detected by sensor------------- 
Baggage weighs: 19.27 kg
baggage is on conveyor belt-------
---------baggage detected by sensor------------- 
Baggage weighs: 21.18 kg
baggage is on conveyor belt-------
---------baggage detected by sensor------------- 
Baggage weighs: 17.16 kg
baggage is on conveyor belt-------
---------baggage detected by sensor------------- 
Baggage weighs: 20.04 kg
baggage is on conveyor belt-------
---------baggage detected by sensor------------- 
Baggage weighs: 20.91 kg
baggage is on conveyor belt-------
---------baggage detected by sensor------------- 
Baggage weighs: 20.3 kg
baggage is on conveyor belt-------
---------baggage detected by sensor------------- 
Baggage weighs: 20.38 kg
baggage is on conveyor belt-------
---------baggage detected by sensor------------- 
Baggage weighs: 16.54 kg
baggage is on conveyor belt-------
---------baggage detected by sensor------------- 
Baggage weighs: 18.87 kg
baggage is on conveyor belt-------
---------baggage detected by sensor------------- 
Baggage weighs: 20.22 kg
baggage is on conveyor belt-------
---------baggage detected by sensor------------- 
Baggage weighs: 20.75 kg
baggage is on conveyor belt-------
---------baggage detected by sensor------------- 
Baggage weighs: 17.4 kg
baggage is on conveyor belt-------
---------baggage detected by sensor------------- 
Baggage weighs: 20.27 kg
baggage is on conveyor belt-------
---------baggage detected by sensor------------- 
Baggage weighs: 17.04 kg
baggage is on conveyor belt-------
---------baggage detected by sensor------------- 
Baggage weighs: 19.84 kg
baggage is on conveyor belt-------
---------baggage detected by sensor------------- 
Baggage weighs: 17.34 kg
baggage is on conveyor belt-------
---------baggage detected by sensor------------- 
Baggage weighs: 18.75 kg
baggage is on conveyor belt-------
---------baggage detected by sensor------------- 
Baggage weighs: 19.12 kg
baggage is on conveyor belt-------
---------baggage detected by sensor------------- 
Baggage weighs: 18.29 kg
baggage is on conveyor belt-------
---------baggage detected by sensor------------- 
Baggage weighs: 17.94 kg
baggage is on conveyor belt-------
---------baggage detected by sensor------------- 
Baggage weighs: 19.09 kg
baggage is on conveyor belt-------
---------baggage detected by sensor------------- 
Baggage weighs: 22.39 kg
baggage is on conveyor belt-------
---------baggage detected by sensor------------- 
Baggage weighs: 21.23 kg
baggage is on conveyor belt-------
---------baggage detected by sensor------------- 
Baggage weighs: 17.56 kg
baggage is on conveyor belt-------
---------baggage detected by sensor------------- 
Baggage weighs: 18.37 kg
baggage is on conveyor belt-------
---------baggage detected by sensor------------- 
Baggage weighs: 21.4 kg
baggage is on conveyor belt-------
---------baggage detected by sensor------------- 
Baggage weighs: 20.25 kg
baggage is on conveyor belt-------
---------baggage detected by sensor------------- 
Baggage weighs: 23.0 kg
baggage is on conveyor belt-------
---------baggage detected by sensor------------- 
Baggage weighs: 17.01 kg
baggage is on conveyor belt-------
---------baggage detected by sensor------------- 
Baggage weighs: 17.39 kg
baggage is on conveyor belt-------
---------baggage detected by sensor------------- 
Baggage weighs: 16.7 kg
baggage is on conveyor belt-------
---------baggage detected by sensor------------- 
Baggage weighs: 16.23 kg
baggage is on conveyor belt-------
---------baggage detected by sensor------------- 
Baggage weighs: 19.13 kg
baggage is on conveyor belt-------
---------baggage detected by sensor------------- 
Baggage weighs: 21.07 kg
baggage is on conveyor belt-------
---------baggage detected by sensor------------- 
Baggage weighs: 17.87 kg
baggage is on conveyor belt-------
---------baggage detected by sensor------------- 
Baggage weighs: 19.92 kg
baggage is on conveyor belt-------
---------baggage detected by sensor------------- 
Baggage weighs: 19.22 kg
baggage is on conveyor belt-------
---------baggage detected by sensor------------- 
Baggage weighs: 21.53 kg
baggage is on conveyor belt-------
---------baggage detected by sensor------------- 
Baggage weighs: 20.29 kg
baggage is on conveyor belt-------
---------baggage detected by sensor------------- 
Baggage weighs: 19.32 kg
baggage is on conveyor belt-------
---------baggage detected by sensor------------- 
Baggage weighs: 17.25 kg
baggage is on conveyor belt-------
---------baggage detected by sensor------------- 
Baggage weighs: 21.3 kg
baggage is on conveyor belt-------
---------baggage detected by sensor------------- 
Baggage weighs: 16.79 kg
baggage is on conveyor belt-------
---------baggage detected by sensor------------- 
Baggage weighs: 19.55 kg
baggage is on conveyor belt-------
---------baggage detected by sensor------------- 
Baggage weighs: 18.88 kg
baggage is on conveyor belt-------
---------baggage detected by sensor------------- 
Baggage weighs: 22.33 kg
baggage is on conveyor belt-------
---------baggage detected by sensor------------- 
Baggage weighs: 20.62 kg
baggage is on conveyor belt-------
---------baggage detected by sensor------------- 
Baggage weighs: 19.42 kg
baggage is on conveyor belt-------
---------baggage detected by sensor------------- 
Baggage weighs: 17.54 kg
baggage is on conveyor belt-------
---------baggage detected by sensor------------- 
Baggage weighs: 21.51 kg
baggage is on conveyor belt-------
---------baggage detected by sensor------------- 
Baggage weighs: 19.46 kg
baggage is on conveyor belt-------
---------baggage detected by sensor------------- 
Baggage weighs: 17.83 kg
baggage is on conveyor belt-------
---------baggage detected by sensor------------- 
Baggage weighs: 17.75 kg
baggage is on conveyor belt-------
---------baggage detected by sensor------------- 
Baggage weighs: 17.44 kg
baggage is on conveyor belt-------
---------baggage detected by sensor------------- 
Baggage weighs: 19.53 kg
baggage is on conveyor belt-------
---------baggage detected by sensor------------- 
Baggage weighs: 17.51 kg
baggage is on conveyor belt-------
---------baggage detected by sensor------------- 
Baggage weighs: 18.2 kg
baggage is on conveyor belt-------
---------baggage detected by sensor------------- 
Baggage weighs: 21.55 kg
baggage is on conveyor belt-------
---------baggage detected by sensor------------- 
Baggage weighs: 19.67 kg
baggage is on conveyor belt-------
---------baggage detected by sensor------------- 
Baggage weighs: 19.52 kg
baggage is on conveyor belt-------
---------baggage detected by sensor------------- 
Baggage weighs: 21.06 kg
baggage is on conveyor belt-------
---------baggage detected by sensor------------- 
Baggage weighs: 17.44 kg
baggage is on conveyor belt-------
---------baggage detected by sensor------------- 
Baggage weighs: 19.21 kg
baggage is on conveyor belt-------
---------baggage detected by sensor------------- 
Baggage weighs: 21.65 kg
baggage is on conveyor belt-------
---------baggage detected by sensor------------- 
Baggage weighs: 19.64 kg
baggage is on conveyor belt-------
---------baggage detected by sensor------------- 
Baggage weighs: 21.03 kg
baggage is on conveyor belt-------
---------baggage detected by sensor------------- 
Baggage weighs: 19.76 kg
baggage is on conveyor belt-------
---------baggage detected by sensor------------- 
Baggage weighs: 21.01 kg
baggage is on conveyor belt-------
---------baggage detected by sensor------------- 
Baggage weighs: 19.11 kg
baggage is on conveyor belt-------
---------baggage detected by sensor------------- 
Baggage weighs: 18.54 kg
baggage is on conveyor belt-------
---------baggage detected by sensor------------- 
Baggage weighs: 16.86 kg
baggage is on conveyor belt-------
---------baggage detected by sensor------------- 
Baggage weighs: 16.59 kg
baggage is on conveyor belt-------
---------baggage detected by sensor------------- 
Baggage weighs: 19.26 kg
baggage is on conveyor belt-------
---------baggage detected by sensor------------- 
Baggage weighs: 18.34 kg
baggage is on conveyor belt-------
---------baggage detected by sensor------------- 
Baggage weighs: 19.09 kg
baggage is on conveyor belt-------
---------baggage detected by sensor------------- 
Baggage weighs: 22.38 kg
baggage is on conveyor belt-------
---------baggage detected by sensor------------- 
Baggage weighs: 22.12 kg
baggage is on conveyor belt-------
---------baggage detected by sensor------------- 
Baggage weighs: 16.75 kg
baggage is on conveyor belt-------
---------baggage detected by sensor------------- 
Baggage weighs: 20.36 kg
baggage is on conveyor belt-------
---------baggage detected by sensor------------- 
Baggage weighs: 20.94 kg
baggage is on conveyor belt-------
---------baggage detected by sensor------------- 
Baggage weighs: 19.8 kg
baggage is on conveyor belt-------
---------baggage detected by sensor------------- 
Baggage weighs: 19.12 kg
baggage is on conveyor belt-------
---------baggage detected by sensor------------- 
Baggage weighs: 16.93 kg
baggage is on conveyor belt-------
---------baggage detected by sensor------------- 
Baggage weighs: 20.48 kg
baggage is on conveyor belt-------
---------baggage detected by sensor------------- 
Baggage weighs: 17.63 kg
baggage is on conveyor belt-------
---------baggage detected by sensor------------- 
Baggage weighs: 19.86 kg
baggage is on conveyor belt-------
---------baggage detected by sensor------------- 
Baggage weighs: 19.4 kg
baggage is on conveyor belt-------
---------baggage detected by sensor------------- 
Baggage weighs: 19.0 kg
baggage is on conveyor belt-------
---------baggage detected by sensor------------- 
Baggage weighs: 20.5 kg
baggage is on conveyor belt-------
---------baggage detected by sensor------------- 
Baggage weighs: 21.9 kg
baggage is on conveyor belt-------
---------baggage detected by sensor------------- 
Baggage weighs: 19.82 kg
baggage is on conveyor belt-------
---------baggage detected by sensor------------- 
Baggage weighs: 18.98 kg
baggage is on conveyor belt-------
---------baggage detected by sensor------------- 
Baggage weighs: 19.28 kg
baggage is on conveyor belt-------
---------baggage detected by sensor------------- 
Baggage weighs: 18.06 kg
baggage is on conveyor belt-------
---------baggage detected by sensor------------- 
Baggage weighs: 20.2 kg
baggage is on conveyor belt-------
---------baggage detected by sensor------------- 
Baggage weighs: 19.74 kg
baggage is on conveyor belt-------
---------baggage detected by sensor------------- 
Baggage weighs: 17.44 kg
baggage is on conveyor belt-------
---------baggage detected by sensor------------- 
Baggage weighs: 19.36 kg
baggage is on conveyor belt-------
---------baggage detected by sensor------------- 
Baggage weighs: 20.4 kg
baggage is on conveyor belt-------
---------baggage detected by sensor------------- 
Baggage weighs: 18.92 kg
baggage is on conveyor belt-------
---------baggage detected by sensor------------- 
Baggage weighs: 18.48 kg
baggage is on conveyor belt-------
---------baggage detected by sensor------------- 
Baggage weighs: 17.34 kg
baggage is on conveyor belt-------
---------baggage detected by sensor------------- 
Baggage weighs: 20.57 kg
baggage is on conveyor belt-------
---------baggage detected by sensor------------- 
Baggage weighs: 17.19 kg
baggage is on conveyor belt-------
---------baggage detected by sensor------------- 
Baggage weighs: 18.25 kg
baggage is on conveyor belt-------
---------baggage detected by sensor------------- 
Baggage weighs: 19.29 kg
baggage is on conveyor belt-------
---------baggage detected by sensor------------- 
Baggage weighs: 16.86 kg
baggage is on conveyor belt-------
---------baggage detected by sensor------------- 
Baggage weighs: 19.34 kg
baggage is on conveyor belt-------
---------baggage detected by sensor------------- 
Baggage weighs: 19.32 kg
baggage is on conveyor belt-------
---------baggage detected by sensor------------- 
Baggage weighs: 18.15 kg
baggage is on conveyor belt-------
---------baggage detected by sensor------------- 
Baggage weighs: 18.98 kg
baggage is on conveyor belt-------
---------baggage detected by sensor------------- 
Baggage weighs: 21.84 kg
baggage is on conveyor belt-------
---------baggage detected by sensor------------- 
Baggage weighs: 20.53 kg
baggage is on conveyor belt-------
---------baggage detected by sensor------------- 
Baggage weighs: 20.62 kg
baggage is on conveyor belt-------
---------baggage detected by sensor------------- 
Baggage weighs: 20.7 kg
baggage is on conveyor belt-------
---------baggage detected by sensor------------- 
Baggage weighs: 19.64 kg
baggage is on conveyor belt-------
---------baggage detected by sensor------------- 
Baggage weighs: 16.11 kg
baggage is on conveyor belt-------
---------baggage detected by sensor------------- 
Baggage weighs: 22.24 kg
baggage is on conveyor belt-------
---------baggage detected by sensor------------- 
Baggage weighs: 21.47 kg
baggage is on conveyor belt-------
---------baggage detected by sensor------------- 
Baggage weighs: 20.73 kg
baggage is on conveyor belt-------
---------baggage detected by sensor------------- 
Baggage weighs: 19.51 kg
baggage is on conveyor belt-------
---------baggage detected by sensor------------- 
Baggage weighs: 20.11 kg
baggage is on conveyor belt-------
---------baggage detected by sensor------------- 
Baggage weighs: 20.36 kg
baggage is on conveyor belt-------
---------baggage detected by sensor------------- 
Baggage weighs: 18.84 kg
baggage is on conveyor belt-------
---------baggage detected by sensor------------- 
Baggage weighs: 22.61 kg
baggage is on conveyor belt-------
---------baggage detected by sensor------------- 
Baggage weighs: 20.07 kg
baggage is on conveyor belt-------
---------baggage detected by sensor------------- 
Baggage weighs: 20.28 kg
baggage is on conveyor belt-------
---------baggage detected by sensor------------- 
Baggage weighs: 17.9 kg
baggage is on conveyor belt-------
---------baggage detected by sensor------------- 
Baggage weighs: 18.13 kg
baggage is on conveyor belt-------
---------baggage detected by sensor------------- 
Baggage weighs: 18.32 kg
baggage is on conveyor belt-------
---------baggage detected by sensor------------- 
Baggage weighs: 19.3 kg
baggage is on conveyor belt-------
---------baggage detected by sensor------------- 
Baggage weighs: 21.34 kg
baggage is on conveyor belt-------
---------baggage detected by sensor------------- 
Baggage weighs: 19.74 kg
baggage is on conveyor belt-------
---------baggage detected by sensor------------- 
Baggage weighs: 18.46 kg
baggage is on conveyor belt-------
---------baggage detected by sensor------------- 
Baggage weighs: 19.49 kg
baggage is on conveyor belt-------
---------baggage detected by sensor------------- 
Baggage weighs: 17.97 kg
baggage is on conveyor belt-------
---------baggage detected by sensor------------- 
Baggage weighs: 21.32 kg
baggage is on conveyor belt-------
---------baggage detected by sensor------------- 
Baggage weighs: 16.41 kg
baggage is on conveyor belt-------
---------baggage detected by sensor------------- 
Baggage weighs: 16.36 kg
baggage is on conveyor belt-------
---------baggage detected by sensor------------- 
Baggage weighs: 16.24 kg
baggage is on conveyor belt-------
---------baggage detected by sensor------------- 
Baggage weighs: 16.65 kg
baggage is on conveyor belt-------
---------baggage detected by sensor------------- 
Baggage weighs: 20.17 kg
baggage is on conveyor belt-------
---------baggage detected by sensor------------- 
Baggage weighs: 21.08 kg
baggage is on conveyor belt-------
---------baggage detected by sensor------------- 
Baggage weighs: 18.0 kg
baggage is on conveyor belt-------
---------baggage detected by sensor------------- 
Baggage weighs: 17.49 kg
baggage is on conveyor belt-------
---------baggage detected by sensor------------- 
Baggage weighs: 19.3 kg
baggage is on conveyor belt-------
---------baggage detected by sensor------------- 
Baggage weighs: 18.34 kg
baggage is on conveyor belt-------
---------baggage detected by sensor------------- 
Baggage weighs: 19.57 kg
baggage is on conveyor belt-------
---------baggage detected by sensor------------- 
Baggage weighs: 18.99 kg
baggage is on conveyor belt-------
---------baggage detected by sensor------------- 
Baggage weighs: 20.13 kg
baggage is on conveyor belt-------
---------baggage detected by sensor------------- 
Baggage weighs: 21.59 kg
baggage is on conveyor belt-------
---------baggage detected by sensor------------- 
Baggage weighs: 17.75 kg
baggage is on conveyor belt-------
---------baggage detected by sensor------------- 
Baggage weighs: 18.88 kg
baggage is on conveyor belt-------
---------baggage detected by sensor------------- 
Baggage weighs: 17.64 kg
baggage is on conveyor belt-------
---------baggage detected by sensor------------- 
Baggage weighs: 17.28 kg
baggage is on conveyor belt-------
---------baggage detected by sensor------------- 
Baggage weighs: 19.89 kg
baggage is on conveyor belt-------
---------baggage detected by sensor------------- 
Baggage weighs: 16.14 kg
baggage is on conveyor belt-------
---------baggage detected by sensor------------- 
Baggage weighs: 19.6 kg
baggage is on conveyor belt-------
---------baggage detected by sensor------------- 
Baggage weighs: 19.1 kg
baggage is on conveyor belt-------
---------baggage detected by sensor------------- 
Baggage weighs: 16.76 kg
baggage is on conveyor belt-------
---------baggage detected by sensor------------- 
Baggage weighs: 22.78 kg
baggage is on conveyor belt-------
---------baggage detected by sensor------------- 
Baggage weighs: 16.41 kg
baggage is on conveyor belt-------
---------baggage detected by sensor------------- 
Baggage weighs: 19.48 kg
baggage is on conveyor belt-------
---------baggage detected by sensor------------- 
Baggage weighs: 19.0 kg
baggage is on conveyor belt-------
---------baggage detected by sensor------------- 
Baggage weighs: 21.58 kg
baggage is on conveyor belt-------
---------baggage detected by sensor------------- 
Baggage weighs: 21.07 kg
baggage is on conveyor belt-------
---------baggage detected by sensor------------- 
Baggage weighs: 16.28 kg
baggage is on conveyor belt-------
---------baggage detected by sensor------------- 
Baggage weighs: 20.22 kg
baggage is on conveyor belt-------
---------baggage detected by sensor------------- 
Baggage weighs: 17.58 kg
baggage is on conveyor belt-------
---------baggage detected by sensor------------- 
Baggage weighs: 17.69 kg
baggage is on conveyor belt-------
---------baggage detected by sensor------------- 
Baggage weighs: 19.1 kg
baggage is on conveyor belt-------
---------baggage detected by sensor------------- 
Baggage weighs: 18.5 kg
baggage is on conveyor belt-------
---------baggage detected by sensor------------- 
Baggage weighs: 19.06 kg
baggage is on conveyor belt-------
---------baggage detected by sensor------------- 
Baggage weighs: 21.45 kg
baggage is on conveyor belt-------
---------baggage detected by sensor------------- 
Baggage weighs: 19.0 kg
baggage is on conveyor belt-------
---------baggage detected by sensor------------- 
Baggage weighs: 20.87 kg
baggage is on conveyor belt-------
---------baggage detected by sensor------------- 
Baggage weighs: 22.55 kg
baggage is on conveyor belt-------
---------baggage detected by sensor------------- 
Baggage weighs: 21.43 kg
baggage is on conveyor belt-------
---------baggage detected by sensor------------- 
Baggage weighs: 16.99 kg
baggage is on conveyor belt-------
---------baggage detected by sensor------------- 
Baggage weighs: 16.52 kg
baggage is on conveyor belt-------
---------baggage detected by sensor------------- 
Baggage weighs: 20.55 kg
baggage is on conveyor belt-------
---------baggage detected by sensor------------- 
Baggage weighs: 21.64 kg
baggage is on conveyor belt-------
---------baggage detected by sensor------------- 
Baggage weighs: 18.94 kg
baggage is on conveyor belt-------
---------baggage detected by sensor------------- 
Baggage weighs: 20.28 kg
baggage is on conveyor belt-------
---------baggage detected by sensor------------- 
Baggage weighs: 18.3 kg
baggage is on conveyor belt-------
---------baggage detected by sensor------------- 
Baggage weighs: 20.49 kg
baggage is on conveyor belt-------
---------baggage detected by sensor------------- 
Baggage weighs: 17.77 kg
baggage is on conveyor belt-------
---------baggage detected by sensor------------- 
Baggage weighs: 21.55 kg
baggage is on conveyor belt-------
---------baggage detected by sensor------------- 
Baggage weighs: 19.94 kg
baggage is on conveyor belt-------
---------baggage detected by sensor------------- 
Baggage weighs: 19.71 kg
baggage is on conveyor belt-------
---------baggage detected by sensor------------- 
Baggage weighs: 16.27 kg
baggage is on conveyor belt-------
---------baggage detected by sensor------------- 
Baggage weighs: 17.63 kg
baggage is on conveyor belt-------
---------baggage detected by sensor------------- 
Baggage weighs: 20.96 kg
baggage is on conveyor belt-------
---------baggage detected by sensor------------- 
Baggage weighs: 17.56 kg
baggage is on conveyor belt-------
---------baggage detected by sensor------------- 
Baggage weighs: 17.97 kg
baggage is on conveyor belt-------
---------baggage detected by sensor------------- 
Baggage weighs: 22.08 kg
baggage is on conveyor belt-------
---------baggage detected by sensor------------- 
Baggage weighs: 19.67 kg
baggage is on conveyor belt-------
---------baggage detected by sensor------------- 
Baggage weighs: 19.44 kg
baggage is on conveyor belt-------
---------baggage detected by sensor------------- 
Baggage weighs: 21.03 kg
baggage is on conveyor belt-------
---------baggage detected by sensor------------- 
Baggage weighs: 18.57 kg
baggage is on conveyor belt-------
---------baggage detected by sensor------------- 
Baggage weighs: 17.28 kg
baggage is on conveyor belt-------
---------baggage detected by sensor------------- 
Baggage weighs: 21.53 kg
baggage is on conveyor belt-------
---------baggage detected by sensor------------- 
Baggage weighs: 19.61 kg
Seat with ID: 42G has been reserved for you!

BOARDING PASS FOR DONA AVERY
-----------------------------------------------------------------------------
LUFTHANSA                      qucdw4vep0blbcl /  Dona Avery
Dona Avery                                     /  qucdw4vep0blbcl
FRA   LH2121   E  30.Oct                       /  FRA
HKG                                            /  HKG
SEAT ID: 42G                                   /  LH2121 E 30.Oct
SEQ: 245                                      / GATE: A05   22:00
MAX 1  HANDLUGGAGE/ LUGGAGE
-----------------------------------------------------------------------------
sorry Dona Avery we have no voucher for you! Have a nice day!
]]></system-out>
  <system-err><![CDATA[]]></system-err>
</testsuite>
