<?xml version="1.0" encoding="UTF-8"?>
<testsuite name="TestApplication" tests="7" skipped="0" failures="0" errors="0" timestamp="2022-10-24T13:24:59" hostname="Vickys-MacBook-Pro.local" time="1.649">
  <properties/>
  <testcase name="testBusinessQueue()" classname="TestApplication" time="0.31"/>
  <testcase name="assureBaggageContent()" classname="TestApplication" time="0.328"/>
  <testcase name="checkIfNoOfContentsMatchNoOfBaggage()" classname="TestApplication" time="0.234"/>
  <testcase name="assureBaggageListNotNull()" classname="TestApplication" time="0.284"/>
  <testcase name="baggageCountIsPerfect()" classname="TestApplication" time="0.267"/>
  <testcase name="importSuccess()" classname="TestApplication" time="0.105"/>
  <testcase name="TestQueueNotEmpty()" classname="TestApplication" time="0.116"/>
  <system-out><![CDATA[Index 5 out of bounds for length 3
Index 5 out of bounds for length 3
Index 5 out of bounds for length 3
Index 5 out of bounds for length 3
Index 5 out of bounds for length 3
Index 5 out of bounds for length 3
Index 5 out of bounds for length 3
]]></system-out>
  <system-err><![CDATA[]]></system-err>
</testsuite>
