<?xml version="1.0" encoding="UTF-8"?>
<testsuite name="TestApplication" tests="1" skipped="0" failures="0" errors="0" timestamp="2022-10-28T18:25:09" hostname="Vickys-MacBook-Pro.local" time="0.199">
  <properties/>
  <testcase name="checkStateOfMachine()" classname="TestApplication" time="0.199"/>
  <system-out><![CDATA[

service agent trying to start up fast baggage drop machine with his id card...........
AUTHENTICATION SUCCESSFUL
-----  machine successfully started
Machine state: ON
]]></system-out>
  <system-err><![CDATA[]]></system-err>
</testsuite>
