<?xml version="1.0" encoding="UTF-8"?>
<testsuite name="TestApplication" tests="1" skipped="0" failures="0" errors="0" timestamp="2022-10-29T01:14:14" hostname="Vickys-MacBook-Pro.local" time="0.267">
  <properties/>
  <testcase name="testCheckInWthExplosives()" classname="TestApplication" time="0.267"/>
  <system-out><![CDATA[
searching for explosives in baggage /////----o---
............/ searching with boyer moore algorithm
arresting : Tim Borsbach
]]></system-out>
  <system-err><![CDATA[]]></system-err>
</testsuite>
