<?xml version="1.0" encoding="UTF-8"?>
<testsuite name="TestApplication" tests="7" skipped="0" failures="0" errors="0" timestamp="2022-10-24T21:04:16" hostname="Vickys-MacBook-Pro.local" time="1.672">
  <properties/>
  <testcase name="testBusinessQueue()" classname="TestApplication" time="0.392"/>
  <testcase name="assureBaggageContent()" classname="TestApplication" time="0.333"/>
  <testcase name="checkIfNoOfContentsMatchNoOfBaggage()" classname="TestApplication" time="0.235"/>
  <testcase name="assureBaggageListNotNull()" classname="TestApplication" time="0.233"/>
  <testcase name="baggageCountIsPerfect()" classname="TestApplication" time="0.246"/>
  <testcase name="importSuccess()" classname="TestApplication" time="0.115"/>
  <testcase name="TestQueueNotEmpty()" classname="TestApplication" time="0.113"/>
  <system-out><![CDATA[






]]></system-out>
  <system-err><![CDATA[]]></system-err>
</testsuite>
